[ 2019-12-15 10:47:33,663][cascade_classifier.fit_transform] X_groups_train.shape=[(774, 1, 358, 1)],y_train.shape=(774,),X_groups_test.shape=[(87, 1, 358, 1)],y_test.shape=(87,)
[ 2019-12-15 10:47:33,664][cascade_classifier.fit_transform] group_dims=[358]
[ 2019-12-15 10:47:33,664][cascade_classifier.fit_transform] group_starts=[0]
[ 2019-12-15 10:47:33,664][cascade_classifier.fit_transform] group_ends=[358]
[ 2019-12-15 10:47:33,664][cascade_classifier.fit_transform] X_train.shape=(774, 358),X_test.shape=(87, 358)
[ 2019-12-15 10:47:33,666][cascade_classifier.fit_transform] [layer=0] look_indexs=[0], X_cur_train.shape=(774, 358), X_cur_test.shape=(87, 358)
[ 2019-12-15 10:47:34,669][kfold_wrapper.log_eval_metrics] Accuracy(layer_0 - estimator_0 - 5_folds.train_0.predict)=81.41%
[ 2019-12-15 10:47:35,964][kfold_wrapper.log_eval_metrics] Accuracy(layer_0 - estimator_0 - 5_folds.train_1.predict)=83.23%
[ 2019-12-15 10:47:37,273][kfold_wrapper.log_eval_metrics] Accuracy(layer_0 - estimator_0 - 5_folds.train_2.predict)=81.29%
[ 2019-12-15 10:47:38,380][kfold_wrapper.log_eval_metrics] Accuracy(layer_0 - estimator_0 - 5_folds.train_3.predict)=82.47%
[ 2019-12-15 10:47:39,360][kfold_wrapper.log_eval_metrics] Accuracy(layer_0 - estimator_0 - 5_folds.train_4.predict)=83.77%
[ 2019-12-15 10:47:39,465][kfold_wrapper.log_eval_metrics] Accuracy(layer_0 - estimator_0 - 5_folds.train_cv.predict)=82.43%
[ 2019-12-15 10:47:39,465][kfold_wrapper.log_eval_metrics] Accuracy(layer_0 - estimator_0 - 5_folds.test.predict)=78.16%
[ 2019-12-15 10:47:40,435][kfold_wrapper.log_eval_metrics] Accuracy(layer_0 - estimator_1 - 5_folds.train_0.predict)=82.69%
[ 2019-12-15 10:47:41,609][kfold_wrapper.log_eval_metrics] Accuracy(layer_0 - estimator_1 - 5_folds.train_1.predict)=81.29%
[ 2019-12-15 10:47:42,776][kfold_wrapper.log_eval_metrics] Accuracy(layer_0 - estimator_1 - 5_folds.train_2.predict)=78.71%
[ 2019-12-15 10:47:43,843][kfold_wrapper.log_eval_metrics] Accuracy(layer_0 - estimator_1 - 5_folds.train_3.predict)=83.77%
[ 2019-12-15 10:47:44,906][kfold_wrapper.log_eval_metrics] Accuracy(layer_0 - estimator_1 - 5_folds.train_4.predict)=81.82%
[ 2019-12-15 10:47:45,116][kfold_wrapper.log_eval_metrics] Accuracy(layer_0 - estimator_1 - 5_folds.train_cv.predict)=81.65%
[ 2019-12-15 10:47:45,116][kfold_wrapper.log_eval_metrics] Accuracy(layer_0 - estimator_1 - 5_folds.test.predict)=78.16%
[ 2019-12-15 10:47:45,397][kfold_wrapper.log_eval_metrics] Accuracy(layer_0 - estimator_2 - 5_folds.train_0.predict)=83.97%
[ 2019-12-15 10:47:45,667][kfold_wrapper.log_eval_metrics] Accuracy(layer_0 - estimator_2 - 5_folds.train_1.predict)=82.58%
[ 2019-12-15 10:47:45,949][kfold_wrapper.log_eval_metrics] Accuracy(layer_0 - estimator_2 - 5_folds.train_2.predict)=81.29%
[ 2019-12-15 10:47:46,243][kfold_wrapper.log_eval_metrics] Accuracy(layer_0 - estimator_2 - 5_folds.train_3.predict)=85.71%
[ 2019-12-15 10:47:46,526][kfold_wrapper.log_eval_metrics] Accuracy(layer_0 - estimator_2 - 5_folds.train_4.predict)=83.12%
[ 2019-12-15 10:47:46,527][kfold_wrapper.log_eval_metrics] Accuracy(layer_0 - estimator_2 - 5_folds.train_cv.predict)=83.33%
[ 2019-12-15 10:47:46,528][kfold_wrapper.log_eval_metrics] Accuracy(layer_0 - estimator_2 - 5_folds.test.predict)=78.16%
[ 2019-12-15 10:47:46,528][cascade_classifier.calc_accuracy] Accuracy(layer_0 - train.classifier_average)=83.98%
[ 2019-12-15 10:47:46,528][cascade_classifier.calc_accuracy] Accuracy(layer_0 - test.classifier_average)=78.16%
[ 2019-12-15 10:47:46,530][cascade_classifier.fit_transform] [layer=1] look_indexs=[0], X_cur_train.shape=(774, 364), X_cur_test.shape=(87, 364)
[ 2019-12-15 10:47:47,430][kfold_wrapper.log_eval_metrics] Accuracy(layer_1 - estimator_0 - 5_folds.train_0.predict)=87.18%
[ 2019-12-15 10:47:48,419][kfold_wrapper.log_eval_metrics] Accuracy(layer_1 - estimator_0 - 5_folds.train_1.predict)=81.94%
[ 2019-12-15 10:47:49,715][kfold_wrapper.log_eval_metrics] Accuracy(layer_1 - estimator_0 - 5_folds.train_2.predict)=83.87%
[ 2019-12-15 10:47:50,912][kfold_wrapper.log_eval_metrics] Accuracy(layer_1 - estimator_0 - 5_folds.train_3.predict)=77.27%
[ 2019-12-15 10:47:52,216][kfold_wrapper.log_eval_metrics] Accuracy(layer_1 - estimator_0 - 5_folds.train_4.predict)=80.52%
[ 2019-12-15 10:47:52,424][kfold_wrapper.log_eval_metrics] Accuracy(layer_1 - estimator_0 - 5_folds.train_cv.predict)=82.17%
[ 2019-12-15 10:47:52,424][kfold_wrapper.log_eval_metrics] Accuracy(layer_1 - estimator_0 - 5_folds.test.predict)=79.31%
[ 2019-12-15 10:47:53,383][kfold_wrapper.log_eval_metrics] Accuracy(layer_1 - estimator_1 - 5_folds.train_0.predict)=82.69%
[ 2019-12-15 10:47:54,557][kfold_wrapper.log_eval_metrics] Accuracy(layer_1 - estimator_1 - 5_folds.train_1.predict)=80.65%
[ 2019-12-15 10:47:55,719][kfold_wrapper.log_eval_metrics] Accuracy(layer_1 - estimator_1 - 5_folds.train_2.predict)=83.23%
[ 2019-12-15 10:47:56,783][kfold_wrapper.log_eval_metrics] Accuracy(layer_1 - estimator_1 - 5_folds.train_3.predict)=83.77%
[ 2019-12-15 10:47:57,766][kfold_wrapper.log_eval_metrics] Accuracy(layer_1 - estimator_1 - 5_folds.train_4.predict)=85.06%
[ 2019-12-15 10:47:57,870][kfold_wrapper.log_eval_metrics] Accuracy(layer_1 - estimator_1 - 5_folds.train_cv.predict)=83.07%
[ 2019-12-15 10:47:57,870][kfold_wrapper.log_eval_metrics] Accuracy(layer_1 - estimator_1 - 5_folds.test.predict)=78.16%
[ 2019-12-15 10:47:58,157][kfold_wrapper.log_eval_metrics] Accuracy(layer_1 - estimator_2 - 5_folds.train_0.predict)=76.28%
[ 2019-12-15 10:47:58,456][kfold_wrapper.log_eval_metrics] Accuracy(layer_1 - estimator_2 - 5_folds.train_1.predict)=85.81%
[ 2019-12-15 10:47:58,736][kfold_wrapper.log_eval_metrics] Accuracy(layer_1 - estimator_2 - 5_folds.train_2.predict)=78.71%
[ 2019-12-15 10:47:59,036][kfold_wrapper.log_eval_metrics] Accuracy(layer_1 - estimator_2 - 5_folds.train_3.predict)=85.06%
[ 2019-12-15 10:47:59,321][kfold_wrapper.log_eval_metrics] Accuracy(layer_1 - estimator_2 - 5_folds.train_4.predict)=81.82%
[ 2019-12-15 10:47:59,323][kfold_wrapper.log_eval_metrics] Accuracy(layer_1 - estimator_2 - 5_folds.train_cv.predict)=81.52%
[ 2019-12-15 10:47:59,323][kfold_wrapper.log_eval_metrics] Accuracy(layer_1 - estimator_2 - 5_folds.test.predict)=78.16%
[ 2019-12-15 10:47:59,323][cascade_classifier.calc_accuracy] Accuracy(layer_1 - train.classifier_average)=82.30%
[ 2019-12-15 10:47:59,324][cascade_classifier.calc_accuracy] Accuracy(layer_1 - test.classifier_average)=78.16%
[ 2019-12-15 10:47:59,325][cascade_classifier.fit_transform] [layer=2] look_indexs=[0], X_cur_train.shape=(774, 364), X_cur_test.shape=(87, 364)
[ 2019-12-15 10:48:00,419][kfold_wrapper.log_eval_metrics] Accuracy(layer_2 - estimator_0 - 5_folds.train_0.predict)=82.69%
[ 2019-12-15 10:48:01,629][kfold_wrapper.log_eval_metrics] Accuracy(layer_2 - estimator_0 - 5_folds.train_1.predict)=81.94%
[ 2019-12-15 10:48:02,817][kfold_wrapper.log_eval_metrics] Accuracy(layer_2 - estimator_0 - 5_folds.train_2.predict)=86.45%
[ 2019-12-15 10:48:04,104][kfold_wrapper.log_eval_metrics] Accuracy(layer_2 - estimator_0 - 5_folds.train_3.predict)=81.17%
[ 2019-12-15 10:48:05,401][kfold_wrapper.log_eval_metrics] Accuracy(layer_2 - estimator_0 - 5_folds.train_4.predict)=77.92%
[ 2019-12-15 10:48:05,610][kfold_wrapper.log_eval_metrics] Accuracy(layer_2 - estimator_0 - 5_folds.train_cv.predict)=82.04%
[ 2019-12-15 10:48:05,610][kfold_wrapper.log_eval_metrics] Accuracy(layer_2 - estimator_0 - 5_folds.test.predict)=78.16%
[ 2019-12-15 10:48:06,575][kfold_wrapper.log_eval_metrics] Accuracy(layer_2 - estimator_1 - 5_folds.train_0.predict)=81.41%
