[ 2019-12-23 16:39:28,261][cascade_classifier.fit_transform] X_groups_train.shape=[(774, 358)],y_train.shape=(774,),X_groups_test.shape=[(87, 358)],y_test.shape=(87,)
[ 2019-12-23 16:39:28,262][cascade_classifier.fit_transform] group_dims=[358]
[ 2019-12-23 16:39:28,262][cascade_classifier.fit_transform] group_starts=[0]
[ 2019-12-23 16:39:28,262][cascade_classifier.fit_transform] group_ends=[358]
[ 2019-12-23 16:39:28,262][cascade_classifier.fit_transform] X_train.shape=(774, 358),X_test.shape=(87, 358)
[ 2019-12-23 16:39:28,263][cascade_classifier.fit_transform] [layer=0] look_indexs=[0], X_cur_train.shape=(774, 358), X_cur_test.shape=(87, 358)
[ 2019-12-23 16:39:30,294][kfold_wrapper.log_eval_metrics] Accuracy(layer_0 - estimator_0 - 2_folds.train_0.predict)=80.93%
[ 2019-12-23 16:39:32,617][kfold_wrapper.log_eval_metrics] Accuracy(layer_0 - estimator_0 - 2_folds.train_1.predict)=80.31%
[ 2019-12-23 16:39:32,935][kfold_wrapper.log_eval_metrics] Accuracy(layer_0 - estimator_0 - 2_folds.train_cv.predict)=80.62%
[ 2019-12-23 16:39:32,935][kfold_wrapper.log_eval_metrics] Accuracy(layer_0 - estimator_0 - 2_folds.test.predict)=83.91%
[ 2019-12-23 16:39:35,102][kfold_wrapper.log_eval_metrics] Accuracy(layer_0 - estimator_1 - 2_folds.train_0.predict)=81.19%
[ 2019-12-23 16:39:37,601][kfold_wrapper.log_eval_metrics] Accuracy(layer_0 - estimator_1 - 2_folds.train_1.predict)=81.61%
[ 2019-12-23 16:39:37,918][kfold_wrapper.log_eval_metrics] Accuracy(layer_0 - estimator_1 - 2_folds.train_cv.predict)=81.40%
[ 2019-12-23 16:39:37,918][kfold_wrapper.log_eval_metrics] Accuracy(layer_0 - estimator_1 - 2_folds.test.predict)=85.06%
[ 2019-12-23 16:39:39,305][kfold_wrapper.log_eval_metrics] Accuracy(layer_0 - estimator_2 - 3_folds.train_0.predict)=76.45%
[ 2019-12-23 16:39:40,678][kfold_wrapper.log_eval_metrics] Accuracy(layer_0 - estimator_2 - 3_folds.train_1.predict)=80.62%
[ 2019-12-23 16:39:42,078][kfold_wrapper.log_eval_metrics] Accuracy(layer_0 - estimator_2 - 3_folds.train_2.predict)=82.88%
[ 2019-12-23 16:39:42,080][kfold_wrapper.log_eval_metrics] Accuracy(layer_0 - estimator_2 - 3_folds.train_cv.predict)=79.97%
[ 2019-12-23 16:39:42,081][kfold_wrapper.log_eval_metrics] Accuracy(layer_0 - estimator_2 - 3_folds.test.predict)=85.06%
[ 2019-12-23 16:39:42,081][cascade_classifier.calc_accuracy] Accuracy(layer_0 - train.classifier_average)=80.49%
[ 2019-12-23 16:39:42,081][cascade_classifier.calc_accuracy] Accuracy(layer_0 - test.classifier_average)=85.06%
[ 2019-12-23 16:39:42,083][cascade_classifier.fit_transform] [layer=1] look_indexs=[0], X_cur_train.shape=(774, 364), X_cur_test.shape=(87, 364)
[ 2019-12-23 16:39:44,106][kfold_wrapper.log_eval_metrics] Accuracy(layer_1 - estimator_0 - 2_folds.train_0.predict)=79.64%
[ 2019-12-23 16:39:46,420][kfold_wrapper.log_eval_metrics] Accuracy(layer_1 - estimator_0 - 2_folds.train_1.predict)=82.38%
[ 2019-12-23 16:39:46,734][kfold_wrapper.log_eval_metrics] Accuracy(layer_1 - estimator_0 - 2_folds.train_cv.predict)=81.01%
[ 2019-12-23 16:39:46,735][kfold_wrapper.log_eval_metrics] Accuracy(layer_1 - estimator_0 - 2_folds.test.predict)=83.91%
[ 2019-12-23 16:39:48,907][kfold_wrapper.log_eval_metrics] Accuracy(layer_1 - estimator_1 - 2_folds.train_0.predict)=77.84%
[ 2019-12-23 16:39:51,409][kfold_wrapper.log_eval_metrics] Accuracy(layer_1 - estimator_1 - 2_folds.train_1.predict)=83.16%
[ 2019-12-23 16:39:51,722][kfold_wrapper.log_eval_metrics] Accuracy(layer_1 - estimator_1 - 2_folds.train_cv.predict)=80.49%
[ 2019-12-23 16:39:51,723][kfold_wrapper.log_eval_metrics] Accuracy(layer_1 - estimator_1 - 2_folds.test.predict)=83.91%
[ 2019-12-23 16:39:53,158][kfold_wrapper.log_eval_metrics] Accuracy(layer_1 - estimator_2 - 3_folds.train_0.predict)=81.47%
[ 2019-12-23 16:39:54,441][kfold_wrapper.log_eval_metrics] Accuracy(layer_1 - estimator_2 - 3_folds.train_1.predict)=79.84%
[ 2019-12-23 16:39:55,833][kfold_wrapper.log_eval_metrics] Accuracy(layer_1 - estimator_2 - 3_folds.train_2.predict)=78.99%
[ 2019-12-23 16:39:55,835][kfold_wrapper.log_eval_metrics] Accuracy(layer_1 - estimator_2 - 3_folds.train_cv.predict)=80.10%
[ 2019-12-23 16:39:55,835][kfold_wrapper.log_eval_metrics] Accuracy(layer_1 - estimator_2 - 3_folds.test.predict)=86.21%
[ 2019-12-23 16:39:55,835][cascade_classifier.calc_accuracy] Accuracy(layer_1 - train.classifier_average)=80.88%
[ 2019-12-23 16:39:55,836][cascade_classifier.calc_accuracy] Accuracy(layer_1 - test.classifier_average)=85.06%
[ 2019-12-23 16:39:55,837][cascade_classifier.fit_transform] [layer=2] look_indexs=[0], X_cur_train.shape=(774, 364), X_cur_test.shape=(87, 364)
[ 2019-12-23 16:39:57,856][kfold_wrapper.log_eval_metrics] Accuracy(layer_2 - estimator_0 - 2_folds.train_0.predict)=79.64%
[ 2019-12-23 16:40:00,181][kfold_wrapper.log_eval_metrics] Accuracy(layer_2 - estimator_0 - 2_folds.train_1.predict)=80.83%
[ 2019-12-23 16:40:00,494][kfold_wrapper.log_eval_metrics] Accuracy(layer_2 - estimator_0 - 2_folds.train_cv.predict)=80.23%
[ 2019-12-23 16:40:00,494][kfold_wrapper.log_eval_metrics] Accuracy(layer_2 - estimator_0 - 2_folds.test.predict)=83.91%
[ 2019-12-23 16:40:02,685][kfold_wrapper.log_eval_metrics] Accuracy(layer_2 - estimator_1 - 2_folds.train_0.predict)=80.67%
[ 2019-12-23 16:40:05,158][kfold_wrapper.log_eval_metrics] Accuracy(layer_2 - estimator_1 - 2_folds.train_1.predict)=80.31%
[ 2019-12-23 16:40:05,477][kfold_wrapper.log_eval_metrics] Accuracy(layer_2 - estimator_1 - 2_folds.train_cv.predict)=80.49%
[ 2019-12-23 16:40:05,477][kfold_wrapper.log_eval_metrics] Accuracy(layer_2 - estimator_1 - 2_folds.test.predict)=83.91%
[ 2019-12-23 16:40:06,864][kfold_wrapper.log_eval_metrics] Accuracy(layer_2 - estimator_2 - 3_folds.train_0.predict)=79.92%
[ 2019-12-23 16:40:08,170][kfold_wrapper.log_eval_metrics] Accuracy(layer_2 - estimator_2 - 3_folds.train_1.predict)=80.62%
[ 2019-12-23 16:40:09,575][kfold_wrapper.log_eval_metrics] Accuracy(layer_2 - estimator_2 - 3_folds.train_2.predict)=79.77%
[ 2019-12-23 16:40:09,577][kfold_wrapper.log_eval_metrics] Accuracy(layer_2 - estimator_2 - 3_folds.train_cv.predict)=80.10%
[ 2019-12-23 16:40:09,577][kfold_wrapper.log_eval_metrics] Accuracy(layer_2 - estimator_2 - 3_folds.test.predict)=86.21%
[ 2019-12-23 16:40:09,577][cascade_classifier.calc_accuracy] Accuracy(layer_2 - train.classifier_average)=80.88%
[ 2019-12-23 16:40:09,578][cascade_classifier.calc_accuracy] Accuracy(layer_2 - test.classifier_average)=83.91%
[ 2019-12-23 16:40:09,585][cascade_classifier.fit_transform] [layer=3] look_indexs=[0], X_cur_train.shape=(774, 364), X_cur_test.shape=(87, 364)
[ 2019-12-23 16:40:11,597][kfold_wrapper.log_eval_metrics] Accuracy(layer_3 - estimator_0 - 2_folds.train_0.predict)=80.41%
[ 2019-12-23 16:40:13,926][kfold_wrapper.log_eval_metrics] Accuracy(layer_3 - estimator_0 - 2_folds.train_1.predict)=82.64%
[ 2019-12-23 16:40:14,240][kfold_wrapper.log_eval_metrics] Accuracy(layer_3 - estimator_0 - 2_folds.train_cv.predict)=81.52%
[ 2019-12-23 16:40:14,241][kfold_wrapper.log_eval_metrics] Accuracy(layer_3 - estimator_0 - 2_folds.test.predict)=83.91%
[ 2019-12-23 16:40:16,419][kfold_wrapper.log_eval_metrics] Accuracy(layer_3 - estimator_1 - 2_folds.train_0.predict)=78.87%
[ 2019-12-23 16:40:18,903][kfold_wrapper.log_eval_metrics] Accuracy(layer_3 - estimator_1 - 2_folds.train_1.predict)=82.64%
[ 2019-12-23 16:40:19,213][kfold_wrapper.log_eval_metrics] Accuracy(layer_3 - estimator_1 - 2_folds.train_cv.predict)=80.75%
[ 2019-12-23 16:40:19,214][kfold_wrapper.log_eval_metrics] Accuracy(layer_3 - estimator_1 - 2_folds.test.predict)=85.06%
[ 2019-12-23 16:40:20,584][kfold_wrapper.log_eval_metrics] Accuracy(layer_3 - estimator_2 - 3_folds.train_0.predict)=83.40%
[ 2019-12-23 16:40:21,947][kfold_wrapper.log_eval_metrics] Accuracy(layer_3 - estimator_2 - 3_folds.train_1.predict)=79.07%
[ 2019-12-23 16:40:23,383][kfold_wrapper.log_eval_metrics] Accuracy(layer_3 - estimator_2 - 3_folds.train_2.predict)=82.10%
[ 2019-12-23 16:40:23,384][kfold_wrapper.log_eval_metrics] Accuracy(layer_3 - estimator_2 - 3_folds.train_cv.predict)=81.52%
[ 2019-12-23 16:40:23,385][kfold_wrapper.log_eval_metrics] Accuracy(layer_3 - estimator_2 - 3_folds.test.predict)=85.06%
[ 2019-12-23 16:40:23,385][cascade_classifier.calc_accuracy] Accuracy(layer_3 - train.classifier_average)=82.04%
[ 2019-12-23 16:40:23,385][cascade_classifier.calc_accuracy] Accuracy(layer_3 - test.classifier_average)=83.91%
[ 2019-12-23 16:40:23,387][cascade_classifier.fit_transform] [layer=4] look_indexs=[0], X_cur_train.shape=(774, 364), X_cur_test.shape=(87, 364)
[ 2019-12-23 16:40:25,390][kfold_wrapper.log_eval_metrics] Accuracy(layer_4 - estimator_0 - 2_folds.train_0.predict)=81.44%
[ 2019-12-23 16:40:27,770][kfold_wrapper.log_eval_metrics] Accuracy(layer_4 - estimator_0 - 2_folds.train_1.predict)=80.83%
[ 2019-12-23 16:40:28,084][kfold_wrapper.log_eval_metrics] Accuracy(layer_4 - estimator_0 - 2_folds.train_cv.predict)=81.14%
[ 2019-12-23 16:40:28,091][kfold_wrapper.log_eval_metrics] Accuracy(layer_4 - estimator_0 - 2_folds.test.predict)=83.91%
[ 2019-12-23 16:40:30,283][kfold_wrapper.log_eval_metrics] Accuracy(layer_4 - estimator_1 - 2_folds.train_0.predict)=80.93%
[ 2019-12-23 16:40:32,773][kfold_wrapper.log_eval_metrics] Accuracy(layer_4 - estimator_1 - 2_folds.train_1.predict)=81.35%
[ 2019-12-23 16:40:33,085][kfold_wrapper.log_eval_metrics] Accuracy(layer_4 - estimator_1 - 2_folds.train_cv.predict)=81.14%
[ 2019-12-23 16:40:33,085][kfold_wrapper.log_eval_metrics] Accuracy(layer_4 - estimator_1 - 2_folds.test.predict)=85.06%
[ 2019-12-23 16:40:34,470][kfold_wrapper.log_eval_metrics] Accuracy(layer_4 - estimator_2 - 3_folds.train_0.predict)=81.47%
[ 2019-12-23 16:40:35,833][kfold_wrapper.log_eval_metrics] Accuracy(layer_4 - estimator_2 - 3_folds.train_1.predict)=80.62%
[ 2019-12-23 16:40:37,233][kfold_wrapper.log_eval_metrics] Accuracy(layer_4 - estimator_2 - 3_folds.train_2.predict)=78.21%
[ 2019-12-23 16:40:37,234][kfold_wrapper.log_eval_metrics] Accuracy(layer_4 - estimator_2 - 3_folds.train_cv.predict)=80.10%
[ 2019-12-23 16:40:37,235][kfold_wrapper.log_eval_metrics] Accuracy(layer_4 - estimator_2 - 3_folds.test.predict)=85.06%
[ 2019-12-23 16:40:37,235][cascade_classifier.calc_accuracy] Accuracy(layer_4 - train.classifier_average)=80.49%
[ 2019-12-23 16:40:37,235][cascade_classifier.calc_accuracy] Accuracy(layer_4 - test.classifier_average)=83.91%
[ 2019-12-23 16:40:37,237][cascade_classifier.fit_transform] [layer=5] look_indexs=[0], X_cur_train.shape=(774, 364), X_cur_test.shape=(87, 364)
[ 2019-12-23 16:40:39,252][kfold_wrapper.log_eval_metrics] Accuracy(layer_5 - estimator_0 - 2_folds.train_0.predict)=81.19%
[ 2019-12-23 16:40:41,570][kfold_wrapper.log_eval_metrics] Accuracy(layer_5 - estimator_0 - 2_folds.train_1.predict)=82.12%
[ 2019-12-23 16:40:41,884][kfold_wrapper.log_eval_metrics] Accuracy(layer_5 - estimator_0 - 2_folds.train_cv.predict)=81.65%
[ 2019-12-23 16:40:41,884][kfold_wrapper.log_eval_metrics] Accuracy(layer_5 - estimator_0 - 2_folds.test.predict)=85.06%
[ 2019-12-23 16:40:44,061][kfold_wrapper.log_eval_metrics] Accuracy(layer_5 - estimator_1 - 2_folds.train_0.predict)=82.47%
[ 2019-12-23 16:40:46,448][kfold_wrapper.log_eval_metrics] Accuracy(layer_5 - estimator_1 - 2_folds.train_1.predict)=81.09%
[ 2019-12-23 16:40:46,757][kfold_wrapper.log_eval_metrics] Accuracy(layer_5 - estimator_1 - 2_folds.train_cv.predict)=81.78%
[ 2019-12-23 16:40:46,758][kfold_wrapper.log_eval_metrics] Accuracy(layer_5 - estimator_1 - 2_folds.test.predict)=85.06%
[ 2019-12-23 16:40:48,106][kfold_wrapper.log_eval_metrics] Accuracy(layer_5 - estimator_2 - 3_folds.train_0.predict)=81.85%
[ 2019-12-23 16:40:49,459][kfold_wrapper.log_eval_metrics] Accuracy(layer_5 - estimator_2 - 3_folds.train_1.predict)=81.78%
[ 2019-12-23 16:40:50,858][kfold_wrapper.log_eval_metrics] Accuracy(layer_5 - estimator_2 - 3_folds.train_2.predict)=81.32%
[ 2019-12-23 16:40:50,860][kfold_wrapper.log_eval_metrics] Accuracy(layer_5 - estimator_2 - 3_folds.train_cv.predict)=81.65%
[ 2019-12-23 16:40:50,860][kfold_wrapper.log_eval_metrics] Accuracy(layer_5 - estimator_2 - 3_folds.test.predict)=85.06%
[ 2019-12-23 16:40:50,861][cascade_classifier.calc_accuracy] Accuracy(layer_5 - train.classifier_average)=82.30%
[ 2019-12-23 16:40:50,861][cascade_classifier.calc_accuracy] Accuracy(layer_5 - test.classifier_average)=83.91%
[ 2019-12-23 16:40:50,862][cascade_classifier.fit_transform] [layer=6] look_indexs=[0], X_cur_train.shape=(774, 364), X_cur_test.shape=(87, 364)
[ 2019-12-23 16:40:52,889][kfold_wrapper.log_eval_metrics] Accuracy(layer_6 - estimator_0 - 2_folds.train_0.predict)=80.67%
[ 2019-12-23 16:40:55,209][kfold_wrapper.log_eval_metrics] Accuracy(layer_6 - estimator_0 - 2_folds.train_1.predict)=83.16%
[ 2019-12-23 16:40:55,516][kfold_wrapper.log_eval_metrics] Accuracy(layer_6 - estimator_0 - 2_folds.train_cv.predict)=81.91%
[ 2019-12-23 16:40:55,517][kfold_wrapper.log_eval_metrics] Accuracy(layer_6 - estimator_0 - 2_folds.test.predict)=85.06%
[ 2019-12-23 16:40:57,696][kfold_wrapper.log_eval_metrics] Accuracy(layer_6 - estimator_1 - 2_folds.train_0.predict)=80.15%
[ 2019-12-23 16:41:00,176][kfold_wrapper.log_eval_metrics] Accuracy(layer_6 - estimator_1 - 2_folds.train_1.predict)=83.42%
[ 2019-12-23 16:41:00,488][kfold_wrapper.log_eval_metrics] Accuracy(layer_6 - estimator_1 - 2_folds.train_cv.predict)=81.78%
[ 2019-12-23 16:41:00,488][kfold_wrapper.log_eval_metrics] Accuracy(layer_6 - estimator_1 - 2_folds.test.predict)=83.91%
[ 2019-12-23 16:41:01,763][kfold_wrapper.log_eval_metrics] Accuracy(layer_6 - estimator_2 - 3_folds.train_0.predict)=80.31%
[ 2019-12-23 16:41:03,179][kfold_wrapper.log_eval_metrics] Accuracy(layer_6 - estimator_2 - 3_folds.train_1.predict)=82.95%
[ 2019-12-23 16:41:04,601][kfold_wrapper.log_eval_metrics] Accuracy(layer_6 - estimator_2 - 3_folds.train_2.predict)=80.16%
[ 2019-12-23 16:41:04,602][kfold_wrapper.log_eval_metrics] Accuracy(layer_6 - estimator_2 - 3_folds.train_cv.predict)=81.14%
[ 2019-12-23 16:41:04,603][kfold_wrapper.log_eval_metrics] Accuracy(layer_6 - estimator_2 - 3_folds.test.predict)=85.06%
[ 2019-12-23 16:41:04,603][cascade_classifier.calc_accuracy] Accuracy(layer_6 - train.classifier_average)=81.78%
[ 2019-12-23 16:41:04,603][cascade_classifier.calc_accuracy] Accuracy(layer_6 - test.classifier_average)=86.21%
[ 2019-12-23 16:41:04,605][cascade_classifier.fit_transform] [layer=7] look_indexs=[0], X_cur_train.shape=(774, 364), X_cur_test.shape=(87, 364)
[ 2019-12-23 16:41:06,614][kfold_wrapper.log_eval_metrics] Accuracy(layer_7 - estimator_0 - 2_folds.train_0.predict)=80.67%
[ 2019-12-23 16:41:08,925][kfold_wrapper.log_eval_metrics] Accuracy(layer_7 - estimator_0 - 2_folds.train_1.predict)=81.61%
[ 2019-12-23 16:41:09,233][kfold_wrapper.log_eval_metrics] Accuracy(layer_7 - estimator_0 - 2_folds.train_cv.predict)=81.14%
[ 2019-12-23 16:41:09,234][kfold_wrapper.log_eval_metrics] Accuracy(layer_7 - estimator_0 - 2_folds.test.predict)=85.06%
[ 2019-12-23 16:41:11,408][kfold_wrapper.log_eval_metrics] Accuracy(layer_7 - estimator_1 - 2_folds.train_0.predict)=79.64%
[ 2019-12-23 16:41:13,944][kfold_wrapper.log_eval_metrics] Accuracy(layer_7 - estimator_1 - 2_folds.train_1.predict)=81.87%
[ 2019-12-23 16:41:14,251][kfold_wrapper.log_eval_metrics] Accuracy(layer_7 - estimator_1 - 2_folds.train_cv.predict)=80.75%
[ 2019-12-23 16:41:14,252][kfold_wrapper.log_eval_metrics] Accuracy(layer_7 - estimator_1 - 2_folds.test.predict)=85.06%
[ 2019-12-23 16:41:15,620][kfold_wrapper.log_eval_metrics] Accuracy(layer_7 - estimator_2 - 3_folds.train_0.predict)=79.54%
[ 2019-12-23 16:41:17,034][kfold_wrapper.log_eval_metrics] Accuracy(layer_7 - estimator_2 - 3_folds.train_1.predict)=79.46%
[ 2019-12-23 16:41:18,365][kfold_wrapper.log_eval_metrics] Accuracy(layer_7 - estimator_2 - 3_folds.train_2.predict)=78.99%
[ 2019-12-23 16:41:18,366][kfold_wrapper.log_eval_metrics] Accuracy(layer_7 - estimator_2 - 3_folds.train_cv.predict)=79.33%
[ 2019-12-23 16:41:18,367][kfold_wrapper.log_eval_metrics] Accuracy(layer_7 - estimator_2 - 3_folds.test.predict)=86.21%
[ 2019-12-23 16:41:18,367][cascade_classifier.calc_accuracy] Accuracy(layer_7 - train.classifier_average)=80.10%
[ 2019-12-23 16:41:18,367][cascade_classifier.calc_accuracy] Accuracy(layer_7 - test.classifier_average)=86.21%
[ 2019-12-23 16:41:18,375][cascade_classifier.fit_transform] [layer=8] look_indexs=[0], X_cur_train.shape=(774, 364), X_cur_test.shape=(87, 364)
[ 2019-12-23 16:41:20,385][kfold_wrapper.log_eval_metrics] Accuracy(layer_8 - estimator_0 - 2_folds.train_0.predict)=80.67%
[ 2019-12-23 16:41:22,700][kfold_wrapper.log_eval_metrics] Accuracy(layer_8 - estimator_0 - 2_folds.train_1.predict)=80.05%
[ 2019-12-23 16:41:23,018][kfold_wrapper.log_eval_metrics] Accuracy(layer_8 - estimator_0 - 2_folds.train_cv.predict)=80.36%
[ 2019-12-23 16:41:23,018][kfold_wrapper.log_eval_metrics] Accuracy(layer_8 - estimator_0 - 2_folds.test.predict)=85.06%
[ 2019-12-23 16:41:25,205][kfold_wrapper.log_eval_metrics] Accuracy(layer_8 - estimator_1 - 2_folds.train_0.predict)=81.96%
[ 2019-12-23 16:41:27,695][kfold_wrapper.log_eval_metrics] Accuracy(layer_8 - estimator_1 - 2_folds.train_1.predict)=81.09%
[ 2019-12-23 16:41:28,013][kfold_wrapper.log_eval_metrics] Accuracy(layer_8 - estimator_1 - 2_folds.train_cv.predict)=81.52%
[ 2019-12-23 16:41:28,013][kfold_wrapper.log_eval_metrics] Accuracy(layer_8 - estimator_1 - 2_folds.test.predict)=85.06%
[ 2019-12-23 16:41:29,335][kfold_wrapper.log_eval_metrics] Accuracy(layer_8 - estimator_2 - 3_folds.train_0.predict)=75.68%
[ 2019-12-23 16:41:30,767][kfold_wrapper.log_eval_metrics] Accuracy(layer_8 - estimator_2 - 3_folds.train_1.predict)=83.33%
[ 2019-12-23 16:41:32,201][kfold_wrapper.log_eval_metrics] Accuracy(layer_8 - estimator_2 - 3_folds.train_2.predict)=84.05%
[ 2019-12-23 16:41:32,202][kfold_wrapper.log_eval_metrics] Accuracy(layer_8 - estimator_2 - 3_folds.train_cv.predict)=81.01%
[ 2019-12-23 16:41:32,203][kfold_wrapper.log_eval_metrics] Accuracy(layer_8 - estimator_2 - 3_folds.test.predict)=82.76%
[ 2019-12-23 16:41:32,203][cascade_classifier.calc_accuracy] Accuracy(layer_8 - train.classifier_average)=81.52%
[ 2019-12-23 16:41:32,203][cascade_classifier.calc_accuracy] Accuracy(layer_8 - test.classifier_average)=83.91%
[ 2019-12-23 16:41:32,204][cascade_classifier.fit_transform] [Result][Optimal Level Detected] opt_layer_num=6, accuracy_train=82.30%, accuracy_test=83.91%
[ 2019-12-23 16:41:32,220][cascade_classifier.transform] X_groups_test.shape=[(87, 358)]
[ 2019-12-23 16:41:32,220][cascade_classifier.transform] group_dims=[358]
[ 2019-12-23 16:41:32,228][cascade_classifier.transform] X_test.shape=(87, 358)
[ 2019-12-23 16:41:32,228][cascade_classifier.transform] [layer=0] look_indexs=[0], X_cur_test.shape=(87, 358)
[ 2019-12-23 16:41:33,484][cascade_classifier.transform] [layer=1] look_indexs=[0], X_cur_test.shape=(87, 364)
[ 2019-12-23 16:41:34,737][cascade_classifier.transform] [layer=2] look_indexs=[0], X_cur_test.shape=(87, 364)
[ 2019-12-23 16:41:35,992][cascade_classifier.transform] [layer=3] look_indexs=[0], X_cur_test.shape=(87, 364)
[ 2019-12-23 16:41:37,242][cascade_classifier.transform] [layer=4] look_indexs=[0], X_cur_test.shape=(87, 364)
[ 2019-12-23 16:41:38,613][cascade_classifier.transform] [layer=5] look_indexs=[0], X_cur_test.shape=(87, 364)
[ 2019-12-23 16:41:39,871][cascade_classifier.transform] X_groups_test.shape=[(87, 358)]
[ 2019-12-23 16:41:39,872][cascade_classifier.transform] group_dims=[358]
[ 2019-12-23 16:41:39,872][cascade_classifier.transform] X_test.shape=(87, 358)
[ 2019-12-23 16:41:39,873][cascade_classifier.transform] [layer=0] look_indexs=[0], X_cur_test.shape=(87, 358)
[ 2019-12-23 16:41:41,142][cascade_classifier.transform] [layer=1] look_indexs=[0], X_cur_test.shape=(87, 364)
[ 2019-12-23 16:41:42,398][cascade_classifier.transform] [layer=2] look_indexs=[0], X_cur_test.shape=(87, 364)
[ 2019-12-23 16:41:43,650][cascade_classifier.transform] [layer=3] look_indexs=[0], X_cur_test.shape=(87, 364)
[ 2019-12-23 16:41:44,906][cascade_classifier.transform] [layer=4] look_indexs=[0], X_cur_test.shape=(87, 364)
[ 2019-12-23 16:41:46,162][cascade_classifier.transform] [layer=5] look_indexs=[0], X_cur_test.shape=(87, 364)
[ 2019-12-23 16:42:24,359][cascade_classifier.fit_transform] X_groups_train.shape=[(774, 358)],y_train.shape=(774,),X_groups_test.shape=[(87, 358)],y_test.shape=(87,)
[ 2019-12-23 16:42:24,360][cascade_classifier.fit_transform] group_dims=[358]
[ 2019-12-23 16:42:24,360][cascade_classifier.fit_transform] group_starts=[0]
[ 2019-12-23 16:42:24,360][cascade_classifier.fit_transform] group_ends=[358]
[ 2019-12-23 16:42:24,360][cascade_classifier.fit_transform] X_train.shape=(774, 358),X_test.shape=(87, 358)
[ 2019-12-23 16:42:24,362][cascade_classifier.fit_transform] [layer=0] look_indexs=[0], X_cur_train.shape=(774, 358), X_cur_test.shape=(87, 358)
[ 2019-12-23 16:42:26,381][kfold_wrapper.log_eval_metrics] Accuracy(layer_0 - estimator_0 - 2_folds.train_0.predict)=80.15%
[ 2019-12-23 16:42:28,709][kfold_wrapper.log_eval_metrics] Accuracy(layer_0 - estimator_0 - 2_folds.train_1.predict)=80.05%
[ 2019-12-23 16:42:29,025][kfold_wrapper.log_eval_metrics] Accuracy(layer_0 - estimator_0 - 2_folds.train_cv.predict)=80.10%
[ 2019-12-23 16:42:29,026][kfold_wrapper.log_eval_metrics] Accuracy(layer_0 - estimator_0 - 2_folds.test.predict)=83.91%
[ 2019-12-23 16:42:31,206][kfold_wrapper.log_eval_metrics] Accuracy(layer_0 - estimator_1 - 2_folds.train_0.predict)=78.35%
[ 2019-12-23 16:42:33,686][kfold_wrapper.log_eval_metrics] Accuracy(layer_0 - estimator_1 - 2_folds.train_1.predict)=81.61%
[ 2019-12-23 16:42:34,001][kfold_wrapper.log_eval_metrics] Accuracy(layer_0 - estimator_1 - 2_folds.train_cv.predict)=79.97%
[ 2019-12-23 16:42:34,001][kfold_wrapper.log_eval_metrics] Accuracy(layer_0 - estimator_1 - 2_folds.test.predict)=85.06%
[ 2019-12-23 16:42:35,398][kfold_wrapper.log_eval_metrics] Accuracy(layer_0 - estimator_2 - 3_folds.train_0.predict)=80.69%
[ 2019-12-23 16:42:36,814][kfold_wrapper.log_eval_metrics] Accuracy(layer_0 - estimator_2 - 3_folds.train_1.predict)=79.46%
[ 2019-12-23 16:42:38,183][kfold_wrapper.log_eval_metrics] Accuracy(layer_0 - estimator_2 - 3_folds.train_2.predict)=82.10%
[ 2019-12-23 16:42:38,191][kfold_wrapper.log_eval_metrics] Accuracy(layer_0 - estimator_2 - 3_folds.train_cv.predict)=80.75%
[ 2019-12-23 16:42:38,191][kfold_wrapper.log_eval_metrics] Accuracy(layer_0 - estimator_2 - 3_folds.test.predict)=82.76%
[ 2019-12-23 16:42:38,191][cascade_classifier.calc_accuracy] Accuracy(layer_0 - train.classifier_average)=81.40%
[ 2019-12-23 16:42:38,191][cascade_classifier.calc_accuracy] Accuracy(layer_0 - test.classifier_average)=85.06%
[ 2019-12-23 16:42:38,193][cascade_classifier.fit_transform] [layer=1] look_indexs=[0], X_cur_train.shape=(774, 364), X_cur_test.shape=(87, 364)
[ 2019-12-23 16:42:40,214][kfold_wrapper.log_eval_metrics] Accuracy(layer_1 - estimator_0 - 2_folds.train_0.predict)=80.67%
[ 2019-12-23 16:42:42,535][kfold_wrapper.log_eval_metrics] Accuracy(layer_1 - estimator_0 - 2_folds.train_1.predict)=78.76%
[ 2019-12-23 16:42:42,849][kfold_wrapper.log_eval_metrics] Accuracy(layer_1 - estimator_0 - 2_folds.train_cv.predict)=79.72%
[ 2019-12-23 16:42:42,850][kfold_wrapper.log_eval_metrics] Accuracy(layer_1 - estimator_0 - 2_folds.test.predict)=83.91%
[ 2019-12-23 16:42:45,033][kfold_wrapper.log_eval_metrics] Accuracy(layer_1 - estimator_1 - 2_folds.train_0.predict)=79.38%
[ 2019-12-23 16:42:47,527][kfold_wrapper.log_eval_metrics] Accuracy(layer_1 - estimator_1 - 2_folds.train_1.predict)=79.02%
[ 2019-12-23 16:42:47,837][kfold_wrapper.log_eval_metrics] Accuracy(layer_1 - estimator_1 - 2_folds.train_cv.predict)=79.20%
[ 2019-12-23 16:42:47,838][kfold_wrapper.log_eval_metrics] Accuracy(layer_1 - estimator_1 - 2_folds.test.predict)=86.21%
[ 2019-12-23 16:42:49,162][kfold_wrapper.log_eval_metrics] Accuracy(layer_1 - estimator_2 - 3_folds.train_0.predict)=76.06%
[ 2019-12-23 16:42:50,587][kfold_wrapper.log_eval_metrics] Accuracy(layer_1 - estimator_2 - 3_folds.train_1.predict)=82.56%
[ 2019-12-23 16:42:51,914][kfold_wrapper.log_eval_metrics] Accuracy(layer_1 - estimator_2 - 3_folds.train_2.predict)=80.16%
[ 2019-12-23 16:42:51,916][kfold_wrapper.log_eval_metrics] Accuracy(layer_1 - estimator_2 - 3_folds.train_cv.predict)=79.59%
[ 2019-12-23 16:42:51,917][kfold_wrapper.log_eval_metrics] Accuracy(layer_1 - estimator_2 - 3_folds.test.predict)=86.21%
[ 2019-12-23 16:42:51,917][cascade_classifier.calc_accuracy] Accuracy(layer_1 - train.classifier_average)=80.62%
[ 2019-12-23 16:42:51,917][cascade_classifier.calc_accuracy] Accuracy(layer_1 - test.classifier_average)=87.36%
[ 2019-12-23 16:42:51,919][cascade_classifier.fit_transform] [layer=2] look_indexs=[0], X_cur_train.shape=(774, 364), X_cur_test.shape=(87, 364)
[ 2019-12-23 16:42:53,939][kfold_wrapper.log_eval_metrics] Accuracy(layer_2 - estimator_0 - 2_folds.train_0.predict)=80.41%
[ 2019-12-23 16:42:56,270][kfold_wrapper.log_eval_metrics] Accuracy(layer_2 - estimator_0 - 2_folds.train_1.predict)=81.87%
[ 2019-12-23 16:42:56,576][kfold_wrapper.log_eval_metrics] Accuracy(layer_2 - estimator_0 - 2_folds.train_cv.predict)=81.14%
[ 2019-12-23 16:42:56,577][kfold_wrapper.log_eval_metrics] Accuracy(layer_2 - estimator_0 - 2_folds.test.predict)=83.91%
[ 2019-12-23 16:42:58,762][kfold_wrapper.log_eval_metrics] Accuracy(layer_2 - estimator_1 - 2_folds.train_0.predict)=81.70%
[ 2019-12-23 16:43:01,245][kfold_wrapper.log_eval_metrics] Accuracy(layer_2 - estimator_1 - 2_folds.train_1.predict)=77.46%
[ 2019-12-23 16:43:01,558][kfold_wrapper.log_eval_metrics] Accuracy(layer_2 - estimator_1 - 2_folds.train_cv.predict)=79.59%
[ 2019-12-23 16:43:01,558][kfold_wrapper.log_eval_metrics] Accuracy(layer_2 - estimator_1 - 2_folds.test.predict)=86.21%
[ 2019-12-23 16:43:02,918][kfold_wrapper.log_eval_metrics] Accuracy(layer_2 - estimator_2 - 3_folds.train_0.predict)=80.31%
[ 2019-12-23 16:43:04,260][kfold_wrapper.log_eval_metrics] Accuracy(layer_2 - estimator_2 - 3_folds.train_1.predict)=77.91%
[ 2019-12-23 16:43:05,643][kfold_wrapper.log_eval_metrics] Accuracy(layer_2 - estimator_2 - 3_folds.train_2.predict)=80.54%
[ 2019-12-23 16:43:05,645][kfold_wrapper.log_eval_metrics] Accuracy(layer_2 - estimator_2 - 3_folds.train_cv.predict)=79.59%
[ 2019-12-23 16:43:05,645][kfold_wrapper.log_eval_metrics] Accuracy(layer_2 - estimator_2 - 3_folds.test.predict)=81.61%
[ 2019-12-23 16:43:05,645][cascade_classifier.calc_accuracy] Accuracy(layer_2 - train.classifier_average)=80.49%
[ 2019-12-23 16:43:05,646][cascade_classifier.calc_accuracy] Accuracy(layer_2 - test.classifier_average)=82.76%
[ 2019-12-23 16:43:05,647][cascade_classifier.fit_transform] [layer=3] look_indexs=[0], X_cur_train.shape=(774, 364), X_cur_test.shape=(87, 364)
[ 2019-12-23 16:43:07,674][kfold_wrapper.log_eval_metrics] Accuracy(layer_3 - estimator_0 - 2_folds.train_0.predict)=79.90%
[ 2019-12-23 16:43:09,991][kfold_wrapper.log_eval_metrics] Accuracy(layer_3 - estimator_0 - 2_folds.train_1.predict)=81.35%
[ 2019-12-23 16:43:10,302][kfold_wrapper.log_eval_metrics] Accuracy(layer_3 - estimator_0 - 2_folds.train_cv.predict)=80.62%
[ 2019-12-23 16:43:10,302][kfold_wrapper.log_eval_metrics] Accuracy(layer_3 - estimator_0 - 2_folds.test.predict)=85.06%
[ 2019-12-23 16:43:12,476][kfold_wrapper.log_eval_metrics] Accuracy(layer_3 - estimator_1 - 2_folds.train_0.predict)=79.12%
[ 2019-12-23 16:43:14,960][kfold_wrapper.log_eval_metrics] Accuracy(layer_3 - estimator_1 - 2_folds.train_1.predict)=82.12%
[ 2019-12-23 16:43:15,267][kfold_wrapper.log_eval_metrics] Accuracy(layer_3 - estimator_1 - 2_folds.train_cv.predict)=80.62%
[ 2019-12-23 16:43:15,268][kfold_wrapper.log_eval_metrics] Accuracy(layer_3 - estimator_1 - 2_folds.test.predict)=86.21%
[ 2019-12-23 16:43:16,698][kfold_wrapper.log_eval_metrics] Accuracy(layer_3 - estimator_2 - 3_folds.train_0.predict)=81.47%
[ 2019-12-23 16:43:18,107][kfold_wrapper.log_eval_metrics] Accuracy(layer_3 - estimator_2 - 3_folds.train_1.predict)=80.62%
[ 2019-12-23 16:43:19,554][kfold_wrapper.log_eval_metrics] Accuracy(layer_3 - estimator_2 - 3_folds.train_2.predict)=81.71%
[ 2019-12-23 16:43:19,556][kfold_wrapper.log_eval_metrics] Accuracy(layer_3 - estimator_2 - 3_folds.train_cv.predict)=81.27%
[ 2019-12-23 16:43:19,557][kfold_wrapper.log_eval_metrics] Accuracy(layer_3 - estimator_2 - 3_folds.test.predict)=86.21%
[ 2019-12-23 16:43:19,557][cascade_classifier.calc_accuracy] Accuracy(layer_3 - train.classifier_average)=81.65%
[ 2019-12-23 16:43:19,557][cascade_classifier.calc_accuracy] Accuracy(layer_3 - test.classifier_average)=83.91%
[ 2019-12-23 16:43:19,559][cascade_classifier.fit_transform] [layer=4] look_indexs=[0], X_cur_train.shape=(774, 364), X_cur_test.shape=(87, 364)
[ 2019-12-23 16:43:21,564][kfold_wrapper.log_eval_metrics] Accuracy(layer_4 - estimator_0 - 2_folds.train_0.predict)=80.67%
[ 2019-12-23 16:43:23,890][kfold_wrapper.log_eval_metrics] Accuracy(layer_4 - estimator_0 - 2_folds.train_1.predict)=83.68%
[ 2019-12-23 16:43:24,211][kfold_wrapper.log_eval_metrics] Accuracy(layer_4 - estimator_0 - 2_folds.train_cv.predict)=82.17%
[ 2019-12-23 16:43:24,212][kfold_wrapper.log_eval_metrics] Accuracy(layer_4 - estimator_0 - 2_folds.test.predict)=82.76%
[ 2019-12-23 16:43:26,385][kfold_wrapper.log_eval_metrics] Accuracy(layer_4 - estimator_1 - 2_folds.train_0.predict)=80.15%
[ 2019-12-23 16:43:28,871][kfold_wrapper.log_eval_metrics] Accuracy(layer_4 - estimator_1 - 2_folds.train_1.predict)=81.35%
[ 2019-12-23 16:43:29,183][kfold_wrapper.log_eval_metrics] Accuracy(layer_4 - estimator_1 - 2_folds.train_cv.predict)=80.75%
[ 2019-12-23 16:43:29,183][kfold_wrapper.log_eval_metrics] Accuracy(layer_4 - estimator_1 - 2_folds.test.predict)=85.06%
[ 2019-12-23 16:43:30,552][kfold_wrapper.log_eval_metrics] Accuracy(layer_4 - estimator_2 - 3_folds.train_0.predict)=81.08%
[ 2019-12-23 16:43:31,941][kfold_wrapper.log_eval_metrics] Accuracy(layer_4 - estimator_2 - 3_folds.train_1.predict)=77.91%
[ 2019-12-23 16:43:33,318][kfold_wrapper.log_eval_metrics] Accuracy(layer_4 - estimator_2 - 3_folds.train_2.predict)=81.71%
[ 2019-12-23 16:43:33,320][kfold_wrapper.log_eval_metrics] Accuracy(layer_4 - estimator_2 - 3_folds.train_cv.predict)=80.23%
[ 2019-12-23 16:43:33,320][kfold_wrapper.log_eval_metrics] Accuracy(layer_4 - estimator_2 - 3_folds.test.predict)=85.06%
[ 2019-12-23 16:43:33,321][cascade_classifier.calc_accuracy] Accuracy(layer_4 - train.classifier_average)=81.27%
[ 2019-12-23 16:43:33,321][cascade_classifier.calc_accuracy] Accuracy(layer_4 - test.classifier_average)=83.91%
[ 2019-12-23 16:43:33,322][cascade_classifier.fit_transform] [layer=5] look_indexs=[0], X_cur_train.shape=(774, 364), X_cur_test.shape=(87, 364)
[ 2019-12-23 16:43:35,331][kfold_wrapper.log_eval_metrics] Accuracy(layer_5 - estimator_0 - 2_folds.train_0.predict)=85.05%
[ 2019-12-23 16:43:37,655][kfold_wrapper.log_eval_metrics] Accuracy(layer_5 - estimator_0 - 2_folds.train_1.predict)=77.72%
[ 2019-12-23 16:43:37,964][kfold_wrapper.log_eval_metrics] Accuracy(layer_5 - estimator_0 - 2_folds.train_cv.predict)=81.40%
[ 2019-12-23 16:43:37,965][kfold_wrapper.log_eval_metrics] Accuracy(layer_5 - estimator_0 - 2_folds.test.predict)=83.91%
[ 2019-12-23 16:43:40,145][kfold_wrapper.log_eval_metrics] Accuracy(layer_5 - estimator_1 - 2_folds.train_0.predict)=80.67%
[ 2019-12-23 16:43:42,730][kfold_wrapper.log_eval_metrics] Accuracy(layer_5 - estimator_1 - 2_folds.train_1.predict)=80.57%
[ 2019-12-23 16:43:43,047][kfold_wrapper.log_eval_metrics] Accuracy(layer_5 - estimator_1 - 2_folds.train_cv.predict)=80.62%
[ 2019-12-23 16:43:43,047][kfold_wrapper.log_eval_metrics] Accuracy(layer_5 - estimator_1 - 2_folds.test.predict)=86.21%
[ 2019-12-23 16:43:44,443][kfold_wrapper.log_eval_metrics] Accuracy(layer_5 - estimator_2 - 3_folds.train_0.predict)=80.31%
[ 2019-12-23 16:43:45,827][kfold_wrapper.log_eval_metrics] Accuracy(layer_5 - estimator_2 - 3_folds.train_1.predict)=80.23%
[ 2019-12-23 16:43:47,155][kfold_wrapper.log_eval_metrics] Accuracy(layer_5 - estimator_2 - 3_folds.train_2.predict)=80.54%
[ 2019-12-23 16:43:47,157][kfold_wrapper.log_eval_metrics] Accuracy(layer_5 - estimator_2 - 3_folds.train_cv.predict)=80.36%
[ 2019-12-23 16:43:47,157][kfold_wrapper.log_eval_metrics] Accuracy(layer_5 - estimator_2 - 3_folds.test.predict)=83.91%
[ 2019-12-23 16:43:47,158][cascade_classifier.calc_accuracy] Accuracy(layer_5 - train.classifier_average)=80.62%
[ 2019-12-23 16:43:47,158][cascade_classifier.calc_accuracy] Accuracy(layer_5 - test.classifier_average)=82.76%
[ 2019-12-23 16:43:47,165][cascade_classifier.fit_transform] [layer=6] look_indexs=[0], X_cur_train.shape=(774, 364), X_cur_test.shape=(87, 364)
[ 2019-12-23 16:43:49,180][kfold_wrapper.log_eval_metrics] Accuracy(layer_6 - estimator_0 - 2_folds.train_0.predict)=82.47%
[ 2019-12-23 16:43:51,506][kfold_wrapper.log_eval_metrics] Accuracy(layer_6 - estimator_0 - 2_folds.train_1.predict)=80.05%
[ 2019-12-23 16:43:51,814][kfold_wrapper.log_eval_metrics] Accuracy(layer_6 - estimator_0 - 2_folds.train_cv.predict)=81.27%
[ 2019-12-23 16:43:51,814][kfold_wrapper.log_eval_metrics] Accuracy(layer_6 - estimator_0 - 2_folds.test.predict)=83.91%
[ 2019-12-23 16:43:54,002][kfold_wrapper.log_eval_metrics] Accuracy(layer_6 - estimator_1 - 2_folds.train_0.predict)=81.70%
[ 2019-12-23 16:43:56,494][kfold_wrapper.log_eval_metrics] Accuracy(layer_6 - estimator_1 - 2_folds.train_1.predict)=81.35%
[ 2019-12-23 16:43:56,802][kfold_wrapper.log_eval_metrics] Accuracy(layer_6 - estimator_1 - 2_folds.train_cv.predict)=81.52%
[ 2019-12-23 16:43:56,802][kfold_wrapper.log_eval_metrics] Accuracy(layer_6 - estimator_1 - 2_folds.test.predict)=83.91%
[ 2019-12-23 16:43:58,229][kfold_wrapper.log_eval_metrics] Accuracy(layer_6 - estimator_2 - 3_folds.train_0.predict)=82.63%
[ 2019-12-23 16:43:59,616][kfold_wrapper.log_eval_metrics] Accuracy(layer_6 - estimator_2 - 3_folds.train_1.predict)=79.84%
[ 2019-12-23 16:44:00,988][kfold_wrapper.log_eval_metrics] Accuracy(layer_6 - estimator_2 - 3_folds.train_2.predict)=80.54%
[ 2019-12-23 16:44:00,989][kfold_wrapper.log_eval_metrics] Accuracy(layer_6 - estimator_2 - 3_folds.train_cv.predict)=81.01%
[ 2019-12-23 16:44:00,990][kfold_wrapper.log_eval_metrics] Accuracy(layer_6 - estimator_2 - 3_folds.test.predict)=85.06%
[ 2019-12-23 16:44:00,990][cascade_classifier.calc_accuracy] Accuracy(layer_6 - train.classifier_average)=81.40%
[ 2019-12-23 16:44:00,990][cascade_classifier.calc_accuracy] Accuracy(layer_6 - test.classifier_average)=85.06%
[ 2019-12-23 16:44:00,991][cascade_classifier.fit_transform] [Result][Optimal Level Detected] opt_layer_num=4, accuracy_train=81.65%, accuracy_test=83.91%
[ 2019-12-23 16:44:01,009][cascade_classifier.transform] X_groups_test.shape=[(87, 358)]
[ 2019-12-23 16:44:01,010][cascade_classifier.transform] group_dims=[358]
[ 2019-12-23 16:44:01,010][cascade_classifier.transform] X_test.shape=(87, 358)
[ 2019-12-23 16:44:01,010][cascade_classifier.transform] [layer=0] look_indexs=[0], X_cur_test.shape=(87, 358)
[ 2019-12-23 16:44:02,253][cascade_classifier.transform] [layer=1] look_indexs=[0], X_cur_test.shape=(87, 364)
[ 2019-12-23 16:44:03,511][cascade_classifier.transform] [layer=2] look_indexs=[0], X_cur_test.shape=(87, 364)
[ 2019-12-23 16:44:04,761][cascade_classifier.transform] [layer=3] look_indexs=[0], X_cur_test.shape=(87, 364)
[ 2019-12-23 16:44:06,103][cascade_classifier.transform] X_groups_test.shape=[(87, 358)]
[ 2019-12-23 16:44:06,103][cascade_classifier.transform] group_dims=[358]
[ 2019-12-23 16:44:06,104][cascade_classifier.transform] X_test.shape=(87, 358)
[ 2019-12-23 16:44:06,104][cascade_classifier.transform] [layer=0] look_indexs=[0], X_cur_test.shape=(87, 358)
[ 2019-12-23 16:44:07,359][cascade_classifier.transform] [layer=1] look_indexs=[0], X_cur_test.shape=(87, 364)
[ 2019-12-23 16:44:08,623][cascade_classifier.transform] [layer=2] look_indexs=[0], X_cur_test.shape=(87, 364)
[ 2019-12-23 16:44:09,874][cascade_classifier.transform] [layer=3] look_indexs=[0], X_cur_test.shape=(87, 364)
