[ 2019-12-23 12:21:25,321][cascade_classifier.fit_transform] X_groups_train.shape=[(774, 358)],y_train.shape=(774,),X_groups_test.shape=[(87, 358)],y_test.shape=(87,)
[ 2019-12-23 12:21:25,322][cascade_classifier.fit_transform] group_dims=[358]
[ 2019-12-23 12:21:25,322][cascade_classifier.fit_transform] group_starts=[0]
[ 2019-12-23 12:21:25,322][cascade_classifier.fit_transform] group_ends=[358]
[ 2019-12-23 12:21:25,323][cascade_classifier.fit_transform] X_train.shape=(774, 358),X_test.shape=(87, 358)
[ 2019-12-23 12:21:25,324][cascade_classifier.fit_transform] [layer=0] look_indexs=[0], X_cur_train.shape=(774, 358), X_cur_test.shape=(87, 358)
[ 2019-12-23 12:21:33,340][kfold_wrapper.log_eval_metrics] Accuracy(layer_0 - estimator_0 - 2_folds.train_0.predict)=81.44%
[ 2019-12-23 12:21:42,298][kfold_wrapper.log_eval_metrics] Accuracy(layer_0 - estimator_0 - 2_folds.train_1.predict)=81.87%
[ 2019-12-23 12:21:43,447][kfold_wrapper.log_eval_metrics] Accuracy(layer_0 - estimator_0 - 2_folds.train_cv.predict)=81.65%
[ 2019-12-23 12:21:43,447][kfold_wrapper.log_eval_metrics] Accuracy(layer_0 - estimator_0 - 2_folds.test.predict)=85.06%
[ 2019-12-23 12:21:51,736][kfold_wrapper.log_eval_metrics] Accuracy(layer_0 - estimator_1 - 2_folds.train_0.predict)=80.41%
[ 2019-12-23 12:22:01,182][kfold_wrapper.log_eval_metrics] Accuracy(layer_0 - estimator_1 - 2_folds.train_1.predict)=81.35%
[ 2019-12-23 12:22:02,210][kfold_wrapper.log_eval_metrics] Accuracy(layer_0 - estimator_1 - 2_folds.train_cv.predict)=80.88%
[ 2019-12-23 12:22:02,211][kfold_wrapper.log_eval_metrics] Accuracy(layer_0 - estimator_1 - 2_folds.test.predict)=85.06%
[ 2019-12-23 12:22:03,704][kfold_wrapper.log_eval_metrics] Accuracy(layer_0 - estimator_2 - 3_folds.train_0.predict)=82.63%
[ 2019-12-23 12:22:05,070][kfold_wrapper.log_eval_metrics] Accuracy(layer_0 - estimator_2 - 3_folds.train_1.predict)=78.68%
[ 2019-12-23 12:22:06,362][kfold_wrapper.log_eval_metrics] Accuracy(layer_0 - estimator_2 - 3_folds.train_2.predict)=81.71%
[ 2019-12-23 12:22:06,364][kfold_wrapper.log_eval_metrics] Accuracy(layer_0 - estimator_2 - 3_folds.train_cv.predict)=81.01%
[ 2019-12-23 12:22:06,364][kfold_wrapper.log_eval_metrics] Accuracy(layer_0 - estimator_2 - 3_folds.test.predict)=85.06%
[ 2019-12-23 12:22:06,365][cascade_classifier.calc_accuracy] Accuracy(layer_0 - train.classifier_average)=81.91%
[ 2019-12-23 12:22:06,371][cascade_classifier.calc_accuracy] Accuracy(layer_0 - test.classifier_average)=85.06%
[ 2019-12-23 12:22:06,372][cascade_classifier.fit_transform] [layer=1] look_indexs=[0], X_cur_train.shape=(774, 364), X_cur_test.shape=(87, 364)
[ 2019-12-23 12:22:14,117][kfold_wrapper.log_eval_metrics] Accuracy(layer_1 - estimator_0 - 2_folds.train_0.predict)=81.19%
[ 2019-12-23 12:22:22,990][kfold_wrapper.log_eval_metrics] Accuracy(layer_1 - estimator_0 - 2_folds.train_1.predict)=81.35%
[ 2019-12-23 12:22:24,012][kfold_wrapper.log_eval_metrics] Accuracy(layer_1 - estimator_0 - 2_folds.train_cv.predict)=81.27%
[ 2019-12-23 12:22:24,013][kfold_wrapper.log_eval_metrics] Accuracy(layer_1 - estimator_0 - 2_folds.test.predict)=86.21%
[ 2019-12-23 12:22:32,320][kfold_wrapper.log_eval_metrics] Accuracy(layer_1 - estimator_1 - 2_folds.train_0.predict)=80.67%
[ 2019-12-23 12:22:41,846][kfold_wrapper.log_eval_metrics] Accuracy(layer_1 - estimator_1 - 2_folds.train_1.predict)=81.09%
[ 2019-12-23 12:22:42,970][kfold_wrapper.log_eval_metrics] Accuracy(layer_1 - estimator_1 - 2_folds.train_cv.predict)=80.88%
[ 2019-12-23 12:22:42,970][kfold_wrapper.log_eval_metrics] Accuracy(layer_1 - estimator_1 - 2_folds.test.predict)=85.06%
[ 2019-12-23 12:22:44,446][kfold_wrapper.log_eval_metrics] Accuracy(layer_1 - estimator_2 - 3_folds.train_0.predict)=86.49%
[ 2019-12-23 12:22:45,708][kfold_wrapper.log_eval_metrics] Accuracy(layer_1 - estimator_2 - 3_folds.train_1.predict)=78.29%
[ 2019-12-23 12:22:47,139][kfold_wrapper.log_eval_metrics] Accuracy(layer_1 - estimator_2 - 3_folds.train_2.predict)=81.32%
[ 2019-12-23 12:22:47,141][kfold_wrapper.log_eval_metrics] Accuracy(layer_1 - estimator_2 - 3_folds.train_cv.predict)=82.04%
[ 2019-12-23 12:22:47,142][kfold_wrapper.log_eval_metrics] Accuracy(layer_1 - estimator_2 - 3_folds.test.predict)=83.91%
[ 2019-12-23 12:22:47,142][cascade_classifier.calc_accuracy] Accuracy(layer_1 - train.classifier_average)=81.91%
[ 2019-12-23 12:22:47,142][cascade_classifier.calc_accuracy] Accuracy(layer_1 - test.classifier_average)=83.91%
[ 2019-12-23 12:22:47,150][cascade_classifier.fit_transform] [layer=2] look_indexs=[0], X_cur_train.shape=(774, 364), X_cur_test.shape=(87, 364)
[ 2019-12-23 12:22:55,119][kfold_wrapper.log_eval_metrics] Accuracy(layer_2 - estimator_0 - 2_folds.train_0.predict)=81.19%
[ 2019-12-23 12:23:04,180][kfold_wrapper.log_eval_metrics] Accuracy(layer_2 - estimator_0 - 2_folds.train_1.predict)=82.12%
[ 2019-12-23 12:23:05,301][kfold_wrapper.log_eval_metrics] Accuracy(layer_2 - estimator_0 - 2_folds.train_cv.predict)=81.65%
[ 2019-12-23 12:23:05,302][kfold_wrapper.log_eval_metrics] Accuracy(layer_2 - estimator_0 - 2_folds.test.predict)=85.06%
[ 2019-12-23 12:23:13,724][kfold_wrapper.log_eval_metrics] Accuracy(layer_2 - estimator_1 - 2_folds.train_0.predict)=83.51%
[ 2019-12-23 12:23:23,245][kfold_wrapper.log_eval_metrics] Accuracy(layer_2 - estimator_1 - 2_folds.train_1.predict)=80.05%
[ 2019-12-23 12:23:24,370][kfold_wrapper.log_eval_metrics] Accuracy(layer_2 - estimator_1 - 2_folds.train_cv.predict)=81.78%
[ 2019-12-23 12:23:24,370][kfold_wrapper.log_eval_metrics] Accuracy(layer_2 - estimator_1 - 2_folds.test.predict)=85.06%
[ 2019-12-23 12:23:25,765][kfold_wrapper.log_eval_metrics] Accuracy(layer_2 - estimator_2 - 3_folds.train_0.predict)=81.47%
[ 2019-12-23 12:23:27,168][kfold_wrapper.log_eval_metrics] Accuracy(layer_2 - estimator_2 - 3_folds.train_1.predict)=79.46%
[ 2019-12-23 12:23:28,465][kfold_wrapper.log_eval_metrics] Accuracy(layer_2 - estimator_2 - 3_folds.train_2.predict)=79.38%
[ 2019-12-23 12:23:28,467][kfold_wrapper.log_eval_metrics] Accuracy(layer_2 - estimator_2 - 3_folds.train_cv.predict)=80.10%
[ 2019-12-23 12:23:28,467][kfold_wrapper.log_eval_metrics] Accuracy(layer_2 - estimator_2 - 3_folds.test.predict)=83.91%
[ 2019-12-23 12:23:28,468][cascade_classifier.calc_accuracy] Accuracy(layer_2 - train.classifier_average)=81.52%
[ 2019-12-23 12:23:28,468][cascade_classifier.calc_accuracy] Accuracy(layer_2 - test.classifier_average)=83.91%
[ 2019-12-23 12:23:28,470][cascade_classifier.fit_transform] [layer=3] look_indexs=[0], X_cur_train.shape=(774, 364), X_cur_test.shape=(87, 364)
[ 2019-12-23 12:23:36,316][kfold_wrapper.log_eval_metrics] Accuracy(layer_3 - estimator_0 - 2_folds.train_0.predict)=83.51%
[ 2019-12-23 12:23:45,299][kfold_wrapper.log_eval_metrics] Accuracy(layer_3 - estimator_0 - 2_folds.train_1.predict)=78.76%
[ 2019-12-23 12:23:46,336][kfold_wrapper.log_eval_metrics] Accuracy(layer_3 - estimator_0 - 2_folds.train_cv.predict)=81.14%
[ 2019-12-23 12:23:46,336][kfold_wrapper.log_eval_metrics] Accuracy(layer_3 - estimator_0 - 2_folds.test.predict)=85.06%
[ 2019-12-23 12:23:54,777][kfold_wrapper.log_eval_metrics] Accuracy(layer_3 - estimator_1 - 2_folds.train_0.predict)=82.22%
[ 2019-12-23 12:24:04,118][kfold_wrapper.log_eval_metrics] Accuracy(layer_3 - estimator_1 - 2_folds.train_1.predict)=78.76%
[ 2019-12-23 12:24:05,243][kfold_wrapper.log_eval_metrics] Accuracy(layer_3 - estimator_1 - 2_folds.train_cv.predict)=80.49%
[ 2019-12-23 12:24:05,243][kfold_wrapper.log_eval_metrics] Accuracy(layer_3 - estimator_1 - 2_folds.test.predict)=85.06%
[ 2019-12-23 12:24:06,590][kfold_wrapper.log_eval_metrics] Accuracy(layer_3 - estimator_2 - 3_folds.train_0.predict)=80.31%
[ 2019-12-23 12:24:07,985][kfold_wrapper.log_eval_metrics] Accuracy(layer_3 - estimator_2 - 3_folds.train_1.predict)=82.95%
[ 2019-12-23 12:24:09,415][kfold_wrapper.log_eval_metrics] Accuracy(layer_3 - estimator_2 - 3_folds.train_2.predict)=80.16%
[ 2019-12-23 12:24:09,417][kfold_wrapper.log_eval_metrics] Accuracy(layer_3 - estimator_2 - 3_folds.train_cv.predict)=81.14%
[ 2019-12-23 12:24:09,417][kfold_wrapper.log_eval_metrics] Accuracy(layer_3 - estimator_2 - 3_folds.test.predict)=86.21%
[ 2019-12-23 12:24:09,417][cascade_classifier.calc_accuracy] Accuracy(layer_3 - train.classifier_average)=81.78%
[ 2019-12-23 12:24:09,418][cascade_classifier.calc_accuracy] Accuracy(layer_3 - test.classifier_average)=85.06%
[ 2019-12-23 12:24:09,418][cascade_classifier.fit_transform] [Result][Optimal Level Detected] opt_layer_num=1, accuracy_train=81.91%, accuracy_test=85.06%
[ 2019-12-23 12:24:09,475][cascade_classifier.transform] X_groups_test.shape=[(87, 358)]
[ 2019-12-23 12:24:09,476][cascade_classifier.transform] group_dims=[358]
[ 2019-12-23 12:24:09,476][cascade_classifier.transform] X_test.shape=(87, 358)
[ 2019-12-23 12:24:09,476][cascade_classifier.transform] [layer=0] look_indexs=[0], X_cur_test.shape=(87, 358)
[ 2019-12-23 12:24:13,714][cascade_classifier.transform] X_groups_test.shape=[(87, 358)]
[ 2019-12-23 12:24:13,714][cascade_classifier.transform] group_dims=[358]
[ 2019-12-23 12:24:13,714][cascade_classifier.transform] X_test.shape=(87, 358)
[ 2019-12-23 12:24:13,715][cascade_classifier.transform] [layer=0] look_indexs=[0], X_cur_test.shape=(87, 358)
[ 2019-12-23 12:24:42,774][cascade_classifier.fit_transform] X_groups_train.shape=[(774, 358)],y_train.shape=(774,),X_groups_test.shape=[(87, 358)],y_test.shape=(87,)
[ 2019-12-23 12:24:42,775][cascade_classifier.fit_transform] group_dims=[358]
[ 2019-12-23 12:24:42,776][cascade_classifier.fit_transform] group_starts=[0]
[ 2019-12-23 12:24:42,777][cascade_classifier.fit_transform] group_ends=[358]
[ 2019-12-23 12:24:42,777][cascade_classifier.fit_transform] X_train.shape=(774, 358),X_test.shape=(87, 358)
[ 2019-12-23 12:24:42,779][cascade_classifier.fit_transform] [layer=0] look_indexs=[0], X_cur_train.shape=(774, 358), X_cur_test.shape=(87, 358)
[ 2019-12-23 12:24:50,647][kfold_wrapper.log_eval_metrics] Accuracy(layer_0 - estimator_0 - 2_folds.train_0.predict)=79.12%
[ 2019-12-23 12:24:59,592][kfold_wrapper.log_eval_metrics] Accuracy(layer_0 - estimator_0 - 2_folds.train_1.predict)=81.87%
[ 2019-12-23 12:25:00,632][kfold_wrapper.log_eval_metrics] Accuracy(layer_0 - estimator_0 - 2_folds.train_cv.predict)=80.49%
[ 2019-12-23 12:25:00,632][kfold_wrapper.log_eval_metrics] Accuracy(layer_0 - estimator_0 - 2_folds.test.predict)=86.21%
[ 2019-12-23 12:25:09,030][kfold_wrapper.log_eval_metrics] Accuracy(layer_0 - estimator_1 - 2_folds.train_0.predict)=81.19%
[ 2019-12-23 12:25:18,465][kfold_wrapper.log_eval_metrics] Accuracy(layer_0 - estimator_1 - 2_folds.train_1.predict)=81.61%
[ 2019-12-23 12:25:19,488][kfold_wrapper.log_eval_metrics] Accuracy(layer_0 - estimator_1 - 2_folds.train_cv.predict)=81.40%
[ 2019-12-23 12:25:19,489][kfold_wrapper.log_eval_metrics] Accuracy(layer_0 - estimator_1 - 2_folds.test.predict)=85.06%
[ 2019-12-23 12:25:20,909][kfold_wrapper.log_eval_metrics] Accuracy(layer_0 - estimator_2 - 3_folds.train_0.predict)=80.69%
[ 2019-12-23 12:25:22,370][kfold_wrapper.log_eval_metrics] Accuracy(layer_0 - estimator_2 - 3_folds.train_1.predict)=81.78%
[ 2019-12-23 12:25:23,693][kfold_wrapper.log_eval_metrics] Accuracy(layer_0 - estimator_2 - 3_folds.train_2.predict)=80.16%
[ 2019-12-23 12:25:23,695][kfold_wrapper.log_eval_metrics] Accuracy(layer_0 - estimator_2 - 3_folds.train_cv.predict)=80.88%
[ 2019-12-23 12:25:23,696][kfold_wrapper.log_eval_metrics] Accuracy(layer_0 - estimator_2 - 3_folds.test.predict)=85.06%
[ 2019-12-23 12:25:23,696][cascade_classifier.calc_accuracy] Accuracy(layer_0 - train.classifier_average)=81.78%
[ 2019-12-23 12:25:23,696][cascade_classifier.calc_accuracy] Accuracy(layer_0 - test.classifier_average)=85.06%
[ 2019-12-23 12:25:23,698][cascade_classifier.fit_transform] [layer=1] look_indexs=[0], X_cur_train.shape=(774, 364), X_cur_test.shape=(87, 364)
[ 2019-12-23 12:25:31,553][kfold_wrapper.log_eval_metrics] Accuracy(layer_1 - estimator_0 - 2_folds.train_0.predict)=82.73%
[ 2019-12-23 12:25:40,503][kfold_wrapper.log_eval_metrics] Accuracy(layer_1 - estimator_0 - 2_folds.train_1.predict)=80.57%
[ 2019-12-23 12:25:41,532][kfold_wrapper.log_eval_metrics] Accuracy(layer_1 - estimator_0 - 2_folds.train_cv.predict)=81.65%
[ 2019-12-23 12:25:41,532][kfold_wrapper.log_eval_metrics] Accuracy(layer_1 - estimator_0 - 2_folds.test.predict)=85.06%
[ 2019-12-23 12:25:50,006][kfold_wrapper.log_eval_metrics] Accuracy(layer_1 - estimator_1 - 2_folds.train_0.predict)=81.44%
[ 2019-12-23 12:25:59,673][kfold_wrapper.log_eval_metrics] Accuracy(layer_1 - estimator_1 - 2_folds.train_1.predict)=82.12%
[ 2019-12-23 12:26:00,800][kfold_wrapper.log_eval_metrics] Accuracy(layer_1 - estimator_1 - 2_folds.train_cv.predict)=81.78%
[ 2019-12-23 12:26:00,800][kfold_wrapper.log_eval_metrics] Accuracy(layer_1 - estimator_1 - 2_folds.test.predict)=85.06%
[ 2019-12-23 12:26:02,213][kfold_wrapper.log_eval_metrics] Accuracy(layer_1 - estimator_2 - 3_folds.train_0.predict)=81.47%
[ 2019-12-23 12:26:03,626][kfold_wrapper.log_eval_metrics] Accuracy(layer_1 - estimator_2 - 3_folds.train_1.predict)=81.01%
[ 2019-12-23 12:26:04,954][kfold_wrapper.log_eval_metrics] Accuracy(layer_1 - estimator_2 - 3_folds.train_2.predict)=81.32%
[ 2019-12-23 12:26:04,956][kfold_wrapper.log_eval_metrics] Accuracy(layer_1 - estimator_2 - 3_folds.train_cv.predict)=81.27%
[ 2019-12-23 12:26:04,956][kfold_wrapper.log_eval_metrics] Accuracy(layer_1 - estimator_2 - 3_folds.test.predict)=88.51%
[ 2019-12-23 12:26:04,956][cascade_classifier.calc_accuracy] Accuracy(layer_1 - train.classifier_average)=81.78%
[ 2019-12-23 12:26:04,957][cascade_classifier.calc_accuracy] Accuracy(layer_1 - test.classifier_average)=86.21%
[ 2019-12-23 12:26:04,958][cascade_classifier.fit_transform] [layer=2] look_indexs=[0], X_cur_train.shape=(774, 364), X_cur_test.shape=(87, 364)
[ 2019-12-23 12:26:12,873][kfold_wrapper.log_eval_metrics] Accuracy(layer_2 - estimator_0 - 2_folds.train_0.predict)=82.47%
[ 2019-12-23 12:26:21,823][kfold_wrapper.log_eval_metrics] Accuracy(layer_2 - estimator_0 - 2_folds.train_1.predict)=80.83%
[ 2019-12-23 12:26:22,949][kfold_wrapper.log_eval_metrics] Accuracy(layer_2 - estimator_0 - 2_folds.train_cv.predict)=81.65%
[ 2019-12-23 12:26:22,950][kfold_wrapper.log_eval_metrics] Accuracy(layer_2 - estimator_0 - 2_folds.test.predict)=87.36%
[ 2019-12-23 12:26:31,354][kfold_wrapper.log_eval_metrics] Accuracy(layer_2 - estimator_1 - 2_folds.train_0.predict)=80.67%
[ 2019-12-23 12:26:40,886][kfold_wrapper.log_eval_metrics] Accuracy(layer_2 - estimator_1 - 2_folds.train_1.predict)=81.61%
[ 2019-12-23 12:26:42,017][kfold_wrapper.log_eval_metrics] Accuracy(layer_2 - estimator_1 - 2_folds.train_cv.predict)=81.14%
[ 2019-12-23 12:26:42,018][kfold_wrapper.log_eval_metrics] Accuracy(layer_2 - estimator_1 - 2_folds.test.predict)=86.21%
[ 2019-12-23 12:26:43,410][kfold_wrapper.log_eval_metrics] Accuracy(layer_2 - estimator_2 - 3_folds.train_0.predict)=78.38%
[ 2019-12-23 12:26:44,779][kfold_wrapper.log_eval_metrics] Accuracy(layer_2 - estimator_2 - 3_folds.train_1.predict)=82.17%
[ 2019-12-23 12:26:46,206][kfold_wrapper.log_eval_metrics] Accuracy(layer_2 - estimator_2 - 3_folds.train_2.predict)=84.82%
[ 2019-12-23 12:26:46,208][kfold_wrapper.log_eval_metrics] Accuracy(layer_2 - estimator_2 - 3_folds.train_cv.predict)=81.78%
[ 2019-12-23 12:26:46,208][kfold_wrapper.log_eval_metrics] Accuracy(layer_2 - estimator_2 - 3_folds.test.predict)=87.36%
[ 2019-12-23 12:26:46,208][cascade_classifier.calc_accuracy] Accuracy(layer_2 - train.classifier_average)=81.78%
[ 2019-12-23 12:26:46,209][cascade_classifier.calc_accuracy] Accuracy(layer_2 - test.classifier_average)=87.36%
[ 2019-12-23 12:26:46,210][cascade_classifier.fit_transform] [layer=3] look_indexs=[0], X_cur_train.shape=(774, 364), X_cur_test.shape=(87, 364)
[ 2019-12-23 12:26:53,945][kfold_wrapper.log_eval_metrics] Accuracy(layer_3 - estimator_0 - 2_folds.train_0.predict)=81.44%
[ 2019-12-23 12:27:02,899][kfold_wrapper.log_eval_metrics] Accuracy(layer_3 - estimator_0 - 2_folds.train_1.predict)=81.87%
[ 2019-12-23 12:27:04,026][kfold_wrapper.log_eval_metrics] Accuracy(layer_3 - estimator_0 - 2_folds.train_cv.predict)=81.65%
[ 2019-12-23 12:27:04,027][kfold_wrapper.log_eval_metrics] Accuracy(layer_3 - estimator_0 - 2_folds.test.predict)=86.21%
[ 2019-12-23 12:27:12,408][kfold_wrapper.log_eval_metrics] Accuracy(layer_3 - estimator_1 - 2_folds.train_0.predict)=81.70%
[ 2019-12-23 12:27:21,924][kfold_wrapper.log_eval_metrics] Accuracy(layer_3 - estimator_1 - 2_folds.train_1.predict)=81.09%
[ 2019-12-23 12:27:23,056][kfold_wrapper.log_eval_metrics] Accuracy(layer_3 - estimator_1 - 2_folds.train_cv.predict)=81.40%
[ 2019-12-23 12:27:23,056][kfold_wrapper.log_eval_metrics] Accuracy(layer_3 - estimator_1 - 2_folds.test.predict)=85.06%
[ 2019-12-23 12:27:24,390][kfold_wrapper.log_eval_metrics] Accuracy(layer_3 - estimator_2 - 3_folds.train_0.predict)=80.69%
[ 2019-12-23 12:27:25,801][kfold_wrapper.log_eval_metrics] Accuracy(layer_3 - estimator_2 - 3_folds.train_1.predict)=83.72%
[ 2019-12-23 12:27:27,419][kfold_wrapper.log_eval_metrics] Accuracy(layer_3 - estimator_2 - 3_folds.train_2.predict)=85.21%
[ 2019-12-23 12:27:27,422][kfold_wrapper.log_eval_metrics] Accuracy(layer_3 - estimator_2 - 3_folds.train_cv.predict)=83.20%
[ 2019-12-23 12:27:27,423][kfold_wrapper.log_eval_metrics] Accuracy(layer_3 - estimator_2 - 3_folds.test.predict)=82.76%
[ 2019-12-23 12:27:27,423][cascade_classifier.calc_accuracy] Accuracy(layer_3 - train.classifier_average)=82.82%
[ 2019-12-23 12:27:27,423][cascade_classifier.calc_accuracy] Accuracy(layer_3 - test.classifier_average)=82.76%
[ 2019-12-23 12:27:27,425][cascade_classifier.fit_transform] [layer=4] look_indexs=[0], X_cur_train.shape=(774, 364), X_cur_test.shape=(87, 364)
[ 2019-12-23 12:27:35,463][kfold_wrapper.log_eval_metrics] Accuracy(layer_4 - estimator_0 - 2_folds.train_0.predict)=78.87%
[ 2019-12-23 12:27:44,521][kfold_wrapper.log_eval_metrics] Accuracy(layer_4 - estimator_0 - 2_folds.train_1.predict)=86.01%
[ 2019-12-23 12:27:45,657][kfold_wrapper.log_eval_metrics] Accuracy(layer_4 - estimator_0 - 2_folds.train_cv.predict)=82.43%
[ 2019-12-23 12:27:45,658][kfold_wrapper.log_eval_metrics] Accuracy(layer_4 - estimator_0 - 2_folds.test.predict)=85.06%
[ 2019-12-23 12:27:54,068][kfold_wrapper.log_eval_metrics] Accuracy(layer_4 - estimator_1 - 2_folds.train_0.predict)=79.38%
[ 2019-12-23 12:28:03,507][kfold_wrapper.log_eval_metrics] Accuracy(layer_4 - estimator_1 - 2_folds.train_1.predict)=83.16%
[ 2019-12-23 12:28:04,529][kfold_wrapper.log_eval_metrics] Accuracy(layer_4 - estimator_1 - 2_folds.train_cv.predict)=81.27%
[ 2019-12-23 12:28:04,530][kfold_wrapper.log_eval_metrics] Accuracy(layer_4 - estimator_1 - 2_folds.test.predict)=85.06%
[ 2019-12-23 12:28:05,840][kfold_wrapper.log_eval_metrics] Accuracy(layer_4 - estimator_2 - 3_folds.train_0.predict)=80.31%
[ 2019-12-23 12:28:07,154][kfold_wrapper.log_eval_metrics] Accuracy(layer_4 - estimator_2 - 3_folds.train_1.predict)=79.07%
[ 2019-12-23 12:28:08,476][kfold_wrapper.log_eval_metrics] Accuracy(layer_4 - estimator_2 - 3_folds.train_2.predict)=82.88%
[ 2019-12-23 12:28:08,477][kfold_wrapper.log_eval_metrics] Accuracy(layer_4 - estimator_2 - 3_folds.train_cv.predict)=80.75%
[ 2019-12-23 12:28:08,478][kfold_wrapper.log_eval_metrics] Accuracy(layer_4 - estimator_2 - 3_folds.test.predict)=83.91%
[ 2019-12-23 12:28:08,478][cascade_classifier.calc_accuracy] Accuracy(layer_4 - train.classifier_average)=81.14%
[ 2019-12-23 12:28:08,478][cascade_classifier.calc_accuracy] Accuracy(layer_4 - test.classifier_average)=82.76%
[ 2019-12-23 12:28:08,480][cascade_classifier.fit_transform] [layer=5] look_indexs=[0], X_cur_train.shape=(774, 364), X_cur_test.shape=(87, 364)
[ 2019-12-23 12:28:16,415][kfold_wrapper.log_eval_metrics] Accuracy(layer_5 - estimator_0 - 2_folds.train_0.predict)=81.44%
[ 2019-12-23 12:28:25,453][kfold_wrapper.log_eval_metrics] Accuracy(layer_5 - estimator_0 - 2_folds.train_1.predict)=80.05%
[ 2019-12-23 12:28:26,587][kfold_wrapper.log_eval_metrics] Accuracy(layer_5 - estimator_0 - 2_folds.train_cv.predict)=80.75%
[ 2019-12-23 12:28:26,588][kfold_wrapper.log_eval_metrics] Accuracy(layer_5 - estimator_0 - 2_folds.test.predict)=85.06%
[ 2019-12-23 12:28:34,994][kfold_wrapper.log_eval_metrics] Accuracy(layer_5 - estimator_1 - 2_folds.train_0.predict)=80.67%
[ 2019-12-23 12:28:44,538][kfold_wrapper.log_eval_metrics] Accuracy(layer_5 - estimator_1 - 2_folds.train_1.predict)=82.12%
[ 2019-12-23 12:28:45,676][kfold_wrapper.log_eval_metrics] Accuracy(layer_5 - estimator_1 - 2_folds.train_cv.predict)=81.40%
[ 2019-12-23 12:28:45,677][kfold_wrapper.log_eval_metrics] Accuracy(layer_5 - estimator_1 - 2_folds.test.predict)=85.06%
[ 2019-12-23 12:28:47,076][kfold_wrapper.log_eval_metrics] Accuracy(layer_5 - estimator_2 - 3_folds.train_0.predict)=80.69%
[ 2019-12-23 12:28:48,351][kfold_wrapper.log_eval_metrics] Accuracy(layer_5 - estimator_2 - 3_folds.train_1.predict)=79.84%
[ 2019-12-23 12:28:49,788][kfold_wrapper.log_eval_metrics] Accuracy(layer_5 - estimator_2 - 3_folds.train_2.predict)=82.10%
[ 2019-12-23 12:28:49,790][kfold_wrapper.log_eval_metrics] Accuracy(layer_5 - estimator_2 - 3_folds.train_cv.predict)=80.88%
[ 2019-12-23 12:28:49,791][kfold_wrapper.log_eval_metrics] Accuracy(layer_5 - estimator_2 - 3_folds.test.predict)=87.36%
[ 2019-12-23 12:28:49,791][cascade_classifier.calc_accuracy] Accuracy(layer_5 - train.classifier_average)=81.14%
[ 2019-12-23 12:28:49,791][cascade_classifier.calc_accuracy] Accuracy(layer_5 - test.classifier_average)=86.21%
[ 2019-12-23 12:28:49,793][cascade_classifier.fit_transform] [layer=6] look_indexs=[0], X_cur_train.shape=(774, 364), X_cur_test.shape=(87, 364)
[ 2019-12-23 12:28:57,649][kfold_wrapper.log_eval_metrics] Accuracy(layer_6 - estimator_0 - 2_folds.train_0.predict)=83.51%
[ 2019-12-23 12:29:06,604][kfold_wrapper.log_eval_metrics] Accuracy(layer_6 - estimator_0 - 2_folds.train_1.predict)=80.83%
[ 2019-12-23 12:29:07,636][kfold_wrapper.log_eval_metrics] Accuracy(layer_6 - estimator_0 - 2_folds.train_cv.predict)=82.17%
[ 2019-12-23 12:29:07,636][kfold_wrapper.log_eval_metrics] Accuracy(layer_6 - estimator_0 - 2_folds.test.predict)=86.21%
[ 2019-12-23 12:29:16,028][kfold_wrapper.log_eval_metrics] Accuracy(layer_6 - estimator_1 - 2_folds.train_0.predict)=78.87%
[ 2019-12-23 12:29:25,447][kfold_wrapper.log_eval_metrics] Accuracy(layer_6 - estimator_1 - 2_folds.train_1.predict)=83.68%
[ 2019-12-23 12:29:26,580][kfold_wrapper.log_eval_metrics] Accuracy(layer_6 - estimator_1 - 2_folds.train_cv.predict)=81.27%
[ 2019-12-23 12:29:26,580][kfold_wrapper.log_eval_metrics] Accuracy(layer_6 - estimator_1 - 2_folds.test.predict)=86.21%
[ 2019-12-23 12:29:28,257][kfold_wrapper.log_eval_metrics] Accuracy(layer_6 - estimator_2 - 3_folds.train_0.predict)=83.01%
[ 2019-12-23 12:29:29,843][kfold_wrapper.log_eval_metrics] Accuracy(layer_6 - estimator_2 - 3_folds.train_1.predict)=80.23%
[ 2019-12-23 12:29:31,185][kfold_wrapper.log_eval_metrics] Accuracy(layer_6 - estimator_2 - 3_folds.train_2.predict)=80.16%
[ 2019-12-23 12:29:31,187][kfold_wrapper.log_eval_metrics] Accuracy(layer_6 - estimator_2 - 3_folds.train_cv.predict)=81.14%
[ 2019-12-23 12:29:31,187][kfold_wrapper.log_eval_metrics] Accuracy(layer_6 - estimator_2 - 3_folds.test.predict)=85.06%
[ 2019-12-23 12:29:31,188][cascade_classifier.calc_accuracy] Accuracy(layer_6 - train.classifier_average)=81.91%
[ 2019-12-23 12:29:31,188][cascade_classifier.calc_accuracy] Accuracy(layer_6 - test.classifier_average)=83.91%
[ 2019-12-23 12:29:31,188][cascade_classifier.fit_transform] [Result][Optimal Level Detected] opt_layer_num=4, accuracy_train=82.82%, accuracy_test=82.76%
[ 2019-12-23 12:29:31,253][cascade_classifier.transform] X_groups_test.shape=[(87, 358)]
[ 2019-12-23 12:29:31,254][cascade_classifier.transform] group_dims=[358]
[ 2019-12-23 12:29:31,254][cascade_classifier.transform] X_test.shape=(87, 358)
[ 2019-12-23 12:29:31,254][cascade_classifier.transform] [layer=0] look_indexs=[0], X_cur_test.shape=(87, 358)
[ 2019-12-23 12:29:35,354][cascade_classifier.transform] [layer=1] look_indexs=[0], X_cur_test.shape=(87, 364)
[ 2019-12-23 12:29:39,767][cascade_classifier.transform] [layer=2] look_indexs=[0], X_cur_test.shape=(87, 364)
[ 2019-12-23 12:29:43,977][cascade_classifier.transform] [layer=3] look_indexs=[0], X_cur_test.shape=(87, 364)
[ 2019-12-23 12:29:48,192][cascade_classifier.transform] X_groups_test.shape=[(87, 358)]
[ 2019-12-23 12:29:48,193][cascade_classifier.transform] group_dims=[358]
[ 2019-12-23 12:29:48,193][cascade_classifier.transform] X_test.shape=(87, 358)
[ 2019-12-23 12:29:48,193][cascade_classifier.transform] [layer=0] look_indexs=[0], X_cur_test.shape=(87, 358)
[ 2019-12-23 12:29:52,510][cascade_classifier.transform] [layer=1] look_indexs=[0], X_cur_test.shape=(87, 364)
[ 2019-12-23 12:29:56,837][cascade_classifier.transform] [layer=2] look_indexs=[0], X_cur_test.shape=(87, 364)
[ 2019-12-23 12:30:01,250][cascade_classifier.transform] [layer=3] look_indexs=[0], X_cur_test.shape=(87, 364)
[ 2019-12-23 12:31:45,847][cascade_classifier.fit_transform] X_groups_train.shape=[(774, 358)],y_train.shape=(774,),X_groups_test.shape=[(87, 358)],y_test.shape=(87,)
[ 2019-12-23 12:31:45,849][cascade_classifier.fit_transform] group_dims=[358]
[ 2019-12-23 12:31:45,849][cascade_classifier.fit_transform] group_starts=[0]
[ 2019-12-23 12:31:45,849][cascade_classifier.fit_transform] group_ends=[358]
[ 2019-12-23 12:31:45,849][cascade_classifier.fit_transform] X_train.shape=(774, 358),X_test.shape=(87, 358)
[ 2019-12-23 12:31:45,851][cascade_classifier.fit_transform] [layer=0] look_indexs=[0], X_cur_train.shape=(774, 358), X_cur_test.shape=(87, 358)
[ 2019-12-23 12:31:53,703][kfold_wrapper.log_eval_metrics] Accuracy(layer_0 - estimator_0 - 2_folds.train_0.predict)=80.93%
[ 2019-12-23 12:32:02,661][kfold_wrapper.log_eval_metrics] Accuracy(layer_0 - estimator_0 - 2_folds.train_1.predict)=82.90%
[ 2019-12-23 12:32:03,791][kfold_wrapper.log_eval_metrics] Accuracy(layer_0 - estimator_0 - 2_folds.train_cv.predict)=81.91%
[ 2019-12-23 12:32:03,791][kfold_wrapper.log_eval_metrics] Accuracy(layer_0 - estimator_0 - 2_folds.test.predict)=86.21%
[ 2019-12-23 12:32:12,187][kfold_wrapper.log_eval_metrics] Accuracy(layer_0 - estimator_1 - 2_folds.train_0.predict)=81.19%
[ 2019-12-23 12:32:21,615][kfold_wrapper.log_eval_metrics] Accuracy(layer_0 - estimator_1 - 2_folds.train_1.predict)=80.83%
[ 2019-12-23 12:32:22,639][kfold_wrapper.log_eval_metrics] Accuracy(layer_0 - estimator_1 - 2_folds.train_cv.predict)=81.01%
[ 2019-12-23 12:32:22,640][kfold_wrapper.log_eval_metrics] Accuracy(layer_0 - estimator_1 - 2_folds.test.predict)=85.06%
[ 2019-12-23 12:32:24,050][kfold_wrapper.log_eval_metrics] Accuracy(layer_0 - estimator_2 - 3_folds.train_0.predict)=81.85%
[ 2019-12-23 12:32:25,422][kfold_wrapper.log_eval_metrics] Accuracy(layer_0 - estimator_2 - 3_folds.train_1.predict)=80.23%
[ 2019-12-23 12:32:26,731][kfold_wrapper.log_eval_metrics] Accuracy(layer_0 - estimator_2 - 3_folds.train_2.predict)=79.77%
[ 2019-12-23 12:32:26,733][kfold_wrapper.log_eval_metrics] Accuracy(layer_0 - estimator_2 - 3_folds.train_cv.predict)=80.62%
[ 2019-12-23 12:32:26,733][kfold_wrapper.log_eval_metrics] Accuracy(layer_0 - estimator_2 - 3_folds.test.predict)=86.21%
[ 2019-12-23 12:32:26,734][cascade_classifier.calc_accuracy] Accuracy(layer_0 - train.classifier_average)=81.52%
[ 2019-12-23 12:32:26,734][cascade_classifier.calc_accuracy] Accuracy(layer_0 - test.classifier_average)=87.36%
[ 2019-12-23 12:32:26,735][cascade_classifier.fit_transform] [layer=1] look_indexs=[0], X_cur_train.shape=(774, 364), X_cur_test.shape=(87, 364)
[ 2019-12-23 12:32:34,556][kfold_wrapper.log_eval_metrics] Accuracy(layer_1 - estimator_0 - 2_folds.train_0.predict)=82.47%
[ 2019-12-23 12:32:43,622][kfold_wrapper.log_eval_metrics] Accuracy(layer_1 - estimator_0 - 2_folds.train_1.predict)=81.35%
[ 2019-12-23 12:32:44,748][kfold_wrapper.log_eval_metrics] Accuracy(layer_1 - estimator_0 - 2_folds.train_cv.predict)=81.91%
[ 2019-12-23 12:32:44,749][kfold_wrapper.log_eval_metrics] Accuracy(layer_1 - estimator_0 - 2_folds.test.predict)=85.06%
[ 2019-12-23 12:32:53,241][kfold_wrapper.log_eval_metrics] Accuracy(layer_1 - estimator_1 - 2_folds.train_0.predict)=82.73%
[ 2019-12-23 12:33:02,930][kfold_wrapper.log_eval_metrics] Accuracy(layer_1 - estimator_1 - 2_folds.train_1.predict)=80.05%
[ 2019-12-23 12:33:04,062][kfold_wrapper.log_eval_metrics] Accuracy(layer_1 - estimator_1 - 2_folds.train_cv.predict)=81.40%
[ 2019-12-23 12:33:04,063][kfold_wrapper.log_eval_metrics] Accuracy(layer_1 - estimator_1 - 2_folds.test.predict)=85.06%
[ 2019-12-23 12:33:05,520][kfold_wrapper.log_eval_metrics] Accuracy(layer_1 - estimator_2 - 3_folds.train_0.predict)=83.01%
[ 2019-12-23 12:33:06,904][kfold_wrapper.log_eval_metrics] Accuracy(layer_1 - estimator_2 - 3_folds.train_1.predict)=81.40%
[ 2019-12-23 12:33:08,271][kfold_wrapper.log_eval_metrics] Accuracy(layer_1 - estimator_2 - 3_folds.train_2.predict)=79.77%
[ 2019-12-23 12:33:08,273][kfold_wrapper.log_eval_metrics] Accuracy(layer_1 - estimator_2 - 3_folds.train_cv.predict)=81.40%
[ 2019-12-23 12:33:08,273][kfold_wrapper.log_eval_metrics] Accuracy(layer_1 - estimator_2 - 3_folds.test.predict)=87.36%
[ 2019-12-23 12:33:08,273][cascade_classifier.calc_accuracy] Accuracy(layer_1 - train.classifier_average)=81.52%
[ 2019-12-23 12:33:08,279][cascade_classifier.calc_accuracy] Accuracy(layer_1 - test.classifier_average)=87.36%
[ 2019-12-23 12:33:08,281][cascade_classifier.fit_transform] [layer=2] look_indexs=[0], X_cur_train.shape=(774, 364), X_cur_test.shape=(87, 364)
[ 2019-12-23 12:33:16,123][kfold_wrapper.log_eval_metrics] Accuracy(layer_2 - estimator_0 - 2_folds.train_0.predict)=81.70%
[ 2019-12-23 12:33:24,991][kfold_wrapper.log_eval_metrics] Accuracy(layer_2 - estimator_0 - 2_folds.train_1.predict)=82.90%
[ 2019-12-23 12:33:26,110][kfold_wrapper.log_eval_metrics] Accuracy(layer_2 - estimator_0 - 2_folds.train_cv.predict)=82.30%
[ 2019-12-23 12:33:26,110][kfold_wrapper.log_eval_metrics] Accuracy(layer_2 - estimator_0 - 2_folds.test.predict)=86.21%
[ 2019-12-23 12:33:34,546][kfold_wrapper.log_eval_metrics] Accuracy(layer_2 - estimator_1 - 2_folds.train_0.predict)=78.87%
[ 2019-12-23 12:33:44,071][kfold_wrapper.log_eval_metrics] Accuracy(layer_2 - estimator_1 - 2_folds.train_1.predict)=83.68%
[ 2019-12-23 12:33:45,097][kfold_wrapper.log_eval_metrics] Accuracy(layer_2 - estimator_1 - 2_folds.train_cv.predict)=81.27%
[ 2019-12-23 12:33:45,098][kfold_wrapper.log_eval_metrics] Accuracy(layer_2 - estimator_1 - 2_folds.test.predict)=85.06%
[ 2019-12-23 12:33:46,433][kfold_wrapper.log_eval_metrics] Accuracy(layer_2 - estimator_2 - 3_folds.train_0.predict)=79.92%
[ 2019-12-23 12:33:47,827][kfold_wrapper.log_eval_metrics] Accuracy(layer_2 - estimator_2 - 3_folds.train_1.predict)=80.23%
[ 2019-12-23 12:33:49,259][kfold_wrapper.log_eval_metrics] Accuracy(layer_2 - estimator_2 - 3_folds.train_2.predict)=82.49%
[ 2019-12-23 12:33:49,261][kfold_wrapper.log_eval_metrics] Accuracy(layer_2 - estimator_2 - 3_folds.train_cv.predict)=80.88%
[ 2019-12-23 12:33:49,261][kfold_wrapper.log_eval_metrics] Accuracy(layer_2 - estimator_2 - 3_folds.test.predict)=86.21%
[ 2019-12-23 12:33:49,262][cascade_classifier.calc_accuracy] Accuracy(layer_2 - train.classifier_average)=81.91%
[ 2019-12-23 12:33:49,262][cascade_classifier.calc_accuracy] Accuracy(layer_2 - test.classifier_average)=87.36%
[ 2019-12-23 12:33:49,264][cascade_classifier.fit_transform] [layer=3] look_indexs=[0], X_cur_train.shape=(774, 364), X_cur_test.shape=(87, 364)
[ 2019-12-23 12:33:57,128][kfold_wrapper.log_eval_metrics] Accuracy(layer_3 - estimator_0 - 2_folds.train_0.predict)=81.44%
[ 2019-12-23 12:34:06,072][kfold_wrapper.log_eval_metrics] Accuracy(layer_3 - estimator_0 - 2_folds.train_1.predict)=81.61%
[ 2019-12-23 12:34:07,202][kfold_wrapper.log_eval_metrics] Accuracy(layer_3 - estimator_0 - 2_folds.train_cv.predict)=81.52%
[ 2019-12-23 12:34:07,202][kfold_wrapper.log_eval_metrics] Accuracy(layer_3 - estimator_0 - 2_folds.test.predict)=86.21%
[ 2019-12-23 12:34:15,600][kfold_wrapper.log_eval_metrics] Accuracy(layer_3 - estimator_1 - 2_folds.train_0.predict)=80.93%
[ 2019-12-23 12:34:25,146][kfold_wrapper.log_eval_metrics] Accuracy(layer_3 - estimator_1 - 2_folds.train_1.predict)=82.12%
[ 2019-12-23 12:34:26,280][kfold_wrapper.log_eval_metrics] Accuracy(layer_3 - estimator_1 - 2_folds.train_cv.predict)=81.52%
[ 2019-12-23 12:34:26,280][kfold_wrapper.log_eval_metrics] Accuracy(layer_3 - estimator_1 - 2_folds.test.predict)=85.06%
[ 2019-12-23 12:34:27,702][kfold_wrapper.log_eval_metrics] Accuracy(layer_3 - estimator_2 - 3_folds.train_0.predict)=81.08%
[ 2019-12-23 12:34:29,079][kfold_wrapper.log_eval_metrics] Accuracy(layer_3 - estimator_2 - 3_folds.train_1.predict)=80.62%
[ 2019-12-23 12:34:30,431][kfold_wrapper.log_eval_metrics] Accuracy(layer_3 - estimator_2 - 3_folds.train_2.predict)=78.99%
[ 2019-12-23 12:34:30,433][kfold_wrapper.log_eval_metrics] Accuracy(layer_3 - estimator_2 - 3_folds.train_cv.predict)=80.23%
[ 2019-12-23 12:34:30,433][kfold_wrapper.log_eval_metrics] Accuracy(layer_3 - estimator_2 - 3_folds.test.predict)=82.76%
[ 2019-12-23 12:34:30,434][cascade_classifier.calc_accuracy] Accuracy(layer_3 - train.classifier_average)=81.01%
[ 2019-12-23 12:34:30,434][cascade_classifier.calc_accuracy] Accuracy(layer_3 - test.classifier_average)=85.06%
[ 2019-12-23 12:34:30,435][cascade_classifier.fit_transform] [layer=4] look_indexs=[0], X_cur_train.shape=(774, 364), X_cur_test.shape=(87, 364)
[ 2019-12-23 12:34:38,369][kfold_wrapper.log_eval_metrics] Accuracy(layer_4 - estimator_0 - 2_folds.train_0.predict)=79.12%
[ 2019-12-23 12:34:47,333][kfold_wrapper.log_eval_metrics] Accuracy(layer_4 - estimator_0 - 2_folds.train_1.predict)=81.61%
[ 2019-12-23 12:34:48,452][kfold_wrapper.log_eval_metrics] Accuracy(layer_4 - estimator_0 - 2_folds.train_cv.predict)=80.36%
[ 2019-12-23 12:34:48,452][kfold_wrapper.log_eval_metrics] Accuracy(layer_4 - estimator_0 - 2_folds.test.predict)=86.21%
[ 2019-12-23 12:34:56,875][kfold_wrapper.log_eval_metrics] Accuracy(layer_4 - estimator_1 - 2_folds.train_0.predict)=79.12%
[ 2019-12-23 12:35:06,345][kfold_wrapper.log_eval_metrics] Accuracy(layer_4 - estimator_1 - 2_folds.train_1.predict)=83.68%
[ 2019-12-23 12:35:07,472][kfold_wrapper.log_eval_metrics] Accuracy(layer_4 - estimator_1 - 2_folds.train_cv.predict)=81.40%
[ 2019-12-23 12:35:07,472][kfold_wrapper.log_eval_metrics] Accuracy(layer_4 - estimator_1 - 2_folds.test.predict)=83.91%
[ 2019-12-23 12:35:08,798][kfold_wrapper.log_eval_metrics] Accuracy(layer_4 - estimator_2 - 3_folds.train_0.predict)=81.85%
[ 2019-12-23 12:35:10,202][kfold_wrapper.log_eval_metrics] Accuracy(layer_4 - estimator_2 - 3_folds.train_1.predict)=82.56%
[ 2019-12-23 12:35:11,636][kfold_wrapper.log_eval_metrics] Accuracy(layer_4 - estimator_2 - 3_folds.train_2.predict)=78.60%
[ 2019-12-23 12:35:11,637][kfold_wrapper.log_eval_metrics] Accuracy(layer_4 - estimator_2 - 3_folds.train_cv.predict)=81.01%
[ 2019-12-23 12:35:11,638][kfold_wrapper.log_eval_metrics] Accuracy(layer_4 - estimator_2 - 3_folds.test.predict)=83.91%
[ 2019-12-23 12:35:11,638][cascade_classifier.calc_accuracy] Accuracy(layer_4 - train.classifier_average)=81.40%
[ 2019-12-23 12:35:11,638][cascade_classifier.calc_accuracy] Accuracy(layer_4 - test.classifier_average)=83.91%
[ 2019-12-23 12:35:11,640][cascade_classifier.fit_transform] [layer=5] look_indexs=[0], X_cur_train.shape=(774, 364), X_cur_test.shape=(87, 364)
[ 2019-12-23 12:35:19,491][kfold_wrapper.log_eval_metrics] Accuracy(layer_5 - estimator_0 - 2_folds.train_0.predict)=80.67%
[ 2019-12-23 12:35:28,454][kfold_wrapper.log_eval_metrics] Accuracy(layer_5 - estimator_0 - 2_folds.train_1.predict)=82.12%
[ 2019-12-23 12:35:29,586][kfold_wrapper.log_eval_metrics] Accuracy(layer_5 - estimator_0 - 2_folds.train_cv.predict)=81.40%
[ 2019-12-23 12:35:29,587][kfold_wrapper.log_eval_metrics] Accuracy(layer_5 - estimator_0 - 2_folds.test.predict)=85.06%
[ 2019-12-23 12:35:38,024][kfold_wrapper.log_eval_metrics] Accuracy(layer_5 - estimator_1 - 2_folds.train_0.predict)=83.51%
[ 2019-12-23 12:35:47,348][kfold_wrapper.log_eval_metrics] Accuracy(layer_5 - estimator_1 - 2_folds.train_1.predict)=79.79%
[ 2019-12-23 12:35:48,380][kfold_wrapper.log_eval_metrics] Accuracy(layer_5 - estimator_1 - 2_folds.train_cv.predict)=81.65%
[ 2019-12-23 12:35:48,381][kfold_wrapper.log_eval_metrics] Accuracy(layer_5 - estimator_1 - 2_folds.test.predict)=85.06%
[ 2019-12-23 12:35:49,821][kfold_wrapper.log_eval_metrics] Accuracy(layer_5 - estimator_2 - 3_folds.train_0.predict)=84.94%
[ 2019-12-23 12:35:51,179][kfold_wrapper.log_eval_metrics] Accuracy(layer_5 - estimator_2 - 3_folds.train_1.predict)=81.40%
[ 2019-12-23 12:35:52,577][kfold_wrapper.log_eval_metrics] Accuracy(layer_5 - estimator_2 - 3_folds.train_2.predict)=79.38%
[ 2019-12-23 12:35:52,579][kfold_wrapper.log_eval_metrics] Accuracy(layer_5 - estimator_2 - 3_folds.train_cv.predict)=81.91%
[ 2019-12-23 12:35:52,585][kfold_wrapper.log_eval_metrics] Accuracy(layer_5 - estimator_2 - 3_folds.test.predict)=85.06%
[ 2019-12-23 12:35:52,586][cascade_classifier.calc_accuracy] Accuracy(layer_5 - train.classifier_average)=81.91%
[ 2019-12-23 12:35:52,586][cascade_classifier.calc_accuracy] Accuracy(layer_5 - test.classifier_average)=85.06%
[ 2019-12-23 12:35:52,586][cascade_classifier.fit_transform] [Result][Optimal Level Detected] opt_layer_num=3, accuracy_train=81.91%, accuracy_test=87.36%
[ 2019-12-23 12:35:52,650][cascade_classifier.transform] X_groups_test.shape=[(87, 358)]
[ 2019-12-23 12:35:52,650][cascade_classifier.transform] group_dims=[358]
[ 2019-12-23 12:35:52,650][cascade_classifier.transform] X_test.shape=(87, 358)
[ 2019-12-23 12:35:52,651][cascade_classifier.transform] [layer=0] look_indexs=[0], X_cur_test.shape=(87, 358)
[ 2019-12-23 12:35:56,755][cascade_classifier.transform] [layer=1] look_indexs=[0], X_cur_test.shape=(87, 364)
[ 2019-12-23 12:36:00,955][cascade_classifier.transform] [layer=2] look_indexs=[0], X_cur_test.shape=(87, 364)
[ 2019-12-23 12:36:05,178][cascade_classifier.transform] X_groups_test.shape=[(87, 358)]
[ 2019-12-23 12:36:05,179][cascade_classifier.transform] group_dims=[358]
[ 2019-12-23 12:36:05,179][cascade_classifier.transform] X_test.shape=(87, 358)
[ 2019-12-23 12:36:05,179][cascade_classifier.transform] [layer=0] look_indexs=[0], X_cur_test.shape=(87, 358)
[ 2019-12-23 12:36:09,588][cascade_classifier.transform] [layer=1] look_indexs=[0], X_cur_test.shape=(87, 364)
[ 2019-12-23 12:36:14,003][cascade_classifier.transform] [layer=2] look_indexs=[0], X_cur_test.shape=(87, 364)
[ 2019-12-23 12:37:33,255][cascade_classifier.fit_transform] X_groups_train.shape=[(774, 358)],y_train.shape=(774,),X_groups_test.shape=[(87, 358)],y_test.shape=(87,)
[ 2019-12-23 12:37:33,262][cascade_classifier.fit_transform] group_dims=[358]
[ 2019-12-23 12:37:33,262][cascade_classifier.fit_transform] group_starts=[0]
[ 2019-12-23 12:37:33,262][cascade_classifier.fit_transform] group_ends=[358]
[ 2019-12-23 12:37:33,263][cascade_classifier.fit_transform] X_train.shape=(774, 358),X_test.shape=(87, 358)
[ 2019-12-23 12:37:33,264][cascade_classifier.fit_transform] [layer=0] look_indexs=[0], X_cur_train.shape=(774, 358), X_cur_test.shape=(87, 358)
[ 2019-12-23 12:37:41,123][kfold_wrapper.log_eval_metrics] Accuracy(layer_0 - estimator_0 - 2_folds.train_0.predict)=81.96%
[ 2019-12-23 12:37:49,987][kfold_wrapper.log_eval_metrics] Accuracy(layer_0 - estimator_0 - 2_folds.train_1.predict)=81.09%
[ 2019-12-23 12:37:51,017][kfold_wrapper.log_eval_metrics] Accuracy(layer_0 - estimator_0 - 2_folds.train_cv.predict)=81.52%
[ 2019-12-23 12:37:51,017][kfold_wrapper.log_eval_metrics] Accuracy(layer_0 - estimator_0 - 2_folds.test.predict)=85.06%
[ 2019-12-23 12:37:59,341][kfold_wrapper.log_eval_metrics] Accuracy(layer_0 - estimator_1 - 2_folds.train_0.predict)=83.51%
[ 2019-12-23 12:38:08,971][kfold_wrapper.log_eval_metrics] Accuracy(layer_0 - estimator_1 - 2_folds.train_1.predict)=79.53%
[ 2019-12-23 12:38:10,097][kfold_wrapper.log_eval_metrics] Accuracy(layer_0 - estimator_1 - 2_folds.train_cv.predict)=81.52%
[ 2019-12-23 12:38:10,098][kfold_wrapper.log_eval_metrics] Accuracy(layer_0 - estimator_1 - 2_folds.test.predict)=85.06%
[ 2019-12-23 12:38:11,447][kfold_wrapper.log_eval_metrics] Accuracy(layer_0 - estimator_2 - 3_folds.train_0.predict)=82.24%
[ 2019-12-23 12:38:12,839][kfold_wrapper.log_eval_metrics] Accuracy(layer_0 - estimator_2 - 3_folds.train_1.predict)=79.46%
[ 2019-12-23 12:38:14,256][kfold_wrapper.log_eval_metrics] Accuracy(layer_0 - estimator_2 - 3_folds.train_2.predict)=82.10%
[ 2019-12-23 12:38:14,258][kfold_wrapper.log_eval_metrics] Accuracy(layer_0 - estimator_2 - 3_folds.train_cv.predict)=81.27%
[ 2019-12-23 12:38:14,258][kfold_wrapper.log_eval_metrics] Accuracy(layer_0 - estimator_2 - 3_folds.test.predict)=83.91%
[ 2019-12-23 12:38:14,259][cascade_classifier.calc_accuracy] Accuracy(layer_0 - train.classifier_average)=82.04%
[ 2019-12-23 12:38:14,259][cascade_classifier.calc_accuracy] Accuracy(layer_0 - test.classifier_average)=83.91%
[ 2019-12-23 12:38:14,261][cascade_classifier.fit_transform] [layer=1] look_indexs=[0], X_cur_train.shape=(774, 364), X_cur_test.shape=(87, 364)
[ 2019-12-23 12:38:22,094][kfold_wrapper.log_eval_metrics] Accuracy(layer_1 - estimator_0 - 2_folds.train_0.predict)=82.22%
[ 2019-12-23 12:38:30,961][kfold_wrapper.log_eval_metrics] Accuracy(layer_1 - estimator_0 - 2_folds.train_1.predict)=81.09%
[ 2019-12-23 12:38:31,993][kfold_wrapper.log_eval_metrics] Accuracy(layer_1 - estimator_0 - 2_folds.train_cv.predict)=81.65%
[ 2019-12-23 12:38:31,993][kfold_wrapper.log_eval_metrics] Accuracy(layer_1 - estimator_0 - 2_folds.test.predict)=82.76%
[ 2019-12-23 12:38:40,418][kfold_wrapper.log_eval_metrics] Accuracy(layer_1 - estimator_1 - 2_folds.train_0.predict)=81.19%
[ 2019-12-23 12:38:49,862][kfold_wrapper.log_eval_metrics] Accuracy(layer_1 - estimator_1 - 2_folds.train_1.predict)=80.31%
[ 2019-12-23 12:38:50,989][kfold_wrapper.log_eval_metrics] Accuracy(layer_1 - estimator_1 - 2_folds.train_cv.predict)=80.75%
[ 2019-12-23 12:38:50,990][kfold_wrapper.log_eval_metrics] Accuracy(layer_1 - estimator_1 - 2_folds.test.predict)=83.91%
[ 2019-12-23 12:38:52,453][kfold_wrapper.log_eval_metrics] Accuracy(layer_1 - estimator_2 - 3_folds.train_0.predict)=85.33%
[ 2019-12-23 12:38:53,846][kfold_wrapper.log_eval_metrics] Accuracy(layer_1 - estimator_2 - 3_folds.train_1.predict)=79.07%
[ 2019-12-23 12:38:55,119][kfold_wrapper.log_eval_metrics] Accuracy(layer_1 - estimator_2 - 3_folds.train_2.predict)=79.77%
[ 2019-12-23 12:38:55,120][kfold_wrapper.log_eval_metrics] Accuracy(layer_1 - estimator_2 - 3_folds.train_cv.predict)=81.40%
[ 2019-12-23 12:38:55,121][kfold_wrapper.log_eval_metrics] Accuracy(layer_1 - estimator_2 - 3_folds.test.predict)=83.91%
[ 2019-12-23 12:38:55,121][cascade_classifier.calc_accuracy] Accuracy(layer_1 - train.classifier_average)=81.65%
[ 2019-12-23 12:38:55,121][cascade_classifier.calc_accuracy] Accuracy(layer_1 - test.classifier_average)=85.06%
[ 2019-12-23 12:38:55,123][cascade_classifier.fit_transform] [layer=2] look_indexs=[0], X_cur_train.shape=(774, 364), X_cur_test.shape=(87, 364)
[ 2019-12-23 12:39:02,969][kfold_wrapper.log_eval_metrics] Accuracy(layer_2 - estimator_0 - 2_folds.train_0.predict)=85.05%
[ 2019-12-23 12:39:11,743][kfold_wrapper.log_eval_metrics] Accuracy(layer_2 - estimator_0 - 2_folds.train_1.predict)=78.24%
[ 2019-12-23 12:39:12,780][kfold_wrapper.log_eval_metrics] Accuracy(layer_2 - estimator_0 - 2_folds.train_cv.predict)=81.65%
[ 2019-12-23 12:39:12,780][kfold_wrapper.log_eval_metrics] Accuracy(layer_2 - estimator_0 - 2_folds.test.predict)=85.06%
[ 2019-12-23 12:39:21,193][kfold_wrapper.log_eval_metrics] Accuracy(layer_2 - estimator_1 - 2_folds.train_0.predict)=79.64%
[ 2019-12-23 12:39:30,516][kfold_wrapper.log_eval_metrics] Accuracy(layer_2 - estimator_1 - 2_folds.train_1.predict)=81.87%
[ 2019-12-23 12:39:31,642][kfold_wrapper.log_eval_metrics] Accuracy(layer_2 - estimator_1 - 2_folds.train_cv.predict)=80.75%
[ 2019-12-23 12:39:31,643][kfold_wrapper.log_eval_metrics] Accuracy(layer_2 - estimator_1 - 2_folds.test.predict)=85.06%
[ 2019-12-23 12:39:33,019][kfold_wrapper.log_eval_metrics] Accuracy(layer_2 - estimator_2 - 3_folds.train_0.predict)=80.69%
[ 2019-12-23 12:39:34,399][kfold_wrapper.log_eval_metrics] Accuracy(layer_2 - estimator_2 - 3_folds.train_1.predict)=80.62%
[ 2019-12-23 12:39:35,764][kfold_wrapper.log_eval_metrics] Accuracy(layer_2 - estimator_2 - 3_folds.train_2.predict)=79.77%
[ 2019-12-23 12:39:35,766][kfold_wrapper.log_eval_metrics] Accuracy(layer_2 - estimator_2 - 3_folds.train_cv.predict)=80.36%
[ 2019-12-23 12:39:35,767][kfold_wrapper.log_eval_metrics] Accuracy(layer_2 - estimator_2 - 3_folds.test.predict)=85.06%
[ 2019-12-23 12:39:35,767][cascade_classifier.calc_accuracy] Accuracy(layer_2 - train.classifier_average)=81.40%
[ 2019-12-23 12:39:35,767][cascade_classifier.calc_accuracy] Accuracy(layer_2 - test.classifier_average)=86.21%
[ 2019-12-23 12:39:35,769][cascade_classifier.fit_transform] [layer=3] look_indexs=[0], X_cur_train.shape=(774, 364), X_cur_test.shape=(87, 364)
[ 2019-12-23 12:39:43,597][kfold_wrapper.log_eval_metrics] Accuracy(layer_3 - estimator_0 - 2_folds.train_0.predict)=83.25%
[ 2019-12-23 12:39:52,447][kfold_wrapper.log_eval_metrics] Accuracy(layer_3 - estimator_0 - 2_folds.train_1.predict)=78.76%
[ 2019-12-23 12:39:53,575][kfold_wrapper.log_eval_metrics] Accuracy(layer_3 - estimator_0 - 2_folds.train_cv.predict)=81.01%
[ 2019-12-23 12:39:53,576][kfold_wrapper.log_eval_metrics] Accuracy(layer_3 - estimator_0 - 2_folds.test.predict)=86.21%
[ 2019-12-23 12:40:01,979][kfold_wrapper.log_eval_metrics] Accuracy(layer_3 - estimator_1 - 2_folds.train_0.predict)=78.35%
[ 2019-12-23 12:40:11,307][kfold_wrapper.log_eval_metrics] Accuracy(layer_3 - estimator_1 - 2_folds.train_1.predict)=83.42%
[ 2019-12-23 12:40:12,335][kfold_wrapper.log_eval_metrics] Accuracy(layer_3 - estimator_1 - 2_folds.train_cv.predict)=80.88%
[ 2019-12-23 12:40:12,336][kfold_wrapper.log_eval_metrics] Accuracy(layer_3 - estimator_1 - 2_folds.test.predict)=85.06%
[ 2019-12-23 12:40:13,742][kfold_wrapper.log_eval_metrics] Accuracy(layer_3 - estimator_2 - 3_folds.train_0.predict)=83.01%
[ 2019-12-23 12:40:15,147][kfold_wrapper.log_eval_metrics] Accuracy(layer_3 - estimator_2 - 3_folds.train_1.predict)=81.40%
[ 2019-12-23 12:40:16,447][kfold_wrapper.log_eval_metrics] Accuracy(layer_3 - estimator_2 - 3_folds.train_2.predict)=81.71%
[ 2019-12-23 12:40:16,449][kfold_wrapper.log_eval_metrics] Accuracy(layer_3 - estimator_2 - 3_folds.train_cv.predict)=82.04%
[ 2019-12-23 12:40:16,449][kfold_wrapper.log_eval_metrics] Accuracy(layer_3 - estimator_2 - 3_folds.test.predict)=85.06%
[ 2019-12-23 12:40:16,450][cascade_classifier.calc_accuracy] Accuracy(layer_3 - train.classifier_average)=82.30%
[ 2019-12-23 12:40:16,450][cascade_classifier.calc_accuracy] Accuracy(layer_3 - test.classifier_average)=85.06%
[ 2019-12-23 12:40:16,452][cascade_classifier.fit_transform] [layer=4] look_indexs=[0], X_cur_train.shape=(774, 364), X_cur_test.shape=(87, 364)
[ 2019-12-23 12:40:24,301][kfold_wrapper.log_eval_metrics] Accuracy(layer_4 - estimator_0 - 2_folds.train_0.predict)=80.41%
[ 2019-12-23 12:40:33,259][kfold_wrapper.log_eval_metrics] Accuracy(layer_4 - estimator_0 - 2_folds.train_1.predict)=83.42%
[ 2019-12-23 12:40:34,393][kfold_wrapper.log_eval_metrics] Accuracy(layer_4 - estimator_0 - 2_folds.train_cv.predict)=81.91%
[ 2019-12-23 12:40:34,394][kfold_wrapper.log_eval_metrics] Accuracy(layer_4 - estimator_0 - 2_folds.test.predict)=85.06%
[ 2019-12-23 12:40:42,779][kfold_wrapper.log_eval_metrics] Accuracy(layer_4 - estimator_1 - 2_folds.train_0.predict)=80.41%
[ 2019-12-23 12:40:52,226][kfold_wrapper.log_eval_metrics] Accuracy(layer_4 - estimator_1 - 2_folds.train_1.predict)=83.16%
[ 2019-12-23 12:40:53,355][kfold_wrapper.log_eval_metrics] Accuracy(layer_4 - estimator_1 - 2_folds.train_cv.predict)=81.78%
[ 2019-12-23 12:40:53,355][kfold_wrapper.log_eval_metrics] Accuracy(layer_4 - estimator_1 - 2_folds.test.predict)=85.06%
[ 2019-12-23 12:40:54,705][kfold_wrapper.log_eval_metrics] Accuracy(layer_4 - estimator_2 - 3_folds.train_0.predict)=83.78%
[ 2019-12-23 12:40:56,098][kfold_wrapper.log_eval_metrics] Accuracy(layer_4 - estimator_2 - 3_folds.train_1.predict)=81.01%
[ 2019-12-23 12:40:57,493][kfold_wrapper.log_eval_metrics] Accuracy(layer_4 - estimator_2 - 3_folds.train_2.predict)=80.16%
[ 2019-12-23 12:40:57,495][kfold_wrapper.log_eval_metrics] Accuracy(layer_4 - estimator_2 - 3_folds.train_cv.predict)=81.65%
[ 2019-12-23 12:40:57,496][kfold_wrapper.log_eval_metrics] Accuracy(layer_4 - estimator_2 - 3_folds.test.predict)=82.76%
[ 2019-12-23 12:40:57,496][cascade_classifier.calc_accuracy] Accuracy(layer_4 - train.classifier_average)=82.56%
[ 2019-12-23 12:40:57,496][cascade_classifier.calc_accuracy] Accuracy(layer_4 - test.classifier_average)=82.76%
[ 2019-12-23 12:40:57,498][cascade_classifier.fit_transform] [layer=5] look_indexs=[0], X_cur_train.shape=(774, 364), X_cur_test.shape=(87, 364)
[ 2019-12-23 12:41:05,358][kfold_wrapper.log_eval_metrics] Accuracy(layer_5 - estimator_0 - 2_folds.train_0.predict)=81.19%
[ 2019-12-23 12:41:14,198][kfold_wrapper.log_eval_metrics] Accuracy(layer_5 - estimator_0 - 2_folds.train_1.predict)=81.35%
[ 2019-12-23 12:41:15,231][kfold_wrapper.log_eval_metrics] Accuracy(layer_5 - estimator_0 - 2_folds.train_cv.predict)=81.27%
[ 2019-12-23 12:41:15,231][kfold_wrapper.log_eval_metrics] Accuracy(layer_5 - estimator_0 - 2_folds.test.predict)=83.91%
[ 2019-12-23 12:41:23,621][kfold_wrapper.log_eval_metrics] Accuracy(layer_5 - estimator_1 - 2_folds.train_0.predict)=80.41%
[ 2019-12-23 12:41:33,062][kfold_wrapper.log_eval_metrics] Accuracy(layer_5 - estimator_1 - 2_folds.train_1.predict)=81.09%
[ 2019-12-23 12:41:34,096][kfold_wrapper.log_eval_metrics] Accuracy(layer_5 - estimator_1 - 2_folds.train_cv.predict)=80.75%
[ 2019-12-23 12:41:34,096][kfold_wrapper.log_eval_metrics] Accuracy(layer_5 - estimator_1 - 2_folds.test.predict)=83.91%
[ 2019-12-23 12:41:35,367][kfold_wrapper.log_eval_metrics] Accuracy(layer_5 - estimator_2 - 3_folds.train_0.predict)=78.76%
[ 2019-12-23 12:41:36,771][kfold_wrapper.log_eval_metrics] Accuracy(layer_5 - estimator_2 - 3_folds.train_1.predict)=79.07%
[ 2019-12-23 12:41:38,212][kfold_wrapper.log_eval_metrics] Accuracy(layer_5 - estimator_2 - 3_folds.train_2.predict)=81.71%
[ 2019-12-23 12:41:38,214][kfold_wrapper.log_eval_metrics] Accuracy(layer_5 - estimator_2 - 3_folds.train_cv.predict)=79.84%
[ 2019-12-23 12:41:38,215][kfold_wrapper.log_eval_metrics] Accuracy(layer_5 - estimator_2 - 3_folds.test.predict)=83.91%
[ 2019-12-23 12:41:38,215][cascade_classifier.calc_accuracy] Accuracy(layer_5 - train.classifier_average)=81.27%
[ 2019-12-23 12:41:38,215][cascade_classifier.calc_accuracy] Accuracy(layer_5 - test.classifier_average)=83.91%
[ 2019-12-23 12:41:38,217][cascade_classifier.fit_transform] [layer=6] look_indexs=[0], X_cur_train.shape=(774, 364), X_cur_test.shape=(87, 364)
[ 2019-12-23 12:41:46,068][kfold_wrapper.log_eval_metrics] Accuracy(layer_6 - estimator_0 - 2_folds.train_0.predict)=79.64%
[ 2019-12-23 12:41:55,140][kfold_wrapper.log_eval_metrics] Accuracy(layer_6 - estimator_0 - 2_folds.train_1.predict)=84.72%
[ 2019-12-23 12:41:56,259][kfold_wrapper.log_eval_metrics] Accuracy(layer_6 - estimator_0 - 2_folds.train_cv.predict)=82.17%
[ 2019-12-23 12:41:56,260][kfold_wrapper.log_eval_metrics] Accuracy(layer_6 - estimator_0 - 2_folds.test.predict)=85.06%
[ 2019-12-23 12:42:04,663][kfold_wrapper.log_eval_metrics] Accuracy(layer_6 - estimator_1 - 2_folds.train_0.predict)=82.22%
[ 2019-12-23 12:42:14,319][kfold_wrapper.log_eval_metrics] Accuracy(layer_6 - estimator_1 - 2_folds.train_1.predict)=79.79%
[ 2019-12-23 12:42:15,347][kfold_wrapper.log_eval_metrics] Accuracy(layer_6 - estimator_1 - 2_folds.train_cv.predict)=81.01%
[ 2019-12-23 12:42:15,348][kfold_wrapper.log_eval_metrics] Accuracy(layer_6 - estimator_1 - 2_folds.test.predict)=85.06%
[ 2019-12-23 12:42:16,755][kfold_wrapper.log_eval_metrics] Accuracy(layer_6 - estimator_2 - 3_folds.train_0.predict)=84.17%
[ 2019-12-23 12:42:18,142][kfold_wrapper.log_eval_metrics] Accuracy(layer_6 - estimator_2 - 3_folds.train_1.predict)=77.13%
[ 2019-12-23 12:42:19,511][kfold_wrapper.log_eval_metrics] Accuracy(layer_6 - estimator_2 - 3_folds.train_2.predict)=82.49%
[ 2019-12-23 12:42:19,513][kfold_wrapper.log_eval_metrics] Accuracy(layer_6 - estimator_2 - 3_folds.train_cv.predict)=81.27%
[ 2019-12-23 12:42:19,513][kfold_wrapper.log_eval_metrics] Accuracy(layer_6 - estimator_2 - 3_folds.test.predict)=83.91%
[ 2019-12-23 12:42:19,514][cascade_classifier.calc_accuracy] Accuracy(layer_6 - train.classifier_average)=81.27%
[ 2019-12-23 12:42:19,514][cascade_classifier.calc_accuracy] Accuracy(layer_6 - test.classifier_average)=85.06%
[ 2019-12-23 12:42:19,515][cascade_classifier.fit_transform] [layer=7] look_indexs=[0], X_cur_train.shape=(774, 364), X_cur_test.shape=(87, 364)
[ 2019-12-23 12:42:27,345][kfold_wrapper.log_eval_metrics] Accuracy(layer_7 - estimator_0 - 2_folds.train_0.predict)=82.73%
[ 2019-12-23 12:42:36,319][kfold_wrapper.log_eval_metrics] Accuracy(layer_7 - estimator_0 - 2_folds.train_1.predict)=81.35%
[ 2019-12-23 12:42:37,352][kfold_wrapper.log_eval_metrics] Accuracy(layer_7 - estimator_0 - 2_folds.train_cv.predict)=82.04%
[ 2019-12-23 12:42:37,353][kfold_wrapper.log_eval_metrics] Accuracy(layer_7 - estimator_0 - 2_folds.test.predict)=83.91%
[ 2019-12-23 12:42:45,750][kfold_wrapper.log_eval_metrics] Accuracy(layer_7 - estimator_1 - 2_folds.train_0.predict)=79.90%
[ 2019-12-23 12:42:55,173][kfold_wrapper.log_eval_metrics] Accuracy(layer_7 - estimator_1 - 2_folds.train_1.predict)=81.09%
[ 2019-12-23 12:42:56,201][kfold_wrapper.log_eval_metrics] Accuracy(layer_7 - estimator_1 - 2_folds.train_cv.predict)=80.49%
[ 2019-12-23 12:42:56,202][kfold_wrapper.log_eval_metrics] Accuracy(layer_7 - estimator_1 - 2_folds.test.predict)=85.06%
[ 2019-12-23 12:42:57,583][kfold_wrapper.log_eval_metrics] Accuracy(layer_7 - estimator_2 - 3_folds.train_0.predict)=79.92%
[ 2019-12-23 12:42:58,953][kfold_wrapper.log_eval_metrics] Accuracy(layer_7 - estimator_2 - 3_folds.train_1.predict)=80.23%
[ 2019-12-23 12:43:00,392][kfold_wrapper.log_eval_metrics] Accuracy(layer_7 - estimator_2 - 3_folds.train_2.predict)=85.21%
[ 2019-12-23 12:43:00,394][kfold_wrapper.log_eval_metrics] Accuracy(layer_7 - estimator_2 - 3_folds.train_cv.predict)=81.78%
[ 2019-12-23 12:43:00,394][kfold_wrapper.log_eval_metrics] Accuracy(layer_7 - estimator_2 - 3_folds.test.predict)=85.06%
[ 2019-12-23 12:43:00,394][cascade_classifier.calc_accuracy] Accuracy(layer_7 - train.classifier_average)=82.43%
[ 2019-12-23 12:43:00,401][cascade_classifier.calc_accuracy] Accuracy(layer_7 - test.classifier_average)=85.06%
[ 2019-12-23 12:43:00,401][cascade_classifier.fit_transform] [Result][Optimal Level Detected] opt_layer_num=5, accuracy_train=82.56%, accuracy_test=82.76%
[ 2019-12-23 12:43:00,467][cascade_classifier.transform] X_groups_test.shape=[(87, 358)]
[ 2019-12-23 12:43:00,467][cascade_classifier.transform] group_dims=[358]
[ 2019-12-23 12:43:00,468][cascade_classifier.transform] X_test.shape=(87, 358)
[ 2019-12-23 12:43:00,468][cascade_classifier.transform] [layer=0] look_indexs=[0], X_cur_test.shape=(87, 358)
[ 2019-12-23 12:43:04,701][cascade_classifier.transform] [layer=1] look_indexs=[0], X_cur_test.shape=(87, 364)
[ 2019-12-23 12:43:09,023][cascade_classifier.transform] [layer=2] look_indexs=[0], X_cur_test.shape=(87, 364)
[ 2019-12-23 12:43:13,664][cascade_classifier.transform] [layer=3] look_indexs=[0], X_cur_test.shape=(87, 364)
[ 2019-12-23 12:43:18,300][cascade_classifier.transform] [layer=4] look_indexs=[0], X_cur_test.shape=(87, 364)
[ 2019-12-23 12:43:22,942][cascade_classifier.transform] X_groups_test.shape=[(87, 358)]
[ 2019-12-23 12:43:22,943][cascade_classifier.transform] group_dims=[358]
[ 2019-12-23 12:43:22,943][cascade_classifier.transform] X_test.shape=(87, 358)
[ 2019-12-23 12:43:22,943][cascade_classifier.transform] [layer=0] look_indexs=[0], X_cur_test.shape=(87, 358)
[ 2019-12-23 12:43:27,376][cascade_classifier.transform] [layer=1] look_indexs=[0], X_cur_test.shape=(87, 364)
[ 2019-12-23 12:43:32,222][cascade_classifier.transform] [layer=2] look_indexs=[0], X_cur_test.shape=(87, 364)
[ 2019-12-23 12:43:36,854][cascade_classifier.transform] [layer=3] look_indexs=[0], X_cur_test.shape=(87, 364)
[ 2019-12-23 12:43:41,375][cascade_classifier.transform] [layer=4] look_indexs=[0], X_cur_test.shape=(87, 364)
