[ 2019-12-28 16:25:39,621][cascade_classifier.fit_transform] X_groups_train.shape=[(774, 28)],y_train.shape=(774,),X_groups_test.shape=[(87, 28)],y_test.shape=(87,)
[ 2019-12-28 16:25:39,622][cascade_classifier.fit_transform] group_dims=[28]
[ 2019-12-28 16:25:39,622][cascade_classifier.fit_transform] group_starts=[0]
[ 2019-12-28 16:25:39,622][cascade_classifier.fit_transform] group_ends=[28]
[ 2019-12-28 16:25:39,623][cascade_classifier.fit_transform] X_train.shape=(774, 28),X_test.shape=(87, 28)
[ 2019-12-28 16:25:39,623][cascade_classifier.fit_transform] [layer=0] look_indexs=[0], X_cur_train.shape=(774, 28), X_cur_test.shape=(87, 28)
[ 2019-12-28 16:25:41,790][kfold_wrapper.log_eval_metrics] Accuracy(layer_0 - estimator_0 - 3_folds.train_0.predict)=79.15%
[ 2019-12-28 16:25:44,258][kfold_wrapper.log_eval_metrics] Accuracy(layer_0 - estimator_0 - 3_folds.train_1.predict)=84.88%
[ 2019-12-28 16:25:46,708][kfold_wrapper.log_eval_metrics] Accuracy(layer_0 - estimator_0 - 3_folds.train_2.predict)=82.10%
[ 2019-12-28 16:25:47,017][kfold_wrapper.log_eval_metrics] Accuracy(layer_0 - estimator_0 - 3_folds.train_cv.predict)=82.04%
[ 2019-12-28 16:25:47,018][kfold_wrapper.log_eval_metrics] Accuracy(layer_0 - estimator_0 - 3_folds.test.predict)=88.51%
[ 2019-12-28 16:25:49,173][kfold_wrapper.log_eval_metrics] Accuracy(layer_0 - estimator_1 - 3_folds.train_0.predict)=82.24%
[ 2019-12-28 16:25:51,627][kfold_wrapper.log_eval_metrics] Accuracy(layer_0 - estimator_1 - 3_folds.train_1.predict)=81.78%
[ 2019-12-28 16:25:54,103][kfold_wrapper.log_eval_metrics] Accuracy(layer_0 - estimator_1 - 3_folds.train_2.predict)=80.93%
[ 2019-12-28 16:25:54,411][kfold_wrapper.log_eval_metrics] Accuracy(layer_0 - estimator_1 - 3_folds.train_cv.predict)=81.65%
[ 2019-12-28 16:25:54,411][kfold_wrapper.log_eval_metrics] Accuracy(layer_0 - estimator_1 - 3_folds.test.predict)=87.36%
[ 2019-12-28 16:25:54,611][kfold_wrapper.log_eval_metrics] Accuracy(layer_0 - estimator_2 - 3_folds.train_0.predict)=83.40%
[ 2019-12-28 16:25:54,802][kfold_wrapper.log_eval_metrics] Accuracy(layer_0 - estimator_2 - 3_folds.train_1.predict)=78.29%
[ 2019-12-28 16:25:55,025][kfold_wrapper.log_eval_metrics] Accuracy(layer_0 - estimator_2 - 3_folds.train_2.predict)=83.27%
[ 2019-12-28 16:25:55,026][kfold_wrapper.log_eval_metrics] Accuracy(layer_0 - estimator_2 - 3_folds.train_cv.predict)=81.65%
[ 2019-12-28 16:25:55,026][kfold_wrapper.log_eval_metrics] Accuracy(layer_0 - estimator_2 - 3_folds.test.predict)=87.36%
[ 2019-12-28 16:25:55,026][cascade_classifier.calc_accuracy] Accuracy(layer_0 - train.classifier_average)=82.69%
[ 2019-12-28 16:25:55,027][cascade_classifier.calc_accuracy] Accuracy(layer_0 - test.classifier_average)=85.06%
[ 2019-12-28 16:25:55,027][cascade_classifier.fit_transform] [layer=1] look_indexs=[0], X_cur_train.shape=(774, 34), X_cur_test.shape=(87, 34)
[ 2019-12-28 16:25:57,177][kfold_wrapper.log_eval_metrics] Accuracy(layer_1 - estimator_0 - 3_folds.train_0.predict)=80.69%
[ 2019-12-28 16:25:59,627][kfold_wrapper.log_eval_metrics] Accuracy(layer_1 - estimator_0 - 3_folds.train_1.predict)=81.01%
[ 2019-12-28 16:26:02,244][kfold_wrapper.log_eval_metrics] Accuracy(layer_1 - estimator_0 - 3_folds.train_2.predict)=82.88%
[ 2019-12-28 16:26:02,550][kfold_wrapper.log_eval_metrics] Accuracy(layer_1 - estimator_0 - 3_folds.train_cv.predict)=81.52%
[ 2019-12-28 16:26:02,550][kfold_wrapper.log_eval_metrics] Accuracy(layer_1 - estimator_0 - 3_folds.test.predict)=87.36%
[ 2019-12-28 16:26:04,711][kfold_wrapper.log_eval_metrics] Accuracy(layer_1 - estimator_1 - 3_folds.train_0.predict)=84.56%
[ 2019-12-28 16:26:07,315][kfold_wrapper.log_eval_metrics] Accuracy(layer_1 - estimator_1 - 3_folds.train_1.predict)=77.91%
[ 2019-12-28 16:26:09,903][kfold_wrapper.log_eval_metrics] Accuracy(layer_1 - estimator_1 - 3_folds.train_2.predict)=81.71%
[ 2019-12-28 16:26:10,214][kfold_wrapper.log_eval_metrics] Accuracy(layer_1 - estimator_1 - 3_folds.train_cv.predict)=81.40%
[ 2019-12-28 16:26:10,214][kfold_wrapper.log_eval_metrics] Accuracy(layer_1 - estimator_1 - 3_folds.test.predict)=87.36%
[ 2019-12-28 16:26:10,417][kfold_wrapper.log_eval_metrics] Accuracy(layer_1 - estimator_2 - 3_folds.train_0.predict)=79.54%
[ 2019-12-28 16:26:10,616][kfold_wrapper.log_eval_metrics] Accuracy(layer_1 - estimator_2 - 3_folds.train_1.predict)=81.78%
[ 2019-12-28 16:26:10,821][kfold_wrapper.log_eval_metrics] Accuracy(layer_1 - estimator_2 - 3_folds.train_2.predict)=84.05%
[ 2019-12-28 16:26:10,822][kfold_wrapper.log_eval_metrics] Accuracy(layer_1 - estimator_2 - 3_folds.train_cv.predict)=81.78%
[ 2019-12-28 16:26:10,822][kfold_wrapper.log_eval_metrics] Accuracy(layer_1 - estimator_2 - 3_folds.test.predict)=86.21%
[ 2019-12-28 16:26:10,822][cascade_classifier.calc_accuracy] Accuracy(layer_1 - train.classifier_average)=81.52%
[ 2019-12-28 16:26:10,823][cascade_classifier.calc_accuracy] Accuracy(layer_1 - test.classifier_average)=86.21%
[ 2019-12-28 16:26:10,823][cascade_classifier.fit_transform] [layer=2] look_indexs=[0], X_cur_train.shape=(774, 34), X_cur_test.shape=(87, 34)
[ 2019-12-28 16:26:13,128][kfold_wrapper.log_eval_metrics] Accuracy(layer_2 - estimator_0 - 3_folds.train_0.predict)=81.08%
[ 2019-12-28 16:26:15,780][kfold_wrapper.log_eval_metrics] Accuracy(layer_2 - estimator_0 - 3_folds.train_1.predict)=81.78%
[ 2019-12-28 16:26:18,280][kfold_wrapper.log_eval_metrics] Accuracy(layer_2 - estimator_0 - 3_folds.train_2.predict)=82.49%
[ 2019-12-28 16:26:18,587][kfold_wrapper.log_eval_metrics] Accuracy(layer_2 - estimator_0 - 3_folds.train_cv.predict)=81.78%
[ 2019-12-28 16:26:18,587][kfold_wrapper.log_eval_metrics] Accuracy(layer_2 - estimator_0 - 3_folds.test.predict)=87.36%
[ 2019-12-28 16:26:20,748][kfold_wrapper.log_eval_metrics] Accuracy(layer_2 - estimator_1 - 3_folds.train_0.predict)=80.31%
[ 2019-12-28 16:26:23,224][kfold_wrapper.log_eval_metrics] Accuracy(layer_2 - estimator_1 - 3_folds.train_1.predict)=81.78%
