[ 2019-12-06 16:24:37,996][cascade_classifier.fit_transform] X_groups_train.shape=[(774, 1, 1, 1)],y_train.shape=(774,),X_groups_test.shape=[(87, 1, 1, 1)],y_test.shape=(87,)
[ 2019-12-06 16:24:37,997][cascade_classifier.fit_transform] group_dims=[1]
[ 2019-12-06 16:24:37,997][cascade_classifier.fit_transform] group_starts=[0]
[ 2019-12-06 16:24:37,997][cascade_classifier.fit_transform] group_ends=[1]
[ 2019-12-06 16:24:37,998][cascade_classifier.fit_transform] X_train.shape=(774, 1),X_test.shape=(87, 1)
[ 2019-12-06 16:24:37,998][cascade_classifier.fit_transform] [layer=0] look_indexs=[0], X_cur_train.shape=(774, 1), X_cur_test.shape=(87, 1)
[ 2019-12-06 16:24:38,459][kfold_wrapper.log_eval_metrics] Accuracy(layer_0 - estimator_0 - 5_folds.train_0.predict)=91.67%
[ 2019-12-06 16:24:38,870][kfold_wrapper.log_eval_metrics] Accuracy(layer_0 - estimator_0 - 5_folds.train_1.predict)=90.32%
[ 2019-12-06 16:24:39,273][kfold_wrapper.log_eval_metrics] Accuracy(layer_0 - estimator_0 - 5_folds.train_2.predict)=91.61%
[ 2019-12-06 16:24:39,678][kfold_wrapper.log_eval_metrics] Accuracy(layer_0 - estimator_0 - 5_folds.train_3.predict)=92.21%
[ 2019-12-06 16:24:40,088][kfold_wrapper.log_eval_metrics] Accuracy(layer_0 - estimator_0 - 5_folds.train_4.predict)=88.96%
[ 2019-12-06 16:24:40,089][kfold_wrapper.log_eval_metrics] Accuracy(layer_0 - estimator_0 - 5_folds.train_cv.predict)=90.96%
[ 2019-12-06 16:24:40,089][kfold_wrapper.log_eval_metrics] Accuracy(layer_0 - estimator_0 - 5_folds.test.predict)=94.25%
[ 2019-12-06 16:24:42,269][kfold_wrapper.log_eval_metrics] Accuracy(layer_0 - estimator_1 - 5_folds.train_0.predict)=87.82%
[ 2019-12-06 16:24:44,741][kfold_wrapper.log_eval_metrics] Accuracy(layer_0 - estimator_1 - 5_folds.train_1.predict)=87.10%
[ 2019-12-06 16:24:47,198][kfold_wrapper.log_eval_metrics] Accuracy(layer_0 - estimator_1 - 5_folds.train_2.predict)=90.32%
[ 2019-12-06 16:24:49,637][kfold_wrapper.log_eval_metrics] Accuracy(layer_0 - estimator_1 - 5_folds.train_3.predict)=88.31%
[ 2019-12-06 16:24:52,095][kfold_wrapper.log_eval_metrics] Accuracy(layer_0 - estimator_1 - 5_folds.train_4.predict)=94.16%
[ 2019-12-06 16:24:52,412][kfold_wrapper.log_eval_metrics] Accuracy(layer_0 - estimator_1 - 5_folds.train_cv.predict)=89.53%
[ 2019-12-06 16:24:52,413][kfold_wrapper.log_eval_metrics] Accuracy(layer_0 - estimator_1 - 5_folds.test.predict)=89.66%
[ 2019-12-06 16:24:54,485][kfold_wrapper.log_eval_metrics] Accuracy(layer_0 - estimator_2 - 5_folds.train_0.predict)=90.38%
[ 2019-12-06 16:24:56,874][kfold_wrapper.log_eval_metrics] Accuracy(layer_0 - estimator_2 - 5_folds.train_1.predict)=87.10%
[ 2019-12-06 16:24:59,259][kfold_wrapper.log_eval_metrics] Accuracy(layer_0 - estimator_2 - 5_folds.train_2.predict)=90.32%
[ 2019-12-06 16:25:01,652][kfold_wrapper.log_eval_metrics] Accuracy(layer_0 - estimator_2 - 5_folds.train_3.predict)=90.26%
[ 2019-12-06 16:25:04,035][kfold_wrapper.log_eval_metrics] Accuracy(layer_0 - estimator_2 - 5_folds.train_4.predict)=92.86%
[ 2019-12-06 16:25:04,345][kfold_wrapper.log_eval_metrics] Accuracy(layer_0 - estimator_2 - 5_folds.train_cv.predict)=90.18%
[ 2019-12-06 16:25:04,345][kfold_wrapper.log_eval_metrics] Accuracy(layer_0 - estimator_2 - 5_folds.test.predict)=88.51%
