[ 2019-12-19 20:56:23,619][cascade_classifier.fit_transform] X_groups_train.shape=[(774, 358)],y_train.shape=(774,),X_groups_test.shape=[(87, 358)],y_test.shape=(87,)
[ 2019-12-19 20:56:23,620][cascade_classifier.fit_transform] group_dims=[358]
[ 2019-12-19 20:56:23,620][cascade_classifier.fit_transform] group_starts=[0]
[ 2019-12-19 20:56:23,620][cascade_classifier.fit_transform] group_ends=[358]
[ 2019-12-19 20:56:23,621][cascade_classifier.fit_transform] X_train.shape=(774, 358),X_test.shape=(87, 358)
[ 2019-12-19 20:56:23,622][cascade_classifier.fit_transform] [layer=0] look_indexs=[0], X_cur_train.shape=(774, 358), X_cur_test.shape=(87, 358)
[ 2019-12-19 20:56:26,553][kfold_wrapper.log_eval_metrics] Accuracy(layer_0 - estimator_0 - 3_folds.train_0.predict)=79.54%
[ 2019-12-19 20:56:29,920][kfold_wrapper.log_eval_metrics] Accuracy(layer_0 - estimator_0 - 3_folds.train_1.predict)=83.72%
[ 2019-12-19 20:56:33,139][kfold_wrapper.log_eval_metrics] Accuracy(layer_0 - estimator_0 - 3_folds.train_2.predict)=82.49%
[ 2019-12-19 20:56:33,448][kfold_wrapper.log_eval_metrics] Accuracy(layer_0 - estimator_0 - 3_folds.train_cv.predict)=81.91%
[ 2019-12-19 20:56:33,448][kfold_wrapper.log_eval_metrics] Accuracy(layer_0 - estimator_0 - 3_folds.test.predict)=85.06%
[ 2019-12-19 20:56:36,262][kfold_wrapper.log_eval_metrics] Accuracy(layer_0 - estimator_1 - 3_folds.train_0.predict)=78.76%
[ 2019-12-19 20:56:39,217][kfold_wrapper.log_eval_metrics] Accuracy(layer_0 - estimator_1 - 3_folds.train_1.predict)=81.01%
[ 2019-12-19 20:56:42,185][kfold_wrapper.log_eval_metrics] Accuracy(layer_0 - estimator_1 - 3_folds.train_2.predict)=84.05%
[ 2019-12-19 20:56:42,494][kfold_wrapper.log_eval_metrics] Accuracy(layer_0 - estimator_1 - 3_folds.train_cv.predict)=81.27%
[ 2019-12-19 20:56:42,494][kfold_wrapper.log_eval_metrics] Accuracy(layer_0 - estimator_1 - 3_folds.test.predict)=85.06%
[ 2019-12-19 20:56:44,232][kfold_wrapper.log_eval_metrics] Accuracy(layer_0 - estimator_2 - 3_folds.train_0.predict)=81.08%
[ 2019-12-19 20:56:45,841][kfold_wrapper.log_eval_metrics] Accuracy(layer_0 - estimator_2 - 3_folds.train_1.predict)=81.01%
[ 2019-12-19 20:56:47,580][kfold_wrapper.log_eval_metrics] Accuracy(layer_0 - estimator_2 - 3_folds.train_2.predict)=78.99%
[ 2019-12-19 20:56:47,582][kfold_wrapper.log_eval_metrics] Accuracy(layer_0 - estimator_2 - 3_folds.train_cv.predict)=80.36%
[ 2019-12-19 20:56:47,582][kfold_wrapper.log_eval_metrics] Accuracy(layer_0 - estimator_2 - 3_folds.test.predict)=82.76%
[ 2019-12-19 20:56:47,582][cascade_classifier.calc_accuracy] Accuracy(layer_0 - train.classifier_average)=81.27%
[ 2019-12-19 20:56:47,583][cascade_classifier.calc_accuracy] Accuracy(layer_0 - test.classifier_average)=85.06%
[ 2019-12-19 20:56:47,585][cascade_classifier.fit_transform] [layer=1] look_indexs=[0], X_cur_train.shape=(774, 364), X_cur_test.shape=(87, 364)
[ 2019-12-19 20:56:50,005][kfold_wrapper.log_eval_metrics] Accuracy(layer_1 - estimator_0 - 3_folds.train_0.predict)=84.56%
[ 2019-12-19 20:56:52,749][kfold_wrapper.log_eval_metrics] Accuracy(layer_1 - estimator_0 - 3_folds.train_1.predict)=85.27%
[ 2019-12-19 20:56:55,476][kfold_wrapper.log_eval_metrics] Accuracy(layer_1 - estimator_0 - 3_folds.train_2.predict)=78.99%
[ 2019-12-19 20:56:55,784][kfold_wrapper.log_eval_metrics] Accuracy(layer_1 - estimator_0 - 3_folds.train_cv.predict)=82.95%
[ 2019-12-19 20:56:55,784][kfold_wrapper.log_eval_metrics] Accuracy(layer_1 - estimator_0 - 3_folds.test.predict)=85.06%
[ 2019-12-19 20:56:58,323][kfold_wrapper.log_eval_metrics] Accuracy(layer_1 - estimator_1 - 3_folds.train_0.predict)=80.31%
[ 2019-12-19 20:57:01,122][kfold_wrapper.log_eval_metrics] Accuracy(layer_1 - estimator_1 - 3_folds.train_1.predict)=78.29%
[ 2019-12-19 20:57:03,996][kfold_wrapper.log_eval_metrics] Accuracy(layer_1 - estimator_1 - 3_folds.train_2.predict)=83.27%
[ 2019-12-19 20:57:04,309][kfold_wrapper.log_eval_metrics] Accuracy(layer_1 - estimator_1 - 3_folds.train_cv.predict)=80.62%
[ 2019-12-19 20:57:04,309][kfold_wrapper.log_eval_metrics] Accuracy(layer_1 - estimator_1 - 3_folds.test.predict)=85.06%
[ 2019-12-19 20:57:06,350][kfold_wrapper.log_eval_metrics] Accuracy(layer_1 - estimator_2 - 3_folds.train_0.predict)=80.69%
[ 2019-12-19 20:57:08,362][kfold_wrapper.log_eval_metrics] Accuracy(layer_1 - estimator_2 - 3_folds.train_1.predict)=81.40%
[ 2019-12-19 20:57:12,010][kfold_wrapper.log_eval_metrics] Accuracy(layer_1 - estimator_2 - 3_folds.train_2.predict)=78.21%
[ 2019-12-19 20:57:12,012][kfold_wrapper.log_eval_metrics] Accuracy(layer_1 - estimator_2 - 3_folds.train_cv.predict)=80.10%
[ 2019-12-19 20:57:12,012][kfold_wrapper.log_eval_metrics] Accuracy(layer_1 - estimator_2 - 3_folds.test.predict)=83.91%
[ 2019-12-19 20:57:12,013][cascade_classifier.calc_accuracy] Accuracy(layer_1 - train.classifier_average)=80.62%
[ 2019-12-19 20:57:12,013][cascade_classifier.calc_accuracy] Accuracy(layer_1 - test.classifier_average)=85.06%
[ 2019-12-19 20:57:12,015][cascade_classifier.fit_transform] [layer=2] look_indexs=[0], X_cur_train.shape=(774, 364), X_cur_test.shape=(87, 364)
[ 2019-12-19 20:57:15,031][kfold_wrapper.log_eval_metrics] Accuracy(layer_2 - estimator_0 - 3_folds.train_0.predict)=79.92%
[ 2019-12-19 20:57:18,269][kfold_wrapper.log_eval_metrics] Accuracy(layer_2 - estimator_0 - 3_folds.train_1.predict)=80.23%
[ 2019-12-19 20:57:21,475][kfold_wrapper.log_eval_metrics] Accuracy(layer_2 - estimator_0 - 3_folds.train_2.predict)=82.88%
[ 2019-12-19 20:57:21,784][kfold_wrapper.log_eval_metrics] Accuracy(layer_2 - estimator_0 - 3_folds.train_cv.predict)=81.01%
[ 2019-12-19 20:57:21,790][kfold_wrapper.log_eval_metrics] Accuracy(layer_2 - estimator_0 - 3_folds.test.predict)=85.06%
[ 2019-12-19 20:57:24,644][kfold_wrapper.log_eval_metrics] Accuracy(layer_2 - estimator_1 - 3_folds.train_0.predict)=85.33%
[ 2019-12-19 20:57:27,995][kfold_wrapper.log_eval_metrics] Accuracy(layer_2 - estimator_1 - 3_folds.train_1.predict)=81.01%
[ 2019-12-19 20:57:30,743][kfold_wrapper.log_eval_metrics] Accuracy(layer_2 - estimator_1 - 3_folds.train_2.predict)=77.82%
[ 2019-12-19 20:57:31,050][kfold_wrapper.log_eval_metrics] Accuracy(layer_2 - estimator_1 - 3_folds.train_cv.predict)=81.40%
[ 2019-12-19 20:57:31,050][kfold_wrapper.log_eval_metrics] Accuracy(layer_2 - estimator_1 - 3_folds.test.predict)=85.06%
[ 2019-12-19 20:57:32,777][kfold_wrapper.log_eval_metrics] Accuracy(layer_2 - estimator_2 - 3_folds.train_0.predict)=82.63%
[ 2019-12-19 20:57:34,436][kfold_wrapper.log_eval_metrics] Accuracy(layer_2 - estimator_2 - 3_folds.train_1.predict)=79.07%
[ 2019-12-19 20:57:36,331][kfold_wrapper.log_eval_metrics] Accuracy(layer_2 - estimator_2 - 3_folds.train_2.predict)=79.38%
[ 2019-12-19 20:57:36,333][kfold_wrapper.log_eval_metrics] Accuracy(layer_2 - estimator_2 - 3_folds.train_cv.predict)=80.36%
[ 2019-12-19 20:57:36,339][kfold_wrapper.log_eval_metrics] Accuracy(layer_2 - estimator_2 - 3_folds.test.predict)=85.06%
[ 2019-12-19 20:57:36,339][cascade_classifier.calc_accuracy] Accuracy(layer_2 - train.classifier_average)=80.75%
[ 2019-12-19 20:57:36,340][cascade_classifier.calc_accuracy] Accuracy(layer_2 - test.classifier_average)=83.91%
[ 2019-12-19 20:57:36,341][cascade_classifier.fit_transform] [layer=3] look_indexs=[0], X_cur_train.shape=(774, 364), X_cur_test.shape=(87, 364)
[ 2019-12-19 20:57:38,918][kfold_wrapper.log_eval_metrics] Accuracy(layer_3 - estimator_0 - 3_folds.train_0.predict)=84.56%
[ 2019-12-19 20:57:41,979][kfold_wrapper.log_eval_metrics] Accuracy(layer_3 - estimator_0 - 3_folds.train_1.predict)=80.62%
[ 2019-12-19 20:57:45,163][kfold_wrapper.log_eval_metrics] Accuracy(layer_3 - estimator_0 - 3_folds.train_2.predict)=80.16%
[ 2019-12-19 20:57:45,476][kfold_wrapper.log_eval_metrics] Accuracy(layer_3 - estimator_0 - 3_folds.train_cv.predict)=81.78%
[ 2019-12-19 20:57:45,476][kfold_wrapper.log_eval_metrics] Accuracy(layer_3 - estimator_0 - 3_folds.test.predict)=85.06%
[ 2019-12-19 20:57:48,130][kfold_wrapper.log_eval_metrics] Accuracy(layer_3 - estimator_1 - 3_folds.train_0.predict)=81.85%
[ 2019-12-19 20:57:51,293][kfold_wrapper.log_eval_metrics] Accuracy(layer_3 - estimator_1 - 3_folds.train_1.predict)=77.91%
[ 2019-12-19 20:57:54,247][kfold_wrapper.log_eval_metrics] Accuracy(layer_3 - estimator_1 - 3_folds.train_2.predict)=80.54%
[ 2019-12-19 20:57:54,557][kfold_wrapper.log_eval_metrics] Accuracy(layer_3 - estimator_1 - 3_folds.train_cv.predict)=80.10%
[ 2019-12-19 20:57:54,557][kfold_wrapper.log_eval_metrics] Accuracy(layer_3 - estimator_1 - 3_folds.test.predict)=85.06%
[ 2019-12-19 20:57:56,483][kfold_wrapper.log_eval_metrics] Accuracy(layer_3 - estimator_2 - 3_folds.train_0.predict)=77.99%
[ 2019-12-19 20:57:58,020][kfold_wrapper.log_eval_metrics] Accuracy(layer_3 - estimator_2 - 3_folds.train_1.predict)=82.56%
[ 2019-12-19 20:57:59,854][kfold_wrapper.log_eval_metrics] Accuracy(layer_3 - estimator_2 - 3_folds.train_2.predict)=80.93%
[ 2019-12-19 20:57:59,857][kfold_wrapper.log_eval_metrics] Accuracy(layer_3 - estimator_2 - 3_folds.train_cv.predict)=80.49%
[ 2019-12-19 20:57:59,857][kfold_wrapper.log_eval_metrics] Accuracy(layer_3 - estimator_2 - 3_folds.test.predict)=85.06%
[ 2019-12-19 20:57:59,857][cascade_classifier.calc_accuracy] Accuracy(layer_3 - train.classifier_average)=80.36%
[ 2019-12-19 20:57:59,858][cascade_classifier.calc_accuracy] Accuracy(layer_3 - test.classifier_average)=83.91%
[ 2019-12-19 20:57:59,858][cascade_classifier.fit_transform] [Result][Optimal Level Detected] opt_layer_num=1, accuracy_train=81.27%, accuracy_test=85.06%
[ 2019-12-19 20:57:59,886][cascade_classifier.transform] X_groups_test.shape=[(87, 358)]
[ 2019-12-19 20:57:59,887][cascade_classifier.transform] group_dims=[358]
[ 2019-12-19 20:57:59,887][cascade_classifier.transform] X_test.shape=(87, 358)
[ 2019-12-19 20:57:59,887][cascade_classifier.transform] [layer=0] look_indexs=[0], X_cur_test.shape=(87, 358)
[ 2019-12-19 20:58:01,814][cascade_classifier.transform] X_groups_test.shape=[(87, 358)]
[ 2019-12-19 20:58:01,814][cascade_classifier.transform] group_dims=[358]
[ 2019-12-19 20:58:01,814][cascade_classifier.transform] X_test.shape=(87, 358)
[ 2019-12-19 20:58:01,814][cascade_classifier.transform] [layer=0] look_indexs=[0], X_cur_test.shape=(87, 358)
[ 2019-12-19 20:58:03,952][cascade_classifier.fit_transform] X_groups_train.shape=[(774, 358)],y_train.shape=(774,),X_groups_test.shape=[(87, 358)],y_test.shape=(87,)
[ 2019-12-19 20:58:03,954][cascade_classifier.fit_transform] group_dims=[358]
[ 2019-12-19 20:58:03,962][cascade_classifier.fit_transform] group_starts=[0]
[ 2019-12-19 20:58:03,962][cascade_classifier.fit_transform] group_ends=[358]
[ 2019-12-19 20:58:03,963][cascade_classifier.fit_transform] X_train.shape=(774, 358),X_test.shape=(87, 358)
[ 2019-12-19 20:58:03,965][cascade_classifier.fit_transform] [layer=0] look_indexs=[0], X_cur_train.shape=(774, 358), X_cur_test.shape=(87, 358)
[ 2019-12-19 20:58:06,749][kfold_wrapper.log_eval_metrics] Accuracy(layer_0 - estimator_0 - 3_folds.train_0.predict)=81.47%
[ 2019-12-19 20:58:09,480][kfold_wrapper.log_eval_metrics] Accuracy(layer_0 - estimator_0 - 3_folds.train_1.predict)=83.33%
[ 2019-12-19 20:58:12,483][kfold_wrapper.log_eval_metrics] Accuracy(layer_0 - estimator_0 - 3_folds.train_2.predict)=80.16%
[ 2019-12-19 20:58:12,802][kfold_wrapper.log_eval_metrics] Accuracy(layer_0 - estimator_0 - 3_folds.train_cv.predict)=81.65%
[ 2019-12-19 20:58:12,802][kfold_wrapper.log_eval_metrics] Accuracy(layer_0 - estimator_0 - 3_folds.test.predict)=85.06%
[ 2019-12-19 20:58:15,220][kfold_wrapper.log_eval_metrics] Accuracy(layer_0 - estimator_1 - 3_folds.train_0.predict)=83.40%
[ 2019-12-19 20:58:17,976][kfold_wrapper.log_eval_metrics] Accuracy(layer_0 - estimator_1 - 3_folds.train_1.predict)=81.40%
[ 2019-12-19 20:58:20,862][kfold_wrapper.log_eval_metrics] Accuracy(layer_0 - estimator_1 - 3_folds.train_2.predict)=78.99%
[ 2019-12-19 20:58:21,272][kfold_wrapper.log_eval_metrics] Accuracy(layer_0 - estimator_1 - 3_folds.train_cv.predict)=81.27%
[ 2019-12-19 20:58:21,273][kfold_wrapper.log_eval_metrics] Accuracy(layer_0 - estimator_1 - 3_folds.test.predict)=85.06%
[ 2019-12-19 20:58:22,946][kfold_wrapper.log_eval_metrics] Accuracy(layer_0 - estimator_2 - 3_folds.train_0.predict)=83.40%
[ 2019-12-19 20:58:24,595][kfold_wrapper.log_eval_metrics] Accuracy(layer_0 - estimator_2 - 3_folds.train_1.predict)=78.68%
[ 2019-12-19 20:58:26,819][kfold_wrapper.log_eval_metrics] Accuracy(layer_0 - estimator_2 - 3_folds.train_2.predict)=81.32%
[ 2019-12-19 20:58:26,821][kfold_wrapper.log_eval_metrics] Accuracy(layer_0 - estimator_2 - 3_folds.train_cv.predict)=81.14%
[ 2019-12-19 20:58:26,821][kfold_wrapper.log_eval_metrics] Accuracy(layer_0 - estimator_2 - 3_folds.test.predict)=83.91%
[ 2019-12-19 20:58:26,821][cascade_classifier.calc_accuracy] Accuracy(layer_0 - train.classifier_average)=81.91%
[ 2019-12-19 20:58:26,822][cascade_classifier.calc_accuracy] Accuracy(layer_0 - test.classifier_average)=85.06%
[ 2019-12-19 20:58:26,823][cascade_classifier.fit_transform] [layer=1] look_indexs=[0], X_cur_train.shape=(774, 364), X_cur_test.shape=(87, 364)
[ 2019-12-19 20:58:29,440][kfold_wrapper.log_eval_metrics] Accuracy(layer_1 - estimator_0 - 3_folds.train_0.predict)=84.56%
[ 2019-12-19 20:58:32,221][kfold_wrapper.log_eval_metrics] Accuracy(layer_1 - estimator_0 - 3_folds.train_1.predict)=78.29%
[ 2019-12-19 20:58:34,964][kfold_wrapper.log_eval_metrics] Accuracy(layer_1 - estimator_0 - 3_folds.train_2.predict)=79.38%
[ 2019-12-19 20:58:35,271][kfold_wrapper.log_eval_metrics] Accuracy(layer_1 - estimator_0 - 3_folds.train_cv.predict)=80.75%
[ 2019-12-19 20:58:35,271][kfold_wrapper.log_eval_metrics] Accuracy(layer_1 - estimator_0 - 3_folds.test.predict)=85.06%
[ 2019-12-19 20:58:37,780][kfold_wrapper.log_eval_metrics] Accuracy(layer_1 - estimator_1 - 3_folds.train_0.predict)=81.08%
[ 2019-12-19 20:58:40,514][kfold_wrapper.log_eval_metrics] Accuracy(layer_1 - estimator_1 - 3_folds.train_1.predict)=79.84%
[ 2019-12-19 20:58:43,376][kfold_wrapper.log_eval_metrics] Accuracy(layer_1 - estimator_1 - 3_folds.train_2.predict)=81.71%
[ 2019-12-19 20:58:43,684][kfold_wrapper.log_eval_metrics] Accuracy(layer_1 - estimator_1 - 3_folds.train_cv.predict)=80.88%
[ 2019-12-19 20:58:43,684][kfold_wrapper.log_eval_metrics] Accuracy(layer_1 - estimator_1 - 3_folds.test.predict)=85.06%
[ 2019-12-19 20:58:45,353][kfold_wrapper.log_eval_metrics] Accuracy(layer_1 - estimator_2 - 3_folds.train_0.predict)=78.38%
[ 2019-12-19 20:58:47,153][kfold_wrapper.log_eval_metrics] Accuracy(layer_1 - estimator_2 - 3_folds.train_1.predict)=82.56%
[ 2019-12-19 20:58:48,741][kfold_wrapper.log_eval_metrics] Accuracy(layer_1 - estimator_2 - 3_folds.train_2.predict)=80.54%
[ 2019-12-19 20:58:48,743][kfold_wrapper.log_eval_metrics] Accuracy(layer_1 - estimator_2 - 3_folds.train_cv.predict)=80.49%
[ 2019-12-19 20:58:48,743][kfold_wrapper.log_eval_metrics] Accuracy(layer_1 - estimator_2 - 3_folds.test.predict)=86.21%
[ 2019-12-19 20:58:48,745][cascade_classifier.calc_accuracy] Accuracy(layer_1 - train.classifier_average)=81.27%
[ 2019-12-19 20:58:48,745][cascade_classifier.calc_accuracy] Accuracy(layer_1 - test.classifier_average)=85.06%
[ 2019-12-19 20:58:48,747][cascade_classifier.fit_transform] [layer=2] look_indexs=[0], X_cur_train.shape=(774, 364), X_cur_test.shape=(87, 364)
[ 2019-12-19 20:58:51,194][kfold_wrapper.log_eval_metrics] Accuracy(layer_2 - estimator_0 - 3_folds.train_0.predict)=78.76%
[ 2019-12-19 20:58:54,103][kfold_wrapper.log_eval_metrics] Accuracy(layer_2 - estimator_0 - 3_folds.train_1.predict)=79.46%
[ 2019-12-19 20:58:57,001][kfold_wrapper.log_eval_metrics] Accuracy(layer_2 - estimator_0 - 3_folds.train_2.predict)=82.49%
[ 2019-12-19 20:58:57,317][kfold_wrapper.log_eval_metrics] Accuracy(layer_2 - estimator_0 - 3_folds.train_cv.predict)=80.23%
[ 2019-12-19 20:58:57,317][kfold_wrapper.log_eval_metrics] Accuracy(layer_2 - estimator_0 - 3_folds.test.predict)=85.06%
[ 2019-12-19 20:58:59,738][kfold_wrapper.log_eval_metrics] Accuracy(layer_2 - estimator_1 - 3_folds.train_0.predict)=78.38%
[ 2019-12-19 20:59:02,473][kfold_wrapper.log_eval_metrics] Accuracy(layer_2 - estimator_1 - 3_folds.train_1.predict)=84.11%
[ 2019-12-19 20:59:05,210][kfold_wrapper.log_eval_metrics] Accuracy(layer_2 - estimator_1 - 3_folds.train_2.predict)=81.71%
[ 2019-12-19 20:59:05,528][kfold_wrapper.log_eval_metrics] Accuracy(layer_2 - estimator_1 - 3_folds.train_cv.predict)=81.40%
[ 2019-12-19 20:59:05,528][kfold_wrapper.log_eval_metrics] Accuracy(layer_2 - estimator_1 - 3_folds.test.predict)=85.06%
[ 2019-12-19 20:59:07,414][kfold_wrapper.log_eval_metrics] Accuracy(layer_2 - estimator_2 - 3_folds.train_0.predict)=81.85%
[ 2019-12-19 20:59:09,105][kfold_wrapper.log_eval_metrics] Accuracy(layer_2 - estimator_2 - 3_folds.train_1.predict)=79.46%
[ 2019-12-19 20:59:10,896][kfold_wrapper.log_eval_metrics] Accuracy(layer_2 - estimator_2 - 3_folds.train_2.predict)=83.27%
[ 2019-12-19 20:59:10,897][kfold_wrapper.log_eval_metrics] Accuracy(layer_2 - estimator_2 - 3_folds.train_cv.predict)=81.52%
[ 2019-12-19 20:59:10,898][kfold_wrapper.log_eval_metrics] Accuracy(layer_2 - estimator_2 - 3_folds.test.predict)=85.06%
[ 2019-12-19 20:59:10,900][cascade_classifier.calc_accuracy] Accuracy(layer_2 - train.classifier_average)=80.88%
[ 2019-12-19 20:59:10,900][cascade_classifier.calc_accuracy] Accuracy(layer_2 - test.classifier_average)=86.21%
[ 2019-12-19 20:59:10,902][cascade_classifier.fit_transform] [layer=3] look_indexs=[0], X_cur_train.shape=(774, 364), X_cur_test.shape=(87, 364)
[ 2019-12-19 20:59:13,439][kfold_wrapper.log_eval_metrics] Accuracy(layer_3 - estimator_0 - 3_folds.train_0.predict)=78.76%
[ 2019-12-19 20:59:16,161][kfold_wrapper.log_eval_metrics] Accuracy(layer_3 - estimator_0 - 3_folds.train_1.predict)=84.11%
[ 2019-12-19 20:59:18,926][kfold_wrapper.log_eval_metrics] Accuracy(layer_3 - estimator_0 - 3_folds.train_2.predict)=81.71%
[ 2019-12-19 20:59:19,236][kfold_wrapper.log_eval_metrics] Accuracy(layer_3 - estimator_0 - 3_folds.train_cv.predict)=81.52%
[ 2019-12-19 20:59:19,236][kfold_wrapper.log_eval_metrics] Accuracy(layer_3 - estimator_0 - 3_folds.test.predict)=85.06%
[ 2019-12-19 20:59:21,787][kfold_wrapper.log_eval_metrics] Accuracy(layer_3 - estimator_1 - 3_folds.train_0.predict)=83.01%
[ 2019-12-19 20:59:24,522][kfold_wrapper.log_eval_metrics] Accuracy(layer_3 - estimator_1 - 3_folds.train_1.predict)=80.23%
[ 2019-12-19 20:59:27,487][kfold_wrapper.log_eval_metrics] Accuracy(layer_3 - estimator_1 - 3_folds.train_2.predict)=77.43%
[ 2019-12-19 20:59:27,798][kfold_wrapper.log_eval_metrics] Accuracy(layer_3 - estimator_1 - 3_folds.train_cv.predict)=80.23%
[ 2019-12-19 20:59:27,798][kfold_wrapper.log_eval_metrics] Accuracy(layer_3 - estimator_1 - 3_folds.test.predict)=83.91%
[ 2019-12-19 20:59:29,520][kfold_wrapper.log_eval_metrics] Accuracy(layer_3 - estimator_2 - 3_folds.train_0.predict)=77.99%
[ 2019-12-19 20:59:31,326][kfold_wrapper.log_eval_metrics] Accuracy(layer_3 - estimator_2 - 3_folds.train_1.predict)=82.95%
[ 2019-12-19 20:59:33,155][kfold_wrapper.log_eval_metrics] Accuracy(layer_3 - estimator_2 - 3_folds.train_2.predict)=77.82%
[ 2019-12-19 20:59:33,157][kfold_wrapper.log_eval_metrics] Accuracy(layer_3 - estimator_2 - 3_folds.train_cv.predict)=79.59%
[ 2019-12-19 20:59:33,158][kfold_wrapper.log_eval_metrics] Accuracy(layer_3 - estimator_2 - 3_folds.test.predict)=85.06%
[ 2019-12-19 20:59:33,158][cascade_classifier.calc_accuracy] Accuracy(layer_3 - train.classifier_average)=80.10%
[ 2019-12-19 20:59:33,158][cascade_classifier.calc_accuracy] Accuracy(layer_3 - test.classifier_average)=85.06%
[ 2019-12-19 20:59:33,159][cascade_classifier.fit_transform] [Result][Optimal Level Detected] opt_layer_num=1, accuracy_train=81.91%, accuracy_test=85.06%
[ 2019-12-19 20:59:33,185][cascade_classifier.transform] X_groups_test.shape=[(87, 358)]
[ 2019-12-19 20:59:33,188][cascade_classifier.transform] group_dims=[358]
[ 2019-12-19 20:59:33,196][cascade_classifier.transform] X_test.shape=(87, 358)
[ 2019-12-19 20:59:33,196][cascade_classifier.transform] [layer=0] look_indexs=[0], X_cur_test.shape=(87, 358)
[ 2019-12-19 20:59:35,053][cascade_classifier.transform] X_groups_test.shape=[(87, 358)]
[ 2019-12-19 20:59:35,054][cascade_classifier.transform] group_dims=[358]
[ 2019-12-19 20:59:35,054][cascade_classifier.transform] X_test.shape=(87, 358)
[ 2019-12-19 20:59:35,054][cascade_classifier.transform] [layer=0] look_indexs=[0], X_cur_test.shape=(87, 358)
[ 2019-12-19 20:59:36,931][cascade_classifier.fit_transform] X_groups_train.shape=[(774, 358)],y_train.shape=(774,),X_groups_test.shape=[(87, 358)],y_test.shape=(87,)
[ 2019-12-19 20:59:36,934][cascade_classifier.fit_transform] group_dims=[358]
[ 2019-12-19 20:59:36,934][cascade_classifier.fit_transform] group_starts=[0]
[ 2019-12-19 20:59:36,934][cascade_classifier.fit_transform] group_ends=[358]
[ 2019-12-19 20:59:36,935][cascade_classifier.fit_transform] X_train.shape=(774, 358),X_test.shape=(87, 358)
[ 2019-12-19 20:59:36,936][cascade_classifier.fit_transform] [layer=0] look_indexs=[0], X_cur_train.shape=(774, 358), X_cur_test.shape=(87, 358)
[ 2019-12-19 20:59:39,361][kfold_wrapper.log_eval_metrics] Accuracy(layer_0 - estimator_0 - 3_folds.train_0.predict)=81.85%
[ 2019-12-19 20:59:42,210][kfold_wrapper.log_eval_metrics] Accuracy(layer_0 - estimator_0 - 3_folds.train_1.predict)=80.23%
[ 2019-12-19 20:59:44,995][kfold_wrapper.log_eval_metrics] Accuracy(layer_0 - estimator_0 - 3_folds.train_2.predict)=84.05%
[ 2019-12-19 20:59:45,334][kfold_wrapper.log_eval_metrics] Accuracy(layer_0 - estimator_0 - 3_folds.train_cv.predict)=82.04%
[ 2019-12-19 20:59:45,335][kfold_wrapper.log_eval_metrics] Accuracy(layer_0 - estimator_0 - 3_folds.test.predict)=83.91%
[ 2019-12-19 20:59:47,835][kfold_wrapper.log_eval_metrics] Accuracy(layer_0 - estimator_1 - 3_folds.train_0.predict)=79.54%
[ 2019-12-19 20:59:50,734][kfold_wrapper.log_eval_metrics] Accuracy(layer_0 - estimator_1 - 3_folds.train_1.predict)=83.33%
[ 2019-12-19 20:59:53,550][kfold_wrapper.log_eval_metrics] Accuracy(layer_0 - estimator_1 - 3_folds.train_2.predict)=80.16%
[ 2019-12-19 20:59:53,855][kfold_wrapper.log_eval_metrics] Accuracy(layer_0 - estimator_1 - 3_folds.train_cv.predict)=81.01%
[ 2019-12-19 20:59:53,861][kfold_wrapper.log_eval_metrics] Accuracy(layer_0 - estimator_1 - 3_folds.test.predict)=85.06%
[ 2019-12-19 20:59:55,613][kfold_wrapper.log_eval_metrics] Accuracy(layer_0 - estimator_2 - 3_folds.train_0.predict)=82.63%
[ 2019-12-19 20:59:57,481][kfold_wrapper.log_eval_metrics] Accuracy(layer_0 - estimator_2 - 3_folds.train_1.predict)=81.01%
[ 2019-12-19 20:59:59,209][kfold_wrapper.log_eval_metrics] Accuracy(layer_0 - estimator_2 - 3_folds.train_2.predict)=80.16%
[ 2019-12-19 20:59:59,212][kfold_wrapper.log_eval_metrics] Accuracy(layer_0 - estimator_2 - 3_folds.train_cv.predict)=81.27%
[ 2019-12-19 20:59:59,213][kfold_wrapper.log_eval_metrics] Accuracy(layer_0 - estimator_2 - 3_folds.test.predict)=86.21%
[ 2019-12-19 20:59:59,213][cascade_classifier.calc_accuracy] Accuracy(layer_0 - train.classifier_average)=81.01%
[ 2019-12-19 20:59:59,213][cascade_classifier.calc_accuracy] Accuracy(layer_0 - test.classifier_average)=85.06%
[ 2019-12-19 20:59:59,215][cascade_classifier.fit_transform] [layer=1] look_indexs=[0], X_cur_train.shape=(774, 364), X_cur_test.shape=(87, 364)
[ 2019-12-19 21:00:01,671][kfold_wrapper.log_eval_metrics] Accuracy(layer_1 - estimator_0 - 3_folds.train_0.predict)=82.24%
[ 2019-12-19 21:00:04,393][kfold_wrapper.log_eval_metrics] Accuracy(layer_1 - estimator_0 - 3_folds.train_1.predict)=84.11%
[ 2019-12-19 21:00:07,731][kfold_wrapper.log_eval_metrics] Accuracy(layer_1 - estimator_0 - 3_folds.train_2.predict)=79.38%
[ 2019-12-19 21:00:08,037][kfold_wrapper.log_eval_metrics] Accuracy(layer_1 - estimator_0 - 3_folds.train_cv.predict)=81.91%
[ 2019-12-19 21:00:08,038][kfold_wrapper.log_eval_metrics] Accuracy(layer_1 - estimator_0 - 3_folds.test.predict)=86.21%
[ 2019-12-19 21:00:10,493][kfold_wrapper.log_eval_metrics] Accuracy(layer_1 - estimator_1 - 3_folds.train_0.predict)=77.22%
[ 2019-12-19 21:00:13,486][kfold_wrapper.log_eval_metrics] Accuracy(layer_1 - estimator_1 - 3_folds.train_1.predict)=79.46%
[ 2019-12-19 21:00:16,221][kfold_wrapper.log_eval_metrics] Accuracy(layer_1 - estimator_1 - 3_folds.train_2.predict)=86.38%
[ 2019-12-19 21:00:16,537][kfold_wrapper.log_eval_metrics] Accuracy(layer_1 - estimator_1 - 3_folds.train_cv.predict)=81.01%
[ 2019-12-19 21:00:16,537][kfold_wrapper.log_eval_metrics] Accuracy(layer_1 - estimator_1 - 3_folds.test.predict)=85.06%
[ 2019-12-19 21:00:18,210][kfold_wrapper.log_eval_metrics] Accuracy(layer_1 - estimator_2 - 3_folds.train_0.predict)=77.61%
[ 2019-12-19 21:00:19,909][kfold_wrapper.log_eval_metrics] Accuracy(layer_1 - estimator_2 - 3_folds.train_1.predict)=82.95%
[ 2019-12-19 21:00:21,698][kfold_wrapper.log_eval_metrics] Accuracy(layer_1 - estimator_2 - 3_folds.train_2.predict)=80.16%
[ 2019-12-19 21:00:21,701][kfold_wrapper.log_eval_metrics] Accuracy(layer_1 - estimator_2 - 3_folds.train_cv.predict)=80.23%
[ 2019-12-19 21:00:21,701][kfold_wrapper.log_eval_metrics] Accuracy(layer_1 - estimator_2 - 3_folds.test.predict)=87.36%
[ 2019-12-19 21:00:21,702][cascade_classifier.calc_accuracy] Accuracy(layer_1 - train.classifier_average)=81.91%
[ 2019-12-19 21:00:21,702][cascade_classifier.calc_accuracy] Accuracy(layer_1 - test.classifier_average)=86.21%
[ 2019-12-19 21:00:21,704][cascade_classifier.fit_transform] [layer=2] look_indexs=[0], X_cur_train.shape=(774, 364), X_cur_test.shape=(87, 364)
[ 2019-12-19 21:00:24,111][kfold_wrapper.log_eval_metrics] Accuracy(layer_2 - estimator_0 - 3_folds.train_0.predict)=79.92%
[ 2019-12-19 21:00:26,989][kfold_wrapper.log_eval_metrics] Accuracy(layer_2 - estimator_0 - 3_folds.train_1.predict)=78.68%
[ 2019-12-19 21:00:29,711][kfold_wrapper.log_eval_metrics] Accuracy(layer_2 - estimator_0 - 3_folds.train_2.predict)=85.21%
[ 2019-12-19 21:00:30,033][kfold_wrapper.log_eval_metrics] Accuracy(layer_2 - estimator_0 - 3_folds.train_cv.predict)=81.27%
[ 2019-12-19 21:00:30,033][kfold_wrapper.log_eval_metrics] Accuracy(layer_2 - estimator_0 - 3_folds.test.predict)=85.06%
[ 2019-12-19 21:00:32,445][kfold_wrapper.log_eval_metrics] Accuracy(layer_2 - estimator_1 - 3_folds.train_0.predict)=86.10%
[ 2019-12-19 21:00:35,177][kfold_wrapper.log_eval_metrics] Accuracy(layer_2 - estimator_1 - 3_folds.train_1.predict)=83.33%
[ 2019-12-19 21:00:37,965][kfold_wrapper.log_eval_metrics] Accuracy(layer_2 - estimator_1 - 3_folds.train_2.predict)=75.10%
[ 2019-12-19 21:00:38,280][kfold_wrapper.log_eval_metrics] Accuracy(layer_2 - estimator_1 - 3_folds.train_cv.predict)=81.52%
[ 2019-12-19 21:00:38,280][kfold_wrapper.log_eval_metrics] Accuracy(layer_2 - estimator_1 - 3_folds.test.predict)=85.06%
[ 2019-12-19 21:00:39,847][kfold_wrapper.log_eval_metrics] Accuracy(layer_2 - estimator_2 - 3_folds.train_0.predict)=81.47%
[ 2019-12-19 21:00:41,676][kfold_wrapper.log_eval_metrics] Accuracy(layer_2 - estimator_2 - 3_folds.train_1.predict)=82.17%
[ 2019-12-19 21:00:43,476][kfold_wrapper.log_eval_metrics] Accuracy(layer_2 - estimator_2 - 3_folds.train_2.predict)=78.60%
[ 2019-12-19 21:00:43,478][kfold_wrapper.log_eval_metrics] Accuracy(layer_2 - estimator_2 - 3_folds.train_cv.predict)=80.75%
[ 2019-12-19 21:00:43,478][kfold_wrapper.log_eval_metrics] Accuracy(layer_2 - estimator_2 - 3_folds.test.predict)=83.91%
[ 2019-12-19 21:00:43,479][cascade_classifier.calc_accuracy] Accuracy(layer_2 - train.classifier_average)=82.04%
[ 2019-12-19 21:00:43,479][cascade_classifier.calc_accuracy] Accuracy(layer_2 - test.classifier_average)=83.91%
[ 2019-12-19 21:00:43,480][cascade_classifier.fit_transform] [layer=3] look_indexs=[0], X_cur_train.shape=(774, 364), X_cur_test.shape=(87, 364)
[ 2019-12-19 21:00:45,896][kfold_wrapper.log_eval_metrics] Accuracy(layer_3 - estimator_0 - 3_folds.train_0.predict)=84.17%
[ 2019-12-19 21:00:48,643][kfold_wrapper.log_eval_metrics] Accuracy(layer_3 - estimator_0 - 3_folds.train_1.predict)=82.17%
[ 2019-12-19 21:00:51,385][kfold_wrapper.log_eval_metrics] Accuracy(layer_3 - estimator_0 - 3_folds.train_2.predict)=77.04%
[ 2019-12-19 21:00:51,696][kfold_wrapper.log_eval_metrics] Accuracy(layer_3 - estimator_0 - 3_folds.train_cv.predict)=81.14%
[ 2019-12-19 21:00:51,696][kfold_wrapper.log_eval_metrics] Accuracy(layer_3 - estimator_0 - 3_folds.test.predict)=85.06%
[ 2019-12-19 21:00:54,152][kfold_wrapper.log_eval_metrics] Accuracy(layer_3 - estimator_1 - 3_folds.train_0.predict)=82.24%
[ 2019-12-19 21:00:57,015][kfold_wrapper.log_eval_metrics] Accuracy(layer_3 - estimator_1 - 3_folds.train_1.predict)=81.40%
[ 2019-12-19 21:01:00,207][kfold_wrapper.log_eval_metrics] Accuracy(layer_3 - estimator_1 - 3_folds.train_2.predict)=79.77%
[ 2019-12-19 21:01:00,631][kfold_wrapper.log_eval_metrics] Accuracy(layer_3 - estimator_1 - 3_folds.train_cv.predict)=81.14%
[ 2019-12-19 21:01:00,631][kfold_wrapper.log_eval_metrics] Accuracy(layer_3 - estimator_1 - 3_folds.test.predict)=86.21%
[ 2019-12-19 21:01:02,379][kfold_wrapper.log_eval_metrics] Accuracy(layer_3 - estimator_2 - 3_folds.train_0.predict)=80.69%
[ 2019-12-19 21:01:03,953][kfold_wrapper.log_eval_metrics] Accuracy(layer_3 - estimator_2 - 3_folds.train_1.predict)=77.13%
[ 2019-12-19 21:01:05,599][kfold_wrapper.log_eval_metrics] Accuracy(layer_3 - estimator_2 - 3_folds.train_2.predict)=78.99%
[ 2019-12-19 21:01:05,600][kfold_wrapper.log_eval_metrics] Accuracy(layer_3 - estimator_2 - 3_folds.train_cv.predict)=78.94%
[ 2019-12-19 21:01:05,601][kfold_wrapper.log_eval_metrics] Accuracy(layer_3 - estimator_2 - 3_folds.test.predict)=82.76%
[ 2019-12-19 21:01:05,601][cascade_classifier.calc_accuracy] Accuracy(layer_3 - train.classifier_average)=79.46%
[ 2019-12-19 21:01:05,601][cascade_classifier.calc_accuracy] Accuracy(layer_3 - test.classifier_average)=85.06%
[ 2019-12-19 21:01:05,603][cascade_classifier.fit_transform] [layer=4] look_indexs=[0], X_cur_train.shape=(774, 364), X_cur_test.shape=(87, 364)
[ 2019-12-19 21:01:08,069][kfold_wrapper.log_eval_metrics] Accuracy(layer_4 - estimator_0 - 3_folds.train_0.predict)=76.45%
[ 2019-12-19 21:01:11,268][kfold_wrapper.log_eval_metrics] Accuracy(layer_4 - estimator_0 - 3_folds.train_1.predict)=83.72%
[ 2019-12-19 21:01:14,520][kfold_wrapper.log_eval_metrics] Accuracy(layer_4 - estimator_0 - 3_folds.train_2.predict)=83.66%
[ 2019-12-19 21:01:14,834][kfold_wrapper.log_eval_metrics] Accuracy(layer_4 - estimator_0 - 3_folds.train_cv.predict)=81.27%
[ 2019-12-19 21:01:14,834][kfold_wrapper.log_eval_metrics] Accuracy(layer_4 - estimator_0 - 3_folds.test.predict)=83.91%
[ 2019-12-19 21:01:17,296][kfold_wrapper.log_eval_metrics] Accuracy(layer_4 - estimator_1 - 3_folds.train_0.predict)=81.85%
[ 2019-12-19 21:01:20,604][kfold_wrapper.log_eval_metrics] Accuracy(layer_4 - estimator_1 - 3_folds.train_1.predict)=80.23%
[ 2019-12-19 21:01:24,329][kfold_wrapper.log_eval_metrics] Accuracy(layer_4 - estimator_1 - 3_folds.train_2.predict)=80.16%
[ 2019-12-19 21:01:24,737][kfold_wrapper.log_eval_metrics] Accuracy(layer_4 - estimator_1 - 3_folds.train_cv.predict)=80.75%
[ 2019-12-19 21:01:24,738][kfold_wrapper.log_eval_metrics] Accuracy(layer_4 - estimator_1 - 3_folds.test.predict)=86.21%
[ 2019-12-19 21:01:27,087][kfold_wrapper.log_eval_metrics] Accuracy(layer_4 - estimator_2 - 3_folds.train_0.predict)=81.08%
[ 2019-12-19 21:01:29,611][kfold_wrapper.log_eval_metrics] Accuracy(layer_4 - estimator_2 - 3_folds.train_1.predict)=80.23%
[ 2019-12-19 21:01:31,563][kfold_wrapper.log_eval_metrics] Accuracy(layer_4 - estimator_2 - 3_folds.train_2.predict)=80.54%
[ 2019-12-19 21:01:31,572][kfold_wrapper.log_eval_metrics] Accuracy(layer_4 - estimator_2 - 3_folds.train_cv.predict)=80.62%
[ 2019-12-19 21:01:31,572][kfold_wrapper.log_eval_metrics] Accuracy(layer_4 - estimator_2 - 3_folds.test.predict)=83.91%
[ 2019-12-19 21:01:31,573][cascade_classifier.calc_accuracy] Accuracy(layer_4 - train.classifier_average)=81.52%
[ 2019-12-19 21:01:31,573][cascade_classifier.calc_accuracy] Accuracy(layer_4 - test.classifier_average)=85.06%
[ 2019-12-19 21:01:31,575][cascade_classifier.fit_transform] [layer=5] look_indexs=[0], X_cur_train.shape=(774, 364), X_cur_test.shape=(87, 364)
[ 2019-12-19 21:01:34,283][kfold_wrapper.log_eval_metrics] Accuracy(layer_5 - estimator_0 - 3_folds.train_0.predict)=82.63%
[ 2019-12-19 21:01:37,583][kfold_wrapper.log_eval_metrics] Accuracy(layer_5 - estimator_0 - 3_folds.train_1.predict)=79.07%
[ 2019-12-19 21:01:40,766][kfold_wrapper.log_eval_metrics] Accuracy(layer_5 - estimator_0 - 3_folds.train_2.predict)=79.77%
[ 2019-12-19 21:01:41,088][kfold_wrapper.log_eval_metrics] Accuracy(layer_5 - estimator_0 - 3_folds.train_cv.predict)=80.49%
[ 2019-12-19 21:01:41,088][kfold_wrapper.log_eval_metrics] Accuracy(layer_5 - estimator_0 - 3_folds.test.predict)=85.06%
[ 2019-12-19 21:01:44,221][kfold_wrapper.log_eval_metrics] Accuracy(layer_5 - estimator_1 - 3_folds.train_0.predict)=79.15%
[ 2019-12-19 21:01:47,078][kfold_wrapper.log_eval_metrics] Accuracy(layer_5 - estimator_1 - 3_folds.train_1.predict)=82.56%
[ 2019-12-19 21:01:49,823][kfold_wrapper.log_eval_metrics] Accuracy(layer_5 - estimator_1 - 3_folds.train_2.predict)=82.49%
[ 2019-12-19 21:01:50,133][kfold_wrapper.log_eval_metrics] Accuracy(layer_5 - estimator_1 - 3_folds.train_cv.predict)=81.40%
[ 2019-12-19 21:01:50,133][kfold_wrapper.log_eval_metrics] Accuracy(layer_5 - estimator_1 - 3_folds.test.predict)=83.91%
[ 2019-12-19 21:01:51,836][kfold_wrapper.log_eval_metrics] Accuracy(layer_5 - estimator_2 - 3_folds.train_0.predict)=83.01%
[ 2019-12-19 21:01:53,649][kfold_wrapper.log_eval_metrics] Accuracy(layer_5 - estimator_2 - 3_folds.train_1.predict)=79.46%
[ 2019-12-19 21:01:55,270][kfold_wrapper.log_eval_metrics] Accuracy(layer_5 - estimator_2 - 3_folds.train_2.predict)=81.32%
[ 2019-12-19 21:01:55,272][kfold_wrapper.log_eval_metrics] Accuracy(layer_5 - estimator_2 - 3_folds.train_cv.predict)=81.27%
[ 2019-12-19 21:01:55,272][kfold_wrapper.log_eval_metrics] Accuracy(layer_5 - estimator_2 - 3_folds.test.predict)=82.76%
[ 2019-12-19 21:01:55,273][cascade_classifier.calc_accuracy] Accuracy(layer_5 - train.classifier_average)=81.52%
[ 2019-12-19 21:01:55,273][cascade_classifier.calc_accuracy] Accuracy(layer_5 - test.classifier_average)=85.06%
[ 2019-12-19 21:01:55,273][cascade_classifier.fit_transform] [Result][Optimal Level Detected] opt_layer_num=3, accuracy_train=82.04%, accuracy_test=83.91%
[ 2019-12-19 21:01:55,296][cascade_classifier.transform] X_groups_test.shape=[(87, 358)]
[ 2019-12-19 21:01:55,296][cascade_classifier.transform] group_dims=[358]
[ 2019-12-19 21:01:55,297][cascade_classifier.transform] X_test.shape=(87, 358)
[ 2019-12-19 21:01:55,297][cascade_classifier.transform] [layer=0] look_indexs=[0], X_cur_test.shape=(87, 358)
[ 2019-12-19 21:01:57,269][cascade_classifier.transform] [layer=1] look_indexs=[0], X_cur_test.shape=(87, 364)
[ 2019-12-19 21:01:59,139][cascade_classifier.transform] [layer=2] look_indexs=[0], X_cur_test.shape=(87, 364)
[ 2019-12-19 21:02:00,999][cascade_classifier.transform] X_groups_test.shape=[(87, 358)]
[ 2019-12-19 21:02:01,000][cascade_classifier.transform] group_dims=[358]
[ 2019-12-19 21:02:01,000][cascade_classifier.transform] X_test.shape=(87, 358)
[ 2019-12-19 21:02:01,000][cascade_classifier.transform] [layer=0] look_indexs=[0], X_cur_test.shape=(87, 358)
[ 2019-12-19 21:02:02,861][cascade_classifier.transform] [layer=1] look_indexs=[0], X_cur_test.shape=(87, 364)
[ 2019-12-19 21:02:04,718][cascade_classifier.transform] [layer=2] look_indexs=[0], X_cur_test.shape=(87, 364)
[ 2019-12-19 21:02:06,608][cascade_classifier.fit_transform] X_groups_train.shape=[(774, 358)],y_train.shape=(774,),X_groups_test.shape=[(87, 358)],y_test.shape=(87,)
[ 2019-12-19 21:02:06,610][cascade_classifier.fit_transform] group_dims=[358]
[ 2019-12-19 21:02:06,610][cascade_classifier.fit_transform] group_starts=[0]
[ 2019-12-19 21:02:06,610][cascade_classifier.fit_transform] group_ends=[358]
[ 2019-12-19 21:02:06,610][cascade_classifier.fit_transform] X_train.shape=(774, 358),X_test.shape=(87, 358)
[ 2019-12-19 21:02:06,612][cascade_classifier.fit_transform] [layer=0] look_indexs=[0], X_cur_train.shape=(774, 358), X_cur_test.shape=(87, 358)
[ 2019-12-19 21:02:09,106][kfold_wrapper.log_eval_metrics] Accuracy(layer_0 - estimator_0 - 3_folds.train_0.predict)=84.56%
[ 2019-12-19 21:02:11,834][kfold_wrapper.log_eval_metrics] Accuracy(layer_0 - estimator_0 - 3_folds.train_1.predict)=76.36%
[ 2019-12-19 21:02:14,577][kfold_wrapper.log_eval_metrics] Accuracy(layer_0 - estimator_0 - 3_folds.train_2.predict)=82.49%
[ 2019-12-19 21:02:14,892][kfold_wrapper.log_eval_metrics] Accuracy(layer_0 - estimator_0 - 3_folds.train_cv.predict)=81.14%
[ 2019-12-19 21:02:14,892][kfold_wrapper.log_eval_metrics] Accuracy(layer_0 - estimator_0 - 3_folds.test.predict)=85.06%
[ 2019-12-19 21:02:17,320][kfold_wrapper.log_eval_metrics] Accuracy(layer_0 - estimator_1 - 3_folds.train_0.predict)=81.08%
[ 2019-12-19 21:02:20,185][kfold_wrapper.log_eval_metrics] Accuracy(layer_0 - estimator_1 - 3_folds.train_1.predict)=83.33%
[ 2019-12-19 21:02:23,495][kfold_wrapper.log_eval_metrics] Accuracy(layer_0 - estimator_1 - 3_folds.train_2.predict)=78.60%
[ 2019-12-19 21:02:24,081][kfold_wrapper.log_eval_metrics] Accuracy(layer_0 - estimator_1 - 3_folds.train_cv.predict)=81.01%
[ 2019-12-19 21:02:24,081][kfold_wrapper.log_eval_metrics] Accuracy(layer_0 - estimator_1 - 3_folds.test.predict)=85.06%
[ 2019-12-19 21:02:25,948][kfold_wrapper.log_eval_metrics] Accuracy(layer_0 - estimator_2 - 3_folds.train_0.predict)=82.63%
[ 2019-12-19 21:02:27,680][kfold_wrapper.log_eval_metrics] Accuracy(layer_0 - estimator_2 - 3_folds.train_1.predict)=80.23%
[ 2019-12-19 21:02:29,292][kfold_wrapper.log_eval_metrics] Accuracy(layer_0 - estimator_2 - 3_folds.train_2.predict)=80.54%
[ 2019-12-19 21:02:29,293][kfold_wrapper.log_eval_metrics] Accuracy(layer_0 - estimator_2 - 3_folds.train_cv.predict)=81.14%
[ 2019-12-19 21:02:29,294][kfold_wrapper.log_eval_metrics] Accuracy(layer_0 - estimator_2 - 3_folds.test.predict)=86.21%
[ 2019-12-19 21:02:29,294][cascade_classifier.calc_accuracy] Accuracy(layer_0 - train.classifier_average)=81.14%
[ 2019-12-19 21:02:29,294][cascade_classifier.calc_accuracy] Accuracy(layer_0 - test.classifier_average)=83.91%
[ 2019-12-19 21:02:29,296][cascade_classifier.fit_transform] [layer=1] look_indexs=[0], X_cur_train.shape=(774, 364), X_cur_test.shape=(87, 364)
[ 2019-12-19 21:02:31,728][kfold_wrapper.log_eval_metrics] Accuracy(layer_1 - estimator_0 - 3_folds.train_0.predict)=86.49%
[ 2019-12-19 21:02:34,452][kfold_wrapper.log_eval_metrics] Accuracy(layer_1 - estimator_0 - 3_folds.train_1.predict)=77.91%
[ 2019-12-19 21:02:37,165][kfold_wrapper.log_eval_metrics] Accuracy(layer_1 - estimator_0 - 3_folds.train_2.predict)=79.38%
[ 2019-12-19 21:02:37,481][kfold_wrapper.log_eval_metrics] Accuracy(layer_1 - estimator_0 - 3_folds.train_cv.predict)=81.27%
[ 2019-12-19 21:02:37,481][kfold_wrapper.log_eval_metrics] Accuracy(layer_1 - estimator_0 - 3_folds.test.predict)=83.91%
[ 2019-12-19 21:02:39,980][kfold_wrapper.log_eval_metrics] Accuracy(layer_1 - estimator_1 - 3_folds.train_0.predict)=79.92%
[ 2019-12-19 21:02:42,974][kfold_wrapper.log_eval_metrics] Accuracy(layer_1 - estimator_1 - 3_folds.train_1.predict)=82.95%
[ 2019-12-19 21:02:46,234][kfold_wrapper.log_eval_metrics] Accuracy(layer_1 - estimator_1 - 3_folds.train_2.predict)=81.32%
[ 2019-12-19 21:02:46,539][kfold_wrapper.log_eval_metrics] Accuracy(layer_1 - estimator_1 - 3_folds.train_cv.predict)=81.40%
[ 2019-12-19 21:02:46,539][kfold_wrapper.log_eval_metrics] Accuracy(layer_1 - estimator_1 - 3_folds.test.predict)=85.06%
[ 2019-12-19 21:02:48,522][kfold_wrapper.log_eval_metrics] Accuracy(layer_1 - estimator_2 - 3_folds.train_0.predict)=80.31%
[ 2019-12-19 21:02:50,669][kfold_wrapper.log_eval_metrics] Accuracy(layer_1 - estimator_2 - 3_folds.train_1.predict)=80.62%
[ 2019-12-19 21:02:53,003][kfold_wrapper.log_eval_metrics] Accuracy(layer_1 - estimator_2 - 3_folds.train_2.predict)=82.10%
[ 2019-12-19 21:02:53,011][kfold_wrapper.log_eval_metrics] Accuracy(layer_1 - estimator_2 - 3_folds.train_cv.predict)=81.01%
[ 2019-12-19 21:02:53,011][kfold_wrapper.log_eval_metrics] Accuracy(layer_1 - estimator_2 - 3_folds.test.predict)=83.91%
[ 2019-12-19 21:02:53,012][cascade_classifier.calc_accuracy] Accuracy(layer_1 - train.classifier_average)=81.14%
[ 2019-12-19 21:02:53,012][cascade_classifier.calc_accuracy] Accuracy(layer_1 - test.classifier_average)=85.06%
[ 2019-12-19 21:02:53,014][cascade_classifier.fit_transform] [layer=2] look_indexs=[0], X_cur_train.shape=(774, 364), X_cur_test.shape=(87, 364)
[ 2019-12-19 21:02:55,540][kfold_wrapper.log_eval_metrics] Accuracy(layer_2 - estimator_0 - 3_folds.train_0.predict)=83.40%
[ 2019-12-19 21:02:58,277][kfold_wrapper.log_eval_metrics] Accuracy(layer_2 - estimator_0 - 3_folds.train_1.predict)=82.17%
[ 2019-12-19 21:03:01,046][kfold_wrapper.log_eval_metrics] Accuracy(layer_2 - estimator_0 - 3_folds.train_2.predict)=81.32%
[ 2019-12-19 21:03:01,357][kfold_wrapper.log_eval_metrics] Accuracy(layer_2 - estimator_0 - 3_folds.train_cv.predict)=82.30%
[ 2019-12-19 21:03:01,358][kfold_wrapper.log_eval_metrics] Accuracy(layer_2 - estimator_0 - 3_folds.test.predict)=85.06%
[ 2019-12-19 21:03:04,552][kfold_wrapper.log_eval_metrics] Accuracy(layer_2 - estimator_1 - 3_folds.train_0.predict)=79.15%
[ 2019-12-19 21:03:07,263][kfold_wrapper.log_eval_metrics] Accuracy(layer_2 - estimator_1 - 3_folds.train_1.predict)=81.78%
[ 2019-12-19 21:03:10,009][kfold_wrapper.log_eval_metrics] Accuracy(layer_2 - estimator_1 - 3_folds.train_2.predict)=82.10%
[ 2019-12-19 21:03:10,319][kfold_wrapper.log_eval_metrics] Accuracy(layer_2 - estimator_1 - 3_folds.train_cv.predict)=81.01%
[ 2019-12-19 21:03:10,319][kfold_wrapper.log_eval_metrics] Accuracy(layer_2 - estimator_1 - 3_folds.test.predict)=85.06%
[ 2019-12-19 21:03:12,116][kfold_wrapper.log_eval_metrics] Accuracy(layer_2 - estimator_2 - 3_folds.train_0.predict)=85.33%
[ 2019-12-19 21:03:13,848][kfold_wrapper.log_eval_metrics] Accuracy(layer_2 - estimator_2 - 3_folds.train_1.predict)=79.84%
[ 2019-12-19 21:03:16,567][kfold_wrapper.log_eval_metrics] Accuracy(layer_2 - estimator_2 - 3_folds.train_2.predict)=76.26%
[ 2019-12-19 21:03:16,568][kfold_wrapper.log_eval_metrics] Accuracy(layer_2 - estimator_2 - 3_folds.train_cv.predict)=80.49%
[ 2019-12-19 21:03:16,568][kfold_wrapper.log_eval_metrics] Accuracy(layer_2 - estimator_2 - 3_folds.test.predict)=80.46%
[ 2019-12-19 21:03:16,575][cascade_classifier.calc_accuracy] Accuracy(layer_2 - train.classifier_average)=81.91%
[ 2019-12-19 21:03:16,575][cascade_classifier.calc_accuracy] Accuracy(layer_2 - test.classifier_average)=82.76%
[ 2019-12-19 21:03:16,577][cascade_classifier.fit_transform] [layer=3] look_indexs=[0], X_cur_train.shape=(774, 364), X_cur_test.shape=(87, 364)
[ 2019-12-19 21:03:19,010][kfold_wrapper.log_eval_metrics] Accuracy(layer_3 - estimator_0 - 3_folds.train_0.predict)=80.69%
[ 2019-12-19 21:03:21,942][kfold_wrapper.log_eval_metrics] Accuracy(layer_3 - estimator_0 - 3_folds.train_1.predict)=82.95%
[ 2019-12-19 21:03:25,236][kfold_wrapper.log_eval_metrics] Accuracy(layer_3 - estimator_0 - 3_folds.train_2.predict)=80.16%
[ 2019-12-19 21:03:25,547][kfold_wrapper.log_eval_metrics] Accuracy(layer_3 - estimator_0 - 3_folds.train_cv.predict)=81.27%
[ 2019-12-19 21:03:25,548][kfold_wrapper.log_eval_metrics] Accuracy(layer_3 - estimator_0 - 3_folds.test.predict)=85.06%
[ 2019-12-19 21:03:27,977][kfold_wrapper.log_eval_metrics] Accuracy(layer_3 - estimator_1 - 3_folds.train_0.predict)=84.56%
[ 2019-12-19 21:03:30,724][kfold_wrapper.log_eval_metrics] Accuracy(layer_3 - estimator_1 - 3_folds.train_1.predict)=79.07%
[ 2019-12-19 21:03:33,620][kfold_wrapper.log_eval_metrics] Accuracy(layer_3 - estimator_1 - 3_folds.train_2.predict)=81.32%
[ 2019-12-19 21:03:34,111][kfold_wrapper.log_eval_metrics] Accuracy(layer_3 - estimator_1 - 3_folds.train_cv.predict)=81.65%
[ 2019-12-19 21:03:34,111][kfold_wrapper.log_eval_metrics] Accuracy(layer_3 - estimator_1 - 3_folds.test.predict)=85.06%
[ 2019-12-19 21:03:36,369][kfold_wrapper.log_eval_metrics] Accuracy(layer_3 - estimator_2 - 3_folds.train_0.predict)=81.47%
[ 2019-12-19 21:03:38,285][kfold_wrapper.log_eval_metrics] Accuracy(layer_3 - estimator_2 - 3_folds.train_1.predict)=78.29%
[ 2019-12-19 21:03:40,265][kfold_wrapper.log_eval_metrics] Accuracy(layer_3 - estimator_2 - 3_folds.train_2.predict)=83.27%
[ 2019-12-19 21:03:40,272][kfold_wrapper.log_eval_metrics] Accuracy(layer_3 - estimator_2 - 3_folds.train_cv.predict)=81.01%
[ 2019-12-19 21:03:40,273][kfold_wrapper.log_eval_metrics] Accuracy(layer_3 - estimator_2 - 3_folds.test.predict)=85.06%
[ 2019-12-19 21:03:40,274][cascade_classifier.calc_accuracy] Accuracy(layer_3 - train.classifier_average)=82.17%
[ 2019-12-19 21:03:40,275][cascade_classifier.calc_accuracy] Accuracy(layer_3 - test.classifier_average)=82.76%
[ 2019-12-19 21:03:40,277][cascade_classifier.fit_transform] [layer=4] look_indexs=[0], X_cur_train.shape=(774, 364), X_cur_test.shape=(87, 364)
[ 2019-12-19 21:03:42,959][kfold_wrapper.log_eval_metrics] Accuracy(layer_4 - estimator_0 - 3_folds.train_0.predict)=81.47%
[ 2019-12-19 21:03:45,748][kfold_wrapper.log_eval_metrics] Accuracy(layer_4 - estimator_0 - 3_folds.train_1.predict)=76.74%
[ 2019-12-19 21:03:48,633][kfold_wrapper.log_eval_metrics] Accuracy(layer_4 - estimator_0 - 3_folds.train_2.predict)=83.27%
[ 2019-12-19 21:03:48,940][kfold_wrapper.log_eval_metrics] Accuracy(layer_4 - estimator_0 - 3_folds.train_cv.predict)=80.49%
[ 2019-12-19 21:03:48,940][kfold_wrapper.log_eval_metrics] Accuracy(layer_4 - estimator_0 - 3_folds.test.predict)=85.06%
[ 2019-12-19 21:03:51,562][kfold_wrapper.log_eval_metrics] Accuracy(layer_4 - estimator_1 - 3_folds.train_0.predict)=80.69%
[ 2019-12-19 21:03:55,219][kfold_wrapper.log_eval_metrics] Accuracy(layer_4 - estimator_1 - 3_folds.train_1.predict)=79.07%
[ 2019-12-19 21:03:58,968][kfold_wrapper.log_eval_metrics] Accuracy(layer_4 - estimator_1 - 3_folds.train_2.predict)=83.66%
[ 2019-12-19 21:03:59,308][kfold_wrapper.log_eval_metrics] Accuracy(layer_4 - estimator_1 - 3_folds.train_cv.predict)=81.14%
[ 2019-12-19 21:03:59,308][kfold_wrapper.log_eval_metrics] Accuracy(layer_4 - estimator_1 - 3_folds.test.predict)=85.06%
[ 2019-12-19 21:04:02,376][kfold_wrapper.log_eval_metrics] Accuracy(layer_4 - estimator_2 - 3_folds.train_0.predict)=80.69%
[ 2019-12-19 21:04:04,770][kfold_wrapper.log_eval_metrics] Accuracy(layer_4 - estimator_2 - 3_folds.train_1.predict)=80.23%
[ 2019-12-19 21:04:06,548][kfold_wrapper.log_eval_metrics] Accuracy(layer_4 - estimator_2 - 3_folds.train_2.predict)=80.16%
[ 2019-12-19 21:04:06,550][kfold_wrapper.log_eval_metrics] Accuracy(layer_4 - estimator_2 - 3_folds.train_cv.predict)=80.36%
[ 2019-12-19 21:04:06,550][kfold_wrapper.log_eval_metrics] Accuracy(layer_4 - estimator_2 - 3_folds.test.predict)=81.61%
[ 2019-12-19 21:04:06,551][cascade_classifier.calc_accuracy] Accuracy(layer_4 - train.classifier_average)=80.88%
[ 2019-12-19 21:04:06,557][cascade_classifier.calc_accuracy] Accuracy(layer_4 - test.classifier_average)=83.91%
[ 2019-12-19 21:04:06,559][cascade_classifier.fit_transform] [layer=5] look_indexs=[0], X_cur_train.shape=(774, 364), X_cur_test.shape=(87, 364)
[ 2019-12-19 21:04:09,492][kfold_wrapper.log_eval_metrics] Accuracy(layer_5 - estimator_0 - 3_folds.train_0.predict)=83.40%
[ 2019-12-19 21:04:12,225][kfold_wrapper.log_eval_metrics] Accuracy(layer_5 - estimator_0 - 3_folds.train_1.predict)=80.62%
[ 2019-12-19 21:04:14,960][kfold_wrapper.log_eval_metrics] Accuracy(layer_5 - estimator_0 - 3_folds.train_2.predict)=78.99%
[ 2019-12-19 21:04:15,268][kfold_wrapper.log_eval_metrics] Accuracy(layer_5 - estimator_0 - 3_folds.train_cv.predict)=81.01%
[ 2019-12-19 21:04:15,268][kfold_wrapper.log_eval_metrics] Accuracy(layer_5 - estimator_0 - 3_folds.test.predict)=85.06%
[ 2019-12-19 21:04:17,675][kfold_wrapper.log_eval_metrics] Accuracy(layer_5 - estimator_1 - 3_folds.train_0.predict)=78.76%
[ 2019-12-19 21:04:20,432][kfold_wrapper.log_eval_metrics] Accuracy(layer_5 - estimator_1 - 3_folds.train_1.predict)=81.40%
[ 2019-12-19 21:04:23,288][kfold_wrapper.log_eval_metrics] Accuracy(layer_5 - estimator_1 - 3_folds.train_2.predict)=82.49%
[ 2019-12-19 21:04:23,599][kfold_wrapper.log_eval_metrics] Accuracy(layer_5 - estimator_1 - 3_folds.train_cv.predict)=80.88%
[ 2019-12-19 21:04:23,600][kfold_wrapper.log_eval_metrics] Accuracy(layer_5 - estimator_1 - 3_folds.test.predict)=85.06%
[ 2019-12-19 21:04:25,252][kfold_wrapper.log_eval_metrics] Accuracy(layer_5 - estimator_2 - 3_folds.train_0.predict)=77.22%
[ 2019-12-19 21:04:27,010][kfold_wrapper.log_eval_metrics] Accuracy(layer_5 - estimator_2 - 3_folds.train_1.predict)=84.50%
[ 2019-12-19 21:04:28,642][kfold_wrapper.log_eval_metrics] Accuracy(layer_5 - estimator_2 - 3_folds.train_2.predict)=77.43%
[ 2019-12-19 21:04:28,644][kfold_wrapper.log_eval_metrics] Accuracy(layer_5 - estimator_2 - 3_folds.train_cv.predict)=79.72%
[ 2019-12-19 21:04:28,644][kfold_wrapper.log_eval_metrics] Accuracy(layer_5 - estimator_2 - 3_folds.test.predict)=82.76%
[ 2019-12-19 21:04:28,645][cascade_classifier.calc_accuracy] Accuracy(layer_5 - train.classifier_average)=81.52%
[ 2019-12-19 21:04:28,645][cascade_classifier.calc_accuracy] Accuracy(layer_5 - test.classifier_average)=85.06%
[ 2019-12-19 21:04:28,647][cascade_classifier.fit_transform] [layer=6] look_indexs=[0], X_cur_train.shape=(774, 364), X_cur_test.shape=(87, 364)
[ 2019-12-19 21:04:31,073][kfold_wrapper.log_eval_metrics] Accuracy(layer_6 - estimator_0 - 3_folds.train_0.predict)=82.24%
[ 2019-12-19 21:04:34,018][kfold_wrapper.log_eval_metrics] Accuracy(layer_6 - estimator_0 - 3_folds.train_1.predict)=79.07%
[ 2019-12-19 21:04:36,896][kfold_wrapper.log_eval_metrics] Accuracy(layer_6 - estimator_0 - 3_folds.train_2.predict)=81.32%
[ 2019-12-19 21:04:37,208][kfold_wrapper.log_eval_metrics] Accuracy(layer_6 - estimator_0 - 3_folds.train_cv.predict)=80.88%
[ 2019-12-19 21:04:37,214][kfold_wrapper.log_eval_metrics] Accuracy(layer_6 - estimator_0 - 3_folds.test.predict)=85.06%
[ 2019-12-19 21:04:39,728][kfold_wrapper.log_eval_metrics] Accuracy(layer_6 - estimator_1 - 3_folds.train_0.predict)=83.78%
[ 2019-12-19 21:04:42,513][kfold_wrapper.log_eval_metrics] Accuracy(layer_6 - estimator_1 - 3_folds.train_1.predict)=77.52%
[ 2019-12-19 21:04:45,245][kfold_wrapper.log_eval_metrics] Accuracy(layer_6 - estimator_1 - 3_folds.train_2.predict)=82.88%
[ 2019-12-19 21:04:45,556][kfold_wrapper.log_eval_metrics] Accuracy(layer_6 - estimator_1 - 3_folds.train_cv.predict)=81.40%
[ 2019-12-19 21:04:45,557][kfold_wrapper.log_eval_metrics] Accuracy(layer_6 - estimator_1 - 3_folds.test.predict)=85.06%
[ 2019-12-19 21:04:47,128][kfold_wrapper.log_eval_metrics] Accuracy(layer_6 - estimator_2 - 3_folds.train_0.predict)=79.92%
[ 2019-12-19 21:04:49,108][kfold_wrapper.log_eval_metrics] Accuracy(layer_6 - estimator_2 - 3_folds.train_1.predict)=83.33%
[ 2019-12-19 21:04:50,938][kfold_wrapper.log_eval_metrics] Accuracy(layer_6 - estimator_2 - 3_folds.train_2.predict)=78.99%
[ 2019-12-19 21:04:50,941][kfold_wrapper.log_eval_metrics] Accuracy(layer_6 - estimator_2 - 3_folds.train_cv.predict)=80.75%
[ 2019-12-19 21:04:50,941][kfold_wrapper.log_eval_metrics] Accuracy(layer_6 - estimator_2 - 3_folds.test.predict)=85.06%
[ 2019-12-19 21:04:50,941][cascade_classifier.calc_accuracy] Accuracy(layer_6 - train.classifier_average)=81.78%
[ 2019-12-19 21:04:50,942][cascade_classifier.calc_accuracy] Accuracy(layer_6 - test.classifier_average)=83.91%
[ 2019-12-19 21:04:50,942][cascade_classifier.fit_transform] [Result][Optimal Level Detected] opt_layer_num=4, accuracy_train=82.17%, accuracy_test=82.76%
[ 2019-12-19 21:04:50,965][cascade_classifier.transform] X_groups_test.shape=[(87, 358)]
[ 2019-12-19 21:04:50,965][cascade_classifier.transform] group_dims=[358]
[ 2019-12-19 21:04:50,966][cascade_classifier.transform] X_test.shape=(87, 358)
[ 2019-12-19 21:04:50,967][cascade_classifier.transform] [layer=0] look_indexs=[0], X_cur_test.shape=(87, 358)
[ 2019-12-19 21:04:52,934][cascade_classifier.transform] [layer=1] look_indexs=[0], X_cur_test.shape=(87, 364)
[ 2019-12-19 21:04:54,899][cascade_classifier.transform] [layer=2] look_indexs=[0], X_cur_test.shape=(87, 364)
[ 2019-12-19 21:04:56,759][cascade_classifier.transform] [layer=3] look_indexs=[0], X_cur_test.shape=(87, 364)
[ 2019-12-19 21:04:58,613][cascade_classifier.transform] X_groups_test.shape=[(87, 358)]
[ 2019-12-19 21:04:58,613][cascade_classifier.transform] group_dims=[358]
[ 2019-12-19 21:04:58,614][cascade_classifier.transform] X_test.shape=(87, 358)
[ 2019-12-19 21:04:58,614][cascade_classifier.transform] [layer=0] look_indexs=[0], X_cur_test.shape=(87, 358)
[ 2019-12-19 21:05:00,468][cascade_classifier.transform] [layer=1] look_indexs=[0], X_cur_test.shape=(87, 364)
[ 2019-12-19 21:05:02,326][cascade_classifier.transform] [layer=2] look_indexs=[0], X_cur_test.shape=(87, 364)
[ 2019-12-19 21:05:04,197][cascade_classifier.transform] [layer=3] look_indexs=[0], X_cur_test.shape=(87, 364)
[ 2019-12-19 21:05:06,223][cascade_classifier.fit_transform] X_groups_train.shape=[(774, 358)],y_train.shape=(774,),X_groups_test.shape=[(87, 358)],y_test.shape=(87,)
[ 2019-12-19 21:05:06,225][cascade_classifier.fit_transform] group_dims=[358]
[ 2019-12-19 21:05:06,225][cascade_classifier.fit_transform] group_starts=[0]
[ 2019-12-19 21:05:06,225][cascade_classifier.fit_transform] group_ends=[358]
[ 2019-12-19 21:05:06,226][cascade_classifier.fit_transform] X_train.shape=(774, 358),X_test.shape=(87, 358)
[ 2019-12-19 21:05:06,237][cascade_classifier.fit_transform] [layer=0] look_indexs=[0], X_cur_train.shape=(774, 358), X_cur_test.shape=(87, 358)
[ 2019-12-19 21:05:08,962][kfold_wrapper.log_eval_metrics] Accuracy(layer_0 - estimator_0 - 3_folds.train_0.predict)=86.10%
[ 2019-12-19 21:05:11,867][kfold_wrapper.log_eval_metrics] Accuracy(layer_0 - estimator_0 - 3_folds.train_1.predict)=78.29%
[ 2019-12-19 21:05:14,587][kfold_wrapper.log_eval_metrics] Accuracy(layer_0 - estimator_0 - 3_folds.train_2.predict)=78.60%
[ 2019-12-19 21:05:14,902][kfold_wrapper.log_eval_metrics] Accuracy(layer_0 - estimator_0 - 3_folds.train_cv.predict)=81.01%
[ 2019-12-19 21:05:14,902][kfold_wrapper.log_eval_metrics] Accuracy(layer_0 - estimator_0 - 3_folds.test.predict)=85.06%
[ 2019-12-19 21:05:17,328][kfold_wrapper.log_eval_metrics] Accuracy(layer_0 - estimator_1 - 3_folds.train_0.predict)=83.01%
[ 2019-12-19 21:05:20,108][kfold_wrapper.log_eval_metrics] Accuracy(layer_0 - estimator_1 - 3_folds.train_1.predict)=81.01%
[ 2019-12-19 21:05:23,258][kfold_wrapper.log_eval_metrics] Accuracy(layer_0 - estimator_1 - 3_folds.train_2.predict)=79.77%
[ 2019-12-19 21:05:23,564][kfold_wrapper.log_eval_metrics] Accuracy(layer_0 - estimator_1 - 3_folds.train_cv.predict)=81.27%
[ 2019-12-19 21:05:23,564][kfold_wrapper.log_eval_metrics] Accuracy(layer_0 - estimator_1 - 3_folds.test.predict)=85.06%
[ 2019-12-19 21:05:25,583][kfold_wrapper.log_eval_metrics] Accuracy(layer_0 - estimator_2 - 3_folds.train_0.predict)=81.85%
[ 2019-12-19 21:05:27,460][kfold_wrapper.log_eval_metrics] Accuracy(layer_0 - estimator_2 - 3_folds.train_1.predict)=76.74%
[ 2019-12-19 21:05:29,137][kfold_wrapper.log_eval_metrics] Accuracy(layer_0 - estimator_2 - 3_folds.train_2.predict)=83.66%
[ 2019-12-19 21:05:29,139][kfold_wrapper.log_eval_metrics] Accuracy(layer_0 - estimator_2 - 3_folds.train_cv.predict)=80.75%
[ 2019-12-19 21:05:29,145][kfold_wrapper.log_eval_metrics] Accuracy(layer_0 - estimator_2 - 3_folds.test.predict)=86.21%
[ 2019-12-19 21:05:29,146][cascade_classifier.calc_accuracy] Accuracy(layer_0 - train.classifier_average)=81.65%
[ 2019-12-19 21:05:29,146][cascade_classifier.calc_accuracy] Accuracy(layer_0 - test.classifier_average)=85.06%
[ 2019-12-19 21:05:29,149][cascade_classifier.fit_transform] [layer=1] look_indexs=[0], X_cur_train.shape=(774, 364), X_cur_test.shape=(87, 364)
[ 2019-12-19 21:05:31,588][kfold_wrapper.log_eval_metrics] Accuracy(layer_1 - estimator_0 - 3_folds.train_0.predict)=81.85%
[ 2019-12-19 21:05:34,339][kfold_wrapper.log_eval_metrics] Accuracy(layer_1 - estimator_0 - 3_folds.train_1.predict)=80.23%
[ 2019-12-19 21:05:37,079][kfold_wrapper.log_eval_metrics] Accuracy(layer_1 - estimator_0 - 3_folds.train_2.predict)=80.54%
[ 2019-12-19 21:05:37,388][kfold_wrapper.log_eval_metrics] Accuracy(layer_1 - estimator_0 - 3_folds.train_cv.predict)=80.88%
[ 2019-12-19 21:05:37,388][kfold_wrapper.log_eval_metrics] Accuracy(layer_1 - estimator_0 - 3_folds.test.predict)=85.06%
[ 2019-12-19 21:05:39,996][kfold_wrapper.log_eval_metrics] Accuracy(layer_1 - estimator_1 - 3_folds.train_0.predict)=81.47%
[ 2019-12-19 21:05:42,746][kfold_wrapper.log_eval_metrics] Accuracy(layer_1 - estimator_1 - 3_folds.train_1.predict)=81.78%
[ 2019-12-19 21:05:45,497][kfold_wrapper.log_eval_metrics] Accuracy(layer_1 - estimator_1 - 3_folds.train_2.predict)=80.16%
[ 2019-12-19 21:05:45,810][kfold_wrapper.log_eval_metrics] Accuracy(layer_1 - estimator_1 - 3_folds.train_cv.predict)=81.14%
[ 2019-12-19 21:05:45,810][kfold_wrapper.log_eval_metrics] Accuracy(layer_1 - estimator_1 - 3_folds.test.predict)=85.06%
[ 2019-12-19 21:05:47,661][kfold_wrapper.log_eval_metrics] Accuracy(layer_1 - estimator_2 - 3_folds.train_0.predict)=80.31%
[ 2019-12-19 21:05:49,706][kfold_wrapper.log_eval_metrics] Accuracy(layer_1 - estimator_2 - 3_folds.train_1.predict)=79.07%
[ 2019-12-19 21:05:51,290][kfold_wrapper.log_eval_metrics] Accuracy(layer_1 - estimator_2 - 3_folds.train_2.predict)=80.54%
[ 2019-12-19 21:05:51,293][kfold_wrapper.log_eval_metrics] Accuracy(layer_1 - estimator_2 - 3_folds.train_cv.predict)=79.97%
[ 2019-12-19 21:05:51,293][kfold_wrapper.log_eval_metrics] Accuracy(layer_1 - estimator_2 - 3_folds.test.predict)=82.76%
[ 2019-12-19 21:05:51,295][cascade_classifier.calc_accuracy] Accuracy(layer_1 - train.classifier_average)=80.62%
[ 2019-12-19 21:05:51,295][cascade_classifier.calc_accuracy] Accuracy(layer_1 - test.classifier_average)=83.91%
[ 2019-12-19 21:05:51,297][cascade_classifier.fit_transform] [layer=2] look_indexs=[0], X_cur_train.shape=(774, 364), X_cur_test.shape=(87, 364)
[ 2019-12-19 21:05:53,903][kfold_wrapper.log_eval_metrics] Accuracy(layer_2 - estimator_0 - 3_folds.train_0.predict)=80.31%
[ 2019-12-19 21:05:56,658][kfold_wrapper.log_eval_metrics] Accuracy(layer_2 - estimator_0 - 3_folds.train_1.predict)=78.68%
[ 2019-12-19 21:05:59,387][kfold_wrapper.log_eval_metrics] Accuracy(layer_2 - estimator_0 - 3_folds.train_2.predict)=84.05%
[ 2019-12-19 21:05:59,700][kfold_wrapper.log_eval_metrics] Accuracy(layer_2 - estimator_0 - 3_folds.train_cv.predict)=81.01%
[ 2019-12-19 21:05:59,700][kfold_wrapper.log_eval_metrics] Accuracy(layer_2 - estimator_0 - 3_folds.test.predict)=85.06%
[ 2019-12-19 21:06:02,153][kfold_wrapper.log_eval_metrics] Accuracy(layer_2 - estimator_1 - 3_folds.train_0.predict)=79.54%
[ 2019-12-19 21:06:04,964][kfold_wrapper.log_eval_metrics] Accuracy(layer_2 - estimator_1 - 3_folds.train_1.predict)=79.84%
[ 2019-12-19 21:06:07,819][kfold_wrapper.log_eval_metrics] Accuracy(layer_2 - estimator_1 - 3_folds.train_2.predict)=82.49%
[ 2019-12-19 21:06:08,134][kfold_wrapper.log_eval_metrics] Accuracy(layer_2 - estimator_1 - 3_folds.train_cv.predict)=80.62%
[ 2019-12-19 21:06:08,135][kfold_wrapper.log_eval_metrics] Accuracy(layer_2 - estimator_1 - 3_folds.test.predict)=85.06%
[ 2019-12-19 21:06:10,117][kfold_wrapper.log_eval_metrics] Accuracy(layer_2 - estimator_2 - 3_folds.train_0.predict)=79.15%
[ 2019-12-19 21:06:11,700][kfold_wrapper.log_eval_metrics] Accuracy(layer_2 - estimator_2 - 3_folds.train_1.predict)=78.29%
[ 2019-12-19 21:06:13,418][kfold_wrapper.log_eval_metrics] Accuracy(layer_2 - estimator_2 - 3_folds.train_2.predict)=84.44%
[ 2019-12-19 21:06:13,420][kfold_wrapper.log_eval_metrics] Accuracy(layer_2 - estimator_2 - 3_folds.train_cv.predict)=80.62%
[ 2019-12-19 21:06:13,420][kfold_wrapper.log_eval_metrics] Accuracy(layer_2 - estimator_2 - 3_folds.test.predict)=82.76%
[ 2019-12-19 21:06:13,420][cascade_classifier.calc_accuracy] Accuracy(layer_2 - train.classifier_average)=81.01%
[ 2019-12-19 21:06:13,420][cascade_classifier.calc_accuracy] Accuracy(layer_2 - test.classifier_average)=83.91%
[ 2019-12-19 21:06:13,422][cascade_classifier.fit_transform] [layer=3] look_indexs=[0], X_cur_train.shape=(774, 364), X_cur_test.shape=(87, 364)
[ 2019-12-19 21:06:15,836][kfold_wrapper.log_eval_metrics] Accuracy(layer_3 - estimator_0 - 3_folds.train_0.predict)=79.92%
[ 2019-12-19 21:06:18,574][kfold_wrapper.log_eval_metrics] Accuracy(layer_3 - estimator_0 - 3_folds.train_1.predict)=84.50%
[ 2019-12-19 21:06:21,327][kfold_wrapper.log_eval_metrics] Accuracy(layer_3 - estimator_0 - 3_folds.train_2.predict)=77.43%
[ 2019-12-19 21:06:21,637][kfold_wrapper.log_eval_metrics] Accuracy(layer_3 - estimator_0 - 3_folds.train_cv.predict)=80.62%
[ 2019-12-19 21:06:21,637][kfold_wrapper.log_eval_metrics] Accuracy(layer_3 - estimator_0 - 3_folds.test.predict)=85.06%
[ 2019-12-19 21:06:24,166][kfold_wrapper.log_eval_metrics] Accuracy(layer_3 - estimator_1 - 3_folds.train_0.predict)=78.38%
[ 2019-12-19 21:06:26,874][kfold_wrapper.log_eval_metrics] Accuracy(layer_3 - estimator_1 - 3_folds.train_1.predict)=82.95%
[ 2019-12-19 21:06:29,613][kfold_wrapper.log_eval_metrics] Accuracy(layer_3 - estimator_1 - 3_folds.train_2.predict)=83.27%
[ 2019-12-19 21:06:29,929][kfold_wrapper.log_eval_metrics] Accuracy(layer_3 - estimator_1 - 3_folds.train_cv.predict)=81.52%
[ 2019-12-19 21:06:29,929][kfold_wrapper.log_eval_metrics] Accuracy(layer_3 - estimator_1 - 3_folds.test.predict)=85.06%
[ 2019-12-19 21:06:31,570][kfold_wrapper.log_eval_metrics] Accuracy(layer_3 - estimator_2 - 3_folds.train_0.predict)=80.69%
[ 2019-12-19 21:06:33,148][kfold_wrapper.log_eval_metrics] Accuracy(layer_3 - estimator_2 - 3_folds.train_1.predict)=77.13%
[ 2019-12-19 21:06:35,145][kfold_wrapper.log_eval_metrics] Accuracy(layer_3 - estimator_2 - 3_folds.train_2.predict)=80.54%
[ 2019-12-19 21:06:35,147][kfold_wrapper.log_eval_metrics] Accuracy(layer_3 - estimator_2 - 3_folds.train_cv.predict)=79.46%
[ 2019-12-19 21:06:35,148][kfold_wrapper.log_eval_metrics] Accuracy(layer_3 - estimator_2 - 3_folds.test.predict)=85.06%
[ 2019-12-19 21:06:35,149][cascade_classifier.calc_accuracy] Accuracy(layer_3 - train.classifier_average)=81.14%
[ 2019-12-19 21:06:35,149][cascade_classifier.calc_accuracy] Accuracy(layer_3 - test.classifier_average)=82.76%
[ 2019-12-19 21:06:35,149][cascade_classifier.fit_transform] [Result][Optimal Level Detected] opt_layer_num=1, accuracy_train=81.65%, accuracy_test=85.06%
[ 2019-12-19 21:06:35,173][cascade_classifier.transform] X_groups_test.shape=[(87, 358)]
[ 2019-12-19 21:06:35,173][cascade_classifier.transform] group_dims=[358]
[ 2019-12-19 21:06:35,173][cascade_classifier.transform] X_test.shape=(87, 358)
[ 2019-12-19 21:06:35,174][cascade_classifier.transform] [layer=0] look_indexs=[0], X_cur_test.shape=(87, 358)
[ 2019-12-19 21:06:37,028][cascade_classifier.transform] X_groups_test.shape=[(87, 358)]
[ 2019-12-19 21:06:37,029][cascade_classifier.transform] group_dims=[358]
[ 2019-12-19 21:06:37,029][cascade_classifier.transform] X_test.shape=(87, 358)
[ 2019-12-19 21:06:37,029][cascade_classifier.transform] [layer=0] look_indexs=[0], X_cur_test.shape=(87, 358)
