[ 2019-12-15 21:13:10,109][cascade_classifier.fit_transform] X_groups_train.shape=[(774, 358)],y_train.shape=(774,),X_groups_test.shape=no_test,y_test.shape=no_test
[ 2019-12-15 21:13:10,110][cascade_classifier.fit_transform] group_dims=[358]
[ 2019-12-15 21:13:10,110][cascade_classifier.fit_transform] group_starts=[0]
[ 2019-12-15 21:13:10,110][cascade_classifier.fit_transform] group_ends=[358]
[ 2019-12-15 21:13:10,111][cascade_classifier.fit_transform] X_train.shape=(774, 358),X_test.shape=(0, 358)
[ 2019-12-15 21:13:10,113][cascade_classifier.fit_transform] [layer=0] look_indexs=[0], X_cur_train.shape=(774, 358), X_cur_test.shape=(0, 358)
[ 2019-12-15 21:13:10,472][kfold_wrapper.log_eval_metrics] Accuracy(layer_0 - estimator_0 - 3_folds.train_0.predict)=77.91%
[ 2019-12-15 21:13:10,812][kfold_wrapper.log_eval_metrics] Accuracy(layer_0 - estimator_0 - 3_folds.train_1.predict)=82.17%
[ 2019-12-15 21:13:11,247][kfold_wrapper.log_eval_metrics] Accuracy(layer_0 - estimator_0 - 3_folds.train_2.predict)=84.11%
[ 2019-12-15 21:13:11,248][kfold_wrapper.log_eval_metrics] Accuracy(layer_0 - estimator_0 - 3_folds.train_cv.predict)=81.40%
[ 2019-12-15 21:13:11,580][kfold_wrapper.log_eval_metrics] Accuracy(layer_0 - estimator_1 - 3_folds.train_0.predict)=76.36%
[ 2019-12-15 21:13:11,910][kfold_wrapper.log_eval_metrics] Accuracy(layer_0 - estimator_1 - 3_folds.train_1.predict)=82.17%
[ 2019-12-15 21:13:12,270][kfold_wrapper.log_eval_metrics] Accuracy(layer_0 - estimator_1 - 3_folds.train_2.predict)=81.40%
[ 2019-12-15 21:13:12,271][kfold_wrapper.log_eval_metrics] Accuracy(layer_0 - estimator_1 - 3_folds.train_cv.predict)=79.97%
[ 2019-12-15 21:13:12,601][kfold_wrapper.log_eval_metrics] Accuracy(layer_0 - estimator_2 - 3_folds.train_0.predict)=83.72%
[ 2019-12-15 21:13:12,936][kfold_wrapper.log_eval_metrics] Accuracy(layer_0 - estimator_2 - 3_folds.train_1.predict)=77.91%
[ 2019-12-15 21:13:13,295][kfold_wrapper.log_eval_metrics] Accuracy(layer_0 - estimator_2 - 3_folds.train_2.predict)=82.56%
[ 2019-12-15 21:13:13,296][kfold_wrapper.log_eval_metrics] Accuracy(layer_0 - estimator_2 - 3_folds.train_cv.predict)=81.40%
[ 2019-12-15 21:13:13,296][cascade_classifier.calc_accuracy] Accuracy(layer_0 - train.classifier_average)=81.91%
[ 2019-12-15 21:13:13,298][cascade_classifier.fit_transform] [layer=1] look_indexs=[0], X_cur_train.shape=(774, 364), X_cur_test.shape=(0, 364)
[ 2019-12-15 21:13:13,638][kfold_wrapper.log_eval_metrics] Accuracy(layer_1 - estimator_0 - 3_folds.train_0.predict)=79.07%
[ 2019-12-15 21:13:13,984][kfold_wrapper.log_eval_metrics] Accuracy(layer_1 - estimator_0 - 3_folds.train_1.predict)=79.07%
[ 2019-12-15 21:13:14,332][kfold_wrapper.log_eval_metrics] Accuracy(layer_1 - estimator_0 - 3_folds.train_2.predict)=85.66%
[ 2019-12-15 21:13:14,332][kfold_wrapper.log_eval_metrics] Accuracy(layer_1 - estimator_0 - 3_folds.train_cv.predict)=81.27%
[ 2019-12-15 21:13:14,662][kfold_wrapper.log_eval_metrics] Accuracy(layer_1 - estimator_1 - 3_folds.train_0.predict)=82.56%
[ 2019-12-15 21:13:14,999][kfold_wrapper.log_eval_metrics] Accuracy(layer_1 - estimator_1 - 3_folds.train_1.predict)=82.95%
[ 2019-12-15 21:13:15,333][kfold_wrapper.log_eval_metrics] Accuracy(layer_1 - estimator_1 - 3_folds.train_2.predict)=83.72%
[ 2019-12-15 21:13:15,334][kfold_wrapper.log_eval_metrics] Accuracy(layer_1 - estimator_1 - 3_folds.train_cv.predict)=83.07%
[ 2019-12-15 21:13:15,666][kfold_wrapper.log_eval_metrics] Accuracy(layer_1 - estimator_2 - 3_folds.train_0.predict)=82.95%
[ 2019-12-15 21:13:16,006][kfold_wrapper.log_eval_metrics] Accuracy(layer_1 - estimator_2 - 3_folds.train_1.predict)=79.46%
[ 2019-12-15 21:13:16,339][kfold_wrapper.log_eval_metrics] Accuracy(layer_1 - estimator_2 - 3_folds.train_2.predict)=83.33%
[ 2019-12-15 21:13:16,340][kfold_wrapper.log_eval_metrics] Accuracy(layer_1 - estimator_2 - 3_folds.train_cv.predict)=81.91%
[ 2019-12-15 21:13:16,340][cascade_classifier.calc_accuracy] Accuracy(layer_1 - train.classifier_average)=82.95%
[ 2019-12-15 21:13:16,342][cascade_classifier.fit_transform] [layer=2] look_indexs=[0], X_cur_train.shape=(774, 364), X_cur_test.shape=(0, 364)
[ 2019-12-15 21:13:16,686][kfold_wrapper.log_eval_metrics] Accuracy(layer_2 - estimator_0 - 3_folds.train_0.predict)=77.91%
[ 2019-12-15 21:13:17,032][kfold_wrapper.log_eval_metrics] Accuracy(layer_2 - estimator_0 - 3_folds.train_1.predict)=80.62%
[ 2019-12-15 21:13:17,365][kfold_wrapper.log_eval_metrics] Accuracy(layer_2 - estimator_0 - 3_folds.train_2.predict)=83.72%
[ 2019-12-15 21:13:17,366][kfold_wrapper.log_eval_metrics] Accuracy(layer_2 - estimator_0 - 3_folds.train_cv.predict)=80.75%
[ 2019-12-15 21:13:17,697][kfold_wrapper.log_eval_metrics] Accuracy(layer_2 - estimator_1 - 3_folds.train_0.predict)=81.01%
[ 2019-12-15 21:13:18,028][kfold_wrapper.log_eval_metrics] Accuracy(layer_2 - estimator_1 - 3_folds.train_1.predict)=83.33%
[ 2019-12-15 21:13:18,361][kfold_wrapper.log_eval_metrics] Accuracy(layer_2 - estimator_1 - 3_folds.train_2.predict)=81.40%
[ 2019-12-15 21:13:18,368][kfold_wrapper.log_eval_metrics] Accuracy(layer_2 - estimator_1 - 3_folds.train_cv.predict)=81.91%
[ 2019-12-15 21:13:18,701][kfold_wrapper.log_eval_metrics] Accuracy(layer_2 - estimator_2 - 3_folds.train_0.predict)=81.01%
[ 2019-12-15 21:13:19,029][kfold_wrapper.log_eval_metrics] Accuracy(layer_2 - estimator_2 - 3_folds.train_1.predict)=85.27%
[ 2019-12-15 21:13:19,362][kfold_wrapper.log_eval_metrics] Accuracy(layer_2 - estimator_2 - 3_folds.train_2.predict)=79.07%
[ 2019-12-15 21:13:19,362][kfold_wrapper.log_eval_metrics] Accuracy(layer_2 - estimator_2 - 3_folds.train_cv.predict)=81.78%
[ 2019-12-15 21:13:19,362][cascade_classifier.calc_accuracy] Accuracy(layer_2 - train.classifier_average)=81.40%
[ 2019-12-15 21:13:19,364][cascade_classifier.fit_transform] [layer=3] look_indexs=[0], X_cur_train.shape=(774, 364), X_cur_test.shape=(0, 364)
[ 2019-12-15 21:13:19,703][kfold_wrapper.log_eval_metrics] Accuracy(layer_3 - estimator_0 - 3_folds.train_0.predict)=81.78%
[ 2019-12-15 21:13:20,043][kfold_wrapper.log_eval_metrics] Accuracy(layer_3 - estimator_0 - 3_folds.train_1.predict)=79.84%
[ 2019-12-15 21:13:20,382][kfold_wrapper.log_eval_metrics] Accuracy(layer_3 - estimator_0 - 3_folds.train_2.predict)=80.62%
[ 2019-12-15 21:13:20,382][kfold_wrapper.log_eval_metrics] Accuracy(layer_3 - estimator_0 - 3_folds.train_cv.predict)=80.75%
[ 2019-12-15 21:13:20,716][kfold_wrapper.log_eval_metrics] Accuracy(layer_3 - estimator_1 - 3_folds.train_0.predict)=82.56%
[ 2019-12-15 21:13:21,044][kfold_wrapper.log_eval_metrics] Accuracy(layer_3 - estimator_1 - 3_folds.train_1.predict)=82.17%
[ 2019-12-15 21:13:21,371][kfold_wrapper.log_eval_metrics] Accuracy(layer_3 - estimator_1 - 3_folds.train_2.predict)=80.23%
[ 2019-12-15 21:13:21,377][kfold_wrapper.log_eval_metrics] Accuracy(layer_3 - estimator_1 - 3_folds.train_cv.predict)=81.65%
[ 2019-12-15 21:13:21,710][kfold_wrapper.log_eval_metrics] Accuracy(layer_3 - estimator_2 - 3_folds.train_0.predict)=75.97%
[ 2019-12-15 21:13:22,039][kfold_wrapper.log_eval_metrics] Accuracy(layer_3 - estimator_2 - 3_folds.train_1.predict)=84.11%
[ 2019-12-15 21:13:22,374][kfold_wrapper.log_eval_metrics] Accuracy(layer_3 - estimator_2 - 3_folds.train_2.predict)=82.56%
[ 2019-12-15 21:13:22,374][kfold_wrapper.log_eval_metrics] Accuracy(layer_3 - estimator_2 - 3_folds.train_cv.predict)=80.88%
[ 2019-12-15 21:13:22,374][cascade_classifier.calc_accuracy] Accuracy(layer_3 - train.classifier_average)=81.52%
[ 2019-12-15 21:13:22,376][cascade_classifier.fit_transform] [layer=4] look_indexs=[0], X_cur_train.shape=(774, 364), X_cur_test.shape=(0, 364)
[ 2019-12-15 21:13:22,719][kfold_wrapper.log_eval_metrics] Accuracy(layer_4 - estimator_0 - 3_folds.train_0.predict)=79.84%
[ 2019-12-15 21:13:23,060][kfold_wrapper.log_eval_metrics] Accuracy(layer_4 - estimator_0 - 3_folds.train_1.predict)=77.91%
[ 2019-12-15 21:13:23,403][kfold_wrapper.log_eval_metrics] Accuracy(layer_4 - estimator_0 - 3_folds.train_2.predict)=81.40%
[ 2019-12-15 21:13:23,403][kfold_wrapper.log_eval_metrics] Accuracy(layer_4 - estimator_0 - 3_folds.train_cv.predict)=79.72%
[ 2019-12-15 21:13:23,735][kfold_wrapper.log_eval_metrics] Accuracy(layer_4 - estimator_1 - 3_folds.train_0.predict)=84.11%
[ 2019-12-15 21:13:24,087][kfold_wrapper.log_eval_metrics] Accuracy(layer_4 - estimator_1 - 3_folds.train_1.predict)=79.84%
[ 2019-12-15 21:13:24,420][kfold_wrapper.log_eval_metrics] Accuracy(layer_4 - estimator_1 - 3_folds.train_2.predict)=79.46%
[ 2019-12-15 21:13:24,421][kfold_wrapper.log_eval_metrics] Accuracy(layer_4 - estimator_1 - 3_folds.train_cv.predict)=81.14%
[ 2019-12-15 21:13:24,752][kfold_wrapper.log_eval_metrics] Accuracy(layer_4 - estimator_2 - 3_folds.train_0.predict)=81.01%
[ 2019-12-15 21:13:25,101][kfold_wrapper.log_eval_metrics] Accuracy(layer_4 - estimator_2 - 3_folds.train_1.predict)=82.17%
[ 2019-12-15 21:13:25,444][kfold_wrapper.log_eval_metrics] Accuracy(layer_4 - estimator_2 - 3_folds.train_2.predict)=80.62%
[ 2019-12-15 21:13:25,445][kfold_wrapper.log_eval_metrics] Accuracy(layer_4 - estimator_2 - 3_folds.train_cv.predict)=81.27%
[ 2019-12-15 21:13:25,445][cascade_classifier.calc_accuracy] Accuracy(layer_4 - train.classifier_average)=81.78%
[ 2019-12-15 21:13:25,448][cascade_classifier.fit_transform] [layer=5] look_indexs=[0], X_cur_train.shape=(774, 364), X_cur_test.shape=(0, 364)
[ 2019-12-15 21:13:25,782][kfold_wrapper.log_eval_metrics] Accuracy(layer_5 - estimator_0 - 3_folds.train_0.predict)=80.23%
[ 2019-12-15 21:13:26,229][kfold_wrapper.log_eval_metrics] Accuracy(layer_5 - estimator_0 - 3_folds.train_1.predict)=78.68%
[ 2019-12-15 21:13:26,577][kfold_wrapper.log_eval_metrics] Accuracy(layer_5 - estimator_0 - 3_folds.train_2.predict)=85.66%
[ 2019-12-15 21:13:26,577][kfold_wrapper.log_eval_metrics] Accuracy(layer_5 - estimator_0 - 3_folds.train_cv.predict)=81.52%
[ 2019-12-15 21:13:26,909][kfold_wrapper.log_eval_metrics] Accuracy(layer_5 - estimator_1 - 3_folds.train_0.predict)=84.11%
[ 2019-12-15 21:13:27,281][kfold_wrapper.log_eval_metrics] Accuracy(layer_5 - estimator_1 - 3_folds.train_1.predict)=78.68%
[ 2019-12-15 21:13:27,616][kfold_wrapper.log_eval_metrics] Accuracy(layer_5 - estimator_1 - 3_folds.train_2.predict)=79.07%
[ 2019-12-15 21:13:27,617][kfold_wrapper.log_eval_metrics] Accuracy(layer_5 - estimator_1 - 3_folds.train_cv.predict)=80.62%
[ 2019-12-15 21:13:27,950][kfold_wrapper.log_eval_metrics] Accuracy(layer_5 - estimator_2 - 3_folds.train_0.predict)=83.72%
[ 2019-12-15 21:13:28,309][kfold_wrapper.log_eval_metrics] Accuracy(layer_5 - estimator_2 - 3_folds.train_1.predict)=80.62%
[ 2019-12-15 21:13:28,642][kfold_wrapper.log_eval_metrics] Accuracy(layer_5 - estimator_2 - 3_folds.train_2.predict)=81.01%
[ 2019-12-15 21:13:28,643][kfold_wrapper.log_eval_metrics] Accuracy(layer_5 - estimator_2 - 3_folds.train_cv.predict)=81.78%
[ 2019-12-15 21:13:28,643][cascade_classifier.calc_accuracy] Accuracy(layer_5 - train.classifier_average)=81.27%
[ 2019-12-15 21:13:28,646][cascade_classifier.fit_transform] [layer=6] look_indexs=[0], X_cur_train.shape=(774, 364), X_cur_test.shape=(0, 364)
[ 2019-12-15 21:13:28,986][kfold_wrapper.log_eval_metrics] Accuracy(layer_6 - estimator_0 - 3_folds.train_0.predict)=82.17%
[ 2019-12-15 21:13:29,345][kfold_wrapper.log_eval_metrics] Accuracy(layer_6 - estimator_0 - 3_folds.train_1.predict)=79.84%
[ 2019-12-15 21:13:29,685][kfold_wrapper.log_eval_metrics] Accuracy(layer_6 - estimator_0 - 3_folds.train_2.predict)=82.95%
[ 2019-12-15 21:13:29,686][kfold_wrapper.log_eval_metrics] Accuracy(layer_6 - estimator_0 - 3_folds.train_cv.predict)=81.65%
[ 2019-12-15 21:13:30,020][kfold_wrapper.log_eval_metrics] Accuracy(layer_6 - estimator_1 - 3_folds.train_0.predict)=82.17%
[ 2019-12-15 21:13:30,357][kfold_wrapper.log_eval_metrics] Accuracy(layer_6 - estimator_1 - 3_folds.train_1.predict)=81.01%
[ 2019-12-15 21:13:30,689][kfold_wrapper.log_eval_metrics] Accuracy(layer_6 - estimator_1 - 3_folds.train_2.predict)=81.01%
[ 2019-12-15 21:13:30,690][kfold_wrapper.log_eval_metrics] Accuracy(layer_6 - estimator_1 - 3_folds.train_cv.predict)=81.40%
[ 2019-12-15 21:13:31,023][kfold_wrapper.log_eval_metrics] Accuracy(layer_6 - estimator_2 - 3_folds.train_0.predict)=82.95%
[ 2019-12-15 21:13:31,357][kfold_wrapper.log_eval_metrics] Accuracy(layer_6 - estimator_2 - 3_folds.train_1.predict)=76.74%
[ 2019-12-15 21:13:31,691][kfold_wrapper.log_eval_metrics] Accuracy(layer_6 - estimator_2 - 3_folds.train_2.predict)=81.78%
[ 2019-12-15 21:13:31,692][kfold_wrapper.log_eval_metrics] Accuracy(layer_6 - estimator_2 - 3_folds.train_cv.predict)=80.49%
[ 2019-12-15 21:13:31,692][cascade_classifier.calc_accuracy] Accuracy(layer_6 - train.classifier_average)=81.52%
[ 2019-12-15 21:13:31,692][cascade_classifier.fit_transform] [Result][Optimal Level Detected] opt_layer_num=2, accuracy_train=82.95%, accuracy_test=0.00%
[ 2019-12-15 21:13:31,698][cascade_classifier.transform] X_groups_test.shape=[(87, 358)]
[ 2019-12-15 21:13:31,699][cascade_classifier.transform] group_dims=[358]
[ 2019-12-15 21:13:31,699][cascade_classifier.transform] X_test.shape=(87, 358)
[ 2019-12-15 21:13:31,699][cascade_classifier.transform] [layer=0] look_indexs=[0], X_cur_test.shape=(87, 358)
[ 2019-12-15 21:13:32,652][cascade_classifier.transform] [layer=1] look_indexs=[0], X_cur_test.shape=(87, 364)
[ 2019-12-15 21:13:33,619][cascade_classifier.transform] X_groups_test.shape=[(87, 358)]
[ 2019-12-15 21:13:33,620][cascade_classifier.transform] group_dims=[358]
[ 2019-12-15 21:13:33,620][cascade_classifier.transform] X_test.shape=(87, 358)
[ 2019-12-15 21:13:33,620][cascade_classifier.transform] [layer=0] look_indexs=[0], X_cur_test.shape=(87, 358)
[ 2019-12-15 21:13:34,567][cascade_classifier.transform] [layer=1] look_indexs=[0], X_cur_test.shape=(87, 364)
[ 2019-12-15 21:13:35,533][cascade_classifier.fit_transform] X_groups_train.shape=[(774, 358)],y_train.shape=(774,),X_groups_test.shape=no_test,y_test.shape=no_test
[ 2019-12-15 21:13:35,534][cascade_classifier.fit_transform] group_dims=[358]
[ 2019-12-15 21:13:35,535][cascade_classifier.fit_transform] group_starts=[0]
[ 2019-12-15 21:13:35,535][cascade_classifier.fit_transform] group_ends=[358]
[ 2019-12-15 21:13:35,535][cascade_classifier.fit_transform] X_train.shape=(774, 358),X_test.shape=(0, 358)
[ 2019-12-15 21:13:35,537][cascade_classifier.fit_transform] [layer=0] look_indexs=[0], X_cur_train.shape=(774, 358), X_cur_test.shape=(0, 358)
[ 2019-12-15 21:13:35,887][kfold_wrapper.log_eval_metrics] Accuracy(layer_0 - estimator_0 - 3_folds.train_0.predict)=78.68%
[ 2019-12-15 21:13:36,251][kfold_wrapper.log_eval_metrics] Accuracy(layer_0 - estimator_0 - 3_folds.train_1.predict)=81.78%
[ 2019-12-15 21:13:36,592][kfold_wrapper.log_eval_metrics] Accuracy(layer_0 - estimator_0 - 3_folds.train_2.predict)=79.84%
[ 2019-12-15 21:13:36,592][kfold_wrapper.log_eval_metrics] Accuracy(layer_0 - estimator_0 - 3_folds.train_cv.predict)=80.10%
[ 2019-12-15 21:13:36,927][kfold_wrapper.log_eval_metrics] Accuracy(layer_0 - estimator_1 - 3_folds.train_0.predict)=79.46%
[ 2019-12-15 21:13:37,301][kfold_wrapper.log_eval_metrics] Accuracy(layer_0 - estimator_1 - 3_folds.train_1.predict)=78.29%
[ 2019-12-15 21:13:37,633][kfold_wrapper.log_eval_metrics] Accuracy(layer_0 - estimator_1 - 3_folds.train_2.predict)=82.17%
[ 2019-12-15 21:13:37,633][kfold_wrapper.log_eval_metrics] Accuracy(layer_0 - estimator_1 - 3_folds.train_cv.predict)=79.97%
[ 2019-12-15 21:13:37,969][kfold_wrapper.log_eval_metrics] Accuracy(layer_0 - estimator_2 - 3_folds.train_0.predict)=81.01%
[ 2019-12-15 21:13:38,320][kfold_wrapper.log_eval_metrics] Accuracy(layer_0 - estimator_2 - 3_folds.train_1.predict)=82.17%
[ 2019-12-15 21:13:38,657][kfold_wrapper.log_eval_metrics] Accuracy(layer_0 - estimator_2 - 3_folds.train_2.predict)=82.56%
[ 2019-12-15 21:13:38,657][kfold_wrapper.log_eval_metrics] Accuracy(layer_0 - estimator_2 - 3_folds.train_cv.predict)=81.91%
[ 2019-12-15 21:13:38,658][cascade_classifier.calc_accuracy] Accuracy(layer_0 - train.classifier_average)=80.62%
[ 2019-12-15 21:13:38,660][cascade_classifier.fit_transform] [layer=1] look_indexs=[0], X_cur_train.shape=(774, 364), X_cur_test.shape=(0, 364)
[ 2019-12-15 21:13:39,010][kfold_wrapper.log_eval_metrics] Accuracy(layer_1 - estimator_0 - 3_folds.train_0.predict)=83.33%
[ 2019-12-15 21:13:39,352][kfold_wrapper.log_eval_metrics] Accuracy(layer_1 - estimator_0 - 3_folds.train_1.predict)=80.62%
[ 2019-12-15 21:13:39,683][kfold_wrapper.log_eval_metrics] Accuracy(layer_1 - estimator_0 - 3_folds.train_2.predict)=75.97%
[ 2019-12-15 21:13:39,684][kfold_wrapper.log_eval_metrics] Accuracy(layer_1 - estimator_0 - 3_folds.train_cv.predict)=79.97%
[ 2019-12-15 21:13:40,020][kfold_wrapper.log_eval_metrics] Accuracy(layer_1 - estimator_1 - 3_folds.train_0.predict)=81.78%
[ 2019-12-15 21:13:40,354][kfold_wrapper.log_eval_metrics] Accuracy(layer_1 - estimator_1 - 3_folds.train_1.predict)=79.46%
[ 2019-12-15 21:13:40,686][kfold_wrapper.log_eval_metrics] Accuracy(layer_1 - estimator_1 - 3_folds.train_2.predict)=79.46%
[ 2019-12-15 21:13:40,687][kfold_wrapper.log_eval_metrics] Accuracy(layer_1 - estimator_1 - 3_folds.train_cv.predict)=80.23%
[ 2019-12-15 21:13:41,020][kfold_wrapper.log_eval_metrics] Accuracy(layer_1 - estimator_2 - 3_folds.train_0.predict)=81.78%
[ 2019-12-15 21:13:41,353][kfold_wrapper.log_eval_metrics] Accuracy(layer_1 - estimator_2 - 3_folds.train_1.predict)=81.78%
[ 2019-12-15 21:13:41,683][kfold_wrapper.log_eval_metrics] Accuracy(layer_1 - estimator_2 - 3_folds.train_2.predict)=81.40%
[ 2019-12-15 21:13:41,684][kfold_wrapper.log_eval_metrics] Accuracy(layer_1 - estimator_2 - 3_folds.train_cv.predict)=81.65%
[ 2019-12-15 21:13:41,684][cascade_classifier.calc_accuracy] Accuracy(layer_1 - train.classifier_average)=81.27%
[ 2019-12-15 21:13:41,686][cascade_classifier.fit_transform] [layer=2] look_indexs=[0], X_cur_train.shape=(774, 364), X_cur_test.shape=(0, 364)
[ 2019-12-15 21:13:42,028][kfold_wrapper.log_eval_metrics] Accuracy(layer_2 - estimator_0 - 3_folds.train_0.predict)=79.84%
[ 2019-12-15 21:13:42,376][kfold_wrapper.log_eval_metrics] Accuracy(layer_2 - estimator_0 - 3_folds.train_1.predict)=79.46%
[ 2019-12-15 21:13:42,714][kfold_wrapper.log_eval_metrics] Accuracy(layer_2 - estimator_0 - 3_folds.train_2.predict)=78.29%
[ 2019-12-15 21:13:42,715][kfold_wrapper.log_eval_metrics] Accuracy(layer_2 - estimator_0 - 3_folds.train_cv.predict)=79.20%
[ 2019-12-15 21:13:43,048][kfold_wrapper.log_eval_metrics] Accuracy(layer_2 - estimator_1 - 3_folds.train_0.predict)=81.01%
[ 2019-12-15 21:13:43,381][kfold_wrapper.log_eval_metrics] Accuracy(layer_2 - estimator_1 - 3_folds.train_1.predict)=80.62%
[ 2019-12-15 21:13:43,713][kfold_wrapper.log_eval_metrics] Accuracy(layer_2 - estimator_1 - 3_folds.train_2.predict)=78.68%
[ 2019-12-15 21:13:43,719][kfold_wrapper.log_eval_metrics] Accuracy(layer_2 - estimator_1 - 3_folds.train_cv.predict)=80.10%
[ 2019-12-15 21:13:44,085][kfold_wrapper.log_eval_metrics] Accuracy(layer_2 - estimator_2 - 3_folds.train_0.predict)=81.40%
[ 2019-12-15 21:13:44,432][kfold_wrapper.log_eval_metrics] Accuracy(layer_2 - estimator_2 - 3_folds.train_1.predict)=83.33%
[ 2019-12-15 21:13:44,764][kfold_wrapper.log_eval_metrics] Accuracy(layer_2 - estimator_2 - 3_folds.train_2.predict)=78.68%
[ 2019-12-15 21:13:44,765][kfold_wrapper.log_eval_metrics] Accuracy(layer_2 - estimator_2 - 3_folds.train_cv.predict)=81.14%
[ 2019-12-15 21:13:44,765][cascade_classifier.calc_accuracy] Accuracy(layer_2 - train.classifier_average)=79.46%
[ 2019-12-15 21:13:44,767][cascade_classifier.fit_transform] [layer=3] look_indexs=[0], X_cur_train.shape=(774, 364), X_cur_test.shape=(0, 364)
[ 2019-12-15 21:13:45,235][kfold_wrapper.log_eval_metrics] Accuracy(layer_3 - estimator_0 - 3_folds.train_0.predict)=78.68%
[ 2019-12-15 21:13:45,590][kfold_wrapper.log_eval_metrics] Accuracy(layer_3 - estimator_0 - 3_folds.train_1.predict)=82.95%
[ 2019-12-15 21:13:45,936][kfold_wrapper.log_eval_metrics] Accuracy(layer_3 - estimator_0 - 3_folds.train_2.predict)=82.17%
[ 2019-12-15 21:13:45,937][kfold_wrapper.log_eval_metrics] Accuracy(layer_3 - estimator_0 - 3_folds.train_cv.predict)=81.27%
[ 2019-12-15 21:13:46,304][kfold_wrapper.log_eval_metrics] Accuracy(layer_3 - estimator_1 - 3_folds.train_0.predict)=79.07%
[ 2019-12-15 21:13:46,650][kfold_wrapper.log_eval_metrics] Accuracy(layer_3 - estimator_1 - 3_folds.train_1.predict)=81.78%
[ 2019-12-15 21:13:46,985][kfold_wrapper.log_eval_metrics] Accuracy(layer_3 - estimator_1 - 3_folds.train_2.predict)=81.01%
[ 2019-12-15 21:13:46,986][kfold_wrapper.log_eval_metrics] Accuracy(layer_3 - estimator_1 - 3_folds.train_cv.predict)=80.62%
[ 2019-12-15 21:13:47,337][kfold_wrapper.log_eval_metrics] Accuracy(layer_3 - estimator_2 - 3_folds.train_0.predict)=79.07%
[ 2019-12-15 21:13:47,663][kfold_wrapper.log_eval_metrics] Accuracy(layer_3 - estimator_2 - 3_folds.train_1.predict)=79.46%
[ 2019-12-15 21:13:47,995][kfold_wrapper.log_eval_metrics] Accuracy(layer_3 - estimator_2 - 3_folds.train_2.predict)=85.27%
[ 2019-12-15 21:13:48,006][kfold_wrapper.log_eval_metrics] Accuracy(layer_3 - estimator_2 - 3_folds.train_cv.predict)=81.27%
[ 2019-12-15 21:13:48,007][cascade_classifier.calc_accuracy] Accuracy(layer_3 - train.classifier_average)=81.78%
[ 2019-12-15 21:13:48,009][cascade_classifier.fit_transform] [layer=4] look_indexs=[0], X_cur_train.shape=(774, 364), X_cur_test.shape=(0, 364)
[ 2019-12-15 21:13:48,356][kfold_wrapper.log_eval_metrics] Accuracy(layer_4 - estimator_0 - 3_folds.train_0.predict)=81.01%
[ 2019-12-15 21:13:48,714][kfold_wrapper.log_eval_metrics] Accuracy(layer_4 - estimator_0 - 3_folds.train_1.predict)=79.84%
[ 2019-12-15 21:13:49,091][kfold_wrapper.log_eval_metrics] Accuracy(layer_4 - estimator_0 - 3_folds.train_2.predict)=80.62%
[ 2019-12-15 21:13:49,092][kfold_wrapper.log_eval_metrics] Accuracy(layer_4 - estimator_0 - 3_folds.train_cv.predict)=80.49%
[ 2019-12-15 21:13:49,427][kfold_wrapper.log_eval_metrics] Accuracy(layer_4 - estimator_1 - 3_folds.train_0.predict)=79.46%
[ 2019-12-15 21:13:49,759][kfold_wrapper.log_eval_metrics] Accuracy(layer_4 - estimator_1 - 3_folds.train_1.predict)=81.40%
[ 2019-12-15 21:13:50,113][kfold_wrapper.log_eval_metrics] Accuracy(layer_4 - estimator_1 - 3_folds.train_2.predict)=81.40%
[ 2019-12-15 21:13:50,114][kfold_wrapper.log_eval_metrics] Accuracy(layer_4 - estimator_1 - 3_folds.train_cv.predict)=80.75%
[ 2019-12-15 21:13:50,464][kfold_wrapper.log_eval_metrics] Accuracy(layer_4 - estimator_2 - 3_folds.train_0.predict)=77.52%
[ 2019-12-15 21:13:50,796][kfold_wrapper.log_eval_metrics] Accuracy(layer_4 - estimator_2 - 3_folds.train_1.predict)=80.62%
[ 2019-12-15 21:13:51,128][kfold_wrapper.log_eval_metrics] Accuracy(layer_4 - estimator_2 - 3_folds.train_2.predict)=83.72%
[ 2019-12-15 21:13:51,128][kfold_wrapper.log_eval_metrics] Accuracy(layer_4 - estimator_2 - 3_folds.train_cv.predict)=80.62%
[ 2019-12-15 21:13:51,128][cascade_classifier.calc_accuracy] Accuracy(layer_4 - train.classifier_average)=81.14%
[ 2019-12-15 21:13:51,132][cascade_classifier.fit_transform] [layer=5] look_indexs=[0], X_cur_train.shape=(774, 364), X_cur_test.shape=(0, 364)
[ 2019-12-15 21:13:51,473][kfold_wrapper.log_eval_metrics] Accuracy(layer_5 - estimator_0 - 3_folds.train_0.predict)=82.56%
[ 2019-12-15 21:13:51,810][kfold_wrapper.log_eval_metrics] Accuracy(layer_5 - estimator_0 - 3_folds.train_1.predict)=81.78%
[ 2019-12-15 21:13:52,251][kfold_wrapper.log_eval_metrics] Accuracy(layer_5 - estimator_0 - 3_folds.train_2.predict)=79.07%
[ 2019-12-15 21:13:52,252][kfold_wrapper.log_eval_metrics] Accuracy(layer_5 - estimator_0 - 3_folds.train_cv.predict)=81.14%
[ 2019-12-15 21:13:52,585][kfold_wrapper.log_eval_metrics] Accuracy(layer_5 - estimator_1 - 3_folds.train_0.predict)=82.56%
[ 2019-12-15 21:13:52,917][kfold_wrapper.log_eval_metrics] Accuracy(layer_5 - estimator_1 - 3_folds.train_1.predict)=80.23%
[ 2019-12-15 21:13:53,284][kfold_wrapper.log_eval_metrics] Accuracy(layer_5 - estimator_1 - 3_folds.train_2.predict)=79.07%
[ 2019-12-15 21:13:53,285][kfold_wrapper.log_eval_metrics] Accuracy(layer_5 - estimator_1 - 3_folds.train_cv.predict)=80.62%
[ 2019-12-15 21:13:53,615][kfold_wrapper.log_eval_metrics] Accuracy(layer_5 - estimator_2 - 3_folds.train_0.predict)=81.40%
[ 2019-12-15 21:13:53,953][kfold_wrapper.log_eval_metrics] Accuracy(layer_5 - estimator_2 - 3_folds.train_1.predict)=82.17%
[ 2019-12-15 21:13:54,315][kfold_wrapper.log_eval_metrics] Accuracy(layer_5 - estimator_2 - 3_folds.train_2.predict)=76.74%
[ 2019-12-15 21:13:54,316][kfold_wrapper.log_eval_metrics] Accuracy(layer_5 - estimator_2 - 3_folds.train_cv.predict)=80.10%
[ 2019-12-15 21:13:54,316][cascade_classifier.calc_accuracy] Accuracy(layer_5 - train.classifier_average)=80.88%
[ 2019-12-15 21:13:54,318][cascade_classifier.fit_transform] [layer=6] look_indexs=[0], X_cur_train.shape=(774, 364), X_cur_test.shape=(0, 364)
[ 2019-12-15 21:13:54,658][kfold_wrapper.log_eval_metrics] Accuracy(layer_6 - estimator_0 - 3_folds.train_0.predict)=79.84%
[ 2019-12-15 21:13:54,995][kfold_wrapper.log_eval_metrics] Accuracy(layer_6 - estimator_0 - 3_folds.train_1.predict)=81.01%
[ 2019-12-15 21:13:55,341][kfold_wrapper.log_eval_metrics] Accuracy(layer_6 - estimator_0 - 3_folds.train_2.predict)=80.23%
[ 2019-12-15 21:13:55,342][kfold_wrapper.log_eval_metrics] Accuracy(layer_6 - estimator_0 - 3_folds.train_cv.predict)=80.36%
[ 2019-12-15 21:13:55,673][kfold_wrapper.log_eval_metrics] Accuracy(layer_6 - estimator_1 - 3_folds.train_0.predict)=75.97%
[ 2019-12-15 21:13:56,006][kfold_wrapper.log_eval_metrics] Accuracy(layer_6 - estimator_1 - 3_folds.train_1.predict)=80.62%
[ 2019-12-15 21:13:56,343][kfold_wrapper.log_eval_metrics] Accuracy(layer_6 - estimator_1 - 3_folds.train_2.predict)=83.72%
[ 2019-12-15 21:13:56,344][kfold_wrapper.log_eval_metrics] Accuracy(layer_6 - estimator_1 - 3_folds.train_cv.predict)=80.10%
[ 2019-12-15 21:13:56,675][kfold_wrapper.log_eval_metrics] Accuracy(layer_6 - estimator_2 - 3_folds.train_0.predict)=82.95%
[ 2019-12-15 21:13:57,011][kfold_wrapper.log_eval_metrics] Accuracy(layer_6 - estimator_2 - 3_folds.train_1.predict)=81.01%
[ 2019-12-15 21:13:57,345][kfold_wrapper.log_eval_metrics] Accuracy(layer_6 - estimator_2 - 3_folds.train_2.predict)=82.95%
[ 2019-12-15 21:13:57,346][kfold_wrapper.log_eval_metrics] Accuracy(layer_6 - estimator_2 - 3_folds.train_cv.predict)=82.30%
[ 2019-12-15 21:13:57,346][cascade_classifier.calc_accuracy] Accuracy(layer_6 - train.classifier_average)=80.23%
[ 2019-12-15 21:13:57,348][cascade_classifier.fit_transform] [layer=7] look_indexs=[0], X_cur_train.shape=(774, 364), X_cur_test.shape=(0, 364)
[ 2019-12-15 21:13:57,690][kfold_wrapper.log_eval_metrics] Accuracy(layer_7 - estimator_0 - 3_folds.train_0.predict)=79.07%
[ 2019-12-15 21:13:58,028][kfold_wrapper.log_eval_metrics] Accuracy(layer_7 - estimator_0 - 3_folds.train_1.predict)=82.95%
[ 2019-12-15 21:13:58,363][kfold_wrapper.log_eval_metrics] Accuracy(layer_7 - estimator_0 - 3_folds.train_2.predict)=82.56%
[ 2019-12-15 21:13:58,364][kfold_wrapper.log_eval_metrics] Accuracy(layer_7 - estimator_0 - 3_folds.train_cv.predict)=81.52%
[ 2019-12-15 21:13:58,701][kfold_wrapper.log_eval_metrics] Accuracy(layer_7 - estimator_1 - 3_folds.train_0.predict)=79.84%
[ 2019-12-15 21:13:59,034][kfold_wrapper.log_eval_metrics] Accuracy(layer_7 - estimator_1 - 3_folds.train_1.predict)=79.46%
[ 2019-12-15 21:13:59,367][kfold_wrapper.log_eval_metrics] Accuracy(layer_7 - estimator_1 - 3_folds.train_2.predict)=81.40%
[ 2019-12-15 21:13:59,368][kfold_wrapper.log_eval_metrics] Accuracy(layer_7 - estimator_1 - 3_folds.train_cv.predict)=80.23%
[ 2019-12-15 21:13:59,707][kfold_wrapper.log_eval_metrics] Accuracy(layer_7 - estimator_2 - 3_folds.train_0.predict)=79.84%
[ 2019-12-15 21:14:00,040][kfold_wrapper.log_eval_metrics] Accuracy(layer_7 - estimator_2 - 3_folds.train_1.predict)=83.72%
[ 2019-12-15 21:14:00,373][kfold_wrapper.log_eval_metrics] Accuracy(layer_7 - estimator_2 - 3_folds.train_2.predict)=79.07%
[ 2019-12-15 21:14:00,373][kfold_wrapper.log_eval_metrics] Accuracy(layer_7 - estimator_2 - 3_folds.train_cv.predict)=80.88%
[ 2019-12-15 21:14:00,374][cascade_classifier.calc_accuracy] Accuracy(layer_7 - train.classifier_average)=80.75%
[ 2019-12-15 21:14:00,375][cascade_classifier.fit_transform] [layer=8] look_indexs=[0], X_cur_train.shape=(774, 364), X_cur_test.shape=(0, 364)
[ 2019-12-15 21:14:00,717][kfold_wrapper.log_eval_metrics] Accuracy(layer_8 - estimator_0 - 3_folds.train_0.predict)=79.07%
[ 2019-12-15 21:14:01,054][kfold_wrapper.log_eval_metrics] Accuracy(layer_8 - estimator_0 - 3_folds.train_1.predict)=81.01%
[ 2019-12-15 21:14:01,389][kfold_wrapper.log_eval_metrics] Accuracy(layer_8 - estimator_0 - 3_folds.train_2.predict)=81.78%
[ 2019-12-15 21:14:01,390][kfold_wrapper.log_eval_metrics] Accuracy(layer_8 - estimator_0 - 3_folds.train_cv.predict)=80.62%
[ 2019-12-15 21:14:01,725][kfold_wrapper.log_eval_metrics] Accuracy(layer_8 - estimator_1 - 3_folds.train_0.predict)=81.01%
[ 2019-12-15 21:14:02,058][kfold_wrapper.log_eval_metrics] Accuracy(layer_8 - estimator_1 - 3_folds.train_1.predict)=77.13%
[ 2019-12-15 21:14:02,389][kfold_wrapper.log_eval_metrics] Accuracy(layer_8 - estimator_1 - 3_folds.train_2.predict)=83.33%
[ 2019-12-15 21:14:02,390][kfold_wrapper.log_eval_metrics] Accuracy(layer_8 - estimator_1 - 3_folds.train_cv.predict)=80.49%
[ 2019-12-15 21:14:02,724][kfold_wrapper.log_eval_metrics] Accuracy(layer_8 - estimator_2 - 3_folds.train_0.predict)=81.40%
[ 2019-12-15 21:14:03,055][kfold_wrapper.log_eval_metrics] Accuracy(layer_8 - estimator_2 - 3_folds.train_1.predict)=82.56%
[ 2019-12-15 21:14:03,387][kfold_wrapper.log_eval_metrics] Accuracy(layer_8 - estimator_2 - 3_folds.train_2.predict)=78.29%
[ 2019-12-15 21:14:03,388][kfold_wrapper.log_eval_metrics] Accuracy(layer_8 - estimator_2 - 3_folds.train_cv.predict)=80.75%
[ 2019-12-15 21:14:03,388][cascade_classifier.calc_accuracy] Accuracy(layer_8 - train.classifier_average)=80.88%
[ 2019-12-15 21:14:03,388][cascade_classifier.fit_transform] [Result][Optimal Level Detected] opt_layer_num=4, accuracy_train=81.78%, accuracy_test=0.00%
[ 2019-12-15 21:14:03,395][cascade_classifier.transform] X_groups_test.shape=[(87, 358)]
[ 2019-12-15 21:14:03,395][cascade_classifier.transform] group_dims=[358]
[ 2019-12-15 21:14:03,396][cascade_classifier.transform] X_test.shape=(87, 358)
[ 2019-12-15 21:14:03,396][cascade_classifier.transform] [layer=0] look_indexs=[0], X_cur_test.shape=(87, 358)
[ 2019-12-15 21:14:04,351][cascade_classifier.transform] [layer=1] look_indexs=[0], X_cur_test.shape=(87, 364)
[ 2019-12-15 21:14:05,314][cascade_classifier.transform] [layer=2] look_indexs=[0], X_cur_test.shape=(87, 364)
[ 2019-12-15 21:14:06,266][cascade_classifier.transform] [layer=3] look_indexs=[0], X_cur_test.shape=(87, 364)
[ 2019-12-15 21:14:07,215][cascade_classifier.transform] X_groups_test.shape=[(87, 358)]
[ 2019-12-15 21:14:07,216][cascade_classifier.transform] group_dims=[358]
[ 2019-12-15 21:14:07,216][cascade_classifier.transform] X_test.shape=(87, 358)
[ 2019-12-15 21:14:07,216][cascade_classifier.transform] [layer=0] look_indexs=[0], X_cur_test.shape=(87, 358)
[ 2019-12-15 21:14:08,168][cascade_classifier.transform] [layer=1] look_indexs=[0], X_cur_test.shape=(87, 364)
[ 2019-12-15 21:14:09,114][cascade_classifier.transform] [layer=2] look_indexs=[0], X_cur_test.shape=(87, 364)
[ 2019-12-15 21:14:10,073][cascade_classifier.transform] [layer=3] look_indexs=[0], X_cur_test.shape=(87, 364)
[ 2019-12-15 21:14:11,039][cascade_classifier.fit_transform] X_groups_train.shape=[(774, 358)],y_train.shape=(774,),X_groups_test.shape=no_test,y_test.shape=no_test
[ 2019-12-15 21:14:11,040][cascade_classifier.fit_transform] group_dims=[358]
[ 2019-12-15 21:14:11,041][cascade_classifier.fit_transform] group_starts=[0]
[ 2019-12-15 21:14:11,041][cascade_classifier.fit_transform] group_ends=[358]
[ 2019-12-15 21:14:11,041][cascade_classifier.fit_transform] X_train.shape=(774, 358),X_test.shape=(0, 358)
[ 2019-12-15 21:14:11,043][cascade_classifier.fit_transform] [layer=0] look_indexs=[0], X_cur_train.shape=(774, 358), X_cur_test.shape=(0, 358)
[ 2019-12-15 21:14:11,388][kfold_wrapper.log_eval_metrics] Accuracy(layer_0 - estimator_0 - 3_folds.train_0.predict)=85.33%
[ 2019-12-15 21:14:11,728][kfold_wrapper.log_eval_metrics] Accuracy(layer_0 - estimator_0 - 3_folds.train_1.predict)=79.84%
[ 2019-12-15 21:14:12,070][kfold_wrapper.log_eval_metrics] Accuracy(layer_0 - estimator_0 - 3_folds.train_2.predict)=80.93%
[ 2019-12-15 21:14:12,071][kfold_wrapper.log_eval_metrics] Accuracy(layer_0 - estimator_0 - 3_folds.train_cv.predict)=82.04%
[ 2019-12-15 21:14:12,404][kfold_wrapper.log_eval_metrics] Accuracy(layer_0 - estimator_1 - 3_folds.train_0.predict)=85.33%
[ 2019-12-15 21:14:12,734][kfold_wrapper.log_eval_metrics] Accuracy(layer_0 - estimator_1 - 3_folds.train_1.predict)=79.84%
[ 2019-12-15 21:14:13,066][kfold_wrapper.log_eval_metrics] Accuracy(layer_0 - estimator_1 - 3_folds.train_2.predict)=78.99%
[ 2019-12-15 21:14:13,067][kfold_wrapper.log_eval_metrics] Accuracy(layer_0 - estimator_1 - 3_folds.train_cv.predict)=81.40%
[ 2019-12-15 21:14:13,397][kfold_wrapper.log_eval_metrics] Accuracy(layer_0 - estimator_2 - 3_folds.train_0.predict)=84.94%
[ 2019-12-15 21:14:13,727][kfold_wrapper.log_eval_metrics] Accuracy(layer_0 - estimator_2 - 3_folds.train_1.predict)=80.23%
[ 2019-12-15 21:14:14,057][kfold_wrapper.log_eval_metrics] Accuracy(layer_0 - estimator_2 - 3_folds.train_2.predict)=84.44%
[ 2019-12-15 21:14:14,057][kfold_wrapper.log_eval_metrics] Accuracy(layer_0 - estimator_2 - 3_folds.train_cv.predict)=83.20%
[ 2019-12-15 21:14:14,058][cascade_classifier.calc_accuracy] Accuracy(layer_0 - train.classifier_average)=82.30%
[ 2019-12-15 21:14:14,060][cascade_classifier.fit_transform] [layer=1] look_indexs=[0], X_cur_train.shape=(774, 364), X_cur_test.shape=(0, 364)
[ 2019-12-15 21:14:14,402][kfold_wrapper.log_eval_metrics] Accuracy(layer_1 - estimator_0 - 3_folds.train_0.predict)=83.01%
[ 2019-12-15 21:14:14,742][kfold_wrapper.log_eval_metrics] Accuracy(layer_1 - estimator_0 - 3_folds.train_1.predict)=82.95%
[ 2019-12-15 21:14:15,090][kfold_wrapper.log_eval_metrics] Accuracy(layer_1 - estimator_0 - 3_folds.train_2.predict)=80.54%
[ 2019-12-15 21:14:15,091][kfold_wrapper.log_eval_metrics] Accuracy(layer_1 - estimator_0 - 3_folds.train_cv.predict)=82.17%
[ 2019-12-15 21:14:15,428][kfold_wrapper.log_eval_metrics] Accuracy(layer_1 - estimator_1 - 3_folds.train_0.predict)=80.31%
[ 2019-12-15 21:14:15,764][kfold_wrapper.log_eval_metrics] Accuracy(layer_1 - estimator_1 - 3_folds.train_1.predict)=86.05%
[ 2019-12-15 21:14:16,099][kfold_wrapper.log_eval_metrics] Accuracy(layer_1 - estimator_1 - 3_folds.train_2.predict)=83.66%
[ 2019-12-15 21:14:16,099][kfold_wrapper.log_eval_metrics] Accuracy(layer_1 - estimator_1 - 3_folds.train_cv.predict)=83.33%
[ 2019-12-15 21:14:16,433][kfold_wrapper.log_eval_metrics] Accuracy(layer_1 - estimator_2 - 3_folds.train_0.predict)=81.85%
[ 2019-12-15 21:14:16,765][kfold_wrapper.log_eval_metrics] Accuracy(layer_1 - estimator_2 - 3_folds.train_1.predict)=79.07%
[ 2019-12-15 21:14:17,105][kfold_wrapper.log_eval_metrics] Accuracy(layer_1 - estimator_2 - 3_folds.train_2.predict)=80.93%
[ 2019-12-15 21:14:17,106][kfold_wrapper.log_eval_metrics] Accuracy(layer_1 - estimator_2 - 3_folds.train_cv.predict)=80.62%
[ 2019-12-15 21:14:17,106][cascade_classifier.calc_accuracy] Accuracy(layer_1 - train.classifier_average)=81.65%
[ 2019-12-15 21:14:17,109][cascade_classifier.fit_transform] [layer=2] look_indexs=[0], X_cur_train.shape=(774, 364), X_cur_test.shape=(0, 364)
[ 2019-12-15 21:14:17,452][kfold_wrapper.log_eval_metrics] Accuracy(layer_2 - estimator_0 - 3_folds.train_0.predict)=80.69%
[ 2019-12-15 21:14:17,795][kfold_wrapper.log_eval_metrics] Accuracy(layer_2 - estimator_0 - 3_folds.train_1.predict)=82.95%
[ 2019-12-15 21:14:18,230][kfold_wrapper.log_eval_metrics] Accuracy(layer_2 - estimator_0 - 3_folds.train_2.predict)=80.16%
[ 2019-12-15 21:14:18,236][kfold_wrapper.log_eval_metrics] Accuracy(layer_2 - estimator_0 - 3_folds.train_cv.predict)=81.27%
[ 2019-12-15 21:14:18,561][kfold_wrapper.log_eval_metrics] Accuracy(layer_2 - estimator_1 - 3_folds.train_0.predict)=85.71%
[ 2019-12-15 21:14:18,897][kfold_wrapper.log_eval_metrics] Accuracy(layer_2 - estimator_1 - 3_folds.train_1.predict)=81.78%
[ 2019-12-15 21:14:19,255][kfold_wrapper.log_eval_metrics] Accuracy(layer_2 - estimator_1 - 3_folds.train_2.predict)=79.38%
[ 2019-12-15 21:14:19,262][kfold_wrapper.log_eval_metrics] Accuracy(layer_2 - estimator_1 - 3_folds.train_cv.predict)=82.30%
[ 2019-12-15 21:14:19,591][kfold_wrapper.log_eval_metrics] Accuracy(layer_2 - estimator_2 - 3_folds.train_0.predict)=81.08%
[ 2019-12-15 21:14:19,919][kfold_wrapper.log_eval_metrics] Accuracy(layer_2 - estimator_2 - 3_folds.train_1.predict)=80.62%
[ 2019-12-15 21:14:20,286][kfold_wrapper.log_eval_metrics] Accuracy(layer_2 - estimator_2 - 3_folds.train_2.predict)=83.66%
[ 2019-12-15 21:14:20,287][kfold_wrapper.log_eval_metrics] Accuracy(layer_2 - estimator_2 - 3_folds.train_cv.predict)=81.78%
[ 2019-12-15 21:14:20,288][cascade_classifier.calc_accuracy] Accuracy(layer_2 - train.classifier_average)=82.30%
[ 2019-12-15 21:14:20,290][cascade_classifier.fit_transform] [layer=3] look_indexs=[0], X_cur_train.shape=(774, 364), X_cur_test.shape=(0, 364)
[ 2019-12-15 21:14:20,636][kfold_wrapper.log_eval_metrics] Accuracy(layer_3 - estimator_0 - 3_folds.train_0.predict)=79.54%
[ 2019-12-15 21:14:20,984][kfold_wrapper.log_eval_metrics] Accuracy(layer_3 - estimator_0 - 3_folds.train_1.predict)=86.82%
[ 2019-12-15 21:14:21,337][kfold_wrapper.log_eval_metrics] Accuracy(layer_3 - estimator_0 - 3_folds.train_2.predict)=79.38%
[ 2019-12-15 21:14:21,338][kfold_wrapper.log_eval_metrics] Accuracy(layer_3 - estimator_0 - 3_folds.train_cv.predict)=81.91%
[ 2019-12-15 21:14:21,677][kfold_wrapper.log_eval_metrics] Accuracy(layer_3 - estimator_1 - 3_folds.train_0.predict)=81.08%
[ 2019-12-15 21:14:22,016][kfold_wrapper.log_eval_metrics] Accuracy(layer_3 - estimator_1 - 3_folds.train_1.predict)=81.40%
[ 2019-12-15 21:14:22,352][kfold_wrapper.log_eval_metrics] Accuracy(layer_3 - estimator_1 - 3_folds.train_2.predict)=82.10%
[ 2019-12-15 21:14:22,353][kfold_wrapper.log_eval_metrics] Accuracy(layer_3 - estimator_1 - 3_folds.train_cv.predict)=81.52%
[ 2019-12-15 21:14:22,682][kfold_wrapper.log_eval_metrics] Accuracy(layer_3 - estimator_2 - 3_folds.train_0.predict)=79.54%
[ 2019-12-15 21:14:23,012][kfold_wrapper.log_eval_metrics] Accuracy(layer_3 - estimator_2 - 3_folds.train_1.predict)=82.17%
[ 2019-12-15 21:14:23,342][kfold_wrapper.log_eval_metrics] Accuracy(layer_3 - estimator_2 - 3_folds.train_2.predict)=82.49%
[ 2019-12-15 21:14:23,348][kfold_wrapper.log_eval_metrics] Accuracy(layer_3 - estimator_2 - 3_folds.train_cv.predict)=81.40%
[ 2019-12-15 21:14:23,348][cascade_classifier.calc_accuracy] Accuracy(layer_3 - train.classifier_average)=82.04%
[ 2019-12-15 21:14:23,350][cascade_classifier.fit_transform] [layer=4] look_indexs=[0], X_cur_train.shape=(774, 364), X_cur_test.shape=(0, 364)
[ 2019-12-15 21:14:23,687][kfold_wrapper.log_eval_metrics] Accuracy(layer_4 - estimator_0 - 3_folds.train_0.predict)=81.08%
[ 2019-12-15 21:14:24,024][kfold_wrapper.log_eval_metrics] Accuracy(layer_4 - estimator_0 - 3_folds.train_1.predict)=79.46%
[ 2019-12-15 21:14:24,363][kfold_wrapper.log_eval_metrics] Accuracy(layer_4 - estimator_0 - 3_folds.train_2.predict)=83.66%
[ 2019-12-15 21:14:24,364][kfold_wrapper.log_eval_metrics] Accuracy(layer_4 - estimator_0 - 3_folds.train_cv.predict)=81.40%
[ 2019-12-15 21:14:24,701][kfold_wrapper.log_eval_metrics] Accuracy(layer_4 - estimator_1 - 3_folds.train_0.predict)=86.49%
[ 2019-12-15 21:14:25,032][kfold_wrapper.log_eval_metrics] Accuracy(layer_4 - estimator_1 - 3_folds.train_1.predict)=76.36%
[ 2019-12-15 21:14:25,370][kfold_wrapper.log_eval_metrics] Accuracy(layer_4 - estimator_1 - 3_folds.train_2.predict)=84.05%
[ 2019-12-15 21:14:25,371][kfold_wrapper.log_eval_metrics] Accuracy(layer_4 - estimator_1 - 3_folds.train_cv.predict)=82.30%
[ 2019-12-15 21:14:25,709][kfold_wrapper.log_eval_metrics] Accuracy(layer_4 - estimator_2 - 3_folds.train_0.predict)=79.54%
[ 2019-12-15 21:14:26,050][kfold_wrapper.log_eval_metrics] Accuracy(layer_4 - estimator_2 - 3_folds.train_1.predict)=83.33%
[ 2019-12-15 21:14:26,380][kfold_wrapper.log_eval_metrics] Accuracy(layer_4 - estimator_2 - 3_folds.train_2.predict)=82.49%
[ 2019-12-15 21:14:26,380][kfold_wrapper.log_eval_metrics] Accuracy(layer_4 - estimator_2 - 3_folds.train_cv.predict)=81.78%
[ 2019-12-15 21:14:26,380][cascade_classifier.calc_accuracy] Accuracy(layer_4 - train.classifier_average)=81.78%
[ 2019-12-15 21:14:26,382][cascade_classifier.fit_transform] [layer=5] look_indexs=[0], X_cur_train.shape=(774, 364), X_cur_test.shape=(0, 364)
[ 2019-12-15 21:14:26,734][kfold_wrapper.log_eval_metrics] Accuracy(layer_5 - estimator_0 - 3_folds.train_0.predict)=81.08%
[ 2019-12-15 21:14:27,099][kfold_wrapper.log_eval_metrics] Accuracy(layer_5 - estimator_0 - 3_folds.train_1.predict)=82.95%
[ 2019-12-15 21:14:27,446][kfold_wrapper.log_eval_metrics] Accuracy(layer_5 - estimator_0 - 3_folds.train_2.predict)=82.88%
[ 2019-12-15 21:14:27,447][kfold_wrapper.log_eval_metrics] Accuracy(layer_5 - estimator_0 - 3_folds.train_cv.predict)=82.30%
[ 2019-12-15 21:14:27,782][kfold_wrapper.log_eval_metrics] Accuracy(layer_5 - estimator_1 - 3_folds.train_0.predict)=77.99%
[ 2019-12-15 21:14:28,114][kfold_wrapper.log_eval_metrics] Accuracy(layer_5 - estimator_1 - 3_folds.train_1.predict)=87.98%
[ 2019-12-15 21:14:28,451][kfold_wrapper.log_eval_metrics] Accuracy(layer_5 - estimator_1 - 3_folds.train_2.predict)=84.05%
[ 2019-12-15 21:14:28,451][kfold_wrapper.log_eval_metrics] Accuracy(layer_5 - estimator_1 - 3_folds.train_cv.predict)=83.33%
[ 2019-12-15 21:14:28,783][kfold_wrapper.log_eval_metrics] Accuracy(layer_5 - estimator_2 - 3_folds.train_0.predict)=81.47%
[ 2019-12-15 21:14:29,115][kfold_wrapper.log_eval_metrics] Accuracy(layer_5 - estimator_2 - 3_folds.train_1.predict)=84.88%
[ 2019-12-15 21:14:29,448][kfold_wrapper.log_eval_metrics] Accuracy(layer_5 - estimator_2 - 3_folds.train_2.predict)=83.27%
[ 2019-12-15 21:14:29,449][kfold_wrapper.log_eval_metrics] Accuracy(layer_5 - estimator_2 - 3_folds.train_cv.predict)=83.20%
[ 2019-12-15 21:14:29,449][cascade_classifier.calc_accuracy] Accuracy(layer_5 - train.classifier_average)=82.56%
[ 2019-12-15 21:14:29,450][cascade_classifier.fit_transform] [layer=6] look_indexs=[0], X_cur_train.shape=(774, 364), X_cur_test.shape=(0, 364)
[ 2019-12-15 21:14:29,786][kfold_wrapper.log_eval_metrics] Accuracy(layer_6 - estimator_0 - 3_folds.train_0.predict)=82.63%
[ 2019-12-15 21:14:30,224][kfold_wrapper.log_eval_metrics] Accuracy(layer_6 - estimator_0 - 3_folds.train_1.predict)=82.17%
[ 2019-12-15 21:14:30,566][kfold_wrapper.log_eval_metrics] Accuracy(layer_6 - estimator_0 - 3_folds.train_2.predict)=82.49%
[ 2019-12-15 21:14:30,567][kfold_wrapper.log_eval_metrics] Accuracy(layer_6 - estimator_0 - 3_folds.train_cv.predict)=82.43%
[ 2019-12-15 21:14:30,903][kfold_wrapper.log_eval_metrics] Accuracy(layer_6 - estimator_1 - 3_folds.train_0.predict)=82.24%
[ 2019-12-15 21:14:31,263][kfold_wrapper.log_eval_metrics] Accuracy(layer_6 - estimator_1 - 3_folds.train_1.predict)=84.50%
[ 2019-12-15 21:14:31,594][kfold_wrapper.log_eval_metrics] Accuracy(layer_6 - estimator_1 - 3_folds.train_2.predict)=81.32%
[ 2019-12-15 21:14:31,595][kfold_wrapper.log_eval_metrics] Accuracy(layer_6 - estimator_1 - 3_folds.train_cv.predict)=82.69%
[ 2019-12-15 21:14:31,933][kfold_wrapper.log_eval_metrics] Accuracy(layer_6 - estimator_2 - 3_folds.train_0.predict)=84.56%
[ 2019-12-15 21:14:32,299][kfold_wrapper.log_eval_metrics] Accuracy(layer_6 - estimator_2 - 3_folds.train_1.predict)=81.01%
[ 2019-12-15 21:14:32,636][kfold_wrapper.log_eval_metrics] Accuracy(layer_6 - estimator_2 - 3_folds.train_2.predict)=83.66%
[ 2019-12-15 21:14:32,637][kfold_wrapper.log_eval_metrics] Accuracy(layer_6 - estimator_2 - 3_folds.train_cv.predict)=83.07%
[ 2019-12-15 21:14:32,637][cascade_classifier.calc_accuracy] Accuracy(layer_6 - train.classifier_average)=82.30%
[ 2019-12-15 21:14:32,639][cascade_classifier.fit_transform] [layer=7] look_indexs=[0], X_cur_train.shape=(774, 364), X_cur_test.shape=(0, 364)
[ 2019-12-15 21:14:32,984][kfold_wrapper.log_eval_metrics] Accuracy(layer_7 - estimator_0 - 3_folds.train_0.predict)=84.17%
[ 2019-12-15 21:14:33,328][kfold_wrapper.log_eval_metrics] Accuracy(layer_7 - estimator_0 - 3_folds.train_1.predict)=84.50%
[ 2019-12-15 21:14:33,667][kfold_wrapper.log_eval_metrics] Accuracy(layer_7 - estimator_0 - 3_folds.train_2.predict)=78.21%
[ 2019-12-15 21:14:33,668][kfold_wrapper.log_eval_metrics] Accuracy(layer_7 - estimator_0 - 3_folds.train_cv.predict)=82.30%
[ 2019-12-15 21:14:34,001][kfold_wrapper.log_eval_metrics] Accuracy(layer_7 - estimator_1 - 3_folds.train_0.predict)=82.24%
[ 2019-12-15 21:14:34,340][kfold_wrapper.log_eval_metrics] Accuracy(layer_7 - estimator_1 - 3_folds.train_1.predict)=83.33%
[ 2019-12-15 21:14:34,674][kfold_wrapper.log_eval_metrics] Accuracy(layer_7 - estimator_1 - 3_folds.train_2.predict)=77.43%
[ 2019-12-15 21:14:34,675][kfold_wrapper.log_eval_metrics] Accuracy(layer_7 - estimator_1 - 3_folds.train_cv.predict)=81.01%
[ 2019-12-15 21:14:35,006][kfold_wrapper.log_eval_metrics] Accuracy(layer_7 - estimator_2 - 3_folds.train_0.predict)=83.78%
[ 2019-12-15 21:14:35,342][kfold_wrapper.log_eval_metrics] Accuracy(layer_7 - estimator_2 - 3_folds.train_1.predict)=81.40%
[ 2019-12-15 21:14:35,673][kfold_wrapper.log_eval_metrics] Accuracy(layer_7 - estimator_2 - 3_folds.train_2.predict)=81.32%
[ 2019-12-15 21:14:35,674][kfold_wrapper.log_eval_metrics] Accuracy(layer_7 - estimator_2 - 3_folds.train_cv.predict)=82.17%
[ 2019-12-15 21:14:35,674][cascade_classifier.calc_accuracy] Accuracy(layer_7 - train.classifier_average)=81.40%
[ 2019-12-15 21:14:35,676][cascade_classifier.fit_transform] [layer=8] look_indexs=[0], X_cur_train.shape=(774, 364), X_cur_test.shape=(0, 364)
[ 2019-12-15 21:14:36,015][kfold_wrapper.log_eval_metrics] Accuracy(layer_8 - estimator_0 - 3_folds.train_0.predict)=80.69%
[ 2019-12-15 21:14:36,349][kfold_wrapper.log_eval_metrics] Accuracy(layer_8 - estimator_0 - 3_folds.train_1.predict)=85.66%
[ 2019-12-15 21:14:36,690][kfold_wrapper.log_eval_metrics] Accuracy(layer_8 - estimator_0 - 3_folds.train_2.predict)=79.38%
[ 2019-12-15 21:14:36,691][kfold_wrapper.log_eval_metrics] Accuracy(layer_8 - estimator_0 - 3_folds.train_cv.predict)=81.91%
[ 2019-12-15 21:14:37,022][kfold_wrapper.log_eval_metrics] Accuracy(layer_8 - estimator_1 - 3_folds.train_0.predict)=82.24%
[ 2019-12-15 21:14:37,357][kfold_wrapper.log_eval_metrics] Accuracy(layer_8 - estimator_1 - 3_folds.train_1.predict)=84.50%
[ 2019-12-15 21:14:37,688][kfold_wrapper.log_eval_metrics] Accuracy(layer_8 - estimator_1 - 3_folds.train_2.predict)=78.21%
[ 2019-12-15 21:14:37,689][kfold_wrapper.log_eval_metrics] Accuracy(layer_8 - estimator_1 - 3_folds.train_cv.predict)=81.65%
[ 2019-12-15 21:14:38,021][kfold_wrapper.log_eval_metrics] Accuracy(layer_8 - estimator_2 - 3_folds.train_0.predict)=81.47%
[ 2019-12-15 21:14:38,356][kfold_wrapper.log_eval_metrics] Accuracy(layer_8 - estimator_2 - 3_folds.train_1.predict)=81.01%
[ 2019-12-15 21:14:38,689][kfold_wrapper.log_eval_metrics] Accuracy(layer_8 - estimator_2 - 3_folds.train_2.predict)=82.10%
[ 2019-12-15 21:14:38,690][kfold_wrapper.log_eval_metrics] Accuracy(layer_8 - estimator_2 - 3_folds.train_cv.predict)=81.52%
[ 2019-12-15 21:14:38,690][cascade_classifier.calc_accuracy] Accuracy(layer_8 - train.classifier_average)=82.56%
[ 2019-12-15 21:14:38,692][cascade_classifier.fit_transform] [layer=9] look_indexs=[0], X_cur_train.shape=(774, 364), X_cur_test.shape=(0, 364)
[ 2019-12-15 21:14:39,033][kfold_wrapper.log_eval_metrics] Accuracy(layer_9 - estimator_0 - 3_folds.train_0.predict)=79.92%
[ 2019-12-15 21:14:39,374][kfold_wrapper.log_eval_metrics] Accuracy(layer_9 - estimator_0 - 3_folds.train_1.predict)=82.95%
[ 2019-12-15 21:14:39,719][kfold_wrapper.log_eval_metrics] Accuracy(layer_9 - estimator_0 - 3_folds.train_2.predict)=83.27%
[ 2019-12-15 21:14:39,719][kfold_wrapper.log_eval_metrics] Accuracy(layer_9 - estimator_0 - 3_folds.train_cv.predict)=82.04%
[ 2019-12-15 21:14:40,052][kfold_wrapper.log_eval_metrics] Accuracy(layer_9 - estimator_1 - 3_folds.train_0.predict)=83.40%
[ 2019-12-15 21:14:40,386][kfold_wrapper.log_eval_metrics] Accuracy(layer_9 - estimator_1 - 3_folds.train_1.predict)=83.72%
[ 2019-12-15 21:14:40,720][kfold_wrapper.log_eval_metrics] Accuracy(layer_9 - estimator_1 - 3_folds.train_2.predict)=80.54%
[ 2019-12-15 21:14:40,721][kfold_wrapper.log_eval_metrics] Accuracy(layer_9 - estimator_1 - 3_folds.train_cv.predict)=82.56%
[ 2019-12-15 21:14:41,054][kfold_wrapper.log_eval_metrics] Accuracy(layer_9 - estimator_2 - 3_folds.train_0.predict)=79.54%
[ 2019-12-15 21:14:41,388][kfold_wrapper.log_eval_metrics] Accuracy(layer_9 - estimator_2 - 3_folds.train_1.predict)=82.95%
[ 2019-12-15 21:14:41,723][kfold_wrapper.log_eval_metrics] Accuracy(layer_9 - estimator_2 - 3_folds.train_2.predict)=82.10%
[ 2019-12-15 21:14:41,723][kfold_wrapper.log_eval_metrics] Accuracy(layer_9 - estimator_2 - 3_folds.train_cv.predict)=81.52%
[ 2019-12-15 21:14:41,724][cascade_classifier.calc_accuracy] Accuracy(layer_9 - train.classifier_average)=81.91%
[ 2019-12-15 21:14:41,726][cascade_classifier.fit_transform] [layer=10] look_indexs=[0], X_cur_train.shape=(774, 364), X_cur_test.shape=(0, 364)
[ 2019-12-15 21:14:42,080][kfold_wrapper.log_eval_metrics] Accuracy(layer_10 - estimator_0 - 3_folds.train_0.predict)=81.08%
[ 2019-12-15 21:14:42,420][kfold_wrapper.log_eval_metrics] Accuracy(layer_10 - estimator_0 - 3_folds.train_1.predict)=82.56%
[ 2019-12-15 21:14:42,754][kfold_wrapper.log_eval_metrics] Accuracy(layer_10 - estimator_0 - 3_folds.train_2.predict)=82.49%
[ 2019-12-15 21:14:42,755][kfold_wrapper.log_eval_metrics] Accuracy(layer_10 - estimator_0 - 3_folds.train_cv.predict)=82.04%
[ 2019-12-15 21:14:43,093][kfold_wrapper.log_eval_metrics] Accuracy(layer_10 - estimator_1 - 3_folds.train_0.predict)=82.24%
[ 2019-12-15 21:14:43,427][kfold_wrapper.log_eval_metrics] Accuracy(layer_10 - estimator_1 - 3_folds.train_1.predict)=80.62%
[ 2019-12-15 21:14:43,757][kfold_wrapper.log_eval_metrics] Accuracy(layer_10 - estimator_1 - 3_folds.train_2.predict)=84.44%
[ 2019-12-15 21:14:43,758][kfold_wrapper.log_eval_metrics] Accuracy(layer_10 - estimator_1 - 3_folds.train_cv.predict)=82.43%
[ 2019-12-15 21:14:44,096][kfold_wrapper.log_eval_metrics] Accuracy(layer_10 - estimator_2 - 3_folds.train_0.predict)=79.15%
[ 2019-12-15 21:14:44,432][kfold_wrapper.log_eval_metrics] Accuracy(layer_10 - estimator_2 - 3_folds.train_1.predict)=82.95%
[ 2019-12-15 21:14:44,763][kfold_wrapper.log_eval_metrics] Accuracy(layer_10 - estimator_2 - 3_folds.train_2.predict)=80.54%
[ 2019-12-15 21:14:44,763][kfold_wrapper.log_eval_metrics] Accuracy(layer_10 - estimator_2 - 3_folds.train_cv.predict)=80.88%
[ 2019-12-15 21:14:44,763][cascade_classifier.calc_accuracy] Accuracy(layer_10 - train.classifier_average)=81.40%
[ 2019-12-15 21:14:44,764][cascade_classifier.fit_transform] [Result][Optimal Level Detected] opt_layer_num=6, accuracy_train=82.56%, accuracy_test=0.00%
[ 2019-12-15 21:14:44,770][cascade_classifier.transform] X_groups_test.shape=[(87, 358)]
[ 2019-12-15 21:14:44,771][cascade_classifier.transform] group_dims=[358]
[ 2019-12-15 21:14:44,771][cascade_classifier.transform] X_test.shape=(87, 358)
[ 2019-12-15 21:14:44,771][cascade_classifier.transform] [layer=0] look_indexs=[0], X_cur_test.shape=(87, 358)
[ 2019-12-15 21:14:45,728][cascade_classifier.transform] [layer=1] look_indexs=[0], X_cur_test.shape=(87, 364)
[ 2019-12-15 21:14:46,683][cascade_classifier.transform] [layer=2] look_indexs=[0], X_cur_test.shape=(87, 364)
[ 2019-12-15 21:14:47,642][cascade_classifier.transform] [layer=3] look_indexs=[0], X_cur_test.shape=(87, 364)
[ 2019-12-15 21:14:48,604][cascade_classifier.transform] [layer=4] look_indexs=[0], X_cur_test.shape=(87, 364)
[ 2019-12-15 21:14:49,556][cascade_classifier.transform] [layer=5] look_indexs=[0], X_cur_test.shape=(87, 364)
[ 2019-12-15 21:14:50,524][cascade_classifier.transform] X_groups_test.shape=[(87, 358)]
[ 2019-12-15 21:14:50,525][cascade_classifier.transform] group_dims=[358]
[ 2019-12-15 21:14:50,525][cascade_classifier.transform] X_test.shape=(87, 358)
[ 2019-12-15 21:14:50,525][cascade_classifier.transform] [layer=0] look_indexs=[0], X_cur_test.shape=(87, 358)
[ 2019-12-15 21:14:51,477][cascade_classifier.transform] [layer=1] look_indexs=[0], X_cur_test.shape=(87, 364)
[ 2019-12-15 21:14:52,430][cascade_classifier.transform] [layer=2] look_indexs=[0], X_cur_test.shape=(87, 364)
[ 2019-12-15 21:14:53,387][cascade_classifier.transform] [layer=3] look_indexs=[0], X_cur_test.shape=(87, 364)
[ 2019-12-15 21:14:54,339][cascade_classifier.transform] [layer=4] look_indexs=[0], X_cur_test.shape=(87, 364)
[ 2019-12-15 21:14:55,305][cascade_classifier.transform] [layer=5] look_indexs=[0], X_cur_test.shape=(87, 364)
[ 2019-12-15 21:14:56,269][cascade_classifier.fit_transform] X_groups_train.shape=[(774, 358)],y_train.shape=(774,),X_groups_test.shape=no_test,y_test.shape=no_test
[ 2019-12-15 21:14:56,271][cascade_classifier.fit_transform] group_dims=[358]
[ 2019-12-15 21:14:56,271][cascade_classifier.fit_transform] group_starts=[0]
[ 2019-12-15 21:14:56,271][cascade_classifier.fit_transform] group_ends=[358]
[ 2019-12-15 21:14:56,271][cascade_classifier.fit_transform] X_train.shape=(774, 358),X_test.shape=(0, 358)
[ 2019-12-15 21:14:56,273][cascade_classifier.fit_transform] [layer=0] look_indexs=[0], X_cur_train.shape=(774, 358), X_cur_test.shape=(0, 358)
[ 2019-12-15 21:14:56,624][kfold_wrapper.log_eval_metrics] Accuracy(layer_0 - estimator_0 - 3_folds.train_0.predict)=79.46%
[ 2019-12-15 21:14:56,971][kfold_wrapper.log_eval_metrics] Accuracy(layer_0 - estimator_0 - 3_folds.train_1.predict)=83.33%
[ 2019-12-15 21:14:57,332][kfold_wrapper.log_eval_metrics] Accuracy(layer_0 - estimator_0 - 3_folds.train_2.predict)=81.40%
[ 2019-12-15 21:14:57,333][kfold_wrapper.log_eval_metrics] Accuracy(layer_0 - estimator_0 - 3_folds.train_cv.predict)=81.40%
[ 2019-12-15 21:14:57,664][kfold_wrapper.log_eval_metrics] Accuracy(layer_0 - estimator_1 - 3_folds.train_0.predict)=82.95%
[ 2019-12-15 21:14:57,999][kfold_wrapper.log_eval_metrics] Accuracy(layer_0 - estimator_1 - 3_folds.train_1.predict)=82.56%
[ 2019-12-15 21:14:58,333][kfold_wrapper.log_eval_metrics] Accuracy(layer_0 - estimator_1 - 3_folds.train_2.predict)=80.23%
[ 2019-12-15 21:14:58,334][kfold_wrapper.log_eval_metrics] Accuracy(layer_0 - estimator_1 - 3_folds.train_cv.predict)=81.91%
[ 2019-12-15 21:14:58,667][kfold_wrapper.log_eval_metrics] Accuracy(layer_0 - estimator_2 - 3_folds.train_0.predict)=80.23%
[ 2019-12-15 21:14:59,002][kfold_wrapper.log_eval_metrics] Accuracy(layer_0 - estimator_2 - 3_folds.train_1.predict)=81.01%
[ 2019-12-15 21:14:59,344][kfold_wrapper.log_eval_metrics] Accuracy(layer_0 - estimator_2 - 3_folds.train_2.predict)=81.01%
[ 2019-12-15 21:14:59,345][kfold_wrapper.log_eval_metrics] Accuracy(layer_0 - estimator_2 - 3_folds.train_cv.predict)=80.75%
[ 2019-12-15 21:14:59,345][cascade_classifier.calc_accuracy] Accuracy(layer_0 - train.classifier_average)=81.01%
[ 2019-12-15 21:14:59,347][cascade_classifier.fit_transform] [layer=1] look_indexs=[0], X_cur_train.shape=(774, 364), X_cur_test.shape=(0, 364)
[ 2019-12-15 21:14:59,688][kfold_wrapper.log_eval_metrics] Accuracy(layer_1 - estimator_0 - 3_folds.train_0.predict)=84.11%
[ 2019-12-15 21:15:00,024][kfold_wrapper.log_eval_metrics] Accuracy(layer_1 - estimator_0 - 3_folds.train_1.predict)=79.46%
[ 2019-12-15 21:15:00,356][kfold_wrapper.log_eval_metrics] Accuracy(layer_1 - estimator_0 - 3_folds.train_2.predict)=82.56%
[ 2019-12-15 21:15:00,357][kfold_wrapper.log_eval_metrics] Accuracy(layer_1 - estimator_0 - 3_folds.train_cv.predict)=82.04%
[ 2019-12-15 21:15:00,689][kfold_wrapper.log_eval_metrics] Accuracy(layer_1 - estimator_1 - 3_folds.train_0.predict)=81.40%
[ 2019-12-15 21:15:01,019][kfold_wrapper.log_eval_metrics] Accuracy(layer_1 - estimator_1 - 3_folds.train_1.predict)=81.40%
[ 2019-12-15 21:15:01,356][kfold_wrapper.log_eval_metrics] Accuracy(layer_1 - estimator_1 - 3_folds.train_2.predict)=83.72%
[ 2019-12-15 21:15:01,357][kfold_wrapper.log_eval_metrics] Accuracy(layer_1 - estimator_1 - 3_folds.train_cv.predict)=82.17%
[ 2019-12-15 21:15:01,692][kfold_wrapper.log_eval_metrics] Accuracy(layer_1 - estimator_2 - 3_folds.train_0.predict)=80.23%
