[ 2019-12-23 18:45:01,105][cascade_classifier.fit_transform] X_groups_train.shape=[(774, 358)],y_train.shape=(774,),X_groups_test.shape=[(87, 358)],y_test.shape=(87,)
[ 2019-12-23 18:45:01,105][cascade_classifier.fit_transform] group_dims=[358]
[ 2019-12-23 18:45:01,105][cascade_classifier.fit_transform] group_starts=[0]
[ 2019-12-23 18:45:01,105][cascade_classifier.fit_transform] group_ends=[358]
[ 2019-12-23 18:45:01,105][cascade_classifier.fit_transform] X_train.shape=(774, 358),X_test.shape=(87, 358)
[ 2019-12-23 18:45:01,121][cascade_classifier.fit_transform] [layer=0] look_indexs=[0], X_cur_train.shape=(774, 358), X_cur_test.shape=(87, 358)
[ 2019-12-23 18:45:03,164][kfold_wrapper.log_eval_metrics] Accuracy(layer_0 - estimator_0 - 2_folds.train_0.predict)=80.93%
[ 2019-12-23 18:45:05,522][kfold_wrapper.log_eval_metrics] Accuracy(layer_0 - estimator_0 - 2_folds.train_1.predict)=82.64%
[ 2019-12-23 18:45:05,958][kfold_wrapper.log_eval_metrics] Accuracy(layer_0 - estimator_0 - 2_folds.train_cv.predict)=81.78%
[ 2019-12-23 18:45:05,958][kfold_wrapper.log_eval_metrics] Accuracy(layer_0 - estimator_0 - 2_folds.test.predict)=72.41%
[ 2019-12-23 18:45:08,276][kfold_wrapper.log_eval_metrics] Accuracy(layer_0 - estimator_1 - 2_folds.train_0.predict)=81.44%
[ 2019-12-23 18:45:10,825][kfold_wrapper.log_eval_metrics] Accuracy(layer_0 - estimator_1 - 2_folds.train_1.predict)=81.61%
[ 2019-12-23 18:45:11,169][kfold_wrapper.log_eval_metrics] Accuracy(layer_0 - estimator_1 - 2_folds.train_cv.predict)=81.52%
[ 2019-12-23 18:45:11,169][kfold_wrapper.log_eval_metrics] Accuracy(layer_0 - estimator_1 - 2_folds.test.predict)=74.71%
[ 2019-12-23 18:45:12,720][kfold_wrapper.log_eval_metrics] Accuracy(layer_0 - estimator_2 - 3_folds.train_0.predict)=81.47%
[ 2019-12-23 18:45:14,136][kfold_wrapper.log_eval_metrics] Accuracy(layer_0 - estimator_2 - 3_folds.train_1.predict)=83.72%
[ 2019-12-23 18:45:15,516][kfold_wrapper.log_eval_metrics] Accuracy(layer_0 - estimator_2 - 3_folds.train_2.predict)=84.82%
[ 2019-12-23 18:45:15,516][kfold_wrapper.log_eval_metrics] Accuracy(layer_0 - estimator_2 - 3_folds.train_cv.predict)=83.33%
[ 2019-12-23 18:45:15,516][kfold_wrapper.log_eval_metrics] Accuracy(layer_0 - estimator_2 - 3_folds.test.predict)=75.86%
[ 2019-12-23 18:45:15,516][cascade_classifier.calc_accuracy] Accuracy(layer_0 - train.classifier_average)=83.33%
[ 2019-12-23 18:45:15,516][cascade_classifier.calc_accuracy] Accuracy(layer_0 - test.classifier_average)=77.01%
[ 2019-12-23 18:45:15,516][cascade_classifier.fit_transform] [layer=1] look_indexs=[0], X_cur_train.shape=(774, 364), X_cur_test.shape=(87, 364)
[ 2019-12-23 18:45:17,598][kfold_wrapper.log_eval_metrics] Accuracy(layer_1 - estimator_0 - 2_folds.train_0.predict)=83.25%
[ 2019-12-23 18:45:20,188][kfold_wrapper.log_eval_metrics] Accuracy(layer_1 - estimator_0 - 2_folds.train_1.predict)=80.31%
[ 2019-12-23 18:45:20,529][kfold_wrapper.log_eval_metrics] Accuracy(layer_1 - estimator_0 - 2_folds.train_cv.predict)=81.78%
[ 2019-12-23 18:45:20,529][kfold_wrapper.log_eval_metrics] Accuracy(layer_1 - estimator_0 - 2_folds.test.predict)=78.16%
[ 2019-12-23 18:45:22,808][kfold_wrapper.log_eval_metrics] Accuracy(layer_1 - estimator_1 - 2_folds.train_0.predict)=80.67%
[ 2019-12-23 18:45:25,527][kfold_wrapper.log_eval_metrics] Accuracy(layer_1 - estimator_1 - 2_folds.train_1.predict)=83.42%
[ 2019-12-23 18:45:25,864][kfold_wrapper.log_eval_metrics] Accuracy(layer_1 - estimator_1 - 2_folds.train_cv.predict)=82.04%
[ 2019-12-23 18:45:25,865][kfold_wrapper.log_eval_metrics] Accuracy(layer_1 - estimator_1 - 2_folds.test.predict)=77.01%
[ 2019-12-23 18:45:27,188][kfold_wrapper.log_eval_metrics] Accuracy(layer_1 - estimator_2 - 3_folds.train_0.predict)=82.63%
[ 2019-12-23 18:45:28,561][kfold_wrapper.log_eval_metrics] Accuracy(layer_1 - estimator_2 - 3_folds.train_1.predict)=85.66%
[ 2019-12-23 18:45:29,817][kfold_wrapper.log_eval_metrics] Accuracy(layer_1 - estimator_2 - 3_folds.train_2.predict)=82.10%
[ 2019-12-23 18:45:29,832][kfold_wrapper.log_eval_metrics] Accuracy(layer_1 - estimator_2 - 3_folds.train_cv.predict)=83.46%
[ 2019-12-23 18:45:29,832][kfold_wrapper.log_eval_metrics] Accuracy(layer_1 - estimator_2 - 3_folds.test.predict)=77.01%
[ 2019-12-23 18:45:29,832][cascade_classifier.calc_accuracy] Accuracy(layer_1 - train.classifier_average)=82.95%
[ 2019-12-23 18:45:29,832][cascade_classifier.calc_accuracy] Accuracy(layer_1 - test.classifier_average)=78.16%
[ 2019-12-23 18:45:29,832][cascade_classifier.fit_transform] [layer=2] look_indexs=[0], X_cur_train.shape=(774, 364), X_cur_test.shape=(87, 364)
[ 2019-12-23 18:45:31,909][kfold_wrapper.log_eval_metrics] Accuracy(layer_2 - estimator_0 - 2_folds.train_0.predict)=85.31%
[ 2019-12-23 18:45:34,297][kfold_wrapper.log_eval_metrics] Accuracy(layer_2 - estimator_0 - 2_folds.train_1.predict)=81.61%
[ 2019-12-23 18:45:34,635][kfold_wrapper.log_eval_metrics] Accuracy(layer_2 - estimator_0 - 2_folds.train_cv.predict)=83.46%
[ 2019-12-23 18:45:34,635][kfold_wrapper.log_eval_metrics] Accuracy(layer_2 - estimator_0 - 2_folds.test.predict)=77.01%
[ 2019-12-23 18:45:36,719][kfold_wrapper.log_eval_metrics] Accuracy(layer_2 - estimator_1 - 2_folds.train_0.predict)=80.15%
[ 2019-12-23 18:45:39,309][kfold_wrapper.log_eval_metrics] Accuracy(layer_2 - estimator_1 - 2_folds.train_1.predict)=83.94%
[ 2019-12-23 18:45:39,637][kfold_wrapper.log_eval_metrics] Accuracy(layer_2 - estimator_1 - 2_folds.train_cv.predict)=82.04%
[ 2019-12-23 18:45:39,637][kfold_wrapper.log_eval_metrics] Accuracy(layer_2 - estimator_1 - 2_folds.test.predict)=77.01%
[ 2019-12-23 18:45:41,025][kfold_wrapper.log_eval_metrics] Accuracy(layer_2 - estimator_2 - 3_folds.train_0.predict)=78.76%
[ 2019-12-23 18:45:42,528][kfold_wrapper.log_eval_metrics] Accuracy(layer_2 - estimator_2 - 3_folds.train_1.predict)=83.33%
[ 2019-12-23 18:45:43,857][kfold_wrapper.log_eval_metrics] Accuracy(layer_2 - estimator_2 - 3_folds.train_2.predict)=84.05%
[ 2019-12-23 18:45:43,857][kfold_wrapper.log_eval_metrics] Accuracy(layer_2 - estimator_2 - 3_folds.train_cv.predict)=82.04%
[ 2019-12-23 18:45:43,857][kfold_wrapper.log_eval_metrics] Accuracy(layer_2 - estimator_2 - 3_folds.test.predict)=80.46%
[ 2019-12-23 18:45:43,857][cascade_classifier.calc_accuracy] Accuracy(layer_2 - train.classifier_average)=82.56%
[ 2019-12-23 18:45:43,857][cascade_classifier.calc_accuracy] Accuracy(layer_2 - test.classifier_average)=78.16%
[ 2019-12-23 18:45:43,857][cascade_classifier.fit_transform] [layer=3] look_indexs=[0], X_cur_train.shape=(774, 364), X_cur_test.shape=(87, 364)
[ 2019-12-23 18:45:45,878][kfold_wrapper.log_eval_metrics] Accuracy(layer_3 - estimator_0 - 2_folds.train_0.predict)=80.67%
[ 2019-12-23 18:45:48,339][kfold_wrapper.log_eval_metrics] Accuracy(layer_3 - estimator_0 - 2_folds.train_1.predict)=82.90%
[ 2019-12-23 18:45:48,683][kfold_wrapper.log_eval_metrics] Accuracy(layer_3 - estimator_0 - 2_folds.train_cv.predict)=81.78%
[ 2019-12-23 18:45:48,684][kfold_wrapper.log_eval_metrics] Accuracy(layer_3 - estimator_0 - 2_folds.test.predict)=77.01%
[ 2019-12-23 18:45:50,800][kfold_wrapper.log_eval_metrics] Accuracy(layer_3 - estimator_1 - 2_folds.train_0.predict)=82.22%
[ 2019-12-23 18:45:53,280][kfold_wrapper.log_eval_metrics] Accuracy(layer_3 - estimator_1 - 2_folds.train_1.predict)=81.87%
[ 2019-12-23 18:45:53,620][kfold_wrapper.log_eval_metrics] Accuracy(layer_3 - estimator_1 - 2_folds.train_cv.predict)=82.04%
[ 2019-12-23 18:45:53,620][kfold_wrapper.log_eval_metrics] Accuracy(layer_3 - estimator_1 - 2_folds.test.predict)=75.86%
[ 2019-12-23 18:45:54,953][kfold_wrapper.log_eval_metrics] Accuracy(layer_3 - estimator_2 - 3_folds.train_0.predict)=83.40%
[ 2019-12-23 18:45:56,294][kfold_wrapper.log_eval_metrics] Accuracy(layer_3 - estimator_2 - 3_folds.train_1.predict)=81.40%
[ 2019-12-23 18:45:57,635][kfold_wrapper.log_eval_metrics] Accuracy(layer_3 - estimator_2 - 3_folds.train_2.predict)=82.10%
[ 2019-12-23 18:45:57,635][kfold_wrapper.log_eval_metrics] Accuracy(layer_3 - estimator_2 - 3_folds.train_cv.predict)=82.30%
[ 2019-12-23 18:45:57,635][kfold_wrapper.log_eval_metrics] Accuracy(layer_3 - estimator_2 - 3_folds.test.predict)=79.31%
[ 2019-12-23 18:45:57,635][cascade_classifier.calc_accuracy] Accuracy(layer_3 - train.classifier_average)=82.82%
[ 2019-12-23 18:45:57,635][cascade_classifier.calc_accuracy] Accuracy(layer_3 - test.classifier_average)=79.31%
[ 2019-12-23 18:45:57,650][cascade_classifier.fit_transform] [Result][Optimal Level Detected] opt_layer_num=1, accuracy_train=83.33%, accuracy_test=77.01%
[ 2019-12-23 18:45:57,666][cascade_classifier.transform] X_groups_test.shape=[(87, 358)]
[ 2019-12-23 18:45:57,666][cascade_classifier.transform] group_dims=[358]
[ 2019-12-23 18:45:57,666][cascade_classifier.transform] X_test.shape=(87, 358)
[ 2019-12-23 18:45:57,666][cascade_classifier.transform] [layer=0] look_indexs=[0], X_cur_test.shape=(87, 358)
[ 2019-12-23 18:45:58,983][cascade_classifier.transform] X_groups_test.shape=[(87, 358)]
[ 2019-12-23 18:45:58,983][cascade_classifier.transform] group_dims=[358]
[ 2019-12-23 18:45:58,983][cascade_classifier.transform] X_test.shape=(87, 358)
[ 2019-12-23 18:45:58,983][cascade_classifier.transform] [layer=0] look_indexs=[0], X_cur_test.shape=(87, 358)
[ 2019-12-23 18:46:00,344][cascade_classifier.fit_transform] X_groups_train.shape=[(774, 358)],y_train.shape=(774,),X_groups_test.shape=[(87, 358)],y_test.shape=(87,)
[ 2019-12-23 18:46:00,344][cascade_classifier.fit_transform] group_dims=[358]
[ 2019-12-23 18:46:00,344][cascade_classifier.fit_transform] group_starts=[0]
[ 2019-12-23 18:46:00,344][cascade_classifier.fit_transform] group_ends=[358]
[ 2019-12-23 18:46:00,344][cascade_classifier.fit_transform] X_train.shape=(774, 358),X_test.shape=(87, 358)
[ 2019-12-23 18:46:00,344][cascade_classifier.fit_transform] [layer=0] look_indexs=[0], X_cur_train.shape=(774, 358), X_cur_test.shape=(87, 358)
[ 2019-12-23 18:46:02,372][kfold_wrapper.log_eval_metrics] Accuracy(layer_0 - estimator_0 - 2_folds.train_0.predict)=83.72%
[ 2019-12-23 18:46:04,760][kfold_wrapper.log_eval_metrics] Accuracy(layer_0 - estimator_0 - 2_folds.train_1.predict)=82.17%
[ 2019-12-23 18:46:05,088][kfold_wrapper.log_eval_metrics] Accuracy(layer_0 - estimator_0 - 2_folds.train_cv.predict)=82.95%
[ 2019-12-23 18:46:05,088][kfold_wrapper.log_eval_metrics] Accuracy(layer_0 - estimator_0 - 2_folds.test.predict)=77.01%
[ 2019-12-23 18:46:07,183][kfold_wrapper.log_eval_metrics] Accuracy(layer_0 - estimator_1 - 2_folds.train_0.predict)=83.20%
[ 2019-12-23 18:46:09,617][kfold_wrapper.log_eval_metrics] Accuracy(layer_0 - estimator_1 - 2_folds.train_1.predict)=80.62%
[ 2019-12-23 18:46:09,949][kfold_wrapper.log_eval_metrics] Accuracy(layer_0 - estimator_1 - 2_folds.train_cv.predict)=81.91%
[ 2019-12-23 18:46:09,949][kfold_wrapper.log_eval_metrics] Accuracy(layer_0 - estimator_1 - 2_folds.test.predict)=79.31%
[ 2019-12-23 18:46:11,401][kfold_wrapper.log_eval_metrics] Accuracy(layer_0 - estimator_2 - 3_folds.train_0.predict)=79.15%
[ 2019-12-23 18:46:12,817][kfold_wrapper.log_eval_metrics] Accuracy(layer_0 - estimator_2 - 3_folds.train_1.predict)=83.72%
[ 2019-12-23 18:46:14,136][kfold_wrapper.log_eval_metrics] Accuracy(layer_0 - estimator_2 - 3_folds.train_2.predict)=81.32%
[ 2019-12-23 18:46:14,136][kfold_wrapper.log_eval_metrics] Accuracy(layer_0 - estimator_2 - 3_folds.train_cv.predict)=81.40%
[ 2019-12-23 18:46:14,136][kfold_wrapper.log_eval_metrics] Accuracy(layer_0 - estimator_2 - 3_folds.test.predict)=79.31%
[ 2019-12-23 18:46:14,136][cascade_classifier.calc_accuracy] Accuracy(layer_0 - train.classifier_average)=81.40%
[ 2019-12-23 18:46:14,136][cascade_classifier.calc_accuracy] Accuracy(layer_0 - test.classifier_average)=79.31%
[ 2019-12-23 18:46:14,136][cascade_classifier.fit_transform] [layer=1] look_indexs=[0], X_cur_train.shape=(774, 364), X_cur_test.shape=(87, 364)
[ 2019-12-23 18:46:16,169][kfold_wrapper.log_eval_metrics] Accuracy(layer_1 - estimator_0 - 2_folds.train_0.predict)=81.91%
[ 2019-12-23 18:46:18,527][kfold_wrapper.log_eval_metrics] Accuracy(layer_1 - estimator_0 - 2_folds.train_1.predict)=80.62%
[ 2019-12-23 18:46:18,856][kfold_wrapper.log_eval_metrics] Accuracy(layer_1 - estimator_0 - 2_folds.train_cv.predict)=81.27%
[ 2019-12-23 18:46:18,856][kfold_wrapper.log_eval_metrics] Accuracy(layer_1 - estimator_0 - 2_folds.test.predict)=78.16%
[ 2019-12-23 18:46:20,963][kfold_wrapper.log_eval_metrics] Accuracy(layer_1 - estimator_1 - 2_folds.train_0.predict)=82.69%
[ 2019-12-23 18:46:23,667][kfold_wrapper.log_eval_metrics] Accuracy(layer_1 - estimator_1 - 2_folds.train_1.predict)=79.84%
[ 2019-12-23 18:46:23,995][kfold_wrapper.log_eval_metrics] Accuracy(layer_1 - estimator_1 - 2_folds.train_cv.predict)=81.27%
[ 2019-12-23 18:46:23,995][kfold_wrapper.log_eval_metrics] Accuracy(layer_1 - estimator_1 - 2_folds.test.predict)=78.16%
[ 2019-12-23 18:46:25,487][kfold_wrapper.log_eval_metrics] Accuracy(layer_1 - estimator_2 - 3_folds.train_0.predict)=81.08%
[ 2019-12-23 18:46:26,901][kfold_wrapper.log_eval_metrics] Accuracy(layer_1 - estimator_2 - 3_folds.train_1.predict)=80.23%
[ 2019-12-23 18:46:28,349][kfold_wrapper.log_eval_metrics] Accuracy(layer_1 - estimator_2 - 3_folds.train_2.predict)=83.66%
[ 2019-12-23 18:46:28,349][kfold_wrapper.log_eval_metrics] Accuracy(layer_1 - estimator_2 - 3_folds.train_cv.predict)=81.65%
[ 2019-12-23 18:46:28,349][kfold_wrapper.log_eval_metrics] Accuracy(layer_1 - estimator_2 - 3_folds.test.predict)=80.46%
[ 2019-12-23 18:46:28,349][cascade_classifier.calc_accuracy] Accuracy(layer_1 - train.classifier_average)=81.91%
[ 2019-12-23 18:46:28,349][cascade_classifier.calc_accuracy] Accuracy(layer_1 - test.classifier_average)=80.46%
[ 2019-12-23 18:46:28,349][cascade_classifier.fit_transform] [layer=2] look_indexs=[0], X_cur_train.shape=(774, 364), X_cur_test.shape=(87, 364)
[ 2019-12-23 18:46:31,597][kfold_wrapper.log_eval_metrics] Accuracy(layer_2 - estimator_0 - 2_folds.train_0.predict)=81.91%
[ 2019-12-23 18:46:34,058][kfold_wrapper.log_eval_metrics] Accuracy(layer_2 - estimator_0 - 2_folds.train_1.predict)=82.69%
[ 2019-12-23 18:46:34,403][kfold_wrapper.log_eval_metrics] Accuracy(layer_2 - estimator_0 - 2_folds.train_cv.predict)=82.30%
[ 2019-12-23 18:46:34,403][kfold_wrapper.log_eval_metrics] Accuracy(layer_2 - estimator_0 - 2_folds.test.predict)=79.31%
[ 2019-12-23 18:46:36,784][kfold_wrapper.log_eval_metrics] Accuracy(layer_2 - estimator_1 - 2_folds.train_0.predict)=81.40%
[ 2019-12-23 18:46:39,369][kfold_wrapper.log_eval_metrics] Accuracy(layer_2 - estimator_1 - 2_folds.train_1.predict)=81.14%
[ 2019-12-23 18:46:39,716][kfold_wrapper.log_eval_metrics] Accuracy(layer_2 - estimator_1 - 2_folds.train_cv.predict)=81.27%
[ 2019-12-23 18:46:39,716][kfold_wrapper.log_eval_metrics] Accuracy(layer_2 - estimator_1 - 2_folds.test.predict)=79.31%
[ 2019-12-23 18:46:41,201][kfold_wrapper.log_eval_metrics] Accuracy(layer_2 - estimator_2 - 3_folds.train_0.predict)=84.17%
[ 2019-12-23 18:46:42,486][kfold_wrapper.log_eval_metrics] Accuracy(layer_2 - estimator_2 - 3_folds.train_1.predict)=82.17%
[ 2019-12-23 18:46:43,975][kfold_wrapper.log_eval_metrics] Accuracy(layer_2 - estimator_2 - 3_folds.train_2.predict)=82.88%
[ 2019-12-23 18:46:43,975][kfold_wrapper.log_eval_metrics] Accuracy(layer_2 - estimator_2 - 3_folds.train_cv.predict)=83.07%
[ 2019-12-23 18:46:43,975][kfold_wrapper.log_eval_metrics] Accuracy(layer_2 - estimator_2 - 3_folds.test.predict)=81.61%
[ 2019-12-23 18:46:43,975][cascade_classifier.calc_accuracy] Accuracy(layer_2 - train.classifier_average)=82.56%
[ 2019-12-23 18:46:43,975][cascade_classifier.calc_accuracy] Accuracy(layer_2 - test.classifier_average)=80.46%
[ 2019-12-23 18:46:43,975][cascade_classifier.fit_transform] [layer=3] look_indexs=[0], X_cur_train.shape=(774, 364), X_cur_test.shape=(87, 364)
[ 2019-12-23 18:46:46,099][kfold_wrapper.log_eval_metrics] Accuracy(layer_3 - estimator_0 - 2_folds.train_0.predict)=81.40%
[ 2019-12-23 18:46:48,528][kfold_wrapper.log_eval_metrics] Accuracy(layer_3 - estimator_0 - 2_folds.train_1.predict)=83.20%
[ 2019-12-23 18:46:48,878][kfold_wrapper.log_eval_metrics] Accuracy(layer_3 - estimator_0 - 2_folds.train_cv.predict)=82.30%
[ 2019-12-23 18:46:48,878][kfold_wrapper.log_eval_metrics] Accuracy(layer_3 - estimator_0 - 2_folds.test.predict)=78.16%
[ 2019-12-23 18:46:51,037][kfold_wrapper.log_eval_metrics] Accuracy(layer_3 - estimator_1 - 2_folds.train_0.predict)=81.40%
[ 2019-12-23 18:46:53,594][kfold_wrapper.log_eval_metrics] Accuracy(layer_3 - estimator_1 - 2_folds.train_1.predict)=81.65%
[ 2019-12-23 18:46:53,937][kfold_wrapper.log_eval_metrics] Accuracy(layer_3 - estimator_1 - 2_folds.train_cv.predict)=81.52%
[ 2019-12-23 18:46:53,937][kfold_wrapper.log_eval_metrics] Accuracy(layer_3 - estimator_1 - 2_folds.test.predict)=79.31%
[ 2019-12-23 18:46:55,304][kfold_wrapper.log_eval_metrics] Accuracy(layer_3 - estimator_2 - 3_folds.train_0.predict)=82.24%
[ 2019-12-23 18:46:56,688][kfold_wrapper.log_eval_metrics] Accuracy(layer_3 - estimator_2 - 3_folds.train_1.predict)=83.33%
[ 2019-12-23 18:46:58,085][kfold_wrapper.log_eval_metrics] Accuracy(layer_3 - estimator_2 - 3_folds.train_2.predict)=80.16%
[ 2019-12-23 18:46:58,085][kfold_wrapper.log_eval_metrics] Accuracy(layer_3 - estimator_2 - 3_folds.train_cv.predict)=81.91%
[ 2019-12-23 18:46:58,085][kfold_wrapper.log_eval_metrics] Accuracy(layer_3 - estimator_2 - 3_folds.test.predict)=81.61%
[ 2019-12-23 18:46:58,085][cascade_classifier.calc_accuracy] Accuracy(layer_3 - train.classifier_average)=82.56%
[ 2019-12-23 18:46:58,085][cascade_classifier.calc_accuracy] Accuracy(layer_3 - test.classifier_average)=80.46%
[ 2019-12-23 18:46:58,101][cascade_classifier.fit_transform] [layer=4] look_indexs=[0], X_cur_train.shape=(774, 364), X_cur_test.shape=(87, 364)
[ 2019-12-23 18:47:00,201][kfold_wrapper.log_eval_metrics] Accuracy(layer_4 - estimator_0 - 2_folds.train_0.predict)=82.17%
[ 2019-12-23 18:47:02,626][kfold_wrapper.log_eval_metrics] Accuracy(layer_4 - estimator_0 - 2_folds.train_1.predict)=83.98%
[ 2019-12-23 18:47:02,962][kfold_wrapper.log_eval_metrics] Accuracy(layer_4 - estimator_0 - 2_folds.train_cv.predict)=83.07%
[ 2019-12-23 18:47:02,962][kfold_wrapper.log_eval_metrics] Accuracy(layer_4 - estimator_0 - 2_folds.test.predict)=78.16%
[ 2019-12-23 18:47:05,212][kfold_wrapper.log_eval_metrics] Accuracy(layer_4 - estimator_1 - 2_folds.train_0.predict)=82.95%
[ 2019-12-23 18:47:07,833][kfold_wrapper.log_eval_metrics] Accuracy(layer_4 - estimator_1 - 2_folds.train_1.predict)=80.10%
[ 2019-12-23 18:47:08,189][kfold_wrapper.log_eval_metrics] Accuracy(layer_4 - estimator_1 - 2_folds.train_cv.predict)=81.52%
[ 2019-12-23 18:47:08,189][kfold_wrapper.log_eval_metrics] Accuracy(layer_4 - estimator_1 - 2_folds.test.predict)=79.31%
[ 2019-12-23 18:47:09,639][kfold_wrapper.log_eval_metrics] Accuracy(layer_4 - estimator_2 - 3_folds.train_0.predict)=83.40%
[ 2019-12-23 18:47:11,045][kfold_wrapper.log_eval_metrics] Accuracy(layer_4 - estimator_2 - 3_folds.train_1.predict)=84.50%
[ 2019-12-23 18:47:12,451][kfold_wrapper.log_eval_metrics] Accuracy(layer_4 - estimator_2 - 3_folds.train_2.predict)=80.16%
[ 2019-12-23 18:47:12,451][kfold_wrapper.log_eval_metrics] Accuracy(layer_4 - estimator_2 - 3_folds.train_cv.predict)=82.69%
[ 2019-12-23 18:47:12,451][kfold_wrapper.log_eval_metrics] Accuracy(layer_4 - estimator_2 - 3_folds.test.predict)=79.31%
[ 2019-12-23 18:47:12,451][cascade_classifier.calc_accuracy] Accuracy(layer_4 - train.classifier_average)=82.82%
[ 2019-12-23 18:47:12,451][cascade_classifier.calc_accuracy] Accuracy(layer_4 - test.classifier_average)=80.46%
[ 2019-12-23 18:47:12,467][cascade_classifier.fit_transform] [layer=5] look_indexs=[0], X_cur_train.shape=(774, 364), X_cur_test.shape=(87, 364)
[ 2019-12-23 18:47:14,546][kfold_wrapper.log_eval_metrics] Accuracy(layer_5 - estimator_0 - 2_folds.train_0.predict)=82.95%
[ 2019-12-23 18:47:17,090][kfold_wrapper.log_eval_metrics] Accuracy(layer_5 - estimator_0 - 2_folds.train_1.predict)=81.14%
[ 2019-12-23 18:47:17,418][kfold_wrapper.log_eval_metrics] Accuracy(layer_5 - estimator_0 - 2_folds.train_cv.predict)=82.04%
[ 2019-12-23 18:47:17,418][kfold_wrapper.log_eval_metrics] Accuracy(layer_5 - estimator_0 - 2_folds.test.predict)=79.31%
[ 2019-12-23 18:47:19,718][kfold_wrapper.log_eval_metrics] Accuracy(layer_5 - estimator_1 - 2_folds.train_0.predict)=79.84%
[ 2019-12-23 18:47:22,343][kfold_wrapper.log_eval_metrics] Accuracy(layer_5 - estimator_1 - 2_folds.train_1.predict)=83.46%
[ 2019-12-23 18:47:22,674][kfold_wrapper.log_eval_metrics] Accuracy(layer_5 - estimator_1 - 2_folds.train_cv.predict)=81.65%
[ 2019-12-23 18:47:22,674][kfold_wrapper.log_eval_metrics] Accuracy(layer_5 - estimator_1 - 2_folds.test.predict)=79.31%
[ 2019-12-23 18:47:24,044][kfold_wrapper.log_eval_metrics] Accuracy(layer_5 - estimator_2 - 3_folds.train_0.predict)=79.54%
[ 2019-12-23 18:47:25,519][kfold_wrapper.log_eval_metrics] Accuracy(layer_5 - estimator_2 - 3_folds.train_1.predict)=82.56%
[ 2019-12-23 18:47:26,990][kfold_wrapper.log_eval_metrics] Accuracy(layer_5 - estimator_2 - 3_folds.train_2.predict)=84.05%
[ 2019-12-23 18:47:26,990][kfold_wrapper.log_eval_metrics] Accuracy(layer_5 - estimator_2 - 3_folds.train_cv.predict)=82.04%
[ 2019-12-23 18:47:26,990][kfold_wrapper.log_eval_metrics] Accuracy(layer_5 - estimator_2 - 3_folds.test.predict)=81.61%
[ 2019-12-23 18:47:26,990][cascade_classifier.calc_accuracy] Accuracy(layer_5 - train.classifier_average)=81.78%
[ 2019-12-23 18:47:26,990][cascade_classifier.calc_accuracy] Accuracy(layer_5 - test.classifier_average)=79.31%
[ 2019-12-23 18:47:27,006][cascade_classifier.fit_transform] [layer=6] look_indexs=[0], X_cur_train.shape=(774, 364), X_cur_test.shape=(87, 364)
[ 2019-12-23 18:47:29,158][kfold_wrapper.log_eval_metrics] Accuracy(layer_6 - estimator_0 - 2_folds.train_0.predict)=82.95%
[ 2019-12-23 18:47:31,605][kfold_wrapper.log_eval_metrics] Accuracy(layer_6 - estimator_0 - 2_folds.train_1.predict)=79.84%
[ 2019-12-23 18:47:31,940][kfold_wrapper.log_eval_metrics] Accuracy(layer_6 - estimator_0 - 2_folds.train_cv.predict)=81.40%
[ 2019-12-23 18:47:31,940][kfold_wrapper.log_eval_metrics] Accuracy(layer_6 - estimator_0 - 2_folds.test.predict)=78.16%
[ 2019-12-23 18:47:34,202][kfold_wrapper.log_eval_metrics] Accuracy(layer_6 - estimator_1 - 2_folds.train_0.predict)=82.95%
[ 2019-12-23 18:47:36,604][kfold_wrapper.log_eval_metrics] Accuracy(layer_6 - estimator_1 - 2_folds.train_1.predict)=81.65%
[ 2019-12-23 18:47:36,938][kfold_wrapper.log_eval_metrics] Accuracy(layer_6 - estimator_1 - 2_folds.train_cv.predict)=82.30%
[ 2019-12-23 18:47:36,938][kfold_wrapper.log_eval_metrics] Accuracy(layer_6 - estimator_1 - 2_folds.test.predict)=78.16%
[ 2019-12-23 18:47:38,315][kfold_wrapper.log_eval_metrics] Accuracy(layer_6 - estimator_2 - 3_folds.train_0.predict)=83.78%
[ 2019-12-23 18:47:39,765][kfold_wrapper.log_eval_metrics] Accuracy(layer_6 - estimator_2 - 3_folds.train_1.predict)=83.72%
[ 2019-12-23 18:47:41,077][kfold_wrapper.log_eval_metrics] Accuracy(layer_6 - estimator_2 - 3_folds.train_2.predict)=80.93%
[ 2019-12-23 18:47:41,077][kfold_wrapper.log_eval_metrics] Accuracy(layer_6 - estimator_2 - 3_folds.train_cv.predict)=82.82%
[ 2019-12-23 18:47:41,077][kfold_wrapper.log_eval_metrics] Accuracy(layer_6 - estimator_2 - 3_folds.test.predict)=79.31%
[ 2019-12-23 18:47:41,077][cascade_classifier.calc_accuracy] Accuracy(layer_6 - train.classifier_average)=82.17%
[ 2019-12-23 18:47:41,077][cascade_classifier.calc_accuracy] Accuracy(layer_6 - test.classifier_average)=79.31%
[ 2019-12-23 18:47:41,077][cascade_classifier.fit_transform] [layer=7] look_indexs=[0], X_cur_train.shape=(774, 364), X_cur_test.shape=(87, 364)
[ 2019-12-23 18:47:43,099][kfold_wrapper.log_eval_metrics] Accuracy(layer_7 - estimator_0 - 2_folds.train_0.predict)=81.91%
[ 2019-12-23 18:47:45,426][kfold_wrapper.log_eval_metrics] Accuracy(layer_7 - estimator_0 - 2_folds.train_1.predict)=82.17%
[ 2019-12-23 18:47:45,754][kfold_wrapper.log_eval_metrics] Accuracy(layer_7 - estimator_0 - 2_folds.train_cv.predict)=82.04%
[ 2019-12-23 18:47:45,754][kfold_wrapper.log_eval_metrics] Accuracy(layer_7 - estimator_0 - 2_folds.test.predict)=78.16%
[ 2019-12-23 18:47:47,989][kfold_wrapper.log_eval_metrics] Accuracy(layer_7 - estimator_1 - 2_folds.train_0.predict)=81.65%
[ 2019-12-23 18:47:50,461][kfold_wrapper.log_eval_metrics] Accuracy(layer_7 - estimator_1 - 2_folds.train_1.predict)=81.91%
[ 2019-12-23 18:47:50,812][kfold_wrapper.log_eval_metrics] Accuracy(layer_7 - estimator_1 - 2_folds.train_cv.predict)=81.78%
[ 2019-12-23 18:47:50,812][kfold_wrapper.log_eval_metrics] Accuracy(layer_7 - estimator_1 - 2_folds.test.predict)=78.16%
[ 2019-12-23 18:47:52,144][kfold_wrapper.log_eval_metrics] Accuracy(layer_7 - estimator_2 - 3_folds.train_0.predict)=81.47%
[ 2019-12-23 18:47:53,613][kfold_wrapper.log_eval_metrics] Accuracy(layer_7 - estimator_2 - 3_folds.train_1.predict)=83.33%
[ 2019-12-23 18:47:55,009][kfold_wrapper.log_eval_metrics] Accuracy(layer_7 - estimator_2 - 3_folds.train_2.predict)=80.16%
[ 2019-12-23 18:47:55,025][kfold_wrapper.log_eval_metrics] Accuracy(layer_7 - estimator_2 - 3_folds.train_cv.predict)=81.65%
[ 2019-12-23 18:47:55,025][kfold_wrapper.log_eval_metrics] Accuracy(layer_7 - estimator_2 - 3_folds.test.predict)=78.16%
[ 2019-12-23 18:47:55,025][cascade_classifier.calc_accuracy] Accuracy(layer_7 - train.classifier_average)=81.27%
[ 2019-12-23 18:47:55,025][cascade_classifier.calc_accuracy] Accuracy(layer_7 - test.classifier_average)=78.16%
[ 2019-12-23 18:47:55,025][cascade_classifier.fit_transform] [Result][Optimal Level Detected] opt_layer_num=5, accuracy_train=82.82%, accuracy_test=80.46%
[ 2019-12-23 18:47:55,040][cascade_classifier.transform] X_groups_test.shape=[(87, 358)]
[ 2019-12-23 18:47:55,040][cascade_classifier.transform] group_dims=[358]
[ 2019-12-23 18:47:55,040][cascade_classifier.transform] X_test.shape=(87, 358)
[ 2019-12-23 18:47:55,040][cascade_classifier.transform] [layer=0] look_indexs=[0], X_cur_test.shape=(87, 358)
[ 2019-12-23 18:47:56,353][cascade_classifier.transform] [layer=1] look_indexs=[0], X_cur_test.shape=(87, 364)
[ 2019-12-23 18:47:57,669][cascade_classifier.transform] [layer=2] look_indexs=[0], X_cur_test.shape=(87, 364)
[ 2019-12-23 18:47:58,983][cascade_classifier.transform] [layer=3] look_indexs=[0], X_cur_test.shape=(87, 364)
[ 2019-12-23 18:48:00,327][cascade_classifier.transform] [layer=4] look_indexs=[0], X_cur_test.shape=(87, 364)
[ 2019-12-23 18:48:01,650][cascade_classifier.transform] X_groups_test.shape=[(87, 358)]
[ 2019-12-23 18:48:01,650][cascade_classifier.transform] group_dims=[358]
[ 2019-12-23 18:48:01,650][cascade_classifier.transform] X_test.shape=(87, 358)
[ 2019-12-23 18:48:01,650][cascade_classifier.transform] [layer=0] look_indexs=[0], X_cur_test.shape=(87, 358)
[ 2019-12-23 18:48:02,986][cascade_classifier.transform] [layer=1] look_indexs=[0], X_cur_test.shape=(87, 364)
[ 2019-12-23 18:48:04,812][cascade_classifier.transform] [layer=2] look_indexs=[0], X_cur_test.shape=(87, 364)
[ 2019-12-23 18:48:06,135][cascade_classifier.transform] [layer=3] look_indexs=[0], X_cur_test.shape=(87, 364)
[ 2019-12-23 18:48:07,489][cascade_classifier.transform] [layer=4] look_indexs=[0], X_cur_test.shape=(87, 364)
[ 2019-12-23 18:48:08,880][cascade_classifier.fit_transform] X_groups_train.shape=[(774, 358)],y_train.shape=(774,),X_groups_test.shape=[(87, 358)],y_test.shape=(87,)
[ 2019-12-23 18:48:08,880][cascade_classifier.fit_transform] group_dims=[358]
[ 2019-12-23 18:48:08,880][cascade_classifier.fit_transform] group_starts=[0]
[ 2019-12-23 18:48:08,880][cascade_classifier.fit_transform] group_ends=[358]
[ 2019-12-23 18:48:08,880][cascade_classifier.fit_transform] X_train.shape=(774, 358),X_test.shape=(87, 358)
[ 2019-12-23 18:48:08,880][cascade_classifier.fit_transform] [layer=0] look_indexs=[0], X_cur_train.shape=(774, 358), X_cur_test.shape=(87, 358)
[ 2019-12-23 18:48:11,032][kfold_wrapper.log_eval_metrics] Accuracy(layer_0 - estimator_0 - 2_folds.train_0.predict)=79.64%
[ 2019-12-23 18:48:13,415][kfold_wrapper.log_eval_metrics] Accuracy(layer_0 - estimator_0 - 2_folds.train_1.predict)=84.72%
[ 2019-12-23 18:48:13,747][kfold_wrapper.log_eval_metrics] Accuracy(layer_0 - estimator_0 - 2_folds.train_cv.predict)=82.17%
[ 2019-12-23 18:48:13,747][kfold_wrapper.log_eval_metrics] Accuracy(layer_0 - estimator_0 - 2_folds.test.predict)=75.86%
[ 2019-12-23 18:48:15,990][kfold_wrapper.log_eval_metrics] Accuracy(layer_0 - estimator_1 - 2_folds.train_0.predict)=81.19%
[ 2019-12-23 18:48:18,544][kfold_wrapper.log_eval_metrics] Accuracy(layer_0 - estimator_1 - 2_folds.train_1.predict)=83.68%
[ 2019-12-23 18:48:18,864][kfold_wrapper.log_eval_metrics] Accuracy(layer_0 - estimator_1 - 2_folds.train_cv.predict)=82.43%
[ 2019-12-23 18:48:18,864][kfold_wrapper.log_eval_metrics] Accuracy(layer_0 - estimator_1 - 2_folds.test.predict)=77.01%
[ 2019-12-23 18:48:20,311][kfold_wrapper.log_eval_metrics] Accuracy(layer_0 - estimator_2 - 3_folds.train_0.predict)=82.24%
[ 2019-12-23 18:48:21,824][kfold_wrapper.log_eval_metrics] Accuracy(layer_0 - estimator_2 - 3_folds.train_1.predict)=82.17%
[ 2019-12-23 18:48:23,362][kfold_wrapper.log_eval_metrics] Accuracy(layer_0 - estimator_2 - 3_folds.train_2.predict)=80.54%
[ 2019-12-23 18:48:23,362][kfold_wrapper.log_eval_metrics] Accuracy(layer_0 - estimator_2 - 3_folds.train_cv.predict)=81.65%
[ 2019-12-23 18:48:23,362][kfold_wrapper.log_eval_metrics] Accuracy(layer_0 - estimator_2 - 3_folds.test.predict)=81.61%
[ 2019-12-23 18:48:23,362][cascade_classifier.calc_accuracy] Accuracy(layer_0 - train.classifier_average)=82.04%
[ 2019-12-23 18:48:23,362][cascade_classifier.calc_accuracy] Accuracy(layer_0 - test.classifier_average)=79.31%
[ 2019-12-23 18:48:23,362][cascade_classifier.fit_transform] [layer=1] look_indexs=[0], X_cur_train.shape=(774, 364), X_cur_test.shape=(87, 364)
[ 2019-12-23 18:48:25,465][kfold_wrapper.log_eval_metrics] Accuracy(layer_1 - estimator_0 - 2_folds.train_0.predict)=80.15%
[ 2019-12-23 18:48:27,845][kfold_wrapper.log_eval_metrics] Accuracy(layer_1 - estimator_0 - 2_folds.train_1.predict)=82.90%
[ 2019-12-23 18:48:28,171][kfold_wrapper.log_eval_metrics] Accuracy(layer_1 - estimator_0 - 2_folds.train_cv.predict)=81.52%
[ 2019-12-23 18:48:28,171][kfold_wrapper.log_eval_metrics] Accuracy(layer_1 - estimator_0 - 2_folds.test.predict)=78.16%
[ 2019-12-23 18:48:30,408][kfold_wrapper.log_eval_metrics] Accuracy(layer_1 - estimator_1 - 2_folds.train_0.predict)=83.51%
[ 2019-12-23 18:48:32,861][kfold_wrapper.log_eval_metrics] Accuracy(layer_1 - estimator_1 - 2_folds.train_1.predict)=80.31%
[ 2019-12-23 18:48:33,188][kfold_wrapper.log_eval_metrics] Accuracy(layer_1 - estimator_1 - 2_folds.train_cv.predict)=81.91%
[ 2019-12-23 18:48:33,188][kfold_wrapper.log_eval_metrics] Accuracy(layer_1 - estimator_1 - 2_folds.test.predict)=79.31%
[ 2019-12-23 18:48:34,563][kfold_wrapper.log_eval_metrics] Accuracy(layer_1 - estimator_2 - 3_folds.train_0.predict)=79.92%
[ 2019-12-23 18:48:35,903][kfold_wrapper.log_eval_metrics] Accuracy(layer_1 - estimator_2 - 3_folds.train_1.predict)=78.68%
[ 2019-12-23 18:48:37,190][kfold_wrapper.log_eval_metrics] Accuracy(layer_1 - estimator_2 - 3_folds.train_2.predict)=80.54%
[ 2019-12-23 18:48:37,190][kfold_wrapper.log_eval_metrics] Accuracy(layer_1 - estimator_2 - 3_folds.train_cv.predict)=79.72%
[ 2019-12-23 18:48:37,190][kfold_wrapper.log_eval_metrics] Accuracy(layer_1 - estimator_2 - 3_folds.test.predict)=81.61%
[ 2019-12-23 18:48:37,190][cascade_classifier.calc_accuracy] Accuracy(layer_1 - train.classifier_average)=81.78%
[ 2019-12-23 18:48:37,190][cascade_classifier.calc_accuracy] Accuracy(layer_1 - test.classifier_average)=80.46%
[ 2019-12-23 18:48:37,190][cascade_classifier.fit_transform] [layer=2] look_indexs=[0], X_cur_train.shape=(774, 364), X_cur_test.shape=(87, 364)
[ 2019-12-23 18:48:39,214][kfold_wrapper.log_eval_metrics] Accuracy(layer_2 - estimator_0 - 2_folds.train_0.predict)=82.73%
[ 2019-12-23 18:48:41,760][kfold_wrapper.log_eval_metrics] Accuracy(layer_2 - estimator_0 - 2_folds.train_1.predict)=79.53%
[ 2019-12-23 18:48:42,310][kfold_wrapper.log_eval_metrics] Accuracy(layer_2 - estimator_0 - 2_folds.train_cv.predict)=81.14%
[ 2019-12-23 18:48:42,310][kfold_wrapper.log_eval_metrics] Accuracy(layer_2 - estimator_0 - 2_folds.test.predict)=79.31%
[ 2019-12-23 18:48:44,619][kfold_wrapper.log_eval_metrics] Accuracy(layer_2 - estimator_1 - 2_folds.train_0.predict)=82.99%
[ 2019-12-23 18:48:47,204][kfold_wrapper.log_eval_metrics] Accuracy(layer_2 - estimator_1 - 2_folds.train_1.predict)=79.79%
[ 2019-12-23 18:48:47,536][kfold_wrapper.log_eval_metrics] Accuracy(layer_2 - estimator_1 - 2_folds.train_cv.predict)=81.40%
[ 2019-12-23 18:48:47,536][kfold_wrapper.log_eval_metrics] Accuracy(layer_2 - estimator_1 - 2_folds.test.predict)=79.31%
[ 2019-12-23 18:48:48,985][kfold_wrapper.log_eval_metrics] Accuracy(layer_2 - estimator_2 - 3_folds.train_0.predict)=82.63%
[ 2019-12-23 18:48:50,269][kfold_wrapper.log_eval_metrics] Accuracy(layer_2 - estimator_2 - 3_folds.train_1.predict)=81.40%
[ 2019-12-23 18:48:51,540][kfold_wrapper.log_eval_metrics] Accuracy(layer_2 - estimator_2 - 3_folds.train_2.predict)=80.16%
[ 2019-12-23 18:48:51,540][kfold_wrapper.log_eval_metrics] Accuracy(layer_2 - estimator_2 - 3_folds.train_cv.predict)=81.40%
[ 2019-12-23 18:48:51,540][kfold_wrapper.log_eval_metrics] Accuracy(layer_2 - estimator_2 - 3_folds.test.predict)=81.61%
[ 2019-12-23 18:48:51,540][cascade_classifier.calc_accuracy] Accuracy(layer_2 - train.classifier_average)=81.65%
[ 2019-12-23 18:48:51,540][cascade_classifier.calc_accuracy] Accuracy(layer_2 - test.classifier_average)=81.61%
[ 2019-12-23 18:48:51,540][cascade_classifier.fit_transform] [layer=3] look_indexs=[0], X_cur_train.shape=(774, 364), X_cur_test.shape=(87, 364)
[ 2019-12-23 18:48:53,586][kfold_wrapper.log_eval_metrics] Accuracy(layer_3 - estimator_0 - 2_folds.train_0.predict)=80.41%
[ 2019-12-23 18:48:56,133][kfold_wrapper.log_eval_metrics] Accuracy(layer_3 - estimator_0 - 2_folds.train_1.predict)=82.12%
[ 2019-12-23 18:48:56,566][kfold_wrapper.log_eval_metrics] Accuracy(layer_3 - estimator_0 - 2_folds.train_cv.predict)=81.27%
[ 2019-12-23 18:48:56,566][kfold_wrapper.log_eval_metrics] Accuracy(layer_3 - estimator_0 - 2_folds.test.predict)=80.46%
[ 2019-12-23 18:48:59,187][kfold_wrapper.log_eval_metrics] Accuracy(layer_3 - estimator_1 - 2_folds.train_0.predict)=83.51%
[ 2019-12-23 18:49:02,286][kfold_wrapper.log_eval_metrics] Accuracy(layer_3 - estimator_1 - 2_folds.train_1.predict)=80.57%
[ 2019-12-23 18:49:02,611][kfold_wrapper.log_eval_metrics] Accuracy(layer_3 - estimator_1 - 2_folds.train_cv.predict)=82.04%
[ 2019-12-23 18:49:02,611][kfold_wrapper.log_eval_metrics] Accuracy(layer_3 - estimator_1 - 2_folds.test.predict)=80.46%
[ 2019-12-23 18:49:04,461][kfold_wrapper.log_eval_metrics] Accuracy(layer_3 - estimator_2 - 3_folds.train_0.predict)=81.08%
[ 2019-12-23 18:49:05,855][kfold_wrapper.log_eval_metrics] Accuracy(layer_3 - estimator_2 - 3_folds.train_1.predict)=83.72%
[ 2019-12-23 18:49:07,240][kfold_wrapper.log_eval_metrics] Accuracy(layer_3 - estimator_2 - 3_folds.train_2.predict)=78.21%
[ 2019-12-23 18:49:07,256][kfold_wrapper.log_eval_metrics] Accuracy(layer_3 - estimator_2 - 3_folds.train_cv.predict)=81.01%
[ 2019-12-23 18:49:07,256][kfold_wrapper.log_eval_metrics] Accuracy(layer_3 - estimator_2 - 3_folds.test.predict)=81.61%
[ 2019-12-23 18:49:07,256][cascade_classifier.calc_accuracy] Accuracy(layer_3 - train.classifier_average)=81.52%
[ 2019-12-23 18:49:07,256][cascade_classifier.calc_accuracy] Accuracy(layer_3 - test.classifier_average)=80.46%
[ 2019-12-23 18:49:07,256][cascade_classifier.fit_transform] [Result][Optimal Level Detected] opt_layer_num=1, accuracy_train=82.04%, accuracy_test=79.31%
[ 2019-12-23 18:49:07,271][cascade_classifier.transform] X_groups_test.shape=[(87, 358)]
[ 2019-12-23 18:49:07,271][cascade_classifier.transform] group_dims=[358]
[ 2019-12-23 18:49:07,271][cascade_classifier.transform] X_test.shape=(87, 358)
[ 2019-12-23 18:49:07,271][cascade_classifier.transform] [layer=0] look_indexs=[0], X_cur_test.shape=(87, 358)
[ 2019-12-23 18:49:08,603][cascade_classifier.transform] X_groups_test.shape=[(87, 358)]
[ 2019-12-23 18:49:08,603][cascade_classifier.transform] group_dims=[358]
[ 2019-12-23 18:49:08,603][cascade_classifier.transform] X_test.shape=(87, 358)
[ 2019-12-23 18:49:08,603][cascade_classifier.transform] [layer=0] look_indexs=[0], X_cur_test.shape=(87, 358)
[ 2019-12-23 18:49:09,949][cascade_classifier.fit_transform] X_groups_train.shape=[(774, 358)],y_train.shape=(774,),X_groups_test.shape=[(87, 358)],y_test.shape=(87,)
[ 2019-12-23 18:49:09,949][cascade_classifier.fit_transform] group_dims=[358]
[ 2019-12-23 18:49:09,949][cascade_classifier.fit_transform] group_starts=[0]
[ 2019-12-23 18:49:09,949][cascade_classifier.fit_transform] group_ends=[358]
[ 2019-12-23 18:49:09,949][cascade_classifier.fit_transform] X_train.shape=(774, 358),X_test.shape=(87, 358)
[ 2019-12-23 18:49:09,949][cascade_classifier.fit_transform] [layer=0] look_indexs=[0], X_cur_train.shape=(774, 358), X_cur_test.shape=(87, 358)
[ 2019-12-23 18:49:12,200][kfold_wrapper.log_eval_metrics] Accuracy(layer_0 - estimator_0 - 2_folds.train_0.predict)=81.44%
[ 2019-12-23 18:49:14,544][kfold_wrapper.log_eval_metrics] Accuracy(layer_0 - estimator_0 - 2_folds.train_1.predict)=81.61%
[ 2019-12-23 18:49:14,870][kfold_wrapper.log_eval_metrics] Accuracy(layer_0 - estimator_0 - 2_folds.train_cv.predict)=81.52%
[ 2019-12-23 18:49:14,870][kfold_wrapper.log_eval_metrics] Accuracy(layer_0 - estimator_0 - 2_folds.test.predict)=80.46%
[ 2019-12-23 18:49:17,110][kfold_wrapper.log_eval_metrics] Accuracy(layer_0 - estimator_1 - 2_folds.train_0.predict)=80.93%
[ 2019-12-23 18:49:19,562][kfold_wrapper.log_eval_metrics] Accuracy(layer_0 - estimator_1 - 2_folds.train_1.predict)=80.83%
[ 2019-12-23 18:49:19,881][kfold_wrapper.log_eval_metrics] Accuracy(layer_0 - estimator_1 - 2_folds.train_cv.predict)=80.88%
[ 2019-12-23 18:49:19,881][kfold_wrapper.log_eval_metrics] Accuracy(layer_0 - estimator_1 - 2_folds.test.predict)=83.91%
[ 2019-12-23 18:49:21,171][kfold_wrapper.log_eval_metrics] Accuracy(layer_0 - estimator_2 - 3_folds.train_0.predict)=80.62%
[ 2019-12-23 18:49:22,524][kfold_wrapper.log_eval_metrics] Accuracy(layer_0 - estimator_2 - 3_folds.train_1.predict)=81.40%
[ 2019-12-23 18:49:23,856][kfold_wrapper.log_eval_metrics] Accuracy(layer_0 - estimator_2 - 3_folds.train_2.predict)=79.07%
[ 2019-12-23 18:49:23,856][kfold_wrapper.log_eval_metrics] Accuracy(layer_0 - estimator_2 - 3_folds.train_cv.predict)=80.36%
[ 2019-12-23 18:49:23,856][kfold_wrapper.log_eval_metrics] Accuracy(layer_0 - estimator_2 - 3_folds.test.predict)=81.61%
[ 2019-12-23 18:49:23,856][cascade_classifier.calc_accuracy] Accuracy(layer_0 - train.classifier_average)=81.65%
[ 2019-12-23 18:49:23,856][cascade_classifier.calc_accuracy] Accuracy(layer_0 - test.classifier_average)=82.76%
[ 2019-12-23 18:49:23,856][cascade_classifier.fit_transform] [layer=1] look_indexs=[0], X_cur_train.shape=(774, 364), X_cur_test.shape=(87, 364)
[ 2019-12-23 18:49:25,915][kfold_wrapper.log_eval_metrics] Accuracy(layer_1 - estimator_0 - 2_folds.train_0.predict)=81.96%
[ 2019-12-23 18:49:28,372][kfold_wrapper.log_eval_metrics] Accuracy(layer_1 - estimator_0 - 2_folds.train_1.predict)=80.31%
[ 2019-12-23 18:49:28,709][kfold_wrapper.log_eval_metrics] Accuracy(layer_1 - estimator_0 - 2_folds.train_cv.predict)=81.14%
[ 2019-12-23 18:49:28,709][kfold_wrapper.log_eval_metrics] Accuracy(layer_1 - estimator_0 - 2_folds.test.predict)=82.76%
[ 2019-12-23 18:49:30,887][kfold_wrapper.log_eval_metrics] Accuracy(layer_1 - estimator_1 - 2_folds.train_0.predict)=81.44%
[ 2019-12-23 18:49:33,592][kfold_wrapper.log_eval_metrics] Accuracy(layer_1 - estimator_1 - 2_folds.train_1.predict)=82.38%
[ 2019-12-23 18:49:33,933][kfold_wrapper.log_eval_metrics] Accuracy(layer_1 - estimator_1 - 2_folds.train_cv.predict)=81.91%
[ 2019-12-23 18:49:33,933][kfold_wrapper.log_eval_metrics] Accuracy(layer_1 - estimator_1 - 2_folds.test.predict)=83.91%
[ 2019-12-23 18:49:35,430][kfold_wrapper.log_eval_metrics] Accuracy(layer_1 - estimator_2 - 3_folds.train_0.predict)=80.62%
[ 2019-12-23 18:49:36,813][kfold_wrapper.log_eval_metrics] Accuracy(layer_1 - estimator_2 - 3_folds.train_1.predict)=80.62%
[ 2019-12-23 18:49:38,234][kfold_wrapper.log_eval_metrics] Accuracy(layer_1 - estimator_2 - 3_folds.train_2.predict)=81.78%
[ 2019-12-23 18:49:38,250][kfold_wrapper.log_eval_metrics] Accuracy(layer_1 - estimator_2 - 3_folds.train_cv.predict)=81.01%
[ 2019-12-23 18:49:38,250][kfold_wrapper.log_eval_metrics] Accuracy(layer_1 - estimator_2 - 3_folds.test.predict)=79.31%
[ 2019-12-23 18:49:38,250][cascade_classifier.calc_accuracy] Accuracy(layer_1 - train.classifier_average)=81.52%
[ 2019-12-23 18:49:38,250][cascade_classifier.calc_accuracy] Accuracy(layer_1 - test.classifier_average)=83.91%
[ 2019-12-23 18:49:38,252][cascade_classifier.fit_transform] [layer=2] look_indexs=[0], X_cur_train.shape=(774, 364), X_cur_test.shape=(87, 364)
[ 2019-12-23 18:49:40,351][kfold_wrapper.log_eval_metrics] Accuracy(layer_2 - estimator_0 - 2_folds.train_0.predict)=81.19%
[ 2019-12-23 18:49:42,853][kfold_wrapper.log_eval_metrics] Accuracy(layer_2 - estimator_0 - 2_folds.train_1.predict)=80.31%
[ 2019-12-23 18:49:43,177][kfold_wrapper.log_eval_metrics] Accuracy(layer_2 - estimator_0 - 2_folds.train_cv.predict)=80.75%
[ 2019-12-23 18:49:43,177][kfold_wrapper.log_eval_metrics] Accuracy(layer_2 - estimator_0 - 2_folds.test.predict)=83.91%
[ 2019-12-23 18:49:45,426][kfold_wrapper.log_eval_metrics] Accuracy(layer_2 - estimator_1 - 2_folds.train_0.predict)=82.22%
[ 2019-12-23 18:49:47,974][kfold_wrapper.log_eval_metrics] Accuracy(layer_2 - estimator_1 - 2_folds.train_1.predict)=81.61%
[ 2019-12-23 18:49:48,312][kfold_wrapper.log_eval_metrics] Accuracy(layer_2 - estimator_1 - 2_folds.train_cv.predict)=81.91%
[ 2019-12-23 18:49:48,312][kfold_wrapper.log_eval_metrics] Accuracy(layer_2 - estimator_1 - 2_folds.test.predict)=82.76%
[ 2019-12-23 18:49:49,814][kfold_wrapper.log_eval_metrics] Accuracy(layer_2 - estimator_2 - 3_folds.train_0.predict)=79.46%
[ 2019-12-23 18:49:51,311][kfold_wrapper.log_eval_metrics] Accuracy(layer_2 - estimator_2 - 3_folds.train_1.predict)=77.13%
[ 2019-12-23 18:49:52,780][kfold_wrapper.log_eval_metrics] Accuracy(layer_2 - estimator_2 - 3_folds.train_2.predict)=81.78%
[ 2019-12-23 18:49:52,780][kfold_wrapper.log_eval_metrics] Accuracy(layer_2 - estimator_2 - 3_folds.train_cv.predict)=79.46%
[ 2019-12-23 18:49:52,780][kfold_wrapper.log_eval_metrics] Accuracy(layer_2 - estimator_2 - 3_folds.test.predict)=83.91%
[ 2019-12-23 18:49:52,780][cascade_classifier.calc_accuracy] Accuracy(layer_2 - train.classifier_average)=80.10%
[ 2019-12-23 18:49:52,780][cascade_classifier.calc_accuracy] Accuracy(layer_2 - test.classifier_average)=83.91%
[ 2019-12-23 18:49:52,795][cascade_classifier.fit_transform] [layer=3] look_indexs=[0], X_cur_train.shape=(774, 364), X_cur_test.shape=(87, 364)
[ 2019-12-23 18:49:54,833][kfold_wrapper.log_eval_metrics] Accuracy(layer_3 - estimator_0 - 2_folds.train_0.predict)=79.12%
[ 2019-12-23 18:49:57,201][kfold_wrapper.log_eval_metrics] Accuracy(layer_3 - estimator_0 - 2_folds.train_1.predict)=83.94%
[ 2019-12-23 18:49:57,542][kfold_wrapper.log_eval_metrics] Accuracy(layer_3 - estimator_0 - 2_folds.train_cv.predict)=81.52%
[ 2019-12-23 18:49:57,542][kfold_wrapper.log_eval_metrics] Accuracy(layer_3 - estimator_0 - 2_folds.test.predict)=82.76%
[ 2019-12-23 18:49:59,840][kfold_wrapper.log_eval_metrics] Accuracy(layer_3 - estimator_1 - 2_folds.train_0.predict)=80.41%
[ 2019-12-23 18:50:02,276][kfold_wrapper.log_eval_metrics] Accuracy(layer_3 - estimator_1 - 2_folds.train_1.predict)=82.38%
[ 2019-12-23 18:50:02,602][kfold_wrapper.log_eval_metrics] Accuracy(layer_3 - estimator_1 - 2_folds.train_cv.predict)=81.40%
[ 2019-12-23 18:50:02,602][kfold_wrapper.log_eval_metrics] Accuracy(layer_3 - estimator_1 - 2_folds.test.predict)=83.91%
[ 2019-12-23 18:50:04,129][kfold_wrapper.log_eval_metrics] Accuracy(layer_3 - estimator_2 - 3_folds.train_0.predict)=78.68%
[ 2019-12-23 18:50:05,450][kfold_wrapper.log_eval_metrics] Accuracy(layer_3 - estimator_2 - 3_folds.train_1.predict)=79.07%
[ 2019-12-23 18:50:06,915][kfold_wrapper.log_eval_metrics] Accuracy(layer_3 - estimator_2 - 3_folds.train_2.predict)=86.05%
[ 2019-12-23 18:50:06,915][kfold_wrapper.log_eval_metrics] Accuracy(layer_3 - estimator_2 - 3_folds.train_cv.predict)=81.27%
[ 2019-12-23 18:50:06,915][kfold_wrapper.log_eval_metrics] Accuracy(layer_3 - estimator_2 - 3_folds.test.predict)=82.76%
[ 2019-12-23 18:50:06,915][cascade_classifier.calc_accuracy] Accuracy(layer_3 - train.classifier_average)=81.52%
[ 2019-12-23 18:50:06,915][cascade_classifier.calc_accuracy] Accuracy(layer_3 - test.classifier_average)=85.06%
[ 2019-12-23 18:50:06,915][cascade_classifier.fit_transform] [Result][Optimal Level Detected] opt_layer_num=1, accuracy_train=81.65%, accuracy_test=82.76%
[ 2019-12-23 18:50:06,931][cascade_classifier.transform] X_groups_test.shape=[(87, 358)]
[ 2019-12-23 18:50:06,931][cascade_classifier.transform] group_dims=[358]
[ 2019-12-23 18:50:06,931][cascade_classifier.transform] X_test.shape=(87, 358)
[ 2019-12-23 18:50:06,931][cascade_classifier.transform] [layer=0] look_indexs=[0], X_cur_test.shape=(87, 358)
[ 2019-12-23 18:50:08,277][cascade_classifier.transform] X_groups_test.shape=[(87, 358)]
[ 2019-12-23 18:50:08,277][cascade_classifier.transform] group_dims=[358]
[ 2019-12-23 18:50:08,277][cascade_classifier.transform] X_test.shape=(87, 358)
[ 2019-12-23 18:50:08,277][cascade_classifier.transform] [layer=0] look_indexs=[0], X_cur_test.shape=(87, 358)
[ 2019-12-23 18:50:09,619][cascade_classifier.fit_transform] X_groups_train.shape=[(774, 358)],y_train.shape=(774,),X_groups_test.shape=[(87, 358)],y_test.shape=(87,)
[ 2019-12-23 18:50:09,619][cascade_classifier.fit_transform] group_dims=[358]
[ 2019-12-23 18:50:09,619][cascade_classifier.fit_transform] group_starts=[0]
[ 2019-12-23 18:50:09,619][cascade_classifier.fit_transform] group_ends=[358]
[ 2019-12-23 18:50:09,619][cascade_classifier.fit_transform] X_train.shape=(774, 358),X_test.shape=(87, 358)
[ 2019-12-23 18:50:09,619][cascade_classifier.fit_transform] [layer=0] look_indexs=[0], X_cur_train.shape=(774, 358), X_cur_test.shape=(87, 358)
[ 2019-12-23 18:50:11,692][kfold_wrapper.log_eval_metrics] Accuracy(layer_0 - estimator_0 - 2_folds.train_0.predict)=81.44%
[ 2019-12-23 18:50:14,050][kfold_wrapper.log_eval_metrics] Accuracy(layer_0 - estimator_0 - 2_folds.train_1.predict)=80.05%
[ 2019-12-23 18:50:14,375][kfold_wrapper.log_eval_metrics] Accuracy(layer_0 - estimator_0 - 2_folds.train_cv.predict)=80.75%
[ 2019-12-23 18:50:14,375][kfold_wrapper.log_eval_metrics] Accuracy(layer_0 - estimator_0 - 2_folds.test.predict)=82.76%
[ 2019-12-23 18:50:16,493][kfold_wrapper.log_eval_metrics] Accuracy(layer_0 - estimator_1 - 2_folds.train_0.predict)=81.96%
