[ 2019-12-18 10:27:59,921][cascade_classifier.fit_transform] X_groups_train.shape=[(774, 358)],y_train.shape=(774,),X_groups_test.shape=[(87, 358)],y_test.shape=(87,)
[ 2019-12-18 10:27:59,922][cascade_classifier.fit_transform] group_dims=[358]
[ 2019-12-18 10:27:59,922][cascade_classifier.fit_transform] group_starts=[0]
[ 2019-12-18 10:27:59,922][cascade_classifier.fit_transform] group_ends=[358]
[ 2019-12-18 10:27:59,923][cascade_classifier.fit_transform] X_train.shape=(774, 358),X_test.shape=(87, 358)
[ 2019-12-18 10:27:59,924][cascade_classifier.fit_transform] [layer=0] look_indexs=[0], X_cur_train.shape=(774, 358), X_cur_test.shape=(87, 358)
[ 2019-12-18 10:28:02,257][kfold_wrapper.log_eval_metrics] Accuracy(layer_0 - estimator_0 - 3_folds.train_0.predict)=81.78%
[ 2019-12-18 10:28:04,851][kfold_wrapper.log_eval_metrics] Accuracy(layer_0 - estimator_0 - 3_folds.train_1.predict)=82.17%
[ 2019-12-18 10:28:07,436][kfold_wrapper.log_eval_metrics] Accuracy(layer_0 - estimator_0 - 3_folds.train_2.predict)=79.07%
[ 2019-12-18 10:28:07,745][kfold_wrapper.log_eval_metrics] Accuracy(layer_0 - estimator_0 - 3_folds.train_cv.predict)=81.01%
[ 2019-12-18 10:28:07,746][kfold_wrapper.log_eval_metrics] Accuracy(layer_0 - estimator_0 - 3_folds.test.predict)=85.06%
[ 2019-12-18 10:28:10,300][kfold_wrapper.log_eval_metrics] Accuracy(layer_0 - estimator_1 - 3_folds.train_0.predict)=83.33%
[ 2019-12-18 10:28:13,083][kfold_wrapper.log_eval_metrics] Accuracy(layer_0 - estimator_1 - 3_folds.train_1.predict)=77.52%
[ 2019-12-18 10:28:15,954][kfold_wrapper.log_eval_metrics] Accuracy(layer_0 - estimator_1 - 3_folds.train_2.predict)=83.72%
[ 2019-12-18 10:28:16,271][kfold_wrapper.log_eval_metrics] Accuracy(layer_0 - estimator_1 - 3_folds.train_cv.predict)=81.52%
[ 2019-12-18 10:28:16,272][kfold_wrapper.log_eval_metrics] Accuracy(layer_0 - estimator_1 - 3_folds.test.predict)=83.91%
[ 2019-12-18 10:28:23,875][kfold_wrapper.log_eval_metrics] Accuracy(layer_0 - estimator_2 - 3_folds.train_0.predict)=77.91%
[ 2019-12-18 10:28:31,554][kfold_wrapper.log_eval_metrics] Accuracy(layer_0 - estimator_2 - 3_folds.train_1.predict)=78.29%
[ 2019-12-18 10:28:39,324][kfold_wrapper.log_eval_metrics] Accuracy(layer_0 - estimator_2 - 3_folds.train_2.predict)=82.95%
[ 2019-12-18 10:28:39,442][kfold_wrapper.log_eval_metrics] Accuracy(layer_0 - estimator_2 - 3_folds.train_cv.predict)=79.72%
[ 2019-12-18 10:28:39,442][kfold_wrapper.log_eval_metrics] Accuracy(layer_0 - estimator_2 - 3_folds.test.predict)=83.91%
[ 2019-12-18 10:28:41,036][kfold_wrapper.log_eval_metrics] Accuracy(layer_0 - estimator_3 - 3_folds.train_0.predict)=82.95%
[ 2019-12-18 10:28:42,515][kfold_wrapper.log_eval_metrics] Accuracy(layer_0 - estimator_3 - 3_folds.train_1.predict)=82.56%
[ 2019-12-18 10:28:44,030][kfold_wrapper.log_eval_metrics] Accuracy(layer_0 - estimator_3 - 3_folds.train_2.predict)=79.46%
[ 2019-12-18 10:28:44,032][kfold_wrapper.log_eval_metrics] Accuracy(layer_0 - estimator_3 - 3_folds.train_cv.predict)=81.65%
[ 2019-12-18 10:28:44,032][kfold_wrapper.log_eval_metrics] Accuracy(layer_0 - estimator_3 - 3_folds.test.predict)=78.16%
[ 2019-12-18 10:28:44,032][cascade_classifier.calc_accuracy] Accuracy(layer_0 - train.classifier_average)=81.91%
[ 2019-12-18 10:28:44,033][cascade_classifier.calc_accuracy] Accuracy(layer_0 - test.classifier_average)=83.91%
[ 2019-12-18 10:28:44,040][cascade_classifier.fit_transform] [layer=1] look_indexs=[0], X_cur_train.shape=(774, 366), X_cur_test.shape=(87, 366)
[ 2019-12-18 10:28:46,328][kfold_wrapper.log_eval_metrics] Accuracy(layer_1 - estimator_0 - 3_folds.train_0.predict)=81.40%
[ 2019-12-18 10:28:49,139][kfold_wrapper.log_eval_metrics] Accuracy(layer_1 - estimator_0 - 3_folds.train_1.predict)=80.23%
[ 2019-12-18 10:28:51,731][kfold_wrapper.log_eval_metrics] Accuracy(layer_1 - estimator_0 - 3_folds.train_2.predict)=83.33%
[ 2019-12-18 10:28:52,042][kfold_wrapper.log_eval_metrics] Accuracy(layer_1 - estimator_0 - 3_folds.train_cv.predict)=81.65%
[ 2019-12-18 10:28:52,042][kfold_wrapper.log_eval_metrics] Accuracy(layer_1 - estimator_0 - 3_folds.test.predict)=82.76%
[ 2019-12-18 10:28:54,504][kfold_wrapper.log_eval_metrics] Accuracy(layer_1 - estimator_1 - 3_folds.train_0.predict)=86.43%
[ 2019-12-18 10:28:57,264][kfold_wrapper.log_eval_metrics] Accuracy(layer_1 - estimator_1 - 3_folds.train_1.predict)=81.40%
[ 2019-12-18 10:29:00,012][kfold_wrapper.log_eval_metrics] Accuracy(layer_1 - estimator_1 - 3_folds.train_2.predict)=79.84%
[ 2019-12-18 10:29:00,326][kfold_wrapper.log_eval_metrics] Accuracy(layer_1 - estimator_1 - 3_folds.train_cv.predict)=82.56%
[ 2019-12-18 10:29:00,326][kfold_wrapper.log_eval_metrics] Accuracy(layer_1 - estimator_1 - 3_folds.test.predict)=83.91%
[ 2019-12-18 10:29:08,104][kfold_wrapper.log_eval_metrics] Accuracy(layer_1 - estimator_2 - 3_folds.train_0.predict)=82.17%
[ 2019-12-18 10:29:15,916][kfold_wrapper.log_eval_metrics] Accuracy(layer_1 - estimator_2 - 3_folds.train_1.predict)=81.40%
[ 2019-12-18 10:29:23,872][kfold_wrapper.log_eval_metrics] Accuracy(layer_1 - estimator_2 - 3_folds.train_2.predict)=80.23%
[ 2019-12-18 10:29:24,016][kfold_wrapper.log_eval_metrics] Accuracy(layer_1 - estimator_2 - 3_folds.train_cv.predict)=81.27%
[ 2019-12-18 10:29:24,016][kfold_wrapper.log_eval_metrics] Accuracy(layer_1 - estimator_2 - 3_folds.test.predict)=82.76%
[ 2019-12-18 10:29:25,521][kfold_wrapper.log_eval_metrics] Accuracy(layer_1 - estimator_3 - 3_folds.train_0.predict)=83.33%
[ 2019-12-18 10:29:27,034][kfold_wrapper.log_eval_metrics] Accuracy(layer_1 - estimator_3 - 3_folds.train_1.predict)=78.68%
[ 2019-12-18 10:29:28,564][kfold_wrapper.log_eval_metrics] Accuracy(layer_1 - estimator_3 - 3_folds.train_2.predict)=81.01%
[ 2019-12-18 10:29:28,566][kfold_wrapper.log_eval_metrics] Accuracy(layer_1 - estimator_3 - 3_folds.train_cv.predict)=81.01%
[ 2019-12-18 10:29:28,566][kfold_wrapper.log_eval_metrics] Accuracy(layer_1 - estimator_3 - 3_folds.test.predict)=81.61%
[ 2019-12-18 10:29:28,566][cascade_classifier.calc_accuracy] Accuracy(layer_1 - train.classifier_average)=81.78%
[ 2019-12-18 10:29:28,566][cascade_classifier.calc_accuracy] Accuracy(layer_1 - test.classifier_average)=81.61%
[ 2019-12-18 10:29:28,568][cascade_classifier.fit_transform] [layer=2] look_indexs=[0], X_cur_train.shape=(774, 366), X_cur_test.shape=(87, 366)
[ 2019-12-18 10:29:30,851][kfold_wrapper.log_eval_metrics] Accuracy(layer_2 - estimator_0 - 3_folds.train_0.predict)=83.33%
[ 2019-12-18 10:29:33,564][kfold_wrapper.log_eval_metrics] Accuracy(layer_2 - estimator_0 - 3_folds.train_1.predict)=81.01%
[ 2019-12-18 10:29:36,142][kfold_wrapper.log_eval_metrics] Accuracy(layer_2 - estimator_0 - 3_folds.train_2.predict)=84.88%
[ 2019-12-18 10:29:36,458][kfold_wrapper.log_eval_metrics] Accuracy(layer_2 - estimator_0 - 3_folds.train_cv.predict)=83.07%
[ 2019-12-18 10:29:36,458][kfold_wrapper.log_eval_metrics] Accuracy(layer_2 - estimator_0 - 3_folds.test.predict)=81.61%
[ 2019-12-18 10:29:39,166][kfold_wrapper.log_eval_metrics] Accuracy(layer_2 - estimator_1 - 3_folds.train_0.predict)=82.17%
[ 2019-12-18 10:29:42,047][kfold_wrapper.log_eval_metrics] Accuracy(layer_2 - estimator_1 - 3_folds.train_1.predict)=81.40%
[ 2019-12-18 10:29:44,928][kfold_wrapper.log_eval_metrics] Accuracy(layer_2 - estimator_1 - 3_folds.train_2.predict)=81.78%
[ 2019-12-18 10:29:45,346][kfold_wrapper.log_eval_metrics] Accuracy(layer_2 - estimator_1 - 3_folds.train_cv.predict)=81.78%
[ 2019-12-18 10:29:45,346][kfold_wrapper.log_eval_metrics] Accuracy(layer_2 - estimator_1 - 3_folds.test.predict)=83.91%
[ 2019-12-18 10:29:53,039][kfold_wrapper.log_eval_metrics] Accuracy(layer_2 - estimator_2 - 3_folds.train_0.predict)=77.91%
[ 2019-12-18 10:30:01,108][kfold_wrapper.log_eval_metrics] Accuracy(layer_2 - estimator_2 - 3_folds.train_1.predict)=80.62%
[ 2019-12-18 10:30:08,908][kfold_wrapper.log_eval_metrics] Accuracy(layer_2 - estimator_2 - 3_folds.train_2.predict)=82.17%
[ 2019-12-18 10:30:09,048][kfold_wrapper.log_eval_metrics] Accuracy(layer_2 - estimator_2 - 3_folds.train_cv.predict)=80.23%
[ 2019-12-18 10:30:09,049][kfold_wrapper.log_eval_metrics] Accuracy(layer_2 - estimator_2 - 3_folds.test.predict)=83.91%
[ 2019-12-18 10:30:10,655][kfold_wrapper.log_eval_metrics] Accuracy(layer_2 - estimator_3 - 3_folds.train_0.predict)=81.40%
[ 2019-12-18 10:30:12,158][kfold_wrapper.log_eval_metrics] Accuracy(layer_2 - estimator_3 - 3_folds.train_1.predict)=79.07%
[ 2019-12-18 10:30:13,675][kfold_wrapper.log_eval_metrics] Accuracy(layer_2 - estimator_3 - 3_folds.train_2.predict)=84.11%
[ 2019-12-18 10:30:13,677][kfold_wrapper.log_eval_metrics] Accuracy(layer_2 - estimator_3 - 3_folds.train_cv.predict)=81.52%
[ 2019-12-18 10:30:13,677][kfold_wrapper.log_eval_metrics] Accuracy(layer_2 - estimator_3 - 3_folds.test.predict)=83.91%
[ 2019-12-18 10:30:13,677][cascade_classifier.calc_accuracy] Accuracy(layer_2 - train.classifier_average)=82.56%
[ 2019-12-18 10:30:13,677][cascade_classifier.calc_accuracy] Accuracy(layer_2 - test.classifier_average)=83.91%
[ 2019-12-18 10:30:13,679][cascade_classifier.fit_transform] [layer=3] look_indexs=[0], X_cur_train.shape=(774, 366), X_cur_test.shape=(87, 366)
[ 2019-12-18 10:30:15,949][kfold_wrapper.log_eval_metrics] Accuracy(layer_3 - estimator_0 - 3_folds.train_0.predict)=77.91%
[ 2019-12-18 10:30:18,604][kfold_wrapper.log_eval_metrics] Accuracy(layer_3 - estimator_0 - 3_folds.train_1.predict)=84.50%
[ 2019-12-18 10:30:21,204][kfold_wrapper.log_eval_metrics] Accuracy(layer_3 - estimator_0 - 3_folds.train_2.predict)=82.56%
[ 2019-12-18 10:30:21,514][kfold_wrapper.log_eval_metrics] Accuracy(layer_3 - estimator_0 - 3_folds.train_cv.predict)=81.65%
[ 2019-12-18 10:30:21,514][kfold_wrapper.log_eval_metrics] Accuracy(layer_3 - estimator_0 - 3_folds.test.predict)=83.91%
[ 2019-12-18 10:30:23,981][kfold_wrapper.log_eval_metrics] Accuracy(layer_3 - estimator_1 - 3_folds.train_0.predict)=82.95%
[ 2019-12-18 10:30:26,969][kfold_wrapper.log_eval_metrics] Accuracy(layer_3 - estimator_1 - 3_folds.train_1.predict)=81.78%
[ 2019-12-18 10:30:29,727][kfold_wrapper.log_eval_metrics] Accuracy(layer_3 - estimator_1 - 3_folds.train_2.predict)=80.23%
[ 2019-12-18 10:30:30,036][kfold_wrapper.log_eval_metrics] Accuracy(layer_3 - estimator_1 - 3_folds.train_cv.predict)=81.65%
[ 2019-12-18 10:30:30,037][kfold_wrapper.log_eval_metrics] Accuracy(layer_3 - estimator_1 - 3_folds.test.predict)=82.76%
[ 2019-12-18 10:30:37,886][kfold_wrapper.log_eval_metrics] Accuracy(layer_3 - estimator_2 - 3_folds.train_0.predict)=84.88%
[ 2019-12-18 10:30:45,809][kfold_wrapper.log_eval_metrics] Accuracy(layer_3 - estimator_2 - 3_folds.train_1.predict)=80.23%
[ 2019-12-18 10:30:53,763][kfold_wrapper.log_eval_metrics] Accuracy(layer_3 - estimator_2 - 3_folds.train_2.predict)=81.01%
[ 2019-12-18 10:30:53,887][kfold_wrapper.log_eval_metrics] Accuracy(layer_3 - estimator_2 - 3_folds.train_cv.predict)=82.04%
[ 2019-12-18 10:30:53,887][kfold_wrapper.log_eval_metrics] Accuracy(layer_3 - estimator_2 - 3_folds.test.predict)=81.61%
[ 2019-12-18 10:30:55,453][kfold_wrapper.log_eval_metrics] Accuracy(layer_3 - estimator_3 - 3_folds.train_0.predict)=79.46%
[ 2019-12-18 10:30:57,000][kfold_wrapper.log_eval_metrics] Accuracy(layer_3 - estimator_3 - 3_folds.train_1.predict)=79.84%
[ 2019-12-18 10:30:58,740][kfold_wrapper.log_eval_metrics] Accuracy(layer_3 - estimator_3 - 3_folds.train_2.predict)=82.56%
[ 2019-12-18 10:30:58,741][kfold_wrapper.log_eval_metrics] Accuracy(layer_3 - estimator_3 - 3_folds.train_cv.predict)=80.62%
[ 2019-12-18 10:30:58,743][kfold_wrapper.log_eval_metrics] Accuracy(layer_3 - estimator_3 - 3_folds.test.predict)=83.91%
[ 2019-12-18 10:30:58,743][cascade_classifier.calc_accuracy] Accuracy(layer_3 - train.classifier_average)=81.91%
[ 2019-12-18 10:30:58,745][cascade_classifier.calc_accuracy] Accuracy(layer_3 - test.classifier_average)=81.61%
[ 2019-12-18 10:30:58,747][cascade_classifier.fit_transform] [layer=4] look_indexs=[0], X_cur_train.shape=(774, 366), X_cur_test.shape=(87, 366)
[ 2019-12-18 10:31:01,051][kfold_wrapper.log_eval_metrics] Accuracy(layer_4 - estimator_0 - 3_folds.train_0.predict)=80.62%
[ 2019-12-18 10:31:03,654][kfold_wrapper.log_eval_metrics] Accuracy(layer_4 - estimator_0 - 3_folds.train_1.predict)=86.43%
[ 2019-12-18 10:31:06,350][kfold_wrapper.log_eval_metrics] Accuracy(layer_4 - estimator_0 - 3_folds.train_2.predict)=79.84%
[ 2019-12-18 10:31:06,669][kfold_wrapper.log_eval_metrics] Accuracy(layer_4 - estimator_0 - 3_folds.train_cv.predict)=82.30%
[ 2019-12-18 10:31:06,669][kfold_wrapper.log_eval_metrics] Accuracy(layer_4 - estimator_0 - 3_folds.test.predict)=80.46%
[ 2019-12-18 10:31:09,172][kfold_wrapper.log_eval_metrics] Accuracy(layer_4 - estimator_1 - 3_folds.train_0.predict)=82.56%
[ 2019-12-18 10:31:12,368][kfold_wrapper.log_eval_metrics] Accuracy(layer_4 - estimator_1 - 3_folds.train_1.predict)=79.07%
[ 2019-12-18 10:31:15,196][kfold_wrapper.log_eval_metrics] Accuracy(layer_4 - estimator_1 - 3_folds.train_2.predict)=82.56%
[ 2019-12-18 10:31:15,507][kfold_wrapper.log_eval_metrics] Accuracy(layer_4 - estimator_1 - 3_folds.train_cv.predict)=81.40%
[ 2019-12-18 10:31:15,508][kfold_wrapper.log_eval_metrics] Accuracy(layer_4 - estimator_1 - 3_folds.test.predict)=81.61%
[ 2019-12-18 10:31:23,324][kfold_wrapper.log_eval_metrics] Accuracy(layer_4 - estimator_2 - 3_folds.train_0.predict)=82.17%
[ 2019-12-18 10:31:31,234][kfold_wrapper.log_eval_metrics] Accuracy(layer_4 - estimator_2 - 3_folds.train_1.predict)=82.95%
[ 2019-12-18 10:31:39,072][kfold_wrapper.log_eval_metrics] Accuracy(layer_4 - estimator_2 - 3_folds.train_2.predict)=78.68%
[ 2019-12-18 10:31:39,187][kfold_wrapper.log_eval_metrics] Accuracy(layer_4 - estimator_2 - 3_folds.train_cv.predict)=81.27%
[ 2019-12-18 10:31:39,188][kfold_wrapper.log_eval_metrics] Accuracy(layer_4 - estimator_2 - 3_folds.test.predict)=80.46%
[ 2019-12-18 10:31:40,706][kfold_wrapper.log_eval_metrics] Accuracy(layer_4 - estimator_3 - 3_folds.train_0.predict)=78.29%
[ 2019-12-18 10:31:42,238][kfold_wrapper.log_eval_metrics] Accuracy(layer_4 - estimator_3 - 3_folds.train_1.predict)=82.56%
[ 2019-12-18 10:31:43,808][kfold_wrapper.log_eval_metrics] Accuracy(layer_4 - estimator_3 - 3_folds.train_2.predict)=83.33%
[ 2019-12-18 10:31:43,812][kfold_wrapper.log_eval_metrics] Accuracy(layer_4 - estimator_3 - 3_folds.train_cv.predict)=81.40%
[ 2019-12-18 10:31:43,812][kfold_wrapper.log_eval_metrics] Accuracy(layer_4 - estimator_3 - 3_folds.test.predict)=81.61%
[ 2019-12-18 10:31:43,812][cascade_classifier.calc_accuracy] Accuracy(layer_4 - train.classifier_average)=81.91%
[ 2019-12-18 10:31:43,812][cascade_classifier.calc_accuracy] Accuracy(layer_4 - test.classifier_average)=81.61%
[ 2019-12-18 10:31:43,814][cascade_classifier.fit_transform] [layer=5] look_indexs=[0], X_cur_train.shape=(774, 366), X_cur_test.shape=(87, 366)
[ 2019-12-18 10:31:46,220][kfold_wrapper.log_eval_metrics] Accuracy(layer_5 - estimator_0 - 3_folds.train_0.predict)=83.33%
[ 2019-12-18 10:31:48,915][kfold_wrapper.log_eval_metrics] Accuracy(layer_5 - estimator_0 - 3_folds.train_1.predict)=81.01%
[ 2019-12-18 10:31:51,611][kfold_wrapper.log_eval_metrics] Accuracy(layer_5 - estimator_0 - 3_folds.train_2.predict)=83.72%
[ 2019-12-18 10:31:51,918][kfold_wrapper.log_eval_metrics] Accuracy(layer_5 - estimator_0 - 3_folds.train_cv.predict)=82.69%
[ 2019-12-18 10:31:51,919][kfold_wrapper.log_eval_metrics] Accuracy(layer_5 - estimator_0 - 3_folds.test.predict)=80.46%
[ 2019-12-18 10:31:54,501][kfold_wrapper.log_eval_metrics] Accuracy(layer_5 - estimator_1 - 3_folds.train_0.predict)=80.62%
[ 2019-12-18 10:31:57,358][kfold_wrapper.log_eval_metrics] Accuracy(layer_5 - estimator_1 - 3_folds.train_1.predict)=82.17%
[ 2019-12-18 10:32:00,121][kfold_wrapper.log_eval_metrics] Accuracy(layer_5 - estimator_1 - 3_folds.train_2.predict)=82.17%
[ 2019-12-18 10:32:00,431][kfold_wrapper.log_eval_metrics] Accuracy(layer_5 - estimator_1 - 3_folds.train_cv.predict)=81.65%
[ 2019-12-18 10:32:00,431][kfold_wrapper.log_eval_metrics] Accuracy(layer_5 - estimator_1 - 3_folds.test.predict)=80.46%
[ 2019-12-18 10:32:08,234][kfold_wrapper.log_eval_metrics] Accuracy(layer_5 - estimator_2 - 3_folds.train_0.predict)=79.84%
[ 2019-12-18 10:32:16,197][kfold_wrapper.log_eval_metrics] Accuracy(layer_5 - estimator_2 - 3_folds.train_1.predict)=85.66%
[ 2019-12-18 10:32:23,941][kfold_wrapper.log_eval_metrics] Accuracy(layer_5 - estimator_2 - 3_folds.train_2.predict)=79.07%
[ 2019-12-18 10:32:24,071][kfold_wrapper.log_eval_metrics] Accuracy(layer_5 - estimator_2 - 3_folds.train_cv.predict)=81.52%
[ 2019-12-18 10:32:24,071][kfold_wrapper.log_eval_metrics] Accuracy(layer_5 - estimator_2 - 3_folds.test.predict)=81.61%
[ 2019-12-18 10:32:25,696][kfold_wrapper.log_eval_metrics] Accuracy(layer_5 - estimator_3 - 3_folds.train_0.predict)=83.72%
[ 2019-12-18 10:32:27,179][kfold_wrapper.log_eval_metrics] Accuracy(layer_5 - estimator_3 - 3_folds.train_1.predict)=81.78%
[ 2019-12-18 10:32:28,703][kfold_wrapper.log_eval_metrics] Accuracy(layer_5 - estimator_3 - 3_folds.train_2.predict)=78.68%
[ 2019-12-18 10:32:28,705][kfold_wrapper.log_eval_metrics] Accuracy(layer_5 - estimator_3 - 3_folds.train_cv.predict)=81.40%
[ 2019-12-18 10:32:28,705][kfold_wrapper.log_eval_metrics] Accuracy(layer_5 - estimator_3 - 3_folds.test.predict)=82.76%
[ 2019-12-18 10:32:28,705][cascade_classifier.calc_accuracy] Accuracy(layer_5 - train.classifier_average)=82.17%
[ 2019-12-18 10:32:28,706][cascade_classifier.calc_accuracy] Accuracy(layer_5 - test.classifier_average)=81.61%
[ 2019-12-18 10:32:28,706][cascade_classifier.fit_transform] [Result][Optimal Level Detected] opt_layer_num=3, accuracy_train=82.56%, accuracy_test=83.91%
[ 2019-12-18 10:32:28,739][cascade_classifier.transform] X_groups_test.shape=[(87, 358)]
[ 2019-12-18 10:32:28,739][cascade_classifier.transform] group_dims=[358]
[ 2019-12-18 10:32:28,740][cascade_classifier.transform] X_test.shape=(87, 358)
[ 2019-12-18 10:32:28,740][cascade_classifier.transform] [layer=0] look_indexs=[0], X_cur_test.shape=(87, 358)
[ 2019-12-18 10:32:31,072][cascade_classifier.transform] [layer=1] look_indexs=[0], X_cur_test.shape=(87, 366)
[ 2019-12-18 10:32:33,303][cascade_classifier.transform] [layer=2] look_indexs=[0], X_cur_test.shape=(87, 366)
[ 2019-12-18 10:32:35,614][cascade_classifier.transform] X_groups_test.shape=[(87, 358)]
[ 2019-12-18 10:32:35,614][cascade_classifier.transform] group_dims=[358]
[ 2019-12-18 10:32:35,614][cascade_classifier.transform] X_test.shape=(87, 358)
[ 2019-12-18 10:32:35,615][cascade_classifier.transform] [layer=0] look_indexs=[0], X_cur_test.shape=(87, 358)
[ 2019-12-18 10:32:37,830][cascade_classifier.transform] [layer=1] look_indexs=[0], X_cur_test.shape=(87, 366)
[ 2019-12-18 10:32:40,055][cascade_classifier.transform] [layer=2] look_indexs=[0], X_cur_test.shape=(87, 366)
[ 2019-12-18 10:32:42,425][cascade_classifier.fit_transform] X_groups_train.shape=[(774, 358)],y_train.shape=(774,),X_groups_test.shape=[(87, 358)],y_test.shape=(87,)
[ 2019-12-18 10:32:42,427][cascade_classifier.fit_transform] group_dims=[358]
[ 2019-12-18 10:32:42,427][cascade_classifier.fit_transform] group_starts=[0]
[ 2019-12-18 10:32:42,427][cascade_classifier.fit_transform] group_ends=[358]
[ 2019-12-18 10:32:42,428][cascade_classifier.fit_transform] X_train.shape=(774, 358),X_test.shape=(87, 358)
[ 2019-12-18 10:32:42,430][cascade_classifier.fit_transform] [layer=0] look_indexs=[0], X_cur_train.shape=(774, 358), X_cur_test.shape=(87, 358)
[ 2019-12-18 10:32:44,729][kfold_wrapper.log_eval_metrics] Accuracy(layer_0 - estimator_0 - 3_folds.train_0.predict)=81.78%
[ 2019-12-18 10:32:47,412][kfold_wrapper.log_eval_metrics] Accuracy(layer_0 - estimator_0 - 3_folds.train_1.predict)=82.17%
[ 2019-12-18 10:32:50,089][kfold_wrapper.log_eval_metrics] Accuracy(layer_0 - estimator_0 - 3_folds.train_2.predict)=79.07%
[ 2019-12-18 10:32:50,403][kfold_wrapper.log_eval_metrics] Accuracy(layer_0 - estimator_0 - 3_folds.train_cv.predict)=81.01%
[ 2019-12-18 10:32:50,404][kfold_wrapper.log_eval_metrics] Accuracy(layer_0 - estimator_0 - 3_folds.test.predict)=85.06%
[ 2019-12-18 10:32:52,875][kfold_wrapper.log_eval_metrics] Accuracy(layer_0 - estimator_1 - 3_folds.train_0.predict)=83.33%
[ 2019-12-18 10:32:55,630][kfold_wrapper.log_eval_metrics] Accuracy(layer_0 - estimator_1 - 3_folds.train_1.predict)=77.52%
[ 2019-12-18 10:32:58,520][kfold_wrapper.log_eval_metrics] Accuracy(layer_0 - estimator_1 - 3_folds.train_2.predict)=83.72%
[ 2019-12-18 10:32:58,850][kfold_wrapper.log_eval_metrics] Accuracy(layer_0 - estimator_1 - 3_folds.train_cv.predict)=81.52%
[ 2019-12-18 10:32:58,851][kfold_wrapper.log_eval_metrics] Accuracy(layer_0 - estimator_1 - 3_folds.test.predict)=83.91%
[ 2019-12-18 10:33:06,412][kfold_wrapper.log_eval_metrics] Accuracy(layer_0 - estimator_2 - 3_folds.train_0.predict)=77.91%
[ 2019-12-18 10:33:14,082][kfold_wrapper.log_eval_metrics] Accuracy(layer_0 - estimator_2 - 3_folds.train_1.predict)=78.29%
[ 2019-12-18 10:33:21,829][kfold_wrapper.log_eval_metrics] Accuracy(layer_0 - estimator_2 - 3_folds.train_2.predict)=82.95%
[ 2019-12-18 10:33:21,952][kfold_wrapper.log_eval_metrics] Accuracy(layer_0 - estimator_2 - 3_folds.train_cv.predict)=79.72%
[ 2019-12-18 10:33:21,952][kfold_wrapper.log_eval_metrics] Accuracy(layer_0 - estimator_2 - 3_folds.test.predict)=83.91%
[ 2019-12-18 10:33:23,520][kfold_wrapper.log_eval_metrics] Accuracy(layer_0 - estimator_3 - 3_folds.train_0.predict)=82.95%
[ 2019-12-18 10:33:24,989][kfold_wrapper.log_eval_metrics] Accuracy(layer_0 - estimator_3 - 3_folds.train_1.predict)=82.56%
[ 2019-12-18 10:33:26,519][kfold_wrapper.log_eval_metrics] Accuracy(layer_0 - estimator_3 - 3_folds.train_2.predict)=79.46%
[ 2019-12-18 10:33:26,521][kfold_wrapper.log_eval_metrics] Accuracy(layer_0 - estimator_3 - 3_folds.train_cv.predict)=81.65%
[ 2019-12-18 10:33:26,521][kfold_wrapper.log_eval_metrics] Accuracy(layer_0 - estimator_3 - 3_folds.test.predict)=78.16%
[ 2019-12-18 10:33:26,522][cascade_classifier.calc_accuracy] Accuracy(layer_0 - train.classifier_average)=81.91%
[ 2019-12-18 10:33:26,522][cascade_classifier.calc_accuracy] Accuracy(layer_0 - test.classifier_average)=83.91%
[ 2019-12-18 10:33:26,525][cascade_classifier.fit_transform] [layer=1] look_indexs=[0], X_cur_train.shape=(774, 366), X_cur_test.shape=(87, 366)
[ 2019-12-18 10:33:28,813][kfold_wrapper.log_eval_metrics] Accuracy(layer_1 - estimator_0 - 3_folds.train_0.predict)=81.40%
[ 2019-12-18 10:33:31,495][kfold_wrapper.log_eval_metrics] Accuracy(layer_1 - estimator_0 - 3_folds.train_1.predict)=80.23%
[ 2019-12-18 10:33:34,081][kfold_wrapper.log_eval_metrics] Accuracy(layer_1 - estimator_0 - 3_folds.train_2.predict)=83.33%
[ 2019-12-18 10:33:34,390][kfold_wrapper.log_eval_metrics] Accuracy(layer_1 - estimator_0 - 3_folds.train_cv.predict)=81.65%
[ 2019-12-18 10:33:34,391][kfold_wrapper.log_eval_metrics] Accuracy(layer_1 - estimator_0 - 3_folds.test.predict)=82.76%
[ 2019-12-18 10:33:36,855][kfold_wrapper.log_eval_metrics] Accuracy(layer_1 - estimator_1 - 3_folds.train_0.predict)=86.43%
[ 2019-12-18 10:33:39,725][kfold_wrapper.log_eval_metrics] Accuracy(layer_1 - estimator_1 - 3_folds.train_1.predict)=81.40%
[ 2019-12-18 10:33:42,487][kfold_wrapper.log_eval_metrics] Accuracy(layer_1 - estimator_1 - 3_folds.train_2.predict)=79.84%
[ 2019-12-18 10:33:42,796][kfold_wrapper.log_eval_metrics] Accuracy(layer_1 - estimator_1 - 3_folds.train_cv.predict)=82.56%
[ 2019-12-18 10:33:42,796][kfold_wrapper.log_eval_metrics] Accuracy(layer_1 - estimator_1 - 3_folds.test.predict)=83.91%
[ 2019-12-18 10:33:50,540][kfold_wrapper.log_eval_metrics] Accuracy(layer_1 - estimator_2 - 3_folds.train_0.predict)=82.17%
[ 2019-12-18 10:33:58,345][kfold_wrapper.log_eval_metrics] Accuracy(layer_1 - estimator_2 - 3_folds.train_1.predict)=81.40%
[ 2019-12-18 10:34:06,271][kfold_wrapper.log_eval_metrics] Accuracy(layer_1 - estimator_2 - 3_folds.train_2.predict)=80.23%
[ 2019-12-18 10:34:06,394][kfold_wrapper.log_eval_metrics] Accuracy(layer_1 - estimator_2 - 3_folds.train_cv.predict)=81.27%
[ 2019-12-18 10:34:06,394][kfold_wrapper.log_eval_metrics] Accuracy(layer_1 - estimator_2 - 3_folds.test.predict)=82.76%
[ 2019-12-18 10:34:07,917][kfold_wrapper.log_eval_metrics] Accuracy(layer_1 - estimator_3 - 3_folds.train_0.predict)=83.33%
[ 2019-12-18 10:34:09,419][kfold_wrapper.log_eval_metrics] Accuracy(layer_1 - estimator_3 - 3_folds.train_1.predict)=78.68%
[ 2019-12-18 10:34:10,965][kfold_wrapper.log_eval_metrics] Accuracy(layer_1 - estimator_3 - 3_folds.train_2.predict)=81.01%
[ 2019-12-18 10:34:10,967][kfold_wrapper.log_eval_metrics] Accuracy(layer_1 - estimator_3 - 3_folds.train_cv.predict)=81.01%
[ 2019-12-18 10:34:10,968][kfold_wrapper.log_eval_metrics] Accuracy(layer_1 - estimator_3 - 3_folds.test.predict)=81.61%
[ 2019-12-18 10:34:10,968][cascade_classifier.calc_accuracy] Accuracy(layer_1 - train.classifier_average)=81.78%
[ 2019-12-18 10:34:10,968][cascade_classifier.calc_accuracy] Accuracy(layer_1 - test.classifier_average)=81.61%
[ 2019-12-18 10:34:10,970][cascade_classifier.fit_transform] [layer=2] look_indexs=[0], X_cur_train.shape=(774, 366), X_cur_test.shape=(87, 366)
[ 2019-12-18 10:34:13,268][kfold_wrapper.log_eval_metrics] Accuracy(layer_2 - estimator_0 - 3_folds.train_0.predict)=83.33%
[ 2019-12-18 10:34:15,949][kfold_wrapper.log_eval_metrics] Accuracy(layer_2 - estimator_0 - 3_folds.train_1.predict)=81.01%
[ 2019-12-18 10:34:18,560][kfold_wrapper.log_eval_metrics] Accuracy(layer_2 - estimator_0 - 3_folds.train_2.predict)=84.88%
[ 2019-12-18 10:34:18,879][kfold_wrapper.log_eval_metrics] Accuracy(layer_2 - estimator_0 - 3_folds.train_cv.predict)=83.07%
[ 2019-12-18 10:34:18,880][kfold_wrapper.log_eval_metrics] Accuracy(layer_2 - estimator_0 - 3_folds.test.predict)=81.61%
[ 2019-12-18 10:34:21,408][kfold_wrapper.log_eval_metrics] Accuracy(layer_2 - estimator_1 - 3_folds.train_0.predict)=82.17%
[ 2019-12-18 10:34:24,282][kfold_wrapper.log_eval_metrics] Accuracy(layer_2 - estimator_1 - 3_folds.train_1.predict)=81.40%
[ 2019-12-18 10:34:27,134][kfold_wrapper.log_eval_metrics] Accuracy(layer_2 - estimator_1 - 3_folds.train_2.predict)=81.78%
[ 2019-12-18 10:34:27,543][kfold_wrapper.log_eval_metrics] Accuracy(layer_2 - estimator_1 - 3_folds.train_cv.predict)=81.78%
[ 2019-12-18 10:34:27,544][kfold_wrapper.log_eval_metrics] Accuracy(layer_2 - estimator_1 - 3_folds.test.predict)=83.91%
[ 2019-12-18 10:34:35,228][kfold_wrapper.log_eval_metrics] Accuracy(layer_2 - estimator_2 - 3_folds.train_0.predict)=77.91%
[ 2019-12-18 10:34:43,296][kfold_wrapper.log_eval_metrics] Accuracy(layer_2 - estimator_2 - 3_folds.train_1.predict)=80.62%
[ 2019-12-18 10:34:51,074][kfold_wrapper.log_eval_metrics] Accuracy(layer_2 - estimator_2 - 3_folds.train_2.predict)=82.17%
[ 2019-12-18 10:34:51,190][kfold_wrapper.log_eval_metrics] Accuracy(layer_2 - estimator_2 - 3_folds.train_cv.predict)=80.23%
[ 2019-12-18 10:34:51,191][kfold_wrapper.log_eval_metrics] Accuracy(layer_2 - estimator_2 - 3_folds.test.predict)=83.91%
[ 2019-12-18 10:34:52,802][kfold_wrapper.log_eval_metrics] Accuracy(layer_2 - estimator_3 - 3_folds.train_0.predict)=81.40%
[ 2019-12-18 10:34:54,296][kfold_wrapper.log_eval_metrics] Accuracy(layer_2 - estimator_3 - 3_folds.train_1.predict)=79.07%
[ 2019-12-18 10:34:55,809][kfold_wrapper.log_eval_metrics] Accuracy(layer_2 - estimator_3 - 3_folds.train_2.predict)=84.11%
[ 2019-12-18 10:34:55,813][kfold_wrapper.log_eval_metrics] Accuracy(layer_2 - estimator_3 - 3_folds.train_cv.predict)=81.52%
[ 2019-12-18 10:34:55,813][kfold_wrapper.log_eval_metrics] Accuracy(layer_2 - estimator_3 - 3_folds.test.predict)=83.91%
[ 2019-12-18 10:34:55,814][cascade_classifier.calc_accuracy] Accuracy(layer_2 - train.classifier_average)=82.56%
[ 2019-12-18 10:34:55,814][cascade_classifier.calc_accuracy] Accuracy(layer_2 - test.classifier_average)=83.91%
[ 2019-12-18 10:34:55,816][cascade_classifier.fit_transform] [layer=3] look_indexs=[0], X_cur_train.shape=(774, 366), X_cur_test.shape=(87, 366)
[ 2019-12-18 10:34:58,115][kfold_wrapper.log_eval_metrics] Accuracy(layer_3 - estimator_0 - 3_folds.train_0.predict)=77.91%
[ 2019-12-18 10:35:00,719][kfold_wrapper.log_eval_metrics] Accuracy(layer_3 - estimator_0 - 3_folds.train_1.predict)=84.50%
[ 2019-12-18 10:35:03,329][kfold_wrapper.log_eval_metrics] Accuracy(layer_3 - estimator_0 - 3_folds.train_2.predict)=82.56%
[ 2019-12-18 10:35:03,643][kfold_wrapper.log_eval_metrics] Accuracy(layer_3 - estimator_0 - 3_folds.train_cv.predict)=81.65%
[ 2019-12-18 10:35:03,644][kfold_wrapper.log_eval_metrics] Accuracy(layer_3 - estimator_0 - 3_folds.test.predict)=83.91%
[ 2019-12-18 10:35:06,207][kfold_wrapper.log_eval_metrics] Accuracy(layer_3 - estimator_1 - 3_folds.train_0.predict)=82.95%
[ 2019-12-18 10:35:09,179][kfold_wrapper.log_eval_metrics] Accuracy(layer_3 - estimator_1 - 3_folds.train_1.predict)=81.78%
[ 2019-12-18 10:35:11,939][kfold_wrapper.log_eval_metrics] Accuracy(layer_3 - estimator_1 - 3_folds.train_2.predict)=80.23%
[ 2019-12-18 10:35:12,247][kfold_wrapper.log_eval_metrics] Accuracy(layer_3 - estimator_1 - 3_folds.train_cv.predict)=81.65%
[ 2019-12-18 10:35:12,247][kfold_wrapper.log_eval_metrics] Accuracy(layer_3 - estimator_1 - 3_folds.test.predict)=82.76%
[ 2019-12-18 10:35:20,053][kfold_wrapper.log_eval_metrics] Accuracy(layer_3 - estimator_2 - 3_folds.train_0.predict)=84.88%
[ 2019-12-18 10:35:27,917][kfold_wrapper.log_eval_metrics] Accuracy(layer_3 - estimator_2 - 3_folds.train_1.predict)=80.23%
[ 2019-12-18 10:35:35,756][kfold_wrapper.log_eval_metrics] Accuracy(layer_3 - estimator_2 - 3_folds.train_2.predict)=81.01%
[ 2019-12-18 10:35:35,887][kfold_wrapper.log_eval_metrics] Accuracy(layer_3 - estimator_2 - 3_folds.train_cv.predict)=82.04%
[ 2019-12-18 10:35:35,888][kfold_wrapper.log_eval_metrics] Accuracy(layer_3 - estimator_2 - 3_folds.test.predict)=81.61%
[ 2019-12-18 10:35:37,489][kfold_wrapper.log_eval_metrics] Accuracy(layer_3 - estimator_3 - 3_folds.train_0.predict)=79.46%
[ 2019-12-18 10:35:38,923][kfold_wrapper.log_eval_metrics] Accuracy(layer_3 - estimator_3 - 3_folds.train_1.predict)=79.84%
[ 2019-12-18 10:35:40,488][kfold_wrapper.log_eval_metrics] Accuracy(layer_3 - estimator_3 - 3_folds.train_2.predict)=82.56%
[ 2019-12-18 10:35:40,490][kfold_wrapper.log_eval_metrics] Accuracy(layer_3 - estimator_3 - 3_folds.train_cv.predict)=80.62%
[ 2019-12-18 10:35:40,490][kfold_wrapper.log_eval_metrics] Accuracy(layer_3 - estimator_3 - 3_folds.test.predict)=83.91%
[ 2019-12-18 10:35:40,491][cascade_classifier.calc_accuracy] Accuracy(layer_3 - train.classifier_average)=81.91%
[ 2019-12-18 10:35:40,492][cascade_classifier.calc_accuracy] Accuracy(layer_3 - test.classifier_average)=81.61%
[ 2019-12-18 10:35:40,494][cascade_classifier.fit_transform] [layer=4] look_indexs=[0], X_cur_train.shape=(774, 366), X_cur_test.shape=(87, 366)
[ 2019-12-18 10:35:42,770][kfold_wrapper.log_eval_metrics] Accuracy(layer_4 - estimator_0 - 3_folds.train_0.predict)=80.62%
[ 2019-12-18 10:35:45,368][kfold_wrapper.log_eval_metrics] Accuracy(layer_4 - estimator_0 - 3_folds.train_1.predict)=86.43%
[ 2019-12-18 10:35:48,177][kfold_wrapper.log_eval_metrics] Accuracy(layer_4 - estimator_0 - 3_folds.train_2.predict)=79.84%
[ 2019-12-18 10:35:48,488][kfold_wrapper.log_eval_metrics] Accuracy(layer_4 - estimator_0 - 3_folds.train_cv.predict)=82.30%
[ 2019-12-18 10:35:48,489][kfold_wrapper.log_eval_metrics] Accuracy(layer_4 - estimator_0 - 3_folds.test.predict)=80.46%
[ 2019-12-18 10:35:50,959][kfold_wrapper.log_eval_metrics] Accuracy(layer_4 - estimator_1 - 3_folds.train_0.predict)=82.56%
[ 2019-12-18 10:35:53,839][kfold_wrapper.log_eval_metrics] Accuracy(layer_4 - estimator_1 - 3_folds.train_1.predict)=79.07%
[ 2019-12-18 10:35:56,602][kfold_wrapper.log_eval_metrics] Accuracy(layer_4 - estimator_1 - 3_folds.train_2.predict)=82.56%
[ 2019-12-18 10:35:56,909][kfold_wrapper.log_eval_metrics] Accuracy(layer_4 - estimator_1 - 3_folds.train_cv.predict)=81.40%
[ 2019-12-18 10:35:56,909][kfold_wrapper.log_eval_metrics] Accuracy(layer_4 - estimator_1 - 3_folds.test.predict)=81.61%
[ 2019-12-18 10:36:04,748][kfold_wrapper.log_eval_metrics] Accuracy(layer_4 - estimator_2 - 3_folds.train_0.predict)=82.17%
[ 2019-12-18 10:36:12,609][kfold_wrapper.log_eval_metrics] Accuracy(layer_4 - estimator_2 - 3_folds.train_1.predict)=82.95%
[ 2019-12-18 10:36:20,438][kfold_wrapper.log_eval_metrics] Accuracy(layer_4 - estimator_2 - 3_folds.train_2.predict)=78.68%
[ 2019-12-18 10:36:20,567][kfold_wrapper.log_eval_metrics] Accuracy(layer_4 - estimator_2 - 3_folds.train_cv.predict)=81.27%
[ 2019-12-18 10:36:20,567][kfold_wrapper.log_eval_metrics] Accuracy(layer_4 - estimator_2 - 3_folds.test.predict)=80.46%
[ 2019-12-18 10:36:22,059][kfold_wrapper.log_eval_metrics] Accuracy(layer_4 - estimator_3 - 3_folds.train_0.predict)=78.29%
[ 2019-12-18 10:36:23,566][kfold_wrapper.log_eval_metrics] Accuracy(layer_4 - estimator_3 - 3_folds.train_1.predict)=82.56%
[ 2019-12-18 10:36:25,131][kfold_wrapper.log_eval_metrics] Accuracy(layer_4 - estimator_3 - 3_folds.train_2.predict)=83.33%
[ 2019-12-18 10:36:25,134][kfold_wrapper.log_eval_metrics] Accuracy(layer_4 - estimator_3 - 3_folds.train_cv.predict)=81.40%
[ 2019-12-18 10:36:25,134][kfold_wrapper.log_eval_metrics] Accuracy(layer_4 - estimator_3 - 3_folds.test.predict)=81.61%
[ 2019-12-18 10:36:25,134][cascade_classifier.calc_accuracy] Accuracy(layer_4 - train.classifier_average)=81.91%
[ 2019-12-18 10:36:25,135][cascade_classifier.calc_accuracy] Accuracy(layer_4 - test.classifier_average)=81.61%
[ 2019-12-18 10:36:25,137][cascade_classifier.fit_transform] [layer=5] look_indexs=[0], X_cur_train.shape=(774, 366), X_cur_test.shape=(87, 366)
[ 2019-12-18 10:36:27,415][kfold_wrapper.log_eval_metrics] Accuracy(layer_5 - estimator_0 - 3_folds.train_0.predict)=83.33%
[ 2019-12-18 10:36:30,087][kfold_wrapper.log_eval_metrics] Accuracy(layer_5 - estimator_0 - 3_folds.train_1.predict)=81.01%
[ 2019-12-18 10:36:32,685][kfold_wrapper.log_eval_metrics] Accuracy(layer_5 - estimator_0 - 3_folds.train_2.predict)=83.72%
[ 2019-12-18 10:36:32,995][kfold_wrapper.log_eval_metrics] Accuracy(layer_5 - estimator_0 - 3_folds.train_cv.predict)=82.69%
[ 2019-12-18 10:36:32,996][kfold_wrapper.log_eval_metrics] Accuracy(layer_5 - estimator_0 - 3_folds.test.predict)=80.46%
[ 2019-12-18 10:36:35,462][kfold_wrapper.log_eval_metrics] Accuracy(layer_5 - estimator_1 - 3_folds.train_0.predict)=80.62%
[ 2019-12-18 10:36:38,334][kfold_wrapper.log_eval_metrics] Accuracy(layer_5 - estimator_1 - 3_folds.train_1.predict)=82.17%
[ 2019-12-18 10:36:41,122][kfold_wrapper.log_eval_metrics] Accuracy(layer_5 - estimator_1 - 3_folds.train_2.predict)=82.17%
[ 2019-12-18 10:36:41,428][kfold_wrapper.log_eval_metrics] Accuracy(layer_5 - estimator_1 - 3_folds.train_cv.predict)=81.65%
[ 2019-12-18 10:36:41,429][kfold_wrapper.log_eval_metrics] Accuracy(layer_5 - estimator_1 - 3_folds.test.predict)=80.46%
[ 2019-12-18 10:36:49,233][kfold_wrapper.log_eval_metrics] Accuracy(layer_5 - estimator_2 - 3_folds.train_0.predict)=79.84%
[ 2019-12-18 10:36:57,223][kfold_wrapper.log_eval_metrics] Accuracy(layer_5 - estimator_2 - 3_folds.train_1.predict)=85.66%
[ 2019-12-18 10:37:05,313][kfold_wrapper.log_eval_metrics] Accuracy(layer_5 - estimator_2 - 3_folds.train_2.predict)=79.07%
[ 2019-12-18 10:37:05,452][kfold_wrapper.log_eval_metrics] Accuracy(layer_5 - estimator_2 - 3_folds.train_cv.predict)=81.52%
[ 2019-12-18 10:37:05,452][kfold_wrapper.log_eval_metrics] Accuracy(layer_5 - estimator_2 - 3_folds.test.predict)=81.61%
[ 2019-12-18 10:37:07,316][kfold_wrapper.log_eval_metrics] Accuracy(layer_5 - estimator_3 - 3_folds.train_0.predict)=83.72%
[ 2019-12-18 10:37:08,799][kfold_wrapper.log_eval_metrics] Accuracy(layer_5 - estimator_3 - 3_folds.train_1.predict)=81.78%
[ 2019-12-18 10:37:10,526][kfold_wrapper.log_eval_metrics] Accuracy(layer_5 - estimator_3 - 3_folds.train_2.predict)=78.68%
[ 2019-12-18 10:37:10,528][kfold_wrapper.log_eval_metrics] Accuracy(layer_5 - estimator_3 - 3_folds.train_cv.predict)=81.40%
[ 2019-12-18 10:37:10,529][kfold_wrapper.log_eval_metrics] Accuracy(layer_5 - estimator_3 - 3_folds.test.predict)=82.76%
[ 2019-12-18 10:37:10,529][cascade_classifier.calc_accuracy] Accuracy(layer_5 - train.classifier_average)=82.17%
[ 2019-12-18 10:37:10,529][cascade_classifier.calc_accuracy] Accuracy(layer_5 - test.classifier_average)=81.61%
[ 2019-12-18 10:37:10,529][cascade_classifier.fit_transform] [Result][Optimal Level Detected] opt_layer_num=3, accuracy_train=82.56%, accuracy_test=83.91%
[ 2019-12-18 10:37:10,567][cascade_classifier.transform] X_groups_test.shape=[(87, 358)]
[ 2019-12-18 10:37:10,568][cascade_classifier.transform] group_dims=[358]
[ 2019-12-18 10:37:10,568][cascade_classifier.transform] X_test.shape=(87, 358)
[ 2019-12-18 10:37:10,568][cascade_classifier.transform] [layer=0] look_indexs=[0], X_cur_test.shape=(87, 358)
[ 2019-12-18 10:37:13,045][cascade_classifier.transform] [layer=1] look_indexs=[0], X_cur_test.shape=(87, 366)
[ 2019-12-18 10:37:15,726][cascade_classifier.transform] [layer=2] look_indexs=[0], X_cur_test.shape=(87, 366)
[ 2019-12-18 10:37:18,096][cascade_classifier.transform] X_groups_test.shape=[(87, 358)]
[ 2019-12-18 10:37:18,097][cascade_classifier.transform] group_dims=[358]
[ 2019-12-18 10:37:18,097][cascade_classifier.transform] X_test.shape=(87, 358)
[ 2019-12-18 10:37:18,097][cascade_classifier.transform] [layer=0] look_indexs=[0], X_cur_test.shape=(87, 358)
[ 2019-12-18 10:37:20,677][cascade_classifier.transform] [layer=1] look_indexs=[0], X_cur_test.shape=(87, 366)
[ 2019-12-18 10:37:22,923][cascade_classifier.transform] [layer=2] look_indexs=[0], X_cur_test.shape=(87, 366)
[ 2019-12-18 10:37:25,194][cascade_classifier.fit_transform] X_groups_train.shape=[(774, 358)],y_train.shape=(774,),X_groups_test.shape=[(87, 358)],y_test.shape=(87,)
[ 2019-12-18 10:37:25,195][cascade_classifier.fit_transform] group_dims=[358]
[ 2019-12-18 10:37:25,195][cascade_classifier.fit_transform] group_starts=[0]
[ 2019-12-18 10:37:25,195][cascade_classifier.fit_transform] group_ends=[358]
[ 2019-12-18 10:37:25,196][cascade_classifier.fit_transform] X_train.shape=(774, 358),X_test.shape=(87, 358)
[ 2019-12-18 10:37:25,198][cascade_classifier.fit_transform] [layer=0] look_indexs=[0], X_cur_train.shape=(774, 358), X_cur_test.shape=(87, 358)
[ 2019-12-18 10:37:27,481][kfold_wrapper.log_eval_metrics] Accuracy(layer_0 - estimator_0 - 3_folds.train_0.predict)=81.78%
[ 2019-12-18 10:37:30,157][kfold_wrapper.log_eval_metrics] Accuracy(layer_0 - estimator_0 - 3_folds.train_1.predict)=82.17%
[ 2019-12-18 10:37:33,090][kfold_wrapper.log_eval_metrics] Accuracy(layer_0 - estimator_0 - 3_folds.train_2.predict)=79.07%
[ 2019-12-18 10:37:33,499][kfold_wrapper.log_eval_metrics] Accuracy(layer_0 - estimator_0 - 3_folds.train_cv.predict)=81.01%
[ 2019-12-18 10:37:33,500][kfold_wrapper.log_eval_metrics] Accuracy(layer_0 - estimator_0 - 3_folds.test.predict)=85.06%
[ 2019-12-18 10:37:36,224][kfold_wrapper.log_eval_metrics] Accuracy(layer_0 - estimator_1 - 3_folds.train_0.predict)=83.33%
[ 2019-12-18 10:37:39,510][kfold_wrapper.log_eval_metrics] Accuracy(layer_0 - estimator_1 - 3_folds.train_1.predict)=77.52%
[ 2019-12-18 10:37:42,719][kfold_wrapper.log_eval_metrics] Accuracy(layer_0 - estimator_1 - 3_folds.train_2.predict)=83.72%
[ 2019-12-18 10:37:43,129][kfold_wrapper.log_eval_metrics] Accuracy(layer_0 - estimator_1 - 3_folds.train_cv.predict)=81.52%
[ 2019-12-18 10:37:43,129][kfold_wrapper.log_eval_metrics] Accuracy(layer_0 - estimator_1 - 3_folds.test.predict)=83.91%
[ 2019-12-18 10:37:51,152][kfold_wrapper.log_eval_metrics] Accuracy(layer_0 - estimator_2 - 3_folds.train_0.predict)=77.91%
