[ 2019-12-15 14:23:04,781][cascade_classifier.fit_transform] X_groups_train.shape=[(774, 358)],y_train.shape=(774,),X_groups_test.shape=[(87, 358)],y_test.shape=(87,)
[ 2019-12-15 14:23:04,782][cascade_classifier.fit_transform] group_dims=[358]
[ 2019-12-15 14:23:04,783][cascade_classifier.fit_transform] group_starts=[0]
[ 2019-12-15 14:23:04,783][cascade_classifier.fit_transform] group_ends=[358]
[ 2019-12-15 14:23:04,783][cascade_classifier.fit_transform] X_train.shape=(774, 358),X_test.shape=(87, 358)
[ 2019-12-15 14:23:04,785][cascade_classifier.fit_transform] [layer=0] look_indexs=[0], X_cur_train.shape=(774, 358), X_cur_test.shape=(87, 358)
[ 2019-12-15 14:23:07,481][kfold_wrapper.log_eval_metrics] Accuracy(layer_0 - estimator_0 - 5_folds.train_0.predict)=80.77%
[ 2019-12-15 14:23:10,539][kfold_wrapper.log_eval_metrics] Accuracy(layer_0 - estimator_0 - 5_folds.train_1.predict)=80.00%
[ 2019-12-15 14:23:13,401][kfold_wrapper.log_eval_metrics] Accuracy(layer_0 - estimator_0 - 5_folds.train_2.predict)=86.45%
[ 2019-12-15 14:23:16,247][kfold_wrapper.log_eval_metrics] Accuracy(layer_0 - estimator_0 - 5_folds.train_3.predict)=81.82%
[ 2019-12-15 14:23:19,259][kfold_wrapper.log_eval_metrics] Accuracy(layer_0 - estimator_0 - 5_folds.train_4.predict)=78.57%
[ 2019-12-15 14:23:19,576][kfold_wrapper.log_eval_metrics] Accuracy(layer_0 - estimator_0 - 5_folds.train_cv.predict)=81.52%
[ 2019-12-15 14:23:19,577][kfold_wrapper.log_eval_metrics] Accuracy(layer_0 - estimator_0 - 5_folds.test.predict)=87.36%
[ 2019-12-15 14:23:21,835][kfold_wrapper.log_eval_metrics] Accuracy(layer_0 - estimator_1 - 5_folds.train_0.predict)=82.69%
[ 2019-12-15 14:23:24,289][kfold_wrapper.log_eval_metrics] Accuracy(layer_0 - estimator_1 - 5_folds.train_1.predict)=80.00%
[ 2019-12-15 14:23:26,739][kfold_wrapper.log_eval_metrics] Accuracy(layer_0 - estimator_1 - 5_folds.train_2.predict)=80.65%
[ 2019-12-15 14:23:29,158][kfold_wrapper.log_eval_metrics] Accuracy(layer_0 - estimator_1 - 5_folds.train_3.predict)=86.36%
[ 2019-12-15 14:23:31,631][kfold_wrapper.log_eval_metrics] Accuracy(layer_0 - estimator_1 - 5_folds.train_4.predict)=77.92%
[ 2019-12-15 14:23:31,957][kfold_wrapper.log_eval_metrics] Accuracy(layer_0 - estimator_1 - 5_folds.train_cv.predict)=81.52%
[ 2019-12-15 14:23:31,957][kfold_wrapper.log_eval_metrics] Accuracy(layer_0 - estimator_1 - 5_folds.test.predict)=87.36%
[ 2019-12-15 14:23:40,090][kfold_wrapper.log_eval_metrics] Accuracy(layer_0 - estimator_2 - 5_folds.train_0.predict)=77.56%
[ 2019-12-15 14:23:48,167][kfold_wrapper.log_eval_metrics] Accuracy(layer_0 - estimator_2 - 5_folds.train_1.predict)=81.94%
[ 2019-12-15 14:23:56,408][kfold_wrapper.log_eval_metrics] Accuracy(layer_0 - estimator_2 - 5_folds.train_2.predict)=82.58%
[ 2019-12-15 14:24:04,586][kfold_wrapper.log_eval_metrics] Accuracy(layer_0 - estimator_2 - 5_folds.train_3.predict)=80.52%
[ 2019-12-15 14:24:12,760][kfold_wrapper.log_eval_metrics] Accuracy(layer_0 - estimator_2 - 5_folds.train_4.predict)=79.87%
[ 2019-12-15 14:24:12,866][kfold_wrapper.log_eval_metrics] Accuracy(layer_0 - estimator_2 - 5_folds.train_cv.predict)=80.49%
[ 2019-12-15 14:24:12,866][kfold_wrapper.log_eval_metrics] Accuracy(layer_0 - estimator_2 - 5_folds.test.predict)=83.91%
[ 2019-12-15 14:24:14,667][kfold_wrapper.log_eval_metrics] Accuracy(layer_0 - estimator_3 - 5_folds.train_0.predict)=84.62%
[ 2019-12-15 14:24:16,371][kfold_wrapper.log_eval_metrics] Accuracy(layer_0 - estimator_3 - 5_folds.train_1.predict)=81.29%
[ 2019-12-15 14:24:18,062][kfold_wrapper.log_eval_metrics] Accuracy(layer_0 - estimator_3 - 5_folds.train_2.predict)=81.29%
[ 2019-12-15 14:24:19,779][kfold_wrapper.log_eval_metrics] Accuracy(layer_0 - estimator_3 - 5_folds.train_3.predict)=75.32%
[ 2019-12-15 14:24:21,525][kfold_wrapper.log_eval_metrics] Accuracy(layer_0 - estimator_3 - 5_folds.train_4.predict)=83.12%
[ 2019-12-15 14:24:21,526][kfold_wrapper.log_eval_metrics] Accuracy(layer_0 - estimator_3 - 5_folds.train_cv.predict)=81.14%
[ 2019-12-15 14:24:21,527][kfold_wrapper.log_eval_metrics] Accuracy(layer_0 - estimator_3 - 5_folds.test.predict)=87.36%
[ 2019-12-15 14:24:21,527][cascade_classifier.calc_accuracy] Accuracy(layer_0 - train.classifier_average)=82.17%
[ 2019-12-15 14:24:21,527][cascade_classifier.calc_accuracy] Accuracy(layer_0 - test.classifier_average)=87.36%
[ 2019-12-15 14:24:21,529][cascade_classifier.fit_transform] [layer=1] look_indexs=[0], X_cur_train.shape=(774, 366), X_cur_test.shape=(87, 366)
[ 2019-12-15 14:24:23,875][kfold_wrapper.log_eval_metrics] Accuracy(layer_1 - estimator_0 - 5_folds.train_0.predict)=81.41%
[ 2019-12-15 14:24:26,513][kfold_wrapper.log_eval_metrics] Accuracy(layer_1 - estimator_0 - 5_folds.train_1.predict)=79.35%
[ 2019-12-15 14:24:29,148][kfold_wrapper.log_eval_metrics] Accuracy(layer_1 - estimator_0 - 5_folds.train_2.predict)=85.16%
[ 2019-12-15 14:24:31,775][kfold_wrapper.log_eval_metrics] Accuracy(layer_1 - estimator_0 - 5_folds.train_3.predict)=80.52%
[ 2019-12-15 14:24:34,421][kfold_wrapper.log_eval_metrics] Accuracy(layer_1 - estimator_0 - 5_folds.train_4.predict)=79.87%
[ 2019-12-15 14:24:34,734][kfold_wrapper.log_eval_metrics] Accuracy(layer_1 - estimator_0 - 5_folds.train_cv.predict)=81.27%
[ 2019-12-15 14:24:34,735][kfold_wrapper.log_eval_metrics] Accuracy(layer_1 - estimator_0 - 5_folds.test.predict)=87.36%
[ 2019-12-15 14:24:36,785][kfold_wrapper.log_eval_metrics] Accuracy(layer_1 - estimator_1 - 5_folds.train_0.predict)=85.26%
[ 2019-12-15 14:24:39,149][kfold_wrapper.log_eval_metrics] Accuracy(layer_1 - estimator_1 - 5_folds.train_1.predict)=78.71%
[ 2019-12-15 14:24:41,514][kfold_wrapper.log_eval_metrics] Accuracy(layer_1 - estimator_1 - 5_folds.train_2.predict)=80.00%
[ 2019-12-15 14:24:43,862][kfold_wrapper.log_eval_metrics] Accuracy(layer_1 - estimator_1 - 5_folds.train_3.predict)=80.52%
[ 2019-12-15 14:24:46,349][kfold_wrapper.log_eval_metrics] Accuracy(layer_1 - estimator_1 - 5_folds.train_4.predict)=83.77%
[ 2019-12-15 14:24:46,663][kfold_wrapper.log_eval_metrics] Accuracy(layer_1 - estimator_1 - 5_folds.train_cv.predict)=81.65%
[ 2019-12-15 14:24:46,663][kfold_wrapper.log_eval_metrics] Accuracy(layer_1 - estimator_1 - 5_folds.test.predict)=87.36%
[ 2019-12-15 14:24:54,861][kfold_wrapper.log_eval_metrics] Accuracy(layer_1 - estimator_2 - 5_folds.train_0.predict)=75.64%
[ 2019-12-15 14:25:03,256][kfold_wrapper.log_eval_metrics] Accuracy(layer_1 - estimator_2 - 5_folds.train_1.predict)=83.23%
[ 2019-12-15 14:25:11,632][kfold_wrapper.log_eval_metrics] Accuracy(layer_1 - estimator_2 - 5_folds.train_2.predict)=81.94%
[ 2019-12-15 14:25:20,635][kfold_wrapper.log_eval_metrics] Accuracy(layer_1 - estimator_2 - 5_folds.train_3.predict)=82.47%
[ 2019-12-15 14:25:30,313][kfold_wrapper.log_eval_metrics] Accuracy(layer_1 - estimator_2 - 5_folds.train_4.predict)=81.17%
[ 2019-12-15 14:25:30,459][kfold_wrapper.log_eval_metrics] Accuracy(layer_1 - estimator_2 - 5_folds.train_cv.predict)=80.88%
[ 2019-12-15 14:25:30,460][kfold_wrapper.log_eval_metrics] Accuracy(layer_1 - estimator_2 - 5_folds.test.predict)=85.06%
[ 2019-12-15 14:25:32,193][kfold_wrapper.log_eval_metrics] Accuracy(layer_1 - estimator_3 - 5_folds.train_0.predict)=79.49%
[ 2019-12-15 14:25:34,114][kfold_wrapper.log_eval_metrics] Accuracy(layer_1 - estimator_3 - 5_folds.train_1.predict)=82.58%
[ 2019-12-15 14:25:35,901][kfold_wrapper.log_eval_metrics] Accuracy(layer_1 - estimator_3 - 5_folds.train_2.predict)=83.23%
[ 2019-12-15 14:25:37,810][kfold_wrapper.log_eval_metrics] Accuracy(layer_1 - estimator_3 - 5_folds.train_3.predict)=78.57%
[ 2019-12-15 14:25:40,007][kfold_wrapper.log_eval_metrics] Accuracy(layer_1 - estimator_3 - 5_folds.train_4.predict)=85.06%
[ 2019-12-15 14:25:40,009][kfold_wrapper.log_eval_metrics] Accuracy(layer_1 - estimator_3 - 5_folds.train_cv.predict)=81.78%
[ 2019-12-15 14:25:40,009][kfold_wrapper.log_eval_metrics] Accuracy(layer_1 - estimator_3 - 5_folds.test.predict)=85.06%
[ 2019-12-15 14:25:40,010][cascade_classifier.calc_accuracy] Accuracy(layer_1 - train.classifier_average)=82.30%
[ 2019-12-15 14:25:40,010][cascade_classifier.calc_accuracy] Accuracy(layer_1 - test.classifier_average)=88.51%
[ 2019-12-15 14:25:40,012][cascade_classifier.fit_transform] [layer=2] look_indexs=[0], X_cur_train.shape=(774, 366), X_cur_test.shape=(87, 366)
[ 2019-12-15 14:25:42,741][kfold_wrapper.log_eval_metrics] Accuracy(layer_2 - estimator_0 - 5_folds.train_0.predict)=78.85%
[ 2019-12-15 14:25:45,706][kfold_wrapper.log_eval_metrics] Accuracy(layer_2 - estimator_0 - 5_folds.train_1.predict)=78.06%
[ 2019-12-15 14:25:48,437][kfold_wrapper.log_eval_metrics] Accuracy(layer_2 - estimator_0 - 5_folds.train_2.predict)=85.81%
[ 2019-12-15 14:25:51,221][kfold_wrapper.log_eval_metrics] Accuracy(layer_2 - estimator_0 - 5_folds.train_3.predict)=81.82%
[ 2019-12-15 14:25:54,095][kfold_wrapper.log_eval_metrics] Accuracy(layer_2 - estimator_0 - 5_folds.train_4.predict)=81.82%
[ 2019-12-15 14:25:54,421][kfold_wrapper.log_eval_metrics] Accuracy(layer_2 - estimator_0 - 5_folds.train_cv.predict)=81.27%
[ 2019-12-15 14:25:54,421][kfold_wrapper.log_eval_metrics] Accuracy(layer_2 - estimator_0 - 5_folds.test.predict)=87.36%
[ 2019-12-15 14:25:56,614][kfold_wrapper.log_eval_metrics] Accuracy(layer_2 - estimator_1 - 5_folds.train_0.predict)=80.13%
[ 2019-12-15 14:25:59,353][kfold_wrapper.log_eval_metrics] Accuracy(layer_2 - estimator_1 - 5_folds.train_1.predict)=83.23%
[ 2019-12-15 14:26:02,058][kfold_wrapper.log_eval_metrics] Accuracy(layer_2 - estimator_1 - 5_folds.train_2.predict)=78.71%
[ 2019-12-15 14:26:04,774][kfold_wrapper.log_eval_metrics] Accuracy(layer_2 - estimator_1 - 5_folds.train_3.predict)=78.57%
[ 2019-12-15 14:26:07,251][kfold_wrapper.log_eval_metrics] Accuracy(layer_2 - estimator_1 - 5_folds.train_4.predict)=83.77%
[ 2019-12-15 14:26:07,559][kfold_wrapper.log_eval_metrics] Accuracy(layer_2 - estimator_1 - 5_folds.train_cv.predict)=80.88%
[ 2019-12-15 14:26:07,560][kfold_wrapper.log_eval_metrics] Accuracy(layer_2 - estimator_1 - 5_folds.test.predict)=88.51%
[ 2019-12-15 14:26:15,851][kfold_wrapper.log_eval_metrics] Accuracy(layer_2 - estimator_2 - 5_folds.train_0.predict)=74.36%
[ 2019-12-15 14:26:24,676][kfold_wrapper.log_eval_metrics] Accuracy(layer_2 - estimator_2 - 5_folds.train_1.predict)=78.71%
[ 2019-12-15 14:26:33,232][kfold_wrapper.log_eval_metrics] Accuracy(layer_2 - estimator_2 - 5_folds.train_2.predict)=81.29%
[ 2019-12-15 14:26:41,646][kfold_wrapper.log_eval_metrics] Accuracy(layer_2 - estimator_2 - 5_folds.train_3.predict)=83.12%
[ 2019-12-15 14:26:50,344][kfold_wrapper.log_eval_metrics] Accuracy(layer_2 - estimator_2 - 5_folds.train_4.predict)=79.87%
[ 2019-12-15 14:26:50,451][kfold_wrapper.log_eval_metrics] Accuracy(layer_2 - estimator_2 - 5_folds.train_cv.predict)=79.46%
[ 2019-12-15 14:26:50,451][kfold_wrapper.log_eval_metrics] Accuracy(layer_2 - estimator_2 - 5_folds.test.predict)=85.06%
[ 2019-12-15 14:26:52,199][kfold_wrapper.log_eval_metrics] Accuracy(layer_2 - estimator_3 - 5_folds.train_0.predict)=80.13%
[ 2019-12-15 14:26:53,929][kfold_wrapper.log_eval_metrics] Accuracy(layer_2 - estimator_3 - 5_folds.train_1.predict)=80.65%
[ 2019-12-15 14:26:55,767][kfold_wrapper.log_eval_metrics] Accuracy(layer_2 - estimator_3 - 5_folds.train_2.predict)=80.65%
[ 2019-12-15 14:26:57,548][kfold_wrapper.log_eval_metrics] Accuracy(layer_2 - estimator_3 - 5_folds.train_3.predict)=83.12%
[ 2019-12-15 14:26:59,243][kfold_wrapper.log_eval_metrics] Accuracy(layer_2 - estimator_3 - 5_folds.train_4.predict)=83.77%
[ 2019-12-15 14:26:59,245][kfold_wrapper.log_eval_metrics] Accuracy(layer_2 - estimator_3 - 5_folds.train_cv.predict)=81.65%
[ 2019-12-15 14:26:59,246][kfold_wrapper.log_eval_metrics] Accuracy(layer_2 - estimator_3 - 5_folds.test.predict)=83.91%
[ 2019-12-15 14:26:59,246][cascade_classifier.calc_accuracy] Accuracy(layer_2 - train.classifier_average)=82.04%
[ 2019-12-15 14:26:59,246][cascade_classifier.calc_accuracy] Accuracy(layer_2 - test.classifier_average)=86.21%
[ 2019-12-15 14:26:59,248][cascade_classifier.fit_transform] [layer=3] look_indexs=[0], X_cur_train.shape=(774, 366), X_cur_test.shape=(87, 366)
[ 2019-12-15 14:27:01,582][kfold_wrapper.log_eval_metrics] Accuracy(layer_3 - estimator_0 - 5_folds.train_0.predict)=80.77%
[ 2019-12-15 14:27:04,228][kfold_wrapper.log_eval_metrics] Accuracy(layer_3 - estimator_0 - 5_folds.train_1.predict)=85.16%
[ 2019-12-15 14:27:06,877][kfold_wrapper.log_eval_metrics] Accuracy(layer_3 - estimator_0 - 5_folds.train_2.predict)=80.65%
[ 2019-12-15 14:27:09,528][kfold_wrapper.log_eval_metrics] Accuracy(layer_3 - estimator_0 - 5_folds.train_3.predict)=77.92%
[ 2019-12-15 14:27:12,167][kfold_wrapper.log_eval_metrics] Accuracy(layer_3 - estimator_0 - 5_folds.train_4.predict)=81.82%
[ 2019-12-15 14:27:12,476][kfold_wrapper.log_eval_metrics] Accuracy(layer_3 - estimator_0 - 5_folds.train_cv.predict)=81.27%
[ 2019-12-15 14:27:12,477][kfold_wrapper.log_eval_metrics] Accuracy(layer_3 - estimator_0 - 5_folds.test.predict)=86.21%
[ 2019-12-15 14:27:14,632][kfold_wrapper.log_eval_metrics] Accuracy(layer_3 - estimator_1 - 5_folds.train_0.predict)=85.26%
[ 2019-12-15 14:27:17,101][kfold_wrapper.log_eval_metrics] Accuracy(layer_3 - estimator_1 - 5_folds.train_1.predict)=81.94%
[ 2019-12-15 14:27:19,474][kfold_wrapper.log_eval_metrics] Accuracy(layer_3 - estimator_1 - 5_folds.train_2.predict)=85.16%
[ 2019-12-15 14:27:21,946][kfold_wrapper.log_eval_metrics] Accuracy(layer_3 - estimator_1 - 5_folds.train_3.predict)=81.82%
[ 2019-12-15 14:27:24,394][kfold_wrapper.log_eval_metrics] Accuracy(layer_3 - estimator_1 - 5_folds.train_4.predict)=83.77%
[ 2019-12-15 14:27:24,701][kfold_wrapper.log_eval_metrics] Accuracy(layer_3 - estimator_1 - 5_folds.train_cv.predict)=83.59%
[ 2019-12-15 14:27:24,701][kfold_wrapper.log_eval_metrics] Accuracy(layer_3 - estimator_1 - 5_folds.test.predict)=88.51%
[ 2019-12-15 14:27:33,039][kfold_wrapper.log_eval_metrics] Accuracy(layer_3 - estimator_2 - 5_folds.train_0.predict)=81.41%
[ 2019-12-15 14:27:41,409][kfold_wrapper.log_eval_metrics] Accuracy(layer_3 - estimator_2 - 5_folds.train_1.predict)=77.42%
[ 2019-12-15 14:27:49,815][kfold_wrapper.log_eval_metrics] Accuracy(layer_3 - estimator_2 - 5_folds.train_2.predict)=81.29%
[ 2019-12-15 14:27:58,240][kfold_wrapper.log_eval_metrics] Accuracy(layer_3 - estimator_2 - 5_folds.train_3.predict)=79.87%
[ 2019-12-15 14:28:06,901][kfold_wrapper.log_eval_metrics] Accuracy(layer_3 - estimator_2 - 5_folds.train_4.predict)=78.57%
[ 2019-12-15 14:28:07,011][kfold_wrapper.log_eval_metrics] Accuracy(layer_3 - estimator_2 - 5_folds.train_cv.predict)=79.72%
[ 2019-12-15 14:28:07,011][kfold_wrapper.log_eval_metrics] Accuracy(layer_3 - estimator_2 - 5_folds.test.predict)=85.06%
[ 2019-12-15 14:28:08,773][kfold_wrapper.log_eval_metrics] Accuracy(layer_3 - estimator_3 - 5_folds.train_0.predict)=80.13%
[ 2019-12-15 14:28:10,487][kfold_wrapper.log_eval_metrics] Accuracy(layer_3 - estimator_3 - 5_folds.train_1.predict)=80.00%
[ 2019-12-15 14:28:12,209][kfold_wrapper.log_eval_metrics] Accuracy(layer_3 - estimator_3 - 5_folds.train_2.predict)=80.00%
[ 2019-12-15 14:28:13,929][kfold_wrapper.log_eval_metrics] Accuracy(layer_3 - estimator_3 - 5_folds.train_3.predict)=83.12%
[ 2019-12-15 14:28:15,650][kfold_wrapper.log_eval_metrics] Accuracy(layer_3 - estimator_3 - 5_folds.train_4.predict)=76.62%
[ 2019-12-15 14:28:15,651][kfold_wrapper.log_eval_metrics] Accuracy(layer_3 - estimator_3 - 5_folds.train_cv.predict)=79.97%
[ 2019-12-15 14:28:15,652][kfold_wrapper.log_eval_metrics] Accuracy(layer_3 - estimator_3 - 5_folds.test.predict)=85.06%
[ 2019-12-15 14:28:15,652][cascade_classifier.calc_accuracy] Accuracy(layer_3 - train.classifier_average)=80.23%
[ 2019-12-15 14:28:15,652][cascade_classifier.calc_accuracy] Accuracy(layer_3 - test.classifier_average)=86.21%
[ 2019-12-15 14:28:15,654][cascade_classifier.fit_transform] [layer=4] look_indexs=[0], X_cur_train.shape=(774, 366), X_cur_test.shape=(87, 366)
[ 2019-12-15 14:28:18,084][kfold_wrapper.log_eval_metrics] Accuracy(layer_4 - estimator_0 - 5_folds.train_0.predict)=83.33%
[ 2019-12-15 14:28:20,726][kfold_wrapper.log_eval_metrics] Accuracy(layer_4 - estimator_0 - 5_folds.train_1.predict)=81.94%
[ 2019-12-15 14:28:23,359][kfold_wrapper.log_eval_metrics] Accuracy(layer_4 - estimator_0 - 5_folds.train_2.predict)=83.87%
[ 2019-12-15 14:28:25,970][kfold_wrapper.log_eval_metrics] Accuracy(layer_4 - estimator_0 - 5_folds.train_3.predict)=75.97%
[ 2019-12-15 14:28:28,627][kfold_wrapper.log_eval_metrics] Accuracy(layer_4 - estimator_0 - 5_folds.train_4.predict)=82.47%
[ 2019-12-15 14:28:28,937][kfold_wrapper.log_eval_metrics] Accuracy(layer_4 - estimator_0 - 5_folds.train_cv.predict)=81.52%
[ 2019-12-15 14:28:28,938][kfold_wrapper.log_eval_metrics] Accuracy(layer_4 - estimator_0 - 5_folds.test.predict)=87.36%
[ 2019-12-15 14:28:31,107][kfold_wrapper.log_eval_metrics] Accuracy(layer_4 - estimator_1 - 5_folds.train_0.predict)=81.41%
[ 2019-12-15 14:28:33,569][kfold_wrapper.log_eval_metrics] Accuracy(layer_4 - estimator_1 - 5_folds.train_1.predict)=81.29%
[ 2019-12-15 14:28:36,015][kfold_wrapper.log_eval_metrics] Accuracy(layer_4 - estimator_1 - 5_folds.train_2.predict)=83.87%
[ 2019-12-15 14:28:38,381][kfold_wrapper.log_eval_metrics] Accuracy(layer_4 - estimator_1 - 5_folds.train_3.predict)=80.52%
[ 2019-12-15 14:28:40,848][kfold_wrapper.log_eval_metrics] Accuracy(layer_4 - estimator_1 - 5_folds.train_4.predict)=80.52%
[ 2019-12-15 14:28:41,161][kfold_wrapper.log_eval_metrics] Accuracy(layer_4 - estimator_1 - 5_folds.train_cv.predict)=81.52%
[ 2019-12-15 14:28:41,162][kfold_wrapper.log_eval_metrics] Accuracy(layer_4 - estimator_1 - 5_folds.test.predict)=88.51%
[ 2019-12-15 14:28:49,449][kfold_wrapper.log_eval_metrics] Accuracy(layer_4 - estimator_2 - 5_folds.train_0.predict)=85.26%
[ 2019-12-15 14:28:57,845][kfold_wrapper.log_eval_metrics] Accuracy(layer_4 - estimator_2 - 5_folds.train_1.predict)=85.16%
[ 2019-12-15 14:29:06,200][kfold_wrapper.log_eval_metrics] Accuracy(layer_4 - estimator_2 - 5_folds.train_2.predict)=76.13%
[ 2019-12-15 14:29:14,625][kfold_wrapper.log_eval_metrics] Accuracy(layer_4 - estimator_2 - 5_folds.train_3.predict)=79.87%
[ 2019-12-15 14:29:23,044][kfold_wrapper.log_eval_metrics] Accuracy(layer_4 - estimator_2 - 5_folds.train_4.predict)=81.82%
[ 2019-12-15 14:29:23,148][kfold_wrapper.log_eval_metrics] Accuracy(layer_4 - estimator_2 - 5_folds.train_cv.predict)=81.65%
[ 2019-12-15 14:29:23,148][kfold_wrapper.log_eval_metrics] Accuracy(layer_4 - estimator_2 - 5_folds.test.predict)=87.36%
[ 2019-12-15 14:29:24,843][kfold_wrapper.log_eval_metrics] Accuracy(layer_4 - estimator_3 - 5_folds.train_0.predict)=79.49%
[ 2019-12-15 14:29:26,568][kfold_wrapper.log_eval_metrics] Accuracy(layer_4 - estimator_3 - 5_folds.train_1.predict)=76.13%
[ 2019-12-15 14:29:28,299][kfold_wrapper.log_eval_metrics] Accuracy(layer_4 - estimator_3 - 5_folds.train_2.predict)=79.35%
[ 2019-12-15 14:29:30,028][kfold_wrapper.log_eval_metrics] Accuracy(layer_4 - estimator_3 - 5_folds.train_3.predict)=81.82%
[ 2019-12-15 14:29:31,808][kfold_wrapper.log_eval_metrics] Accuracy(layer_4 - estimator_3 - 5_folds.train_4.predict)=83.12%
[ 2019-12-15 14:29:31,809][kfold_wrapper.log_eval_metrics] Accuracy(layer_4 - estimator_3 - 5_folds.train_cv.predict)=79.97%
[ 2019-12-15 14:29:31,810][kfold_wrapper.log_eval_metrics] Accuracy(layer_4 - estimator_3 - 5_folds.test.predict)=83.91%
[ 2019-12-15 14:29:31,810][cascade_classifier.calc_accuracy] Accuracy(layer_4 - train.classifier_average)=81.01%
[ 2019-12-15 14:29:31,810][cascade_classifier.calc_accuracy] Accuracy(layer_4 - test.classifier_average)=87.36%
[ 2019-12-15 14:29:31,818][cascade_classifier.fit_transform] [layer=5] look_indexs=[0], X_cur_train.shape=(774, 366), X_cur_test.shape=(87, 366)
[ 2019-12-15 14:29:34,140][kfold_wrapper.log_eval_metrics] Accuracy(layer_5 - estimator_0 - 5_folds.train_0.predict)=77.56%
[ 2019-12-15 14:29:36,771][kfold_wrapper.log_eval_metrics] Accuracy(layer_5 - estimator_0 - 5_folds.train_1.predict)=86.45%
[ 2019-12-15 14:29:39,415][kfold_wrapper.log_eval_metrics] Accuracy(layer_5 - estimator_0 - 5_folds.train_2.predict)=81.94%
[ 2019-12-15 14:29:42,045][kfold_wrapper.log_eval_metrics] Accuracy(layer_5 - estimator_0 - 5_folds.train_3.predict)=82.47%
[ 2019-12-15 14:29:44,689][kfold_wrapper.log_eval_metrics] Accuracy(layer_5 - estimator_0 - 5_folds.train_4.predict)=78.57%
[ 2019-12-15 14:29:44,997][kfold_wrapper.log_eval_metrics] Accuracy(layer_5 - estimator_0 - 5_folds.train_cv.predict)=81.40%
[ 2019-12-15 14:29:44,998][kfold_wrapper.log_eval_metrics] Accuracy(layer_5 - estimator_0 - 5_folds.test.predict)=87.36%
[ 2019-12-15 14:29:47,204][kfold_wrapper.log_eval_metrics] Accuracy(layer_5 - estimator_1 - 5_folds.train_0.predict)=84.62%
[ 2019-12-15 14:29:49,666][kfold_wrapper.log_eval_metrics] Accuracy(layer_5 - estimator_1 - 5_folds.train_1.predict)=81.94%
[ 2019-12-15 14:29:52,037][kfold_wrapper.log_eval_metrics] Accuracy(layer_5 - estimator_1 - 5_folds.train_2.predict)=76.77%
[ 2019-12-15 14:29:54,510][kfold_wrapper.log_eval_metrics] Accuracy(layer_5 - estimator_1 - 5_folds.train_3.predict)=83.77%
[ 2019-12-15 14:29:56,978][kfold_wrapper.log_eval_metrics] Accuracy(layer_5 - estimator_1 - 5_folds.train_4.predict)=79.22%
[ 2019-12-15 14:29:57,293][kfold_wrapper.log_eval_metrics] Accuracy(layer_5 - estimator_1 - 5_folds.train_cv.predict)=81.27%
[ 2019-12-15 14:29:57,293][kfold_wrapper.log_eval_metrics] Accuracy(layer_5 - estimator_1 - 5_folds.test.predict)=88.51%
[ 2019-12-15 14:30:05,573][kfold_wrapper.log_eval_metrics] Accuracy(layer_5 - estimator_2 - 5_folds.train_0.predict)=78.21%
[ 2019-12-15 14:30:13,986][kfold_wrapper.log_eval_metrics] Accuracy(layer_5 - estimator_2 - 5_folds.train_1.predict)=81.29%
[ 2019-12-15 14:30:22,403][kfold_wrapper.log_eval_metrics] Accuracy(layer_5 - estimator_2 - 5_folds.train_2.predict)=81.94%
[ 2019-12-15 14:30:30,782][kfold_wrapper.log_eval_metrics] Accuracy(layer_5 - estimator_2 - 5_folds.train_3.predict)=79.87%
[ 2019-12-15 14:30:39,172][kfold_wrapper.log_eval_metrics] Accuracy(layer_5 - estimator_2 - 5_folds.train_4.predict)=83.12%
[ 2019-12-15 14:30:39,278][kfold_wrapper.log_eval_metrics] Accuracy(layer_5 - estimator_2 - 5_folds.train_cv.predict)=80.88%
[ 2019-12-15 14:30:39,279][kfold_wrapper.log_eval_metrics] Accuracy(layer_5 - estimator_2 - 5_folds.test.predict)=86.21%
[ 2019-12-15 14:30:40,975][kfold_wrapper.log_eval_metrics] Accuracy(layer_5 - estimator_3 - 5_folds.train_0.predict)=83.97%
[ 2019-12-15 14:30:42,810][kfold_wrapper.log_eval_metrics] Accuracy(layer_5 - estimator_3 - 5_folds.train_1.predict)=79.35%
[ 2019-12-15 14:30:44,527][kfold_wrapper.log_eval_metrics] Accuracy(layer_5 - estimator_3 - 5_folds.train_2.predict)=78.71%
[ 2019-12-15 14:30:46,315][kfold_wrapper.log_eval_metrics] Accuracy(layer_5 - estimator_3 - 5_folds.train_3.predict)=82.47%
[ 2019-12-15 14:30:48,084][kfold_wrapper.log_eval_metrics] Accuracy(layer_5 - estimator_3 - 5_folds.train_4.predict)=77.92%
[ 2019-12-15 14:30:48,086][kfold_wrapper.log_eval_metrics] Accuracy(layer_5 - estimator_3 - 5_folds.train_cv.predict)=80.49%
[ 2019-12-15 14:30:48,086][kfold_wrapper.log_eval_metrics] Accuracy(layer_5 - estimator_3 - 5_folds.test.predict)=85.06%
[ 2019-12-15 14:30:48,087][cascade_classifier.calc_accuracy] Accuracy(layer_5 - train.classifier_average)=81.01%
[ 2019-12-15 14:30:48,087][cascade_classifier.calc_accuracy] Accuracy(layer_5 - test.classifier_average)=87.36%
[ 2019-12-15 14:30:48,089][cascade_classifier.fit_transform] [layer=6] look_indexs=[0], X_cur_train.shape=(774, 366), X_cur_test.shape=(87, 366)
[ 2019-12-15 14:30:50,475][kfold_wrapper.log_eval_metrics] Accuracy(layer_6 - estimator_0 - 5_folds.train_0.predict)=77.56%
[ 2019-12-15 14:30:53,126][kfold_wrapper.log_eval_metrics] Accuracy(layer_6 - estimator_0 - 5_folds.train_1.predict)=87.10%
[ 2019-12-15 14:30:55,746][kfold_wrapper.log_eval_metrics] Accuracy(layer_6 - estimator_0 - 5_folds.train_2.predict)=86.45%
[ 2019-12-15 14:30:58,381][kfold_wrapper.log_eval_metrics] Accuracy(layer_6 - estimator_0 - 5_folds.train_3.predict)=70.78%
[ 2019-12-15 14:31:01,025][kfold_wrapper.log_eval_metrics] Accuracy(layer_6 - estimator_0 - 5_folds.train_4.predict)=77.92%
[ 2019-12-15 14:31:01,340][kfold_wrapper.log_eval_metrics] Accuracy(layer_6 - estimator_0 - 5_folds.train_cv.predict)=79.97%
[ 2019-12-15 14:31:01,341][kfold_wrapper.log_eval_metrics] Accuracy(layer_6 - estimator_0 - 5_folds.test.predict)=87.36%
[ 2019-12-15 14:31:03,508][kfold_wrapper.log_eval_metrics] Accuracy(layer_6 - estimator_1 - 5_folds.train_0.predict)=84.62%
[ 2019-12-15 14:31:05,872][kfold_wrapper.log_eval_metrics] Accuracy(layer_6 - estimator_1 - 5_folds.train_1.predict)=77.42%
[ 2019-12-15 14:31:08,248][kfold_wrapper.log_eval_metrics] Accuracy(layer_6 - estimator_1 - 5_folds.train_2.predict)=83.23%
[ 2019-12-15 14:31:10,706][kfold_wrapper.log_eval_metrics] Accuracy(layer_6 - estimator_1 - 5_folds.train_3.predict)=81.17%
[ 2019-12-15 14:31:13,059][kfold_wrapper.log_eval_metrics] Accuracy(layer_6 - estimator_1 - 5_folds.train_4.predict)=82.47%
[ 2019-12-15 14:31:13,370][kfold_wrapper.log_eval_metrics] Accuracy(layer_6 - estimator_1 - 5_folds.train_cv.predict)=81.78%
[ 2019-12-15 14:31:13,371][kfold_wrapper.log_eval_metrics] Accuracy(layer_6 - estimator_1 - 5_folds.test.predict)=87.36%
[ 2019-12-15 14:31:21,597][kfold_wrapper.log_eval_metrics] Accuracy(layer_6 - estimator_2 - 5_folds.train_0.predict)=78.21%
[ 2019-12-15 14:31:30,045][kfold_wrapper.log_eval_metrics] Accuracy(layer_6 - estimator_2 - 5_folds.train_1.predict)=77.42%
[ 2019-12-15 14:31:38,460][kfold_wrapper.log_eval_metrics] Accuracy(layer_6 - estimator_2 - 5_folds.train_2.predict)=81.29%
[ 2019-12-15 14:31:46,851][kfold_wrapper.log_eval_metrics] Accuracy(layer_6 - estimator_2 - 5_folds.train_3.predict)=81.17%
[ 2019-12-15 14:31:55,286][kfold_wrapper.log_eval_metrics] Accuracy(layer_6 - estimator_2 - 5_folds.train_4.predict)=82.47%
[ 2019-12-15 14:31:55,398][kfold_wrapper.log_eval_metrics] Accuracy(layer_6 - estimator_2 - 5_folds.train_cv.predict)=80.10%
[ 2019-12-15 14:31:55,398][kfold_wrapper.log_eval_metrics] Accuracy(layer_6 - estimator_2 - 5_folds.test.predict)=85.06%
[ 2019-12-15 14:31:57,073][kfold_wrapper.log_eval_metrics] Accuracy(layer_6 - estimator_3 - 5_folds.train_0.predict)=78.21%
[ 2019-12-15 14:31:58,777][kfold_wrapper.log_eval_metrics] Accuracy(layer_6 - estimator_3 - 5_folds.train_1.predict)=82.58%
[ 2019-12-15 14:32:00,492][kfold_wrapper.log_eval_metrics] Accuracy(layer_6 - estimator_3 - 5_folds.train_2.predict)=80.65%
[ 2019-12-15 14:32:02,237][kfold_wrapper.log_eval_metrics] Accuracy(layer_6 - estimator_3 - 5_folds.train_3.predict)=83.12%
[ 2019-12-15 14:32:03,938][kfold_wrapper.log_eval_metrics] Accuracy(layer_6 - estimator_3 - 5_folds.train_4.predict)=82.47%
[ 2019-12-15 14:32:03,939][kfold_wrapper.log_eval_metrics] Accuracy(layer_6 - estimator_3 - 5_folds.train_cv.predict)=81.40%
[ 2019-12-15 14:32:03,940][kfold_wrapper.log_eval_metrics] Accuracy(layer_6 - estimator_3 - 5_folds.test.predict)=85.06%
[ 2019-12-15 14:32:03,940][cascade_classifier.calc_accuracy] Accuracy(layer_6 - train.classifier_average)=82.56%
[ 2019-12-15 14:32:03,940][cascade_classifier.calc_accuracy] Accuracy(layer_6 - test.classifier_average)=87.36%
[ 2019-12-15 14:32:03,942][cascade_classifier.fit_transform] [layer=7] look_indexs=[0], X_cur_train.shape=(774, 366), X_cur_test.shape=(87, 366)
[ 2019-12-15 14:32:06,306][kfold_wrapper.log_eval_metrics] Accuracy(layer_7 - estimator_0 - 5_folds.train_0.predict)=77.56%
[ 2019-12-15 14:32:08,940][kfold_wrapper.log_eval_metrics] Accuracy(layer_7 - estimator_0 - 5_folds.train_1.predict)=85.16%
[ 2019-12-15 14:32:11,587][kfold_wrapper.log_eval_metrics] Accuracy(layer_7 - estimator_0 - 5_folds.train_2.predict)=81.94%
[ 2019-12-15 14:32:14,224][kfold_wrapper.log_eval_metrics] Accuracy(layer_7 - estimator_0 - 5_folds.train_3.predict)=82.47%
[ 2019-12-15 14:32:16,863][kfold_wrapper.log_eval_metrics] Accuracy(layer_7 - estimator_0 - 5_folds.train_4.predict)=80.52%
[ 2019-12-15 14:32:17,173][kfold_wrapper.log_eval_metrics] Accuracy(layer_7 - estimator_0 - 5_folds.train_cv.predict)=81.52%
[ 2019-12-15 14:32:17,174][kfold_wrapper.log_eval_metrics] Accuracy(layer_7 - estimator_0 - 5_folds.test.predict)=86.21%
[ 2019-12-15 14:32:19,329][kfold_wrapper.log_eval_metrics] Accuracy(layer_7 - estimator_1 - 5_folds.train_0.predict)=77.56%
[ 2019-12-15 14:32:21,701][kfold_wrapper.log_eval_metrics] Accuracy(layer_7 - estimator_1 - 5_folds.train_1.predict)=83.87%
[ 2019-12-15 14:32:24,205][kfold_wrapper.log_eval_metrics] Accuracy(layer_7 - estimator_1 - 5_folds.train_2.predict)=89.68%
[ 2019-12-15 14:32:26,672][kfold_wrapper.log_eval_metrics] Accuracy(layer_7 - estimator_1 - 5_folds.train_3.predict)=85.71%
[ 2019-12-15 14:32:29,134][kfold_wrapper.log_eval_metrics] Accuracy(layer_7 - estimator_1 - 5_folds.train_4.predict)=75.97%
[ 2019-12-15 14:32:29,448][kfold_wrapper.log_eval_metrics] Accuracy(layer_7 - estimator_1 - 5_folds.train_cv.predict)=82.56%
[ 2019-12-15 14:32:29,449][kfold_wrapper.log_eval_metrics] Accuracy(layer_7 - estimator_1 - 5_folds.test.predict)=86.21%
[ 2019-12-15 14:32:37,713][kfold_wrapper.log_eval_metrics] Accuracy(layer_7 - estimator_2 - 5_folds.train_0.predict)=81.41%
[ 2019-12-15 14:32:46,088][kfold_wrapper.log_eval_metrics] Accuracy(layer_7 - estimator_2 - 5_folds.train_1.predict)=77.42%
[ 2019-12-15 14:32:54,544][kfold_wrapper.log_eval_metrics] Accuracy(layer_7 - estimator_2 - 5_folds.train_2.predict)=80.65%
[ 2019-12-15 14:33:02,933][kfold_wrapper.log_eval_metrics] Accuracy(layer_7 - estimator_2 - 5_folds.train_3.predict)=81.82%
[ 2019-12-15 14:33:11,287][kfold_wrapper.log_eval_metrics] Accuracy(layer_7 - estimator_2 - 5_folds.train_4.predict)=77.92%
[ 2019-12-15 14:33:11,398][kfold_wrapper.log_eval_metrics] Accuracy(layer_7 - estimator_2 - 5_folds.train_cv.predict)=79.84%
[ 2019-12-15 14:33:11,399][kfold_wrapper.log_eval_metrics] Accuracy(layer_7 - estimator_2 - 5_folds.test.predict)=83.91%
[ 2019-12-15 14:33:13,156][kfold_wrapper.log_eval_metrics] Accuracy(layer_7 - estimator_3 - 5_folds.train_0.predict)=79.49%
[ 2019-12-15 14:33:14,896][kfold_wrapper.log_eval_metrics] Accuracy(layer_7 - estimator_3 - 5_folds.train_1.predict)=83.87%
[ 2019-12-15 14:33:16,643][kfold_wrapper.log_eval_metrics] Accuracy(layer_7 - estimator_3 - 5_folds.train_2.predict)=83.23%
[ 2019-12-15 14:33:18,365][kfold_wrapper.log_eval_metrics] Accuracy(layer_7 - estimator_3 - 5_folds.train_3.predict)=79.22%
[ 2019-12-15 14:33:20,083][kfold_wrapper.log_eval_metrics] Accuracy(layer_7 - estimator_3 - 5_folds.train_4.predict)=81.17%
[ 2019-12-15 14:33:20,085][kfold_wrapper.log_eval_metrics] Accuracy(layer_7 - estimator_3 - 5_folds.train_cv.predict)=81.40%
[ 2019-12-15 14:33:20,085][kfold_wrapper.log_eval_metrics] Accuracy(layer_7 - estimator_3 - 5_folds.test.predict)=85.06%
[ 2019-12-15 14:33:20,085][cascade_classifier.calc_accuracy] Accuracy(layer_7 - train.classifier_average)=81.91%
[ 2019-12-15 14:33:20,085][cascade_classifier.calc_accuracy] Accuracy(layer_7 - test.classifier_average)=85.06%
[ 2019-12-15 14:33:20,087][cascade_classifier.fit_transform] [layer=8] look_indexs=[0], X_cur_train.shape=(774, 366), X_cur_test.shape=(87, 366)
[ 2019-12-15 14:33:22,426][kfold_wrapper.log_eval_metrics] Accuracy(layer_8 - estimator_0 - 5_folds.train_0.predict)=82.69%
[ 2019-12-15 14:33:25,055][kfold_wrapper.log_eval_metrics] Accuracy(layer_8 - estimator_0 - 5_folds.train_1.predict)=79.35%
[ 2019-12-15 14:33:27,677][kfold_wrapper.log_eval_metrics] Accuracy(layer_8 - estimator_0 - 5_folds.train_2.predict)=85.16%
[ 2019-12-15 14:33:30,298][kfold_wrapper.log_eval_metrics] Accuracy(layer_8 - estimator_0 - 5_folds.train_3.predict)=83.77%
[ 2019-12-15 14:33:32,934][kfold_wrapper.log_eval_metrics] Accuracy(layer_8 - estimator_0 - 5_folds.train_4.predict)=80.52%
[ 2019-12-15 14:33:33,248][kfold_wrapper.log_eval_metrics] Accuracy(layer_8 - estimator_0 - 5_folds.train_cv.predict)=82.30%
[ 2019-12-15 14:33:33,249][kfold_wrapper.log_eval_metrics] Accuracy(layer_8 - estimator_0 - 5_folds.test.predict)=85.06%
[ 2019-12-15 14:33:35,317][kfold_wrapper.log_eval_metrics] Accuracy(layer_8 - estimator_1 - 5_folds.train_0.predict)=82.05%
[ 2019-12-15 14:33:37,812][kfold_wrapper.log_eval_metrics] Accuracy(layer_8 - estimator_1 - 5_folds.train_1.predict)=80.00%
[ 2019-12-15 14:33:40,274][kfold_wrapper.log_eval_metrics] Accuracy(layer_8 - estimator_1 - 5_folds.train_2.predict)=81.94%
[ 2019-12-15 14:33:42,740][kfold_wrapper.log_eval_metrics] Accuracy(layer_8 - estimator_1 - 5_folds.train_3.predict)=82.47%
[ 2019-12-15 14:33:45,212][kfold_wrapper.log_eval_metrics] Accuracy(layer_8 - estimator_1 - 5_folds.train_4.predict)=78.57%
[ 2019-12-15 14:33:45,526][kfold_wrapper.log_eval_metrics] Accuracy(layer_8 - estimator_1 - 5_folds.train_cv.predict)=81.01%
[ 2019-12-15 14:33:45,526][kfold_wrapper.log_eval_metrics] Accuracy(layer_8 - estimator_1 - 5_folds.test.predict)=86.21%
[ 2019-12-15 14:33:53,730][kfold_wrapper.log_eval_metrics] Accuracy(layer_8 - estimator_2 - 5_folds.train_0.predict)=90.38%
[ 2019-12-15 14:34:02,169][kfold_wrapper.log_eval_metrics] Accuracy(layer_8 - estimator_2 - 5_folds.train_1.predict)=78.06%
[ 2019-12-15 14:34:10,576][kfold_wrapper.log_eval_metrics] Accuracy(layer_8 - estimator_2 - 5_folds.train_2.predict)=77.42%
[ 2019-12-15 14:34:19,002][kfold_wrapper.log_eval_metrics] Accuracy(layer_8 - estimator_2 - 5_folds.train_3.predict)=79.22%
[ 2019-12-15 14:34:27,373][kfold_wrapper.log_eval_metrics] Accuracy(layer_8 - estimator_2 - 5_folds.train_4.predict)=79.22%
[ 2019-12-15 14:34:27,485][kfold_wrapper.log_eval_metrics] Accuracy(layer_8 - estimator_2 - 5_folds.train_cv.predict)=80.88%
[ 2019-12-15 14:34:27,485][kfold_wrapper.log_eval_metrics] Accuracy(layer_8 - estimator_2 - 5_folds.test.predict)=86.21%
[ 2019-12-15 14:34:29,154][kfold_wrapper.log_eval_metrics] Accuracy(layer_8 - estimator_3 - 5_folds.train_0.predict)=80.13%
[ 2019-12-15 14:34:30,875][kfold_wrapper.log_eval_metrics] Accuracy(layer_8 - estimator_3 - 5_folds.train_1.predict)=84.52%
[ 2019-12-15 14:34:32,604][kfold_wrapper.log_eval_metrics] Accuracy(layer_8 - estimator_3 - 5_folds.train_2.predict)=82.58%
[ 2019-12-15 14:34:34,344][kfold_wrapper.log_eval_metrics] Accuracy(layer_8 - estimator_3 - 5_folds.train_3.predict)=81.82%
[ 2019-12-15 14:34:36,094][kfold_wrapper.log_eval_metrics] Accuracy(layer_8 - estimator_3 - 5_folds.train_4.predict)=79.87%
[ 2019-12-15 14:34:36,096][kfold_wrapper.log_eval_metrics] Accuracy(layer_8 - estimator_3 - 5_folds.train_cv.predict)=81.78%
[ 2019-12-15 14:34:36,096][kfold_wrapper.log_eval_metrics] Accuracy(layer_8 - estimator_3 - 5_folds.test.predict)=85.06%
[ 2019-12-15 14:34:36,096][cascade_classifier.calc_accuracy] Accuracy(layer_8 - train.classifier_average)=81.52%
[ 2019-12-15 14:34:36,097][cascade_classifier.calc_accuracy] Accuracy(layer_8 - test.classifier_average)=85.06%
[ 2019-12-15 14:34:36,099][cascade_classifier.fit_transform] [layer=9] look_indexs=[0], X_cur_train.shape=(774, 366), X_cur_test.shape=(87, 366)
[ 2019-12-15 14:34:38,430][kfold_wrapper.log_eval_metrics] Accuracy(layer_9 - estimator_0 - 5_folds.train_0.predict)=83.33%
[ 2019-12-15 14:34:41,063][kfold_wrapper.log_eval_metrics] Accuracy(layer_9 - estimator_0 - 5_folds.train_1.predict)=83.23%
[ 2019-12-15 14:34:43,797][kfold_wrapper.log_eval_metrics] Accuracy(layer_9 - estimator_0 - 5_folds.train_2.predict)=79.35%
[ 2019-12-15 14:34:46,436][kfold_wrapper.log_eval_metrics] Accuracy(layer_9 - estimator_0 - 5_folds.train_3.predict)=83.12%
[ 2019-12-15 14:34:49,160][kfold_wrapper.log_eval_metrics] Accuracy(layer_9 - estimator_0 - 5_folds.train_4.predict)=81.17%
[ 2019-12-15 14:34:49,468][kfold_wrapper.log_eval_metrics] Accuracy(layer_9 - estimator_0 - 5_folds.train_cv.predict)=82.04%
[ 2019-12-15 14:34:49,468][kfold_wrapper.log_eval_metrics] Accuracy(layer_9 - estimator_0 - 5_folds.test.predict)=86.21%
[ 2019-12-15 14:34:51,622][kfold_wrapper.log_eval_metrics] Accuracy(layer_9 - estimator_1 - 5_folds.train_0.predict)=80.77%
[ 2019-12-15 14:34:54,088][kfold_wrapper.log_eval_metrics] Accuracy(layer_9 - estimator_1 - 5_folds.train_1.predict)=81.94%
[ 2019-12-15 14:34:56,574][kfold_wrapper.log_eval_metrics] Accuracy(layer_9 - estimator_1 - 5_folds.train_2.predict)=80.65%
[ 2019-12-15 14:34:58,940][kfold_wrapper.log_eval_metrics] Accuracy(layer_9 - estimator_1 - 5_folds.train_3.predict)=80.52%
[ 2019-12-15 14:35:01,307][kfold_wrapper.log_eval_metrics] Accuracy(layer_9 - estimator_1 - 5_folds.train_4.predict)=83.77%
[ 2019-12-15 14:35:01,616][kfold_wrapper.log_eval_metrics] Accuracy(layer_9 - estimator_1 - 5_folds.train_cv.predict)=81.52%
[ 2019-12-15 14:35:01,617][kfold_wrapper.log_eval_metrics] Accuracy(layer_9 - estimator_1 - 5_folds.test.predict)=86.21%
[ 2019-12-15 14:35:09,905][kfold_wrapper.log_eval_metrics] Accuracy(layer_9 - estimator_2 - 5_folds.train_0.predict)=78.85%
[ 2019-12-15 14:35:18,298][kfold_wrapper.log_eval_metrics] Accuracy(layer_9 - estimator_2 - 5_folds.train_1.predict)=81.29%
[ 2019-12-15 14:35:26,627][kfold_wrapper.log_eval_metrics] Accuracy(layer_9 - estimator_2 - 5_folds.train_2.predict)=81.29%
[ 2019-12-15 14:35:35,025][kfold_wrapper.log_eval_metrics] Accuracy(layer_9 - estimator_2 - 5_folds.train_3.predict)=77.27%
[ 2019-12-15 14:35:43,429][kfold_wrapper.log_eval_metrics] Accuracy(layer_9 - estimator_2 - 5_folds.train_4.predict)=82.47%
[ 2019-12-15 14:35:43,533][kfold_wrapper.log_eval_metrics] Accuracy(layer_9 - estimator_2 - 5_folds.train_cv.predict)=80.23%
[ 2019-12-15 14:35:43,533][kfold_wrapper.log_eval_metrics] Accuracy(layer_9 - estimator_2 - 5_folds.test.predict)=86.21%
[ 2019-12-15 14:35:45,241][kfold_wrapper.log_eval_metrics] Accuracy(layer_9 - estimator_3 - 5_folds.train_0.predict)=79.49%
[ 2019-12-15 14:35:46,942][kfold_wrapper.log_eval_metrics] Accuracy(layer_9 - estimator_3 - 5_folds.train_1.predict)=80.00%
[ 2019-12-15 14:35:48,695][kfold_wrapper.log_eval_metrics] Accuracy(layer_9 - estimator_3 - 5_folds.train_2.predict)=80.65%
[ 2019-12-15 14:35:50,415][kfold_wrapper.log_eval_metrics] Accuracy(layer_9 - estimator_3 - 5_folds.train_3.predict)=80.52%
[ 2019-12-15 14:35:52,170][kfold_wrapper.log_eval_metrics] Accuracy(layer_9 - estimator_3 - 5_folds.train_4.predict)=83.77%
[ 2019-12-15 14:35:52,172][kfold_wrapper.log_eval_metrics] Accuracy(layer_9 - estimator_3 - 5_folds.train_cv.predict)=80.88%
[ 2019-12-15 14:35:52,172][kfold_wrapper.log_eval_metrics] Accuracy(layer_9 - estimator_3 - 5_folds.test.predict)=85.06%
[ 2019-12-15 14:35:52,172][cascade_classifier.calc_accuracy] Accuracy(layer_9 - train.classifier_average)=82.17%
[ 2019-12-15 14:35:52,173][cascade_classifier.calc_accuracy] Accuracy(layer_9 - test.classifier_average)=87.36%
[ 2019-12-15 14:35:52,175][cascade_classifier.fit_transform] [layer=10] look_indexs=[0], X_cur_train.shape=(774, 366), X_cur_test.shape=(87, 366)
[ 2019-12-15 14:35:54,518][kfold_wrapper.log_eval_metrics] Accuracy(layer_10 - estimator_0 - 5_folds.train_0.predict)=80.13%
[ 2019-12-15 14:35:57,360][kfold_wrapper.log_eval_metrics] Accuracy(layer_10 - estimator_0 - 5_folds.train_1.predict)=83.87%
[ 2019-12-15 14:36:00,149][kfold_wrapper.log_eval_metrics] Accuracy(layer_10 - estimator_0 - 5_folds.train_2.predict)=82.58%
[ 2019-12-15 14:36:03,034][kfold_wrapper.log_eval_metrics] Accuracy(layer_10 - estimator_0 - 5_folds.train_3.predict)=85.06%
[ 2019-12-15 14:36:05,871][kfold_wrapper.log_eval_metrics] Accuracy(layer_10 - estimator_0 - 5_folds.train_4.predict)=77.27%
[ 2019-12-15 14:36:06,182][kfold_wrapper.log_eval_metrics] Accuracy(layer_10 - estimator_0 - 5_folds.train_cv.predict)=81.78%
[ 2019-12-15 14:36:06,182][kfold_wrapper.log_eval_metrics] Accuracy(layer_10 - estimator_0 - 5_folds.test.predict)=85.06%
[ 2019-12-15 14:36:08,411][kfold_wrapper.log_eval_metrics] Accuracy(layer_10 - estimator_1 - 5_folds.train_0.predict)=84.62%
[ 2019-12-15 14:36:10,818][kfold_wrapper.log_eval_metrics] Accuracy(layer_10 - estimator_1 - 5_folds.train_1.predict)=83.23%
[ 2019-12-15 14:36:13,297][kfold_wrapper.log_eval_metrics] Accuracy(layer_10 - estimator_1 - 5_folds.train_2.predict)=83.23%
[ 2019-12-15 14:36:15,785][kfold_wrapper.log_eval_metrics] Accuracy(layer_10 - estimator_1 - 5_folds.train_3.predict)=84.42%
[ 2019-12-15 14:36:18,246][kfold_wrapper.log_eval_metrics] Accuracy(layer_10 - estimator_1 - 5_folds.train_4.predict)=82.47%
[ 2019-12-15 14:36:18,560][kfold_wrapper.log_eval_metrics] Accuracy(layer_10 - estimator_1 - 5_folds.train_cv.predict)=83.59%
[ 2019-12-15 14:36:18,561][kfold_wrapper.log_eval_metrics] Accuracy(layer_10 - estimator_1 - 5_folds.test.predict)=88.51%
[ 2019-12-15 14:36:26,967][kfold_wrapper.log_eval_metrics] Accuracy(layer_10 - estimator_2 - 5_folds.train_0.predict)=80.77%
[ 2019-12-15 14:36:35,357][kfold_wrapper.log_eval_metrics] Accuracy(layer_10 - estimator_2 - 5_folds.train_1.predict)=83.87%
[ 2019-12-15 14:36:43,707][kfold_wrapper.log_eval_metrics] Accuracy(layer_10 - estimator_2 - 5_folds.train_2.predict)=80.00%
[ 2019-12-15 14:36:52,094][kfold_wrapper.log_eval_metrics] Accuracy(layer_10 - estimator_2 - 5_folds.train_3.predict)=77.92%
[ 2019-12-15 14:37:00,507][kfold_wrapper.log_eval_metrics] Accuracy(layer_10 - estimator_2 - 5_folds.train_4.predict)=79.87%
[ 2019-12-15 14:37:00,615][kfold_wrapper.log_eval_metrics] Accuracy(layer_10 - estimator_2 - 5_folds.train_cv.predict)=80.49%
[ 2019-12-15 14:37:00,616][kfold_wrapper.log_eval_metrics] Accuracy(layer_10 - estimator_2 - 5_folds.test.predict)=83.91%
[ 2019-12-15 14:37:02,319][kfold_wrapper.log_eval_metrics] Accuracy(layer_10 - estimator_3 - 5_folds.train_0.predict)=79.49%
[ 2019-12-15 14:37:04,025][kfold_wrapper.log_eval_metrics] Accuracy(layer_10 - estimator_3 - 5_folds.train_1.predict)=81.29%
[ 2019-12-15 14:37:05,843][kfold_wrapper.log_eval_metrics] Accuracy(layer_10 - estimator_3 - 5_folds.train_2.predict)=86.45%
[ 2019-12-15 14:37:07,602][kfold_wrapper.log_eval_metrics] Accuracy(layer_10 - estimator_3 - 5_folds.train_3.predict)=80.52%
[ 2019-12-15 14:37:09,324][kfold_wrapper.log_eval_metrics] Accuracy(layer_10 - estimator_3 - 5_folds.train_4.predict)=75.32%
[ 2019-12-15 14:37:09,331][kfold_wrapper.log_eval_metrics] Accuracy(layer_10 - estimator_3 - 5_folds.train_cv.predict)=80.62%
[ 2019-12-15 14:37:09,332][kfold_wrapper.log_eval_metrics] Accuracy(layer_10 - estimator_3 - 5_folds.test.predict)=83.91%
[ 2019-12-15 14:37:09,332][cascade_classifier.calc_accuracy] Accuracy(layer_10 - train.classifier_average)=81.52%
[ 2019-12-15 14:37:09,332][cascade_classifier.calc_accuracy] Accuracy(layer_10 - test.classifier_average)=85.06%
[ 2019-12-15 14:37:09,334][cascade_classifier.fit_transform] [layer=11] look_indexs=[0], X_cur_train.shape=(774, 366), X_cur_test.shape=(87, 366)
[ 2019-12-15 14:37:11,672][kfold_wrapper.log_eval_metrics] Accuracy(layer_11 - estimator_0 - 5_folds.train_0.predict)=77.56%
[ 2019-12-15 14:37:14,305][kfold_wrapper.log_eval_metrics] Accuracy(layer_11 - estimator_0 - 5_folds.train_1.predict)=80.00%
[ 2019-12-15 14:37:16,923][kfold_wrapper.log_eval_metrics] Accuracy(layer_11 - estimator_0 - 5_folds.train_2.predict)=86.45%
[ 2019-12-15 14:37:19,568][kfold_wrapper.log_eval_metrics] Accuracy(layer_11 - estimator_0 - 5_folds.train_3.predict)=86.36%
[ 2019-12-15 14:37:22,219][kfold_wrapper.log_eval_metrics] Accuracy(layer_11 - estimator_0 - 5_folds.train_4.predict)=78.57%
[ 2019-12-15 14:37:22,533][kfold_wrapper.log_eval_metrics] Accuracy(layer_11 - estimator_0 - 5_folds.train_cv.predict)=81.78%
[ 2019-12-15 14:37:22,534][kfold_wrapper.log_eval_metrics] Accuracy(layer_11 - estimator_0 - 5_folds.test.predict)=85.06%
[ 2019-12-15 14:37:24,684][kfold_wrapper.log_eval_metrics] Accuracy(layer_11 - estimator_1 - 5_folds.train_0.predict)=75.64%
[ 2019-12-15 14:37:27,148][kfold_wrapper.log_eval_metrics] Accuracy(layer_11 - estimator_1 - 5_folds.train_1.predict)=81.94%
[ 2019-12-15 14:37:29,615][kfold_wrapper.log_eval_metrics] Accuracy(layer_11 - estimator_1 - 5_folds.train_2.predict)=80.00%
[ 2019-12-15 14:37:32,084][kfold_wrapper.log_eval_metrics] Accuracy(layer_11 - estimator_1 - 5_folds.train_3.predict)=84.42%
[ 2019-12-15 14:37:34,541][kfold_wrapper.log_eval_metrics] Accuracy(layer_11 - estimator_1 - 5_folds.train_4.predict)=87.66%
[ 2019-12-15 14:37:34,851][kfold_wrapper.log_eval_metrics] Accuracy(layer_11 - estimator_1 - 5_folds.train_cv.predict)=81.91%
[ 2019-12-15 14:37:34,852][kfold_wrapper.log_eval_metrics] Accuracy(layer_11 - estimator_1 - 5_folds.test.predict)=86.21%
[ 2019-12-15 14:37:43,126][kfold_wrapper.log_eval_metrics] Accuracy(layer_11 - estimator_2 - 5_folds.train_0.predict)=78.21%
[ 2019-12-15 14:37:51,544][kfold_wrapper.log_eval_metrics] Accuracy(layer_11 - estimator_2 - 5_folds.train_1.predict)=80.65%
[ 2019-12-15 14:37:59,935][kfold_wrapper.log_eval_metrics] Accuracy(layer_11 - estimator_2 - 5_folds.train_2.predict)=76.77%
[ 2019-12-15 14:38:08,362][kfold_wrapper.log_eval_metrics] Accuracy(layer_11 - estimator_2 - 5_folds.train_3.predict)=79.87%
[ 2019-12-15 14:38:16,793][kfold_wrapper.log_eval_metrics] Accuracy(layer_11 - estimator_2 - 5_folds.train_4.predict)=78.57%
[ 2019-12-15 14:38:16,903][kfold_wrapper.log_eval_metrics] Accuracy(layer_11 - estimator_2 - 5_folds.train_cv.predict)=78.81%
[ 2019-12-15 14:38:16,904][kfold_wrapper.log_eval_metrics] Accuracy(layer_11 - estimator_2 - 5_folds.test.predict)=88.51%
[ 2019-12-15 14:38:18,702][kfold_wrapper.log_eval_metrics] Accuracy(layer_11 - estimator_3 - 5_folds.train_0.predict)=79.49%
[ 2019-12-15 14:38:20,413][kfold_wrapper.log_eval_metrics] Accuracy(layer_11 - estimator_3 - 5_folds.train_1.predict)=78.06%
[ 2019-12-15 14:38:22,181][kfold_wrapper.log_eval_metrics] Accuracy(layer_11 - estimator_3 - 5_folds.train_2.predict)=79.35%
[ 2019-12-15 14:38:23,855][kfold_wrapper.log_eval_metrics] Accuracy(layer_11 - estimator_3 - 5_folds.train_3.predict)=78.57%
[ 2019-12-15 14:38:25,639][kfold_wrapper.log_eval_metrics] Accuracy(layer_11 - estimator_3 - 5_folds.train_4.predict)=85.71%
[ 2019-12-15 14:38:25,641][kfold_wrapper.log_eval_metrics] Accuracy(layer_11 - estimator_3 - 5_folds.train_cv.predict)=80.23%
[ 2019-12-15 14:38:25,641][kfold_wrapper.log_eval_metrics] Accuracy(layer_11 - estimator_3 - 5_folds.test.predict)=87.36%
[ 2019-12-15 14:38:25,642][cascade_classifier.calc_accuracy] Accuracy(layer_11 - train.classifier_average)=82.30%
[ 2019-12-15 14:38:25,642][cascade_classifier.calc_accuracy] Accuracy(layer_11 - test.classifier_average)=88.51%
[ 2019-12-15 14:38:25,642][cascade_classifier.fit_transform] [Result][Optimal Level Detected] opt_layer_num=7, accuracy_train=82.56%, accuracy_test=87.36%
[ 2019-12-15 14:38:25,774][cascade_classifier.transform] X_groups_test.shape=[(87, 358)]
[ 2019-12-15 14:38:25,775][cascade_classifier.transform] group_dims=[358]
[ 2019-12-15 14:38:25,775][cascade_classifier.transform] X_test.shape=(87, 358)
[ 2019-12-15 14:38:25,775][cascade_classifier.transform] [layer=0] look_indexs=[0], X_cur_test.shape=(87, 358)
[ 2019-12-15 14:38:29,402][cascade_classifier.transform] [layer=1] look_indexs=[0], X_cur_test.shape=(87, 366)
[ 2019-12-15 14:38:33,029][cascade_classifier.transform] [layer=2] look_indexs=[0], X_cur_test.shape=(87, 366)
[ 2019-12-15 14:38:36,662][cascade_classifier.transform] [layer=3] look_indexs=[0], X_cur_test.shape=(87, 366)
[ 2019-12-15 14:38:40,298][cascade_classifier.transform] [layer=4] look_indexs=[0], X_cur_test.shape=(87, 366)
[ 2019-12-15 14:38:43,949][cascade_classifier.transform] [layer=5] look_indexs=[0], X_cur_test.shape=(87, 366)
[ 2019-12-15 14:38:47,685][cascade_classifier.transform] [layer=6] look_indexs=[0], X_cur_test.shape=(87, 366)
[ 2019-12-15 14:38:51,315][cascade_classifier.transform] X_groups_test.shape=[(87, 358)]
[ 2019-12-15 14:38:51,315][cascade_classifier.transform] group_dims=[358]
[ 2019-12-15 14:38:51,316][cascade_classifier.transform] X_test.shape=(87, 358)
[ 2019-12-15 14:38:51,316][cascade_classifier.transform] [layer=0] look_indexs=[0], X_cur_test.shape=(87, 358)
[ 2019-12-15 14:38:54,932][cascade_classifier.transform] [layer=1] look_indexs=[0], X_cur_test.shape=(87, 366)
[ 2019-12-15 14:38:58,589][cascade_classifier.transform] [layer=2] look_indexs=[0], X_cur_test.shape=(87, 366)
[ 2019-12-15 14:39:02,254][cascade_classifier.transform] [layer=3] look_indexs=[0], X_cur_test.shape=(87, 366)
[ 2019-12-15 14:39:05,908][cascade_classifier.transform] [layer=4] look_indexs=[0], X_cur_test.shape=(87, 366)
[ 2019-12-15 14:39:09,574][cascade_classifier.transform] [layer=5] look_indexs=[0], X_cur_test.shape=(87, 366)
[ 2019-12-15 14:39:13,205][cascade_classifier.transform] [layer=6] look_indexs=[0], X_cur_test.shape=(87, 366)
[ 2019-12-15 14:39:17,025][cascade_classifier.fit_transform] X_groups_train.shape=[(774, 358)],y_train.shape=(774,),X_groups_test.shape=[(87, 358)],y_test.shape=(87,)
[ 2019-12-15 14:39:17,026][cascade_classifier.fit_transform] group_dims=[358]
[ 2019-12-15 14:39:17,033][cascade_classifier.fit_transform] group_starts=[0]
[ 2019-12-15 14:39:17,033][cascade_classifier.fit_transform] group_ends=[358]
[ 2019-12-15 14:39:17,033][cascade_classifier.fit_transform] X_train.shape=(774, 358),X_test.shape=(87, 358)
[ 2019-12-15 14:39:17,034][cascade_classifier.fit_transform] [layer=0] look_indexs=[0], X_cur_train.shape=(774, 358), X_cur_test.shape=(87, 358)
[ 2019-12-15 14:39:19,361][kfold_wrapper.log_eval_metrics] Accuracy(layer_0 - estimator_0 - 5_folds.train_0.predict)=81.29%
[ 2019-12-15 14:39:21,984][kfold_wrapper.log_eval_metrics] Accuracy(layer_0 - estimator_0 - 5_folds.train_1.predict)=80.00%
[ 2019-12-15 14:39:24,606][kfold_wrapper.log_eval_metrics] Accuracy(layer_0 - estimator_0 - 5_folds.train_2.predict)=82.58%
[ 2019-12-15 14:39:27,231][kfold_wrapper.log_eval_metrics] Accuracy(layer_0 - estimator_0 - 5_folds.train_3.predict)=81.94%
[ 2019-12-15 14:39:29,860][kfold_wrapper.log_eval_metrics] Accuracy(layer_0 - estimator_0 - 5_folds.train_4.predict)=83.77%
[ 2019-12-15 14:39:30,174][kfold_wrapper.log_eval_metrics] Accuracy(layer_0 - estimator_0 - 5_folds.train_cv.predict)=81.91%
[ 2019-12-15 14:39:30,175][kfold_wrapper.log_eval_metrics] Accuracy(layer_0 - estimator_0 - 5_folds.test.predict)=79.31%
[ 2019-12-15 14:39:32,329][kfold_wrapper.log_eval_metrics] Accuracy(layer_0 - estimator_1 - 5_folds.train_0.predict)=82.58%
[ 2019-12-15 14:39:34,788][kfold_wrapper.log_eval_metrics] Accuracy(layer_0 - estimator_1 - 5_folds.train_1.predict)=83.23%
[ 2019-12-15 14:39:37,260][kfold_wrapper.log_eval_metrics] Accuracy(layer_0 - estimator_1 - 5_folds.train_2.predict)=80.00%
[ 2019-12-15 14:39:39,737][kfold_wrapper.log_eval_metrics] Accuracy(layer_0 - estimator_1 - 5_folds.train_3.predict)=80.00%
[ 2019-12-15 14:39:42,203][kfold_wrapper.log_eval_metrics] Accuracy(layer_0 - estimator_1 - 5_folds.train_4.predict)=83.77%
[ 2019-12-15 14:39:42,518][kfold_wrapper.log_eval_metrics] Accuracy(layer_0 - estimator_1 - 5_folds.train_cv.predict)=81.91%
[ 2019-12-15 14:39:42,519][kfold_wrapper.log_eval_metrics] Accuracy(layer_0 - estimator_1 - 5_folds.test.predict)=78.16%
[ 2019-12-15 14:39:50,550][kfold_wrapper.log_eval_metrics] Accuracy(layer_0 - estimator_2 - 5_folds.train_0.predict)=76.13%
[ 2019-12-15 14:39:58,696][kfold_wrapper.log_eval_metrics] Accuracy(layer_0 - estimator_2 - 5_folds.train_1.predict)=82.58%
[ 2019-12-15 14:40:06,850][kfold_wrapper.log_eval_metrics] Accuracy(layer_0 - estimator_2 - 5_folds.train_2.predict)=82.58%
[ 2019-12-15 14:40:15,107][kfold_wrapper.log_eval_metrics] Accuracy(layer_0 - estimator_2 - 5_folds.train_3.predict)=84.52%
[ 2019-12-15 14:40:23,211][kfold_wrapper.log_eval_metrics] Accuracy(layer_0 - estimator_2 - 5_folds.train_4.predict)=81.82%
[ 2019-12-15 14:40:23,319][kfold_wrapper.log_eval_metrics] Accuracy(layer_0 - estimator_2 - 5_folds.train_cv.predict)=81.52%
[ 2019-12-15 14:40:23,320][kfold_wrapper.log_eval_metrics] Accuracy(layer_0 - estimator_2 - 5_folds.test.predict)=74.71%
[ 2019-12-15 14:40:24,991][kfold_wrapper.log_eval_metrics] Accuracy(layer_0 - estimator_3 - 5_folds.train_0.predict)=79.35%
[ 2019-12-15 14:40:26,753][kfold_wrapper.log_eval_metrics] Accuracy(layer_0 - estimator_3 - 5_folds.train_1.predict)=84.52%
[ 2019-12-15 14:40:28,494][kfold_wrapper.log_eval_metrics] Accuracy(layer_0 - estimator_3 - 5_folds.train_2.predict)=81.29%
[ 2019-12-15 14:40:30,219][kfold_wrapper.log_eval_metrics] Accuracy(layer_0 - estimator_3 - 5_folds.train_3.predict)=80.65%
[ 2019-12-15 14:40:31,899][kfold_wrapper.log_eval_metrics] Accuracy(layer_0 - estimator_3 - 5_folds.train_4.predict)=81.17%
[ 2019-12-15 14:40:31,901][kfold_wrapper.log_eval_metrics] Accuracy(layer_0 - estimator_3 - 5_folds.train_cv.predict)=81.40%
[ 2019-12-15 14:40:31,901][kfold_wrapper.log_eval_metrics] Accuracy(layer_0 - estimator_3 - 5_folds.test.predict)=78.16%
[ 2019-12-15 14:40:31,907][cascade_classifier.calc_accuracy] Accuracy(layer_0 - train.classifier_average)=82.69%
[ 2019-12-15 14:40:31,908][cascade_classifier.calc_accuracy] Accuracy(layer_0 - test.classifier_average)=80.46%
[ 2019-12-15 14:40:31,909][cascade_classifier.fit_transform] [layer=1] look_indexs=[0], X_cur_train.shape=(774, 366), X_cur_test.shape=(87, 366)
[ 2019-12-15 14:40:34,368][kfold_wrapper.log_eval_metrics] Accuracy(layer_1 - estimator_0 - 5_folds.train_0.predict)=85.81%
[ 2019-12-15 14:40:36,988][kfold_wrapper.log_eval_metrics] Accuracy(layer_1 - estimator_0 - 5_folds.train_1.predict)=83.23%
[ 2019-12-15 14:40:39,629][kfold_wrapper.log_eval_metrics] Accuracy(layer_1 - estimator_0 - 5_folds.train_2.predict)=76.77%
[ 2019-12-15 14:40:42,262][kfold_wrapper.log_eval_metrics] Accuracy(layer_1 - estimator_0 - 5_folds.train_3.predict)=80.65%
[ 2019-12-15 14:40:45,002][kfold_wrapper.log_eval_metrics] Accuracy(layer_1 - estimator_0 - 5_folds.train_4.predict)=87.01%
[ 2019-12-15 14:40:45,311][kfold_wrapper.log_eval_metrics] Accuracy(layer_1 - estimator_0 - 5_folds.train_cv.predict)=82.69%
[ 2019-12-15 14:40:45,312][kfold_wrapper.log_eval_metrics] Accuracy(layer_1 - estimator_0 - 5_folds.test.predict)=80.46%
[ 2019-12-15 14:40:47,456][kfold_wrapper.log_eval_metrics] Accuracy(layer_1 - estimator_1 - 5_folds.train_0.predict)=82.58%
[ 2019-12-15 14:40:49,921][kfold_wrapper.log_eval_metrics] Accuracy(layer_1 - estimator_1 - 5_folds.train_1.predict)=79.35%
[ 2019-12-15 14:40:52,393][kfold_wrapper.log_eval_metrics] Accuracy(layer_1 - estimator_1 - 5_folds.train_2.predict)=88.39%
[ 2019-12-15 14:40:54,871][kfold_wrapper.log_eval_metrics] Accuracy(layer_1 - estimator_1 - 5_folds.train_3.predict)=80.65%
[ 2019-12-15 14:40:57,337][kfold_wrapper.log_eval_metrics] Accuracy(layer_1 - estimator_1 - 5_folds.train_4.predict)=83.77%
[ 2019-12-15 14:40:57,650][kfold_wrapper.log_eval_metrics] Accuracy(layer_1 - estimator_1 - 5_folds.train_cv.predict)=82.95%
[ 2019-12-15 14:40:57,650][kfold_wrapper.log_eval_metrics] Accuracy(layer_1 - estimator_1 - 5_folds.test.predict)=79.31%
[ 2019-12-15 14:41:05,934][kfold_wrapper.log_eval_metrics] Accuracy(layer_1 - estimator_2 - 5_folds.train_0.predict)=79.35%
[ 2019-12-15 14:41:14,325][kfold_wrapper.log_eval_metrics] Accuracy(layer_1 - estimator_2 - 5_folds.train_1.predict)=86.45%
[ 2019-12-15 14:41:22,782][kfold_wrapper.log_eval_metrics] Accuracy(layer_1 - estimator_2 - 5_folds.train_2.predict)=79.35%
[ 2019-12-15 14:41:31,227][kfold_wrapper.log_eval_metrics] Accuracy(layer_1 - estimator_2 - 5_folds.train_3.predict)=81.29%
[ 2019-12-15 14:41:39,661][kfold_wrapper.log_eval_metrics] Accuracy(layer_1 - estimator_2 - 5_folds.train_4.predict)=81.82%
[ 2019-12-15 14:41:39,774][kfold_wrapper.log_eval_metrics] Accuracy(layer_1 - estimator_2 - 5_folds.train_cv.predict)=81.65%
[ 2019-12-15 14:41:39,775][kfold_wrapper.log_eval_metrics] Accuracy(layer_1 - estimator_2 - 5_folds.test.predict)=75.86%
[ 2019-12-15 14:41:41,509][kfold_wrapper.log_eval_metrics] Accuracy(layer_1 - estimator_3 - 5_folds.train_0.predict)=79.35%
[ 2019-12-15 14:41:43,237][kfold_wrapper.log_eval_metrics] Accuracy(layer_1 - estimator_3 - 5_folds.train_1.predict)=76.77%
[ 2019-12-15 14:41:44,993][kfold_wrapper.log_eval_metrics] Accuracy(layer_1 - estimator_3 - 5_folds.train_2.predict)=79.35%
[ 2019-12-15 14:41:46,705][kfold_wrapper.log_eval_metrics] Accuracy(layer_1 - estimator_3 - 5_folds.train_3.predict)=83.87%
[ 2019-12-15 14:41:48,460][kfold_wrapper.log_eval_metrics] Accuracy(layer_1 - estimator_3 - 5_folds.train_4.predict)=85.71%
[ 2019-12-15 14:41:48,462][kfold_wrapper.log_eval_metrics] Accuracy(layer_1 - estimator_3 - 5_folds.train_cv.predict)=81.01%
[ 2019-12-15 14:41:48,463][kfold_wrapper.log_eval_metrics] Accuracy(layer_1 - estimator_3 - 5_folds.test.predict)=78.16%
[ 2019-12-15 14:41:48,463][cascade_classifier.calc_accuracy] Accuracy(layer_1 - train.classifier_average)=83.07%
[ 2019-12-15 14:41:48,463][cascade_classifier.calc_accuracy] Accuracy(layer_1 - test.classifier_average)=80.46%
[ 2019-12-15 14:41:48,465][cascade_classifier.fit_transform] [layer=2] look_indexs=[0], X_cur_train.shape=(774, 366), X_cur_test.shape=(87, 366)
[ 2019-12-15 14:41:50,774][kfold_wrapper.log_eval_metrics] Accuracy(layer_2 - estimator_0 - 5_folds.train_0.predict)=85.16%
[ 2019-12-15 14:41:53,432][kfold_wrapper.log_eval_metrics] Accuracy(layer_2 - estimator_0 - 5_folds.train_1.predict)=83.87%
[ 2019-12-15 14:41:56,065][kfold_wrapper.log_eval_metrics] Accuracy(layer_2 - estimator_0 - 5_folds.train_2.predict)=81.29%
[ 2019-12-15 14:41:58,766][kfold_wrapper.log_eval_metrics] Accuracy(layer_2 - estimator_0 - 5_folds.train_3.predict)=80.65%
[ 2019-12-15 14:42:01,391][kfold_wrapper.log_eval_metrics] Accuracy(layer_2 - estimator_0 - 5_folds.train_4.predict)=81.17%
[ 2019-12-15 14:42:01,708][kfold_wrapper.log_eval_metrics] Accuracy(layer_2 - estimator_0 - 5_folds.train_cv.predict)=82.43%
[ 2019-12-15 14:42:01,714][kfold_wrapper.log_eval_metrics] Accuracy(layer_2 - estimator_0 - 5_folds.test.predict)=80.46%
[ 2019-12-15 14:42:03,768][kfold_wrapper.log_eval_metrics] Accuracy(layer_2 - estimator_1 - 5_folds.train_0.predict)=87.10%
[ 2019-12-15 14:42:06,143][kfold_wrapper.log_eval_metrics] Accuracy(layer_2 - estimator_1 - 5_folds.train_1.predict)=85.81%
[ 2019-12-15 14:42:08,632][kfold_wrapper.log_eval_metrics] Accuracy(layer_2 - estimator_1 - 5_folds.train_2.predict)=82.58%
[ 2019-12-15 14:42:11,103][kfold_wrapper.log_eval_metrics] Accuracy(layer_2 - estimator_1 - 5_folds.train_3.predict)=83.23%
[ 2019-12-15 14:42:13,567][kfold_wrapper.log_eval_metrics] Accuracy(layer_2 - estimator_1 - 5_folds.train_4.predict)=79.22%
[ 2019-12-15 14:42:13,881][kfold_wrapper.log_eval_metrics] Accuracy(layer_2 - estimator_1 - 5_folds.train_cv.predict)=83.59%
[ 2019-12-15 14:42:13,881][kfold_wrapper.log_eval_metrics] Accuracy(layer_2 - estimator_1 - 5_folds.test.predict)=79.31%
[ 2019-12-15 14:42:22,177][kfold_wrapper.log_eval_metrics] Accuracy(layer_2 - estimator_2 - 5_folds.train_0.predict)=81.29%
[ 2019-12-15 14:42:30,531][kfold_wrapper.log_eval_metrics] Accuracy(layer_2 - estimator_2 - 5_folds.train_1.predict)=79.35%
[ 2019-12-15 14:42:38,897][kfold_wrapper.log_eval_metrics] Accuracy(layer_2 - estimator_2 - 5_folds.train_2.predict)=79.35%
[ 2019-12-15 14:42:47,189][kfold_wrapper.log_eval_metrics] Accuracy(layer_2 - estimator_2 - 5_folds.train_3.predict)=78.71%
[ 2019-12-15 14:42:55,599][kfold_wrapper.log_eval_metrics] Accuracy(layer_2 - estimator_2 - 5_folds.train_4.predict)=81.17%
[ 2019-12-15 14:42:55,704][kfold_wrapper.log_eval_metrics] Accuracy(layer_2 - estimator_2 - 5_folds.train_cv.predict)=79.97%
[ 2019-12-15 14:42:55,704][kfold_wrapper.log_eval_metrics] Accuracy(layer_2 - estimator_2 - 5_folds.test.predict)=74.71%
[ 2019-12-15 14:42:57,463][kfold_wrapper.log_eval_metrics] Accuracy(layer_2 - estimator_3 - 5_folds.train_0.predict)=83.23%
[ 2019-12-15 14:42:59,189][kfold_wrapper.log_eval_metrics] Accuracy(layer_2 - estimator_3 - 5_folds.train_1.predict)=81.29%
[ 2019-12-15 14:43:00,847][kfold_wrapper.log_eval_metrics] Accuracy(layer_2 - estimator_3 - 5_folds.train_2.predict)=80.65%
[ 2019-12-15 14:43:02,575][kfold_wrapper.log_eval_metrics] Accuracy(layer_2 - estimator_3 - 5_folds.train_3.predict)=76.13%
[ 2019-12-15 14:43:04,293][kfold_wrapper.log_eval_metrics] Accuracy(layer_2 - estimator_3 - 5_folds.train_4.predict)=83.12%
[ 2019-12-15 14:43:04,295][kfold_wrapper.log_eval_metrics] Accuracy(layer_2 - estimator_3 - 5_folds.train_cv.predict)=80.88%
[ 2019-12-15 14:43:04,296][kfold_wrapper.log_eval_metrics] Accuracy(layer_2 - estimator_3 - 5_folds.test.predict)=75.86%
[ 2019-12-15 14:43:04,296][cascade_classifier.calc_accuracy] Accuracy(layer_2 - train.classifier_average)=82.04%
[ 2019-12-15 14:43:04,296][cascade_classifier.calc_accuracy] Accuracy(layer_2 - test.classifier_average)=80.46%
[ 2019-12-15 14:43:04,298][cascade_classifier.fit_transform] [layer=3] look_indexs=[0], X_cur_train.shape=(774, 366), X_cur_test.shape=(87, 366)
[ 2019-12-15 14:43:06,891][kfold_wrapper.log_eval_metrics] Accuracy(layer_3 - estimator_0 - 5_folds.train_0.predict)=83.23%
[ 2019-12-15 14:43:09,540][kfold_wrapper.log_eval_metrics] Accuracy(layer_3 - estimator_0 - 5_folds.train_1.predict)=83.23%
[ 2019-12-15 14:43:12,163][kfold_wrapper.log_eval_metrics] Accuracy(layer_3 - estimator_0 - 5_folds.train_2.predict)=81.29%
[ 2019-12-15 14:43:14,798][kfold_wrapper.log_eval_metrics] Accuracy(layer_3 - estimator_0 - 5_folds.train_3.predict)=83.23%
[ 2019-12-15 14:43:17,435][kfold_wrapper.log_eval_metrics] Accuracy(layer_3 - estimator_0 - 5_folds.train_4.predict)=80.52%
[ 2019-12-15 14:43:17,749][kfold_wrapper.log_eval_metrics] Accuracy(layer_3 - estimator_0 - 5_folds.train_cv.predict)=82.30%
[ 2019-12-15 14:43:17,750][kfold_wrapper.log_eval_metrics] Accuracy(layer_3 - estimator_0 - 5_folds.test.predict)=78.16%
[ 2019-12-15 14:43:19,918][kfold_wrapper.log_eval_metrics] Accuracy(layer_3 - estimator_1 - 5_folds.train_0.predict)=86.45%
[ 2019-12-15 14:43:22,389][kfold_wrapper.log_eval_metrics] Accuracy(layer_3 - estimator_1 - 5_folds.train_1.predict)=81.29%
[ 2019-12-15 14:43:24,842][kfold_wrapper.log_eval_metrics] Accuracy(layer_3 - estimator_1 - 5_folds.train_2.predict)=81.94%
[ 2019-12-15 14:43:27,261][kfold_wrapper.log_eval_metrics] Accuracy(layer_3 - estimator_1 - 5_folds.train_3.predict)=78.71%
[ 2019-12-15 14:43:29,735][kfold_wrapper.log_eval_metrics] Accuracy(layer_3 - estimator_1 - 5_folds.train_4.predict)=85.71%
[ 2019-12-15 14:43:30,048][kfold_wrapper.log_eval_metrics] Accuracy(layer_3 - estimator_1 - 5_folds.train_cv.predict)=82.82%
[ 2019-12-15 14:43:30,054][kfold_wrapper.log_eval_metrics] Accuracy(layer_3 - estimator_1 - 5_folds.test.predict)=78.16%
[ 2019-12-15 14:43:38,317][kfold_wrapper.log_eval_metrics] Accuracy(layer_3 - estimator_2 - 5_folds.train_0.predict)=83.23%
[ 2019-12-15 14:43:46,658][kfold_wrapper.log_eval_metrics] Accuracy(layer_3 - estimator_2 - 5_folds.train_1.predict)=80.65%
[ 2019-12-15 14:43:54,995][kfold_wrapper.log_eval_metrics] Accuracy(layer_3 - estimator_2 - 5_folds.train_2.predict)=81.29%
[ 2019-12-15 14:44:03,392][kfold_wrapper.log_eval_metrics] Accuracy(layer_3 - estimator_2 - 5_folds.train_3.predict)=84.52%
[ 2019-12-15 14:44:11,805][kfold_wrapper.log_eval_metrics] Accuracy(layer_3 - estimator_2 - 5_folds.train_4.predict)=81.82%
[ 2019-12-15 14:44:11,912][kfold_wrapper.log_eval_metrics] Accuracy(layer_3 - estimator_2 - 5_folds.train_cv.predict)=82.30%
[ 2019-12-15 14:44:11,913][kfold_wrapper.log_eval_metrics] Accuracy(layer_3 - estimator_2 - 5_folds.test.predict)=75.86%
[ 2019-12-15 14:44:13,526][kfold_wrapper.log_eval_metrics] Accuracy(layer_3 - estimator_3 - 5_folds.train_0.predict)=83.23%
[ 2019-12-15 14:44:15,222][kfold_wrapper.log_eval_metrics] Accuracy(layer_3 - estimator_3 - 5_folds.train_1.predict)=80.00%
[ 2019-12-15 14:44:16,943][kfold_wrapper.log_eval_metrics] Accuracy(layer_3 - estimator_3 - 5_folds.train_2.predict)=81.29%
[ 2019-12-15 14:44:18,712][kfold_wrapper.log_eval_metrics] Accuracy(layer_3 - estimator_3 - 5_folds.train_3.predict)=86.45%
[ 2019-12-15 14:44:20,398][kfold_wrapper.log_eval_metrics] Accuracy(layer_3 - estimator_3 - 5_folds.train_4.predict)=83.12%
[ 2019-12-15 14:44:20,400][kfold_wrapper.log_eval_metrics] Accuracy(layer_3 - estimator_3 - 5_folds.train_cv.predict)=82.82%
[ 2019-12-15 14:44:20,400][kfold_wrapper.log_eval_metrics] Accuracy(layer_3 - estimator_3 - 5_folds.test.predict)=77.01%
[ 2019-12-15 14:44:20,401][cascade_classifier.calc_accuracy] Accuracy(layer_3 - train.classifier_average)=83.07%
[ 2019-12-15 14:44:20,401][cascade_classifier.calc_accuracy] Accuracy(layer_3 - test.classifier_average)=79.31%
[ 2019-12-15 14:44:20,403][cascade_classifier.fit_transform] [layer=4] look_indexs=[0], X_cur_train.shape=(774, 366), X_cur_test.shape=(87, 366)
[ 2019-12-15 14:44:22,747][kfold_wrapper.log_eval_metrics] Accuracy(layer_4 - estimator_0 - 5_folds.train_0.predict)=81.94%
[ 2019-12-15 14:44:25,382][kfold_wrapper.log_eval_metrics] Accuracy(layer_4 - estimator_0 - 5_folds.train_1.predict)=83.23%
[ 2019-12-15 14:44:28,105][kfold_wrapper.log_eval_metrics] Accuracy(layer_4 - estimator_0 - 5_folds.train_2.predict)=82.58%
[ 2019-12-15 14:44:30,736][kfold_wrapper.log_eval_metrics] Accuracy(layer_4 - estimator_0 - 5_folds.train_3.predict)=81.94%
[ 2019-12-15 14:44:33,373][kfold_wrapper.log_eval_metrics] Accuracy(layer_4 - estimator_0 - 5_folds.train_4.predict)=79.87%
[ 2019-12-15 14:44:33,690][kfold_wrapper.log_eval_metrics] Accuracy(layer_4 - estimator_0 - 5_folds.train_cv.predict)=81.91%
[ 2019-12-15 14:44:33,691][kfold_wrapper.log_eval_metrics] Accuracy(layer_4 - estimator_0 - 5_folds.test.predict)=80.46%
[ 2019-12-15 14:44:35,803][kfold_wrapper.log_eval_metrics] Accuracy(layer_4 - estimator_1 - 5_folds.train_0.predict)=87.74%
[ 2019-12-15 14:44:38,178][kfold_wrapper.log_eval_metrics] Accuracy(layer_4 - estimator_1 - 5_folds.train_1.predict)=80.65%
[ 2019-12-15 14:44:40,639][kfold_wrapper.log_eval_metrics] Accuracy(layer_4 - estimator_1 - 5_folds.train_2.predict)=83.23%
[ 2019-12-15 14:44:43,116][kfold_wrapper.log_eval_metrics] Accuracy(layer_4 - estimator_1 - 5_folds.train_3.predict)=83.23%
[ 2019-12-15 14:44:45,496][kfold_wrapper.log_eval_metrics] Accuracy(layer_4 - estimator_1 - 5_folds.train_4.predict)=79.87%
[ 2019-12-15 14:44:45,804][kfold_wrapper.log_eval_metrics] Accuracy(layer_4 - estimator_1 - 5_folds.train_cv.predict)=82.95%
[ 2019-12-15 14:44:45,805][kfold_wrapper.log_eval_metrics] Accuracy(layer_4 - estimator_1 - 5_folds.test.predict)=77.01%
[ 2019-12-15 14:44:54,127][kfold_wrapper.log_eval_metrics] Accuracy(layer_4 - estimator_2 - 5_folds.train_0.predict)=80.65%
[ 2019-12-15 14:45:02,511][kfold_wrapper.log_eval_metrics] Accuracy(layer_4 - estimator_2 - 5_folds.train_1.predict)=78.06%
[ 2019-12-15 14:45:10,820][kfold_wrapper.log_eval_metrics] Accuracy(layer_4 - estimator_2 - 5_folds.train_2.predict)=79.35%
[ 2019-12-15 14:45:19,132][kfold_wrapper.log_eval_metrics] Accuracy(layer_4 - estimator_2 - 5_folds.train_3.predict)=81.29%
[ 2019-12-15 14:45:27,465][kfold_wrapper.log_eval_metrics] Accuracy(layer_4 - estimator_2 - 5_folds.train_4.predict)=82.47%
[ 2019-12-15 14:45:27,576][kfold_wrapper.log_eval_metrics] Accuracy(layer_4 - estimator_2 - 5_folds.train_cv.predict)=80.36%
[ 2019-12-15 14:45:27,576][kfold_wrapper.log_eval_metrics] Accuracy(layer_4 - estimator_2 - 5_folds.test.predict)=71.26%
[ 2019-12-15 14:45:29,267][kfold_wrapper.log_eval_metrics] Accuracy(layer_4 - estimator_3 - 5_folds.train_0.predict)=80.65%
[ 2019-12-15 14:45:30,906][kfold_wrapper.log_eval_metrics] Accuracy(layer_4 - estimator_3 - 5_folds.train_1.predict)=78.06%
[ 2019-12-15 14:45:32,609][kfold_wrapper.log_eval_metrics] Accuracy(layer_4 - estimator_3 - 5_folds.train_2.predict)=82.58%
[ 2019-12-15 14:45:34,325][kfold_wrapper.log_eval_metrics] Accuracy(layer_4 - estimator_3 - 5_folds.train_3.predict)=82.58%
[ 2019-12-15 14:45:36,105][kfold_wrapper.log_eval_metrics] Accuracy(layer_4 - estimator_3 - 5_folds.train_4.predict)=82.47%
[ 2019-12-15 14:45:36,107][kfold_wrapper.log_eval_metrics] Accuracy(layer_4 - estimator_3 - 5_folds.train_cv.predict)=81.27%
[ 2019-12-15 14:45:36,107][kfold_wrapper.log_eval_metrics] Accuracy(layer_4 - estimator_3 - 5_folds.test.predict)=80.46%
[ 2019-12-15 14:45:36,107][cascade_classifier.calc_accuracy] Accuracy(layer_4 - train.classifier_average)=82.04%
[ 2019-12-15 14:45:36,107][cascade_classifier.calc_accuracy] Accuracy(layer_4 - test.classifier_average)=78.16%
[ 2019-12-15 14:45:36,109][cascade_classifier.fit_transform] [layer=5] look_indexs=[0], X_cur_train.shape=(774, 366), X_cur_test.shape=(87, 366)
[ 2019-12-15 14:45:38,457][kfold_wrapper.log_eval_metrics] Accuracy(layer_5 - estimator_0 - 5_folds.train_0.predict)=83.23%
[ 2019-12-15 14:45:41,086][kfold_wrapper.log_eval_metrics] Accuracy(layer_5 - estimator_0 - 5_folds.train_1.predict)=80.00%
[ 2019-12-15 14:45:43,717][kfold_wrapper.log_eval_metrics] Accuracy(layer_5 - estimator_0 - 5_folds.train_2.predict)=79.35%
[ 2019-12-15 14:45:46,332][kfold_wrapper.log_eval_metrics] Accuracy(layer_5 - estimator_0 - 5_folds.train_3.predict)=84.52%
[ 2019-12-15 14:45:48,952][kfold_wrapper.log_eval_metrics] Accuracy(layer_5 - estimator_0 - 5_folds.train_4.predict)=78.57%
[ 2019-12-15 14:45:49,259][kfold_wrapper.log_eval_metrics] Accuracy(layer_5 - estimator_0 - 5_folds.train_cv.predict)=81.14%
[ 2019-12-15 14:45:49,260][kfold_wrapper.log_eval_metrics] Accuracy(layer_5 - estimator_0 - 5_folds.test.predict)=79.31%
[ 2019-12-15 14:45:51,420][kfold_wrapper.log_eval_metrics] Accuracy(layer_5 - estimator_1 - 5_folds.train_0.predict)=82.58%
[ 2019-12-15 14:45:53,797][kfold_wrapper.log_eval_metrics] Accuracy(layer_5 - estimator_1 - 5_folds.train_1.predict)=85.16%
[ 2019-12-15 14:45:56,319][kfold_wrapper.log_eval_metrics] Accuracy(layer_5 - estimator_1 - 5_folds.train_2.predict)=86.45%
[ 2019-12-15 14:45:58,812][kfold_wrapper.log_eval_metrics] Accuracy(layer_5 - estimator_1 - 5_folds.train_3.predict)=77.42%
[ 2019-12-15 14:46:01,274][kfold_wrapper.log_eval_metrics] Accuracy(layer_5 - estimator_1 - 5_folds.train_4.predict)=77.27%
[ 2019-12-15 14:46:01,581][kfold_wrapper.log_eval_metrics] Accuracy(layer_5 - estimator_1 - 5_folds.train_cv.predict)=81.78%
[ 2019-12-15 14:46:01,581][kfold_wrapper.log_eval_metrics] Accuracy(layer_5 - estimator_1 - 5_folds.test.predict)=77.01%
[ 2019-12-15 14:46:09,850][kfold_wrapper.log_eval_metrics] Accuracy(layer_5 - estimator_2 - 5_folds.train_0.predict)=74.84%
[ 2019-12-15 14:46:18,232][kfold_wrapper.log_eval_metrics] Accuracy(layer_5 - estimator_2 - 5_folds.train_1.predict)=80.65%
[ 2019-12-15 14:46:26,621][kfold_wrapper.log_eval_metrics] Accuracy(layer_5 - estimator_2 - 5_folds.train_2.predict)=81.94%
[ 2019-12-15 14:46:35,046][kfold_wrapper.log_eval_metrics] Accuracy(layer_5 - estimator_2 - 5_folds.train_3.predict)=78.06%
[ 2019-12-15 14:46:43,434][kfold_wrapper.log_eval_metrics] Accuracy(layer_5 - estimator_2 - 5_folds.train_4.predict)=88.96%
[ 2019-12-15 14:46:43,541][kfold_wrapper.log_eval_metrics] Accuracy(layer_5 - estimator_2 - 5_folds.train_cv.predict)=80.88%
[ 2019-12-15 14:46:43,542][kfold_wrapper.log_eval_metrics] Accuracy(layer_5 - estimator_2 - 5_folds.test.predict)=75.86%
[ 2019-12-15 14:46:45,241][kfold_wrapper.log_eval_metrics] Accuracy(layer_5 - estimator_3 - 5_folds.train_0.predict)=84.52%
[ 2019-12-15 14:46:46,957][kfold_wrapper.log_eval_metrics] Accuracy(layer_5 - estimator_3 - 5_folds.train_1.predict)=81.94%
[ 2019-12-15 14:46:48,692][kfold_wrapper.log_eval_metrics] Accuracy(layer_5 - estimator_3 - 5_folds.train_2.predict)=80.00%
[ 2019-12-15 14:46:50,408][kfold_wrapper.log_eval_metrics] Accuracy(layer_5 - estimator_3 - 5_folds.train_3.predict)=81.94%
[ 2019-12-15 14:46:52,063][kfold_wrapper.log_eval_metrics] Accuracy(layer_5 - estimator_3 - 5_folds.train_4.predict)=77.27%
[ 2019-12-15 14:46:52,065][kfold_wrapper.log_eval_metrics] Accuracy(layer_5 - estimator_3 - 5_folds.train_cv.predict)=81.14%
[ 2019-12-15 14:46:52,065][kfold_wrapper.log_eval_metrics] Accuracy(layer_5 - estimator_3 - 5_folds.test.predict)=79.31%
[ 2019-12-15 14:46:52,066][cascade_classifier.calc_accuracy] Accuracy(layer_5 - train.classifier_average)=81.01%
[ 2019-12-15 14:46:52,066][cascade_classifier.calc_accuracy] Accuracy(layer_5 - test.classifier_average)=78.16%
[ 2019-12-15 14:46:52,068][cascade_classifier.fit_transform] [layer=6] look_indexs=[0], X_cur_train.shape=(774, 366), X_cur_test.shape=(87, 366)
[ 2019-12-15 14:46:54,415][kfold_wrapper.log_eval_metrics] Accuracy(layer_6 - estimator_0 - 5_folds.train_0.predict)=80.65%
[ 2019-12-15 14:46:57,054][kfold_wrapper.log_eval_metrics] Accuracy(layer_6 - estimator_0 - 5_folds.train_1.predict)=78.06%
[ 2019-12-15 14:46:59,714][kfold_wrapper.log_eval_metrics] Accuracy(layer_6 - estimator_0 - 5_folds.train_2.predict)=83.23%
[ 2019-12-15 14:47:02,332][kfold_wrapper.log_eval_metrics] Accuracy(layer_6 - estimator_0 - 5_folds.train_3.predict)=80.65%
[ 2019-12-15 14:47:04,978][kfold_wrapper.log_eval_metrics] Accuracy(layer_6 - estimator_0 - 5_folds.train_4.predict)=83.77%
[ 2019-12-15 14:47:05,292][kfold_wrapper.log_eval_metrics] Accuracy(layer_6 - estimator_0 - 5_folds.train_cv.predict)=81.27%
[ 2019-12-15 14:47:05,292][kfold_wrapper.log_eval_metrics] Accuracy(layer_6 - estimator_0 - 5_folds.test.predict)=79.31%
[ 2019-12-15 14:47:07,484][kfold_wrapper.log_eval_metrics] Accuracy(layer_6 - estimator_1 - 5_folds.train_0.predict)=82.58%
[ 2019-12-15 14:47:09,973][kfold_wrapper.log_eval_metrics] Accuracy(layer_6 - estimator_1 - 5_folds.train_1.predict)=82.58%
[ 2019-12-15 14:47:12,437][kfold_wrapper.log_eval_metrics] Accuracy(layer_6 - estimator_1 - 5_folds.train_2.predict)=81.94%
[ 2019-12-15 14:47:14,892][kfold_wrapper.log_eval_metrics] Accuracy(layer_6 - estimator_1 - 5_folds.train_3.predict)=82.58%
[ 2019-12-15 14:47:17,264][kfold_wrapper.log_eval_metrics] Accuracy(layer_6 - estimator_1 - 5_folds.train_4.predict)=83.77%
[ 2019-12-15 14:47:17,576][kfold_wrapper.log_eval_metrics] Accuracy(layer_6 - estimator_1 - 5_folds.train_cv.predict)=82.69%
[ 2019-12-15 14:47:17,577][kfold_wrapper.log_eval_metrics] Accuracy(layer_6 - estimator_1 - 5_folds.test.predict)=79.31%
[ 2019-12-15 14:47:25,840][kfold_wrapper.log_eval_metrics] Accuracy(layer_6 - estimator_2 - 5_folds.train_0.predict)=82.58%
[ 2019-12-15 14:47:34,228][kfold_wrapper.log_eval_metrics] Accuracy(layer_6 - estimator_2 - 5_folds.train_1.predict)=80.65%
[ 2019-12-15 14:47:42,532][kfold_wrapper.log_eval_metrics] Accuracy(layer_6 - estimator_2 - 5_folds.train_2.predict)=78.71%
[ 2019-12-15 14:47:50,887][kfold_wrapper.log_eval_metrics] Accuracy(layer_6 - estimator_2 - 5_folds.train_3.predict)=81.94%
[ 2019-12-15 14:47:59,266][kfold_wrapper.log_eval_metrics] Accuracy(layer_6 - estimator_2 - 5_folds.train_4.predict)=79.87%
[ 2019-12-15 14:47:59,370][kfold_wrapper.log_eval_metrics] Accuracy(layer_6 - estimator_2 - 5_folds.train_cv.predict)=80.75%
[ 2019-12-15 14:47:59,370][kfold_wrapper.log_eval_metrics] Accuracy(layer_6 - estimator_2 - 5_folds.test.predict)=74.71%
[ 2019-12-15 14:48:01,032][kfold_wrapper.log_eval_metrics] Accuracy(layer_6 - estimator_3 - 5_folds.train_0.predict)=76.77%
[ 2019-12-15 14:48:02,758][kfold_wrapper.log_eval_metrics] Accuracy(layer_6 - estimator_3 - 5_folds.train_1.predict)=81.29%
[ 2019-12-15 14:48:04,519][kfold_wrapper.log_eval_metrics] Accuracy(layer_6 - estimator_3 - 5_folds.train_2.predict)=85.16%
[ 2019-12-15 14:48:06,262][kfold_wrapper.log_eval_metrics] Accuracy(layer_6 - estimator_3 - 5_folds.train_3.predict)=83.23%
[ 2019-12-15 14:48:07,979][kfold_wrapper.log_eval_metrics] Accuracy(layer_6 - estimator_3 - 5_folds.train_4.predict)=81.82%
[ 2019-12-15 14:48:07,981][kfold_wrapper.log_eval_metrics] Accuracy(layer_6 - estimator_3 - 5_folds.train_cv.predict)=81.65%
[ 2019-12-15 14:48:07,981][kfold_wrapper.log_eval_metrics] Accuracy(layer_6 - estimator_3 - 5_folds.test.predict)=75.86%
[ 2019-12-15 14:48:07,981][cascade_classifier.calc_accuracy] Accuracy(layer_6 - train.classifier_average)=82.43%
[ 2019-12-15 14:48:07,981][cascade_classifier.calc_accuracy] Accuracy(layer_6 - test.classifier_average)=79.31%
[ 2019-12-15 14:48:07,982][cascade_classifier.fit_transform] [Result][Optimal Level Detected] opt_layer_num=2, accuracy_train=83.07%, accuracy_test=80.46%
[ 2019-12-15 14:48:08,127][cascade_classifier.transform] X_groups_test.shape=[(87, 358)]
[ 2019-12-15 14:48:08,127][cascade_classifier.transform] group_dims=[358]
[ 2019-12-15 14:48:08,127][cascade_classifier.transform] X_test.shape=(87, 358)
[ 2019-12-15 14:48:08,128][cascade_classifier.transform] [layer=0] look_indexs=[0], X_cur_test.shape=(87, 358)
[ 2019-12-15 14:48:11,756][cascade_classifier.transform] [layer=1] look_indexs=[0], X_cur_test.shape=(87, 366)
[ 2019-12-15 14:48:15,409][cascade_classifier.transform] X_groups_test.shape=[(87, 358)]
[ 2019-12-15 14:48:15,410][cascade_classifier.transform] group_dims=[358]
[ 2019-12-15 14:48:15,410][cascade_classifier.transform] X_test.shape=(87, 358)
[ 2019-12-15 14:48:15,411][cascade_classifier.transform] [layer=0] look_indexs=[0], X_cur_test.shape=(87, 358)
[ 2019-12-15 14:48:19,065][cascade_classifier.transform] [layer=1] look_indexs=[0], X_cur_test.shape=(87, 366)
[ 2019-12-15 14:48:22,853][cascade_classifier.fit_transform] X_groups_train.shape=[(774, 358)],y_train.shape=(774,),X_groups_test.shape=[(87, 358)],y_test.shape=(87,)
[ 2019-12-15 14:48:22,855][cascade_classifier.fit_transform] group_dims=[358]
[ 2019-12-15 14:48:22,855][cascade_classifier.fit_transform] group_starts=[0]
[ 2019-12-15 14:48:22,855][cascade_classifier.fit_transform] group_ends=[358]
[ 2019-12-15 14:48:22,855][cascade_classifier.fit_transform] X_train.shape=(774, 358),X_test.shape=(87, 358)
[ 2019-12-15 14:48:22,857][cascade_classifier.fit_transform] [layer=0] look_indexs=[0], X_cur_train.shape=(774, 358), X_cur_test.shape=(87, 358)
[ 2019-12-15 14:48:25,178][kfold_wrapper.log_eval_metrics] Accuracy(layer_0 - estimator_0 - 5_folds.train_0.predict)=81.41%
[ 2019-12-15 14:48:27,805][kfold_wrapper.log_eval_metrics] Accuracy(layer_0 - estimator_0 - 5_folds.train_1.predict)=82.05%
[ 2019-12-15 14:48:30,430][kfold_wrapper.log_eval_metrics] Accuracy(layer_0 - estimator_0 - 5_folds.train_2.predict)=78.57%
[ 2019-12-15 14:48:33,153][kfold_wrapper.log_eval_metrics] Accuracy(layer_0 - estimator_0 - 5_folds.train_3.predict)=79.87%
[ 2019-12-15 14:48:35,775][kfold_wrapper.log_eval_metrics] Accuracy(layer_0 - estimator_0 - 5_folds.train_4.predict)=85.71%
[ 2019-12-15 14:48:36,083][kfold_wrapper.log_eval_metrics] Accuracy(layer_0 - estimator_0 - 5_folds.train_cv.predict)=81.52%
[ 2019-12-15 14:48:36,084][kfold_wrapper.log_eval_metrics] Accuracy(layer_0 - estimator_0 - 5_folds.test.predict)=80.46%
[ 2019-12-15 14:48:38,138][kfold_wrapper.log_eval_metrics] Accuracy(layer_0 - estimator_1 - 5_folds.train_0.predict)=80.13%
[ 2019-12-15 14:48:40,604][kfold_wrapper.log_eval_metrics] Accuracy(layer_0 - estimator_1 - 5_folds.train_1.predict)=81.41%
[ 2019-12-15 14:48:43,068][kfold_wrapper.log_eval_metrics] Accuracy(layer_0 - estimator_1 - 5_folds.train_2.predict)=81.82%
[ 2019-12-15 14:48:45,543][kfold_wrapper.log_eval_metrics] Accuracy(layer_0 - estimator_1 - 5_folds.train_3.predict)=80.52%
[ 2019-12-15 14:48:48,008][kfold_wrapper.log_eval_metrics] Accuracy(layer_0 - estimator_1 - 5_folds.train_4.predict)=85.06%
[ 2019-12-15 14:48:48,319][kfold_wrapper.log_eval_metrics] Accuracy(layer_0 - estimator_1 - 5_folds.train_cv.predict)=81.78%
[ 2019-12-15 14:48:48,320][kfold_wrapper.log_eval_metrics] Accuracy(layer_0 - estimator_1 - 5_folds.test.predict)=81.61%
[ 2019-12-15 14:48:56,407][kfold_wrapper.log_eval_metrics] Accuracy(layer_0 - estimator_2 - 5_folds.train_0.predict)=82.05%
[ 2019-12-15 14:49:04,585][kfold_wrapper.log_eval_metrics] Accuracy(layer_0 - estimator_2 - 5_folds.train_1.predict)=80.77%
[ 2019-12-15 14:49:12,810][kfold_wrapper.log_eval_metrics] Accuracy(layer_0 - estimator_2 - 5_folds.train_2.predict)=77.92%
[ 2019-12-15 14:49:21,010][kfold_wrapper.log_eval_metrics] Accuracy(layer_0 - estimator_2 - 5_folds.train_3.predict)=84.42%
[ 2019-12-15 14:49:29,114][kfold_wrapper.log_eval_metrics] Accuracy(layer_0 - estimator_2 - 5_folds.train_4.predict)=79.87%
[ 2019-12-15 14:49:29,217][kfold_wrapper.log_eval_metrics] Accuracy(layer_0 - estimator_2 - 5_folds.train_cv.predict)=81.01%
[ 2019-12-15 14:49:29,217][kfold_wrapper.log_eval_metrics] Accuracy(layer_0 - estimator_2 - 5_folds.test.predict)=83.91%
[ 2019-12-15 14:49:30,941][kfold_wrapper.log_eval_metrics] Accuracy(layer_0 - estimator_3 - 5_folds.train_0.predict)=83.97%
[ 2019-12-15 14:49:32,598][kfold_wrapper.log_eval_metrics] Accuracy(layer_0 - estimator_3 - 5_folds.train_1.predict)=78.85%
[ 2019-12-15 14:49:34,233][kfold_wrapper.log_eval_metrics] Accuracy(layer_0 - estimator_3 - 5_folds.train_2.predict)=83.12%
[ 2019-12-15 14:49:35,916][kfold_wrapper.log_eval_metrics] Accuracy(layer_0 - estimator_3 - 5_folds.train_3.predict)=78.57%
[ 2019-12-15 14:49:37,668][kfold_wrapper.log_eval_metrics] Accuracy(layer_0 - estimator_3 - 5_folds.train_4.predict)=82.47%
[ 2019-12-15 14:49:37,670][kfold_wrapper.log_eval_metrics] Accuracy(layer_0 - estimator_3 - 5_folds.train_cv.predict)=81.40%
[ 2019-12-15 14:49:37,671][kfold_wrapper.log_eval_metrics] Accuracy(layer_0 - estimator_3 - 5_folds.test.predict)=83.91%
[ 2019-12-15 14:49:37,671][cascade_classifier.calc_accuracy] Accuracy(layer_0 - train.classifier_average)=82.17%
[ 2019-12-15 14:49:37,671][cascade_classifier.calc_accuracy] Accuracy(layer_0 - test.classifier_average)=85.06%
[ 2019-12-15 14:49:37,679][cascade_classifier.fit_transform] [layer=1] look_indexs=[0], X_cur_train.shape=(774, 366), X_cur_test.shape=(87, 366)
[ 2019-12-15 14:49:40,089][kfold_wrapper.log_eval_metrics] Accuracy(layer_1 - estimator_0 - 5_folds.train_0.predict)=84.62%
[ 2019-12-15 14:49:42,719][kfold_wrapper.log_eval_metrics] Accuracy(layer_1 - estimator_0 - 5_folds.train_1.predict)=81.41%
[ 2019-12-15 14:49:45,347][kfold_wrapper.log_eval_metrics] Accuracy(layer_1 - estimator_0 - 5_folds.train_2.predict)=82.47%
[ 2019-12-15 14:49:47,972][kfold_wrapper.log_eval_metrics] Accuracy(layer_1 - estimator_0 - 5_folds.train_3.predict)=81.17%
[ 2019-12-15 14:49:50,698][kfold_wrapper.log_eval_metrics] Accuracy(layer_1 - estimator_0 - 5_folds.train_4.predict)=79.87%
[ 2019-12-15 14:49:51,016][kfold_wrapper.log_eval_metrics] Accuracy(layer_1 - estimator_0 - 5_folds.train_cv.predict)=81.91%
[ 2019-12-15 14:49:51,016][kfold_wrapper.log_eval_metrics] Accuracy(layer_1 - estimator_0 - 5_folds.test.predict)=85.06%
[ 2019-12-15 14:49:53,169][kfold_wrapper.log_eval_metrics] Accuracy(layer_1 - estimator_1 - 5_folds.train_0.predict)=81.41%
[ 2019-12-15 14:49:55,626][kfold_wrapper.log_eval_metrics] Accuracy(layer_1 - estimator_1 - 5_folds.train_1.predict)=82.05%
[ 2019-12-15 14:49:58,103][kfold_wrapper.log_eval_metrics] Accuracy(layer_1 - estimator_1 - 5_folds.train_2.predict)=82.47%
[ 2019-12-15 14:50:00,561][kfold_wrapper.log_eval_metrics] Accuracy(layer_1 - estimator_1 - 5_folds.train_3.predict)=79.22%
[ 2019-12-15 14:50:02,929][kfold_wrapper.log_eval_metrics] Accuracy(layer_1 - estimator_1 - 5_folds.train_4.predict)=83.12%
[ 2019-12-15 14:50:03,246][kfold_wrapper.log_eval_metrics] Accuracy(layer_1 - estimator_1 - 5_folds.train_cv.predict)=81.65%
[ 2019-12-15 14:50:03,251][kfold_wrapper.log_eval_metrics] Accuracy(layer_1 - estimator_1 - 5_folds.test.predict)=83.91%
[ 2019-12-15 14:50:11,493][kfold_wrapper.log_eval_metrics] Accuracy(layer_1 - estimator_2 - 5_folds.train_0.predict)=80.13%
[ 2019-12-15 14:50:19,922][kfold_wrapper.log_eval_metrics] Accuracy(layer_1 - estimator_2 - 5_folds.train_1.predict)=78.85%
[ 2019-12-15 14:50:28,253][kfold_wrapper.log_eval_metrics] Accuracy(layer_1 - estimator_2 - 5_folds.train_2.predict)=74.68%
[ 2019-12-15 14:50:36,675][kfold_wrapper.log_eval_metrics] Accuracy(layer_1 - estimator_2 - 5_folds.train_3.predict)=77.27%
[ 2019-12-15 14:50:45,116][kfold_wrapper.log_eval_metrics] Accuracy(layer_1 - estimator_2 - 5_folds.train_4.predict)=84.42%
[ 2019-12-15 14:50:45,223][kfold_wrapper.log_eval_metrics] Accuracy(layer_1 - estimator_2 - 5_folds.train_cv.predict)=79.07%
[ 2019-12-15 14:50:45,223][kfold_wrapper.log_eval_metrics] Accuracy(layer_1 - estimator_2 - 5_folds.test.predict)=86.21%
[ 2019-12-15 14:50:46,914][kfold_wrapper.log_eval_metrics] Accuracy(layer_1 - estimator_3 - 5_folds.train_0.predict)=79.49%
[ 2019-12-15 14:50:48,823][kfold_wrapper.log_eval_metrics] Accuracy(layer_1 - estimator_3 - 5_folds.train_1.predict)=83.33%
[ 2019-12-15 14:50:50,681][kfold_wrapper.log_eval_metrics] Accuracy(layer_1 - estimator_3 - 5_folds.train_2.predict)=79.87%
[ 2019-12-15 14:50:52,399][kfold_wrapper.log_eval_metrics] Accuracy(layer_1 - estimator_3 - 5_folds.train_3.predict)=79.22%
[ 2019-12-15 14:50:54,128][kfold_wrapper.log_eval_metrics] Accuracy(layer_1 - estimator_3 - 5_folds.train_4.predict)=83.12%
[ 2019-12-15 14:50:54,130][kfold_wrapper.log_eval_metrics] Accuracy(layer_1 - estimator_3 - 5_folds.train_cv.predict)=81.01%
[ 2019-12-15 14:50:54,130][kfold_wrapper.log_eval_metrics] Accuracy(layer_1 - estimator_3 - 5_folds.test.predict)=85.06%
[ 2019-12-15 14:50:54,130][cascade_classifier.calc_accuracy] Accuracy(layer_1 - train.classifier_average)=81.14%
[ 2019-12-15 14:50:54,130][cascade_classifier.calc_accuracy] Accuracy(layer_1 - test.classifier_average)=87.36%
[ 2019-12-15 14:50:54,132][cascade_classifier.fit_transform] [layer=2] look_indexs=[0], X_cur_train.shape=(774, 366), X_cur_test.shape=(87, 366)
[ 2019-12-15 14:50:56,456][kfold_wrapper.log_eval_metrics] Accuracy(layer_2 - estimator_0 - 5_folds.train_0.predict)=83.33%
[ 2019-12-15 14:50:59,085][kfold_wrapper.log_eval_metrics] Accuracy(layer_2 - estimator_0 - 5_folds.train_1.predict)=80.13%
[ 2019-12-15 14:51:01,718][kfold_wrapper.log_eval_metrics] Accuracy(layer_2 - estimator_0 - 5_folds.train_2.predict)=79.22%
[ 2019-12-15 14:51:04,349][kfold_wrapper.log_eval_metrics] Accuracy(layer_2 - estimator_0 - 5_folds.train_3.predict)=79.87%
[ 2019-12-15 14:51:07,007][kfold_wrapper.log_eval_metrics] Accuracy(layer_2 - estimator_0 - 5_folds.train_4.predict)=79.87%
[ 2019-12-15 14:51:07,316][kfold_wrapper.log_eval_metrics] Accuracy(layer_2 - estimator_0 - 5_folds.train_cv.predict)=80.49%
[ 2019-12-15 14:51:07,317][kfold_wrapper.log_eval_metrics] Accuracy(layer_2 - estimator_0 - 5_folds.test.predict)=85.06%
[ 2019-12-15 14:51:09,476][kfold_wrapper.log_eval_metrics] Accuracy(layer_2 - estimator_1 - 5_folds.train_0.predict)=83.97%
[ 2019-12-15 14:51:11,947][kfold_wrapper.log_eval_metrics] Accuracy(layer_2 - estimator_1 - 5_folds.train_1.predict)=83.97%
[ 2019-12-15 14:51:14,416][kfold_wrapper.log_eval_metrics] Accuracy(layer_2 - estimator_1 - 5_folds.train_2.predict)=78.57%
[ 2019-12-15 14:51:16,784][kfold_wrapper.log_eval_metrics] Accuracy(layer_2 - estimator_1 - 5_folds.train_3.predict)=75.97%
[ 2019-12-15 14:51:19,253][kfold_wrapper.log_eval_metrics] Accuracy(layer_2 - estimator_1 - 5_folds.train_4.predict)=79.87%
[ 2019-12-15 14:51:19,561][kfold_wrapper.log_eval_metrics] Accuracy(layer_2 - estimator_1 - 5_folds.train_cv.predict)=80.49%
[ 2019-12-15 14:51:19,562][kfold_wrapper.log_eval_metrics] Accuracy(layer_2 - estimator_1 - 5_folds.test.predict)=86.21%
[ 2019-12-15 14:51:27,884][kfold_wrapper.log_eval_metrics] Accuracy(layer_2 - estimator_2 - 5_folds.train_0.predict)=78.85%
[ 2019-12-15 14:51:36,230][kfold_wrapper.log_eval_metrics] Accuracy(layer_2 - estimator_2 - 5_folds.train_1.predict)=76.28%
[ 2019-12-15 14:51:44,618][kfold_wrapper.log_eval_metrics] Accuracy(layer_2 - estimator_2 - 5_folds.train_2.predict)=79.87%
[ 2019-12-15 14:51:52,954][kfold_wrapper.log_eval_metrics] Accuracy(layer_2 - estimator_2 - 5_folds.train_3.predict)=79.87%
[ 2019-12-15 14:52:01,413][kfold_wrapper.log_eval_metrics] Accuracy(layer_2 - estimator_2 - 5_folds.train_4.predict)=85.71%
[ 2019-12-15 14:52:01,519][kfold_wrapper.log_eval_metrics] Accuracy(layer_2 - estimator_2 - 5_folds.train_cv.predict)=80.10%
[ 2019-12-15 14:52:01,519][kfold_wrapper.log_eval_metrics] Accuracy(layer_2 - estimator_2 - 5_folds.test.predict)=82.76%
[ 2019-12-15 14:52:03,367][kfold_wrapper.log_eval_metrics] Accuracy(layer_2 - estimator_3 - 5_folds.train_0.predict)=84.62%
[ 2019-12-15 14:52:05,032][kfold_wrapper.log_eval_metrics] Accuracy(layer_2 - estimator_3 - 5_folds.train_1.predict)=80.13%
[ 2019-12-15 14:52:06,748][kfold_wrapper.log_eval_metrics] Accuracy(layer_2 - estimator_3 - 5_folds.train_2.predict)=80.52%
[ 2019-12-15 14:52:08,520][kfold_wrapper.log_eval_metrics] Accuracy(layer_2 - estimator_3 - 5_folds.train_3.predict)=81.82%
[ 2019-12-15 14:52:10,192][kfold_wrapper.log_eval_metrics] Accuracy(layer_2 - estimator_3 - 5_folds.train_4.predict)=79.22%
[ 2019-12-15 14:52:10,194][kfold_wrapper.log_eval_metrics] Accuracy(layer_2 - estimator_3 - 5_folds.train_cv.predict)=81.27%
[ 2019-12-15 14:52:10,194][kfold_wrapper.log_eval_metrics] Accuracy(layer_2 - estimator_3 - 5_folds.test.predict)=85.06%
[ 2019-12-15 14:52:10,195][cascade_classifier.calc_accuracy] Accuracy(layer_2 - train.classifier_average)=80.88%
[ 2019-12-15 14:52:10,195][cascade_classifier.calc_accuracy] Accuracy(layer_2 - test.classifier_average)=85.06%
[ 2019-12-15 14:52:10,197][cascade_classifier.fit_transform] [layer=3] look_indexs=[0], X_cur_train.shape=(774, 366), X_cur_test.shape=(87, 366)
[ 2019-12-15 14:52:12,571][kfold_wrapper.log_eval_metrics] Accuracy(layer_3 - estimator_0 - 5_folds.train_0.predict)=80.13%
[ 2019-12-15 14:52:15,207][kfold_wrapper.log_eval_metrics] Accuracy(layer_3 - estimator_0 - 5_folds.train_1.predict)=80.77%
[ 2019-12-15 14:52:17,836][kfold_wrapper.log_eval_metrics] Accuracy(layer_3 - estimator_0 - 5_folds.train_2.predict)=76.62%
[ 2019-12-15 14:52:20,466][kfold_wrapper.log_eval_metrics] Accuracy(layer_3 - estimator_0 - 5_folds.train_3.predict)=80.52%
[ 2019-12-15 14:52:23,102][kfold_wrapper.log_eval_metrics] Accuracy(layer_3 - estimator_0 - 5_folds.train_4.predict)=84.42%
[ 2019-12-15 14:52:23,413][kfold_wrapper.log_eval_metrics] Accuracy(layer_3 - estimator_0 - 5_folds.train_cv.predict)=80.49%
[ 2019-12-15 14:52:23,414][kfold_wrapper.log_eval_metrics] Accuracy(layer_3 - estimator_0 - 5_folds.test.predict)=87.36%
[ 2019-12-15 14:52:25,582][kfold_wrapper.log_eval_metrics] Accuracy(layer_3 - estimator_1 - 5_folds.train_0.predict)=82.69%
[ 2019-12-15 14:52:28,046][kfold_wrapper.log_eval_metrics] Accuracy(layer_3 - estimator_1 - 5_folds.train_1.predict)=82.69%
[ 2019-12-15 14:52:30,504][kfold_wrapper.log_eval_metrics] Accuracy(layer_3 - estimator_1 - 5_folds.train_2.predict)=79.22%
[ 2019-12-15 14:52:32,956][kfold_wrapper.log_eval_metrics] Accuracy(layer_3 - estimator_1 - 5_folds.train_3.predict)=83.77%
[ 2019-12-15 14:52:35,325][kfold_wrapper.log_eval_metrics] Accuracy(layer_3 - estimator_1 - 5_folds.train_4.predict)=78.57%
[ 2019-12-15 14:52:35,631][kfold_wrapper.log_eval_metrics] Accuracy(layer_3 - estimator_1 - 5_folds.train_cv.predict)=81.40%
[ 2019-12-15 14:52:35,632][kfold_wrapper.log_eval_metrics] Accuracy(layer_3 - estimator_1 - 5_folds.test.predict)=85.06%
[ 2019-12-15 14:52:44,022][kfold_wrapper.log_eval_metrics] Accuracy(layer_3 - estimator_2 - 5_folds.train_0.predict)=77.56%
[ 2019-12-15 14:52:52,408][kfold_wrapper.log_eval_metrics] Accuracy(layer_3 - estimator_2 - 5_folds.train_1.predict)=81.41%
