[ 2019-12-15 17:13:24,405][cascade_classifier.fit_transform] X_groups_train.shape=[(774, 358)],y_train.shape=(774,),X_groups_test.shape=[(87, 358)],y_test.shape=(87,)
[ 2019-12-15 17:13:24,407][cascade_classifier.fit_transform] group_dims=[358]
[ 2019-12-15 17:13:24,407][cascade_classifier.fit_transform] group_starts=[0]
[ 2019-12-15 17:13:24,407][cascade_classifier.fit_transform] group_ends=[358]
[ 2019-12-15 17:13:24,408][cascade_classifier.fit_transform] X_train.shape=(774, 358),X_test.shape=(87, 358)
[ 2019-12-15 17:13:24,409][cascade_classifier.fit_transform] [layer=0] look_indexs=[0], X_cur_train.shape=(774, 358), X_cur_test.shape=(87, 358)
[ 2019-12-15 17:13:25,524][kfold_wrapper.log_eval_metrics] Accuracy(layer_0 - estimator_0 - 5_folds.train_0.predict)=83.33%
[ 2019-12-15 17:13:26,821][kfold_wrapper.log_eval_metrics] Accuracy(layer_0 - estimator_0 - 5_folds.train_1.predict)=82.05%
[ 2019-12-15 17:13:28,127][kfold_wrapper.log_eval_metrics] Accuracy(layer_0 - estimator_0 - 5_folds.train_2.predict)=77.27%
[ 2019-12-15 17:13:29,341][kfold_wrapper.log_eval_metrics] Accuracy(layer_0 - estimator_0 - 5_folds.train_3.predict)=81.82%
[ 2019-12-15 17:13:30,541][kfold_wrapper.log_eval_metrics] Accuracy(layer_0 - estimator_0 - 5_folds.train_4.predict)=78.57%
[ 2019-12-15 17:13:30,750][kfold_wrapper.log_eval_metrics] Accuracy(layer_0 - estimator_0 - 5_folds.train_cv.predict)=80.62%
[ 2019-12-15 17:13:30,751][kfold_wrapper.log_eval_metrics] Accuracy(layer_0 - estimator_0 - 5_folds.test.predict)=85.06%
[ 2019-12-15 17:13:31,720][kfold_wrapper.log_eval_metrics] Accuracy(layer_0 - estimator_1 - 5_folds.train_0.predict)=81.41%
[ 2019-12-15 17:13:32,897][kfold_wrapper.log_eval_metrics] Accuracy(layer_0 - estimator_1 - 5_folds.train_1.predict)=83.33%
[ 2019-12-15 17:13:34,079][kfold_wrapper.log_eval_metrics] Accuracy(layer_0 - estimator_1 - 5_folds.train_2.predict)=81.17%
[ 2019-12-15 17:13:35,251][kfold_wrapper.log_eval_metrics] Accuracy(layer_0 - estimator_1 - 5_folds.train_3.predict)=79.87%
[ 2019-12-15 17:13:36,429][kfold_wrapper.log_eval_metrics] Accuracy(layer_0 - estimator_1 - 5_folds.train_4.predict)=80.52%
[ 2019-12-15 17:13:36,637][kfold_wrapper.log_eval_metrics] Accuracy(layer_0 - estimator_1 - 5_folds.train_cv.predict)=81.27%
[ 2019-12-15 17:13:36,638][kfold_wrapper.log_eval_metrics] Accuracy(layer_0 - estimator_1 - 5_folds.test.predict)=86.21%
[ 2019-12-15 17:13:39,896][kfold_wrapper.log_eval_metrics] Accuracy(layer_0 - estimator_2 - 5_folds.train_0.predict)=78.21%
[ 2019-12-15 17:13:43,156][kfold_wrapper.log_eval_metrics] Accuracy(layer_0 - estimator_2 - 5_folds.train_1.predict)=81.41%
[ 2019-12-15 17:13:46,416][kfold_wrapper.log_eval_metrics] Accuracy(layer_0 - estimator_2 - 5_folds.train_2.predict)=79.22%
[ 2019-12-15 17:13:49,649][kfold_wrapper.log_eval_metrics] Accuracy(layer_0 - estimator_2 - 5_folds.train_3.predict)=85.06%
[ 2019-12-15 17:13:52,887][kfold_wrapper.log_eval_metrics] Accuracy(layer_0 - estimator_2 - 5_folds.train_4.predict)=79.87%
[ 2019-12-15 17:13:52,927][kfold_wrapper.log_eval_metrics] Accuracy(layer_0 - estimator_2 - 5_folds.train_cv.predict)=80.75%
[ 2019-12-15 17:13:52,928][kfold_wrapper.log_eval_metrics] Accuracy(layer_0 - estimator_2 - 5_folds.test.predict)=83.91%
[ 2019-12-15 17:13:52,928][cascade_classifier.calc_accuracy] Accuracy(layer_0 - train.classifier_average)=80.49%
[ 2019-12-15 17:13:52,928][cascade_classifier.calc_accuracy] Accuracy(layer_0 - test.classifier_average)=87.36%
[ 2019-12-15 17:13:52,930][cascade_classifier.fit_transform] [layer=1] look_indexs=[0], X_cur_train.shape=(774, 364), X_cur_test.shape=(87, 364)
[ 2019-12-15 17:13:54,038][kfold_wrapper.log_eval_metrics] Accuracy(layer_1 - estimator_0 - 5_folds.train_0.predict)=80.77%
[ 2019-12-15 17:13:55,338][kfold_wrapper.log_eval_metrics] Accuracy(layer_1 - estimator_0 - 5_folds.train_1.predict)=85.26%
[ 2019-12-15 17:13:56,532][kfold_wrapper.log_eval_metrics] Accuracy(layer_1 - estimator_0 - 5_folds.train_2.predict)=79.87%
[ 2019-12-15 17:13:57,833][kfold_wrapper.log_eval_metrics] Accuracy(layer_1 - estimator_0 - 5_folds.train_3.predict)=80.52%
[ 2019-12-15 17:13:59,130][kfold_wrapper.log_eval_metrics] Accuracy(layer_1 - estimator_0 - 5_folds.train_4.predict)=81.17%
[ 2019-12-15 17:13:59,245][kfold_wrapper.log_eval_metrics] Accuracy(layer_1 - estimator_0 - 5_folds.train_cv.predict)=81.52%
[ 2019-12-15 17:13:59,245][kfold_wrapper.log_eval_metrics] Accuracy(layer_1 - estimator_0 - 5_folds.test.predict)=87.36%
[ 2019-12-15 17:14:00,217][kfold_wrapper.log_eval_metrics] Accuracy(layer_1 - estimator_1 - 5_folds.train_0.predict)=89.10%
[ 2019-12-15 17:14:01,391][kfold_wrapper.log_eval_metrics] Accuracy(layer_1 - estimator_1 - 5_folds.train_1.predict)=78.85%
[ 2019-12-15 17:14:02,461][kfold_wrapper.log_eval_metrics] Accuracy(layer_1 - estimator_1 - 5_folds.train_2.predict)=78.57%
[ 2019-12-15 17:14:03,637][kfold_wrapper.log_eval_metrics] Accuracy(layer_1 - estimator_1 - 5_folds.train_3.predict)=80.52%
[ 2019-12-15 17:14:04,823][kfold_wrapper.log_eval_metrics] Accuracy(layer_1 - estimator_1 - 5_folds.train_4.predict)=81.82%
[ 2019-12-15 17:14:05,040][kfold_wrapper.log_eval_metrics] Accuracy(layer_1 - estimator_1 - 5_folds.train_cv.predict)=81.78%
[ 2019-12-15 17:14:05,041][kfold_wrapper.log_eval_metrics] Accuracy(layer_1 - estimator_1 - 5_folds.test.predict)=85.06%
[ 2019-12-15 17:14:08,413][kfold_wrapper.log_eval_metrics] Accuracy(layer_1 - estimator_2 - 5_folds.train_0.predict)=83.33%
[ 2019-12-15 17:14:11,731][kfold_wrapper.log_eval_metrics] Accuracy(layer_1 - estimator_2 - 5_folds.train_1.predict)=80.13%
[ 2019-12-15 17:14:15,088][kfold_wrapper.log_eval_metrics] Accuracy(layer_1 - estimator_2 - 5_folds.train_2.predict)=81.82%
[ 2019-12-15 17:14:18,444][kfold_wrapper.log_eval_metrics] Accuracy(layer_1 - estimator_2 - 5_folds.train_3.predict)=76.62%
[ 2019-12-15 17:14:21,840][kfold_wrapper.log_eval_metrics] Accuracy(layer_1 - estimator_2 - 5_folds.train_4.predict)=81.17%
[ 2019-12-15 17:14:21,881][kfold_wrapper.log_eval_metrics] Accuracy(layer_1 - estimator_2 - 5_folds.train_cv.predict)=80.62%
[ 2019-12-15 17:14:21,881][kfold_wrapper.log_eval_metrics] Accuracy(layer_1 - estimator_2 - 5_folds.test.predict)=87.36%
[ 2019-12-15 17:14:21,881][cascade_classifier.calc_accuracy] Accuracy(layer_1 - train.classifier_average)=81.78%
[ 2019-12-15 17:14:21,881][cascade_classifier.calc_accuracy] Accuracy(layer_1 - test.classifier_average)=86.21%
[ 2019-12-15 17:14:21,883][cascade_classifier.fit_transform] [layer=2] look_indexs=[0], X_cur_train.shape=(774, 364), X_cur_test.shape=(87, 364)
[ 2019-12-15 17:14:22,989][kfold_wrapper.log_eval_metrics] Accuracy(layer_2 - estimator_0 - 5_folds.train_0.predict)=80.13%
[ 2019-12-15 17:14:24,298][kfold_wrapper.log_eval_metrics] Accuracy(layer_2 - estimator_0 - 5_folds.train_1.predict)=79.49%
[ 2019-12-15 17:14:25,596][kfold_wrapper.log_eval_metrics] Accuracy(layer_2 - estimator_0 - 5_folds.train_2.predict)=76.62%
[ 2019-12-15 17:14:26,912][kfold_wrapper.log_eval_metrics] Accuracy(layer_2 - estimator_0 - 5_folds.train_3.predict)=86.36%
[ 2019-12-15 17:14:28,234][kfold_wrapper.log_eval_metrics] Accuracy(layer_2 - estimator_0 - 5_folds.train_4.predict)=79.22%
[ 2019-12-15 17:14:28,443][kfold_wrapper.log_eval_metrics] Accuracy(layer_2 - estimator_0 - 5_folds.train_cv.predict)=80.36%
[ 2019-12-15 17:14:28,443][kfold_wrapper.log_eval_metrics] Accuracy(layer_2 - estimator_0 - 5_folds.test.predict)=85.06%
[ 2019-12-15 17:14:29,413][kfold_wrapper.log_eval_metrics] Accuracy(layer_2 - estimator_1 - 5_folds.train_0.predict)=80.13%
[ 2019-12-15 17:14:30,597][kfold_wrapper.log_eval_metrics] Accuracy(layer_2 - estimator_1 - 5_folds.train_1.predict)=82.05%
[ 2019-12-15 17:14:31,786][kfold_wrapper.log_eval_metrics] Accuracy(layer_2 - estimator_1 - 5_folds.train_2.predict)=85.71%
[ 2019-12-15 17:14:32,962][kfold_wrapper.log_eval_metrics] Accuracy(layer_2 - estimator_1 - 5_folds.train_3.predict)=79.22%
[ 2019-12-15 17:14:34,128][kfold_wrapper.log_eval_metrics] Accuracy(layer_2 - estimator_1 - 5_folds.train_4.predict)=84.42%
[ 2019-12-15 17:14:34,337][kfold_wrapper.log_eval_metrics] Accuracy(layer_2 - estimator_1 - 5_folds.train_cv.predict)=82.30%
[ 2019-12-15 17:14:34,337][kfold_wrapper.log_eval_metrics] Accuracy(layer_2 - estimator_1 - 5_folds.test.predict)=86.21%
[ 2019-12-15 17:14:37,664][kfold_wrapper.log_eval_metrics] Accuracy(layer_2 - estimator_2 - 5_folds.train_0.predict)=77.56%
[ 2019-12-15 17:14:41,048][kfold_wrapper.log_eval_metrics] Accuracy(layer_2 - estimator_2 - 5_folds.train_1.predict)=81.41%
[ 2019-12-15 17:14:44,398][kfold_wrapper.log_eval_metrics] Accuracy(layer_2 - estimator_2 - 5_folds.train_2.predict)=77.92%
[ 2019-12-15 17:14:47,812][kfold_wrapper.log_eval_metrics] Accuracy(layer_2 - estimator_2 - 5_folds.train_3.predict)=78.57%
[ 2019-12-15 17:14:51,197][kfold_wrapper.log_eval_metrics] Accuracy(layer_2 - estimator_2 - 5_folds.train_4.predict)=82.47%
[ 2019-12-15 17:14:51,246][kfold_wrapper.log_eval_metrics] Accuracy(layer_2 - estimator_2 - 5_folds.train_cv.predict)=79.59%
[ 2019-12-15 17:14:51,246][kfold_wrapper.log_eval_metrics] Accuracy(layer_2 - estimator_2 - 5_folds.test.predict)=87.36%
[ 2019-12-15 17:14:51,246][cascade_classifier.calc_accuracy] Accuracy(layer_2 - train.classifier_average)=81.40%
[ 2019-12-15 17:14:51,247][cascade_classifier.calc_accuracy] Accuracy(layer_2 - test.classifier_average)=86.21%
[ 2019-12-15 17:14:51,248][cascade_classifier.fit_transform] [layer=3] look_indexs=[0], X_cur_train.shape=(774, 364), X_cur_test.shape=(87, 364)
[ 2019-12-15 17:14:52,357][kfold_wrapper.log_eval_metrics] Accuracy(layer_3 - estimator_0 - 5_folds.train_0.predict)=87.18%
[ 2019-12-15 17:14:53,671][kfold_wrapper.log_eval_metrics] Accuracy(layer_3 - estimator_0 - 5_folds.train_1.predict)=84.62%
[ 2019-12-15 17:14:54,978][kfold_wrapper.log_eval_metrics] Accuracy(layer_3 - estimator_0 - 5_folds.train_2.predict)=79.87%
[ 2019-12-15 17:14:56,279][kfold_wrapper.log_eval_metrics] Accuracy(layer_3 - estimator_0 - 5_folds.train_3.predict)=75.97%
[ 2019-12-15 17:14:57,499][kfold_wrapper.log_eval_metrics] Accuracy(layer_3 - estimator_0 - 5_folds.train_4.predict)=80.52%
[ 2019-12-15 17:14:57,708][kfold_wrapper.log_eval_metrics] Accuracy(layer_3 - estimator_0 - 5_folds.train_cv.predict)=81.65%
[ 2019-12-15 17:14:57,708][kfold_wrapper.log_eval_metrics] Accuracy(layer_3 - estimator_0 - 5_folds.test.predict)=85.06%
[ 2019-12-15 17:14:58,686][kfold_wrapper.log_eval_metrics] Accuracy(layer_3 - estimator_1 - 5_folds.train_0.predict)=80.13%
[ 2019-12-15 17:14:59,765][kfold_wrapper.log_eval_metrics] Accuracy(layer_3 - estimator_1 - 5_folds.train_1.predict)=83.97%
[ 2019-12-15 17:15:00,945][kfold_wrapper.log_eval_metrics] Accuracy(layer_3 - estimator_1 - 5_folds.train_2.predict)=81.17%
[ 2019-12-15 17:15:02,118][kfold_wrapper.log_eval_metrics] Accuracy(layer_3 - estimator_1 - 5_folds.train_3.predict)=79.87%
[ 2019-12-15 17:15:03,287][kfold_wrapper.log_eval_metrics] Accuracy(layer_3 - estimator_1 - 5_folds.train_4.predict)=83.77%
[ 2019-12-15 17:15:03,495][kfold_wrapper.log_eval_metrics] Accuracy(layer_3 - estimator_1 - 5_folds.train_cv.predict)=81.78%
[ 2019-12-15 17:15:03,496][kfold_wrapper.log_eval_metrics] Accuracy(layer_3 - estimator_1 - 5_folds.test.predict)=83.91%
[ 2019-12-15 17:15:06,843][kfold_wrapper.log_eval_metrics] Accuracy(layer_3 - estimator_2 - 5_folds.train_0.predict)=82.69%
[ 2019-12-15 17:15:10,185][kfold_wrapper.log_eval_metrics] Accuracy(layer_3 - estimator_2 - 5_folds.train_1.predict)=82.05%
[ 2019-12-15 17:15:13,592][kfold_wrapper.log_eval_metrics] Accuracy(layer_3 - estimator_2 - 5_folds.train_2.predict)=81.17%
[ 2019-12-15 17:15:16,947][kfold_wrapper.log_eval_metrics] Accuracy(layer_3 - estimator_2 - 5_folds.train_3.predict)=74.03%
[ 2019-12-15 17:15:20,329][kfold_wrapper.log_eval_metrics] Accuracy(layer_3 - estimator_2 - 5_folds.train_4.predict)=82.47%
[ 2019-12-15 17:15:20,372][kfold_wrapper.log_eval_metrics] Accuracy(layer_3 - estimator_2 - 5_folds.train_cv.predict)=80.49%
[ 2019-12-15 17:15:20,372][kfold_wrapper.log_eval_metrics] Accuracy(layer_3 - estimator_2 - 5_folds.test.predict)=86.21%
[ 2019-12-15 17:15:20,373][cascade_classifier.calc_accuracy] Accuracy(layer_3 - train.classifier_average)=81.52%
[ 2019-12-15 17:15:20,373][cascade_classifier.calc_accuracy] Accuracy(layer_3 - test.classifier_average)=85.06%
[ 2019-12-15 17:15:20,375][cascade_classifier.fit_transform] [layer=4] look_indexs=[0], X_cur_train.shape=(774, 364), X_cur_test.shape=(87, 364)
[ 2019-12-15 17:15:21,487][kfold_wrapper.log_eval_metrics] Accuracy(layer_4 - estimator_0 - 5_folds.train_0.predict)=76.92%
[ 2019-12-15 17:15:22,684][kfold_wrapper.log_eval_metrics] Accuracy(layer_4 - estimator_0 - 5_folds.train_1.predict)=82.69%
[ 2019-12-15 17:15:23,997][kfold_wrapper.log_eval_metrics] Accuracy(layer_4 - estimator_0 - 5_folds.train_2.predict)=85.71%
[ 2019-12-15 17:15:25,295][kfold_wrapper.log_eval_metrics] Accuracy(layer_4 - estimator_0 - 5_folds.train_3.predict)=82.47%
[ 2019-12-15 17:15:26,500][kfold_wrapper.log_eval_metrics] Accuracy(layer_4 - estimator_0 - 5_folds.train_4.predict)=82.47%
[ 2019-12-15 17:15:26,712][kfold_wrapper.log_eval_metrics] Accuracy(layer_4 - estimator_0 - 5_folds.train_cv.predict)=82.04%
[ 2019-12-15 17:15:26,712][kfold_wrapper.log_eval_metrics] Accuracy(layer_4 - estimator_0 - 5_folds.test.predict)=85.06%
[ 2019-12-15 17:15:27,690][kfold_wrapper.log_eval_metrics] Accuracy(layer_4 - estimator_1 - 5_folds.train_0.predict)=83.33%
[ 2019-12-15 17:15:28,856][kfold_wrapper.log_eval_metrics] Accuracy(layer_4 - estimator_1 - 5_folds.train_1.predict)=82.69%
[ 2019-12-15 17:15:29,937][kfold_wrapper.log_eval_metrics] Accuracy(layer_4 - estimator_1 - 5_folds.train_2.predict)=80.52%
[ 2019-12-15 17:15:31,116][kfold_wrapper.log_eval_metrics] Accuracy(layer_4 - estimator_1 - 5_folds.train_3.predict)=88.31%
[ 2019-12-15 17:15:32,286][kfold_wrapper.log_eval_metrics] Accuracy(layer_4 - estimator_1 - 5_folds.train_4.predict)=74.03%
[ 2019-12-15 17:15:32,492][kfold_wrapper.log_eval_metrics] Accuracy(layer_4 - estimator_1 - 5_folds.train_cv.predict)=81.78%
[ 2019-12-15 17:15:32,493][kfold_wrapper.log_eval_metrics] Accuracy(layer_4 - estimator_1 - 5_folds.test.predict)=86.21%
[ 2019-12-15 17:15:35,791][kfold_wrapper.log_eval_metrics] Accuracy(layer_4 - estimator_2 - 5_folds.train_0.predict)=80.77%
[ 2019-12-15 17:15:39,113][kfold_wrapper.log_eval_metrics] Accuracy(layer_4 - estimator_2 - 5_folds.train_1.predict)=77.56%
[ 2019-12-15 17:15:42,416][kfold_wrapper.log_eval_metrics] Accuracy(layer_4 - estimator_2 - 5_folds.train_2.predict)=83.77%
[ 2019-12-15 17:15:45,772][kfold_wrapper.log_eval_metrics] Accuracy(layer_4 - estimator_2 - 5_folds.train_3.predict)=79.87%
[ 2019-12-15 17:15:49,104][kfold_wrapper.log_eval_metrics] Accuracy(layer_4 - estimator_2 - 5_folds.train_4.predict)=86.36%
[ 2019-12-15 17:15:49,151][kfold_wrapper.log_eval_metrics] Accuracy(layer_4 - estimator_2 - 5_folds.train_cv.predict)=81.65%
[ 2019-12-15 17:15:49,151][kfold_wrapper.log_eval_metrics] Accuracy(layer_4 - estimator_2 - 5_folds.test.predict)=85.06%
[ 2019-12-15 17:15:49,151][cascade_classifier.calc_accuracy] Accuracy(layer_4 - train.classifier_average)=81.65%
[ 2019-12-15 17:15:49,151][cascade_classifier.calc_accuracy] Accuracy(layer_4 - test.classifier_average)=83.91%
[ 2019-12-15 17:15:49,153][cascade_classifier.fit_transform] [layer=5] look_indexs=[0], X_cur_train.shape=(774, 364), X_cur_test.shape=(87, 364)
[ 2019-12-15 17:15:50,256][kfold_wrapper.log_eval_metrics] Accuracy(layer_5 - estimator_0 - 5_folds.train_0.predict)=84.62%
[ 2019-12-15 17:15:51,555][kfold_wrapper.log_eval_metrics] Accuracy(layer_5 - estimator_0 - 5_folds.train_1.predict)=80.77%
[ 2019-12-15 17:15:52,861][kfold_wrapper.log_eval_metrics] Accuracy(layer_5 - estimator_0 - 5_folds.train_2.predict)=80.52%
[ 2019-12-15 17:15:54,165][kfold_wrapper.log_eval_metrics] Accuracy(layer_5 - estimator_0 - 5_folds.train_3.predict)=80.52%
[ 2019-12-15 17:15:55,482][kfold_wrapper.log_eval_metrics] Accuracy(layer_5 - estimator_0 - 5_folds.train_4.predict)=84.42%
[ 2019-12-15 17:15:55,592][kfold_wrapper.log_eval_metrics] Accuracy(layer_5 - estimator_0 - 5_folds.train_cv.predict)=82.17%
[ 2019-12-15 17:15:55,598][kfold_wrapper.log_eval_metrics] Accuracy(layer_5 - estimator_0 - 5_folds.test.predict)=85.06%
[ 2019-12-15 17:15:56,569][kfold_wrapper.log_eval_metrics] Accuracy(layer_5 - estimator_1 - 5_folds.train_0.predict)=82.05%
[ 2019-12-15 17:15:57,756][kfold_wrapper.log_eval_metrics] Accuracy(layer_5 - estimator_1 - 5_folds.train_1.predict)=83.33%
[ 2019-12-15 17:15:58,932][kfold_wrapper.log_eval_metrics] Accuracy(layer_5 - estimator_1 - 5_folds.train_2.predict)=85.06%
[ 2019-12-15 17:16:00,104][kfold_wrapper.log_eval_metrics] Accuracy(layer_5 - estimator_1 - 5_folds.train_3.predict)=83.77%
[ 2019-12-15 17:16:01,288][kfold_wrapper.log_eval_metrics] Accuracy(layer_5 - estimator_1 - 5_folds.train_4.predict)=77.92%
[ 2019-12-15 17:16:01,497][kfold_wrapper.log_eval_metrics] Accuracy(layer_5 - estimator_1 - 5_folds.train_cv.predict)=82.43%
[ 2019-12-15 17:16:01,498][kfold_wrapper.log_eval_metrics] Accuracy(layer_5 - estimator_1 - 5_folds.test.predict)=86.21%
[ 2019-12-15 17:16:04,758][kfold_wrapper.log_eval_metrics] Accuracy(layer_5 - estimator_2 - 5_folds.train_0.predict)=79.49%
[ 2019-12-15 17:16:08,085][kfold_wrapper.log_eval_metrics] Accuracy(layer_5 - estimator_2 - 5_folds.train_1.predict)=80.13%
[ 2019-12-15 17:16:11,404][kfold_wrapper.log_eval_metrics] Accuracy(layer_5 - estimator_2 - 5_folds.train_2.predict)=79.87%
[ 2019-12-15 17:16:14,716][kfold_wrapper.log_eval_metrics] Accuracy(layer_5 - estimator_2 - 5_folds.train_3.predict)=85.71%
[ 2019-12-15 17:16:18,036][kfold_wrapper.log_eval_metrics] Accuracy(layer_5 - estimator_2 - 5_folds.train_4.predict)=76.62%
[ 2019-12-15 17:16:18,086][kfold_wrapper.log_eval_metrics] Accuracy(layer_5 - estimator_2 - 5_folds.train_cv.predict)=80.36%
[ 2019-12-15 17:16:18,087][kfold_wrapper.log_eval_metrics] Accuracy(layer_5 - estimator_2 - 5_folds.test.predict)=85.06%
[ 2019-12-15 17:16:18,087][cascade_classifier.calc_accuracy] Accuracy(layer_5 - train.classifier_average)=82.30%
[ 2019-12-15 17:16:18,087][cascade_classifier.calc_accuracy] Accuracy(layer_5 - test.classifier_average)=85.06%
[ 2019-12-15 17:16:18,089][cascade_classifier.fit_transform] [layer=6] look_indexs=[0], X_cur_train.shape=(774, 364), X_cur_test.shape=(87, 364)
[ 2019-12-15 17:16:19,194][kfold_wrapper.log_eval_metrics] Accuracy(layer_6 - estimator_0 - 5_folds.train_0.predict)=84.62%
[ 2019-12-15 17:16:20,492][kfold_wrapper.log_eval_metrics] Accuracy(layer_6 - estimator_0 - 5_folds.train_1.predict)=80.13%
[ 2019-12-15 17:16:21,808][kfold_wrapper.log_eval_metrics] Accuracy(layer_6 - estimator_0 - 5_folds.train_2.predict)=79.22%
[ 2019-12-15 17:16:23,117][kfold_wrapper.log_eval_metrics] Accuracy(layer_6 - estimator_0 - 5_folds.train_3.predict)=83.12%
[ 2019-12-15 17:16:24,449][kfold_wrapper.log_eval_metrics] Accuracy(layer_6 - estimator_0 - 5_folds.train_4.predict)=78.57%
[ 2019-12-15 17:16:24,657][kfold_wrapper.log_eval_metrics] Accuracy(layer_6 - estimator_0 - 5_folds.train_cv.predict)=81.14%
[ 2019-12-15 17:16:24,658][kfold_wrapper.log_eval_metrics] Accuracy(layer_6 - estimator_0 - 5_folds.test.predict)=86.21%
[ 2019-12-15 17:16:25,633][kfold_wrapper.log_eval_metrics] Accuracy(layer_6 - estimator_1 - 5_folds.train_0.predict)=80.77%
[ 2019-12-15 17:16:26,816][kfold_wrapper.log_eval_metrics] Accuracy(layer_6 - estimator_1 - 5_folds.train_1.predict)=80.77%
[ 2019-12-15 17:16:27,984][kfold_wrapper.log_eval_metrics] Accuracy(layer_6 - estimator_1 - 5_folds.train_2.predict)=85.71%
[ 2019-12-15 17:16:29,172][kfold_wrapper.log_eval_metrics] Accuracy(layer_6 - estimator_1 - 5_folds.train_3.predict)=80.52%
[ 2019-12-15 17:16:30,344][kfold_wrapper.log_eval_metrics] Accuracy(layer_6 - estimator_1 - 5_folds.train_4.predict)=81.17%
[ 2019-12-15 17:16:30,552][kfold_wrapper.log_eval_metrics] Accuracy(layer_6 - estimator_1 - 5_folds.train_cv.predict)=81.78%
[ 2019-12-15 17:16:30,552][kfold_wrapper.log_eval_metrics] Accuracy(layer_6 - estimator_1 - 5_folds.test.predict)=85.06%
[ 2019-12-15 17:16:33,806][kfold_wrapper.log_eval_metrics] Accuracy(layer_6 - estimator_2 - 5_folds.train_0.predict)=79.49%
[ 2019-12-15 17:16:37,111][kfold_wrapper.log_eval_metrics] Accuracy(layer_6 - estimator_2 - 5_folds.train_1.predict)=82.05%
[ 2019-12-15 17:16:40,435][kfold_wrapper.log_eval_metrics] Accuracy(layer_6 - estimator_2 - 5_folds.train_2.predict)=84.42%
[ 2019-12-15 17:16:43,760][kfold_wrapper.log_eval_metrics] Accuracy(layer_6 - estimator_2 - 5_folds.train_3.predict)=83.77%
[ 2019-12-15 17:16:47,101][kfold_wrapper.log_eval_metrics] Accuracy(layer_6 - estimator_2 - 5_folds.train_4.predict)=79.22%
[ 2019-12-15 17:16:47,139][kfold_wrapper.log_eval_metrics] Accuracy(layer_6 - estimator_2 - 5_folds.train_cv.predict)=81.78%
[ 2019-12-15 17:16:47,140][kfold_wrapper.log_eval_metrics] Accuracy(layer_6 - estimator_2 - 5_folds.test.predict)=87.36%
[ 2019-12-15 17:16:47,140][cascade_classifier.calc_accuracy] Accuracy(layer_6 - train.classifier_average)=82.43%
[ 2019-12-15 17:16:47,140][cascade_classifier.calc_accuracy] Accuracy(layer_6 - test.classifier_average)=86.21%
[ 2019-12-15 17:16:47,142][cascade_classifier.fit_transform] [layer=7] look_indexs=[0], X_cur_train.shape=(774, 364), X_cur_test.shape=(87, 364)
[ 2019-12-15 17:16:48,253][kfold_wrapper.log_eval_metrics] Accuracy(layer_7 - estimator_0 - 5_folds.train_0.predict)=81.41%
[ 2019-12-15 17:16:49,459][kfold_wrapper.log_eval_metrics] Accuracy(layer_7 - estimator_0 - 5_folds.train_1.predict)=82.05%
[ 2019-12-15 17:16:50,771][kfold_wrapper.log_eval_metrics] Accuracy(layer_7 - estimator_0 - 5_folds.train_2.predict)=81.82%
[ 2019-12-15 17:16:52,071][kfold_wrapper.log_eval_metrics] Accuracy(layer_7 - estimator_0 - 5_folds.train_3.predict)=79.87%
[ 2019-12-15 17:16:53,289][kfold_wrapper.log_eval_metrics] Accuracy(layer_7 - estimator_0 - 5_folds.train_4.predict)=81.17%
[ 2019-12-15 17:16:53,500][kfold_wrapper.log_eval_metrics] Accuracy(layer_7 - estimator_0 - 5_folds.train_cv.predict)=81.27%
[ 2019-12-15 17:16:53,500][kfold_wrapper.log_eval_metrics] Accuracy(layer_7 - estimator_0 - 5_folds.test.predict)=87.36%
[ 2019-12-15 17:16:54,465][kfold_wrapper.log_eval_metrics] Accuracy(layer_7 - estimator_1 - 5_folds.train_0.predict)=85.26%
[ 2019-12-15 17:16:55,635][kfold_wrapper.log_eval_metrics] Accuracy(layer_7 - estimator_1 - 5_folds.train_1.predict)=83.97%
[ 2019-12-15 17:16:56,813][kfold_wrapper.log_eval_metrics] Accuracy(layer_7 - estimator_1 - 5_folds.train_2.predict)=79.22%
[ 2019-12-15 17:16:57,989][kfold_wrapper.log_eval_metrics] Accuracy(layer_7 - estimator_1 - 5_folds.train_3.predict)=78.57%
[ 2019-12-15 17:16:59,164][kfold_wrapper.log_eval_metrics] Accuracy(layer_7 - estimator_1 - 5_folds.train_4.predict)=83.12%
[ 2019-12-15 17:16:59,376][kfold_wrapper.log_eval_metrics] Accuracy(layer_7 - estimator_1 - 5_folds.train_cv.predict)=82.04%
[ 2019-12-15 17:16:59,377][kfold_wrapper.log_eval_metrics] Accuracy(layer_7 - estimator_1 - 5_folds.test.predict)=85.06%
[ 2019-12-15 17:17:02,683][kfold_wrapper.log_eval_metrics] Accuracy(layer_7 - estimator_2 - 5_folds.train_0.predict)=75.00%
[ 2019-12-15 17:17:06,013][kfold_wrapper.log_eval_metrics] Accuracy(layer_7 - estimator_2 - 5_folds.train_1.predict)=85.26%
[ 2019-12-15 17:17:09,360][kfold_wrapper.log_eval_metrics] Accuracy(layer_7 - estimator_2 - 5_folds.train_2.predict)=79.87%
[ 2019-12-15 17:17:12,706][kfold_wrapper.log_eval_metrics] Accuracy(layer_7 - estimator_2 - 5_folds.train_3.predict)=80.52%
[ 2019-12-15 17:17:16,027][kfold_wrapper.log_eval_metrics] Accuracy(layer_7 - estimator_2 - 5_folds.train_4.predict)=85.71%
[ 2019-12-15 17:17:16,076][kfold_wrapper.log_eval_metrics] Accuracy(layer_7 - estimator_2 - 5_folds.train_cv.predict)=81.27%
[ 2019-12-15 17:17:16,076][kfold_wrapper.log_eval_metrics] Accuracy(layer_7 - estimator_2 - 5_folds.test.predict)=86.21%
[ 2019-12-15 17:17:16,077][cascade_classifier.calc_accuracy] Accuracy(layer_7 - train.classifier_average)=81.52%
[ 2019-12-15 17:17:16,077][cascade_classifier.calc_accuracy] Accuracy(layer_7 - test.classifier_average)=87.36%
[ 2019-12-15 17:17:16,079][cascade_classifier.fit_transform] [layer=8] look_indexs=[0], X_cur_train.shape=(774, 364), X_cur_test.shape=(87, 364)
[ 2019-12-15 17:17:17,180][kfold_wrapper.log_eval_metrics] Accuracy(layer_8 - estimator_0 - 5_folds.train_0.predict)=84.62%
[ 2019-12-15 17:17:18,483][kfold_wrapper.log_eval_metrics] Accuracy(layer_8 - estimator_0 - 5_folds.train_1.predict)=73.72%
[ 2019-12-15 17:17:19,796][kfold_wrapper.log_eval_metrics] Accuracy(layer_8 - estimator_0 - 5_folds.train_2.predict)=86.36%
[ 2019-12-15 17:17:21,098][kfold_wrapper.log_eval_metrics] Accuracy(layer_8 - estimator_0 - 5_folds.train_3.predict)=80.52%
[ 2019-12-15 17:17:22,401][kfold_wrapper.log_eval_metrics] Accuracy(layer_8 - estimator_0 - 5_folds.train_4.predict)=79.87%
[ 2019-12-15 17:17:22,608][kfold_wrapper.log_eval_metrics] Accuracy(layer_8 - estimator_0 - 5_folds.train_cv.predict)=81.01%
[ 2019-12-15 17:17:22,609][kfold_wrapper.log_eval_metrics] Accuracy(layer_8 - estimator_0 - 5_folds.test.predict)=83.91%
[ 2019-12-15 17:17:23,585][kfold_wrapper.log_eval_metrics] Accuracy(layer_8 - estimator_1 - 5_folds.train_0.predict)=85.26%
[ 2019-12-15 17:17:24,765][kfold_wrapper.log_eval_metrics] Accuracy(layer_8 - estimator_1 - 5_folds.train_1.predict)=81.41%
[ 2019-12-15 17:17:25,941][kfold_wrapper.log_eval_metrics] Accuracy(layer_8 - estimator_1 - 5_folds.train_2.predict)=79.22%
[ 2019-12-15 17:17:27,122][kfold_wrapper.log_eval_metrics] Accuracy(layer_8 - estimator_1 - 5_folds.train_3.predict)=85.71%
[ 2019-12-15 17:17:28,292][kfold_wrapper.log_eval_metrics] Accuracy(layer_8 - estimator_1 - 5_folds.train_4.predict)=77.27%
[ 2019-12-15 17:17:28,500][kfold_wrapper.log_eval_metrics] Accuracy(layer_8 - estimator_1 - 5_folds.train_cv.predict)=81.78%
[ 2019-12-15 17:17:28,500][kfold_wrapper.log_eval_metrics] Accuracy(layer_8 - estimator_1 - 5_folds.test.predict)=85.06%
[ 2019-12-15 17:17:31,785][kfold_wrapper.log_eval_metrics] Accuracy(layer_8 - estimator_2 - 5_folds.train_0.predict)=82.69%
[ 2019-12-15 17:17:35,123][kfold_wrapper.log_eval_metrics] Accuracy(layer_8 - estimator_2 - 5_folds.train_1.predict)=81.41%
[ 2019-12-15 17:17:38,433][kfold_wrapper.log_eval_metrics] Accuracy(layer_8 - estimator_2 - 5_folds.train_2.predict)=81.82%
[ 2019-12-15 17:17:41,767][kfold_wrapper.log_eval_metrics] Accuracy(layer_8 - estimator_2 - 5_folds.train_3.predict)=78.57%
[ 2019-12-15 17:17:45,088][kfold_wrapper.log_eval_metrics] Accuracy(layer_8 - estimator_2 - 5_folds.train_4.predict)=77.92%
[ 2019-12-15 17:17:45,137][kfold_wrapper.log_eval_metrics] Accuracy(layer_8 - estimator_2 - 5_folds.train_cv.predict)=80.49%
[ 2019-12-15 17:17:45,137][kfold_wrapper.log_eval_metrics] Accuracy(layer_8 - estimator_2 - 5_folds.test.predict)=85.06%
[ 2019-12-15 17:17:45,137][cascade_classifier.calc_accuracy] Accuracy(layer_8 - train.classifier_average)=81.40%
[ 2019-12-15 17:17:45,138][cascade_classifier.calc_accuracy] Accuracy(layer_8 - test.classifier_average)=86.21%
[ 2019-12-15 17:17:45,140][cascade_classifier.fit_transform] [layer=9] look_indexs=[0], X_cur_train.shape=(774, 364), X_cur_test.shape=(87, 364)
[ 2019-12-15 17:17:46,256][kfold_wrapper.log_eval_metrics] Accuracy(layer_9 - estimator_0 - 5_folds.train_0.predict)=85.26%
[ 2019-12-15 17:17:47,580][kfold_wrapper.log_eval_metrics] Accuracy(layer_9 - estimator_0 - 5_folds.train_1.predict)=78.21%
[ 2019-12-15 17:17:48,888][kfold_wrapper.log_eval_metrics] Accuracy(layer_9 - estimator_0 - 5_folds.train_2.predict)=84.42%
[ 2019-12-15 17:17:50,191][kfold_wrapper.log_eval_metrics] Accuracy(layer_9 - estimator_0 - 5_folds.train_3.predict)=79.87%
[ 2019-12-15 17:17:51,498][kfold_wrapper.log_eval_metrics] Accuracy(layer_9 - estimator_0 - 5_folds.train_4.predict)=79.87%
[ 2019-12-15 17:17:51,710][kfold_wrapper.log_eval_metrics] Accuracy(layer_9 - estimator_0 - 5_folds.train_cv.predict)=81.52%
[ 2019-12-15 17:17:51,711][kfold_wrapper.log_eval_metrics] Accuracy(layer_9 - estimator_0 - 5_folds.test.predict)=85.06%
[ 2019-12-15 17:17:52,684][kfold_wrapper.log_eval_metrics] Accuracy(layer_9 - estimator_1 - 5_folds.train_0.predict)=84.62%
[ 2019-12-15 17:17:53,862][kfold_wrapper.log_eval_metrics] Accuracy(layer_9 - estimator_1 - 5_folds.train_1.predict)=79.49%
[ 2019-12-15 17:17:55,038][kfold_wrapper.log_eval_metrics] Accuracy(layer_9 - estimator_1 - 5_folds.train_2.predict)=85.06%
[ 2019-12-15 17:17:56,209][kfold_wrapper.log_eval_metrics] Accuracy(layer_9 - estimator_1 - 5_folds.train_3.predict)=82.47%
[ 2019-12-15 17:17:57,382][kfold_wrapper.log_eval_metrics] Accuracy(layer_9 - estimator_1 - 5_folds.train_4.predict)=81.82%
[ 2019-12-15 17:17:57,594][kfold_wrapper.log_eval_metrics] Accuracy(layer_9 - estimator_1 - 5_folds.train_cv.predict)=82.69%
[ 2019-12-15 17:17:57,595][kfold_wrapper.log_eval_metrics] Accuracy(layer_9 - estimator_1 - 5_folds.test.predict)=85.06%
[ 2019-12-15 17:18:00,868][kfold_wrapper.log_eval_metrics] Accuracy(layer_9 - estimator_2 - 5_folds.train_0.predict)=76.28%
[ 2019-12-15 17:18:04,193][kfold_wrapper.log_eval_metrics] Accuracy(layer_9 - estimator_2 - 5_folds.train_1.predict)=78.85%
[ 2019-12-15 17:18:07,505][kfold_wrapper.log_eval_metrics] Accuracy(layer_9 - estimator_2 - 5_folds.train_2.predict)=83.12%
[ 2019-12-15 17:18:10,843][kfold_wrapper.log_eval_metrics] Accuracy(layer_9 - estimator_2 - 5_folds.train_3.predict)=80.52%
[ 2019-12-15 17:18:14,145][kfold_wrapper.log_eval_metrics] Accuracy(layer_9 - estimator_2 - 5_folds.train_4.predict)=82.47%
[ 2019-12-15 17:18:14,186][kfold_wrapper.log_eval_metrics] Accuracy(layer_9 - estimator_2 - 5_folds.train_cv.predict)=80.23%
[ 2019-12-15 17:18:14,186][kfold_wrapper.log_eval_metrics] Accuracy(layer_9 - estimator_2 - 5_folds.test.predict)=86.21%
[ 2019-12-15 17:18:14,187][cascade_classifier.calc_accuracy] Accuracy(layer_9 - train.classifier_average)=82.30%
[ 2019-12-15 17:18:14,187][cascade_classifier.calc_accuracy] Accuracy(layer_9 - test.classifier_average)=85.06%
[ 2019-12-15 17:18:14,189][cascade_classifier.fit_transform] [layer=10] look_indexs=[0], X_cur_train.shape=(774, 364), X_cur_test.shape=(87, 364)
[ 2019-12-15 17:18:15,290][kfold_wrapper.log_eval_metrics] Accuracy(layer_10 - estimator_0 - 5_folds.train_0.predict)=84.62%
[ 2019-12-15 17:18:16,599][kfold_wrapper.log_eval_metrics] Accuracy(layer_10 - estimator_0 - 5_folds.train_1.predict)=76.92%
[ 2019-12-15 17:18:17,813][kfold_wrapper.log_eval_metrics] Accuracy(layer_10 - estimator_0 - 5_folds.train_2.predict)=83.77%
[ 2019-12-15 17:18:19,108][kfold_wrapper.log_eval_metrics] Accuracy(layer_10 - estimator_0 - 5_folds.train_3.predict)=81.17%
[ 2019-12-15 17:18:20,412][kfold_wrapper.log_eval_metrics] Accuracy(layer_10 - estimator_0 - 5_folds.train_4.predict)=78.57%
[ 2019-12-15 17:18:20,626][kfold_wrapper.log_eval_metrics] Accuracy(layer_10 - estimator_0 - 5_folds.train_cv.predict)=81.01%
[ 2019-12-15 17:18:20,626][kfold_wrapper.log_eval_metrics] Accuracy(layer_10 - estimator_0 - 5_folds.test.predict)=85.06%
[ 2019-12-15 17:18:21,594][kfold_wrapper.log_eval_metrics] Accuracy(layer_10 - estimator_1 - 5_folds.train_0.predict)=78.85%
[ 2019-12-15 17:18:22,775][kfold_wrapper.log_eval_metrics] Accuracy(layer_10 - estimator_1 - 5_folds.train_1.predict)=82.05%
[ 2019-12-15 17:18:23,955][kfold_wrapper.log_eval_metrics] Accuracy(layer_10 - estimator_1 - 5_folds.train_2.predict)=79.87%
[ 2019-12-15 17:18:25,131][kfold_wrapper.log_eval_metrics] Accuracy(layer_10 - estimator_1 - 5_folds.train_3.predict)=82.47%
[ 2019-12-15 17:18:26,309][kfold_wrapper.log_eval_metrics] Accuracy(layer_10 - estimator_1 - 5_folds.train_4.predict)=85.06%
[ 2019-12-15 17:18:26,517][kfold_wrapper.log_eval_metrics] Accuracy(layer_10 - estimator_1 - 5_folds.train_cv.predict)=81.65%
[ 2019-12-15 17:18:26,517][kfold_wrapper.log_eval_metrics] Accuracy(layer_10 - estimator_1 - 5_folds.test.predict)=83.91%
[ 2019-12-15 17:18:29,778][kfold_wrapper.log_eval_metrics] Accuracy(layer_10 - estimator_2 - 5_folds.train_0.predict)=78.21%
[ 2019-12-15 17:18:33,081][kfold_wrapper.log_eval_metrics] Accuracy(layer_10 - estimator_2 - 5_folds.train_1.predict)=82.05%
[ 2019-12-15 17:18:36,411][kfold_wrapper.log_eval_metrics] Accuracy(layer_10 - estimator_2 - 5_folds.train_2.predict)=85.71%
[ 2019-12-15 17:18:39,755][kfold_wrapper.log_eval_metrics] Accuracy(layer_10 - estimator_2 - 5_folds.train_3.predict)=81.17%
[ 2019-12-15 17:18:43,084][kfold_wrapper.log_eval_metrics] Accuracy(layer_10 - estimator_2 - 5_folds.train_4.predict)=76.62%
[ 2019-12-15 17:18:43,125][kfold_wrapper.log_eval_metrics] Accuracy(layer_10 - estimator_2 - 5_folds.train_cv.predict)=80.75%
[ 2019-12-15 17:18:43,126][kfold_wrapper.log_eval_metrics] Accuracy(layer_10 - estimator_2 - 5_folds.test.predict)=85.06%
[ 2019-12-15 17:18:43,126][cascade_classifier.calc_accuracy] Accuracy(layer_10 - train.classifier_average)=81.40%
[ 2019-12-15 17:18:43,126][cascade_classifier.calc_accuracy] Accuracy(layer_10 - test.classifier_average)=85.06%
[ 2019-12-15 17:18:43,128][cascade_classifier.fit_transform] [layer=11] look_indexs=[0], X_cur_train.shape=(774, 364), X_cur_test.shape=(87, 364)
[ 2019-12-15 17:18:44,232][kfold_wrapper.log_eval_metrics] Accuracy(layer_11 - estimator_0 - 5_folds.train_0.predict)=80.77%
[ 2019-12-15 17:18:45,538][kfold_wrapper.log_eval_metrics] Accuracy(layer_11 - estimator_0 - 5_folds.train_1.predict)=83.33%
[ 2019-12-15 17:18:46,852][kfold_wrapper.log_eval_metrics] Accuracy(layer_11 - estimator_0 - 5_folds.train_2.predict)=75.97%
[ 2019-12-15 17:18:48,160][kfold_wrapper.log_eval_metrics] Accuracy(layer_11 - estimator_0 - 5_folds.train_3.predict)=81.17%
[ 2019-12-15 17:18:49,458][kfold_wrapper.log_eval_metrics] Accuracy(layer_11 - estimator_0 - 5_folds.train_4.predict)=79.22%
[ 2019-12-15 17:18:49,669][kfold_wrapper.log_eval_metrics] Accuracy(layer_11 - estimator_0 - 5_folds.train_cv.predict)=80.10%
[ 2019-12-15 17:18:49,669][kfold_wrapper.log_eval_metrics] Accuracy(layer_11 - estimator_0 - 5_folds.test.predict)=85.06%
[ 2019-12-15 17:18:50,646][kfold_wrapper.log_eval_metrics] Accuracy(layer_11 - estimator_1 - 5_folds.train_0.predict)=83.97%
[ 2019-12-15 17:18:51,825][kfold_wrapper.log_eval_metrics] Accuracy(layer_11 - estimator_1 - 5_folds.train_1.predict)=79.49%
[ 2019-12-15 17:18:53,012][kfold_wrapper.log_eval_metrics] Accuracy(layer_11 - estimator_1 - 5_folds.train_2.predict)=81.82%
[ 2019-12-15 17:18:54,188][kfold_wrapper.log_eval_metrics] Accuracy(layer_11 - estimator_1 - 5_folds.train_3.predict)=80.52%
[ 2019-12-15 17:18:55,359][kfold_wrapper.log_eval_metrics] Accuracy(layer_11 - estimator_1 - 5_folds.train_4.predict)=83.12%
[ 2019-12-15 17:18:55,567][kfold_wrapper.log_eval_metrics] Accuracy(layer_11 - estimator_1 - 5_folds.train_cv.predict)=81.78%
[ 2019-12-15 17:18:55,567][kfold_wrapper.log_eval_metrics] Accuracy(layer_11 - estimator_1 - 5_folds.test.predict)=85.06%
[ 2019-12-15 17:18:58,815][kfold_wrapper.log_eval_metrics] Accuracy(layer_11 - estimator_2 - 5_folds.train_0.predict)=76.92%
[ 2019-12-15 17:19:02,151][kfold_wrapper.log_eval_metrics] Accuracy(layer_11 - estimator_2 - 5_folds.train_1.predict)=82.05%
[ 2019-12-15 17:19:05,470][kfold_wrapper.log_eval_metrics] Accuracy(layer_11 - estimator_2 - 5_folds.train_2.predict)=76.62%
[ 2019-12-15 17:19:08,799][kfold_wrapper.log_eval_metrics] Accuracy(layer_11 - estimator_2 - 5_folds.train_3.predict)=85.06%
[ 2019-12-15 17:19:12,120][kfold_wrapper.log_eval_metrics] Accuracy(layer_11 - estimator_2 - 5_folds.train_4.predict)=84.42%
[ 2019-12-15 17:19:12,165][kfold_wrapper.log_eval_metrics] Accuracy(layer_11 - estimator_2 - 5_folds.train_cv.predict)=81.01%
[ 2019-12-15 17:19:12,166][kfold_wrapper.log_eval_metrics] Accuracy(layer_11 - estimator_2 - 5_folds.test.predict)=87.36%
[ 2019-12-15 17:19:12,166][cascade_classifier.calc_accuracy] Accuracy(layer_11 - train.classifier_average)=81.14%
[ 2019-12-15 17:19:12,166][cascade_classifier.calc_accuracy] Accuracy(layer_11 - test.classifier_average)=85.06%
[ 2019-12-15 17:19:12,166][cascade_classifier.fit_transform] [Result][Optimal Level Detected] opt_layer_num=7, accuracy_train=82.43%, accuracy_test=86.21%
[ 2019-12-15 17:19:12,216][cascade_classifier.transform] X_groups_test.shape=[(87, 358)]
[ 2019-12-15 17:19:12,216][cascade_classifier.transform] group_dims=[358]
[ 2019-12-15 17:19:12,216][cascade_classifier.transform] X_test.shape=(87, 358)
[ 2019-12-15 17:19:12,217][cascade_classifier.transform] [layer=0] look_indexs=[0], X_cur_test.shape=(87, 358)
[ 2019-12-15 17:19:14,318][cascade_classifier.transform] [layer=1] look_indexs=[0], X_cur_test.shape=(87, 364)
[ 2019-12-15 17:19:16,305][cascade_classifier.transform] [layer=2] look_indexs=[0], X_cur_test.shape=(87, 364)
[ 2019-12-15 17:19:18,496][cascade_classifier.transform] [layer=3] look_indexs=[0], X_cur_test.shape=(87, 364)
[ 2019-12-15 17:19:20,475][cascade_classifier.transform] [layer=4] look_indexs=[0], X_cur_test.shape=(87, 364)
[ 2019-12-15 17:19:22,560][cascade_classifier.transform] [layer=5] look_indexs=[0], X_cur_test.shape=(87, 364)
[ 2019-12-15 17:19:24,545][cascade_classifier.transform] [layer=6] look_indexs=[0], X_cur_test.shape=(87, 364)
[ 2019-12-15 17:19:26,521][cascade_classifier.transform] X_groups_test.shape=[(87, 358)]
[ 2019-12-15 17:19:26,521][cascade_classifier.transform] group_dims=[358]
[ 2019-12-15 17:19:26,521][cascade_classifier.transform] X_test.shape=(87, 358)
[ 2019-12-15 17:19:26,521][cascade_classifier.transform] [layer=0] look_indexs=[0], X_cur_test.shape=(87, 358)
[ 2019-12-15 17:19:28,416][cascade_classifier.transform] [layer=1] look_indexs=[0], X_cur_test.shape=(87, 364)
[ 2019-12-15 17:19:30,186][cascade_classifier.transform] [layer=2] look_indexs=[0], X_cur_test.shape=(87, 364)
[ 2019-12-15 17:19:32,066][cascade_classifier.transform] [layer=3] look_indexs=[0], X_cur_test.shape=(87, 364)
[ 2019-12-15 17:19:33,940][cascade_classifier.transform] [layer=4] look_indexs=[0], X_cur_test.shape=(87, 364)
[ 2019-12-15 17:19:35,811][cascade_classifier.transform] [layer=5] look_indexs=[0], X_cur_test.shape=(87, 364)
[ 2019-12-15 17:19:37,880][cascade_classifier.transform] [layer=6] look_indexs=[0], X_cur_test.shape=(87, 364)
[ 2019-12-15 17:19:40,044][cascade_classifier.fit_transform] X_groups_train.shape=[(774, 358)],y_train.shape=(774,),X_groups_test.shape=[(87, 358)],y_test.shape=(87,)
[ 2019-12-15 17:19:40,046][cascade_classifier.fit_transform] group_dims=[358]
[ 2019-12-15 17:19:40,046][cascade_classifier.fit_transform] group_starts=[0]
[ 2019-12-15 17:19:40,046][cascade_classifier.fit_transform] group_ends=[358]
[ 2019-12-15 17:19:40,046][cascade_classifier.fit_transform] X_train.shape=(774, 358),X_test.shape=(87, 358)
[ 2019-12-15 17:19:40,048][cascade_classifier.fit_transform] [layer=0] look_indexs=[0], X_cur_train.shape=(774, 358), X_cur_test.shape=(87, 358)
[ 2019-12-15 17:19:41,151][kfold_wrapper.log_eval_metrics] Accuracy(layer_0 - estimator_0 - 5_folds.train_0.predict)=78.06%
[ 2019-12-15 17:19:42,456][kfold_wrapper.log_eval_metrics] Accuracy(layer_0 - estimator_0 - 5_folds.train_1.predict)=76.77%
[ 2019-12-15 17:19:43,757][kfold_wrapper.log_eval_metrics] Accuracy(layer_0 - estimator_0 - 5_folds.train_2.predict)=83.87%
[ 2019-12-15 17:19:45,114][kfold_wrapper.log_eval_metrics] Accuracy(layer_0 - estimator_0 - 5_folds.train_3.predict)=79.35%
[ 2019-12-15 17:19:46,431][kfold_wrapper.log_eval_metrics] Accuracy(layer_0 - estimator_0 - 5_folds.train_4.predict)=85.06%
[ 2019-12-15 17:19:46,646][kfold_wrapper.log_eval_metrics] Accuracy(layer_0 - estimator_0 - 5_folds.train_cv.predict)=80.62%
[ 2019-12-15 17:19:46,646][kfold_wrapper.log_eval_metrics] Accuracy(layer_0 - estimator_0 - 5_folds.test.predict)=87.36%
[ 2019-12-15 17:19:47,635][kfold_wrapper.log_eval_metrics] Accuracy(layer_0 - estimator_1 - 5_folds.train_0.predict)=81.29%
[ 2019-12-15 17:19:48,830][kfold_wrapper.log_eval_metrics] Accuracy(layer_0 - estimator_1 - 5_folds.train_1.predict)=78.06%
[ 2019-12-15 17:19:50,023][kfold_wrapper.log_eval_metrics] Accuracy(layer_0 - estimator_1 - 5_folds.train_2.predict)=85.81%
[ 2019-12-15 17:19:51,216][kfold_wrapper.log_eval_metrics] Accuracy(layer_0 - estimator_1 - 5_folds.train_3.predict)=80.65%
[ 2019-12-15 17:19:52,417][kfold_wrapper.log_eval_metrics] Accuracy(layer_0 - estimator_1 - 5_folds.train_4.predict)=81.17%
[ 2019-12-15 17:19:52,625][kfold_wrapper.log_eval_metrics] Accuracy(layer_0 - estimator_1 - 5_folds.train_cv.predict)=81.40%
[ 2019-12-15 17:19:52,625][kfold_wrapper.log_eval_metrics] Accuracy(layer_0 - estimator_1 - 5_folds.test.predict)=89.66%
[ 2019-12-15 17:19:55,937][kfold_wrapper.log_eval_metrics] Accuracy(layer_0 - estimator_2 - 5_folds.train_0.predict)=81.94%
