[ 2019-09-26 13:42:41,268][cascade_classifier.fit_transform] X_groups_train.shape=[(903, 30)],y_train.shape=(903,),X_groups_test.shape=no_test,y_test.shape=no_test
[ 2019-09-26 13:42:41,269][cascade_classifier.fit_transform] group_dims=[30]
[ 2019-09-26 13:42:41,269][cascade_classifier.fit_transform] group_starts=[0]
[ 2019-09-26 13:42:41,269][cascade_classifier.fit_transform] group_ends=[30]
[ 2019-09-26 13:42:41,269][cascade_classifier.fit_transform] X_train.shape=(903, 30),X_test.shape=(0, 30)
[ 2019-09-26 13:42:41,270][cascade_classifier.fit_transform] [layer=0] look_indexs=[0], X_cur_train.shape=(903, 30), X_cur_test.shape=(0, 30)
[ 2019-09-26 13:42:42,007][kfold_wrapper.log_eval_metrics] Accuracy(layer_0 - estimator_0 - 5_folds.train_0.predict)=82.97%
[ 2019-09-26 13:42:42,734][kfold_wrapper.log_eval_metrics] Accuracy(layer_0 - estimator_0 - 5_folds.train_1.predict)=80.66%
[ 2019-09-26 13:42:43,418][kfold_wrapper.log_eval_metrics] Accuracy(layer_0 - estimator_0 - 5_folds.train_2.predict)=79.44%
[ 2019-09-26 13:42:44,138][kfold_wrapper.log_eval_metrics] Accuracy(layer_0 - estimator_0 - 5_folds.train_3.predict)=78.89%
[ 2019-09-26 13:42:44,844][kfold_wrapper.log_eval_metrics] Accuracy(layer_0 - estimator_0 - 5_folds.train_4.predict)=83.89%
[ 2019-09-26 13:42:44,844][kfold_wrapper.log_eval_metrics] Accuracy(layer_0 - estimator_0 - 5_folds.train_cv.predict)=81.17%
[ 2019-09-26 13:42:47,372][kfold_wrapper.log_eval_metrics] Accuracy(layer_0 - estimator_1 - 5_folds.train_0.predict)=84.07%
[ 2019-09-26 13:42:49,883][kfold_wrapper.log_eval_metrics] Accuracy(layer_0 - estimator_1 - 5_folds.train_1.predict)=82.32%
[ 2019-09-26 13:42:52,300][kfold_wrapper.log_eval_metrics] Accuracy(layer_0 - estimator_1 - 5_folds.train_2.predict)=82.22%
[ 2019-09-26 13:42:54,823][kfold_wrapper.log_eval_metrics] Accuracy(layer_0 - estimator_1 - 5_folds.train_3.predict)=82.22%
[ 2019-09-26 13:42:57,330][kfold_wrapper.log_eval_metrics] Accuracy(layer_0 - estimator_1 - 5_folds.train_4.predict)=85.00%
[ 2019-09-26 13:42:57,331][kfold_wrapper.log_eval_metrics] Accuracy(layer_0 - estimator_1 - 5_folds.train_cv.predict)=83.17%
[ 2019-09-26 13:42:59,574][kfold_wrapper.log_eval_metrics] Accuracy(layer_0 - estimator_2 - 5_folds.train_0.predict)=84.62%
[ 2019-09-26 13:43:01,922][kfold_wrapper.log_eval_metrics] Accuracy(layer_0 - estimator_2 - 5_folds.train_1.predict)=80.11%
[ 2019-09-26 13:43:04,276][kfold_wrapper.log_eval_metrics] Accuracy(layer_0 - estimator_2 - 5_folds.train_2.predict)=86.11%
[ 2019-09-26 13:43:06,511][kfold_wrapper.log_eval_metrics] Accuracy(layer_0 - estimator_2 - 5_folds.train_3.predict)=83.33%
[ 2019-09-26 13:43:08,740][kfold_wrapper.log_eval_metrics] Accuracy(layer_0 - estimator_2 - 5_folds.train_4.predict)=82.78%
[ 2019-09-26 13:43:08,741][kfold_wrapper.log_eval_metrics] Accuracy(layer_0 - estimator_2 - 5_folds.train_cv.predict)=83.39%
[ 2019-09-26 13:43:08,741][cascade_classifier.calc_accuracy] Accuracy(layer_0 - train.classifier_average)=82.83%
[ 2019-09-26 13:43:08,742][cascade_classifier.fit_transform] [layer=1] look_indexs=[0], X_cur_train.shape=(903, 36), X_cur_test.shape=(0, 36)
[ 2019-09-26 13:43:09,485][kfold_wrapper.log_eval_metrics] Accuracy(layer_1 - estimator_0 - 5_folds.train_0.predict)=80.22%
[ 2019-09-26 13:43:10,198][kfold_wrapper.log_eval_metrics] Accuracy(layer_1 - estimator_0 - 5_folds.train_1.predict)=83.98%
[ 2019-09-26 13:43:10,943][kfold_wrapper.log_eval_metrics] Accuracy(layer_1 - estimator_0 - 5_folds.train_2.predict)=83.33%
[ 2019-09-26 13:43:11,687][kfold_wrapper.log_eval_metrics] Accuracy(layer_1 - estimator_0 - 5_folds.train_3.predict)=84.44%
[ 2019-09-26 13:43:12,456][kfold_wrapper.log_eval_metrics] Accuracy(layer_1 - estimator_0 - 5_folds.train_4.predict)=87.22%
[ 2019-09-26 13:43:12,456][kfold_wrapper.log_eval_metrics] Accuracy(layer_1 - estimator_0 - 5_folds.train_cv.predict)=83.83%
[ 2019-09-26 13:43:14,858][kfold_wrapper.log_eval_metrics] Accuracy(layer_1 - estimator_1 - 5_folds.train_0.predict)=83.52%
[ 2019-09-26 13:43:17,274][kfold_wrapper.log_eval_metrics] Accuracy(layer_1 - estimator_1 - 5_folds.train_1.predict)=81.22%
[ 2019-09-26 13:43:19,676][kfold_wrapper.log_eval_metrics] Accuracy(layer_1 - estimator_1 - 5_folds.train_2.predict)=81.67%
[ 2019-09-26 13:43:22,068][kfold_wrapper.log_eval_metrics] Accuracy(layer_1 - estimator_1 - 5_folds.train_3.predict)=83.89%
[ 2019-09-26 13:43:24,496][kfold_wrapper.log_eval_metrics] Accuracy(layer_1 - estimator_1 - 5_folds.train_4.predict)=84.44%
[ 2019-09-26 13:43:24,497][kfold_wrapper.log_eval_metrics] Accuracy(layer_1 - estimator_1 - 5_folds.train_cv.predict)=82.95%
[ 2019-09-26 13:43:26,720][kfold_wrapper.log_eval_metrics] Accuracy(layer_1 - estimator_2 - 5_folds.train_0.predict)=82.97%
[ 2019-09-26 13:43:28,974][kfold_wrapper.log_eval_metrics] Accuracy(layer_1 - estimator_2 - 5_folds.train_1.predict)=85.08%
[ 2019-09-26 13:43:31,192][kfold_wrapper.log_eval_metrics] Accuracy(layer_1 - estimator_2 - 5_folds.train_2.predict)=85.56%
[ 2019-09-26 13:43:33,433][kfold_wrapper.log_eval_metrics] Accuracy(layer_1 - estimator_2 - 5_folds.train_3.predict)=81.11%
[ 2019-09-26 13:43:35,658][kfold_wrapper.log_eval_metrics] Accuracy(layer_1 - estimator_2 - 5_folds.train_4.predict)=79.44%
[ 2019-09-26 13:43:35,658][kfold_wrapper.log_eval_metrics] Accuracy(layer_1 - estimator_2 - 5_folds.train_cv.predict)=82.83%
[ 2019-09-26 13:43:35,658][cascade_classifier.calc_accuracy] Accuracy(layer_1 - train.classifier_average)=83.94%
[ 2019-09-26 13:43:35,659][cascade_classifier.fit_transform] [layer=2] look_indexs=[0], X_cur_train.shape=(903, 36), X_cur_test.shape=(0, 36)
[ 2019-09-26 13:43:36,390][kfold_wrapper.log_eval_metrics] Accuracy(layer_2 - estimator_0 - 5_folds.train_0.predict)=83.52%
[ 2019-09-26 13:43:37,120][kfold_wrapper.log_eval_metrics] Accuracy(layer_2 - estimator_0 - 5_folds.train_1.predict)=81.77%
[ 2019-09-26 13:43:37,849][kfold_wrapper.log_eval_metrics] Accuracy(layer_2 - estimator_0 - 5_folds.train_2.predict)=85.00%
[ 2019-09-26 13:43:38,584][kfold_wrapper.log_eval_metrics] Accuracy(layer_2 - estimator_0 - 5_folds.train_3.predict)=81.67%
[ 2019-09-26 13:43:39,318][kfold_wrapper.log_eval_metrics] Accuracy(layer_2 - estimator_0 - 5_folds.train_4.predict)=83.33%
[ 2019-09-26 13:43:39,319][kfold_wrapper.log_eval_metrics] Accuracy(layer_2 - estimator_0 - 5_folds.train_cv.predict)=83.06%
[ 2019-09-26 13:43:41,739][kfold_wrapper.log_eval_metrics] Accuracy(layer_2 - estimator_1 - 5_folds.train_0.predict)=85.71%
[ 2019-09-26 13:43:44,150][kfold_wrapper.log_eval_metrics] Accuracy(layer_2 - estimator_1 - 5_folds.train_1.predict)=86.19%
[ 2019-09-26 13:43:46,645][kfold_wrapper.log_eval_metrics] Accuracy(layer_2 - estimator_1 - 5_folds.train_2.predict)=81.67%
[ 2019-09-26 13:43:49,149][kfold_wrapper.log_eval_metrics] Accuracy(layer_2 - estimator_1 - 5_folds.train_3.predict)=80.56%
[ 2019-09-26 13:43:51,669][kfold_wrapper.log_eval_metrics] Accuracy(layer_2 - estimator_1 - 5_folds.train_4.predict)=85.00%
[ 2019-09-26 13:43:51,669][kfold_wrapper.log_eval_metrics] Accuracy(layer_2 - estimator_1 - 5_folds.train_cv.predict)=83.83%
[ 2019-09-26 13:43:53,894][kfold_wrapper.log_eval_metrics] Accuracy(layer_2 - estimator_2 - 5_folds.train_0.predict)=82.97%
[ 2019-09-26 13:43:56,130][kfold_wrapper.log_eval_metrics] Accuracy(layer_2 - estimator_2 - 5_folds.train_1.predict)=83.98%
[ 2019-09-26 13:43:58,364][kfold_wrapper.log_eval_metrics] Accuracy(layer_2 - estimator_2 - 5_folds.train_2.predict)=88.89%
[ 2019-09-26 13:44:00,586][kfold_wrapper.log_eval_metrics] Accuracy(layer_2 - estimator_2 - 5_folds.train_3.predict)=83.89%
[ 2019-09-26 13:44:02,823][kfold_wrapper.log_eval_metrics] Accuracy(layer_2 - estimator_2 - 5_folds.train_4.predict)=79.44%
[ 2019-09-26 13:44:02,824][kfold_wrapper.log_eval_metrics] Accuracy(layer_2 - estimator_2 - 5_folds.train_cv.predict)=83.83%
[ 2019-09-26 13:44:02,824][cascade_classifier.calc_accuracy] Accuracy(layer_2 - train.classifier_average)=83.39%
[ 2019-09-26 13:44:02,824][cascade_classifier.fit_transform] [layer=3] look_indexs=[0], X_cur_train.shape=(903, 36), X_cur_test.shape=(0, 36)
[ 2019-09-26 13:44:03,567][kfold_wrapper.log_eval_metrics] Accuracy(layer_3 - estimator_0 - 5_folds.train_0.predict)=81.87%
[ 2019-09-26 13:44:04,337][kfold_wrapper.log_eval_metrics] Accuracy(layer_3 - estimator_0 - 5_folds.train_1.predict)=87.85%
[ 2019-09-26 13:44:05,102][kfold_wrapper.log_eval_metrics] Accuracy(layer_3 - estimator_0 - 5_folds.train_2.predict)=83.33%
[ 2019-09-26 13:44:05,834][kfold_wrapper.log_eval_metrics] Accuracy(layer_3 - estimator_0 - 5_folds.train_3.predict)=80.56%
[ 2019-09-26 13:44:06,561][kfold_wrapper.log_eval_metrics] Accuracy(layer_3 - estimator_0 - 5_folds.train_4.predict)=81.11%
[ 2019-09-26 13:44:06,561][kfold_wrapper.log_eval_metrics] Accuracy(layer_3 - estimator_0 - 5_folds.train_cv.predict)=82.95%
[ 2019-09-26 13:44:08,948][kfold_wrapper.log_eval_metrics] Accuracy(layer_3 - estimator_1 - 5_folds.train_0.predict)=81.87%
[ 2019-09-26 13:44:11,468][kfold_wrapper.log_eval_metrics] Accuracy(layer_3 - estimator_1 - 5_folds.train_1.predict)=83.43%
[ 2019-09-26 13:44:14,026][kfold_wrapper.log_eval_metrics] Accuracy(layer_3 - estimator_1 - 5_folds.train_2.predict)=83.89%
[ 2019-09-26 13:44:16,553][kfold_wrapper.log_eval_metrics] Accuracy(layer_3 - estimator_1 - 5_folds.train_3.predict)=85.00%
[ 2019-09-26 13:44:18,961][kfold_wrapper.log_eval_metrics] Accuracy(layer_3 - estimator_1 - 5_folds.train_4.predict)=83.89%
[ 2019-09-26 13:44:18,961][kfold_wrapper.log_eval_metrics] Accuracy(layer_3 - estimator_1 - 5_folds.train_cv.predict)=83.61%
[ 2019-09-26 13:44:21,199][kfold_wrapper.log_eval_metrics] Accuracy(layer_3 - estimator_2 - 5_folds.train_0.predict)=83.52%
[ 2019-09-26 13:44:23,535][kfold_wrapper.log_eval_metrics] Accuracy(layer_3 - estimator_2 - 5_folds.train_1.predict)=82.87%
[ 2019-09-26 13:44:25,756][kfold_wrapper.log_eval_metrics] Accuracy(layer_3 - estimator_2 - 5_folds.train_2.predict)=84.44%
[ 2019-09-26 13:44:27,983][kfold_wrapper.log_eval_metrics] Accuracy(layer_3 - estimator_2 - 5_folds.train_3.predict)=85.56%
[ 2019-09-26 13:44:30,332][kfold_wrapper.log_eval_metrics] Accuracy(layer_3 - estimator_2 - 5_folds.train_4.predict)=82.78%
[ 2019-09-26 13:44:30,333][kfold_wrapper.log_eval_metrics] Accuracy(layer_3 - estimator_2 - 5_folds.train_cv.predict)=83.83%
[ 2019-09-26 13:44:30,333][cascade_classifier.calc_accuracy] Accuracy(layer_3 - train.classifier_average)=83.39%
[ 2019-09-26 13:44:30,333][cascade_classifier.fit_transform] [layer=4] look_indexs=[0], X_cur_train.shape=(903, 36), X_cur_test.shape=(0, 36)
[ 2019-09-26 13:44:31,081][kfold_wrapper.log_eval_metrics] Accuracy(layer_4 - estimator_0 - 5_folds.train_0.predict)=83.52%
[ 2019-09-26 13:44:31,813][kfold_wrapper.log_eval_metrics] Accuracy(layer_4 - estimator_0 - 5_folds.train_1.predict)=80.11%
[ 2019-09-26 13:44:32,563][kfold_wrapper.log_eval_metrics] Accuracy(layer_4 - estimator_0 - 5_folds.train_2.predict)=76.67%
[ 2019-09-26 13:44:33,295][kfold_wrapper.log_eval_metrics] Accuracy(layer_4 - estimator_0 - 5_folds.train_3.predict)=80.00%
[ 2019-09-26 13:44:34,027][kfold_wrapper.log_eval_metrics] Accuracy(layer_4 - estimator_0 - 5_folds.train_4.predict)=85.56%
[ 2019-09-26 13:44:34,027][kfold_wrapper.log_eval_metrics] Accuracy(layer_4 - estimator_0 - 5_folds.train_cv.predict)=81.17%
[ 2019-09-26 13:44:36,543][kfold_wrapper.log_eval_metrics] Accuracy(layer_4 - estimator_1 - 5_folds.train_0.predict)=83.52%
[ 2019-09-26 13:44:39,053][kfold_wrapper.log_eval_metrics] Accuracy(layer_4 - estimator_1 - 5_folds.train_1.predict)=85.08%
[ 2019-09-26 13:44:41,471][kfold_wrapper.log_eval_metrics] Accuracy(layer_4 - estimator_1 - 5_folds.train_2.predict)=82.22%
[ 2019-09-26 13:44:43,990][kfold_wrapper.log_eval_metrics] Accuracy(layer_4 - estimator_1 - 5_folds.train_3.predict)=83.89%
[ 2019-09-26 13:44:46,525][kfold_wrapper.log_eval_metrics] Accuracy(layer_4 - estimator_1 - 5_folds.train_4.predict)=80.56%
[ 2019-09-26 13:44:46,526][kfold_wrapper.log_eval_metrics] Accuracy(layer_4 - estimator_1 - 5_folds.train_cv.predict)=83.06%
[ 2019-09-26 13:44:48,854][kfold_wrapper.log_eval_metrics] Accuracy(layer_4 - estimator_2 - 5_folds.train_0.predict)=82.42%
[ 2019-09-26 13:44:51,202][kfold_wrapper.log_eval_metrics] Accuracy(layer_4 - estimator_2 - 5_folds.train_1.predict)=80.66%
[ 2019-09-26 13:44:53,559][kfold_wrapper.log_eval_metrics] Accuracy(layer_4 - estimator_2 - 5_folds.train_2.predict)=90.00%
[ 2019-09-26 13:44:55,900][kfold_wrapper.log_eval_metrics] Accuracy(layer_4 - estimator_2 - 5_folds.train_3.predict)=83.89%
[ 2019-09-26 13:44:58,141][kfold_wrapper.log_eval_metrics] Accuracy(layer_4 - estimator_2 - 5_folds.train_4.predict)=79.44%
[ 2019-09-26 13:44:58,141][kfold_wrapper.log_eval_metrics] Accuracy(layer_4 - estimator_2 - 5_folds.train_cv.predict)=83.28%
[ 2019-09-26 13:44:58,142][cascade_classifier.calc_accuracy] Accuracy(layer_4 - train.classifier_average)=82.61%
[ 2019-09-26 13:44:58,142][cascade_classifier.fit_transform] [layer=5] look_indexs=[0], X_cur_train.shape=(903, 36), X_cur_test.shape=(0, 36)
[ 2019-09-26 13:44:58,900][kfold_wrapper.log_eval_metrics] Accuracy(layer_5 - estimator_0 - 5_folds.train_0.predict)=76.37%
[ 2019-09-26 13:44:59,634][kfold_wrapper.log_eval_metrics] Accuracy(layer_5 - estimator_0 - 5_folds.train_1.predict)=81.22%
[ 2019-09-26 13:45:00,395][kfold_wrapper.log_eval_metrics] Accuracy(layer_5 - estimator_0 - 5_folds.train_2.predict)=82.78%
[ 2019-09-26 13:45:01,133][kfold_wrapper.log_eval_metrics] Accuracy(layer_5 - estimator_0 - 5_folds.train_3.predict)=83.89%
[ 2019-09-26 13:45:01,875][kfold_wrapper.log_eval_metrics] Accuracy(layer_5 - estimator_0 - 5_folds.train_4.predict)=85.56%
[ 2019-09-26 13:45:01,876][kfold_wrapper.log_eval_metrics] Accuracy(layer_5 - estimator_0 - 5_folds.train_cv.predict)=81.95%
[ 2019-09-26 13:45:04,287][kfold_wrapper.log_eval_metrics] Accuracy(layer_5 - estimator_1 - 5_folds.train_0.predict)=80.22%
[ 2019-09-26 13:45:06,706][kfold_wrapper.log_eval_metrics] Accuracy(layer_5 - estimator_1 - 5_folds.train_1.predict)=79.56%
[ 2019-09-26 13:45:09,120][kfold_wrapper.log_eval_metrics] Accuracy(layer_5 - estimator_1 - 5_folds.train_2.predict)=86.11%
[ 2019-09-26 13:45:11,639][kfold_wrapper.log_eval_metrics] Accuracy(layer_5 - estimator_1 - 5_folds.train_3.predict)=83.89%
[ 2019-09-26 13:45:14,055][kfold_wrapper.log_eval_metrics] Accuracy(layer_5 - estimator_1 - 5_folds.train_4.predict)=85.00%
[ 2019-09-26 13:45:14,056][kfold_wrapper.log_eval_metrics] Accuracy(layer_5 - estimator_1 - 5_folds.train_cv.predict)=82.95%
[ 2019-09-26 13:45:16,285][kfold_wrapper.log_eval_metrics] Accuracy(layer_5 - estimator_2 - 5_folds.train_0.predict)=81.87%
[ 2019-09-26 13:45:18,508][kfold_wrapper.log_eval_metrics] Accuracy(layer_5 - estimator_2 - 5_folds.train_1.predict)=86.19%
[ 2019-09-26 13:45:20,953][kfold_wrapper.log_eval_metrics] Accuracy(layer_5 - estimator_2 - 5_folds.train_2.predict)=83.89%
[ 2019-09-26 13:45:23,187][kfold_wrapper.log_eval_metrics] Accuracy(layer_5 - estimator_2 - 5_folds.train_3.predict)=81.11%
[ 2019-09-26 13:45:25,627][kfold_wrapper.log_eval_metrics] Accuracy(layer_5 - estimator_2 - 5_folds.train_4.predict)=82.78%
[ 2019-09-26 13:45:25,628][kfold_wrapper.log_eval_metrics] Accuracy(layer_5 - estimator_2 - 5_folds.train_cv.predict)=83.17%
[ 2019-09-26 13:45:25,634][cascade_classifier.calc_accuracy] Accuracy(layer_5 - train.classifier_average)=83.06%
[ 2019-09-26 13:45:25,635][cascade_classifier.fit_transform] [layer=6] look_indexs=[0], X_cur_train.shape=(903, 36), X_cur_test.shape=(0, 36)
[ 2019-09-26 13:45:26,388][kfold_wrapper.log_eval_metrics] Accuracy(layer_6 - estimator_0 - 5_folds.train_0.predict)=79.67%
[ 2019-09-26 13:45:27,113][kfold_wrapper.log_eval_metrics] Accuracy(layer_6 - estimator_0 - 5_folds.train_1.predict)=79.56%
[ 2019-09-26 13:45:27,852][kfold_wrapper.log_eval_metrics] Accuracy(layer_6 - estimator_0 - 5_folds.train_2.predict)=83.89%
[ 2019-09-26 13:45:28,587][kfold_wrapper.log_eval_metrics] Accuracy(layer_6 - estimator_0 - 5_folds.train_3.predict)=81.67%
[ 2019-09-26 13:45:29,341][kfold_wrapper.log_eval_metrics] Accuracy(layer_6 - estimator_0 - 5_folds.train_4.predict)=85.56%
[ 2019-09-26 13:45:29,341][kfold_wrapper.log_eval_metrics] Accuracy(layer_6 - estimator_0 - 5_folds.train_cv.predict)=82.06%
[ 2019-09-26 13:45:31,839][kfold_wrapper.log_eval_metrics] Accuracy(layer_6 - estimator_1 - 5_folds.train_0.predict)=79.67%
[ 2019-09-26 13:45:34,462][kfold_wrapper.log_eval_metrics] Accuracy(layer_6 - estimator_1 - 5_folds.train_1.predict)=85.64%
[ 2019-09-26 13:45:36,985][kfold_wrapper.log_eval_metrics] Accuracy(layer_6 - estimator_1 - 5_folds.train_2.predict)=80.00%
[ 2019-09-26 13:45:39,485][kfold_wrapper.log_eval_metrics] Accuracy(layer_6 - estimator_1 - 5_folds.train_3.predict)=83.33%
[ 2019-09-26 13:45:41,909][kfold_wrapper.log_eval_metrics] Accuracy(layer_6 - estimator_1 - 5_folds.train_4.predict)=80.56%
[ 2019-09-26 13:45:41,910][kfold_wrapper.log_eval_metrics] Accuracy(layer_6 - estimator_1 - 5_folds.train_cv.predict)=81.84%
[ 2019-09-26 13:45:44,346][kfold_wrapper.log_eval_metrics] Accuracy(layer_6 - estimator_2 - 5_folds.train_0.predict)=78.57%
[ 2019-09-26 13:45:46,595][kfold_wrapper.log_eval_metrics] Accuracy(layer_6 - estimator_2 - 5_folds.train_1.predict)=82.32%
[ 2019-09-26 13:45:48,833][kfold_wrapper.log_eval_metrics] Accuracy(layer_6 - estimator_2 - 5_folds.train_2.predict)=81.11%
[ 2019-09-26 13:45:51,073][kfold_wrapper.log_eval_metrics] Accuracy(layer_6 - estimator_2 - 5_folds.train_3.predict)=87.22%
[ 2019-09-26 13:45:53,316][kfold_wrapper.log_eval_metrics] Accuracy(layer_6 - estimator_2 - 5_folds.train_4.predict)=87.22%
[ 2019-09-26 13:45:53,316][kfold_wrapper.log_eval_metrics] Accuracy(layer_6 - estimator_2 - 5_folds.train_cv.predict)=83.28%
[ 2019-09-26 13:45:53,317][cascade_classifier.calc_accuracy] Accuracy(layer_6 - train.classifier_average)=82.39%
[ 2019-09-26 13:45:53,317][cascade_classifier.fit_transform] [Result][Optimal Level Detected] opt_layer_num=2, accuracy_train=83.94%, accuracy_test=0.00%
[ 2019-09-26 13:45:53,454][cascade_classifier.transform] X_groups_test.shape=[(101, 30)]
[ 2019-09-26 13:45:53,455][cascade_classifier.transform] group_dims=[30]
[ 2019-09-26 13:45:53,455][cascade_classifier.transform] X_test.shape=(101, 30)
[ 2019-09-26 13:45:53,455][cascade_classifier.transform] [layer=0] look_indexs=[0], X_cur_test.shape=(101, 30)
[ 2019-09-26 13:45:56,976][cascade_classifier.transform] [layer=1] look_indexs=[0], X_cur_test.shape=(101, 36)
[ 2019-09-26 13:46:00,404][cascade_classifier.transform] X_groups_test.shape=[(101, 30)]
[ 2019-09-26 13:46:00,405][cascade_classifier.transform] group_dims=[30]
[ 2019-09-26 13:46:00,405][cascade_classifier.transform] X_test.shape=(101, 30)
[ 2019-09-26 13:46:00,405][cascade_classifier.transform] [layer=0] look_indexs=[0], X_cur_test.shape=(101, 30)
[ 2019-09-26 13:46:03,832][cascade_classifier.transform] [layer=1] look_indexs=[0], X_cur_test.shape=(101, 36)
