[ 2019-09-26 13:48:42,393][cascade_classifier.fit_transform] X_groups_train.shape=[(903, 28)],y_train.shape=(903,),X_groups_test.shape=no_test,y_test.shape=no_test
[ 2019-09-26 13:48:42,393][cascade_classifier.fit_transform] group_dims=[28]
[ 2019-09-26 13:48:42,394][cascade_classifier.fit_transform] group_starts=[0]
[ 2019-09-26 13:48:42,394][cascade_classifier.fit_transform] group_ends=[28]
[ 2019-09-26 13:48:42,394][cascade_classifier.fit_transform] X_train.shape=(903, 28),X_test.shape=(0, 28)
[ 2019-09-26 13:48:42,395][cascade_classifier.fit_transform] [layer=0] look_indexs=[0], X_cur_train.shape=(903, 28), X_cur_test.shape=(0, 28)
[ 2019-09-26 13:48:43,088][kfold_wrapper.log_eval_metrics] Accuracy(layer_0 - estimator_0 - 5_folds.train_0.predict)=78.57%
[ 2019-09-26 13:48:43,784][kfold_wrapper.log_eval_metrics] Accuracy(layer_0 - estimator_0 - 5_folds.train_1.predict)=78.45%
[ 2019-09-26 13:48:44,467][kfold_wrapper.log_eval_metrics] Accuracy(layer_0 - estimator_0 - 5_folds.train_2.predict)=77.78%
[ 2019-09-26 13:48:45,150][kfold_wrapper.log_eval_metrics] Accuracy(layer_0 - estimator_0 - 5_folds.train_3.predict)=85.00%
[ 2019-09-26 13:48:45,844][kfold_wrapper.log_eval_metrics] Accuracy(layer_0 - estimator_0 - 5_folds.train_4.predict)=82.22%
[ 2019-09-26 13:48:45,845][kfold_wrapper.log_eval_metrics] Accuracy(layer_0 - estimator_0 - 5_folds.train_cv.predict)=80.40%
[ 2019-09-26 13:48:48,378][kfold_wrapper.log_eval_metrics] Accuracy(layer_0 - estimator_1 - 5_folds.train_0.predict)=82.97%
[ 2019-09-26 13:48:50,901][kfold_wrapper.log_eval_metrics] Accuracy(layer_0 - estimator_1 - 5_folds.train_1.predict)=82.87%
[ 2019-09-26 13:48:53,429][kfold_wrapper.log_eval_metrics] Accuracy(layer_0 - estimator_1 - 5_folds.train_2.predict)=84.44%
[ 2019-09-26 13:48:55,862][kfold_wrapper.log_eval_metrics] Accuracy(layer_0 - estimator_1 - 5_folds.train_3.predict)=83.33%
[ 2019-09-26 13:48:58,374][kfold_wrapper.log_eval_metrics] Accuracy(layer_0 - estimator_1 - 5_folds.train_4.predict)=80.00%
[ 2019-09-26 13:48:58,374][kfold_wrapper.log_eval_metrics] Accuracy(layer_0 - estimator_1 - 5_folds.train_cv.predict)=82.72%
[ 2019-09-26 13:49:00,622][kfold_wrapper.log_eval_metrics] Accuracy(layer_0 - estimator_2 - 5_folds.train_0.predict)=84.62%
[ 2019-09-26 13:49:02,869][kfold_wrapper.log_eval_metrics] Accuracy(layer_0 - estimator_2 - 5_folds.train_1.predict)=80.11%
[ 2019-09-26 13:49:05,221][kfold_wrapper.log_eval_metrics] Accuracy(layer_0 - estimator_2 - 5_folds.train_2.predict)=81.67%
[ 2019-09-26 13:49:07,474][kfold_wrapper.log_eval_metrics] Accuracy(layer_0 - estimator_2 - 5_folds.train_3.predict)=84.44%
[ 2019-09-26 13:49:09,823][kfold_wrapper.log_eval_metrics] Accuracy(layer_0 - estimator_2 - 5_folds.train_4.predict)=84.44%
[ 2019-09-26 13:49:09,824][kfold_wrapper.log_eval_metrics] Accuracy(layer_0 - estimator_2 - 5_folds.train_cv.predict)=83.06%
[ 2019-09-26 13:49:09,824][cascade_classifier.calc_accuracy] Accuracy(layer_0 - train.classifier_average)=81.17%
[ 2019-09-26 13:49:09,825][cascade_classifier.fit_transform] [layer=1] look_indexs=[0], X_cur_train.shape=(903, 34), X_cur_test.shape=(0, 34)
[ 2019-09-26 13:49:10,567][kfold_wrapper.log_eval_metrics] Accuracy(layer_1 - estimator_0 - 5_folds.train_0.predict)=86.26%
[ 2019-09-26 13:49:11,292][kfold_wrapper.log_eval_metrics] Accuracy(layer_1 - estimator_0 - 5_folds.train_1.predict)=82.32%
[ 2019-09-26 13:49:12,025][kfold_wrapper.log_eval_metrics] Accuracy(layer_1 - estimator_0 - 5_folds.train_2.predict)=81.67%
[ 2019-09-26 13:49:12,727][kfold_wrapper.log_eval_metrics] Accuracy(layer_1 - estimator_0 - 5_folds.train_3.predict)=81.11%
[ 2019-09-26 13:49:13,438][kfold_wrapper.log_eval_metrics] Accuracy(layer_1 - estimator_0 - 5_folds.train_4.predict)=79.44%
[ 2019-09-26 13:49:13,439][kfold_wrapper.log_eval_metrics] Accuracy(layer_1 - estimator_0 - 5_folds.train_cv.predict)=82.17%
[ 2019-09-26 13:49:15,844][kfold_wrapper.log_eval_metrics] Accuracy(layer_1 - estimator_1 - 5_folds.train_0.predict)=86.26%
[ 2019-09-26 13:49:18,284][kfold_wrapper.log_eval_metrics] Accuracy(layer_1 - estimator_1 - 5_folds.train_1.predict)=84.53%
[ 2019-09-26 13:49:20,697][kfold_wrapper.log_eval_metrics] Accuracy(layer_1 - estimator_1 - 5_folds.train_2.predict)=83.89%
[ 2019-09-26 13:49:23,225][kfold_wrapper.log_eval_metrics] Accuracy(layer_1 - estimator_1 - 5_folds.train_3.predict)=80.00%
[ 2019-09-26 13:49:25,652][kfold_wrapper.log_eval_metrics] Accuracy(layer_1 - estimator_1 - 5_folds.train_4.predict)=77.78%
[ 2019-09-26 13:49:25,660][kfold_wrapper.log_eval_metrics] Accuracy(layer_1 - estimator_1 - 5_folds.train_cv.predict)=82.50%
[ 2019-09-26 13:49:27,905][kfold_wrapper.log_eval_metrics] Accuracy(layer_1 - estimator_2 - 5_folds.train_0.predict)=81.87%
[ 2019-09-26 13:49:30,251][kfold_wrapper.log_eval_metrics] Accuracy(layer_1 - estimator_2 - 5_folds.train_1.predict)=84.53%
[ 2019-09-26 13:49:32,599][kfold_wrapper.log_eval_metrics] Accuracy(layer_1 - estimator_2 - 5_folds.train_2.predict)=80.56%
[ 2019-09-26 13:49:34,836][kfold_wrapper.log_eval_metrics] Accuracy(layer_1 - estimator_2 - 5_folds.train_3.predict)=85.56%
[ 2019-09-26 13:49:37,189][kfold_wrapper.log_eval_metrics] Accuracy(layer_1 - estimator_2 - 5_folds.train_4.predict)=80.56%
[ 2019-09-26 13:49:37,189][kfold_wrapper.log_eval_metrics] Accuracy(layer_1 - estimator_2 - 5_folds.train_cv.predict)=82.61%
[ 2019-09-26 13:49:37,190][cascade_classifier.calc_accuracy] Accuracy(layer_1 - train.classifier_average)=82.39%
[ 2019-09-26 13:49:37,190][cascade_classifier.fit_transform] [layer=2] look_indexs=[0], X_cur_train.shape=(903, 34), X_cur_test.shape=(0, 34)
[ 2019-09-26 13:49:37,992][kfold_wrapper.log_eval_metrics] Accuracy(layer_2 - estimator_0 - 5_folds.train_0.predict)=84.07%
[ 2019-09-26 13:49:38,731][kfold_wrapper.log_eval_metrics] Accuracy(layer_2 - estimator_0 - 5_folds.train_1.predict)=80.66%
[ 2019-09-26 13:49:39,457][kfold_wrapper.log_eval_metrics] Accuracy(layer_2 - estimator_0 - 5_folds.train_2.predict)=78.89%
[ 2019-09-26 13:49:40,178][kfold_wrapper.log_eval_metrics] Accuracy(layer_2 - estimator_0 - 5_folds.train_3.predict)=79.44%
[ 2019-09-26 13:49:40,902][kfold_wrapper.log_eval_metrics] Accuracy(layer_2 - estimator_0 - 5_folds.train_4.predict)=80.56%
[ 2019-09-26 13:49:40,902][kfold_wrapper.log_eval_metrics] Accuracy(layer_2 - estimator_0 - 5_folds.train_cv.predict)=80.73%
[ 2019-09-26 13:49:43,426][kfold_wrapper.log_eval_metrics] Accuracy(layer_2 - estimator_1 - 5_folds.train_0.predict)=79.67%
[ 2019-09-26 13:49:45,859][kfold_wrapper.log_eval_metrics] Accuracy(layer_2 - estimator_1 - 5_folds.train_1.predict)=82.32%
[ 2019-09-26 13:49:48,277][kfold_wrapper.log_eval_metrics] Accuracy(layer_2 - estimator_1 - 5_folds.train_2.predict)=83.89%
[ 2019-09-26 13:49:50,817][kfold_wrapper.log_eval_metrics] Accuracy(layer_2 - estimator_1 - 5_folds.train_3.predict)=78.33%
[ 2019-09-26 13:49:53,350][kfold_wrapper.log_eval_metrics] Accuracy(layer_2 - estimator_1 - 5_folds.train_4.predict)=82.22%
[ 2019-09-26 13:49:53,350][kfold_wrapper.log_eval_metrics] Accuracy(layer_2 - estimator_1 - 5_folds.train_cv.predict)=81.28%
[ 2019-09-26 13:49:55,660][kfold_wrapper.log_eval_metrics] Accuracy(layer_2 - estimator_2 - 5_folds.train_0.predict)=78.02%
[ 2019-09-26 13:49:57,948][kfold_wrapper.log_eval_metrics] Accuracy(layer_2 - estimator_2 - 5_folds.train_1.predict)=78.45%
[ 2019-09-26 13:50:00,316][kfold_wrapper.log_eval_metrics] Accuracy(layer_2 - estimator_2 - 5_folds.train_2.predict)=81.11%
[ 2019-09-26 13:50:02,616][kfold_wrapper.log_eval_metrics] Accuracy(layer_2 - estimator_2 - 5_folds.train_3.predict)=89.44%
[ 2019-09-26 13:50:04,849][kfold_wrapper.log_eval_metrics] Accuracy(layer_2 - estimator_2 - 5_folds.train_4.predict)=78.33%
[ 2019-09-26 13:50:04,850][kfold_wrapper.log_eval_metrics] Accuracy(layer_2 - estimator_2 - 5_folds.train_cv.predict)=81.06%
[ 2019-09-26 13:50:04,851][cascade_classifier.calc_accuracy] Accuracy(layer_2 - train.classifier_average)=81.06%
[ 2019-09-26 13:50:04,851][cascade_classifier.fit_transform] [layer=3] look_indexs=[0], X_cur_train.shape=(903, 34), X_cur_test.shape=(0, 34)
[ 2019-09-26 13:50:05,617][kfold_wrapper.log_eval_metrics] Accuracy(layer_3 - estimator_0 - 5_folds.train_0.predict)=85.16%
[ 2019-09-26 13:50:06,391][kfold_wrapper.log_eval_metrics] Accuracy(layer_3 - estimator_0 - 5_folds.train_1.predict)=80.11%
[ 2019-09-26 13:50:07,164][kfold_wrapper.log_eval_metrics] Accuracy(layer_3 - estimator_0 - 5_folds.train_2.predict)=83.33%
[ 2019-09-26 13:50:07,893][kfold_wrapper.log_eval_metrics] Accuracy(layer_3 - estimator_0 - 5_folds.train_3.predict)=83.33%
[ 2019-09-26 13:50:08,609][kfold_wrapper.log_eval_metrics] Accuracy(layer_3 - estimator_0 - 5_folds.train_4.predict)=82.78%
[ 2019-09-26 13:50:08,610][kfold_wrapper.log_eval_metrics] Accuracy(layer_3 - estimator_0 - 5_folds.train_cv.predict)=82.95%
[ 2019-09-26 13:50:11,136][kfold_wrapper.log_eval_metrics] Accuracy(layer_3 - estimator_1 - 5_folds.train_0.predict)=80.22%
[ 2019-09-26 13:50:13,573][kfold_wrapper.log_eval_metrics] Accuracy(layer_3 - estimator_1 - 5_folds.train_1.predict)=82.32%
[ 2019-09-26 13:50:16,124][kfold_wrapper.log_eval_metrics] Accuracy(layer_3 - estimator_1 - 5_folds.train_2.predict)=80.56%
[ 2019-09-26 13:50:18,638][kfold_wrapper.log_eval_metrics] Accuracy(layer_3 - estimator_1 - 5_folds.train_3.predict)=80.56%
[ 2019-09-26 13:50:21,066][kfold_wrapper.log_eval_metrics] Accuracy(layer_3 - estimator_1 - 5_folds.train_4.predict)=81.67%
[ 2019-09-26 13:50:21,066][kfold_wrapper.log_eval_metrics] Accuracy(layer_3 - estimator_1 - 5_folds.train_cv.predict)=81.06%
[ 2019-09-26 13:50:23,316][kfold_wrapper.log_eval_metrics] Accuracy(layer_3 - estimator_2 - 5_folds.train_0.predict)=78.57%
[ 2019-09-26 13:50:25,572][kfold_wrapper.log_eval_metrics] Accuracy(layer_3 - estimator_2 - 5_folds.train_1.predict)=84.53%
[ 2019-09-26 13:50:27,834][kfold_wrapper.log_eval_metrics] Accuracy(layer_3 - estimator_2 - 5_folds.train_2.predict)=80.00%
[ 2019-09-26 13:50:30,171][kfold_wrapper.log_eval_metrics] Accuracy(layer_3 - estimator_2 - 5_folds.train_3.predict)=82.78%
[ 2019-09-26 13:50:32,394][kfold_wrapper.log_eval_metrics] Accuracy(layer_3 - estimator_2 - 5_folds.train_4.predict)=82.78%
[ 2019-09-26 13:50:32,395][kfold_wrapper.log_eval_metrics] Accuracy(layer_3 - estimator_2 - 5_folds.train_cv.predict)=81.73%
[ 2019-09-26 13:50:32,395][cascade_classifier.calc_accuracy] Accuracy(layer_3 - train.classifier_average)=82.61%
[ 2019-09-26 13:50:32,396][cascade_classifier.fit_transform] [layer=4] look_indexs=[0], X_cur_train.shape=(903, 34), X_cur_test.shape=(0, 34)
[ 2019-09-26 13:50:33,122][kfold_wrapper.log_eval_metrics] Accuracy(layer_4 - estimator_0 - 5_folds.train_0.predict)=81.32%
[ 2019-09-26 13:50:33,853][kfold_wrapper.log_eval_metrics] Accuracy(layer_4 - estimator_0 - 5_folds.train_1.predict)=87.29%
[ 2019-09-26 13:50:34,581][kfold_wrapper.log_eval_metrics] Accuracy(layer_4 - estimator_0 - 5_folds.train_2.predict)=82.22%
[ 2019-09-26 13:50:35,315][kfold_wrapper.log_eval_metrics] Accuracy(layer_4 - estimator_0 - 5_folds.train_3.predict)=81.67%
[ 2019-09-26 13:50:36,024][kfold_wrapper.log_eval_metrics] Accuracy(layer_4 - estimator_0 - 5_folds.train_4.predict)=76.67%
[ 2019-09-26 13:50:36,025][kfold_wrapper.log_eval_metrics] Accuracy(layer_4 - estimator_0 - 5_folds.train_cv.predict)=81.84%
[ 2019-09-26 13:50:38,438][kfold_wrapper.log_eval_metrics] Accuracy(layer_4 - estimator_1 - 5_folds.train_0.predict)=86.26%
[ 2019-09-26 13:50:40,852][kfold_wrapper.log_eval_metrics] Accuracy(layer_4 - estimator_1 - 5_folds.train_1.predict)=82.32%
[ 2019-09-26 13:50:43,279][kfold_wrapper.log_eval_metrics] Accuracy(layer_4 - estimator_1 - 5_folds.train_2.predict)=85.00%
[ 2019-09-26 13:50:45,709][kfold_wrapper.log_eval_metrics] Accuracy(layer_4 - estimator_1 - 5_folds.train_3.predict)=80.00%
[ 2019-09-26 13:50:48,245][kfold_wrapper.log_eval_metrics] Accuracy(layer_4 - estimator_1 - 5_folds.train_4.predict)=82.22%
[ 2019-09-26 13:50:48,245][kfold_wrapper.log_eval_metrics] Accuracy(layer_4 - estimator_1 - 5_folds.train_cv.predict)=83.17%
[ 2019-09-26 13:50:50,507][kfold_wrapper.log_eval_metrics] Accuracy(layer_4 - estimator_2 - 5_folds.train_0.predict)=84.07%
[ 2019-09-26 13:50:52,758][kfold_wrapper.log_eval_metrics] Accuracy(layer_4 - estimator_2 - 5_folds.train_1.predict)=77.90%
[ 2019-09-26 13:50:55,003][kfold_wrapper.log_eval_metrics] Accuracy(layer_4 - estimator_2 - 5_folds.train_2.predict)=87.22%
[ 2019-09-26 13:50:57,239][kfold_wrapper.log_eval_metrics] Accuracy(layer_4 - estimator_2 - 5_folds.train_3.predict)=80.56%
[ 2019-09-26 13:50:59,470][kfold_wrapper.log_eval_metrics] Accuracy(layer_4 - estimator_2 - 5_folds.train_4.predict)=83.33%
[ 2019-09-26 13:50:59,471][kfold_wrapper.log_eval_metrics] Accuracy(layer_4 - estimator_2 - 5_folds.train_cv.predict)=82.61%
[ 2019-09-26 13:50:59,471][cascade_classifier.calc_accuracy] Accuracy(layer_4 - train.classifier_average)=82.83%
[ 2019-09-26 13:50:59,471][cascade_classifier.fit_transform] [layer=5] look_indexs=[0], X_cur_train.shape=(903, 34), X_cur_test.shape=(0, 34)
[ 2019-09-26 13:51:00,219][kfold_wrapper.log_eval_metrics] Accuracy(layer_5 - estimator_0 - 5_folds.train_0.predict)=81.87%
[ 2019-09-26 13:51:00,974][kfold_wrapper.log_eval_metrics] Accuracy(layer_5 - estimator_0 - 5_folds.train_1.predict)=80.66%
[ 2019-09-26 13:51:01,705][kfold_wrapper.log_eval_metrics] Accuracy(layer_5 - estimator_0 - 5_folds.train_2.predict)=80.56%
[ 2019-09-26 13:51:02,439][kfold_wrapper.log_eval_metrics] Accuracy(layer_5 - estimator_0 - 5_folds.train_3.predict)=80.56%
[ 2019-09-26 13:51:03,158][kfold_wrapper.log_eval_metrics] Accuracy(layer_5 - estimator_0 - 5_folds.train_4.predict)=83.33%
[ 2019-09-26 13:51:03,159][kfold_wrapper.log_eval_metrics] Accuracy(layer_5 - estimator_0 - 5_folds.train_cv.predict)=81.40%
[ 2019-09-26 13:51:05,580][kfold_wrapper.log_eval_metrics] Accuracy(layer_5 - estimator_1 - 5_folds.train_0.predict)=84.07%
[ 2019-09-26 13:51:08,012][kfold_wrapper.log_eval_metrics] Accuracy(layer_5 - estimator_1 - 5_folds.train_1.predict)=77.35%
[ 2019-09-26 13:51:10,540][kfold_wrapper.log_eval_metrics] Accuracy(layer_5 - estimator_1 - 5_folds.train_2.predict)=80.00%
[ 2019-09-26 13:51:12,980][kfold_wrapper.log_eval_metrics] Accuracy(layer_5 - estimator_1 - 5_folds.train_3.predict)=85.00%
[ 2019-09-26 13:51:15,489][kfold_wrapper.log_eval_metrics] Accuracy(layer_5 - estimator_1 - 5_folds.train_4.predict)=82.78%
[ 2019-09-26 13:51:15,490][kfold_wrapper.log_eval_metrics] Accuracy(layer_5 - estimator_1 - 5_folds.train_cv.predict)=81.84%
[ 2019-09-26 13:51:17,715][kfold_wrapper.log_eval_metrics] Accuracy(layer_5 - estimator_2 - 5_folds.train_0.predict)=79.67%
[ 2019-09-26 13:51:20,162][kfold_wrapper.log_eval_metrics] Accuracy(layer_5 - estimator_2 - 5_folds.train_1.predict)=83.98%
[ 2019-09-26 13:51:22,408][kfold_wrapper.log_eval_metrics] Accuracy(layer_5 - estimator_2 - 5_folds.train_2.predict)=83.89%
[ 2019-09-26 13:51:24,770][kfold_wrapper.log_eval_metrics] Accuracy(layer_5 - estimator_2 - 5_folds.train_3.predict)=82.78%
[ 2019-09-26 13:51:27,002][kfold_wrapper.log_eval_metrics] Accuracy(layer_5 - estimator_2 - 5_folds.train_4.predict)=78.89%
[ 2019-09-26 13:51:27,003][kfold_wrapper.log_eval_metrics] Accuracy(layer_5 - estimator_2 - 5_folds.train_cv.predict)=81.84%
[ 2019-09-26 13:51:27,003][cascade_classifier.calc_accuracy] Accuracy(layer_5 - train.classifier_average)=82.17%
[ 2019-09-26 13:51:27,003][cascade_classifier.fit_transform] [layer=6] look_indexs=[0], X_cur_train.shape=(903, 34), X_cur_test.shape=(0, 34)
[ 2019-09-26 13:51:27,738][kfold_wrapper.log_eval_metrics] Accuracy(layer_6 - estimator_0 - 5_folds.train_0.predict)=81.87%
[ 2019-09-26 13:51:28,445][kfold_wrapper.log_eval_metrics] Accuracy(layer_6 - estimator_0 - 5_folds.train_1.predict)=76.24%
[ 2019-09-26 13:51:29,171][kfold_wrapper.log_eval_metrics] Accuracy(layer_6 - estimator_0 - 5_folds.train_2.predict)=83.33%
[ 2019-09-26 13:51:29,892][kfold_wrapper.log_eval_metrics] Accuracy(layer_6 - estimator_0 - 5_folds.train_3.predict)=82.78%
[ 2019-09-26 13:51:30,600][kfold_wrapper.log_eval_metrics] Accuracy(layer_6 - estimator_0 - 5_folds.train_4.predict)=81.11%
[ 2019-09-26 13:51:30,600][kfold_wrapper.log_eval_metrics] Accuracy(layer_6 - estimator_0 - 5_folds.train_cv.predict)=81.06%
[ 2019-09-26 13:51:33,120][kfold_wrapper.log_eval_metrics] Accuracy(layer_6 - estimator_1 - 5_folds.train_0.predict)=78.57%
[ 2019-09-26 13:51:35,554][kfold_wrapper.log_eval_metrics] Accuracy(layer_6 - estimator_1 - 5_folds.train_1.predict)=83.98%
[ 2019-09-26 13:51:37,969][kfold_wrapper.log_eval_metrics] Accuracy(layer_6 - estimator_1 - 5_folds.train_2.predict)=81.67%
[ 2019-09-26 13:51:40,484][kfold_wrapper.log_eval_metrics] Accuracy(layer_6 - estimator_1 - 5_folds.train_3.predict)=81.11%
[ 2019-09-26 13:51:42,904][kfold_wrapper.log_eval_metrics] Accuracy(layer_6 - estimator_1 - 5_folds.train_4.predict)=82.22%
[ 2019-09-26 13:51:42,904][kfold_wrapper.log_eval_metrics] Accuracy(layer_6 - estimator_1 - 5_folds.train_cv.predict)=81.51%
[ 2019-09-26 13:51:45,151][kfold_wrapper.log_eval_metrics] Accuracy(layer_6 - estimator_2 - 5_folds.train_0.predict)=81.32%
[ 2019-09-26 13:51:47,410][kfold_wrapper.log_eval_metrics] Accuracy(layer_6 - estimator_2 - 5_folds.train_1.predict)=83.98%
[ 2019-09-26 13:51:49,643][kfold_wrapper.log_eval_metrics] Accuracy(layer_6 - estimator_2 - 5_folds.train_2.predict)=84.44%
[ 2019-09-26 13:51:51,903][kfold_wrapper.log_eval_metrics] Accuracy(layer_6 - estimator_2 - 5_folds.train_3.predict)=83.33%
[ 2019-09-26 13:51:54,148][kfold_wrapper.log_eval_metrics] Accuracy(layer_6 - estimator_2 - 5_folds.train_4.predict)=79.44%
[ 2019-09-26 13:51:54,149][kfold_wrapper.log_eval_metrics] Accuracy(layer_6 - estimator_2 - 5_folds.train_cv.predict)=82.50%
[ 2019-09-26 13:51:54,149][cascade_classifier.calc_accuracy] Accuracy(layer_6 - train.classifier_average)=81.84%
[ 2019-09-26 13:51:54,150][cascade_classifier.fit_transform] [layer=7] look_indexs=[0], X_cur_train.shape=(903, 34), X_cur_test.shape=(0, 34)
[ 2019-09-26 13:51:54,891][kfold_wrapper.log_eval_metrics] Accuracy(layer_7 - estimator_0 - 5_folds.train_0.predict)=82.97%
[ 2019-09-26 13:51:55,614][kfold_wrapper.log_eval_metrics] Accuracy(layer_7 - estimator_0 - 5_folds.train_1.predict)=83.43%
[ 2019-09-26 13:51:56,333][kfold_wrapper.log_eval_metrics] Accuracy(layer_7 - estimator_0 - 5_folds.train_2.predict)=81.11%
[ 2019-09-26 13:51:57,048][kfold_wrapper.log_eval_metrics] Accuracy(layer_7 - estimator_0 - 5_folds.train_3.predict)=80.56%
[ 2019-09-26 13:51:57,765][kfold_wrapper.log_eval_metrics] Accuracy(layer_7 - estimator_0 - 5_folds.train_4.predict)=83.89%
[ 2019-09-26 13:51:57,765][kfold_wrapper.log_eval_metrics] Accuracy(layer_7 - estimator_0 - 5_folds.train_cv.predict)=82.39%
[ 2019-09-26 13:52:00,287][kfold_wrapper.log_eval_metrics] Accuracy(layer_7 - estimator_1 - 5_folds.train_0.predict)=83.52%
[ 2019-09-26 13:52:02,742][kfold_wrapper.log_eval_metrics] Accuracy(layer_7 - estimator_1 - 5_folds.train_1.predict)=80.11%
[ 2019-09-26 13:52:05,258][kfold_wrapper.log_eval_metrics] Accuracy(layer_7 - estimator_1 - 5_folds.train_2.predict)=82.22%
[ 2019-09-26 13:52:07,714][kfold_wrapper.log_eval_metrics] Accuracy(layer_7 - estimator_1 - 5_folds.train_3.predict)=82.22%
[ 2019-09-26 13:52:10,139][kfold_wrapper.log_eval_metrics] Accuracy(layer_7 - estimator_1 - 5_folds.train_4.predict)=82.78%
[ 2019-09-26 13:52:10,140][kfold_wrapper.log_eval_metrics] Accuracy(layer_7 - estimator_1 - 5_folds.train_cv.predict)=82.17%
[ 2019-09-26 13:52:12,374][kfold_wrapper.log_eval_metrics] Accuracy(layer_7 - estimator_2 - 5_folds.train_0.predict)=82.97%
[ 2019-09-26 13:52:14,614][kfold_wrapper.log_eval_metrics] Accuracy(layer_7 - estimator_2 - 5_folds.train_1.predict)=87.85%
[ 2019-09-26 13:52:16,960][kfold_wrapper.log_eval_metrics] Accuracy(layer_7 - estimator_2 - 5_folds.train_2.predict)=78.33%
[ 2019-09-26 13:52:19,186][kfold_wrapper.log_eval_metrics] Accuracy(layer_7 - estimator_2 - 5_folds.train_3.predict)=82.22%
[ 2019-09-26 13:52:21,430][kfold_wrapper.log_eval_metrics] Accuracy(layer_7 - estimator_2 - 5_folds.train_4.predict)=80.00%
[ 2019-09-26 13:52:21,430][kfold_wrapper.log_eval_metrics] Accuracy(layer_7 - estimator_2 - 5_folds.train_cv.predict)=82.28%
[ 2019-09-26 13:52:21,431][cascade_classifier.calc_accuracy] Accuracy(layer_7 - train.classifier_average)=83.06%
[ 2019-09-26 13:52:21,431][cascade_classifier.fit_transform] [layer=8] look_indexs=[0], X_cur_train.shape=(903, 34), X_cur_test.shape=(0, 34)
[ 2019-09-26 13:52:22,168][kfold_wrapper.log_eval_metrics] Accuracy(layer_8 - estimator_0 - 5_folds.train_0.predict)=75.82%
[ 2019-09-26 13:52:22,890][kfold_wrapper.log_eval_metrics] Accuracy(layer_8 - estimator_0 - 5_folds.train_1.predict)=86.74%
[ 2019-09-26 13:52:23,583][kfold_wrapper.log_eval_metrics] Accuracy(layer_8 - estimator_0 - 5_folds.train_2.predict)=78.33%
[ 2019-09-26 13:52:24,320][kfold_wrapper.log_eval_metrics] Accuracy(layer_8 - estimator_0 - 5_folds.train_3.predict)=86.11%
[ 2019-09-26 13:52:25,033][kfold_wrapper.log_eval_metrics] Accuracy(layer_8 - estimator_0 - 5_folds.train_4.predict)=83.89%
[ 2019-09-26 13:52:25,034][kfold_wrapper.log_eval_metrics] Accuracy(layer_8 - estimator_0 - 5_folds.train_cv.predict)=82.17%
[ 2019-09-26 13:52:27,446][kfold_wrapper.log_eval_metrics] Accuracy(layer_8 - estimator_1 - 5_folds.train_0.predict)=84.62%
[ 2019-09-26 13:52:29,967][kfold_wrapper.log_eval_metrics] Accuracy(layer_8 - estimator_1 - 5_folds.train_1.predict)=83.98%
[ 2019-09-26 13:52:32,387][kfold_wrapper.log_eval_metrics] Accuracy(layer_8 - estimator_1 - 5_folds.train_2.predict)=78.89%
[ 2019-09-26 13:52:34,908][kfold_wrapper.log_eval_metrics] Accuracy(layer_8 - estimator_1 - 5_folds.train_3.predict)=84.44%
[ 2019-09-26 13:52:37,426][kfold_wrapper.log_eval_metrics] Accuracy(layer_8 - estimator_1 - 5_folds.train_4.predict)=82.78%
[ 2019-09-26 13:52:37,427][kfold_wrapper.log_eval_metrics] Accuracy(layer_8 - estimator_1 - 5_folds.train_cv.predict)=82.95%
[ 2019-09-26 13:52:39,664][kfold_wrapper.log_eval_metrics] Accuracy(layer_8 - estimator_2 - 5_folds.train_0.predict)=86.81%
[ 2019-09-26 13:52:41,896][kfold_wrapper.log_eval_metrics] Accuracy(layer_8 - estimator_2 - 5_folds.train_1.predict)=81.22%
[ 2019-09-26 13:52:44,166][kfold_wrapper.log_eval_metrics] Accuracy(layer_8 - estimator_2 - 5_folds.train_2.predict)=78.33%
[ 2019-09-26 13:52:46,428][kfold_wrapper.log_eval_metrics] Accuracy(layer_8 - estimator_2 - 5_folds.train_3.predict)=84.44%
[ 2019-09-26 13:52:48,667][kfold_wrapper.log_eval_metrics] Accuracy(layer_8 - estimator_2 - 5_folds.train_4.predict)=86.67%
[ 2019-09-26 13:52:48,668][kfold_wrapper.log_eval_metrics] Accuracy(layer_8 - estimator_2 - 5_folds.train_cv.predict)=83.50%
[ 2019-09-26 13:52:48,668][cascade_classifier.calc_accuracy] Accuracy(layer_8 - train.classifier_average)=82.50%
[ 2019-09-26 13:52:48,668][cascade_classifier.fit_transform] [layer=9] look_indexs=[0], X_cur_train.shape=(903, 34), X_cur_test.shape=(0, 34)
[ 2019-09-26 13:52:49,401][kfold_wrapper.log_eval_metrics] Accuracy(layer_9 - estimator_0 - 5_folds.train_0.predict)=79.67%
[ 2019-09-26 13:52:50,101][kfold_wrapper.log_eval_metrics] Accuracy(layer_9 - estimator_0 - 5_folds.train_1.predict)=80.66%
[ 2019-09-26 13:52:50,838][kfold_wrapper.log_eval_metrics] Accuracy(layer_9 - estimator_0 - 5_folds.train_2.predict)=78.89%
[ 2019-09-26 13:52:51,568][kfold_wrapper.log_eval_metrics] Accuracy(layer_9 - estimator_0 - 5_folds.train_3.predict)=82.78%
[ 2019-09-26 13:52:52,309][kfold_wrapper.log_eval_metrics] Accuracy(layer_9 - estimator_0 - 5_folds.train_4.predict)=83.33%
[ 2019-09-26 13:52:52,309][kfold_wrapper.log_eval_metrics] Accuracy(layer_9 - estimator_0 - 5_folds.train_cv.predict)=81.06%
[ 2019-09-26 13:52:54,745][kfold_wrapper.log_eval_metrics] Accuracy(layer_9 - estimator_1 - 5_folds.train_0.predict)=83.52%
[ 2019-09-26 13:52:57,191][kfold_wrapper.log_eval_metrics] Accuracy(layer_9 - estimator_1 - 5_folds.train_1.predict)=82.32%
[ 2019-09-26 13:52:59,716][kfold_wrapper.log_eval_metrics] Accuracy(layer_9 - estimator_1 - 5_folds.train_2.predict)=84.44%
[ 2019-09-26 13:53:02,131][kfold_wrapper.log_eval_metrics] Accuracy(layer_9 - estimator_1 - 5_folds.train_3.predict)=82.22%
[ 2019-09-26 13:53:04,557][kfold_wrapper.log_eval_metrics] Accuracy(layer_9 - estimator_1 - 5_folds.train_4.predict)=83.33%
[ 2019-09-26 13:53:04,558][kfold_wrapper.log_eval_metrics] Accuracy(layer_9 - estimator_1 - 5_folds.train_cv.predict)=83.17%
[ 2019-09-26 13:53:06,916][kfold_wrapper.log_eval_metrics] Accuracy(layer_9 - estimator_2 - 5_folds.train_0.predict)=83.52%
[ 2019-09-26 13:53:09,247][kfold_wrapper.log_eval_metrics] Accuracy(layer_9 - estimator_2 - 5_folds.train_1.predict)=85.08%
[ 2019-09-26 13:53:11,502][kfold_wrapper.log_eval_metrics] Accuracy(layer_9 - estimator_2 - 5_folds.train_2.predict)=81.67%
[ 2019-09-26 13:53:13,764][kfold_wrapper.log_eval_metrics] Accuracy(layer_9 - estimator_2 - 5_folds.train_3.predict)=85.00%
[ 2019-09-26 13:53:16,003][kfold_wrapper.log_eval_metrics] Accuracy(layer_9 - estimator_2 - 5_folds.train_4.predict)=81.67%
[ 2019-09-26 13:53:16,004][kfold_wrapper.log_eval_metrics] Accuracy(layer_9 - estimator_2 - 5_folds.train_cv.predict)=83.39%
[ 2019-09-26 13:53:16,004][cascade_classifier.calc_accuracy] Accuracy(layer_9 - train.classifier_average)=83.28%
[ 2019-09-26 13:53:16,005][cascade_classifier.fit_transform] [layer=10] look_indexs=[0], X_cur_train.shape=(903, 34), X_cur_test.shape=(0, 34)
[ 2019-09-26 13:53:16,726][kfold_wrapper.log_eval_metrics] Accuracy(layer_10 - estimator_0 - 5_folds.train_0.predict)=79.67%
[ 2019-09-26 13:53:17,422][kfold_wrapper.log_eval_metrics] Accuracy(layer_10 - estimator_0 - 5_folds.train_1.predict)=81.77%
[ 2019-09-26 13:53:18,128][kfold_wrapper.log_eval_metrics] Accuracy(layer_10 - estimator_0 - 5_folds.train_2.predict)=87.78%
[ 2019-09-26 13:53:18,843][kfold_wrapper.log_eval_metrics] Accuracy(layer_10 - estimator_0 - 5_folds.train_3.predict)=80.00%
[ 2019-09-26 13:53:19,546][kfold_wrapper.log_eval_metrics] Accuracy(layer_10 - estimator_0 - 5_folds.train_4.predict)=79.44%
[ 2019-09-26 13:53:19,546][kfold_wrapper.log_eval_metrics] Accuracy(layer_10 - estimator_0 - 5_folds.train_cv.predict)=81.73%
[ 2019-09-26 13:53:22,068][kfold_wrapper.log_eval_metrics] Accuracy(layer_10 - estimator_1 - 5_folds.train_0.predict)=79.67%
[ 2019-09-26 13:53:24,497][kfold_wrapper.log_eval_metrics] Accuracy(layer_10 - estimator_1 - 5_folds.train_1.predict)=80.11%
[ 2019-09-26 13:53:27,012][kfold_wrapper.log_eval_metrics] Accuracy(layer_10 - estimator_1 - 5_folds.train_2.predict)=81.11%
[ 2019-09-26 13:53:29,519][kfold_wrapper.log_eval_metrics] Accuracy(layer_10 - estimator_1 - 5_folds.train_3.predict)=85.00%
[ 2019-09-26 13:53:31,943][kfold_wrapper.log_eval_metrics] Accuracy(layer_10 - estimator_1 - 5_folds.train_4.predict)=84.44%
[ 2019-09-26 13:53:31,944][kfold_wrapper.log_eval_metrics] Accuracy(layer_10 - estimator_1 - 5_folds.train_cv.predict)=82.06%
[ 2019-09-26 13:53:34,181][kfold_wrapper.log_eval_metrics] Accuracy(layer_10 - estimator_2 - 5_folds.train_0.predict)=84.62%
[ 2019-09-26 13:53:36,520][kfold_wrapper.log_eval_metrics] Accuracy(layer_10 - estimator_2 - 5_folds.train_1.predict)=82.32%
[ 2019-09-26 13:53:38,741][kfold_wrapper.log_eval_metrics] Accuracy(layer_10 - estimator_2 - 5_folds.train_2.predict)=83.33%
[ 2019-09-26 13:53:40,959][kfold_wrapper.log_eval_metrics] Accuracy(layer_10 - estimator_2 - 5_folds.train_3.predict)=81.11%
[ 2019-09-26 13:53:43,193][kfold_wrapper.log_eval_metrics] Accuracy(layer_10 - estimator_2 - 5_folds.train_4.predict)=82.22%
[ 2019-09-26 13:53:43,194][kfold_wrapper.log_eval_metrics] Accuracy(layer_10 - estimator_2 - 5_folds.train_cv.predict)=82.72%
[ 2019-09-26 13:53:43,194][cascade_classifier.calc_accuracy] Accuracy(layer_10 - train.classifier_average)=82.39%
[ 2019-09-26 13:53:43,194][cascade_classifier.fit_transform] [layer=11] look_indexs=[0], X_cur_train.shape=(903, 34), X_cur_test.shape=(0, 34)
[ 2019-09-26 13:53:43,928][kfold_wrapper.log_eval_metrics] Accuracy(layer_11 - estimator_0 - 5_folds.train_0.predict)=83.52%
[ 2019-09-26 13:53:44,634][kfold_wrapper.log_eval_metrics] Accuracy(layer_11 - estimator_0 - 5_folds.train_1.predict)=82.32%
[ 2019-09-26 13:53:45,343][kfold_wrapper.log_eval_metrics] Accuracy(layer_11 - estimator_0 - 5_folds.train_2.predict)=82.78%
[ 2019-09-26 13:53:46,038][kfold_wrapper.log_eval_metrics] Accuracy(layer_11 - estimator_0 - 5_folds.train_3.predict)=85.00%
[ 2019-09-26 13:53:46,742][kfold_wrapper.log_eval_metrics] Accuracy(layer_11 - estimator_0 - 5_folds.train_4.predict)=80.00%
[ 2019-09-26 13:53:46,743][kfold_wrapper.log_eval_metrics] Accuracy(layer_11 - estimator_0 - 5_folds.train_cv.predict)=82.72%
[ 2019-09-26 13:53:49,154][kfold_wrapper.log_eval_metrics] Accuracy(layer_11 - estimator_1 - 5_folds.train_0.predict)=82.97%
[ 2019-09-26 13:53:51,657][kfold_wrapper.log_eval_metrics] Accuracy(layer_11 - estimator_1 - 5_folds.train_1.predict)=80.66%
[ 2019-09-26 13:53:54,079][kfold_wrapper.log_eval_metrics] Accuracy(layer_11 - estimator_1 - 5_folds.train_2.predict)=82.78%
[ 2019-09-26 13:53:56,506][kfold_wrapper.log_eval_metrics] Accuracy(layer_11 - estimator_1 - 5_folds.train_3.predict)=81.11%
[ 2019-09-26 13:53:59,031][kfold_wrapper.log_eval_metrics] Accuracy(layer_11 - estimator_1 - 5_folds.train_4.predict)=81.11%
[ 2019-09-26 13:53:59,031][kfold_wrapper.log_eval_metrics] Accuracy(layer_11 - estimator_1 - 5_folds.train_cv.predict)=81.73%
[ 2019-09-26 13:54:01,272][kfold_wrapper.log_eval_metrics] Accuracy(layer_11 - estimator_2 - 5_folds.train_0.predict)=82.97%
[ 2019-09-26 13:54:03,718][kfold_wrapper.log_eval_metrics] Accuracy(layer_11 - estimator_2 - 5_folds.train_1.predict)=79.01%
[ 2019-09-26 13:54:06,069][kfold_wrapper.log_eval_metrics] Accuracy(layer_11 - estimator_2 - 5_folds.train_2.predict)=82.78%
[ 2019-09-26 13:54:08,310][kfold_wrapper.log_eval_metrics] Accuracy(layer_11 - estimator_2 - 5_folds.train_3.predict)=83.89%
[ 2019-09-26 13:54:10,526][kfold_wrapper.log_eval_metrics] Accuracy(layer_11 - estimator_2 - 5_folds.train_4.predict)=81.11%
[ 2019-09-26 13:54:10,527][kfold_wrapper.log_eval_metrics] Accuracy(layer_11 - estimator_2 - 5_folds.train_cv.predict)=81.95%
[ 2019-09-26 13:54:10,527][cascade_classifier.calc_accuracy] Accuracy(layer_11 - train.classifier_average)=82.39%
[ 2019-09-26 13:54:10,528][cascade_classifier.fit_transform] [layer=12] look_indexs=[0], X_cur_train.shape=(903, 34), X_cur_test.shape=(0, 34)
[ 2019-09-26 13:54:11,239][kfold_wrapper.log_eval_metrics] Accuracy(layer_12 - estimator_0 - 5_folds.train_0.predict)=79.12%
[ 2019-09-26 13:54:11,976][kfold_wrapper.log_eval_metrics] Accuracy(layer_12 - estimator_0 - 5_folds.train_1.predict)=81.22%
[ 2019-09-26 13:54:12,686][kfold_wrapper.log_eval_metrics] Accuracy(layer_12 - estimator_0 - 5_folds.train_2.predict)=82.78%
[ 2019-09-26 13:54:13,385][kfold_wrapper.log_eval_metrics] Accuracy(layer_12 - estimator_0 - 5_folds.train_3.predict)=80.56%
[ 2019-09-26 13:54:14,085][kfold_wrapper.log_eval_metrics] Accuracy(layer_12 - estimator_0 - 5_folds.train_4.predict)=81.67%
[ 2019-09-26 13:54:14,086][kfold_wrapper.log_eval_metrics] Accuracy(layer_12 - estimator_0 - 5_folds.train_cv.predict)=81.06%
[ 2019-09-26 13:54:16,486][kfold_wrapper.log_eval_metrics] Accuracy(layer_12 - estimator_1 - 5_folds.train_0.predict)=78.57%
[ 2019-09-26 13:54:18,913][kfold_wrapper.log_eval_metrics] Accuracy(layer_12 - estimator_1 - 5_folds.train_1.predict)=86.74%
[ 2019-09-26 13:54:21,342][kfold_wrapper.log_eval_metrics] Accuracy(layer_12 - estimator_1 - 5_folds.train_2.predict)=84.44%
[ 2019-09-26 13:54:23,755][kfold_wrapper.log_eval_metrics] Accuracy(layer_12 - estimator_1 - 5_folds.train_3.predict)=81.67%
[ 2019-09-26 13:54:26,149][kfold_wrapper.log_eval_metrics] Accuracy(layer_12 - estimator_1 - 5_folds.train_4.predict)=82.78%
[ 2019-09-26 13:54:26,156][kfold_wrapper.log_eval_metrics] Accuracy(layer_12 - estimator_1 - 5_folds.train_cv.predict)=82.83%
[ 2019-09-26 13:54:28,399][kfold_wrapper.log_eval_metrics] Accuracy(layer_12 - estimator_2 - 5_folds.train_0.predict)=80.77%
[ 2019-09-26 13:54:30,636][kfold_wrapper.log_eval_metrics] Accuracy(layer_12 - estimator_2 - 5_folds.train_1.predict)=82.32%
[ 2019-09-26 13:54:32,884][kfold_wrapper.log_eval_metrics] Accuracy(layer_12 - estimator_2 - 5_folds.train_2.predict)=81.67%
[ 2019-09-26 13:54:35,146][kfold_wrapper.log_eval_metrics] Accuracy(layer_12 - estimator_2 - 5_folds.train_3.predict)=83.89%
[ 2019-09-26 13:54:37,389][kfold_wrapper.log_eval_metrics] Accuracy(layer_12 - estimator_2 - 5_folds.train_4.predict)=83.33%
[ 2019-09-26 13:54:37,390][kfold_wrapper.log_eval_metrics] Accuracy(layer_12 - estimator_2 - 5_folds.train_cv.predict)=82.39%
[ 2019-09-26 13:54:37,390][cascade_classifier.calc_accuracy] Accuracy(layer_12 - train.classifier_average)=82.06%
[ 2019-09-26 13:54:37,391][cascade_classifier.fit_transform] [layer=13] look_indexs=[0], X_cur_train.shape=(903, 34), X_cur_test.shape=(0, 34)
[ 2019-09-26 13:54:38,100][kfold_wrapper.log_eval_metrics] Accuracy(layer_13 - estimator_0 - 5_folds.train_0.predict)=83.52%
[ 2019-09-26 13:54:38,811][kfold_wrapper.log_eval_metrics] Accuracy(layer_13 - estimator_0 - 5_folds.train_1.predict)=80.66%
[ 2019-09-26 13:54:39,522][kfold_wrapper.log_eval_metrics] Accuracy(layer_13 - estimator_0 - 5_folds.train_2.predict)=79.44%
[ 2019-09-26 13:54:40,235][kfold_wrapper.log_eval_metrics] Accuracy(layer_13 - estimator_0 - 5_folds.train_3.predict)=80.56%
[ 2019-09-26 13:54:40,955][kfold_wrapper.log_eval_metrics] Accuracy(layer_13 - estimator_0 - 5_folds.train_4.predict)=81.67%
[ 2019-09-26 13:54:40,956][kfold_wrapper.log_eval_metrics] Accuracy(layer_13 - estimator_0 - 5_folds.train_cv.predict)=81.17%
[ 2019-09-26 13:54:43,364][kfold_wrapper.log_eval_metrics] Accuracy(layer_13 - estimator_1 - 5_folds.train_0.predict)=80.77%
[ 2019-09-26 13:54:45,787][kfold_wrapper.log_eval_metrics] Accuracy(layer_13 - estimator_1 - 5_folds.train_1.predict)=79.56%
[ 2019-09-26 13:54:48,303][kfold_wrapper.log_eval_metrics] Accuracy(layer_13 - estimator_1 - 5_folds.train_2.predict)=83.33%
[ 2019-09-26 13:54:50,726][kfold_wrapper.log_eval_metrics] Accuracy(layer_13 - estimator_1 - 5_folds.train_3.predict)=78.89%
[ 2019-09-26 13:54:53,235][kfold_wrapper.log_eval_metrics] Accuracy(layer_13 - estimator_1 - 5_folds.train_4.predict)=88.33%
[ 2019-09-26 13:54:53,236][kfold_wrapper.log_eval_metrics] Accuracy(layer_13 - estimator_1 - 5_folds.train_cv.predict)=82.17%
[ 2019-09-26 13:54:55,475][kfold_wrapper.log_eval_metrics] Accuracy(layer_13 - estimator_2 - 5_folds.train_0.predict)=82.42%
[ 2019-09-26 13:54:57,818][kfold_wrapper.log_eval_metrics] Accuracy(layer_13 - estimator_2 - 5_folds.train_1.predict)=84.53%
[ 2019-09-26 13:55:00,043][kfold_wrapper.log_eval_metrics] Accuracy(layer_13 - estimator_2 - 5_folds.train_2.predict)=81.11%
[ 2019-09-26 13:55:02,481][kfold_wrapper.log_eval_metrics] Accuracy(layer_13 - estimator_2 - 5_folds.train_3.predict)=80.56%
[ 2019-09-26 13:55:04,803][kfold_wrapper.log_eval_metrics] Accuracy(layer_13 - estimator_2 - 5_folds.train_4.predict)=85.00%
[ 2019-09-26 13:55:04,804][kfold_wrapper.log_eval_metrics] Accuracy(layer_13 - estimator_2 - 5_folds.train_cv.predict)=82.72%
[ 2019-09-26 13:55:04,804][cascade_classifier.calc_accuracy] Accuracy(layer_13 - train.classifier_average)=82.72%
[ 2019-09-26 13:55:04,804][cascade_classifier.fit_transform] [layer=14] look_indexs=[0], X_cur_train.shape=(903, 34), X_cur_test.shape=(0, 34)
[ 2019-09-26 13:55:05,506][kfold_wrapper.log_eval_metrics] Accuracy(layer_14 - estimator_0 - 5_folds.train_0.predict)=82.42%
[ 2019-09-26 13:55:06,224][kfold_wrapper.log_eval_metrics] Accuracy(layer_14 - estimator_0 - 5_folds.train_1.predict)=78.45%
[ 2019-09-26 13:55:06,942][kfold_wrapper.log_eval_metrics] Accuracy(layer_14 - estimator_0 - 5_folds.train_2.predict)=81.11%
[ 2019-09-26 13:55:07,647][kfold_wrapper.log_eval_metrics] Accuracy(layer_14 - estimator_0 - 5_folds.train_3.predict)=81.11%
[ 2019-09-26 13:55:08,375][kfold_wrapper.log_eval_metrics] Accuracy(layer_14 - estimator_0 - 5_folds.train_4.predict)=85.00%
[ 2019-09-26 13:55:08,375][kfold_wrapper.log_eval_metrics] Accuracy(layer_14 - estimator_0 - 5_folds.train_cv.predict)=81.62%
[ 2019-09-26 13:55:10,887][kfold_wrapper.log_eval_metrics] Accuracy(layer_14 - estimator_1 - 5_folds.train_0.predict)=81.87%
[ 2019-09-26 13:55:13,303][kfold_wrapper.log_eval_metrics] Accuracy(layer_14 - estimator_1 - 5_folds.train_1.predict)=80.66%
[ 2019-09-26 13:55:15,830][kfold_wrapper.log_eval_metrics] Accuracy(layer_14 - estimator_1 - 5_folds.train_2.predict)=87.22%
[ 2019-09-26 13:55:18,228][kfold_wrapper.log_eval_metrics] Accuracy(layer_14 - estimator_1 - 5_folds.train_3.predict)=85.00%
[ 2019-09-26 13:55:20,643][kfold_wrapper.log_eval_metrics] Accuracy(layer_14 - estimator_1 - 5_folds.train_4.predict)=80.00%
[ 2019-09-26 13:55:20,644][kfold_wrapper.log_eval_metrics] Accuracy(layer_14 - estimator_1 - 5_folds.train_cv.predict)=82.95%
[ 2019-09-26 13:55:22,886][kfold_wrapper.log_eval_metrics] Accuracy(layer_14 - estimator_2 - 5_folds.train_0.predict)=85.16%
[ 2019-09-26 13:55:25,232][kfold_wrapper.log_eval_metrics] Accuracy(layer_14 - estimator_2 - 5_folds.train_1.predict)=78.45%
[ 2019-09-26 13:55:27,476][kfold_wrapper.log_eval_metrics] Accuracy(layer_14 - estimator_2 - 5_folds.train_2.predict)=81.67%
[ 2019-09-26 13:55:29,717][kfold_wrapper.log_eval_metrics] Accuracy(layer_14 - estimator_2 - 5_folds.train_3.predict)=82.22%
[ 2019-09-26 13:55:32,088][kfold_wrapper.log_eval_metrics] Accuracy(layer_14 - estimator_2 - 5_folds.train_4.predict)=81.67%
[ 2019-09-26 13:55:32,089][kfold_wrapper.log_eval_metrics] Accuracy(layer_14 - estimator_2 - 5_folds.train_cv.predict)=81.84%
[ 2019-09-26 13:55:32,089][cascade_classifier.calc_accuracy] Accuracy(layer_14 - train.classifier_average)=82.28%
[ 2019-09-26 13:55:32,089][cascade_classifier.fit_transform] [Result][Optimal Level Detected] opt_layer_num=10, accuracy_train=83.28%, accuracy_test=0.00%
[ 2019-09-26 13:55:32,238][cascade_classifier.transform] X_groups_test.shape=[(101, 28)]
[ 2019-09-26 13:55:32,239][cascade_classifier.transform] group_dims=[28]
[ 2019-09-26 13:55:32,239][cascade_classifier.transform] X_test.shape=(101, 28)
[ 2019-09-26 13:55:32,239][cascade_classifier.transform] [layer=0] look_indexs=[0], X_cur_test.shape=(101, 28)
[ 2019-09-26 13:55:35,489][cascade_classifier.transform] [layer=1] look_indexs=[0], X_cur_test.shape=(101, 34)
[ 2019-09-26 13:55:39,238][cascade_classifier.transform] [layer=2] look_indexs=[0], X_cur_test.shape=(101, 34)
[ 2019-09-26 13:55:42,639][cascade_classifier.transform] [layer=3] look_indexs=[0], X_cur_test.shape=(101, 34)
[ 2019-09-26 13:55:46,029][cascade_classifier.transform] [layer=4] look_indexs=[0], X_cur_test.shape=(101, 34)
[ 2019-09-26 13:55:49,643][cascade_classifier.transform] [layer=5] look_indexs=[0], X_cur_test.shape=(101, 34)
[ 2019-09-26 13:55:52,772][cascade_classifier.transform] [layer=6] look_indexs=[0], X_cur_test.shape=(101, 34)
[ 2019-09-26 13:55:56,188][cascade_classifier.transform] [layer=7] look_indexs=[0], X_cur_test.shape=(101, 34)
[ 2019-09-26 13:55:59,501][cascade_classifier.transform] [layer=8] look_indexs=[0], X_cur_test.shape=(101, 34)
[ 2019-09-26 13:56:03,023][cascade_classifier.transform] [layer=9] look_indexs=[0], X_cur_test.shape=(101, 34)
[ 2019-09-26 13:56:06,440][cascade_classifier.transform] X_groups_test.shape=[(101, 28)]
[ 2019-09-26 13:56:06,441][cascade_classifier.transform] group_dims=[28]
[ 2019-09-26 13:56:06,441][cascade_classifier.transform] X_test.shape=(101, 28)
[ 2019-09-26 13:56:06,441][cascade_classifier.transform] [layer=0] look_indexs=[0], X_cur_test.shape=(101, 28)
[ 2019-09-26 13:56:09,777][cascade_classifier.transform] [layer=1] look_indexs=[0], X_cur_test.shape=(101, 34)
[ 2019-09-26 13:56:12,993][cascade_classifier.transform] [layer=2] look_indexs=[0], X_cur_test.shape=(101, 34)
[ 2019-09-26 13:56:16,339][cascade_classifier.transform] [layer=3] look_indexs=[0], X_cur_test.shape=(101, 34)
[ 2019-09-26 13:56:19,772][cascade_classifier.transform] [layer=4] look_indexs=[0], X_cur_test.shape=(101, 34)
[ 2019-09-26 13:56:23,031][cascade_classifier.transform] [layer=5] look_indexs=[0], X_cur_test.shape=(101, 34)
[ 2019-09-26 13:56:26,433][cascade_classifier.transform] [layer=6] look_indexs=[0], X_cur_test.shape=(101, 34)
[ 2019-09-26 13:56:29,647][cascade_classifier.transform] [layer=7] look_indexs=[0], X_cur_test.shape=(101, 34)
[ 2019-09-26 13:56:33,093][cascade_classifier.transform] [layer=8] look_indexs=[0], X_cur_test.shape=(101, 34)
[ 2019-09-26 13:56:36,627][cascade_classifier.transform] [layer=9] look_indexs=[0], X_cur_test.shape=(101, 34)
