[ 2019-12-28 09:39:41,483][cascade_classifier.fit_transform] X_groups_train.shape=[(774, 59)],y_train.shape=(774,),X_groups_test.shape=[(87, 59)],y_test.shape=(87,)
[ 2019-12-28 09:39:41,484][cascade_classifier.fit_transform] group_dims=[59]
[ 2019-12-28 09:39:41,484][cascade_classifier.fit_transform] group_starts=[0]
[ 2019-12-28 09:39:41,484][cascade_classifier.fit_transform] group_ends=[59]
[ 2019-12-28 09:39:41,484][cascade_classifier.fit_transform] X_train.shape=(774, 59),X_test.shape=(87, 59)
[ 2019-12-28 09:39:41,485][cascade_classifier.fit_transform] [layer=0] look_indexs=[0], X_cur_train.shape=(774, 59), X_cur_test.shape=(87, 59)
[ 2019-12-28 09:39:50,176][kfold_wrapper.log_eval_metrics] Accuracy(layer_0 - estimator_0 - 3_folds.train_0.predict)=79.54%
[ 2019-12-28 09:40:00,085][kfold_wrapper.log_eval_metrics] Accuracy(layer_0 - estimator_0 - 3_folds.train_1.predict)=80.23%
[ 2019-12-28 09:40:09,590][kfold_wrapper.log_eval_metrics] Accuracy(layer_0 - estimator_0 - 3_folds.train_2.predict)=78.60%
[ 2019-12-28 09:40:10,818][kfold_wrapper.log_eval_metrics] Accuracy(layer_0 - estimator_0 - 3_folds.train_cv.predict)=79.46%
[ 2019-12-28 09:40:10,819][kfold_wrapper.log_eval_metrics] Accuracy(layer_0 - estimator_0 - 3_folds.test.predict)=81.61%
[ 2019-12-28 09:40:19,191][kfold_wrapper.log_eval_metrics] Accuracy(layer_0 - estimator_1 - 3_folds.train_0.predict)=80.69%
[ 2019-12-28 09:40:28,773][kfold_wrapper.log_eval_metrics] Accuracy(layer_0 - estimator_1 - 3_folds.train_1.predict)=80.23%
[ 2019-12-28 09:40:38,365][kfold_wrapper.log_eval_metrics] Accuracy(layer_0 - estimator_1 - 3_folds.train_2.predict)=77.04%
[ 2019-12-28 09:40:39,486][kfold_wrapper.log_eval_metrics] Accuracy(layer_0 - estimator_1 - 3_folds.train_cv.predict)=79.33%
[ 2019-12-28 09:40:39,486][kfold_wrapper.log_eval_metrics] Accuracy(layer_0 - estimator_1 - 3_folds.test.predict)=81.61%
[ 2019-12-28 09:40:40,367][kfold_wrapper.log_eval_metrics] Accuracy(layer_0 - estimator_2 - 3_folds.train_0.predict)=77.61%
[ 2019-12-28 09:40:41,210][kfold_wrapper.log_eval_metrics] Accuracy(layer_0 - estimator_2 - 3_folds.train_1.predict)=74.81%
[ 2019-12-28 09:40:42,053][kfold_wrapper.log_eval_metrics] Accuracy(layer_0 - estimator_2 - 3_folds.train_2.predict)=77.43%
[ 2019-12-28 09:40:42,054][kfold_wrapper.log_eval_metrics] Accuracy(layer_0 - estimator_2 - 3_folds.train_cv.predict)=76.61%
[ 2019-12-28 09:40:42,055][kfold_wrapper.log_eval_metrics] Accuracy(layer_0 - estimator_2 - 3_folds.test.predict)=79.31%
[ 2019-12-28 09:40:42,055][cascade_classifier.calc_accuracy] Accuracy(layer_0 - train.classifier_average)=78.29%
[ 2019-12-28 09:40:42,055][cascade_classifier.calc_accuracy] Accuracy(layer_0 - test.classifier_average)=81.61%
[ 2019-12-28 09:40:42,055][cascade_classifier.fit_transform] [layer=1] look_indexs=[0], X_cur_train.shape=(774, 65), X_cur_test.shape=(87, 65)
[ 2019-12-28 09:40:50,831][kfold_wrapper.log_eval_metrics] Accuracy(layer_1 - estimator_0 - 3_folds.train_0.predict)=80.31%
[ 2019-12-28 09:41:00,816][kfold_wrapper.log_eval_metrics] Accuracy(layer_1 - estimator_0 - 3_folds.train_1.predict)=77.91%
[ 2019-12-28 09:41:10,554][kfold_wrapper.log_eval_metrics] Accuracy(layer_1 - estimator_0 - 3_folds.train_2.predict)=80.16%
[ 2019-12-28 09:41:11,677][kfold_wrapper.log_eval_metrics] Accuracy(layer_1 - estimator_0 - 3_folds.train_cv.predict)=79.46%
[ 2019-12-28 09:41:11,678][kfold_wrapper.log_eval_metrics] Accuracy(layer_1 - estimator_0 - 3_folds.test.predict)=80.46%
[ 2019-12-28 09:41:20,151][kfold_wrapper.log_eval_metrics] Accuracy(layer_1 - estimator_1 - 3_folds.train_0.predict)=77.99%
[ 2019-12-28 09:41:29,689][kfold_wrapper.log_eval_metrics] Accuracy(layer_1 - estimator_1 - 3_folds.train_1.predict)=79.07%
[ 2019-12-28 09:41:39,372][kfold_wrapper.log_eval_metrics] Accuracy(layer_1 - estimator_1 - 3_folds.train_2.predict)=78.99%
[ 2019-12-28 09:41:40,497][kfold_wrapper.log_eval_metrics] Accuracy(layer_1 - estimator_1 - 3_folds.train_cv.predict)=78.68%
[ 2019-12-28 09:41:40,497][kfold_wrapper.log_eval_metrics] Accuracy(layer_1 - estimator_1 - 3_folds.test.predict)=80.46%
[ 2019-12-28 09:41:41,406][kfold_wrapper.log_eval_metrics] Accuracy(layer_1 - estimator_2 - 3_folds.train_0.predict)=77.99%
[ 2019-12-28 09:41:42,282][kfold_wrapper.log_eval_metrics] Accuracy(layer_1 - estimator_2 - 3_folds.train_1.predict)=75.58%
[ 2019-12-28 09:41:43,161][kfold_wrapper.log_eval_metrics] Accuracy(layer_1 - estimator_2 - 3_folds.train_2.predict)=79.77%
[ 2019-12-28 09:41:43,162][kfold_wrapper.log_eval_metrics] Accuracy(layer_1 - estimator_2 - 3_folds.train_cv.predict)=77.78%
[ 2019-12-28 09:41:43,163][kfold_wrapper.log_eval_metrics] Accuracy(layer_1 - estimator_2 - 3_folds.test.predict)=78.16%
[ 2019-12-28 09:41:43,163][cascade_classifier.calc_accuracy] Accuracy(layer_1 - train.classifier_average)=80.23%
[ 2019-12-28 09:41:43,163][cascade_classifier.calc_accuracy] Accuracy(layer_1 - test.classifier_average)=81.61%
[ 2019-12-28 09:41:43,165][cascade_classifier.fit_transform] [layer=2] look_indexs=[0], X_cur_train.shape=(774, 65), X_cur_test.shape=(87, 65)
[ 2019-12-28 09:41:51,570][kfold_wrapper.log_eval_metrics] Accuracy(layer_2 - estimator_0 - 3_folds.train_0.predict)=79.15%
[ 2019-12-28 09:42:01,150][kfold_wrapper.log_eval_metrics] Accuracy(layer_2 - estimator_0 - 3_folds.train_1.predict)=81.78%
[ 2019-12-28 09:42:10,716][kfold_wrapper.log_eval_metrics] Accuracy(layer_2 - estimator_0 - 3_folds.train_2.predict)=77.04%
[ 2019-12-28 09:42:11,739][kfold_wrapper.log_eval_metrics] Accuracy(layer_2 - estimator_0 - 3_folds.train_cv.predict)=79.33%
[ 2019-12-28 09:42:11,739][kfold_wrapper.log_eval_metrics] Accuracy(layer_2 - estimator_0 - 3_folds.test.predict)=83.91%
[ 2019-12-28 09:42:20,281][kfold_wrapper.log_eval_metrics] Accuracy(layer_2 - estimator_1 - 3_folds.train_0.predict)=80.69%
[ 2019-12-28 09:42:30,337][kfold_wrapper.log_eval_metrics] Accuracy(layer_2 - estimator_1 - 3_folds.train_1.predict)=79.46%
[ 2019-12-28 09:42:40,396][kfold_wrapper.log_eval_metrics] Accuracy(layer_2 - estimator_1 - 3_folds.train_2.predict)=78.99%
[ 2019-12-28 09:42:41,517][kfold_wrapper.log_eval_metrics] Accuracy(layer_2 - estimator_1 - 3_folds.train_cv.predict)=79.72%
[ 2019-12-28 09:42:41,518][kfold_wrapper.log_eval_metrics] Accuracy(layer_2 - estimator_1 - 3_folds.test.predict)=82.76%
[ 2019-12-28 09:42:42,514][kfold_wrapper.log_eval_metrics] Accuracy(layer_2 - estimator_2 - 3_folds.train_0.predict)=73.75%
[ 2019-12-28 09:42:43,391][kfold_wrapper.log_eval_metrics] Accuracy(layer_2 - estimator_2 - 3_folds.train_1.predict)=75.58%
[ 2019-12-28 09:42:44,376][kfold_wrapper.log_eval_metrics] Accuracy(layer_2 - estimator_2 - 3_folds.train_2.predict)=78.99%
[ 2019-12-28 09:42:44,378][kfold_wrapper.log_eval_metrics] Accuracy(layer_2 - estimator_2 - 3_folds.train_cv.predict)=76.10%
[ 2019-12-28 09:42:44,378][kfold_wrapper.log_eval_metrics] Accuracy(layer_2 - estimator_2 - 3_folds.test.predict)=78.16%
[ 2019-12-28 09:42:44,378][cascade_classifier.calc_accuracy] Accuracy(layer_2 - train.classifier_average)=78.94%
[ 2019-12-28 09:42:44,379][cascade_classifier.calc_accuracy] Accuracy(layer_2 - test.classifier_average)=79.31%
[ 2019-12-28 09:42:44,379][cascade_classifier.fit_transform] [layer=3] look_indexs=[0], X_cur_train.shape=(774, 65), X_cur_test.shape=(87, 65)
[ 2019-12-28 09:42:53,465][kfold_wrapper.log_eval_metrics] Accuracy(layer_3 - estimator_0 - 3_folds.train_0.predict)=78.38%
[ 2019-12-28 09:43:03,369][kfold_wrapper.log_eval_metrics] Accuracy(layer_3 - estimator_0 - 3_folds.train_1.predict)=78.68%
[ 2019-12-28 09:43:13,128][kfold_wrapper.log_eval_metrics] Accuracy(layer_3 - estimator_0 - 3_folds.train_2.predict)=78.21%
[ 2019-12-28 09:43:14,270][kfold_wrapper.log_eval_metrics] Accuracy(layer_3 - estimator_0 - 3_folds.train_cv.predict)=78.42%
[ 2019-12-28 09:43:14,271][kfold_wrapper.log_eval_metrics] Accuracy(layer_3 - estimator_0 - 3_folds.test.predict)=80.46%
[ 2019-12-28 09:43:22,988][kfold_wrapper.log_eval_metrics] Accuracy(layer_3 - estimator_1 - 3_folds.train_0.predict)=79.15%
[ 2019-12-28 09:43:32,829][kfold_wrapper.log_eval_metrics] Accuracy(layer_3 - estimator_1 - 3_folds.train_1.predict)=76.74%
[ 2019-12-28 09:43:43,223][kfold_wrapper.log_eval_metrics] Accuracy(layer_3 - estimator_1 - 3_folds.train_2.predict)=83.66%
[ 2019-12-28 09:43:44,351][kfold_wrapper.log_eval_metrics] Accuracy(layer_3 - estimator_1 - 3_folds.train_cv.predict)=79.84%
[ 2019-12-28 09:43:44,352][kfold_wrapper.log_eval_metrics] Accuracy(layer_3 - estimator_1 - 3_folds.test.predict)=80.46%
[ 2019-12-28 09:43:45,262][kfold_wrapper.log_eval_metrics] Accuracy(layer_3 - estimator_2 - 3_folds.train_0.predict)=76.83%
[ 2019-12-28 09:43:46,136][kfold_wrapper.log_eval_metrics] Accuracy(layer_3 - estimator_2 - 3_folds.train_1.predict)=79.46%
[ 2019-12-28 09:43:47,015][kfold_wrapper.log_eval_metrics] Accuracy(layer_3 - estimator_2 - 3_folds.train_2.predict)=77.43%
[ 2019-12-28 09:43:47,017][kfold_wrapper.log_eval_metrics] Accuracy(layer_3 - estimator_2 - 3_folds.train_cv.predict)=77.91%
[ 2019-12-28 09:43:47,017][kfold_wrapper.log_eval_metrics] Accuracy(layer_3 - estimator_2 - 3_folds.test.predict)=79.31%
[ 2019-12-28 09:43:47,018][cascade_classifier.calc_accuracy] Accuracy(layer_3 - train.classifier_average)=79.20%
[ 2019-12-28 09:43:47,018][cascade_classifier.calc_accuracy] Accuracy(layer_3 - test.classifier_average)=78.16%
[ 2019-12-28 09:43:47,018][cascade_classifier.fit_transform] [layer=4] look_indexs=[0], X_cur_train.shape=(774, 65), X_cur_test.shape=(87, 65)
[ 2019-12-28 09:43:55,493][kfold_wrapper.log_eval_metrics] Accuracy(layer_4 - estimator_0 - 3_folds.train_0.predict)=80.31%
[ 2019-12-28 09:44:05,106][kfold_wrapper.log_eval_metrics] Accuracy(layer_4 - estimator_0 - 3_folds.train_1.predict)=76.36%
[ 2019-12-28 09:44:14,642][kfold_wrapper.log_eval_metrics] Accuracy(layer_4 - estimator_0 - 3_folds.train_2.predict)=79.77%
[ 2019-12-28 09:44:15,762][kfold_wrapper.log_eval_metrics] Accuracy(layer_4 - estimator_0 - 3_folds.train_cv.predict)=78.81%
[ 2019-12-28 09:44:15,762][kfold_wrapper.log_eval_metrics] Accuracy(layer_4 - estimator_0 - 3_folds.test.predict)=79.31%
[ 2019-12-28 09:44:24,360][kfold_wrapper.log_eval_metrics] Accuracy(layer_4 - estimator_1 - 3_folds.train_0.predict)=82.63%
[ 2019-12-28 09:44:33,850][kfold_wrapper.log_eval_metrics] Accuracy(layer_4 - estimator_1 - 3_folds.train_1.predict)=78.29%
[ 2019-12-28 09:44:43,382][kfold_wrapper.log_eval_metrics] Accuracy(layer_4 - estimator_1 - 3_folds.train_2.predict)=78.60%
[ 2019-12-28 09:44:44,525][kfold_wrapper.log_eval_metrics] Accuracy(layer_4 - estimator_1 - 3_folds.train_cv.predict)=79.84%
[ 2019-12-28 09:44:44,525][kfold_wrapper.log_eval_metrics] Accuracy(layer_4 - estimator_1 - 3_folds.test.predict)=79.31%
[ 2019-12-28 09:44:45,425][kfold_wrapper.log_eval_metrics] Accuracy(layer_4 - estimator_2 - 3_folds.train_0.predict)=76.06%
[ 2019-12-28 09:44:46,296][kfold_wrapper.log_eval_metrics] Accuracy(layer_4 - estimator_2 - 3_folds.train_1.predict)=76.36%
[ 2019-12-28 09:44:47,189][kfold_wrapper.log_eval_metrics] Accuracy(layer_4 - estimator_2 - 3_folds.train_2.predict)=77.82%
[ 2019-12-28 09:44:47,191][kfold_wrapper.log_eval_metrics] Accuracy(layer_4 - estimator_2 - 3_folds.train_cv.predict)=76.74%
[ 2019-12-28 09:44:47,191][kfold_wrapper.log_eval_metrics] Accuracy(layer_4 - estimator_2 - 3_folds.test.predict)=80.46%
[ 2019-12-28 09:44:47,191][cascade_classifier.calc_accuracy] Accuracy(layer_4 - train.classifier_average)=78.94%
[ 2019-12-28 09:44:47,191][cascade_classifier.calc_accuracy] Accuracy(layer_4 - test.classifier_average)=80.46%
[ 2019-12-28 09:44:47,192][cascade_classifier.fit_transform] [Result][Optimal Level Detected] opt_layer_num=2, accuracy_train=80.23%, accuracy_test=81.61%
[ 2019-12-28 09:44:47,270][cascade_classifier.transform] X_groups_test.shape=[(87, 59)]
[ 2019-12-28 09:44:47,270][cascade_classifier.transform] group_dims=[59]
[ 2019-12-28 09:44:47,270][cascade_classifier.transform] X_test.shape=(87, 59)
[ 2019-12-28 09:44:47,271][cascade_classifier.transform] [layer=0] look_indexs=[0], X_cur_test.shape=(87, 59)
[ 2019-12-28 09:44:54,164][cascade_classifier.transform] [layer=1] look_indexs=[0], X_cur_test.shape=(87, 65)
[ 2019-12-28 09:45:01,095][cascade_classifier.transform] X_groups_test.shape=[(87, 59)]
[ 2019-12-28 09:45:01,096][cascade_classifier.transform] group_dims=[59]
[ 2019-12-28 09:45:01,096][cascade_classifier.transform] X_test.shape=(87, 59)
[ 2019-12-28 09:45:01,097][cascade_classifier.transform] [layer=0] look_indexs=[0], X_cur_test.shape=(87, 59)
[ 2019-12-28 09:45:07,778][cascade_classifier.transform] [layer=1] look_indexs=[0], X_cur_test.shape=(87, 65)
[ 2019-12-28 09:45:15,013][cascade_classifier.fit_transform] X_groups_train.shape=[(774, 59)],y_train.shape=(774,),X_groups_test.shape=[(87, 59)],y_test.shape=(87,)
[ 2019-12-28 09:45:15,013][cascade_classifier.fit_transform] group_dims=[59]
[ 2019-12-28 09:45:15,013][cascade_classifier.fit_transform] group_starts=[0]
[ 2019-12-28 09:45:15,014][cascade_classifier.fit_transform] group_ends=[59]
[ 2019-12-28 09:45:15,014][cascade_classifier.fit_transform] X_train.shape=(774, 59),X_test.shape=(87, 59)
[ 2019-12-28 09:45:15,014][cascade_classifier.fit_transform] [layer=0] look_indexs=[0], X_cur_train.shape=(774, 59), X_cur_test.shape=(87, 59)
