[ 2019-12-19 19:36:25,403][cascade_classifier.fit_transform] X_groups_train.shape=[(774, 358)],y_train.shape=(774,),X_groups_test.shape=[(87, 358)],y_test.shape=(87,)
[ 2019-12-19 19:36:25,404][cascade_classifier.fit_transform] group_dims=[358]
[ 2019-12-19 19:36:25,405][cascade_classifier.fit_transform] group_starts=[0]
[ 2019-12-19 19:36:25,405][cascade_classifier.fit_transform] group_ends=[358]
[ 2019-12-19 19:36:25,405][cascade_classifier.fit_transform] X_train.shape=(774, 358),X_test.shape=(87, 358)
[ 2019-12-19 19:36:25,406][cascade_classifier.fit_transform] [layer=0] look_indexs=[0], X_cur_train.shape=(774, 358), X_cur_test.shape=(87, 358)
[ 2019-12-19 19:36:27,751][kfold_wrapper.log_eval_metrics] Accuracy(layer_0 - estimator_0 - 3_folds.train_0.predict)=78.68%
[ 2019-12-19 19:36:30,308][kfold_wrapper.log_eval_metrics] Accuracy(layer_0 - estimator_0 - 3_folds.train_1.predict)=81.01%
[ 2019-12-19 19:36:32,882][kfold_wrapper.log_eval_metrics] Accuracy(layer_0 - estimator_0 - 3_folds.train_2.predict)=84.50%
[ 2019-12-19 19:36:33,193][kfold_wrapper.log_eval_metrics] Accuracy(layer_0 - estimator_0 - 3_folds.train_cv.predict)=81.40%
[ 2019-12-19 19:36:33,194][kfold_wrapper.log_eval_metrics] Accuracy(layer_0 - estimator_0 - 3_folds.test.predict)=86.21%
[ 2019-12-19 19:36:36,268][kfold_wrapper.log_eval_metrics] Accuracy(layer_0 - estimator_1 - 3_folds.train_0.predict)=78.68%
[ 2019-12-19 19:36:39,706][kfold_wrapper.log_eval_metrics] Accuracy(layer_0 - estimator_1 - 3_folds.train_1.predict)=82.95%
[ 2019-12-19 19:36:42,737][kfold_wrapper.log_eval_metrics] Accuracy(layer_0 - estimator_1 - 3_folds.train_2.predict)=81.01%
[ 2019-12-19 19:36:43,146][kfold_wrapper.log_eval_metrics] Accuracy(layer_0 - estimator_1 - 3_folds.train_cv.predict)=80.88%
[ 2019-12-19 19:36:43,146][kfold_wrapper.log_eval_metrics] Accuracy(layer_0 - estimator_1 - 3_folds.test.predict)=83.91%
[ 2019-12-19 19:36:51,128][kfold_wrapper.log_eval_metrics] Accuracy(layer_0 - estimator_2 - 3_folds.train_0.predict)=79.84%
[ 2019-12-19 19:36:59,501][kfold_wrapper.log_eval_metrics] Accuracy(layer_0 - estimator_2 - 3_folds.train_1.predict)=79.84%
[ 2019-12-19 19:37:08,731][kfold_wrapper.log_eval_metrics] Accuracy(layer_0 - estimator_2 - 3_folds.train_2.predict)=82.95%
[ 2019-12-19 19:37:08,857][kfold_wrapper.log_eval_metrics] Accuracy(layer_0 - estimator_2 - 3_folds.train_cv.predict)=80.88%
[ 2019-12-19 19:37:08,858][kfold_wrapper.log_eval_metrics] Accuracy(layer_0 - estimator_2 - 3_folds.test.predict)=85.06%
[ 2019-12-19 19:37:11,235][kfold_wrapper.log_eval_metrics] Accuracy(layer_0 - estimator_3 - 3_folds.train_0.predict)=82.56%
[ 2019-12-19 19:37:13,363][kfold_wrapper.log_eval_metrics] Accuracy(layer_0 - estimator_3 - 3_folds.train_1.predict)=83.33%
[ 2019-12-19 19:37:15,053][kfold_wrapper.log_eval_metrics] Accuracy(layer_0 - estimator_3 - 3_folds.train_2.predict)=82.17%
[ 2019-12-19 19:37:15,056][kfold_wrapper.log_eval_metrics] Accuracy(layer_0 - estimator_3 - 3_folds.train_cv.predict)=82.69%
[ 2019-12-19 19:37:15,056][kfold_wrapper.log_eval_metrics] Accuracy(layer_0 - estimator_3 - 3_folds.test.predict)=82.76%
[ 2019-12-19 19:37:15,057][cascade_classifier.calc_accuracy] Accuracy(layer_0 - train.classifier_average)=82.69%
[ 2019-12-19 19:37:15,057][cascade_classifier.calc_accuracy] Accuracy(layer_0 - test.classifier_average)=83.91%
[ 2019-12-19 19:37:15,059][cascade_classifier.fit_transform] [layer=1] look_indexs=[0], X_cur_train.shape=(774, 366), X_cur_test.shape=(87, 366)
[ 2019-12-19 19:37:17,665][kfold_wrapper.log_eval_metrics] Accuracy(layer_1 - estimator_0 - 3_folds.train_0.predict)=81.40%
[ 2019-12-19 19:37:20,797][kfold_wrapper.log_eval_metrics] Accuracy(layer_1 - estimator_0 - 3_folds.train_1.predict)=79.84%
[ 2019-12-19 19:37:23,726][kfold_wrapper.log_eval_metrics] Accuracy(layer_1 - estimator_0 - 3_folds.train_2.predict)=85.66%
[ 2019-12-19 19:37:24,148][kfold_wrapper.log_eval_metrics] Accuracy(layer_1 - estimator_0 - 3_folds.train_cv.predict)=82.30%
[ 2019-12-19 19:37:24,150][kfold_wrapper.log_eval_metrics] Accuracy(layer_1 - estimator_0 - 3_folds.test.predict)=82.76%
[ 2019-12-19 19:37:27,193][kfold_wrapper.log_eval_metrics] Accuracy(layer_1 - estimator_1 - 3_folds.train_0.predict)=84.50%
[ 2019-12-19 19:37:30,226][kfold_wrapper.log_eval_metrics] Accuracy(layer_1 - estimator_1 - 3_folds.train_1.predict)=79.46%
[ 2019-12-19 19:37:33,081][kfold_wrapper.log_eval_metrics] Accuracy(layer_1 - estimator_1 - 3_folds.train_2.predict)=83.33%
[ 2019-12-19 19:37:33,395][kfold_wrapper.log_eval_metrics] Accuracy(layer_1 - estimator_1 - 3_folds.train_cv.predict)=82.43%
[ 2019-12-19 19:37:33,395][kfold_wrapper.log_eval_metrics] Accuracy(layer_1 - estimator_1 - 3_folds.test.predict)=83.91%
[ 2019-12-19 19:37:42,854][kfold_wrapper.log_eval_metrics] Accuracy(layer_1 - estimator_2 - 3_folds.train_0.predict)=82.95%
[ 2019-12-19 19:37:50,921][kfold_wrapper.log_eval_metrics] Accuracy(layer_1 - estimator_2 - 3_folds.train_1.predict)=80.23%
[ 2019-12-19 19:37:58,743][kfold_wrapper.log_eval_metrics] Accuracy(layer_1 - estimator_2 - 3_folds.train_2.predict)=79.07%
[ 2019-12-19 19:37:58,866][kfold_wrapper.log_eval_metrics] Accuracy(layer_1 - estimator_2 - 3_folds.train_cv.predict)=80.75%
[ 2019-12-19 19:37:58,866][kfold_wrapper.log_eval_metrics] Accuracy(layer_1 - estimator_2 - 3_folds.test.predict)=83.91%
[ 2019-12-19 19:38:00,783][kfold_wrapper.log_eval_metrics] Accuracy(layer_1 - estimator_3 - 3_folds.train_0.predict)=81.40%
[ 2019-12-19 19:38:02,521][kfold_wrapper.log_eval_metrics] Accuracy(layer_1 - estimator_3 - 3_folds.train_1.predict)=79.07%
[ 2019-12-19 19:38:04,590][kfold_wrapper.log_eval_metrics] Accuracy(layer_1 - estimator_3 - 3_folds.train_2.predict)=82.17%
[ 2019-12-19 19:38:04,593][kfold_wrapper.log_eval_metrics] Accuracy(layer_1 - estimator_3 - 3_folds.train_cv.predict)=80.88%
[ 2019-12-19 19:38:04,593][kfold_wrapper.log_eval_metrics] Accuracy(layer_1 - estimator_3 - 3_folds.test.predict)=81.61%
[ 2019-12-19 19:38:04,593][cascade_classifier.calc_accuracy] Accuracy(layer_1 - train.classifier_average)=82.04%
[ 2019-12-19 19:38:04,594][cascade_classifier.calc_accuracy] Accuracy(layer_1 - test.classifier_average)=81.61%
[ 2019-12-19 19:38:04,596][cascade_classifier.fit_transform] [layer=2] look_indexs=[0], X_cur_train.shape=(774, 366), X_cur_test.shape=(87, 366)
[ 2019-12-19 19:38:06,957][kfold_wrapper.log_eval_metrics] Accuracy(layer_2 - estimator_0 - 3_folds.train_0.predict)=84.11%
[ 2019-12-19 19:38:09,862][kfold_wrapper.log_eval_metrics] Accuracy(layer_2 - estimator_0 - 3_folds.train_1.predict)=82.56%
[ 2019-12-19 19:38:12,785][kfold_wrapper.log_eval_metrics] Accuracy(layer_2 - estimator_0 - 3_folds.train_2.predict)=81.40%
[ 2019-12-19 19:38:13,098][kfold_wrapper.log_eval_metrics] Accuracy(layer_2 - estimator_0 - 3_folds.train_cv.predict)=82.69%
[ 2019-12-19 19:38:13,098][kfold_wrapper.log_eval_metrics] Accuracy(layer_2 - estimator_0 - 3_folds.test.predict)=86.21%
[ 2019-12-19 19:38:16,260][kfold_wrapper.log_eval_metrics] Accuracy(layer_2 - estimator_1 - 3_folds.train_0.predict)=79.84%
[ 2019-12-19 19:38:19,365][kfold_wrapper.log_eval_metrics] Accuracy(layer_2 - estimator_1 - 3_folds.train_1.predict)=77.13%
[ 2019-12-19 19:38:22,300][kfold_wrapper.log_eval_metrics] Accuracy(layer_2 - estimator_1 - 3_folds.train_2.predict)=84.88%
[ 2019-12-19 19:38:22,612][kfold_wrapper.log_eval_metrics] Accuracy(layer_2 - estimator_1 - 3_folds.train_cv.predict)=80.62%
[ 2019-12-19 19:38:22,612][kfold_wrapper.log_eval_metrics] Accuracy(layer_2 - estimator_1 - 3_folds.test.predict)=82.76%
[ 2019-12-19 19:38:31,020][kfold_wrapper.log_eval_metrics] Accuracy(layer_2 - estimator_2 - 3_folds.train_0.predict)=80.23%
[ 2019-12-19 19:38:39,962][kfold_wrapper.log_eval_metrics] Accuracy(layer_2 - estimator_2 - 3_folds.train_1.predict)=81.01%
[ 2019-12-19 19:38:48,140][kfold_wrapper.log_eval_metrics] Accuracy(layer_2 - estimator_2 - 3_folds.train_2.predict)=78.68%
[ 2019-12-19 19:38:48,284][kfold_wrapper.log_eval_metrics] Accuracy(layer_2 - estimator_2 - 3_folds.train_cv.predict)=79.97%
[ 2019-12-19 19:38:48,285][kfold_wrapper.log_eval_metrics] Accuracy(layer_2 - estimator_2 - 3_folds.test.predict)=82.76%
[ 2019-12-19 19:38:50,163][kfold_wrapper.log_eval_metrics] Accuracy(layer_2 - estimator_3 - 3_folds.train_0.predict)=80.23%
[ 2019-12-19 19:38:52,159][kfold_wrapper.log_eval_metrics] Accuracy(layer_2 - estimator_3 - 3_folds.train_1.predict)=82.56%
[ 2019-12-19 19:38:54,106][kfold_wrapper.log_eval_metrics] Accuracy(layer_2 - estimator_3 - 3_folds.train_2.predict)=79.84%
[ 2019-12-19 19:38:54,108][kfold_wrapper.log_eval_metrics] Accuracy(layer_2 - estimator_3 - 3_folds.train_cv.predict)=80.88%
[ 2019-12-19 19:38:54,109][kfold_wrapper.log_eval_metrics] Accuracy(layer_2 - estimator_3 - 3_folds.test.predict)=81.61%
[ 2019-12-19 19:38:54,118][cascade_classifier.calc_accuracy] Accuracy(layer_2 - train.classifier_average)=82.17%
[ 2019-12-19 19:38:54,120][cascade_classifier.calc_accuracy] Accuracy(layer_2 - test.classifier_average)=83.91%
[ 2019-12-19 19:38:54,122][cascade_classifier.fit_transform] [layer=3] look_indexs=[0], X_cur_train.shape=(774, 366), X_cur_test.shape=(87, 366)
[ 2019-12-19 19:38:56,904][kfold_wrapper.log_eval_metrics] Accuracy(layer_3 - estimator_0 - 3_folds.train_0.predict)=82.95%
[ 2019-12-19 19:38:59,851][kfold_wrapper.log_eval_metrics] Accuracy(layer_3 - estimator_0 - 3_folds.train_1.predict)=81.78%
[ 2019-12-19 19:39:03,132][kfold_wrapper.log_eval_metrics] Accuracy(layer_3 - estimator_0 - 3_folds.train_2.predict)=80.62%
[ 2019-12-19 19:39:03,455][kfold_wrapper.log_eval_metrics] Accuracy(layer_3 - estimator_0 - 3_folds.train_cv.predict)=81.78%
[ 2019-12-19 19:39:03,455][kfold_wrapper.log_eval_metrics] Accuracy(layer_3 - estimator_0 - 3_folds.test.predict)=82.76%
[ 2019-12-19 19:39:06,360][kfold_wrapper.log_eval_metrics] Accuracy(layer_3 - estimator_1 - 3_folds.train_0.predict)=80.62%
[ 2019-12-19 19:39:09,311][kfold_wrapper.log_eval_metrics] Accuracy(layer_3 - estimator_1 - 3_folds.train_1.predict)=80.23%
[ 2019-12-19 19:39:12,047][kfold_wrapper.log_eval_metrics] Accuracy(layer_3 - estimator_1 - 3_folds.train_2.predict)=83.72%
[ 2019-12-19 19:39:12,354][kfold_wrapper.log_eval_metrics] Accuracy(layer_3 - estimator_1 - 3_folds.train_cv.predict)=81.52%
[ 2019-12-19 19:39:12,354][kfold_wrapper.log_eval_metrics] Accuracy(layer_3 - estimator_1 - 3_folds.test.predict)=85.06%
[ 2019-12-19 19:39:20,660][kfold_wrapper.log_eval_metrics] Accuracy(layer_3 - estimator_2 - 3_folds.train_0.predict)=76.74%
[ 2019-12-19 19:39:29,094][kfold_wrapper.log_eval_metrics] Accuracy(layer_3 - estimator_2 - 3_folds.train_1.predict)=79.84%
[ 2019-12-19 19:39:37,467][kfold_wrapper.log_eval_metrics] Accuracy(layer_3 - estimator_2 - 3_folds.train_2.predict)=82.17%
[ 2019-12-19 19:39:37,589][kfold_wrapper.log_eval_metrics] Accuracy(layer_3 - estimator_2 - 3_folds.train_cv.predict)=79.59%
[ 2019-12-19 19:39:37,590][kfold_wrapper.log_eval_metrics] Accuracy(layer_3 - estimator_2 - 3_folds.test.predict)=83.91%
[ 2019-12-19 19:39:39,246][kfold_wrapper.log_eval_metrics] Accuracy(layer_3 - estimator_3 - 3_folds.train_0.predict)=81.40%
[ 2019-12-19 19:39:40,912][kfold_wrapper.log_eval_metrics] Accuracy(layer_3 - estimator_3 - 3_folds.train_1.predict)=76.74%
[ 2019-12-19 19:39:42,754][kfold_wrapper.log_eval_metrics] Accuracy(layer_3 - estimator_3 - 3_folds.train_2.predict)=81.01%
[ 2019-12-19 19:39:42,756][kfold_wrapper.log_eval_metrics] Accuracy(layer_3 - estimator_3 - 3_folds.train_cv.predict)=79.72%
[ 2019-12-19 19:39:42,757][kfold_wrapper.log_eval_metrics] Accuracy(layer_3 - estimator_3 - 3_folds.test.predict)=83.91%
[ 2019-12-19 19:39:42,757][cascade_classifier.calc_accuracy] Accuracy(layer_3 - train.classifier_average)=80.49%
[ 2019-12-19 19:39:42,757][cascade_classifier.calc_accuracy] Accuracy(layer_3 - test.classifier_average)=82.76%
[ 2019-12-19 19:39:42,757][cascade_classifier.fit_transform] [Result][Optimal Level Detected] opt_layer_num=1, accuracy_train=82.69%, accuracy_test=83.91%
[ 2019-12-19 19:39:42,789][cascade_classifier.transform] X_groups_test.shape=[(87, 358)]
[ 2019-12-19 19:39:42,790][cascade_classifier.transform] group_dims=[358]
[ 2019-12-19 19:39:42,790][cascade_classifier.transform] X_test.shape=(87, 358)
[ 2019-12-19 19:39:42,790][cascade_classifier.transform] [layer=0] look_indexs=[0], X_cur_test.shape=(87, 358)
[ 2019-12-19 19:39:45,108][cascade_classifier.transform] X_groups_test.shape=[(87, 358)]
[ 2019-12-19 19:39:45,109][cascade_classifier.transform] group_dims=[358]
[ 2019-12-19 19:39:45,109][cascade_classifier.transform] X_test.shape=(87, 358)
[ 2019-12-19 19:39:45,109][cascade_classifier.transform] [layer=0] look_indexs=[0], X_cur_test.shape=(87, 358)
[ 2019-12-19 19:39:47,362][cascade_classifier.fit_transform] X_groups_train.shape=[(774, 358)],y_train.shape=(774,),X_groups_test.shape=[(87, 358)],y_test.shape=(87,)
[ 2019-12-19 19:39:47,363][cascade_classifier.fit_transform] group_dims=[358]
[ 2019-12-19 19:39:47,364][cascade_classifier.fit_transform] group_starts=[0]
[ 2019-12-19 19:39:47,364][cascade_classifier.fit_transform] group_ends=[358]
[ 2019-12-19 19:39:47,364][cascade_classifier.fit_transform] X_train.shape=(774, 358),X_test.shape=(87, 358)
[ 2019-12-19 19:39:47,366][cascade_classifier.fit_transform] [layer=0] look_indexs=[0], X_cur_train.shape=(774, 358), X_cur_test.shape=(87, 358)
[ 2019-12-19 19:39:49,965][kfold_wrapper.log_eval_metrics] Accuracy(layer_0 - estimator_0 - 3_folds.train_0.predict)=81.40%
[ 2019-12-19 19:39:53,100][kfold_wrapper.log_eval_metrics] Accuracy(layer_0 - estimator_0 - 3_folds.train_1.predict)=79.84%
[ 2019-12-19 19:39:56,159][kfold_wrapper.log_eval_metrics] Accuracy(layer_0 - estimator_0 - 3_folds.train_2.predict)=81.78%
[ 2019-12-19 19:39:56,568][kfold_wrapper.log_eval_metrics] Accuracy(layer_0 - estimator_0 - 3_folds.train_cv.predict)=81.01%
[ 2019-12-19 19:39:56,568][kfold_wrapper.log_eval_metrics] Accuracy(layer_0 - estimator_0 - 3_folds.test.predict)=85.06%
[ 2019-12-19 19:39:59,628][kfold_wrapper.log_eval_metrics] Accuracy(layer_0 - estimator_1 - 3_folds.train_0.predict)=81.01%
[ 2019-12-19 19:40:03,181][kfold_wrapper.log_eval_metrics] Accuracy(layer_0 - estimator_1 - 3_folds.train_1.predict)=81.40%
[ 2019-12-19 19:40:06,169][kfold_wrapper.log_eval_metrics] Accuracy(layer_0 - estimator_1 - 3_folds.train_2.predict)=83.33%
[ 2019-12-19 19:40:06,487][kfold_wrapper.log_eval_metrics] Accuracy(layer_0 - estimator_1 - 3_folds.train_cv.predict)=81.91%
[ 2019-12-19 19:40:06,487][kfold_wrapper.log_eval_metrics] Accuracy(layer_0 - estimator_1 - 3_folds.test.predict)=83.91%
[ 2019-12-19 19:40:14,876][kfold_wrapper.log_eval_metrics] Accuracy(layer_0 - estimator_2 - 3_folds.train_0.predict)=82.56%
[ 2019-12-19 19:40:23,428][kfold_wrapper.log_eval_metrics] Accuracy(layer_0 - estimator_2 - 3_folds.train_1.predict)=81.40%
[ 2019-12-19 19:40:31,246][kfold_wrapper.log_eval_metrics] Accuracy(layer_0 - estimator_2 - 3_folds.train_2.predict)=79.46%
[ 2019-12-19 19:40:31,364][kfold_wrapper.log_eval_metrics] Accuracy(layer_0 - estimator_2 - 3_folds.train_cv.predict)=81.14%
[ 2019-12-19 19:40:31,364][kfold_wrapper.log_eval_metrics] Accuracy(layer_0 - estimator_2 - 3_folds.test.predict)=82.76%
[ 2019-12-19 19:40:33,198][kfold_wrapper.log_eval_metrics] Accuracy(layer_0 - estimator_3 - 3_folds.train_0.predict)=81.78%
[ 2019-12-19 19:40:34,895][kfold_wrapper.log_eval_metrics] Accuracy(layer_0 - estimator_3 - 3_folds.train_1.predict)=82.17%
[ 2019-12-19 19:40:36,706][kfold_wrapper.log_eval_metrics] Accuracy(layer_0 - estimator_3 - 3_folds.train_2.predict)=80.23%
[ 2019-12-19 19:40:36,708][kfold_wrapper.log_eval_metrics] Accuracy(layer_0 - estimator_3 - 3_folds.train_cv.predict)=81.40%
[ 2019-12-19 19:40:36,709][kfold_wrapper.log_eval_metrics] Accuracy(layer_0 - estimator_3 - 3_folds.test.predict)=80.46%
[ 2019-12-19 19:40:36,709][cascade_classifier.calc_accuracy] Accuracy(layer_0 - train.classifier_average)=82.30%
[ 2019-12-19 19:40:36,710][cascade_classifier.calc_accuracy] Accuracy(layer_0 - test.classifier_average)=83.91%
[ 2019-12-19 19:40:36,713][cascade_classifier.fit_transform] [layer=1] look_indexs=[0], X_cur_train.shape=(774, 366), X_cur_test.shape=(87, 366)
[ 2019-12-19 19:40:38,966][kfold_wrapper.log_eval_metrics] Accuracy(layer_1 - estimator_0 - 3_folds.train_0.predict)=81.01%
[ 2019-12-19 19:40:41,622][kfold_wrapper.log_eval_metrics] Accuracy(layer_1 - estimator_0 - 3_folds.train_1.predict)=81.78%
[ 2019-12-19 19:40:44,365][kfold_wrapper.log_eval_metrics] Accuracy(layer_1 - estimator_0 - 3_folds.train_2.predict)=82.56%
[ 2019-12-19 19:40:44,687][kfold_wrapper.log_eval_metrics] Accuracy(layer_1 - estimator_0 - 3_folds.train_cv.predict)=81.78%
[ 2019-12-19 19:40:44,688][kfold_wrapper.log_eval_metrics] Accuracy(layer_1 - estimator_0 - 3_folds.test.predict)=82.76%
[ 2019-12-19 19:40:47,372][kfold_wrapper.log_eval_metrics] Accuracy(layer_1 - estimator_1 - 3_folds.train_0.predict)=83.33%
[ 2019-12-19 19:40:50,349][kfold_wrapper.log_eval_metrics] Accuracy(layer_1 - estimator_1 - 3_folds.train_1.predict)=79.84%
[ 2019-12-19 19:40:53,306][kfold_wrapper.log_eval_metrics] Accuracy(layer_1 - estimator_1 - 3_folds.train_2.predict)=85.27%
[ 2019-12-19 19:40:53,613][kfold_wrapper.log_eval_metrics] Accuracy(layer_1 - estimator_1 - 3_folds.train_cv.predict)=82.82%
[ 2019-12-19 19:40:53,613][kfold_wrapper.log_eval_metrics] Accuracy(layer_1 - estimator_1 - 3_folds.test.predict)=81.61%
[ 2019-12-19 19:41:01,660][kfold_wrapper.log_eval_metrics] Accuracy(layer_1 - estimator_2 - 3_folds.train_0.predict)=80.62%
[ 2019-12-19 19:41:11,485][kfold_wrapper.log_eval_metrics] Accuracy(layer_1 - estimator_2 - 3_folds.train_1.predict)=79.07%
[ 2019-12-19 19:41:19,807][kfold_wrapper.log_eval_metrics] Accuracy(layer_1 - estimator_2 - 3_folds.train_2.predict)=79.46%
[ 2019-12-19 19:41:19,958][kfold_wrapper.log_eval_metrics] Accuracy(layer_1 - estimator_2 - 3_folds.train_cv.predict)=79.72%
[ 2019-12-19 19:41:19,959][kfold_wrapper.log_eval_metrics] Accuracy(layer_1 - estimator_2 - 3_folds.test.predict)=85.06%
[ 2019-12-19 19:41:22,122][kfold_wrapper.log_eval_metrics] Accuracy(layer_1 - estimator_3 - 3_folds.train_0.predict)=82.17%
[ 2019-12-19 19:41:23,890][kfold_wrapper.log_eval_metrics] Accuracy(layer_1 - estimator_3 - 3_folds.train_1.predict)=79.07%
[ 2019-12-19 19:41:25,940][kfold_wrapper.log_eval_metrics] Accuracy(layer_1 - estimator_3 - 3_folds.train_2.predict)=84.50%
[ 2019-12-19 19:41:25,943][kfold_wrapper.log_eval_metrics] Accuracy(layer_1 - estimator_3 - 3_folds.train_cv.predict)=81.91%
[ 2019-12-19 19:41:25,943][kfold_wrapper.log_eval_metrics] Accuracy(layer_1 - estimator_3 - 3_folds.test.predict)=82.76%
[ 2019-12-19 19:41:25,944][cascade_classifier.calc_accuracy] Accuracy(layer_1 - train.classifier_average)=82.43%
[ 2019-12-19 19:41:25,944][cascade_classifier.calc_accuracy] Accuracy(layer_1 - test.classifier_average)=85.06%
[ 2019-12-19 19:41:25,946][cascade_classifier.fit_transform] [layer=2] look_indexs=[0], X_cur_train.shape=(774, 366), X_cur_test.shape=(87, 366)
[ 2019-12-19 19:41:28,468][kfold_wrapper.log_eval_metrics] Accuracy(layer_2 - estimator_0 - 3_folds.train_0.predict)=84.11%
[ 2019-12-19 19:41:32,149][kfold_wrapper.log_eval_metrics] Accuracy(layer_2 - estimator_0 - 3_folds.train_1.predict)=80.62%
[ 2019-12-19 19:41:35,045][kfold_wrapper.log_eval_metrics] Accuracy(layer_2 - estimator_0 - 3_folds.train_2.predict)=82.56%
[ 2019-12-19 19:41:35,361][kfold_wrapper.log_eval_metrics] Accuracy(layer_2 - estimator_0 - 3_folds.train_cv.predict)=82.43%
[ 2019-12-19 19:41:35,361][kfold_wrapper.log_eval_metrics] Accuracy(layer_2 - estimator_0 - 3_folds.test.predict)=83.91%
[ 2019-12-19 19:41:38,048][kfold_wrapper.log_eval_metrics] Accuracy(layer_2 - estimator_1 - 3_folds.train_0.predict)=82.56%
[ 2019-12-19 19:41:40,955][kfold_wrapper.log_eval_metrics] Accuracy(layer_2 - estimator_1 - 3_folds.train_1.predict)=82.56%
[ 2019-12-19 19:41:44,457][kfold_wrapper.log_eval_metrics] Accuracy(layer_2 - estimator_1 - 3_folds.train_2.predict)=83.72%
[ 2019-12-19 19:41:44,900][kfold_wrapper.log_eval_metrics] Accuracy(layer_2 - estimator_1 - 3_folds.train_cv.predict)=82.95%
[ 2019-12-19 19:41:44,900][kfold_wrapper.log_eval_metrics] Accuracy(layer_2 - estimator_1 - 3_folds.test.predict)=83.91%
[ 2019-12-19 19:41:53,139][kfold_wrapper.log_eval_metrics] Accuracy(layer_2 - estimator_2 - 3_folds.train_0.predict)=77.91%
[ 2019-12-19 19:42:01,959][kfold_wrapper.log_eval_metrics] Accuracy(layer_2 - estimator_2 - 3_folds.train_1.predict)=82.17%
[ 2019-12-19 19:42:11,349][kfold_wrapper.log_eval_metrics] Accuracy(layer_2 - estimator_2 - 3_folds.train_2.predict)=82.17%
[ 2019-12-19 19:42:11,601][kfold_wrapper.log_eval_metrics] Accuracy(layer_2 - estimator_2 - 3_folds.train_cv.predict)=80.75%
[ 2019-12-19 19:42:11,601][kfold_wrapper.log_eval_metrics] Accuracy(layer_2 - estimator_2 - 3_folds.test.predict)=85.06%
[ 2019-12-19 19:42:13,336][kfold_wrapper.log_eval_metrics] Accuracy(layer_2 - estimator_3 - 3_folds.train_0.predict)=80.62%
[ 2019-12-19 19:42:15,344][kfold_wrapper.log_eval_metrics] Accuracy(layer_2 - estimator_3 - 3_folds.train_1.predict)=81.40%
[ 2019-12-19 19:42:17,219][kfold_wrapper.log_eval_metrics] Accuracy(layer_2 - estimator_3 - 3_folds.train_2.predict)=82.95%
[ 2019-12-19 19:42:17,221][kfold_wrapper.log_eval_metrics] Accuracy(layer_2 - estimator_3 - 3_folds.train_cv.predict)=81.65%
[ 2019-12-19 19:42:17,222][kfold_wrapper.log_eval_metrics] Accuracy(layer_2 - estimator_3 - 3_folds.test.predict)=80.46%
[ 2019-12-19 19:42:17,222][cascade_classifier.calc_accuracy] Accuracy(layer_2 - train.classifier_average)=82.30%
[ 2019-12-19 19:42:17,222][cascade_classifier.calc_accuracy] Accuracy(layer_2 - test.classifier_average)=79.31%
[ 2019-12-19 19:42:17,224][cascade_classifier.fit_transform] [layer=3] look_indexs=[0], X_cur_train.shape=(774, 366), X_cur_test.shape=(87, 366)
[ 2019-12-19 19:42:19,505][kfold_wrapper.log_eval_metrics] Accuracy(layer_3 - estimator_0 - 3_folds.train_0.predict)=81.78%
[ 2019-12-19 19:42:22,075][kfold_wrapper.log_eval_metrics] Accuracy(layer_3 - estimator_0 - 3_folds.train_1.predict)=86.43%
[ 2019-12-19 19:42:24,776][kfold_wrapper.log_eval_metrics] Accuracy(layer_3 - estimator_0 - 3_folds.train_2.predict)=80.23%
[ 2019-12-19 19:42:25,198][kfold_wrapper.log_eval_metrics] Accuracy(layer_3 - estimator_0 - 3_folds.train_cv.predict)=82.82%
[ 2019-12-19 19:42:25,198][kfold_wrapper.log_eval_metrics] Accuracy(layer_3 - estimator_0 - 3_folds.test.predict)=80.46%
[ 2019-12-19 19:42:28,169][kfold_wrapper.log_eval_metrics] Accuracy(layer_3 - estimator_1 - 3_folds.train_0.predict)=83.33%
[ 2019-12-19 19:42:31,620][kfold_wrapper.log_eval_metrics] Accuracy(layer_3 - estimator_1 - 3_folds.train_1.predict)=82.17%
[ 2019-12-19 19:42:35,285][kfold_wrapper.log_eval_metrics] Accuracy(layer_3 - estimator_1 - 3_folds.train_2.predict)=81.01%
[ 2019-12-19 19:42:35,598][kfold_wrapper.log_eval_metrics] Accuracy(layer_3 - estimator_1 - 3_folds.train_cv.predict)=82.17%
[ 2019-12-19 19:42:35,599][kfold_wrapper.log_eval_metrics] Accuracy(layer_3 - estimator_1 - 3_folds.test.predict)=82.76%
[ 2019-12-19 19:42:44,813][kfold_wrapper.log_eval_metrics] Accuracy(layer_3 - estimator_2 - 3_folds.train_0.predict)=83.33%
[ 2019-12-19 19:42:52,699][kfold_wrapper.log_eval_metrics] Accuracy(layer_3 - estimator_2 - 3_folds.train_1.predict)=81.01%
[ 2019-12-19 19:43:00,802][kfold_wrapper.log_eval_metrics] Accuracy(layer_3 - estimator_2 - 3_folds.train_2.predict)=80.62%
[ 2019-12-19 19:43:00,926][kfold_wrapper.log_eval_metrics] Accuracy(layer_3 - estimator_2 - 3_folds.train_cv.predict)=81.65%
[ 2019-12-19 19:43:00,926][kfold_wrapper.log_eval_metrics] Accuracy(layer_3 - estimator_2 - 3_folds.test.predict)=82.76%
[ 2019-12-19 19:43:02,719][kfold_wrapper.log_eval_metrics] Accuracy(layer_3 - estimator_3 - 3_folds.train_0.predict)=80.23%
[ 2019-12-19 19:43:04,478][kfold_wrapper.log_eval_metrics] Accuracy(layer_3 - estimator_3 - 3_folds.train_1.predict)=82.56%
[ 2019-12-19 19:43:06,296][kfold_wrapper.log_eval_metrics] Accuracy(layer_3 - estimator_3 - 3_folds.train_2.predict)=81.78%
[ 2019-12-19 19:43:06,298][kfold_wrapper.log_eval_metrics] Accuracy(layer_3 - estimator_3 - 3_folds.train_cv.predict)=81.52%
[ 2019-12-19 19:43:06,298][kfold_wrapper.log_eval_metrics] Accuracy(layer_3 - estimator_3 - 3_folds.test.predict)=81.61%
[ 2019-12-19 19:43:06,299][cascade_classifier.calc_accuracy] Accuracy(layer_3 - train.classifier_average)=81.78%
[ 2019-12-19 19:43:06,299][cascade_classifier.calc_accuracy] Accuracy(layer_3 - test.classifier_average)=81.61%
[ 2019-12-19 19:43:06,301][cascade_classifier.fit_transform] [layer=4] look_indexs=[0], X_cur_train.shape=(774, 366), X_cur_test.shape=(87, 366)
[ 2019-12-19 19:43:08,568][kfold_wrapper.log_eval_metrics] Accuracy(layer_4 - estimator_0 - 3_folds.train_0.predict)=82.17%
[ 2019-12-19 19:43:11,135][kfold_wrapper.log_eval_metrics] Accuracy(layer_4 - estimator_0 - 3_folds.train_1.predict)=81.78%
[ 2019-12-19 19:43:13,697][kfold_wrapper.log_eval_metrics] Accuracy(layer_4 - estimator_0 - 3_folds.train_2.predict)=82.56%
[ 2019-12-19 19:43:14,011][kfold_wrapper.log_eval_metrics] Accuracy(layer_4 - estimator_0 - 3_folds.train_cv.predict)=82.17%
[ 2019-12-19 19:43:14,012][kfold_wrapper.log_eval_metrics] Accuracy(layer_4 - estimator_0 - 3_folds.test.predict)=82.76%
[ 2019-12-19 19:43:16,435][kfold_wrapper.log_eval_metrics] Accuracy(layer_4 - estimator_1 - 3_folds.train_0.predict)=79.46%
[ 2019-12-19 19:43:19,201][kfold_wrapper.log_eval_metrics] Accuracy(layer_4 - estimator_1 - 3_folds.train_1.predict)=85.27%
[ 2019-12-19 19:43:22,100][kfold_wrapper.log_eval_metrics] Accuracy(layer_4 - estimator_1 - 3_folds.train_2.predict)=81.01%
[ 2019-12-19 19:43:22,417][kfold_wrapper.log_eval_metrics] Accuracy(layer_4 - estimator_1 - 3_folds.train_cv.predict)=81.91%
[ 2019-12-19 19:43:22,417][kfold_wrapper.log_eval_metrics] Accuracy(layer_4 - estimator_1 - 3_folds.test.predict)=81.61%
[ 2019-12-19 19:43:29,997][kfold_wrapper.log_eval_metrics] Accuracy(layer_4 - estimator_2 - 3_folds.train_0.predict)=81.40%
[ 2019-12-19 19:43:37,827][kfold_wrapper.log_eval_metrics] Accuracy(layer_4 - estimator_2 - 3_folds.train_1.predict)=77.52%
[ 2019-12-19 19:43:46,184][kfold_wrapper.log_eval_metrics] Accuracy(layer_4 - estimator_2 - 3_folds.train_2.predict)=79.46%
[ 2019-12-19 19:43:46,321][kfold_wrapper.log_eval_metrics] Accuracy(layer_4 - estimator_2 - 3_folds.train_cv.predict)=79.46%
[ 2019-12-19 19:43:46,322][kfold_wrapper.log_eval_metrics] Accuracy(layer_4 - estimator_2 - 3_folds.test.predict)=82.76%
[ 2019-12-19 19:43:48,157][kfold_wrapper.log_eval_metrics] Accuracy(layer_4 - estimator_3 - 3_folds.train_0.predict)=80.23%
[ 2019-12-19 19:43:50,410][kfold_wrapper.log_eval_metrics] Accuracy(layer_4 - estimator_3 - 3_folds.train_1.predict)=82.56%
[ 2019-12-19 19:43:52,441][kfold_wrapper.log_eval_metrics] Accuracy(layer_4 - estimator_3 - 3_folds.train_2.predict)=80.23%
[ 2019-12-19 19:43:52,443][kfold_wrapper.log_eval_metrics] Accuracy(layer_4 - estimator_3 - 3_folds.train_cv.predict)=81.01%
[ 2019-12-19 19:43:52,444][kfold_wrapper.log_eval_metrics] Accuracy(layer_4 - estimator_3 - 3_folds.test.predict)=82.76%
[ 2019-12-19 19:43:52,444][cascade_classifier.calc_accuracy] Accuracy(layer_4 - train.classifier_average)=82.43%
[ 2019-12-19 19:43:52,444][cascade_classifier.calc_accuracy] Accuracy(layer_4 - test.classifier_average)=82.76%
[ 2019-12-19 19:43:52,451][cascade_classifier.fit_transform] [Result][Optimal Level Detected] opt_layer_num=2, accuracy_train=82.43%, accuracy_test=85.06%
[ 2019-12-19 19:43:52,488][cascade_classifier.transform] X_groups_test.shape=[(87, 358)]
[ 2019-12-19 19:43:52,488][cascade_classifier.transform] group_dims=[358]
[ 2019-12-19 19:43:52,488][cascade_classifier.transform] X_test.shape=(87, 358)
[ 2019-12-19 19:43:52,489][cascade_classifier.transform] [layer=0] look_indexs=[0], X_cur_test.shape=(87, 358)
[ 2019-12-19 19:43:54,718][cascade_classifier.transform] [layer=1] look_indexs=[0], X_cur_test.shape=(87, 366)
[ 2019-12-19 19:43:57,063][cascade_classifier.transform] X_groups_test.shape=[(87, 358)]
[ 2019-12-19 19:43:57,063][cascade_classifier.transform] group_dims=[358]
[ 2019-12-19 19:43:57,063][cascade_classifier.transform] X_test.shape=(87, 358)
[ 2019-12-19 19:43:57,064][cascade_classifier.transform] [layer=0] look_indexs=[0], X_cur_test.shape=(87, 358)
[ 2019-12-19 19:43:59,282][cascade_classifier.transform] [layer=1] look_indexs=[0], X_cur_test.shape=(87, 366)
[ 2019-12-19 19:44:01,521][cascade_classifier.fit_transform] X_groups_train.shape=[(774, 358)],y_train.shape=(774,),X_groups_test.shape=[(87, 358)],y_test.shape=(87,)
[ 2019-12-19 19:44:01,523][cascade_classifier.fit_transform] group_dims=[358]
[ 2019-12-19 19:44:01,523][cascade_classifier.fit_transform] group_starts=[0]
[ 2019-12-19 19:44:01,523][cascade_classifier.fit_transform] group_ends=[358]
[ 2019-12-19 19:44:01,523][cascade_classifier.fit_transform] X_train.shape=(774, 358),X_test.shape=(87, 358)
[ 2019-12-19 19:44:01,526][cascade_classifier.fit_transform] [layer=0] look_indexs=[0], X_cur_train.shape=(774, 358), X_cur_test.shape=(87, 358)
[ 2019-12-19 19:44:03,774][kfold_wrapper.log_eval_metrics] Accuracy(layer_0 - estimator_0 - 3_folds.train_0.predict)=81.40%
[ 2019-12-19 19:44:06,417][kfold_wrapper.log_eval_metrics] Accuracy(layer_0 - estimator_0 - 3_folds.train_1.predict)=80.23%
