[ 2019-12-15 11:06:47,111][cascade_classifier.fit_transform] X_groups_train.shape=[(774, 1, 358, 1)],y_train.shape=(774,),X_groups_test.shape=[(87, 1, 358, 1)],y_test.shape=(87,)
[ 2019-12-15 11:06:47,112][cascade_classifier.fit_transform] group_dims=[358]
[ 2019-12-15 11:06:47,112][cascade_classifier.fit_transform] group_starts=[0]
[ 2019-12-15 11:06:47,113][cascade_classifier.fit_transform] group_ends=[358]
[ 2019-12-15 11:06:47,113][cascade_classifier.fit_transform] X_train.shape=(774, 358),X_test.shape=(87, 358)
[ 2019-12-15 11:06:47,115][cascade_classifier.fit_transform] [layer=0] look_indexs=[0], X_cur_train.shape=(774, 358), X_cur_test.shape=(87, 358)
[ 2019-12-15 11:06:47,464][kfold_wrapper.log_eval_metrics] Accuracy(layer_0 - estimator_0 - 5_folds.train_0.predict)=82.69%
[ 2019-12-15 11:06:47,907][kfold_wrapper.log_eval_metrics] Accuracy(layer_0 - estimator_0 - 5_folds.train_1.predict)=75.48%
[ 2019-12-15 11:06:48,344][kfold_wrapper.log_eval_metrics] Accuracy(layer_0 - estimator_0 - 5_folds.train_2.predict)=84.52%
[ 2019-12-15 11:06:48,778][kfold_wrapper.log_eval_metrics] Accuracy(layer_0 - estimator_0 - 5_folds.train_3.predict)=79.22%
[ 2019-12-15 11:06:49,216][kfold_wrapper.log_eval_metrics] Accuracy(layer_0 - estimator_0 - 5_folds.train_4.predict)=77.92%
[ 2019-12-15 11:06:49,326][kfold_wrapper.log_eval_metrics] Accuracy(layer_0 - estimator_0 - 5_folds.train_cv.predict)=79.97%
[ 2019-12-15 11:06:49,327][kfold_wrapper.log_eval_metrics] Accuracy(layer_0 - estimator_0 - 5_folds.test.predict)=87.36%
[ 2019-12-15 11:06:49,649][kfold_wrapper.log_eval_metrics] Accuracy(layer_0 - estimator_1 - 5_folds.train_0.predict)=82.05%
[ 2019-12-15 11:06:50,079][kfold_wrapper.log_eval_metrics] Accuracy(layer_0 - estimator_1 - 5_folds.train_1.predict)=80.65%
[ 2019-12-15 11:06:50,521][kfold_wrapper.log_eval_metrics] Accuracy(layer_0 - estimator_1 - 5_folds.train_2.predict)=77.42%
[ 2019-12-15 11:06:50,957][kfold_wrapper.log_eval_metrics] Accuracy(layer_0 - estimator_1 - 5_folds.train_3.predict)=81.17%
[ 2019-12-15 11:06:51,394][kfold_wrapper.log_eval_metrics] Accuracy(layer_0 - estimator_1 - 5_folds.train_4.predict)=81.17%
[ 2019-12-15 11:06:51,507][kfold_wrapper.log_eval_metrics] Accuracy(layer_0 - estimator_1 - 5_folds.train_cv.predict)=80.49%
[ 2019-12-15 11:06:51,508][kfold_wrapper.log_eval_metrics] Accuracy(layer_0 - estimator_1 - 5_folds.test.predict)=87.36%
[ 2019-12-15 11:06:51,774][kfold_wrapper.log_eval_metrics] Accuracy(layer_0 - estimator_2 - 5_folds.train_0.predict)=80.77%
[ 2019-12-15 11:06:52,024][kfold_wrapper.log_eval_metrics] Accuracy(layer_0 - estimator_2 - 5_folds.train_1.predict)=81.94%
[ 2019-12-15 11:06:52,275][kfold_wrapper.log_eval_metrics] Accuracy(layer_0 - estimator_2 - 5_folds.train_2.predict)=76.13%
[ 2019-12-15 11:06:52,530][kfold_wrapper.log_eval_metrics] Accuracy(layer_0 - estimator_2 - 5_folds.train_3.predict)=82.47%
[ 2019-12-15 11:06:52,778][kfold_wrapper.log_eval_metrics] Accuracy(layer_0 - estimator_2 - 5_folds.train_4.predict)=79.22%
[ 2019-12-15 11:06:52,779][kfold_wrapper.log_eval_metrics] Accuracy(layer_0 - estimator_2 - 5_folds.train_cv.predict)=80.10%
[ 2019-12-15 11:06:52,779][kfold_wrapper.log_eval_metrics] Accuracy(layer_0 - estimator_2 - 5_folds.test.predict)=87.36%
[ 2019-12-15 11:06:52,930][kfold_wrapper.log_eval_metrics] Accuracy(layer_0 - estimator_3 - 5_folds.train_0.predict)=81.41%
[ 2019-12-15 11:06:53,094][kfold_wrapper.log_eval_metrics] Accuracy(layer_0 - estimator_3 - 5_folds.train_1.predict)=80.65%
[ 2019-12-15 11:06:53,253][kfold_wrapper.log_eval_metrics] Accuracy(layer_0 - estimator_3 - 5_folds.train_2.predict)=76.77%
[ 2019-12-15 11:06:53,397][kfold_wrapper.log_eval_metrics] Accuracy(layer_0 - estimator_3 - 5_folds.train_3.predict)=80.52%
[ 2019-12-15 11:06:53,545][kfold_wrapper.log_eval_metrics] Accuracy(layer_0 - estimator_3 - 5_folds.train_4.predict)=78.57%
[ 2019-12-15 11:06:53,546][kfold_wrapper.log_eval_metrics] Accuracy(layer_0 - estimator_3 - 5_folds.train_cv.predict)=79.59%
[ 2019-12-15 11:06:53,546][kfold_wrapper.log_eval_metrics] Accuracy(layer_0 - estimator_3 - 5_folds.test.predict)=85.06%
[ 2019-12-15 11:06:53,547][cascade_classifier.calc_accuracy] Accuracy(layer_0 - train.classifier_average)=81.14%
[ 2019-12-15 11:06:53,547][cascade_classifier.calc_accuracy] Accuracy(layer_0 - test.classifier_average)=87.36%
[ 2019-12-15 11:06:53,549][cascade_classifier.fit_transform] [layer=1] look_indexs=[0], X_cur_train.shape=(774, 366), X_cur_test.shape=(87, 366)
[ 2019-12-15 11:06:53,885][kfold_wrapper.log_eval_metrics] Accuracy(layer_1 - estimator_0 - 5_folds.train_0.predict)=75.00%
[ 2019-12-15 11:06:54,330][kfold_wrapper.log_eval_metrics] Accuracy(layer_1 - estimator_0 - 5_folds.train_1.predict)=83.23%
[ 2019-12-15 11:06:54,768][kfold_wrapper.log_eval_metrics] Accuracy(layer_1 - estimator_0 - 5_folds.train_2.predict)=81.94%
[ 2019-12-15 11:06:55,208][kfold_wrapper.log_eval_metrics] Accuracy(layer_1 - estimator_0 - 5_folds.train_3.predict)=77.27%
[ 2019-12-15 11:06:55,641][kfold_wrapper.log_eval_metrics] Accuracy(layer_1 - estimator_0 - 5_folds.train_4.predict)=81.82%
[ 2019-12-15 11:06:55,748][kfold_wrapper.log_eval_metrics] Accuracy(layer_1 - estimator_0 - 5_folds.train_cv.predict)=79.84%
[ 2019-12-15 11:06:55,748][kfold_wrapper.log_eval_metrics] Accuracy(layer_1 - estimator_0 - 5_folds.test.predict)=87.36%
[ 2019-12-15 11:06:56,083][kfold_wrapper.log_eval_metrics] Accuracy(layer_1 - estimator_1 - 5_folds.train_0.predict)=82.69%
[ 2019-12-15 11:06:56,522][kfold_wrapper.log_eval_metrics] Accuracy(layer_1 - estimator_1 - 5_folds.train_1.predict)=83.23%
[ 2019-12-15 11:06:56,962][kfold_wrapper.log_eval_metrics] Accuracy(layer_1 - estimator_1 - 5_folds.train_2.predict)=76.13%
[ 2019-12-15 11:06:57,406][kfold_wrapper.log_eval_metrics] Accuracy(layer_1 - estimator_1 - 5_folds.train_3.predict)=85.06%
[ 2019-12-15 11:06:57,846][kfold_wrapper.log_eval_metrics] Accuracy(layer_1 - estimator_1 - 5_folds.train_4.predict)=77.27%
[ 2019-12-15 11:06:57,957][kfold_wrapper.log_eval_metrics] Accuracy(layer_1 - estimator_1 - 5_folds.train_cv.predict)=80.88%
[ 2019-12-15 11:06:57,958][kfold_wrapper.log_eval_metrics] Accuracy(layer_1 - estimator_1 - 5_folds.test.predict)=86.21%
[ 2019-12-15 11:06:58,230][kfold_wrapper.log_eval_metrics] Accuracy(layer_1 - estimator_2 - 5_folds.train_0.predict)=80.77%
[ 2019-12-15 11:06:58,493][kfold_wrapper.log_eval_metrics] Accuracy(layer_1 - estimator_2 - 5_folds.train_1.predict)=78.06%
[ 2019-12-15 11:06:58,744][kfold_wrapper.log_eval_metrics] Accuracy(layer_1 - estimator_2 - 5_folds.train_2.predict)=81.29%
[ 2019-12-15 11:06:58,999][kfold_wrapper.log_eval_metrics] Accuracy(layer_1 - estimator_2 - 5_folds.train_3.predict)=79.22%
[ 2019-12-15 11:06:59,251][kfold_wrapper.log_eval_metrics] Accuracy(layer_1 - estimator_2 - 5_folds.train_4.predict)=79.87%
[ 2019-12-15 11:06:59,252][kfold_wrapper.log_eval_metrics] Accuracy(layer_1 - estimator_2 - 5_folds.train_cv.predict)=79.84%
[ 2019-12-15 11:06:59,253][kfold_wrapper.log_eval_metrics] Accuracy(layer_1 - estimator_2 - 5_folds.test.predict)=85.06%
[ 2019-12-15 11:06:59,432][kfold_wrapper.log_eval_metrics] Accuracy(layer_1 - estimator_3 - 5_folds.train_0.predict)=76.28%
[ 2019-12-15 11:06:59,603][kfold_wrapper.log_eval_metrics] Accuracy(layer_1 - estimator_3 - 5_folds.train_1.predict)=76.77%
[ 2019-12-15 11:06:59,788][kfold_wrapper.log_eval_metrics] Accuracy(layer_1 - estimator_3 - 5_folds.train_2.predict)=80.00%
[ 2019-12-15 11:06:59,971][kfold_wrapper.log_eval_metrics] Accuracy(layer_1 - estimator_3 - 5_folds.train_3.predict)=83.12%
[ 2019-12-15 11:07:00,161][kfold_wrapper.log_eval_metrics] Accuracy(layer_1 - estimator_3 - 5_folds.train_4.predict)=75.97%
[ 2019-12-15 11:07:00,162][kfold_wrapper.log_eval_metrics] Accuracy(layer_1 - estimator_3 - 5_folds.train_cv.predict)=78.42%
[ 2019-12-15 11:07:00,162][kfold_wrapper.log_eval_metrics] Accuracy(layer_1 - estimator_3 - 5_folds.test.predict)=86.21%
[ 2019-12-15 11:07:00,162][cascade_classifier.calc_accuracy] Accuracy(layer_1 - train.classifier_average)=80.23%
[ 2019-12-15 11:07:00,162][cascade_classifier.calc_accuracy] Accuracy(layer_1 - test.classifier_average)=86.21%
[ 2019-12-15 11:07:00,164][cascade_classifier.fit_transform] [layer=2] look_indexs=[0], X_cur_train.shape=(774, 366), X_cur_test.shape=(87, 366)
[ 2019-12-15 11:07:00,501][kfold_wrapper.log_eval_metrics] Accuracy(layer_2 - estimator_0 - 5_folds.train_0.predict)=86.54%
[ 2019-12-15 11:07:00,954][kfold_wrapper.log_eval_metrics] Accuracy(layer_2 - estimator_0 - 5_folds.train_1.predict)=72.90%
[ 2019-12-15 11:07:01,393][kfold_wrapper.log_eval_metrics] Accuracy(layer_2 - estimator_0 - 5_folds.train_2.predict)=80.65%
[ 2019-12-15 11:07:01,832][kfold_wrapper.log_eval_metrics] Accuracy(layer_2 - estimator_0 - 5_folds.train_3.predict)=81.17%
[ 2019-12-15 11:07:02,275][kfold_wrapper.log_eval_metrics] Accuracy(layer_2 - estimator_0 - 5_folds.train_4.predict)=81.17%
[ 2019-12-15 11:07:02,385][kfold_wrapper.log_eval_metrics] Accuracy(layer_2 - estimator_0 - 5_folds.train_cv.predict)=80.49%
[ 2019-12-15 11:07:02,385][kfold_wrapper.log_eval_metrics] Accuracy(layer_2 - estimator_0 - 5_folds.test.predict)=86.21%
[ 2019-12-15 11:07:02,710][kfold_wrapper.log_eval_metrics] Accuracy(layer_2 - estimator_1 - 5_folds.train_0.predict)=78.85%
[ 2019-12-15 11:07:03,140][kfold_wrapper.log_eval_metrics] Accuracy(layer_2 - estimator_1 - 5_folds.train_1.predict)=76.77%
[ 2019-12-15 11:07:03,568][kfold_wrapper.log_eval_metrics] Accuracy(layer_2 - estimator_1 - 5_folds.train_2.predict)=80.65%
[ 2019-12-15 11:07:04,001][kfold_wrapper.log_eval_metrics] Accuracy(layer_2 - estimator_1 - 5_folds.train_3.predict)=83.12%
[ 2019-12-15 11:07:04,436][kfold_wrapper.log_eval_metrics] Accuracy(layer_2 - estimator_1 - 5_folds.train_4.predict)=79.22%
[ 2019-12-15 11:07:04,542][kfold_wrapper.log_eval_metrics] Accuracy(layer_2 - estimator_1 - 5_folds.train_cv.predict)=79.72%
[ 2019-12-15 11:07:04,549][kfold_wrapper.log_eval_metrics] Accuracy(layer_2 - estimator_1 - 5_folds.test.predict)=85.06%
[ 2019-12-15 11:07:04,806][kfold_wrapper.log_eval_metrics] Accuracy(layer_2 - estimator_2 - 5_folds.train_0.predict)=80.77%
[ 2019-12-15 11:07:05,097][kfold_wrapper.log_eval_metrics] Accuracy(layer_2 - estimator_2 - 5_folds.train_1.predict)=81.29%
[ 2019-12-15 11:07:05,382][kfold_wrapper.log_eval_metrics] Accuracy(layer_2 - estimator_2 - 5_folds.train_2.predict)=84.52%
[ 2019-12-15 11:07:05,654][kfold_wrapper.log_eval_metrics] Accuracy(layer_2 - estimator_2 - 5_folds.train_3.predict)=82.47%
[ 2019-12-15 11:07:05,924][kfold_wrapper.log_eval_metrics] Accuracy(layer_2 - estimator_2 - 5_folds.train_4.predict)=80.52%
[ 2019-12-15 11:07:05,925][kfold_wrapper.log_eval_metrics] Accuracy(layer_2 - estimator_2 - 5_folds.train_cv.predict)=81.91%
[ 2019-12-15 11:07:05,925][kfold_wrapper.log_eval_metrics] Accuracy(layer_2 - estimator_2 - 5_folds.test.predict)=85.06%
[ 2019-12-15 11:07:06,101][kfold_wrapper.log_eval_metrics] Accuracy(layer_2 - estimator_3 - 5_folds.train_0.predict)=77.56%
[ 2019-12-15 11:07:06,274][kfold_wrapper.log_eval_metrics] Accuracy(layer_2 - estimator_3 - 5_folds.train_1.predict)=76.13%
[ 2019-12-15 11:07:06,458][kfold_wrapper.log_eval_metrics] Accuracy(layer_2 - estimator_3 - 5_folds.train_2.predict)=81.94%
[ 2019-12-15 11:07:06,639][kfold_wrapper.log_eval_metrics] Accuracy(layer_2 - estimator_3 - 5_folds.train_3.predict)=81.17%
[ 2019-12-15 11:07:06,815][kfold_wrapper.log_eval_metrics] Accuracy(layer_2 - estimator_3 - 5_folds.train_4.predict)=77.92%
[ 2019-12-15 11:07:06,816][kfold_wrapper.log_eval_metrics] Accuracy(layer_2 - estimator_3 - 5_folds.train_cv.predict)=78.94%
[ 2019-12-15 11:07:06,817][kfold_wrapper.log_eval_metrics] Accuracy(layer_2 - estimator_3 - 5_folds.test.predict)=86.21%
[ 2019-12-15 11:07:06,817][cascade_classifier.calc_accuracy] Accuracy(layer_2 - train.classifier_average)=80.10%
[ 2019-12-15 11:07:06,817][cascade_classifier.calc_accuracy] Accuracy(layer_2 - test.classifier_average)=86.21%
[ 2019-12-15 11:07:06,819][cascade_classifier.fit_transform] [layer=3] look_indexs=[0], X_cur_train.shape=(774, 366), X_cur_test.shape=(87, 366)
[ 2019-12-15 11:07:07,155][kfold_wrapper.log_eval_metrics] Accuracy(layer_3 - estimator_0 - 5_folds.train_0.predict)=81.41%
[ 2019-12-15 11:07:07,597][kfold_wrapper.log_eval_metrics] Accuracy(layer_3 - estimator_0 - 5_folds.train_1.predict)=80.00%
[ 2019-12-15 11:07:08,040][kfold_wrapper.log_eval_metrics] Accuracy(layer_3 - estimator_0 - 5_folds.train_2.predict)=83.87%
[ 2019-12-15 11:07:08,486][kfold_wrapper.log_eval_metrics] Accuracy(layer_3 - estimator_0 - 5_folds.train_3.predict)=81.17%
[ 2019-12-15 11:07:08,921][kfold_wrapper.log_eval_metrics] Accuracy(layer_3 - estimator_0 - 5_folds.train_4.predict)=74.03%
[ 2019-12-15 11:07:09,035][kfold_wrapper.log_eval_metrics] Accuracy(layer_3 - estimator_0 - 5_folds.train_cv.predict)=80.10%
[ 2019-12-15 11:07:09,036][kfold_wrapper.log_eval_metrics] Accuracy(layer_3 - estimator_0 - 5_folds.test.predict)=86.21%
[ 2019-12-15 11:07:09,364][kfold_wrapper.log_eval_metrics] Accuracy(layer_3 - estimator_1 - 5_folds.train_0.predict)=79.49%
[ 2019-12-15 11:07:09,804][kfold_wrapper.log_eval_metrics] Accuracy(layer_3 - estimator_1 - 5_folds.train_1.predict)=81.94%
[ 2019-12-15 11:07:10,251][kfold_wrapper.log_eval_metrics] Accuracy(layer_3 - estimator_1 - 5_folds.train_2.predict)=76.77%
[ 2019-12-15 11:07:10,686][kfold_wrapper.log_eval_metrics] Accuracy(layer_3 - estimator_1 - 5_folds.train_3.predict)=83.12%
[ 2019-12-15 11:07:11,123][kfold_wrapper.log_eval_metrics] Accuracy(layer_3 - estimator_1 - 5_folds.train_4.predict)=83.12%
[ 2019-12-15 11:07:11,232][kfold_wrapper.log_eval_metrics] Accuracy(layer_3 - estimator_1 - 5_folds.train_cv.predict)=80.88%
[ 2019-12-15 11:07:11,232][kfold_wrapper.log_eval_metrics] Accuracy(layer_3 - estimator_1 - 5_folds.test.predict)=87.36%
[ 2019-12-15 11:07:11,500][kfold_wrapper.log_eval_metrics] Accuracy(layer_3 - estimator_2 - 5_folds.train_0.predict)=86.54%
[ 2019-12-15 11:07:11,754][kfold_wrapper.log_eval_metrics] Accuracy(layer_3 - estimator_2 - 5_folds.train_1.predict)=73.55%
[ 2019-12-15 11:07:12,007][kfold_wrapper.log_eval_metrics] Accuracy(layer_3 - estimator_2 - 5_folds.train_2.predict)=81.94%
[ 2019-12-15 11:07:12,258][kfold_wrapper.log_eval_metrics] Accuracy(layer_3 - estimator_2 - 5_folds.train_3.predict)=81.82%
[ 2019-12-15 11:07:12,515][kfold_wrapper.log_eval_metrics] Accuracy(layer_3 - estimator_2 - 5_folds.train_4.predict)=81.82%
[ 2019-12-15 11:07:12,516][kfold_wrapper.log_eval_metrics] Accuracy(layer_3 - estimator_2 - 5_folds.train_cv.predict)=81.14%
[ 2019-12-15 11:07:12,517][kfold_wrapper.log_eval_metrics] Accuracy(layer_3 - estimator_2 - 5_folds.test.predict)=86.21%
[ 2019-12-15 11:07:12,693][kfold_wrapper.log_eval_metrics] Accuracy(layer_3 - estimator_3 - 5_folds.train_0.predict)=82.05%
[ 2019-12-15 11:07:12,872][kfold_wrapper.log_eval_metrics] Accuracy(layer_3 - estimator_3 - 5_folds.train_1.predict)=81.29%
[ 2019-12-15 11:07:13,050][kfold_wrapper.log_eval_metrics] Accuracy(layer_3 - estimator_3 - 5_folds.train_2.predict)=79.35%
[ 2019-12-15 11:07:13,221][kfold_wrapper.log_eval_metrics] Accuracy(layer_3 - estimator_3 - 5_folds.train_3.predict)=79.22%
[ 2019-12-15 11:07:13,390][kfold_wrapper.log_eval_metrics] Accuracy(layer_3 - estimator_3 - 5_folds.train_4.predict)=76.62%
[ 2019-12-15 11:07:13,391][kfold_wrapper.log_eval_metrics] Accuracy(layer_3 - estimator_3 - 5_folds.train_cv.predict)=79.72%
[ 2019-12-15 11:07:13,391][kfold_wrapper.log_eval_metrics] Accuracy(layer_3 - estimator_3 - 5_folds.test.predict)=87.36%
[ 2019-12-15 11:07:13,391][cascade_classifier.calc_accuracy] Accuracy(layer_3 - train.classifier_average)=81.01%
[ 2019-12-15 11:07:13,392][cascade_classifier.calc_accuracy] Accuracy(layer_3 - test.classifier_average)=87.36%
[ 2019-12-15 11:07:13,394][cascade_classifier.fit_transform] [layer=4] look_indexs=[0], X_cur_train.shape=(774, 366), X_cur_test.shape=(87, 366)
[ 2019-12-15 11:07:13,730][kfold_wrapper.log_eval_metrics] Accuracy(layer_4 - estimator_0 - 5_folds.train_0.predict)=76.92%
[ 2019-12-15 11:07:14,176][kfold_wrapper.log_eval_metrics] Accuracy(layer_4 - estimator_0 - 5_folds.train_1.predict)=82.58%
[ 2019-12-15 11:07:14,613][kfold_wrapper.log_eval_metrics] Accuracy(layer_4 - estimator_0 - 5_folds.train_2.predict)=83.87%
[ 2019-12-15 11:07:15,052][kfold_wrapper.log_eval_metrics] Accuracy(layer_4 - estimator_0 - 5_folds.train_3.predict)=77.92%
[ 2019-12-15 11:07:15,489][kfold_wrapper.log_eval_metrics] Accuracy(layer_4 - estimator_0 - 5_folds.train_4.predict)=79.22%
[ 2019-12-15 11:07:15,596][kfold_wrapper.log_eval_metrics] Accuracy(layer_4 - estimator_0 - 5_folds.train_cv.predict)=80.10%
[ 2019-12-15 11:07:15,596][kfold_wrapper.log_eval_metrics] Accuracy(layer_4 - estimator_0 - 5_folds.test.predict)=85.06%
[ 2019-12-15 11:07:15,928][kfold_wrapper.log_eval_metrics] Accuracy(layer_4 - estimator_1 - 5_folds.train_0.predict)=82.05%
[ 2019-12-15 11:07:16,356][kfold_wrapper.log_eval_metrics] Accuracy(layer_4 - estimator_1 - 5_folds.train_1.predict)=77.42%
[ 2019-12-15 11:07:16,797][kfold_wrapper.log_eval_metrics] Accuracy(layer_4 - estimator_1 - 5_folds.train_2.predict)=86.45%
[ 2019-12-15 11:07:17,226][kfold_wrapper.log_eval_metrics] Accuracy(layer_4 - estimator_1 - 5_folds.train_3.predict)=83.77%
[ 2019-12-15 11:07:17,654][kfold_wrapper.log_eval_metrics] Accuracy(layer_4 - estimator_1 - 5_folds.train_4.predict)=80.52%
[ 2019-12-15 11:07:17,760][kfold_wrapper.log_eval_metrics] Accuracy(layer_4 - estimator_1 - 5_folds.train_cv.predict)=82.04%
[ 2019-12-15 11:07:17,761][kfold_wrapper.log_eval_metrics] Accuracy(layer_4 - estimator_1 - 5_folds.test.predict)=87.36%
[ 2019-12-15 11:07:18,027][kfold_wrapper.log_eval_metrics] Accuracy(layer_4 - estimator_2 - 5_folds.train_0.predict)=82.69%
[ 2019-12-15 11:07:18,278][kfold_wrapper.log_eval_metrics] Accuracy(layer_4 - estimator_2 - 5_folds.train_1.predict)=81.29%
[ 2019-12-15 11:07:18,543][kfold_wrapper.log_eval_metrics] Accuracy(layer_4 - estimator_2 - 5_folds.train_2.predict)=78.06%
[ 2019-12-15 11:07:18,794][kfold_wrapper.log_eval_metrics] Accuracy(layer_4 - estimator_2 - 5_folds.train_3.predict)=81.17%
[ 2019-12-15 11:07:19,049][kfold_wrapper.log_eval_metrics] Accuracy(layer_4 - estimator_2 - 5_folds.train_4.predict)=78.57%
[ 2019-12-15 11:07:19,050][kfold_wrapper.log_eval_metrics] Accuracy(layer_4 - estimator_2 - 5_folds.train_cv.predict)=80.36%
[ 2019-12-15 11:07:19,050][kfold_wrapper.log_eval_metrics] Accuracy(layer_4 - estimator_2 - 5_folds.test.predict)=83.91%
[ 2019-12-15 11:07:19,207][kfold_wrapper.log_eval_metrics] Accuracy(layer_4 - estimator_3 - 5_folds.train_0.predict)=82.69%
[ 2019-12-15 11:07:19,390][kfold_wrapper.log_eval_metrics] Accuracy(layer_4 - estimator_3 - 5_folds.train_1.predict)=79.35%
[ 2019-12-15 11:07:19,561][kfold_wrapper.log_eval_metrics] Accuracy(layer_4 - estimator_3 - 5_folds.train_2.predict)=80.00%
[ 2019-12-15 11:07:19,739][kfold_wrapper.log_eval_metrics] Accuracy(layer_4 - estimator_3 - 5_folds.train_3.predict)=81.17%
[ 2019-12-15 11:07:19,918][kfold_wrapper.log_eval_metrics] Accuracy(layer_4 - estimator_3 - 5_folds.train_4.predict)=80.52%
[ 2019-12-15 11:07:19,919][kfold_wrapper.log_eval_metrics] Accuracy(layer_4 - estimator_3 - 5_folds.train_cv.predict)=80.75%
[ 2019-12-15 11:07:19,920][kfold_wrapper.log_eval_metrics] Accuracy(layer_4 - estimator_3 - 5_folds.test.predict)=85.06%
[ 2019-12-15 11:07:19,920][cascade_classifier.calc_accuracy] Accuracy(layer_4 - train.classifier_average)=80.88%
[ 2019-12-15 11:07:19,920][cascade_classifier.calc_accuracy] Accuracy(layer_4 - test.classifier_average)=86.21%
[ 2019-12-15 11:07:19,922][cascade_classifier.fit_transform] [layer=5] look_indexs=[0], X_cur_train.shape=(774, 366), X_cur_test.shape=(87, 366)
[ 2019-12-15 11:07:20,257][kfold_wrapper.log_eval_metrics] Accuracy(layer_5 - estimator_0 - 5_folds.train_0.predict)=78.85%
[ 2019-12-15 11:07:20,708][kfold_wrapper.log_eval_metrics] Accuracy(layer_5 - estimator_0 - 5_folds.train_1.predict)=85.81%
[ 2019-12-15 11:07:21,143][kfold_wrapper.log_eval_metrics] Accuracy(layer_5 - estimator_0 - 5_folds.train_2.predict)=80.65%
[ 2019-12-15 11:07:21,581][kfold_wrapper.log_eval_metrics] Accuracy(layer_5 - estimator_0 - 5_folds.train_3.predict)=75.97%
[ 2019-12-15 11:07:22,031][kfold_wrapper.log_eval_metrics] Accuracy(layer_5 - estimator_0 - 5_folds.train_4.predict)=82.47%
[ 2019-12-15 11:07:22,143][kfold_wrapper.log_eval_metrics] Accuracy(layer_5 - estimator_0 - 5_folds.train_cv.predict)=80.75%
[ 2019-12-15 11:07:22,143][kfold_wrapper.log_eval_metrics] Accuracy(layer_5 - estimator_0 - 5_folds.test.predict)=86.21%
[ 2019-12-15 11:07:22,478][kfold_wrapper.log_eval_metrics] Accuracy(layer_5 - estimator_1 - 5_folds.train_0.predict)=79.49%
[ 2019-12-15 11:07:22,911][kfold_wrapper.log_eval_metrics] Accuracy(layer_5 - estimator_1 - 5_folds.train_1.predict)=87.10%
[ 2019-12-15 11:07:23,345][kfold_wrapper.log_eval_metrics] Accuracy(layer_5 - estimator_1 - 5_folds.train_2.predict)=77.42%
[ 2019-12-15 11:07:23,781][kfold_wrapper.log_eval_metrics] Accuracy(layer_5 - estimator_1 - 5_folds.train_3.predict)=78.57%
[ 2019-12-15 11:07:24,211][kfold_wrapper.log_eval_metrics] Accuracy(layer_5 - estimator_1 - 5_folds.train_4.predict)=79.22%
[ 2019-12-15 11:07:24,317][kfold_wrapper.log_eval_metrics] Accuracy(layer_5 - estimator_1 - 5_folds.train_cv.predict)=80.36%
[ 2019-12-15 11:07:24,318][kfold_wrapper.log_eval_metrics] Accuracy(layer_5 - estimator_1 - 5_folds.test.predict)=87.36%
[ 2019-12-15 11:07:24,579][kfold_wrapper.log_eval_metrics] Accuracy(layer_5 - estimator_2 - 5_folds.train_0.predict)=83.97%
[ 2019-12-15 11:07:24,828][kfold_wrapper.log_eval_metrics] Accuracy(layer_5 - estimator_2 - 5_folds.train_1.predict)=77.42%
[ 2019-12-15 11:07:25,083][kfold_wrapper.log_eval_metrics] Accuracy(layer_5 - estimator_2 - 5_folds.train_2.predict)=80.00%
[ 2019-12-15 11:07:25,333][kfold_wrapper.log_eval_metrics] Accuracy(layer_5 - estimator_2 - 5_folds.train_3.predict)=79.22%
[ 2019-12-15 11:07:25,589][kfold_wrapper.log_eval_metrics] Accuracy(layer_5 - estimator_2 - 5_folds.train_4.predict)=82.47%
[ 2019-12-15 11:07:25,590][kfold_wrapper.log_eval_metrics] Accuracy(layer_5 - estimator_2 - 5_folds.train_cv.predict)=80.62%
[ 2019-12-15 11:07:25,591][kfold_wrapper.log_eval_metrics] Accuracy(layer_5 - estimator_2 - 5_folds.test.predict)=86.21%
[ 2019-12-15 11:07:25,758][kfold_wrapper.log_eval_metrics] Accuracy(layer_5 - estimator_3 - 5_folds.train_0.predict)=81.41%
[ 2019-12-15 11:07:25,924][kfold_wrapper.log_eval_metrics] Accuracy(layer_5 - estimator_3 - 5_folds.train_1.predict)=76.77%
[ 2019-12-15 11:07:26,109][kfold_wrapper.log_eval_metrics] Accuracy(layer_5 - estimator_3 - 5_folds.train_2.predict)=85.16%
[ 2019-12-15 11:07:26,284][kfold_wrapper.log_eval_metrics] Accuracy(layer_5 - estimator_3 - 5_folds.train_3.predict)=79.22%
[ 2019-12-15 11:07:26,457][kfold_wrapper.log_eval_metrics] Accuracy(layer_5 - estimator_3 - 5_folds.train_4.predict)=78.57%
[ 2019-12-15 11:07:26,459][kfold_wrapper.log_eval_metrics] Accuracy(layer_5 - estimator_3 - 5_folds.train_cv.predict)=80.23%
[ 2019-12-15 11:07:26,459][kfold_wrapper.log_eval_metrics] Accuracy(layer_5 - estimator_3 - 5_folds.test.predict)=88.51%
[ 2019-12-15 11:07:26,459][cascade_classifier.calc_accuracy] Accuracy(layer_5 - train.classifier_average)=80.75%
[ 2019-12-15 11:07:26,459][cascade_classifier.calc_accuracy] Accuracy(layer_5 - test.classifier_average)=87.36%
[ 2019-12-15 11:07:26,460][cascade_classifier.fit_transform] [Result][Optimal Level Detected] opt_layer_num=1, accuracy_train=81.14%, accuracy_test=87.36%
[ 2019-12-15 11:07:26,531][cascade_classifier.transform] X_groups_test.shape=[(87, 1, 358, 1)]
[ 2019-12-15 11:07:26,531][cascade_classifier.transform] group_dims=[358]
[ 2019-12-15 11:07:26,532][cascade_classifier.transform] X_test.shape=(87, 358)
[ 2019-12-15 11:07:26,532][cascade_classifier.transform] [layer=0] look_indexs=[0], X_cur_test.shape=(87, 358)
[ 2019-12-15 11:07:27,603][cascade_classifier.transform] X_groups_test.shape=[(87, 1, 358, 1)]
[ 2019-12-15 11:07:27,603][cascade_classifier.transform] group_dims=[358]
[ 2019-12-15 11:07:27,603][cascade_classifier.transform] X_test.shape=(87, 358)
[ 2019-12-15 11:07:27,604][cascade_classifier.transform] [layer=0] look_indexs=[0], X_cur_test.shape=(87, 358)
[ 2019-12-15 11:07:28,686][cascade_classifier.fit_transform] X_groups_train.shape=[(774, 1, 358, 1)],y_train.shape=(774,),X_groups_test.shape=[(87, 1, 358, 1)],y_test.shape=(87,)
[ 2019-12-15 11:07:28,687][cascade_classifier.fit_transform] group_dims=[358]
[ 2019-12-15 11:07:28,687][cascade_classifier.fit_transform] group_starts=[0]
[ 2019-12-15 11:07:28,687][cascade_classifier.fit_transform] group_ends=[358]
[ 2019-12-15 11:07:28,687][cascade_classifier.fit_transform] X_train.shape=(774, 358),X_test.shape=(87, 358)
[ 2019-12-15 11:07:28,689][cascade_classifier.fit_transform] [layer=0] look_indexs=[0], X_cur_train.shape=(774, 358), X_cur_test.shape=(87, 358)
[ 2019-12-15 11:07:29,031][kfold_wrapper.log_eval_metrics] Accuracy(layer_0 - estimator_0 - 5_folds.train_0.predict)=80.00%
[ 2019-12-15 11:07:29,468][kfold_wrapper.log_eval_metrics] Accuracy(layer_0 - estimator_0 - 5_folds.train_1.predict)=80.00%
[ 2019-12-15 11:07:29,906][kfold_wrapper.log_eval_metrics] Accuracy(layer_0 - estimator_0 - 5_folds.train_2.predict)=80.65%
[ 2019-12-15 11:07:30,342][kfold_wrapper.log_eval_metrics] Accuracy(layer_0 - estimator_0 - 5_folds.train_3.predict)=83.87%
[ 2019-12-15 11:07:30,783][kfold_wrapper.log_eval_metrics] Accuracy(layer_0 - estimator_0 - 5_folds.train_4.predict)=80.52%
[ 2019-12-15 11:07:30,889][kfold_wrapper.log_eval_metrics] Accuracy(layer_0 - estimator_0 - 5_folds.train_cv.predict)=81.01%
[ 2019-12-15 11:07:30,889][kfold_wrapper.log_eval_metrics] Accuracy(layer_0 - estimator_0 - 5_folds.test.predict)=78.16%
[ 2019-12-15 11:07:31,224][kfold_wrapper.log_eval_metrics] Accuracy(layer_0 - estimator_1 - 5_folds.train_0.predict)=84.52%
[ 2019-12-15 11:07:31,654][kfold_wrapper.log_eval_metrics] Accuracy(layer_0 - estimator_1 - 5_folds.train_1.predict)=80.00%
[ 2019-12-15 11:07:32,083][kfold_wrapper.log_eval_metrics] Accuracy(layer_0 - estimator_1 - 5_folds.train_2.predict)=78.71%
[ 2019-12-15 11:07:32,527][kfold_wrapper.log_eval_metrics] Accuracy(layer_0 - estimator_1 - 5_folds.train_3.predict)=83.23%
[ 2019-12-15 11:07:32,957][kfold_wrapper.log_eval_metrics] Accuracy(layer_0 - estimator_1 - 5_folds.train_4.predict)=78.57%
[ 2019-12-15 11:07:33,069][kfold_wrapper.log_eval_metrics] Accuracy(layer_0 - estimator_1 - 5_folds.train_cv.predict)=81.01%
[ 2019-12-15 11:07:33,070][kfold_wrapper.log_eval_metrics] Accuracy(layer_0 - estimator_1 - 5_folds.test.predict)=78.16%
[ 2019-12-15 11:07:33,331][kfold_wrapper.log_eval_metrics] Accuracy(layer_0 - estimator_2 - 5_folds.train_0.predict)=85.81%
[ 2019-12-15 11:07:33,580][kfold_wrapper.log_eval_metrics] Accuracy(layer_0 - estimator_2 - 5_folds.train_1.predict)=80.65%
[ 2019-12-15 11:07:33,825][kfold_wrapper.log_eval_metrics] Accuracy(layer_0 - estimator_2 - 5_folds.train_2.predict)=78.06%
[ 2019-12-15 11:07:34,078][kfold_wrapper.log_eval_metrics] Accuracy(layer_0 - estimator_2 - 5_folds.train_3.predict)=81.29%
[ 2019-12-15 11:07:34,325][kfold_wrapper.log_eval_metrics] Accuracy(layer_0 - estimator_2 - 5_folds.train_4.predict)=81.82%
[ 2019-12-15 11:07:34,326][kfold_wrapper.log_eval_metrics] Accuracy(layer_0 - estimator_2 - 5_folds.train_cv.predict)=81.52%
[ 2019-12-15 11:07:34,326][kfold_wrapper.log_eval_metrics] Accuracy(layer_0 - estimator_2 - 5_folds.test.predict)=77.01%
[ 2019-12-15 11:07:34,477][kfold_wrapper.log_eval_metrics] Accuracy(layer_0 - estimator_3 - 5_folds.train_0.predict)=83.87%
[ 2019-12-15 11:07:34,621][kfold_wrapper.log_eval_metrics] Accuracy(layer_0 - estimator_3 - 5_folds.train_1.predict)=78.71%
[ 2019-12-15 11:07:34,766][kfold_wrapper.log_eval_metrics] Accuracy(layer_0 - estimator_3 - 5_folds.train_2.predict)=79.35%
[ 2019-12-15 11:07:34,918][kfold_wrapper.log_eval_metrics] Accuracy(layer_0 - estimator_3 - 5_folds.train_3.predict)=78.71%
[ 2019-12-15 11:07:35,054][kfold_wrapper.log_eval_metrics] Accuracy(layer_0 - estimator_3 - 5_folds.train_4.predict)=82.47%
[ 2019-12-15 11:07:35,055][kfold_wrapper.log_eval_metrics] Accuracy(layer_0 - estimator_3 - 5_folds.train_cv.predict)=80.62%
[ 2019-12-15 11:07:35,055][kfold_wrapper.log_eval_metrics] Accuracy(layer_0 - estimator_3 - 5_folds.test.predict)=73.56%
[ 2019-12-15 11:07:35,056][cascade_classifier.calc_accuracy] Accuracy(layer_0 - train.classifier_average)=82.43%
[ 2019-12-15 11:07:35,056][cascade_classifier.calc_accuracy] Accuracy(layer_0 - test.classifier_average)=79.31%
[ 2019-12-15 11:07:35,058][cascade_classifier.fit_transform] [layer=1] look_indexs=[0], X_cur_train.shape=(774, 366), X_cur_test.shape=(87, 366)
[ 2019-12-15 11:07:35,392][kfold_wrapper.log_eval_metrics] Accuracy(layer_1 - estimator_0 - 5_folds.train_0.predict)=80.65%
[ 2019-12-15 11:07:35,835][kfold_wrapper.log_eval_metrics] Accuracy(layer_1 - estimator_0 - 5_folds.train_1.predict)=83.23%
[ 2019-12-15 11:07:36,278][kfold_wrapper.log_eval_metrics] Accuracy(layer_1 - estimator_0 - 5_folds.train_2.predict)=78.06%
[ 2019-12-15 11:07:36,719][kfold_wrapper.log_eval_metrics] Accuracy(layer_1 - estimator_0 - 5_folds.train_3.predict)=82.58%
[ 2019-12-15 11:07:37,147][kfold_wrapper.log_eval_metrics] Accuracy(layer_1 - estimator_0 - 5_folds.train_4.predict)=80.52%
[ 2019-12-15 11:07:37,252][kfold_wrapper.log_eval_metrics] Accuracy(layer_1 - estimator_0 - 5_folds.train_cv.predict)=81.01%
[ 2019-12-15 11:07:37,253][kfold_wrapper.log_eval_metrics] Accuracy(layer_1 - estimator_0 - 5_folds.test.predict)=77.01%
[ 2019-12-15 11:07:37,582][kfold_wrapper.log_eval_metrics] Accuracy(layer_1 - estimator_1 - 5_folds.train_0.predict)=83.23%
[ 2019-12-15 11:07:38,020][kfold_wrapper.log_eval_metrics] Accuracy(layer_1 - estimator_1 - 5_folds.train_1.predict)=78.71%
[ 2019-12-15 11:07:38,456][kfold_wrapper.log_eval_metrics] Accuracy(layer_1 - estimator_1 - 5_folds.train_2.predict)=77.42%
[ 2019-12-15 11:07:38,889][kfold_wrapper.log_eval_metrics] Accuracy(layer_1 - estimator_1 - 5_folds.train_3.predict)=84.52%
[ 2019-12-15 11:07:39,321][kfold_wrapper.log_eval_metrics] Accuracy(layer_1 - estimator_1 - 5_folds.train_4.predict)=87.01%
[ 2019-12-15 11:07:39,432][kfold_wrapper.log_eval_metrics] Accuracy(layer_1 - estimator_1 - 5_folds.train_cv.predict)=82.17%
[ 2019-12-15 11:07:39,433][kfold_wrapper.log_eval_metrics] Accuracy(layer_1 - estimator_1 - 5_folds.test.predict)=79.31%
[ 2019-12-15 11:07:39,695][kfold_wrapper.log_eval_metrics] Accuracy(layer_1 - estimator_2 - 5_folds.train_0.predict)=85.81%
[ 2019-12-15 11:07:39,948][kfold_wrapper.log_eval_metrics] Accuracy(layer_1 - estimator_2 - 5_folds.train_1.predict)=77.42%
[ 2019-12-15 11:07:40,201][kfold_wrapper.log_eval_metrics] Accuracy(layer_1 - estimator_2 - 5_folds.train_2.predict)=82.58%
[ 2019-12-15 11:07:40,457][kfold_wrapper.log_eval_metrics] Accuracy(layer_1 - estimator_2 - 5_folds.train_3.predict)=81.94%
[ 2019-12-15 11:07:40,709][kfold_wrapper.log_eval_metrics] Accuracy(layer_1 - estimator_2 - 5_folds.train_4.predict)=82.47%
[ 2019-12-15 11:07:40,710][kfold_wrapper.log_eval_metrics] Accuracy(layer_1 - estimator_2 - 5_folds.train_cv.predict)=82.04%
[ 2019-12-15 11:07:40,710][kfold_wrapper.log_eval_metrics] Accuracy(layer_1 - estimator_2 - 5_folds.test.predict)=77.01%
[ 2019-12-15 11:07:40,899][kfold_wrapper.log_eval_metrics] Accuracy(layer_1 - estimator_3 - 5_folds.train_0.predict)=80.00%
[ 2019-12-15 11:07:41,080][kfold_wrapper.log_eval_metrics] Accuracy(layer_1 - estimator_3 - 5_folds.train_1.predict)=76.77%
[ 2019-12-15 11:07:41,263][kfold_wrapper.log_eval_metrics] Accuracy(layer_1 - estimator_3 - 5_folds.train_2.predict)=79.35%
[ 2019-12-15 11:07:41,449][kfold_wrapper.log_eval_metrics] Accuracy(layer_1 - estimator_3 - 5_folds.train_3.predict)=81.94%
[ 2019-12-15 11:07:41,626][kfold_wrapper.log_eval_metrics] Accuracy(layer_1 - estimator_3 - 5_folds.train_4.predict)=81.17%
[ 2019-12-15 11:07:41,627][kfold_wrapper.log_eval_metrics] Accuracy(layer_1 - estimator_3 - 5_folds.train_cv.predict)=79.84%
[ 2019-12-15 11:07:41,627][kfold_wrapper.log_eval_metrics] Accuracy(layer_1 - estimator_3 - 5_folds.test.predict)=78.16%
[ 2019-12-15 11:07:41,627][cascade_classifier.calc_accuracy] Accuracy(layer_1 - train.classifier_average)=81.91%
[ 2019-12-15 11:07:41,628][cascade_classifier.calc_accuracy] Accuracy(layer_1 - test.classifier_average)=77.01%
[ 2019-12-15 11:07:41,629][cascade_classifier.fit_transform] [layer=2] look_indexs=[0], X_cur_train.shape=(774, 366), X_cur_test.shape=(87, 366)
[ 2019-12-15 11:07:41,963][kfold_wrapper.log_eval_metrics] Accuracy(layer_2 - estimator_0 - 5_folds.train_0.predict)=83.23%
[ 2019-12-15 11:07:42,412][kfold_wrapper.log_eval_metrics] Accuracy(layer_2 - estimator_0 - 5_folds.train_1.predict)=80.65%
[ 2019-12-15 11:07:42,849][kfold_wrapper.log_eval_metrics] Accuracy(layer_2 - estimator_0 - 5_folds.train_2.predict)=85.81%
[ 2019-12-15 11:07:43,292][kfold_wrapper.log_eval_metrics] Accuracy(layer_2 - estimator_0 - 5_folds.train_3.predict)=80.00%
[ 2019-12-15 11:07:43,724][kfold_wrapper.log_eval_metrics] Accuracy(layer_2 - estimator_0 - 5_folds.train_4.predict)=77.92%
[ 2019-12-15 11:07:43,830][kfold_wrapper.log_eval_metrics] Accuracy(layer_2 - estimator_0 - 5_folds.train_cv.predict)=81.52%
[ 2019-12-15 11:07:43,831][kfold_wrapper.log_eval_metrics] Accuracy(layer_2 - estimator_0 - 5_folds.test.predict)=79.31%
[ 2019-12-15 11:07:44,157][kfold_wrapper.log_eval_metrics] Accuracy(layer_2 - estimator_1 - 5_folds.train_0.predict)=80.65%
[ 2019-12-15 11:07:44,585][kfold_wrapper.log_eval_metrics] Accuracy(layer_2 - estimator_1 - 5_folds.train_1.predict)=87.10%
[ 2019-12-15 11:07:45,022][kfold_wrapper.log_eval_metrics] Accuracy(layer_2 - estimator_1 - 5_folds.train_2.predict)=79.35%
[ 2019-12-15 11:07:45,455][kfold_wrapper.log_eval_metrics] Accuracy(layer_2 - estimator_1 - 5_folds.train_3.predict)=79.35%
[ 2019-12-15 11:07:45,898][kfold_wrapper.log_eval_metrics] Accuracy(layer_2 - estimator_1 - 5_folds.train_4.predict)=83.12%
[ 2019-12-15 11:07:46,003][kfold_wrapper.log_eval_metrics] Accuracy(layer_2 - estimator_1 - 5_folds.train_cv.predict)=81.91%
[ 2019-12-15 11:07:46,004][kfold_wrapper.log_eval_metrics] Accuracy(layer_2 - estimator_1 - 5_folds.test.predict)=75.86%
[ 2019-12-15 11:07:46,260][kfold_wrapper.log_eval_metrics] Accuracy(layer_2 - estimator_2 - 5_folds.train_0.predict)=81.94%
[ 2019-12-15 11:07:46,514][kfold_wrapper.log_eval_metrics] Accuracy(layer_2 - estimator_2 - 5_folds.train_1.predict)=83.87%
[ 2019-12-15 11:07:46,764][kfold_wrapper.log_eval_metrics] Accuracy(layer_2 - estimator_2 - 5_folds.train_2.predict)=83.87%
[ 2019-12-15 11:07:47,018][kfold_wrapper.log_eval_metrics] Accuracy(layer_2 - estimator_2 - 5_folds.train_3.predict)=82.58%
[ 2019-12-15 11:07:47,271][kfold_wrapper.log_eval_metrics] Accuracy(layer_2 - estimator_2 - 5_folds.train_4.predict)=79.22%
[ 2019-12-15 11:07:47,272][kfold_wrapper.log_eval_metrics] Accuracy(layer_2 - estimator_2 - 5_folds.train_cv.predict)=82.30%
[ 2019-12-15 11:07:47,273][kfold_wrapper.log_eval_metrics] Accuracy(layer_2 - estimator_2 - 5_folds.test.predict)=75.86%
[ 2019-12-15 11:07:47,471][kfold_wrapper.log_eval_metrics] Accuracy(layer_2 - estimator_3 - 5_folds.train_0.predict)=83.87%
[ 2019-12-15 11:07:47,640][kfold_wrapper.log_eval_metrics] Accuracy(layer_2 - estimator_3 - 5_folds.train_1.predict)=84.52%
[ 2019-12-15 11:07:47,807][kfold_wrapper.log_eval_metrics] Accuracy(layer_2 - estimator_3 - 5_folds.train_2.predict)=84.52%
[ 2019-12-15 11:07:47,997][kfold_wrapper.log_eval_metrics] Accuracy(layer_2 - estimator_3 - 5_folds.train_3.predict)=81.29%
[ 2019-12-15 11:07:48,165][kfold_wrapper.log_eval_metrics] Accuracy(layer_2 - estimator_3 - 5_folds.train_4.predict)=75.97%
[ 2019-12-15 11:07:48,166][kfold_wrapper.log_eval_metrics] Accuracy(layer_2 - estimator_3 - 5_folds.train_cv.predict)=82.04%
[ 2019-12-15 11:07:48,166][kfold_wrapper.log_eval_metrics] Accuracy(layer_2 - estimator_3 - 5_folds.test.predict)=78.16%
[ 2019-12-15 11:07:48,167][cascade_classifier.calc_accuracy] Accuracy(layer_2 - train.classifier_average)=82.04%
[ 2019-12-15 11:07:48,167][cascade_classifier.calc_accuracy] Accuracy(layer_2 - test.classifier_average)=78.16%
[ 2019-12-15 11:07:48,169][cascade_classifier.fit_transform] [layer=3] look_indexs=[0], X_cur_train.shape=(774, 366), X_cur_test.shape=(87, 366)
[ 2019-12-15 11:07:48,504][kfold_wrapper.log_eval_metrics] Accuracy(layer_3 - estimator_0 - 5_folds.train_0.predict)=81.94%
[ 2019-12-15 11:07:48,943][kfold_wrapper.log_eval_metrics] Accuracy(layer_3 - estimator_0 - 5_folds.train_1.predict)=78.71%
[ 2019-12-15 11:07:49,379][kfold_wrapper.log_eval_metrics] Accuracy(layer_3 - estimator_0 - 5_folds.train_2.predict)=82.58%
[ 2019-12-15 11:07:49,816][kfold_wrapper.log_eval_metrics] Accuracy(layer_3 - estimator_0 - 5_folds.train_3.predict)=82.58%
[ 2019-12-15 11:07:50,266][kfold_wrapper.log_eval_metrics] Accuracy(layer_3 - estimator_0 - 5_folds.train_4.predict)=85.06%
[ 2019-12-15 11:07:50,372][kfold_wrapper.log_eval_metrics] Accuracy(layer_3 - estimator_0 - 5_folds.train_cv.predict)=82.17%
[ 2019-12-15 11:07:50,372][kfold_wrapper.log_eval_metrics] Accuracy(layer_3 - estimator_0 - 5_folds.test.predict)=79.31%
[ 2019-12-15 11:07:50,708][kfold_wrapper.log_eval_metrics] Accuracy(layer_3 - estimator_1 - 5_folds.train_0.predict)=76.13%
[ 2019-12-15 11:07:51,139][kfold_wrapper.log_eval_metrics] Accuracy(layer_3 - estimator_1 - 5_folds.train_1.predict)=76.13%
[ 2019-12-15 11:07:51,573][kfold_wrapper.log_eval_metrics] Accuracy(layer_3 - estimator_1 - 5_folds.train_2.predict)=85.81%
[ 2019-12-15 11:07:52,003][kfold_wrapper.log_eval_metrics] Accuracy(layer_3 - estimator_1 - 5_folds.train_3.predict)=81.29%
[ 2019-12-15 11:07:52,447][kfold_wrapper.log_eval_metrics] Accuracy(layer_3 - estimator_1 - 5_folds.train_4.predict)=83.77%
[ 2019-12-15 11:07:52,557][kfold_wrapper.log_eval_metrics] Accuracy(layer_3 - estimator_1 - 5_folds.train_cv.predict)=80.62%
[ 2019-12-15 11:07:52,558][kfold_wrapper.log_eval_metrics] Accuracy(layer_3 - estimator_1 - 5_folds.test.predict)=77.01%
[ 2019-12-15 11:07:52,817][kfold_wrapper.log_eval_metrics] Accuracy(layer_3 - estimator_2 - 5_folds.train_0.predict)=78.71%
[ 2019-12-15 11:07:53,073][kfold_wrapper.log_eval_metrics] Accuracy(layer_3 - estimator_2 - 5_folds.train_1.predict)=80.65%
[ 2019-12-15 11:07:53,322][kfold_wrapper.log_eval_metrics] Accuracy(layer_3 - estimator_2 - 5_folds.train_2.predict)=82.58%
[ 2019-12-15 11:07:53,576][kfold_wrapper.log_eval_metrics] Accuracy(layer_3 - estimator_2 - 5_folds.train_3.predict)=83.87%
[ 2019-12-15 11:07:53,829][kfold_wrapper.log_eval_metrics] Accuracy(layer_3 - estimator_2 - 5_folds.train_4.predict)=83.77%
[ 2019-12-15 11:07:53,831][kfold_wrapper.log_eval_metrics] Accuracy(layer_3 - estimator_2 - 5_folds.train_cv.predict)=81.91%
[ 2019-12-15 11:07:53,831][kfold_wrapper.log_eval_metrics] Accuracy(layer_3 - estimator_2 - 5_folds.test.predict)=74.71%
[ 2019-12-15 11:07:54,017][kfold_wrapper.log_eval_metrics] Accuracy(layer_3 - estimator_3 - 5_folds.train_0.predict)=83.87%
[ 2019-12-15 11:07:54,190][kfold_wrapper.log_eval_metrics] Accuracy(layer_3 - estimator_3 - 5_folds.train_1.predict)=81.29%
[ 2019-12-15 11:07:54,354][kfold_wrapper.log_eval_metrics] Accuracy(layer_3 - estimator_3 - 5_folds.train_2.predict)=76.13%
[ 2019-12-15 11:07:54,527][kfold_wrapper.log_eval_metrics] Accuracy(layer_3 - estimator_3 - 5_folds.train_3.predict)=83.23%
[ 2019-12-15 11:07:54,690][kfold_wrapper.log_eval_metrics] Accuracy(layer_3 - estimator_3 - 5_folds.train_4.predict)=83.12%
[ 2019-12-15 11:07:54,691][kfold_wrapper.log_eval_metrics] Accuracy(layer_3 - estimator_3 - 5_folds.train_cv.predict)=81.52%
[ 2019-12-15 11:07:54,691][kfold_wrapper.log_eval_metrics] Accuracy(layer_3 - estimator_3 - 5_folds.test.predict)=77.01%
[ 2019-12-15 11:07:54,691][cascade_classifier.calc_accuracy] Accuracy(layer_3 - train.classifier_average)=82.43%
[ 2019-12-15 11:07:54,692][cascade_classifier.calc_accuracy] Accuracy(layer_3 - test.classifier_average)=77.01%
[ 2019-12-15 11:07:54,693][cascade_classifier.fit_transform] [layer=4] look_indexs=[0], X_cur_train.shape=(774, 366), X_cur_test.shape=(87, 366)
[ 2019-12-15 11:07:55,029][kfold_wrapper.log_eval_metrics] Accuracy(layer_4 - estimator_0 - 5_folds.train_0.predict)=80.00%
[ 2019-12-15 11:07:55,469][kfold_wrapper.log_eval_metrics] Accuracy(layer_4 - estimator_0 - 5_folds.train_1.predict)=85.81%
[ 2019-12-15 11:07:55,905][kfold_wrapper.log_eval_metrics] Accuracy(layer_4 - estimator_0 - 5_folds.train_2.predict)=78.71%
[ 2019-12-15 11:07:56,350][kfold_wrapper.log_eval_metrics] Accuracy(layer_4 - estimator_0 - 5_folds.train_3.predict)=83.87%
[ 2019-12-15 11:07:56,786][kfold_wrapper.log_eval_metrics] Accuracy(layer_4 - estimator_0 - 5_folds.train_4.predict)=79.22%
