[ 2019-12-18 11:15:32,537][cascade_classifier.fit_transform] X_groups_train.shape=[(774, 358)],y_train.shape=(774,),X_groups_test.shape=[(87, 358)],y_test.shape=(87,)
[ 2019-12-18 11:15:32,538][cascade_classifier.fit_transform] group_dims=[358]
[ 2019-12-18 11:15:32,538][cascade_classifier.fit_transform] group_starts=[0]
[ 2019-12-18 11:15:32,540][cascade_classifier.fit_transform] group_ends=[358]
[ 2019-12-18 11:15:32,540][cascade_classifier.fit_transform] X_train.shape=(774, 358),X_test.shape=(87, 358)
[ 2019-12-18 11:15:32,543][cascade_classifier.fit_transform] [layer=0] look_indexs=[0], X_cur_train.shape=(774, 358), X_cur_test.shape=(87, 358)
[ 2019-12-18 11:15:34,838][kfold_wrapper.log_eval_metrics] Accuracy(layer_0 - estimator_0 - 3_folds.train_0.predict)=81.40%
[ 2019-12-18 11:15:37,517][kfold_wrapper.log_eval_metrics] Accuracy(layer_0 - estimator_0 - 3_folds.train_1.predict)=81.01%
[ 2019-12-18 11:15:40,197][kfold_wrapper.log_eval_metrics] Accuracy(layer_0 - estimator_0 - 3_folds.train_2.predict)=81.40%
[ 2019-12-18 11:15:40,610][kfold_wrapper.log_eval_metrics] Accuracy(layer_0 - estimator_0 - 3_folds.train_cv.predict)=81.27%
[ 2019-12-18 11:15:40,610][kfold_wrapper.log_eval_metrics] Accuracy(layer_0 - estimator_0 - 3_folds.test.predict)=83.91%
[ 2019-12-18 11:15:43,184][kfold_wrapper.log_eval_metrics] Accuracy(layer_0 - estimator_1 - 3_folds.train_0.predict)=83.72%
[ 2019-12-18 11:15:45,943][kfold_wrapper.log_eval_metrics] Accuracy(layer_0 - estimator_1 - 3_folds.train_1.predict)=78.29%
[ 2019-12-18 11:15:48,824][kfold_wrapper.log_eval_metrics] Accuracy(layer_0 - estimator_1 - 3_folds.train_2.predict)=81.40%
[ 2019-12-18 11:15:49,135][kfold_wrapper.log_eval_metrics] Accuracy(layer_0 - estimator_1 - 3_folds.train_cv.predict)=81.14%
[ 2019-12-18 11:15:49,135][kfold_wrapper.log_eval_metrics] Accuracy(layer_0 - estimator_1 - 3_folds.test.predict)=83.91%
[ 2019-12-18 11:15:56,613][kfold_wrapper.log_eval_metrics] Accuracy(layer_0 - estimator_2 - 3_folds.train_0.predict)=78.68%
[ 2019-12-18 11:16:04,382][kfold_wrapper.log_eval_metrics] Accuracy(layer_0 - estimator_2 - 3_folds.train_1.predict)=82.95%
[ 2019-12-18 11:16:12,171][kfold_wrapper.log_eval_metrics] Accuracy(layer_0 - estimator_2 - 3_folds.train_2.predict)=77.91%
[ 2019-12-18 11:16:12,300][kfold_wrapper.log_eval_metrics] Accuracy(layer_0 - estimator_2 - 3_folds.train_cv.predict)=79.84%
[ 2019-12-18 11:16:12,300][kfold_wrapper.log_eval_metrics] Accuracy(layer_0 - estimator_2 - 3_folds.test.predict)=80.46%
[ 2019-12-18 11:16:13,715][kfold_wrapper.log_eval_metrics] Accuracy(layer_0 - estimator_3 - 3_folds.train_0.predict)=80.23%
[ 2019-12-18 11:16:15,256][kfold_wrapper.log_eval_metrics] Accuracy(layer_0 - estimator_3 - 3_folds.train_1.predict)=82.56%
[ 2019-12-18 11:16:16,828][kfold_wrapper.log_eval_metrics] Accuracy(layer_0 - estimator_3 - 3_folds.train_2.predict)=84.11%
[ 2019-12-18 11:16:16,831][kfold_wrapper.log_eval_metrics] Accuracy(layer_0 - estimator_3 - 3_folds.train_cv.predict)=82.30%
[ 2019-12-18 11:16:16,832][kfold_wrapper.log_eval_metrics] Accuracy(layer_0 - estimator_3 - 3_folds.test.predict)=80.46%
[ 2019-12-18 11:16:16,832][cascade_classifier.calc_accuracy] Accuracy(layer_0 - train.classifier_average)=83.20%
[ 2019-12-18 11:16:16,833][cascade_classifier.calc_accuracy] Accuracy(layer_0 - test.classifier_average)=82.76%
[ 2019-12-18 11:16:16,834][cascade_classifier.fit_transform] [layer=1] look_indexs=[0], X_cur_train.shape=(774, 366), X_cur_test.shape=(87, 366)
[ 2019-12-18 11:16:19,240][kfold_wrapper.log_eval_metrics] Accuracy(layer_1 - estimator_0 - 3_folds.train_0.predict)=80.23%
[ 2019-12-18 11:16:21,931][kfold_wrapper.log_eval_metrics] Accuracy(layer_1 - estimator_0 - 3_folds.train_1.predict)=82.17%
[ 2019-12-18 11:16:24,533][kfold_wrapper.log_eval_metrics] Accuracy(layer_1 - estimator_0 - 3_folds.train_2.predict)=85.66%
[ 2019-12-18 11:16:24,842][kfold_wrapper.log_eval_metrics] Accuracy(layer_1 - estimator_0 - 3_folds.train_cv.predict)=82.69%
[ 2019-12-18 11:16:24,842][kfold_wrapper.log_eval_metrics] Accuracy(layer_1 - estimator_0 - 3_folds.test.predict)=83.91%
[ 2019-12-18 11:16:27,302][kfold_wrapper.log_eval_metrics] Accuracy(layer_1 - estimator_1 - 3_folds.train_0.predict)=84.11%
[ 2019-12-18 11:16:30,151][kfold_wrapper.log_eval_metrics] Accuracy(layer_1 - estimator_1 - 3_folds.train_1.predict)=81.01%
[ 2019-12-18 11:16:32,901][kfold_wrapper.log_eval_metrics] Accuracy(layer_1 - estimator_1 - 3_folds.train_2.predict)=81.78%
[ 2019-12-18 11:16:33,210][kfold_wrapper.log_eval_metrics] Accuracy(layer_1 - estimator_1 - 3_folds.train_cv.predict)=82.30%
[ 2019-12-18 11:16:33,211][kfold_wrapper.log_eval_metrics] Accuracy(layer_1 - estimator_1 - 3_folds.test.predict)=83.91%
[ 2019-12-18 11:16:40,937][kfold_wrapper.log_eval_metrics] Accuracy(layer_1 - estimator_2 - 3_folds.train_0.predict)=81.40%
[ 2019-12-18 11:16:48,792][kfold_wrapper.log_eval_metrics] Accuracy(layer_1 - estimator_2 - 3_folds.train_1.predict)=81.78%
[ 2019-12-18 11:16:56,699][kfold_wrapper.log_eval_metrics] Accuracy(layer_1 - estimator_2 - 3_folds.train_2.predict)=79.07%
[ 2019-12-18 11:16:56,843][kfold_wrapper.log_eval_metrics] Accuracy(layer_1 - estimator_2 - 3_folds.train_cv.predict)=80.75%
[ 2019-12-18 11:16:56,843][kfold_wrapper.log_eval_metrics] Accuracy(layer_1 - estimator_2 - 3_folds.test.predict)=81.61%
[ 2019-12-18 11:16:58,389][kfold_wrapper.log_eval_metrics] Accuracy(layer_1 - estimator_3 - 3_folds.train_0.predict)=81.01%
[ 2019-12-18 11:16:59,921][kfold_wrapper.log_eval_metrics] Accuracy(layer_1 - estimator_3 - 3_folds.train_1.predict)=80.23%
[ 2019-12-18 11:17:01,446][kfold_wrapper.log_eval_metrics] Accuracy(layer_1 - estimator_3 - 3_folds.train_2.predict)=79.84%
[ 2019-12-18 11:17:01,448][kfold_wrapper.log_eval_metrics] Accuracy(layer_1 - estimator_3 - 3_folds.train_cv.predict)=80.36%
[ 2019-12-18 11:17:01,449][kfold_wrapper.log_eval_metrics] Accuracy(layer_1 - estimator_3 - 3_folds.test.predict)=81.61%
[ 2019-12-18 11:17:01,449][cascade_classifier.calc_accuracy] Accuracy(layer_1 - train.classifier_average)=80.75%
[ 2019-12-18 11:17:01,449][cascade_classifier.calc_accuracy] Accuracy(layer_1 - test.classifier_average)=82.76%
[ 2019-12-18 11:17:01,452][cascade_classifier.fit_transform] [layer=2] look_indexs=[0], X_cur_train.shape=(774, 366), X_cur_test.shape=(87, 366)
[ 2019-12-18 11:17:03,735][kfold_wrapper.log_eval_metrics] Accuracy(layer_2 - estimator_0 - 3_folds.train_0.predict)=84.50%
[ 2019-12-18 11:17:06,309][kfold_wrapper.log_eval_metrics] Accuracy(layer_2 - estimator_0 - 3_folds.train_1.predict)=79.84%
[ 2019-12-18 11:17:08,910][kfold_wrapper.log_eval_metrics] Accuracy(layer_2 - estimator_0 - 3_folds.train_2.predict)=82.17%
[ 2019-12-18 11:17:09,219][kfold_wrapper.log_eval_metrics] Accuracy(layer_2 - estimator_0 - 3_folds.train_cv.predict)=82.17%
[ 2019-12-18 11:17:09,220][kfold_wrapper.log_eval_metrics] Accuracy(layer_2 - estimator_0 - 3_folds.test.predict)=81.61%
[ 2019-12-18 11:17:11,689][kfold_wrapper.log_eval_metrics] Accuracy(layer_2 - estimator_1 - 3_folds.train_0.predict)=81.40%
[ 2019-12-18 11:17:14,557][kfold_wrapper.log_eval_metrics] Accuracy(layer_2 - estimator_1 - 3_folds.train_1.predict)=79.84%
[ 2019-12-18 11:17:17,325][kfold_wrapper.log_eval_metrics] Accuracy(layer_2 - estimator_1 - 3_folds.train_2.predict)=83.33%
[ 2019-12-18 11:17:17,637][kfold_wrapper.log_eval_metrics] Accuracy(layer_2 - estimator_1 - 3_folds.train_cv.predict)=81.52%
[ 2019-12-18 11:17:17,637][kfold_wrapper.log_eval_metrics] Accuracy(layer_2 - estimator_1 - 3_folds.test.predict)=83.91%
[ 2019-12-18 11:17:25,369][kfold_wrapper.log_eval_metrics] Accuracy(layer_2 - estimator_2 - 3_folds.train_0.predict)=79.46%
[ 2019-12-18 11:17:33,320][kfold_wrapper.log_eval_metrics] Accuracy(layer_2 - estimator_2 - 3_folds.train_1.predict)=77.91%
[ 2019-12-18 11:17:41,144][kfold_wrapper.log_eval_metrics] Accuracy(layer_2 - estimator_2 - 3_folds.train_2.predict)=75.58%
[ 2019-12-18 11:17:41,269][kfold_wrapper.log_eval_metrics] Accuracy(layer_2 - estimator_2 - 3_folds.train_cv.predict)=77.65%
[ 2019-12-18 11:17:41,269][kfold_wrapper.log_eval_metrics] Accuracy(layer_2 - estimator_2 - 3_folds.test.predict)=80.46%
[ 2019-12-18 11:17:42,851][kfold_wrapper.log_eval_metrics] Accuracy(layer_2 - estimator_3 - 3_folds.train_0.predict)=83.33%
[ 2019-12-18 11:17:44,384][kfold_wrapper.log_eval_metrics] Accuracy(layer_2 - estimator_3 - 3_folds.train_1.predict)=83.72%
[ 2019-12-18 11:17:45,940][kfold_wrapper.log_eval_metrics] Accuracy(layer_2 - estimator_3 - 3_folds.train_2.predict)=80.23%
[ 2019-12-18 11:17:45,949][kfold_wrapper.log_eval_metrics] Accuracy(layer_2 - estimator_3 - 3_folds.train_cv.predict)=82.43%
[ 2019-12-18 11:17:45,949][kfold_wrapper.log_eval_metrics] Accuracy(layer_2 - estimator_3 - 3_folds.test.predict)=83.91%
[ 2019-12-18 11:17:45,949][cascade_classifier.calc_accuracy] Accuracy(layer_2 - train.classifier_average)=82.30%
[ 2019-12-18 11:17:45,950][cascade_classifier.calc_accuracy] Accuracy(layer_2 - test.classifier_average)=85.06%
[ 2019-12-18 11:17:45,952][cascade_classifier.fit_transform] [layer=3] look_indexs=[0], X_cur_train.shape=(774, 366), X_cur_test.shape=(87, 366)
[ 2019-12-18 11:17:48,250][kfold_wrapper.log_eval_metrics] Accuracy(layer_3 - estimator_0 - 3_folds.train_0.predict)=81.78%
[ 2019-12-18 11:17:50,941][kfold_wrapper.log_eval_metrics] Accuracy(layer_3 - estimator_0 - 3_folds.train_1.predict)=82.95%
[ 2019-12-18 11:17:53,521][kfold_wrapper.log_eval_metrics] Accuracy(layer_3 - estimator_0 - 3_folds.train_2.predict)=78.68%
[ 2019-12-18 11:17:53,936][kfold_wrapper.log_eval_metrics] Accuracy(layer_3 - estimator_0 - 3_folds.train_cv.predict)=81.14%
[ 2019-12-18 11:17:53,936][kfold_wrapper.log_eval_metrics] Accuracy(layer_3 - estimator_0 - 3_folds.test.predict)=83.91%
[ 2019-12-18 11:17:56,502][kfold_wrapper.log_eval_metrics] Accuracy(layer_3 - estimator_1 - 3_folds.train_0.predict)=84.88%
[ 2019-12-18 11:17:59,276][kfold_wrapper.log_eval_metrics] Accuracy(layer_3 - estimator_1 - 3_folds.train_1.predict)=80.23%
[ 2019-12-18 11:18:02,050][kfold_wrapper.log_eval_metrics] Accuracy(layer_3 - estimator_1 - 3_folds.train_2.predict)=80.62%
[ 2019-12-18 11:18:02,368][kfold_wrapper.log_eval_metrics] Accuracy(layer_3 - estimator_1 - 3_folds.train_cv.predict)=81.91%
[ 2019-12-18 11:18:02,368][kfold_wrapper.log_eval_metrics] Accuracy(layer_3 - estimator_1 - 3_folds.test.predict)=83.91%
[ 2019-12-18 11:18:10,081][kfold_wrapper.log_eval_metrics] Accuracy(layer_3 - estimator_2 - 3_folds.train_0.predict)=83.33%
[ 2019-12-18 11:18:17,983][kfold_wrapper.log_eval_metrics] Accuracy(layer_3 - estimator_2 - 3_folds.train_1.predict)=73.26%
[ 2019-12-18 11:18:25,993][kfold_wrapper.log_eval_metrics] Accuracy(layer_3 - estimator_2 - 3_folds.train_2.predict)=80.23%
[ 2019-12-18 11:18:26,131][kfold_wrapper.log_eval_metrics] Accuracy(layer_3 - estimator_2 - 3_folds.train_cv.predict)=78.94%
[ 2019-12-18 11:18:26,131][kfold_wrapper.log_eval_metrics] Accuracy(layer_3 - estimator_2 - 3_folds.test.predict)=86.21%
[ 2019-12-18 11:18:27,657][kfold_wrapper.log_eval_metrics] Accuracy(layer_3 - estimator_3 - 3_folds.train_0.predict)=82.95%
[ 2019-12-18 11:18:29,190][kfold_wrapper.log_eval_metrics] Accuracy(layer_3 - estimator_3 - 3_folds.train_1.predict)=77.13%
[ 2019-12-18 11:18:30,785][kfold_wrapper.log_eval_metrics] Accuracy(layer_3 - estimator_3 - 3_folds.train_2.predict)=84.88%
[ 2019-12-18 11:18:30,795][kfold_wrapper.log_eval_metrics] Accuracy(layer_3 - estimator_3 - 3_folds.train_cv.predict)=81.65%
[ 2019-12-18 11:18:30,795][kfold_wrapper.log_eval_metrics] Accuracy(layer_3 - estimator_3 - 3_folds.test.predict)=81.61%
[ 2019-12-18 11:18:30,795][cascade_classifier.calc_accuracy] Accuracy(layer_3 - train.classifier_average)=81.65%
[ 2019-12-18 11:18:30,795][cascade_classifier.calc_accuracy] Accuracy(layer_3 - test.classifier_average)=82.76%
[ 2019-12-18 11:18:30,796][cascade_classifier.fit_transform] [Result][Optimal Level Detected] opt_layer_num=1, accuracy_train=83.20%, accuracy_test=82.76%
[ 2019-12-18 11:18:30,842][cascade_classifier.transform] X_groups_test.shape=[(87, 358)]
[ 2019-12-18 11:18:30,843][cascade_classifier.transform] group_dims=[358]
[ 2019-12-18 11:18:30,843][cascade_classifier.transform] X_test.shape=(87, 358)
[ 2019-12-18 11:18:30,844][cascade_classifier.transform] [layer=0] look_indexs=[0], X_cur_test.shape=(87, 358)
[ 2019-12-18 11:18:33,058][cascade_classifier.transform] X_groups_test.shape=[(87, 358)]
[ 2019-12-18 11:18:33,059][cascade_classifier.transform] group_dims=[358]
[ 2019-12-18 11:18:33,059][cascade_classifier.transform] X_test.shape=(87, 358)
[ 2019-12-18 11:18:33,060][cascade_classifier.transform] [layer=0] look_indexs=[0], X_cur_test.shape=(87, 358)
[ 2019-12-18 11:18:35,282][cascade_classifier.fit_transform] X_groups_train.shape=[(774, 358)],y_train.shape=(774,),X_groups_test.shape=[(87, 358)],y_test.shape=(87,)
[ 2019-12-18 11:18:35,284][cascade_classifier.fit_transform] group_dims=[358]
[ 2019-12-18 11:18:35,284][cascade_classifier.fit_transform] group_starts=[0]
[ 2019-12-18 11:18:35,284][cascade_classifier.fit_transform] group_ends=[358]
[ 2019-12-18 11:18:35,284][cascade_classifier.fit_transform] X_train.shape=(774, 358),X_test.shape=(87, 358)
[ 2019-12-18 11:18:35,294][cascade_classifier.fit_transform] [layer=0] look_indexs=[0], X_cur_train.shape=(774, 358), X_cur_test.shape=(87, 358)
[ 2019-12-18 11:18:37,575][kfold_wrapper.log_eval_metrics] Accuracy(layer_0 - estimator_0 - 3_folds.train_0.predict)=81.40%
[ 2019-12-18 11:18:40,161][kfold_wrapper.log_eval_metrics] Accuracy(layer_0 - estimator_0 - 3_folds.train_1.predict)=81.01%
[ 2019-12-18 11:18:42,846][kfold_wrapper.log_eval_metrics] Accuracy(layer_0 - estimator_0 - 3_folds.train_2.predict)=81.40%
[ 2019-12-18 11:18:43,156][kfold_wrapper.log_eval_metrics] Accuracy(layer_0 - estimator_0 - 3_folds.train_cv.predict)=81.27%
[ 2019-12-18 11:18:43,157][kfold_wrapper.log_eval_metrics] Accuracy(layer_0 - estimator_0 - 3_folds.test.predict)=83.91%
[ 2019-12-18 11:18:45,713][kfold_wrapper.log_eval_metrics] Accuracy(layer_0 - estimator_1 - 3_folds.train_0.predict)=83.72%
[ 2019-12-18 11:18:48,579][kfold_wrapper.log_eval_metrics] Accuracy(layer_0 - estimator_1 - 3_folds.train_1.predict)=78.29%
[ 2019-12-18 11:18:51,342][kfold_wrapper.log_eval_metrics] Accuracy(layer_0 - estimator_1 - 3_folds.train_2.predict)=81.40%
[ 2019-12-18 11:18:51,648][kfold_wrapper.log_eval_metrics] Accuracy(layer_0 - estimator_1 - 3_folds.train_cv.predict)=81.14%
[ 2019-12-18 11:18:51,648][kfold_wrapper.log_eval_metrics] Accuracy(layer_0 - estimator_1 - 3_folds.test.predict)=83.91%
[ 2019-12-18 11:18:59,116][kfold_wrapper.log_eval_metrics] Accuracy(layer_0 - estimator_2 - 3_folds.train_0.predict)=78.68%
[ 2019-12-18 11:19:06,841][kfold_wrapper.log_eval_metrics] Accuracy(layer_0 - estimator_2 - 3_folds.train_1.predict)=82.95%
[ 2019-12-18 11:19:14,609][kfold_wrapper.log_eval_metrics] Accuracy(layer_0 - estimator_2 - 3_folds.train_2.predict)=77.91%
[ 2019-12-18 11:19:14,735][kfold_wrapper.log_eval_metrics] Accuracy(layer_0 - estimator_2 - 3_folds.train_cv.predict)=79.84%
[ 2019-12-18 11:19:14,735][kfold_wrapper.log_eval_metrics] Accuracy(layer_0 - estimator_2 - 3_folds.test.predict)=80.46%
[ 2019-12-18 11:19:16,146][kfold_wrapper.log_eval_metrics] Accuracy(layer_0 - estimator_3 - 3_folds.train_0.predict)=80.23%
[ 2019-12-18 11:19:17,686][kfold_wrapper.log_eval_metrics] Accuracy(layer_0 - estimator_3 - 3_folds.train_1.predict)=82.56%
[ 2019-12-18 11:19:19,264][kfold_wrapper.log_eval_metrics] Accuracy(layer_0 - estimator_3 - 3_folds.train_2.predict)=84.11%
[ 2019-12-18 11:19:19,266][kfold_wrapper.log_eval_metrics] Accuracy(layer_0 - estimator_3 - 3_folds.train_cv.predict)=82.30%
[ 2019-12-18 11:19:19,272][kfold_wrapper.log_eval_metrics] Accuracy(layer_0 - estimator_3 - 3_folds.test.predict)=80.46%
[ 2019-12-18 11:19:19,272][cascade_classifier.calc_accuracy] Accuracy(layer_0 - train.classifier_average)=83.20%
[ 2019-12-18 11:19:19,273][cascade_classifier.calc_accuracy] Accuracy(layer_0 - test.classifier_average)=82.76%
[ 2019-12-18 11:19:19,274][cascade_classifier.fit_transform] [layer=1] look_indexs=[0], X_cur_train.shape=(774, 366), X_cur_test.shape=(87, 366)
[ 2019-12-18 11:19:21,550][kfold_wrapper.log_eval_metrics] Accuracy(layer_1 - estimator_0 - 3_folds.train_0.predict)=80.23%
[ 2019-12-18 11:19:24,333][kfold_wrapper.log_eval_metrics] Accuracy(layer_1 - estimator_0 - 3_folds.train_1.predict)=82.17%
[ 2019-12-18 11:19:27,015][kfold_wrapper.log_eval_metrics] Accuracy(layer_1 - estimator_0 - 3_folds.train_2.predict)=85.66%
[ 2019-12-18 11:19:27,337][kfold_wrapper.log_eval_metrics] Accuracy(layer_1 - estimator_0 - 3_folds.train_cv.predict)=82.69%
[ 2019-12-18 11:19:27,338][kfold_wrapper.log_eval_metrics] Accuracy(layer_1 - estimator_0 - 3_folds.test.predict)=83.91%
[ 2019-12-18 11:19:29,778][kfold_wrapper.log_eval_metrics] Accuracy(layer_1 - estimator_1 - 3_folds.train_0.predict)=84.11%
[ 2019-12-18 11:19:32,541][kfold_wrapper.log_eval_metrics] Accuracy(layer_1 - estimator_1 - 3_folds.train_1.predict)=81.01%
[ 2019-12-18 11:19:35,365][kfold_wrapper.log_eval_metrics] Accuracy(layer_1 - estimator_1 - 3_folds.train_2.predict)=81.78%
[ 2019-12-18 11:19:35,778][kfold_wrapper.log_eval_metrics] Accuracy(layer_1 - estimator_1 - 3_folds.train_cv.predict)=82.30%
[ 2019-12-18 11:19:35,778][kfold_wrapper.log_eval_metrics] Accuracy(layer_1 - estimator_1 - 3_folds.test.predict)=83.91%
[ 2019-12-18 11:19:43,514][kfold_wrapper.log_eval_metrics] Accuracy(layer_1 - estimator_2 - 3_folds.train_0.predict)=81.40%
[ 2019-12-18 11:19:51,431][kfold_wrapper.log_eval_metrics] Accuracy(layer_1 - estimator_2 - 3_folds.train_1.predict)=81.78%
[ 2019-12-18 11:19:59,341][kfold_wrapper.log_eval_metrics] Accuracy(layer_1 - estimator_2 - 3_folds.train_2.predict)=79.07%
[ 2019-12-18 11:19:59,472][kfold_wrapper.log_eval_metrics] Accuracy(layer_1 - estimator_2 - 3_folds.train_cv.predict)=80.75%
[ 2019-12-18 11:19:59,473][kfold_wrapper.log_eval_metrics] Accuracy(layer_1 - estimator_2 - 3_folds.test.predict)=81.61%
[ 2019-12-18 11:20:01,044][kfold_wrapper.log_eval_metrics] Accuracy(layer_1 - estimator_3 - 3_folds.train_0.predict)=81.01%
[ 2019-12-18 11:20:02,566][kfold_wrapper.log_eval_metrics] Accuracy(layer_1 - estimator_3 - 3_folds.train_1.predict)=80.23%
[ 2019-12-18 11:20:04,082][kfold_wrapper.log_eval_metrics] Accuracy(layer_1 - estimator_3 - 3_folds.train_2.predict)=79.84%
[ 2019-12-18 11:20:04,084][kfold_wrapper.log_eval_metrics] Accuracy(layer_1 - estimator_3 - 3_folds.train_cv.predict)=80.36%
[ 2019-12-18 11:20:04,084][kfold_wrapper.log_eval_metrics] Accuracy(layer_1 - estimator_3 - 3_folds.test.predict)=81.61%
[ 2019-12-18 11:20:04,085][cascade_classifier.calc_accuracy] Accuracy(layer_1 - train.classifier_average)=80.75%
[ 2019-12-18 11:20:04,085][cascade_classifier.calc_accuracy] Accuracy(layer_1 - test.classifier_average)=82.76%
[ 2019-12-18 11:20:04,088][cascade_classifier.fit_transform] [layer=2] look_indexs=[0], X_cur_train.shape=(774, 366), X_cur_test.shape=(87, 366)
[ 2019-12-18 11:20:06,376][kfold_wrapper.log_eval_metrics] Accuracy(layer_2 - estimator_0 - 3_folds.train_0.predict)=84.50%
[ 2019-12-18 11:20:09,075][kfold_wrapper.log_eval_metrics] Accuracy(layer_2 - estimator_0 - 3_folds.train_1.predict)=79.84%
[ 2019-12-18 11:20:11,773][kfold_wrapper.log_eval_metrics] Accuracy(layer_2 - estimator_0 - 3_folds.train_2.predict)=82.17%
[ 2019-12-18 11:20:12,096][kfold_wrapper.log_eval_metrics] Accuracy(layer_2 - estimator_0 - 3_folds.train_cv.predict)=82.17%
[ 2019-12-18 11:20:12,096][kfold_wrapper.log_eval_metrics] Accuracy(layer_2 - estimator_0 - 3_folds.test.predict)=81.61%
[ 2019-12-18 11:20:14,565][kfold_wrapper.log_eval_metrics] Accuracy(layer_2 - estimator_1 - 3_folds.train_0.predict)=81.40%
[ 2019-12-18 11:20:17,339][kfold_wrapper.log_eval_metrics] Accuracy(layer_2 - estimator_1 - 3_folds.train_1.predict)=79.84%
[ 2019-12-18 11:20:20,208][kfold_wrapper.log_eval_metrics] Accuracy(layer_2 - estimator_1 - 3_folds.train_2.predict)=83.33%
[ 2019-12-18 11:20:20,521][kfold_wrapper.log_eval_metrics] Accuracy(layer_2 - estimator_1 - 3_folds.train_cv.predict)=81.52%
[ 2019-12-18 11:20:20,522][kfold_wrapper.log_eval_metrics] Accuracy(layer_2 - estimator_1 - 3_folds.test.predict)=83.91%
[ 2019-12-18 11:20:28,283][kfold_wrapper.log_eval_metrics] Accuracy(layer_2 - estimator_2 - 3_folds.train_0.predict)=79.46%
[ 2019-12-18 11:20:36,265][kfold_wrapper.log_eval_metrics] Accuracy(layer_2 - estimator_2 - 3_folds.train_1.predict)=77.91%
[ 2019-12-18 11:20:44,126][kfold_wrapper.log_eval_metrics] Accuracy(layer_2 - estimator_2 - 3_folds.train_2.predict)=75.58%
[ 2019-12-18 11:20:44,265][kfold_wrapper.log_eval_metrics] Accuracy(layer_2 - estimator_2 - 3_folds.train_cv.predict)=77.65%
[ 2019-12-18 11:20:44,265][kfold_wrapper.log_eval_metrics] Accuracy(layer_2 - estimator_2 - 3_folds.test.predict)=80.46%
[ 2019-12-18 11:20:45,835][kfold_wrapper.log_eval_metrics] Accuracy(layer_2 - estimator_3 - 3_folds.train_0.predict)=83.33%
[ 2019-12-18 11:20:47,363][kfold_wrapper.log_eval_metrics] Accuracy(layer_2 - estimator_3 - 3_folds.train_1.predict)=83.72%
[ 2019-12-18 11:20:48,910][kfold_wrapper.log_eval_metrics] Accuracy(layer_2 - estimator_3 - 3_folds.train_2.predict)=80.23%
[ 2019-12-18 11:20:48,912][kfold_wrapper.log_eval_metrics] Accuracy(layer_2 - estimator_3 - 3_folds.train_cv.predict)=82.43%
[ 2019-12-18 11:20:48,912][kfold_wrapper.log_eval_metrics] Accuracy(layer_2 - estimator_3 - 3_folds.test.predict)=83.91%
[ 2019-12-18 11:20:48,913][cascade_classifier.calc_accuracy] Accuracy(layer_2 - train.classifier_average)=82.30%
[ 2019-12-18 11:20:48,914][cascade_classifier.calc_accuracy] Accuracy(layer_2 - test.classifier_average)=85.06%
[ 2019-12-18 11:20:48,916][cascade_classifier.fit_transform] [layer=3] look_indexs=[0], X_cur_train.shape=(774, 366), X_cur_test.shape=(87, 366)
[ 2019-12-18 11:20:51,307][kfold_wrapper.log_eval_metrics] Accuracy(layer_3 - estimator_0 - 3_folds.train_0.predict)=81.78%
[ 2019-12-18 11:20:54,006][kfold_wrapper.log_eval_metrics] Accuracy(layer_3 - estimator_0 - 3_folds.train_1.predict)=82.95%
[ 2019-12-18 11:20:56,681][kfold_wrapper.log_eval_metrics] Accuracy(layer_3 - estimator_0 - 3_folds.train_2.predict)=78.68%
[ 2019-12-18 11:20:56,995][kfold_wrapper.log_eval_metrics] Accuracy(layer_3 - estimator_0 - 3_folds.train_cv.predict)=81.14%
[ 2019-12-18 11:20:56,995][kfold_wrapper.log_eval_metrics] Accuracy(layer_3 - estimator_0 - 3_folds.test.predict)=83.91%
[ 2019-12-18 11:20:59,454][kfold_wrapper.log_eval_metrics] Accuracy(layer_3 - estimator_1 - 3_folds.train_0.predict)=84.88%
[ 2019-12-18 11:21:02,316][kfold_wrapper.log_eval_metrics] Accuracy(layer_3 - estimator_1 - 3_folds.train_1.predict)=80.23%
[ 2019-12-18 11:21:05,066][kfold_wrapper.log_eval_metrics] Accuracy(layer_3 - estimator_1 - 3_folds.train_2.predict)=80.62%
[ 2019-12-18 11:21:05,382][kfold_wrapper.log_eval_metrics] Accuracy(layer_3 - estimator_1 - 3_folds.train_cv.predict)=81.91%
[ 2019-12-18 11:21:05,383][kfold_wrapper.log_eval_metrics] Accuracy(layer_3 - estimator_1 - 3_folds.test.predict)=83.91%
[ 2019-12-18 11:21:13,082][kfold_wrapper.log_eval_metrics] Accuracy(layer_3 - estimator_2 - 3_folds.train_0.predict)=83.33%
[ 2019-12-18 11:21:20,975][kfold_wrapper.log_eval_metrics] Accuracy(layer_3 - estimator_2 - 3_folds.train_1.predict)=73.26%
[ 2019-12-18 11:21:28,913][kfold_wrapper.log_eval_metrics] Accuracy(layer_3 - estimator_2 - 3_folds.train_2.predict)=80.23%
[ 2019-12-18 11:21:29,043][kfold_wrapper.log_eval_metrics] Accuracy(layer_3 - estimator_2 - 3_folds.train_cv.predict)=78.94%
[ 2019-12-18 11:21:29,043][kfold_wrapper.log_eval_metrics] Accuracy(layer_3 - estimator_2 - 3_folds.test.predict)=86.21%
[ 2019-12-18 11:21:30,592][kfold_wrapper.log_eval_metrics] Accuracy(layer_3 - estimator_3 - 3_folds.train_0.predict)=82.95%
[ 2019-12-18 11:21:32,128][kfold_wrapper.log_eval_metrics] Accuracy(layer_3 - estimator_3 - 3_folds.train_1.predict)=77.13%
[ 2019-12-18 11:21:33,707][kfold_wrapper.log_eval_metrics] Accuracy(layer_3 - estimator_3 - 3_folds.train_2.predict)=84.88%
[ 2019-12-18 11:21:33,709][kfold_wrapper.log_eval_metrics] Accuracy(layer_3 - estimator_3 - 3_folds.train_cv.predict)=81.65%
[ 2019-12-18 11:21:33,709][kfold_wrapper.log_eval_metrics] Accuracy(layer_3 - estimator_3 - 3_folds.test.predict)=81.61%
[ 2019-12-18 11:21:33,710][cascade_classifier.calc_accuracy] Accuracy(layer_3 - train.classifier_average)=81.65%
[ 2019-12-18 11:21:33,710][cascade_classifier.calc_accuracy] Accuracy(layer_3 - test.classifier_average)=82.76%
[ 2019-12-18 11:21:33,717][cascade_classifier.fit_transform] [Result][Optimal Level Detected] opt_layer_num=1, accuracy_train=83.20%, accuracy_test=82.76%
[ 2019-12-18 11:21:33,751][cascade_classifier.transform] X_groups_test.shape=[(87, 358)]
[ 2019-12-18 11:21:33,751][cascade_classifier.transform] group_dims=[358]
[ 2019-12-18 11:21:33,752][cascade_classifier.transform] X_test.shape=(87, 358)
[ 2019-12-18 11:21:33,752][cascade_classifier.transform] [layer=0] look_indexs=[0], X_cur_test.shape=(87, 358)
[ 2019-12-18 11:21:36,183][cascade_classifier.transform] X_groups_test.shape=[(87, 358)]
[ 2019-12-18 11:21:36,183][cascade_classifier.transform] group_dims=[358]
[ 2019-12-18 11:21:36,183][cascade_classifier.transform] X_test.shape=(87, 358)
[ 2019-12-18 11:21:36,183][cascade_classifier.transform] [layer=0] look_indexs=[0], X_cur_test.shape=(87, 358)
[ 2019-12-18 11:21:38,419][cascade_classifier.fit_transform] X_groups_train.shape=[(774, 358)],y_train.shape=(774,),X_groups_test.shape=[(87, 358)],y_test.shape=(87,)
[ 2019-12-18 11:21:38,422][cascade_classifier.fit_transform] group_dims=[358]
[ 2019-12-18 11:21:38,422][cascade_classifier.fit_transform] group_starts=[0]
[ 2019-12-18 11:21:38,423][cascade_classifier.fit_transform] group_ends=[358]
[ 2019-12-18 11:21:38,423][cascade_classifier.fit_transform] X_train.shape=(774, 358),X_test.shape=(87, 358)
[ 2019-12-18 11:21:38,424][cascade_classifier.fit_transform] [layer=0] look_indexs=[0], X_cur_train.shape=(774, 358), X_cur_test.shape=(87, 358)
[ 2019-12-18 11:21:40,815][kfold_wrapper.log_eval_metrics] Accuracy(layer_0 - estimator_0 - 3_folds.train_0.predict)=81.40%
[ 2019-12-18 11:21:43,431][kfold_wrapper.log_eval_metrics] Accuracy(layer_0 - estimator_0 - 3_folds.train_1.predict)=81.01%
[ 2019-12-18 11:21:46,050][kfold_wrapper.log_eval_metrics] Accuracy(layer_0 - estimator_0 - 3_folds.train_2.predict)=81.40%
[ 2019-12-18 11:21:46,362][kfold_wrapper.log_eval_metrics] Accuracy(layer_0 - estimator_0 - 3_folds.train_cv.predict)=81.27%
[ 2019-12-18 11:21:46,362][kfold_wrapper.log_eval_metrics] Accuracy(layer_0 - estimator_0 - 3_folds.test.predict)=83.91%
[ 2019-12-18 11:21:48,923][kfold_wrapper.log_eval_metrics] Accuracy(layer_0 - estimator_1 - 3_folds.train_0.predict)=83.72%
[ 2019-12-18 11:21:51,693][kfold_wrapper.log_eval_metrics] Accuracy(layer_0 - estimator_1 - 3_folds.train_1.predict)=78.29%
[ 2019-12-18 11:21:54,556][kfold_wrapper.log_eval_metrics] Accuracy(layer_0 - estimator_1 - 3_folds.train_2.predict)=81.40%
[ 2019-12-18 11:21:54,872][kfold_wrapper.log_eval_metrics] Accuracy(layer_0 - estimator_1 - 3_folds.train_cv.predict)=81.14%
[ 2019-12-18 11:21:54,873][kfold_wrapper.log_eval_metrics] Accuracy(layer_0 - estimator_1 - 3_folds.test.predict)=83.91%
[ 2019-12-18 11:22:02,394][kfold_wrapper.log_eval_metrics] Accuracy(layer_0 - estimator_2 - 3_folds.train_0.predict)=78.68%
[ 2019-12-18 11:22:10,125][kfold_wrapper.log_eval_metrics] Accuracy(layer_0 - estimator_2 - 3_folds.train_1.predict)=82.95%
[ 2019-12-18 11:22:17,920][kfold_wrapper.log_eval_metrics] Accuracy(layer_0 - estimator_2 - 3_folds.train_2.predict)=77.91%
[ 2019-12-18 11:22:18,046][kfold_wrapper.log_eval_metrics] Accuracy(layer_0 - estimator_2 - 3_folds.train_cv.predict)=79.84%
[ 2019-12-18 11:22:18,046][kfold_wrapper.log_eval_metrics] Accuracy(layer_0 - estimator_2 - 3_folds.test.predict)=80.46%
[ 2019-12-18 11:22:19,455][kfold_wrapper.log_eval_metrics] Accuracy(layer_0 - estimator_3 - 3_folds.train_0.predict)=80.23%
[ 2019-12-18 11:22:21,004][kfold_wrapper.log_eval_metrics] Accuracy(layer_0 - estimator_3 - 3_folds.train_1.predict)=82.56%
[ 2019-12-18 11:22:22,584][kfold_wrapper.log_eval_metrics] Accuracy(layer_0 - estimator_3 - 3_folds.train_2.predict)=84.11%
[ 2019-12-18 11:22:22,586][kfold_wrapper.log_eval_metrics] Accuracy(layer_0 - estimator_3 - 3_folds.train_cv.predict)=82.30%
[ 2019-12-18 11:22:22,588][kfold_wrapper.log_eval_metrics] Accuracy(layer_0 - estimator_3 - 3_folds.test.predict)=80.46%
[ 2019-12-18 11:22:22,589][cascade_classifier.calc_accuracy] Accuracy(layer_0 - train.classifier_average)=83.20%
[ 2019-12-18 11:22:22,589][cascade_classifier.calc_accuracy] Accuracy(layer_0 - test.classifier_average)=82.76%
[ 2019-12-18 11:22:22,591][cascade_classifier.fit_transform] [layer=1] look_indexs=[0], X_cur_train.shape=(774, 366), X_cur_test.shape=(87, 366)
[ 2019-12-18 11:22:24,873][kfold_wrapper.log_eval_metrics] Accuracy(layer_1 - estimator_0 - 3_folds.train_0.predict)=80.23%
[ 2019-12-18 11:22:27,574][kfold_wrapper.log_eval_metrics] Accuracy(layer_1 - estimator_0 - 3_folds.train_1.predict)=82.17%
[ 2019-12-18 11:22:30,253][kfold_wrapper.log_eval_metrics] Accuracy(layer_1 - estimator_0 - 3_folds.train_2.predict)=85.66%
[ 2019-12-18 11:22:30,565][kfold_wrapper.log_eval_metrics] Accuracy(layer_1 - estimator_0 - 3_folds.train_cv.predict)=82.69%
[ 2019-12-18 11:22:30,566][kfold_wrapper.log_eval_metrics] Accuracy(layer_1 - estimator_0 - 3_folds.test.predict)=83.91%
[ 2019-12-18 11:22:33,143][kfold_wrapper.log_eval_metrics] Accuracy(layer_1 - estimator_1 - 3_folds.train_0.predict)=84.11%
[ 2019-12-18 11:22:36,109][kfold_wrapper.log_eval_metrics] Accuracy(layer_1 - estimator_1 - 3_folds.train_1.predict)=81.01%
[ 2019-12-18 11:22:38,890][kfold_wrapper.log_eval_metrics] Accuracy(layer_1 - estimator_1 - 3_folds.train_2.predict)=81.78%
[ 2019-12-18 11:22:39,300][kfold_wrapper.log_eval_metrics] Accuracy(layer_1 - estimator_1 - 3_folds.train_cv.predict)=82.30%
[ 2019-12-18 11:22:39,301][kfold_wrapper.log_eval_metrics] Accuracy(layer_1 - estimator_1 - 3_folds.test.predict)=83.91%
[ 2019-12-18 11:22:47,001][kfold_wrapper.log_eval_metrics] Accuracy(layer_1 - estimator_2 - 3_folds.train_0.predict)=81.40%
[ 2019-12-18 11:22:54,913][kfold_wrapper.log_eval_metrics] Accuracy(layer_1 - estimator_2 - 3_folds.train_1.predict)=81.78%
[ 2019-12-18 11:23:02,863][kfold_wrapper.log_eval_metrics] Accuracy(layer_1 - estimator_2 - 3_folds.train_2.predict)=79.07%
[ 2019-12-18 11:23:02,990][kfold_wrapper.log_eval_metrics] Accuracy(layer_1 - estimator_2 - 3_folds.train_cv.predict)=80.75%
[ 2019-12-18 11:23:02,991][kfold_wrapper.log_eval_metrics] Accuracy(layer_1 - estimator_2 - 3_folds.test.predict)=81.61%
[ 2019-12-18 11:23:04,520][kfold_wrapper.log_eval_metrics] Accuracy(layer_1 - estimator_3 - 3_folds.train_0.predict)=81.01%
[ 2019-12-18 11:23:06,029][kfold_wrapper.log_eval_metrics] Accuracy(layer_1 - estimator_3 - 3_folds.train_1.predict)=80.23%
[ 2019-12-18 11:23:07,547][kfold_wrapper.log_eval_metrics] Accuracy(layer_1 - estimator_3 - 3_folds.train_2.predict)=79.84%
[ 2019-12-18 11:23:07,549][kfold_wrapper.log_eval_metrics] Accuracy(layer_1 - estimator_3 - 3_folds.train_cv.predict)=80.36%
[ 2019-12-18 11:23:07,549][kfold_wrapper.log_eval_metrics] Accuracy(layer_1 - estimator_3 - 3_folds.test.predict)=81.61%
[ 2019-12-18 11:23:07,549][cascade_classifier.calc_accuracy] Accuracy(layer_1 - train.classifier_average)=80.75%
[ 2019-12-18 11:23:07,550][cascade_classifier.calc_accuracy] Accuracy(layer_1 - test.classifier_average)=82.76%
[ 2019-12-18 11:23:07,551][cascade_classifier.fit_transform] [layer=2] look_indexs=[0], X_cur_train.shape=(774, 366), X_cur_test.shape=(87, 366)
[ 2019-12-18 11:23:09,821][kfold_wrapper.log_eval_metrics] Accuracy(layer_2 - estimator_0 - 3_folds.train_0.predict)=84.50%
[ 2019-12-18 11:23:12,395][kfold_wrapper.log_eval_metrics] Accuracy(layer_2 - estimator_0 - 3_folds.train_1.predict)=79.84%
[ 2019-12-18 11:23:15,063][kfold_wrapper.log_eval_metrics] Accuracy(layer_2 - estimator_0 - 3_folds.train_2.predict)=82.17%
[ 2019-12-18 11:23:15,473][kfold_wrapper.log_eval_metrics] Accuracy(layer_2 - estimator_0 - 3_folds.train_cv.predict)=82.17%
[ 2019-12-18 11:23:15,474][kfold_wrapper.log_eval_metrics] Accuracy(layer_2 - estimator_0 - 3_folds.test.predict)=81.61%
[ 2019-12-18 11:23:17,911][kfold_wrapper.log_eval_metrics] Accuracy(layer_2 - estimator_1 - 3_folds.train_0.predict)=81.40%
[ 2019-12-18 11:23:20,774][kfold_wrapper.log_eval_metrics] Accuracy(layer_2 - estimator_1 - 3_folds.train_1.predict)=79.84%
[ 2019-12-18 11:23:23,545][kfold_wrapper.log_eval_metrics] Accuracy(layer_2 - estimator_1 - 3_folds.train_2.predict)=83.33%
[ 2019-12-18 11:23:23,956][kfold_wrapper.log_eval_metrics] Accuracy(layer_2 - estimator_1 - 3_folds.train_cv.predict)=81.52%
[ 2019-12-18 11:23:23,956][kfold_wrapper.log_eval_metrics] Accuracy(layer_2 - estimator_1 - 3_folds.test.predict)=83.91%
[ 2019-12-18 11:23:31,677][kfold_wrapper.log_eval_metrics] Accuracy(layer_2 - estimator_2 - 3_folds.train_0.predict)=79.46%
[ 2019-12-18 11:23:39,646][kfold_wrapper.log_eval_metrics] Accuracy(layer_2 - estimator_2 - 3_folds.train_1.predict)=77.91%
[ 2019-12-18 11:23:47,478][kfold_wrapper.log_eval_metrics] Accuracy(layer_2 - estimator_2 - 3_folds.train_2.predict)=75.58%
[ 2019-12-18 11:23:47,613][kfold_wrapper.log_eval_metrics] Accuracy(layer_2 - estimator_2 - 3_folds.train_cv.predict)=77.65%
[ 2019-12-18 11:23:47,613][kfold_wrapper.log_eval_metrics] Accuracy(layer_2 - estimator_2 - 3_folds.test.predict)=80.46%
[ 2019-12-18 11:23:49,196][kfold_wrapper.log_eval_metrics] Accuracy(layer_2 - estimator_3 - 3_folds.train_0.predict)=83.33%
[ 2019-12-18 11:23:50,740][kfold_wrapper.log_eval_metrics] Accuracy(layer_2 - estimator_3 - 3_folds.train_1.predict)=83.72%
[ 2019-12-18 11:23:52,312][kfold_wrapper.log_eval_metrics] Accuracy(layer_2 - estimator_3 - 3_folds.train_2.predict)=80.23%
[ 2019-12-18 11:23:52,314][kfold_wrapper.log_eval_metrics] Accuracy(layer_2 - estimator_3 - 3_folds.train_cv.predict)=82.43%
[ 2019-12-18 11:23:52,315][kfold_wrapper.log_eval_metrics] Accuracy(layer_2 - estimator_3 - 3_folds.test.predict)=83.91%
[ 2019-12-18 11:23:52,315][cascade_classifier.calc_accuracy] Accuracy(layer_2 - train.classifier_average)=82.30%
[ 2019-12-18 11:23:52,315][cascade_classifier.calc_accuracy] Accuracy(layer_2 - test.classifier_average)=85.06%
[ 2019-12-18 11:23:52,317][cascade_classifier.fit_transform] [layer=3] look_indexs=[0], X_cur_train.shape=(774, 366), X_cur_test.shape=(87, 366)
[ 2019-12-18 11:23:54,578][kfold_wrapper.log_eval_metrics] Accuracy(layer_3 - estimator_0 - 3_folds.train_0.predict)=81.78%
[ 2019-12-18 11:23:57,157][kfold_wrapper.log_eval_metrics] Accuracy(layer_3 - estimator_0 - 3_folds.train_1.predict)=82.95%
[ 2019-12-18 11:23:59,751][kfold_wrapper.log_eval_metrics] Accuracy(layer_3 - estimator_0 - 3_folds.train_2.predict)=78.68%
[ 2019-12-18 11:24:00,060][kfold_wrapper.log_eval_metrics] Accuracy(layer_3 - estimator_0 - 3_folds.train_cv.predict)=81.14%
[ 2019-12-18 11:24:00,060][kfold_wrapper.log_eval_metrics] Accuracy(layer_3 - estimator_0 - 3_folds.test.predict)=83.91%
[ 2019-12-18 11:24:02,520][kfold_wrapper.log_eval_metrics] Accuracy(layer_3 - estimator_1 - 3_folds.train_0.predict)=84.88%
[ 2019-12-18 11:24:05,379][kfold_wrapper.log_eval_metrics] Accuracy(layer_3 - estimator_1 - 3_folds.train_1.predict)=80.23%
[ 2019-12-18 11:24:08,343][kfold_wrapper.log_eval_metrics] Accuracy(layer_3 - estimator_1 - 3_folds.train_2.predict)=80.62%
[ 2019-12-18 11:24:08,651][kfold_wrapper.log_eval_metrics] Accuracy(layer_3 - estimator_1 - 3_folds.train_cv.predict)=81.91%
[ 2019-12-18 11:24:08,652][kfold_wrapper.log_eval_metrics] Accuracy(layer_3 - estimator_1 - 3_folds.test.predict)=83.91%
[ 2019-12-18 11:24:16,382][kfold_wrapper.log_eval_metrics] Accuracy(layer_3 - estimator_2 - 3_folds.train_0.predict)=83.33%
[ 2019-12-18 11:24:24,284][kfold_wrapper.log_eval_metrics] Accuracy(layer_3 - estimator_2 - 3_folds.train_1.predict)=73.26%
[ 2019-12-18 11:24:32,744][kfold_wrapper.log_eval_metrics] Accuracy(layer_3 - estimator_2 - 3_folds.train_2.predict)=80.23%
[ 2019-12-18 11:24:32,895][kfold_wrapper.log_eval_metrics] Accuracy(layer_3 - estimator_2 - 3_folds.train_cv.predict)=78.94%
[ 2019-12-18 11:24:32,895][kfold_wrapper.log_eval_metrics] Accuracy(layer_3 - estimator_2 - 3_folds.test.predict)=86.21%
[ 2019-12-18 11:24:34,475][kfold_wrapper.log_eval_metrics] Accuracy(layer_3 - estimator_3 - 3_folds.train_0.predict)=82.95%
[ 2019-12-18 11:24:36,044][kfold_wrapper.log_eval_metrics] Accuracy(layer_3 - estimator_3 - 3_folds.train_1.predict)=77.13%
[ 2019-12-18 11:24:37,610][kfold_wrapper.log_eval_metrics] Accuracy(layer_3 - estimator_3 - 3_folds.train_2.predict)=84.88%
[ 2019-12-18 11:24:37,612][kfold_wrapper.log_eval_metrics] Accuracy(layer_3 - estimator_3 - 3_folds.train_cv.predict)=81.65%
[ 2019-12-18 11:24:37,612][kfold_wrapper.log_eval_metrics] Accuracy(layer_3 - estimator_3 - 3_folds.test.predict)=81.61%
[ 2019-12-18 11:24:37,613][cascade_classifier.calc_accuracy] Accuracy(layer_3 - train.classifier_average)=81.65%
[ 2019-12-18 11:24:37,613][cascade_classifier.calc_accuracy] Accuracy(layer_3 - test.classifier_average)=82.76%
[ 2019-12-18 11:24:37,613][cascade_classifier.fit_transform] [Result][Optimal Level Detected] opt_layer_num=1, accuracy_train=83.20%, accuracy_test=82.76%
[ 2019-12-18 11:24:37,644][cascade_classifier.transform] X_groups_test.shape=[(87, 358)]
[ 2019-12-18 11:24:37,645][cascade_classifier.transform] group_dims=[358]
[ 2019-12-18 11:24:37,645][cascade_classifier.transform] X_test.shape=(87, 358)
[ 2019-12-18 11:24:37,646][cascade_classifier.transform] [layer=0] look_indexs=[0], X_cur_test.shape=(87, 358)
[ 2019-12-18 11:24:39,864][cascade_classifier.transform] X_groups_test.shape=[(87, 358)]
[ 2019-12-18 11:24:39,865][cascade_classifier.transform] group_dims=[358]
[ 2019-12-18 11:24:39,865][cascade_classifier.transform] X_test.shape=(87, 358)
[ 2019-12-18 11:24:39,865][cascade_classifier.transform] [layer=0] look_indexs=[0], X_cur_test.shape=(87, 358)
