[ 2019-11-29 18:53:40,556][cascade_classifier.fit_transform] X_groups_train.shape=[(774, 103, 1, 1)],y_train.shape=(774,),X_groups_test.shape=[(87, 103, 1, 1)],y_test.shape=(87,)
[ 2019-11-29 18:53:40,556][cascade_classifier.fit_transform] group_dims=[103]
[ 2019-11-29 18:53:40,556][cascade_classifier.fit_transform] group_starts=[0]
[ 2019-11-29 18:53:40,561][cascade_classifier.fit_transform] group_ends=[103]
[ 2019-11-29 18:53:40,561][cascade_classifier.fit_transform] X_train.shape=(774, 103),X_test.shape=(87, 103)
[ 2019-11-29 18:53:40,561][cascade_classifier.fit_transform] [layer=0] look_indexs=[0], X_cur_train.shape=(774, 103), X_cur_test.shape=(87, 103)
[ 2019-11-29 18:53:41,475][kfold_wrapper.log_eval_metrics] Accuracy(layer_0 - estimator_0 - 5_folds.train_0.predict)=84.62%
[ 2019-11-29 18:53:42,291][kfold_wrapper.log_eval_metrics] Accuracy(layer_0 - estimator_0 - 5_folds.train_1.predict)=81.29%
[ 2019-11-29 18:53:43,081][kfold_wrapper.log_eval_metrics] Accuracy(layer_0 - estimator_0 - 5_folds.train_2.predict)=80.65%
[ 2019-11-29 18:53:43,907][kfold_wrapper.log_eval_metrics] Accuracy(layer_0 - estimator_0 - 5_folds.train_3.predict)=81.82%
[ 2019-11-29 18:53:44,700][kfold_wrapper.log_eval_metrics] Accuracy(layer_0 - estimator_0 - 5_folds.train_4.predict)=79.87%
[ 2019-11-29 18:53:44,702][kfold_wrapper.log_eval_metrics] Accuracy(layer_0 - estimator_0 - 5_folds.train_cv.predict)=81.65%
[ 2019-11-29 18:53:44,702][kfold_wrapper.log_eval_metrics] Accuracy(layer_0 - estimator_0 - 5_folds.test.predict)=83.91%
[ 2019-11-29 18:53:46,870][kfold_wrapper.log_eval_metrics] Accuracy(layer_0 - estimator_1 - 5_folds.train_0.predict)=80.13%
[ 2019-11-29 18:53:49,365][kfold_wrapper.log_eval_metrics] Accuracy(layer_0 - estimator_1 - 5_folds.train_1.predict)=75.48%
[ 2019-11-29 18:53:51,950][kfold_wrapper.log_eval_metrics] Accuracy(layer_0 - estimator_1 - 5_folds.train_2.predict)=80.65%
[ 2019-11-29 18:53:54,430][kfold_wrapper.log_eval_metrics] Accuracy(layer_0 - estimator_1 - 5_folds.train_3.predict)=83.12%
[ 2019-11-29 18:53:56,940][kfold_wrapper.log_eval_metrics] Accuracy(layer_0 - estimator_1 - 5_folds.train_4.predict)=81.82%
[ 2019-11-29 18:53:57,254][kfold_wrapper.log_eval_metrics] Accuracy(layer_0 - estimator_1 - 5_folds.train_cv.predict)=80.23%
[ 2019-11-29 18:53:57,254][kfold_wrapper.log_eval_metrics] Accuracy(layer_0 - estimator_1 - 5_folds.test.predict)=87.36%
[ 2019-11-29 18:53:59,242][kfold_wrapper.log_eval_metrics] Accuracy(layer_0 - estimator_2 - 5_folds.train_0.predict)=78.85%
[ 2019-11-29 18:54:01,554][kfold_wrapper.log_eval_metrics] Accuracy(layer_0 - estimator_2 - 5_folds.train_1.predict)=82.58%
[ 2019-11-29 18:54:03,849][kfold_wrapper.log_eval_metrics] Accuracy(layer_0 - estimator_2 - 5_folds.train_2.predict)=81.29%
[ 2019-11-29 18:54:06,164][kfold_wrapper.log_eval_metrics] Accuracy(layer_0 - estimator_2 - 5_folds.train_3.predict)=81.17%
[ 2019-11-29 18:54:08,463][kfold_wrapper.log_eval_metrics] Accuracy(layer_0 - estimator_2 - 5_folds.train_4.predict)=78.57%
[ 2019-11-29 18:54:08,778][kfold_wrapper.log_eval_metrics] Accuracy(layer_0 - estimator_2 - 5_folds.train_cv.predict)=80.49%
[ 2019-11-29 18:54:08,778][kfold_wrapper.log_eval_metrics] Accuracy(layer_0 - estimator_2 - 5_folds.test.predict)=87.36%
[ 2019-11-29 18:54:08,778][cascade_classifier.calc_accuracy] Accuracy(layer_0 - train.classifier_average)=81.40%
[ 2019-11-29 18:54:08,778][cascade_classifier.calc_accuracy] Accuracy(layer_0 - test.classifier_average)=85.06%
[ 2019-11-29 18:54:08,778][cascade_classifier.fit_transform] [layer=1] look_indexs=[0], X_cur_train.shape=(774, 109), X_cur_test.shape=(87, 109)
[ 2019-11-29 18:54:09,606][kfold_wrapper.log_eval_metrics] Accuracy(layer_1 - estimator_0 - 5_folds.train_0.predict)=81.41%
[ 2019-11-29 18:54:10,426][kfold_wrapper.log_eval_metrics] Accuracy(layer_1 - estimator_0 - 5_folds.train_1.predict)=80.65%
[ 2019-11-29 18:54:11,244][kfold_wrapper.log_eval_metrics] Accuracy(layer_1 - estimator_0 - 5_folds.train_2.predict)=82.58%
[ 2019-11-29 18:54:12,090][kfold_wrapper.log_eval_metrics] Accuracy(layer_1 - estimator_0 - 5_folds.train_3.predict)=83.77%
[ 2019-11-29 18:54:12,876][kfold_wrapper.log_eval_metrics] Accuracy(layer_1 - estimator_0 - 5_folds.train_4.predict)=77.92%
[ 2019-11-29 18:54:12,881][kfold_wrapper.log_eval_metrics] Accuracy(layer_1 - estimator_0 - 5_folds.train_cv.predict)=81.27%
[ 2019-11-29 18:54:12,881][kfold_wrapper.log_eval_metrics] Accuracy(layer_1 - estimator_0 - 5_folds.test.predict)=82.76%
[ 2019-11-29 18:54:15,048][kfold_wrapper.log_eval_metrics] Accuracy(layer_1 - estimator_1 - 5_folds.train_0.predict)=80.13%
[ 2019-11-29 18:54:17,537][kfold_wrapper.log_eval_metrics] Accuracy(layer_1 - estimator_1 - 5_folds.train_1.predict)=77.42%
[ 2019-11-29 18:54:20,025][kfold_wrapper.log_eval_metrics] Accuracy(layer_1 - estimator_1 - 5_folds.train_2.predict)=78.71%
[ 2019-11-29 18:54:22,505][kfold_wrapper.log_eval_metrics] Accuracy(layer_1 - estimator_1 - 5_folds.train_3.predict)=82.47%
[ 2019-11-29 18:54:24,966][kfold_wrapper.log_eval_metrics] Accuracy(layer_1 - estimator_1 - 5_folds.train_4.predict)=84.42%
[ 2019-11-29 18:54:25,281][kfold_wrapper.log_eval_metrics] Accuracy(layer_1 - estimator_1 - 5_folds.train_cv.predict)=80.62%
[ 2019-11-29 18:54:25,281][kfold_wrapper.log_eval_metrics] Accuracy(layer_1 - estimator_1 - 5_folds.test.predict)=85.06%
[ 2019-11-29 18:54:27,256][kfold_wrapper.log_eval_metrics] Accuracy(layer_1 - estimator_2 - 5_folds.train_0.predict)=83.33%
[ 2019-11-29 18:54:29,548][kfold_wrapper.log_eval_metrics] Accuracy(layer_1 - estimator_2 - 5_folds.train_1.predict)=80.00%
[ 2019-11-29 18:54:31,859][kfold_wrapper.log_eval_metrics] Accuracy(layer_1 - estimator_2 - 5_folds.train_2.predict)=78.71%
[ 2019-11-29 18:54:34,157][kfold_wrapper.log_eval_metrics] Accuracy(layer_1 - estimator_2 - 5_folds.train_3.predict)=83.12%
[ 2019-11-29 18:54:36,451][kfold_wrapper.log_eval_metrics] Accuracy(layer_1 - estimator_2 - 5_folds.train_4.predict)=85.06%
[ 2019-11-29 18:54:36,776][kfold_wrapper.log_eval_metrics] Accuracy(layer_1 - estimator_2 - 5_folds.train_cv.predict)=82.04%
[ 2019-11-29 18:54:36,776][kfold_wrapper.log_eval_metrics] Accuracy(layer_1 - estimator_2 - 5_folds.test.predict)=85.06%
[ 2019-11-29 18:54:36,776][cascade_classifier.calc_accuracy] Accuracy(layer_1 - train.classifier_average)=81.27%
[ 2019-11-29 18:54:36,776][cascade_classifier.calc_accuracy] Accuracy(layer_1 - test.classifier_average)=85.06%
[ 2019-11-29 18:54:36,776][cascade_classifier.fit_transform] [layer=2] look_indexs=[0], X_cur_train.shape=(774, 109), X_cur_test.shape=(87, 109)
[ 2019-11-29 18:54:37,621][kfold_wrapper.log_eval_metrics] Accuracy(layer_2 - estimator_0 - 5_folds.train_0.predict)=81.41%
[ 2019-11-29 18:54:38,410][kfold_wrapper.log_eval_metrics] Accuracy(layer_2 - estimator_0 - 5_folds.train_1.predict)=74.19%
[ 2019-11-29 18:54:39,214][kfold_wrapper.log_eval_metrics] Accuracy(layer_2 - estimator_0 - 5_folds.train_2.predict)=81.94%
[ 2019-11-29 18:54:40,068][kfold_wrapper.log_eval_metrics] Accuracy(layer_2 - estimator_0 - 5_folds.train_3.predict)=83.12%
[ 2019-11-29 18:54:40,876][kfold_wrapper.log_eval_metrics] Accuracy(layer_2 - estimator_0 - 5_folds.train_4.predict)=75.97%
[ 2019-11-29 18:54:40,876][kfold_wrapper.log_eval_metrics] Accuracy(layer_2 - estimator_0 - 5_folds.train_cv.predict)=79.33%
[ 2019-11-29 18:54:40,876][kfold_wrapper.log_eval_metrics] Accuracy(layer_2 - estimator_0 - 5_folds.test.predict)=81.61%
[ 2019-11-29 18:54:43,065][kfold_wrapper.log_eval_metrics] Accuracy(layer_2 - estimator_1 - 5_folds.train_0.predict)=85.26%
[ 2019-11-29 18:54:45,676][kfold_wrapper.log_eval_metrics] Accuracy(layer_2 - estimator_1 - 5_folds.train_1.predict)=82.58%
[ 2019-11-29 18:54:48,371][kfold_wrapper.log_eval_metrics] Accuracy(layer_2 - estimator_1 - 5_folds.train_2.predict)=82.58%
[ 2019-11-29 18:54:50,934][kfold_wrapper.log_eval_metrics] Accuracy(layer_2 - estimator_1 - 5_folds.train_3.predict)=74.68%
[ 2019-11-29 18:54:53,506][kfold_wrapper.log_eval_metrics] Accuracy(layer_2 - estimator_1 - 5_folds.train_4.predict)=82.47%
[ 2019-11-29 18:54:53,814][kfold_wrapper.log_eval_metrics] Accuracy(layer_2 - estimator_1 - 5_folds.train_cv.predict)=81.52%
[ 2019-11-29 18:54:53,814][kfold_wrapper.log_eval_metrics] Accuracy(layer_2 - estimator_1 - 5_folds.test.predict)=82.76%
[ 2019-11-29 18:54:56,090][kfold_wrapper.log_eval_metrics] Accuracy(layer_2 - estimator_2 - 5_folds.train_0.predict)=76.28%
[ 2019-11-29 18:54:58,501][kfold_wrapper.log_eval_metrics] Accuracy(layer_2 - estimator_2 - 5_folds.train_1.predict)=80.65%
[ 2019-11-29 18:55:00,946][kfold_wrapper.log_eval_metrics] Accuracy(layer_2 - estimator_2 - 5_folds.train_2.predict)=83.87%
[ 2019-11-29 18:55:03,583][kfold_wrapper.log_eval_metrics] Accuracy(layer_2 - estimator_2 - 5_folds.train_3.predict)=85.71%
[ 2019-11-29 18:55:05,938][kfold_wrapper.log_eval_metrics] Accuracy(layer_2 - estimator_2 - 5_folds.train_4.predict)=77.92%
[ 2019-11-29 18:55:06,251][kfold_wrapper.log_eval_metrics] Accuracy(layer_2 - estimator_2 - 5_folds.train_cv.predict)=80.88%
[ 2019-11-29 18:55:06,252][kfold_wrapper.log_eval_metrics] Accuracy(layer_2 - estimator_2 - 5_folds.test.predict)=82.76%
[ 2019-11-29 18:55:06,252][cascade_classifier.calc_accuracy] Accuracy(layer_2 - train.classifier_average)=80.88%
[ 2019-11-29 18:55:06,252][cascade_classifier.calc_accuracy] Accuracy(layer_2 - test.classifier_average)=82.76%
[ 2019-11-29 18:55:06,253][cascade_classifier.fit_transform] [layer=3] look_indexs=[0], X_cur_train.shape=(774, 109), X_cur_test.shape=(87, 109)
[ 2019-11-29 18:55:07,114][kfold_wrapper.log_eval_metrics] Accuracy(layer_3 - estimator_0 - 5_folds.train_0.predict)=79.49%
[ 2019-11-29 18:55:07,932][kfold_wrapper.log_eval_metrics] Accuracy(layer_3 - estimator_0 - 5_folds.train_1.predict)=77.42%
[ 2019-11-29 18:55:08,754][kfold_wrapper.log_eval_metrics] Accuracy(layer_3 - estimator_0 - 5_folds.train_2.predict)=81.94%
[ 2019-11-29 18:55:09,662][kfold_wrapper.log_eval_metrics] Accuracy(layer_3 - estimator_0 - 5_folds.train_3.predict)=85.71%
[ 2019-11-29 18:55:10,547][kfold_wrapper.log_eval_metrics] Accuracy(layer_3 - estimator_0 - 5_folds.train_4.predict)=79.87%
[ 2019-11-29 18:55:10,549][kfold_wrapper.log_eval_metrics] Accuracy(layer_3 - estimator_0 - 5_folds.train_cv.predict)=80.88%
[ 2019-11-29 18:55:10,549][kfold_wrapper.log_eval_metrics] Accuracy(layer_3 - estimator_0 - 5_folds.test.predict)=82.76%
[ 2019-11-29 18:55:12,942][kfold_wrapper.log_eval_metrics] Accuracy(layer_3 - estimator_1 - 5_folds.train_0.predict)=80.77%
[ 2019-11-29 18:55:15,846][kfold_wrapper.log_eval_metrics] Accuracy(layer_3 - estimator_1 - 5_folds.train_1.predict)=80.65%
[ 2019-11-29 18:55:18,443][kfold_wrapper.log_eval_metrics] Accuracy(layer_3 - estimator_1 - 5_folds.train_2.predict)=76.77%
[ 2019-11-29 18:55:20,981][kfold_wrapper.log_eval_metrics] Accuracy(layer_3 - estimator_1 - 5_folds.train_3.predict)=83.77%
[ 2019-11-29 18:55:23,517][kfold_wrapper.log_eval_metrics] Accuracy(layer_3 - estimator_1 - 5_folds.train_4.predict)=80.52%
[ 2019-11-29 18:55:23,832][kfold_wrapper.log_eval_metrics] Accuracy(layer_3 - estimator_1 - 5_folds.train_cv.predict)=80.49%
[ 2019-11-29 18:55:23,832][kfold_wrapper.log_eval_metrics] Accuracy(layer_3 - estimator_1 - 5_folds.test.predict)=82.76%
[ 2019-11-29 18:55:25,834][kfold_wrapper.log_eval_metrics] Accuracy(layer_3 - estimator_2 - 5_folds.train_0.predict)=80.13%
[ 2019-11-29 18:55:28,143][kfold_wrapper.log_eval_metrics] Accuracy(layer_3 - estimator_2 - 5_folds.train_1.predict)=79.35%
[ 2019-11-29 18:55:30,460][kfold_wrapper.log_eval_metrics] Accuracy(layer_3 - estimator_2 - 5_folds.train_2.predict)=75.48%
[ 2019-11-29 18:55:32,780][kfold_wrapper.log_eval_metrics] Accuracy(layer_3 - estimator_2 - 5_folds.train_3.predict)=79.22%
[ 2019-11-29 18:55:35,076][kfold_wrapper.log_eval_metrics] Accuracy(layer_3 - estimator_2 - 5_folds.train_4.predict)=85.71%
[ 2019-11-29 18:55:35,391][kfold_wrapper.log_eval_metrics] Accuracy(layer_3 - estimator_2 - 5_folds.train_cv.predict)=79.97%
[ 2019-11-29 18:55:35,392][kfold_wrapper.log_eval_metrics] Accuracy(layer_3 - estimator_2 - 5_folds.test.predict)=82.76%
[ 2019-11-29 18:55:35,392][cascade_classifier.calc_accuracy] Accuracy(layer_3 - train.classifier_average)=80.75%
[ 2019-11-29 18:55:35,392][cascade_classifier.calc_accuracy] Accuracy(layer_3 - test.classifier_average)=82.76%
[ 2019-11-29 18:55:35,393][cascade_classifier.fit_transform] [layer=4] look_indexs=[0], X_cur_train.shape=(774, 109), X_cur_test.shape=(87, 109)
[ 2019-11-29 18:55:36,241][kfold_wrapper.log_eval_metrics] Accuracy(layer_4 - estimator_0 - 5_folds.train_0.predict)=80.77%
[ 2019-11-29 18:55:37,090][kfold_wrapper.log_eval_metrics] Accuracy(layer_4 - estimator_0 - 5_folds.train_1.predict)=81.94%
[ 2019-11-29 18:55:37,921][kfold_wrapper.log_eval_metrics] Accuracy(layer_4 - estimator_0 - 5_folds.train_2.predict)=80.65%
[ 2019-11-29 18:55:38,742][kfold_wrapper.log_eval_metrics] Accuracy(layer_4 - estimator_0 - 5_folds.train_3.predict)=80.52%
[ 2019-11-29 18:55:39,584][kfold_wrapper.log_eval_metrics] Accuracy(layer_4 - estimator_0 - 5_folds.train_4.predict)=77.92%
[ 2019-11-29 18:55:39,585][kfold_wrapper.log_eval_metrics] Accuracy(layer_4 - estimator_0 - 5_folds.train_cv.predict)=80.36%
[ 2019-11-29 18:55:39,586][kfold_wrapper.log_eval_metrics] Accuracy(layer_4 - estimator_0 - 5_folds.test.predict)=82.76%
[ 2019-11-29 18:55:41,749][kfold_wrapper.log_eval_metrics] Accuracy(layer_4 - estimator_1 - 5_folds.train_0.predict)=79.49%
[ 2019-11-29 18:55:44,325][kfold_wrapper.log_eval_metrics] Accuracy(layer_4 - estimator_1 - 5_folds.train_1.predict)=82.58%
[ 2019-11-29 18:55:46,806][kfold_wrapper.log_eval_metrics] Accuracy(layer_4 - estimator_1 - 5_folds.train_2.predict)=80.65%
[ 2019-11-29 18:55:49,282][kfold_wrapper.log_eval_metrics] Accuracy(layer_4 - estimator_1 - 5_folds.train_3.predict)=79.22%
[ 2019-11-29 18:55:51,753][kfold_wrapper.log_eval_metrics] Accuracy(layer_4 - estimator_1 - 5_folds.train_4.predict)=83.12%
[ 2019-11-29 18:55:52,061][kfold_wrapper.log_eval_metrics] Accuracy(layer_4 - estimator_1 - 5_folds.train_cv.predict)=81.01%
[ 2019-11-29 18:55:52,062][kfold_wrapper.log_eval_metrics] Accuracy(layer_4 - estimator_1 - 5_folds.test.predict)=83.91%
[ 2019-11-29 18:55:54,247][kfold_wrapper.log_eval_metrics] Accuracy(layer_4 - estimator_2 - 5_folds.train_0.predict)=82.05%
[ 2019-11-29 18:55:56,644][kfold_wrapper.log_eval_metrics] Accuracy(layer_4 - estimator_2 - 5_folds.train_1.predict)=83.87%
[ 2019-11-29 18:55:58,987][kfold_wrapper.log_eval_metrics] Accuracy(layer_4 - estimator_2 - 5_folds.train_2.predict)=80.00%
[ 2019-11-29 18:56:01,331][kfold_wrapper.log_eval_metrics] Accuracy(layer_4 - estimator_2 - 5_folds.train_3.predict)=75.97%
[ 2019-11-29 18:56:03,854][kfold_wrapper.log_eval_metrics] Accuracy(layer_4 - estimator_2 - 5_folds.train_4.predict)=82.47%
[ 2019-11-29 18:56:04,162][kfold_wrapper.log_eval_metrics] Accuracy(layer_4 - estimator_2 - 5_folds.train_cv.predict)=80.88%
[ 2019-11-29 18:56:04,162][kfold_wrapper.log_eval_metrics] Accuracy(layer_4 - estimator_2 - 5_folds.test.predict)=83.91%
[ 2019-11-29 18:56:04,162][cascade_classifier.calc_accuracy] Accuracy(layer_4 - train.classifier_average)=80.75%
[ 2019-11-29 18:56:04,163][cascade_classifier.calc_accuracy] Accuracy(layer_4 - test.classifier_average)=83.91%
[ 2019-11-29 18:56:04,163][cascade_classifier.fit_transform] [layer=5] look_indexs=[0], X_cur_train.shape=(774, 109), X_cur_test.shape=(87, 109)
[ 2019-11-29 18:56:05,084][kfold_wrapper.log_eval_metrics] Accuracy(layer_5 - estimator_0 - 5_folds.train_0.predict)=77.56%
[ 2019-11-29 18:56:06,008][kfold_wrapper.log_eval_metrics] Accuracy(layer_5 - estimator_0 - 5_folds.train_1.predict)=78.06%
[ 2019-11-29 18:56:06,952][kfold_wrapper.log_eval_metrics] Accuracy(layer_5 - estimator_0 - 5_folds.train_2.predict)=85.81%
[ 2019-11-29 18:56:07,866][kfold_wrapper.log_eval_metrics] Accuracy(layer_5 - estimator_0 - 5_folds.train_3.predict)=76.62%
[ 2019-11-29 18:56:08,710][kfold_wrapper.log_eval_metrics] Accuracy(layer_5 - estimator_0 - 5_folds.train_4.predict)=77.27%
[ 2019-11-29 18:56:08,712][kfold_wrapper.log_eval_metrics] Accuracy(layer_5 - estimator_0 - 5_folds.train_cv.predict)=79.07%
[ 2019-11-29 18:56:08,712][kfold_wrapper.log_eval_metrics] Accuracy(layer_5 - estimator_0 - 5_folds.test.predict)=82.76%
[ 2019-11-29 18:56:10,947][kfold_wrapper.log_eval_metrics] Accuracy(layer_5 - estimator_1 - 5_folds.train_0.predict)=78.21%
[ 2019-11-29 18:56:13,474][kfold_wrapper.log_eval_metrics] Accuracy(layer_5 - estimator_1 - 5_folds.train_1.predict)=80.65%
[ 2019-11-29 18:56:16,043][kfold_wrapper.log_eval_metrics] Accuracy(layer_5 - estimator_1 - 5_folds.train_2.predict)=78.71%
[ 2019-11-29 18:56:18,692][kfold_wrapper.log_eval_metrics] Accuracy(layer_5 - estimator_1 - 5_folds.train_3.predict)=79.87%
[ 2019-11-29 18:56:21,171][kfold_wrapper.log_eval_metrics] Accuracy(layer_5 - estimator_1 - 5_folds.train_4.predict)=85.71%
[ 2019-11-29 18:56:21,481][kfold_wrapper.log_eval_metrics] Accuracy(layer_5 - estimator_1 - 5_folds.train_cv.predict)=80.62%
[ 2019-11-29 18:56:21,481][kfold_wrapper.log_eval_metrics] Accuracy(layer_5 - estimator_1 - 5_folds.test.predict)=83.91%
[ 2019-11-29 18:56:23,510][kfold_wrapper.log_eval_metrics] Accuracy(layer_5 - estimator_2 - 5_folds.train_0.predict)=76.92%
[ 2019-11-29 18:56:25,819][kfold_wrapper.log_eval_metrics] Accuracy(layer_5 - estimator_2 - 5_folds.train_1.predict)=87.10%
[ 2019-11-29 18:56:28,149][kfold_wrapper.log_eval_metrics] Accuracy(layer_5 - estimator_2 - 5_folds.train_2.predict)=85.16%
[ 2019-11-29 18:56:30,491][kfold_wrapper.log_eval_metrics] Accuracy(layer_5 - estimator_2 - 5_folds.train_3.predict)=79.22%
[ 2019-11-29 18:56:32,817][kfold_wrapper.log_eval_metrics] Accuracy(layer_5 - estimator_2 - 5_folds.train_4.predict)=72.08%
[ 2019-11-29 18:56:33,127][kfold_wrapper.log_eval_metrics] Accuracy(layer_5 - estimator_2 - 5_folds.train_cv.predict)=80.10%
[ 2019-11-29 18:56:33,127][kfold_wrapper.log_eval_metrics] Accuracy(layer_5 - estimator_2 - 5_folds.test.predict)=83.91%
[ 2019-11-29 18:56:33,127][cascade_classifier.calc_accuracy] Accuracy(layer_5 - train.classifier_average)=80.23%
[ 2019-11-29 18:56:33,128][cascade_classifier.calc_accuracy] Accuracy(layer_5 - test.classifier_average)=83.91%
[ 2019-11-29 18:56:33,128][cascade_classifier.fit_transform] [Result][Optimal Level Detected] opt_layer_num=1, accuracy_train=81.40%, accuracy_test=85.06%
[ 2019-11-29 18:56:33,259][cascade_classifier.transform] X_groups_test.shape=[(87, 103, 1, 1)]
[ 2019-11-29 18:56:33,259][cascade_classifier.transform] group_dims=[103]
[ 2019-11-29 18:56:33,260][cascade_classifier.transform] X_test.shape=(87, 103)
[ 2019-11-29 18:56:33,260][cascade_classifier.transform] [layer=0] look_indexs=[0], X_cur_test.shape=(87, 103)
[ 2019-11-29 18:56:36,370][cascade_classifier.transform] X_groups_test.shape=[(87, 103, 1, 1)]
[ 2019-11-29 18:56:36,371][cascade_classifier.transform] group_dims=[103]
[ 2019-11-29 18:56:36,371][cascade_classifier.transform] X_test.shape=(87, 103)
[ 2019-11-29 18:56:36,371][cascade_classifier.transform] [layer=0] look_indexs=[0], X_cur_test.shape=(87, 103)
[ 2019-11-29 18:56:41,273][cascade_classifier.fit_transform] X_groups_train.shape=[(774, 103, 1, 1)],y_train.shape=(774,),X_groups_test.shape=[(87, 103, 1, 1)],y_test.shape=(87,)
[ 2019-11-29 18:56:41,274][cascade_classifier.fit_transform] group_dims=[103]
[ 2019-11-29 18:56:41,274][cascade_classifier.fit_transform] group_starts=[0]
[ 2019-11-29 18:56:41,274][cascade_classifier.fit_transform] group_ends=[103]
[ 2019-11-29 18:56:41,274][cascade_classifier.fit_transform] X_train.shape=(774, 103),X_test.shape=(87, 103)
[ 2019-11-29 18:56:41,275][cascade_classifier.fit_transform] [layer=0] look_indexs=[0], X_cur_train.shape=(774, 103), X_cur_test.shape=(87, 103)
[ 2019-11-29 18:56:42,091][kfold_wrapper.log_eval_metrics] Accuracy(layer_0 - estimator_0 - 5_folds.train_0.predict)=82.05%
[ 2019-11-29 18:56:42,873][kfold_wrapper.log_eval_metrics] Accuracy(layer_0 - estimator_0 - 5_folds.train_1.predict)=80.13%
[ 2019-11-29 18:56:43,685][kfold_wrapper.log_eval_metrics] Accuracy(layer_0 - estimator_0 - 5_folds.train_2.predict)=84.42%
[ 2019-11-29 18:56:44,491][kfold_wrapper.log_eval_metrics] Accuracy(layer_0 - estimator_0 - 5_folds.train_3.predict)=83.77%
[ 2019-11-29 18:56:45,297][kfold_wrapper.log_eval_metrics] Accuracy(layer_0 - estimator_0 - 5_folds.train_4.predict)=79.22%
[ 2019-11-29 18:56:45,299][kfold_wrapper.log_eval_metrics] Accuracy(layer_0 - estimator_0 - 5_folds.train_cv.predict)=81.91%
[ 2019-11-29 18:56:45,299][kfold_wrapper.log_eval_metrics] Accuracy(layer_0 - estimator_0 - 5_folds.test.predict)=78.16%
[ 2019-11-29 18:56:47,487][kfold_wrapper.log_eval_metrics] Accuracy(layer_0 - estimator_1 - 5_folds.train_0.predict)=85.26%
[ 2019-11-29 18:56:50,026][kfold_wrapper.log_eval_metrics] Accuracy(layer_0 - estimator_1 - 5_folds.train_1.predict)=80.13%
[ 2019-11-29 18:56:52,742][kfold_wrapper.log_eval_metrics] Accuracy(layer_0 - estimator_1 - 5_folds.train_2.predict)=77.92%
[ 2019-11-29 18:56:56,015][kfold_wrapper.log_eval_metrics] Accuracy(layer_0 - estimator_1 - 5_folds.train_3.predict)=82.47%
[ 2019-11-29 18:56:58,844][kfold_wrapper.log_eval_metrics] Accuracy(layer_0 - estimator_1 - 5_folds.train_4.predict)=81.82%
[ 2019-11-29 18:56:59,262][kfold_wrapper.log_eval_metrics] Accuracy(layer_0 - estimator_1 - 5_folds.train_cv.predict)=81.52%
[ 2019-11-29 18:56:59,262][kfold_wrapper.log_eval_metrics] Accuracy(layer_0 - estimator_1 - 5_folds.test.predict)=78.16%
[ 2019-11-29 18:57:01,476][kfold_wrapper.log_eval_metrics] Accuracy(layer_0 - estimator_2 - 5_folds.train_0.predict)=79.49%
[ 2019-11-29 18:57:04,004][kfold_wrapper.log_eval_metrics] Accuracy(layer_0 - estimator_2 - 5_folds.train_1.predict)=79.49%
[ 2019-11-29 18:57:06,595][kfold_wrapper.log_eval_metrics] Accuracy(layer_0 - estimator_2 - 5_folds.train_2.predict)=85.06%
[ 2019-11-29 18:57:09,342][kfold_wrapper.log_eval_metrics] Accuracy(layer_0 - estimator_2 - 5_folds.train_3.predict)=80.52%
[ 2019-11-29 18:57:11,809][kfold_wrapper.log_eval_metrics] Accuracy(layer_0 - estimator_2 - 5_folds.train_4.predict)=83.12%
[ 2019-11-29 18:57:12,232][kfold_wrapper.log_eval_metrics] Accuracy(layer_0 - estimator_2 - 5_folds.train_cv.predict)=81.52%
[ 2019-11-29 18:57:12,233][kfold_wrapper.log_eval_metrics] Accuracy(layer_0 - estimator_2 - 5_folds.test.predict)=80.46%
[ 2019-11-29 18:57:12,233][cascade_classifier.calc_accuracy] Accuracy(layer_0 - train.classifier_average)=82.56%
[ 2019-11-29 18:57:12,234][cascade_classifier.calc_accuracy] Accuracy(layer_0 - test.classifier_average)=77.01%
[ 2019-11-29 18:57:12,235][cascade_classifier.fit_transform] [layer=1] look_indexs=[0], X_cur_train.shape=(774, 109), X_cur_test.shape=(87, 109)
[ 2019-11-29 18:57:13,168][kfold_wrapper.log_eval_metrics] Accuracy(layer_1 - estimator_0 - 5_folds.train_0.predict)=83.33%
[ 2019-11-29 18:57:14,079][kfold_wrapper.log_eval_metrics] Accuracy(layer_1 - estimator_0 - 5_folds.train_1.predict)=84.62%
[ 2019-11-29 18:57:14,942][kfold_wrapper.log_eval_metrics] Accuracy(layer_1 - estimator_0 - 5_folds.train_2.predict)=79.87%
[ 2019-11-29 18:57:15,845][kfold_wrapper.log_eval_metrics] Accuracy(layer_1 - estimator_0 - 5_folds.train_3.predict)=81.17%
[ 2019-11-29 18:57:16,675][kfold_wrapper.log_eval_metrics] Accuracy(layer_1 - estimator_0 - 5_folds.train_4.predict)=81.82%
[ 2019-11-29 18:57:16,675][kfold_wrapper.log_eval_metrics] Accuracy(layer_1 - estimator_0 - 5_folds.train_cv.predict)=82.17%
[ 2019-11-29 18:57:16,675][kfold_wrapper.log_eval_metrics] Accuracy(layer_1 - estimator_0 - 5_folds.test.predict)=77.01%
[ 2019-11-29 18:57:18,852][kfold_wrapper.log_eval_metrics] Accuracy(layer_1 - estimator_1 - 5_folds.train_0.predict)=83.97%
[ 2019-11-29 18:57:21,465][kfold_wrapper.log_eval_metrics] Accuracy(layer_1 - estimator_1 - 5_folds.train_1.predict)=77.56%
[ 2019-11-29 18:57:24,115][kfold_wrapper.log_eval_metrics] Accuracy(layer_1 - estimator_1 - 5_folds.train_2.predict)=86.36%
[ 2019-11-29 18:57:26,842][kfold_wrapper.log_eval_metrics] Accuracy(layer_1 - estimator_1 - 5_folds.train_3.predict)=78.57%
[ 2019-11-29 18:57:29,376][kfold_wrapper.log_eval_metrics] Accuracy(layer_1 - estimator_1 - 5_folds.train_4.predict)=81.82%
[ 2019-11-29 18:57:29,702][kfold_wrapper.log_eval_metrics] Accuracy(layer_1 - estimator_1 - 5_folds.train_cv.predict)=81.65%
[ 2019-11-29 18:57:29,702][kfold_wrapper.log_eval_metrics] Accuracy(layer_1 - estimator_1 - 5_folds.test.predict)=75.86%
[ 2019-11-29 18:57:31,964][kfold_wrapper.log_eval_metrics] Accuracy(layer_1 - estimator_2 - 5_folds.train_0.predict)=80.13%
[ 2019-11-29 18:57:34,410][kfold_wrapper.log_eval_metrics] Accuracy(layer_1 - estimator_2 - 5_folds.train_1.predict)=81.41%
[ 2019-11-29 18:57:36,834][kfold_wrapper.log_eval_metrics] Accuracy(layer_1 - estimator_2 - 5_folds.train_2.predict)=81.82%
[ 2019-11-29 18:57:39,188][kfold_wrapper.log_eval_metrics] Accuracy(layer_1 - estimator_2 - 5_folds.train_3.predict)=87.01%
[ 2019-11-29 18:57:41,752][kfold_wrapper.log_eval_metrics] Accuracy(layer_1 - estimator_2 - 5_folds.train_4.predict)=81.17%
[ 2019-11-29 18:57:42,182][kfold_wrapper.log_eval_metrics] Accuracy(layer_1 - estimator_2 - 5_folds.train_cv.predict)=82.30%
[ 2019-11-29 18:57:42,182][kfold_wrapper.log_eval_metrics] Accuracy(layer_1 - estimator_2 - 5_folds.test.predict)=74.71%
[ 2019-11-29 18:57:42,182][cascade_classifier.calc_accuracy] Accuracy(layer_1 - train.classifier_average)=81.91%
[ 2019-11-29 18:57:42,182][cascade_classifier.calc_accuracy] Accuracy(layer_1 - test.classifier_average)=75.86%
[ 2019-11-29 18:57:42,182][cascade_classifier.fit_transform] [layer=2] look_indexs=[0], X_cur_train.shape=(774, 109), X_cur_test.shape=(87, 109)
[ 2019-11-29 18:57:43,183][kfold_wrapper.log_eval_metrics] Accuracy(layer_2 - estimator_0 - 5_folds.train_0.predict)=83.97%
[ 2019-11-29 18:57:44,073][kfold_wrapper.log_eval_metrics] Accuracy(layer_2 - estimator_0 - 5_folds.train_1.predict)=78.85%
[ 2019-11-29 18:57:45,052][kfold_wrapper.log_eval_metrics] Accuracy(layer_2 - estimator_0 - 5_folds.train_2.predict)=81.82%
[ 2019-11-29 18:57:46,027][kfold_wrapper.log_eval_metrics] Accuracy(layer_2 - estimator_0 - 5_folds.train_3.predict)=79.22%
[ 2019-11-29 18:57:46,968][kfold_wrapper.log_eval_metrics] Accuracy(layer_2 - estimator_0 - 5_folds.train_4.predict)=83.77%
[ 2019-11-29 18:57:46,968][kfold_wrapper.log_eval_metrics] Accuracy(layer_2 - estimator_0 - 5_folds.train_cv.predict)=81.52%
[ 2019-11-29 18:57:46,968][kfold_wrapper.log_eval_metrics] Accuracy(layer_2 - estimator_0 - 5_folds.test.predict)=78.16%
[ 2019-11-29 18:57:49,149][kfold_wrapper.log_eval_metrics] Accuracy(layer_2 - estimator_1 - 5_folds.train_0.predict)=84.62%
[ 2019-11-29 18:57:51,788][kfold_wrapper.log_eval_metrics] Accuracy(layer_2 - estimator_1 - 5_folds.train_1.predict)=79.49%
[ 2019-11-29 18:57:54,262][kfold_wrapper.log_eval_metrics] Accuracy(layer_2 - estimator_1 - 5_folds.train_2.predict)=77.92%
[ 2019-11-29 18:57:56,721][kfold_wrapper.log_eval_metrics] Accuracy(layer_2 - estimator_1 - 5_folds.train_3.predict)=82.47%
[ 2019-11-29 18:57:59,225][kfold_wrapper.log_eval_metrics] Accuracy(layer_2 - estimator_1 - 5_folds.train_4.predict)=76.62%
[ 2019-11-29 18:57:59,540][kfold_wrapper.log_eval_metrics] Accuracy(layer_2 - estimator_1 - 5_folds.train_cv.predict)=80.23%
[ 2019-11-29 18:57:59,548][kfold_wrapper.log_eval_metrics] Accuracy(layer_2 - estimator_1 - 5_folds.test.predict)=72.41%
[ 2019-11-29 18:58:01,607][kfold_wrapper.log_eval_metrics] Accuracy(layer_2 - estimator_2 - 5_folds.train_0.predict)=82.69%
[ 2019-11-29 18:58:04,124][kfold_wrapper.log_eval_metrics] Accuracy(layer_2 - estimator_2 - 5_folds.train_1.predict)=80.13%
[ 2019-11-29 18:58:06,647][kfold_wrapper.log_eval_metrics] Accuracy(layer_2 - estimator_2 - 5_folds.train_2.predict)=81.82%
[ 2019-11-29 18:58:09,146][kfold_wrapper.log_eval_metrics] Accuracy(layer_2 - estimator_2 - 5_folds.train_3.predict)=81.82%
[ 2019-11-29 18:58:11,526][kfold_wrapper.log_eval_metrics] Accuracy(layer_2 - estimator_2 - 5_folds.train_4.predict)=85.71%
[ 2019-11-29 18:58:11,852][kfold_wrapper.log_eval_metrics] Accuracy(layer_2 - estimator_2 - 5_folds.train_cv.predict)=82.43%
[ 2019-11-29 18:58:11,852][kfold_wrapper.log_eval_metrics] Accuracy(layer_2 - estimator_2 - 5_folds.test.predict)=74.71%
[ 2019-11-29 18:58:11,852][cascade_classifier.calc_accuracy] Accuracy(layer_2 - train.classifier_average)=80.88%
[ 2019-11-29 18:58:11,852][cascade_classifier.calc_accuracy] Accuracy(layer_2 - test.classifier_average)=78.16%
[ 2019-11-29 18:58:11,852][cascade_classifier.fit_transform] [layer=3] look_indexs=[0], X_cur_train.shape=(774, 109), X_cur_test.shape=(87, 109)
[ 2019-11-29 18:58:12,675][kfold_wrapper.log_eval_metrics] Accuracy(layer_3 - estimator_0 - 5_folds.train_0.predict)=82.69%
[ 2019-11-29 18:58:13,495][kfold_wrapper.log_eval_metrics] Accuracy(layer_3 - estimator_0 - 5_folds.train_1.predict)=82.69%
[ 2019-11-29 18:58:14,325][kfold_wrapper.log_eval_metrics] Accuracy(layer_3 - estimator_0 - 5_folds.train_2.predict)=80.52%
[ 2019-11-29 18:58:15,107][kfold_wrapper.log_eval_metrics] Accuracy(layer_3 - estimator_0 - 5_folds.train_3.predict)=79.22%
[ 2019-11-29 18:58:15,926][kfold_wrapper.log_eval_metrics] Accuracy(layer_3 - estimator_0 - 5_folds.train_4.predict)=82.47%
[ 2019-11-29 18:58:15,931][kfold_wrapper.log_eval_metrics] Accuracy(layer_3 - estimator_0 - 5_folds.train_cv.predict)=81.52%
[ 2019-11-29 18:58:15,931][kfold_wrapper.log_eval_metrics] Accuracy(layer_3 - estimator_0 - 5_folds.test.predict)=75.86%
[ 2019-11-29 18:58:18,077][kfold_wrapper.log_eval_metrics] Accuracy(layer_3 - estimator_1 - 5_folds.train_0.predict)=83.97%
[ 2019-11-29 18:58:20,786][kfold_wrapper.log_eval_metrics] Accuracy(layer_3 - estimator_1 - 5_folds.train_1.predict)=81.41%
[ 2019-11-29 18:58:23,557][kfold_wrapper.log_eval_metrics] Accuracy(layer_3 - estimator_1 - 5_folds.train_2.predict)=79.22%
[ 2019-11-29 18:58:26,315][kfold_wrapper.log_eval_metrics] Accuracy(layer_3 - estimator_1 - 5_folds.train_3.predict)=76.62%
[ 2019-11-29 18:58:28,992][kfold_wrapper.log_eval_metrics] Accuracy(layer_3 - estimator_1 - 5_folds.train_4.predict)=84.42%
[ 2019-11-29 18:58:29,412][kfold_wrapper.log_eval_metrics] Accuracy(layer_3 - estimator_1 - 5_folds.train_cv.predict)=81.14%
[ 2019-11-29 18:58:29,412][kfold_wrapper.log_eval_metrics] Accuracy(layer_3 - estimator_1 - 5_folds.test.predict)=73.56%
[ 2019-11-29 18:58:31,493][kfold_wrapper.log_eval_metrics] Accuracy(layer_3 - estimator_2 - 5_folds.train_0.predict)=77.56%
[ 2019-11-29 18:58:33,930][kfold_wrapper.log_eval_metrics] Accuracy(layer_3 - estimator_2 - 5_folds.train_1.predict)=80.13%
[ 2019-11-29 18:58:36,311][kfold_wrapper.log_eval_metrics] Accuracy(layer_3 - estimator_2 - 5_folds.train_2.predict)=84.42%
[ 2019-11-29 18:58:38,664][kfold_wrapper.log_eval_metrics] Accuracy(layer_3 - estimator_2 - 5_folds.train_3.predict)=83.12%
[ 2019-11-29 18:58:41,017][kfold_wrapper.log_eval_metrics] Accuracy(layer_3 - estimator_2 - 5_folds.train_4.predict)=80.52%
[ 2019-11-29 18:58:41,336][kfold_wrapper.log_eval_metrics] Accuracy(layer_3 - estimator_2 - 5_folds.train_cv.predict)=81.14%
[ 2019-11-29 18:58:41,337][kfold_wrapper.log_eval_metrics] Accuracy(layer_3 - estimator_2 - 5_folds.test.predict)=75.86%
[ 2019-11-29 18:58:41,337][cascade_classifier.calc_accuracy] Accuracy(layer_3 - train.classifier_average)=81.91%
[ 2019-11-29 18:58:41,337][cascade_classifier.calc_accuracy] Accuracy(layer_3 - test.classifier_average)=75.86%
[ 2019-11-29 18:58:41,338][cascade_classifier.fit_transform] [layer=4] look_indexs=[0], X_cur_train.shape=(774, 109), X_cur_test.shape=(87, 109)
[ 2019-11-29 18:58:42,160][kfold_wrapper.log_eval_metrics] Accuracy(layer_4 - estimator_0 - 5_folds.train_0.predict)=84.62%
[ 2019-11-29 18:58:42,985][kfold_wrapper.log_eval_metrics] Accuracy(layer_4 - estimator_0 - 5_folds.train_1.predict)=83.97%
[ 2019-11-29 18:58:43,819][kfold_wrapper.log_eval_metrics] Accuracy(layer_4 - estimator_0 - 5_folds.train_2.predict)=81.17%
[ 2019-11-29 18:58:44,609][kfold_wrapper.log_eval_metrics] Accuracy(layer_4 - estimator_0 - 5_folds.train_3.predict)=74.03%
[ 2019-11-29 18:58:45,404][kfold_wrapper.log_eval_metrics] Accuracy(layer_4 - estimator_0 - 5_folds.train_4.predict)=83.12%
[ 2019-11-29 18:58:45,404][kfold_wrapper.log_eval_metrics] Accuracy(layer_4 - estimator_0 - 5_folds.train_cv.predict)=81.40%
[ 2019-11-29 18:58:45,404][kfold_wrapper.log_eval_metrics] Accuracy(layer_4 - estimator_0 - 5_folds.test.predict)=75.86%
[ 2019-11-29 18:58:47,570][kfold_wrapper.log_eval_metrics] Accuracy(layer_4 - estimator_1 - 5_folds.train_0.predict)=83.33%
[ 2019-11-29 18:58:50,046][kfold_wrapper.log_eval_metrics] Accuracy(layer_4 - estimator_1 - 5_folds.train_1.predict)=84.62%
[ 2019-11-29 18:58:52,517][kfold_wrapper.log_eval_metrics] Accuracy(layer_4 - estimator_1 - 5_folds.train_2.predict)=79.87%
[ 2019-11-29 18:58:54,993][kfold_wrapper.log_eval_metrics] Accuracy(layer_4 - estimator_1 - 5_folds.train_3.predict)=82.47%
[ 2019-11-29 18:58:57,475][kfold_wrapper.log_eval_metrics] Accuracy(layer_4 - estimator_1 - 5_folds.train_4.predict)=79.22%
[ 2019-11-29 18:58:57,793][kfold_wrapper.log_eval_metrics] Accuracy(layer_4 - estimator_1 - 5_folds.train_cv.predict)=81.91%
[ 2019-11-29 18:58:57,793][kfold_wrapper.log_eval_metrics] Accuracy(layer_4 - estimator_1 - 5_folds.test.predict)=73.56%
[ 2019-11-29 18:58:59,790][kfold_wrapper.log_eval_metrics] Accuracy(layer_4 - estimator_2 - 5_folds.train_0.predict)=83.97%
[ 2019-11-29 18:59:02,108][kfold_wrapper.log_eval_metrics] Accuracy(layer_4 - estimator_2 - 5_folds.train_1.predict)=85.90%
[ 2019-11-29 18:59:04,552][kfold_wrapper.log_eval_metrics] Accuracy(layer_4 - estimator_2 - 5_folds.train_2.predict)=78.57%
[ 2019-11-29 18:59:06,891][kfold_wrapper.log_eval_metrics] Accuracy(layer_4 - estimator_2 - 5_folds.train_3.predict)=79.22%
[ 2019-11-29 18:59:09,228][kfold_wrapper.log_eval_metrics] Accuracy(layer_4 - estimator_2 - 5_folds.train_4.predict)=84.42%
[ 2019-11-29 18:59:09,542][kfold_wrapper.log_eval_metrics] Accuracy(layer_4 - estimator_2 - 5_folds.train_cv.predict)=82.43%
[ 2019-11-29 18:59:09,542][kfold_wrapper.log_eval_metrics] Accuracy(layer_4 - estimator_2 - 5_folds.test.predict)=73.56%
[ 2019-11-29 18:59:09,542][cascade_classifier.calc_accuracy] Accuracy(layer_4 - train.classifier_average)=82.56%
[ 2019-11-29 18:59:09,542][cascade_classifier.calc_accuracy] Accuracy(layer_4 - test.classifier_average)=77.01%
[ 2019-11-29 18:59:09,542][cascade_classifier.fit_transform] [layer=5] look_indexs=[0], X_cur_train.shape=(774, 109), X_cur_test.shape=(87, 109)
[ 2019-11-29 18:59:10,368][kfold_wrapper.log_eval_metrics] Accuracy(layer_5 - estimator_0 - 5_folds.train_0.predict)=80.13%
[ 2019-11-29 18:59:11,284][kfold_wrapper.log_eval_metrics] Accuracy(layer_5 - estimator_0 - 5_folds.train_1.predict)=84.62%
[ 2019-11-29 18:59:12,115][kfold_wrapper.log_eval_metrics] Accuracy(layer_5 - estimator_0 - 5_folds.train_2.predict)=79.22%
[ 2019-11-29 18:59:12,938][kfold_wrapper.log_eval_metrics] Accuracy(layer_5 - estimator_0 - 5_folds.train_3.predict)=81.17%
[ 2019-11-29 18:59:13,754][kfold_wrapper.log_eval_metrics] Accuracy(layer_5 - estimator_0 - 5_folds.train_4.predict)=77.92%
[ 2019-11-29 18:59:13,754][kfold_wrapper.log_eval_metrics] Accuracy(layer_5 - estimator_0 - 5_folds.train_cv.predict)=80.62%
[ 2019-11-29 18:59:13,754][kfold_wrapper.log_eval_metrics] Accuracy(layer_5 - estimator_0 - 5_folds.test.predict)=74.71%
[ 2019-11-29 18:59:16,019][kfold_wrapper.log_eval_metrics] Accuracy(layer_5 - estimator_1 - 5_folds.train_0.predict)=83.97%
[ 2019-11-29 18:59:18,689][kfold_wrapper.log_eval_metrics] Accuracy(layer_5 - estimator_1 - 5_folds.train_1.predict)=80.77%
[ 2019-11-29 18:59:21,180][kfold_wrapper.log_eval_metrics] Accuracy(layer_5 - estimator_1 - 5_folds.train_2.predict)=85.71%
[ 2019-11-29 18:59:23,687][kfold_wrapper.log_eval_metrics] Accuracy(layer_5 - estimator_1 - 5_folds.train_3.predict)=79.87%
[ 2019-11-29 18:59:26,153][kfold_wrapper.log_eval_metrics] Accuracy(layer_5 - estimator_1 - 5_folds.train_4.predict)=78.57%
[ 2019-11-29 18:59:26,465][kfold_wrapper.log_eval_metrics] Accuracy(layer_5 - estimator_1 - 5_folds.train_cv.predict)=81.78%
[ 2019-11-29 18:59:26,465][kfold_wrapper.log_eval_metrics] Accuracy(layer_5 - estimator_1 - 5_folds.test.predict)=73.56%
[ 2019-11-29 18:59:28,483][kfold_wrapper.log_eval_metrics] Accuracy(layer_5 - estimator_2 - 5_folds.train_0.predict)=85.90%
[ 2019-11-29 18:59:30,942][kfold_wrapper.log_eval_metrics] Accuracy(layer_5 - estimator_2 - 5_folds.train_1.predict)=79.49%
[ 2019-11-29 18:59:33,380][kfold_wrapper.log_eval_metrics] Accuracy(layer_5 - estimator_2 - 5_folds.train_2.predict)=83.77%
[ 2019-11-29 18:59:35,703][kfold_wrapper.log_eval_metrics] Accuracy(layer_5 - estimator_2 - 5_folds.train_3.predict)=87.01%
[ 2019-11-29 18:59:38,049][kfold_wrapper.log_eval_metrics] Accuracy(layer_5 - estimator_2 - 5_folds.train_4.predict)=79.22%
[ 2019-11-29 18:59:38,471][kfold_wrapper.log_eval_metrics] Accuracy(layer_5 - estimator_2 - 5_folds.train_cv.predict)=83.07%
[ 2019-11-29 18:59:38,471][kfold_wrapper.log_eval_metrics] Accuracy(layer_5 - estimator_2 - 5_folds.test.predict)=75.86%
[ 2019-11-29 18:59:38,471][cascade_classifier.calc_accuracy] Accuracy(layer_5 - train.classifier_average)=81.40%
[ 2019-11-29 18:59:38,471][cascade_classifier.calc_accuracy] Accuracy(layer_5 - test.classifier_average)=74.71%
[ 2019-11-29 18:59:38,471][cascade_classifier.fit_transform] [Result][Optimal Level Detected] opt_layer_num=1, accuracy_train=82.56%, accuracy_test=77.01%
[ 2019-11-29 18:59:38,599][cascade_classifier.transform] X_groups_test.shape=[(87, 103, 1, 1)]
[ 2019-11-29 18:59:38,599][cascade_classifier.transform] group_dims=[103]
[ 2019-11-29 18:59:38,599][cascade_classifier.transform] X_test.shape=(87, 103)
[ 2019-11-29 18:59:38,599][cascade_classifier.transform] [layer=0] look_indexs=[0], X_cur_test.shape=(87, 103)
[ 2019-11-29 18:59:41,760][cascade_classifier.transform] X_groups_test.shape=[(87, 103, 1, 1)]
[ 2019-11-29 18:59:41,760][cascade_classifier.transform] group_dims=[103]
[ 2019-11-29 18:59:41,760][cascade_classifier.transform] X_test.shape=(87, 103)
[ 2019-11-29 18:59:41,760][cascade_classifier.transform] [layer=0] look_indexs=[0], X_cur_test.shape=(87, 103)
[ 2019-11-29 18:59:46,905][cascade_classifier.fit_transform] X_groups_train.shape=[(774, 103, 1, 1)],y_train.shape=(774,),X_groups_test.shape=[(87, 103, 1, 1)],y_test.shape=(87,)
[ 2019-11-29 18:59:46,906][cascade_classifier.fit_transform] group_dims=[103]
[ 2019-11-29 18:59:46,906][cascade_classifier.fit_transform] group_starts=[0]
[ 2019-11-29 18:59:46,906][cascade_classifier.fit_transform] group_ends=[103]
[ 2019-11-29 18:59:46,907][cascade_classifier.fit_transform] X_train.shape=(774, 103),X_test.shape=(87, 103)
[ 2019-11-29 18:59:46,907][cascade_classifier.fit_transform] [layer=0] look_indexs=[0], X_cur_train.shape=(774, 103), X_cur_test.shape=(87, 103)
[ 2019-11-29 18:59:47,733][kfold_wrapper.log_eval_metrics] Accuracy(layer_0 - estimator_0 - 5_folds.train_0.predict)=80.77%
[ 2019-11-29 18:59:48,584][kfold_wrapper.log_eval_metrics] Accuracy(layer_0 - estimator_0 - 5_folds.train_1.predict)=81.94%
[ 2019-11-29 18:59:49,452][kfold_wrapper.log_eval_metrics] Accuracy(layer_0 - estimator_0 - 5_folds.train_2.predict)=83.87%
[ 2019-11-29 18:59:50,470][kfold_wrapper.log_eval_metrics] Accuracy(layer_0 - estimator_0 - 5_folds.train_3.predict)=83.77%
[ 2019-11-29 18:59:51,392][kfold_wrapper.log_eval_metrics] Accuracy(layer_0 - estimator_0 - 5_folds.train_4.predict)=79.87%
[ 2019-11-29 18:59:51,394][kfold_wrapper.log_eval_metrics] Accuracy(layer_0 - estimator_0 - 5_folds.train_cv.predict)=82.04%
[ 2019-11-29 18:59:51,394][kfold_wrapper.log_eval_metrics] Accuracy(layer_0 - estimator_0 - 5_folds.test.predict)=80.46%
[ 2019-11-29 18:59:53,672][kfold_wrapper.log_eval_metrics] Accuracy(layer_0 - estimator_1 - 5_folds.train_0.predict)=79.49%
[ 2019-11-29 18:59:56,356][kfold_wrapper.log_eval_metrics] Accuracy(layer_0 - estimator_1 - 5_folds.train_1.predict)=74.84%
[ 2019-11-29 18:59:59,061][kfold_wrapper.log_eval_metrics] Accuracy(layer_0 - estimator_1 - 5_folds.train_2.predict)=80.00%
[ 2019-11-29 19:00:02,100][kfold_wrapper.log_eval_metrics] Accuracy(layer_0 - estimator_1 - 5_folds.train_3.predict)=84.42%
[ 2019-11-29 19:00:05,645][kfold_wrapper.log_eval_metrics] Accuracy(layer_0 - estimator_1 - 5_folds.train_4.predict)=86.36%
[ 2019-11-29 19:00:05,967][kfold_wrapper.log_eval_metrics] Accuracy(layer_0 - estimator_1 - 5_folds.train_cv.predict)=81.01%
[ 2019-11-29 19:00:05,968][kfold_wrapper.log_eval_metrics] Accuracy(layer_0 - estimator_1 - 5_folds.test.predict)=83.91%
[ 2019-11-29 19:00:08,489][kfold_wrapper.log_eval_metrics] Accuracy(layer_0 - estimator_2 - 5_folds.train_0.predict)=80.13%
[ 2019-11-29 19:00:11,019][kfold_wrapper.log_eval_metrics] Accuracy(layer_0 - estimator_2 - 5_folds.train_1.predict)=81.29%
[ 2019-11-29 19:00:13,336][kfold_wrapper.log_eval_metrics] Accuracy(layer_0 - estimator_2 - 5_folds.train_2.predict)=83.23%
[ 2019-11-29 19:00:15,640][kfold_wrapper.log_eval_metrics] Accuracy(layer_0 - estimator_2 - 5_folds.train_3.predict)=80.52%
[ 2019-11-29 19:00:17,963][kfold_wrapper.log_eval_metrics] Accuracy(layer_0 - estimator_2 - 5_folds.train_4.predict)=79.22%
[ 2019-11-29 19:00:18,277][kfold_wrapper.log_eval_metrics] Accuracy(layer_0 - estimator_2 - 5_folds.train_cv.predict)=80.88%
[ 2019-11-29 19:00:18,277][kfold_wrapper.log_eval_metrics] Accuracy(layer_0 - estimator_2 - 5_folds.test.predict)=82.76%
[ 2019-11-29 19:00:18,277][cascade_classifier.calc_accuracy] Accuracy(layer_0 - train.classifier_average)=82.43%
[ 2019-11-29 19:00:18,278][cascade_classifier.calc_accuracy] Accuracy(layer_0 - test.classifier_average)=81.61%
[ 2019-11-29 19:00:18,278][cascade_classifier.fit_transform] [layer=1] look_indexs=[0], X_cur_train.shape=(774, 109), X_cur_test.shape=(87, 109)
[ 2019-11-29 19:00:19,096][kfold_wrapper.log_eval_metrics] Accuracy(layer_1 - estimator_0 - 5_folds.train_0.predict)=77.56%
[ 2019-11-29 19:00:19,945][kfold_wrapper.log_eval_metrics] Accuracy(layer_1 - estimator_0 - 5_folds.train_1.predict)=85.81%
[ 2019-11-29 19:00:20,770][kfold_wrapper.log_eval_metrics] Accuracy(layer_1 - estimator_0 - 5_folds.train_2.predict)=78.71%
[ 2019-11-29 19:00:21,599][kfold_wrapper.log_eval_metrics] Accuracy(layer_1 - estimator_0 - 5_folds.train_3.predict)=80.52%
[ 2019-11-29 19:00:22,436][kfold_wrapper.log_eval_metrics] Accuracy(layer_1 - estimator_0 - 5_folds.train_4.predict)=78.57%
[ 2019-11-29 19:00:22,441][kfold_wrapper.log_eval_metrics] Accuracy(layer_1 - estimator_0 - 5_folds.train_cv.predict)=80.23%
[ 2019-11-29 19:00:22,441][kfold_wrapper.log_eval_metrics] Accuracy(layer_1 - estimator_0 - 5_folds.test.predict)=80.46%
[ 2019-11-29 19:00:24,613][kfold_wrapper.log_eval_metrics] Accuracy(layer_1 - estimator_1 - 5_folds.train_0.predict)=81.41%
[ 2019-11-29 19:00:27,096][kfold_wrapper.log_eval_metrics] Accuracy(layer_1 - estimator_1 - 5_folds.train_1.predict)=84.52%
[ 2019-11-29 19:00:29,576][kfold_wrapper.log_eval_metrics] Accuracy(layer_1 - estimator_1 - 5_folds.train_2.predict)=84.52%
[ 2019-11-29 19:00:32,060][kfold_wrapper.log_eval_metrics] Accuracy(layer_1 - estimator_1 - 5_folds.train_3.predict)=77.27%
[ 2019-11-29 19:00:34,547][kfold_wrapper.log_eval_metrics] Accuracy(layer_1 - estimator_1 - 5_folds.train_4.predict)=77.92%
[ 2019-11-29 19:00:34,857][kfold_wrapper.log_eval_metrics] Accuracy(layer_1 - estimator_1 - 5_folds.train_cv.predict)=81.14%
[ 2019-11-29 19:00:34,857][kfold_wrapper.log_eval_metrics] Accuracy(layer_1 - estimator_1 - 5_folds.test.predict)=82.76%
[ 2019-11-29 19:00:36,867][kfold_wrapper.log_eval_metrics] Accuracy(layer_1 - estimator_2 - 5_folds.train_0.predict)=83.33%
[ 2019-11-29 19:00:39,381][kfold_wrapper.log_eval_metrics] Accuracy(layer_1 - estimator_2 - 5_folds.train_1.predict)=82.58%
[ 2019-11-29 19:00:41,696][kfold_wrapper.log_eval_metrics] Accuracy(layer_1 - estimator_2 - 5_folds.train_2.predict)=80.65%
[ 2019-11-29 19:00:44,147][kfold_wrapper.log_eval_metrics] Accuracy(layer_1 - estimator_2 - 5_folds.train_3.predict)=86.36%
[ 2019-11-29 19:00:46,475][kfold_wrapper.log_eval_metrics] Accuracy(layer_1 - estimator_2 - 5_folds.train_4.predict)=83.12%
[ 2019-11-29 19:00:46,798][kfold_wrapper.log_eval_metrics] Accuracy(layer_1 - estimator_2 - 5_folds.train_cv.predict)=83.20%
[ 2019-11-29 19:00:46,798][kfold_wrapper.log_eval_metrics] Accuracy(layer_1 - estimator_2 - 5_folds.test.predict)=83.91%
[ 2019-11-29 19:00:46,798][cascade_classifier.calc_accuracy] Accuracy(layer_1 - train.classifier_average)=81.14%
[ 2019-11-29 19:00:46,798][cascade_classifier.calc_accuracy] Accuracy(layer_1 - test.classifier_average)=81.61%
[ 2019-11-29 19:00:46,798][cascade_classifier.fit_transform] [layer=2] look_indexs=[0], X_cur_train.shape=(774, 109), X_cur_test.shape=(87, 109)
[ 2019-11-29 19:00:47,616][kfold_wrapper.log_eval_metrics] Accuracy(layer_2 - estimator_0 - 5_folds.train_0.predict)=82.69%
[ 2019-11-29 19:00:48,448][kfold_wrapper.log_eval_metrics] Accuracy(layer_2 - estimator_0 - 5_folds.train_1.predict)=79.35%
[ 2019-11-29 19:00:49,288][kfold_wrapper.log_eval_metrics] Accuracy(layer_2 - estimator_0 - 5_folds.train_2.predict)=81.94%
[ 2019-11-29 19:00:50,105][kfold_wrapper.log_eval_metrics] Accuracy(layer_2 - estimator_0 - 5_folds.train_3.predict)=79.22%
[ 2019-11-29 19:00:50,909][kfold_wrapper.log_eval_metrics] Accuracy(layer_2 - estimator_0 - 5_folds.train_4.predict)=75.32%
[ 2019-11-29 19:00:50,919][kfold_wrapper.log_eval_metrics] Accuracy(layer_2 - estimator_0 - 5_folds.train_cv.predict)=79.72%
[ 2019-11-29 19:00:50,919][kfold_wrapper.log_eval_metrics] Accuracy(layer_2 - estimator_0 - 5_folds.test.predict)=82.76%
[ 2019-11-29 19:00:53,094][kfold_wrapper.log_eval_metrics] Accuracy(layer_2 - estimator_1 - 5_folds.train_0.predict)=84.62%
[ 2019-11-29 19:00:55,582][kfold_wrapper.log_eval_metrics] Accuracy(layer_2 - estimator_1 - 5_folds.train_1.predict)=82.58%
[ 2019-11-29 19:00:58,083][kfold_wrapper.log_eval_metrics] Accuracy(layer_2 - estimator_1 - 5_folds.train_2.predict)=81.29%
[ 2019-11-29 19:01:00,552][kfold_wrapper.log_eval_metrics] Accuracy(layer_2 - estimator_1 - 5_folds.train_3.predict)=83.77%
[ 2019-11-29 19:01:03,032][kfold_wrapper.log_eval_metrics] Accuracy(layer_2 - estimator_1 - 5_folds.train_4.predict)=81.82%
[ 2019-11-29 19:01:03,344][kfold_wrapper.log_eval_metrics] Accuracy(layer_2 - estimator_1 - 5_folds.train_cv.predict)=82.82%
[ 2019-11-29 19:01:03,344][kfold_wrapper.log_eval_metrics] Accuracy(layer_2 - estimator_1 - 5_folds.test.predict)=82.76%
[ 2019-11-29 19:01:05,339][kfold_wrapper.log_eval_metrics] Accuracy(layer_2 - estimator_2 - 5_folds.train_0.predict)=80.77%
[ 2019-11-29 19:01:07,658][kfold_wrapper.log_eval_metrics] Accuracy(layer_2 - estimator_2 - 5_folds.train_1.predict)=83.87%
[ 2019-11-29 19:01:09,968][kfold_wrapper.log_eval_metrics] Accuracy(layer_2 - estimator_2 - 5_folds.train_2.predict)=83.87%
[ 2019-11-29 19:01:12,274][kfold_wrapper.log_eval_metrics] Accuracy(layer_2 - estimator_2 - 5_folds.train_3.predict)=83.77%
[ 2019-11-29 19:01:14,586][kfold_wrapper.log_eval_metrics] Accuracy(layer_2 - estimator_2 - 5_folds.train_4.predict)=81.17%
[ 2019-11-29 19:01:14,904][kfold_wrapper.log_eval_metrics] Accuracy(layer_2 - estimator_2 - 5_folds.train_cv.predict)=82.69%
[ 2019-11-29 19:01:14,904][kfold_wrapper.log_eval_metrics] Accuracy(layer_2 - estimator_2 - 5_folds.test.predict)=83.91%
[ 2019-11-29 19:01:14,904][cascade_classifier.calc_accuracy] Accuracy(layer_2 - train.classifier_average)=81.40%
[ 2019-11-29 19:01:14,904][cascade_classifier.calc_accuracy] Accuracy(layer_2 - test.classifier_average)=82.76%
[ 2019-11-29 19:01:14,904][cascade_classifier.fit_transform] [layer=3] look_indexs=[0], X_cur_train.shape=(774, 109), X_cur_test.shape=(87, 109)
[ 2019-11-29 19:01:15,699][kfold_wrapper.log_eval_metrics] Accuracy(layer_3 - estimator_0 - 5_folds.train_0.predict)=79.49%
[ 2019-11-29 19:01:16,545][kfold_wrapper.log_eval_metrics] Accuracy(layer_3 - estimator_0 - 5_folds.train_1.predict)=87.10%
[ 2019-11-29 19:01:17,388][kfold_wrapper.log_eval_metrics] Accuracy(layer_3 - estimator_0 - 5_folds.train_2.predict)=80.65%
[ 2019-11-29 19:01:18,192][kfold_wrapper.log_eval_metrics] Accuracy(layer_3 - estimator_0 - 5_folds.train_3.predict)=77.92%
[ 2019-11-29 19:01:18,989][kfold_wrapper.log_eval_metrics] Accuracy(layer_3 - estimator_0 - 5_folds.train_4.predict)=77.27%
[ 2019-11-29 19:01:18,994][kfold_wrapper.log_eval_metrics] Accuracy(layer_3 - estimator_0 - 5_folds.train_cv.predict)=80.49%
[ 2019-11-29 19:01:18,994][kfold_wrapper.log_eval_metrics] Accuracy(layer_3 - estimator_0 - 5_folds.test.predict)=82.76%
[ 2019-11-29 19:01:21,152][kfold_wrapper.log_eval_metrics] Accuracy(layer_3 - estimator_1 - 5_folds.train_0.predict)=82.05%
[ 2019-11-29 19:01:23,633][kfold_wrapper.log_eval_metrics] Accuracy(layer_3 - estimator_1 - 5_folds.train_1.predict)=81.29%
[ 2019-11-29 19:01:26,095][kfold_wrapper.log_eval_metrics] Accuracy(layer_3 - estimator_1 - 5_folds.train_2.predict)=78.71%
[ 2019-11-29 19:01:28,559][kfold_wrapper.log_eval_metrics] Accuracy(layer_3 - estimator_1 - 5_folds.train_3.predict)=87.01%
[ 2019-11-29 19:01:31,040][kfold_wrapper.log_eval_metrics] Accuracy(layer_3 - estimator_1 - 5_folds.train_4.predict)=83.12%
[ 2019-11-29 19:01:31,355][kfold_wrapper.log_eval_metrics] Accuracy(layer_3 - estimator_1 - 5_folds.train_cv.predict)=82.43%
[ 2019-11-29 19:01:31,362][kfold_wrapper.log_eval_metrics] Accuracy(layer_3 - estimator_1 - 5_folds.test.predict)=81.61%
[ 2019-11-29 19:01:33,361][kfold_wrapper.log_eval_metrics] Accuracy(layer_3 - estimator_2 - 5_folds.train_0.predict)=86.54%
[ 2019-11-29 19:01:35,692][kfold_wrapper.log_eval_metrics] Accuracy(layer_3 - estimator_2 - 5_folds.train_1.predict)=76.13%
[ 2019-11-29 19:01:38,003][kfold_wrapper.log_eval_metrics] Accuracy(layer_3 - estimator_2 - 5_folds.train_2.predict)=82.58%
[ 2019-11-29 19:01:40,366][kfold_wrapper.log_eval_metrics] Accuracy(layer_3 - estimator_2 - 5_folds.train_3.predict)=75.97%
[ 2019-11-29 19:01:42,721][kfold_wrapper.log_eval_metrics] Accuracy(layer_3 - estimator_2 - 5_folds.train_4.predict)=86.36%
[ 2019-11-29 19:01:43,041][kfold_wrapper.log_eval_metrics] Accuracy(layer_3 - estimator_2 - 5_folds.train_cv.predict)=81.52%
[ 2019-11-29 19:01:43,041][kfold_wrapper.log_eval_metrics] Accuracy(layer_3 - estimator_2 - 5_folds.test.predict)=83.91%
[ 2019-11-29 19:01:43,041][cascade_classifier.calc_accuracy] Accuracy(layer_3 - train.classifier_average)=81.52%
[ 2019-11-29 19:01:43,041][cascade_classifier.calc_accuracy] Accuracy(layer_3 - test.classifier_average)=81.61%
[ 2019-11-29 19:01:43,041][cascade_classifier.fit_transform] [layer=4] look_indexs=[0], X_cur_train.shape=(774, 109), X_cur_test.shape=(87, 109)
[ 2019-11-29 19:01:43,875][kfold_wrapper.log_eval_metrics] Accuracy(layer_4 - estimator_0 - 5_folds.train_0.predict)=80.77%
[ 2019-11-29 19:01:44,625][kfold_wrapper.log_eval_metrics] Accuracy(layer_4 - estimator_0 - 5_folds.train_1.predict)=72.90%
[ 2019-11-29 19:01:45,457][kfold_wrapper.log_eval_metrics] Accuracy(layer_4 - estimator_0 - 5_folds.train_2.predict)=82.58%
[ 2019-11-29 19:01:46,294][kfold_wrapper.log_eval_metrics] Accuracy(layer_4 - estimator_0 - 5_folds.train_3.predict)=83.12%
[ 2019-11-29 19:01:47,129][kfold_wrapper.log_eval_metrics] Accuracy(layer_4 - estimator_0 - 5_folds.train_4.predict)=82.47%
[ 2019-11-29 19:01:47,129][kfold_wrapper.log_eval_metrics] Accuracy(layer_4 - estimator_0 - 5_folds.train_cv.predict)=80.36%
[ 2019-11-29 19:01:47,129][kfold_wrapper.log_eval_metrics] Accuracy(layer_4 - estimator_0 - 5_folds.test.predict)=81.61%
[ 2019-11-29 19:01:49,303][kfold_wrapper.log_eval_metrics] Accuracy(layer_4 - estimator_1 - 5_folds.train_0.predict)=78.85%
[ 2019-11-29 19:01:51,788][kfold_wrapper.log_eval_metrics] Accuracy(layer_4 - estimator_1 - 5_folds.train_1.predict)=78.06%
[ 2019-11-29 19:01:54,282][kfold_wrapper.log_eval_metrics] Accuracy(layer_4 - estimator_1 - 5_folds.train_2.predict)=82.58%
[ 2019-11-29 19:01:56,763][kfold_wrapper.log_eval_metrics] Accuracy(layer_4 - estimator_1 - 5_folds.train_3.predict)=83.12%
[ 2019-11-29 19:01:59,257][kfold_wrapper.log_eval_metrics] Accuracy(layer_4 - estimator_1 - 5_folds.train_4.predict)=81.82%
[ 2019-11-29 19:01:59,584][kfold_wrapper.log_eval_metrics] Accuracy(layer_4 - estimator_1 - 5_folds.train_cv.predict)=80.88%
[ 2019-11-29 19:01:59,584][kfold_wrapper.log_eval_metrics] Accuracy(layer_4 - estimator_1 - 5_folds.test.predict)=81.61%
[ 2019-11-29 19:02:01,586][kfold_wrapper.log_eval_metrics] Accuracy(layer_4 - estimator_2 - 5_folds.train_0.predict)=80.77%
[ 2019-11-29 19:02:03,884][kfold_wrapper.log_eval_metrics] Accuracy(layer_4 - estimator_2 - 5_folds.train_1.predict)=83.23%
[ 2019-11-29 19:02:06,182][kfold_wrapper.log_eval_metrics] Accuracy(layer_4 - estimator_2 - 5_folds.train_2.predict)=83.23%
[ 2019-11-29 19:02:08,512][kfold_wrapper.log_eval_metrics] Accuracy(layer_4 - estimator_2 - 5_folds.train_3.predict)=86.36%
[ 2019-11-29 19:02:10,843][kfold_wrapper.log_eval_metrics] Accuracy(layer_4 - estimator_2 - 5_folds.train_4.predict)=77.92%
[ 2019-11-29 19:02:11,159][kfold_wrapper.log_eval_metrics] Accuracy(layer_4 - estimator_2 - 5_folds.train_cv.predict)=82.30%
[ 2019-11-29 19:02:11,159][kfold_wrapper.log_eval_metrics] Accuracy(layer_4 - estimator_2 - 5_folds.test.predict)=81.61%
[ 2019-11-29 19:02:11,159][cascade_classifier.calc_accuracy] Accuracy(layer_4 - train.classifier_average)=81.65%
[ 2019-11-29 19:02:11,159][cascade_classifier.calc_accuracy] Accuracy(layer_4 - test.classifier_average)=81.61%
[ 2019-11-29 19:02:11,159][cascade_classifier.fit_transform] [layer=5] look_indexs=[0], X_cur_train.shape=(774, 109), X_cur_test.shape=(87, 109)
[ 2019-11-29 19:02:12,000][kfold_wrapper.log_eval_metrics] Accuracy(layer_5 - estimator_0 - 5_folds.train_0.predict)=83.97%
[ 2019-11-29 19:02:12,824][kfold_wrapper.log_eval_metrics] Accuracy(layer_5 - estimator_0 - 5_folds.train_1.predict)=76.13%
[ 2019-11-29 19:02:13,652][kfold_wrapper.log_eval_metrics] Accuracy(layer_5 - estimator_0 - 5_folds.train_2.predict)=81.29%
[ 2019-11-29 19:02:14,455][kfold_wrapper.log_eval_metrics] Accuracy(layer_5 - estimator_0 - 5_folds.train_3.predict)=74.03%
[ 2019-11-29 19:02:15,278][kfold_wrapper.log_eval_metrics] Accuracy(layer_5 - estimator_0 - 5_folds.train_4.predict)=84.42%
[ 2019-11-29 19:02:15,283][kfold_wrapper.log_eval_metrics] Accuracy(layer_5 - estimator_0 - 5_folds.train_cv.predict)=79.97%
[ 2019-11-29 19:02:15,283][kfold_wrapper.log_eval_metrics] Accuracy(layer_5 - estimator_0 - 5_folds.test.predict)=81.61%
[ 2019-11-29 19:02:17,442][kfold_wrapper.log_eval_metrics] Accuracy(layer_5 - estimator_1 - 5_folds.train_0.predict)=76.28%
[ 2019-11-29 19:02:19,932][kfold_wrapper.log_eval_metrics] Accuracy(layer_5 - estimator_1 - 5_folds.train_1.predict)=85.81%
[ 2019-11-29 19:02:22,425][kfold_wrapper.log_eval_metrics] Accuracy(layer_5 - estimator_1 - 5_folds.train_2.predict)=83.23%
[ 2019-11-29 19:02:24,906][kfold_wrapper.log_eval_metrics] Accuracy(layer_5 - estimator_1 - 5_folds.train_3.predict)=79.87%
[ 2019-11-29 19:02:27,376][kfold_wrapper.log_eval_metrics] Accuracy(layer_5 - estimator_1 - 5_folds.train_4.predict)=85.06%
[ 2019-11-29 19:02:27,694][kfold_wrapper.log_eval_metrics] Accuracy(layer_5 - estimator_1 - 5_folds.train_cv.predict)=82.04%
[ 2019-11-29 19:02:27,694][kfold_wrapper.log_eval_metrics] Accuracy(layer_5 - estimator_1 - 5_folds.test.predict)=82.76%
[ 2019-11-29 19:02:29,693][kfold_wrapper.log_eval_metrics] Accuracy(layer_5 - estimator_2 - 5_folds.train_0.predict)=77.56%
[ 2019-11-29 19:02:32,013][kfold_wrapper.log_eval_metrics] Accuracy(layer_5 - estimator_2 - 5_folds.train_1.predict)=80.00%
[ 2019-11-29 19:02:34,321][kfold_wrapper.log_eval_metrics] Accuracy(layer_5 - estimator_2 - 5_folds.train_2.predict)=85.81%
[ 2019-11-29 19:02:36,641][kfold_wrapper.log_eval_metrics] Accuracy(layer_5 - estimator_2 - 5_folds.train_3.predict)=82.47%
[ 2019-11-29 19:02:38,961][kfold_wrapper.log_eval_metrics] Accuracy(layer_5 - estimator_2 - 5_folds.train_4.predict)=83.12%
[ 2019-11-29 19:02:39,274][kfold_wrapper.log_eval_metrics] Accuracy(layer_5 - estimator_2 - 5_folds.train_cv.predict)=81.78%
[ 2019-11-29 19:02:39,274][kfold_wrapper.log_eval_metrics] Accuracy(layer_5 - estimator_2 - 5_folds.test.predict)=82.76%
[ 2019-11-29 19:02:39,274][cascade_classifier.calc_accuracy] Accuracy(layer_5 - train.classifier_average)=80.75%
[ 2019-11-29 19:02:39,274][cascade_classifier.calc_accuracy] Accuracy(layer_5 - test.classifier_average)=82.76%
[ 2019-11-29 19:02:39,274][cascade_classifier.fit_transform] [Result][Optimal Level Detected] opt_layer_num=1, accuracy_train=82.43%, accuracy_test=81.61%
[ 2019-11-29 19:02:39,412][cascade_classifier.transform] X_groups_test.shape=[(87, 103, 1, 1)]
[ 2019-11-29 19:02:39,412][cascade_classifier.transform] group_dims=[103]
[ 2019-11-29 19:02:39,412][cascade_classifier.transform] X_test.shape=(87, 103)
[ 2019-11-29 19:02:39,412][cascade_classifier.transform] [layer=0] look_indexs=[0], X_cur_test.shape=(87, 103)
[ 2019-11-29 19:02:42,592][cascade_classifier.transform] X_groups_test.shape=[(87, 103, 1, 1)]
[ 2019-11-29 19:02:42,592][cascade_classifier.transform] group_dims=[103]
[ 2019-11-29 19:02:42,592][cascade_classifier.transform] X_test.shape=(87, 103)
[ 2019-11-29 19:02:42,592][cascade_classifier.transform] [layer=0] look_indexs=[0], X_cur_test.shape=(87, 103)
