[ 2019-12-18 14:43:29,913][cascade_classifier.fit_transform] X_groups_train.shape=[(774, 55)],y_train.shape=(774,),X_groups_test.shape=[(87, 55)],y_test.shape=(87,)
[ 2019-12-18 14:43:29,913][cascade_classifier.fit_transform] group_dims=[55]
[ 2019-12-18 14:43:29,914][cascade_classifier.fit_transform] group_starts=[0]
[ 2019-12-18 14:43:29,914][cascade_classifier.fit_transform] group_ends=[55]
[ 2019-12-18 14:43:29,914][cascade_classifier.fit_transform] X_train.shape=(774, 55),X_test.shape=(87, 55)
[ 2019-12-18 14:43:29,915][cascade_classifier.fit_transform] [layer=0] look_indexs=[0], X_cur_train.shape=(774, 55), X_cur_test.shape=(87, 55)
[ 2019-12-18 14:43:31,056][kfold_wrapper.log_eval_metrics] Accuracy(layer_0 - estimator_0 - 3_folds.train_0.predict)=82.95%
[ 2019-12-18 14:43:32,294][kfold_wrapper.log_eval_metrics] Accuracy(layer_0 - estimator_0 - 3_folds.train_1.predict)=79.07%
[ 2019-12-18 14:43:33,500][kfold_wrapper.log_eval_metrics] Accuracy(layer_0 - estimator_0 - 3_folds.train_2.predict)=80.62%
[ 2019-12-18 14:43:33,712][kfold_wrapper.log_eval_metrics] Accuracy(layer_0 - estimator_0 - 3_folds.train_cv.predict)=80.88%
[ 2019-12-18 14:43:33,713][kfold_wrapper.log_eval_metrics] Accuracy(layer_0 - estimator_0 - 3_folds.test.predict)=79.31%
[ 2019-12-18 14:43:34,767][kfold_wrapper.log_eval_metrics] Accuracy(layer_0 - estimator_1 - 3_folds.train_0.predict)=80.62%
[ 2019-12-18 14:43:36,027][kfold_wrapper.log_eval_metrics] Accuracy(layer_0 - estimator_1 - 3_folds.train_1.predict)=82.17%
[ 2019-12-18 14:43:37,255][kfold_wrapper.log_eval_metrics] Accuracy(layer_0 - estimator_1 - 3_folds.train_2.predict)=81.40%
[ 2019-12-18 14:43:37,464][kfold_wrapper.log_eval_metrics] Accuracy(layer_0 - estimator_1 - 3_folds.train_cv.predict)=81.40%
[ 2019-12-18 14:43:37,464][kfold_wrapper.log_eval_metrics] Accuracy(layer_0 - estimator_1 - 3_folds.test.predict)=78.16%
[ 2019-12-18 14:43:38,455][kfold_wrapper.log_eval_metrics] Accuracy(layer_0 - estimator_2 - 3_folds.train_0.predict)=78.29%
[ 2019-12-18 14:43:39,485][kfold_wrapper.log_eval_metrics] Accuracy(layer_0 - estimator_2 - 3_folds.train_1.predict)=78.29%
[ 2019-12-18 14:43:40,523][kfold_wrapper.log_eval_metrics] Accuracy(layer_0 - estimator_2 - 3_folds.train_2.predict)=82.95%
[ 2019-12-18 14:43:40,570][kfold_wrapper.log_eval_metrics] Accuracy(layer_0 - estimator_2 - 3_folds.train_cv.predict)=79.84%
[ 2019-12-18 14:43:40,570][kfold_wrapper.log_eval_metrics] Accuracy(layer_0 - estimator_2 - 3_folds.test.predict)=79.31%
[ 2019-12-18 14:43:40,968][kfold_wrapper.log_eval_metrics] Accuracy(layer_0 - estimator_3 - 3_folds.train_0.predict)=79.84%
[ 2019-12-18 14:43:41,379][kfold_wrapper.log_eval_metrics] Accuracy(layer_0 - estimator_3 - 3_folds.train_1.predict)=81.01%
[ 2019-12-18 14:43:41,769][kfold_wrapper.log_eval_metrics] Accuracy(layer_0 - estimator_3 - 3_folds.train_2.predict)=77.91%
[ 2019-12-18 14:43:41,770][kfold_wrapper.log_eval_metrics] Accuracy(layer_0 - estimator_3 - 3_folds.train_cv.predict)=79.59%
[ 2019-12-18 14:43:41,770][kfold_wrapper.log_eval_metrics] Accuracy(layer_0 - estimator_3 - 3_folds.test.predict)=82.76%
[ 2019-12-18 14:43:41,771][cascade_classifier.calc_accuracy] Accuracy(layer_0 - train.classifier_average)=81.01%
[ 2019-12-18 14:43:41,771][cascade_classifier.calc_accuracy] Accuracy(layer_0 - test.classifier_average)=80.46%
[ 2019-12-18 14:43:41,771][cascade_classifier.fit_transform] [layer=1] look_indexs=[0], X_cur_train.shape=(774, 63), X_cur_test.shape=(87, 63)
[ 2019-12-18 14:43:42,776][kfold_wrapper.log_eval_metrics] Accuracy(layer_1 - estimator_0 - 3_folds.train_0.predict)=79.84%
[ 2019-12-18 14:43:43,993][kfold_wrapper.log_eval_metrics] Accuracy(layer_1 - estimator_0 - 3_folds.train_1.predict)=82.56%
[ 2019-12-18 14:43:45,208][kfold_wrapper.log_eval_metrics] Accuracy(layer_1 - estimator_0 - 3_folds.train_2.predict)=80.62%
[ 2019-12-18 14:43:45,417][kfold_wrapper.log_eval_metrics] Accuracy(layer_1 - estimator_0 - 3_folds.train_cv.predict)=81.01%
[ 2019-12-18 14:43:45,418][kfold_wrapper.log_eval_metrics] Accuracy(layer_1 - estimator_0 - 3_folds.test.predict)=80.46%
[ 2019-12-18 14:43:46,443][kfold_wrapper.log_eval_metrics] Accuracy(layer_1 - estimator_1 - 3_folds.train_0.predict)=81.01%
[ 2019-12-18 14:43:47,673][kfold_wrapper.log_eval_metrics] Accuracy(layer_1 - estimator_1 - 3_folds.train_1.predict)=81.40%
[ 2019-12-18 14:43:48,910][kfold_wrapper.log_eval_metrics] Accuracy(layer_1 - estimator_1 - 3_folds.train_2.predict)=80.23%
[ 2019-12-18 14:43:49,126][kfold_wrapper.log_eval_metrics] Accuracy(layer_1 - estimator_1 - 3_folds.train_cv.predict)=80.88%
[ 2019-12-18 14:43:49,127][kfold_wrapper.log_eval_metrics] Accuracy(layer_1 - estimator_1 - 3_folds.test.predict)=79.31%
[ 2019-12-18 14:43:50,184][kfold_wrapper.log_eval_metrics] Accuracy(layer_1 - estimator_2 - 3_folds.train_0.predict)=80.62%
[ 2019-12-18 14:43:51,268][kfold_wrapper.log_eval_metrics] Accuracy(layer_1 - estimator_2 - 3_folds.train_1.predict)=77.13%
[ 2019-12-18 14:43:52,345][kfold_wrapper.log_eval_metrics] Accuracy(layer_1 - estimator_2 - 3_folds.train_2.predict)=79.07%
[ 2019-12-18 14:43:52,386][kfold_wrapper.log_eval_metrics] Accuracy(layer_1 - estimator_2 - 3_folds.train_cv.predict)=78.94%
[ 2019-12-18 14:43:52,386][kfold_wrapper.log_eval_metrics] Accuracy(layer_1 - estimator_2 - 3_folds.test.predict)=81.61%
[ 2019-12-18 14:43:52,790][kfold_wrapper.log_eval_metrics] Accuracy(layer_1 - estimator_3 - 3_folds.train_0.predict)=76.36%
[ 2019-12-18 14:43:53,200][kfold_wrapper.log_eval_metrics] Accuracy(layer_1 - estimator_3 - 3_folds.train_1.predict)=80.23%
[ 2019-12-18 14:43:53,600][kfold_wrapper.log_eval_metrics] Accuracy(layer_1 - estimator_3 - 3_folds.train_2.predict)=80.62%
[ 2019-12-18 14:43:53,601][kfold_wrapper.log_eval_metrics] Accuracy(layer_1 - estimator_3 - 3_folds.train_cv.predict)=79.07%
[ 2019-12-18 14:43:53,601][kfold_wrapper.log_eval_metrics] Accuracy(layer_1 - estimator_3 - 3_folds.test.predict)=80.46%
[ 2019-12-18 14:43:53,601][cascade_classifier.calc_accuracy] Accuracy(layer_1 - train.classifier_average)=80.36%
[ 2019-12-18 14:43:53,601][cascade_classifier.calc_accuracy] Accuracy(layer_1 - test.classifier_average)=80.46%
[ 2019-12-18 14:43:53,602][cascade_classifier.fit_transform] [layer=2] look_indexs=[0], X_cur_train.shape=(774, 63), X_cur_test.shape=(87, 63)
[ 2019-12-18 14:43:54,603][kfold_wrapper.log_eval_metrics] Accuracy(layer_2 - estimator_0 - 3_folds.train_0.predict)=79.84%
[ 2019-12-18 14:43:55,799][kfold_wrapper.log_eval_metrics] Accuracy(layer_2 - estimator_0 - 3_folds.train_1.predict)=77.91%
[ 2019-12-18 14:43:57,006][kfold_wrapper.log_eval_metrics] Accuracy(layer_2 - estimator_0 - 3_folds.train_2.predict)=81.01%
[ 2019-12-18 14:43:57,215][kfold_wrapper.log_eval_metrics] Accuracy(layer_2 - estimator_0 - 3_folds.train_cv.predict)=79.59%
[ 2019-12-18 14:43:57,215][kfold_wrapper.log_eval_metrics] Accuracy(layer_2 - estimator_0 - 3_folds.test.predict)=83.91%
[ 2019-12-18 14:43:58,242][kfold_wrapper.log_eval_metrics] Accuracy(layer_2 - estimator_1 - 3_folds.train_0.predict)=79.07%
[ 2019-12-18 14:43:59,465][kfold_wrapper.log_eval_metrics] Accuracy(layer_2 - estimator_1 - 3_folds.train_1.predict)=79.84%
[ 2019-12-18 14:44:00,715][kfold_wrapper.log_eval_metrics] Accuracy(layer_2 - estimator_1 - 3_folds.train_2.predict)=81.01%
[ 2019-12-18 14:44:00,924][kfold_wrapper.log_eval_metrics] Accuracy(layer_2 - estimator_1 - 3_folds.train_cv.predict)=79.97%
[ 2019-12-18 14:44:00,924][kfold_wrapper.log_eval_metrics] Accuracy(layer_2 - estimator_1 - 3_folds.test.predict)=80.46%
[ 2019-12-18 14:44:01,979][kfold_wrapper.log_eval_metrics] Accuracy(layer_2 - estimator_2 - 3_folds.train_0.predict)=78.29%
[ 2019-12-18 14:44:03,095][kfold_wrapper.log_eval_metrics] Accuracy(layer_2 - estimator_2 - 3_folds.train_1.predict)=77.13%
[ 2019-12-18 14:44:04,186][kfold_wrapper.log_eval_metrics] Accuracy(layer_2 - estimator_2 - 3_folds.train_2.predict)=79.84%
[ 2019-12-18 14:44:04,226][kfold_wrapper.log_eval_metrics] Accuracy(layer_2 - estimator_2 - 3_folds.train_cv.predict)=78.42%
[ 2019-12-18 14:44:04,226][kfold_wrapper.log_eval_metrics] Accuracy(layer_2 - estimator_2 - 3_folds.test.predict)=81.61%
[ 2019-12-18 14:44:04,619][kfold_wrapper.log_eval_metrics] Accuracy(layer_2 - estimator_3 - 3_folds.train_0.predict)=75.58%
[ 2019-12-18 14:44:05,002][kfold_wrapper.log_eval_metrics] Accuracy(layer_2 - estimator_3 - 3_folds.train_1.predict)=77.52%
[ 2019-12-18 14:44:05,387][kfold_wrapper.log_eval_metrics] Accuracy(layer_2 - estimator_3 - 3_folds.train_2.predict)=79.84%
[ 2019-12-18 14:44:05,388][kfold_wrapper.log_eval_metrics] Accuracy(layer_2 - estimator_3 - 3_folds.train_cv.predict)=77.65%
[ 2019-12-18 14:44:05,388][kfold_wrapper.log_eval_metrics] Accuracy(layer_2 - estimator_3 - 3_folds.test.predict)=85.06%
[ 2019-12-18 14:44:05,389][cascade_classifier.calc_accuracy] Accuracy(layer_2 - train.classifier_average)=78.29%
[ 2019-12-18 14:44:05,389][cascade_classifier.calc_accuracy] Accuracy(layer_2 - test.classifier_average)=83.91%
[ 2019-12-18 14:44:05,389][cascade_classifier.fit_transform] [layer=3] look_indexs=[0], X_cur_train.shape=(774, 63), X_cur_test.shape=(87, 63)
[ 2019-12-18 14:44:06,396][kfold_wrapper.log_eval_metrics] Accuracy(layer_3 - estimator_0 - 3_folds.train_0.predict)=81.40%
[ 2019-12-18 14:44:07,587][kfold_wrapper.log_eval_metrics] Accuracy(layer_3 - estimator_0 - 3_folds.train_1.predict)=77.91%
[ 2019-12-18 14:44:08,787][kfold_wrapper.log_eval_metrics] Accuracy(layer_3 - estimator_0 - 3_folds.train_2.predict)=81.78%
[ 2019-12-18 14:44:08,995][kfold_wrapper.log_eval_metrics] Accuracy(layer_3 - estimator_0 - 3_folds.train_cv.predict)=80.36%
[ 2019-12-18 14:44:08,995][kfold_wrapper.log_eval_metrics] Accuracy(layer_3 - estimator_0 - 3_folds.test.predict)=79.31%
[ 2019-12-18 14:44:10,040][kfold_wrapper.log_eval_metrics] Accuracy(layer_3 - estimator_1 - 3_folds.train_0.predict)=77.52%
[ 2019-12-18 14:44:11,269][kfold_wrapper.log_eval_metrics] Accuracy(layer_3 - estimator_1 - 3_folds.train_1.predict)=79.46%
[ 2019-12-18 14:44:12,489][kfold_wrapper.log_eval_metrics] Accuracy(layer_3 - estimator_1 - 3_folds.train_2.predict)=81.78%
[ 2019-12-18 14:44:12,696][kfold_wrapper.log_eval_metrics] Accuracy(layer_3 - estimator_1 - 3_folds.train_cv.predict)=79.59%
[ 2019-12-18 14:44:12,696][kfold_wrapper.log_eval_metrics] Accuracy(layer_3 - estimator_1 - 3_folds.test.predict)=81.61%
[ 2019-12-18 14:44:13,755][kfold_wrapper.log_eval_metrics] Accuracy(layer_3 - estimator_2 - 3_folds.train_0.predict)=75.58%
[ 2019-12-18 14:44:14,839][kfold_wrapper.log_eval_metrics] Accuracy(layer_3 - estimator_2 - 3_folds.train_1.predict)=78.29%
[ 2019-12-18 14:44:15,928][kfold_wrapper.log_eval_metrics] Accuracy(layer_3 - estimator_2 - 3_folds.train_2.predict)=79.46%
[ 2019-12-18 14:44:15,972][kfold_wrapper.log_eval_metrics] Accuracy(layer_3 - estimator_2 - 3_folds.train_cv.predict)=77.78%
[ 2019-12-18 14:44:15,972][kfold_wrapper.log_eval_metrics] Accuracy(layer_3 - estimator_2 - 3_folds.test.predict)=80.46%
[ 2019-12-18 14:44:16,402][kfold_wrapper.log_eval_metrics] Accuracy(layer_3 - estimator_3 - 3_folds.train_0.predict)=81.01%
[ 2019-12-18 14:44:16,820][kfold_wrapper.log_eval_metrics] Accuracy(layer_3 - estimator_3 - 3_folds.train_1.predict)=79.07%
[ 2019-12-18 14:44:17,198][kfold_wrapper.log_eval_metrics] Accuracy(layer_3 - estimator_3 - 3_folds.train_2.predict)=74.81%
[ 2019-12-18 14:44:17,199][kfold_wrapper.log_eval_metrics] Accuracy(layer_3 - estimator_3 - 3_folds.train_cv.predict)=78.29%
[ 2019-12-18 14:44:17,200][kfold_wrapper.log_eval_metrics] Accuracy(layer_3 - estimator_3 - 3_folds.test.predict)=81.61%
[ 2019-12-18 14:44:17,200][cascade_classifier.calc_accuracy] Accuracy(layer_3 - train.classifier_average)=79.84%
[ 2019-12-18 14:44:17,200][cascade_classifier.calc_accuracy] Accuracy(layer_3 - test.classifier_average)=81.61%
[ 2019-12-18 14:44:17,200][cascade_classifier.fit_transform] [Result][Optimal Level Detected] opt_layer_num=1, accuracy_train=81.01%, accuracy_test=80.46%
[ 2019-12-18 14:44:17,214][cascade_classifier.transform] X_groups_test.shape=[(87, 55)]
[ 2019-12-18 14:44:17,215][cascade_classifier.transform] group_dims=[55]
[ 2019-12-18 14:44:17,215][cascade_classifier.transform] X_test.shape=(87, 55)
[ 2019-12-18 14:44:17,215][cascade_classifier.transform] [layer=0] look_indexs=[0], X_cur_test.shape=(87, 55)
[ 2019-12-18 14:44:18,504][cascade_classifier.transform] X_groups_test.shape=[(87, 55)]
[ 2019-12-18 14:44:18,504][cascade_classifier.transform] group_dims=[55]
[ 2019-12-18 14:44:18,504][cascade_classifier.transform] X_test.shape=(87, 55)
[ 2019-12-18 14:44:18,504][cascade_classifier.transform] [layer=0] look_indexs=[0], X_cur_test.shape=(87, 55)
[ 2019-12-18 14:44:19,887][cascade_classifier.fit_transform] X_groups_train.shape=[(774, 55)],y_train.shape=(774,),X_groups_test.shape=[(87, 55)],y_test.shape=(87,)
[ 2019-12-18 14:44:19,888][cascade_classifier.fit_transform] group_dims=[55]
[ 2019-12-18 14:44:19,888][cascade_classifier.fit_transform] group_starts=[0]
[ 2019-12-18 14:44:19,888][cascade_classifier.fit_transform] group_ends=[55]
[ 2019-12-18 14:44:19,889][cascade_classifier.fit_transform] X_train.shape=(774, 55),X_test.shape=(87, 55)
[ 2019-12-18 14:44:19,889][cascade_classifier.fit_transform] [layer=0] look_indexs=[0], X_cur_train.shape=(774, 55), X_cur_test.shape=(87, 55)
[ 2019-12-18 14:44:20,889][kfold_wrapper.log_eval_metrics] Accuracy(layer_0 - estimator_0 - 3_folds.train_0.predict)=81.40%
[ 2019-12-18 14:44:22,091][kfold_wrapper.log_eval_metrics] Accuracy(layer_0 - estimator_0 - 3_folds.train_1.predict)=82.56%
[ 2019-12-18 14:44:23,410][kfold_wrapper.log_eval_metrics] Accuracy(layer_0 - estimator_0 - 3_folds.train_2.predict)=82.95%
[ 2019-12-18 14:44:23,647][kfold_wrapper.log_eval_metrics] Accuracy(layer_0 - estimator_0 - 3_folds.train_cv.predict)=82.30%
[ 2019-12-18 14:44:23,648][kfold_wrapper.log_eval_metrics] Accuracy(layer_0 - estimator_0 - 3_folds.test.predict)=80.46%
[ 2019-12-18 14:44:24,688][kfold_wrapper.log_eval_metrics] Accuracy(layer_0 - estimator_1 - 3_folds.train_0.predict)=77.91%
[ 2019-12-18 14:44:25,982][kfold_wrapper.log_eval_metrics] Accuracy(layer_0 - estimator_1 - 3_folds.train_1.predict)=86.05%
[ 2019-12-18 14:44:27,264][kfold_wrapper.log_eval_metrics] Accuracy(layer_0 - estimator_1 - 3_folds.train_2.predict)=82.56%
[ 2019-12-18 14:44:27,470][kfold_wrapper.log_eval_metrics] Accuracy(layer_0 - estimator_1 - 3_folds.train_cv.predict)=82.17%
[ 2019-12-18 14:44:27,471][kfold_wrapper.log_eval_metrics] Accuracy(layer_0 - estimator_1 - 3_folds.test.predict)=79.31%
[ 2019-12-18 14:44:28,491][kfold_wrapper.log_eval_metrics] Accuracy(layer_0 - estimator_2 - 3_folds.train_0.predict)=82.56%
[ 2019-12-18 14:44:29,549][kfold_wrapper.log_eval_metrics] Accuracy(layer_0 - estimator_2 - 3_folds.train_1.predict)=76.74%
[ 2019-12-18 14:44:31,473][kfold_wrapper.log_eval_metrics] Accuracy(layer_0 - estimator_2 - 3_folds.train_2.predict)=77.91%
[ 2019-12-18 14:44:31,527][kfold_wrapper.log_eval_metrics] Accuracy(layer_0 - estimator_2 - 3_folds.train_cv.predict)=79.07%
[ 2019-12-18 14:44:31,527][kfold_wrapper.log_eval_metrics] Accuracy(layer_0 - estimator_2 - 3_folds.test.predict)=82.76%
[ 2019-12-18 14:44:32,747][kfold_wrapper.log_eval_metrics] Accuracy(layer_0 - estimator_3 - 3_folds.train_0.predict)=80.62%
[ 2019-12-18 14:44:33,158][kfold_wrapper.log_eval_metrics] Accuracy(layer_0 - estimator_3 - 3_folds.train_1.predict)=83.33%
[ 2019-12-18 14:44:33,555][kfold_wrapper.log_eval_metrics] Accuracy(layer_0 - estimator_3 - 3_folds.train_2.predict)=78.29%
[ 2019-12-18 14:44:33,556][kfold_wrapper.log_eval_metrics] Accuracy(layer_0 - estimator_3 - 3_folds.train_cv.predict)=80.75%
[ 2019-12-18 14:44:33,556][kfold_wrapper.log_eval_metrics] Accuracy(layer_0 - estimator_3 - 3_folds.test.predict)=82.76%
[ 2019-12-18 14:44:33,556][cascade_classifier.calc_accuracy] Accuracy(layer_0 - train.classifier_average)=80.36%
[ 2019-12-18 14:44:33,557][cascade_classifier.calc_accuracy] Accuracy(layer_0 - test.classifier_average)=82.76%
[ 2019-12-18 14:44:33,557][cascade_classifier.fit_transform] [layer=1] look_indexs=[0], X_cur_train.shape=(774, 63), X_cur_test.shape=(87, 63)
[ 2019-12-18 14:44:34,547][kfold_wrapper.log_eval_metrics] Accuracy(layer_1 - estimator_0 - 3_folds.train_0.predict)=85.66%
[ 2019-12-18 14:44:35,757][kfold_wrapper.log_eval_metrics] Accuracy(layer_1 - estimator_0 - 3_folds.train_1.predict)=81.01%
[ 2019-12-18 14:44:37,008][kfold_wrapper.log_eval_metrics] Accuracy(layer_1 - estimator_0 - 3_folds.train_2.predict)=81.01%
[ 2019-12-18 14:44:37,220][kfold_wrapper.log_eval_metrics] Accuracy(layer_1 - estimator_0 - 3_folds.train_cv.predict)=82.56%
[ 2019-12-18 14:44:37,221][kfold_wrapper.log_eval_metrics] Accuracy(layer_1 - estimator_0 - 3_folds.test.predict)=78.16%
[ 2019-12-18 14:44:38,699][kfold_wrapper.log_eval_metrics] Accuracy(layer_1 - estimator_1 - 3_folds.train_0.predict)=82.56%
[ 2019-12-18 14:44:40,488][kfold_wrapper.log_eval_metrics] Accuracy(layer_1 - estimator_1 - 3_folds.train_1.predict)=83.72%
[ 2019-12-18 14:44:42,304][kfold_wrapper.log_eval_metrics] Accuracy(layer_1 - estimator_1 - 3_folds.train_2.predict)=79.84%
[ 2019-12-18 14:44:42,513][kfold_wrapper.log_eval_metrics] Accuracy(layer_1 - estimator_1 - 3_folds.train_cv.predict)=82.04%
[ 2019-12-18 14:44:42,513][kfold_wrapper.log_eval_metrics] Accuracy(layer_1 - estimator_1 - 3_folds.test.predict)=79.31%
[ 2019-12-18 14:44:43,674][kfold_wrapper.log_eval_metrics] Accuracy(layer_1 - estimator_2 - 3_folds.train_0.predict)=79.84%
[ 2019-12-18 14:44:44,772][kfold_wrapper.log_eval_metrics] Accuracy(layer_1 - estimator_2 - 3_folds.train_1.predict)=79.84%
[ 2019-12-18 14:44:45,856][kfold_wrapper.log_eval_metrics] Accuracy(layer_1 - estimator_2 - 3_folds.train_2.predict)=80.23%
[ 2019-12-18 14:44:45,903][kfold_wrapper.log_eval_metrics] Accuracy(layer_1 - estimator_2 - 3_folds.train_cv.predict)=79.97%
[ 2019-12-18 14:44:45,903][kfold_wrapper.log_eval_metrics] Accuracy(layer_1 - estimator_2 - 3_folds.test.predict)=79.31%
[ 2019-12-18 14:44:46,316][kfold_wrapper.log_eval_metrics] Accuracy(layer_1 - estimator_3 - 3_folds.train_0.predict)=81.78%
[ 2019-12-18 14:44:46,704][kfold_wrapper.log_eval_metrics] Accuracy(layer_1 - estimator_3 - 3_folds.train_1.predict)=84.50%
[ 2019-12-18 14:44:47,104][kfold_wrapper.log_eval_metrics] Accuracy(layer_1 - estimator_3 - 3_folds.train_2.predict)=78.29%
[ 2019-12-18 14:44:47,105][kfold_wrapper.log_eval_metrics] Accuracy(layer_1 - estimator_3 - 3_folds.train_cv.predict)=81.52%
[ 2019-12-18 14:44:47,105][kfold_wrapper.log_eval_metrics] Accuracy(layer_1 - estimator_3 - 3_folds.test.predict)=82.76%
[ 2019-12-18 14:44:47,105][cascade_classifier.calc_accuracy] Accuracy(layer_1 - train.classifier_average)=81.91%
[ 2019-12-18 14:44:47,106][cascade_classifier.calc_accuracy] Accuracy(layer_1 - test.classifier_average)=81.61%
[ 2019-12-18 14:44:47,106][cascade_classifier.fit_transform] [layer=2] look_indexs=[0], X_cur_train.shape=(774, 63), X_cur_test.shape=(87, 63)
[ 2019-12-18 14:44:48,092][kfold_wrapper.log_eval_metrics] Accuracy(layer_2 - estimator_0 - 3_folds.train_0.predict)=81.78%
[ 2019-12-18 14:44:49,306][kfold_wrapper.log_eval_metrics] Accuracy(layer_2 - estimator_0 - 3_folds.train_1.predict)=82.17%
[ 2019-12-18 14:44:50,517][kfold_wrapper.log_eval_metrics] Accuracy(layer_2 - estimator_0 - 3_folds.train_2.predict)=82.56%
[ 2019-12-18 14:44:50,723][kfold_wrapper.log_eval_metrics] Accuracy(layer_2 - estimator_0 - 3_folds.train_cv.predict)=82.17%
[ 2019-12-18 14:44:50,723][kfold_wrapper.log_eval_metrics] Accuracy(layer_2 - estimator_0 - 3_folds.test.predict)=79.31%
[ 2019-12-18 14:44:51,751][kfold_wrapper.log_eval_metrics] Accuracy(layer_2 - estimator_1 - 3_folds.train_0.predict)=85.66%
[ 2019-12-18 14:44:53,063][kfold_wrapper.log_eval_metrics] Accuracy(layer_2 - estimator_1 - 3_folds.train_1.predict)=81.01%
[ 2019-12-18 14:44:54,305][kfold_wrapper.log_eval_metrics] Accuracy(layer_2 - estimator_1 - 3_folds.train_2.predict)=82.17%
[ 2019-12-18 14:44:54,512][kfold_wrapper.log_eval_metrics] Accuracy(layer_2 - estimator_1 - 3_folds.train_cv.predict)=82.95%
[ 2019-12-18 14:44:54,512][kfold_wrapper.log_eval_metrics] Accuracy(layer_2 - estimator_1 - 3_folds.test.predict)=79.31%
[ 2019-12-18 14:44:55,582][kfold_wrapper.log_eval_metrics] Accuracy(layer_2 - estimator_2 - 3_folds.train_0.predict)=80.62%
[ 2019-12-18 14:44:56,691][kfold_wrapper.log_eval_metrics] Accuracy(layer_2 - estimator_2 - 3_folds.train_1.predict)=79.46%
[ 2019-12-18 14:44:57,860][kfold_wrapper.log_eval_metrics] Accuracy(layer_2 - estimator_2 - 3_folds.train_2.predict)=79.07%
[ 2019-12-18 14:44:57,903][kfold_wrapper.log_eval_metrics] Accuracy(layer_2 - estimator_2 - 3_folds.train_cv.predict)=79.72%
[ 2019-12-18 14:44:57,904][kfold_wrapper.log_eval_metrics] Accuracy(layer_2 - estimator_2 - 3_folds.test.predict)=80.46%
[ 2019-12-18 14:44:58,321][kfold_wrapper.log_eval_metrics] Accuracy(layer_2 - estimator_3 - 3_folds.train_0.predict)=82.56%
[ 2019-12-18 14:44:58,744][kfold_wrapper.log_eval_metrics] Accuracy(layer_2 - estimator_3 - 3_folds.train_1.predict)=77.91%
[ 2019-12-18 14:44:59,159][kfold_wrapper.log_eval_metrics] Accuracy(layer_2 - estimator_3 - 3_folds.train_2.predict)=82.95%
[ 2019-12-18 14:44:59,160][kfold_wrapper.log_eval_metrics] Accuracy(layer_2 - estimator_3 - 3_folds.train_cv.predict)=81.14%
[ 2019-12-18 14:44:59,160][kfold_wrapper.log_eval_metrics] Accuracy(layer_2 - estimator_3 - 3_folds.test.predict)=80.46%
[ 2019-12-18 14:44:59,161][cascade_classifier.calc_accuracy] Accuracy(layer_2 - train.classifier_average)=82.30%
[ 2019-12-18 14:44:59,161][cascade_classifier.calc_accuracy] Accuracy(layer_2 - test.classifier_average)=80.46%
[ 2019-12-18 14:44:59,161][cascade_classifier.fit_transform] [layer=3] look_indexs=[0], X_cur_train.shape=(774, 63), X_cur_test.shape=(87, 63)
[ 2019-12-18 14:45:00,171][kfold_wrapper.log_eval_metrics] Accuracy(layer_3 - estimator_0 - 3_folds.train_0.predict)=80.62%
[ 2019-12-18 14:45:01,383][kfold_wrapper.log_eval_metrics] Accuracy(layer_3 - estimator_0 - 3_folds.train_1.predict)=81.78%
[ 2019-12-18 14:45:02,606][kfold_wrapper.log_eval_metrics] Accuracy(layer_3 - estimator_0 - 3_folds.train_2.predict)=84.11%
[ 2019-12-18 14:45:02,823][kfold_wrapper.log_eval_metrics] Accuracy(layer_3 - estimator_0 - 3_folds.train_cv.predict)=82.17%
[ 2019-12-18 14:45:02,824][kfold_wrapper.log_eval_metrics] Accuracy(layer_3 - estimator_0 - 3_folds.test.predict)=81.61%
[ 2019-12-18 14:45:03,880][kfold_wrapper.log_eval_metrics] Accuracy(layer_3 - estimator_1 - 3_folds.train_0.predict)=82.56%
[ 2019-12-18 14:45:05,102][kfold_wrapper.log_eval_metrics] Accuracy(layer_3 - estimator_1 - 3_folds.train_1.predict)=82.56%
[ 2019-12-18 14:45:06,350][kfold_wrapper.log_eval_metrics] Accuracy(layer_3 - estimator_1 - 3_folds.train_2.predict)=83.72%
[ 2019-12-18 14:45:06,560][kfold_wrapper.log_eval_metrics] Accuracy(layer_3 - estimator_1 - 3_folds.train_cv.predict)=82.95%
[ 2019-12-18 14:45:06,560][kfold_wrapper.log_eval_metrics] Accuracy(layer_3 - estimator_1 - 3_folds.test.predict)=81.61%
[ 2019-12-18 14:45:07,645][kfold_wrapper.log_eval_metrics] Accuracy(layer_3 - estimator_2 - 3_folds.train_0.predict)=79.84%
[ 2019-12-18 14:45:08,786][kfold_wrapper.log_eval_metrics] Accuracy(layer_3 - estimator_2 - 3_folds.train_1.predict)=76.74%
[ 2019-12-18 14:45:09,896][kfold_wrapper.log_eval_metrics] Accuracy(layer_3 - estimator_2 - 3_folds.train_2.predict)=80.62%
[ 2019-12-18 14:45:09,940][kfold_wrapper.log_eval_metrics] Accuracy(layer_3 - estimator_2 - 3_folds.train_cv.predict)=79.07%
[ 2019-12-18 14:45:09,940][kfold_wrapper.log_eval_metrics] Accuracy(layer_3 - estimator_2 - 3_folds.test.predict)=75.86%
[ 2019-12-18 14:45:10,352][kfold_wrapper.log_eval_metrics] Accuracy(layer_3 - estimator_3 - 3_folds.train_0.predict)=79.46%
[ 2019-12-18 14:45:10,741][kfold_wrapper.log_eval_metrics] Accuracy(layer_3 - estimator_3 - 3_folds.train_1.predict)=79.07%
[ 2019-12-18 14:45:11,138][kfold_wrapper.log_eval_metrics] Accuracy(layer_3 - estimator_3 - 3_folds.train_2.predict)=81.01%
[ 2019-12-18 14:45:11,140][kfold_wrapper.log_eval_metrics] Accuracy(layer_3 - estimator_3 - 3_folds.train_cv.predict)=79.84%
[ 2019-12-18 14:45:11,140][kfold_wrapper.log_eval_metrics] Accuracy(layer_3 - estimator_3 - 3_folds.test.predict)=80.46%
[ 2019-12-18 14:45:11,141][cascade_classifier.calc_accuracy] Accuracy(layer_3 - train.classifier_average)=81.65%
[ 2019-12-18 14:45:11,141][cascade_classifier.calc_accuracy] Accuracy(layer_3 - test.classifier_average)=80.46%
[ 2019-12-18 14:45:11,141][cascade_classifier.fit_transform] [layer=4] look_indexs=[0], X_cur_train.shape=(774, 63), X_cur_test.shape=(87, 63)
[ 2019-12-18 14:45:12,165][kfold_wrapper.log_eval_metrics] Accuracy(layer_4 - estimator_0 - 3_folds.train_0.predict)=80.23%
[ 2019-12-18 14:45:13,395][kfold_wrapper.log_eval_metrics] Accuracy(layer_4 - estimator_0 - 3_folds.train_1.predict)=81.40%
[ 2019-12-18 14:45:14,628][kfold_wrapper.log_eval_metrics] Accuracy(layer_4 - estimator_0 - 3_folds.train_2.predict)=82.56%
[ 2019-12-18 14:45:14,848][kfold_wrapper.log_eval_metrics] Accuracy(layer_4 - estimator_0 - 3_folds.train_cv.predict)=81.40%
[ 2019-12-18 14:45:14,849][kfold_wrapper.log_eval_metrics] Accuracy(layer_4 - estimator_0 - 3_folds.test.predict)=81.61%
[ 2019-12-18 14:45:15,904][kfold_wrapper.log_eval_metrics] Accuracy(layer_4 - estimator_1 - 3_folds.train_0.predict)=82.95%
[ 2019-12-18 14:45:17,159][kfold_wrapper.log_eval_metrics] Accuracy(layer_4 - estimator_1 - 3_folds.train_1.predict)=83.33%
[ 2019-12-18 14:45:18,412][kfold_wrapper.log_eval_metrics] Accuracy(layer_4 - estimator_1 - 3_folds.train_2.predict)=80.23%
[ 2019-12-18 14:45:18,620][kfold_wrapper.log_eval_metrics] Accuracy(layer_4 - estimator_1 - 3_folds.train_cv.predict)=82.17%
[ 2019-12-18 14:45:18,621][kfold_wrapper.log_eval_metrics] Accuracy(layer_4 - estimator_1 - 3_folds.test.predict)=81.61%
[ 2019-12-18 14:45:19,699][kfold_wrapper.log_eval_metrics] Accuracy(layer_4 - estimator_2 - 3_folds.train_0.predict)=82.56%
[ 2019-12-18 14:45:20,870][kfold_wrapper.log_eval_metrics] Accuracy(layer_4 - estimator_2 - 3_folds.train_1.predict)=81.78%
[ 2019-12-18 14:45:21,997][kfold_wrapper.log_eval_metrics] Accuracy(layer_4 - estimator_2 - 3_folds.train_2.predict)=78.29%
[ 2019-12-18 14:45:22,042][kfold_wrapper.log_eval_metrics] Accuracy(layer_4 - estimator_2 - 3_folds.train_cv.predict)=80.88%
[ 2019-12-18 14:45:22,043][kfold_wrapper.log_eval_metrics] Accuracy(layer_4 - estimator_2 - 3_folds.test.predict)=78.16%
[ 2019-12-18 14:45:22,454][kfold_wrapper.log_eval_metrics] Accuracy(layer_4 - estimator_3 - 3_folds.train_0.predict)=77.52%
[ 2019-12-18 14:45:22,842][kfold_wrapper.log_eval_metrics] Accuracy(layer_4 - estimator_3 - 3_folds.train_1.predict)=78.68%
[ 2019-12-18 14:45:23,244][kfold_wrapper.log_eval_metrics] Accuracy(layer_4 - estimator_3 - 3_folds.train_2.predict)=82.17%
[ 2019-12-18 14:45:23,245][kfold_wrapper.log_eval_metrics] Accuracy(layer_4 - estimator_3 - 3_folds.train_cv.predict)=79.46%
[ 2019-12-18 14:45:23,245][kfold_wrapper.log_eval_metrics] Accuracy(layer_4 - estimator_3 - 3_folds.test.predict)=82.76%
[ 2019-12-18 14:45:23,246][cascade_classifier.calc_accuracy] Accuracy(layer_4 - train.classifier_average)=80.75%
[ 2019-12-18 14:45:23,246][cascade_classifier.calc_accuracy] Accuracy(layer_4 - test.classifier_average)=82.76%
[ 2019-12-18 14:45:23,253][cascade_classifier.fit_transform] [layer=5] look_indexs=[0], X_cur_train.shape=(774, 63), X_cur_test.shape=(87, 63)
[ 2019-12-18 14:45:24,254][kfold_wrapper.log_eval_metrics] Accuracy(layer_5 - estimator_0 - 3_folds.train_0.predict)=81.01%
[ 2019-12-18 14:45:25,471][kfold_wrapper.log_eval_metrics] Accuracy(layer_5 - estimator_0 - 3_folds.train_1.predict)=81.78%
[ 2019-12-18 14:45:26,683][kfold_wrapper.log_eval_metrics] Accuracy(layer_5 - estimator_0 - 3_folds.train_2.predict)=82.56%
[ 2019-12-18 14:45:26,895][kfold_wrapper.log_eval_metrics] Accuracy(layer_5 - estimator_0 - 3_folds.train_cv.predict)=81.78%
[ 2019-12-18 14:45:26,896][kfold_wrapper.log_eval_metrics] Accuracy(layer_5 - estimator_0 - 3_folds.test.predict)=81.61%
[ 2019-12-18 14:45:28,041][kfold_wrapper.log_eval_metrics] Accuracy(layer_5 - estimator_1 - 3_folds.train_0.predict)=82.95%
[ 2019-12-18 14:45:29,275][kfold_wrapper.log_eval_metrics] Accuracy(layer_5 - estimator_1 - 3_folds.train_1.predict)=81.40%
[ 2019-12-18 14:45:30,517][kfold_wrapper.log_eval_metrics] Accuracy(layer_5 - estimator_1 - 3_folds.train_2.predict)=80.23%
[ 2019-12-18 14:45:30,729][kfold_wrapper.log_eval_metrics] Accuracy(layer_5 - estimator_1 - 3_folds.train_cv.predict)=81.52%
[ 2019-12-18 14:45:30,729][kfold_wrapper.log_eval_metrics] Accuracy(layer_5 - estimator_1 - 3_folds.test.predict)=81.61%
[ 2019-12-18 14:45:31,783][kfold_wrapper.log_eval_metrics] Accuracy(layer_5 - estimator_2 - 3_folds.train_0.predict)=80.62%
[ 2019-12-18 14:45:32,903][kfold_wrapper.log_eval_metrics] Accuracy(layer_5 - estimator_2 - 3_folds.train_1.predict)=83.33%
[ 2019-12-18 14:45:33,993][kfold_wrapper.log_eval_metrics] Accuracy(layer_5 - estimator_2 - 3_folds.train_2.predict)=77.91%
[ 2019-12-18 14:45:34,036][kfold_wrapper.log_eval_metrics] Accuracy(layer_5 - estimator_2 - 3_folds.train_cv.predict)=80.62%
[ 2019-12-18 14:45:34,036][kfold_wrapper.log_eval_metrics] Accuracy(layer_5 - estimator_2 - 3_folds.test.predict)=81.61%
[ 2019-12-18 14:45:34,446][kfold_wrapper.log_eval_metrics] Accuracy(layer_5 - estimator_3 - 3_folds.train_0.predict)=81.40%
[ 2019-12-18 14:45:34,853][kfold_wrapper.log_eval_metrics] Accuracy(layer_5 - estimator_3 - 3_folds.train_1.predict)=77.91%
[ 2019-12-18 14:45:35,257][kfold_wrapper.log_eval_metrics] Accuracy(layer_5 - estimator_3 - 3_folds.train_2.predict)=77.52%
[ 2019-12-18 14:45:35,264][kfold_wrapper.log_eval_metrics] Accuracy(layer_5 - estimator_3 - 3_folds.train_cv.predict)=78.94%
[ 2019-12-18 14:45:35,264][kfold_wrapper.log_eval_metrics] Accuracy(layer_5 - estimator_3 - 3_folds.test.predict)=83.91%
[ 2019-12-18 14:45:35,265][cascade_classifier.calc_accuracy] Accuracy(layer_5 - train.classifier_average)=80.10%
[ 2019-12-18 14:45:35,265][cascade_classifier.calc_accuracy] Accuracy(layer_5 - test.classifier_average)=83.91%
[ 2019-12-18 14:45:35,265][cascade_classifier.fit_transform] [Result][Optimal Level Detected] opt_layer_num=3, accuracy_train=82.30%, accuracy_test=80.46%
[ 2019-12-18 14:45:35,278][cascade_classifier.transform] X_groups_test.shape=[(87, 55)]
[ 2019-12-18 14:45:35,278][cascade_classifier.transform] group_dims=[55]
[ 2019-12-18 14:45:35,278][cascade_classifier.transform] X_test.shape=(87, 55)
[ 2019-12-18 14:45:35,278][cascade_classifier.transform] [layer=0] look_indexs=[0], X_cur_test.shape=(87, 55)
[ 2019-12-18 14:45:36,650][cascade_classifier.transform] [layer=1] look_indexs=[0], X_cur_test.shape=(87, 63)
[ 2019-12-18 14:45:38,044][cascade_classifier.transform] [layer=2] look_indexs=[0], X_cur_test.shape=(87, 63)
[ 2019-12-18 14:45:39,329][cascade_classifier.transform] X_groups_test.shape=[(87, 55)]
[ 2019-12-18 14:45:39,329][cascade_classifier.transform] group_dims=[55]
[ 2019-12-18 14:45:39,330][cascade_classifier.transform] X_test.shape=(87, 55)
[ 2019-12-18 14:45:39,330][cascade_classifier.transform] [layer=0] look_indexs=[0], X_cur_test.shape=(87, 55)
[ 2019-12-18 14:45:40,706][cascade_classifier.transform] [layer=1] look_indexs=[0], X_cur_test.shape=(87, 63)
[ 2019-12-18 14:45:42,088][cascade_classifier.transform] [layer=2] look_indexs=[0], X_cur_test.shape=(87, 63)
[ 2019-12-18 14:45:43,492][cascade_classifier.fit_transform] X_groups_train.shape=[(774, 55)],y_train.shape=(774,),X_groups_test.shape=[(87, 55)],y_test.shape=(87,)
[ 2019-12-18 14:45:43,493][cascade_classifier.fit_transform] group_dims=[55]
[ 2019-12-18 14:45:43,493][cascade_classifier.fit_transform] group_starts=[0]
[ 2019-12-18 14:45:43,493][cascade_classifier.fit_transform] group_ends=[55]
[ 2019-12-18 14:45:43,494][cascade_classifier.fit_transform] X_train.shape=(774, 55),X_test.shape=(87, 55)
[ 2019-12-18 14:45:43,494][cascade_classifier.fit_transform] [layer=0] look_indexs=[0], X_cur_train.shape=(774, 55), X_cur_test.shape=(87, 55)
[ 2019-12-18 14:45:44,503][kfold_wrapper.log_eval_metrics] Accuracy(layer_0 - estimator_0 - 3_folds.train_0.predict)=83.72%
[ 2019-12-18 14:45:45,725][kfold_wrapper.log_eval_metrics] Accuracy(layer_0 - estimator_0 - 3_folds.train_1.predict)=83.72%
[ 2019-12-18 14:45:46,937][kfold_wrapper.log_eval_metrics] Accuracy(layer_0 - estimator_0 - 3_folds.train_2.predict)=79.46%
[ 2019-12-18 14:45:47,152][kfold_wrapper.log_eval_metrics] Accuracy(layer_0 - estimator_0 - 3_folds.train_cv.predict)=82.30%
[ 2019-12-18 14:45:47,152][kfold_wrapper.log_eval_metrics] Accuracy(layer_0 - estimator_0 - 3_folds.test.predict)=80.46%
[ 2019-12-18 14:45:48,188][kfold_wrapper.log_eval_metrics] Accuracy(layer_0 - estimator_1 - 3_folds.train_0.predict)=83.33%
[ 2019-12-18 14:45:49,422][kfold_wrapper.log_eval_metrics] Accuracy(layer_0 - estimator_1 - 3_folds.train_1.predict)=80.23%
[ 2019-12-18 14:45:50,649][kfold_wrapper.log_eval_metrics] Accuracy(layer_0 - estimator_1 - 3_folds.train_2.predict)=80.62%
[ 2019-12-18 14:45:50,867][kfold_wrapper.log_eval_metrics] Accuracy(layer_0 - estimator_1 - 3_folds.train_cv.predict)=81.40%
[ 2019-12-18 14:45:50,868][kfold_wrapper.log_eval_metrics] Accuracy(layer_0 - estimator_1 - 3_folds.test.predict)=78.16%
[ 2019-12-18 14:45:51,879][kfold_wrapper.log_eval_metrics] Accuracy(layer_0 - estimator_2 - 3_folds.train_0.predict)=81.01%
[ 2019-12-18 14:45:52,926][kfold_wrapper.log_eval_metrics] Accuracy(layer_0 - estimator_2 - 3_folds.train_1.predict)=76.74%
[ 2019-12-18 14:45:53,958][kfold_wrapper.log_eval_metrics] Accuracy(layer_0 - estimator_2 - 3_folds.train_2.predict)=84.11%
[ 2019-12-18 14:45:53,999][kfold_wrapper.log_eval_metrics] Accuracy(layer_0 - estimator_2 - 3_folds.train_cv.predict)=80.62%
[ 2019-12-18 14:45:54,000][kfold_wrapper.log_eval_metrics] Accuracy(layer_0 - estimator_2 - 3_folds.test.predict)=79.31%
[ 2019-12-18 14:45:54,415][kfold_wrapper.log_eval_metrics] Accuracy(layer_0 - estimator_3 - 3_folds.train_0.predict)=77.91%
[ 2019-12-18 14:45:54,817][kfold_wrapper.log_eval_metrics] Accuracy(layer_0 - estimator_3 - 3_folds.train_1.predict)=81.01%
[ 2019-12-18 14:45:55,207][kfold_wrapper.log_eval_metrics] Accuracy(layer_0 - estimator_3 - 3_folds.train_2.predict)=79.84%
[ 2019-12-18 14:45:55,208][kfold_wrapper.log_eval_metrics] Accuracy(layer_0 - estimator_3 - 3_folds.train_cv.predict)=79.59%
[ 2019-12-18 14:45:55,209][kfold_wrapper.log_eval_metrics] Accuracy(layer_0 - estimator_3 - 3_folds.test.predict)=81.61%
[ 2019-12-18 14:45:55,209][cascade_classifier.calc_accuracy] Accuracy(layer_0 - train.classifier_average)=81.52%
[ 2019-12-18 14:45:55,209][cascade_classifier.calc_accuracy] Accuracy(layer_0 - test.classifier_average)=79.31%
[ 2019-12-18 14:45:55,210][cascade_classifier.fit_transform] [layer=1] look_indexs=[0], X_cur_train.shape=(774, 63), X_cur_test.shape=(87, 63)
[ 2019-12-18 14:45:56,212][kfold_wrapper.log_eval_metrics] Accuracy(layer_1 - estimator_0 - 3_folds.train_0.predict)=78.68%
[ 2019-12-18 14:45:57,452][kfold_wrapper.log_eval_metrics] Accuracy(layer_1 - estimator_0 - 3_folds.train_1.predict)=81.01%
[ 2019-12-18 14:45:58,667][kfold_wrapper.log_eval_metrics] Accuracy(layer_1 - estimator_0 - 3_folds.train_2.predict)=84.88%
[ 2019-12-18 14:45:58,890][kfold_wrapper.log_eval_metrics] Accuracy(layer_1 - estimator_0 - 3_folds.train_cv.predict)=81.52%
[ 2019-12-18 14:45:58,890][kfold_wrapper.log_eval_metrics] Accuracy(layer_1 - estimator_0 - 3_folds.test.predict)=78.16%
[ 2019-12-18 14:45:59,914][kfold_wrapper.log_eval_metrics] Accuracy(layer_1 - estimator_1 - 3_folds.train_0.predict)=83.33%
[ 2019-12-18 14:46:01,143][kfold_wrapper.log_eval_metrics] Accuracy(layer_1 - estimator_1 - 3_folds.train_1.predict)=77.13%
[ 2019-12-18 14:46:02,385][kfold_wrapper.log_eval_metrics] Accuracy(layer_1 - estimator_1 - 3_folds.train_2.predict)=81.40%
[ 2019-12-18 14:46:02,597][kfold_wrapper.log_eval_metrics] Accuracy(layer_1 - estimator_1 - 3_folds.train_cv.predict)=80.62%
[ 2019-12-18 14:46:02,597][kfold_wrapper.log_eval_metrics] Accuracy(layer_1 - estimator_1 - 3_folds.test.predict)=78.16%
[ 2019-12-18 14:46:03,651][kfold_wrapper.log_eval_metrics] Accuracy(layer_1 - estimator_2 - 3_folds.train_0.predict)=79.84%
[ 2019-12-18 14:46:04,743][kfold_wrapper.log_eval_metrics] Accuracy(layer_1 - estimator_2 - 3_folds.train_1.predict)=81.01%
[ 2019-12-18 14:46:05,827][kfold_wrapper.log_eval_metrics] Accuracy(layer_1 - estimator_2 - 3_folds.train_2.predict)=79.46%
[ 2019-12-18 14:46:05,866][kfold_wrapper.log_eval_metrics] Accuracy(layer_1 - estimator_2 - 3_folds.train_cv.predict)=80.10%
[ 2019-12-18 14:46:05,867][kfold_wrapper.log_eval_metrics] Accuracy(layer_1 - estimator_2 - 3_folds.test.predict)=81.61%
[ 2019-12-18 14:46:06,278][kfold_wrapper.log_eval_metrics] Accuracy(layer_1 - estimator_3 - 3_folds.train_0.predict)=81.01%
[ 2019-12-18 14:46:06,691][kfold_wrapper.log_eval_metrics] Accuracy(layer_1 - estimator_3 - 3_folds.train_1.predict)=81.40%
[ 2019-12-18 14:46:07,071][kfold_wrapper.log_eval_metrics] Accuracy(layer_1 - estimator_3 - 3_folds.train_2.predict)=78.29%
[ 2019-12-18 14:46:07,073][kfold_wrapper.log_eval_metrics] Accuracy(layer_1 - estimator_3 - 3_folds.train_cv.predict)=80.23%
[ 2019-12-18 14:46:07,073][kfold_wrapper.log_eval_metrics] Accuracy(layer_1 - estimator_3 - 3_folds.test.predict)=81.61%
[ 2019-12-18 14:46:07,073][cascade_classifier.calc_accuracy] Accuracy(layer_1 - train.classifier_average)=81.52%
[ 2019-12-18 14:46:07,074][cascade_classifier.calc_accuracy] Accuracy(layer_1 - test.classifier_average)=81.61%
[ 2019-12-18 14:46:07,074][cascade_classifier.fit_transform] [layer=2] look_indexs=[0], X_cur_train.shape=(774, 63), X_cur_test.shape=(87, 63)
[ 2019-12-18 14:46:08,094][kfold_wrapper.log_eval_metrics] Accuracy(layer_2 - estimator_0 - 3_folds.train_0.predict)=82.95%
[ 2019-12-18 14:46:09,285][kfold_wrapper.log_eval_metrics] Accuracy(layer_2 - estimator_0 - 3_folds.train_1.predict)=79.84%
[ 2019-12-18 14:46:10,491][kfold_wrapper.log_eval_metrics] Accuracy(layer_2 - estimator_0 - 3_folds.train_2.predict)=79.46%
[ 2019-12-18 14:46:10,699][kfold_wrapper.log_eval_metrics] Accuracy(layer_2 - estimator_0 - 3_folds.train_cv.predict)=80.75%
[ 2019-12-18 14:46:10,699][kfold_wrapper.log_eval_metrics] Accuracy(layer_2 - estimator_0 - 3_folds.test.predict)=82.76%
[ 2019-12-18 14:46:11,739][kfold_wrapper.log_eval_metrics] Accuracy(layer_2 - estimator_1 - 3_folds.train_0.predict)=80.62%
[ 2019-12-18 14:46:12,963][kfold_wrapper.log_eval_metrics] Accuracy(layer_2 - estimator_1 - 3_folds.train_1.predict)=81.40%
[ 2019-12-18 14:46:14,205][kfold_wrapper.log_eval_metrics] Accuracy(layer_2 - estimator_1 - 3_folds.train_2.predict)=79.46%
[ 2019-12-18 14:46:14,414][kfold_wrapper.log_eval_metrics] Accuracy(layer_2 - estimator_1 - 3_folds.train_cv.predict)=80.49%
[ 2019-12-18 14:46:14,415][kfold_wrapper.log_eval_metrics] Accuracy(layer_2 - estimator_1 - 3_folds.test.predict)=81.61%
[ 2019-12-18 14:46:15,488][kfold_wrapper.log_eval_metrics] Accuracy(layer_2 - estimator_2 - 3_folds.train_0.predict)=81.40%
[ 2019-12-18 14:46:16,584][kfold_wrapper.log_eval_metrics] Accuracy(layer_2 - estimator_2 - 3_folds.train_1.predict)=79.07%
[ 2019-12-18 14:46:17,681][kfold_wrapper.log_eval_metrics] Accuracy(layer_2 - estimator_2 - 3_folds.train_2.predict)=79.46%
[ 2019-12-18 14:46:17,730][kfold_wrapper.log_eval_metrics] Accuracy(layer_2 - estimator_2 - 3_folds.train_cv.predict)=79.97%
[ 2019-12-18 14:46:17,730][kfold_wrapper.log_eval_metrics] Accuracy(layer_2 - estimator_2 - 3_folds.test.predict)=80.46%
[ 2019-12-18 14:46:18,134][kfold_wrapper.log_eval_metrics] Accuracy(layer_2 - estimator_3 - 3_folds.train_0.predict)=79.46%
[ 2019-12-18 14:46:18,558][kfold_wrapper.log_eval_metrics] Accuracy(layer_2 - estimator_3 - 3_folds.train_1.predict)=84.50%
[ 2019-12-18 14:46:18,942][kfold_wrapper.log_eval_metrics] Accuracy(layer_2 - estimator_3 - 3_folds.train_2.predict)=75.97%
[ 2019-12-18 14:46:18,943][kfold_wrapper.log_eval_metrics] Accuracy(layer_2 - estimator_3 - 3_folds.train_cv.predict)=79.97%
[ 2019-12-18 14:46:18,943][kfold_wrapper.log_eval_metrics] Accuracy(layer_2 - estimator_3 - 3_folds.test.predict)=83.91%
[ 2019-12-18 14:46:18,943][cascade_classifier.calc_accuracy] Accuracy(layer_2 - train.classifier_average)=80.49%
[ 2019-12-18 14:46:18,944][cascade_classifier.calc_accuracy] Accuracy(layer_2 - test.classifier_average)=82.76%
[ 2019-12-18 14:46:18,944][cascade_classifier.fit_transform] [layer=3] look_indexs=[0], X_cur_train.shape=(774, 63), X_cur_test.shape=(87, 63)
[ 2019-12-18 14:46:19,933][kfold_wrapper.log_eval_metrics] Accuracy(layer_3 - estimator_0 - 3_folds.train_0.predict)=81.01%
[ 2019-12-18 14:46:21,155][kfold_wrapper.log_eval_metrics] Accuracy(layer_3 - estimator_0 - 3_folds.train_1.predict)=80.62%
[ 2019-12-18 14:46:22,356][kfold_wrapper.log_eval_metrics] Accuracy(layer_3 - estimator_0 - 3_folds.train_2.predict)=78.29%
[ 2019-12-18 14:46:22,565][kfold_wrapper.log_eval_metrics] Accuracy(layer_3 - estimator_0 - 3_folds.train_cv.predict)=79.97%
[ 2019-12-18 14:46:22,566][kfold_wrapper.log_eval_metrics] Accuracy(layer_3 - estimator_0 - 3_folds.test.predict)=83.91%
[ 2019-12-18 14:46:23,589][kfold_wrapper.log_eval_metrics] Accuracy(layer_3 - estimator_1 - 3_folds.train_0.predict)=81.01%
[ 2019-12-18 14:46:24,839][kfold_wrapper.log_eval_metrics] Accuracy(layer_3 - estimator_1 - 3_folds.train_1.predict)=78.29%
[ 2019-12-18 14:46:26,062][kfold_wrapper.log_eval_metrics] Accuracy(layer_3 - estimator_1 - 3_folds.train_2.predict)=79.07%
[ 2019-12-18 14:46:26,274][kfold_wrapper.log_eval_metrics] Accuracy(layer_3 - estimator_1 - 3_folds.train_cv.predict)=79.46%
[ 2019-12-18 14:46:26,275][kfold_wrapper.log_eval_metrics] Accuracy(layer_3 - estimator_1 - 3_folds.test.predict)=83.91%
[ 2019-12-18 14:46:27,329][kfold_wrapper.log_eval_metrics] Accuracy(layer_3 - estimator_2 - 3_folds.train_0.predict)=79.07%
[ 2019-12-18 14:46:28,441][kfold_wrapper.log_eval_metrics] Accuracy(layer_3 - estimator_2 - 3_folds.train_1.predict)=79.46%
[ 2019-12-18 14:46:29,578][kfold_wrapper.log_eval_metrics] Accuracy(layer_3 - estimator_2 - 3_folds.train_2.predict)=77.52%
[ 2019-12-18 14:46:29,624][kfold_wrapper.log_eval_metrics] Accuracy(layer_3 - estimator_2 - 3_folds.train_cv.predict)=78.68%
[ 2019-12-18 14:46:29,624][kfold_wrapper.log_eval_metrics] Accuracy(layer_3 - estimator_2 - 3_folds.test.predict)=81.61%
[ 2019-12-18 14:46:30,038][kfold_wrapper.log_eval_metrics] Accuracy(layer_3 - estimator_3 - 3_folds.train_0.predict)=75.97%
[ 2019-12-18 14:46:30,444][kfold_wrapper.log_eval_metrics] Accuracy(layer_3 - estimator_3 - 3_folds.train_1.predict)=79.07%
[ 2019-12-18 14:46:30,845][kfold_wrapper.log_eval_metrics] Accuracy(layer_3 - estimator_3 - 3_folds.train_2.predict)=79.46%
[ 2019-12-18 14:46:30,846][kfold_wrapper.log_eval_metrics] Accuracy(layer_3 - estimator_3 - 3_folds.train_cv.predict)=78.17%
[ 2019-12-18 14:46:30,846][kfold_wrapper.log_eval_metrics] Accuracy(layer_3 - estimator_3 - 3_folds.test.predict)=81.61%
[ 2019-12-18 14:46:30,846][cascade_classifier.calc_accuracy] Accuracy(layer_3 - train.classifier_average)=79.07%
[ 2019-12-18 14:46:30,847][cascade_classifier.calc_accuracy] Accuracy(layer_3 - test.classifier_average)=82.76%
[ 2019-12-18 14:46:30,847][cascade_classifier.fit_transform] [Result][Optimal Level Detected] opt_layer_num=1, accuracy_train=81.52%, accuracy_test=79.31%
[ 2019-12-18 14:46:30,861][cascade_classifier.transform] X_groups_test.shape=[(87, 55)]
[ 2019-12-18 14:46:30,861][cascade_classifier.transform] group_dims=[55]
[ 2019-12-18 14:46:30,861][cascade_classifier.transform] X_test.shape=(87, 55)
[ 2019-12-18 14:46:30,862][cascade_classifier.transform] [layer=0] look_indexs=[0], X_cur_test.shape=(87, 55)
[ 2019-12-18 14:46:32,235][cascade_classifier.transform] X_groups_test.shape=[(87, 55)]
[ 2019-12-18 14:46:32,235][cascade_classifier.transform] group_dims=[55]
[ 2019-12-18 14:46:32,235][cascade_classifier.transform] X_test.shape=(87, 55)
[ 2019-12-18 14:46:32,235][cascade_classifier.transform] [layer=0] look_indexs=[0], X_cur_test.shape=(87, 55)
[ 2019-12-18 14:46:33,522][cascade_classifier.fit_transform] X_groups_train.shape=[(774, 55)],y_train.shape=(774,),X_groups_test.shape=[(87, 55)],y_test.shape=(87,)
[ 2019-12-18 14:46:33,524][cascade_classifier.fit_transform] group_dims=[55]
[ 2019-12-18 14:46:33,524][cascade_classifier.fit_transform] group_starts=[0]
[ 2019-12-18 14:46:33,524][cascade_classifier.fit_transform] group_ends=[55]
[ 2019-12-18 14:46:33,525][cascade_classifier.fit_transform] X_train.shape=(774, 55),X_test.shape=(87, 55)
[ 2019-12-18 14:46:33,525][cascade_classifier.fit_transform] [layer=0] look_indexs=[0], X_cur_train.shape=(774, 55), X_cur_test.shape=(87, 55)
[ 2019-12-18 14:46:34,533][kfold_wrapper.log_eval_metrics] Accuracy(layer_0 - estimator_0 - 3_folds.train_0.predict)=81.78%
[ 2019-12-18 14:46:35,724][kfold_wrapper.log_eval_metrics] Accuracy(layer_0 - estimator_0 - 3_folds.train_1.predict)=81.01%
[ 2019-12-18 14:46:36,936][kfold_wrapper.log_eval_metrics] Accuracy(layer_0 - estimator_0 - 3_folds.train_2.predict)=82.17%
[ 2019-12-18 14:46:37,144][kfold_wrapper.log_eval_metrics] Accuracy(layer_0 - estimator_0 - 3_folds.train_cv.predict)=81.65%
[ 2019-12-18 14:46:37,145][kfold_wrapper.log_eval_metrics] Accuracy(layer_0 - estimator_0 - 3_folds.test.predict)=78.16%
[ 2019-12-18 14:46:38,165][kfold_wrapper.log_eval_metrics] Accuracy(layer_0 - estimator_1 - 3_folds.train_0.predict)=83.72%
[ 2019-12-18 14:46:39,393][kfold_wrapper.log_eval_metrics] Accuracy(layer_0 - estimator_1 - 3_folds.train_1.predict)=81.01%
[ 2019-12-18 14:46:40,625][kfold_wrapper.log_eval_metrics] Accuracy(layer_0 - estimator_1 - 3_folds.train_2.predict)=81.78%
[ 2019-12-18 14:46:40,838][kfold_wrapper.log_eval_metrics] Accuracy(layer_0 - estimator_1 - 3_folds.train_cv.predict)=82.17%
[ 2019-12-18 14:46:40,838][kfold_wrapper.log_eval_metrics] Accuracy(layer_0 - estimator_1 - 3_folds.test.predict)=78.16%
[ 2019-12-18 14:46:41,820][kfold_wrapper.log_eval_metrics] Accuracy(layer_0 - estimator_2 - 3_folds.train_0.predict)=81.78%
[ 2019-12-18 14:46:42,843][kfold_wrapper.log_eval_metrics] Accuracy(layer_0 - estimator_2 - 3_folds.train_1.predict)=74.42%
[ 2019-12-18 14:46:43,870][kfold_wrapper.log_eval_metrics] Accuracy(layer_0 - estimator_2 - 3_folds.train_2.predict)=82.56%
[ 2019-12-18 14:46:43,918][kfold_wrapper.log_eval_metrics] Accuracy(layer_0 - estimator_2 - 3_folds.train_cv.predict)=79.59%
[ 2019-12-18 14:46:43,918][kfold_wrapper.log_eval_metrics] Accuracy(layer_0 - estimator_2 - 3_folds.test.predict)=82.76%
[ 2019-12-18 14:46:44,317][kfold_wrapper.log_eval_metrics] Accuracy(layer_0 - estimator_3 - 3_folds.train_0.predict)=75.97%
[ 2019-12-18 14:46:44,704][kfold_wrapper.log_eval_metrics] Accuracy(layer_0 - estimator_3 - 3_folds.train_1.predict)=78.68%
[ 2019-12-18 14:46:45,080][kfold_wrapper.log_eval_metrics] Accuracy(layer_0 - estimator_3 - 3_folds.train_2.predict)=80.62%
[ 2019-12-18 14:46:45,081][kfold_wrapper.log_eval_metrics] Accuracy(layer_0 - estimator_3 - 3_folds.train_cv.predict)=78.42%
[ 2019-12-18 14:46:45,082][kfold_wrapper.log_eval_metrics] Accuracy(layer_0 - estimator_3 - 3_folds.test.predict)=82.76%
[ 2019-12-18 14:46:45,082][cascade_classifier.calc_accuracy] Accuracy(layer_0 - train.classifier_average)=80.36%
[ 2019-12-18 14:46:45,082][cascade_classifier.calc_accuracy] Accuracy(layer_0 - test.classifier_average)=81.61%
[ 2019-12-18 14:46:45,083][cascade_classifier.fit_transform] [layer=1] look_indexs=[0], X_cur_train.shape=(774, 63), X_cur_test.shape=(87, 63)
[ 2019-12-18 14:46:46,070][kfold_wrapper.log_eval_metrics] Accuracy(layer_1 - estimator_0 - 3_folds.train_0.predict)=81.78%
[ 2019-12-18 14:46:47,270][kfold_wrapper.log_eval_metrics] Accuracy(layer_1 - estimator_0 - 3_folds.train_1.predict)=78.68%
[ 2019-12-18 14:46:48,488][kfold_wrapper.log_eval_metrics] Accuracy(layer_1 - estimator_0 - 3_folds.train_2.predict)=80.62%
[ 2019-12-18 14:46:48,701][kfold_wrapper.log_eval_metrics] Accuracy(layer_1 - estimator_0 - 3_folds.train_cv.predict)=80.36%
[ 2019-12-18 14:46:48,702][kfold_wrapper.log_eval_metrics] Accuracy(layer_1 - estimator_0 - 3_folds.test.predict)=78.16%
[ 2019-12-18 14:46:49,718][kfold_wrapper.log_eval_metrics] Accuracy(layer_1 - estimator_1 - 3_folds.train_0.predict)=81.01%
[ 2019-12-18 14:46:50,951][kfold_wrapper.log_eval_metrics] Accuracy(layer_1 - estimator_1 - 3_folds.train_1.predict)=81.78%
[ 2019-12-18 14:46:52,175][kfold_wrapper.log_eval_metrics] Accuracy(layer_1 - estimator_1 - 3_folds.train_2.predict)=79.07%
[ 2019-12-18 14:46:52,385][kfold_wrapper.log_eval_metrics] Accuracy(layer_1 - estimator_1 - 3_folds.train_cv.predict)=80.62%
[ 2019-12-18 14:46:52,386][kfold_wrapper.log_eval_metrics] Accuracy(layer_1 - estimator_1 - 3_folds.test.predict)=80.46%
[ 2019-12-18 14:46:53,447][kfold_wrapper.log_eval_metrics] Accuracy(layer_1 - estimator_2 - 3_folds.train_0.predict)=78.68%
[ 2019-12-18 14:46:54,533][kfold_wrapper.log_eval_metrics] Accuracy(layer_1 - estimator_2 - 3_folds.train_1.predict)=79.07%
[ 2019-12-18 14:46:55,611][kfold_wrapper.log_eval_metrics] Accuracy(layer_1 - estimator_2 - 3_folds.train_2.predict)=79.84%
[ 2019-12-18 14:46:55,659][kfold_wrapper.log_eval_metrics] Accuracy(layer_1 - estimator_2 - 3_folds.train_cv.predict)=79.20%
[ 2019-12-18 14:46:55,659][kfold_wrapper.log_eval_metrics] Accuracy(layer_1 - estimator_2 - 3_folds.test.predict)=82.76%
[ 2019-12-18 14:46:56,043][kfold_wrapper.log_eval_metrics] Accuracy(layer_1 - estimator_3 - 3_folds.train_0.predict)=74.03%
[ 2019-12-18 14:46:56,439][kfold_wrapper.log_eval_metrics] Accuracy(layer_1 - estimator_3 - 3_folds.train_1.predict)=81.78%
[ 2019-12-18 14:46:56,838][kfold_wrapper.log_eval_metrics] Accuracy(layer_1 - estimator_3 - 3_folds.train_2.predict)=77.91%
[ 2019-12-18 14:46:56,840][kfold_wrapper.log_eval_metrics] Accuracy(layer_1 - estimator_3 - 3_folds.train_cv.predict)=77.91%
[ 2019-12-18 14:46:56,840][kfold_wrapper.log_eval_metrics] Accuracy(layer_1 - estimator_3 - 3_folds.test.predict)=80.46%
[ 2019-12-18 14:46:56,840][cascade_classifier.calc_accuracy] Accuracy(layer_1 - train.classifier_average)=80.23%
[ 2019-12-18 14:46:56,841][cascade_classifier.calc_accuracy] Accuracy(layer_1 - test.classifier_average)=81.61%
[ 2019-12-18 14:46:56,841][cascade_classifier.fit_transform] [layer=2] look_indexs=[0], X_cur_train.shape=(774, 63), X_cur_test.shape=(87, 63)
[ 2019-12-18 14:46:57,839][kfold_wrapper.log_eval_metrics] Accuracy(layer_2 - estimator_0 - 3_folds.train_0.predict)=80.62%
[ 2019-12-18 14:46:59,031][kfold_wrapper.log_eval_metrics] Accuracy(layer_2 - estimator_0 - 3_folds.train_1.predict)=79.07%
[ 2019-12-18 14:47:00,253][kfold_wrapper.log_eval_metrics] Accuracy(layer_2 - estimator_0 - 3_folds.train_2.predict)=81.01%
[ 2019-12-18 14:47:00,459][kfold_wrapper.log_eval_metrics] Accuracy(layer_2 - estimator_0 - 3_folds.train_cv.predict)=80.23%
[ 2019-12-18 14:47:00,460][kfold_wrapper.log_eval_metrics] Accuracy(layer_2 - estimator_0 - 3_folds.test.predict)=79.31%
[ 2019-12-18 14:47:01,475][kfold_wrapper.log_eval_metrics] Accuracy(layer_2 - estimator_1 - 3_folds.train_0.predict)=78.68%
[ 2019-12-18 14:47:02,705][kfold_wrapper.log_eval_metrics] Accuracy(layer_2 - estimator_1 - 3_folds.train_1.predict)=79.46%
[ 2019-12-18 14:47:03,944][kfold_wrapper.log_eval_metrics] Accuracy(layer_2 - estimator_1 - 3_folds.train_2.predict)=79.46%
[ 2019-12-18 14:47:04,149][kfold_wrapper.log_eval_metrics] Accuracy(layer_2 - estimator_1 - 3_folds.train_cv.predict)=79.20%
[ 2019-12-18 14:47:04,150][kfold_wrapper.log_eval_metrics] Accuracy(layer_2 - estimator_1 - 3_folds.test.predict)=82.76%
[ 2019-12-18 14:47:05,189][kfold_wrapper.log_eval_metrics] Accuracy(layer_2 - estimator_2 - 3_folds.train_0.predict)=80.62%
[ 2019-12-18 14:47:06,282][kfold_wrapper.log_eval_metrics] Accuracy(layer_2 - estimator_2 - 3_folds.train_1.predict)=80.23%
[ 2019-12-18 14:47:07,375][kfold_wrapper.log_eval_metrics] Accuracy(layer_2 - estimator_2 - 3_folds.train_2.predict)=81.01%
[ 2019-12-18 14:47:07,422][kfold_wrapper.log_eval_metrics] Accuracy(layer_2 - estimator_2 - 3_folds.train_cv.predict)=80.62%
[ 2019-12-18 14:47:07,423][kfold_wrapper.log_eval_metrics] Accuracy(layer_2 - estimator_2 - 3_folds.test.predict)=81.61%
[ 2019-12-18 14:47:07,819][kfold_wrapper.log_eval_metrics] Accuracy(layer_2 - estimator_3 - 3_folds.train_0.predict)=79.46%
[ 2019-12-18 14:47:08,233][kfold_wrapper.log_eval_metrics] Accuracy(layer_2 - estimator_3 - 3_folds.train_1.predict)=84.88%
[ 2019-12-18 14:47:08,597][kfold_wrapper.log_eval_metrics] Accuracy(layer_2 - estimator_3 - 3_folds.train_2.predict)=74.81%
[ 2019-12-18 14:47:08,599][kfold_wrapper.log_eval_metrics] Accuracy(layer_2 - estimator_3 - 3_folds.train_cv.predict)=79.72%
[ 2019-12-18 14:47:08,599][kfold_wrapper.log_eval_metrics] Accuracy(layer_2 - estimator_3 - 3_folds.test.predict)=83.91%
[ 2019-12-18 14:47:08,599][cascade_classifier.calc_accuracy] Accuracy(layer_2 - train.classifier_average)=79.33%
[ 2019-12-18 14:47:08,599][cascade_classifier.calc_accuracy] Accuracy(layer_2 - test.classifier_average)=82.76%
[ 2019-12-18 14:47:08,600][cascade_classifier.fit_transform] [layer=3] look_indexs=[0], X_cur_train.shape=(774, 63), X_cur_test.shape=(87, 63)
[ 2019-12-18 14:47:09,600][kfold_wrapper.log_eval_metrics] Accuracy(layer_3 - estimator_0 - 3_folds.train_0.predict)=84.11%
[ 2019-12-18 14:47:10,805][kfold_wrapper.log_eval_metrics] Accuracy(layer_3 - estimator_0 - 3_folds.train_1.predict)=75.19%
[ 2019-12-18 14:47:12,008][kfold_wrapper.log_eval_metrics] Accuracy(layer_3 - estimator_0 - 3_folds.train_2.predict)=77.91%
[ 2019-12-18 14:47:12,126][kfold_wrapper.log_eval_metrics] Accuracy(layer_3 - estimator_0 - 3_folds.train_cv.predict)=79.07%
[ 2019-12-18 14:47:12,126][kfold_wrapper.log_eval_metrics] Accuracy(layer_3 - estimator_0 - 3_folds.test.predict)=82.76%
[ 2019-12-18 14:47:13,159][kfold_wrapper.log_eval_metrics] Accuracy(layer_3 - estimator_1 - 3_folds.train_0.predict)=76.36%
[ 2019-12-18 14:47:14,404][kfold_wrapper.log_eval_metrics] Accuracy(layer_3 - estimator_1 - 3_folds.train_1.predict)=80.62%
[ 2019-12-18 14:47:15,656][kfold_wrapper.log_eval_metrics] Accuracy(layer_3 - estimator_1 - 3_folds.train_2.predict)=81.78%
[ 2019-12-18 14:47:15,863][kfold_wrapper.log_eval_metrics] Accuracy(layer_3 - estimator_1 - 3_folds.train_cv.predict)=79.59%
[ 2019-12-18 14:47:15,864][kfold_wrapper.log_eval_metrics] Accuracy(layer_3 - estimator_1 - 3_folds.test.predict)=82.76%
[ 2019-12-18 14:47:16,921][kfold_wrapper.log_eval_metrics] Accuracy(layer_3 - estimator_2 - 3_folds.train_0.predict)=75.58%
[ 2019-12-18 14:47:18,005][kfold_wrapper.log_eval_metrics] Accuracy(layer_3 - estimator_2 - 3_folds.train_1.predict)=77.91%
[ 2019-12-18 14:47:19,099][kfold_wrapper.log_eval_metrics] Accuracy(layer_3 - estimator_2 - 3_folds.train_2.predict)=81.78%
[ 2019-12-18 14:47:19,141][kfold_wrapper.log_eval_metrics] Accuracy(layer_3 - estimator_2 - 3_folds.train_cv.predict)=78.42%
[ 2019-12-18 14:47:19,141][kfold_wrapper.log_eval_metrics] Accuracy(layer_3 - estimator_2 - 3_folds.test.predict)=80.46%
[ 2019-12-18 14:47:19,578][kfold_wrapper.log_eval_metrics] Accuracy(layer_3 - estimator_3 - 3_folds.train_0.predict)=78.68%
[ 2019-12-18 14:47:19,957][kfold_wrapper.log_eval_metrics] Accuracy(layer_3 - estimator_3 - 3_folds.train_1.predict)=77.91%
[ 2019-12-18 14:47:20,350][kfold_wrapper.log_eval_metrics] Accuracy(layer_3 - estimator_3 - 3_folds.train_2.predict)=79.84%
[ 2019-12-18 14:47:20,352][kfold_wrapper.log_eval_metrics] Accuracy(layer_3 - estimator_3 - 3_folds.train_cv.predict)=78.81%
[ 2019-12-18 14:47:20,359][kfold_wrapper.log_eval_metrics] Accuracy(layer_3 - estimator_3 - 3_folds.test.predict)=83.91%
[ 2019-12-18 14:47:20,359][cascade_classifier.calc_accuracy] Accuracy(layer_3 - train.classifier_average)=79.07%
[ 2019-12-18 14:47:20,359][cascade_classifier.calc_accuracy] Accuracy(layer_3 - test.classifier_average)=85.06%
[ 2019-12-18 14:47:20,359][cascade_classifier.fit_transform] [Result][Optimal Level Detected] opt_layer_num=1, accuracy_train=80.36%, accuracy_test=81.61%
[ 2019-12-18 14:47:20,374][cascade_classifier.transform] X_groups_test.shape=[(87, 55)]
[ 2019-12-18 14:47:20,374][cascade_classifier.transform] group_dims=[55]
[ 2019-12-18 14:47:20,374][cascade_classifier.transform] X_test.shape=(87, 55)
[ 2019-12-18 14:47:20,374][cascade_classifier.transform] [layer=0] look_indexs=[0], X_cur_test.shape=(87, 55)
[ 2019-12-18 14:47:21,736][cascade_classifier.transform] X_groups_test.shape=[(87, 55)]
[ 2019-12-18 14:47:21,742][cascade_classifier.transform] group_dims=[55]
[ 2019-12-18 14:47:21,742][cascade_classifier.transform] X_test.shape=(87, 55)
[ 2019-12-18 14:47:21,742][cascade_classifier.transform] [layer=0] look_indexs=[0], X_cur_test.shape=(87, 55)
[ 2019-12-18 14:47:23,131][cascade_classifier.fit_transform] X_groups_train.shape=[(774, 55)],y_train.shape=(774,),X_groups_test.shape=[(87, 55)],y_test.shape=(87,)
[ 2019-12-18 14:47:23,132][cascade_classifier.fit_transform] group_dims=[55]
[ 2019-12-18 14:47:23,132][cascade_classifier.fit_transform] group_starts=[0]
[ 2019-12-18 14:47:23,132][cascade_classifier.fit_transform] group_ends=[55]
[ 2019-12-18 14:47:23,133][cascade_classifier.fit_transform] X_train.shape=(774, 55),X_test.shape=(87, 55)
[ 2019-12-18 14:47:23,135][cascade_classifier.fit_transform] [layer=0] look_indexs=[0], X_cur_train.shape=(774, 55), X_cur_test.shape=(87, 55)
[ 2019-12-18 14:47:24,130][kfold_wrapper.log_eval_metrics] Accuracy(layer_0 - estimator_0 - 3_folds.train_0.predict)=82.95%
[ 2019-12-18 14:47:25,331][kfold_wrapper.log_eval_metrics] Accuracy(layer_0 - estimator_0 - 3_folds.train_1.predict)=79.07%
[ 2019-12-18 14:47:26,543][kfold_wrapper.log_eval_metrics] Accuracy(layer_0 - estimator_0 - 3_folds.train_2.predict)=85.66%
[ 2019-12-18 14:47:26,751][kfold_wrapper.log_eval_metrics] Accuracy(layer_0 - estimator_0 - 3_folds.train_cv.predict)=82.56%
[ 2019-12-18 14:47:26,751][kfold_wrapper.log_eval_metrics] Accuracy(layer_0 - estimator_0 - 3_folds.test.predict)=79.31%
[ 2019-12-18 14:47:27,770][kfold_wrapper.log_eval_metrics] Accuracy(layer_0 - estimator_1 - 3_folds.train_0.predict)=81.01%
[ 2019-12-18 14:47:29,000][kfold_wrapper.log_eval_metrics] Accuracy(layer_0 - estimator_1 - 3_folds.train_1.predict)=83.72%
[ 2019-12-18 14:47:30,234][kfold_wrapper.log_eval_metrics] Accuracy(layer_0 - estimator_1 - 3_folds.train_2.predict)=82.56%
[ 2019-12-18 14:47:30,446][kfold_wrapper.log_eval_metrics] Accuracy(layer_0 - estimator_1 - 3_folds.train_cv.predict)=82.43%
[ 2019-12-18 14:47:30,446][kfold_wrapper.log_eval_metrics] Accuracy(layer_0 - estimator_1 - 3_folds.test.predict)=78.16%
[ 2019-12-18 14:47:31,421][kfold_wrapper.log_eval_metrics] Accuracy(layer_0 - estimator_2 - 3_folds.train_0.predict)=74.42%
[ 2019-12-18 14:47:32,446][kfold_wrapper.log_eval_metrics] Accuracy(layer_0 - estimator_2 - 3_folds.train_1.predict)=83.33%
[ 2019-12-18 14:47:33,483][kfold_wrapper.log_eval_metrics] Accuracy(layer_0 - estimator_2 - 3_folds.train_2.predict)=81.78%
[ 2019-12-18 14:47:33,523][kfold_wrapper.log_eval_metrics] Accuracy(layer_0 - estimator_2 - 3_folds.train_cv.predict)=79.84%
[ 2019-12-18 14:47:33,524][kfold_wrapper.log_eval_metrics] Accuracy(layer_0 - estimator_2 - 3_folds.test.predict)=81.61%
[ 2019-12-18 14:47:33,912][kfold_wrapper.log_eval_metrics] Accuracy(layer_0 - estimator_3 - 3_folds.train_0.predict)=81.40%
[ 2019-12-18 14:47:34,296][kfold_wrapper.log_eval_metrics] Accuracy(layer_0 - estimator_3 - 3_folds.train_1.predict)=78.29%
[ 2019-12-18 14:47:34,685][kfold_wrapper.log_eval_metrics] Accuracy(layer_0 - estimator_3 - 3_folds.train_2.predict)=83.72%
[ 2019-12-18 14:47:34,686][kfold_wrapper.log_eval_metrics] Accuracy(layer_0 - estimator_3 - 3_folds.train_cv.predict)=81.14%
[ 2019-12-18 14:47:34,687][kfold_wrapper.log_eval_metrics] Accuracy(layer_0 - estimator_3 - 3_folds.test.predict)=82.76%
[ 2019-12-18 14:47:34,687][cascade_classifier.calc_accuracy] Accuracy(layer_0 - train.classifier_average)=81.52%
[ 2019-12-18 14:47:34,687][cascade_classifier.calc_accuracy] Accuracy(layer_0 - test.classifier_average)=79.31%
[ 2019-12-18 14:47:34,688][cascade_classifier.fit_transform] [layer=1] look_indexs=[0], X_cur_train.shape=(774, 63), X_cur_test.shape=(87, 63)
[ 2019-12-18 14:47:35,682][kfold_wrapper.log_eval_metrics] Accuracy(layer_1 - estimator_0 - 3_folds.train_0.predict)=79.84%
[ 2019-12-18 14:47:36,893][kfold_wrapper.log_eval_metrics] Accuracy(layer_1 - estimator_0 - 3_folds.train_1.predict)=82.56%
[ 2019-12-18 14:47:38,089][kfold_wrapper.log_eval_metrics] Accuracy(layer_1 - estimator_0 - 3_folds.train_2.predict)=81.78%
[ 2019-12-18 14:47:38,297][kfold_wrapper.log_eval_metrics] Accuracy(layer_1 - estimator_0 - 3_folds.train_cv.predict)=81.40%
[ 2019-12-18 14:47:38,297][kfold_wrapper.log_eval_metrics] Accuracy(layer_1 - estimator_0 - 3_folds.test.predict)=81.61%
[ 2019-12-18 14:47:39,328][kfold_wrapper.log_eval_metrics] Accuracy(layer_1 - estimator_1 - 3_folds.train_0.predict)=79.84%
[ 2019-12-18 14:47:40,559][kfold_wrapper.log_eval_metrics] Accuracy(layer_1 - estimator_1 - 3_folds.train_1.predict)=82.17%
[ 2019-12-18 14:47:41,784][kfold_wrapper.log_eval_metrics] Accuracy(layer_1 - estimator_1 - 3_folds.train_2.predict)=84.50%
[ 2019-12-18 14:47:41,996][kfold_wrapper.log_eval_metrics] Accuracy(layer_1 - estimator_1 - 3_folds.train_cv.predict)=82.17%
[ 2019-12-18 14:47:41,996][kfold_wrapper.log_eval_metrics] Accuracy(layer_1 - estimator_1 - 3_folds.test.predict)=80.46%
[ 2019-12-18 14:47:43,050][kfold_wrapper.log_eval_metrics] Accuracy(layer_1 - estimator_2 - 3_folds.train_0.predict)=81.01%
[ 2019-12-18 14:47:44,138][kfold_wrapper.log_eval_metrics] Accuracy(layer_1 - estimator_2 - 3_folds.train_1.predict)=78.68%
[ 2019-12-18 14:47:45,231][kfold_wrapper.log_eval_metrics] Accuracy(layer_1 - estimator_2 - 3_folds.train_2.predict)=79.07%
[ 2019-12-18 14:47:45,271][kfold_wrapper.log_eval_metrics] Accuracy(layer_1 - estimator_2 - 3_folds.train_cv.predict)=79.59%
[ 2019-12-18 14:47:45,271][kfold_wrapper.log_eval_metrics] Accuracy(layer_1 - estimator_2 - 3_folds.test.predict)=77.01%
[ 2019-12-18 14:47:45,676][kfold_wrapper.log_eval_metrics] Accuracy(layer_1 - estimator_3 - 3_folds.train_0.predict)=81.78%
[ 2019-12-18 14:47:46,082][kfold_wrapper.log_eval_metrics] Accuracy(layer_1 - estimator_3 - 3_folds.train_1.predict)=79.07%
[ 2019-12-18 14:47:46,491][kfold_wrapper.log_eval_metrics] Accuracy(layer_1 - estimator_3 - 3_folds.train_2.predict)=82.17%
[ 2019-12-18 14:47:46,492][kfold_wrapper.log_eval_metrics] Accuracy(layer_1 - estimator_3 - 3_folds.train_cv.predict)=81.01%
[ 2019-12-18 14:47:46,493][kfold_wrapper.log_eval_metrics] Accuracy(layer_1 - estimator_3 - 3_folds.test.predict)=82.76%
[ 2019-12-18 14:47:46,493][cascade_classifier.calc_accuracy] Accuracy(layer_1 - train.classifier_average)=81.01%
[ 2019-12-18 14:47:46,493][cascade_classifier.calc_accuracy] Accuracy(layer_1 - test.classifier_average)=79.31%
[ 2019-12-18 14:47:46,494][cascade_classifier.fit_transform] [layer=2] look_indexs=[0], X_cur_train.shape=(774, 63), X_cur_test.shape=(87, 63)
[ 2019-12-18 14:47:47,496][kfold_wrapper.log_eval_metrics] Accuracy(layer_2 - estimator_0 - 3_folds.train_0.predict)=81.78%
[ 2019-12-18 14:47:48,733][kfold_wrapper.log_eval_metrics] Accuracy(layer_2 - estimator_0 - 3_folds.train_1.predict)=81.01%
[ 2019-12-18 14:47:49,984][kfold_wrapper.log_eval_metrics] Accuracy(layer_2 - estimator_0 - 3_folds.train_2.predict)=78.29%
[ 2019-12-18 14:47:50,190][kfold_wrapper.log_eval_metrics] Accuracy(layer_2 - estimator_0 - 3_folds.train_cv.predict)=80.36%
[ 2019-12-18 14:47:50,191][kfold_wrapper.log_eval_metrics] Accuracy(layer_2 - estimator_0 - 3_folds.test.predict)=80.46%
[ 2019-12-18 14:47:51,228][kfold_wrapper.log_eval_metrics] Accuracy(layer_2 - estimator_1 - 3_folds.train_0.predict)=76.36%
[ 2019-12-18 14:47:52,579][kfold_wrapper.log_eval_metrics] Accuracy(layer_2 - estimator_1 - 3_folds.train_1.predict)=82.56%
[ 2019-12-18 14:47:53,930][kfold_wrapper.log_eval_metrics] Accuracy(layer_2 - estimator_1 - 3_folds.train_2.predict)=84.11%
[ 2019-12-18 14:47:54,144][kfold_wrapper.log_eval_metrics] Accuracy(layer_2 - estimator_1 - 3_folds.train_cv.predict)=81.01%
[ 2019-12-18 14:47:54,145][kfold_wrapper.log_eval_metrics] Accuracy(layer_2 - estimator_1 - 3_folds.test.predict)=79.31%
[ 2019-12-18 14:47:55,345][kfold_wrapper.log_eval_metrics] Accuracy(layer_2 - estimator_2 - 3_folds.train_0.predict)=79.07%
[ 2019-12-18 14:47:56,514][kfold_wrapper.log_eval_metrics] Accuracy(layer_2 - estimator_2 - 3_folds.train_1.predict)=83.72%
[ 2019-12-18 14:47:57,607][kfold_wrapper.log_eval_metrics] Accuracy(layer_2 - estimator_2 - 3_folds.train_2.predict)=77.52%
[ 2019-12-18 14:47:57,646][kfold_wrapper.log_eval_metrics] Accuracy(layer_2 - estimator_2 - 3_folds.train_cv.predict)=80.10%
[ 2019-12-18 14:47:57,647][kfold_wrapper.log_eval_metrics] Accuracy(layer_2 - estimator_2 - 3_folds.test.predict)=82.76%
[ 2019-12-18 14:47:58,063][kfold_wrapper.log_eval_metrics] Accuracy(layer_2 - estimator_3 - 3_folds.train_0.predict)=78.68%
[ 2019-12-18 14:47:58,464][kfold_wrapper.log_eval_metrics] Accuracy(layer_2 - estimator_3 - 3_folds.train_1.predict)=79.84%
[ 2019-12-18 14:47:58,847][kfold_wrapper.log_eval_metrics] Accuracy(layer_2 - estimator_3 - 3_folds.train_2.predict)=80.62%
[ 2019-12-18 14:47:58,848][kfold_wrapper.log_eval_metrics] Accuracy(layer_2 - estimator_3 - 3_folds.train_cv.predict)=79.72%
[ 2019-12-18 14:47:58,848][kfold_wrapper.log_eval_metrics] Accuracy(layer_2 - estimator_3 - 3_folds.test.predict)=81.61%
[ 2019-12-18 14:47:58,849][cascade_classifier.calc_accuracy] Accuracy(layer_2 - train.classifier_average)=81.14%
[ 2019-12-18 14:47:58,849][cascade_classifier.calc_accuracy] Accuracy(layer_2 - test.classifier_average)=82.76%
[ 2019-12-18 14:47:58,849][cascade_classifier.fit_transform] [layer=3] look_indexs=[0], X_cur_train.shape=(774, 63), X_cur_test.shape=(87, 63)
[ 2019-12-18 14:47:59,879][kfold_wrapper.log_eval_metrics] Accuracy(layer_3 - estimator_0 - 3_folds.train_0.predict)=80.23%
