[ 2019-12-25 21:11:21,193][cascade_classifier.fit_transform] X_groups_train.shape=[(774, 1)],y_train.shape=(774,),X_groups_test.shape=[(87, 1)],y_test.shape=(87,)
[ 2019-12-25 21:11:21,194][cascade_classifier.fit_transform] group_dims=[1]
[ 2019-12-25 21:11:21,194][cascade_classifier.fit_transform] group_starts=[0]
[ 2019-12-25 21:11:21,194][cascade_classifier.fit_transform] group_ends=[1]
[ 2019-12-25 21:11:21,195][cascade_classifier.fit_transform] X_train.shape=(774, 1),X_test.shape=(87, 1)
[ 2019-12-25 21:11:21,195][cascade_classifier.fit_transform] [layer=0] look_indexs=[0], X_cur_train.shape=(774, 1), X_cur_test.shape=(87, 1)
[ 2019-12-25 21:11:29,477][kfold_wrapper.log_eval_metrics] Accuracy(layer_0 - estimator_0 - 5_folds.train_0.predict)=92.31%
[ 2019-12-25 21:11:38,824][kfold_wrapper.log_eval_metrics] Accuracy(layer_0 - estimator_0 - 5_folds.train_1.predict)=92.90%
[ 2019-12-25 21:11:48,151][kfold_wrapper.log_eval_metrics] Accuracy(layer_0 - estimator_0 - 5_folds.train_2.predict)=94.19%
[ 2019-12-25 21:11:57,410][kfold_wrapper.log_eval_metrics] Accuracy(layer_0 - estimator_0 - 5_folds.train_3.predict)=90.91%
[ 2019-12-25 21:12:06,793][kfold_wrapper.log_eval_metrics] Accuracy(layer_0 - estimator_0 - 5_folds.train_4.predict)=94.81%
[ 2019-12-25 21:12:07,926][kfold_wrapper.log_eval_metrics] Accuracy(layer_0 - estimator_0 - 5_folds.train_cv.predict)=93.02%
[ 2019-12-25 21:12:07,926][kfold_wrapper.log_eval_metrics] Accuracy(layer_0 - estimator_0 - 5_folds.test.predict)=67.82%
[ 2019-12-25 21:12:08,625][kfold_wrapper.log_eval_metrics] Accuracy(layer_0 - estimator_1 - 3_folds.train_0.predict)=96.53%
[ 2019-12-25 21:12:09,314][kfold_wrapper.log_eval_metrics] Accuracy(layer_0 - estimator_1 - 3_folds.train_1.predict)=95.74%
[ 2019-12-25 21:12:10,012][kfold_wrapper.log_eval_metrics] Accuracy(layer_0 - estimator_1 - 3_folds.train_2.predict)=94.94%
[ 2019-12-25 21:12:10,014][kfold_wrapper.log_eval_metrics] Accuracy(layer_0 - estimator_1 - 3_folds.train_cv.predict)=95.74%
[ 2019-12-25 21:12:10,014][kfold_wrapper.log_eval_metrics] Accuracy(layer_0 - estimator_1 - 3_folds.test.predict)=70.11%
[ 2019-12-25 21:12:10,015][cascade_classifier.calc_accuracy] Accuracy(layer_0 - train.classifier_average)=94.83%
[ 2019-12-25 21:12:10,015][cascade_classifier.calc_accuracy] Accuracy(layer_0 - test.classifier_average)=68.97%
[ 2019-12-25 21:12:10,015][cascade_classifier.fit_transform] [layer=1] look_indexs=[0], X_cur_train.shape=(774, 5), X_cur_test.shape=(87, 5)
[ 2019-12-25 21:12:18,246][kfold_wrapper.log_eval_metrics] Accuracy(layer_1 - estimator_0 - 5_folds.train_0.predict)=95.51%
[ 2019-12-25 21:12:27,614][kfold_wrapper.log_eval_metrics] Accuracy(layer_1 - estimator_0 - 5_folds.train_1.predict)=94.84%
[ 2019-12-25 21:12:36,888][kfold_wrapper.log_eval_metrics] Accuracy(layer_1 - estimator_0 - 5_folds.train_2.predict)=96.13%
[ 2019-12-25 21:12:46,323][kfold_wrapper.log_eval_metrics] Accuracy(layer_1 - estimator_0 - 5_folds.train_3.predict)=97.40%
[ 2019-12-25 21:12:55,639][kfold_wrapper.log_eval_metrics] Accuracy(layer_1 - estimator_0 - 5_folds.train_4.predict)=92.21%
[ 2019-12-25 21:12:56,664][kfold_wrapper.log_eval_metrics] Accuracy(layer_1 - estimator_0 - 5_folds.train_cv.predict)=95.22%
[ 2019-12-25 21:12:56,664][kfold_wrapper.log_eval_metrics] Accuracy(layer_1 - estimator_0 - 5_folds.test.predict)=70.11%
[ 2019-12-25 21:12:57,374][kfold_wrapper.log_eval_metrics] Accuracy(layer_1 - estimator_1 - 3_folds.train_0.predict)=94.59%
[ 2019-12-25 21:12:58,081][kfold_wrapper.log_eval_metrics] Accuracy(layer_1 - estimator_1 - 3_folds.train_1.predict)=96.51%
[ 2019-12-25 21:12:58,753][kfold_wrapper.log_eval_metrics] Accuracy(layer_1 - estimator_1 - 3_folds.train_2.predict)=94.16%
[ 2019-12-25 21:12:58,754][kfold_wrapper.log_eval_metrics] Accuracy(layer_1 - estimator_1 - 3_folds.train_cv.predict)=95.09%
[ 2019-12-25 21:12:58,754][kfold_wrapper.log_eval_metrics] Accuracy(layer_1 - estimator_1 - 3_folds.test.predict)=71.26%
[ 2019-12-25 21:12:58,755][cascade_classifier.calc_accuracy] Accuracy(layer_1 - train.classifier_average)=95.09%
[ 2019-12-25 21:12:58,755][cascade_classifier.calc_accuracy] Accuracy(layer_1 - test.classifier_average)=70.11%
[ 2019-12-25 21:12:58,756][cascade_classifier.fit_transform] [layer=2] look_indexs=[0], X_cur_train.shape=(774, 5), X_cur_test.shape=(87, 5)
[ 2019-12-25 21:13:06,919][kfold_wrapper.log_eval_metrics] Accuracy(layer_2 - estimator_0 - 5_folds.train_0.predict)=94.23%
[ 2019-12-25 21:13:16,174][kfold_wrapper.log_eval_metrics] Accuracy(layer_2 - estimator_0 - 5_folds.train_1.predict)=92.90%
[ 2019-12-25 21:13:25,472][kfold_wrapper.log_eval_metrics] Accuracy(layer_2 - estimator_0 - 5_folds.train_2.predict)=97.42%
[ 2019-12-25 21:13:34,921][kfold_wrapper.log_eval_metrics] Accuracy(layer_2 - estimator_0 - 5_folds.train_3.predict)=95.45%
[ 2019-12-25 21:13:44,190][kfold_wrapper.log_eval_metrics] Accuracy(layer_2 - estimator_0 - 5_folds.train_4.predict)=96.10%
[ 2019-12-25 21:13:45,313][kfold_wrapper.log_eval_metrics] Accuracy(layer_2 - estimator_0 - 5_folds.train_cv.predict)=95.22%
[ 2019-12-25 21:13:45,313][kfold_wrapper.log_eval_metrics] Accuracy(layer_2 - estimator_0 - 5_folds.test.predict)=71.26%
[ 2019-12-25 21:13:46,028][kfold_wrapper.log_eval_metrics] Accuracy(layer_2 - estimator_1 - 3_folds.train_0.predict)=96.53%
[ 2019-12-25 21:13:46,708][kfold_wrapper.log_eval_metrics] Accuracy(layer_2 - estimator_1 - 3_folds.train_1.predict)=95.74%
[ 2019-12-25 21:13:47,424][kfold_wrapper.log_eval_metrics] Accuracy(layer_2 - estimator_1 - 3_folds.train_2.predict)=94.16%
[ 2019-12-25 21:13:47,426][kfold_wrapper.log_eval_metrics] Accuracy(layer_2 - estimator_1 - 3_folds.train_cv.predict)=95.48%
[ 2019-12-25 21:13:47,426][kfold_wrapper.log_eval_metrics] Accuracy(layer_2 - estimator_1 - 3_folds.test.predict)=68.97%
[ 2019-12-25 21:13:47,426][cascade_classifier.calc_accuracy] Accuracy(layer_2 - train.classifier_average)=95.61%
[ 2019-12-25 21:13:47,427][cascade_classifier.calc_accuracy] Accuracy(layer_2 - test.classifier_average)=71.26%
[ 2019-12-25 21:13:47,427][cascade_classifier.fit_transform] [layer=3] look_indexs=[0], X_cur_train.shape=(774, 5), X_cur_test.shape=(87, 5)
[ 2019-12-25 21:13:55,665][kfold_wrapper.log_eval_metrics] Accuracy(layer_3 - estimator_0 - 5_folds.train_0.predict)=96.79%
[ 2019-12-25 21:14:04,929][kfold_wrapper.log_eval_metrics] Accuracy(layer_3 - estimator_0 - 5_folds.train_1.predict)=94.84%
[ 2019-12-25 21:14:14,034][kfold_wrapper.log_eval_metrics] Accuracy(layer_3 - estimator_0 - 5_folds.train_2.predict)=92.26%
[ 2019-12-25 21:14:23,274][kfold_wrapper.log_eval_metrics] Accuracy(layer_3 - estimator_0 - 5_folds.train_3.predict)=94.81%
