[ 2019-12-29 13:44:24,212][cascade_classifier.fit_transform] X_groups_train.shape=[(774, 88)],y_train.shape=(774,),X_groups_test.shape=[(87, 88)],y_test.shape=(87,)
[ 2019-12-29 13:44:24,213][cascade_classifier.fit_transform] group_dims=[88]
[ 2019-12-29 13:44:24,213][cascade_classifier.fit_transform] group_starts=[0]
[ 2019-12-29 13:44:24,213][cascade_classifier.fit_transform] group_ends=[88]
[ 2019-12-29 13:44:24,213][cascade_classifier.fit_transform] X_train.shape=(774, 88),X_test.shape=(87, 88)
[ 2019-12-29 13:44:24,214][cascade_classifier.fit_transform] [layer=0] look_indexs=[0], X_cur_train.shape=(774, 88), X_cur_test.shape=(87, 88)
[ 2019-12-29 13:44:26,086][kfold_wrapper.log_eval_metrics] Accuracy(layer_0 - estimator_0 - 3_folds.train_0.predict)=78.38%
[ 2019-12-29 13:44:28,255][kfold_wrapper.log_eval_metrics] Accuracy(layer_0 - estimator_0 - 3_folds.train_1.predict)=81.78%
[ 2019-12-29 13:44:30,324][kfold_wrapper.log_eval_metrics] Accuracy(layer_0 - estimator_0 - 3_folds.train_2.predict)=83.27%
[ 2019-12-29 13:44:30,632][kfold_wrapper.log_eval_metrics] Accuracy(layer_0 - estimator_0 - 3_folds.train_cv.predict)=81.14%
[ 2019-12-29 13:44:30,633][kfold_wrapper.log_eval_metrics] Accuracy(layer_0 - estimator_0 - 3_folds.test.predict)=83.91%
[ 2019-12-29 13:44:32,516][kfold_wrapper.log_eval_metrics] Accuracy(layer_0 - estimator_1 - 3_folds.train_0.predict)=80.69%
[ 2019-12-29 13:44:34,769][kfold_wrapper.log_eval_metrics] Accuracy(layer_0 - estimator_1 - 3_folds.train_1.predict)=82.56%
[ 2019-12-29 13:44:36,812][kfold_wrapper.log_eval_metrics] Accuracy(layer_0 - estimator_1 - 3_folds.train_2.predict)=82.10%
[ 2019-12-29 13:44:37,124][kfold_wrapper.log_eval_metrics] Accuracy(layer_0 - estimator_1 - 3_folds.train_cv.predict)=81.78%
[ 2019-12-29 13:44:37,125][kfold_wrapper.log_eval_metrics] Accuracy(layer_0 - estimator_1 - 3_folds.test.predict)=83.91%
[ 2019-12-29 13:44:37,332][kfold_wrapper.log_eval_metrics] Accuracy(layer_0 - estimator_2 - 3_folds.train_0.predict)=81.85%
[ 2019-12-29 13:44:37,529][kfold_wrapper.log_eval_metrics] Accuracy(layer_0 - estimator_2 - 3_folds.train_1.predict)=81.78%
[ 2019-12-29 13:44:37,718][kfold_wrapper.log_eval_metrics] Accuracy(layer_0 - estimator_2 - 3_folds.train_2.predict)=80.16%
[ 2019-12-29 13:44:37,719][kfold_wrapper.log_eval_metrics] Accuracy(layer_0 - estimator_2 - 3_folds.train_cv.predict)=81.27%
[ 2019-12-29 13:44:37,719][kfold_wrapper.log_eval_metrics] Accuracy(layer_0 - estimator_2 - 3_folds.test.predict)=83.91%
[ 2019-12-29 13:44:37,720][cascade_classifier.calc_accuracy] Accuracy(layer_0 - train.classifier_average)=80.88%
[ 2019-12-29 13:44:37,720][cascade_classifier.calc_accuracy] Accuracy(layer_0 - test.classifier_average)=85.06%
[ 2019-12-29 13:44:37,720][cascade_classifier.fit_transform] [layer=1] look_indexs=[0], X_cur_train.shape=(774, 94), X_cur_test.shape=(87, 94)
[ 2019-12-29 13:44:39,576][kfold_wrapper.log_eval_metrics] Accuracy(layer_1 - estimator_0 - 3_folds.train_0.predict)=82.63%
[ 2019-12-29 13:44:41,635][kfold_wrapper.log_eval_metrics] Accuracy(layer_1 - estimator_0 - 3_folds.train_1.predict)=78.29%
[ 2019-12-29 13:44:43,707][kfold_wrapper.log_eval_metrics] Accuracy(layer_1 - estimator_0 - 3_folds.train_2.predict)=80.16%
[ 2019-12-29 13:44:43,915][kfold_wrapper.log_eval_metrics] Accuracy(layer_1 - estimator_0 - 3_folds.train_cv.predict)=80.36%
[ 2019-12-29 13:44:43,915][kfold_wrapper.log_eval_metrics] Accuracy(layer_1 - estimator_0 - 3_folds.test.predict)=85.06%
[ 2019-12-29 13:44:45,790][kfold_wrapper.log_eval_metrics] Accuracy(layer_1 - estimator_1 - 3_folds.train_0.predict)=78.38%
[ 2019-12-29 13:44:47,957][kfold_wrapper.log_eval_metrics] Accuracy(layer_1 - estimator_1 - 3_folds.train_1.predict)=81.40%
[ 2019-12-29 13:44:50,112][kfold_wrapper.log_eval_metrics] Accuracy(layer_1 - estimator_1 - 3_folds.train_2.predict)=84.05%
[ 2019-12-29 13:44:50,324][kfold_wrapper.log_eval_metrics] Accuracy(layer_1 - estimator_1 - 3_folds.train_cv.predict)=81.27%
[ 2019-12-29 13:44:50,324][kfold_wrapper.log_eval_metrics] Accuracy(layer_1 - estimator_1 - 3_folds.test.predict)=83.91%
[ 2019-12-29 13:44:50,528][kfold_wrapper.log_eval_metrics] Accuracy(layer_1 - estimator_2 - 3_folds.train_0.predict)=79.92%
[ 2019-12-29 13:44:50,718][kfold_wrapper.log_eval_metrics] Accuracy(layer_1 - estimator_2 - 3_folds.train_1.predict)=81.01%
[ 2019-12-29 13:44:50,915][kfold_wrapper.log_eval_metrics] Accuracy(layer_1 - estimator_2 - 3_folds.train_2.predict)=78.99%
[ 2019-12-29 13:44:50,916][kfold_wrapper.log_eval_metrics] Accuracy(layer_1 - estimator_2 - 3_folds.train_cv.predict)=79.97%
[ 2019-12-29 13:44:50,917][kfold_wrapper.log_eval_metrics] Accuracy(layer_1 - estimator_2 - 3_folds.test.predict)=83.91%
[ 2019-12-29 13:44:50,917][cascade_classifier.calc_accuracy] Accuracy(layer_1 - train.classifier_average)=79.97%
[ 2019-12-29 13:44:50,917][cascade_classifier.calc_accuracy] Accuracy(layer_1 - test.classifier_average)=85.06%
[ 2019-12-29 13:44:50,917][cascade_classifier.fit_transform] [layer=2] look_indexs=[0], X_cur_train.shape=(774, 94), X_cur_test.shape=(87, 94)
[ 2019-12-29 13:44:52,776][kfold_wrapper.log_eval_metrics] Accuracy(layer_2 - estimator_0 - 3_folds.train_0.predict)=80.69%
[ 2019-12-29 13:44:54,829][kfold_wrapper.log_eval_metrics] Accuracy(layer_2 - estimator_0 - 3_folds.train_1.predict)=80.23%
[ 2019-12-29 13:44:56,995][kfold_wrapper.log_eval_metrics] Accuracy(layer_2 - estimator_0 - 3_folds.train_2.predict)=82.10%
[ 2019-12-29 13:44:57,304][kfold_wrapper.log_eval_metrics] Accuracy(layer_2 - estimator_0 - 3_folds.train_cv.predict)=81.01%
[ 2019-12-29 13:44:57,304][kfold_wrapper.log_eval_metrics] Accuracy(layer_2 - estimator_0 - 3_folds.test.predict)=86.21%
[ 2019-12-29 13:44:59,177][kfold_wrapper.log_eval_metrics] Accuracy(layer_2 - estimator_1 - 3_folds.train_0.predict)=80.31%
[ 2019-12-29 13:45:01,150][kfold_wrapper.log_eval_metrics] Accuracy(layer_2 - estimator_1 - 3_folds.train_1.predict)=78.29%
[ 2019-12-29 13:45:03,325][kfold_wrapper.log_eval_metrics] Accuracy(layer_2 - estimator_1 - 3_folds.train_2.predict)=82.88%
[ 2019-12-29 13:45:03,635][kfold_wrapper.log_eval_metrics] Accuracy(layer_2 - estimator_1 - 3_folds.train_cv.predict)=80.49%
[ 2019-12-29 13:45:03,635][kfold_wrapper.log_eval_metrics] Accuracy(layer_2 - estimator_1 - 3_folds.test.predict)=83.91%
[ 2019-12-29 13:45:03,847][kfold_wrapper.log_eval_metrics] Accuracy(layer_2 - estimator_2 - 3_folds.train_0.predict)=81.08%
[ 2019-12-29 13:45:04,043][kfold_wrapper.log_eval_metrics] Accuracy(layer_2 - estimator_2 - 3_folds.train_1.predict)=81.40%
[ 2019-12-29 13:45:04,236][kfold_wrapper.log_eval_metrics] Accuracy(layer_2 - estimator_2 - 3_folds.train_2.predict)=83.66%
[ 2019-12-29 13:45:04,237][kfold_wrapper.log_eval_metrics] Accuracy(layer_2 - estimator_2 - 3_folds.train_cv.predict)=82.04%
[ 2019-12-29 13:45:04,237][kfold_wrapper.log_eval_metrics] Accuracy(layer_2 - estimator_2 - 3_folds.test.predict)=85.06%
[ 2019-12-29 13:45:04,238][cascade_classifier.calc_accuracy] Accuracy(layer_2 - train.classifier_average)=81.78%
[ 2019-12-29 13:45:04,238][cascade_classifier.calc_accuracy] Accuracy(layer_2 - test.classifier_average)=85.06%
[ 2019-12-29 13:45:04,238][cascade_classifier.fit_transform] [layer=3] look_indexs=[0], X_cur_train.shape=(774, 94), X_cur_test.shape=(87, 94)
[ 2019-12-29 13:45:06,100][kfold_wrapper.log_eval_metrics] Accuracy(layer_3 - estimator_0 - 3_folds.train_0.predict)=82.63%
[ 2019-12-29 13:45:08,356][kfold_wrapper.log_eval_metrics] Accuracy(layer_3 - estimator_0 - 3_folds.train_1.predict)=79.07%
[ 2019-12-29 13:45:10,585][kfold_wrapper.log_eval_metrics] Accuracy(layer_3 - estimator_0 - 3_folds.train_2.predict)=80.54%
[ 2019-12-29 13:45:10,805][kfold_wrapper.log_eval_metrics] Accuracy(layer_3 - estimator_0 - 3_folds.train_cv.predict)=80.75%
[ 2019-12-29 13:45:10,805][kfold_wrapper.log_eval_metrics] Accuracy(layer_3 - estimator_0 - 3_folds.test.predict)=86.21%
[ 2019-12-29 13:45:12,561][kfold_wrapper.log_eval_metrics] Accuracy(layer_3 - estimator_1 - 3_folds.train_0.predict)=81.47%
[ 2019-12-29 13:45:14,727][kfold_wrapper.log_eval_metrics] Accuracy(layer_3 - estimator_1 - 3_folds.train_1.predict)=83.33%
[ 2019-12-29 13:45:16,676][kfold_wrapper.log_eval_metrics] Accuracy(layer_3 - estimator_1 - 3_folds.train_2.predict)=79.77%
[ 2019-12-29 13:45:16,983][kfold_wrapper.log_eval_metrics] Accuracy(layer_3 - estimator_1 - 3_folds.train_cv.predict)=81.52%
[ 2019-12-29 13:45:16,983][kfold_wrapper.log_eval_metrics] Accuracy(layer_3 - estimator_1 - 3_folds.test.predict)=87.36%
[ 2019-12-29 13:45:17,186][kfold_wrapper.log_eval_metrics] Accuracy(layer_3 - estimator_2 - 3_folds.train_0.predict)=78.76%
[ 2019-12-29 13:45:17,387][kfold_wrapper.log_eval_metrics] Accuracy(layer_3 - estimator_2 - 3_folds.train_1.predict)=77.91%
[ 2019-12-29 13:45:17,574][kfold_wrapper.log_eval_metrics] Accuracy(layer_3 - estimator_2 - 3_folds.train_2.predict)=81.32%
[ 2019-12-29 13:45:17,575][kfold_wrapper.log_eval_metrics] Accuracy(layer_3 - estimator_2 - 3_folds.train_cv.predict)=79.33%
[ 2019-12-29 13:45:17,575][kfold_wrapper.log_eval_metrics] Accuracy(layer_3 - estimator_2 - 3_folds.test.predict)=86.21%
[ 2019-12-29 13:45:17,576][cascade_classifier.calc_accuracy] Accuracy(layer_3 - train.classifier_average)=80.36%
[ 2019-12-29 13:45:17,576][cascade_classifier.calc_accuracy] Accuracy(layer_3 - test.classifier_average)=86.21%
[ 2019-12-29 13:45:17,576][cascade_classifier.fit_transform] [layer=4] look_indexs=[0], X_cur_train.shape=(774, 94), X_cur_test.shape=(87, 94)
[ 2019-12-29 13:45:19,425][kfold_wrapper.log_eval_metrics] Accuracy(layer_4 - estimator_0 - 3_folds.train_0.predict)=82.24%
[ 2019-12-29 13:45:21,503][kfold_wrapper.log_eval_metrics] Accuracy(layer_4 - estimator_0 - 3_folds.train_1.predict)=79.84%
[ 2019-12-29 13:45:23,564][kfold_wrapper.log_eval_metrics] Accuracy(layer_4 - estimator_0 - 3_folds.train_2.predict)=80.93%
[ 2019-12-29 13:45:23,872][kfold_wrapper.log_eval_metrics] Accuracy(layer_4 - estimator_0 - 3_folds.train_cv.predict)=81.01%
[ 2019-12-29 13:45:23,873][kfold_wrapper.log_eval_metrics] Accuracy(layer_4 - estimator_0 - 3_folds.test.predict)=86.21%
[ 2019-12-29 13:45:25,719][kfold_wrapper.log_eval_metrics] Accuracy(layer_4 - estimator_1 - 3_folds.train_0.predict)=82.63%
[ 2019-12-29 13:45:27,770][kfold_wrapper.log_eval_metrics] Accuracy(layer_4 - estimator_1 - 3_folds.train_1.predict)=79.07%
[ 2019-12-29 13:45:29,827][kfold_wrapper.log_eval_metrics] Accuracy(layer_4 - estimator_1 - 3_folds.train_2.predict)=80.16%
[ 2019-12-29 13:45:30,135][kfold_wrapper.log_eval_metrics] Accuracy(layer_4 - estimator_1 - 3_folds.train_cv.predict)=80.62%
[ 2019-12-29 13:45:30,135][kfold_wrapper.log_eval_metrics] Accuracy(layer_4 - estimator_1 - 3_folds.test.predict)=86.21%
[ 2019-12-29 13:45:30,346][kfold_wrapper.log_eval_metrics] Accuracy(layer_4 - estimator_2 - 3_folds.train_0.predict)=80.69%
[ 2019-12-29 13:45:30,541][kfold_wrapper.log_eval_metrics] Accuracy(layer_4 - estimator_2 - 3_folds.train_1.predict)=78.68%
[ 2019-12-29 13:45:30,738][kfold_wrapper.log_eval_metrics] Accuracy(layer_4 - estimator_2 - 3_folds.train_2.predict)=82.88%
[ 2019-12-29 13:45:30,740][kfold_wrapper.log_eval_metrics] Accuracy(layer_4 - estimator_2 - 3_folds.train_cv.predict)=80.75%
[ 2019-12-29 13:45:30,740][kfold_wrapper.log_eval_metrics] Accuracy(layer_4 - estimator_2 - 3_folds.test.predict)=82.76%
[ 2019-12-29 13:45:30,740][cascade_classifier.calc_accuracy] Accuracy(layer_4 - train.classifier_average)=81.40%
[ 2019-12-29 13:45:30,740][cascade_classifier.calc_accuracy] Accuracy(layer_4 - test.classifier_average)=85.06%
[ 2019-12-29 13:45:30,741][cascade_classifier.fit_transform] [layer=5] look_indexs=[0], X_cur_train.shape=(774, 94), X_cur_test.shape=(87, 94)
[ 2019-12-29 13:45:32,594][kfold_wrapper.log_eval_metrics] Accuracy(layer_5 - estimator_0 - 3_folds.train_0.predict)=85.33%
[ 2019-12-29 13:45:34,647][kfold_wrapper.log_eval_metrics] Accuracy(layer_5 - estimator_0 - 3_folds.train_1.predict)=78.29%
[ 2019-12-29 13:45:36,609][kfold_wrapper.log_eval_metrics] Accuracy(layer_5 - estimator_0 - 3_folds.train_2.predict)=80.54%
[ 2019-12-29 13:45:36,823][kfold_wrapper.log_eval_metrics] Accuracy(layer_5 - estimator_0 - 3_folds.train_cv.predict)=81.40%
[ 2019-12-29 13:45:36,823][kfold_wrapper.log_eval_metrics] Accuracy(layer_5 - estimator_0 - 3_folds.test.predict)=85.06%
[ 2019-12-29 13:45:38,675][kfold_wrapper.log_eval_metrics] Accuracy(layer_5 - estimator_1 - 3_folds.train_0.predict)=80.31%
[ 2019-12-29 13:45:40,751][kfold_wrapper.log_eval_metrics] Accuracy(layer_5 - estimator_1 - 3_folds.train_1.predict)=79.46%
[ 2019-12-29 13:45:42,814][kfold_wrapper.log_eval_metrics] Accuracy(layer_5 - estimator_1 - 3_folds.train_2.predict)=84.05%
[ 2019-12-29 13:45:43,122][kfold_wrapper.log_eval_metrics] Accuracy(layer_5 - estimator_1 - 3_folds.train_cv.predict)=81.27%
[ 2019-12-29 13:45:43,122][kfold_wrapper.log_eval_metrics] Accuracy(layer_5 - estimator_1 - 3_folds.test.predict)=85.06%
[ 2019-12-29 13:45:43,327][kfold_wrapper.log_eval_metrics] Accuracy(layer_5 - estimator_2 - 3_folds.train_0.predict)=81.08%
[ 2019-12-29 13:45:43,527][kfold_wrapper.log_eval_metrics] Accuracy(layer_5 - estimator_2 - 3_folds.train_1.predict)=80.62%
[ 2019-12-29 13:45:43,723][kfold_wrapper.log_eval_metrics] Accuracy(layer_5 - estimator_2 - 3_folds.train_2.predict)=77.04%
[ 2019-12-29 13:45:43,724][kfold_wrapper.log_eval_metrics] Accuracy(layer_5 - estimator_2 - 3_folds.train_cv.predict)=79.59%
[ 2019-12-29 13:45:43,725][kfold_wrapper.log_eval_metrics] Accuracy(layer_5 - estimator_2 - 3_folds.test.predict)=83.91%
[ 2019-12-29 13:45:43,725][cascade_classifier.calc_accuracy] Accuracy(layer_5 - train.classifier_average)=80.75%
[ 2019-12-29 13:45:43,725][cascade_classifier.calc_accuracy] Accuracy(layer_5 - test.classifier_average)=83.91%
[ 2019-12-29 13:45:43,725][cascade_classifier.fit_transform] [Result][Optimal Level Detected] opt_layer_num=3, accuracy_train=81.78%, accuracy_test=85.06%
[ 2019-12-29 13:45:43,747][cascade_classifier.transform] X_groups_test.shape=[(87, 88)]
[ 2019-12-29 13:45:43,747][cascade_classifier.transform] group_dims=[88]
[ 2019-12-29 13:45:43,748][cascade_classifier.transform] X_test.shape=(87, 88)
[ 2019-12-29 13:45:43,748][cascade_classifier.transform] [layer=0] look_indexs=[0], X_cur_test.shape=(87, 88)
[ 2019-12-29 13:45:45,407][cascade_classifier.transform] [layer=1] look_indexs=[0], X_cur_test.shape=(87, 94)
[ 2019-12-29 13:45:46,851][cascade_classifier.transform] [layer=2] look_indexs=[0], X_cur_test.shape=(87, 94)
[ 2019-12-29 13:45:48,716][cascade_classifier.transform] X_groups_test.shape=[(87, 88)]
[ 2019-12-29 13:45:48,716][cascade_classifier.transform] group_dims=[88]
[ 2019-12-29 13:45:48,717][cascade_classifier.transform] X_test.shape=(87, 88)
[ 2019-12-29 13:45:48,717][cascade_classifier.transform] [layer=0] look_indexs=[0], X_cur_test.shape=(87, 88)
[ 2019-12-29 13:45:49,990][cascade_classifier.transform] [layer=1] look_indexs=[0], X_cur_test.shape=(87, 94)
[ 2019-12-29 13:45:51,545][cascade_classifier.transform] [layer=2] look_indexs=[0], X_cur_test.shape=(87, 94)
[ 2019-12-29 13:46:17,055][cascade_classifier.fit_transform] X_groups_train.shape=[(774, 88)],y_train.shape=(774,),X_groups_test.shape=[(87, 88)],y_test.shape=(87,)
[ 2019-12-29 13:46:17,056][cascade_classifier.fit_transform] group_dims=[88]
[ 2019-12-29 13:46:17,056][cascade_classifier.fit_transform] group_starts=[0]
[ 2019-12-29 13:46:17,056][cascade_classifier.fit_transform] group_ends=[88]
[ 2019-12-29 13:46:17,056][cascade_classifier.fit_transform] X_train.shape=(774, 88),X_test.shape=(87, 88)
[ 2019-12-29 13:46:17,057][cascade_classifier.fit_transform] [layer=0] look_indexs=[0], X_cur_train.shape=(774, 88), X_cur_test.shape=(87, 88)
[ 2019-12-29 13:46:18,922][kfold_wrapper.log_eval_metrics] Accuracy(layer_0 - estimator_0 - 3_folds.train_0.predict)=77.61%
[ 2019-12-29 13:46:21,084][kfold_wrapper.log_eval_metrics] Accuracy(layer_0 - estimator_0 - 3_folds.train_1.predict)=84.11%
[ 2019-12-29 13:46:23,246][kfold_wrapper.log_eval_metrics] Accuracy(layer_0 - estimator_0 - 3_folds.train_2.predict)=78.99%
[ 2019-12-29 13:46:23,554][kfold_wrapper.log_eval_metrics] Accuracy(layer_0 - estimator_0 - 3_folds.train_cv.predict)=80.23%
[ 2019-12-29 13:46:23,554][kfold_wrapper.log_eval_metrics] Accuracy(layer_0 - estimator_0 - 3_folds.test.predict)=83.91%
[ 2019-12-29 13:46:25,426][kfold_wrapper.log_eval_metrics] Accuracy(layer_0 - estimator_1 - 3_folds.train_0.predict)=81.85%
[ 2019-12-29 13:46:27,494][kfold_wrapper.log_eval_metrics] Accuracy(layer_0 - estimator_1 - 3_folds.train_1.predict)=82.17%
[ 2019-12-29 13:46:29,655][kfold_wrapper.log_eval_metrics] Accuracy(layer_0 - estimator_1 - 3_folds.train_2.predict)=79.77%
[ 2019-12-29 13:46:29,866][kfold_wrapper.log_eval_metrics] Accuracy(layer_0 - estimator_1 - 3_folds.train_cv.predict)=81.27%
[ 2019-12-29 13:46:29,866][kfold_wrapper.log_eval_metrics] Accuracy(layer_0 - estimator_1 - 3_folds.test.predict)=83.91%
[ 2019-12-29 13:46:30,066][kfold_wrapper.log_eval_metrics] Accuracy(layer_0 - estimator_2 - 3_folds.train_0.predict)=80.69%
[ 2019-12-29 13:46:30,262][kfold_wrapper.log_eval_metrics] Accuracy(layer_0 - estimator_2 - 3_folds.train_1.predict)=79.07%
[ 2019-12-29 13:46:30,451][kfold_wrapper.log_eval_metrics] Accuracy(layer_0 - estimator_2 - 3_folds.train_2.predict)=81.71%
[ 2019-12-29 13:46:30,452][kfold_wrapper.log_eval_metrics] Accuracy(layer_0 - estimator_2 - 3_folds.train_cv.predict)=80.49%
[ 2019-12-29 13:46:30,453][kfold_wrapper.log_eval_metrics] Accuracy(layer_0 - estimator_2 - 3_folds.test.predict)=85.06%
[ 2019-12-29 13:46:30,453][cascade_classifier.calc_accuracy] Accuracy(layer_0 - train.classifier_average)=81.14%
[ 2019-12-29 13:46:30,453][cascade_classifier.calc_accuracy] Accuracy(layer_0 - test.classifier_average)=85.06%
[ 2019-12-29 13:46:30,454][cascade_classifier.fit_transform] [layer=1] look_indexs=[0], X_cur_train.shape=(774, 94), X_cur_test.shape=(87, 94)
[ 2019-12-29 13:46:32,314][kfold_wrapper.log_eval_metrics] Accuracy(layer_1 - estimator_0 - 3_folds.train_0.predict)=82.63%
[ 2019-12-29 13:46:34,290][kfold_wrapper.log_eval_metrics] Accuracy(layer_1 - estimator_0 - 3_folds.train_1.predict)=79.84%
[ 2019-12-29 13:46:36,464][kfold_wrapper.log_eval_metrics] Accuracy(layer_1 - estimator_0 - 3_folds.train_2.predict)=81.71%
[ 2019-12-29 13:46:36,774][kfold_wrapper.log_eval_metrics] Accuracy(layer_1 - estimator_0 - 3_folds.train_cv.predict)=81.40%
[ 2019-12-29 13:46:36,775][kfold_wrapper.log_eval_metrics] Accuracy(layer_1 - estimator_0 - 3_folds.test.predict)=85.06%
[ 2019-12-29 13:46:38,632][kfold_wrapper.log_eval_metrics] Accuracy(layer_1 - estimator_1 - 3_folds.train_0.predict)=79.54%
[ 2019-12-29 13:46:40,710][kfold_wrapper.log_eval_metrics] Accuracy(layer_1 - estimator_1 - 3_folds.train_1.predict)=86.05%
[ 2019-12-29 13:46:42,701][kfold_wrapper.log_eval_metrics] Accuracy(layer_1 - estimator_1 - 3_folds.train_2.predict)=80.93%
[ 2019-12-29 13:46:42,908][kfold_wrapper.log_eval_metrics] Accuracy(layer_1 - estimator_1 - 3_folds.train_cv.predict)=82.17%
[ 2019-12-29 13:46:42,914][kfold_wrapper.log_eval_metrics] Accuracy(layer_1 - estimator_1 - 3_folds.test.predict)=85.06%
[ 2019-12-29 13:46:43,123][kfold_wrapper.log_eval_metrics] Accuracy(layer_1 - estimator_2 - 3_folds.train_0.predict)=80.69%
[ 2019-12-29 13:46:43,319][kfold_wrapper.log_eval_metrics] Accuracy(layer_1 - estimator_2 - 3_folds.train_1.predict)=81.01%
[ 2019-12-29 13:46:43,519][kfold_wrapper.log_eval_metrics] Accuracy(layer_1 - estimator_2 - 3_folds.train_2.predict)=77.43%
[ 2019-12-29 13:46:43,520][kfold_wrapper.log_eval_metrics] Accuracy(layer_1 - estimator_2 - 3_folds.train_cv.predict)=79.72%
[ 2019-12-29 13:46:43,520][kfold_wrapper.log_eval_metrics] Accuracy(layer_1 - estimator_2 - 3_folds.test.predict)=83.91%
[ 2019-12-29 13:46:43,520][cascade_classifier.calc_accuracy] Accuracy(layer_1 - train.classifier_average)=80.88%
[ 2019-12-29 13:46:43,520][cascade_classifier.calc_accuracy] Accuracy(layer_1 - test.classifier_average)=85.06%
[ 2019-12-29 13:46:43,521][cascade_classifier.fit_transform] [layer=2] look_indexs=[0], X_cur_train.shape=(774, 94), X_cur_test.shape=(87, 94)
[ 2019-12-29 13:46:45,383][kfold_wrapper.log_eval_metrics] Accuracy(layer_2 - estimator_0 - 3_folds.train_0.predict)=80.69%
[ 2019-12-29 13:46:47,665][kfold_wrapper.log_eval_metrics] Accuracy(layer_2 - estimator_0 - 3_folds.train_1.predict)=77.52%
[ 2019-12-29 13:46:49,840][kfold_wrapper.log_eval_metrics] Accuracy(layer_2 - estimator_0 - 3_folds.train_2.predict)=85.99%
[ 2019-12-29 13:46:50,054][kfold_wrapper.log_eval_metrics] Accuracy(layer_2 - estimator_0 - 3_folds.train_cv.predict)=81.40%
[ 2019-12-29 13:46:50,055][kfold_wrapper.log_eval_metrics] Accuracy(layer_2 - estimator_0 - 3_folds.test.predict)=85.06%
[ 2019-12-29 13:46:51,995][kfold_wrapper.log_eval_metrics] Accuracy(layer_2 - estimator_1 - 3_folds.train_0.predict)=78.38%
[ 2019-12-29 13:46:54,255][kfold_wrapper.log_eval_metrics] Accuracy(layer_2 - estimator_1 - 3_folds.train_1.predict)=83.33%
[ 2019-12-29 13:46:56,447][kfold_wrapper.log_eval_metrics] Accuracy(layer_2 - estimator_1 - 3_folds.train_2.predict)=81.32%
[ 2019-12-29 13:46:56,655][kfold_wrapper.log_eval_metrics] Accuracy(layer_2 - estimator_1 - 3_folds.train_cv.predict)=81.01%
[ 2019-12-29 13:46:56,655][kfold_wrapper.log_eval_metrics] Accuracy(layer_2 - estimator_1 - 3_folds.test.predict)=83.91%
[ 2019-12-29 13:46:56,865][kfold_wrapper.log_eval_metrics] Accuracy(layer_2 - estimator_2 - 3_folds.train_0.predict)=76.83%
[ 2019-12-29 13:46:57,067][kfold_wrapper.log_eval_metrics] Accuracy(layer_2 - estimator_2 - 3_folds.train_1.predict)=79.46%
[ 2019-12-29 13:46:57,259][kfold_wrapper.log_eval_metrics] Accuracy(layer_2 - estimator_2 - 3_folds.train_2.predict)=83.27%
[ 2019-12-29 13:46:57,260][kfold_wrapper.log_eval_metrics] Accuracy(layer_2 - estimator_2 - 3_folds.train_cv.predict)=79.84%
[ 2019-12-29 13:46:57,261][kfold_wrapper.log_eval_metrics] Accuracy(layer_2 - estimator_2 - 3_folds.test.predict)=83.91%
[ 2019-12-29 13:46:57,261][cascade_classifier.calc_accuracy] Accuracy(layer_2 - train.classifier_average)=81.27%
[ 2019-12-29 13:46:57,261][cascade_classifier.calc_accuracy] Accuracy(layer_2 - test.classifier_average)=83.91%
[ 2019-12-29 13:46:57,262][cascade_classifier.fit_transform] [layer=3] look_indexs=[0], X_cur_train.shape=(774, 94), X_cur_test.shape=(87, 94)
[ 2019-12-29 13:46:59,038][kfold_wrapper.log_eval_metrics] Accuracy(layer_3 - estimator_0 - 3_folds.train_0.predict)=78.76%
[ 2019-12-29 13:47:01,203][kfold_wrapper.log_eval_metrics] Accuracy(layer_3 - estimator_0 - 3_folds.train_1.predict)=79.07%
[ 2019-12-29 13:47:03,371][kfold_wrapper.log_eval_metrics] Accuracy(layer_3 - estimator_0 - 3_folds.train_2.predict)=84.82%
[ 2019-12-29 13:47:03,684][kfold_wrapper.log_eval_metrics] Accuracy(layer_3 - estimator_0 - 3_folds.train_cv.predict)=80.88%
[ 2019-12-29 13:47:03,684][kfold_wrapper.log_eval_metrics] Accuracy(layer_3 - estimator_0 - 3_folds.test.predict)=85.06%
[ 2019-12-29 13:47:05,440][kfold_wrapper.log_eval_metrics] Accuracy(layer_3 - estimator_1 - 3_folds.train_0.predict)=78.38%
[ 2019-12-29 13:47:07,602][kfold_wrapper.log_eval_metrics] Accuracy(layer_3 - estimator_1 - 3_folds.train_1.predict)=79.84%
[ 2019-12-29 13:47:09,672][kfold_wrapper.log_eval_metrics] Accuracy(layer_3 - estimator_1 - 3_folds.train_2.predict)=84.05%
[ 2019-12-29 13:47:09,981][kfold_wrapper.log_eval_metrics] Accuracy(layer_3 - estimator_1 - 3_folds.train_cv.predict)=80.75%
[ 2019-12-29 13:47:09,981][kfold_wrapper.log_eval_metrics] Accuracy(layer_3 - estimator_1 - 3_folds.test.predict)=85.06%
[ 2019-12-29 13:47:10,205][kfold_wrapper.log_eval_metrics] Accuracy(layer_3 - estimator_2 - 3_folds.train_0.predict)=81.47%
[ 2019-12-29 13:47:10,464][kfold_wrapper.log_eval_metrics] Accuracy(layer_3 - estimator_2 - 3_folds.train_1.predict)=78.29%
[ 2019-12-29 13:47:10,677][kfold_wrapper.log_eval_metrics] Accuracy(layer_3 - estimator_2 - 3_folds.train_2.predict)=80.93%
[ 2019-12-29 13:47:10,678][kfold_wrapper.log_eval_metrics] Accuracy(layer_3 - estimator_2 - 3_folds.train_cv.predict)=80.23%
[ 2019-12-29 13:47:10,679][kfold_wrapper.log_eval_metrics] Accuracy(layer_3 - estimator_2 - 3_folds.test.predict)=82.76%
[ 2019-12-29 13:47:10,679][cascade_classifier.calc_accuracy] Accuracy(layer_3 - train.classifier_average)=80.23%
[ 2019-12-29 13:47:10,679][cascade_classifier.calc_accuracy] Accuracy(layer_3 - test.classifier_average)=82.76%
[ 2019-12-29 13:47:10,680][cascade_classifier.fit_transform] [layer=4] look_indexs=[0], X_cur_train.shape=(774, 94), X_cur_test.shape=(87, 94)
[ 2019-12-29 13:47:12,628][kfold_wrapper.log_eval_metrics] Accuracy(layer_4 - estimator_0 - 3_folds.train_0.predict)=81.85%
[ 2019-12-29 13:47:14,805][kfold_wrapper.log_eval_metrics] Accuracy(layer_4 - estimator_0 - 3_folds.train_1.predict)=81.40%
[ 2019-12-29 13:47:16,872][kfold_wrapper.log_eval_metrics] Accuracy(layer_4 - estimator_0 - 3_folds.train_2.predict)=80.16%
[ 2019-12-29 13:47:17,186][kfold_wrapper.log_eval_metrics] Accuracy(layer_4 - estimator_0 - 3_folds.train_cv.predict)=81.14%
[ 2019-12-29 13:47:17,186][kfold_wrapper.log_eval_metrics] Accuracy(layer_4 - estimator_0 - 3_folds.test.predict)=85.06%
[ 2019-12-29 13:47:18,946][kfold_wrapper.log_eval_metrics] Accuracy(layer_4 - estimator_1 - 3_folds.train_0.predict)=81.85%
[ 2019-12-29 13:47:21,116][kfold_wrapper.log_eval_metrics] Accuracy(layer_4 - estimator_1 - 3_folds.train_1.predict)=81.01%
[ 2019-12-29 13:47:23,275][kfold_wrapper.log_eval_metrics] Accuracy(layer_4 - estimator_1 - 3_folds.train_2.predict)=80.16%
[ 2019-12-29 13:47:23,583][kfold_wrapper.log_eval_metrics] Accuracy(layer_4 - estimator_1 - 3_folds.train_cv.predict)=81.01%
[ 2019-12-29 13:47:23,583][kfold_wrapper.log_eval_metrics] Accuracy(layer_4 - estimator_1 - 3_folds.test.predict)=85.06%
[ 2019-12-29 13:47:23,790][kfold_wrapper.log_eval_metrics] Accuracy(layer_4 - estimator_2 - 3_folds.train_0.predict)=79.54%
[ 2019-12-29 13:47:23,993][kfold_wrapper.log_eval_metrics] Accuracy(layer_4 - estimator_2 - 3_folds.train_1.predict)=78.68%
[ 2019-12-29 13:47:24,190][kfold_wrapper.log_eval_metrics] Accuracy(layer_4 - estimator_2 - 3_folds.train_2.predict)=79.77%
[ 2019-12-29 13:47:24,191][kfold_wrapper.log_eval_metrics] Accuracy(layer_4 - estimator_2 - 3_folds.train_cv.predict)=79.33%
[ 2019-12-29 13:47:24,192][kfold_wrapper.log_eval_metrics] Accuracy(layer_4 - estimator_2 - 3_folds.test.predict)=82.76%
[ 2019-12-29 13:47:24,192][cascade_classifier.calc_accuracy] Accuracy(layer_4 - train.classifier_average)=80.36%
[ 2019-12-29 13:47:24,192][cascade_classifier.calc_accuracy] Accuracy(layer_4 - test.classifier_average)=85.06%
[ 2019-12-29 13:47:24,193][cascade_classifier.fit_transform] [layer=5] look_indexs=[0], X_cur_train.shape=(774, 94), X_cur_test.shape=(87, 94)
[ 2019-12-29 13:47:25,954][kfold_wrapper.log_eval_metrics] Accuracy(layer_5 - estimator_0 - 3_folds.train_0.predict)=83.40%
[ 2019-12-29 13:47:28,056][kfold_wrapper.log_eval_metrics] Accuracy(layer_5 - estimator_0 - 3_folds.train_1.predict)=79.46%
[ 2019-12-29 13:47:30,018][kfold_wrapper.log_eval_metrics] Accuracy(layer_5 - estimator_0 - 3_folds.train_2.predict)=82.10%
[ 2019-12-29 13:47:30,333][kfold_wrapper.log_eval_metrics] Accuracy(layer_5 - estimator_0 - 3_folds.train_cv.predict)=81.65%
[ 2019-12-29 13:47:30,333][kfold_wrapper.log_eval_metrics] Accuracy(layer_5 - estimator_0 - 3_folds.test.predict)=83.91%
[ 2019-12-29 13:47:32,184][kfold_wrapper.log_eval_metrics] Accuracy(layer_5 - estimator_1 - 3_folds.train_0.predict)=81.85%
[ 2019-12-29 13:47:34,333][kfold_wrapper.log_eval_metrics] Accuracy(layer_5 - estimator_1 - 3_folds.train_1.predict)=81.40%
[ 2019-12-29 13:47:36,390][kfold_wrapper.log_eval_metrics] Accuracy(layer_5 - estimator_1 - 3_folds.train_2.predict)=77.43%
[ 2019-12-29 13:47:36,602][kfold_wrapper.log_eval_metrics] Accuracy(layer_5 - estimator_1 - 3_folds.train_cv.predict)=80.23%
[ 2019-12-29 13:47:36,602][kfold_wrapper.log_eval_metrics] Accuracy(layer_5 - estimator_1 - 3_folds.test.predict)=82.76%
[ 2019-12-29 13:47:36,814][kfold_wrapper.log_eval_metrics] Accuracy(layer_5 - estimator_2 - 3_folds.train_0.predict)=80.31%
[ 2019-12-29 13:47:37,018][kfold_wrapper.log_eval_metrics] Accuracy(layer_5 - estimator_2 - 3_folds.train_1.predict)=81.78%
[ 2019-12-29 13:47:37,216][kfold_wrapper.log_eval_metrics] Accuracy(layer_5 - estimator_2 - 3_folds.train_2.predict)=78.60%
[ 2019-12-29 13:47:37,217][kfold_wrapper.log_eval_metrics] Accuracy(layer_5 - estimator_2 - 3_folds.train_cv.predict)=80.23%
[ 2019-12-29 13:47:37,217][kfold_wrapper.log_eval_metrics] Accuracy(layer_5 - estimator_2 - 3_folds.test.predict)=83.91%
[ 2019-12-29 13:47:37,218][cascade_classifier.calc_accuracy] Accuracy(layer_5 - train.classifier_average)=81.01%
[ 2019-12-29 13:47:37,218][cascade_classifier.calc_accuracy] Accuracy(layer_5 - test.classifier_average)=83.91%
[ 2019-12-29 13:47:37,218][cascade_classifier.fit_transform] [Result][Optimal Level Detected] opt_layer_num=3, accuracy_train=81.27%, accuracy_test=83.91%
[ 2019-12-29 13:47:37,239][cascade_classifier.transform] X_groups_test.shape=[(87, 88)]
[ 2019-12-29 13:47:37,239][cascade_classifier.transform] group_dims=[88]
[ 2019-12-29 13:47:37,239][cascade_classifier.transform] X_test.shape=(87, 88)
[ 2019-12-29 13:47:37,240][cascade_classifier.transform] [layer=0] look_indexs=[0], X_cur_test.shape=(87, 88)
[ 2019-12-29 13:47:38,801][cascade_classifier.transform] [layer=1] look_indexs=[0], X_cur_test.shape=(87, 94)
[ 2019-12-29 13:47:40,462][cascade_classifier.transform] [layer=2] look_indexs=[0], X_cur_test.shape=(87, 94)
[ 2019-12-29 13:47:41,908][cascade_classifier.transform] X_groups_test.shape=[(87, 88)]
[ 2019-12-29 13:47:41,908][cascade_classifier.transform] group_dims=[88]
[ 2019-12-29 13:47:41,908][cascade_classifier.transform] X_test.shape=(87, 88)
[ 2019-12-29 13:47:41,909][cascade_classifier.transform] [layer=0] look_indexs=[0], X_cur_test.shape=(87, 88)
[ 2019-12-29 13:47:43,566][cascade_classifier.transform] [layer=1] look_indexs=[0], X_cur_test.shape=(87, 94)
[ 2019-12-29 13:47:45,011][cascade_classifier.transform] [layer=2] look_indexs=[0], X_cur_test.shape=(87, 94)
[ 2019-12-29 13:48:09,000][cascade_classifier.fit_transform] X_groups_train.shape=[(774, 88)],y_train.shape=(774,),X_groups_test.shape=[(87, 88)],y_test.shape=(87,)
[ 2019-12-29 13:48:09,001][cascade_classifier.fit_transform] group_dims=[88]
[ 2019-12-29 13:48:09,001][cascade_classifier.fit_transform] group_starts=[0]
[ 2019-12-29 13:48:09,001][cascade_classifier.fit_transform] group_ends=[88]
[ 2019-12-29 13:48:09,001][cascade_classifier.fit_transform] X_train.shape=(774, 88),X_test.shape=(87, 88)
[ 2019-12-29 13:48:09,002][cascade_classifier.fit_transform] [layer=0] look_indexs=[0], X_cur_train.shape=(774, 88), X_cur_test.shape=(87, 88)
[ 2019-12-29 13:48:10,902][kfold_wrapper.log_eval_metrics] Accuracy(layer_0 - estimator_0 - 3_folds.train_0.predict)=83.01%
[ 2019-12-29 13:48:13,107][kfold_wrapper.log_eval_metrics] Accuracy(layer_0 - estimator_0 - 3_folds.train_1.predict)=83.72%
[ 2019-12-29 13:48:15,334][kfold_wrapper.log_eval_metrics] Accuracy(layer_0 - estimator_0 - 3_folds.train_2.predict)=79.38%
[ 2019-12-29 13:48:15,643][kfold_wrapper.log_eval_metrics] Accuracy(layer_0 - estimator_0 - 3_folds.train_cv.predict)=82.04%
[ 2019-12-29 13:48:15,649][kfold_wrapper.log_eval_metrics] Accuracy(layer_0 - estimator_0 - 3_folds.test.predict)=83.91%
[ 2019-12-29 13:48:17,517][kfold_wrapper.log_eval_metrics] Accuracy(layer_0 - estimator_1 - 3_folds.train_0.predict)=82.63%
[ 2019-12-29 13:48:19,681][kfold_wrapper.log_eval_metrics] Accuracy(layer_0 - estimator_1 - 3_folds.train_1.predict)=84.50%
[ 2019-12-29 13:48:21,832][kfold_wrapper.log_eval_metrics] Accuracy(layer_0 - estimator_1 - 3_folds.train_2.predict)=78.60%
[ 2019-12-29 13:48:22,141][kfold_wrapper.log_eval_metrics] Accuracy(layer_0 - estimator_1 - 3_folds.train_cv.predict)=81.91%
[ 2019-12-29 13:48:22,142][kfold_wrapper.log_eval_metrics] Accuracy(layer_0 - estimator_1 - 3_folds.test.predict)=83.91%
[ 2019-12-29 13:48:22,347][kfold_wrapper.log_eval_metrics] Accuracy(layer_0 - estimator_2 - 3_folds.train_0.predict)=83.40%
[ 2019-12-29 13:48:22,540][kfold_wrapper.log_eval_metrics] Accuracy(layer_0 - estimator_2 - 3_folds.train_1.predict)=78.68%
[ 2019-12-29 13:48:22,734][kfold_wrapper.log_eval_metrics] Accuracy(layer_0 - estimator_2 - 3_folds.train_2.predict)=81.32%
[ 2019-12-29 13:48:22,735][kfold_wrapper.log_eval_metrics] Accuracy(layer_0 - estimator_2 - 3_folds.train_cv.predict)=81.14%
[ 2019-12-29 13:48:22,736][kfold_wrapper.log_eval_metrics] Accuracy(layer_0 - estimator_2 - 3_folds.test.predict)=87.36%
[ 2019-12-29 13:48:22,736][cascade_classifier.calc_accuracy] Accuracy(layer_0 - train.classifier_average)=82.17%
[ 2019-12-29 13:48:22,736][cascade_classifier.calc_accuracy] Accuracy(layer_0 - test.classifier_average)=85.06%
[ 2019-12-29 13:48:22,737][cascade_classifier.fit_transform] [layer=1] look_indexs=[0], X_cur_train.shape=(774, 94), X_cur_test.shape=(87, 94)
[ 2019-12-29 13:48:24,597][kfold_wrapper.log_eval_metrics] Accuracy(layer_1 - estimator_0 - 3_folds.train_0.predict)=84.17%
[ 2019-12-29 13:48:26,665][kfold_wrapper.log_eval_metrics] Accuracy(layer_1 - estimator_0 - 3_folds.train_1.predict)=78.68%
[ 2019-12-29 13:48:28,823][kfold_wrapper.log_eval_metrics] Accuracy(layer_1 - estimator_0 - 3_folds.train_2.predict)=81.32%
[ 2019-12-29 13:48:29,129][kfold_wrapper.log_eval_metrics] Accuracy(layer_1 - estimator_0 - 3_folds.train_cv.predict)=81.40%
[ 2019-12-29 13:48:29,130][kfold_wrapper.log_eval_metrics] Accuracy(layer_1 - estimator_0 - 3_folds.test.predict)=85.06%
[ 2019-12-29 13:48:30,886][kfold_wrapper.log_eval_metrics] Accuracy(layer_1 - estimator_1 - 3_folds.train_0.predict)=79.92%
[ 2019-12-29 13:48:32,839][kfold_wrapper.log_eval_metrics] Accuracy(layer_1 - estimator_1 - 3_folds.train_1.predict)=81.78%
[ 2019-12-29 13:48:34,897][kfold_wrapper.log_eval_metrics] Accuracy(layer_1 - estimator_1 - 3_folds.train_2.predict)=82.10%
[ 2019-12-29 13:48:35,206][kfold_wrapper.log_eval_metrics] Accuracy(layer_1 - estimator_1 - 3_folds.train_cv.predict)=81.27%
[ 2019-12-29 13:48:35,206][kfold_wrapper.log_eval_metrics] Accuracy(layer_1 - estimator_1 - 3_folds.test.predict)=85.06%
[ 2019-12-29 13:48:35,417][kfold_wrapper.log_eval_metrics] Accuracy(layer_1 - estimator_2 - 3_folds.train_0.predict)=81.47%
[ 2019-12-29 13:48:35,612][kfold_wrapper.log_eval_metrics] Accuracy(layer_1 - estimator_2 - 3_folds.train_1.predict)=82.17%
[ 2019-12-29 13:48:35,811][kfold_wrapper.log_eval_metrics] Accuracy(layer_1 - estimator_2 - 3_folds.train_2.predict)=78.21%
[ 2019-12-29 13:48:35,812][kfold_wrapper.log_eval_metrics] Accuracy(layer_1 - estimator_2 - 3_folds.train_cv.predict)=80.62%
[ 2019-12-29 13:48:35,812][kfold_wrapper.log_eval_metrics] Accuracy(layer_1 - estimator_2 - 3_folds.test.predict)=83.91%
[ 2019-12-29 13:48:35,813][cascade_classifier.calc_accuracy] Accuracy(layer_1 - train.classifier_average)=81.27%
[ 2019-12-29 13:48:35,813][cascade_classifier.calc_accuracy] Accuracy(layer_1 - test.classifier_average)=85.06%
[ 2019-12-29 13:48:35,813][cascade_classifier.fit_transform] [layer=2] look_indexs=[0], X_cur_train.shape=(774, 94), X_cur_test.shape=(87, 94)
[ 2019-12-29 13:48:37,672][kfold_wrapper.log_eval_metrics] Accuracy(layer_2 - estimator_0 - 3_folds.train_0.predict)=79.15%
[ 2019-12-29 13:48:39,632][kfold_wrapper.log_eval_metrics] Accuracy(layer_2 - estimator_0 - 3_folds.train_1.predict)=82.56%
[ 2019-12-29 13:48:41,799][kfold_wrapper.log_eval_metrics] Accuracy(layer_2 - estimator_0 - 3_folds.train_2.predict)=80.93%
[ 2019-12-29 13:48:42,107][kfold_wrapper.log_eval_metrics] Accuracy(layer_2 - estimator_0 - 3_folds.train_cv.predict)=80.88%
[ 2019-12-29 13:48:42,108][kfold_wrapper.log_eval_metrics] Accuracy(layer_2 - estimator_0 - 3_folds.test.predict)=86.21%
[ 2019-12-29 13:48:43,961][kfold_wrapper.log_eval_metrics] Accuracy(layer_2 - estimator_1 - 3_folds.train_0.predict)=81.08%
[ 2019-12-29 13:48:45,938][kfold_wrapper.log_eval_metrics] Accuracy(layer_2 - estimator_1 - 3_folds.train_1.predict)=77.91%
[ 2019-12-29 13:48:48,013][kfold_wrapper.log_eval_metrics] Accuracy(layer_2 - estimator_1 - 3_folds.train_2.predict)=81.71%
[ 2019-12-29 13:48:48,228][kfold_wrapper.log_eval_metrics] Accuracy(layer_2 - estimator_1 - 3_folds.train_cv.predict)=80.23%
[ 2019-12-29 13:48:48,228][kfold_wrapper.log_eval_metrics] Accuracy(layer_2 - estimator_1 - 3_folds.test.predict)=85.06%
[ 2019-12-29 13:48:48,436][kfold_wrapper.log_eval_metrics] Accuracy(layer_2 - estimator_2 - 3_folds.train_0.predict)=79.15%
[ 2019-12-29 13:48:48,631][kfold_wrapper.log_eval_metrics] Accuracy(layer_2 - estimator_2 - 3_folds.train_1.predict)=81.40%
[ 2019-12-29 13:48:48,830][kfold_wrapper.log_eval_metrics] Accuracy(layer_2 - estimator_2 - 3_folds.train_2.predict)=81.32%
[ 2019-12-29 13:48:48,831][kfold_wrapper.log_eval_metrics] Accuracy(layer_2 - estimator_2 - 3_folds.train_cv.predict)=80.62%
[ 2019-12-29 13:48:48,831][kfold_wrapper.log_eval_metrics] Accuracy(layer_2 - estimator_2 - 3_folds.test.predict)=85.06%
[ 2019-12-29 13:48:48,832][cascade_classifier.calc_accuracy] Accuracy(layer_2 - train.classifier_average)=81.52%
[ 2019-12-29 13:48:48,832][cascade_classifier.calc_accuracy] Accuracy(layer_2 - test.classifier_average)=85.06%
[ 2019-12-29 13:48:48,832][cascade_classifier.fit_transform] [layer=3] look_indexs=[0], X_cur_train.shape=(774, 94), X_cur_test.shape=(87, 94)
[ 2019-12-29 13:48:50,704][kfold_wrapper.log_eval_metrics] Accuracy(layer_3 - estimator_0 - 3_folds.train_0.predict)=85.33%
[ 2019-12-29 13:48:52,872][kfold_wrapper.log_eval_metrics] Accuracy(layer_3 - estimator_0 - 3_folds.train_1.predict)=75.58%
[ 2019-12-29 13:48:55,024][kfold_wrapper.log_eval_metrics] Accuracy(layer_3 - estimator_0 - 3_folds.train_2.predict)=80.93%
[ 2019-12-29 13:48:55,332][kfold_wrapper.log_eval_metrics] Accuracy(layer_3 - estimator_0 - 3_folds.train_cv.predict)=80.62%
[ 2019-12-29 13:48:55,333][kfold_wrapper.log_eval_metrics] Accuracy(layer_3 - estimator_0 - 3_folds.test.predict)=83.91%
[ 2019-12-29 13:48:57,199][kfold_wrapper.log_eval_metrics] Accuracy(layer_3 - estimator_1 - 3_folds.train_0.predict)=81.08%
[ 2019-12-29 13:48:59,533][kfold_wrapper.log_eval_metrics] Accuracy(layer_3 - estimator_1 - 3_folds.train_1.predict)=82.17%
[ 2019-12-29 13:49:01,820][kfold_wrapper.log_eval_metrics] Accuracy(layer_3 - estimator_1 - 3_folds.train_2.predict)=80.16%
[ 2019-12-29 13:49:02,137][kfold_wrapper.log_eval_metrics] Accuracy(layer_3 - estimator_1 - 3_folds.train_cv.predict)=81.14%
[ 2019-12-29 13:49:02,137][kfold_wrapper.log_eval_metrics] Accuracy(layer_3 - estimator_1 - 3_folds.test.predict)=87.36%
[ 2019-12-29 13:49:02,363][kfold_wrapper.log_eval_metrics] Accuracy(layer_3 - estimator_2 - 3_folds.train_0.predict)=77.99%
[ 2019-12-29 13:49:02,557][kfold_wrapper.log_eval_metrics] Accuracy(layer_3 - estimator_2 - 3_folds.train_1.predict)=82.17%
[ 2019-12-29 13:49:02,752][kfold_wrapper.log_eval_metrics] Accuracy(layer_3 - estimator_2 - 3_folds.train_2.predict)=82.10%
[ 2019-12-29 13:49:02,758][kfold_wrapper.log_eval_metrics] Accuracy(layer_3 - estimator_2 - 3_folds.train_cv.predict)=80.75%
[ 2019-12-29 13:49:02,759][kfold_wrapper.log_eval_metrics] Accuracy(layer_3 - estimator_2 - 3_folds.test.predict)=85.06%
[ 2019-12-29 13:49:02,759][cascade_classifier.calc_accuracy] Accuracy(layer_3 - train.classifier_average)=81.14%
[ 2019-12-29 13:49:02,759][cascade_classifier.calc_accuracy] Accuracy(layer_3 - test.classifier_average)=86.21%
[ 2019-12-29 13:49:02,760][cascade_classifier.fit_transform] [Result][Optimal Level Detected] opt_layer_num=1, accuracy_train=82.17%, accuracy_test=85.06%
[ 2019-12-29 13:49:02,782][cascade_classifier.transform] X_groups_test.shape=[(87, 88)]
[ 2019-12-29 13:49:02,782][cascade_classifier.transform] group_dims=[88]
[ 2019-12-29 13:49:02,782][cascade_classifier.transform] X_test.shape=(87, 88)
[ 2019-12-29 13:49:02,783][cascade_classifier.transform] [layer=0] look_indexs=[0], X_cur_test.shape=(87, 88)
[ 2019-12-29 13:49:04,653][cascade_classifier.transform] X_groups_test.shape=[(87, 88)]
[ 2019-12-29 13:49:04,654][cascade_classifier.transform] group_dims=[88]
[ 2019-12-29 13:49:04,654][cascade_classifier.transform] X_test.shape=(87, 88)
[ 2019-12-29 13:49:04,654][cascade_classifier.transform] [layer=0] look_indexs=[0], X_cur_test.shape=(87, 88)
[ 2019-12-29 13:49:14,573][cascade_classifier.fit_transform] X_groups_train.shape=[(774, 88)],y_train.shape=(774,),X_groups_test.shape=[(87, 88)],y_test.shape=(87,)
[ 2019-12-29 13:49:14,574][cascade_classifier.fit_transform] group_dims=[88]
[ 2019-12-29 13:49:14,576][cascade_classifier.fit_transform] group_starts=[0]
[ 2019-12-29 13:49:14,576][cascade_classifier.fit_transform] group_ends=[88]
[ 2019-12-29 13:49:14,577][cascade_classifier.fit_transform] X_train.shape=(774, 88),X_test.shape=(87, 88)
[ 2019-12-29 13:49:14,578][cascade_classifier.fit_transform] [layer=0] look_indexs=[0], X_cur_train.shape=(774, 88), X_cur_test.shape=(87, 88)
[ 2019-12-29 13:49:16,507][kfold_wrapper.log_eval_metrics] Accuracy(layer_0 - estimator_0 - 3_folds.train_0.predict)=80.69%
[ 2019-12-29 13:49:18,753][kfold_wrapper.log_eval_metrics] Accuracy(layer_0 - estimator_0 - 3_folds.train_1.predict)=81.01%
[ 2019-12-29 13:49:20,988][kfold_wrapper.log_eval_metrics] Accuracy(layer_0 - estimator_0 - 3_folds.train_2.predict)=79.77%
[ 2019-12-29 13:49:21,299][kfold_wrapper.log_eval_metrics] Accuracy(layer_0 - estimator_0 - 3_folds.train_cv.predict)=80.49%
[ 2019-12-29 13:49:21,300][kfold_wrapper.log_eval_metrics] Accuracy(layer_0 - estimator_0 - 3_folds.test.predict)=83.91%
[ 2019-12-29 13:49:23,229][kfold_wrapper.log_eval_metrics] Accuracy(layer_0 - estimator_1 - 3_folds.train_0.predict)=81.08%
[ 2019-12-29 13:49:25,537][kfold_wrapper.log_eval_metrics] Accuracy(layer_0 - estimator_1 - 3_folds.train_1.predict)=82.95%
[ 2019-12-29 13:49:28,180][kfold_wrapper.log_eval_metrics] Accuracy(layer_0 - estimator_1 - 3_folds.train_2.predict)=80.54%
[ 2019-12-29 13:49:28,501][kfold_wrapper.log_eval_metrics] Accuracy(layer_0 - estimator_1 - 3_folds.train_cv.predict)=81.52%
[ 2019-12-29 13:49:28,501][kfold_wrapper.log_eval_metrics] Accuracy(layer_0 - estimator_1 - 3_folds.test.predict)=83.91%
[ 2019-12-29 13:49:28,751][kfold_wrapper.log_eval_metrics] Accuracy(layer_0 - estimator_2 - 3_folds.train_0.predict)=81.08%
[ 2019-12-29 13:49:28,976][kfold_wrapper.log_eval_metrics] Accuracy(layer_0 - estimator_2 - 3_folds.train_1.predict)=81.40%
[ 2019-12-29 13:49:29,203][kfold_wrapper.log_eval_metrics] Accuracy(layer_0 - estimator_2 - 3_folds.train_2.predict)=80.93%
[ 2019-12-29 13:49:29,205][kfold_wrapper.log_eval_metrics] Accuracy(layer_0 - estimator_2 - 3_folds.train_cv.predict)=81.14%
[ 2019-12-29 13:49:29,205][kfold_wrapper.log_eval_metrics] Accuracy(layer_0 - estimator_2 - 3_folds.test.predict)=86.21%
[ 2019-12-29 13:49:29,206][cascade_classifier.calc_accuracy] Accuracy(layer_0 - train.classifier_average)=82.04%
[ 2019-12-29 13:49:29,206][cascade_classifier.calc_accuracy] Accuracy(layer_0 - test.classifier_average)=85.06%
[ 2019-12-29 13:49:29,207][cascade_classifier.fit_transform] [layer=1] look_indexs=[0], X_cur_train.shape=(774, 94), X_cur_test.shape=(87, 94)
[ 2019-12-29 13:49:31,269][kfold_wrapper.log_eval_metrics] Accuracy(layer_1 - estimator_0 - 3_folds.train_0.predict)=81.08%
[ 2019-12-29 13:49:33,513][kfold_wrapper.log_eval_metrics] Accuracy(layer_1 - estimator_0 - 3_folds.train_1.predict)=81.40%
[ 2019-12-29 13:49:35,727][kfold_wrapper.log_eval_metrics] Accuracy(layer_1 - estimator_0 - 3_folds.train_2.predict)=80.54%
[ 2019-12-29 13:49:36,036][kfold_wrapper.log_eval_metrics] Accuracy(layer_1 - estimator_0 - 3_folds.train_cv.predict)=81.01%
[ 2019-12-29 13:49:36,037][kfold_wrapper.log_eval_metrics] Accuracy(layer_1 - estimator_0 - 3_folds.test.predict)=85.06%
[ 2019-12-29 13:49:37,922][kfold_wrapper.log_eval_metrics] Accuracy(layer_1 - estimator_1 - 3_folds.train_0.predict)=80.69%
[ 2019-12-29 13:49:40,249][kfold_wrapper.log_eval_metrics] Accuracy(layer_1 - estimator_1 - 3_folds.train_1.predict)=81.78%
[ 2019-12-29 13:49:42,477][kfold_wrapper.log_eval_metrics] Accuracy(layer_1 - estimator_1 - 3_folds.train_2.predict)=82.49%
[ 2019-12-29 13:49:42,794][kfold_wrapper.log_eval_metrics] Accuracy(layer_1 - estimator_1 - 3_folds.train_cv.predict)=81.65%
[ 2019-12-29 13:49:42,795][kfold_wrapper.log_eval_metrics] Accuracy(layer_1 - estimator_1 - 3_folds.test.predict)=86.21%
[ 2019-12-29 13:49:43,010][kfold_wrapper.log_eval_metrics] Accuracy(layer_1 - estimator_2 - 3_folds.train_0.predict)=77.61%
[ 2019-12-29 13:49:43,225][kfold_wrapper.log_eval_metrics] Accuracy(layer_1 - estimator_2 - 3_folds.train_1.predict)=78.68%
[ 2019-12-29 13:49:43,468][kfold_wrapper.log_eval_metrics] Accuracy(layer_1 - estimator_2 - 3_folds.train_2.predict)=84.05%
[ 2019-12-29 13:49:43,469][kfold_wrapper.log_eval_metrics] Accuracy(layer_1 - estimator_2 - 3_folds.train_cv.predict)=80.10%
[ 2019-12-29 13:49:43,469][kfold_wrapper.log_eval_metrics] Accuracy(layer_1 - estimator_2 - 3_folds.test.predict)=82.76%
[ 2019-12-29 13:49:43,470][cascade_classifier.calc_accuracy] Accuracy(layer_1 - train.classifier_average)=81.27%
[ 2019-12-29 13:49:43,470][cascade_classifier.calc_accuracy] Accuracy(layer_1 - test.classifier_average)=82.76%
[ 2019-12-29 13:49:43,470][cascade_classifier.fit_transform] [layer=2] look_indexs=[0], X_cur_train.shape=(774, 94), X_cur_test.shape=(87, 94)
[ 2019-12-29 13:49:45,437][kfold_wrapper.log_eval_metrics] Accuracy(layer_2 - estimator_0 - 3_folds.train_0.predict)=83.01%
[ 2019-12-29 13:49:47,766][kfold_wrapper.log_eval_metrics] Accuracy(layer_2 - estimator_0 - 3_folds.train_1.predict)=77.91%
[ 2019-12-29 13:49:50,039][kfold_wrapper.log_eval_metrics] Accuracy(layer_2 - estimator_0 - 3_folds.train_2.predict)=78.60%
[ 2019-12-29 13:49:50,362][kfold_wrapper.log_eval_metrics] Accuracy(layer_2 - estimator_0 - 3_folds.train_cv.predict)=79.84%
[ 2019-12-29 13:49:50,362][kfold_wrapper.log_eval_metrics] Accuracy(layer_2 - estimator_0 - 3_folds.test.predict)=83.91%
[ 2019-12-29 13:49:52,256][kfold_wrapper.log_eval_metrics] Accuracy(layer_2 - estimator_1 - 3_folds.train_0.predict)=85.33%
[ 2019-12-29 13:49:54,483][kfold_wrapper.log_eval_metrics] Accuracy(layer_2 - estimator_1 - 3_folds.train_1.predict)=78.29%
[ 2019-12-29 13:49:56,703][kfold_wrapper.log_eval_metrics] Accuracy(layer_2 - estimator_1 - 3_folds.train_2.predict)=78.60%
[ 2019-12-29 13:49:57,011][kfold_wrapper.log_eval_metrics] Accuracy(layer_2 - estimator_1 - 3_folds.train_cv.predict)=80.75%
[ 2019-12-29 13:49:57,012][kfold_wrapper.log_eval_metrics] Accuracy(layer_2 - estimator_1 - 3_folds.test.predict)=85.06%
[ 2019-12-29 13:49:57,225][kfold_wrapper.log_eval_metrics] Accuracy(layer_2 - estimator_2 - 3_folds.train_0.predict)=79.15%
[ 2019-12-29 13:49:57,425][kfold_wrapper.log_eval_metrics] Accuracy(layer_2 - estimator_2 - 3_folds.train_1.predict)=81.40%
[ 2019-12-29 13:49:57,690][kfold_wrapper.log_eval_metrics] Accuracy(layer_2 - estimator_2 - 3_folds.train_2.predict)=79.38%
[ 2019-12-29 13:49:57,692][kfold_wrapper.log_eval_metrics] Accuracy(layer_2 - estimator_2 - 3_folds.train_cv.predict)=79.97%
[ 2019-12-29 13:49:57,692][kfold_wrapper.log_eval_metrics] Accuracy(layer_2 - estimator_2 - 3_folds.test.predict)=83.91%
[ 2019-12-29 13:49:57,693][cascade_classifier.calc_accuracy] Accuracy(layer_2 - train.classifier_average)=79.84%
[ 2019-12-29 13:49:57,693][cascade_classifier.calc_accuracy] Accuracy(layer_2 - test.classifier_average)=83.91%
[ 2019-12-29 13:49:57,696][cascade_classifier.fit_transform] [layer=3] look_indexs=[0], X_cur_train.shape=(774, 94), X_cur_test.shape=(87, 94)
[ 2019-12-29 13:49:59,595][kfold_wrapper.log_eval_metrics] Accuracy(layer_3 - estimator_0 - 3_folds.train_0.predict)=84.56%
[ 2019-12-29 13:50:01,799][kfold_wrapper.log_eval_metrics] Accuracy(layer_3 - estimator_0 - 3_folds.train_1.predict)=79.84%
[ 2019-12-29 13:50:04,069][kfold_wrapper.log_eval_metrics] Accuracy(layer_3 - estimator_0 - 3_folds.train_2.predict)=80.54%
[ 2019-12-29 13:50:04,381][kfold_wrapper.log_eval_metrics] Accuracy(layer_3 - estimator_0 - 3_folds.train_cv.predict)=81.65%
[ 2019-12-29 13:50:04,381][kfold_wrapper.log_eval_metrics] Accuracy(layer_3 - estimator_0 - 3_folds.test.predict)=83.91%
[ 2019-12-29 13:50:06,296][kfold_wrapper.log_eval_metrics] Accuracy(layer_3 - estimator_1 - 3_folds.train_0.predict)=81.85%
[ 2019-12-29 13:50:08,630][kfold_wrapper.log_eval_metrics] Accuracy(layer_3 - estimator_1 - 3_folds.train_1.predict)=79.84%
[ 2019-12-29 13:50:10,830][kfold_wrapper.log_eval_metrics] Accuracy(layer_3 - estimator_1 - 3_folds.train_2.predict)=80.93%
[ 2019-12-29 13:50:11,143][kfold_wrapper.log_eval_metrics] Accuracy(layer_3 - estimator_1 - 3_folds.train_cv.predict)=80.88%
[ 2019-12-29 13:50:11,144][kfold_wrapper.log_eval_metrics] Accuracy(layer_3 - estimator_1 - 3_folds.test.predict)=85.06%
[ 2019-12-29 13:50:11,351][kfold_wrapper.log_eval_metrics] Accuracy(layer_3 - estimator_2 - 3_folds.train_0.predict)=75.29%
[ 2019-12-29 13:50:11,552][kfold_wrapper.log_eval_metrics] Accuracy(layer_3 - estimator_2 - 3_folds.train_1.predict)=80.62%
[ 2019-12-29 13:50:11,751][kfold_wrapper.log_eval_metrics] Accuracy(layer_3 - estimator_2 - 3_folds.train_2.predict)=79.38%
[ 2019-12-29 13:50:11,752][kfold_wrapper.log_eval_metrics] Accuracy(layer_3 - estimator_2 - 3_folds.train_cv.predict)=78.42%
[ 2019-12-29 13:50:11,753][kfold_wrapper.log_eval_metrics] Accuracy(layer_3 - estimator_2 - 3_folds.test.predict)=82.76%
[ 2019-12-29 13:50:11,753][cascade_classifier.calc_accuracy] Accuracy(layer_3 - train.classifier_average)=79.59%
[ 2019-12-29 13:50:11,753][cascade_classifier.calc_accuracy] Accuracy(layer_3 - test.classifier_average)=82.76%
[ 2019-12-29 13:50:11,753][cascade_classifier.fit_transform] [Result][Optimal Level Detected] opt_layer_num=1, accuracy_train=82.04%, accuracy_test=85.06%
[ 2019-12-29 13:50:11,774][cascade_classifier.transform] X_groups_test.shape=[(87, 88)]
[ 2019-12-29 13:50:11,774][cascade_classifier.transform] group_dims=[88]
[ 2019-12-29 13:50:11,774][cascade_classifier.transform] X_test.shape=(87, 88)
[ 2019-12-29 13:50:11,775][cascade_classifier.transform] [layer=0] look_indexs=[0], X_cur_test.shape=(87, 88)
[ 2019-12-29 13:50:13,625][cascade_classifier.transform] X_groups_test.shape=[(87, 88)]
[ 2019-12-29 13:50:13,625][cascade_classifier.transform] group_dims=[88]
[ 2019-12-29 13:50:13,626][cascade_classifier.transform] X_test.shape=(87, 88)
[ 2019-12-29 13:50:13,632][cascade_classifier.transform] [layer=0] look_indexs=[0], X_cur_test.shape=(87, 88)
[ 2019-12-29 13:50:22,957][cascade_classifier.fit_transform] X_groups_train.shape=[(774, 88)],y_train.shape=(774,),X_groups_test.shape=[(87, 88)],y_test.shape=(87,)
[ 2019-12-29 13:50:22,958][cascade_classifier.fit_transform] group_dims=[88]
[ 2019-12-29 13:50:22,959][cascade_classifier.fit_transform] group_starts=[0]
[ 2019-12-29 13:50:22,959][cascade_classifier.fit_transform] group_ends=[88]
[ 2019-12-29 13:50:22,959][cascade_classifier.fit_transform] X_train.shape=(774, 88),X_test.shape=(87, 88)
[ 2019-12-29 13:50:22,960][cascade_classifier.fit_transform] [layer=0] look_indexs=[0], X_cur_train.shape=(774, 88), X_cur_test.shape=(87, 88)
[ 2019-12-29 13:50:24,833][kfold_wrapper.log_eval_metrics] Accuracy(layer_0 - estimator_0 - 3_folds.train_0.predict)=81.85%
[ 2019-12-29 13:50:27,082][kfold_wrapper.log_eval_metrics] Accuracy(layer_0 - estimator_0 - 3_folds.train_1.predict)=80.62%
[ 2019-12-29 13:50:29,290][kfold_wrapper.log_eval_metrics] Accuracy(layer_0 - estimator_0 - 3_folds.train_2.predict)=82.10%
[ 2019-12-29 13:50:29,603][kfold_wrapper.log_eval_metrics] Accuracy(layer_0 - estimator_0 - 3_folds.train_cv.predict)=81.52%
[ 2019-12-29 13:50:29,603][kfold_wrapper.log_eval_metrics] Accuracy(layer_0 - estimator_0 - 3_folds.test.predict)=83.91%
[ 2019-12-29 13:50:31,684][kfold_wrapper.log_eval_metrics] Accuracy(layer_0 - estimator_1 - 3_folds.train_0.predict)=80.31%
[ 2019-12-29 13:50:33,851][kfold_wrapper.log_eval_metrics] Accuracy(layer_0 - estimator_1 - 3_folds.train_1.predict)=81.78%
[ 2019-12-29 13:50:35,924][kfold_wrapper.log_eval_metrics] Accuracy(layer_0 - estimator_1 - 3_folds.train_2.predict)=80.16%
[ 2019-12-29 13:50:36,235][kfold_wrapper.log_eval_metrics] Accuracy(layer_0 - estimator_1 - 3_folds.train_cv.predict)=80.75%
[ 2019-12-29 13:50:36,236][kfold_wrapper.log_eval_metrics] Accuracy(layer_0 - estimator_1 - 3_folds.test.predict)=83.91%
[ 2019-12-29 13:50:36,437][kfold_wrapper.log_eval_metrics] Accuracy(layer_0 - estimator_2 - 3_folds.train_0.predict)=80.69%
[ 2019-12-29 13:50:36,629][kfold_wrapper.log_eval_metrics] Accuracy(layer_0 - estimator_2 - 3_folds.train_1.predict)=79.07%
[ 2019-12-29 13:50:36,821][kfold_wrapper.log_eval_metrics] Accuracy(layer_0 - estimator_2 - 3_folds.train_2.predict)=80.93%
[ 2019-12-29 13:50:36,822][kfold_wrapper.log_eval_metrics] Accuracy(layer_0 - estimator_2 - 3_folds.train_cv.predict)=80.23%
[ 2019-12-29 13:50:36,823][kfold_wrapper.log_eval_metrics] Accuracy(layer_0 - estimator_2 - 3_folds.test.predict)=83.91%
[ 2019-12-29 13:50:36,823][cascade_classifier.calc_accuracy] Accuracy(layer_0 - train.classifier_average)=80.49%
[ 2019-12-29 13:50:36,823][cascade_classifier.calc_accuracy] Accuracy(layer_0 - test.classifier_average)=85.06%
[ 2019-12-29 13:50:36,824][cascade_classifier.fit_transform] [layer=1] look_indexs=[0], X_cur_train.shape=(774, 94), X_cur_test.shape=(87, 94)
[ 2019-12-29 13:50:38,689][kfold_wrapper.log_eval_metrics] Accuracy(layer_1 - estimator_0 - 3_folds.train_0.predict)=77.99%
[ 2019-12-29 13:50:40,815][kfold_wrapper.log_eval_metrics] Accuracy(layer_1 - estimator_0 - 3_folds.train_1.predict)=82.95%
[ 2019-12-29 13:50:42,913][kfold_wrapper.log_eval_metrics] Accuracy(layer_1 - estimator_0 - 3_folds.train_2.predict)=83.27%
[ 2019-12-29 13:50:43,225][kfold_wrapper.log_eval_metrics] Accuracy(layer_1 - estimator_0 - 3_folds.train_cv.predict)=81.40%
[ 2019-12-29 13:50:43,225][kfold_wrapper.log_eval_metrics] Accuracy(layer_1 - estimator_0 - 3_folds.test.predict)=86.21%
[ 2019-12-29 13:50:45,264][kfold_wrapper.log_eval_metrics] Accuracy(layer_1 - estimator_1 - 3_folds.train_0.predict)=81.47%
[ 2019-12-29 13:50:47,582][kfold_wrapper.log_eval_metrics] Accuracy(layer_1 - estimator_1 - 3_folds.train_1.predict)=81.78%
[ 2019-12-29 13:50:49,837][kfold_wrapper.log_eval_metrics] Accuracy(layer_1 - estimator_1 - 3_folds.train_2.predict)=80.93%
[ 2019-12-29 13:50:50,157][kfold_wrapper.log_eval_metrics] Accuracy(layer_1 - estimator_1 - 3_folds.train_cv.predict)=81.40%
[ 2019-12-29 13:50:50,158][kfold_wrapper.log_eval_metrics] Accuracy(layer_1 - estimator_1 - 3_folds.test.predict)=86.21%
[ 2019-12-29 13:50:50,375][kfold_wrapper.log_eval_metrics] Accuracy(layer_1 - estimator_2 - 3_folds.train_0.predict)=80.69%
[ 2019-12-29 13:50:50,578][kfold_wrapper.log_eval_metrics] Accuracy(layer_1 - estimator_2 - 3_folds.train_1.predict)=76.36%
[ 2019-12-29 13:50:50,777][kfold_wrapper.log_eval_metrics] Accuracy(layer_1 - estimator_2 - 3_folds.train_2.predict)=82.49%
[ 2019-12-29 13:50:50,778][kfold_wrapper.log_eval_metrics] Accuracy(layer_1 - estimator_2 - 3_folds.train_cv.predict)=79.84%
[ 2019-12-29 13:50:50,779][kfold_wrapper.log_eval_metrics] Accuracy(layer_1 - estimator_2 - 3_folds.test.predict)=82.76%
[ 2019-12-29 13:50:50,779][cascade_classifier.calc_accuracy] Accuracy(layer_1 - train.classifier_average)=80.62%
[ 2019-12-29 13:50:50,779][cascade_classifier.calc_accuracy] Accuracy(layer_1 - test.classifier_average)=83.91%
[ 2019-12-29 13:50:50,779][cascade_classifier.fit_transform] [layer=2] look_indexs=[0], X_cur_train.shape=(774, 94), X_cur_test.shape=(87, 94)
[ 2019-12-29 13:50:52,726][kfold_wrapper.log_eval_metrics] Accuracy(layer_2 - estimator_0 - 3_folds.train_0.predict)=82.63%
[ 2019-12-29 13:50:54,967][kfold_wrapper.log_eval_metrics] Accuracy(layer_2 - estimator_0 - 3_folds.train_1.predict)=79.46%
[ 2019-12-29 13:50:57,341][kfold_wrapper.log_eval_metrics] Accuracy(layer_2 - estimator_0 - 3_folds.train_2.predict)=79.77%
[ 2019-12-29 13:50:57,758][kfold_wrapper.log_eval_metrics] Accuracy(layer_2 - estimator_0 - 3_folds.train_cv.predict)=80.62%
[ 2019-12-29 13:50:57,758][kfold_wrapper.log_eval_metrics] Accuracy(layer_2 - estimator_0 - 3_folds.test.predict)=85.06%
[ 2019-12-29 13:50:59,792][kfold_wrapper.log_eval_metrics] Accuracy(layer_2 - estimator_1 - 3_folds.train_0.predict)=78.38%
[ 2019-12-29 13:51:02,459][kfold_wrapper.log_eval_metrics] Accuracy(layer_2 - estimator_1 - 3_folds.train_1.predict)=79.84%
[ 2019-12-29 13:51:04,781][kfold_wrapper.log_eval_metrics] Accuracy(layer_2 - estimator_1 - 3_folds.train_2.predict)=82.49%
[ 2019-12-29 13:51:05,088][kfold_wrapper.log_eval_metrics] Accuracy(layer_2 - estimator_1 - 3_folds.train_cv.predict)=80.23%
[ 2019-12-29 13:51:05,089][kfold_wrapper.log_eval_metrics] Accuracy(layer_2 - estimator_1 - 3_folds.test.predict)=85.06%
[ 2019-12-29 13:51:05,304][kfold_wrapper.log_eval_metrics] Accuracy(layer_2 - estimator_2 - 3_folds.train_0.predict)=81.08%
[ 2019-12-29 13:51:05,497][kfold_wrapper.log_eval_metrics] Accuracy(layer_2 - estimator_2 - 3_folds.train_1.predict)=78.29%
[ 2019-12-29 13:51:05,690][kfold_wrapper.log_eval_metrics] Accuracy(layer_2 - estimator_2 - 3_folds.train_2.predict)=81.32%
[ 2019-12-29 13:51:05,690][kfold_wrapper.log_eval_metrics] Accuracy(layer_2 - estimator_2 - 3_folds.train_cv.predict)=80.23%
[ 2019-12-29 13:51:05,691][kfold_wrapper.log_eval_metrics] Accuracy(layer_2 - estimator_2 - 3_folds.test.predict)=86.21%
[ 2019-12-29 13:51:05,691][cascade_classifier.calc_accuracy] Accuracy(layer_2 - train.classifier_average)=81.65%
[ 2019-12-29 13:51:05,697][cascade_classifier.calc_accuracy] Accuracy(layer_2 - test.classifier_average)=86.21%
[ 2019-12-29 13:51:05,697][cascade_classifier.fit_transform] [layer=3] look_indexs=[0], X_cur_train.shape=(774, 94), X_cur_test.shape=(87, 94)
[ 2019-12-29 13:51:07,594][kfold_wrapper.log_eval_metrics] Accuracy(layer_3 - estimator_0 - 3_folds.train_0.predict)=81.47%
[ 2019-12-29 13:51:09,802][kfold_wrapper.log_eval_metrics] Accuracy(layer_3 - estimator_0 - 3_folds.train_1.predict)=80.23%
[ 2019-12-29 13:51:12,008][kfold_wrapper.log_eval_metrics] Accuracy(layer_3 - estimator_0 - 3_folds.train_2.predict)=81.71%
[ 2019-12-29 13:51:12,314][kfold_wrapper.log_eval_metrics] Accuracy(layer_3 - estimator_0 - 3_folds.train_cv.predict)=81.14%
[ 2019-12-29 13:51:12,315][kfold_wrapper.log_eval_metrics] Accuracy(layer_3 - estimator_0 - 3_folds.test.predict)=83.91%
[ 2019-12-29 13:51:14,208][kfold_wrapper.log_eval_metrics] Accuracy(layer_3 - estimator_1 - 3_folds.train_0.predict)=78.76%
[ 2019-12-29 13:51:16,508][kfold_wrapper.log_eval_metrics] Accuracy(layer_3 - estimator_1 - 3_folds.train_1.predict)=83.72%
[ 2019-12-29 13:51:18,712][kfold_wrapper.log_eval_metrics] Accuracy(layer_3 - estimator_1 - 3_folds.train_2.predict)=80.16%
[ 2019-12-29 13:51:19,030][kfold_wrapper.log_eval_metrics] Accuracy(layer_3 - estimator_1 - 3_folds.train_cv.predict)=80.88%
[ 2019-12-29 13:51:19,030][kfold_wrapper.log_eval_metrics] Accuracy(layer_3 - estimator_1 - 3_folds.test.predict)=85.06%
[ 2019-12-29 13:51:19,279][kfold_wrapper.log_eval_metrics] Accuracy(layer_3 - estimator_2 - 3_folds.train_0.predict)=81.47%
[ 2019-12-29 13:51:19,575][kfold_wrapper.log_eval_metrics] Accuracy(layer_3 - estimator_2 - 3_folds.train_1.predict)=76.74%
[ 2019-12-29 13:51:19,873][kfold_wrapper.log_eval_metrics] Accuracy(layer_3 - estimator_2 - 3_folds.train_2.predict)=82.10%
[ 2019-12-29 13:51:19,874][kfold_wrapper.log_eval_metrics] Accuracy(layer_3 - estimator_2 - 3_folds.train_cv.predict)=80.10%
[ 2019-12-29 13:51:19,875][kfold_wrapper.log_eval_metrics] Accuracy(layer_3 - estimator_2 - 3_folds.test.predict)=82.76%
[ 2019-12-29 13:51:19,875][cascade_classifier.calc_accuracy] Accuracy(layer_3 - train.classifier_average)=81.52%
[ 2019-12-29 13:51:19,875][cascade_classifier.calc_accuracy] Accuracy(layer_3 - test.classifier_average)=82.76%
[ 2019-12-29 13:51:19,876][cascade_classifier.fit_transform] [layer=4] look_indexs=[0], X_cur_train.shape=(774, 94), X_cur_test.shape=(87, 94)
[ 2019-12-29 13:51:22,274][kfold_wrapper.log_eval_metrics] Accuracy(layer_4 - estimator_0 - 3_folds.train_0.predict)=80.69%
[ 2019-12-29 13:51:24,622][kfold_wrapper.log_eval_metrics] Accuracy(layer_4 - estimator_0 - 3_folds.train_1.predict)=83.72%
[ 2019-12-29 13:51:26,985][kfold_wrapper.log_eval_metrics] Accuracy(layer_4 - estimator_0 - 3_folds.train_2.predict)=79.38%
[ 2019-12-29 13:51:27,292][kfold_wrapper.log_eval_metrics] Accuracy(layer_4 - estimator_0 - 3_folds.train_cv.predict)=81.27%
[ 2019-12-29 13:51:27,293][kfold_wrapper.log_eval_metrics] Accuracy(layer_4 - estimator_0 - 3_folds.test.predict)=85.06%
[ 2019-12-29 13:51:29,337][kfold_wrapper.log_eval_metrics] Accuracy(layer_4 - estimator_1 - 3_folds.train_0.predict)=78.38%
[ 2019-12-29 13:51:31,545][kfold_wrapper.log_eval_metrics] Accuracy(layer_4 - estimator_1 - 3_folds.train_1.predict)=81.01%
[ 2019-12-29 13:51:33,884][kfold_wrapper.log_eval_metrics] Accuracy(layer_4 - estimator_1 - 3_folds.train_2.predict)=81.71%
[ 2019-12-29 13:51:34,196][kfold_wrapper.log_eval_metrics] Accuracy(layer_4 - estimator_1 - 3_folds.train_cv.predict)=80.36%
[ 2019-12-29 13:51:34,197][kfold_wrapper.log_eval_metrics] Accuracy(layer_4 - estimator_1 - 3_folds.test.predict)=83.91%
[ 2019-12-29 13:51:34,403][kfold_wrapper.log_eval_metrics] Accuracy(layer_4 - estimator_2 - 3_folds.train_0.predict)=78.76%
[ 2019-12-29 13:51:34,601][kfold_wrapper.log_eval_metrics] Accuracy(layer_4 - estimator_2 - 3_folds.train_1.predict)=79.84%
[ 2019-12-29 13:51:34,802][kfold_wrapper.log_eval_metrics] Accuracy(layer_4 - estimator_2 - 3_folds.train_2.predict)=77.82%
[ 2019-12-29 13:51:34,803][kfold_wrapper.log_eval_metrics] Accuracy(layer_4 - estimator_2 - 3_folds.train_cv.predict)=78.81%
[ 2019-12-29 13:51:34,803][kfold_wrapper.log_eval_metrics] Accuracy(layer_4 - estimator_2 - 3_folds.test.predict)=82.76%
[ 2019-12-29 13:51:34,804][cascade_classifier.calc_accuracy] Accuracy(layer_4 - train.classifier_average)=80.23%
[ 2019-12-29 13:51:34,804][cascade_classifier.calc_accuracy] Accuracy(layer_4 - test.classifier_average)=83.91%
[ 2019-12-29 13:51:34,805][cascade_classifier.fit_transform] [layer=5] look_indexs=[0], X_cur_train.shape=(774, 94), X_cur_test.shape=(87, 94)
[ 2019-12-29 13:51:36,713][kfold_wrapper.log_eval_metrics] Accuracy(layer_5 - estimator_0 - 3_folds.train_0.predict)=79.15%
[ 2019-12-29 13:51:39,033][kfold_wrapper.log_eval_metrics] Accuracy(layer_5 - estimator_0 - 3_folds.train_1.predict)=81.01%
[ 2019-12-29 13:51:41,245][kfold_wrapper.log_eval_metrics] Accuracy(layer_5 - estimator_0 - 3_folds.train_2.predict)=82.88%
[ 2019-12-29 13:51:41,553][kfold_wrapper.log_eval_metrics] Accuracy(layer_5 - estimator_0 - 3_folds.train_cv.predict)=81.01%
[ 2019-12-29 13:51:41,554][kfold_wrapper.log_eval_metrics] Accuracy(layer_5 - estimator_0 - 3_folds.test.predict)=85.06%
[ 2019-12-29 13:51:43,476][kfold_wrapper.log_eval_metrics] Accuracy(layer_5 - estimator_1 - 3_folds.train_0.predict)=80.69%
[ 2019-12-29 13:51:45,712][kfold_wrapper.log_eval_metrics] Accuracy(layer_5 - estimator_1 - 3_folds.train_1.predict)=80.62%
[ 2019-12-29 13:51:47,823][kfold_wrapper.log_eval_metrics] Accuracy(layer_5 - estimator_1 - 3_folds.train_2.predict)=81.32%
[ 2019-12-29 13:51:48,142][kfold_wrapper.log_eval_metrics] Accuracy(layer_5 - estimator_1 - 3_folds.train_cv.predict)=80.88%
[ 2019-12-29 13:51:48,142][kfold_wrapper.log_eval_metrics] Accuracy(layer_5 - estimator_1 - 3_folds.test.predict)=85.06%
[ 2019-12-29 13:51:48,352][kfold_wrapper.log_eval_metrics] Accuracy(layer_5 - estimator_2 - 3_folds.train_0.predict)=81.47%
[ 2019-12-29 13:51:48,563][kfold_wrapper.log_eval_metrics] Accuracy(layer_5 - estimator_2 - 3_folds.train_1.predict)=78.68%
[ 2019-12-29 13:51:48,805][kfold_wrapper.log_eval_metrics] Accuracy(layer_5 - estimator_2 - 3_folds.train_2.predict)=82.49%
[ 2019-12-29 13:51:48,806][kfold_wrapper.log_eval_metrics] Accuracy(layer_5 - estimator_2 - 3_folds.train_cv.predict)=80.88%
[ 2019-12-29 13:51:48,806][kfold_wrapper.log_eval_metrics] Accuracy(layer_5 - estimator_2 - 3_folds.test.predict)=83.91%
[ 2019-12-29 13:51:48,806][cascade_classifier.calc_accuracy] Accuracy(layer_5 - train.classifier_average)=81.01%
[ 2019-12-29 13:51:48,807][cascade_classifier.calc_accuracy] Accuracy(layer_5 - test.classifier_average)=82.76%
[ 2019-12-29 13:51:48,807][cascade_classifier.fit_transform] [Result][Optimal Level Detected] opt_layer_num=3, accuracy_train=81.65%, accuracy_test=86.21%
[ 2019-12-29 13:51:48,826][cascade_classifier.transform] X_groups_test.shape=[(87, 88)]
[ 2019-12-29 13:51:48,826][cascade_classifier.transform] group_dims=[88]
[ 2019-12-29 13:51:48,827][cascade_classifier.transform] X_test.shape=(87, 88)
[ 2019-12-29 13:51:48,827][cascade_classifier.transform] [layer=0] look_indexs=[0], X_cur_test.shape=(87, 88)
[ 2019-12-29 13:51:50,687][cascade_classifier.transform] [layer=1] look_indexs=[0], X_cur_test.shape=(87, 94)
[ 2019-12-29 13:51:52,264][cascade_classifier.transform] [layer=2] look_indexs=[0], X_cur_test.shape=(87, 94)
[ 2019-12-29 13:51:54,127][cascade_classifier.transform] X_groups_test.shape=[(87, 88)]
[ 2019-12-29 13:51:54,127][cascade_classifier.transform] group_dims=[88]
[ 2019-12-29 13:51:54,127][cascade_classifier.transform] X_test.shape=(87, 88)
[ 2019-12-29 13:51:54,127][cascade_classifier.transform] [layer=0] look_indexs=[0], X_cur_test.shape=(87, 88)
[ 2019-12-29 13:51:55,899][cascade_classifier.transform] [layer=1] look_indexs=[0], X_cur_test.shape=(87, 94)
[ 2019-12-29 13:51:57,681][cascade_classifier.transform] [layer=2] look_indexs=[0], X_cur_test.shape=(87, 94)
