[ 2019-12-18 15:41:53,298][cascade_classifier.fit_transform] X_groups_train.shape=[(861, 358)],y_train.shape=(861,),X_groups_test.shape=no_test,y_test.shape=no_test
[ 2019-12-18 15:41:53,299][cascade_classifier.fit_transform] group_dims=[358]
[ 2019-12-18 15:41:53,299][cascade_classifier.fit_transform] group_starts=[0]
[ 2019-12-18 15:41:53,299][cascade_classifier.fit_transform] group_ends=[358]
[ 2019-12-18 15:41:53,300][cascade_classifier.fit_transform] X_train.shape=(861, 358),X_test.shape=(0, 358)
[ 2019-12-18 15:41:53,301][cascade_classifier.fit_transform] [layer=0] look_indexs=[0], X_cur_train.shape=(861, 358), X_cur_test.shape=(0, 358)
[ 2019-12-18 15:41:53,871][kfold_wrapper.log_eval_metrics] Accuracy(layer_0 - estimator_0 - 3_folds.train_0.predict)=83.68%
[ 2019-12-18 15:41:54,427][kfold_wrapper.log_eval_metrics] Accuracy(layer_0 - estimator_0 - 3_folds.train_1.predict)=79.44%
[ 2019-12-18 15:41:54,973][kfold_wrapper.log_eval_metrics] Accuracy(layer_0 - estimator_0 - 3_folds.train_2.predict)=82.87%
[ 2019-12-18 15:41:54,974][kfold_wrapper.log_eval_metrics] Accuracy(layer_0 - estimator_0 - 3_folds.train_cv.predict)=82.00%
[ 2019-12-18 15:41:54,974][cascade_classifier.calc_accuracy] Accuracy(layer_0 - train.classifier_average)=82.00%
[ 2019-12-18 15:41:54,976][cascade_classifier.fit_transform] [layer=1] look_indexs=[0], X_cur_train.shape=(861, 360), X_cur_test.shape=(0, 360)
[ 2019-12-18 15:41:55,536][kfold_wrapper.log_eval_metrics] Accuracy(layer_1 - estimator_0 - 3_folds.train_0.predict)=82.64%
[ 2019-12-18 15:41:56,086][kfold_wrapper.log_eval_metrics] Accuracy(layer_1 - estimator_0 - 3_folds.train_1.predict)=81.88%
[ 2019-12-18 15:41:56,635][kfold_wrapper.log_eval_metrics] Accuracy(layer_1 - estimator_0 - 3_folds.train_2.predict)=80.07%
[ 2019-12-18 15:41:56,635][kfold_wrapper.log_eval_metrics] Accuracy(layer_1 - estimator_0 - 3_folds.train_cv.predict)=81.53%
[ 2019-12-18 15:41:56,635][cascade_classifier.calc_accuracy] Accuracy(layer_1 - train.classifier_average)=81.53%
[ 2019-12-18 15:41:56,637][cascade_classifier.fit_transform] [layer=2] look_indexs=[0], X_cur_train.shape=(861, 360), X_cur_test.shape=(0, 360)
[ 2019-12-18 15:41:57,194][kfold_wrapper.log_eval_metrics] Accuracy(layer_2 - estimator_0 - 3_folds.train_0.predict)=82.99%
[ 2019-12-18 15:41:57,742][kfold_wrapper.log_eval_metrics] Accuracy(layer_2 - estimator_0 - 3_folds.train_1.predict)=83.28%
[ 2019-12-18 15:41:58,298][kfold_wrapper.log_eval_metrics] Accuracy(layer_2 - estimator_0 - 3_folds.train_2.predict)=81.47%
[ 2019-12-18 15:41:58,299][kfold_wrapper.log_eval_metrics] Accuracy(layer_2 - estimator_0 - 3_folds.train_cv.predict)=82.58%
[ 2019-12-18 15:41:58,299][cascade_classifier.calc_accuracy] Accuracy(layer_2 - train.classifier_average)=82.58%
[ 2019-12-18 15:41:58,301][cascade_classifier.fit_transform] [layer=3] look_indexs=[0], X_cur_train.shape=(861, 360), X_cur_test.shape=(0, 360)
[ 2019-12-18 15:41:58,853][kfold_wrapper.log_eval_metrics] Accuracy(layer_3 - estimator_0 - 3_folds.train_0.predict)=84.03%
[ 2019-12-18 15:41:59,408][kfold_wrapper.log_eval_metrics] Accuracy(layer_3 - estimator_0 - 3_folds.train_1.predict)=82.23%
[ 2019-12-18 15:41:59,964][kfold_wrapper.log_eval_metrics] Accuracy(layer_3 - estimator_0 - 3_folds.train_2.predict)=80.42%
[ 2019-12-18 15:41:59,965][kfold_wrapper.log_eval_metrics] Accuracy(layer_3 - estimator_0 - 3_folds.train_cv.predict)=82.23%
[ 2019-12-18 15:41:59,965][cascade_classifier.calc_accuracy] Accuracy(layer_3 - train.classifier_average)=82.23%
[ 2019-12-18 15:41:59,967][cascade_classifier.fit_transform] [layer=4] look_indexs=[0], X_cur_train.shape=(861, 360), X_cur_test.shape=(0, 360)
[ 2019-12-18 15:42:00,524][kfold_wrapper.log_eval_metrics] Accuracy(layer_4 - estimator_0 - 3_folds.train_0.predict)=80.56%
[ 2019-12-18 15:42:01,076][kfold_wrapper.log_eval_metrics] Accuracy(layer_4 - estimator_0 - 3_folds.train_1.predict)=83.28%
[ 2019-12-18 15:42:01,628][kfold_wrapper.log_eval_metrics] Accuracy(layer_4 - estimator_0 - 3_folds.train_2.predict)=82.17%
[ 2019-12-18 15:42:01,629][kfold_wrapper.log_eval_metrics] Accuracy(layer_4 - estimator_0 - 3_folds.train_cv.predict)=82.00%
[ 2019-12-18 15:42:01,629][cascade_classifier.calc_accuracy] Accuracy(layer_4 - train.classifier_average)=82.00%
[ 2019-12-18 15:42:01,631][cascade_classifier.fit_transform] [layer=5] look_indexs=[0], X_cur_train.shape=(861, 360), X_cur_test.shape=(0, 360)
[ 2019-12-18 15:42:02,180][kfold_wrapper.log_eval_metrics] Accuracy(layer_5 - estimator_0 - 3_folds.train_0.predict)=79.17%
[ 2019-12-18 15:42:02,731][kfold_wrapper.log_eval_metrics] Accuracy(layer_5 - estimator_0 - 3_folds.train_1.predict)=79.79%
[ 2019-12-18 15:42:03,285][kfold_wrapper.log_eval_metrics] Accuracy(layer_5 - estimator_0 - 3_folds.train_2.predict)=81.82%
[ 2019-12-18 15:42:03,285][kfold_wrapper.log_eval_metrics] Accuracy(layer_5 - estimator_0 - 3_folds.train_cv.predict)=80.26%
[ 2019-12-18 15:42:03,285][cascade_classifier.calc_accuracy] Accuracy(layer_5 - train.classifier_average)=80.26%
[ 2019-12-18 15:42:03,285][cascade_classifier.fit_transform] [Result][Optimal Level Detected] opt_layer_num=3, accuracy_train=82.58%, accuracy_test=0.00%
[ 2019-12-18 15:42:03,295][cascade_classifier.fit_transform] X_groups_train.shape=[(774, 360)],y_train.shape=(774,),X_groups_test.shape=[(87, 360)],y_test.shape=(87,)
[ 2019-12-18 15:42:03,297][cascade_classifier.fit_transform] group_dims=[360]
[ 2019-12-18 15:42:03,297][cascade_classifier.fit_transform] group_starts=[0]
[ 2019-12-18 15:42:03,297][cascade_classifier.fit_transform] group_ends=[360]
[ 2019-12-18 15:42:03,303][cascade_classifier.fit_transform] X_train.shape=(774, 360),X_test.shape=(87, 360)
[ 2019-12-18 15:42:03,305][cascade_classifier.fit_transform] [layer=0] look_indexs=[0], X_cur_train.shape=(774, 360), X_cur_test.shape=(87, 360)
[ 2019-12-18 15:42:03,862][kfold_wrapper.log_eval_metrics] Accuracy(layer_0 - estimator_0 - 3_folds.train_0.predict)=79.46%
[ 2019-12-18 15:42:04,517][kfold_wrapper.log_eval_metrics] Accuracy(layer_0 - estimator_0 - 3_folds.train_1.predict)=83.33%
[ 2019-12-18 15:42:05,169][kfold_wrapper.log_eval_metrics] Accuracy(layer_0 - estimator_0 - 3_folds.train_2.predict)=78.29%
[ 2019-12-18 15:42:05,276][kfold_wrapper.log_eval_metrics] Accuracy(layer_0 - estimator_0 - 3_folds.train_cv.predict)=80.36%
[ 2019-12-18 15:42:05,276][kfold_wrapper.log_eval_metrics] Accuracy(layer_0 - estimator_0 - 3_folds.test.predict)=81.61%
[ 2019-12-18 15:42:05,276][cascade_classifier.calc_accuracy] Accuracy(layer_0 - train.classifier_average)=80.36%
[ 2019-12-18 15:42:05,277][cascade_classifier.calc_accuracy] Accuracy(layer_0 - test.classifier_average)=81.61%
[ 2019-12-18 15:42:05,278][cascade_classifier.fit_transform] [layer=1] look_indexs=[0], X_cur_train.shape=(774, 362), X_cur_test.shape=(87, 362)
[ 2019-12-18 15:42:05,833][kfold_wrapper.log_eval_metrics] Accuracy(layer_1 - estimator_0 - 3_folds.train_0.predict)=84.50%
[ 2019-12-18 15:42:06,489][kfold_wrapper.log_eval_metrics] Accuracy(layer_1 - estimator_0 - 3_folds.train_1.predict)=78.29%
[ 2019-12-18 15:42:07,151][kfold_wrapper.log_eval_metrics] Accuracy(layer_1 - estimator_0 - 3_folds.train_2.predict)=78.68%
[ 2019-12-18 15:42:07,256][kfold_wrapper.log_eval_metrics] Accuracy(layer_1 - estimator_0 - 3_folds.train_cv.predict)=80.49%
[ 2019-12-18 15:42:07,256][kfold_wrapper.log_eval_metrics] Accuracy(layer_1 - estimator_0 - 3_folds.test.predict)=86.21%
[ 2019-12-18 15:42:07,256][cascade_classifier.calc_accuracy] Accuracy(layer_1 - train.classifier_average)=80.49%
[ 2019-12-18 15:42:07,256][cascade_classifier.calc_accuracy] Accuracy(layer_1 - test.classifier_average)=86.21%
[ 2019-12-18 15:42:07,259][cascade_classifier.fit_transform] [layer=2] look_indexs=[0], X_cur_train.shape=(774, 362), X_cur_test.shape=(87, 362)
[ 2019-12-18 15:42:07,809][kfold_wrapper.log_eval_metrics] Accuracy(layer_2 - estimator_0 - 3_folds.train_0.predict)=81.40%
[ 2019-12-18 15:42:08,463][kfold_wrapper.log_eval_metrics] Accuracy(layer_2 - estimator_0 - 3_folds.train_1.predict)=80.62%
[ 2019-12-18 15:42:09,117][kfold_wrapper.log_eval_metrics] Accuracy(layer_2 - estimator_0 - 3_folds.train_2.predict)=81.01%
[ 2019-12-18 15:42:09,224][kfold_wrapper.log_eval_metrics] Accuracy(layer_2 - estimator_0 - 3_folds.train_cv.predict)=81.01%
[ 2019-12-18 15:42:09,225][kfold_wrapper.log_eval_metrics] Accuracy(layer_2 - estimator_0 - 3_folds.test.predict)=83.91%
[ 2019-12-18 15:42:09,225][cascade_classifier.calc_accuracy] Accuracy(layer_2 - train.classifier_average)=81.01%
[ 2019-12-18 15:42:09,225][cascade_classifier.calc_accuracy] Accuracy(layer_2 - test.classifier_average)=83.91%
[ 2019-12-18 15:42:09,228][cascade_classifier.fit_transform] [layer=3] look_indexs=[0], X_cur_train.shape=(774, 362), X_cur_test.shape=(87, 362)
[ 2019-12-18 15:42:09,780][kfold_wrapper.log_eval_metrics] Accuracy(layer_3 - estimator_0 - 3_folds.train_0.predict)=82.17%
[ 2019-12-18 15:42:10,434][kfold_wrapper.log_eval_metrics] Accuracy(layer_3 - estimator_0 - 3_folds.train_1.predict)=84.50%
[ 2019-12-18 15:42:11,080][kfold_wrapper.log_eval_metrics] Accuracy(layer_3 - estimator_0 - 3_folds.train_2.predict)=79.07%
[ 2019-12-18 15:42:11,186][kfold_wrapper.log_eval_metrics] Accuracy(layer_3 - estimator_0 - 3_folds.train_cv.predict)=81.91%
[ 2019-12-18 15:42:11,186][kfold_wrapper.log_eval_metrics] Accuracy(layer_3 - estimator_0 - 3_folds.test.predict)=83.91%
[ 2019-12-18 15:42:11,186][cascade_classifier.calc_accuracy] Accuracy(layer_3 - train.classifier_average)=81.91%
[ 2019-12-18 15:42:11,187][cascade_classifier.calc_accuracy] Accuracy(layer_3 - test.classifier_average)=83.91%
[ 2019-12-18 15:42:11,189][cascade_classifier.fit_transform] [layer=4] look_indexs=[0], X_cur_train.shape=(774, 362), X_cur_test.shape=(87, 362)
[ 2019-12-18 15:42:11,739][kfold_wrapper.log_eval_metrics] Accuracy(layer_4 - estimator_0 - 3_folds.train_0.predict)=83.33%
[ 2019-12-18 15:42:12,406][kfold_wrapper.log_eval_metrics] Accuracy(layer_4 - estimator_0 - 3_folds.train_1.predict)=81.78%
[ 2019-12-18 15:42:13,061][kfold_wrapper.log_eval_metrics] Accuracy(layer_4 - estimator_0 - 3_folds.train_2.predict)=77.52%
[ 2019-12-18 15:42:13,174][kfold_wrapper.log_eval_metrics] Accuracy(layer_4 - estimator_0 - 3_folds.train_cv.predict)=80.88%
[ 2019-12-18 15:42:13,174][kfold_wrapper.log_eval_metrics] Accuracy(layer_4 - estimator_0 - 3_folds.test.predict)=82.76%
[ 2019-12-18 15:42:13,175][cascade_classifier.calc_accuracy] Accuracy(layer_4 - train.classifier_average)=80.88%
[ 2019-12-18 15:42:13,175][cascade_classifier.calc_accuracy] Accuracy(layer_4 - test.classifier_average)=82.76%
[ 2019-12-18 15:42:13,177][cascade_classifier.fit_transform] [layer=5] look_indexs=[0], X_cur_train.shape=(774, 362), X_cur_test.shape=(87, 362)
[ 2019-12-18 15:42:13,743][kfold_wrapper.log_eval_metrics] Accuracy(layer_5 - estimator_0 - 3_folds.train_0.predict)=81.78%
[ 2019-12-18 15:42:14,420][kfold_wrapper.log_eval_metrics] Accuracy(layer_5 - estimator_0 - 3_folds.train_1.predict)=81.40%
[ 2019-12-18 15:42:15,069][kfold_wrapper.log_eval_metrics] Accuracy(layer_5 - estimator_0 - 3_folds.train_2.predict)=81.01%
[ 2019-12-18 15:42:15,177][kfold_wrapper.log_eval_metrics] Accuracy(layer_5 - estimator_0 - 3_folds.train_cv.predict)=81.40%
[ 2019-12-18 15:42:15,177][kfold_wrapper.log_eval_metrics] Accuracy(layer_5 - estimator_0 - 3_folds.test.predict)=83.91%
[ 2019-12-18 15:42:15,177][cascade_classifier.calc_accuracy] Accuracy(layer_5 - train.classifier_average)=81.40%
[ 2019-12-18 15:42:15,177][cascade_classifier.calc_accuracy] Accuracy(layer_5 - test.classifier_average)=83.91%
[ 2019-12-18 15:42:15,179][cascade_classifier.fit_transform] [layer=6] look_indexs=[0], X_cur_train.shape=(774, 362), X_cur_test.shape=(87, 362)
[ 2019-12-18 15:42:15,740][kfold_wrapper.log_eval_metrics] Accuracy(layer_6 - estimator_0 - 3_folds.train_0.predict)=79.07%
[ 2019-12-18 15:42:16,389][kfold_wrapper.log_eval_metrics] Accuracy(layer_6 - estimator_0 - 3_folds.train_1.predict)=82.56%
[ 2019-12-18 15:42:17,050][kfold_wrapper.log_eval_metrics] Accuracy(layer_6 - estimator_0 - 3_folds.train_2.predict)=83.72%
[ 2019-12-18 15:42:17,155][kfold_wrapper.log_eval_metrics] Accuracy(layer_6 - estimator_0 - 3_folds.train_cv.predict)=81.78%
[ 2019-12-18 15:42:17,156][kfold_wrapper.log_eval_metrics] Accuracy(layer_6 - estimator_0 - 3_folds.test.predict)=79.31%
[ 2019-12-18 15:42:17,156][cascade_classifier.calc_accuracy] Accuracy(layer_6 - train.classifier_average)=81.78%
[ 2019-12-18 15:42:17,156][cascade_classifier.calc_accuracy] Accuracy(layer_6 - test.classifier_average)=79.31%
[ 2019-12-18 15:42:17,156][cascade_classifier.fit_transform] [Result][Optimal Level Detected] opt_layer_num=4, accuracy_train=81.91%, accuracy_test=83.91%
[ 2019-12-18 15:42:17,159][cascade_classifier.transform] X_groups_test.shape=[(87, 360)]
[ 2019-12-18 15:42:17,160][cascade_classifier.transform] group_dims=[360]
[ 2019-12-18 15:42:17,160][cascade_classifier.transform] X_test.shape=(87, 360)
[ 2019-12-18 15:42:17,160][cascade_classifier.transform] [layer=0] look_indexs=[0], X_cur_test.shape=(87, 360)
[ 2019-12-18 15:42:17,476][cascade_classifier.transform] [layer=1] look_indexs=[0], X_cur_test.shape=(87, 362)
[ 2019-12-18 15:42:17,797][cascade_classifier.transform] [layer=2] look_indexs=[0], X_cur_test.shape=(87, 362)
[ 2019-12-18 15:42:18,110][cascade_classifier.transform] [layer=3] look_indexs=[0], X_cur_test.shape=(87, 362)
[ 2019-12-18 15:42:18,431][cascade_classifier.transform] X_groups_test.shape=[(87, 360)]
[ 2019-12-18 15:42:18,432][cascade_classifier.transform] group_dims=[360]
[ 2019-12-18 15:42:18,432][cascade_classifier.transform] X_test.shape=(87, 360)
[ 2019-12-18 15:42:18,432][cascade_classifier.transform] [layer=0] look_indexs=[0], X_cur_test.shape=(87, 360)
[ 2019-12-18 15:42:18,747][cascade_classifier.transform] [layer=1] look_indexs=[0], X_cur_test.shape=(87, 362)
[ 2019-12-18 15:42:19,068][cascade_classifier.transform] [layer=2] look_indexs=[0], X_cur_test.shape=(87, 362)
[ 2019-12-18 15:42:19,387][cascade_classifier.transform] [layer=3] look_indexs=[0], X_cur_test.shape=(87, 362)
