[ 2019-12-23 13:00:35,742][cascade_classifier.fit_transform] X_groups_train.shape=[(774, 358)],y_train.shape=(774,),X_groups_test.shape=[(87, 358)],y_test.shape=(87,)
[ 2019-12-23 13:00:35,743][cascade_classifier.fit_transform] group_dims=[358]
[ 2019-12-23 13:00:35,744][cascade_classifier.fit_transform] group_starts=[0]
[ 2019-12-23 13:00:35,744][cascade_classifier.fit_transform] group_ends=[358]
[ 2019-12-23 13:00:35,744][cascade_classifier.fit_transform] X_train.shape=(774, 358),X_test.shape=(87, 358)
[ 2019-12-23 13:00:35,746][cascade_classifier.fit_transform] [layer=0] look_indexs=[0], X_cur_train.shape=(774, 358), X_cur_test.shape=(87, 358)
[ 2019-12-23 13:00:40,151][kfold_wrapper.log_eval_metrics] Accuracy(layer_0 - estimator_0 - 3_folds.train_0.predict)=79.15%
[ 2019-12-23 13:00:45,064][kfold_wrapper.log_eval_metrics] Accuracy(layer_0 - estimator_0 - 3_folds.train_1.predict)=82.95%
[ 2019-12-23 13:00:50,061][kfold_wrapper.log_eval_metrics] Accuracy(layer_0 - estimator_0 - 3_folds.train_2.predict)=81.32%
[ 2019-12-23 13:00:50,584][kfold_wrapper.log_eval_metrics] Accuracy(layer_0 - estimator_0 - 3_folds.train_cv.predict)=81.14%
[ 2019-12-23 13:00:50,585][kfold_wrapper.log_eval_metrics] Accuracy(layer_0 - estimator_0 - 3_folds.test.predict)=85.06%
[ 2019-12-23 13:00:54,633][kfold_wrapper.log_eval_metrics] Accuracy(layer_0 - estimator_1 - 3_folds.train_0.predict)=79.15%
[ 2019-12-23 13:00:59,208][kfold_wrapper.log_eval_metrics] Accuracy(layer_0 - estimator_1 - 3_folds.train_1.predict)=78.68%
[ 2019-12-23 13:01:03,904][kfold_wrapper.log_eval_metrics] Accuracy(layer_0 - estimator_1 - 3_folds.train_2.predict)=84.82%
[ 2019-12-23 13:01:04,520][kfold_wrapper.log_eval_metrics] Accuracy(layer_0 - estimator_1 - 3_folds.train_cv.predict)=80.88%
[ 2019-12-23 13:01:04,521][kfold_wrapper.log_eval_metrics] Accuracy(layer_0 - estimator_1 - 3_folds.test.predict)=85.06%
[ 2019-12-23 13:01:18,170][kfold_wrapper.log_eval_metrics] Accuracy(layer_0 - estimator_2 - 3_folds.train_0.predict)=80.31%
[ 2019-12-23 13:01:32,209][kfold_wrapper.log_eval_metrics] Accuracy(layer_0 - estimator_2 - 3_folds.train_1.predict)=81.40%
[ 2019-12-23 13:01:45,781][kfold_wrapper.log_eval_metrics] Accuracy(layer_0 - estimator_2 - 3_folds.train_2.predict)=83.27%
[ 2019-12-23 13:01:45,995][kfold_wrapper.log_eval_metrics] Accuracy(layer_0 - estimator_2 - 3_folds.train_cv.predict)=81.65%
[ 2019-12-23 13:01:45,995][kfold_wrapper.log_eval_metrics] Accuracy(layer_0 - estimator_2 - 3_folds.test.predict)=85.06%
[ 2019-12-23 13:01:45,996][cascade_classifier.calc_accuracy] Accuracy(layer_0 - train.classifier_average)=82.04%
[ 2019-12-23 13:01:45,996][cascade_classifier.calc_accuracy] Accuracy(layer_0 - test.classifier_average)=86.21%
[ 2019-12-23 13:01:45,998][cascade_classifier.fit_transform] [layer=1] look_indexs=[0], X_cur_train.shape=(774, 364), X_cur_test.shape=(87, 364)
[ 2019-12-23 13:01:50,404][kfold_wrapper.log_eval_metrics] Accuracy(layer_1 - estimator_0 - 3_folds.train_0.predict)=80.31%
[ 2019-12-23 13:01:55,439][kfold_wrapper.log_eval_metrics] Accuracy(layer_1 - estimator_0 - 3_folds.train_1.predict)=84.50%
[ 2019-12-23 13:02:00,542][kfold_wrapper.log_eval_metrics] Accuracy(layer_1 - estimator_0 - 3_folds.train_2.predict)=78.99%
[ 2019-12-23 13:02:01,050][kfold_wrapper.log_eval_metrics] Accuracy(layer_1 - estimator_0 - 3_folds.train_cv.predict)=81.27%
[ 2019-12-23 13:02:01,050][kfold_wrapper.log_eval_metrics] Accuracy(layer_1 - estimator_0 - 3_folds.test.predict)=86.21%
[ 2019-12-23 13:02:05,116][kfold_wrapper.log_eval_metrics] Accuracy(layer_1 - estimator_1 - 3_folds.train_0.predict)=80.31%
[ 2019-12-23 13:02:09,782][kfold_wrapper.log_eval_metrics] Accuracy(layer_1 - estimator_1 - 3_folds.train_1.predict)=82.17%
[ 2019-12-23 13:02:14,357][kfold_wrapper.log_eval_metrics] Accuracy(layer_1 - estimator_1 - 3_folds.train_2.predict)=81.71%
[ 2019-12-23 13:02:14,972][kfold_wrapper.log_eval_metrics] Accuracy(layer_1 - estimator_1 - 3_folds.train_cv.predict)=81.40%
[ 2019-12-23 13:02:14,972][kfold_wrapper.log_eval_metrics] Accuracy(layer_1 - estimator_1 - 3_folds.test.predict)=85.06%
[ 2019-12-23 13:02:28,809][kfold_wrapper.log_eval_metrics] Accuracy(layer_1 - estimator_2 - 3_folds.train_0.predict)=78.76%
[ 2019-12-23 13:02:42,907][kfold_wrapper.log_eval_metrics] Accuracy(layer_1 - estimator_2 - 3_folds.train_1.predict)=80.23%
[ 2019-12-23 13:02:57,098][kfold_wrapper.log_eval_metrics] Accuracy(layer_1 - estimator_2 - 3_folds.train_2.predict)=82.10%
[ 2019-12-23 13:02:57,310][kfold_wrapper.log_eval_metrics] Accuracy(layer_1 - estimator_2 - 3_folds.train_cv.predict)=80.36%
[ 2019-12-23 13:02:57,310][kfold_wrapper.log_eval_metrics] Accuracy(layer_1 - estimator_2 - 3_folds.test.predict)=85.06%
[ 2019-12-23 13:02:57,311][cascade_classifier.calc_accuracy] Accuracy(layer_1 - train.classifier_average)=81.65%
[ 2019-12-23 13:02:57,311][cascade_classifier.calc_accuracy] Accuracy(layer_1 - test.classifier_average)=85.06%
[ 2019-12-23 13:02:57,313][cascade_classifier.fit_transform] [layer=2] look_indexs=[0], X_cur_train.shape=(774, 364), X_cur_test.shape=(87, 364)
[ 2019-12-23 13:03:01,823][kfold_wrapper.log_eval_metrics] Accuracy(layer_2 - estimator_0 - 3_folds.train_0.predict)=83.78%
[ 2019-12-23 13:03:06,746][kfold_wrapper.log_eval_metrics] Accuracy(layer_2 - estimator_0 - 3_folds.train_1.predict)=78.68%
[ 2019-12-23 13:03:11,752][kfold_wrapper.log_eval_metrics] Accuracy(layer_2 - estimator_0 - 3_folds.train_2.predict)=81.71%
[ 2019-12-23 13:03:12,377][kfold_wrapper.log_eval_metrics] Accuracy(layer_2 - estimator_0 - 3_folds.train_cv.predict)=81.40%
[ 2019-12-23 13:03:12,378][kfold_wrapper.log_eval_metrics] Accuracy(layer_2 - estimator_0 - 3_folds.test.predict)=83.91%
[ 2019-12-23 13:03:16,432][kfold_wrapper.log_eval_metrics] Accuracy(layer_2 - estimator_1 - 3_folds.train_0.predict)=79.15%
[ 2019-12-23 13:03:21,111][kfold_wrapper.log_eval_metrics] Accuracy(layer_2 - estimator_1 - 3_folds.train_1.predict)=84.11%
[ 2019-12-23 13:03:25,684][kfold_wrapper.log_eval_metrics] Accuracy(layer_2 - estimator_1 - 3_folds.train_2.predict)=83.66%
[ 2019-12-23 13:03:26,314][kfold_wrapper.log_eval_metrics] Accuracy(layer_2 - estimator_1 - 3_folds.train_cv.predict)=82.30%
[ 2019-12-23 13:03:26,315][kfold_wrapper.log_eval_metrics] Accuracy(layer_2 - estimator_1 - 3_folds.test.predict)=86.21%
[ 2019-12-23 13:03:40,183][kfold_wrapper.log_eval_metrics] Accuracy(layer_2 - estimator_2 - 3_folds.train_0.predict)=78.38%
[ 2019-12-23 13:03:54,209][kfold_wrapper.log_eval_metrics] Accuracy(layer_2 - estimator_2 - 3_folds.train_1.predict)=81.78%
[ 2019-12-23 13:04:08,323][kfold_wrapper.log_eval_metrics] Accuracy(layer_2 - estimator_2 - 3_folds.train_2.predict)=81.71%
[ 2019-12-23 13:04:08,535][kfold_wrapper.log_eval_metrics] Accuracy(layer_2 - estimator_2 - 3_folds.train_cv.predict)=80.62%
[ 2019-12-23 13:04:08,535][kfold_wrapper.log_eval_metrics] Accuracy(layer_2 - estimator_2 - 3_folds.test.predict)=86.21%
[ 2019-12-23 13:04:08,536][cascade_classifier.calc_accuracy] Accuracy(layer_2 - train.classifier_average)=81.78%
[ 2019-12-23 13:04:08,536][cascade_classifier.calc_accuracy] Accuracy(layer_2 - test.classifier_average)=86.21%
[ 2019-12-23 13:04:08,538][cascade_classifier.fit_transform] [layer=3] look_indexs=[0], X_cur_train.shape=(774, 364), X_cur_test.shape=(87, 364)
[ 2019-12-23 13:04:12,949][kfold_wrapper.log_eval_metrics] Accuracy(layer_3 - estimator_0 - 3_folds.train_0.predict)=83.40%
[ 2019-12-23 13:04:17,875][kfold_wrapper.log_eval_metrics] Accuracy(layer_3 - estimator_0 - 3_folds.train_1.predict)=78.29%
[ 2019-12-23 13:04:22,985][kfold_wrapper.log_eval_metrics] Accuracy(layer_3 - estimator_0 - 3_folds.train_2.predict)=82.88%
[ 2019-12-23 13:04:23,505][kfold_wrapper.log_eval_metrics] Accuracy(layer_3 - estimator_0 - 3_folds.train_cv.predict)=81.52%
[ 2019-12-23 13:04:23,506][kfold_wrapper.log_eval_metrics] Accuracy(layer_3 - estimator_0 - 3_folds.test.predict)=83.91%
[ 2019-12-23 13:04:27,608][kfold_wrapper.log_eval_metrics] Accuracy(layer_3 - estimator_1 - 3_folds.train_0.predict)=82.24%
[ 2019-12-23 13:04:32,275][kfold_wrapper.log_eval_metrics] Accuracy(layer_3 - estimator_1 - 3_folds.train_1.predict)=82.56%
[ 2019-12-23 13:04:36,962][kfold_wrapper.log_eval_metrics] Accuracy(layer_3 - estimator_1 - 3_folds.train_2.predict)=81.71%
[ 2019-12-23 13:04:37,478][kfold_wrapper.log_eval_metrics] Accuracy(layer_3 - estimator_1 - 3_folds.train_cv.predict)=82.17%
[ 2019-12-23 13:04:37,478][kfold_wrapper.log_eval_metrics] Accuracy(layer_3 - estimator_1 - 3_folds.test.predict)=85.06%
[ 2019-12-23 13:04:51,533][kfold_wrapper.log_eval_metrics] Accuracy(layer_3 - estimator_2 - 3_folds.train_0.predict)=77.99%
[ 2019-12-23 13:05:05,453][kfold_wrapper.log_eval_metrics] Accuracy(layer_3 - estimator_2 - 3_folds.train_1.predict)=79.07%
[ 2019-12-23 13:05:19,532][kfold_wrapper.log_eval_metrics] Accuracy(layer_3 - estimator_2 - 3_folds.train_2.predict)=80.54%
[ 2019-12-23 13:05:19,738][kfold_wrapper.log_eval_metrics] Accuracy(layer_3 - estimator_2 - 3_folds.train_cv.predict)=79.20%
[ 2019-12-23 13:05:19,738][kfold_wrapper.log_eval_metrics] Accuracy(layer_3 - estimator_2 - 3_folds.test.predict)=86.21%
[ 2019-12-23 13:05:19,738][cascade_classifier.calc_accuracy] Accuracy(layer_3 - train.classifier_average)=81.65%
[ 2019-12-23 13:05:19,738][cascade_classifier.calc_accuracy] Accuracy(layer_3 - test.classifier_average)=85.06%
[ 2019-12-23 13:05:19,746][cascade_classifier.fit_transform] [Result][Optimal Level Detected] opt_layer_num=1, accuracy_train=82.04%, accuracy_test=86.21%
[ 2019-12-23 13:05:19,819][cascade_classifier.transform] X_groups_test.shape=[(87, 358)]
[ 2019-12-23 13:05:19,820][cascade_classifier.transform] group_dims=[358]
[ 2019-12-23 13:05:19,820][cascade_classifier.transform] X_test.shape=(87, 358)
[ 2019-12-23 13:05:19,821][cascade_classifier.transform] [layer=0] look_indexs=[0], X_cur_test.shape=(87, 358)
[ 2019-12-23 13:05:23,724][cascade_classifier.transform] X_groups_test.shape=[(87, 358)]
[ 2019-12-23 13:05:23,724][cascade_classifier.transform] group_dims=[358]
[ 2019-12-23 13:05:23,724][cascade_classifier.transform] X_test.shape=(87, 358)
[ 2019-12-23 13:05:23,725][cascade_classifier.transform] [layer=0] look_indexs=[0], X_cur_test.shape=(87, 358)
[ 2019-12-23 13:05:55,754][cascade_classifier.fit_transform] X_groups_train.shape=[(774, 358)],y_train.shape=(774,),X_groups_test.shape=[(87, 358)],y_test.shape=(87,)
[ 2019-12-23 13:05:55,755][cascade_classifier.fit_transform] group_dims=[358]
[ 2019-12-23 13:05:55,755][cascade_classifier.fit_transform] group_starts=[0]
[ 2019-12-23 13:05:55,755][cascade_classifier.fit_transform] group_ends=[358]
[ 2019-12-23 13:05:55,755][cascade_classifier.fit_transform] X_train.shape=(774, 358),X_test.shape=(87, 358)
[ 2019-12-23 13:05:55,757][cascade_classifier.fit_transform] [layer=0] look_indexs=[0], X_cur_train.shape=(774, 358), X_cur_test.shape=(87, 358)
[ 2019-12-23 13:06:00,178][kfold_wrapper.log_eval_metrics] Accuracy(layer_0 - estimator_0 - 3_folds.train_0.predict)=83.01%
[ 2019-12-23 13:06:05,095][kfold_wrapper.log_eval_metrics] Accuracy(layer_0 - estimator_0 - 3_folds.train_1.predict)=81.78%
[ 2019-12-23 13:06:10,105][kfold_wrapper.log_eval_metrics] Accuracy(layer_0 - estimator_0 - 3_folds.train_2.predict)=81.32%
[ 2019-12-23 13:06:10,620][kfold_wrapper.log_eval_metrics] Accuracy(layer_0 - estimator_0 - 3_folds.train_cv.predict)=82.04%
[ 2019-12-23 13:06:10,620][kfold_wrapper.log_eval_metrics] Accuracy(layer_0 - estimator_0 - 3_folds.test.predict)=83.91%
[ 2019-12-23 13:06:14,687][kfold_wrapper.log_eval_metrics] Accuracy(layer_0 - estimator_1 - 3_folds.train_0.predict)=81.08%
[ 2019-12-23 13:06:19,339][kfold_wrapper.log_eval_metrics] Accuracy(layer_0 - estimator_1 - 3_folds.train_1.predict)=85.27%
[ 2019-12-23 13:06:23,897][kfold_wrapper.log_eval_metrics] Accuracy(layer_0 - estimator_1 - 3_folds.train_2.predict)=82.49%
[ 2019-12-23 13:06:24,516][kfold_wrapper.log_eval_metrics] Accuracy(layer_0 - estimator_1 - 3_folds.train_cv.predict)=82.95%
[ 2019-12-23 13:06:24,516][kfold_wrapper.log_eval_metrics] Accuracy(layer_0 - estimator_1 - 3_folds.test.predict)=82.76%
[ 2019-12-23 13:06:38,113][kfold_wrapper.log_eval_metrics] Accuracy(layer_0 - estimator_2 - 3_folds.train_0.predict)=81.85%
[ 2019-12-23 13:06:51,982][kfold_wrapper.log_eval_metrics] Accuracy(layer_0 - estimator_2 - 3_folds.train_1.predict)=82.17%
[ 2019-12-23 13:07:05,933][kfold_wrapper.log_eval_metrics] Accuracy(layer_0 - estimator_2 - 3_folds.train_2.predict)=80.54%
[ 2019-12-23 13:07:06,147][kfold_wrapper.log_eval_metrics] Accuracy(layer_0 - estimator_2 - 3_folds.train_cv.predict)=81.52%
[ 2019-12-23 13:07:06,147][kfold_wrapper.log_eval_metrics] Accuracy(layer_0 - estimator_2 - 3_folds.test.predict)=82.76%
[ 2019-12-23 13:07:06,148][cascade_classifier.calc_accuracy] Accuracy(layer_0 - train.classifier_average)=82.43%
[ 2019-12-23 13:07:06,148][cascade_classifier.calc_accuracy] Accuracy(layer_0 - test.classifier_average)=83.91%
[ 2019-12-23 13:07:06,150][cascade_classifier.fit_transform] [layer=1] look_indexs=[0], X_cur_train.shape=(774, 364), X_cur_test.shape=(87, 364)
[ 2019-12-23 13:07:10,552][kfold_wrapper.log_eval_metrics] Accuracy(layer_1 - estimator_0 - 3_folds.train_0.predict)=81.08%
[ 2019-12-23 13:07:15,561][kfold_wrapper.log_eval_metrics] Accuracy(layer_1 - estimator_0 - 3_folds.train_1.predict)=82.95%
[ 2019-12-23 13:07:20,456][kfold_wrapper.log_eval_metrics] Accuracy(layer_1 - estimator_0 - 3_folds.train_2.predict)=84.05%
[ 2019-12-23 13:07:21,071][kfold_wrapper.log_eval_metrics] Accuracy(layer_1 - estimator_0 - 3_folds.train_cv.predict)=82.69%
[ 2019-12-23 13:07:21,072][kfold_wrapper.log_eval_metrics] Accuracy(layer_1 - estimator_0 - 3_folds.test.predict)=82.76%
[ 2019-12-23 13:07:25,117][kfold_wrapper.log_eval_metrics] Accuracy(layer_1 - estimator_1 - 3_folds.train_0.predict)=81.47%
[ 2019-12-23 13:07:29,804][kfold_wrapper.log_eval_metrics] Accuracy(layer_1 - estimator_1 - 3_folds.train_1.predict)=81.01%
[ 2019-12-23 13:07:34,493][kfold_wrapper.log_eval_metrics] Accuracy(layer_1 - estimator_1 - 3_folds.train_2.predict)=85.21%
[ 2019-12-23 13:07:35,120][kfold_wrapper.log_eval_metrics] Accuracy(layer_1 - estimator_1 - 3_folds.train_cv.predict)=82.56%
[ 2019-12-23 13:07:35,121][kfold_wrapper.log_eval_metrics] Accuracy(layer_1 - estimator_1 - 3_folds.test.predict)=83.91%
[ 2019-12-23 13:07:49,066][kfold_wrapper.log_eval_metrics] Accuracy(layer_1 - estimator_2 - 3_folds.train_0.predict)=82.24%
[ 2019-12-23 13:08:03,228][kfold_wrapper.log_eval_metrics] Accuracy(layer_1 - estimator_2 - 3_folds.train_1.predict)=81.78%
[ 2019-12-23 13:08:17,383][kfold_wrapper.log_eval_metrics] Accuracy(layer_1 - estimator_2 - 3_folds.train_2.predict)=83.27%
[ 2019-12-23 13:08:17,597][kfold_wrapper.log_eval_metrics] Accuracy(layer_1 - estimator_2 - 3_folds.train_cv.predict)=82.43%
[ 2019-12-23 13:08:17,597][kfold_wrapper.log_eval_metrics] Accuracy(layer_1 - estimator_2 - 3_folds.test.predict)=85.06%
[ 2019-12-23 13:08:17,598][cascade_classifier.calc_accuracy] Accuracy(layer_1 - train.classifier_average)=82.17%
[ 2019-12-23 13:08:17,598][cascade_classifier.calc_accuracy] Accuracy(layer_1 - test.classifier_average)=82.76%
[ 2019-12-23 13:08:17,600][cascade_classifier.fit_transform] [layer=2] look_indexs=[0], X_cur_train.shape=(774, 364), X_cur_test.shape=(87, 364)
[ 2019-12-23 13:08:21,997][kfold_wrapper.log_eval_metrics] Accuracy(layer_2 - estimator_0 - 3_folds.train_0.predict)=79.54%
[ 2019-12-23 13:08:27,015][kfold_wrapper.log_eval_metrics] Accuracy(layer_2 - estimator_0 - 3_folds.train_1.predict)=80.23%
[ 2019-12-23 13:08:32,134][kfold_wrapper.log_eval_metrics] Accuracy(layer_2 - estimator_0 - 3_folds.train_2.predict)=85.99%
[ 2019-12-23 13:08:32,752][kfold_wrapper.log_eval_metrics] Accuracy(layer_2 - estimator_0 - 3_folds.train_cv.predict)=81.91%
[ 2019-12-23 13:08:32,753][kfold_wrapper.log_eval_metrics] Accuracy(layer_2 - estimator_0 - 3_folds.test.predict)=83.91%
[ 2019-12-23 13:08:36,821][kfold_wrapper.log_eval_metrics] Accuracy(layer_2 - estimator_1 - 3_folds.train_0.predict)=81.47%
[ 2019-12-23 13:08:41,390][kfold_wrapper.log_eval_metrics] Accuracy(layer_2 - estimator_1 - 3_folds.train_1.predict)=82.17%
[ 2019-12-23 13:08:45,981][kfold_wrapper.log_eval_metrics] Accuracy(layer_2 - estimator_1 - 3_folds.train_2.predict)=80.93%
[ 2019-12-23 13:08:46,601][kfold_wrapper.log_eval_metrics] Accuracy(layer_2 - estimator_1 - 3_folds.train_cv.predict)=81.52%
[ 2019-12-23 13:08:46,602][kfold_wrapper.log_eval_metrics] Accuracy(layer_2 - estimator_1 - 3_folds.test.predict)=85.06%
[ 2019-12-23 13:09:00,503][kfold_wrapper.log_eval_metrics] Accuracy(layer_2 - estimator_2 - 3_folds.train_0.predict)=76.06%
[ 2019-12-23 13:09:14,509][kfold_wrapper.log_eval_metrics] Accuracy(layer_2 - estimator_2 - 3_folds.train_1.predict)=81.01%
[ 2019-12-23 13:09:28,824][kfold_wrapper.log_eval_metrics] Accuracy(layer_2 - estimator_2 - 3_folds.train_2.predict)=81.71%
[ 2019-12-23 13:09:29,036][kfold_wrapper.log_eval_metrics] Accuracy(layer_2 - estimator_2 - 3_folds.train_cv.predict)=79.59%
[ 2019-12-23 13:09:29,036][kfold_wrapper.log_eval_metrics] Accuracy(layer_2 - estimator_2 - 3_folds.test.predict)=83.91%
[ 2019-12-23 13:09:29,036][cascade_classifier.calc_accuracy] Accuracy(layer_2 - train.classifier_average)=81.91%
[ 2019-12-23 13:09:29,037][cascade_classifier.calc_accuracy] Accuracy(layer_2 - test.classifier_average)=83.91%
[ 2019-12-23 13:09:29,039][cascade_classifier.fit_transform] [layer=3] look_indexs=[0], X_cur_train.shape=(774, 364), X_cur_test.shape=(87, 364)
[ 2019-12-23 13:09:33,534][kfold_wrapper.log_eval_metrics] Accuracy(layer_3 - estimator_0 - 3_folds.train_0.predict)=82.63%
[ 2019-12-23 13:09:38,438][kfold_wrapper.log_eval_metrics] Accuracy(layer_3 - estimator_0 - 3_folds.train_1.predict)=83.33%
[ 2019-12-23 13:09:43,448][kfold_wrapper.log_eval_metrics] Accuracy(layer_3 - estimator_0 - 3_folds.train_2.predict)=81.32%
[ 2019-12-23 13:09:44,065][kfold_wrapper.log_eval_metrics] Accuracy(layer_3 - estimator_0 - 3_folds.train_cv.predict)=82.43%
[ 2019-12-23 13:09:44,065][kfold_wrapper.log_eval_metrics] Accuracy(layer_3 - estimator_0 - 3_folds.test.predict)=82.76%
[ 2019-12-23 13:09:48,125][kfold_wrapper.log_eval_metrics] Accuracy(layer_3 - estimator_1 - 3_folds.train_0.predict)=80.31%
[ 2019-12-23 13:09:52,818][kfold_wrapper.log_eval_metrics] Accuracy(layer_3 - estimator_1 - 3_folds.train_1.predict)=82.56%
[ 2019-12-23 13:09:57,486][kfold_wrapper.log_eval_metrics] Accuracy(layer_3 - estimator_1 - 3_folds.train_2.predict)=80.93%
[ 2019-12-23 13:09:58,102][kfold_wrapper.log_eval_metrics] Accuracy(layer_3 - estimator_1 - 3_folds.train_cv.predict)=81.27%
[ 2019-12-23 13:09:58,103][kfold_wrapper.log_eval_metrics] Accuracy(layer_3 - estimator_1 - 3_folds.test.predict)=83.91%
[ 2019-12-23 13:10:12,164][kfold_wrapper.log_eval_metrics] Accuracy(layer_3 - estimator_2 - 3_folds.train_0.predict)=79.54%
[ 2019-12-23 13:10:26,346][kfold_wrapper.log_eval_metrics] Accuracy(layer_3 - estimator_2 - 3_folds.train_1.predict)=78.68%
[ 2019-12-23 13:10:40,386][kfold_wrapper.log_eval_metrics] Accuracy(layer_3 - estimator_2 - 3_folds.train_2.predict)=78.99%
[ 2019-12-23 13:10:40,591][kfold_wrapper.log_eval_metrics] Accuracy(layer_3 - estimator_2 - 3_folds.train_cv.predict)=79.07%
[ 2019-12-23 13:10:40,592][kfold_wrapper.log_eval_metrics] Accuracy(layer_3 - estimator_2 - 3_folds.test.predict)=83.91%
[ 2019-12-23 13:10:40,592][cascade_classifier.calc_accuracy] Accuracy(layer_3 - train.classifier_average)=82.56%
[ 2019-12-23 13:10:40,593][cascade_classifier.calc_accuracy] Accuracy(layer_3 - test.classifier_average)=82.76%
[ 2019-12-23 13:10:40,595][cascade_classifier.fit_transform] [layer=4] look_indexs=[0], X_cur_train.shape=(774, 364), X_cur_test.shape=(87, 364)
[ 2019-12-23 13:10:44,996][kfold_wrapper.log_eval_metrics] Accuracy(layer_4 - estimator_0 - 3_folds.train_0.predict)=82.63%
[ 2019-12-23 13:10:50,011][kfold_wrapper.log_eval_metrics] Accuracy(layer_4 - estimator_0 - 3_folds.train_1.predict)=83.72%
[ 2019-12-23 13:10:55,012][kfold_wrapper.log_eval_metrics] Accuracy(layer_4 - estimator_0 - 3_folds.train_2.predict)=77.82%
[ 2019-12-23 13:10:55,627][kfold_wrapper.log_eval_metrics] Accuracy(layer_4 - estimator_0 - 3_folds.train_cv.predict)=81.40%
[ 2019-12-23 13:10:55,628][kfold_wrapper.log_eval_metrics] Accuracy(layer_4 - estimator_0 - 3_folds.test.predict)=82.76%
[ 2019-12-23 13:10:59,714][kfold_wrapper.log_eval_metrics] Accuracy(layer_4 - estimator_1 - 3_folds.train_0.predict)=84.94%
[ 2019-12-23 13:11:04,286][kfold_wrapper.log_eval_metrics] Accuracy(layer_4 - estimator_1 - 3_folds.train_1.predict)=82.17%
[ 2019-12-23 13:11:08,972][kfold_wrapper.log_eval_metrics] Accuracy(layer_4 - estimator_1 - 3_folds.train_2.predict)=80.54%
[ 2019-12-23 13:11:09,486][kfold_wrapper.log_eval_metrics] Accuracy(layer_4 - estimator_1 - 3_folds.train_cv.predict)=82.56%
[ 2019-12-23 13:11:09,486][kfold_wrapper.log_eval_metrics] Accuracy(layer_4 - estimator_1 - 3_folds.test.predict)=81.61%
[ 2019-12-23 13:11:23,346][kfold_wrapper.log_eval_metrics] Accuracy(layer_4 - estimator_2 - 3_folds.train_0.predict)=78.38%
[ 2019-12-23 13:11:37,583][kfold_wrapper.log_eval_metrics] Accuracy(layer_4 - estimator_2 - 3_folds.train_1.predict)=83.72%
[ 2019-12-23 13:11:51,701][kfold_wrapper.log_eval_metrics] Accuracy(layer_4 - estimator_2 - 3_folds.train_2.predict)=79.77%
[ 2019-12-23 13:11:51,922][kfold_wrapper.log_eval_metrics] Accuracy(layer_4 - estimator_2 - 3_folds.train_cv.predict)=80.62%
[ 2019-12-23 13:11:51,922][kfold_wrapper.log_eval_metrics] Accuracy(layer_4 - estimator_2 - 3_folds.test.predict)=83.91%
[ 2019-12-23 13:11:51,922][cascade_classifier.calc_accuracy] Accuracy(layer_4 - train.classifier_average)=82.17%
[ 2019-12-23 13:11:51,922][cascade_classifier.calc_accuracy] Accuracy(layer_4 - test.classifier_average)=82.76%
[ 2019-12-23 13:11:51,924][cascade_classifier.fit_transform] [layer=5] look_indexs=[0], X_cur_train.shape=(774, 364), X_cur_test.shape=(87, 364)
[ 2019-12-23 13:11:56,335][kfold_wrapper.log_eval_metrics] Accuracy(layer_5 - estimator_0 - 3_folds.train_0.predict)=82.24%
[ 2019-12-23 13:12:01,346][kfold_wrapper.log_eval_metrics] Accuracy(layer_5 - estimator_0 - 3_folds.train_1.predict)=82.56%
[ 2019-12-23 13:12:06,356][kfold_wrapper.log_eval_metrics] Accuracy(layer_5 - estimator_0 - 3_folds.train_2.predict)=81.32%
[ 2019-12-23 13:12:06,973][kfold_wrapper.log_eval_metrics] Accuracy(layer_5 - estimator_0 - 3_folds.train_cv.predict)=82.04%
[ 2019-12-23 13:12:06,973][kfold_wrapper.log_eval_metrics] Accuracy(layer_5 - estimator_0 - 3_folds.test.predict)=80.46%
[ 2019-12-23 13:12:11,059][kfold_wrapper.log_eval_metrics] Accuracy(layer_5 - estimator_1 - 3_folds.train_0.predict)=81.47%
[ 2019-12-23 13:12:15,648][kfold_wrapper.log_eval_metrics] Accuracy(layer_5 - estimator_1 - 3_folds.train_1.predict)=82.95%
[ 2019-12-23 13:12:20,220][kfold_wrapper.log_eval_metrics] Accuracy(layer_5 - estimator_1 - 3_folds.train_2.predict)=80.16%
[ 2019-12-23 13:12:20,734][kfold_wrapper.log_eval_metrics] Accuracy(layer_5 - estimator_1 - 3_folds.train_cv.predict)=81.52%
[ 2019-12-23 13:12:20,734][kfold_wrapper.log_eval_metrics] Accuracy(layer_5 - estimator_1 - 3_folds.test.predict)=81.61%
[ 2019-12-23 13:12:34,581][kfold_wrapper.log_eval_metrics] Accuracy(layer_5 - estimator_2 - 3_folds.train_0.predict)=79.54%
[ 2019-12-23 13:12:48,774][kfold_wrapper.log_eval_metrics] Accuracy(layer_5 - estimator_2 - 3_folds.train_1.predict)=79.46%
[ 2019-12-23 13:13:03,025][kfold_wrapper.log_eval_metrics] Accuracy(layer_5 - estimator_2 - 3_folds.train_2.predict)=80.54%
[ 2019-12-23 13:13:03,237][kfold_wrapper.log_eval_metrics] Accuracy(layer_5 - estimator_2 - 3_folds.train_cv.predict)=79.84%
[ 2019-12-23 13:13:03,237][kfold_wrapper.log_eval_metrics] Accuracy(layer_5 - estimator_2 - 3_folds.test.predict)=82.76%
[ 2019-12-23 13:13:03,238][cascade_classifier.calc_accuracy] Accuracy(layer_5 - train.classifier_average)=81.40%
[ 2019-12-23 13:13:03,238][cascade_classifier.calc_accuracy] Accuracy(layer_5 - test.classifier_average)=80.46%
[ 2019-12-23 13:13:03,240][cascade_classifier.fit_transform] [layer=6] look_indexs=[0], X_cur_train.shape=(774, 364), X_cur_test.shape=(87, 364)
[ 2019-12-23 13:13:07,741][kfold_wrapper.log_eval_metrics] Accuracy(layer_6 - estimator_0 - 3_folds.train_0.predict)=84.17%
[ 2019-12-23 13:13:12,657][kfold_wrapper.log_eval_metrics] Accuracy(layer_6 - estimator_0 - 3_folds.train_1.predict)=79.46%
[ 2019-12-23 13:13:17,685][kfold_wrapper.log_eval_metrics] Accuracy(layer_6 - estimator_0 - 3_folds.train_2.predict)=81.71%
[ 2019-12-23 13:13:18,197][kfold_wrapper.log_eval_metrics] Accuracy(layer_6 - estimator_0 - 3_folds.train_cv.predict)=81.78%
[ 2019-12-23 13:13:18,198][kfold_wrapper.log_eval_metrics] Accuracy(layer_6 - estimator_0 - 3_folds.test.predict)=80.46%
[ 2019-12-23 13:13:22,268][kfold_wrapper.log_eval_metrics] Accuracy(layer_6 - estimator_1 - 3_folds.train_0.predict)=80.31%
[ 2019-12-23 13:13:26,853][kfold_wrapper.log_eval_metrics] Accuracy(layer_6 - estimator_1 - 3_folds.train_1.predict)=80.62%
[ 2019-12-23 13:13:31,537][kfold_wrapper.log_eval_metrics] Accuracy(layer_6 - estimator_1 - 3_folds.train_2.predict)=82.88%
[ 2019-12-23 13:13:32,150][kfold_wrapper.log_eval_metrics] Accuracy(layer_6 - estimator_1 - 3_folds.train_cv.predict)=81.27%
[ 2019-12-23 13:13:32,151][kfold_wrapper.log_eval_metrics] Accuracy(layer_6 - estimator_1 - 3_folds.test.predict)=79.31%
[ 2019-12-23 13:13:45,982][kfold_wrapper.log_eval_metrics] Accuracy(layer_6 - estimator_2 - 3_folds.train_0.predict)=80.31%
[ 2019-12-23 13:14:00,218][kfold_wrapper.log_eval_metrics] Accuracy(layer_6 - estimator_2 - 3_folds.train_1.predict)=83.72%
[ 2019-12-23 13:14:14,391][kfold_wrapper.log_eval_metrics] Accuracy(layer_6 - estimator_2 - 3_folds.train_2.predict)=77.82%
[ 2019-12-23 13:14:14,595][kfold_wrapper.log_eval_metrics] Accuracy(layer_6 - estimator_2 - 3_folds.train_cv.predict)=80.62%
[ 2019-12-23 13:14:14,596][kfold_wrapper.log_eval_metrics] Accuracy(layer_6 - estimator_2 - 3_folds.test.predict)=80.46%
[ 2019-12-23 13:14:14,596][cascade_classifier.calc_accuracy] Accuracy(layer_6 - train.classifier_average)=81.14%
[ 2019-12-23 13:14:14,596][cascade_classifier.calc_accuracy] Accuracy(layer_6 - test.classifier_average)=80.46%
[ 2019-12-23 13:14:14,596][cascade_classifier.fit_transform] [Result][Optimal Level Detected] opt_layer_num=4, accuracy_train=82.56%, accuracy_test=82.76%
[ 2019-12-23 13:14:14,664][cascade_classifier.transform] X_groups_test.shape=[(87, 358)]
[ 2019-12-23 13:14:14,670][cascade_classifier.transform] group_dims=[358]
[ 2019-12-23 13:14:14,670][cascade_classifier.transform] X_test.shape=(87, 358)
[ 2019-12-23 13:14:14,670][cascade_classifier.transform] [layer=0] look_indexs=[0], X_cur_test.shape=(87, 358)
[ 2019-12-23 13:14:18,597][cascade_classifier.transform] [layer=1] look_indexs=[0], X_cur_test.shape=(87, 364)
[ 2019-12-23 13:14:22,636][cascade_classifier.transform] [layer=2] look_indexs=[0], X_cur_test.shape=(87, 364)
[ 2019-12-23 13:14:26,379][cascade_classifier.transform] [layer=3] look_indexs=[0], X_cur_test.shape=(87, 364)
[ 2019-12-23 13:14:30,396][cascade_classifier.transform] X_groups_test.shape=[(87, 358)]
[ 2019-12-23 13:14:30,396][cascade_classifier.transform] group_dims=[358]
[ 2019-12-23 13:14:30,397][cascade_classifier.transform] X_test.shape=(87, 358)
[ 2019-12-23 13:14:30,397][cascade_classifier.transform] [layer=0] look_indexs=[0], X_cur_test.shape=(87, 358)
[ 2019-12-23 13:14:34,410][cascade_classifier.transform] [layer=1] look_indexs=[0], X_cur_test.shape=(87, 364)
[ 2019-12-23 13:14:38,336][cascade_classifier.transform] [layer=2] look_indexs=[0], X_cur_test.shape=(87, 364)
[ 2019-12-23 13:14:42,371][cascade_classifier.transform] [layer=3] look_indexs=[0], X_cur_test.shape=(87, 364)
[ 2019-12-23 13:16:38,247][cascade_classifier.fit_transform] X_groups_train.shape=[(774, 358)],y_train.shape=(774,),X_groups_test.shape=[(87, 358)],y_test.shape=(87,)
[ 2019-12-23 13:16:38,249][cascade_classifier.fit_transform] group_dims=[358]
[ 2019-12-23 13:16:38,249][cascade_classifier.fit_transform] group_starts=[0]
[ 2019-12-23 13:16:38,249][cascade_classifier.fit_transform] group_ends=[358]
[ 2019-12-23 13:16:38,249][cascade_classifier.fit_transform] X_train.shape=(774, 358),X_test.shape=(87, 358)
[ 2019-12-23 13:16:38,251][cascade_classifier.fit_transform] [layer=0] look_indexs=[0], X_cur_train.shape=(774, 358), X_cur_test.shape=(87, 358)
[ 2019-12-23 13:16:42,660][kfold_wrapper.log_eval_metrics] Accuracy(layer_0 - estimator_0 - 3_folds.train_0.predict)=78.76%
[ 2019-12-23 13:16:47,663][kfold_wrapper.log_eval_metrics] Accuracy(layer_0 - estimator_0 - 3_folds.train_1.predict)=82.95%
[ 2019-12-23 13:16:52,668][kfold_wrapper.log_eval_metrics] Accuracy(layer_0 - estimator_0 - 3_folds.train_2.predict)=84.44%
[ 2019-12-23 13:16:53,300][kfold_wrapper.log_eval_metrics] Accuracy(layer_0 - estimator_0 - 3_folds.train_cv.predict)=82.04%
[ 2019-12-23 13:16:53,300][kfold_wrapper.log_eval_metrics] Accuracy(layer_0 - estimator_0 - 3_folds.test.predict)=78.16%
[ 2019-12-23 13:16:57,377][kfold_wrapper.log_eval_metrics] Accuracy(layer_0 - estimator_1 - 3_folds.train_0.predict)=80.31%
[ 2019-12-23 13:17:02,061][kfold_wrapper.log_eval_metrics] Accuracy(layer_0 - estimator_1 - 3_folds.train_1.predict)=84.88%
[ 2019-12-23 13:17:06,635][kfold_wrapper.log_eval_metrics] Accuracy(layer_0 - estimator_1 - 3_folds.train_2.predict)=82.10%
[ 2019-12-23 13:17:07,252][kfold_wrapper.log_eval_metrics] Accuracy(layer_0 - estimator_1 - 3_folds.train_cv.predict)=82.43%
[ 2019-12-23 13:17:07,252][kfold_wrapper.log_eval_metrics] Accuracy(layer_0 - estimator_1 - 3_folds.test.predict)=78.16%
[ 2019-12-23 13:17:20,830][kfold_wrapper.log_eval_metrics] Accuracy(layer_0 - estimator_2 - 3_folds.train_0.predict)=76.45%
[ 2019-12-23 13:17:34,559][kfold_wrapper.log_eval_metrics] Accuracy(layer_0 - estimator_2 - 3_folds.train_1.predict)=84.50%
[ 2019-12-23 13:17:48,424][kfold_wrapper.log_eval_metrics] Accuracy(layer_0 - estimator_2 - 3_folds.train_2.predict)=80.93%
[ 2019-12-23 13:17:48,636][kfold_wrapper.log_eval_metrics] Accuracy(layer_0 - estimator_2 - 3_folds.train_cv.predict)=80.62%
[ 2019-12-23 13:17:48,636][kfold_wrapper.log_eval_metrics] Accuracy(layer_0 - estimator_2 - 3_folds.test.predict)=80.46%
[ 2019-12-23 13:17:48,636][cascade_classifier.calc_accuracy] Accuracy(layer_0 - train.classifier_average)=81.78%
[ 2019-12-23 13:17:48,636][cascade_classifier.calc_accuracy] Accuracy(layer_0 - test.classifier_average)=79.31%
[ 2019-12-23 13:17:48,638][cascade_classifier.fit_transform] [layer=1] look_indexs=[0], X_cur_train.shape=(774, 364), X_cur_test.shape=(87, 364)
[ 2019-12-23 13:17:53,160][kfold_wrapper.log_eval_metrics] Accuracy(layer_1 - estimator_0 - 3_folds.train_0.predict)=82.24%
[ 2019-12-23 13:17:58,174][kfold_wrapper.log_eval_metrics] Accuracy(layer_1 - estimator_0 - 3_folds.train_1.predict)=82.17%
[ 2019-12-23 13:18:03,209][kfold_wrapper.log_eval_metrics] Accuracy(layer_1 - estimator_0 - 3_folds.train_2.predict)=80.93%
[ 2019-12-23 13:18:03,839][kfold_wrapper.log_eval_metrics] Accuracy(layer_1 - estimator_0 - 3_folds.train_cv.predict)=81.78%
[ 2019-12-23 13:18:03,840][kfold_wrapper.log_eval_metrics] Accuracy(layer_1 - estimator_0 - 3_folds.test.predict)=78.16%
[ 2019-12-23 13:18:07,996][kfold_wrapper.log_eval_metrics] Accuracy(layer_1 - estimator_1 - 3_folds.train_0.predict)=77.99%
[ 2019-12-23 13:18:12,795][kfold_wrapper.log_eval_metrics] Accuracy(layer_1 - estimator_1 - 3_folds.train_1.predict)=84.88%
[ 2019-12-23 13:18:17,864][kfold_wrapper.log_eval_metrics] Accuracy(layer_1 - estimator_1 - 3_folds.train_2.predict)=82.10%
[ 2019-12-23 13:18:18,484][kfold_wrapper.log_eval_metrics] Accuracy(layer_1 - estimator_1 - 3_folds.train_cv.predict)=81.65%
[ 2019-12-23 13:18:18,484][kfold_wrapper.log_eval_metrics] Accuracy(layer_1 - estimator_1 - 3_folds.test.predict)=79.31%
[ 2019-12-23 13:18:33,115][kfold_wrapper.log_eval_metrics] Accuracy(layer_1 - estimator_2 - 3_folds.train_0.predict)=80.69%
