[ 2019-12-19 20:10:15,615][cascade_classifier.fit_transform] X_groups_train.shape=[(774, 358)],y_train.shape=(774,),X_groups_test.shape=[(87, 358)],y_test.shape=(87,)
[ 2019-12-19 20:10:15,616][cascade_classifier.fit_transform] group_dims=[358]
[ 2019-12-19 20:10:15,616][cascade_classifier.fit_transform] group_starts=[0]
[ 2019-12-19 20:10:15,616][cascade_classifier.fit_transform] group_ends=[358]
[ 2019-12-19 20:10:15,617][cascade_classifier.fit_transform] X_train.shape=(774, 358),X_test.shape=(87, 358)
[ 2019-12-19 20:10:15,618][cascade_classifier.fit_transform] [layer=0] look_indexs=[0], X_cur_train.shape=(774, 358), X_cur_test.shape=(87, 358)
[ 2019-12-19 20:10:19,956][kfold_wrapper.log_eval_metrics] Accuracy(layer_0 - estimator_0 - 3_folds.train_0.predict)=82.63%
[ 2019-12-19 20:10:24,881][kfold_wrapper.log_eval_metrics] Accuracy(layer_0 - estimator_0 - 3_folds.train_1.predict)=82.17%
[ 2019-12-19 20:10:30,172][kfold_wrapper.log_eval_metrics] Accuracy(layer_0 - estimator_0 - 3_folds.train_2.predict)=80.93%
[ 2019-12-19 20:10:30,784][kfold_wrapper.log_eval_metrics] Accuracy(layer_0 - estimator_0 - 3_folds.train_cv.predict)=81.91%
[ 2019-12-19 20:10:30,785][kfold_wrapper.log_eval_metrics] Accuracy(layer_0 - estimator_0 - 3_folds.test.predict)=82.76%
[ 2019-12-19 20:10:35,924][kfold_wrapper.log_eval_metrics] Accuracy(layer_0 - estimator_1 - 3_folds.train_0.predict)=79.92%
[ 2019-12-19 20:10:41,811][kfold_wrapper.log_eval_metrics] Accuracy(layer_0 - estimator_1 - 3_folds.train_1.predict)=82.56%
[ 2019-12-19 20:10:47,461][kfold_wrapper.log_eval_metrics] Accuracy(layer_0 - estimator_1 - 3_folds.train_2.predict)=82.10%
[ 2019-12-19 20:10:48,084][kfold_wrapper.log_eval_metrics] Accuracy(layer_0 - estimator_1 - 3_folds.train_cv.predict)=81.52%
[ 2019-12-19 20:10:48,084][kfold_wrapper.log_eval_metrics] Accuracy(layer_0 - estimator_1 - 3_folds.test.predict)=82.76%
[ 2019-12-19 20:10:51,129][kfold_wrapper.log_eval_metrics] Accuracy(layer_0 - estimator_2 - 3_folds.train_0.predict)=79.92%
[ 2019-12-19 20:10:54,031][kfold_wrapper.log_eval_metrics] Accuracy(layer_0 - estimator_2 - 3_folds.train_1.predict)=80.23%
[ 2019-12-19 20:10:56,724][kfold_wrapper.log_eval_metrics] Accuracy(layer_0 - estimator_2 - 3_folds.train_2.predict)=83.27%
[ 2019-12-19 20:10:56,726][kfold_wrapper.log_eval_metrics] Accuracy(layer_0 - estimator_2 - 3_folds.train_cv.predict)=81.14%
[ 2019-12-19 20:10:56,726][kfold_wrapper.log_eval_metrics] Accuracy(layer_0 - estimator_2 - 3_folds.test.predict)=83.91%
[ 2019-12-19 20:10:56,726][cascade_classifier.calc_accuracy] Accuracy(layer_0 - train.classifier_average)=81.27%
[ 2019-12-19 20:10:56,726][cascade_classifier.calc_accuracy] Accuracy(layer_0 - test.classifier_average)=82.76%
[ 2019-12-19 20:10:56,729][cascade_classifier.fit_transform] [layer=1] look_indexs=[0], X_cur_train.shape=(774, 364), X_cur_test.shape=(87, 364)
[ 2019-12-19 20:11:01,511][kfold_wrapper.log_eval_metrics] Accuracy(layer_1 - estimator_0 - 3_folds.train_0.predict)=85.33%
[ 2019-12-19 20:11:07,639][kfold_wrapper.log_eval_metrics] Accuracy(layer_1 - estimator_0 - 3_folds.train_1.predict)=79.84%
[ 2019-12-19 20:11:14,501][kfold_wrapper.log_eval_metrics] Accuracy(layer_1 - estimator_0 - 3_folds.train_2.predict)=81.32%
[ 2019-12-19 20:11:15,119][kfold_wrapper.log_eval_metrics] Accuracy(layer_1 - estimator_0 - 3_folds.train_cv.predict)=82.17%
[ 2019-12-19 20:11:15,119][kfold_wrapper.log_eval_metrics] Accuracy(layer_1 - estimator_0 - 3_folds.test.predict)=82.76%
[ 2019-12-19 20:11:20,166][kfold_wrapper.log_eval_metrics] Accuracy(layer_1 - estimator_1 - 3_folds.train_0.predict)=81.08%
[ 2019-12-19 20:11:26,288][kfold_wrapper.log_eval_metrics] Accuracy(layer_1 - estimator_1 - 3_folds.train_1.predict)=83.72%
[ 2019-12-19 20:11:32,060][kfold_wrapper.log_eval_metrics] Accuracy(layer_1 - estimator_1 - 3_folds.train_2.predict)=79.77%
[ 2019-12-19 20:11:32,678][kfold_wrapper.log_eval_metrics] Accuracy(layer_1 - estimator_1 - 3_folds.train_cv.predict)=81.52%
[ 2019-12-19 20:11:32,679][kfold_wrapper.log_eval_metrics] Accuracy(layer_1 - estimator_1 - 3_folds.test.predict)=83.91%
[ 2019-12-19 20:11:36,379][kfold_wrapper.log_eval_metrics] Accuracy(layer_1 - estimator_2 - 3_folds.train_0.predict)=80.69%
[ 2019-12-19 20:11:40,542][kfold_wrapper.log_eval_metrics] Accuracy(layer_1 - estimator_2 - 3_folds.train_1.predict)=82.95%
[ 2019-12-19 20:11:44,517][kfold_wrapper.log_eval_metrics] Accuracy(layer_1 - estimator_2 - 3_folds.train_2.predict)=81.32%
[ 2019-12-19 20:11:44,519][kfold_wrapper.log_eval_metrics] Accuracy(layer_1 - estimator_2 - 3_folds.train_cv.predict)=81.65%
[ 2019-12-19 20:11:44,519][kfold_wrapper.log_eval_metrics] Accuracy(layer_1 - estimator_2 - 3_folds.test.predict)=82.76%
[ 2019-12-19 20:11:44,519][cascade_classifier.calc_accuracy] Accuracy(layer_1 - train.classifier_average)=82.69%
[ 2019-12-19 20:11:44,520][cascade_classifier.calc_accuracy] Accuracy(layer_1 - test.classifier_average)=82.76%
[ 2019-12-19 20:11:44,522][cascade_classifier.fit_transform] [layer=2] look_indexs=[0], X_cur_train.shape=(774, 364), X_cur_test.shape=(87, 364)
[ 2019-12-19 20:11:49,428][kfold_wrapper.log_eval_metrics] Accuracy(layer_2 - estimator_0 - 3_folds.train_0.predict)=86.10%
[ 2019-12-19 20:11:54,690][kfold_wrapper.log_eval_metrics] Accuracy(layer_2 - estimator_0 - 3_folds.train_1.predict)=82.17%
[ 2019-12-19 20:11:59,801][kfold_wrapper.log_eval_metrics] Accuracy(layer_2 - estimator_0 - 3_folds.train_2.predict)=78.60%
[ 2019-12-19 20:12:00,421][kfold_wrapper.log_eval_metrics] Accuracy(layer_2 - estimator_0 - 3_folds.train_cv.predict)=82.30%
[ 2019-12-19 20:12:00,421][kfold_wrapper.log_eval_metrics] Accuracy(layer_2 - estimator_0 - 3_folds.test.predict)=82.76%
[ 2019-12-19 20:12:05,252][kfold_wrapper.log_eval_metrics] Accuracy(layer_2 - estimator_1 - 3_folds.train_0.predict)=79.54%
[ 2019-12-19 20:12:10,927][kfold_wrapper.log_eval_metrics] Accuracy(layer_2 - estimator_1 - 3_folds.train_1.predict)=82.95%
[ 2019-12-19 20:12:16,320][kfold_wrapper.log_eval_metrics] Accuracy(layer_2 - estimator_1 - 3_folds.train_2.predict)=84.05%
[ 2019-12-19 20:12:16,843][kfold_wrapper.log_eval_metrics] Accuracy(layer_2 - estimator_1 - 3_folds.train_cv.predict)=82.17%
[ 2019-12-19 20:12:16,843][kfold_wrapper.log_eval_metrics] Accuracy(layer_2 - estimator_1 - 3_folds.test.predict)=81.61%
[ 2019-12-19 20:12:19,034][kfold_wrapper.log_eval_metrics] Accuracy(layer_2 - estimator_2 - 3_folds.train_0.predict)=82.24%
[ 2019-12-19 20:12:21,365][kfold_wrapper.log_eval_metrics] Accuracy(layer_2 - estimator_2 - 3_folds.train_1.predict)=77.13%
[ 2019-12-19 20:12:23,763][kfold_wrapper.log_eval_metrics] Accuracy(layer_2 - estimator_2 - 3_folds.train_2.predict)=82.88%
[ 2019-12-19 20:12:23,765][kfold_wrapper.log_eval_metrics] Accuracy(layer_2 - estimator_2 - 3_folds.train_cv.predict)=80.75%
[ 2019-12-19 20:12:23,765][kfold_wrapper.log_eval_metrics] Accuracy(layer_2 - estimator_2 - 3_folds.test.predict)=82.76%
[ 2019-12-19 20:12:23,765][cascade_classifier.calc_accuracy] Accuracy(layer_2 - train.classifier_average)=82.30%
[ 2019-12-19 20:12:23,766][cascade_classifier.calc_accuracy] Accuracy(layer_2 - test.classifier_average)=82.76%
[ 2019-12-19 20:12:23,767][cascade_classifier.fit_transform] [layer=3] look_indexs=[0], X_cur_train.shape=(774, 364), X_cur_test.shape=(87, 364)
[ 2019-12-19 20:12:28,096][kfold_wrapper.log_eval_metrics] Accuracy(layer_3 - estimator_0 - 3_folds.train_0.predict)=81.47%
[ 2019-12-19 20:12:33,044][kfold_wrapper.log_eval_metrics] Accuracy(layer_3 - estimator_0 - 3_folds.train_1.predict)=82.95%
[ 2019-12-19 20:12:37,963][kfold_wrapper.log_eval_metrics] Accuracy(layer_3 - estimator_0 - 3_folds.train_2.predict)=82.10%
[ 2019-12-19 20:12:38,589][kfold_wrapper.log_eval_metrics] Accuracy(layer_3 - estimator_0 - 3_folds.train_cv.predict)=82.17%
[ 2019-12-19 20:12:38,589][kfold_wrapper.log_eval_metrics] Accuracy(layer_3 - estimator_0 - 3_folds.test.predict)=81.61%
[ 2019-12-19 20:12:43,520][kfold_wrapper.log_eval_metrics] Accuracy(layer_3 - estimator_1 - 3_folds.train_0.predict)=81.85%
[ 2019-12-19 20:12:49,015][kfold_wrapper.log_eval_metrics] Accuracy(layer_3 - estimator_1 - 3_folds.train_1.predict)=81.78%
[ 2019-12-19 20:12:54,365][kfold_wrapper.log_eval_metrics] Accuracy(layer_3 - estimator_1 - 3_folds.train_2.predict)=82.49%
[ 2019-12-19 20:12:54,982][kfold_wrapper.log_eval_metrics] Accuracy(layer_3 - estimator_1 - 3_folds.train_cv.predict)=82.04%
[ 2019-12-19 20:12:54,983][kfold_wrapper.log_eval_metrics] Accuracy(layer_3 - estimator_1 - 3_folds.test.predict)=82.76%
[ 2019-12-19 20:12:57,172][kfold_wrapper.log_eval_metrics] Accuracy(layer_3 - estimator_2 - 3_folds.train_0.predict)=80.31%
[ 2019-12-19 20:12:59,513][kfold_wrapper.log_eval_metrics] Accuracy(layer_3 - estimator_2 - 3_folds.train_1.predict)=79.84%
[ 2019-12-19 20:13:01,886][kfold_wrapper.log_eval_metrics] Accuracy(layer_3 - estimator_2 - 3_folds.train_2.predict)=82.88%
[ 2019-12-19 20:13:01,888][kfold_wrapper.log_eval_metrics] Accuracy(layer_3 - estimator_2 - 3_folds.train_cv.predict)=81.01%
[ 2019-12-19 20:13:01,889][kfold_wrapper.log_eval_metrics] Accuracy(layer_3 - estimator_2 - 3_folds.test.predict)=79.31%
[ 2019-12-19 20:13:01,889][cascade_classifier.calc_accuracy] Accuracy(layer_3 - train.classifier_average)=81.01%
[ 2019-12-19 20:13:01,889][cascade_classifier.calc_accuracy] Accuracy(layer_3 - test.classifier_average)=81.61%
[ 2019-12-19 20:13:01,891][cascade_classifier.fit_transform] [layer=4] look_indexs=[0], X_cur_train.shape=(774, 364), X_cur_test.shape=(87, 364)
[ 2019-12-19 20:13:06,157][kfold_wrapper.log_eval_metrics] Accuracy(layer_4 - estimator_0 - 3_folds.train_0.predict)=78.38%
[ 2019-12-19 20:13:11,043][kfold_wrapper.log_eval_metrics] Accuracy(layer_4 - estimator_0 - 3_folds.train_1.predict)=85.66%
[ 2019-12-19 20:13:15,931][kfold_wrapper.log_eval_metrics] Accuracy(layer_4 - estimator_0 - 3_folds.train_2.predict)=82.88%
[ 2019-12-19 20:13:16,545][kfold_wrapper.log_eval_metrics] Accuracy(layer_4 - estimator_0 - 3_folds.train_cv.predict)=82.30%
[ 2019-12-19 20:13:16,545][kfold_wrapper.log_eval_metrics] Accuracy(layer_4 - estimator_0 - 3_folds.test.predict)=81.61%
[ 2019-12-19 20:13:21,297][kfold_wrapper.log_eval_metrics] Accuracy(layer_4 - estimator_1 - 3_folds.train_0.predict)=84.56%
[ 2019-12-19 20:13:26,738][kfold_wrapper.log_eval_metrics] Accuracy(layer_4 - estimator_1 - 3_folds.train_1.predict)=81.40%
[ 2019-12-19 20:13:32,078][kfold_wrapper.log_eval_metrics] Accuracy(layer_4 - estimator_1 - 3_folds.train_2.predict)=79.77%
[ 2019-12-19 20:13:32,701][kfold_wrapper.log_eval_metrics] Accuracy(layer_4 - estimator_1 - 3_folds.train_cv.predict)=81.91%
[ 2019-12-19 20:13:32,701][kfold_wrapper.log_eval_metrics] Accuracy(layer_4 - estimator_1 - 3_folds.test.predict)=82.76%
[ 2019-12-19 20:13:35,003][kfold_wrapper.log_eval_metrics] Accuracy(layer_4 - estimator_2 - 3_folds.train_0.predict)=81.85%
[ 2019-12-19 20:13:37,327][kfold_wrapper.log_eval_metrics] Accuracy(layer_4 - estimator_2 - 3_folds.train_1.predict)=79.07%
[ 2019-12-19 20:13:39,527][kfold_wrapper.log_eval_metrics] Accuracy(layer_4 - estimator_2 - 3_folds.train_2.predict)=79.77%
[ 2019-12-19 20:13:39,528][kfold_wrapper.log_eval_metrics] Accuracy(layer_4 - estimator_2 - 3_folds.train_cv.predict)=80.23%
[ 2019-12-19 20:13:39,529][kfold_wrapper.log_eval_metrics] Accuracy(layer_4 - estimator_2 - 3_folds.test.predict)=78.16%
[ 2019-12-19 20:13:39,529][cascade_classifier.calc_accuracy] Accuracy(layer_4 - train.classifier_average)=81.27%
[ 2019-12-19 20:13:39,529][cascade_classifier.calc_accuracy] Accuracy(layer_4 - test.classifier_average)=81.61%
[ 2019-12-19 20:13:39,529][cascade_classifier.fit_transform] [Result][Optimal Level Detected] opt_layer_num=2, accuracy_train=82.69%, accuracy_test=82.76%
[ 2019-12-19 20:13:39,583][cascade_classifier.transform] X_groups_test.shape=[(87, 358)]
[ 2019-12-19 20:13:39,583][cascade_classifier.transform] group_dims=[358]
[ 2019-12-19 20:13:39,583][cascade_classifier.transform] X_test.shape=(87, 358)
[ 2019-12-19 20:13:39,584][cascade_classifier.transform] [layer=0] look_indexs=[0], X_cur_test.shape=(87, 358)
[ 2019-12-19 20:13:43,281][cascade_classifier.transform] [layer=1] look_indexs=[0], X_cur_test.shape=(87, 364)
[ 2019-12-19 20:13:46,972][cascade_classifier.transform] X_groups_test.shape=[(87, 358)]
[ 2019-12-19 20:13:46,972][cascade_classifier.transform] group_dims=[358]
[ 2019-12-19 20:13:46,973][cascade_classifier.transform] X_test.shape=(87, 358)
[ 2019-12-19 20:13:46,973][cascade_classifier.transform] [layer=0] look_indexs=[0], X_cur_test.shape=(87, 358)
[ 2019-12-19 20:13:50,496][cascade_classifier.transform] [layer=1] look_indexs=[0], X_cur_test.shape=(87, 364)
[ 2019-12-19 20:13:54,150][cascade_classifier.fit_transform] X_groups_train.shape=[(774, 358)],y_train.shape=(774,),X_groups_test.shape=[(87, 358)],y_test.shape=(87,)
[ 2019-12-19 20:13:54,152][cascade_classifier.fit_transform] group_dims=[358]
[ 2019-12-19 20:13:54,152][cascade_classifier.fit_transform] group_starts=[0]
[ 2019-12-19 20:13:54,153][cascade_classifier.fit_transform] group_ends=[358]
[ 2019-12-19 20:13:54,153][cascade_classifier.fit_transform] X_train.shape=(774, 358),X_test.shape=(87, 358)
[ 2019-12-19 20:13:54,155][cascade_classifier.fit_transform] [layer=0] look_indexs=[0], X_cur_train.shape=(774, 358), X_cur_test.shape=(87, 358)
[ 2019-12-19 20:13:58,457][kfold_wrapper.log_eval_metrics] Accuracy(layer_0 - estimator_0 - 3_folds.train_0.predict)=81.85%
[ 2019-12-19 20:14:03,381][kfold_wrapper.log_eval_metrics] Accuracy(layer_0 - estimator_0 - 3_folds.train_1.predict)=83.33%
[ 2019-12-19 20:14:08,288][kfold_wrapper.log_eval_metrics] Accuracy(layer_0 - estimator_0 - 3_folds.train_2.predict)=78.99%
[ 2019-12-19 20:14:08,914][kfold_wrapper.log_eval_metrics] Accuracy(layer_0 - estimator_0 - 3_folds.train_cv.predict)=81.40%
[ 2019-12-19 20:14:08,914][kfold_wrapper.log_eval_metrics] Accuracy(layer_0 - estimator_0 - 3_folds.test.predict)=81.61%
[ 2019-12-19 20:14:13,780][kfold_wrapper.log_eval_metrics] Accuracy(layer_0 - estimator_1 - 3_folds.train_0.predict)=83.01%
[ 2019-12-19 20:14:19,130][kfold_wrapper.log_eval_metrics] Accuracy(layer_0 - estimator_1 - 3_folds.train_1.predict)=84.11%
[ 2019-12-19 20:14:24,409][kfold_wrapper.log_eval_metrics] Accuracy(layer_0 - estimator_1 - 3_folds.train_2.predict)=79.77%
[ 2019-12-19 20:14:25,017][kfold_wrapper.log_eval_metrics] Accuracy(layer_0 - estimator_1 - 3_folds.train_cv.predict)=82.30%
[ 2019-12-19 20:14:25,018][kfold_wrapper.log_eval_metrics] Accuracy(layer_0 - estimator_1 - 3_folds.test.predict)=82.76%
[ 2019-12-19 20:14:27,385][kfold_wrapper.log_eval_metrics] Accuracy(layer_0 - estimator_2 - 3_folds.train_0.predict)=82.24%
[ 2019-12-19 20:14:29,648][kfold_wrapper.log_eval_metrics] Accuracy(layer_0 - estimator_2 - 3_folds.train_1.predict)=79.84%
[ 2019-12-19 20:14:32,545][kfold_wrapper.log_eval_metrics] Accuracy(layer_0 - estimator_2 - 3_folds.train_2.predict)=83.66%
[ 2019-12-19 20:14:32,547][kfold_wrapper.log_eval_metrics] Accuracy(layer_0 - estimator_2 - 3_folds.train_cv.predict)=81.91%
[ 2019-12-19 20:14:32,547][kfold_wrapper.log_eval_metrics] Accuracy(layer_0 - estimator_2 - 3_folds.test.predict)=81.61%
[ 2019-12-19 20:14:32,548][cascade_classifier.calc_accuracy] Accuracy(layer_0 - train.classifier_average)=82.43%
[ 2019-12-19 20:14:32,548][cascade_classifier.calc_accuracy] Accuracy(layer_0 - test.classifier_average)=81.61%
[ 2019-12-19 20:14:32,550][cascade_classifier.fit_transform] [layer=1] look_indexs=[0], X_cur_train.shape=(774, 364), X_cur_test.shape=(87, 364)
[ 2019-12-19 20:14:37,164][kfold_wrapper.log_eval_metrics] Accuracy(layer_1 - estimator_0 - 3_folds.train_0.predict)=83.01%
[ 2019-12-19 20:14:42,080][kfold_wrapper.log_eval_metrics] Accuracy(layer_1 - estimator_0 - 3_folds.train_1.predict)=84.11%
[ 2019-12-19 20:14:47,006][kfold_wrapper.log_eval_metrics] Accuracy(layer_1 - estimator_0 - 3_folds.train_2.predict)=82.10%
[ 2019-12-19 20:14:47,622][kfold_wrapper.log_eval_metrics] Accuracy(layer_1 - estimator_0 - 3_folds.train_cv.predict)=83.07%
[ 2019-12-19 20:14:47,622][kfold_wrapper.log_eval_metrics] Accuracy(layer_1 - estimator_0 - 3_folds.test.predict)=82.76%
[ 2019-12-19 20:14:52,361][kfold_wrapper.log_eval_metrics] Accuracy(layer_1 - estimator_1 - 3_folds.train_0.predict)=82.63%
[ 2019-12-19 20:14:57,800][kfold_wrapper.log_eval_metrics] Accuracy(layer_1 - estimator_1 - 3_folds.train_1.predict)=83.72%
[ 2019-12-19 20:15:03,264][kfold_wrapper.log_eval_metrics] Accuracy(layer_1 - estimator_1 - 3_folds.train_2.predict)=80.16%
[ 2019-12-19 20:15:03,875][kfold_wrapper.log_eval_metrics] Accuracy(layer_1 - estimator_1 - 3_folds.train_cv.predict)=82.17%
[ 2019-12-19 20:15:03,875][kfold_wrapper.log_eval_metrics] Accuracy(layer_1 - estimator_1 - 3_folds.test.predict)=81.61%
[ 2019-12-19 20:15:06,168][kfold_wrapper.log_eval_metrics] Accuracy(layer_1 - estimator_2 - 3_folds.train_0.predict)=81.85%
[ 2019-12-19 20:15:08,992][kfold_wrapper.log_eval_metrics] Accuracy(layer_1 - estimator_2 - 3_folds.train_1.predict)=82.95%
[ 2019-12-19 20:15:13,210][kfold_wrapper.log_eval_metrics] Accuracy(layer_1 - estimator_2 - 3_folds.train_2.predict)=81.32%
[ 2019-12-19 20:15:13,214][kfold_wrapper.log_eval_metrics] Accuracy(layer_1 - estimator_2 - 3_folds.train_cv.predict)=82.04%
[ 2019-12-19 20:15:13,215][kfold_wrapper.log_eval_metrics] Accuracy(layer_1 - estimator_2 - 3_folds.test.predict)=83.91%
[ 2019-12-19 20:15:13,215][cascade_classifier.calc_accuracy] Accuracy(layer_1 - train.classifier_average)=82.82%
[ 2019-12-19 20:15:13,221][cascade_classifier.calc_accuracy] Accuracy(layer_1 - test.classifier_average)=81.61%
[ 2019-12-19 20:15:13,223][cascade_classifier.fit_transform] [layer=2] look_indexs=[0], X_cur_train.shape=(774, 364), X_cur_test.shape=(87, 364)
[ 2019-12-19 20:15:18,187][kfold_wrapper.log_eval_metrics] Accuracy(layer_2 - estimator_0 - 3_folds.train_0.predict)=80.31%
[ 2019-12-19 20:15:23,362][kfold_wrapper.log_eval_metrics] Accuracy(layer_2 - estimator_0 - 3_folds.train_1.predict)=83.33%
[ 2019-12-19 20:15:28,558][kfold_wrapper.log_eval_metrics] Accuracy(layer_2 - estimator_0 - 3_folds.train_2.predict)=85.99%
[ 2019-12-19 20:15:29,178][kfold_wrapper.log_eval_metrics] Accuracy(layer_2 - estimator_0 - 3_folds.train_cv.predict)=83.20%
[ 2019-12-19 20:15:29,178][kfold_wrapper.log_eval_metrics] Accuracy(layer_2 - estimator_0 - 3_folds.test.predict)=82.76%
[ 2019-12-19 20:15:34,042][kfold_wrapper.log_eval_metrics] Accuracy(layer_2 - estimator_1 - 3_folds.train_0.predict)=84.94%
[ 2019-12-19 20:15:39,905][kfold_wrapper.log_eval_metrics] Accuracy(layer_2 - estimator_1 - 3_folds.train_1.predict)=77.52%
[ 2019-12-19 20:15:45,960][kfold_wrapper.log_eval_metrics] Accuracy(layer_2 - estimator_1 - 3_folds.train_2.predict)=85.60%
[ 2019-12-19 20:15:46,688][kfold_wrapper.log_eval_metrics] Accuracy(layer_2 - estimator_1 - 3_folds.train_cv.predict)=82.69%
[ 2019-12-19 20:15:46,689][kfold_wrapper.log_eval_metrics] Accuracy(layer_2 - estimator_1 - 3_folds.test.predict)=82.76%
[ 2019-12-19 20:15:49,237][kfold_wrapper.log_eval_metrics] Accuracy(layer_2 - estimator_2 - 3_folds.train_0.predict)=81.47%
[ 2019-12-19 20:15:51,631][kfold_wrapper.log_eval_metrics] Accuracy(layer_2 - estimator_2 - 3_folds.train_1.predict)=81.78%
[ 2019-12-19 20:15:54,124][kfold_wrapper.log_eval_metrics] Accuracy(layer_2 - estimator_2 - 3_folds.train_2.predict)=80.16%
[ 2019-12-19 20:15:54,126][kfold_wrapper.log_eval_metrics] Accuracy(layer_2 - estimator_2 - 3_folds.train_cv.predict)=81.14%
[ 2019-12-19 20:15:54,133][kfold_wrapper.log_eval_metrics] Accuracy(layer_2 - estimator_2 - 3_folds.test.predict)=81.61%
[ 2019-12-19 20:15:54,133][cascade_classifier.calc_accuracy] Accuracy(layer_2 - train.classifier_average)=82.30%
[ 2019-12-19 20:15:54,134][cascade_classifier.calc_accuracy] Accuracy(layer_2 - test.classifier_average)=82.76%
[ 2019-12-19 20:15:54,135][cascade_classifier.fit_transform] [layer=3] look_indexs=[0], X_cur_train.shape=(774, 364), X_cur_test.shape=(87, 364)
[ 2019-12-19 20:15:58,988][kfold_wrapper.log_eval_metrics] Accuracy(layer_3 - estimator_0 - 3_folds.train_0.predict)=83.40%
[ 2019-12-19 20:16:04,308][kfold_wrapper.log_eval_metrics] Accuracy(layer_3 - estimator_0 - 3_folds.train_1.predict)=81.01%
[ 2019-12-19 20:16:09,829][kfold_wrapper.log_eval_metrics] Accuracy(layer_3 - estimator_0 - 3_folds.train_2.predict)=81.32%
[ 2019-12-19 20:16:10,583][kfold_wrapper.log_eval_metrics] Accuracy(layer_3 - estimator_0 - 3_folds.train_cv.predict)=81.91%
[ 2019-12-19 20:16:10,583][kfold_wrapper.log_eval_metrics] Accuracy(layer_3 - estimator_0 - 3_folds.test.predict)=82.76%
[ 2019-12-19 20:16:16,387][kfold_wrapper.log_eval_metrics] Accuracy(layer_3 - estimator_1 - 3_folds.train_0.predict)=80.31%
[ 2019-12-19 20:16:22,022][kfold_wrapper.log_eval_metrics] Accuracy(layer_3 - estimator_1 - 3_folds.train_1.predict)=81.01%
[ 2019-12-19 20:16:28,065][kfold_wrapper.log_eval_metrics] Accuracy(layer_3 - estimator_1 - 3_folds.train_2.predict)=83.66%
[ 2019-12-19 20:16:28,788][kfold_wrapper.log_eval_metrics] Accuracy(layer_3 - estimator_1 - 3_folds.train_cv.predict)=81.65%
[ 2019-12-19 20:16:28,788][kfold_wrapper.log_eval_metrics] Accuracy(layer_3 - estimator_1 - 3_folds.test.predict)=82.76%
[ 2019-12-19 20:16:32,108][kfold_wrapper.log_eval_metrics] Accuracy(layer_3 - estimator_2 - 3_folds.train_0.predict)=85.33%
[ 2019-12-19 20:16:35,313][kfold_wrapper.log_eval_metrics] Accuracy(layer_3 - estimator_2 - 3_folds.train_1.predict)=77.13%
[ 2019-12-19 20:16:38,148][kfold_wrapper.log_eval_metrics] Accuracy(layer_3 - estimator_2 - 3_folds.train_2.predict)=80.16%
[ 2019-12-19 20:16:38,151][kfold_wrapper.log_eval_metrics] Accuracy(layer_3 - estimator_2 - 3_folds.train_cv.predict)=80.88%
[ 2019-12-19 20:16:38,151][kfold_wrapper.log_eval_metrics] Accuracy(layer_3 - estimator_2 - 3_folds.test.predict)=81.61%
[ 2019-12-19 20:16:38,152][cascade_classifier.calc_accuracy] Accuracy(layer_3 - train.classifier_average)=82.04%
[ 2019-12-19 20:16:38,152][cascade_classifier.calc_accuracy] Accuracy(layer_3 - test.classifier_average)=82.76%
[ 2019-12-19 20:16:38,155][cascade_classifier.fit_transform] [layer=4] look_indexs=[0], X_cur_train.shape=(774, 364), X_cur_test.shape=(87, 364)
[ 2019-12-19 20:16:42,929][kfold_wrapper.log_eval_metrics] Accuracy(layer_4 - estimator_0 - 3_folds.train_0.predict)=81.85%
[ 2019-12-19 20:16:48,436][kfold_wrapper.log_eval_metrics] Accuracy(layer_4 - estimator_0 - 3_folds.train_1.predict)=81.40%
[ 2019-12-19 20:16:54,495][kfold_wrapper.log_eval_metrics] Accuracy(layer_4 - estimator_0 - 3_folds.train_2.predict)=82.88%
[ 2019-12-19 20:16:55,142][kfold_wrapper.log_eval_metrics] Accuracy(layer_4 - estimator_0 - 3_folds.train_cv.predict)=82.04%
[ 2019-12-19 20:16:55,142][kfold_wrapper.log_eval_metrics] Accuracy(layer_4 - estimator_0 - 3_folds.test.predict)=83.91%
[ 2019-12-19 20:17:00,718][kfold_wrapper.log_eval_metrics] Accuracy(layer_4 - estimator_1 - 3_folds.train_0.predict)=80.69%
[ 2019-12-19 20:17:06,439][kfold_wrapper.log_eval_metrics] Accuracy(layer_4 - estimator_1 - 3_folds.train_1.predict)=82.95%
[ 2019-12-19 20:17:12,052][kfold_wrapper.log_eval_metrics] Accuracy(layer_4 - estimator_1 - 3_folds.train_2.predict)=82.49%
[ 2019-12-19 20:17:12,674][kfold_wrapper.log_eval_metrics] Accuracy(layer_4 - estimator_1 - 3_folds.train_cv.predict)=82.04%
[ 2019-12-19 20:17:12,674][kfold_wrapper.log_eval_metrics] Accuracy(layer_4 - estimator_1 - 3_folds.test.predict)=82.76%
[ 2019-12-19 20:17:14,901][kfold_wrapper.log_eval_metrics] Accuracy(layer_4 - estimator_2 - 3_folds.train_0.predict)=78.76%
[ 2019-12-19 20:17:17,473][kfold_wrapper.log_eval_metrics] Accuracy(layer_4 - estimator_2 - 3_folds.train_1.predict)=82.95%
[ 2019-12-19 20:17:19,896][kfold_wrapper.log_eval_metrics] Accuracy(layer_4 - estimator_2 - 3_folds.train_2.predict)=80.54%
[ 2019-12-19 20:17:19,898][kfold_wrapper.log_eval_metrics] Accuracy(layer_4 - estimator_2 - 3_folds.train_cv.predict)=80.75%
[ 2019-12-19 20:17:19,899][kfold_wrapper.log_eval_metrics] Accuracy(layer_4 - estimator_2 - 3_folds.test.predict)=81.61%
[ 2019-12-19 20:17:19,899][cascade_classifier.calc_accuracy] Accuracy(layer_4 - train.classifier_average)=81.27%
[ 2019-12-19 20:17:19,899][cascade_classifier.calc_accuracy] Accuracy(layer_4 - test.classifier_average)=81.61%
[ 2019-12-19 20:17:19,899][cascade_classifier.fit_transform] [Result][Optimal Level Detected] opt_layer_num=2, accuracy_train=82.82%, accuracy_test=81.61%
[ 2019-12-19 20:17:19,953][cascade_classifier.transform] X_groups_test.shape=[(87, 358)]
[ 2019-12-19 20:17:19,954][cascade_classifier.transform] group_dims=[358]
[ 2019-12-19 20:17:19,954][cascade_classifier.transform] X_test.shape=(87, 358)
[ 2019-12-19 20:17:19,955][cascade_classifier.transform] [layer=0] look_indexs=[0], X_cur_test.shape=(87, 358)
[ 2019-12-19 20:17:23,649][cascade_classifier.transform] [layer=1] look_indexs=[0], X_cur_test.shape=(87, 364)
[ 2019-12-19 20:17:27,354][cascade_classifier.transform] X_groups_test.shape=[(87, 358)]
[ 2019-12-19 20:17:27,355][cascade_classifier.transform] group_dims=[358]
[ 2019-12-19 20:17:27,355][cascade_classifier.transform] X_test.shape=(87, 358)
[ 2019-12-19 20:17:27,355][cascade_classifier.transform] [layer=0] look_indexs=[0], X_cur_test.shape=(87, 358)
[ 2019-12-19 20:17:31,083][cascade_classifier.transform] [layer=1] look_indexs=[0], X_cur_test.shape=(87, 364)
[ 2019-12-19 20:17:34,727][cascade_classifier.fit_transform] X_groups_train.shape=[(774, 358)],y_train.shape=(774,),X_groups_test.shape=[(87, 358)],y_test.shape=(87,)
[ 2019-12-19 20:17:34,728][cascade_classifier.fit_transform] group_dims=[358]
[ 2019-12-19 20:17:34,729][cascade_classifier.fit_transform] group_starts=[0]
[ 2019-12-19 20:17:34,729][cascade_classifier.fit_transform] group_ends=[358]
[ 2019-12-19 20:17:34,729][cascade_classifier.fit_transform] X_train.shape=(774, 358),X_test.shape=(87, 358)
[ 2019-12-19 20:17:34,731][cascade_classifier.fit_transform] [layer=0] look_indexs=[0], X_cur_train.shape=(774, 358), X_cur_test.shape=(87, 358)
[ 2019-12-19 20:17:39,034][kfold_wrapper.log_eval_metrics] Accuracy(layer_0 - estimator_0 - 3_folds.train_0.predict)=83.40%
[ 2019-12-19 20:17:44,077][kfold_wrapper.log_eval_metrics] Accuracy(layer_0 - estimator_0 - 3_folds.train_1.predict)=81.78%
[ 2019-12-19 20:17:49,338][kfold_wrapper.log_eval_metrics] Accuracy(layer_0 - estimator_0 - 3_folds.train_2.predict)=80.93%
[ 2019-12-19 20:17:49,962][kfold_wrapper.log_eval_metrics] Accuracy(layer_0 - estimator_0 - 3_folds.train_cv.predict)=82.04%
[ 2019-12-19 20:17:49,962][kfold_wrapper.log_eval_metrics] Accuracy(layer_0 - estimator_0 - 3_folds.test.predict)=82.76%
