[ 2019-12-13 17:04:57,051][cascade_classifier.fit_transform] X_groups_train.shape=[(774, 358)],y_train.shape=(774,),X_groups_test.shape=[(87, 358)],y_test.shape=(87,)
[ 2019-12-13 17:04:57,067][cascade_classifier.fit_transform] group_dims=[358]
[ 2019-12-13 17:04:57,067][cascade_classifier.fit_transform] group_starts=[0]
[ 2019-12-13 17:04:57,067][cascade_classifier.fit_transform] group_ends=[358]
[ 2019-12-13 17:04:57,067][cascade_classifier.fit_transform] X_train.shape=(774, 358),X_test.shape=(87, 358)
[ 2019-12-13 17:04:57,067][cascade_classifier.fit_transform] [layer=0] look_indexs=[0], X_cur_train.shape=(774, 358), X_cur_test.shape=(87, 358)
[ 2019-12-13 17:05:01,801][kfold_wrapper.log_eval_metrics] Accuracy(layer_0 - estimator_0 - 5_folds.train_0.predict)=86.45%
[ 2019-12-13 17:05:06,922][kfold_wrapper.log_eval_metrics] Accuracy(layer_0 - estimator_0 - 5_folds.train_1.predict)=80.65%
[ 2019-12-13 17:05:12,062][kfold_wrapper.log_eval_metrics] Accuracy(layer_0 - estimator_0 - 5_folds.train_2.predict)=81.94%
[ 2019-12-13 17:05:17,182][kfold_wrapper.log_eval_metrics] Accuracy(layer_0 - estimator_0 - 5_folds.train_3.predict)=82.58%
[ 2019-12-13 17:05:22,471][kfold_wrapper.log_eval_metrics] Accuracy(layer_0 - estimator_0 - 5_folds.train_4.predict)=79.22%
[ 2019-12-13 17:05:23,000][kfold_wrapper.log_eval_metrics] Accuracy(layer_0 - estimator_0 - 5_folds.train_cv.predict)=82.17%
[ 2019-12-13 17:05:23,001][kfold_wrapper.log_eval_metrics] Accuracy(layer_0 - estimator_0 - 5_folds.test.predict)=81.61%
[ 2019-12-13 17:05:27,149][kfold_wrapper.log_eval_metrics] Accuracy(layer_0 - estimator_1 - 5_folds.train_0.predict)=83.87%
[ 2019-12-13 17:05:31,781][kfold_wrapper.log_eval_metrics] Accuracy(layer_0 - estimator_1 - 5_folds.train_1.predict)=83.23%
[ 2019-12-13 17:05:36,529][kfold_wrapper.log_eval_metrics] Accuracy(layer_0 - estimator_1 - 5_folds.train_2.predict)=83.23%
[ 2019-12-13 17:05:41,121][kfold_wrapper.log_eval_metrics] Accuracy(layer_0 - estimator_1 - 5_folds.train_3.predict)=81.29%
[ 2019-12-13 17:05:45,732][kfold_wrapper.log_eval_metrics] Accuracy(layer_0 - estimator_1 - 5_folds.train_4.predict)=79.87%
[ 2019-12-13 17:05:46,348][kfold_wrapper.log_eval_metrics] Accuracy(layer_0 - estimator_1 - 5_folds.train_cv.predict)=82.30%
[ 2019-12-13 17:05:46,348][kfold_wrapper.log_eval_metrics] Accuracy(layer_0 - estimator_1 - 5_folds.test.predict)=80.46%
[ 2019-12-13 17:05:49,018][kfold_wrapper.log_eval_metrics] Accuracy(layer_0 - estimator_2 - 5_folds.train_0.predict)=81.94%
[ 2019-12-13 17:05:51,790][kfold_wrapper.log_eval_metrics] Accuracy(layer_0 - estimator_2 - 5_folds.train_1.predict)=74.19%
[ 2019-12-13 17:05:54,386][kfold_wrapper.log_eval_metrics] Accuracy(layer_0 - estimator_2 - 5_folds.train_2.predict)=78.06%
[ 2019-12-13 17:05:57,002][kfold_wrapper.log_eval_metrics] Accuracy(layer_0 - estimator_2 - 5_folds.train_3.predict)=81.94%
[ 2019-12-13 17:05:59,663][kfold_wrapper.log_eval_metrics] Accuracy(layer_0 - estimator_2 - 5_folds.train_4.predict)=82.47%
[ 2019-12-13 17:05:59,663][kfold_wrapper.log_eval_metrics] Accuracy(layer_0 - estimator_2 - 5_folds.train_cv.predict)=79.72%
[ 2019-12-13 17:05:59,663][kfold_wrapper.log_eval_metrics] Accuracy(layer_0 - estimator_2 - 5_folds.test.predict)=82.76%
[ 2019-12-13 17:05:59,663][cascade_classifier.calc_accuracy] Accuracy(layer_0 - train.classifier_average)=80.36%
[ 2019-12-13 17:05:59,663][cascade_classifier.calc_accuracy] Accuracy(layer_0 - test.classifier_average)=81.61%
[ 2019-12-13 17:05:59,678][cascade_classifier.fit_transform] [layer=1] look_indexs=[0], X_cur_train.shape=(774, 364), X_cur_test.shape=(87, 364)
[ 2019-12-13 17:06:04,408][kfold_wrapper.log_eval_metrics] Accuracy(layer_1 - estimator_0 - 5_folds.train_0.predict)=80.65%
[ 2019-12-13 17:06:09,639][kfold_wrapper.log_eval_metrics] Accuracy(layer_1 - estimator_0 - 5_folds.train_1.predict)=83.23%
[ 2019-12-13 17:06:14,899][kfold_wrapper.log_eval_metrics] Accuracy(layer_1 - estimator_0 - 5_folds.train_2.predict)=81.29%
[ 2019-12-13 17:06:20,080][kfold_wrapper.log_eval_metrics] Accuracy(layer_1 - estimator_0 - 5_folds.train_3.predict)=82.58%
[ 2019-12-13 17:06:25,300][kfold_wrapper.log_eval_metrics] Accuracy(layer_1 - estimator_0 - 5_folds.train_4.predict)=81.17%
[ 2019-12-13 17:06:25,820][kfold_wrapper.log_eval_metrics] Accuracy(layer_1 - estimator_0 - 5_folds.train_cv.predict)=81.78%
[ 2019-12-13 17:06:25,821][kfold_wrapper.log_eval_metrics] Accuracy(layer_1 - estimator_0 - 5_folds.test.predict)=81.61%
[ 2019-12-13 17:06:29,940][kfold_wrapper.log_eval_metrics] Accuracy(layer_1 - estimator_1 - 5_folds.train_0.predict)=84.52%
[ 2019-12-13 17:06:34,806][kfold_wrapper.log_eval_metrics] Accuracy(layer_1 - estimator_1 - 5_folds.train_1.predict)=81.94%
[ 2019-12-13 17:06:39,424][kfold_wrapper.log_eval_metrics] Accuracy(layer_1 - estimator_1 - 5_folds.train_2.predict)=83.87%
[ 2019-12-13 17:06:44,135][kfold_wrapper.log_eval_metrics] Accuracy(layer_1 - estimator_1 - 5_folds.train_3.predict)=78.71%
[ 2019-12-13 17:06:49,129][kfold_wrapper.log_eval_metrics] Accuracy(layer_1 - estimator_1 - 5_folds.train_4.predict)=81.17%
[ 2019-12-13 17:06:49,743][kfold_wrapper.log_eval_metrics] Accuracy(layer_1 - estimator_1 - 5_folds.train_cv.predict)=82.04%
[ 2019-12-13 17:06:49,744][kfold_wrapper.log_eval_metrics] Accuracy(layer_1 - estimator_1 - 5_folds.test.predict)=81.61%
[ 2019-12-13 17:06:52,403][kfold_wrapper.log_eval_metrics] Accuracy(layer_1 - estimator_2 - 5_folds.train_0.predict)=83.23%
[ 2019-12-13 17:06:54,927][kfold_wrapper.log_eval_metrics] Accuracy(layer_1 - estimator_2 - 5_folds.train_1.predict)=76.77%
[ 2019-12-13 17:06:57,512][kfold_wrapper.log_eval_metrics] Accuracy(layer_1 - estimator_2 - 5_folds.train_2.predict)=83.87%
[ 2019-12-13 17:07:00,072][kfold_wrapper.log_eval_metrics] Accuracy(layer_1 - estimator_2 - 5_folds.train_3.predict)=83.23%
[ 2019-12-13 17:07:02,819][kfold_wrapper.log_eval_metrics] Accuracy(layer_1 - estimator_2 - 5_folds.train_4.predict)=78.57%
[ 2019-12-13 17:07:02,821][kfold_wrapper.log_eval_metrics] Accuracy(layer_1 - estimator_2 - 5_folds.train_cv.predict)=81.14%
[ 2019-12-13 17:07:02,822][kfold_wrapper.log_eval_metrics] Accuracy(layer_1 - estimator_2 - 5_folds.test.predict)=81.61%
[ 2019-12-13 17:07:02,822][cascade_classifier.calc_accuracy] Accuracy(layer_1 - train.classifier_average)=82.30%
[ 2019-12-13 17:07:02,822][cascade_classifier.calc_accuracy] Accuracy(layer_1 - test.classifier_average)=83.91%
[ 2019-12-13 17:07:02,824][cascade_classifier.fit_transform] [layer=2] look_indexs=[0], X_cur_train.shape=(774, 364), X_cur_test.shape=(87, 364)
[ 2019-12-13 17:07:07,548][kfold_wrapper.log_eval_metrics] Accuracy(layer_2 - estimator_0 - 5_folds.train_0.predict)=80.65%
[ 2019-12-13 17:07:12,659][kfold_wrapper.log_eval_metrics] Accuracy(layer_2 - estimator_0 - 5_folds.train_1.predict)=78.71%
[ 2019-12-13 17:07:17,899][kfold_wrapper.log_eval_metrics] Accuracy(layer_2 - estimator_0 - 5_folds.train_2.predict)=87.74%
[ 2019-12-13 17:07:23,059][kfold_wrapper.log_eval_metrics] Accuracy(layer_2 - estimator_0 - 5_folds.train_3.predict)=84.52%
[ 2019-12-13 17:07:28,110][kfold_wrapper.log_eval_metrics] Accuracy(layer_2 - estimator_0 - 5_folds.train_4.predict)=78.57%
[ 2019-12-13 17:07:28,744][kfold_wrapper.log_eval_metrics] Accuracy(layer_2 - estimator_0 - 5_folds.train_cv.predict)=82.04%
[ 2019-12-13 17:07:28,744][kfold_wrapper.log_eval_metrics] Accuracy(layer_2 - estimator_0 - 5_folds.test.predict)=81.61%
[ 2019-12-13 17:07:32,826][kfold_wrapper.log_eval_metrics] Accuracy(layer_2 - estimator_1 - 5_folds.train_0.predict)=81.29%
[ 2019-12-13 17:07:37,816][kfold_wrapper.log_eval_metrics] Accuracy(layer_2 - estimator_1 - 5_folds.train_1.predict)=80.00%
[ 2019-12-13 17:07:42,609][kfold_wrapper.log_eval_metrics] Accuracy(layer_2 - estimator_1 - 5_folds.train_2.predict)=80.00%
[ 2019-12-13 17:07:47,515][kfold_wrapper.log_eval_metrics] Accuracy(layer_2 - estimator_1 - 5_folds.train_3.predict)=83.87%
[ 2019-12-13 17:07:52,114][kfold_wrapper.log_eval_metrics] Accuracy(layer_2 - estimator_1 - 5_folds.train_4.predict)=81.82%
[ 2019-12-13 17:07:52,661][kfold_wrapper.log_eval_metrics] Accuracy(layer_2 - estimator_1 - 5_folds.train_cv.predict)=81.40%
[ 2019-12-13 17:07:52,661][kfold_wrapper.log_eval_metrics] Accuracy(layer_2 - estimator_1 - 5_folds.test.predict)=82.76%
[ 2019-12-13 17:07:55,325][kfold_wrapper.log_eval_metrics] Accuracy(layer_2 - estimator_2 - 5_folds.train_0.predict)=77.42%
[ 2019-12-13 17:07:58,142][kfold_wrapper.log_eval_metrics] Accuracy(layer_2 - estimator_2 - 5_folds.train_1.predict)=79.35%
[ 2019-12-13 17:08:01,601][kfold_wrapper.log_eval_metrics] Accuracy(layer_2 - estimator_2 - 5_folds.train_2.predict)=86.45%
[ 2019-12-13 17:08:04,654][kfold_wrapper.log_eval_metrics] Accuracy(layer_2 - estimator_2 - 5_folds.train_3.predict)=82.58%
[ 2019-12-13 17:08:06,986][kfold_wrapper.log_eval_metrics] Accuracy(layer_2 - estimator_2 - 5_folds.train_4.predict)=81.82%
[ 2019-12-13 17:08:06,986][kfold_wrapper.log_eval_metrics] Accuracy(layer_2 - estimator_2 - 5_folds.train_cv.predict)=81.52%
[ 2019-12-13 17:08:06,986][kfold_wrapper.log_eval_metrics] Accuracy(layer_2 - estimator_2 - 5_folds.test.predict)=81.61%
[ 2019-12-13 17:08:06,986][cascade_classifier.calc_accuracy] Accuracy(layer_2 - train.classifier_average)=81.91%
[ 2019-12-13 17:08:06,986][cascade_classifier.calc_accuracy] Accuracy(layer_2 - test.classifier_average)=81.61%
[ 2019-12-13 17:08:06,986][cascade_classifier.fit_transform] [layer=3] look_indexs=[0], X_cur_train.shape=(774, 364), X_cur_test.shape=(87, 364)
[ 2019-12-13 17:08:11,497][kfold_wrapper.log_eval_metrics] Accuracy(layer_3 - estimator_0 - 5_folds.train_0.predict)=79.35%
[ 2019-12-13 17:08:16,587][kfold_wrapper.log_eval_metrics] Accuracy(layer_3 - estimator_0 - 5_folds.train_1.predict)=85.81%
[ 2019-12-13 17:08:21,468][kfold_wrapper.log_eval_metrics] Accuracy(layer_3 - estimator_0 - 5_folds.train_2.predict)=80.00%
[ 2019-12-13 17:08:26,383][kfold_wrapper.log_eval_metrics] Accuracy(layer_3 - estimator_0 - 5_folds.train_3.predict)=81.94%
[ 2019-12-13 17:08:31,513][kfold_wrapper.log_eval_metrics] Accuracy(layer_3 - estimator_0 - 5_folds.train_4.predict)=77.27%
[ 2019-12-13 17:08:32,077][kfold_wrapper.log_eval_metrics] Accuracy(layer_3 - estimator_0 - 5_folds.train_cv.predict)=80.88%
[ 2019-12-13 17:08:32,077][kfold_wrapper.log_eval_metrics] Accuracy(layer_3 - estimator_0 - 5_folds.test.predict)=83.91%
[ 2019-12-13 17:08:36,109][kfold_wrapper.log_eval_metrics] Accuracy(layer_3 - estimator_1 - 5_folds.train_0.predict)=86.45%
[ 2019-12-13 17:08:40,777][kfold_wrapper.log_eval_metrics] Accuracy(layer_3 - estimator_1 - 5_folds.train_1.predict)=77.42%
[ 2019-12-13 17:08:45,701][kfold_wrapper.log_eval_metrics] Accuracy(layer_3 - estimator_1 - 5_folds.train_2.predict)=85.16%
[ 2019-12-13 17:08:50,385][kfold_wrapper.log_eval_metrics] Accuracy(layer_3 - estimator_1 - 5_folds.train_3.predict)=81.94%
[ 2019-12-13 17:08:54,857][kfold_wrapper.log_eval_metrics] Accuracy(layer_3 - estimator_1 - 5_folds.train_4.predict)=83.77%
[ 2019-12-13 17:08:55,408][kfold_wrapper.log_eval_metrics] Accuracy(layer_3 - estimator_1 - 5_folds.train_cv.predict)=82.95%
[ 2019-12-13 17:08:55,408][kfold_wrapper.log_eval_metrics] Accuracy(layer_3 - estimator_1 - 5_folds.test.predict)=81.61%
[ 2019-12-13 17:08:57,961][kfold_wrapper.log_eval_metrics] Accuracy(layer_3 - estimator_2 - 5_folds.train_0.predict)=85.81%
[ 2019-12-13 17:09:00,532][kfold_wrapper.log_eval_metrics] Accuracy(layer_3 - estimator_2 - 5_folds.train_1.predict)=87.10%
[ 2019-12-13 17:09:03,065][kfold_wrapper.log_eval_metrics] Accuracy(layer_3 - estimator_2 - 5_folds.train_2.predict)=76.13%
[ 2019-12-13 17:09:05,633][kfold_wrapper.log_eval_metrics] Accuracy(layer_3 - estimator_2 - 5_folds.train_3.predict)=81.29%
[ 2019-12-13 17:09:08,056][kfold_wrapper.log_eval_metrics] Accuracy(layer_3 - estimator_2 - 5_folds.train_4.predict)=72.73%
[ 2019-12-13 17:09:08,056][kfold_wrapper.log_eval_metrics] Accuracy(layer_3 - estimator_2 - 5_folds.train_cv.predict)=80.62%
[ 2019-12-13 17:09:08,056][kfold_wrapper.log_eval_metrics] Accuracy(layer_3 - estimator_2 - 5_folds.test.predict)=82.76%
[ 2019-12-13 17:09:08,056][cascade_classifier.calc_accuracy] Accuracy(layer_3 - train.classifier_average)=81.52%
[ 2019-12-13 17:09:08,056][cascade_classifier.calc_accuracy] Accuracy(layer_3 - test.classifier_average)=83.91%
[ 2019-12-13 17:09:08,056][cascade_classifier.fit_transform] [layer=4] look_indexs=[0], X_cur_train.shape=(774, 364), X_cur_test.shape=(87, 364)
[ 2019-12-13 17:09:12,609][kfold_wrapper.log_eval_metrics] Accuracy(layer_4 - estimator_0 - 5_folds.train_0.predict)=83.87%
[ 2019-12-13 17:09:17,574][kfold_wrapper.log_eval_metrics] Accuracy(layer_4 - estimator_0 - 5_folds.train_1.predict)=79.35%
[ 2019-12-13 17:09:22,434][kfold_wrapper.log_eval_metrics] Accuracy(layer_4 - estimator_0 - 5_folds.train_2.predict)=79.35%
[ 2019-12-13 17:09:27,308][kfold_wrapper.log_eval_metrics] Accuracy(layer_4 - estimator_0 - 5_folds.train_3.predict)=85.16%
[ 2019-12-13 17:09:32,179][kfold_wrapper.log_eval_metrics] Accuracy(layer_4 - estimator_0 - 5_folds.train_4.predict)=81.17%
[ 2019-12-13 17:09:32,746][kfold_wrapper.log_eval_metrics] Accuracy(layer_4 - estimator_0 - 5_folds.train_cv.predict)=81.78%
[ 2019-12-13 17:09:32,746][kfold_wrapper.log_eval_metrics] Accuracy(layer_4 - estimator_0 - 5_folds.test.predict)=83.91%
[ 2019-12-13 17:09:36,650][kfold_wrapper.log_eval_metrics] Accuracy(layer_4 - estimator_1 - 5_folds.train_0.predict)=82.58%
[ 2019-12-13 17:09:41,076][kfold_wrapper.log_eval_metrics] Accuracy(layer_4 - estimator_1 - 5_folds.train_1.predict)=82.58%
[ 2019-12-13 17:09:45,674][kfold_wrapper.log_eval_metrics] Accuracy(layer_4 - estimator_1 - 5_folds.train_2.predict)=84.52%
[ 2019-12-13 17:09:50,479][kfold_wrapper.log_eval_metrics] Accuracy(layer_4 - estimator_1 - 5_folds.train_3.predict)=77.42%
[ 2019-12-13 17:09:55,130][kfold_wrapper.log_eval_metrics] Accuracy(layer_4 - estimator_1 - 5_folds.train_4.predict)=82.47%
[ 2019-12-13 17:09:55,682][kfold_wrapper.log_eval_metrics] Accuracy(layer_4 - estimator_1 - 5_folds.train_cv.predict)=81.91%
[ 2019-12-13 17:09:55,682][kfold_wrapper.log_eval_metrics] Accuracy(layer_4 - estimator_1 - 5_folds.test.predict)=82.76%
[ 2019-12-13 17:09:58,245][kfold_wrapper.log_eval_metrics] Accuracy(layer_4 - estimator_2 - 5_folds.train_0.predict)=80.00%
[ 2019-12-13 17:10:00,648][kfold_wrapper.log_eval_metrics] Accuracy(layer_4 - estimator_2 - 5_folds.train_1.predict)=76.77%
[ 2019-12-13 17:10:03,083][kfold_wrapper.log_eval_metrics] Accuracy(layer_4 - estimator_2 - 5_folds.train_2.predict)=81.94%
[ 2019-12-13 17:10:05,799][kfold_wrapper.log_eval_metrics] Accuracy(layer_4 - estimator_2 - 5_folds.train_3.predict)=80.00%
[ 2019-12-13 17:10:08,375][kfold_wrapper.log_eval_metrics] Accuracy(layer_4 - estimator_2 - 5_folds.train_4.predict)=81.82%
[ 2019-12-13 17:10:08,375][kfold_wrapper.log_eval_metrics] Accuracy(layer_4 - estimator_2 - 5_folds.train_cv.predict)=80.10%
[ 2019-12-13 17:10:08,391][kfold_wrapper.log_eval_metrics] Accuracy(layer_4 - estimator_2 - 5_folds.test.predict)=85.06%
[ 2019-12-13 17:10:08,391][cascade_classifier.calc_accuracy] Accuracy(layer_4 - train.classifier_average)=81.27%
[ 2019-12-13 17:10:08,391][cascade_classifier.calc_accuracy] Accuracy(layer_4 - test.classifier_average)=82.76%
[ 2019-12-13 17:10:08,391][cascade_classifier.fit_transform] [layer=5] look_indexs=[0], X_cur_train.shape=(774, 364), X_cur_test.shape=(87, 364)
[ 2019-12-13 17:10:12,811][kfold_wrapper.log_eval_metrics] Accuracy(layer_5 - estimator_0 - 5_folds.train_0.predict)=81.94%
[ 2019-12-13 17:10:17,578][kfold_wrapper.log_eval_metrics] Accuracy(layer_5 - estimator_0 - 5_folds.train_1.predict)=80.00%
[ 2019-12-13 17:10:22,408][kfold_wrapper.log_eval_metrics] Accuracy(layer_5 - estimator_0 - 5_folds.train_2.predict)=79.35%
[ 2019-12-13 17:10:27,303][kfold_wrapper.log_eval_metrics] Accuracy(layer_5 - estimator_0 - 5_folds.train_3.predict)=81.94%
[ 2019-12-13 17:10:32,072][kfold_wrapper.log_eval_metrics] Accuracy(layer_5 - estimator_0 - 5_folds.train_4.predict)=84.42%
[ 2019-12-13 17:10:32,611][kfold_wrapper.log_eval_metrics] Accuracy(layer_5 - estimator_0 - 5_folds.train_cv.predict)=81.52%
[ 2019-12-13 17:10:32,611][kfold_wrapper.log_eval_metrics] Accuracy(layer_5 - estimator_0 - 5_folds.test.predict)=82.76%
[ 2019-12-13 17:10:36,682][kfold_wrapper.log_eval_metrics] Accuracy(layer_5 - estimator_1 - 5_folds.train_0.predict)=72.26%
[ 2019-12-13 17:10:41,224][kfold_wrapper.log_eval_metrics] Accuracy(layer_5 - estimator_1 - 5_folds.train_1.predict)=88.39%
[ 2019-12-13 17:10:45,903][kfold_wrapper.log_eval_metrics] Accuracy(layer_5 - estimator_1 - 5_folds.train_2.predict)=80.65%
[ 2019-12-13 17:10:50,353][kfold_wrapper.log_eval_metrics] Accuracy(layer_5 - estimator_1 - 5_folds.train_3.predict)=84.52%
[ 2019-12-13 17:10:54,857][kfold_wrapper.log_eval_metrics] Accuracy(layer_5 - estimator_1 - 5_folds.train_4.predict)=87.01%
[ 2019-12-13 17:10:55,408][kfold_wrapper.log_eval_metrics] Accuracy(layer_5 - estimator_1 - 5_folds.train_cv.predict)=82.56%
[ 2019-12-13 17:10:55,408][kfold_wrapper.log_eval_metrics] Accuracy(layer_5 - estimator_1 - 5_folds.test.predict)=82.76%
[ 2019-12-13 17:10:58,117][kfold_wrapper.log_eval_metrics] Accuracy(layer_5 - estimator_2 - 5_folds.train_0.predict)=78.06%
[ 2019-12-13 17:11:00,774][kfold_wrapper.log_eval_metrics] Accuracy(layer_5 - estimator_2 - 5_folds.train_1.predict)=79.35%
[ 2019-12-13 17:11:03,462][kfold_wrapper.log_eval_metrics] Accuracy(layer_5 - estimator_2 - 5_folds.train_2.predict)=78.71%
[ 2019-12-13 17:11:05,955][kfold_wrapper.log_eval_metrics] Accuracy(layer_5 - estimator_2 - 5_folds.train_3.predict)=83.23%
[ 2019-12-13 17:11:08,393][kfold_wrapper.log_eval_metrics] Accuracy(layer_5 - estimator_2 - 5_folds.train_4.predict)=87.66%
[ 2019-12-13 17:11:08,393][kfold_wrapper.log_eval_metrics] Accuracy(layer_5 - estimator_2 - 5_folds.train_cv.predict)=81.40%
[ 2019-12-13 17:11:08,393][kfold_wrapper.log_eval_metrics] Accuracy(layer_5 - estimator_2 - 5_folds.test.predict)=85.06%
[ 2019-12-13 17:11:08,393][cascade_classifier.calc_accuracy] Accuracy(layer_5 - train.classifier_average)=81.52%
[ 2019-12-13 17:11:08,393][cascade_classifier.calc_accuracy] Accuracy(layer_5 - test.classifier_average)=85.06%
[ 2019-12-13 17:11:08,393][cascade_classifier.fit_transform] [layer=6] look_indexs=[0], X_cur_train.shape=(774, 364), X_cur_test.shape=(87, 364)
[ 2019-12-13 17:11:12,938][kfold_wrapper.log_eval_metrics] Accuracy(layer_6 - estimator_0 - 5_folds.train_0.predict)=83.23%
[ 2019-12-13 17:11:17,800][kfold_wrapper.log_eval_metrics] Accuracy(layer_6 - estimator_0 - 5_folds.train_1.predict)=81.94%
[ 2019-12-13 17:11:22,610][kfold_wrapper.log_eval_metrics] Accuracy(layer_6 - estimator_0 - 5_folds.train_2.predict)=80.65%
[ 2019-12-13 17:11:27,417][kfold_wrapper.log_eval_metrics] Accuracy(layer_6 - estimator_0 - 5_folds.train_3.predict)=78.71%
[ 2019-12-13 17:11:32,308][kfold_wrapper.log_eval_metrics] Accuracy(layer_6 - estimator_0 - 5_folds.train_4.predict)=85.06%
[ 2019-12-13 17:11:32,854][kfold_wrapper.log_eval_metrics] Accuracy(layer_6 - estimator_0 - 5_folds.train_cv.predict)=81.91%
[ 2019-12-13 17:11:32,854][kfold_wrapper.log_eval_metrics] Accuracy(layer_6 - estimator_0 - 5_folds.test.predict)=83.91%
[ 2019-12-13 17:11:36,752][kfold_wrapper.log_eval_metrics] Accuracy(layer_6 - estimator_1 - 5_folds.train_0.predict)=81.94%
[ 2019-12-13 17:11:41,309][kfold_wrapper.log_eval_metrics] Accuracy(layer_6 - estimator_1 - 5_folds.train_1.predict)=81.29%
[ 2019-12-13 17:11:45,823][kfold_wrapper.log_eval_metrics] Accuracy(layer_6 - estimator_1 - 5_folds.train_2.predict)=87.10%
[ 2019-12-13 17:11:50,334][kfold_wrapper.log_eval_metrics] Accuracy(layer_6 - estimator_1 - 5_folds.train_3.predict)=81.29%
[ 2019-12-13 17:11:54,932][kfold_wrapper.log_eval_metrics] Accuracy(layer_6 - estimator_1 - 5_folds.train_4.predict)=80.52%
[ 2019-12-13 17:11:55,486][kfold_wrapper.log_eval_metrics] Accuracy(layer_6 - estimator_1 - 5_folds.train_cv.predict)=82.43%
[ 2019-12-13 17:11:55,486][kfold_wrapper.log_eval_metrics] Accuracy(layer_6 - estimator_1 - 5_folds.test.predict)=82.76%
[ 2019-12-13 17:11:57,982][kfold_wrapper.log_eval_metrics] Accuracy(layer_6 - estimator_2 - 5_folds.train_0.predict)=74.19%
[ 2019-12-13 17:12:00,525][kfold_wrapper.log_eval_metrics] Accuracy(layer_6 - estimator_2 - 5_folds.train_1.predict)=85.16%
[ 2019-12-13 17:12:02,827][kfold_wrapper.log_eval_metrics] Accuracy(layer_6 - estimator_2 - 5_folds.train_2.predict)=82.58%
[ 2019-12-13 17:12:05,486][kfold_wrapper.log_eval_metrics] Accuracy(layer_6 - estimator_2 - 5_folds.train_3.predict)=81.29%
[ 2019-12-13 17:12:08,052][kfold_wrapper.log_eval_metrics] Accuracy(layer_6 - estimator_2 - 5_folds.train_4.predict)=85.06%
[ 2019-12-13 17:12:08,052][kfold_wrapper.log_eval_metrics] Accuracy(layer_6 - estimator_2 - 5_folds.train_cv.predict)=81.65%
[ 2019-12-13 17:12:08,052][kfold_wrapper.log_eval_metrics] Accuracy(layer_6 - estimator_2 - 5_folds.test.predict)=83.91%
[ 2019-12-13 17:12:08,052][cascade_classifier.calc_accuracy] Accuracy(layer_6 - train.classifier_average)=81.91%
[ 2019-12-13 17:12:08,052][cascade_classifier.calc_accuracy] Accuracy(layer_6 - test.classifier_average)=82.76%
[ 2019-12-13 17:12:08,052][cascade_classifier.fit_transform] [Result][Optimal Level Detected] opt_layer_num=2, accuracy_train=82.30%, accuracy_test=83.91%
[ 2019-12-13 17:12:08,201][cascade_classifier.transform] X_groups_test.shape=[(87, 358)]
[ 2019-12-13 17:12:08,201][cascade_classifier.transform] group_dims=[358]
[ 2019-12-13 17:12:08,201][cascade_classifier.transform] X_test.shape=(87, 358)
[ 2019-12-13 17:12:08,201][cascade_classifier.transform] [layer=0] look_indexs=[0], X_cur_test.shape=(87, 358)
[ 2019-12-13 17:12:13,672][cascade_classifier.transform] [layer=1] look_indexs=[0], X_cur_test.shape=(87, 364)
[ 2019-12-13 17:12:19,635][cascade_classifier.transform] X_groups_test.shape=[(87, 358)]
[ 2019-12-13 17:12:19,651][cascade_classifier.transform] group_dims=[358]
[ 2019-12-13 17:12:19,651][cascade_classifier.transform] X_test.shape=(87, 358)
[ 2019-12-13 17:12:19,651][cascade_classifier.transform] [layer=0] look_indexs=[0], X_cur_test.shape=(87, 358)
[ 2019-12-13 17:12:25,479][cascade_classifier.transform] [layer=1] look_indexs=[0], X_cur_test.shape=(87, 364)
[ 2019-12-13 17:12:31,193][cascade_classifier.fit_transform] X_groups_train.shape=[(774, 358)],y_train.shape=(774,),X_groups_test.shape=[(87, 358)],y_test.shape=(87,)
[ 2019-12-13 17:12:31,193][cascade_classifier.fit_transform] group_dims=[358]
[ 2019-12-13 17:12:31,193][cascade_classifier.fit_transform] group_starts=[0]
[ 2019-12-13 17:12:31,193][cascade_classifier.fit_transform] group_ends=[358]
[ 2019-12-13 17:12:31,193][cascade_classifier.fit_transform] X_train.shape=(774, 358),X_test.shape=(87, 358)
[ 2019-12-13 17:12:31,193][cascade_classifier.fit_transform] [layer=0] look_indexs=[0], X_cur_train.shape=(774, 358), X_cur_test.shape=(87, 358)
[ 2019-12-13 17:12:35,698][kfold_wrapper.log_eval_metrics] Accuracy(layer_0 - estimator_0 - 5_folds.train_0.predict)=81.41%
[ 2019-12-13 17:12:40,492][kfold_wrapper.log_eval_metrics] Accuracy(layer_0 - estimator_0 - 5_folds.train_1.predict)=79.35%
[ 2019-12-13 17:12:45,400][kfold_wrapper.log_eval_metrics] Accuracy(layer_0 - estimator_0 - 5_folds.train_2.predict)=85.81%
[ 2019-12-13 17:12:50,394][kfold_wrapper.log_eval_metrics] Accuracy(layer_0 - estimator_0 - 5_folds.train_3.predict)=84.42%
[ 2019-12-13 17:12:55,300][kfold_wrapper.log_eval_metrics] Accuracy(layer_0 - estimator_0 - 5_folds.train_4.predict)=81.17%
[ 2019-12-13 17:12:55,851][kfold_wrapper.log_eval_metrics] Accuracy(layer_0 - estimator_0 - 5_folds.train_cv.predict)=82.43%
[ 2019-12-13 17:12:55,851][kfold_wrapper.log_eval_metrics] Accuracy(layer_0 - estimator_0 - 5_folds.test.predict)=79.31%
[ 2019-12-13 17:12:59,929][kfold_wrapper.log_eval_metrics] Accuracy(layer_0 - estimator_1 - 5_folds.train_0.predict)=83.33%
[ 2019-12-13 17:13:04,589][kfold_wrapper.log_eval_metrics] Accuracy(layer_0 - estimator_1 - 5_folds.train_1.predict)=78.71%
[ 2019-12-13 17:13:09,239][kfold_wrapper.log_eval_metrics] Accuracy(layer_0 - estimator_1 - 5_folds.train_2.predict)=83.87%
[ 2019-12-13 17:13:13,692][kfold_wrapper.log_eval_metrics] Accuracy(layer_0 - estimator_1 - 5_folds.train_3.predict)=83.77%
[ 2019-12-13 17:13:18,144][kfold_wrapper.log_eval_metrics] Accuracy(layer_0 - estimator_1 - 5_folds.train_4.predict)=81.82%
[ 2019-12-13 17:13:18,800][kfold_wrapper.log_eval_metrics] Accuracy(layer_0 - estimator_1 - 5_folds.train_cv.predict)=82.30%
[ 2019-12-13 17:13:18,800][kfold_wrapper.log_eval_metrics] Accuracy(layer_0 - estimator_1 - 5_folds.test.predict)=77.01%
[ 2019-12-13 17:13:21,582][kfold_wrapper.log_eval_metrics] Accuracy(layer_0 - estimator_2 - 5_folds.train_0.predict)=88.46%
[ 2019-12-13 17:13:23,971][kfold_wrapper.log_eval_metrics] Accuracy(layer_0 - estimator_2 - 5_folds.train_1.predict)=78.71%
[ 2019-12-13 17:13:26,602][kfold_wrapper.log_eval_metrics] Accuracy(layer_0 - estimator_2 - 5_folds.train_2.predict)=85.16%
[ 2019-12-13 17:13:28,927][kfold_wrapper.log_eval_metrics] Accuracy(layer_0 - estimator_2 - 5_folds.train_3.predict)=75.32%
[ 2019-12-13 17:13:31,483][kfold_wrapper.log_eval_metrics] Accuracy(layer_0 - estimator_2 - 5_folds.train_4.predict)=80.52%
[ 2019-12-13 17:13:31,483][kfold_wrapper.log_eval_metrics] Accuracy(layer_0 - estimator_2 - 5_folds.train_cv.predict)=81.65%
[ 2019-12-13 17:13:31,483][kfold_wrapper.log_eval_metrics] Accuracy(layer_0 - estimator_2 - 5_folds.test.predict)=86.21%
[ 2019-12-13 17:13:31,483][cascade_classifier.calc_accuracy] Accuracy(layer_0 - train.classifier_average)=81.27%
[ 2019-12-13 17:13:31,483][cascade_classifier.calc_accuracy] Accuracy(layer_0 - test.classifier_average)=81.61%
[ 2019-12-13 17:13:31,483][cascade_classifier.fit_transform] [layer=1] look_indexs=[0], X_cur_train.shape=(774, 364), X_cur_test.shape=(87, 364)
[ 2019-12-13 17:13:36,050][kfold_wrapper.log_eval_metrics] Accuracy(layer_1 - estimator_0 - 5_folds.train_0.predict)=82.05%
[ 2019-12-13 17:13:41,093][kfold_wrapper.log_eval_metrics] Accuracy(layer_1 - estimator_0 - 5_folds.train_1.predict)=83.23%
[ 2019-12-13 17:13:45,889][kfold_wrapper.log_eval_metrics] Accuracy(layer_1 - estimator_0 - 5_folds.train_2.predict)=81.94%
[ 2019-12-13 17:13:51,094][kfold_wrapper.log_eval_metrics] Accuracy(layer_1 - estimator_0 - 5_folds.train_3.predict)=83.12%
[ 2019-12-13 17:13:56,105][kfold_wrapper.log_eval_metrics] Accuracy(layer_1 - estimator_0 - 5_folds.train_4.predict)=81.82%
[ 2019-12-13 17:13:56,659][kfold_wrapper.log_eval_metrics] Accuracy(layer_1 - estimator_0 - 5_folds.train_cv.predict)=82.43%
[ 2019-12-13 17:13:56,660][kfold_wrapper.log_eval_metrics] Accuracy(layer_1 - estimator_0 - 5_folds.test.predict)=78.16%
[ 2019-12-13 17:14:00,646][kfold_wrapper.log_eval_metrics] Accuracy(layer_1 - estimator_1 - 5_folds.train_0.predict)=82.69%
[ 2019-12-13 17:14:05,146][kfold_wrapper.log_eval_metrics] Accuracy(layer_1 - estimator_1 - 5_folds.train_1.predict)=78.71%
[ 2019-12-13 17:14:09,680][kfold_wrapper.log_eval_metrics] Accuracy(layer_1 - estimator_1 - 5_folds.train_2.predict)=81.94%
[ 2019-12-13 17:14:14,363][kfold_wrapper.log_eval_metrics] Accuracy(layer_1 - estimator_1 - 5_folds.train_3.predict)=83.77%
[ 2019-12-13 17:14:18,832][kfold_wrapper.log_eval_metrics] Accuracy(layer_1 - estimator_1 - 5_folds.train_4.predict)=84.42%
[ 2019-12-13 17:14:19,408][kfold_wrapper.log_eval_metrics] Accuracy(layer_1 - estimator_1 - 5_folds.train_cv.predict)=82.30%
[ 2019-12-13 17:14:19,408][kfold_wrapper.log_eval_metrics] Accuracy(layer_1 - estimator_1 - 5_folds.test.predict)=80.46%
[ 2019-12-13 17:14:21,921][kfold_wrapper.log_eval_metrics] Accuracy(layer_1 - estimator_2 - 5_folds.train_0.predict)=82.05%
[ 2019-12-13 17:14:24,375][kfold_wrapper.log_eval_metrics] Accuracy(layer_1 - estimator_2 - 5_folds.train_1.predict)=81.94%
[ 2019-12-13 17:14:26,684][kfold_wrapper.log_eval_metrics] Accuracy(layer_1 - estimator_2 - 5_folds.train_2.predict)=81.94%
[ 2019-12-13 17:14:29,169][kfold_wrapper.log_eval_metrics] Accuracy(layer_1 - estimator_2 - 5_folds.train_3.predict)=81.17%
[ 2019-12-13 17:14:31,699][kfold_wrapper.log_eval_metrics] Accuracy(layer_1 - estimator_2 - 5_folds.train_4.predict)=84.42%
[ 2019-12-13 17:14:31,699][kfold_wrapper.log_eval_metrics] Accuracy(layer_1 - estimator_2 - 5_folds.train_cv.predict)=82.30%
[ 2019-12-13 17:14:31,699][kfold_wrapper.log_eval_metrics] Accuracy(layer_1 - estimator_2 - 5_folds.test.predict)=81.61%
[ 2019-12-13 17:14:31,699][cascade_classifier.calc_accuracy] Accuracy(layer_1 - train.classifier_average)=82.69%
[ 2019-12-13 17:14:31,699][cascade_classifier.calc_accuracy] Accuracy(layer_1 - test.classifier_average)=82.76%
[ 2019-12-13 17:14:31,699][cascade_classifier.fit_transform] [layer=2] look_indexs=[0], X_cur_train.shape=(774, 364), X_cur_test.shape=(87, 364)
[ 2019-12-13 17:14:35,961][kfold_wrapper.log_eval_metrics] Accuracy(layer_2 - estimator_0 - 5_folds.train_0.predict)=83.97%
[ 2019-12-13 17:14:40,769][kfold_wrapper.log_eval_metrics] Accuracy(layer_2 - estimator_0 - 5_folds.train_1.predict)=80.65%
[ 2019-12-13 17:14:45,554][kfold_wrapper.log_eval_metrics] Accuracy(layer_2 - estimator_0 - 5_folds.train_2.predict)=86.45%
[ 2019-12-13 17:14:50,352][kfold_wrapper.log_eval_metrics] Accuracy(layer_2 - estimator_0 - 5_folds.train_3.predict)=83.77%
[ 2019-12-13 17:14:55,321][kfold_wrapper.log_eval_metrics] Accuracy(layer_2 - estimator_0 - 5_folds.train_4.predict)=79.87%
[ 2019-12-13 17:14:55,872][kfold_wrapper.log_eval_metrics] Accuracy(layer_2 - estimator_0 - 5_folds.train_cv.predict)=82.95%
[ 2019-12-13 17:14:55,872][kfold_wrapper.log_eval_metrics] Accuracy(layer_2 - estimator_0 - 5_folds.test.predict)=78.16%
[ 2019-12-13 17:14:59,734][kfold_wrapper.log_eval_metrics] Accuracy(layer_2 - estimator_1 - 5_folds.train_0.predict)=83.33%
[ 2019-12-13 17:15:04,282][kfold_wrapper.log_eval_metrics] Accuracy(layer_2 - estimator_1 - 5_folds.train_1.predict)=85.81%
[ 2019-12-13 17:15:09,245][kfold_wrapper.log_eval_metrics] Accuracy(layer_2 - estimator_1 - 5_folds.train_2.predict)=82.58%
[ 2019-12-13 17:15:13,644][kfold_wrapper.log_eval_metrics] Accuracy(layer_2 - estimator_1 - 5_folds.train_3.predict)=84.42%
[ 2019-12-13 17:15:18,160][kfold_wrapper.log_eval_metrics] Accuracy(layer_2 - estimator_1 - 5_folds.train_4.predict)=79.87%
[ 2019-12-13 17:15:18,729][kfold_wrapper.log_eval_metrics] Accuracy(layer_2 - estimator_1 - 5_folds.train_cv.predict)=83.20%
[ 2019-12-13 17:15:18,730][kfold_wrapper.log_eval_metrics] Accuracy(layer_2 - estimator_1 - 5_folds.test.predict)=80.46%
[ 2019-12-13 17:15:21,190][kfold_wrapper.log_eval_metrics] Accuracy(layer_2 - estimator_2 - 5_folds.train_0.predict)=79.49%
[ 2019-12-13 17:15:23,754][kfold_wrapper.log_eval_metrics] Accuracy(layer_2 - estimator_2 - 5_folds.train_1.predict)=85.16%
[ 2019-12-13 17:15:26,254][kfold_wrapper.log_eval_metrics] Accuracy(layer_2 - estimator_2 - 5_folds.train_2.predict)=85.81%
[ 2019-12-13 17:15:28,645][kfold_wrapper.log_eval_metrics] Accuracy(layer_2 - estimator_2 - 5_folds.train_3.predict)=75.32%
[ 2019-12-13 17:15:31,128][kfold_wrapper.log_eval_metrics] Accuracy(layer_2 - estimator_2 - 5_folds.train_4.predict)=83.77%
[ 2019-12-13 17:15:31,128][kfold_wrapper.log_eval_metrics] Accuracy(layer_2 - estimator_2 - 5_folds.train_cv.predict)=81.91%
[ 2019-12-13 17:15:31,128][kfold_wrapper.log_eval_metrics] Accuracy(layer_2 - estimator_2 - 5_folds.test.predict)=81.61%
[ 2019-12-13 17:15:31,128][cascade_classifier.calc_accuracy] Accuracy(layer_2 - train.classifier_average)=82.82%
[ 2019-12-13 17:15:31,128][cascade_classifier.calc_accuracy] Accuracy(layer_2 - test.classifier_average)=85.06%
[ 2019-12-13 17:15:31,128][cascade_classifier.fit_transform] [layer=3] look_indexs=[0], X_cur_train.shape=(774, 364), X_cur_test.shape=(87, 364)
[ 2019-12-13 17:15:35,606][kfold_wrapper.log_eval_metrics] Accuracy(layer_3 - estimator_0 - 5_folds.train_0.predict)=87.82%
[ 2019-12-13 17:15:40,644][kfold_wrapper.log_eval_metrics] Accuracy(layer_3 - estimator_0 - 5_folds.train_1.predict)=81.29%
[ 2019-12-13 17:15:45,682][kfold_wrapper.log_eval_metrics] Accuracy(layer_3 - estimator_0 - 5_folds.train_2.predict)=78.71%
[ 2019-12-13 17:15:50,637][kfold_wrapper.log_eval_metrics] Accuracy(layer_3 - estimator_0 - 5_folds.train_3.predict)=82.47%
[ 2019-12-13 17:15:55,844][kfold_wrapper.log_eval_metrics] Accuracy(layer_3 - estimator_0 - 5_folds.train_4.predict)=85.71%
[ 2019-12-13 17:15:56,398][kfold_wrapper.log_eval_metrics] Accuracy(layer_3 - estimator_0 - 5_folds.train_cv.predict)=83.20%
[ 2019-12-13 17:15:56,398][kfold_wrapper.log_eval_metrics] Accuracy(layer_3 - estimator_0 - 5_folds.test.predict)=78.16%
[ 2019-12-13 17:16:00,496][kfold_wrapper.log_eval_metrics] Accuracy(layer_3 - estimator_1 - 5_folds.train_0.predict)=82.05%
[ 2019-12-13 17:16:05,113][kfold_wrapper.log_eval_metrics] Accuracy(layer_3 - estimator_1 - 5_folds.train_1.predict)=85.81%
[ 2019-12-13 17:16:09,641][kfold_wrapper.log_eval_metrics] Accuracy(layer_3 - estimator_1 - 5_folds.train_2.predict)=81.29%
[ 2019-12-13 17:16:14,136][kfold_wrapper.log_eval_metrics] Accuracy(layer_3 - estimator_1 - 5_folds.train_3.predict)=84.42%
[ 2019-12-13 17:16:18,610][kfold_wrapper.log_eval_metrics] Accuracy(layer_3 - estimator_1 - 5_folds.train_4.predict)=83.12%
[ 2019-12-13 17:16:19,167][kfold_wrapper.log_eval_metrics] Accuracy(layer_3 - estimator_1 - 5_folds.train_cv.predict)=83.33%
[ 2019-12-13 17:16:19,168][kfold_wrapper.log_eval_metrics] Accuracy(layer_3 - estimator_1 - 5_folds.test.predict)=80.46%
[ 2019-12-13 17:16:21,882][kfold_wrapper.log_eval_metrics] Accuracy(layer_3 - estimator_2 - 5_folds.train_0.predict)=80.77%
[ 2019-12-13 17:16:24,416][kfold_wrapper.log_eval_metrics] Accuracy(layer_3 - estimator_2 - 5_folds.train_1.predict)=81.94%
[ 2019-12-13 17:16:26,722][kfold_wrapper.log_eval_metrics] Accuracy(layer_3 - estimator_2 - 5_folds.train_2.predict)=80.65%
[ 2019-12-13 17:16:29,291][kfold_wrapper.log_eval_metrics] Accuracy(layer_3 - estimator_2 - 5_folds.train_3.predict)=85.71%
[ 2019-12-13 17:16:31,803][kfold_wrapper.log_eval_metrics] Accuracy(layer_3 - estimator_2 - 5_folds.train_4.predict)=83.12%
[ 2019-12-13 17:16:31,803][kfold_wrapper.log_eval_metrics] Accuracy(layer_3 - estimator_2 - 5_folds.train_cv.predict)=82.43%
[ 2019-12-13 17:16:31,803][kfold_wrapper.log_eval_metrics] Accuracy(layer_3 - estimator_2 - 5_folds.test.predict)=79.31%
[ 2019-12-13 17:16:31,803][cascade_classifier.calc_accuracy] Accuracy(layer_3 - train.classifier_average)=83.07%
[ 2019-12-13 17:16:31,803][cascade_classifier.calc_accuracy] Accuracy(layer_3 - test.classifier_average)=79.31%
[ 2019-12-13 17:16:31,819][cascade_classifier.fit_transform] [layer=4] look_indexs=[0], X_cur_train.shape=(774, 364), X_cur_test.shape=(87, 364)
[ 2019-12-13 17:16:36,401][kfold_wrapper.log_eval_metrics] Accuracy(layer_4 - estimator_0 - 5_folds.train_0.predict)=78.85%
[ 2019-12-13 17:16:41,498][kfold_wrapper.log_eval_metrics] Accuracy(layer_4 - estimator_0 - 5_folds.train_1.predict)=84.52%
[ 2019-12-13 17:16:46,646][kfold_wrapper.log_eval_metrics] Accuracy(layer_4 - estimator_0 - 5_folds.train_2.predict)=83.23%
[ 2019-12-13 17:16:51,940][kfold_wrapper.log_eval_metrics] Accuracy(layer_4 - estimator_0 - 5_folds.train_3.predict)=83.12%
[ 2019-12-13 17:16:57,082][kfold_wrapper.log_eval_metrics] Accuracy(layer_4 - estimator_0 - 5_folds.train_4.predict)=87.66%
[ 2019-12-13 17:16:57,619][kfold_wrapper.log_eval_metrics] Accuracy(layer_4 - estimator_0 - 5_folds.train_cv.predict)=83.46%
[ 2019-12-13 17:16:57,619][kfold_wrapper.log_eval_metrics] Accuracy(layer_4 - estimator_0 - 5_folds.test.predict)=77.01%
[ 2019-12-13 17:17:01,625][kfold_wrapper.log_eval_metrics] Accuracy(layer_4 - estimator_1 - 5_folds.train_0.predict)=86.54%
[ 2019-12-13 17:17:06,136][kfold_wrapper.log_eval_metrics] Accuracy(layer_4 - estimator_1 - 5_folds.train_1.predict)=82.58%
[ 2019-12-13 17:17:10,686][kfold_wrapper.log_eval_metrics] Accuracy(layer_4 - estimator_1 - 5_folds.train_2.predict)=83.23%
[ 2019-12-13 17:17:15,167][kfold_wrapper.log_eval_metrics] Accuracy(layer_4 - estimator_1 - 5_folds.train_3.predict)=85.06%
[ 2019-12-13 17:17:19,668][kfold_wrapper.log_eval_metrics] Accuracy(layer_4 - estimator_1 - 5_folds.train_4.predict)=81.82%
[ 2019-12-13 17:17:20,232][kfold_wrapper.log_eval_metrics] Accuracy(layer_4 - estimator_1 - 5_folds.train_cv.predict)=83.85%
[ 2019-12-13 17:17:20,233][kfold_wrapper.log_eval_metrics] Accuracy(layer_4 - estimator_1 - 5_folds.test.predict)=77.01%
[ 2019-12-13 17:17:22,568][kfold_wrapper.log_eval_metrics] Accuracy(layer_4 - estimator_2 - 5_folds.train_0.predict)=83.33%
[ 2019-12-13 17:17:24,985][kfold_wrapper.log_eval_metrics] Accuracy(layer_4 - estimator_2 - 5_folds.train_1.predict)=77.42%
[ 2019-12-13 17:17:27,515][kfold_wrapper.log_eval_metrics] Accuracy(layer_4 - estimator_2 - 5_folds.train_2.predict)=85.81%
[ 2019-12-13 17:17:29,911][kfold_wrapper.log_eval_metrics] Accuracy(layer_4 - estimator_2 - 5_folds.train_3.predict)=78.57%
[ 2019-12-13 17:17:32,398][kfold_wrapper.log_eval_metrics] Accuracy(layer_4 - estimator_2 - 5_folds.train_4.predict)=85.06%
[ 2019-12-13 17:17:32,398][kfold_wrapper.log_eval_metrics] Accuracy(layer_4 - estimator_2 - 5_folds.train_cv.predict)=82.04%
[ 2019-12-13 17:17:32,398][kfold_wrapper.log_eval_metrics] Accuracy(layer_4 - estimator_2 - 5_folds.test.predict)=78.16%
[ 2019-12-13 17:17:32,398][cascade_classifier.calc_accuracy] Accuracy(layer_4 - train.classifier_average)=82.95%
[ 2019-12-13 17:17:32,398][cascade_classifier.calc_accuracy] Accuracy(layer_4 - test.classifier_average)=80.46%
[ 2019-12-13 17:17:32,398][cascade_classifier.fit_transform] [layer=5] look_indexs=[0], X_cur_train.shape=(774, 364), X_cur_test.shape=(87, 364)
[ 2019-12-13 17:17:36,679][kfold_wrapper.log_eval_metrics] Accuracy(layer_5 - estimator_0 - 5_folds.train_0.predict)=82.69%
[ 2019-12-13 17:17:41,664][kfold_wrapper.log_eval_metrics] Accuracy(layer_5 - estimator_0 - 5_folds.train_1.predict)=82.58%
[ 2019-12-13 17:17:46,911][kfold_wrapper.log_eval_metrics] Accuracy(layer_5 - estimator_0 - 5_folds.train_2.predict)=83.23%
[ 2019-12-13 17:17:51,733][kfold_wrapper.log_eval_metrics] Accuracy(layer_5 - estimator_0 - 5_folds.train_3.predict)=85.71%
[ 2019-12-13 17:17:56,655][kfold_wrapper.log_eval_metrics] Accuracy(layer_5 - estimator_0 - 5_folds.train_4.predict)=82.47%
[ 2019-12-13 17:17:57,206][kfold_wrapper.log_eval_metrics] Accuracy(layer_5 - estimator_0 - 5_folds.train_cv.predict)=83.33%
[ 2019-12-13 17:17:57,206][kfold_wrapper.log_eval_metrics] Accuracy(layer_5 - estimator_0 - 5_folds.test.predict)=77.01%
[ 2019-12-13 17:18:01,292][kfold_wrapper.log_eval_metrics] Accuracy(layer_5 - estimator_1 - 5_folds.train_0.predict)=80.77%
[ 2019-12-13 17:18:05,757][kfold_wrapper.log_eval_metrics] Accuracy(layer_5 - estimator_1 - 5_folds.train_1.predict)=85.16%
[ 2019-12-13 17:18:10,237][kfold_wrapper.log_eval_metrics] Accuracy(layer_5 - estimator_1 - 5_folds.train_2.predict)=80.65%
[ 2019-12-13 17:18:14,700][kfold_wrapper.log_eval_metrics] Accuracy(layer_5 - estimator_1 - 5_folds.train_3.predict)=83.77%
[ 2019-12-13 17:18:19,176][kfold_wrapper.log_eval_metrics] Accuracy(layer_5 - estimator_1 - 5_folds.train_4.predict)=85.06%
[ 2019-12-13 17:18:19,738][kfold_wrapper.log_eval_metrics] Accuracy(layer_5 - estimator_1 - 5_folds.train_cv.predict)=83.07%
[ 2019-12-13 17:18:19,738][kfold_wrapper.log_eval_metrics] Accuracy(layer_5 - estimator_1 - 5_folds.test.predict)=78.16%
[ 2019-12-13 17:18:22,200][kfold_wrapper.log_eval_metrics] Accuracy(layer_5 - estimator_2 - 5_folds.train_0.predict)=78.85%
[ 2019-12-13 17:18:24,724][kfold_wrapper.log_eval_metrics] Accuracy(layer_5 - estimator_2 - 5_folds.train_1.predict)=83.87%
[ 2019-12-13 17:18:27,074][kfold_wrapper.log_eval_metrics] Accuracy(layer_5 - estimator_2 - 5_folds.train_2.predict)=78.71%
[ 2019-12-13 17:18:29,574][kfold_wrapper.log_eval_metrics] Accuracy(layer_5 - estimator_2 - 5_folds.train_3.predict)=75.97%
[ 2019-12-13 17:18:32,096][kfold_wrapper.log_eval_metrics] Accuracy(layer_5 - estimator_2 - 5_folds.train_4.predict)=84.42%
[ 2019-12-13 17:18:32,096][kfold_wrapper.log_eval_metrics] Accuracy(layer_5 - estimator_2 - 5_folds.train_cv.predict)=80.36%
[ 2019-12-13 17:18:32,096][kfold_wrapper.log_eval_metrics] Accuracy(layer_5 - estimator_2 - 5_folds.test.predict)=80.46%
[ 2019-12-13 17:18:32,096][cascade_classifier.calc_accuracy] Accuracy(layer_5 - train.classifier_average)=81.91%
[ 2019-12-13 17:18:32,096][cascade_classifier.calc_accuracy] Accuracy(layer_5 - test.classifier_average)=78.16%
[ 2019-12-13 17:18:32,112][cascade_classifier.fit_transform] [layer=6] look_indexs=[0], X_cur_train.shape=(774, 364), X_cur_test.shape=(87, 364)
[ 2019-12-13 17:18:36,506][kfold_wrapper.log_eval_metrics] Accuracy(layer_6 - estimator_0 - 5_folds.train_0.predict)=83.33%
[ 2019-12-13 17:18:42,260][kfold_wrapper.log_eval_metrics] Accuracy(layer_6 - estimator_0 - 5_folds.train_1.predict)=81.29%
[ 2019-12-13 17:18:47,383][kfold_wrapper.log_eval_metrics] Accuracy(layer_6 - estimator_0 - 5_folds.train_2.predict)=86.45%
[ 2019-12-13 17:18:52,534][kfold_wrapper.log_eval_metrics] Accuracy(layer_6 - estimator_0 - 5_folds.train_3.predict)=80.52%
[ 2019-12-13 17:18:57,554][kfold_wrapper.log_eval_metrics] Accuracy(layer_6 - estimator_0 - 5_folds.train_4.predict)=84.42%
[ 2019-12-13 17:18:58,170][kfold_wrapper.log_eval_metrics] Accuracy(layer_6 - estimator_0 - 5_folds.train_cv.predict)=83.20%
[ 2019-12-13 17:18:58,171][kfold_wrapper.log_eval_metrics] Accuracy(layer_6 - estimator_0 - 5_folds.test.predict)=77.01%
[ 2019-12-13 17:19:02,345][kfold_wrapper.log_eval_metrics] Accuracy(layer_6 - estimator_1 - 5_folds.train_0.predict)=78.85%
[ 2019-12-13 17:19:07,152][kfold_wrapper.log_eval_metrics] Accuracy(layer_6 - estimator_1 - 5_folds.train_1.predict)=81.94%
[ 2019-12-13 17:19:11,799][kfold_wrapper.log_eval_metrics] Accuracy(layer_6 - estimator_1 - 5_folds.train_2.predict)=84.52%
[ 2019-12-13 17:19:16,590][kfold_wrapper.log_eval_metrics] Accuracy(layer_6 - estimator_1 - 5_folds.train_3.predict)=87.01%
[ 2019-12-13 17:19:21,159][kfold_wrapper.log_eval_metrics] Accuracy(layer_6 - estimator_1 - 5_folds.train_4.predict)=81.17%
[ 2019-12-13 17:19:21,775][kfold_wrapper.log_eval_metrics] Accuracy(layer_6 - estimator_1 - 5_folds.train_cv.predict)=82.69%
[ 2019-12-13 17:19:21,776][kfold_wrapper.log_eval_metrics] Accuracy(layer_6 - estimator_1 - 5_folds.test.predict)=78.16%
[ 2019-12-13 17:19:24,655][kfold_wrapper.log_eval_metrics] Accuracy(layer_6 - estimator_2 - 5_folds.train_0.predict)=82.69%
[ 2019-12-13 17:19:27,347][kfold_wrapper.log_eval_metrics] Accuracy(layer_6 - estimator_2 - 5_folds.train_1.predict)=84.52%
[ 2019-12-13 17:19:29,845][kfold_wrapper.log_eval_metrics] Accuracy(layer_6 - estimator_2 - 5_folds.train_2.predict)=77.42%
[ 2019-12-13 17:19:32,947][kfold_wrapper.log_eval_metrics] Accuracy(layer_6 - estimator_2 - 5_folds.train_3.predict)=82.47%
[ 2019-12-13 17:19:35,510][kfold_wrapper.log_eval_metrics] Accuracy(layer_6 - estimator_2 - 5_folds.train_4.predict)=81.82%
[ 2019-12-13 17:19:35,512][kfold_wrapper.log_eval_metrics] Accuracy(layer_6 - estimator_2 - 5_folds.train_cv.predict)=81.78%
[ 2019-12-13 17:19:35,513][kfold_wrapper.log_eval_metrics] Accuracy(layer_6 - estimator_2 - 5_folds.test.predict)=78.16%
[ 2019-12-13 17:19:35,513][cascade_classifier.calc_accuracy] Accuracy(layer_6 - train.classifier_average)=83.46%
[ 2019-12-13 17:19:35,513][cascade_classifier.calc_accuracy] Accuracy(layer_6 - test.classifier_average)=78.16%
[ 2019-12-13 17:19:35,515][cascade_classifier.fit_transform] [layer=7] look_indexs=[0], X_cur_train.shape=(774, 364), X_cur_test.shape=(87, 364)
[ 2019-12-13 17:19:39,918][kfold_wrapper.log_eval_metrics] Accuracy(layer_7 - estimator_0 - 5_folds.train_0.predict)=82.69%
[ 2019-12-13 17:19:45,041][kfold_wrapper.log_eval_metrics] Accuracy(layer_7 - estimator_0 - 5_folds.train_1.predict)=83.87%
[ 2019-12-13 17:19:49,984][kfold_wrapper.log_eval_metrics] Accuracy(layer_7 - estimator_0 - 5_folds.train_2.predict)=86.45%
[ 2019-12-13 17:19:54,813][kfold_wrapper.log_eval_metrics] Accuracy(layer_7 - estimator_0 - 5_folds.train_3.predict)=77.92%
[ 2019-12-13 17:19:59,794][kfold_wrapper.log_eval_metrics] Accuracy(layer_7 - estimator_0 - 5_folds.train_4.predict)=85.71%
[ 2019-12-13 17:20:00,347][kfold_wrapper.log_eval_metrics] Accuracy(layer_7 - estimator_0 - 5_folds.train_cv.predict)=83.33%
[ 2019-12-13 17:20:00,347][kfold_wrapper.log_eval_metrics] Accuracy(layer_7 - estimator_0 - 5_folds.test.predict)=77.01%
[ 2019-12-13 17:20:04,276][kfold_wrapper.log_eval_metrics] Accuracy(layer_7 - estimator_1 - 5_folds.train_0.predict)=73.72%
[ 2019-12-13 17:20:08,758][kfold_wrapper.log_eval_metrics] Accuracy(layer_7 - estimator_1 - 5_folds.train_1.predict)=82.58%
[ 2019-12-13 17:20:13,253][kfold_wrapper.log_eval_metrics] Accuracy(layer_7 - estimator_1 - 5_folds.train_2.predict)=84.52%
[ 2019-12-13 17:20:17,706][kfold_wrapper.log_eval_metrics] Accuracy(layer_7 - estimator_1 - 5_folds.train_3.predict)=87.01%
[ 2019-12-13 17:20:22,292][kfold_wrapper.log_eval_metrics] Accuracy(layer_7 - estimator_1 - 5_folds.train_4.predict)=85.71%
[ 2019-12-13 17:20:22,846][kfold_wrapper.log_eval_metrics] Accuracy(layer_7 - estimator_1 - 5_folds.train_cv.predict)=82.69%
[ 2019-12-13 17:20:22,846][kfold_wrapper.log_eval_metrics] Accuracy(layer_7 - estimator_1 - 5_folds.test.predict)=78.16%
[ 2019-12-13 17:20:25,298][kfold_wrapper.log_eval_metrics] Accuracy(layer_7 - estimator_2 - 5_folds.train_0.predict)=79.49%
[ 2019-12-13 17:20:27,806][kfold_wrapper.log_eval_metrics] Accuracy(layer_7 - estimator_2 - 5_folds.train_1.predict)=83.87%
[ 2019-12-13 17:20:30,230][kfold_wrapper.log_eval_metrics] Accuracy(layer_7 - estimator_2 - 5_folds.train_2.predict)=81.29%
[ 2019-12-13 17:20:32,673][kfold_wrapper.log_eval_metrics] Accuracy(layer_7 - estimator_2 - 5_folds.train_3.predict)=78.57%
[ 2019-12-13 17:20:35,118][kfold_wrapper.log_eval_metrics] Accuracy(layer_7 - estimator_2 - 5_folds.train_4.predict)=83.12%
[ 2019-12-13 17:20:35,118][kfold_wrapper.log_eval_metrics] Accuracy(layer_7 - estimator_2 - 5_folds.train_cv.predict)=81.27%
[ 2019-12-13 17:20:35,118][kfold_wrapper.log_eval_metrics] Accuracy(layer_7 - estimator_2 - 5_folds.test.predict)=79.31%
[ 2019-12-13 17:20:35,118][cascade_classifier.calc_accuracy] Accuracy(layer_7 - train.classifier_average)=81.91%
[ 2019-12-13 17:20:35,118][cascade_classifier.calc_accuracy] Accuracy(layer_7 - test.classifier_average)=80.46%
[ 2019-12-13 17:20:35,118][cascade_classifier.fit_transform] [layer=8] look_indexs=[0], X_cur_train.shape=(774, 364), X_cur_test.shape=(87, 364)
[ 2019-12-13 17:20:39,420][kfold_wrapper.log_eval_metrics] Accuracy(layer_8 - estimator_0 - 5_folds.train_0.predict)=85.26%
[ 2019-12-13 17:20:44,323][kfold_wrapper.log_eval_metrics] Accuracy(layer_8 - estimator_0 - 5_folds.train_1.predict)=81.29%
[ 2019-12-13 17:20:49,124][kfold_wrapper.log_eval_metrics] Accuracy(layer_8 - estimator_0 - 5_folds.train_2.predict)=86.45%
[ 2019-12-13 17:20:54,003][kfold_wrapper.log_eval_metrics] Accuracy(layer_8 - estimator_0 - 5_folds.train_3.predict)=81.17%
[ 2019-12-13 17:20:58,905][kfold_wrapper.log_eval_metrics] Accuracy(layer_8 - estimator_0 - 5_folds.train_4.predict)=80.52%
[ 2019-12-13 17:20:59,462][kfold_wrapper.log_eval_metrics] Accuracy(layer_8 - estimator_0 - 5_folds.train_cv.predict)=82.95%
[ 2019-12-13 17:20:59,462][kfold_wrapper.log_eval_metrics] Accuracy(layer_8 - estimator_0 - 5_folds.test.predict)=77.01%
[ 2019-12-13 17:21:03,383][kfold_wrapper.log_eval_metrics] Accuracy(layer_8 - estimator_1 - 5_folds.train_0.predict)=85.26%
[ 2019-12-13 17:21:07,946][kfold_wrapper.log_eval_metrics] Accuracy(layer_8 - estimator_1 - 5_folds.train_1.predict)=83.87%
[ 2019-12-13 17:21:12,405][kfold_wrapper.log_eval_metrics] Accuracy(layer_8 - estimator_1 - 5_folds.train_2.predict)=79.35%
[ 2019-12-13 17:21:16,861][kfold_wrapper.log_eval_metrics] Accuracy(layer_8 - estimator_1 - 5_folds.train_3.predict)=84.42%
[ 2019-12-13 17:21:21,426][kfold_wrapper.log_eval_metrics] Accuracy(layer_8 - estimator_1 - 5_folds.train_4.predict)=82.47%
[ 2019-12-13 17:21:22,078][kfold_wrapper.log_eval_metrics] Accuracy(layer_8 - estimator_1 - 5_folds.train_cv.predict)=83.07%
[ 2019-12-13 17:21:22,078][kfold_wrapper.log_eval_metrics] Accuracy(layer_8 - estimator_1 - 5_folds.test.predict)=77.01%
[ 2019-12-13 17:21:24,726][kfold_wrapper.log_eval_metrics] Accuracy(layer_8 - estimator_2 - 5_folds.train_0.predict)=78.21%
[ 2019-12-13 17:21:27,192][kfold_wrapper.log_eval_metrics] Accuracy(layer_8 - estimator_2 - 5_folds.train_1.predict)=83.87%
[ 2019-12-13 17:21:29,749][kfold_wrapper.log_eval_metrics] Accuracy(layer_8 - estimator_2 - 5_folds.train_2.predict)=82.58%
[ 2019-12-13 17:21:32,346][kfold_wrapper.log_eval_metrics] Accuracy(layer_8 - estimator_2 - 5_folds.train_3.predict)=80.52%
[ 2019-12-13 17:21:34,963][kfold_wrapper.log_eval_metrics] Accuracy(layer_8 - estimator_2 - 5_folds.train_4.predict)=80.52%
[ 2019-12-13 17:21:34,963][kfold_wrapper.log_eval_metrics] Accuracy(layer_8 - estimator_2 - 5_folds.train_cv.predict)=81.14%
[ 2019-12-13 17:21:34,963][kfold_wrapper.log_eval_metrics] Accuracy(layer_8 - estimator_2 - 5_folds.test.predict)=79.31%
[ 2019-12-13 17:21:34,963][cascade_classifier.calc_accuracy] Accuracy(layer_8 - train.classifier_average)=82.56%
[ 2019-12-13 17:21:34,963][cascade_classifier.calc_accuracy] Accuracy(layer_8 - test.classifier_average)=79.31%
[ 2019-12-13 17:21:34,963][cascade_classifier.fit_transform] [layer=9] look_indexs=[0], X_cur_train.shape=(774, 364), X_cur_test.shape=(87, 364)
[ 2019-12-13 17:21:39,392][kfold_wrapper.log_eval_metrics] Accuracy(layer_9 - estimator_0 - 5_folds.train_0.predict)=80.13%
[ 2019-12-13 17:21:44,391][kfold_wrapper.log_eval_metrics] Accuracy(layer_9 - estimator_0 - 5_folds.train_1.predict)=80.65%
[ 2019-12-13 17:21:49,254][kfold_wrapper.log_eval_metrics] Accuracy(layer_9 - estimator_0 - 5_folds.train_2.predict)=83.23%
[ 2019-12-13 17:21:54,242][kfold_wrapper.log_eval_metrics] Accuracy(layer_9 - estimator_0 - 5_folds.train_3.predict)=80.52%
[ 2019-12-13 17:21:59,511][kfold_wrapper.log_eval_metrics] Accuracy(layer_9 - estimator_0 - 5_folds.train_4.predict)=89.61%
[ 2019-12-13 17:22:00,142][kfold_wrapper.log_eval_metrics] Accuracy(layer_9 - estimator_0 - 5_folds.train_cv.predict)=82.82%
[ 2019-12-13 17:22:00,143][kfold_wrapper.log_eval_metrics] Accuracy(layer_9 - estimator_0 - 5_folds.test.predict)=77.01%
[ 2019-12-13 17:22:04,374][kfold_wrapper.log_eval_metrics] Accuracy(layer_9 - estimator_1 - 5_folds.train_0.predict)=83.33%
[ 2019-12-13 17:22:09,403][kfold_wrapper.log_eval_metrics] Accuracy(layer_9 - estimator_1 - 5_folds.train_1.predict)=81.94%
[ 2019-12-13 17:22:14,204][kfold_wrapper.log_eval_metrics] Accuracy(layer_9 - estimator_1 - 5_folds.train_2.predict)=82.58%
[ 2019-12-13 17:22:18,981][kfold_wrapper.log_eval_metrics] Accuracy(layer_9 - estimator_1 - 5_folds.train_3.predict)=83.77%
[ 2019-12-13 17:22:23,679][kfold_wrapper.log_eval_metrics] Accuracy(layer_9 - estimator_1 - 5_folds.train_4.predict)=82.47%
[ 2019-12-13 17:22:24,293][kfold_wrapper.log_eval_metrics] Accuracy(layer_9 - estimator_1 - 5_folds.train_cv.predict)=82.82%
[ 2019-12-13 17:22:24,294][kfold_wrapper.log_eval_metrics] Accuracy(layer_9 - estimator_1 - 5_folds.test.predict)=77.01%
[ 2019-12-13 17:22:26,801][kfold_wrapper.log_eval_metrics] Accuracy(layer_9 - estimator_2 - 5_folds.train_0.predict)=75.00%
[ 2019-12-13 17:22:29,505][kfold_wrapper.log_eval_metrics] Accuracy(layer_9 - estimator_2 - 5_folds.train_1.predict)=85.81%
[ 2019-12-13 17:22:32,169][kfold_wrapper.log_eval_metrics] Accuracy(layer_9 - estimator_2 - 5_folds.train_2.predict)=81.29%
[ 2019-12-13 17:22:34,755][kfold_wrapper.log_eval_metrics] Accuracy(layer_9 - estimator_2 - 5_folds.train_3.predict)=78.57%
[ 2019-12-13 17:22:37,460][kfold_wrapper.log_eval_metrics] Accuracy(layer_9 - estimator_2 - 5_folds.train_4.predict)=78.57%
[ 2019-12-13 17:22:37,462][kfold_wrapper.log_eval_metrics] Accuracy(layer_9 - estimator_2 - 5_folds.train_cv.predict)=79.84%
[ 2019-12-13 17:22:37,463][kfold_wrapper.log_eval_metrics] Accuracy(layer_9 - estimator_2 - 5_folds.test.predict)=81.61%
[ 2019-12-13 17:22:37,463][cascade_classifier.calc_accuracy] Accuracy(layer_9 - train.classifier_average)=81.65%
[ 2019-12-13 17:22:37,463][cascade_classifier.calc_accuracy] Accuracy(layer_9 - test.classifier_average)=81.61%
[ 2019-12-13 17:22:37,465][cascade_classifier.fit_transform] [layer=10] look_indexs=[0], X_cur_train.shape=(774, 364), X_cur_test.shape=(87, 364)
[ 2019-12-13 17:22:42,128][kfold_wrapper.log_eval_metrics] Accuracy(layer_10 - estimator_0 - 5_folds.train_0.predict)=82.69%
[ 2019-12-13 17:22:47,317][kfold_wrapper.log_eval_metrics] Accuracy(layer_10 - estimator_0 - 5_folds.train_1.predict)=82.58%
[ 2019-12-13 17:22:52,439][kfold_wrapper.log_eval_metrics] Accuracy(layer_10 - estimator_0 - 5_folds.train_2.predict)=79.35%
[ 2019-12-13 17:22:57,817][kfold_wrapper.log_eval_metrics] Accuracy(layer_10 - estimator_0 - 5_folds.train_3.predict)=85.71%
[ 2019-12-13 17:23:03,444][kfold_wrapper.log_eval_metrics] Accuracy(layer_10 - estimator_0 - 5_folds.train_4.predict)=77.27%
[ 2019-12-13 17:23:04,063][kfold_wrapper.log_eval_metrics] Accuracy(layer_10 - estimator_0 - 5_folds.train_cv.predict)=81.52%
[ 2019-12-13 17:23:04,064][kfold_wrapper.log_eval_metrics] Accuracy(layer_10 - estimator_0 - 5_folds.test.predict)=77.01%
[ 2019-12-13 17:23:08,300][kfold_wrapper.log_eval_metrics] Accuracy(layer_10 - estimator_1 - 5_folds.train_0.predict)=81.41%
[ 2019-12-13 17:23:13,121][kfold_wrapper.log_eval_metrics] Accuracy(layer_10 - estimator_1 - 5_folds.train_1.predict)=88.39%
[ 2019-12-13 17:23:17,990][kfold_wrapper.log_eval_metrics] Accuracy(layer_10 - estimator_1 - 5_folds.train_2.predict)=79.35%
[ 2019-12-13 17:23:22,803][kfold_wrapper.log_eval_metrics] Accuracy(layer_10 - estimator_1 - 5_folds.train_3.predict)=86.36%
[ 2019-12-13 17:23:27,740][kfold_wrapper.log_eval_metrics] Accuracy(layer_10 - estimator_1 - 5_folds.train_4.predict)=75.32%
[ 2019-12-13 17:23:28,382][kfold_wrapper.log_eval_metrics] Accuracy(layer_10 - estimator_1 - 5_folds.train_cv.predict)=82.17%
[ 2019-12-13 17:23:28,382][kfold_wrapper.log_eval_metrics] Accuracy(layer_10 - estimator_1 - 5_folds.test.predict)=77.01%
[ 2019-12-13 17:23:30,978][kfold_wrapper.log_eval_metrics] Accuracy(layer_10 - estimator_2 - 5_folds.train_0.predict)=83.97%
[ 2019-12-13 17:23:33,434][kfold_wrapper.log_eval_metrics] Accuracy(layer_10 - estimator_2 - 5_folds.train_1.predict)=80.65%
[ 2019-12-13 17:23:35,909][kfold_wrapper.log_eval_metrics] Accuracy(layer_10 - estimator_2 - 5_folds.train_2.predict)=83.87%
[ 2019-12-13 17:23:38,405][kfold_wrapper.log_eval_metrics] Accuracy(layer_10 - estimator_2 - 5_folds.train_3.predict)=82.47%
[ 2019-12-13 17:23:40,788][kfold_wrapper.log_eval_metrics] Accuracy(layer_10 - estimator_2 - 5_folds.train_4.predict)=76.62%
[ 2019-12-13 17:23:40,788][kfold_wrapper.log_eval_metrics] Accuracy(layer_10 - estimator_2 - 5_folds.train_cv.predict)=81.52%
[ 2019-12-13 17:23:40,804][kfold_wrapper.log_eval_metrics] Accuracy(layer_10 - estimator_2 - 5_folds.test.predict)=80.46%
[ 2019-12-13 17:23:40,804][cascade_classifier.calc_accuracy] Accuracy(layer_10 - train.classifier_average)=82.30%
[ 2019-12-13 17:23:40,804][cascade_classifier.calc_accuracy] Accuracy(layer_10 - test.classifier_average)=81.61%
[ 2019-12-13 17:23:40,804][cascade_classifier.fit_transform] [layer=11] look_indexs=[0], X_cur_train.shape=(774, 364), X_cur_test.shape=(87, 364)
[ 2019-12-13 17:23:45,070][kfold_wrapper.log_eval_metrics] Accuracy(layer_11 - estimator_0 - 5_folds.train_0.predict)=87.18%
[ 2019-12-13 17:23:49,970][kfold_wrapper.log_eval_metrics] Accuracy(layer_11 - estimator_0 - 5_folds.train_1.predict)=83.23%
[ 2019-12-13 17:23:54,771][kfold_wrapper.log_eval_metrics] Accuracy(layer_11 - estimator_0 - 5_folds.train_2.predict)=83.87%
[ 2019-12-13 17:23:59,582][kfold_wrapper.log_eval_metrics] Accuracy(layer_11 - estimator_0 - 5_folds.train_3.predict)=77.92%
[ 2019-12-13 17:24:04,404][kfold_wrapper.log_eval_metrics] Accuracy(layer_11 - estimator_0 - 5_folds.train_4.predict)=78.57%
[ 2019-12-13 17:24:04,974][kfold_wrapper.log_eval_metrics] Accuracy(layer_11 - estimator_0 - 5_folds.train_cv.predict)=82.17%
[ 2019-12-13 17:24:04,974][kfold_wrapper.log_eval_metrics] Accuracy(layer_11 - estimator_0 - 5_folds.test.predict)=77.01%
[ 2019-12-13 17:24:08,883][kfold_wrapper.log_eval_metrics] Accuracy(layer_11 - estimator_1 - 5_folds.train_0.predict)=85.90%
[ 2019-12-13 17:24:13,335][kfold_wrapper.log_eval_metrics] Accuracy(layer_11 - estimator_1 - 5_folds.train_1.predict)=85.81%
[ 2019-12-13 17:24:17,778][kfold_wrapper.log_eval_metrics] Accuracy(layer_11 - estimator_1 - 5_folds.train_2.predict)=83.87%
[ 2019-12-13 17:24:22,193][kfold_wrapper.log_eval_metrics] Accuracy(layer_11 - estimator_1 - 5_folds.train_3.predict)=82.47%
[ 2019-12-13 17:24:26,625][kfold_wrapper.log_eval_metrics] Accuracy(layer_11 - estimator_1 - 5_folds.train_4.predict)=77.92%
[ 2019-12-13 17:24:27,169][kfold_wrapper.log_eval_metrics] Accuracy(layer_11 - estimator_1 - 5_folds.train_cv.predict)=83.20%
[ 2019-12-13 17:24:27,169][kfold_wrapper.log_eval_metrics] Accuracy(layer_11 - estimator_1 - 5_folds.test.predict)=78.16%
[ 2019-12-13 17:24:29,704][kfold_wrapper.log_eval_metrics] Accuracy(layer_11 - estimator_2 - 5_folds.train_0.predict)=83.97%
[ 2019-12-13 17:24:32,068][kfold_wrapper.log_eval_metrics] Accuracy(layer_11 - estimator_2 - 5_folds.train_1.predict)=81.94%
[ 2019-12-13 17:24:34,610][kfold_wrapper.log_eval_metrics] Accuracy(layer_11 - estimator_2 - 5_folds.train_2.predict)=83.87%
[ 2019-12-13 17:24:37,111][kfold_wrapper.log_eval_metrics] Accuracy(layer_11 - estimator_2 - 5_folds.train_3.predict)=79.22%
[ 2019-12-13 17:24:39,569][kfold_wrapper.log_eval_metrics] Accuracy(layer_11 - estimator_2 - 5_folds.train_4.predict)=81.17%
[ 2019-12-13 17:24:39,569][kfold_wrapper.log_eval_metrics] Accuracy(layer_11 - estimator_2 - 5_folds.train_cv.predict)=82.04%
[ 2019-12-13 17:24:39,569][kfold_wrapper.log_eval_metrics] Accuracy(layer_11 - estimator_2 - 5_folds.test.predict)=81.61%
[ 2019-12-13 17:24:39,569][cascade_classifier.calc_accuracy] Accuracy(layer_11 - train.classifier_average)=82.82%
[ 2019-12-13 17:24:39,569][cascade_classifier.calc_accuracy] Accuracy(layer_11 - test.classifier_average)=81.61%
[ 2019-12-13 17:24:39,569][cascade_classifier.fit_transform] [Result][Optimal Level Detected] opt_layer_num=7, accuracy_train=83.46%, accuracy_test=78.16%
[ 2019-12-13 17:24:39,715][cascade_classifier.transform] X_groups_test.shape=[(87, 358)]
[ 2019-12-13 17:24:39,715][cascade_classifier.transform] group_dims=[358]
[ 2019-12-13 17:24:39,715][cascade_classifier.transform] X_test.shape=(87, 358)
[ 2019-12-13 17:24:39,715][cascade_classifier.transform] [layer=0] look_indexs=[0], X_cur_test.shape=(87, 358)
[ 2019-12-13 17:24:45,234][cascade_classifier.transform] [layer=1] look_indexs=[0], X_cur_test.shape=(87, 364)
[ 2019-12-13 17:24:50,873][cascade_classifier.transform] [layer=2] look_indexs=[0], X_cur_test.shape=(87, 364)
[ 2019-12-13 17:24:56,493][cascade_classifier.transform] [layer=3] look_indexs=[0], X_cur_test.shape=(87, 364)
[ 2019-12-13 17:25:02,023][cascade_classifier.transform] [layer=4] look_indexs=[0], X_cur_test.shape=(87, 364)
[ 2019-12-13 17:25:07,537][cascade_classifier.transform] [layer=5] look_indexs=[0], X_cur_test.shape=(87, 364)
[ 2019-12-13 17:25:13,086][cascade_classifier.transform] [layer=6] look_indexs=[0], X_cur_test.shape=(87, 364)
[ 2019-12-13 17:25:18,604][cascade_classifier.transform] X_groups_test.shape=[(87, 358)]
[ 2019-12-13 17:25:18,604][cascade_classifier.transform] group_dims=[358]
[ 2019-12-13 17:25:18,604][cascade_classifier.transform] X_test.shape=(87, 358)
[ 2019-12-13 17:25:18,605][cascade_classifier.transform] [layer=0] look_indexs=[0], X_cur_test.shape=(87, 358)
[ 2019-12-13 17:25:24,172][cascade_classifier.transform] [layer=1] look_indexs=[0], X_cur_test.shape=(87, 364)
[ 2019-12-13 17:25:29,702][cascade_classifier.transform] [layer=2] look_indexs=[0], X_cur_test.shape=(87, 364)
[ 2019-12-13 17:25:35,390][cascade_classifier.transform] [layer=3] look_indexs=[0], X_cur_test.shape=(87, 364)
[ 2019-12-13 17:25:41,340][cascade_classifier.transform] [layer=4] look_indexs=[0], X_cur_test.shape=(87, 364)
[ 2019-12-13 17:25:47,068][cascade_classifier.transform] [layer=5] look_indexs=[0], X_cur_test.shape=(87, 364)
[ 2019-12-13 17:25:52,925][cascade_classifier.transform] [layer=6] look_indexs=[0], X_cur_test.shape=(87, 364)
[ 2019-12-13 17:25:58,892][cascade_classifier.fit_transform] X_groups_train.shape=[(774, 358)],y_train.shape=(774,),X_groups_test.shape=[(87, 358)],y_test.shape=(87,)
[ 2019-12-13 17:25:58,892][cascade_classifier.fit_transform] group_dims=[358]
[ 2019-12-13 17:25:58,892][cascade_classifier.fit_transform] group_starts=[0]
[ 2019-12-13 17:25:58,892][cascade_classifier.fit_transform] group_ends=[358]
[ 2019-12-13 17:25:58,892][cascade_classifier.fit_transform] X_train.shape=(774, 358),X_test.shape=(87, 358)
[ 2019-12-13 17:25:58,892][cascade_classifier.fit_transform] [layer=0] look_indexs=[0], X_cur_train.shape=(774, 358), X_cur_test.shape=(87, 358)
[ 2019-12-13 17:26:03,183][kfold_wrapper.log_eval_metrics] Accuracy(layer_0 - estimator_0 - 5_folds.train_0.predict)=77.56%
[ 2019-12-13 17:26:08,175][kfold_wrapper.log_eval_metrics] Accuracy(layer_0 - estimator_0 - 5_folds.train_1.predict)=83.87%
[ 2019-12-13 17:26:13,389][kfold_wrapper.log_eval_metrics] Accuracy(layer_0 - estimator_0 - 5_folds.train_2.predict)=81.29%
[ 2019-12-13 17:26:18,735][kfold_wrapper.log_eval_metrics] Accuracy(layer_0 - estimator_0 - 5_folds.train_3.predict)=83.77%
[ 2019-12-13 17:26:24,507][kfold_wrapper.log_eval_metrics] Accuracy(layer_0 - estimator_0 - 5_folds.train_4.predict)=84.42%
[ 2019-12-13 17:26:25,174][kfold_wrapper.log_eval_metrics] Accuracy(layer_0 - estimator_0 - 5_folds.train_cv.predict)=82.17%
[ 2019-12-13 17:26:25,174][kfold_wrapper.log_eval_metrics] Accuracy(layer_0 - estimator_0 - 5_folds.test.predict)=78.16%
[ 2019-12-13 17:26:29,395][kfold_wrapper.log_eval_metrics] Accuracy(layer_0 - estimator_1 - 5_folds.train_0.predict)=88.46%
[ 2019-12-13 17:26:34,092][kfold_wrapper.log_eval_metrics] Accuracy(layer_0 - estimator_1 - 5_folds.train_1.predict)=76.77%
[ 2019-12-13 17:26:38,744][kfold_wrapper.log_eval_metrics] Accuracy(layer_0 - estimator_1 - 5_folds.train_2.predict)=81.29%
[ 2019-12-13 17:26:43,380][kfold_wrapper.log_eval_metrics] Accuracy(layer_0 - estimator_1 - 5_folds.train_3.predict)=83.77%
[ 2019-12-13 17:26:48,826][kfold_wrapper.log_eval_metrics] Accuracy(layer_0 - estimator_1 - 5_folds.train_4.predict)=80.52%
[ 2019-12-13 17:26:49,359][kfold_wrapper.log_eval_metrics] Accuracy(layer_0 - estimator_1 - 5_folds.train_cv.predict)=82.17%
[ 2019-12-13 17:26:49,359][kfold_wrapper.log_eval_metrics] Accuracy(layer_0 - estimator_1 - 5_folds.test.predict)=77.01%
[ 2019-12-13 17:26:51,672][kfold_wrapper.log_eval_metrics] Accuracy(layer_0 - estimator_2 - 5_folds.train_0.predict)=80.13%
[ 2019-12-13 17:26:54,323][kfold_wrapper.log_eval_metrics] Accuracy(layer_0 - estimator_2 - 5_folds.train_1.predict)=80.00%
[ 2019-12-13 17:26:57,510][kfold_wrapper.log_eval_metrics] Accuracy(layer_0 - estimator_2 - 5_folds.train_2.predict)=79.35%
[ 2019-12-13 17:27:00,788][kfold_wrapper.log_eval_metrics] Accuracy(layer_0 - estimator_2 - 5_folds.train_3.predict)=74.68%
[ 2019-12-13 17:27:03,708][kfold_wrapper.log_eval_metrics] Accuracy(layer_0 - estimator_2 - 5_folds.train_4.predict)=88.31%
[ 2019-12-13 17:27:03,708][kfold_wrapper.log_eval_metrics] Accuracy(layer_0 - estimator_2 - 5_folds.train_cv.predict)=80.49%
[ 2019-12-13 17:27:03,708][kfold_wrapper.log_eval_metrics] Accuracy(layer_0 - estimator_2 - 5_folds.test.predict)=78.16%
[ 2019-12-13 17:27:03,708][cascade_classifier.calc_accuracy] Accuracy(layer_0 - train.classifier_average)=81.52%
[ 2019-12-13 17:27:03,708][cascade_classifier.calc_accuracy] Accuracy(layer_0 - test.classifier_average)=78.16%
[ 2019-12-13 17:27:03,708][cascade_classifier.fit_transform] [layer=1] look_indexs=[0], X_cur_train.shape=(774, 364), X_cur_test.shape=(87, 364)
[ 2019-12-13 17:27:08,490][kfold_wrapper.log_eval_metrics] Accuracy(layer_1 - estimator_0 - 5_folds.train_0.predict)=81.41%
[ 2019-12-13 17:27:14,812][kfold_wrapper.log_eval_metrics] Accuracy(layer_1 - estimator_0 - 5_folds.train_1.predict)=85.81%
[ 2019-12-13 17:27:20,801][kfold_wrapper.log_eval_metrics] Accuracy(layer_1 - estimator_0 - 5_folds.train_2.predict)=84.52%
[ 2019-12-13 17:27:25,954][kfold_wrapper.log_eval_metrics] Accuracy(layer_1 - estimator_0 - 5_folds.train_3.predict)=81.82%
[ 2019-12-13 17:27:31,323][kfold_wrapper.log_eval_metrics] Accuracy(layer_1 - estimator_0 - 5_folds.train_4.predict)=79.87%
[ 2019-12-13 17:27:31,958][kfold_wrapper.log_eval_metrics] Accuracy(layer_1 - estimator_0 - 5_folds.train_cv.predict)=82.69%
[ 2019-12-13 17:27:31,958][kfold_wrapper.log_eval_metrics] Accuracy(layer_1 - estimator_0 - 5_folds.test.predict)=78.16%
[ 2019-12-13 17:27:36,101][kfold_wrapper.log_eval_metrics] Accuracy(layer_1 - estimator_1 - 5_folds.train_0.predict)=85.90%
[ 2019-12-13 17:27:41,555][kfold_wrapper.log_eval_metrics] Accuracy(layer_1 - estimator_1 - 5_folds.train_1.predict)=82.58%
[ 2019-12-13 17:27:46,931][kfold_wrapper.log_eval_metrics] Accuracy(layer_1 - estimator_1 - 5_folds.train_2.predict)=78.06%
[ 2019-12-13 17:27:52,531][kfold_wrapper.log_eval_metrics] Accuracy(layer_1 - estimator_1 - 5_folds.train_3.predict)=81.82%
[ 2019-12-13 17:27:57,794][kfold_wrapper.log_eval_metrics] Accuracy(layer_1 - estimator_1 - 5_folds.train_4.predict)=82.47%
[ 2019-12-13 17:27:58,422][kfold_wrapper.log_eval_metrics] Accuracy(layer_1 - estimator_1 - 5_folds.train_cv.predict)=82.17%
[ 2019-12-13 17:27:58,422][kfold_wrapper.log_eval_metrics] Accuracy(layer_1 - estimator_1 - 5_folds.test.predict)=77.01%
[ 2019-12-13 17:28:00,789][kfold_wrapper.log_eval_metrics] Accuracy(layer_1 - estimator_2 - 5_folds.train_0.predict)=84.62%
[ 2019-12-13 17:28:03,148][kfold_wrapper.log_eval_metrics] Accuracy(layer_1 - estimator_2 - 5_folds.train_1.predict)=81.94%
[ 2019-12-13 17:28:05,570][kfold_wrapper.log_eval_metrics] Accuracy(layer_1 - estimator_2 - 5_folds.train_2.predict)=81.94%
[ 2019-12-13 17:28:08,004][kfold_wrapper.log_eval_metrics] Accuracy(layer_1 - estimator_2 - 5_folds.train_3.predict)=81.82%
[ 2019-12-13 17:28:10,731][kfold_wrapper.log_eval_metrics] Accuracy(layer_1 - estimator_2 - 5_folds.train_4.predict)=83.77%
[ 2019-12-13 17:28:10,733][kfold_wrapper.log_eval_metrics] Accuracy(layer_1 - estimator_2 - 5_folds.train_cv.predict)=82.82%
[ 2019-12-13 17:28:10,733][kfold_wrapper.log_eval_metrics] Accuracy(layer_1 - estimator_2 - 5_folds.test.predict)=81.61%
[ 2019-12-13 17:28:10,733][cascade_classifier.calc_accuracy] Accuracy(layer_1 - train.classifier_average)=82.56%
[ 2019-12-13 17:28:10,733][cascade_classifier.calc_accuracy] Accuracy(layer_1 - test.classifier_average)=81.61%
[ 2019-12-13 17:28:10,735][cascade_classifier.fit_transform] [layer=2] look_indexs=[0], X_cur_train.shape=(774, 364), X_cur_test.shape=(87, 364)
[ 2019-12-13 17:28:15,942][kfold_wrapper.log_eval_metrics] Accuracy(layer_2 - estimator_0 - 5_folds.train_0.predict)=87.18%
[ 2019-12-13 17:28:21,443][kfold_wrapper.log_eval_metrics] Accuracy(layer_2 - estimator_0 - 5_folds.train_1.predict)=85.81%
[ 2019-12-13 17:28:26,244][kfold_wrapper.log_eval_metrics] Accuracy(layer_2 - estimator_0 - 5_folds.train_2.predict)=79.35%
[ 2019-12-13 17:28:31,157][kfold_wrapper.log_eval_metrics] Accuracy(layer_2 - estimator_0 - 5_folds.train_3.predict)=79.87%
[ 2019-12-13 17:28:35,939][kfold_wrapper.log_eval_metrics] Accuracy(layer_2 - estimator_0 - 5_folds.train_4.predict)=81.82%
[ 2019-12-13 17:28:36,590][kfold_wrapper.log_eval_metrics] Accuracy(layer_2 - estimator_0 - 5_folds.train_cv.predict)=82.82%
[ 2019-12-13 17:28:36,591][kfold_wrapper.log_eval_metrics] Accuracy(layer_2 - estimator_0 - 5_folds.test.predict)=77.01%
[ 2019-12-13 17:28:40,603][kfold_wrapper.log_eval_metrics] Accuracy(layer_2 - estimator_1 - 5_folds.train_0.predict)=83.33%
[ 2019-12-13 17:28:45,576][kfold_wrapper.log_eval_metrics] Accuracy(layer_2 - estimator_1 - 5_folds.train_1.predict)=83.23%
[ 2019-12-13 17:28:50,423][kfold_wrapper.log_eval_metrics] Accuracy(layer_2 - estimator_1 - 5_folds.train_2.predict)=87.10%
[ 2019-12-13 17:28:55,159][kfold_wrapper.log_eval_metrics] Accuracy(layer_2 - estimator_1 - 5_folds.train_3.predict)=83.77%
[ 2019-12-13 17:28:59,843][kfold_wrapper.log_eval_metrics] Accuracy(layer_2 - estimator_1 - 5_folds.train_4.predict)=81.17%
[ 2019-12-13 17:29:00,405][kfold_wrapper.log_eval_metrics] Accuracy(layer_2 - estimator_1 - 5_folds.train_cv.predict)=83.72%
[ 2019-12-13 17:29:00,405][kfold_wrapper.log_eval_metrics] Accuracy(layer_2 - estimator_1 - 5_folds.test.predict)=79.31%
[ 2019-12-13 17:29:03,467][kfold_wrapper.log_eval_metrics] Accuracy(layer_2 - estimator_2 - 5_folds.train_0.predict)=82.05%
[ 2019-12-13 17:29:06,078][kfold_wrapper.log_eval_metrics] Accuracy(layer_2 - estimator_2 - 5_folds.train_1.predict)=78.71%
[ 2019-12-13 17:29:08,669][kfold_wrapper.log_eval_metrics] Accuracy(layer_2 - estimator_2 - 5_folds.train_2.predict)=85.16%
[ 2019-12-13 17:29:11,399][kfold_wrapper.log_eval_metrics] Accuracy(layer_2 - estimator_2 - 5_folds.train_3.predict)=79.87%
[ 2019-12-13 17:29:14,131][kfold_wrapper.log_eval_metrics] Accuracy(layer_2 - estimator_2 - 5_folds.train_4.predict)=83.12%
[ 2019-12-13 17:29:14,131][kfold_wrapper.log_eval_metrics] Accuracy(layer_2 - estimator_2 - 5_folds.train_cv.predict)=81.78%
[ 2019-12-13 17:29:14,131][kfold_wrapper.log_eval_metrics] Accuracy(layer_2 - estimator_2 - 5_folds.test.predict)=81.61%
[ 2019-12-13 17:29:14,131][cascade_classifier.calc_accuracy] Accuracy(layer_2 - train.classifier_average)=82.82%
[ 2019-12-13 17:29:14,131][cascade_classifier.calc_accuracy] Accuracy(layer_2 - test.classifier_average)=80.46%
[ 2019-12-13 17:29:14,131][cascade_classifier.fit_transform] [layer=3] look_indexs=[0], X_cur_train.shape=(774, 364), X_cur_test.shape=(87, 364)
[ 2019-12-13 17:29:18,931][kfold_wrapper.log_eval_metrics] Accuracy(layer_3 - estimator_0 - 5_folds.train_0.predict)=84.62%
[ 2019-12-13 17:29:24,407][kfold_wrapper.log_eval_metrics] Accuracy(layer_3 - estimator_0 - 5_folds.train_1.predict)=80.00%
[ 2019-12-13 17:29:29,804][kfold_wrapper.log_eval_metrics] Accuracy(layer_3 - estimator_0 - 5_folds.train_2.predict)=80.00%
[ 2019-12-13 17:29:34,710][kfold_wrapper.log_eval_metrics] Accuracy(layer_3 - estimator_0 - 5_folds.train_3.predict)=84.42%
[ 2019-12-13 17:29:39,476][kfold_wrapper.log_eval_metrics] Accuracy(layer_3 - estimator_0 - 5_folds.train_4.predict)=83.77%
[ 2019-12-13 17:29:40,039][kfold_wrapper.log_eval_metrics] Accuracy(layer_3 - estimator_0 - 5_folds.train_cv.predict)=82.56%
[ 2019-12-13 17:29:40,039][kfold_wrapper.log_eval_metrics] Accuracy(layer_3 - estimator_0 - 5_folds.test.predict)=78.16%
[ 2019-12-13 17:29:44,348][kfold_wrapper.log_eval_metrics] Accuracy(layer_3 - estimator_1 - 5_folds.train_0.predict)=82.69%
[ 2019-12-13 17:29:49,121][kfold_wrapper.log_eval_metrics] Accuracy(layer_3 - estimator_1 - 5_folds.train_1.predict)=83.23%
[ 2019-12-13 17:29:53,669][kfold_wrapper.log_eval_metrics] Accuracy(layer_3 - estimator_1 - 5_folds.train_2.predict)=83.87%
