[ 2019-12-15 13:52:08,006][cascade_classifier.fit_transform] X_groups_train.shape=[(774, 358)],y_train.shape=(774,),X_groups_test.shape=[(87, 358)],y_test.shape=(87,)
[ 2019-12-15 13:52:08,007][cascade_classifier.fit_transform] group_dims=[358]
[ 2019-12-15 13:52:08,007][cascade_classifier.fit_transform] group_starts=[0]
[ 2019-12-15 13:52:08,007][cascade_classifier.fit_transform] group_ends=[358]
[ 2019-12-15 13:52:08,007][cascade_classifier.fit_transform] X_train.shape=(774, 358),X_test.shape=(87, 358)
[ 2019-12-15 13:52:08,009][cascade_classifier.fit_transform] [layer=0] look_indexs=[0], X_cur_train.shape=(774, 358), X_cur_test.shape=(87, 358)
[ 2019-12-15 13:52:16,167][kfold_wrapper.log_eval_metrics] Accuracy(layer_0 - estimator_0 - 5_folds.train_0.predict)=83.23%
[ 2019-12-15 13:52:24,265][kfold_wrapper.log_eval_metrics] Accuracy(layer_0 - estimator_0 - 5_folds.train_1.predict)=78.06%
[ 2019-12-15 13:52:32,394][kfold_wrapper.log_eval_metrics] Accuracy(layer_0 - estimator_0 - 5_folds.train_2.predict)=80.00%
[ 2019-12-15 13:52:40,236][kfold_wrapper.log_eval_metrics] Accuracy(layer_0 - estimator_0 - 5_folds.train_3.predict)=84.52%
[ 2019-12-15 13:52:48,468][kfold_wrapper.log_eval_metrics] Accuracy(layer_0 - estimator_0 - 5_folds.train_4.predict)=79.22%
[ 2019-12-15 13:52:48,470][kfold_wrapper.log_eval_metrics] Accuracy(layer_0 - estimator_0 - 5_folds.train_cv.predict)=81.01%
[ 2019-12-15 13:52:48,470][kfold_wrapper.log_eval_metrics] Accuracy(layer_0 - estimator_0 - 5_folds.test.predict)=81.61%
[ 2019-12-15 13:52:49,043][kfold_wrapper.log_eval_metrics] Accuracy(layer_0 - estimator_1 - 5_folds.train_0.predict)=76.77%
[ 2019-12-15 13:52:49,694][kfold_wrapper.log_eval_metrics] Accuracy(layer_0 - estimator_1 - 5_folds.train_1.predict)=81.29%
[ 2019-12-15 13:52:50,352][kfold_wrapper.log_eval_metrics] Accuracy(layer_0 - estimator_1 - 5_folds.train_2.predict)=84.52%
[ 2019-12-15 13:52:51,007][kfold_wrapper.log_eval_metrics] Accuracy(layer_0 - estimator_1 - 5_folds.train_3.predict)=80.65%
[ 2019-12-15 13:52:51,670][kfold_wrapper.log_eval_metrics] Accuracy(layer_0 - estimator_1 - 5_folds.train_4.predict)=83.12%
[ 2019-12-15 13:52:51,776][kfold_wrapper.log_eval_metrics] Accuracy(layer_0 - estimator_1 - 5_folds.train_cv.predict)=81.27%
[ 2019-12-15 13:52:51,777][kfold_wrapper.log_eval_metrics] Accuracy(layer_0 - estimator_1 - 5_folds.test.predict)=81.61%
[ 2019-12-15 13:52:52,315][kfold_wrapper.log_eval_metrics] Accuracy(layer_0 - estimator_2 - 5_folds.train_0.predict)=78.71%
[ 2019-12-15 13:52:52,972][kfold_wrapper.log_eval_metrics] Accuracy(layer_0 - estimator_2 - 5_folds.train_1.predict)=80.65%
[ 2019-12-15 13:52:53,613][kfold_wrapper.log_eval_metrics] Accuracy(layer_0 - estimator_2 - 5_folds.train_2.predict)=81.94%
[ 2019-12-15 13:52:54,260][kfold_wrapper.log_eval_metrics] Accuracy(layer_0 - estimator_2 - 5_folds.train_3.predict)=82.58%
[ 2019-12-15 13:52:54,897][kfold_wrapper.log_eval_metrics] Accuracy(layer_0 - estimator_2 - 5_folds.train_4.predict)=88.31%
[ 2019-12-15 13:52:55,003][kfold_wrapper.log_eval_metrics] Accuracy(layer_0 - estimator_2 - 5_folds.train_cv.predict)=82.43%
[ 2019-12-15 13:52:55,008][kfold_wrapper.log_eval_metrics] Accuracy(layer_0 - estimator_2 - 5_folds.test.predict)=81.61%
[ 2019-12-15 13:52:56,621][kfold_wrapper.log_eval_metrics] Accuracy(layer_0 - estimator_3 - 5_folds.train_0.predict)=81.29%
[ 2019-12-15 13:52:58,273][kfold_wrapper.log_eval_metrics] Accuracy(layer_0 - estimator_3 - 5_folds.train_1.predict)=79.35%
[ 2019-12-15 13:52:59,912][kfold_wrapper.log_eval_metrics] Accuracy(layer_0 - estimator_3 - 5_folds.train_2.predict)=78.71%
[ 2019-12-15 13:53:01,563][kfold_wrapper.log_eval_metrics] Accuracy(layer_0 - estimator_3 - 5_folds.train_3.predict)=82.58%
[ 2019-12-15 13:53:03,219][kfold_wrapper.log_eval_metrics] Accuracy(layer_0 - estimator_3 - 5_folds.train_4.predict)=83.77%
[ 2019-12-15 13:53:03,240][kfold_wrapper.log_eval_metrics] Accuracy(layer_0 - estimator_3 - 5_folds.train_cv.predict)=81.14%
[ 2019-12-15 13:53:03,240][kfold_wrapper.log_eval_metrics] Accuracy(layer_0 - estimator_3 - 5_folds.test.predict)=85.06%
[ 2019-12-15 13:53:03,240][cascade_classifier.calc_accuracy] Accuracy(layer_0 - train.classifier_average)=81.65%
[ 2019-12-15 13:53:03,241][cascade_classifier.calc_accuracy] Accuracy(layer_0 - test.classifier_average)=80.46%
[ 2019-12-15 13:53:03,243][cascade_classifier.fit_transform] [layer=1] look_indexs=[0], X_cur_train.shape=(774, 366), X_cur_test.shape=(87, 366)
[ 2019-12-15 13:53:10,788][kfold_wrapper.log_eval_metrics] Accuracy(layer_1 - estimator_0 - 5_folds.train_0.predict)=79.35%
[ 2019-12-15 13:53:18,715][kfold_wrapper.log_eval_metrics] Accuracy(layer_1 - estimator_0 - 5_folds.train_1.predict)=85.16%
[ 2019-12-15 13:53:26,360][kfold_wrapper.log_eval_metrics] Accuracy(layer_1 - estimator_0 - 5_folds.train_2.predict)=73.55%
[ 2019-12-15 13:53:34,284][kfold_wrapper.log_eval_metrics] Accuracy(layer_1 - estimator_0 - 5_folds.train_3.predict)=83.87%
[ 2019-12-15 13:53:42,311][kfold_wrapper.log_eval_metrics] Accuracy(layer_1 - estimator_0 - 5_folds.train_4.predict)=80.52%
[ 2019-12-15 13:53:42,313][kfold_wrapper.log_eval_metrics] Accuracy(layer_1 - estimator_0 - 5_folds.train_cv.predict)=80.49%
[ 2019-12-15 13:53:42,313][kfold_wrapper.log_eval_metrics] Accuracy(layer_1 - estimator_0 - 5_folds.test.predict)=81.61%
[ 2019-12-15 13:53:42,870][kfold_wrapper.log_eval_metrics] Accuracy(layer_1 - estimator_1 - 5_folds.train_0.predict)=79.35%
[ 2019-12-15 13:53:43,523][kfold_wrapper.log_eval_metrics] Accuracy(layer_1 - estimator_1 - 5_folds.train_1.predict)=79.35%
[ 2019-12-15 13:53:44,180][kfold_wrapper.log_eval_metrics] Accuracy(layer_1 - estimator_1 - 5_folds.train_2.predict)=80.65%
[ 2019-12-15 13:53:44,836][kfold_wrapper.log_eval_metrics] Accuracy(layer_1 - estimator_1 - 5_folds.train_3.predict)=83.23%
[ 2019-12-15 13:53:45,494][kfold_wrapper.log_eval_metrics] Accuracy(layer_1 - estimator_1 - 5_folds.train_4.predict)=85.71%
[ 2019-12-15 13:53:45,599][kfold_wrapper.log_eval_metrics] Accuracy(layer_1 - estimator_1 - 5_folds.train_cv.predict)=81.65%
[ 2019-12-15 13:53:45,599][kfold_wrapper.log_eval_metrics] Accuracy(layer_1 - estimator_1 - 5_folds.test.predict)=82.76%
[ 2019-12-15 13:53:46,132][kfold_wrapper.log_eval_metrics] Accuracy(layer_1 - estimator_2 - 5_folds.train_0.predict)=83.23%
[ 2019-12-15 13:53:46,780][kfold_wrapper.log_eval_metrics] Accuracy(layer_1 - estimator_2 - 5_folds.train_1.predict)=81.29%
[ 2019-12-15 13:53:47,420][kfold_wrapper.log_eval_metrics] Accuracy(layer_1 - estimator_2 - 5_folds.train_2.predict)=84.52%
[ 2019-12-15 13:53:48,070][kfold_wrapper.log_eval_metrics] Accuracy(layer_1 - estimator_2 - 5_folds.train_3.predict)=78.71%
[ 2019-12-15 13:53:48,708][kfold_wrapper.log_eval_metrics] Accuracy(layer_1 - estimator_2 - 5_folds.train_4.predict)=80.52%
[ 2019-12-15 13:53:48,819][kfold_wrapper.log_eval_metrics] Accuracy(layer_1 - estimator_2 - 5_folds.train_cv.predict)=81.65%
[ 2019-12-15 13:53:48,819][kfold_wrapper.log_eval_metrics] Accuracy(layer_1 - estimator_2 - 5_folds.test.predict)=82.76%
[ 2019-12-15 13:53:50,484][kfold_wrapper.log_eval_metrics] Accuracy(layer_1 - estimator_3 - 5_folds.train_0.predict)=78.71%
[ 2019-12-15 13:53:52,153][kfold_wrapper.log_eval_metrics] Accuracy(layer_1 - estimator_3 - 5_folds.train_1.predict)=83.87%
[ 2019-12-15 13:53:53,821][kfold_wrapper.log_eval_metrics] Accuracy(layer_1 - estimator_3 - 5_folds.train_2.predict)=81.94%
[ 2019-12-15 13:53:55,506][kfold_wrapper.log_eval_metrics] Accuracy(layer_1 - estimator_3 - 5_folds.train_3.predict)=81.29%
[ 2019-12-15 13:53:57,178][kfold_wrapper.log_eval_metrics] Accuracy(layer_1 - estimator_3 - 5_folds.train_4.predict)=82.47%
[ 2019-12-15 13:53:57,197][kfold_wrapper.log_eval_metrics] Accuracy(layer_1 - estimator_3 - 5_folds.train_cv.predict)=81.65%
[ 2019-12-15 13:53:57,197][kfold_wrapper.log_eval_metrics] Accuracy(layer_1 - estimator_3 - 5_folds.test.predict)=82.76%
[ 2019-12-15 13:53:57,198][cascade_classifier.calc_accuracy] Accuracy(layer_1 - train.classifier_average)=80.75%
[ 2019-12-15 13:53:57,198][cascade_classifier.calc_accuracy] Accuracy(layer_1 - test.classifier_average)=81.61%
[ 2019-12-15 13:53:57,200][cascade_classifier.fit_transform] [layer=2] look_indexs=[0], X_cur_train.shape=(774, 366), X_cur_test.shape=(87, 366)
[ 2019-12-15 13:54:05,460][kfold_wrapper.log_eval_metrics] Accuracy(layer_2 - estimator_0 - 5_folds.train_0.predict)=87.74%
[ 2019-12-15 13:54:13,814][kfold_wrapper.log_eval_metrics] Accuracy(layer_2 - estimator_0 - 5_folds.train_1.predict)=78.71%
[ 2019-12-15 13:54:21,712][kfold_wrapper.log_eval_metrics] Accuracy(layer_2 - estimator_0 - 5_folds.train_2.predict)=78.06%
[ 2019-12-15 13:54:29,837][kfold_wrapper.log_eval_metrics] Accuracy(layer_2 - estimator_0 - 5_folds.train_3.predict)=83.87%
[ 2019-12-15 13:54:38,414][kfold_wrapper.log_eval_metrics] Accuracy(layer_2 - estimator_0 - 5_folds.train_4.predict)=79.87%
[ 2019-12-15 13:54:38,416][kfold_wrapper.log_eval_metrics] Accuracy(layer_2 - estimator_0 - 5_folds.train_cv.predict)=81.65%
[ 2019-12-15 13:54:38,416][kfold_wrapper.log_eval_metrics] Accuracy(layer_2 - estimator_0 - 5_folds.test.predict)=81.61%
[ 2019-12-15 13:54:38,973][kfold_wrapper.log_eval_metrics] Accuracy(layer_2 - estimator_1 - 5_folds.train_0.predict)=81.29%
[ 2019-12-15 13:54:39,627][kfold_wrapper.log_eval_metrics] Accuracy(layer_2 - estimator_1 - 5_folds.train_1.predict)=81.94%
[ 2019-12-15 13:54:40,284][kfold_wrapper.log_eval_metrics] Accuracy(layer_2 - estimator_1 - 5_folds.train_2.predict)=87.74%
[ 2019-12-15 13:54:40,942][kfold_wrapper.log_eval_metrics] Accuracy(layer_2 - estimator_1 - 5_folds.train_3.predict)=74.84%
[ 2019-12-15 13:54:41,602][kfold_wrapper.log_eval_metrics] Accuracy(layer_2 - estimator_1 - 5_folds.train_4.predict)=83.77%
[ 2019-12-15 13:54:41,707][kfold_wrapper.log_eval_metrics] Accuracy(layer_2 - estimator_1 - 5_folds.train_cv.predict)=81.91%
[ 2019-12-15 13:54:41,708][kfold_wrapper.log_eval_metrics] Accuracy(layer_2 - estimator_1 - 5_folds.test.predict)=81.61%
[ 2019-12-15 13:54:42,247][kfold_wrapper.log_eval_metrics] Accuracy(layer_2 - estimator_2 - 5_folds.train_0.predict)=84.52%
[ 2019-12-15 13:54:42,891][kfold_wrapper.log_eval_metrics] Accuracy(layer_2 - estimator_2 - 5_folds.train_1.predict)=78.71%
[ 2019-12-15 13:54:43,539][kfold_wrapper.log_eval_metrics] Accuracy(layer_2 - estimator_2 - 5_folds.train_2.predict)=81.29%
[ 2019-12-15 13:54:44,177][kfold_wrapper.log_eval_metrics] Accuracy(layer_2 - estimator_2 - 5_folds.train_3.predict)=80.00%
[ 2019-12-15 13:54:44,829][kfold_wrapper.log_eval_metrics] Accuracy(layer_2 - estimator_2 - 5_folds.train_4.predict)=83.77%
[ 2019-12-15 13:54:44,935][kfold_wrapper.log_eval_metrics] Accuracy(layer_2 - estimator_2 - 5_folds.train_cv.predict)=81.65%
[ 2019-12-15 13:54:44,935][kfold_wrapper.log_eval_metrics] Accuracy(layer_2 - estimator_2 - 5_folds.test.predict)=83.91%
[ 2019-12-15 13:54:46,579][kfold_wrapper.log_eval_metrics] Accuracy(layer_2 - estimator_3 - 5_folds.train_0.predict)=83.87%
[ 2019-12-15 13:54:48,262][kfold_wrapper.log_eval_metrics] Accuracy(layer_2 - estimator_3 - 5_folds.train_1.predict)=81.29%
[ 2019-12-15 13:54:49,934][kfold_wrapper.log_eval_metrics] Accuracy(layer_2 - estimator_3 - 5_folds.train_2.predict)=78.71%
[ 2019-12-15 13:54:51,612][kfold_wrapper.log_eval_metrics] Accuracy(layer_2 - estimator_3 - 5_folds.train_3.predict)=78.71%
[ 2019-12-15 13:54:53,300][kfold_wrapper.log_eval_metrics] Accuracy(layer_2 - estimator_3 - 5_folds.train_4.predict)=80.52%
[ 2019-12-15 13:54:53,328][kfold_wrapper.log_eval_metrics] Accuracy(layer_2 - estimator_3 - 5_folds.train_cv.predict)=80.62%
[ 2019-12-15 13:54:53,328][kfold_wrapper.log_eval_metrics] Accuracy(layer_2 - estimator_3 - 5_folds.test.predict)=82.76%
[ 2019-12-15 13:54:53,328][cascade_classifier.calc_accuracy] Accuracy(layer_2 - train.classifier_average)=82.43%
[ 2019-12-15 13:54:53,328][cascade_classifier.calc_accuracy] Accuracy(layer_2 - test.classifier_average)=80.46%
[ 2019-12-15 13:54:53,330][cascade_classifier.fit_transform] [layer=3] look_indexs=[0], X_cur_train.shape=(774, 366), X_cur_test.shape=(87, 366)
[ 2019-12-15 13:55:01,106][kfold_wrapper.log_eval_metrics] Accuracy(layer_3 - estimator_0 - 5_folds.train_0.predict)=85.81%
[ 2019-12-15 13:55:09,373][kfold_wrapper.log_eval_metrics] Accuracy(layer_3 - estimator_0 - 5_folds.train_1.predict)=79.35%
[ 2019-12-15 13:55:17,444][kfold_wrapper.log_eval_metrics] Accuracy(layer_3 - estimator_0 - 5_folds.train_2.predict)=81.94%
[ 2019-12-15 13:55:25,596][kfold_wrapper.log_eval_metrics] Accuracy(layer_3 - estimator_0 - 5_folds.train_3.predict)=80.00%
[ 2019-12-15 13:55:33,547][kfold_wrapper.log_eval_metrics] Accuracy(layer_3 - estimator_0 - 5_folds.train_4.predict)=79.22%
[ 2019-12-15 13:55:33,549][kfold_wrapper.log_eval_metrics] Accuracy(layer_3 - estimator_0 - 5_folds.train_cv.predict)=81.27%
[ 2019-12-15 13:55:33,549][kfold_wrapper.log_eval_metrics] Accuracy(layer_3 - estimator_0 - 5_folds.test.predict)=82.76%
[ 2019-12-15 13:55:34,114][kfold_wrapper.log_eval_metrics] Accuracy(layer_3 - estimator_1 - 5_folds.train_0.predict)=81.29%
[ 2019-12-15 13:55:34,779][kfold_wrapper.log_eval_metrics] Accuracy(layer_3 - estimator_1 - 5_folds.train_1.predict)=80.65%
[ 2019-12-15 13:55:35,436][kfold_wrapper.log_eval_metrics] Accuracy(layer_3 - estimator_1 - 5_folds.train_2.predict)=81.29%
[ 2019-12-15 13:55:36,093][kfold_wrapper.log_eval_metrics] Accuracy(layer_3 - estimator_1 - 5_folds.train_3.predict)=80.00%
[ 2019-12-15 13:55:36,753][kfold_wrapper.log_eval_metrics] Accuracy(layer_3 - estimator_1 - 5_folds.train_4.predict)=81.17%
[ 2019-12-15 13:55:36,858][kfold_wrapper.log_eval_metrics] Accuracy(layer_3 - estimator_1 - 5_folds.train_cv.predict)=80.88%
[ 2019-12-15 13:55:36,859][kfold_wrapper.log_eval_metrics] Accuracy(layer_3 - estimator_1 - 5_folds.test.predict)=82.76%
[ 2019-12-15 13:55:37,405][kfold_wrapper.log_eval_metrics] Accuracy(layer_3 - estimator_2 - 5_folds.train_0.predict)=81.29%
[ 2019-12-15 13:55:38,047][kfold_wrapper.log_eval_metrics] Accuracy(layer_3 - estimator_2 - 5_folds.train_1.predict)=85.16%
[ 2019-12-15 13:55:38,701][kfold_wrapper.log_eval_metrics] Accuracy(layer_3 - estimator_2 - 5_folds.train_2.predict)=83.87%
[ 2019-12-15 13:55:39,342][kfold_wrapper.log_eval_metrics] Accuracy(layer_3 - estimator_2 - 5_folds.train_3.predict)=86.45%
[ 2019-12-15 13:55:39,987][kfold_wrapper.log_eval_metrics] Accuracy(layer_3 - estimator_2 - 5_folds.train_4.predict)=76.62%
[ 2019-12-15 13:55:40,091][kfold_wrapper.log_eval_metrics] Accuracy(layer_3 - estimator_2 - 5_folds.train_cv.predict)=82.69%
[ 2019-12-15 13:55:40,092][kfold_wrapper.log_eval_metrics] Accuracy(layer_3 - estimator_2 - 5_folds.test.predict)=82.76%
[ 2019-12-15 13:55:41,759][kfold_wrapper.log_eval_metrics] Accuracy(layer_3 - estimator_3 - 5_folds.train_0.predict)=87.74%
[ 2019-12-15 13:55:43,454][kfold_wrapper.log_eval_metrics] Accuracy(layer_3 - estimator_3 - 5_folds.train_1.predict)=80.00%
[ 2019-12-15 13:55:45,131][kfold_wrapper.log_eval_metrics] Accuracy(layer_3 - estimator_3 - 5_folds.train_2.predict)=83.23%
[ 2019-12-15 13:55:46,818][kfold_wrapper.log_eval_metrics] Accuracy(layer_3 - estimator_3 - 5_folds.train_3.predict)=76.13%
[ 2019-12-15 13:55:48,492][kfold_wrapper.log_eval_metrics] Accuracy(layer_3 - estimator_3 - 5_folds.train_4.predict)=77.92%
[ 2019-12-15 13:55:48,519][kfold_wrapper.log_eval_metrics] Accuracy(layer_3 - estimator_3 - 5_folds.train_cv.predict)=81.01%
[ 2019-12-15 13:55:48,520][kfold_wrapper.log_eval_metrics] Accuracy(layer_3 - estimator_3 - 5_folds.test.predict)=82.76%
[ 2019-12-15 13:55:48,520][cascade_classifier.calc_accuracy] Accuracy(layer_3 - train.classifier_average)=82.04%
[ 2019-12-15 13:55:48,520][cascade_classifier.calc_accuracy] Accuracy(layer_3 - test.classifier_average)=82.76%
[ 2019-12-15 13:55:48,522][cascade_classifier.fit_transform] [layer=4] look_indexs=[0], X_cur_train.shape=(774, 366), X_cur_test.shape=(87, 366)
[ 2019-12-15 13:55:56,482][kfold_wrapper.log_eval_metrics] Accuracy(layer_4 - estimator_0 - 5_folds.train_0.predict)=78.71%
[ 2019-12-15 13:56:04,868][kfold_wrapper.log_eval_metrics] Accuracy(layer_4 - estimator_0 - 5_folds.train_1.predict)=81.29%
[ 2019-12-15 13:56:13,074][kfold_wrapper.log_eval_metrics] Accuracy(layer_4 - estimator_0 - 5_folds.train_2.predict)=79.35%
[ 2019-12-15 13:56:21,166][kfold_wrapper.log_eval_metrics] Accuracy(layer_4 - estimator_0 - 5_folds.train_3.predict)=83.23%
[ 2019-12-15 13:56:29,232][kfold_wrapper.log_eval_metrics] Accuracy(layer_4 - estimator_0 - 5_folds.train_4.predict)=83.77%
[ 2019-12-15 13:56:29,234][kfold_wrapper.log_eval_metrics] Accuracy(layer_4 - estimator_0 - 5_folds.train_cv.predict)=81.27%
[ 2019-12-15 13:56:29,235][kfold_wrapper.log_eval_metrics] Accuracy(layer_4 - estimator_0 - 5_folds.test.predict)=82.76%
[ 2019-12-15 13:56:29,800][kfold_wrapper.log_eval_metrics] Accuracy(layer_4 - estimator_1 - 5_folds.train_0.predict)=82.58%
[ 2019-12-15 13:56:30,462][kfold_wrapper.log_eval_metrics] Accuracy(layer_4 - estimator_1 - 5_folds.train_1.predict)=81.94%
[ 2019-12-15 13:56:31,116][kfold_wrapper.log_eval_metrics] Accuracy(layer_4 - estimator_1 - 5_folds.train_2.predict)=78.71%
[ 2019-12-15 13:56:31,782][kfold_wrapper.log_eval_metrics] Accuracy(layer_4 - estimator_1 - 5_folds.train_3.predict)=87.10%
[ 2019-12-15 13:56:32,447][kfold_wrapper.log_eval_metrics] Accuracy(layer_4 - estimator_1 - 5_folds.train_4.predict)=79.87%
[ 2019-12-15 13:56:32,558][kfold_wrapper.log_eval_metrics] Accuracy(layer_4 - estimator_1 - 5_folds.train_cv.predict)=82.04%
[ 2019-12-15 13:56:32,559][kfold_wrapper.log_eval_metrics] Accuracy(layer_4 - estimator_1 - 5_folds.test.predict)=81.61%
[ 2019-12-15 13:56:33,097][kfold_wrapper.log_eval_metrics] Accuracy(layer_4 - estimator_2 - 5_folds.train_0.predict)=81.29%
[ 2019-12-15 13:56:33,741][kfold_wrapper.log_eval_metrics] Accuracy(layer_4 - estimator_2 - 5_folds.train_1.predict)=81.94%
[ 2019-12-15 13:56:34,391][kfold_wrapper.log_eval_metrics] Accuracy(layer_4 - estimator_2 - 5_folds.train_2.predict)=80.00%
[ 2019-12-15 13:56:35,033][kfold_wrapper.log_eval_metrics] Accuracy(layer_4 - estimator_2 - 5_folds.train_3.predict)=80.00%
[ 2019-12-15 13:56:35,677][kfold_wrapper.log_eval_metrics] Accuracy(layer_4 - estimator_2 - 5_folds.train_4.predict)=83.77%
[ 2019-12-15 13:56:35,781][kfold_wrapper.log_eval_metrics] Accuracy(layer_4 - estimator_2 - 5_folds.train_cv.predict)=81.40%
[ 2019-12-15 13:56:35,782][kfold_wrapper.log_eval_metrics] Accuracy(layer_4 - estimator_2 - 5_folds.test.predict)=82.76%
[ 2019-12-15 13:56:37,448][kfold_wrapper.log_eval_metrics] Accuracy(layer_4 - estimator_3 - 5_folds.train_0.predict)=79.35%
[ 2019-12-15 13:56:39,146][kfold_wrapper.log_eval_metrics] Accuracy(layer_4 - estimator_3 - 5_folds.train_1.predict)=80.00%
[ 2019-12-15 13:56:40,820][kfold_wrapper.log_eval_metrics] Accuracy(layer_4 - estimator_3 - 5_folds.train_2.predict)=83.23%
[ 2019-12-15 13:56:42,508][kfold_wrapper.log_eval_metrics] Accuracy(layer_4 - estimator_3 - 5_folds.train_3.predict)=83.23%
[ 2019-12-15 13:56:44,181][kfold_wrapper.log_eval_metrics] Accuracy(layer_4 - estimator_3 - 5_folds.train_4.predict)=83.77%
[ 2019-12-15 13:56:44,203][kfold_wrapper.log_eval_metrics] Accuracy(layer_4 - estimator_3 - 5_folds.train_cv.predict)=81.91%
[ 2019-12-15 13:56:44,203][kfold_wrapper.log_eval_metrics] Accuracy(layer_4 - estimator_3 - 5_folds.test.predict)=81.61%
[ 2019-12-15 13:56:44,203][cascade_classifier.calc_accuracy] Accuracy(layer_4 - train.classifier_average)=81.40%
[ 2019-12-15 13:56:44,204][cascade_classifier.calc_accuracy] Accuracy(layer_4 - test.classifier_average)=80.46%
[ 2019-12-15 13:56:44,206][cascade_classifier.fit_transform] [layer=5] look_indexs=[0], X_cur_train.shape=(774, 366), X_cur_test.shape=(87, 366)
[ 2019-12-15 13:56:52,119][kfold_wrapper.log_eval_metrics] Accuracy(layer_5 - estimator_0 - 5_folds.train_0.predict)=78.71%
[ 2019-12-15 13:57:00,376][kfold_wrapper.log_eval_metrics] Accuracy(layer_5 - estimator_0 - 5_folds.train_1.predict)=83.23%
[ 2019-12-15 13:57:08,371][kfold_wrapper.log_eval_metrics] Accuracy(layer_5 - estimator_0 - 5_folds.train_2.predict)=83.87%
[ 2019-12-15 13:57:16,637][kfold_wrapper.log_eval_metrics] Accuracy(layer_5 - estimator_0 - 5_folds.train_3.predict)=80.00%
[ 2019-12-15 13:57:24,127][kfold_wrapper.log_eval_metrics] Accuracy(layer_5 - estimator_0 - 5_folds.train_4.predict)=81.17%
[ 2019-12-15 13:57:24,129][kfold_wrapper.log_eval_metrics] Accuracy(layer_5 - estimator_0 - 5_folds.train_cv.predict)=81.40%
[ 2019-12-15 13:57:24,130][kfold_wrapper.log_eval_metrics] Accuracy(layer_5 - estimator_0 - 5_folds.test.predict)=81.61%
[ 2019-12-15 13:57:24,688][kfold_wrapper.log_eval_metrics] Accuracy(layer_5 - estimator_1 - 5_folds.train_0.predict)=76.77%
[ 2019-12-15 13:57:25,351][kfold_wrapper.log_eval_metrics] Accuracy(layer_5 - estimator_1 - 5_folds.train_1.predict)=79.35%
[ 2019-12-15 13:57:26,012][kfold_wrapper.log_eval_metrics] Accuracy(layer_5 - estimator_1 - 5_folds.train_2.predict)=83.87%
[ 2019-12-15 13:57:26,668][kfold_wrapper.log_eval_metrics] Accuracy(layer_5 - estimator_1 - 5_folds.train_3.predict)=83.87%
[ 2019-12-15 13:57:27,336][kfold_wrapper.log_eval_metrics] Accuracy(layer_5 - estimator_1 - 5_folds.train_4.predict)=83.77%
[ 2019-12-15 13:57:27,442][kfold_wrapper.log_eval_metrics] Accuracy(layer_5 - estimator_1 - 5_folds.train_cv.predict)=81.52%
[ 2019-12-15 13:57:27,442][kfold_wrapper.log_eval_metrics] Accuracy(layer_5 - estimator_1 - 5_folds.test.predict)=83.91%
[ 2019-12-15 13:57:27,980][kfold_wrapper.log_eval_metrics] Accuracy(layer_5 - estimator_2 - 5_folds.train_0.predict)=80.65%
[ 2019-12-15 13:57:28,626][kfold_wrapper.log_eval_metrics] Accuracy(layer_5 - estimator_2 - 5_folds.train_1.predict)=87.10%
[ 2019-12-15 13:57:29,266][kfold_wrapper.log_eval_metrics] Accuracy(layer_5 - estimator_2 - 5_folds.train_2.predict)=80.00%
[ 2019-12-15 13:57:29,918][kfold_wrapper.log_eval_metrics] Accuracy(layer_5 - estimator_2 - 5_folds.train_3.predict)=83.23%
[ 2019-12-15 13:57:30,559][kfold_wrapper.log_eval_metrics] Accuracy(layer_5 - estimator_2 - 5_folds.train_4.predict)=75.97%
[ 2019-12-15 13:57:30,670][kfold_wrapper.log_eval_metrics] Accuracy(layer_5 - estimator_2 - 5_folds.train_cv.predict)=81.40%
[ 2019-12-15 13:57:30,671][kfold_wrapper.log_eval_metrics] Accuracy(layer_5 - estimator_2 - 5_folds.test.predict)=83.91%
[ 2019-12-15 13:57:32,332][kfold_wrapper.log_eval_metrics] Accuracy(layer_5 - estimator_3 - 5_folds.train_0.predict)=80.65%
[ 2019-12-15 13:57:34,019][kfold_wrapper.log_eval_metrics] Accuracy(layer_5 - estimator_3 - 5_folds.train_1.predict)=80.00%
[ 2019-12-15 13:57:35,701][kfold_wrapper.log_eval_metrics] Accuracy(layer_5 - estimator_3 - 5_folds.train_2.predict)=81.29%
[ 2019-12-15 13:57:37,380][kfold_wrapper.log_eval_metrics] Accuracy(layer_5 - estimator_3 - 5_folds.train_3.predict)=78.71%
[ 2019-12-15 13:57:39,058][kfold_wrapper.log_eval_metrics] Accuracy(layer_5 - estimator_3 - 5_folds.train_4.predict)=81.17%
[ 2019-12-15 13:57:39,079][kfold_wrapper.log_eval_metrics] Accuracy(layer_5 - estimator_3 - 5_folds.train_cv.predict)=80.36%
[ 2019-12-15 13:57:39,079][kfold_wrapper.log_eval_metrics] Accuracy(layer_5 - estimator_3 - 5_folds.test.predict)=82.76%
[ 2019-12-15 13:57:39,079][cascade_classifier.calc_accuracy] Accuracy(layer_5 - train.classifier_average)=81.40%
[ 2019-12-15 13:57:39,080][cascade_classifier.calc_accuracy] Accuracy(layer_5 - test.classifier_average)=82.76%
[ 2019-12-15 13:57:39,081][cascade_classifier.fit_transform] [layer=6] look_indexs=[0], X_cur_train.shape=(774, 366), X_cur_test.shape=(87, 366)
[ 2019-12-15 13:57:47,019][kfold_wrapper.log_eval_metrics] Accuracy(layer_6 - estimator_0 - 5_folds.train_0.predict)=80.00%
[ 2019-12-15 13:57:54,920][kfold_wrapper.log_eval_metrics] Accuracy(layer_6 - estimator_0 - 5_folds.train_1.predict)=80.00%
[ 2019-12-15 13:58:03,197][kfold_wrapper.log_eval_metrics] Accuracy(layer_6 - estimator_0 - 5_folds.train_2.predict)=74.19%
[ 2019-12-15 13:58:11,260][kfold_wrapper.log_eval_metrics] Accuracy(layer_6 - estimator_0 - 5_folds.train_3.predict)=86.45%
[ 2019-12-15 13:58:19,196][kfold_wrapper.log_eval_metrics] Accuracy(layer_6 - estimator_0 - 5_folds.train_4.predict)=80.52%
[ 2019-12-15 13:58:19,199][kfold_wrapper.log_eval_metrics] Accuracy(layer_6 - estimator_0 - 5_folds.train_cv.predict)=80.23%
[ 2019-12-15 13:58:19,199][kfold_wrapper.log_eval_metrics] Accuracy(layer_6 - estimator_0 - 5_folds.test.predict)=80.46%
[ 2019-12-15 13:58:19,761][kfold_wrapper.log_eval_metrics] Accuracy(layer_6 - estimator_1 - 5_folds.train_0.predict)=80.65%
[ 2019-12-15 13:58:20,419][kfold_wrapper.log_eval_metrics] Accuracy(layer_6 - estimator_1 - 5_folds.train_1.predict)=78.71%
[ 2019-12-15 13:58:21,084][kfold_wrapper.log_eval_metrics] Accuracy(layer_6 - estimator_1 - 5_folds.train_2.predict)=81.94%
[ 2019-12-15 13:58:21,745][kfold_wrapper.log_eval_metrics] Accuracy(layer_6 - estimator_1 - 5_folds.train_3.predict)=82.58%
[ 2019-12-15 13:58:22,411][kfold_wrapper.log_eval_metrics] Accuracy(layer_6 - estimator_1 - 5_folds.train_4.predict)=79.87%
[ 2019-12-15 13:58:22,516][kfold_wrapper.log_eval_metrics] Accuracy(layer_6 - estimator_1 - 5_folds.train_cv.predict)=80.75%
[ 2019-12-15 13:58:22,517][kfold_wrapper.log_eval_metrics] Accuracy(layer_6 - estimator_1 - 5_folds.test.predict)=83.91%
[ 2019-12-15 13:58:23,054][kfold_wrapper.log_eval_metrics] Accuracy(layer_6 - estimator_2 - 5_folds.train_0.predict)=79.35%
[ 2019-12-15 13:58:23,698][kfold_wrapper.log_eval_metrics] Accuracy(layer_6 - estimator_2 - 5_folds.train_1.predict)=80.65%
[ 2019-12-15 13:58:24,338][kfold_wrapper.log_eval_metrics] Accuracy(layer_6 - estimator_2 - 5_folds.train_2.predict)=87.10%
[ 2019-12-15 13:58:24,989][kfold_wrapper.log_eval_metrics] Accuracy(layer_6 - estimator_2 - 5_folds.train_3.predict)=80.00%
[ 2019-12-15 13:58:25,626][kfold_wrapper.log_eval_metrics] Accuracy(layer_6 - estimator_2 - 5_folds.train_4.predict)=81.82%
[ 2019-12-15 13:58:25,732][kfold_wrapper.log_eval_metrics] Accuracy(layer_6 - estimator_2 - 5_folds.train_cv.predict)=81.78%
[ 2019-12-15 13:58:25,733][kfold_wrapper.log_eval_metrics] Accuracy(layer_6 - estimator_2 - 5_folds.test.predict)=82.76%
[ 2019-12-15 13:58:27,401][kfold_wrapper.log_eval_metrics] Accuracy(layer_6 - estimator_3 - 5_folds.train_0.predict)=75.48%
[ 2019-12-15 13:58:29,100][kfold_wrapper.log_eval_metrics] Accuracy(layer_6 - estimator_3 - 5_folds.train_1.predict)=83.87%
[ 2019-12-15 13:58:30,760][kfold_wrapper.log_eval_metrics] Accuracy(layer_6 - estimator_3 - 5_folds.train_2.predict)=81.94%
[ 2019-12-15 13:58:32,423][kfold_wrapper.log_eval_metrics] Accuracy(layer_6 - estimator_3 - 5_folds.train_3.predict)=81.29%
[ 2019-12-15 13:58:34,108][kfold_wrapper.log_eval_metrics] Accuracy(layer_6 - estimator_3 - 5_folds.train_4.predict)=85.71%
[ 2019-12-15 13:58:34,130][kfold_wrapper.log_eval_metrics] Accuracy(layer_6 - estimator_3 - 5_folds.train_cv.predict)=81.65%
[ 2019-12-15 13:58:34,130][kfold_wrapper.log_eval_metrics] Accuracy(layer_6 - estimator_3 - 5_folds.test.predict)=83.91%
[ 2019-12-15 13:58:34,131][cascade_classifier.calc_accuracy] Accuracy(layer_6 - train.classifier_average)=80.36%
[ 2019-12-15 13:58:34,131][cascade_classifier.calc_accuracy] Accuracy(layer_6 - test.classifier_average)=80.46%
[ 2019-12-15 13:58:34,133][cascade_classifier.fit_transform] [layer=7] look_indexs=[0], X_cur_train.shape=(774, 366), X_cur_test.shape=(87, 366)
[ 2019-12-15 13:58:42,230][kfold_wrapper.log_eval_metrics] Accuracy(layer_7 - estimator_0 - 5_folds.train_0.predict)=83.23%
[ 2019-12-15 13:58:50,177][kfold_wrapper.log_eval_metrics] Accuracy(layer_7 - estimator_0 - 5_folds.train_1.predict)=75.48%
[ 2019-12-15 13:58:57,985][kfold_wrapper.log_eval_metrics] Accuracy(layer_7 - estimator_0 - 5_folds.train_2.predict)=83.23%
[ 2019-12-15 13:59:06,090][kfold_wrapper.log_eval_metrics] Accuracy(layer_7 - estimator_0 - 5_folds.train_3.predict)=85.81%
[ 2019-12-15 13:59:14,060][kfold_wrapper.log_eval_metrics] Accuracy(layer_7 - estimator_0 - 5_folds.train_4.predict)=78.57%
[ 2019-12-15 13:59:14,062][kfold_wrapper.log_eval_metrics] Accuracy(layer_7 - estimator_0 - 5_folds.train_cv.predict)=81.27%
[ 2019-12-15 13:59:14,062][kfold_wrapper.log_eval_metrics] Accuracy(layer_7 - estimator_0 - 5_folds.test.predict)=82.76%
[ 2019-12-15 13:59:14,620][kfold_wrapper.log_eval_metrics] Accuracy(layer_7 - estimator_1 - 5_folds.train_0.predict)=79.35%
[ 2019-12-15 13:59:15,287][kfold_wrapper.log_eval_metrics] Accuracy(layer_7 - estimator_1 - 5_folds.train_1.predict)=81.94%
[ 2019-12-15 13:59:15,953][kfold_wrapper.log_eval_metrics] Accuracy(layer_7 - estimator_1 - 5_folds.train_2.predict)=81.29%
[ 2019-12-15 13:59:16,625][kfold_wrapper.log_eval_metrics] Accuracy(layer_7 - estimator_1 - 5_folds.train_3.predict)=82.58%
[ 2019-12-15 13:59:17,288][kfold_wrapper.log_eval_metrics] Accuracy(layer_7 - estimator_1 - 5_folds.train_4.predict)=81.17%
[ 2019-12-15 13:59:17,403][kfold_wrapper.log_eval_metrics] Accuracy(layer_7 - estimator_1 - 5_folds.train_cv.predict)=81.27%
[ 2019-12-15 13:59:17,404][kfold_wrapper.log_eval_metrics] Accuracy(layer_7 - estimator_1 - 5_folds.test.predict)=82.76%
[ 2019-12-15 13:59:17,942][kfold_wrapper.log_eval_metrics] Accuracy(layer_7 - estimator_2 - 5_folds.train_0.predict)=83.87%
[ 2019-12-15 13:59:18,592][kfold_wrapper.log_eval_metrics] Accuracy(layer_7 - estimator_2 - 5_folds.train_1.predict)=80.65%
[ 2019-12-15 13:59:19,235][kfold_wrapper.log_eval_metrics] Accuracy(layer_7 - estimator_2 - 5_folds.train_2.predict)=81.29%
[ 2019-12-15 13:59:19,981][kfold_wrapper.log_eval_metrics] Accuracy(layer_7 - estimator_2 - 5_folds.train_3.predict)=80.65%
[ 2019-12-15 13:59:20,621][kfold_wrapper.log_eval_metrics] Accuracy(layer_7 - estimator_2 - 5_folds.train_4.predict)=79.87%
[ 2019-12-15 13:59:20,734][kfold_wrapper.log_eval_metrics] Accuracy(layer_7 - estimator_2 - 5_folds.train_cv.predict)=81.27%
[ 2019-12-15 13:59:20,735][kfold_wrapper.log_eval_metrics] Accuracy(layer_7 - estimator_2 - 5_folds.test.predict)=80.46%
[ 2019-12-15 13:59:22,397][kfold_wrapper.log_eval_metrics] Accuracy(layer_7 - estimator_3 - 5_folds.train_0.predict)=83.23%
[ 2019-12-15 13:59:24,094][kfold_wrapper.log_eval_metrics] Accuracy(layer_7 - estimator_3 - 5_folds.train_1.predict)=75.48%
[ 2019-12-15 13:59:25,750][kfold_wrapper.log_eval_metrics] Accuracy(layer_7 - estimator_3 - 5_folds.train_2.predict)=82.58%
[ 2019-12-15 13:59:27,437][kfold_wrapper.log_eval_metrics] Accuracy(layer_7 - estimator_3 - 5_folds.train_3.predict)=81.29%
[ 2019-12-15 13:59:29,126][kfold_wrapper.log_eval_metrics] Accuracy(layer_7 - estimator_3 - 5_folds.train_4.predict)=79.22%
[ 2019-12-15 13:59:29,148][kfold_wrapper.log_eval_metrics] Accuracy(layer_7 - estimator_3 - 5_folds.train_cv.predict)=80.36%
[ 2019-12-15 13:59:29,149][kfold_wrapper.log_eval_metrics] Accuracy(layer_7 - estimator_3 - 5_folds.test.predict)=83.91%
[ 2019-12-15 13:59:29,149][cascade_classifier.calc_accuracy] Accuracy(layer_7 - train.classifier_average)=81.40%
[ 2019-12-15 13:59:29,149][cascade_classifier.calc_accuracy] Accuracy(layer_7 - test.classifier_average)=83.91%
[ 2019-12-15 13:59:29,150][cascade_classifier.fit_transform] [Result][Optimal Level Detected] opt_layer_num=3, accuracy_train=82.43%, accuracy_test=80.46%
[ 2019-12-15 13:59:29,177][cascade_classifier.transform] X_groups_test.shape=[(87, 358)]
[ 2019-12-15 13:59:29,177][cascade_classifier.transform] group_dims=[358]
[ 2019-12-15 13:59:29,178][cascade_classifier.transform] X_test.shape=(87, 358)
[ 2019-12-15 13:59:29,178][cascade_classifier.transform] [layer=0] look_indexs=[0], X_cur_test.shape=(87, 358)
[ 2019-12-15 13:59:30,355][cascade_classifier.transform] [layer=1] look_indexs=[0], X_cur_test.shape=(87, 366)
[ 2019-12-15 13:59:31,529][cascade_classifier.transform] [layer=2] look_indexs=[0], X_cur_test.shape=(87, 366)
[ 2019-12-15 13:59:32,702][cascade_classifier.transform] X_groups_test.shape=[(87, 358)]
[ 2019-12-15 13:59:32,702][cascade_classifier.transform] group_dims=[358]
[ 2019-12-15 13:59:32,702][cascade_classifier.transform] X_test.shape=(87, 358)
[ 2019-12-15 13:59:32,703][cascade_classifier.transform] [layer=0] look_indexs=[0], X_cur_test.shape=(87, 358)
[ 2019-12-15 13:59:33,876][cascade_classifier.transform] [layer=1] look_indexs=[0], X_cur_test.shape=(87, 366)
[ 2019-12-15 13:59:35,058][cascade_classifier.transform] [layer=2] look_indexs=[0], X_cur_test.shape=(87, 366)
[ 2019-12-15 13:59:36,245][cascade_classifier.fit_transform] X_groups_train.shape=[(774, 358)],y_train.shape=(774,),X_groups_test.shape=[(87, 358)],y_test.shape=(87,)
[ 2019-12-15 13:59:36,246][cascade_classifier.fit_transform] group_dims=[358]
[ 2019-12-15 13:59:36,246][cascade_classifier.fit_transform] group_starts=[0]
[ 2019-12-15 13:59:36,246][cascade_classifier.fit_transform] group_ends=[358]
[ 2019-12-15 13:59:36,246][cascade_classifier.fit_transform] X_train.shape=(774, 358),X_test.shape=(87, 358)
[ 2019-12-15 13:59:36,253][cascade_classifier.fit_transform] [layer=0] look_indexs=[0], X_cur_train.shape=(774, 358), X_cur_test.shape=(87, 358)
[ 2019-12-15 13:59:44,170][kfold_wrapper.log_eval_metrics] Accuracy(layer_0 - estimator_0 - 5_folds.train_0.predict)=77.56%
[ 2019-12-15 13:59:52,575][kfold_wrapper.log_eval_metrics] Accuracy(layer_0 - estimator_0 - 5_folds.train_1.predict)=85.16%
[ 2019-12-15 14:00:00,395][kfold_wrapper.log_eval_metrics] Accuracy(layer_0 - estimator_0 - 5_folds.train_2.predict)=81.29%
[ 2019-12-15 14:00:08,242][kfold_wrapper.log_eval_metrics] Accuracy(layer_0 - estimator_0 - 5_folds.train_3.predict)=87.66%
[ 2019-12-15 14:00:16,264][kfold_wrapper.log_eval_metrics] Accuracy(layer_0 - estimator_0 - 5_folds.train_4.predict)=79.87%
[ 2019-12-15 14:00:16,266][kfold_wrapper.log_eval_metrics] Accuracy(layer_0 - estimator_0 - 5_folds.train_cv.predict)=82.30%
[ 2019-12-15 14:00:16,266][kfold_wrapper.log_eval_metrics] Accuracy(layer_0 - estimator_0 - 5_folds.test.predict)=82.76%
[ 2019-12-15 14:00:16,832][kfold_wrapper.log_eval_metrics] Accuracy(layer_0 - estimator_1 - 5_folds.train_0.predict)=80.77%
[ 2019-12-15 14:00:17,502][kfold_wrapper.log_eval_metrics] Accuracy(layer_0 - estimator_1 - 5_folds.train_1.predict)=83.87%
[ 2019-12-15 14:00:18,164][kfold_wrapper.log_eval_metrics] Accuracy(layer_0 - estimator_1 - 5_folds.train_2.predict)=84.52%
[ 2019-12-15 14:00:18,820][kfold_wrapper.log_eval_metrics] Accuracy(layer_0 - estimator_1 - 5_folds.train_3.predict)=75.97%
[ 2019-12-15 14:00:19,481][kfold_wrapper.log_eval_metrics] Accuracy(layer_0 - estimator_1 - 5_folds.train_4.predict)=82.47%
[ 2019-12-15 14:00:19,586][kfold_wrapper.log_eval_metrics] Accuracy(layer_0 - estimator_1 - 5_folds.train_cv.predict)=81.52%
[ 2019-12-15 14:00:19,586][kfold_wrapper.log_eval_metrics] Accuracy(layer_0 - estimator_1 - 5_folds.test.predict)=82.76%
[ 2019-12-15 14:00:20,125][kfold_wrapper.log_eval_metrics] Accuracy(layer_0 - estimator_2 - 5_folds.train_0.predict)=83.97%
[ 2019-12-15 14:00:20,777][kfold_wrapper.log_eval_metrics] Accuracy(layer_0 - estimator_2 - 5_folds.train_1.predict)=82.58%
[ 2019-12-15 14:00:21,423][kfold_wrapper.log_eval_metrics] Accuracy(layer_0 - estimator_2 - 5_folds.train_2.predict)=76.77%
[ 2019-12-15 14:00:22,069][kfold_wrapper.log_eval_metrics] Accuracy(layer_0 - estimator_2 - 5_folds.train_3.predict)=83.77%
[ 2019-12-15 14:00:22,712][kfold_wrapper.log_eval_metrics] Accuracy(layer_0 - estimator_2 - 5_folds.train_4.predict)=81.17%
[ 2019-12-15 14:00:22,828][kfold_wrapper.log_eval_metrics] Accuracy(layer_0 - estimator_2 - 5_folds.train_cv.predict)=81.65%
[ 2019-12-15 14:00:22,829][kfold_wrapper.log_eval_metrics] Accuracy(layer_0 - estimator_2 - 5_folds.test.predict)=83.91%
[ 2019-12-15 14:00:24,463][kfold_wrapper.log_eval_metrics] Accuracy(layer_0 - estimator_3 - 5_folds.train_0.predict)=85.26%
[ 2019-12-15 14:00:26,094][kfold_wrapper.log_eval_metrics] Accuracy(layer_0 - estimator_3 - 5_folds.train_1.predict)=82.58%
[ 2019-12-15 14:00:27,718][kfold_wrapper.log_eval_metrics] Accuracy(layer_0 - estimator_3 - 5_folds.train_2.predict)=86.45%
[ 2019-12-15 14:00:29,363][kfold_wrapper.log_eval_metrics] Accuracy(layer_0 - estimator_3 - 5_folds.train_3.predict)=80.52%
[ 2019-12-15 14:00:31,000][kfold_wrapper.log_eval_metrics] Accuracy(layer_0 - estimator_3 - 5_folds.train_4.predict)=81.82%
[ 2019-12-15 14:00:31,023][kfold_wrapper.log_eval_metrics] Accuracy(layer_0 - estimator_3 - 5_folds.train_cv.predict)=83.33%
[ 2019-12-15 14:00:31,023][kfold_wrapper.log_eval_metrics] Accuracy(layer_0 - estimator_3 - 5_folds.test.predict)=82.76%
[ 2019-12-15 14:00:31,023][cascade_classifier.calc_accuracy] Accuracy(layer_0 - train.classifier_average)=82.17%
[ 2019-12-15 14:00:31,024][cascade_classifier.calc_accuracy] Accuracy(layer_0 - test.classifier_average)=82.76%
[ 2019-12-15 14:00:31,026][cascade_classifier.fit_transform] [layer=1] look_indexs=[0], X_cur_train.shape=(774, 366), X_cur_test.shape=(87, 366)
[ 2019-12-15 14:00:38,981][kfold_wrapper.log_eval_metrics] Accuracy(layer_1 - estimator_0 - 5_folds.train_0.predict)=83.33%
[ 2019-12-15 14:00:46,716][kfold_wrapper.log_eval_metrics] Accuracy(layer_1 - estimator_0 - 5_folds.train_1.predict)=85.16%
[ 2019-12-15 14:00:54,769][kfold_wrapper.log_eval_metrics] Accuracy(layer_1 - estimator_0 - 5_folds.train_2.predict)=78.06%
[ 2019-12-15 14:01:02,980][kfold_wrapper.log_eval_metrics] Accuracy(layer_1 - estimator_0 - 5_folds.train_3.predict)=84.42%
[ 2019-12-15 14:01:10,931][kfold_wrapper.log_eval_metrics] Accuracy(layer_1 - estimator_0 - 5_folds.train_4.predict)=79.22%
[ 2019-12-15 14:01:10,933][kfold_wrapper.log_eval_metrics] Accuracy(layer_1 - estimator_0 - 5_folds.train_cv.predict)=82.04%
[ 2019-12-15 14:01:10,933][kfold_wrapper.log_eval_metrics] Accuracy(layer_1 - estimator_0 - 5_folds.test.predict)=81.61%
[ 2019-12-15 14:01:11,492][kfold_wrapper.log_eval_metrics] Accuracy(layer_1 - estimator_1 - 5_folds.train_0.predict)=81.41%
[ 2019-12-15 14:01:12,151][kfold_wrapper.log_eval_metrics] Accuracy(layer_1 - estimator_1 - 5_folds.train_1.predict)=81.29%
[ 2019-12-15 14:01:12,809][kfold_wrapper.log_eval_metrics] Accuracy(layer_1 - estimator_1 - 5_folds.train_2.predict)=81.29%
[ 2019-12-15 14:01:13,469][kfold_wrapper.log_eval_metrics] Accuracy(layer_1 - estimator_1 - 5_folds.train_3.predict)=83.77%
[ 2019-12-15 14:01:14,131][kfold_wrapper.log_eval_metrics] Accuracy(layer_1 - estimator_1 - 5_folds.train_4.predict)=81.82%
[ 2019-12-15 14:01:14,235][kfold_wrapper.log_eval_metrics] Accuracy(layer_1 - estimator_1 - 5_folds.train_cv.predict)=81.91%
[ 2019-12-15 14:01:14,236][kfold_wrapper.log_eval_metrics] Accuracy(layer_1 - estimator_1 - 5_folds.test.predict)=82.76%
[ 2019-12-15 14:01:14,779][kfold_wrapper.log_eval_metrics] Accuracy(layer_1 - estimator_2 - 5_folds.train_0.predict)=78.85%
[ 2019-12-15 14:01:15,420][kfold_wrapper.log_eval_metrics] Accuracy(layer_1 - estimator_2 - 5_folds.train_1.predict)=84.52%
[ 2019-12-15 14:01:16,071][kfold_wrapper.log_eval_metrics] Accuracy(layer_1 - estimator_2 - 5_folds.train_2.predict)=85.81%
[ 2019-12-15 14:01:16,717][kfold_wrapper.log_eval_metrics] Accuracy(layer_1 - estimator_2 - 5_folds.train_3.predict)=82.47%
[ 2019-12-15 14:01:17,373][kfold_wrapper.log_eval_metrics] Accuracy(layer_1 - estimator_2 - 5_folds.train_4.predict)=77.27%
[ 2019-12-15 14:01:17,478][kfold_wrapper.log_eval_metrics] Accuracy(layer_1 - estimator_2 - 5_folds.train_cv.predict)=81.78%
[ 2019-12-15 14:01:17,479][kfold_wrapper.log_eval_metrics] Accuracy(layer_1 - estimator_2 - 5_folds.test.predict)=83.91%
[ 2019-12-15 14:01:19,140][kfold_wrapper.log_eval_metrics] Accuracy(layer_1 - estimator_3 - 5_folds.train_0.predict)=79.49%
[ 2019-12-15 14:01:20,813][kfold_wrapper.log_eval_metrics] Accuracy(layer_1 - estimator_3 - 5_folds.train_1.predict)=80.65%
[ 2019-12-15 14:01:22,494][kfold_wrapper.log_eval_metrics] Accuracy(layer_1 - estimator_3 - 5_folds.train_2.predict)=88.39%
[ 2019-12-15 14:01:24,200][kfold_wrapper.log_eval_metrics] Accuracy(layer_1 - estimator_3 - 5_folds.train_3.predict)=82.47%
[ 2019-12-15 14:01:25,864][kfold_wrapper.log_eval_metrics] Accuracy(layer_1 - estimator_3 - 5_folds.train_4.predict)=81.17%
[ 2019-12-15 14:01:25,893][kfold_wrapper.log_eval_metrics] Accuracy(layer_1 - estimator_3 - 5_folds.train_cv.predict)=82.43%
[ 2019-12-15 14:01:25,893][kfold_wrapper.log_eval_metrics] Accuracy(layer_1 - estimator_3 - 5_folds.test.predict)=81.61%
[ 2019-12-15 14:01:25,894][cascade_classifier.calc_accuracy] Accuracy(layer_1 - train.classifier_average)=82.30%
[ 2019-12-15 14:01:25,894][cascade_classifier.calc_accuracy] Accuracy(layer_1 - test.classifier_average)=81.61%
[ 2019-12-15 14:01:25,896][cascade_classifier.fit_transform] [layer=2] look_indexs=[0], X_cur_train.shape=(774, 366), X_cur_test.shape=(87, 366)
[ 2019-12-15 14:01:33,644][kfold_wrapper.log_eval_metrics] Accuracy(layer_2 - estimator_0 - 5_folds.train_0.predict)=83.33%
[ 2019-12-15 14:01:41,796][kfold_wrapper.log_eval_metrics] Accuracy(layer_2 - estimator_0 - 5_folds.train_1.predict)=79.35%
[ 2019-12-15 14:01:49,763][kfold_wrapper.log_eval_metrics] Accuracy(layer_2 - estimator_0 - 5_folds.train_2.predict)=82.58%
[ 2019-12-15 14:01:57,733][kfold_wrapper.log_eval_metrics] Accuracy(layer_2 - estimator_0 - 5_folds.train_3.predict)=83.12%
[ 2019-12-15 14:02:05,572][kfold_wrapper.log_eval_metrics] Accuracy(layer_2 - estimator_0 - 5_folds.train_4.predict)=85.06%
[ 2019-12-15 14:02:05,575][kfold_wrapper.log_eval_metrics] Accuracy(layer_2 - estimator_0 - 5_folds.train_cv.predict)=82.69%
[ 2019-12-15 14:02:05,576][kfold_wrapper.log_eval_metrics] Accuracy(layer_2 - estimator_0 - 5_folds.test.predict)=82.76%
[ 2019-12-15 14:02:06,132][kfold_wrapper.log_eval_metrics] Accuracy(layer_2 - estimator_1 - 5_folds.train_0.predict)=83.97%
[ 2019-12-15 14:02:06,789][kfold_wrapper.log_eval_metrics] Accuracy(layer_2 - estimator_1 - 5_folds.train_1.predict)=84.52%
[ 2019-12-15 14:02:07,451][kfold_wrapper.log_eval_metrics] Accuracy(layer_2 - estimator_1 - 5_folds.train_2.predict)=76.77%
[ 2019-12-15 14:02:08,104][kfold_wrapper.log_eval_metrics] Accuracy(layer_2 - estimator_1 - 5_folds.train_3.predict)=81.82%
[ 2019-12-15 14:02:08,759][kfold_wrapper.log_eval_metrics] Accuracy(layer_2 - estimator_1 - 5_folds.train_4.predict)=80.52%
[ 2019-12-15 14:02:08,864][kfold_wrapper.log_eval_metrics] Accuracy(layer_2 - estimator_1 - 5_folds.train_cv.predict)=81.52%
[ 2019-12-15 14:02:08,864][kfold_wrapper.log_eval_metrics] Accuracy(layer_2 - estimator_1 - 5_folds.test.predict)=83.91%
[ 2019-12-15 14:02:09,422][kfold_wrapper.log_eval_metrics] Accuracy(layer_2 - estimator_2 - 5_folds.train_0.predict)=80.77%
[ 2019-12-15 14:02:10,062][kfold_wrapper.log_eval_metrics] Accuracy(layer_2 - estimator_2 - 5_folds.train_1.predict)=90.32%
[ 2019-12-15 14:02:10,707][kfold_wrapper.log_eval_metrics] Accuracy(layer_2 - estimator_2 - 5_folds.train_2.predict)=77.42%
[ 2019-12-15 14:02:11,353][kfold_wrapper.log_eval_metrics] Accuracy(layer_2 - estimator_2 - 5_folds.train_3.predict)=77.92%
[ 2019-12-15 14:02:12,002][kfold_wrapper.log_eval_metrics] Accuracy(layer_2 - estimator_2 - 5_folds.train_4.predict)=82.47%
[ 2019-12-15 14:02:12,106][kfold_wrapper.log_eval_metrics] Accuracy(layer_2 - estimator_2 - 5_folds.train_cv.predict)=81.78%
[ 2019-12-15 14:02:12,107][kfold_wrapper.log_eval_metrics] Accuracy(layer_2 - estimator_2 - 5_folds.test.predict)=82.76%
[ 2019-12-15 14:02:13,773][kfold_wrapper.log_eval_metrics] Accuracy(layer_2 - estimator_3 - 5_folds.train_0.predict)=75.00%
[ 2019-12-15 14:02:15,443][kfold_wrapper.log_eval_metrics] Accuracy(layer_2 - estimator_3 - 5_folds.train_1.predict)=85.16%
[ 2019-12-15 14:02:17,113][kfold_wrapper.log_eval_metrics] Accuracy(layer_2 - estimator_3 - 5_folds.train_2.predict)=81.29%
[ 2019-12-15 14:02:18,779][kfold_wrapper.log_eval_metrics] Accuracy(layer_2 - estimator_3 - 5_folds.train_3.predict)=79.87%
[ 2019-12-15 14:02:20,442][kfold_wrapper.log_eval_metrics] Accuracy(layer_2 - estimator_3 - 5_folds.train_4.predict)=81.17%
[ 2019-12-15 14:02:20,469][kfold_wrapper.log_eval_metrics] Accuracy(layer_2 - estimator_3 - 5_folds.train_cv.predict)=80.49%
[ 2019-12-15 14:02:20,469][kfold_wrapper.log_eval_metrics] Accuracy(layer_2 - estimator_3 - 5_folds.test.predict)=80.46%
[ 2019-12-15 14:02:20,470][cascade_classifier.calc_accuracy] Accuracy(layer_2 - train.classifier_average)=82.43%
[ 2019-12-15 14:02:20,470][cascade_classifier.calc_accuracy] Accuracy(layer_2 - test.classifier_average)=81.61%
[ 2019-12-15 14:02:20,472][cascade_classifier.fit_transform] [layer=3] look_indexs=[0], X_cur_train.shape=(774, 366), X_cur_test.shape=(87, 366)
[ 2019-12-15 14:02:28,339][kfold_wrapper.log_eval_metrics] Accuracy(layer_3 - estimator_0 - 5_folds.train_0.predict)=78.21%
[ 2019-12-15 14:02:36,300][kfold_wrapper.log_eval_metrics] Accuracy(layer_3 - estimator_0 - 5_folds.train_1.predict)=82.58%
[ 2019-12-15 14:02:44,761][kfold_wrapper.log_eval_metrics] Accuracy(layer_3 - estimator_0 - 5_folds.train_2.predict)=83.87%
[ 2019-12-15 14:02:52,577][kfold_wrapper.log_eval_metrics] Accuracy(layer_3 - estimator_0 - 5_folds.train_3.predict)=87.01%
[ 2019-12-15 14:03:00,295][kfold_wrapper.log_eval_metrics] Accuracy(layer_3 - estimator_0 - 5_folds.train_4.predict)=79.87%
[ 2019-12-15 14:03:00,304][kfold_wrapper.log_eval_metrics] Accuracy(layer_3 - estimator_0 - 5_folds.train_cv.predict)=82.30%
[ 2019-12-15 14:03:00,304][kfold_wrapper.log_eval_metrics] Accuracy(layer_3 - estimator_0 - 5_folds.test.predict)=82.76%
[ 2019-12-15 14:03:00,862][kfold_wrapper.log_eval_metrics] Accuracy(layer_3 - estimator_1 - 5_folds.train_0.predict)=78.21%
[ 2019-12-15 14:03:01,517][kfold_wrapper.log_eval_metrics] Accuracy(layer_3 - estimator_1 - 5_folds.train_1.predict)=81.94%
[ 2019-12-15 14:03:02,169][kfold_wrapper.log_eval_metrics] Accuracy(layer_3 - estimator_1 - 5_folds.train_2.predict)=83.87%
[ 2019-12-15 14:03:02,836][kfold_wrapper.log_eval_metrics] Accuracy(layer_3 - estimator_1 - 5_folds.train_3.predict)=83.77%
[ 2019-12-15 14:03:03,491][kfold_wrapper.log_eval_metrics] Accuracy(layer_3 - estimator_1 - 5_folds.train_4.predict)=81.17%
[ 2019-12-15 14:03:03,599][kfold_wrapper.log_eval_metrics] Accuracy(layer_3 - estimator_1 - 5_folds.train_cv.predict)=81.78%
[ 2019-12-15 14:03:03,600][kfold_wrapper.log_eval_metrics] Accuracy(layer_3 - estimator_1 - 5_folds.test.predict)=82.76%
[ 2019-12-15 14:03:04,142][kfold_wrapper.log_eval_metrics] Accuracy(layer_3 - estimator_2 - 5_folds.train_0.predict)=80.77%
[ 2019-12-15 14:03:04,790][kfold_wrapper.log_eval_metrics] Accuracy(layer_3 - estimator_2 - 5_folds.train_1.predict)=80.65%
[ 2019-12-15 14:03:05,435][kfold_wrapper.log_eval_metrics] Accuracy(layer_3 - estimator_2 - 5_folds.train_2.predict)=83.87%
[ 2019-12-15 14:03:06,076][kfold_wrapper.log_eval_metrics] Accuracy(layer_3 - estimator_2 - 5_folds.train_3.predict)=80.52%
[ 2019-12-15 14:03:06,726][kfold_wrapper.log_eval_metrics] Accuracy(layer_3 - estimator_2 - 5_folds.train_4.predict)=79.87%
[ 2019-12-15 14:03:06,831][kfold_wrapper.log_eval_metrics] Accuracy(layer_3 - estimator_2 - 5_folds.train_cv.predict)=81.14%
[ 2019-12-15 14:03:06,832][kfold_wrapper.log_eval_metrics] Accuracy(layer_3 - estimator_2 - 5_folds.test.predict)=83.91%
[ 2019-12-15 14:03:08,507][kfold_wrapper.log_eval_metrics] Accuracy(layer_3 - estimator_3 - 5_folds.train_0.predict)=82.69%
[ 2019-12-15 14:03:10,187][kfold_wrapper.log_eval_metrics] Accuracy(layer_3 - estimator_3 - 5_folds.train_1.predict)=81.94%
[ 2019-12-15 14:03:11,858][kfold_wrapper.log_eval_metrics] Accuracy(layer_3 - estimator_3 - 5_folds.train_2.predict)=85.16%
[ 2019-12-15 14:03:13,522][kfold_wrapper.log_eval_metrics] Accuracy(layer_3 - estimator_3 - 5_folds.train_3.predict)=83.77%
[ 2019-12-15 14:03:15,188][kfold_wrapper.log_eval_metrics] Accuracy(layer_3 - estimator_3 - 5_folds.train_4.predict)=79.87%
[ 2019-12-15 14:03:15,209][kfold_wrapper.log_eval_metrics] Accuracy(layer_3 - estimator_3 - 5_folds.train_cv.predict)=82.69%
[ 2019-12-15 14:03:15,210][kfold_wrapper.log_eval_metrics] Accuracy(layer_3 - estimator_3 - 5_folds.test.predict)=82.76%
[ 2019-12-15 14:03:15,210][cascade_classifier.calc_accuracy] Accuracy(layer_3 - train.classifier_average)=82.04%
[ 2019-12-15 14:03:15,216][cascade_classifier.calc_accuracy] Accuracy(layer_3 - test.classifier_average)=81.61%
[ 2019-12-15 14:03:15,218][cascade_classifier.fit_transform] [layer=4] look_indexs=[0], X_cur_train.shape=(774, 366), X_cur_test.shape=(87, 366)
[ 2019-12-15 14:03:23,324][kfold_wrapper.log_eval_metrics] Accuracy(layer_4 - estimator_0 - 5_folds.train_0.predict)=78.85%
[ 2019-12-15 14:03:31,262][kfold_wrapper.log_eval_metrics] Accuracy(layer_4 - estimator_0 - 5_folds.train_1.predict)=80.65%
[ 2019-12-15 14:03:39,038][kfold_wrapper.log_eval_metrics] Accuracy(layer_4 - estimator_0 - 5_folds.train_2.predict)=83.87%
[ 2019-12-15 14:03:46,613][kfold_wrapper.log_eval_metrics] Accuracy(layer_4 - estimator_0 - 5_folds.train_3.predict)=79.22%
[ 2019-12-15 14:03:54,881][kfold_wrapper.log_eval_metrics] Accuracy(layer_4 - estimator_0 - 5_folds.train_4.predict)=81.82%
[ 2019-12-15 14:03:54,883][kfold_wrapper.log_eval_metrics] Accuracy(layer_4 - estimator_0 - 5_folds.train_cv.predict)=80.88%
[ 2019-12-15 14:03:54,884][kfold_wrapper.log_eval_metrics] Accuracy(layer_4 - estimator_0 - 5_folds.test.predict)=83.91%
[ 2019-12-15 14:03:55,447][kfold_wrapper.log_eval_metrics] Accuracy(layer_4 - estimator_1 - 5_folds.train_0.predict)=87.18%
[ 2019-12-15 14:03:56,104][kfold_wrapper.log_eval_metrics] Accuracy(layer_4 - estimator_1 - 5_folds.train_1.predict)=83.23%
[ 2019-12-15 14:03:56,766][kfold_wrapper.log_eval_metrics] Accuracy(layer_4 - estimator_1 - 5_folds.train_2.predict)=76.77%
[ 2019-12-15 14:03:57,422][kfold_wrapper.log_eval_metrics] Accuracy(layer_4 - estimator_1 - 5_folds.train_3.predict)=80.52%
[ 2019-12-15 14:03:58,082][kfold_wrapper.log_eval_metrics] Accuracy(layer_4 - estimator_1 - 5_folds.train_4.predict)=81.82%
[ 2019-12-15 14:03:58,190][kfold_wrapper.log_eval_metrics] Accuracy(layer_4 - estimator_1 - 5_folds.train_cv.predict)=81.91%
[ 2019-12-15 14:03:58,191][kfold_wrapper.log_eval_metrics] Accuracy(layer_4 - estimator_1 - 5_folds.test.predict)=81.61%
[ 2019-12-15 14:03:58,729][kfold_wrapper.log_eval_metrics] Accuracy(layer_4 - estimator_2 - 5_folds.train_0.predict)=78.85%
[ 2019-12-15 14:03:59,382][kfold_wrapper.log_eval_metrics] Accuracy(layer_4 - estimator_2 - 5_folds.train_1.predict)=74.19%
[ 2019-12-15 14:04:00,024][kfold_wrapper.log_eval_metrics] Accuracy(layer_4 - estimator_2 - 5_folds.train_2.predict)=83.87%
[ 2019-12-15 14:04:00,670][kfold_wrapper.log_eval_metrics] Accuracy(layer_4 - estimator_2 - 5_folds.train_3.predict)=80.52%
[ 2019-12-15 14:04:01,316][kfold_wrapper.log_eval_metrics] Accuracy(layer_4 - estimator_2 - 5_folds.train_4.predict)=85.06%
[ 2019-12-15 14:04:01,421][kfold_wrapper.log_eval_metrics] Accuracy(layer_4 - estimator_2 - 5_folds.train_cv.predict)=80.49%
[ 2019-12-15 14:04:01,421][kfold_wrapper.log_eval_metrics] Accuracy(layer_4 - estimator_2 - 5_folds.test.predict)=80.46%
[ 2019-12-15 14:04:03,076][kfold_wrapper.log_eval_metrics] Accuracy(layer_4 - estimator_3 - 5_folds.train_0.predict)=83.33%
[ 2019-12-15 14:04:04,753][kfold_wrapper.log_eval_metrics] Accuracy(layer_4 - estimator_3 - 5_folds.train_1.predict)=84.52%
[ 2019-12-15 14:04:06,492][kfold_wrapper.log_eval_metrics] Accuracy(layer_4 - estimator_3 - 5_folds.train_2.predict)=78.06%
[ 2019-12-15 14:04:08,154][kfold_wrapper.log_eval_metrics] Accuracy(layer_4 - estimator_3 - 5_folds.train_3.predict)=80.52%
[ 2019-12-15 14:04:09,822][kfold_wrapper.log_eval_metrics] Accuracy(layer_4 - estimator_3 - 5_folds.train_4.predict)=79.22%
[ 2019-12-15 14:04:09,842][kfold_wrapper.log_eval_metrics] Accuracy(layer_4 - estimator_3 - 5_folds.train_cv.predict)=81.14%
[ 2019-12-15 14:04:09,843][kfold_wrapper.log_eval_metrics] Accuracy(layer_4 - estimator_3 - 5_folds.test.predict)=79.31%
[ 2019-12-15 14:04:09,843][cascade_classifier.calc_accuracy] Accuracy(layer_4 - train.classifier_average)=81.40%
[ 2019-12-15 14:04:09,843][cascade_classifier.calc_accuracy] Accuracy(layer_4 - test.classifier_average)=82.76%
[ 2019-12-15 14:04:09,845][cascade_classifier.fit_transform] [layer=5] look_indexs=[0], X_cur_train.shape=(774, 366), X_cur_test.shape=(87, 366)
[ 2019-12-15 14:04:18,055][kfold_wrapper.log_eval_metrics] Accuracy(layer_5 - estimator_0 - 5_folds.train_0.predict)=80.77%
[ 2019-12-15 14:04:25,715][kfold_wrapper.log_eval_metrics] Accuracy(layer_5 - estimator_0 - 5_folds.train_1.predict)=81.94%
[ 2019-12-15 14:04:33,357][kfold_wrapper.log_eval_metrics] Accuracy(layer_5 - estimator_0 - 5_folds.train_2.predict)=80.65%
[ 2019-12-15 14:04:41,602][kfold_wrapper.log_eval_metrics] Accuracy(layer_5 - estimator_0 - 5_folds.train_3.predict)=72.73%
[ 2019-12-15 14:04:49,796][kfold_wrapper.log_eval_metrics] Accuracy(layer_5 - estimator_0 - 5_folds.train_4.predict)=82.47%
[ 2019-12-15 14:04:49,798][kfold_wrapper.log_eval_metrics] Accuracy(layer_5 - estimator_0 - 5_folds.train_cv.predict)=79.72%
[ 2019-12-15 14:04:49,799][kfold_wrapper.log_eval_metrics] Accuracy(layer_5 - estimator_0 - 5_folds.test.predict)=81.61%
[ 2019-12-15 14:04:50,365][kfold_wrapper.log_eval_metrics] Accuracy(layer_5 - estimator_1 - 5_folds.train_0.predict)=80.77%
[ 2019-12-15 14:04:51,026][kfold_wrapper.log_eval_metrics] Accuracy(layer_5 - estimator_1 - 5_folds.train_1.predict)=81.94%
[ 2019-12-15 14:04:51,687][kfold_wrapper.log_eval_metrics] Accuracy(layer_5 - estimator_1 - 5_folds.train_2.predict)=80.65%
[ 2019-12-15 14:04:52,350][kfold_wrapper.log_eval_metrics] Accuracy(layer_5 - estimator_1 - 5_folds.train_3.predict)=81.17%
[ 2019-12-15 14:04:53,007][kfold_wrapper.log_eval_metrics] Accuracy(layer_5 - estimator_1 - 5_folds.train_4.predict)=83.77%
[ 2019-12-15 14:04:53,112][kfold_wrapper.log_eval_metrics] Accuracy(layer_5 - estimator_1 - 5_folds.train_cv.predict)=81.65%
[ 2019-12-15 14:04:53,113][kfold_wrapper.log_eval_metrics] Accuracy(layer_5 - estimator_1 - 5_folds.test.predict)=82.76%
[ 2019-12-15 14:04:53,657][kfold_wrapper.log_eval_metrics] Accuracy(layer_5 - estimator_2 - 5_folds.train_0.predict)=85.26%
[ 2019-12-15 14:04:54,298][kfold_wrapper.log_eval_metrics] Accuracy(layer_5 - estimator_2 - 5_folds.train_1.predict)=76.77%
[ 2019-12-15 14:04:54,939][kfold_wrapper.log_eval_metrics] Accuracy(layer_5 - estimator_2 - 5_folds.train_2.predict)=80.65%
[ 2019-12-15 14:04:55,583][kfold_wrapper.log_eval_metrics] Accuracy(layer_5 - estimator_2 - 5_folds.train_3.predict)=83.12%
[ 2019-12-15 14:04:56,225][kfold_wrapper.log_eval_metrics] Accuracy(layer_5 - estimator_2 - 5_folds.train_4.predict)=79.22%
[ 2019-12-15 14:04:56,339][kfold_wrapper.log_eval_metrics] Accuracy(layer_5 - estimator_2 - 5_folds.train_cv.predict)=81.01%
[ 2019-12-15 14:04:56,340][kfold_wrapper.log_eval_metrics] Accuracy(layer_5 - estimator_2 - 5_folds.test.predict)=82.76%
[ 2019-12-15 14:04:57,995][kfold_wrapper.log_eval_metrics] Accuracy(layer_5 - estimator_3 - 5_folds.train_0.predict)=80.77%
[ 2019-12-15 14:04:59,666][kfold_wrapper.log_eval_metrics] Accuracy(layer_5 - estimator_3 - 5_folds.train_1.predict)=80.00%
[ 2019-12-15 14:05:01,344][kfold_wrapper.log_eval_metrics] Accuracy(layer_5 - estimator_3 - 5_folds.train_2.predict)=79.35%
[ 2019-12-15 14:05:03,056][kfold_wrapper.log_eval_metrics] Accuracy(layer_5 - estimator_3 - 5_folds.train_3.predict)=80.52%
[ 2019-12-15 14:05:04,711][kfold_wrapper.log_eval_metrics] Accuracy(layer_5 - estimator_3 - 5_folds.train_4.predict)=81.17%
[ 2019-12-15 14:05:04,731][kfold_wrapper.log_eval_metrics] Accuracy(layer_5 - estimator_3 - 5_folds.train_cv.predict)=80.36%
[ 2019-12-15 14:05:04,732][kfold_wrapper.log_eval_metrics] Accuracy(layer_5 - estimator_3 - 5_folds.test.predict)=79.31%
[ 2019-12-15 14:05:04,732][cascade_classifier.calc_accuracy] Accuracy(layer_5 - train.classifier_average)=80.10%
[ 2019-12-15 14:05:04,732][cascade_classifier.calc_accuracy] Accuracy(layer_5 - test.classifier_average)=81.61%
[ 2019-12-15 14:05:04,734][cascade_classifier.fit_transform] [layer=6] look_indexs=[0], X_cur_train.shape=(774, 366), X_cur_test.shape=(87, 366)
[ 2019-12-15 14:05:12,756][kfold_wrapper.log_eval_metrics] Accuracy(layer_6 - estimator_0 - 5_folds.train_0.predict)=78.21%
[ 2019-12-15 14:05:20,888][kfold_wrapper.log_eval_metrics] Accuracy(layer_6 - estimator_0 - 5_folds.train_1.predict)=83.87%
[ 2019-12-15 14:05:28,704][kfold_wrapper.log_eval_metrics] Accuracy(layer_6 - estimator_0 - 5_folds.train_2.predict)=83.23%
[ 2019-12-15 14:05:36,478][kfold_wrapper.log_eval_metrics] Accuracy(layer_6 - estimator_0 - 5_folds.train_3.predict)=79.87%
[ 2019-12-15 14:05:44,566][kfold_wrapper.log_eval_metrics] Accuracy(layer_6 - estimator_0 - 5_folds.train_4.predict)=79.87%
[ 2019-12-15 14:05:44,568][kfold_wrapper.log_eval_metrics] Accuracy(layer_6 - estimator_0 - 5_folds.train_cv.predict)=81.01%
[ 2019-12-15 14:05:44,568][kfold_wrapper.log_eval_metrics] Accuracy(layer_6 - estimator_0 - 5_folds.test.predict)=79.31%
[ 2019-12-15 14:05:45,130][kfold_wrapper.log_eval_metrics] Accuracy(layer_6 - estimator_1 - 5_folds.train_0.predict)=80.77%
[ 2019-12-15 14:05:45,787][kfold_wrapper.log_eval_metrics] Accuracy(layer_6 - estimator_1 - 5_folds.train_1.predict)=78.71%
[ 2019-12-15 14:05:46,450][kfold_wrapper.log_eval_metrics] Accuracy(layer_6 - estimator_1 - 5_folds.train_2.predict)=83.87%
[ 2019-12-15 14:05:47,113][kfold_wrapper.log_eval_metrics] Accuracy(layer_6 - estimator_1 - 5_folds.train_3.predict)=80.52%
[ 2019-12-15 14:05:47,777][kfold_wrapper.log_eval_metrics] Accuracy(layer_6 - estimator_1 - 5_folds.train_4.predict)=74.68%
[ 2019-12-15 14:05:47,881][kfold_wrapper.log_eval_metrics] Accuracy(layer_6 - estimator_1 - 5_folds.train_cv.predict)=79.72%
[ 2019-12-15 14:05:47,881][kfold_wrapper.log_eval_metrics] Accuracy(layer_6 - estimator_1 - 5_folds.test.predict)=80.46%
[ 2019-12-15 14:05:48,430][kfold_wrapper.log_eval_metrics] Accuracy(layer_6 - estimator_2 - 5_folds.train_0.predict)=83.33%
[ 2019-12-15 14:05:49,077][kfold_wrapper.log_eval_metrics] Accuracy(layer_6 - estimator_2 - 5_folds.train_1.predict)=81.29%
[ 2019-12-15 14:05:49,718][kfold_wrapper.log_eval_metrics] Accuracy(layer_6 - estimator_2 - 5_folds.train_2.predict)=78.06%
[ 2019-12-15 14:05:50,367][kfold_wrapper.log_eval_metrics] Accuracy(layer_6 - estimator_2 - 5_folds.train_3.predict)=81.82%
[ 2019-12-15 14:05:51,008][kfold_wrapper.log_eval_metrics] Accuracy(layer_6 - estimator_2 - 5_folds.train_4.predict)=81.82%
[ 2019-12-15 14:05:51,119][kfold_wrapper.log_eval_metrics] Accuracy(layer_6 - estimator_2 - 5_folds.train_cv.predict)=81.27%
[ 2019-12-15 14:05:51,120][kfold_wrapper.log_eval_metrics] Accuracy(layer_6 - estimator_2 - 5_folds.test.predict)=82.76%
[ 2019-12-15 14:05:52,766][kfold_wrapper.log_eval_metrics] Accuracy(layer_6 - estimator_3 - 5_folds.train_0.predict)=80.13%
[ 2019-12-15 14:05:54,440][kfold_wrapper.log_eval_metrics] Accuracy(layer_6 - estimator_3 - 5_folds.train_1.predict)=76.13%
[ 2019-12-15 14:05:56,138][kfold_wrapper.log_eval_metrics] Accuracy(layer_6 - estimator_3 - 5_folds.train_2.predict)=83.23%
[ 2019-12-15 14:05:57,813][kfold_wrapper.log_eval_metrics] Accuracy(layer_6 - estimator_3 - 5_folds.train_3.predict)=80.52%
[ 2019-12-15 14:05:59,486][kfold_wrapper.log_eval_metrics] Accuracy(layer_6 - estimator_3 - 5_folds.train_4.predict)=79.87%
[ 2019-12-15 14:05:59,507][kfold_wrapper.log_eval_metrics] Accuracy(layer_6 - estimator_3 - 5_folds.train_cv.predict)=79.97%
[ 2019-12-15 14:05:59,508][kfold_wrapper.log_eval_metrics] Accuracy(layer_6 - estimator_3 - 5_folds.test.predict)=81.61%
[ 2019-12-15 14:05:59,508][cascade_classifier.calc_accuracy] Accuracy(layer_6 - train.classifier_average)=81.40%
[ 2019-12-15 14:05:59,508][cascade_classifier.calc_accuracy] Accuracy(layer_6 - test.classifier_average)=79.31%
[ 2019-12-15 14:05:59,510][cascade_classifier.fit_transform] [layer=7] look_indexs=[0], X_cur_train.shape=(774, 366), X_cur_test.shape=(87, 366)
[ 2019-12-15 14:06:07,364][kfold_wrapper.log_eval_metrics] Accuracy(layer_7 - estimator_0 - 5_folds.train_0.predict)=80.13%
[ 2019-12-15 14:06:15,104][kfold_wrapper.log_eval_metrics] Accuracy(layer_7 - estimator_0 - 5_folds.train_1.predict)=79.35%
[ 2019-12-15 14:06:22,324][kfold_wrapper.log_eval_metrics] Accuracy(layer_7 - estimator_0 - 5_folds.train_2.predict)=80.65%
[ 2019-12-15 14:06:29,617][kfold_wrapper.log_eval_metrics] Accuracy(layer_7 - estimator_0 - 5_folds.train_3.predict)=80.52%
[ 2019-12-15 14:06:37,009][kfold_wrapper.log_eval_metrics] Accuracy(layer_7 - estimator_0 - 5_folds.train_4.predict)=84.42%
[ 2019-12-15 14:06:37,012][kfold_wrapper.log_eval_metrics] Accuracy(layer_7 - estimator_0 - 5_folds.train_cv.predict)=81.01%
[ 2019-12-15 14:06:37,012][kfold_wrapper.log_eval_metrics] Accuracy(layer_7 - estimator_0 - 5_folds.test.predict)=82.76%
[ 2019-12-15 14:06:37,568][kfold_wrapper.log_eval_metrics] Accuracy(layer_7 - estimator_1 - 5_folds.train_0.predict)=79.49%
[ 2019-12-15 14:06:38,226][kfold_wrapper.log_eval_metrics] Accuracy(layer_7 - estimator_1 - 5_folds.train_1.predict)=81.94%
[ 2019-12-15 14:06:38,879][kfold_wrapper.log_eval_metrics] Accuracy(layer_7 - estimator_1 - 5_folds.train_2.predict)=84.52%
[ 2019-12-15 14:06:39,557][kfold_wrapper.log_eval_metrics] Accuracy(layer_7 - estimator_1 - 5_folds.train_3.predict)=79.87%
[ 2019-12-15 14:06:40,216][kfold_wrapper.log_eval_metrics] Accuracy(layer_7 - estimator_1 - 5_folds.train_4.predict)=80.52%
[ 2019-12-15 14:06:40,321][kfold_wrapper.log_eval_metrics] Accuracy(layer_7 - estimator_1 - 5_folds.train_cv.predict)=81.27%
[ 2019-12-15 14:06:40,322][kfold_wrapper.log_eval_metrics] Accuracy(layer_7 - estimator_1 - 5_folds.test.predict)=80.46%
[ 2019-12-15 14:06:40,861][kfold_wrapper.log_eval_metrics] Accuracy(layer_7 - estimator_2 - 5_folds.train_0.predict)=84.62%
[ 2019-12-15 14:06:41,507][kfold_wrapper.log_eval_metrics] Accuracy(layer_7 - estimator_2 - 5_folds.train_1.predict)=82.58%
[ 2019-12-15 14:06:42,142][kfold_wrapper.log_eval_metrics] Accuracy(layer_7 - estimator_2 - 5_folds.train_2.predict)=76.77%
[ 2019-12-15 14:06:42,789][kfold_wrapper.log_eval_metrics] Accuracy(layer_7 - estimator_2 - 5_folds.train_3.predict)=85.06%
[ 2019-12-15 14:06:43,435][kfold_wrapper.log_eval_metrics] Accuracy(layer_7 - estimator_2 - 5_folds.train_4.predict)=75.32%
[ 2019-12-15 14:06:43,539][kfold_wrapper.log_eval_metrics] Accuracy(layer_7 - estimator_2 - 5_folds.train_cv.predict)=80.88%
[ 2019-12-15 14:06:43,540][kfold_wrapper.log_eval_metrics] Accuracy(layer_7 - estimator_2 - 5_folds.test.predict)=80.46%
[ 2019-12-15 14:06:45,178][kfold_wrapper.log_eval_metrics] Accuracy(layer_7 - estimator_3 - 5_folds.train_0.predict)=82.05%
[ 2019-12-15 14:06:46,850][kfold_wrapper.log_eval_metrics] Accuracy(layer_7 - estimator_3 - 5_folds.train_1.predict)=80.65%
[ 2019-12-15 14:06:48,512][kfold_wrapper.log_eval_metrics] Accuracy(layer_7 - estimator_3 - 5_folds.train_2.predict)=83.23%
[ 2019-12-15 14:06:50,187][kfold_wrapper.log_eval_metrics] Accuracy(layer_7 - estimator_3 - 5_folds.train_3.predict)=78.57%
[ 2019-12-15 14:06:51,855][kfold_wrapper.log_eval_metrics] Accuracy(layer_7 - estimator_3 - 5_folds.train_4.predict)=82.47%
[ 2019-12-15 14:06:51,875][kfold_wrapper.log_eval_metrics] Accuracy(layer_7 - estimator_3 - 5_folds.train_cv.predict)=81.40%
[ 2019-12-15 14:06:51,875][kfold_wrapper.log_eval_metrics] Accuracy(layer_7 - estimator_3 - 5_folds.test.predict)=81.61%
[ 2019-12-15 14:06:51,875][cascade_classifier.calc_accuracy] Accuracy(layer_7 - train.classifier_average)=81.78%
[ 2019-12-15 14:06:51,876][cascade_classifier.calc_accuracy] Accuracy(layer_7 - test.classifier_average)=81.61%
[ 2019-12-15 14:06:51,876][cascade_classifier.fit_transform] [Result][Optimal Level Detected] opt_layer_num=3, accuracy_train=82.43%, accuracy_test=81.61%
[ 2019-12-15 14:06:51,902][cascade_classifier.transform] X_groups_test.shape=[(87, 358)]
[ 2019-12-15 14:06:51,909][cascade_classifier.transform] group_dims=[358]
[ 2019-12-15 14:06:51,909][cascade_classifier.transform] X_test.shape=(87, 358)
[ 2019-12-15 14:06:51,910][cascade_classifier.transform] [layer=0] look_indexs=[0], X_cur_test.shape=(87, 358)
[ 2019-12-15 14:06:53,080][cascade_classifier.transform] [layer=1] look_indexs=[0], X_cur_test.shape=(87, 366)
[ 2019-12-15 14:06:54,248][cascade_classifier.transform] [layer=2] look_indexs=[0], X_cur_test.shape=(87, 366)
[ 2019-12-15 14:06:55,412][cascade_classifier.transform] X_groups_test.shape=[(87, 358)]
[ 2019-12-15 14:06:55,412][cascade_classifier.transform] group_dims=[358]
[ 2019-12-15 14:06:55,413][cascade_classifier.transform] X_test.shape=(87, 358)
[ 2019-12-15 14:06:55,413][cascade_classifier.transform] [layer=0] look_indexs=[0], X_cur_test.shape=(87, 358)
[ 2019-12-15 14:06:56,584][cascade_classifier.transform] [layer=1] look_indexs=[0], X_cur_test.shape=(87, 366)
[ 2019-12-15 14:06:57,746][cascade_classifier.transform] [layer=2] look_indexs=[0], X_cur_test.shape=(87, 366)
[ 2019-12-15 14:06:58,938][cascade_classifier.fit_transform] X_groups_train.shape=[(774, 358)],y_train.shape=(774,),X_groups_test.shape=[(87, 358)],y_test.shape=(87,)
[ 2019-12-15 14:06:58,939][cascade_classifier.fit_transform] group_dims=[358]
[ 2019-12-15 14:06:58,939][cascade_classifier.fit_transform] group_starts=[0]
[ 2019-12-15 14:06:58,939][cascade_classifier.fit_transform] group_ends=[358]
[ 2019-12-15 14:06:58,940][cascade_classifier.fit_transform] X_train.shape=(774, 358),X_test.shape=(87, 358)
[ 2019-12-15 14:06:58,941][cascade_classifier.fit_transform] [layer=0] look_indexs=[0], X_cur_train.shape=(774, 358), X_cur_test.shape=(87, 358)
[ 2019-12-15 14:07:06,955][kfold_wrapper.log_eval_metrics] Accuracy(layer_0 - estimator_0 - 5_folds.train_0.predict)=80.13%
[ 2019-12-15 14:07:15,218][kfold_wrapper.log_eval_metrics] Accuracy(layer_0 - estimator_0 - 5_folds.train_1.predict)=81.41%
[ 2019-12-15 14:07:23,137][kfold_wrapper.log_eval_metrics] Accuracy(layer_0 - estimator_0 - 5_folds.train_2.predict)=76.62%
[ 2019-12-15 14:07:31,157][kfold_wrapper.log_eval_metrics] Accuracy(layer_0 - estimator_0 - 5_folds.train_3.predict)=83.77%
[ 2019-12-15 14:07:39,307][kfold_wrapper.log_eval_metrics] Accuracy(layer_0 - estimator_0 - 5_folds.train_4.predict)=80.52%
[ 2019-12-15 14:07:39,309][kfold_wrapper.log_eval_metrics] Accuracy(layer_0 - estimator_0 - 5_folds.train_cv.predict)=80.49%
[ 2019-12-15 14:07:39,309][kfold_wrapper.log_eval_metrics] Accuracy(layer_0 - estimator_0 - 5_folds.test.predict)=82.76%
[ 2019-12-15 14:07:39,864][kfold_wrapper.log_eval_metrics] Accuracy(layer_0 - estimator_1 - 5_folds.train_0.predict)=79.49%
[ 2019-12-15 14:07:40,520][kfold_wrapper.log_eval_metrics] Accuracy(layer_0 - estimator_1 - 5_folds.train_1.predict)=78.85%
[ 2019-12-15 14:07:41,178][kfold_wrapper.log_eval_metrics] Accuracy(layer_0 - estimator_1 - 5_folds.train_2.predict)=88.31%
[ 2019-12-15 14:07:41,836][kfold_wrapper.log_eval_metrics] Accuracy(layer_0 - estimator_1 - 5_folds.train_3.predict)=79.87%
[ 2019-12-15 14:07:42,497][kfold_wrapper.log_eval_metrics] Accuracy(layer_0 - estimator_1 - 5_folds.train_4.predict)=85.71%
[ 2019-12-15 14:07:42,603][kfold_wrapper.log_eval_metrics] Accuracy(layer_0 - estimator_1 - 5_folds.train_cv.predict)=82.43%
[ 2019-12-15 14:07:42,603][kfold_wrapper.log_eval_metrics] Accuracy(layer_0 - estimator_1 - 5_folds.test.predict)=77.01%
[ 2019-12-15 14:07:43,149][kfold_wrapper.log_eval_metrics] Accuracy(layer_0 - estimator_2 - 5_folds.train_0.predict)=82.05%
[ 2019-12-15 14:07:43,789][kfold_wrapper.log_eval_metrics] Accuracy(layer_0 - estimator_2 - 5_folds.train_1.predict)=83.97%
[ 2019-12-15 14:07:44,434][kfold_wrapper.log_eval_metrics] Accuracy(layer_0 - estimator_2 - 5_folds.train_2.predict)=79.87%
[ 2019-12-15 14:07:45,078][kfold_wrapper.log_eval_metrics] Accuracy(layer_0 - estimator_2 - 5_folds.train_3.predict)=81.82%
[ 2019-12-15 14:07:45,724][kfold_wrapper.log_eval_metrics] Accuracy(layer_0 - estimator_2 - 5_folds.train_4.predict)=85.71%
[ 2019-12-15 14:07:45,830][kfold_wrapper.log_eval_metrics] Accuracy(layer_0 - estimator_2 - 5_folds.train_cv.predict)=82.69%
[ 2019-12-15 14:07:45,830][kfold_wrapper.log_eval_metrics] Accuracy(layer_0 - estimator_2 - 5_folds.test.predict)=78.16%
[ 2019-12-15 14:07:47,432][kfold_wrapper.log_eval_metrics] Accuracy(layer_0 - estimator_3 - 5_folds.train_0.predict)=82.05%
[ 2019-12-15 14:07:49,056][kfold_wrapper.log_eval_metrics] Accuracy(layer_0 - estimator_3 - 5_folds.train_1.predict)=86.54%
[ 2019-12-15 14:07:50,672][kfold_wrapper.log_eval_metrics] Accuracy(layer_0 - estimator_3 - 5_folds.train_2.predict)=80.52%
[ 2019-12-15 14:07:52,312][kfold_wrapper.log_eval_metrics] Accuracy(layer_0 - estimator_3 - 5_folds.train_3.predict)=77.27%
[ 2019-12-15 14:07:53,935][kfold_wrapper.log_eval_metrics] Accuracy(layer_0 - estimator_3 - 5_folds.train_4.predict)=84.42%
[ 2019-12-15 14:07:53,957][kfold_wrapper.log_eval_metrics] Accuracy(layer_0 - estimator_3 - 5_folds.train_cv.predict)=82.17%
[ 2019-12-15 14:07:53,957][kfold_wrapper.log_eval_metrics] Accuracy(layer_0 - estimator_3 - 5_folds.test.predict)=81.61%
[ 2019-12-15 14:07:53,957][cascade_classifier.calc_accuracy] Accuracy(layer_0 - train.classifier_average)=80.36%
[ 2019-12-15 14:07:53,957][cascade_classifier.calc_accuracy] Accuracy(layer_0 - test.classifier_average)=77.01%
[ 2019-12-15 14:07:53,959][cascade_classifier.fit_transform] [layer=1] look_indexs=[0], X_cur_train.shape=(774, 366), X_cur_test.shape=(87, 366)
[ 2019-12-15 14:08:02,329][kfold_wrapper.log_eval_metrics] Accuracy(layer_1 - estimator_0 - 5_folds.train_0.predict)=84.62%
[ 2019-12-15 14:08:10,322][kfold_wrapper.log_eval_metrics] Accuracy(layer_1 - estimator_0 - 5_folds.train_1.predict)=78.21%
[ 2019-12-15 14:08:18,080][kfold_wrapper.log_eval_metrics] Accuracy(layer_1 - estimator_0 - 5_folds.train_2.predict)=77.27%
[ 2019-12-15 14:08:26,038][kfold_wrapper.log_eval_metrics] Accuracy(layer_1 - estimator_0 - 5_folds.train_3.predict)=80.52%
[ 2019-12-15 14:08:34,225][kfold_wrapper.log_eval_metrics] Accuracy(layer_1 - estimator_0 - 5_folds.train_4.predict)=81.17%
[ 2019-12-15 14:08:34,227][kfold_wrapper.log_eval_metrics] Accuracy(layer_1 - estimator_0 - 5_folds.train_cv.predict)=80.36%
[ 2019-12-15 14:08:34,228][kfold_wrapper.log_eval_metrics] Accuracy(layer_1 - estimator_0 - 5_folds.test.predict)=80.46%
[ 2019-12-15 14:08:34,780][kfold_wrapper.log_eval_metrics] Accuracy(layer_1 - estimator_1 - 5_folds.train_0.predict)=78.21%
[ 2019-12-15 14:08:35,440][kfold_wrapper.log_eval_metrics] Accuracy(layer_1 - estimator_1 - 5_folds.train_1.predict)=82.69%
[ 2019-12-15 14:08:36,098][kfold_wrapper.log_eval_metrics] Accuracy(layer_1 - estimator_1 - 5_folds.train_2.predict)=84.42%
[ 2019-12-15 14:08:36,752][kfold_wrapper.log_eval_metrics] Accuracy(layer_1 - estimator_1 - 5_folds.train_3.predict)=81.82%
[ 2019-12-15 14:08:37,409][kfold_wrapper.log_eval_metrics] Accuracy(layer_1 - estimator_1 - 5_folds.train_4.predict)=85.71%
[ 2019-12-15 14:08:37,516][kfold_wrapper.log_eval_metrics] Accuracy(layer_1 - estimator_1 - 5_folds.train_cv.predict)=82.56%
[ 2019-12-15 14:08:37,516][kfold_wrapper.log_eval_metrics] Accuracy(layer_1 - estimator_1 - 5_folds.test.predict)=79.31%
[ 2019-12-15 14:08:38,065][kfold_wrapper.log_eval_metrics] Accuracy(layer_1 - estimator_2 - 5_folds.train_0.predict)=82.05%
[ 2019-12-15 14:08:38,703][kfold_wrapper.log_eval_metrics] Accuracy(layer_1 - estimator_2 - 5_folds.train_1.predict)=83.97%
[ 2019-12-15 14:08:39,356][kfold_wrapper.log_eval_metrics] Accuracy(layer_1 - estimator_2 - 5_folds.train_2.predict)=81.82%
[ 2019-12-15 14:08:39,998][kfold_wrapper.log_eval_metrics] Accuracy(layer_1 - estimator_2 - 5_folds.train_3.predict)=77.92%
[ 2019-12-15 14:08:40,653][kfold_wrapper.log_eval_metrics] Accuracy(layer_1 - estimator_2 - 5_folds.train_4.predict)=81.82%
[ 2019-12-15 14:08:40,759][kfold_wrapper.log_eval_metrics] Accuracy(layer_1 - estimator_2 - 5_folds.train_cv.predict)=81.52%
[ 2019-12-15 14:08:40,759][kfold_wrapper.log_eval_metrics] Accuracy(layer_1 - estimator_2 - 5_folds.test.predict)=79.31%
[ 2019-12-15 14:08:42,412][kfold_wrapper.log_eval_metrics] Accuracy(layer_1 - estimator_3 - 5_folds.train_0.predict)=83.97%
[ 2019-12-15 14:08:44,104][kfold_wrapper.log_eval_metrics] Accuracy(layer_1 - estimator_3 - 5_folds.train_1.predict)=81.41%
[ 2019-12-15 14:08:45,779][kfold_wrapper.log_eval_metrics] Accuracy(layer_1 - estimator_3 - 5_folds.train_2.predict)=83.12%
[ 2019-12-15 14:08:47,452][kfold_wrapper.log_eval_metrics] Accuracy(layer_1 - estimator_3 - 5_folds.train_3.predict)=79.22%
[ 2019-12-15 14:08:49,120][kfold_wrapper.log_eval_metrics] Accuracy(layer_1 - estimator_3 - 5_folds.train_4.predict)=80.52%
[ 2019-12-15 14:08:49,146][kfold_wrapper.log_eval_metrics] Accuracy(layer_1 - estimator_3 - 5_folds.train_cv.predict)=81.65%
[ 2019-12-15 14:08:49,147][kfold_wrapper.log_eval_metrics] Accuracy(layer_1 - estimator_3 - 5_folds.test.predict)=79.31%
[ 2019-12-15 14:08:49,147][cascade_classifier.calc_accuracy] Accuracy(layer_1 - train.classifier_average)=80.62%
[ 2019-12-15 14:08:49,147][cascade_classifier.calc_accuracy] Accuracy(layer_1 - test.classifier_average)=78.16%
[ 2019-12-15 14:08:49,149][cascade_classifier.fit_transform] [layer=2] look_indexs=[0], X_cur_train.shape=(774, 366), X_cur_test.shape=(87, 366)
[ 2019-12-15 14:08:57,279][kfold_wrapper.log_eval_metrics] Accuracy(layer_2 - estimator_0 - 5_folds.train_0.predict)=80.13%
