[ 2019-12-15 10:49:23,665][cascade_classifier.fit_transform] X_groups_train.shape=[(774, 1, 358, 1)],y_train.shape=(774,),X_groups_test.shape=[(87, 1, 358, 1)],y_test.shape=(87,)
[ 2019-12-15 10:49:23,667][cascade_classifier.fit_transform] group_dims=[358]
[ 2019-12-15 10:49:23,667][cascade_classifier.fit_transform] group_starts=[0]
[ 2019-12-15 10:49:23,667][cascade_classifier.fit_transform] group_ends=[358]
[ 2019-12-15 10:49:23,668][cascade_classifier.fit_transform] X_train.shape=(774, 358),X_test.shape=(87, 358)
[ 2019-12-15 10:49:23,670][cascade_classifier.fit_transform] [layer=0] look_indexs=[0], X_cur_train.shape=(774, 358), X_cur_test.shape=(87, 358)
[ 2019-12-15 10:49:24,455][kfold_wrapper.log_eval_metrics] Accuracy(layer_0 - estimator_0 - 5_folds.train_0.predict)=81.41%
[ 2019-12-15 10:49:25,326][kfold_wrapper.log_eval_metrics] Accuracy(layer_0 - estimator_0 - 5_folds.train_1.predict)=86.45%
[ 2019-12-15 10:49:26,198][kfold_wrapper.log_eval_metrics] Accuracy(layer_0 - estimator_0 - 5_folds.train_2.predict)=81.94%
[ 2019-12-15 10:49:27,063][kfold_wrapper.log_eval_metrics] Accuracy(layer_0 - estimator_0 - 5_folds.train_3.predict)=77.92%
[ 2019-12-15 10:49:27,939][kfold_wrapper.log_eval_metrics] Accuracy(layer_0 - estimator_0 - 5_folds.train_4.predict)=75.32%
[ 2019-12-15 10:49:28,045][kfold_wrapper.log_eval_metrics] Accuracy(layer_0 - estimator_0 - 5_folds.train_cv.predict)=80.62%
[ 2019-12-15 10:49:28,045][kfold_wrapper.log_eval_metrics] Accuracy(layer_0 - estimator_0 - 5_folds.test.predict)=88.51%
[ 2019-12-15 10:49:28,692][kfold_wrapper.log_eval_metrics] Accuracy(layer_0 - estimator_1 - 5_folds.train_0.predict)=80.13%
[ 2019-12-15 10:49:29,433][kfold_wrapper.log_eval_metrics] Accuracy(layer_0 - estimator_1 - 5_folds.train_1.predict)=78.06%
[ 2019-12-15 10:49:30,184][kfold_wrapper.log_eval_metrics] Accuracy(layer_0 - estimator_1 - 5_folds.train_2.predict)=81.29%
[ 2019-12-15 10:49:30,932][kfold_wrapper.log_eval_metrics] Accuracy(layer_0 - estimator_1 - 5_folds.train_3.predict)=84.42%
[ 2019-12-15 10:49:31,679][kfold_wrapper.log_eval_metrics] Accuracy(layer_0 - estimator_1 - 5_folds.train_4.predict)=83.77%
[ 2019-12-15 10:49:31,784][kfold_wrapper.log_eval_metrics] Accuracy(layer_0 - estimator_1 - 5_folds.train_cv.predict)=81.52%
[ 2019-12-15 10:49:31,785][kfold_wrapper.log_eval_metrics] Accuracy(layer_0 - estimator_1 - 5_folds.test.predict)=87.36%
