[ 2019-12-15 09:54:54,643][cascade_classifier.fit_transform] X_groups_train.shape=[(774, 1, 358, 1)],y_train.shape=(774,),X_groups_test.shape=[(87, 1, 358, 1)],y_test.shape=(87,)
[ 2019-12-15 09:54:54,644][cascade_classifier.fit_transform] group_dims=[358]
[ 2019-12-15 09:54:54,644][cascade_classifier.fit_transform] group_starts=[0]
[ 2019-12-15 09:54:54,644][cascade_classifier.fit_transform] group_ends=[358]
[ 2019-12-15 09:54:54,645][cascade_classifier.fit_transform] X_train.shape=(774, 358),X_test.shape=(87, 358)
[ 2019-12-15 09:54:54,646][cascade_classifier.fit_transform] [layer=0] look_indexs=[0], X_cur_train.shape=(774, 358), X_cur_test.shape=(87, 358)
[ 2019-12-15 09:54:55,749][kfold_wrapper.log_eval_metrics] Accuracy(layer_0 - estimator_0 - 5_folds.train_0.predict)=84.52%
[ 2019-12-15 09:54:56,941][kfold_wrapper.log_eval_metrics] Accuracy(layer_0 - estimator_0 - 5_folds.train_1.predict)=81.29%
[ 2019-12-15 09:54:58,231][kfold_wrapper.log_eval_metrics] Accuracy(layer_0 - estimator_0 - 5_folds.train_2.predict)=80.65%
[ 2019-12-15 09:54:59,529][kfold_wrapper.log_eval_metrics] Accuracy(layer_0 - estimator_0 - 5_folds.train_3.predict)=83.23%
[ 2019-12-15 09:55:00,876][kfold_wrapper.log_eval_metrics] Accuracy(layer_0 - estimator_0 - 5_folds.train_4.predict)=78.57%
[ 2019-12-15 09:55:01,083][kfold_wrapper.log_eval_metrics] Accuracy(layer_0 - estimator_0 - 5_folds.train_cv.predict)=81.65%
[ 2019-12-15 09:55:01,084][kfold_wrapper.log_eval_metrics] Accuracy(layer_0 - estimator_0 - 5_folds.test.predict)=81.61%
[ 2019-12-15 09:55:02,046][kfold_wrapper.log_eval_metrics] Accuracy(layer_0 - estimator_1 - 5_folds.train_0.predict)=83.87%
[ 2019-12-15 09:55:03,208][kfold_wrapper.log_eval_metrics] Accuracy(layer_0 - estimator_1 - 5_folds.train_1.predict)=83.87%
[ 2019-12-15 09:55:04,374][kfold_wrapper.log_eval_metrics] Accuracy(layer_0 - estimator_1 - 5_folds.train_2.predict)=81.29%
[ 2019-12-15 09:55:05,539][kfold_wrapper.log_eval_metrics] Accuracy(layer_0 - estimator_1 - 5_folds.train_3.predict)=80.65%
[ 2019-12-15 09:55:06,704][kfold_wrapper.log_eval_metrics] Accuracy(layer_0 - estimator_1 - 5_folds.train_4.predict)=79.87%
[ 2019-12-15 09:55:06,912][kfold_wrapper.log_eval_metrics] Accuracy(layer_0 - estimator_1 - 5_folds.train_cv.predict)=81.91%
[ 2019-12-15 09:55:06,913][kfold_wrapper.log_eval_metrics] Accuracy(layer_0 - estimator_1 - 5_folds.test.predict)=79.31%
[ 2019-12-15 09:55:08,006][kfold_wrapper.log_eval_metrics] Accuracy(layer_0 - estimator_2 - 5_folds.train_0.predict)=83.87%
[ 2019-12-15 09:55:09,087][kfold_wrapper.log_eval_metrics] Accuracy(layer_0 - estimator_2 - 5_folds.train_1.predict)=78.71%
[ 2019-12-15 09:55:10,150][kfold_wrapper.log_eval_metrics] Accuracy(layer_0 - estimator_2 - 5_folds.train_2.predict)=81.94%
[ 2019-12-15 09:55:11,174][kfold_wrapper.log_eval_metrics] Accuracy(layer_0 - estimator_2 - 5_folds.train_3.predict)=85.16%
[ 2019-12-15 09:55:12,208][kfold_wrapper.log_eval_metrics] Accuracy(layer_0 - estimator_2 - 5_folds.train_4.predict)=79.22%
[ 2019-12-15 09:55:12,210][kfold_wrapper.log_eval_metrics] Accuracy(layer_0 - estimator_2 - 5_folds.train_cv.predict)=81.78%
[ 2019-12-15 09:55:12,210][kfold_wrapper.log_eval_metrics] Accuracy(layer_0 - estimator_2 - 5_folds.test.predict)=83.91%
