[ 2019-12-15 11:20:05,523][cascade_classifier.fit_transform] X_groups_train.shape=[(774, 1, 358, 1)],y_train.shape=(774,),X_groups_test.shape=[(87, 1, 358, 1)],y_test.shape=(87,)
[ 2019-12-15 11:20:05,524][cascade_classifier.fit_transform] group_dims=[358]
[ 2019-12-15 11:20:05,525][cascade_classifier.fit_transform] group_starts=[0]
[ 2019-12-15 11:20:05,525][cascade_classifier.fit_transform] group_ends=[358]
[ 2019-12-15 11:20:05,525][cascade_classifier.fit_transform] X_train.shape=(774, 358),X_test.shape=(87, 358)
[ 2019-12-15 11:20:05,527][cascade_classifier.fit_transform] [layer=0] look_indexs=[0], X_cur_train.shape=(774, 358), X_cur_test.shape=(87, 358)
[ 2019-12-15 11:20:05,872][kfold_wrapper.log_eval_metrics] Accuracy(layer_0 - estimator_0 - 5_folds.train_0.predict)=82.69%
[ 2019-12-15 11:20:06,319][kfold_wrapper.log_eval_metrics] Accuracy(layer_0 - estimator_0 - 5_folds.train_1.predict)=78.06%
[ 2019-12-15 11:20:06,765][kfold_wrapper.log_eval_metrics] Accuracy(layer_0 - estimator_0 - 5_folds.train_2.predict)=80.00%
[ 2019-12-15 11:20:07,210][kfold_wrapper.log_eval_metrics] Accuracy(layer_0 - estimator_0 - 5_folds.train_3.predict)=83.77%
[ 2019-12-15 11:20:07,644][kfold_wrapper.log_eval_metrics] Accuracy(layer_0 - estimator_0 - 5_folds.train_4.predict)=83.12%
[ 2019-12-15 11:20:07,760][kfold_wrapper.log_eval_metrics] Accuracy(layer_0 - estimator_0 - 5_folds.train_cv.predict)=81.52%
[ 2019-12-15 11:20:07,761][kfold_wrapper.log_eval_metrics] Accuracy(layer_0 - estimator_0 - 5_folds.test.predict)=86.21%
[ 2019-12-15 11:20:08,107][kfold_wrapper.log_eval_metrics] Accuracy(layer_0 - estimator_1 - 5_folds.train_0.predict)=82.69%
[ 2019-12-15 11:20:08,548][kfold_wrapper.log_eval_metrics] Accuracy(layer_0 - estimator_1 - 5_folds.train_1.predict)=77.42%
[ 2019-12-15 11:20:08,984][kfold_wrapper.log_eval_metrics] Accuracy(layer_0 - estimator_1 - 5_folds.train_2.predict)=79.35%
[ 2019-12-15 11:20:09,423][kfold_wrapper.log_eval_metrics] Accuracy(layer_0 - estimator_1 - 5_folds.train_3.predict)=84.42%
[ 2019-12-15 11:20:09,856][kfold_wrapper.log_eval_metrics] Accuracy(layer_0 - estimator_1 - 5_folds.train_4.predict)=83.77%
[ 2019-12-15 11:20:09,961][kfold_wrapper.log_eval_metrics] Accuracy(layer_0 - estimator_1 - 5_folds.train_cv.predict)=81.52%
[ 2019-12-15 11:20:09,962][kfold_wrapper.log_eval_metrics] Accuracy(layer_0 - estimator_1 - 5_folds.test.predict)=85.06%
[ 2019-12-15 11:20:10,227][kfold_wrapper.log_eval_metrics] Accuracy(layer_0 - estimator_2 - 5_folds.train_0.predict)=82.69%
[ 2019-12-15 11:20:10,473][kfold_wrapper.log_eval_metrics] Accuracy(layer_0 - estimator_2 - 5_folds.train_1.predict)=81.94%
[ 2019-12-15 11:20:10,716][kfold_wrapper.log_eval_metrics] Accuracy(layer_0 - estimator_2 - 5_folds.train_2.predict)=83.87%
[ 2019-12-15 11:20:10,981][kfold_wrapper.log_eval_metrics] Accuracy(layer_0 - estimator_2 - 5_folds.train_3.predict)=79.87%
[ 2019-12-15 11:20:11,268][kfold_wrapper.log_eval_metrics] Accuracy(layer_0 - estimator_2 - 5_folds.train_4.predict)=78.57%
[ 2019-12-15 11:20:11,269][kfold_wrapper.log_eval_metrics] Accuracy(layer_0 - estimator_2 - 5_folds.train_cv.predict)=81.40%
[ 2019-12-15 11:20:11,270][kfold_wrapper.log_eval_metrics] Accuracy(layer_0 - estimator_2 - 5_folds.test.predict)=86.21%
[ 2019-12-15 11:20:11,410][kfold_wrapper.log_eval_metrics] Accuracy(layer_0 - estimator_3 - 5_folds.train_0.predict)=84.62%
[ 2019-12-15 11:20:11,553][kfold_wrapper.log_eval_metrics] Accuracy(layer_0 - estimator_3 - 5_folds.train_1.predict)=78.71%
[ 2019-12-15 11:20:11,699][kfold_wrapper.log_eval_metrics] Accuracy(layer_0 - estimator_3 - 5_folds.train_2.predict)=78.71%
[ 2019-12-15 11:20:11,849][kfold_wrapper.log_eval_metrics] Accuracy(layer_0 - estimator_3 - 5_folds.train_3.predict)=81.82%
[ 2019-12-15 11:20:11,996][kfold_wrapper.log_eval_metrics] Accuracy(layer_0 - estimator_3 - 5_folds.train_4.predict)=79.87%
[ 2019-12-15 11:20:11,998][kfold_wrapper.log_eval_metrics] Accuracy(layer_0 - estimator_3 - 5_folds.train_cv.predict)=80.75%
[ 2019-12-15 11:20:11,998][kfold_wrapper.log_eval_metrics] Accuracy(layer_0 - estimator_3 - 5_folds.test.predict)=86.21%
[ 2019-12-15 11:20:11,999][cascade_classifier.calc_accuracy] Accuracy(layer_0 - train.classifier_average)=81.65%
[ 2019-12-15 11:20:11,999][cascade_classifier.calc_accuracy] Accuracy(layer_0 - test.classifier_average)=87.36%
[ 2019-12-15 11:20:12,001][cascade_classifier.fit_transform] [layer=1] look_indexs=[0], X_cur_train.shape=(774, 366), X_cur_test.shape=(87, 366)
[ 2019-12-15 11:20:12,353][kfold_wrapper.log_eval_metrics] Accuracy(layer_1 - estimator_0 - 5_folds.train_0.predict)=78.85%
[ 2019-12-15 11:20:12,824][kfold_wrapper.log_eval_metrics] Accuracy(layer_1 - estimator_0 - 5_folds.train_1.predict)=86.45%
[ 2019-12-15 11:20:13,271][kfold_wrapper.log_eval_metrics] Accuracy(layer_1 - estimator_0 - 5_folds.train_2.predict)=77.42%
[ 2019-12-15 11:20:13,718][kfold_wrapper.log_eval_metrics] Accuracy(layer_1 - estimator_0 - 5_folds.train_3.predict)=81.82%
[ 2019-12-15 11:20:14,271][kfold_wrapper.log_eval_metrics] Accuracy(layer_1 - estimator_0 - 5_folds.train_4.predict)=81.17%
[ 2019-12-15 11:20:14,377][kfold_wrapper.log_eval_metrics] Accuracy(layer_1 - estimator_0 - 5_folds.train_cv.predict)=81.14%
[ 2019-12-15 11:20:14,378][kfold_wrapper.log_eval_metrics] Accuracy(layer_1 - estimator_0 - 5_folds.test.predict)=87.36%
[ 2019-12-15 11:20:14,756][kfold_wrapper.log_eval_metrics] Accuracy(layer_1 - estimator_1 - 5_folds.train_0.predict)=81.41%
[ 2019-12-15 11:20:15,227][kfold_wrapper.log_eval_metrics] Accuracy(layer_1 - estimator_1 - 5_folds.train_1.predict)=88.39%
[ 2019-12-15 11:20:15,658][kfold_wrapper.log_eval_metrics] Accuracy(layer_1 - estimator_1 - 5_folds.train_2.predict)=80.00%
[ 2019-12-15 11:20:16,086][kfold_wrapper.log_eval_metrics] Accuracy(layer_1 - estimator_1 - 5_folds.train_3.predict)=80.52%
[ 2019-12-15 11:20:16,518][kfold_wrapper.log_eval_metrics] Accuracy(layer_1 - estimator_1 - 5_folds.train_4.predict)=75.32%
[ 2019-12-15 11:20:16,623][kfold_wrapper.log_eval_metrics] Accuracy(layer_1 - estimator_1 - 5_folds.train_cv.predict)=81.14%
[ 2019-12-15 11:20:16,624][kfold_wrapper.log_eval_metrics] Accuracy(layer_1 - estimator_1 - 5_folds.test.predict)=86.21%
[ 2019-12-15 11:20:16,893][kfold_wrapper.log_eval_metrics] Accuracy(layer_1 - estimator_2 - 5_folds.train_0.predict)=84.62%
[ 2019-12-15 11:20:17,150][kfold_wrapper.log_eval_metrics] Accuracy(layer_1 - estimator_2 - 5_folds.train_1.predict)=80.00%
[ 2019-12-15 11:20:17,408][kfold_wrapper.log_eval_metrics] Accuracy(layer_1 - estimator_2 - 5_folds.train_2.predict)=81.94%
[ 2019-12-15 11:20:17,667][kfold_wrapper.log_eval_metrics] Accuracy(layer_1 - estimator_2 - 5_folds.train_3.predict)=76.62%
[ 2019-12-15 11:20:17,914][kfold_wrapper.log_eval_metrics] Accuracy(layer_1 - estimator_2 - 5_folds.train_4.predict)=79.87%
[ 2019-12-15 11:20:17,916][kfold_wrapper.log_eval_metrics] Accuracy(layer_1 - estimator_2 - 5_folds.train_cv.predict)=80.62%
[ 2019-12-15 11:20:17,916][kfold_wrapper.log_eval_metrics] Accuracy(layer_1 - estimator_2 - 5_folds.test.predict)=83.91%
[ 2019-12-15 11:20:18,061][kfold_wrapper.log_eval_metrics] Accuracy(layer_1 - estimator_3 - 5_folds.train_0.predict)=77.56%
[ 2019-12-15 11:20:18,202][kfold_wrapper.log_eval_metrics] Accuracy(layer_1 - estimator_3 - 5_folds.train_1.predict)=85.16%
[ 2019-12-15 11:20:18,358][kfold_wrapper.log_eval_metrics] Accuracy(layer_1 - estimator_3 - 5_folds.train_2.predict)=80.65%
[ 2019-12-15 11:20:18,529][kfold_wrapper.log_eval_metrics] Accuracy(layer_1 - estimator_3 - 5_folds.train_3.predict)=79.87%
[ 2019-12-15 11:20:18,669][kfold_wrapper.log_eval_metrics] Accuracy(layer_1 - estimator_3 - 5_folds.train_4.predict)=75.97%
[ 2019-12-15 11:20:18,670][kfold_wrapper.log_eval_metrics] Accuracy(layer_1 - estimator_3 - 5_folds.train_cv.predict)=79.84%
[ 2019-12-15 11:20:18,670][kfold_wrapper.log_eval_metrics] Accuracy(layer_1 - estimator_3 - 5_folds.test.predict)=87.36%
[ 2019-12-15 11:20:18,671][cascade_classifier.calc_accuracy] Accuracy(layer_1 - train.classifier_average)=81.52%
[ 2019-12-15 11:20:18,671][cascade_classifier.calc_accuracy] Accuracy(layer_1 - test.classifier_average)=85.06%
[ 2019-12-15 11:20:18,673][cascade_classifier.fit_transform] [layer=2] look_indexs=[0], X_cur_train.shape=(774, 366), X_cur_test.shape=(87, 366)
[ 2019-12-15 11:20:19,050][kfold_wrapper.log_eval_metrics] Accuracy(layer_2 - estimator_0 - 5_folds.train_0.predict)=82.05%
[ 2019-12-15 11:20:19,616][kfold_wrapper.log_eval_metrics] Accuracy(layer_2 - estimator_0 - 5_folds.train_1.predict)=77.42%
[ 2019-12-15 11:20:20,060][kfold_wrapper.log_eval_metrics] Accuracy(layer_2 - estimator_0 - 5_folds.train_2.predict)=81.94%
[ 2019-12-15 11:20:20,640][kfold_wrapper.log_eval_metrics] Accuracy(layer_2 - estimator_0 - 5_folds.train_3.predict)=81.17%
[ 2019-12-15 11:20:21,256][kfold_wrapper.log_eval_metrics] Accuracy(layer_2 - estimator_0 - 5_folds.train_4.predict)=79.22%
[ 2019-12-15 11:20:21,369][kfold_wrapper.log_eval_metrics] Accuracy(layer_2 - estimator_0 - 5_folds.train_cv.predict)=80.36%
[ 2019-12-15 11:20:21,370][kfold_wrapper.log_eval_metrics] Accuracy(layer_2 - estimator_0 - 5_folds.test.predict)=85.06%
[ 2019-12-15 11:20:21,710][kfold_wrapper.log_eval_metrics] Accuracy(layer_2 - estimator_1 - 5_folds.train_0.predict)=74.36%
[ 2019-12-15 11:20:22,204][kfold_wrapper.log_eval_metrics] Accuracy(layer_2 - estimator_1 - 5_folds.train_1.predict)=80.65%
[ 2019-12-15 11:20:22,654][kfold_wrapper.log_eval_metrics] Accuracy(layer_2 - estimator_1 - 5_folds.train_2.predict)=84.52%
[ 2019-12-15 11:20:23,081][kfold_wrapper.log_eval_metrics] Accuracy(layer_2 - estimator_1 - 5_folds.train_3.predict)=85.06%
[ 2019-12-15 11:20:23,512][kfold_wrapper.log_eval_metrics] Accuracy(layer_2 - estimator_1 - 5_folds.train_4.predict)=79.22%
[ 2019-12-15 11:20:23,624][kfold_wrapper.log_eval_metrics] Accuracy(layer_2 - estimator_1 - 5_folds.train_cv.predict)=80.75%
[ 2019-12-15 11:20:23,625][kfold_wrapper.log_eval_metrics] Accuracy(layer_2 - estimator_1 - 5_folds.test.predict)=85.06%
[ 2019-12-15 11:20:23,872][kfold_wrapper.log_eval_metrics] Accuracy(layer_2 - estimator_2 - 5_folds.train_0.predict)=75.00%
[ 2019-12-15 11:20:24,131][kfold_wrapper.log_eval_metrics] Accuracy(layer_2 - estimator_2 - 5_folds.train_1.predict)=80.65%
[ 2019-12-15 11:20:24,372][kfold_wrapper.log_eval_metrics] Accuracy(layer_2 - estimator_2 - 5_folds.train_2.predict)=88.39%
[ 2019-12-15 11:20:24,618][kfold_wrapper.log_eval_metrics] Accuracy(layer_2 - estimator_2 - 5_folds.train_3.predict)=78.57%
[ 2019-12-15 11:20:24,863][kfold_wrapper.log_eval_metrics] Accuracy(layer_2 - estimator_2 - 5_folds.train_4.predict)=82.47%
[ 2019-12-15 11:20:24,864][kfold_wrapper.log_eval_metrics] Accuracy(layer_2 - estimator_2 - 5_folds.train_cv.predict)=81.01%
[ 2019-12-15 11:20:24,865][kfold_wrapper.log_eval_metrics] Accuracy(layer_2 - estimator_2 - 5_folds.test.predict)=83.91%
[ 2019-12-15 11:20:25,008][kfold_wrapper.log_eval_metrics] Accuracy(layer_2 - estimator_3 - 5_folds.train_0.predict)=78.85%
[ 2019-12-15 11:20:25,148][kfold_wrapper.log_eval_metrics] Accuracy(layer_2 - estimator_3 - 5_folds.train_1.predict)=78.06%
[ 2019-12-15 11:20:25,284][kfold_wrapper.log_eval_metrics] Accuracy(layer_2 - estimator_3 - 5_folds.train_2.predict)=79.35%
[ 2019-12-15 11:20:25,425][kfold_wrapper.log_eval_metrics] Accuracy(layer_2 - estimator_3 - 5_folds.train_3.predict)=81.17%
[ 2019-12-15 11:20:25,558][kfold_wrapper.log_eval_metrics] Accuracy(layer_2 - estimator_3 - 5_folds.train_4.predict)=77.92%
[ 2019-12-15 11:20:25,559][kfold_wrapper.log_eval_metrics] Accuracy(layer_2 - estimator_3 - 5_folds.train_cv.predict)=79.07%
[ 2019-12-15 11:20:25,560][kfold_wrapper.log_eval_metrics] Accuracy(layer_2 - estimator_3 - 5_folds.test.predict)=83.91%
[ 2019-12-15 11:20:25,560][cascade_classifier.calc_accuracy] Accuracy(layer_2 - train.classifier_average)=81.40%
[ 2019-12-15 11:20:25,561][cascade_classifier.calc_accuracy] Accuracy(layer_2 - test.classifier_average)=83.91%
[ 2019-12-15 11:20:25,562][cascade_classifier.fit_transform] [layer=3] look_indexs=[0], X_cur_train.shape=(774, 366), X_cur_test.shape=(87, 366)
[ 2019-12-15 11:20:25,897][kfold_wrapper.log_eval_metrics] Accuracy(layer_3 - estimator_0 - 5_folds.train_0.predict)=77.56%
[ 2019-12-15 11:20:26,335][kfold_wrapper.log_eval_metrics] Accuracy(layer_3 - estimator_0 - 5_folds.train_1.predict)=78.71%
[ 2019-12-15 11:20:26,781][kfold_wrapper.log_eval_metrics] Accuracy(layer_3 - estimator_0 - 5_folds.train_2.predict)=82.58%
[ 2019-12-15 11:20:27,217][kfold_wrapper.log_eval_metrics] Accuracy(layer_3 - estimator_0 - 5_folds.train_3.predict)=80.52%
[ 2019-12-15 11:20:27,656][kfold_wrapper.log_eval_metrics] Accuracy(layer_3 - estimator_0 - 5_folds.train_4.predict)=84.42%
[ 2019-12-15 11:20:27,761][kfold_wrapper.log_eval_metrics] Accuracy(layer_3 - estimator_0 - 5_folds.train_cv.predict)=80.75%
[ 2019-12-15 11:20:27,762][kfold_wrapper.log_eval_metrics] Accuracy(layer_3 - estimator_0 - 5_folds.test.predict)=83.91%
[ 2019-12-15 11:20:28,088][kfold_wrapper.log_eval_metrics] Accuracy(layer_3 - estimator_1 - 5_folds.train_0.predict)=78.21%
[ 2019-12-15 11:20:28,532][kfold_wrapper.log_eval_metrics] Accuracy(layer_3 - estimator_1 - 5_folds.train_1.predict)=81.29%
[ 2019-12-15 11:20:28,965][kfold_wrapper.log_eval_metrics] Accuracy(layer_3 - estimator_1 - 5_folds.train_2.predict)=81.29%
[ 2019-12-15 11:20:29,402][kfold_wrapper.log_eval_metrics] Accuracy(layer_3 - estimator_1 - 5_folds.train_3.predict)=83.77%
[ 2019-12-15 11:20:29,830][kfold_wrapper.log_eval_metrics] Accuracy(layer_3 - estimator_1 - 5_folds.train_4.predict)=83.77%
[ 2019-12-15 11:20:29,936][kfold_wrapper.log_eval_metrics] Accuracy(layer_3 - estimator_1 - 5_folds.train_cv.predict)=81.65%
[ 2019-12-15 11:20:29,937][kfold_wrapper.log_eval_metrics] Accuracy(layer_3 - estimator_1 - 5_folds.test.predict)=87.36%
[ 2019-12-15 11:20:30,196][kfold_wrapper.log_eval_metrics] Accuracy(layer_3 - estimator_2 - 5_folds.train_0.predict)=75.64%
[ 2019-12-15 11:20:30,443][kfold_wrapper.log_eval_metrics] Accuracy(layer_3 - estimator_2 - 5_folds.train_1.predict)=82.58%
[ 2019-12-15 11:20:30,686][kfold_wrapper.log_eval_metrics] Accuracy(layer_3 - estimator_2 - 5_folds.train_2.predict)=81.94%
[ 2019-12-15 11:20:30,930][kfold_wrapper.log_eval_metrics] Accuracy(layer_3 - estimator_2 - 5_folds.train_3.predict)=79.87%
[ 2019-12-15 11:20:31,176][kfold_wrapper.log_eval_metrics] Accuracy(layer_3 - estimator_2 - 5_folds.train_4.predict)=81.17%
[ 2019-12-15 11:20:31,177][kfold_wrapper.log_eval_metrics] Accuracy(layer_3 - estimator_2 - 5_folds.train_cv.predict)=80.23%
[ 2019-12-15 11:20:31,177][kfold_wrapper.log_eval_metrics] Accuracy(layer_3 - estimator_2 - 5_folds.test.predict)=82.76%
[ 2019-12-15 11:20:31,319][kfold_wrapper.log_eval_metrics] Accuracy(layer_3 - estimator_3 - 5_folds.train_0.predict)=81.41%
[ 2019-12-15 11:20:31,453][kfold_wrapper.log_eval_metrics] Accuracy(layer_3 - estimator_3 - 5_folds.train_1.predict)=80.00%
[ 2019-12-15 11:20:31,591][kfold_wrapper.log_eval_metrics] Accuracy(layer_3 - estimator_3 - 5_folds.train_2.predict)=81.94%
[ 2019-12-15 11:20:31,732][kfold_wrapper.log_eval_metrics] Accuracy(layer_3 - estimator_3 - 5_folds.train_3.predict)=80.52%
[ 2019-12-15 11:20:31,869][kfold_wrapper.log_eval_metrics] Accuracy(layer_3 - estimator_3 - 5_folds.train_4.predict)=73.38%
[ 2019-12-15 11:20:31,870][kfold_wrapper.log_eval_metrics] Accuracy(layer_3 - estimator_3 - 5_folds.train_cv.predict)=79.46%
[ 2019-12-15 11:20:31,871][kfold_wrapper.log_eval_metrics] Accuracy(layer_3 - estimator_3 - 5_folds.test.predict)=86.21%
[ 2019-12-15 11:20:31,871][cascade_classifier.calc_accuracy] Accuracy(layer_3 - train.classifier_average)=81.01%
[ 2019-12-15 11:20:31,871][cascade_classifier.calc_accuracy] Accuracy(layer_3 - test.classifier_average)=86.21%
[ 2019-12-15 11:20:31,873][cascade_classifier.fit_transform] [layer=4] look_indexs=[0], X_cur_train.shape=(774, 366), X_cur_test.shape=(87, 366)
[ 2019-12-15 11:20:32,210][kfold_wrapper.log_eval_metrics] Accuracy(layer_4 - estimator_0 - 5_folds.train_0.predict)=81.41%
[ 2019-12-15 11:20:32,650][kfold_wrapper.log_eval_metrics] Accuracy(layer_4 - estimator_0 - 5_folds.train_1.predict)=79.35%
[ 2019-12-15 11:20:33,085][kfold_wrapper.log_eval_metrics] Accuracy(layer_4 - estimator_0 - 5_folds.train_2.predict)=81.94%
[ 2019-12-15 11:20:33,524][kfold_wrapper.log_eval_metrics] Accuracy(layer_4 - estimator_0 - 5_folds.train_3.predict)=85.06%
[ 2019-12-15 11:20:33,959][kfold_wrapper.log_eval_metrics] Accuracy(layer_4 - estimator_0 - 5_folds.train_4.predict)=77.27%
[ 2019-12-15 11:20:34,064][kfold_wrapper.log_eval_metrics] Accuracy(layer_4 - estimator_0 - 5_folds.train_cv.predict)=81.01%
[ 2019-12-15 11:20:34,065][kfold_wrapper.log_eval_metrics] Accuracy(layer_4 - estimator_0 - 5_folds.test.predict)=86.21%
[ 2019-12-15 11:20:34,394][kfold_wrapper.log_eval_metrics] Accuracy(layer_4 - estimator_1 - 5_folds.train_0.predict)=87.18%
[ 2019-12-15 11:20:34,832][kfold_wrapper.log_eval_metrics] Accuracy(layer_4 - estimator_1 - 5_folds.train_1.predict)=77.42%
[ 2019-12-15 11:20:35,272][kfold_wrapper.log_eval_metrics] Accuracy(layer_4 - estimator_1 - 5_folds.train_2.predict)=87.74%
[ 2019-12-15 11:20:35,710][kfold_wrapper.log_eval_metrics] Accuracy(layer_4 - estimator_1 - 5_folds.train_3.predict)=78.57%
[ 2019-12-15 11:20:36,139][kfold_wrapper.log_eval_metrics] Accuracy(layer_4 - estimator_1 - 5_folds.train_4.predict)=77.92%
[ 2019-12-15 11:20:36,245][kfold_wrapper.log_eval_metrics] Accuracy(layer_4 - estimator_1 - 5_folds.train_cv.predict)=81.78%
[ 2019-12-15 11:20:36,251][kfold_wrapper.log_eval_metrics] Accuracy(layer_4 - estimator_1 - 5_folds.test.predict)=83.91%
[ 2019-12-15 11:20:36,502][kfold_wrapper.log_eval_metrics] Accuracy(layer_4 - estimator_2 - 5_folds.train_0.predict)=80.77%
[ 2019-12-15 11:20:36,755][kfold_wrapper.log_eval_metrics] Accuracy(layer_4 - estimator_2 - 5_folds.train_1.predict)=81.29%
[ 2019-12-15 11:20:36,997][kfold_wrapper.log_eval_metrics] Accuracy(layer_4 - estimator_2 - 5_folds.train_2.predict)=76.77%
[ 2019-12-15 11:20:37,240][kfold_wrapper.log_eval_metrics] Accuracy(layer_4 - estimator_2 - 5_folds.train_3.predict)=84.42%
[ 2019-12-15 11:20:37,497][kfold_wrapper.log_eval_metrics] Accuracy(layer_4 - estimator_2 - 5_folds.train_4.predict)=78.57%
[ 2019-12-15 11:20:37,498][kfold_wrapper.log_eval_metrics] Accuracy(layer_4 - estimator_2 - 5_folds.train_cv.predict)=80.36%
[ 2019-12-15 11:20:37,498][kfold_wrapper.log_eval_metrics] Accuracy(layer_4 - estimator_2 - 5_folds.test.predict)=85.06%
[ 2019-12-15 11:20:37,632][kfold_wrapper.log_eval_metrics] Accuracy(layer_4 - estimator_3 - 5_folds.train_0.predict)=83.33%
[ 2019-12-15 11:20:37,776][kfold_wrapper.log_eval_metrics] Accuracy(layer_4 - estimator_3 - 5_folds.train_1.predict)=83.23%
[ 2019-12-15 11:20:37,910][kfold_wrapper.log_eval_metrics] Accuracy(layer_4 - estimator_3 - 5_folds.train_2.predict)=74.84%
[ 2019-12-15 11:20:38,061][kfold_wrapper.log_eval_metrics] Accuracy(layer_4 - estimator_3 - 5_folds.train_3.predict)=81.82%
[ 2019-12-15 11:20:38,205][kfold_wrapper.log_eval_metrics] Accuracy(layer_4 - estimator_3 - 5_folds.train_4.predict)=79.87%
[ 2019-12-15 11:20:38,206][kfold_wrapper.log_eval_metrics] Accuracy(layer_4 - estimator_3 - 5_folds.train_cv.predict)=80.62%
[ 2019-12-15 11:20:38,206][kfold_wrapper.log_eval_metrics] Accuracy(layer_4 - estimator_3 - 5_folds.test.predict)=86.21%
[ 2019-12-15 11:20:38,206][cascade_classifier.calc_accuracy] Accuracy(layer_4 - train.classifier_average)=81.27%
[ 2019-12-15 11:20:38,207][cascade_classifier.calc_accuracy] Accuracy(layer_4 - test.classifier_average)=85.06%
[ 2019-12-15 11:20:38,208][cascade_classifier.fit_transform] [layer=5] look_indexs=[0], X_cur_train.shape=(774, 366), X_cur_test.shape=(87, 366)
[ 2019-12-15 11:20:38,558][kfold_wrapper.log_eval_metrics] Accuracy(layer_5 - estimator_0 - 5_folds.train_0.predict)=81.41%
[ 2019-12-15 11:20:39,000][kfold_wrapper.log_eval_metrics] Accuracy(layer_5 - estimator_0 - 5_folds.train_1.predict)=76.77%
[ 2019-12-15 11:20:39,451][kfold_wrapper.log_eval_metrics] Accuracy(layer_5 - estimator_0 - 5_folds.train_2.predict)=79.35%
[ 2019-12-15 11:20:39,888][kfold_wrapper.log_eval_metrics] Accuracy(layer_5 - estimator_0 - 5_folds.train_3.predict)=85.71%
[ 2019-12-15 11:20:40,317][kfold_wrapper.log_eval_metrics] Accuracy(layer_5 - estimator_0 - 5_folds.train_4.predict)=79.22%
[ 2019-12-15 11:20:40,428][kfold_wrapper.log_eval_metrics] Accuracy(layer_5 - estimator_0 - 5_folds.train_cv.predict)=80.49%
[ 2019-12-15 11:20:40,429][kfold_wrapper.log_eval_metrics] Accuracy(layer_5 - estimator_0 - 5_folds.test.predict)=86.21%
[ 2019-12-15 11:20:40,764][kfold_wrapper.log_eval_metrics] Accuracy(layer_5 - estimator_1 - 5_folds.train_0.predict)=86.54%
[ 2019-12-15 11:20:41,195][kfold_wrapper.log_eval_metrics] Accuracy(layer_5 - estimator_1 - 5_folds.train_1.predict)=80.65%
[ 2019-12-15 11:20:41,625][kfold_wrapper.log_eval_metrics] Accuracy(layer_5 - estimator_1 - 5_folds.train_2.predict)=76.77%
[ 2019-12-15 11:20:42,054][kfold_wrapper.log_eval_metrics] Accuracy(layer_5 - estimator_1 - 5_folds.train_3.predict)=79.87%
[ 2019-12-15 11:20:42,485][kfold_wrapper.log_eval_metrics] Accuracy(layer_5 - estimator_1 - 5_folds.train_4.predict)=77.92%
[ 2019-12-15 11:20:42,593][kfold_wrapper.log_eval_metrics] Accuracy(layer_5 - estimator_1 - 5_folds.train_cv.predict)=80.36%
[ 2019-12-15 11:20:42,594][kfold_wrapper.log_eval_metrics] Accuracy(layer_5 - estimator_1 - 5_folds.test.predict)=88.51%
[ 2019-12-15 11:20:42,849][kfold_wrapper.log_eval_metrics] Accuracy(layer_5 - estimator_2 - 5_folds.train_0.predict)=72.44%
[ 2019-12-15 11:20:43,096][kfold_wrapper.log_eval_metrics] Accuracy(layer_5 - estimator_2 - 5_folds.train_1.predict)=80.65%
[ 2019-12-15 11:20:43,336][kfold_wrapper.log_eval_metrics] Accuracy(layer_5 - estimator_2 - 5_folds.train_2.predict)=83.23%
[ 2019-12-15 11:20:43,578][kfold_wrapper.log_eval_metrics] Accuracy(layer_5 - estimator_2 - 5_folds.train_3.predict)=83.12%
[ 2019-12-15 11:20:43,829][kfold_wrapper.log_eval_metrics] Accuracy(layer_5 - estimator_2 - 5_folds.train_4.predict)=82.47%
[ 2019-12-15 11:20:43,830][kfold_wrapper.log_eval_metrics] Accuracy(layer_5 - estimator_2 - 5_folds.train_cv.predict)=80.36%
[ 2019-12-15 11:20:43,830][kfold_wrapper.log_eval_metrics] Accuracy(layer_5 - estimator_2 - 5_folds.test.predict)=86.21%
[ 2019-12-15 11:20:43,971][kfold_wrapper.log_eval_metrics] Accuracy(layer_5 - estimator_3 - 5_folds.train_0.predict)=83.33%
[ 2019-12-15 11:20:44,125][kfold_wrapper.log_eval_metrics] Accuracy(layer_5 - estimator_3 - 5_folds.train_1.predict)=78.71%
[ 2019-12-15 11:20:44,266][kfold_wrapper.log_eval_metrics] Accuracy(layer_5 - estimator_3 - 5_folds.train_2.predict)=77.42%
[ 2019-12-15 11:20:44,402][kfold_wrapper.log_eval_metrics] Accuracy(layer_5 - estimator_3 - 5_folds.train_3.predict)=75.97%
[ 2019-12-15 11:20:44,543][kfold_wrapper.log_eval_metrics] Accuracy(layer_5 - estimator_3 - 5_folds.train_4.predict)=83.77%
[ 2019-12-15 11:20:44,545][kfold_wrapper.log_eval_metrics] Accuracy(layer_5 - estimator_3 - 5_folds.train_cv.predict)=79.84%
[ 2019-12-15 11:20:44,545][kfold_wrapper.log_eval_metrics] Accuracy(layer_5 - estimator_3 - 5_folds.test.predict)=85.06%
[ 2019-12-15 11:20:44,545][cascade_classifier.calc_accuracy] Accuracy(layer_5 - train.classifier_average)=80.75%
[ 2019-12-15 11:20:44,545][cascade_classifier.calc_accuracy] Accuracy(layer_5 - test.classifier_average)=86.21%
[ 2019-12-15 11:20:44,546][cascade_classifier.fit_transform] [Result][Optimal Level Detected] opt_layer_num=1, accuracy_train=81.65%, accuracy_test=87.36%
[ 2019-12-15 11:20:44,617][cascade_classifier.transform] X_groups_test.shape=[(87, 1, 358, 1)]
[ 2019-12-15 11:20:44,618][cascade_classifier.transform] group_dims=[358]
[ 2019-12-15 11:20:44,618][cascade_classifier.transform] X_test.shape=(87, 358)
[ 2019-12-15 11:20:44,619][cascade_classifier.transform] [layer=0] look_indexs=[0], X_cur_test.shape=(87, 358)
[ 2019-12-15 11:20:45,684][cascade_classifier.transform] X_groups_test.shape=[(87, 1, 358, 1)]
[ 2019-12-15 11:20:45,685][cascade_classifier.transform] group_dims=[358]
[ 2019-12-15 11:20:45,685][cascade_classifier.transform] X_test.shape=(87, 358)
[ 2019-12-15 11:20:45,685][cascade_classifier.transform] [layer=0] look_indexs=[0], X_cur_test.shape=(87, 358)
[ 2019-12-15 11:20:46,797][cascade_classifier.fit_transform] X_groups_train.shape=[(774, 1, 358, 1)],y_train.shape=(774,),X_groups_test.shape=[(87, 1, 358, 1)],y_test.shape=(87,)
[ 2019-12-15 11:20:46,798][cascade_classifier.fit_transform] group_dims=[358]
[ 2019-12-15 11:20:46,799][cascade_classifier.fit_transform] group_starts=[0]
[ 2019-12-15 11:20:46,799][cascade_classifier.fit_transform] group_ends=[358]
[ 2019-12-15 11:20:46,799][cascade_classifier.fit_transform] X_train.shape=(774, 358),X_test.shape=(87, 358)
[ 2019-12-15 11:20:46,800][cascade_classifier.fit_transform] [layer=0] look_indexs=[0], X_cur_train.shape=(774, 358), X_cur_test.shape=(87, 358)
[ 2019-12-15 11:20:47,145][kfold_wrapper.log_eval_metrics] Accuracy(layer_0 - estimator_0 - 5_folds.train_0.predict)=83.23%
[ 2019-12-15 11:20:47,590][kfold_wrapper.log_eval_metrics] Accuracy(layer_0 - estimator_0 - 5_folds.train_1.predict)=82.58%
[ 2019-12-15 11:20:48,049][kfold_wrapper.log_eval_metrics] Accuracy(layer_0 - estimator_0 - 5_folds.train_2.predict)=83.87%
[ 2019-12-15 11:20:48,493][kfold_wrapper.log_eval_metrics] Accuracy(layer_0 - estimator_0 - 5_folds.train_3.predict)=78.71%
[ 2019-12-15 11:20:48,942][kfold_wrapper.log_eval_metrics] Accuracy(layer_0 - estimator_0 - 5_folds.train_4.predict)=80.52%
[ 2019-12-15 11:20:49,048][kfold_wrapper.log_eval_metrics] Accuracy(layer_0 - estimator_0 - 5_folds.train_cv.predict)=81.78%
[ 2019-12-15 11:20:49,049][kfold_wrapper.log_eval_metrics] Accuracy(layer_0 - estimator_0 - 5_folds.test.predict)=79.31%
[ 2019-12-15 11:20:49,395][kfold_wrapper.log_eval_metrics] Accuracy(layer_0 - estimator_1 - 5_folds.train_0.predict)=77.42%
[ 2019-12-15 11:20:49,846][kfold_wrapper.log_eval_metrics] Accuracy(layer_0 - estimator_1 - 5_folds.train_1.predict)=85.16%
[ 2019-12-15 11:20:50,280][kfold_wrapper.log_eval_metrics] Accuracy(layer_0 - estimator_1 - 5_folds.train_2.predict)=81.94%
[ 2019-12-15 11:20:50,701][kfold_wrapper.log_eval_metrics] Accuracy(layer_0 - estimator_1 - 5_folds.train_3.predict)=80.65%
[ 2019-12-15 11:20:51,172][kfold_wrapper.log_eval_metrics] Accuracy(layer_0 - estimator_1 - 5_folds.train_4.predict)=80.52%
[ 2019-12-15 11:20:51,280][kfold_wrapper.log_eval_metrics] Accuracy(layer_0 - estimator_1 - 5_folds.train_cv.predict)=81.14%
[ 2019-12-15 11:20:51,280][kfold_wrapper.log_eval_metrics] Accuracy(layer_0 - estimator_1 - 5_folds.test.predict)=75.86%
[ 2019-12-15 11:20:51,523][kfold_wrapper.log_eval_metrics] Accuracy(layer_0 - estimator_2 - 5_folds.train_0.predict)=80.00%
[ 2019-12-15 11:20:51,833][kfold_wrapper.log_eval_metrics] Accuracy(layer_0 - estimator_2 - 5_folds.train_1.predict)=82.58%
[ 2019-12-15 11:20:52,073][kfold_wrapper.log_eval_metrics] Accuracy(layer_0 - estimator_2 - 5_folds.train_2.predict)=82.58%
[ 2019-12-15 11:20:52,308][kfold_wrapper.log_eval_metrics] Accuracy(layer_0 - estimator_2 - 5_folds.train_3.predict)=83.23%
[ 2019-12-15 11:20:52,572][kfold_wrapper.log_eval_metrics] Accuracy(layer_0 - estimator_2 - 5_folds.train_4.predict)=81.17%
[ 2019-12-15 11:20:52,574][kfold_wrapper.log_eval_metrics] Accuracy(layer_0 - estimator_2 - 5_folds.train_cv.predict)=81.91%
[ 2019-12-15 11:20:52,576][kfold_wrapper.log_eval_metrics] Accuracy(layer_0 - estimator_2 - 5_folds.test.predict)=77.01%
[ 2019-12-15 11:20:52,765][kfold_wrapper.log_eval_metrics] Accuracy(layer_0 - estimator_3 - 5_folds.train_0.predict)=81.94%
[ 2019-12-15 11:20:52,887][kfold_wrapper.log_eval_metrics] Accuracy(layer_0 - estimator_3 - 5_folds.train_1.predict)=88.39%
[ 2019-12-15 11:20:53,104][kfold_wrapper.log_eval_metrics] Accuracy(layer_0 - estimator_3 - 5_folds.train_2.predict)=79.35%
[ 2019-12-15 11:20:53,239][kfold_wrapper.log_eval_metrics] Accuracy(layer_0 - estimator_3 - 5_folds.train_3.predict)=80.00%
[ 2019-12-15 11:20:53,361][kfold_wrapper.log_eval_metrics] Accuracy(layer_0 - estimator_3 - 5_folds.train_4.predict)=81.17%
[ 2019-12-15 11:20:53,362][kfold_wrapper.log_eval_metrics] Accuracy(layer_0 - estimator_3 - 5_folds.train_cv.predict)=82.17%
[ 2019-12-15 11:20:53,362][kfold_wrapper.log_eval_metrics] Accuracy(layer_0 - estimator_3 - 5_folds.test.predict)=77.01%
[ 2019-12-15 11:20:53,362][cascade_classifier.calc_accuracy] Accuracy(layer_0 - train.classifier_average)=82.04%
[ 2019-12-15 11:20:53,362][cascade_classifier.calc_accuracy] Accuracy(layer_0 - test.classifier_average)=78.16%
[ 2019-12-15 11:20:53,364][cascade_classifier.fit_transform] [layer=1] look_indexs=[0], X_cur_train.shape=(774, 366), X_cur_test.shape=(87, 366)
[ 2019-12-15 11:20:53,694][kfold_wrapper.log_eval_metrics] Accuracy(layer_1 - estimator_0 - 5_folds.train_0.predict)=85.81%
[ 2019-12-15 11:20:54,131][kfold_wrapper.log_eval_metrics] Accuracy(layer_1 - estimator_0 - 5_folds.train_1.predict)=80.00%
[ 2019-12-15 11:20:54,577][kfold_wrapper.log_eval_metrics] Accuracy(layer_1 - estimator_0 - 5_folds.train_2.predict)=83.87%
[ 2019-12-15 11:20:55,060][kfold_wrapper.log_eval_metrics] Accuracy(layer_1 - estimator_0 - 5_folds.train_3.predict)=82.58%
[ 2019-12-15 11:20:55,511][kfold_wrapper.log_eval_metrics] Accuracy(layer_1 - estimator_0 - 5_folds.train_4.predict)=75.97%
[ 2019-12-15 11:20:55,616][kfold_wrapper.log_eval_metrics] Accuracy(layer_1 - estimator_0 - 5_folds.train_cv.predict)=81.65%
[ 2019-12-15 11:20:55,617][kfold_wrapper.log_eval_metrics] Accuracy(layer_1 - estimator_0 - 5_folds.test.predict)=78.16%
[ 2019-12-15 11:20:55,950][kfold_wrapper.log_eval_metrics] Accuracy(layer_1 - estimator_1 - 5_folds.train_0.predict)=83.23%
[ 2019-12-15 11:20:56,446][kfold_wrapper.log_eval_metrics] Accuracy(layer_1 - estimator_1 - 5_folds.train_1.predict)=80.00%
[ 2019-12-15 11:20:56,984][kfold_wrapper.log_eval_metrics] Accuracy(layer_1 - estimator_1 - 5_folds.train_2.predict)=78.06%
[ 2019-12-15 11:20:57,425][kfold_wrapper.log_eval_metrics] Accuracy(layer_1 - estimator_1 - 5_folds.train_3.predict)=82.58%
[ 2019-12-15 11:20:57,872][kfold_wrapper.log_eval_metrics] Accuracy(layer_1 - estimator_1 - 5_folds.train_4.predict)=81.17%
[ 2019-12-15 11:20:58,045][kfold_wrapper.log_eval_metrics] Accuracy(layer_1 - estimator_1 - 5_folds.train_cv.predict)=81.01%
[ 2019-12-15 11:20:58,046][kfold_wrapper.log_eval_metrics] Accuracy(layer_1 - estimator_1 - 5_folds.test.predict)=77.01%
[ 2019-12-15 11:20:58,390][kfold_wrapper.log_eval_metrics] Accuracy(layer_1 - estimator_2 - 5_folds.train_0.predict)=84.52%
[ 2019-12-15 11:20:58,718][kfold_wrapper.log_eval_metrics] Accuracy(layer_1 - estimator_2 - 5_folds.train_1.predict)=81.29%
[ 2019-12-15 11:20:59,021][kfold_wrapper.log_eval_metrics] Accuracy(layer_1 - estimator_2 - 5_folds.train_2.predict)=82.58%
[ 2019-12-15 11:20:59,333][kfold_wrapper.log_eval_metrics] Accuracy(layer_1 - estimator_2 - 5_folds.train_3.predict)=83.87%
[ 2019-12-15 11:20:59,612][kfold_wrapper.log_eval_metrics] Accuracy(layer_1 - estimator_2 - 5_folds.train_4.predict)=80.52%
[ 2019-12-15 11:20:59,613][kfold_wrapper.log_eval_metrics] Accuracy(layer_1 - estimator_2 - 5_folds.train_cv.predict)=82.56%
[ 2019-12-15 11:20:59,614][kfold_wrapper.log_eval_metrics] Accuracy(layer_1 - estimator_2 - 5_folds.test.predict)=77.01%
[ 2019-12-15 11:20:59,854][kfold_wrapper.log_eval_metrics] Accuracy(layer_1 - estimator_3 - 5_folds.train_0.predict)=72.26%
[ 2019-12-15 11:21:00,100][kfold_wrapper.log_eval_metrics] Accuracy(layer_1 - estimator_3 - 5_folds.train_1.predict)=84.52%
[ 2019-12-15 11:21:00,366][kfold_wrapper.log_eval_metrics] Accuracy(layer_1 - estimator_3 - 5_folds.train_2.predict)=85.81%
[ 2019-12-15 11:21:00,601][kfold_wrapper.log_eval_metrics] Accuracy(layer_1 - estimator_3 - 5_folds.train_3.predict)=76.77%
[ 2019-12-15 11:21:00,855][kfold_wrapper.log_eval_metrics] Accuracy(layer_1 - estimator_3 - 5_folds.train_4.predict)=82.47%
[ 2019-12-15 11:21:00,856][kfold_wrapper.log_eval_metrics] Accuracy(layer_1 - estimator_3 - 5_folds.train_cv.predict)=80.36%
[ 2019-12-15 11:21:00,862][kfold_wrapper.log_eval_metrics] Accuracy(layer_1 - estimator_3 - 5_folds.test.predict)=72.41%
[ 2019-12-15 11:21:00,863][cascade_classifier.calc_accuracy] Accuracy(layer_1 - train.classifier_average)=82.43%
[ 2019-12-15 11:21:00,863][cascade_classifier.calc_accuracy] Accuracy(layer_1 - test.classifier_average)=78.16%
[ 2019-12-15 11:21:00,865][cascade_classifier.fit_transform] [layer=2] look_indexs=[0], X_cur_train.shape=(774, 366), X_cur_test.shape=(87, 366)
[ 2019-12-15 11:21:01,319][kfold_wrapper.log_eval_metrics] Accuracy(layer_2 - estimator_0 - 5_folds.train_0.predict)=84.52%
[ 2019-12-15 11:21:01,762][kfold_wrapper.log_eval_metrics] Accuracy(layer_2 - estimator_0 - 5_folds.train_1.predict)=83.87%
[ 2019-12-15 11:21:02,206][kfold_wrapper.log_eval_metrics] Accuracy(layer_2 - estimator_0 - 5_folds.train_2.predict)=82.58%
[ 2019-12-15 11:21:02,663][kfold_wrapper.log_eval_metrics] Accuracy(layer_2 - estimator_0 - 5_folds.train_3.predict)=86.45%
[ 2019-12-15 11:21:03,108][kfold_wrapper.log_eval_metrics] Accuracy(layer_2 - estimator_0 - 5_folds.train_4.predict)=75.97%
[ 2019-12-15 11:21:03,213][kfold_wrapper.log_eval_metrics] Accuracy(layer_2 - estimator_0 - 5_folds.train_cv.predict)=82.69%
[ 2019-12-15 11:21:03,214][kfold_wrapper.log_eval_metrics] Accuracy(layer_2 - estimator_0 - 5_folds.test.predict)=80.46%
[ 2019-12-15 11:21:03,558][kfold_wrapper.log_eval_metrics] Accuracy(layer_2 - estimator_1 - 5_folds.train_0.predict)=85.81%
[ 2019-12-15 11:21:04,003][kfold_wrapper.log_eval_metrics] Accuracy(layer_2 - estimator_1 - 5_folds.train_1.predict)=81.29%
[ 2019-12-15 11:21:04,445][kfold_wrapper.log_eval_metrics] Accuracy(layer_2 - estimator_1 - 5_folds.train_2.predict)=81.29%
[ 2019-12-15 11:21:04,880][kfold_wrapper.log_eval_metrics] Accuracy(layer_2 - estimator_1 - 5_folds.train_3.predict)=80.65%
[ 2019-12-15 11:21:05,319][kfold_wrapper.log_eval_metrics] Accuracy(layer_2 - estimator_1 - 5_folds.train_4.predict)=82.47%
[ 2019-12-15 11:21:05,425][kfold_wrapper.log_eval_metrics] Accuracy(layer_2 - estimator_1 - 5_folds.train_cv.predict)=82.30%
[ 2019-12-15 11:21:05,425][kfold_wrapper.log_eval_metrics] Accuracy(layer_2 - estimator_1 - 5_folds.test.predict)=78.16%
[ 2019-12-15 11:21:05,705][kfold_wrapper.log_eval_metrics] Accuracy(layer_2 - estimator_2 - 5_folds.train_0.predict)=85.16%
[ 2019-12-15 11:21:05,972][kfold_wrapper.log_eval_metrics] Accuracy(layer_2 - estimator_2 - 5_folds.train_1.predict)=74.19%
[ 2019-12-15 11:21:06,230][kfold_wrapper.log_eval_metrics] Accuracy(layer_2 - estimator_2 - 5_folds.train_2.predict)=79.35%
[ 2019-12-15 11:21:06,561][kfold_wrapper.log_eval_metrics] Accuracy(layer_2 - estimator_2 - 5_folds.train_3.predict)=76.77%
[ 2019-12-15 11:21:06,835][kfold_wrapper.log_eval_metrics] Accuracy(layer_2 - estimator_2 - 5_folds.train_4.predict)=83.77%
[ 2019-12-15 11:21:06,841][kfold_wrapper.log_eval_metrics] Accuracy(layer_2 - estimator_2 - 5_folds.train_cv.predict)=79.84%
[ 2019-12-15 11:21:06,842][kfold_wrapper.log_eval_metrics] Accuracy(layer_2 - estimator_2 - 5_folds.test.predict)=78.16%
[ 2019-12-15 11:21:07,017][kfold_wrapper.log_eval_metrics] Accuracy(layer_2 - estimator_3 - 5_folds.train_0.predict)=78.71%
[ 2019-12-15 11:21:07,163][kfold_wrapper.log_eval_metrics] Accuracy(layer_2 - estimator_3 - 5_folds.train_1.predict)=78.06%
[ 2019-12-15 11:21:07,337][kfold_wrapper.log_eval_metrics] Accuracy(layer_2 - estimator_3 - 5_folds.train_2.predict)=79.35%
[ 2019-12-15 11:21:07,485][kfold_wrapper.log_eval_metrics] Accuracy(layer_2 - estimator_3 - 5_folds.train_3.predict)=77.42%
[ 2019-12-15 11:21:07,630][kfold_wrapper.log_eval_metrics] Accuracy(layer_2 - estimator_3 - 5_folds.train_4.predict)=86.36%
[ 2019-12-15 11:21:07,632][kfold_wrapper.log_eval_metrics] Accuracy(layer_2 - estimator_3 - 5_folds.train_cv.predict)=79.97%
[ 2019-12-15 11:21:07,632][kfold_wrapper.log_eval_metrics] Accuracy(layer_2 - estimator_3 - 5_folds.test.predict)=73.56%
[ 2019-12-15 11:21:07,632][cascade_classifier.calc_accuracy] Accuracy(layer_2 - train.classifier_average)=82.17%
[ 2019-12-15 11:21:07,633][cascade_classifier.calc_accuracy] Accuracy(layer_2 - test.classifier_average)=75.86%
[ 2019-12-15 11:21:07,634][cascade_classifier.fit_transform] [layer=3] look_indexs=[0], X_cur_train.shape=(774, 366), X_cur_test.shape=(87, 366)
[ 2019-12-15 11:21:07,965][kfold_wrapper.log_eval_metrics] Accuracy(layer_3 - estimator_0 - 5_folds.train_0.predict)=79.35%
[ 2019-12-15 11:21:08,423][kfold_wrapper.log_eval_metrics] Accuracy(layer_3 - estimator_0 - 5_folds.train_1.predict)=79.35%
[ 2019-12-15 11:21:08,865][kfold_wrapper.log_eval_metrics] Accuracy(layer_3 - estimator_0 - 5_folds.train_2.predict)=87.10%
[ 2019-12-15 11:21:09,307][kfold_wrapper.log_eval_metrics] Accuracy(layer_3 - estimator_0 - 5_folds.train_3.predict)=80.00%
[ 2019-12-15 11:21:09,752][kfold_wrapper.log_eval_metrics] Accuracy(layer_3 - estimator_0 - 5_folds.train_4.predict)=85.06%
[ 2019-12-15 11:21:09,858][kfold_wrapper.log_eval_metrics] Accuracy(layer_3 - estimator_0 - 5_folds.train_cv.predict)=82.17%
[ 2019-12-15 11:21:09,859][kfold_wrapper.log_eval_metrics] Accuracy(layer_3 - estimator_0 - 5_folds.test.predict)=78.16%
[ 2019-12-15 11:21:10,189][kfold_wrapper.log_eval_metrics] Accuracy(layer_3 - estimator_1 - 5_folds.train_0.predict)=88.39%
[ 2019-12-15 11:21:10,620][kfold_wrapper.log_eval_metrics] Accuracy(layer_3 - estimator_1 - 5_folds.train_1.predict)=75.48%
[ 2019-12-15 11:21:11,058][kfold_wrapper.log_eval_metrics] Accuracy(layer_3 - estimator_1 - 5_folds.train_2.predict)=81.29%
[ 2019-12-15 11:21:11,486][kfold_wrapper.log_eval_metrics] Accuracy(layer_3 - estimator_1 - 5_folds.train_3.predict)=83.87%
[ 2019-12-15 11:21:11,915][kfold_wrapper.log_eval_metrics] Accuracy(layer_3 - estimator_1 - 5_folds.train_4.predict)=81.17%
[ 2019-12-15 11:21:12,021][kfold_wrapper.log_eval_metrics] Accuracy(layer_3 - estimator_1 - 5_folds.train_cv.predict)=82.04%
[ 2019-12-15 11:21:12,022][kfold_wrapper.log_eval_metrics] Accuracy(layer_3 - estimator_1 - 5_folds.test.predict)=80.46%
[ 2019-12-15 11:21:12,277][kfold_wrapper.log_eval_metrics] Accuracy(layer_3 - estimator_2 - 5_folds.train_0.predict)=82.58%
[ 2019-12-15 11:21:12,522][kfold_wrapper.log_eval_metrics] Accuracy(layer_3 - estimator_2 - 5_folds.train_1.predict)=85.16%
[ 2019-12-15 11:21:12,769][kfold_wrapper.log_eval_metrics] Accuracy(layer_3 - estimator_2 - 5_folds.train_2.predict)=78.71%
[ 2019-12-15 11:21:13,018][kfold_wrapper.log_eval_metrics] Accuracy(layer_3 - estimator_2 - 5_folds.train_3.predict)=81.29%
[ 2019-12-15 11:21:13,264][kfold_wrapper.log_eval_metrics] Accuracy(layer_3 - estimator_2 - 5_folds.train_4.predict)=84.42%
[ 2019-12-15 11:21:13,265][kfold_wrapper.log_eval_metrics] Accuracy(layer_3 - estimator_2 - 5_folds.train_cv.predict)=82.43%
[ 2019-12-15 11:21:13,265][kfold_wrapper.log_eval_metrics] Accuracy(layer_3 - estimator_2 - 5_folds.test.predict)=79.31%
[ 2019-12-15 11:21:13,406][kfold_wrapper.log_eval_metrics] Accuracy(layer_3 - estimator_3 - 5_folds.train_0.predict)=83.87%
[ 2019-12-15 11:21:13,541][kfold_wrapper.log_eval_metrics] Accuracy(layer_3 - estimator_3 - 5_folds.train_1.predict)=76.77%
[ 2019-12-15 11:21:13,684][kfold_wrapper.log_eval_metrics] Accuracy(layer_3 - estimator_3 - 5_folds.train_2.predict)=87.74%
[ 2019-12-15 11:21:13,817][kfold_wrapper.log_eval_metrics] Accuracy(layer_3 - estimator_3 - 5_folds.train_3.predict)=81.29%
[ 2019-12-15 11:21:13,967][kfold_wrapper.log_eval_metrics] Accuracy(layer_3 - estimator_3 - 5_folds.train_4.predict)=82.47%
[ 2019-12-15 11:21:13,968][kfold_wrapper.log_eval_metrics] Accuracy(layer_3 - estimator_3 - 5_folds.train_cv.predict)=82.43%
[ 2019-12-15 11:21:13,969][kfold_wrapper.log_eval_metrics] Accuracy(layer_3 - estimator_3 - 5_folds.test.predict)=75.86%
[ 2019-12-15 11:21:13,969][cascade_classifier.calc_accuracy] Accuracy(layer_3 - train.classifier_average)=82.95%
[ 2019-12-15 11:21:13,969][cascade_classifier.calc_accuracy] Accuracy(layer_3 - test.classifier_average)=79.31%
[ 2019-12-15 11:21:13,971][cascade_classifier.fit_transform] [layer=4] look_indexs=[0], X_cur_train.shape=(774, 366), X_cur_test.shape=(87, 366)
[ 2019-12-15 11:21:14,307][kfold_wrapper.log_eval_metrics] Accuracy(layer_4 - estimator_0 - 5_folds.train_0.predict)=82.58%
[ 2019-12-15 11:21:14,748][kfold_wrapper.log_eval_metrics] Accuracy(layer_4 - estimator_0 - 5_folds.train_1.predict)=83.87%
[ 2019-12-15 11:21:15,189][kfold_wrapper.log_eval_metrics] Accuracy(layer_4 - estimator_0 - 5_folds.train_2.predict)=81.29%
[ 2019-12-15 11:21:15,625][kfold_wrapper.log_eval_metrics] Accuracy(layer_4 - estimator_0 - 5_folds.train_3.predict)=84.52%
[ 2019-12-15 11:21:16,061][kfold_wrapper.log_eval_metrics] Accuracy(layer_4 - estimator_0 - 5_folds.train_4.predict)=77.27%
[ 2019-12-15 11:21:16,167][kfold_wrapper.log_eval_metrics] Accuracy(layer_4 - estimator_0 - 5_folds.train_cv.predict)=81.91%
[ 2019-12-15 11:21:16,168][kfold_wrapper.log_eval_metrics] Accuracy(layer_4 - estimator_0 - 5_folds.test.predict)=78.16%
[ 2019-12-15 11:21:16,496][kfold_wrapper.log_eval_metrics] Accuracy(layer_4 - estimator_1 - 5_folds.train_0.predict)=82.58%
[ 2019-12-15 11:21:16,929][kfold_wrapper.log_eval_metrics] Accuracy(layer_4 - estimator_1 - 5_folds.train_1.predict)=86.45%
[ 2019-12-15 11:21:17,362][kfold_wrapper.log_eval_metrics] Accuracy(layer_4 - estimator_1 - 5_folds.train_2.predict)=78.71%
[ 2019-12-15 11:21:17,796][kfold_wrapper.log_eval_metrics] Accuracy(layer_4 - estimator_1 - 5_folds.train_3.predict)=86.45%
[ 2019-12-15 11:21:18,225][kfold_wrapper.log_eval_metrics] Accuracy(layer_4 - estimator_1 - 5_folds.train_4.predict)=80.52%
[ 2019-12-15 11:21:18,330][kfold_wrapper.log_eval_metrics] Accuracy(layer_4 - estimator_1 - 5_folds.train_cv.predict)=82.95%
[ 2019-12-15 11:21:18,331][kfold_wrapper.log_eval_metrics] Accuracy(layer_4 - estimator_1 - 5_folds.test.predict)=79.31%
[ 2019-12-15 11:21:18,595][kfold_wrapper.log_eval_metrics] Accuracy(layer_4 - estimator_2 - 5_folds.train_0.predict)=80.65%
[ 2019-12-15 11:21:18,837][kfold_wrapper.log_eval_metrics] Accuracy(layer_4 - estimator_2 - 5_folds.train_1.predict)=80.00%
[ 2019-12-15 11:21:19,090][kfold_wrapper.log_eval_metrics] Accuracy(layer_4 - estimator_2 - 5_folds.train_2.predict)=81.94%
[ 2019-12-15 11:21:19,336][kfold_wrapper.log_eval_metrics] Accuracy(layer_4 - estimator_2 - 5_folds.train_3.predict)=79.35%
[ 2019-12-15 11:21:19,586][kfold_wrapper.log_eval_metrics] Accuracy(layer_4 - estimator_2 - 5_folds.train_4.predict)=81.82%
[ 2019-12-15 11:21:19,587][kfold_wrapper.log_eval_metrics] Accuracy(layer_4 - estimator_2 - 5_folds.train_cv.predict)=80.75%
[ 2019-12-15 11:21:19,587][kfold_wrapper.log_eval_metrics] Accuracy(layer_4 - estimator_2 - 5_folds.test.predict)=77.01%
[ 2019-12-15 11:21:19,735][kfold_wrapper.log_eval_metrics] Accuracy(layer_4 - estimator_3 - 5_folds.train_0.predict)=82.58%
[ 2019-12-15 11:21:19,887][kfold_wrapper.log_eval_metrics] Accuracy(layer_4 - estimator_3 - 5_folds.train_1.predict)=80.65%
[ 2019-12-15 11:21:20,017][kfold_wrapper.log_eval_metrics] Accuracy(layer_4 - estimator_3 - 5_folds.train_2.predict)=78.71%
[ 2019-12-15 11:21:20,155][kfold_wrapper.log_eval_metrics] Accuracy(layer_4 - estimator_3 - 5_folds.train_3.predict)=80.65%
[ 2019-12-15 11:21:20,294][kfold_wrapper.log_eval_metrics] Accuracy(layer_4 - estimator_3 - 5_folds.train_4.predict)=81.82%
[ 2019-12-15 11:21:20,295][kfold_wrapper.log_eval_metrics] Accuracy(layer_4 - estimator_3 - 5_folds.train_cv.predict)=80.88%
[ 2019-12-15 11:21:20,295][kfold_wrapper.log_eval_metrics] Accuracy(layer_4 - estimator_3 - 5_folds.test.predict)=74.71%
[ 2019-12-15 11:21:20,296][cascade_classifier.calc_accuracy] Accuracy(layer_4 - train.classifier_average)=81.78%
[ 2019-12-15 11:21:20,296][cascade_classifier.calc_accuracy] Accuracy(layer_4 - test.classifier_average)=77.01%
[ 2019-12-15 11:21:20,297][cascade_classifier.fit_transform] [layer=5] look_indexs=[0], X_cur_train.shape=(774, 366), X_cur_test.shape=(87, 366)
[ 2019-12-15 11:21:20,634][kfold_wrapper.log_eval_metrics] Accuracy(layer_5 - estimator_0 - 5_folds.train_0.predict)=80.00%
[ 2019-12-15 11:21:21,075][kfold_wrapper.log_eval_metrics] Accuracy(layer_5 - estimator_0 - 5_folds.train_1.predict)=83.23%
[ 2019-12-15 11:21:21,507][kfold_wrapper.log_eval_metrics] Accuracy(layer_5 - estimator_0 - 5_folds.train_2.predict)=81.29%
[ 2019-12-15 11:21:21,945][kfold_wrapper.log_eval_metrics] Accuracy(layer_5 - estimator_0 - 5_folds.train_3.predict)=81.29%
[ 2019-12-15 11:21:22,382][kfold_wrapper.log_eval_metrics] Accuracy(layer_5 - estimator_0 - 5_folds.train_4.predict)=79.87%
[ 2019-12-15 11:21:22,486][kfold_wrapper.log_eval_metrics] Accuracy(layer_5 - estimator_0 - 5_folds.train_cv.predict)=81.14%
[ 2019-12-15 11:21:22,487][kfold_wrapper.log_eval_metrics] Accuracy(layer_5 - estimator_0 - 5_folds.test.predict)=78.16%
[ 2019-12-15 11:21:22,817][kfold_wrapper.log_eval_metrics] Accuracy(layer_5 - estimator_1 - 5_folds.train_0.predict)=85.16%
[ 2019-12-15 11:21:23,251][kfold_wrapper.log_eval_metrics] Accuracy(layer_5 - estimator_1 - 5_folds.train_1.predict)=80.00%
[ 2019-12-15 11:21:23,683][kfold_wrapper.log_eval_metrics] Accuracy(layer_5 - estimator_1 - 5_folds.train_2.predict)=81.94%
[ 2019-12-15 11:21:24,120][kfold_wrapper.log_eval_metrics] Accuracy(layer_5 - estimator_1 - 5_folds.train_3.predict)=78.06%
[ 2019-12-15 11:21:24,552][kfold_wrapper.log_eval_metrics] Accuracy(layer_5 - estimator_1 - 5_folds.train_4.predict)=85.71%
[ 2019-12-15 11:21:24,657][kfold_wrapper.log_eval_metrics] Accuracy(layer_5 - estimator_1 - 5_folds.train_cv.predict)=82.17%
[ 2019-12-15 11:21:24,658][kfold_wrapper.log_eval_metrics] Accuracy(layer_5 - estimator_1 - 5_folds.test.predict)=79.31%
[ 2019-12-15 11:21:24,919][kfold_wrapper.log_eval_metrics] Accuracy(layer_5 - estimator_2 - 5_folds.train_0.predict)=76.13%
[ 2019-12-15 11:21:25,202][kfold_wrapper.log_eval_metrics] Accuracy(layer_5 - estimator_2 - 5_folds.train_1.predict)=85.16%
[ 2019-12-15 11:21:25,480][kfold_wrapper.log_eval_metrics] Accuracy(layer_5 - estimator_2 - 5_folds.train_2.predict)=75.48%
[ 2019-12-15 11:21:25,752][kfold_wrapper.log_eval_metrics] Accuracy(layer_5 - estimator_2 - 5_folds.train_3.predict)=82.58%
[ 2019-12-15 11:21:26,029][kfold_wrapper.log_eval_metrics] Accuracy(layer_5 - estimator_2 - 5_folds.train_4.predict)=88.31%
[ 2019-12-15 11:21:26,030][kfold_wrapper.log_eval_metrics] Accuracy(layer_5 - estimator_2 - 5_folds.train_cv.predict)=81.52%
[ 2019-12-15 11:21:26,031][kfold_wrapper.log_eval_metrics] Accuracy(layer_5 - estimator_2 - 5_folds.test.predict)=75.86%
[ 2019-12-15 11:21:26,170][kfold_wrapper.log_eval_metrics] Accuracy(layer_5 - estimator_3 - 5_folds.train_0.predict)=81.29%
[ 2019-12-15 11:21:26,363][kfold_wrapper.log_eval_metrics] Accuracy(layer_5 - estimator_3 - 5_folds.train_1.predict)=81.94%
[ 2019-12-15 11:21:26,580][kfold_wrapper.log_eval_metrics] Accuracy(layer_5 - estimator_3 - 5_folds.train_2.predict)=78.06%
[ 2019-12-15 11:21:26,785][kfold_wrapper.log_eval_metrics] Accuracy(layer_5 - estimator_3 - 5_folds.train_3.predict)=82.58%
[ 2019-12-15 11:21:26,999][kfold_wrapper.log_eval_metrics] Accuracy(layer_5 - estimator_3 - 5_folds.train_4.predict)=83.12%
[ 2019-12-15 11:21:27,000][kfold_wrapper.log_eval_metrics] Accuracy(layer_5 - estimator_3 - 5_folds.train_cv.predict)=81.40%
[ 2019-12-15 11:21:27,001][kfold_wrapper.log_eval_metrics] Accuracy(layer_5 - estimator_3 - 5_folds.test.predict)=75.86%
[ 2019-12-15 11:21:27,001][cascade_classifier.calc_accuracy] Accuracy(layer_5 - train.classifier_average)=81.78%
[ 2019-12-15 11:21:27,001][cascade_classifier.calc_accuracy] Accuracy(layer_5 - test.classifier_average)=77.01%
[ 2019-12-15 11:21:27,003][cascade_classifier.fit_transform] [layer=6] look_indexs=[0], X_cur_train.shape=(774, 366), X_cur_test.shape=(87, 366)
[ 2019-12-15 11:21:27,347][kfold_wrapper.log_eval_metrics] Accuracy(layer_6 - estimator_0 - 5_folds.train_0.predict)=79.35%
[ 2019-12-15 11:21:27,790][kfold_wrapper.log_eval_metrics] Accuracy(layer_6 - estimator_0 - 5_folds.train_1.predict)=80.00%
[ 2019-12-15 11:21:28,227][kfold_wrapper.log_eval_metrics] Accuracy(layer_6 - estimator_0 - 5_folds.train_2.predict)=79.35%
[ 2019-12-15 11:21:28,665][kfold_wrapper.log_eval_metrics] Accuracy(layer_6 - estimator_0 - 5_folds.train_3.predict)=80.65%
[ 2019-12-15 11:21:29,103][kfold_wrapper.log_eval_metrics] Accuracy(layer_6 - estimator_0 - 5_folds.train_4.predict)=80.52%
[ 2019-12-15 11:21:29,207][kfold_wrapper.log_eval_metrics] Accuracy(layer_6 - estimator_0 - 5_folds.train_cv.predict)=79.97%
[ 2019-12-15 11:21:29,208][kfold_wrapper.log_eval_metrics] Accuracy(layer_6 - estimator_0 - 5_folds.test.predict)=77.01%
[ 2019-12-15 11:21:29,540][kfold_wrapper.log_eval_metrics] Accuracy(layer_6 - estimator_1 - 5_folds.train_0.predict)=78.71%
[ 2019-12-15 11:21:29,969][kfold_wrapper.log_eval_metrics] Accuracy(layer_6 - estimator_1 - 5_folds.train_1.predict)=78.71%
[ 2019-12-15 11:21:30,396][kfold_wrapper.log_eval_metrics] Accuracy(layer_6 - estimator_1 - 5_folds.train_2.predict)=81.94%
[ 2019-12-15 11:21:30,826][kfold_wrapper.log_eval_metrics] Accuracy(layer_6 - estimator_1 - 5_folds.train_3.predict)=83.23%
[ 2019-12-15 11:21:31,267][kfold_wrapper.log_eval_metrics] Accuracy(layer_6 - estimator_1 - 5_folds.train_4.predict)=79.22%
[ 2019-12-15 11:21:31,373][kfold_wrapper.log_eval_metrics] Accuracy(layer_6 - estimator_1 - 5_folds.train_cv.predict)=80.36%
[ 2019-12-15 11:21:31,374][kfold_wrapper.log_eval_metrics] Accuracy(layer_6 - estimator_1 - 5_folds.test.predict)=78.16%
[ 2019-12-15 11:21:31,636][kfold_wrapper.log_eval_metrics] Accuracy(layer_6 - estimator_2 - 5_folds.train_0.predict)=81.29%
[ 2019-12-15 11:21:31,877][kfold_wrapper.log_eval_metrics] Accuracy(layer_6 - estimator_2 - 5_folds.train_1.predict)=84.52%
[ 2019-12-15 11:21:32,131][kfold_wrapper.log_eval_metrics] Accuracy(layer_6 - estimator_2 - 5_folds.train_2.predict)=79.35%
[ 2019-12-15 11:21:32,373][kfold_wrapper.log_eval_metrics] Accuracy(layer_6 - estimator_2 - 5_folds.train_3.predict)=81.29%
[ 2019-12-15 11:21:32,623][kfold_wrapper.log_eval_metrics] Accuracy(layer_6 - estimator_2 - 5_folds.train_4.predict)=78.57%
[ 2019-12-15 11:21:32,624][kfold_wrapper.log_eval_metrics] Accuracy(layer_6 - estimator_2 - 5_folds.train_cv.predict)=81.01%
[ 2019-12-15 11:21:32,625][kfold_wrapper.log_eval_metrics] Accuracy(layer_6 - estimator_2 - 5_folds.test.predict)=80.46%
[ 2019-12-15 11:21:32,771][kfold_wrapper.log_eval_metrics] Accuracy(layer_6 - estimator_3 - 5_folds.train_0.predict)=87.10%
[ 2019-12-15 11:21:32,916][kfold_wrapper.log_eval_metrics] Accuracy(layer_6 - estimator_3 - 5_folds.train_1.predict)=76.13%
[ 2019-12-15 11:21:33,060][kfold_wrapper.log_eval_metrics] Accuracy(layer_6 - estimator_3 - 5_folds.train_2.predict)=80.65%
[ 2019-12-15 11:21:33,202][kfold_wrapper.log_eval_metrics] Accuracy(layer_6 - estimator_3 - 5_folds.train_3.predict)=75.48%
[ 2019-12-15 11:21:33,336][kfold_wrapper.log_eval_metrics] Accuracy(layer_6 - estimator_3 - 5_folds.train_4.predict)=80.52%
[ 2019-12-15 11:21:33,337][kfold_wrapper.log_eval_metrics] Accuracy(layer_6 - estimator_3 - 5_folds.train_cv.predict)=79.97%
[ 2019-12-15 11:21:33,337][kfold_wrapper.log_eval_metrics] Accuracy(layer_6 - estimator_3 - 5_folds.test.predict)=73.56%
[ 2019-12-15 11:21:33,338][cascade_classifier.calc_accuracy] Accuracy(layer_6 - train.classifier_average)=81.91%
[ 2019-12-15 11:21:33,338][cascade_classifier.calc_accuracy] Accuracy(layer_6 - test.classifier_average)=78.16%
[ 2019-12-15 11:21:33,340][cascade_classifier.fit_transform] [layer=7] look_indexs=[0], X_cur_train.shape=(774, 366), X_cur_test.shape=(87, 366)
[ 2019-12-15 11:21:33,675][kfold_wrapper.log_eval_metrics] Accuracy(layer_7 - estimator_0 - 5_folds.train_0.predict)=78.06%
[ 2019-12-15 11:21:34,112][kfold_wrapper.log_eval_metrics] Accuracy(layer_7 - estimator_0 - 5_folds.train_1.predict)=85.81%
[ 2019-12-15 11:21:34,551][kfold_wrapper.log_eval_metrics] Accuracy(layer_7 - estimator_0 - 5_folds.train_2.predict)=84.52%
[ 2019-12-15 11:21:34,995][kfold_wrapper.log_eval_metrics] Accuracy(layer_7 - estimator_0 - 5_folds.train_3.predict)=79.35%
[ 2019-12-15 11:21:35,433][kfold_wrapper.log_eval_metrics] Accuracy(layer_7 - estimator_0 - 5_folds.train_4.predict)=81.82%
[ 2019-12-15 11:21:35,543][kfold_wrapper.log_eval_metrics] Accuracy(layer_7 - estimator_0 - 5_folds.train_cv.predict)=81.91%
[ 2019-12-15 11:21:35,543][kfold_wrapper.log_eval_metrics] Accuracy(layer_7 - estimator_0 - 5_folds.test.predict)=79.31%
[ 2019-12-15 11:21:35,875][kfold_wrapper.log_eval_metrics] Accuracy(layer_7 - estimator_1 - 5_folds.train_0.predict)=78.06%
[ 2019-12-15 11:21:36,307][kfold_wrapper.log_eval_metrics] Accuracy(layer_7 - estimator_1 - 5_folds.train_1.predict)=84.52%
[ 2019-12-15 11:21:36,740][kfold_wrapper.log_eval_metrics] Accuracy(layer_7 - estimator_1 - 5_folds.train_2.predict)=84.52%
[ 2019-12-15 11:21:37,170][kfold_wrapper.log_eval_metrics] Accuracy(layer_7 - estimator_1 - 5_folds.train_3.predict)=80.65%
[ 2019-12-15 11:21:37,601][kfold_wrapper.log_eval_metrics] Accuracy(layer_7 - estimator_1 - 5_folds.train_4.predict)=77.92%
[ 2019-12-15 11:21:37,709][kfold_wrapper.log_eval_metrics] Accuracy(layer_7 - estimator_1 - 5_folds.train_cv.predict)=81.14%
[ 2019-12-15 11:21:37,709][kfold_wrapper.log_eval_metrics] Accuracy(layer_7 - estimator_1 - 5_folds.test.predict)=77.01%
[ 2019-12-15 11:21:37,974][kfold_wrapper.log_eval_metrics] Accuracy(layer_7 - estimator_2 - 5_folds.train_0.predict)=78.71%
[ 2019-12-15 11:21:38,221][kfold_wrapper.log_eval_metrics] Accuracy(layer_7 - estimator_2 - 5_folds.train_1.predict)=80.65%
[ 2019-12-15 11:21:38,479][kfold_wrapper.log_eval_metrics] Accuracy(layer_7 - estimator_2 - 5_folds.train_2.predict)=78.71%
[ 2019-12-15 11:21:38,726][kfold_wrapper.log_eval_metrics] Accuracy(layer_7 - estimator_2 - 5_folds.train_3.predict)=78.71%
[ 2019-12-15 11:21:38,979][kfold_wrapper.log_eval_metrics] Accuracy(layer_7 - estimator_2 - 5_folds.train_4.predict)=79.22%
[ 2019-12-15 11:21:38,981][kfold_wrapper.log_eval_metrics] Accuracy(layer_7 - estimator_2 - 5_folds.train_cv.predict)=79.20%
[ 2019-12-15 11:21:38,981][kfold_wrapper.log_eval_metrics] Accuracy(layer_7 - estimator_2 - 5_folds.test.predict)=75.86%
[ 2019-12-15 11:21:39,116][kfold_wrapper.log_eval_metrics] Accuracy(layer_7 - estimator_3 - 5_folds.train_0.predict)=81.29%
[ 2019-12-15 11:21:39,256][kfold_wrapper.log_eval_metrics] Accuracy(layer_7 - estimator_3 - 5_folds.train_1.predict)=80.00%
[ 2019-12-15 11:21:39,396][kfold_wrapper.log_eval_metrics] Accuracy(layer_7 - estimator_3 - 5_folds.train_2.predict)=81.94%
[ 2019-12-15 11:21:39,544][kfold_wrapper.log_eval_metrics] Accuracy(layer_7 - estimator_3 - 5_folds.train_3.predict)=81.29%
[ 2019-12-15 11:21:39,678][kfold_wrapper.log_eval_metrics] Accuracy(layer_7 - estimator_3 - 5_folds.train_4.predict)=83.77%
[ 2019-12-15 11:21:39,679][kfold_wrapper.log_eval_metrics] Accuracy(layer_7 - estimator_3 - 5_folds.train_cv.predict)=81.65%
[ 2019-12-15 11:21:39,679][kfold_wrapper.log_eval_metrics] Accuracy(layer_7 - estimator_3 - 5_folds.test.predict)=75.86%
[ 2019-12-15 11:21:39,680][cascade_classifier.calc_accuracy] Accuracy(layer_7 - train.classifier_average)=81.91%
[ 2019-12-15 11:21:39,680][cascade_classifier.calc_accuracy] Accuracy(layer_7 - test.classifier_average)=78.16%
[ 2019-12-15 11:21:39,682][cascade_classifier.fit_transform] [layer=8] look_indexs=[0], X_cur_train.shape=(774, 366), X_cur_test.shape=(87, 366)
[ 2019-12-15 11:21:40,017][kfold_wrapper.log_eval_metrics] Accuracy(layer_8 - estimator_0 - 5_folds.train_0.predict)=76.77%
[ 2019-12-15 11:21:40,454][kfold_wrapper.log_eval_metrics] Accuracy(layer_8 - estimator_0 - 5_folds.train_1.predict)=80.65%
[ 2019-12-15 11:21:40,893][kfold_wrapper.log_eval_metrics] Accuracy(layer_8 - estimator_0 - 5_folds.train_2.predict)=81.94%
[ 2019-12-15 11:21:41,332][kfold_wrapper.log_eval_metrics] Accuracy(layer_8 - estimator_0 - 5_folds.train_3.predict)=81.94%
[ 2019-12-15 11:21:41,780][kfold_wrapper.log_eval_metrics] Accuracy(layer_8 - estimator_0 - 5_folds.train_4.predict)=80.52%
[ 2019-12-15 11:21:41,886][kfold_wrapper.log_eval_metrics] Accuracy(layer_8 - estimator_0 - 5_folds.train_cv.predict)=80.36%
[ 2019-12-15 11:21:41,886][kfold_wrapper.log_eval_metrics] Accuracy(layer_8 - estimator_0 - 5_folds.test.predict)=79.31%
[ 2019-12-15 11:21:42,218][kfold_wrapper.log_eval_metrics] Accuracy(layer_8 - estimator_1 - 5_folds.train_0.predict)=79.35%
[ 2019-12-15 11:21:42,646][kfold_wrapper.log_eval_metrics] Accuracy(layer_8 - estimator_1 - 5_folds.train_1.predict)=83.23%
[ 2019-12-15 11:21:43,080][kfold_wrapper.log_eval_metrics] Accuracy(layer_8 - estimator_1 - 5_folds.train_2.predict)=83.23%
[ 2019-12-15 11:21:43,510][kfold_wrapper.log_eval_metrics] Accuracy(layer_8 - estimator_1 - 5_folds.train_3.predict)=77.42%
[ 2019-12-15 11:21:43,945][kfold_wrapper.log_eval_metrics] Accuracy(layer_8 - estimator_1 - 5_folds.train_4.predict)=85.06%
[ 2019-12-15 11:21:44,050][kfold_wrapper.log_eval_metrics] Accuracy(layer_8 - estimator_1 - 5_folds.train_cv.predict)=81.65%
[ 2019-12-15 11:21:44,051][kfold_wrapper.log_eval_metrics] Accuracy(layer_8 - estimator_1 - 5_folds.test.predict)=78.16%
[ 2019-12-15 11:21:44,308][kfold_wrapper.log_eval_metrics] Accuracy(layer_8 - estimator_2 - 5_folds.train_0.predict)=81.94%
[ 2019-12-15 11:21:44,558][kfold_wrapper.log_eval_metrics] Accuracy(layer_8 - estimator_2 - 5_folds.train_1.predict)=82.58%
[ 2019-12-15 11:21:44,801][kfold_wrapper.log_eval_metrics] Accuracy(layer_8 - estimator_2 - 5_folds.train_2.predict)=80.00%
[ 2019-12-15 11:21:45,057][kfold_wrapper.log_eval_metrics] Accuracy(layer_8 - estimator_2 - 5_folds.train_3.predict)=79.35%
[ 2019-12-15 11:21:45,299][kfold_wrapper.log_eval_metrics] Accuracy(layer_8 - estimator_2 - 5_folds.train_4.predict)=78.57%
[ 2019-12-15 11:21:45,301][kfold_wrapper.log_eval_metrics] Accuracy(layer_8 - estimator_2 - 5_folds.train_cv.predict)=80.49%
[ 2019-12-15 11:21:45,301][kfold_wrapper.log_eval_metrics] Accuracy(layer_8 - estimator_2 - 5_folds.test.predict)=79.31%
[ 2019-12-15 11:21:45,441][kfold_wrapper.log_eval_metrics] Accuracy(layer_8 - estimator_3 - 5_folds.train_0.predict)=84.52%
[ 2019-12-15 11:21:45,583][kfold_wrapper.log_eval_metrics] Accuracy(layer_8 - estimator_3 - 5_folds.train_1.predict)=81.29%
[ 2019-12-15 11:21:45,722][kfold_wrapper.log_eval_metrics] Accuracy(layer_8 - estimator_3 - 5_folds.train_2.predict)=77.42%
[ 2019-12-15 11:21:45,860][kfold_wrapper.log_eval_metrics] Accuracy(layer_8 - estimator_3 - 5_folds.train_3.predict)=79.35%
[ 2019-12-15 11:21:46,001][kfold_wrapper.log_eval_metrics] Accuracy(layer_8 - estimator_3 - 5_folds.train_4.predict)=81.17%
[ 2019-12-15 11:21:46,003][kfold_wrapper.log_eval_metrics] Accuracy(layer_8 - estimator_3 - 5_folds.train_cv.predict)=80.75%
[ 2019-12-15 11:21:46,003][kfold_wrapper.log_eval_metrics] Accuracy(layer_8 - estimator_3 - 5_folds.test.predict)=74.71%
[ 2019-12-15 11:21:46,004][cascade_classifier.calc_accuracy] Accuracy(layer_8 - train.classifier_average)=81.01%
[ 2019-12-15 11:21:46,004][cascade_classifier.calc_accuracy] Accuracy(layer_8 - test.classifier_average)=78.16%
[ 2019-12-15 11:21:46,004][cascade_classifier.fit_transform] [Result][Optimal Level Detected] opt_layer_num=4, accuracy_train=82.95%, accuracy_test=79.31%
[ 2019-12-15 11:21:46,073][cascade_classifier.transform] X_groups_test.shape=[(87, 1, 358, 1)]
[ 2019-12-15 11:21:46,074][cascade_classifier.transform] group_dims=[358]
[ 2019-12-15 11:21:46,074][cascade_classifier.transform] X_test.shape=(87, 358)
[ 2019-12-15 11:21:46,074][cascade_classifier.transform] [layer=0] look_indexs=[0], X_cur_test.shape=(87, 358)
[ 2019-12-15 11:21:47,147][cascade_classifier.transform] [layer=1] look_indexs=[0], X_cur_test.shape=(87, 366)
[ 2019-12-15 11:21:48,215][cascade_classifier.transform] [layer=2] look_indexs=[0], X_cur_test.shape=(87, 366)
[ 2019-12-15 11:21:49,288][cascade_classifier.transform] [layer=3] look_indexs=[0], X_cur_test.shape=(87, 366)
[ 2019-12-15 11:21:50,365][cascade_classifier.transform] X_groups_test.shape=[(87, 1, 358, 1)]
[ 2019-12-15 11:21:50,366][cascade_classifier.transform] group_dims=[358]
[ 2019-12-15 11:21:50,366][cascade_classifier.transform] X_test.shape=(87, 358)
[ 2019-12-15 11:21:50,367][cascade_classifier.transform] [layer=0] look_indexs=[0], X_cur_test.shape=(87, 358)
[ 2019-12-15 11:21:51,431][cascade_classifier.transform] [layer=1] look_indexs=[0], X_cur_test.shape=(87, 366)
[ 2019-12-15 11:21:52,492][cascade_classifier.transform] [layer=2] look_indexs=[0], X_cur_test.shape=(87, 366)
[ 2019-12-15 11:21:53,564][cascade_classifier.transform] [layer=3] look_indexs=[0], X_cur_test.shape=(87, 366)
[ 2019-12-15 11:21:54,710][cascade_classifier.fit_transform] X_groups_train.shape=[(774, 1, 358, 1)],y_train.shape=(774,),X_groups_test.shape=[(87, 1, 358, 1)],y_test.shape=(87,)
[ 2019-12-15 11:21:54,711][cascade_classifier.fit_transform] group_dims=[358]
[ 2019-12-15 11:21:54,711][cascade_classifier.fit_transform] group_starts=[0]
[ 2019-12-15 11:21:54,711][cascade_classifier.fit_transform] group_ends=[358]
[ 2019-12-15 11:21:54,711][cascade_classifier.fit_transform] X_train.shape=(774, 358),X_test.shape=(87, 358)
[ 2019-12-15 11:21:54,713][cascade_classifier.fit_transform] [layer=0] look_indexs=[0], X_cur_train.shape=(774, 358), X_cur_test.shape=(87, 358)
[ 2019-12-15 11:21:55,058][kfold_wrapper.log_eval_metrics] Accuracy(layer_0 - estimator_0 - 5_folds.train_0.predict)=85.90%
[ 2019-12-15 11:21:55,496][kfold_wrapper.log_eval_metrics] Accuracy(layer_0 - estimator_0 - 5_folds.train_1.predict)=80.13%
[ 2019-12-15 11:21:55,931][kfold_wrapper.log_eval_metrics] Accuracy(layer_0 - estimator_0 - 5_folds.train_2.predict)=74.68%
[ 2019-12-15 11:21:56,366][kfold_wrapper.log_eval_metrics] Accuracy(layer_0 - estimator_0 - 5_folds.train_3.predict)=83.12%
[ 2019-12-15 11:21:56,815][kfold_wrapper.log_eval_metrics] Accuracy(layer_0 - estimator_0 - 5_folds.train_4.predict)=79.87%
[ 2019-12-15 11:21:56,920][kfold_wrapper.log_eval_metrics] Accuracy(layer_0 - estimator_0 - 5_folds.train_cv.predict)=80.75%
[ 2019-12-15 11:21:56,921][kfold_wrapper.log_eval_metrics] Accuracy(layer_0 - estimator_0 - 5_folds.test.predict)=79.31%
[ 2019-12-15 11:21:57,252][kfold_wrapper.log_eval_metrics] Accuracy(layer_0 - estimator_1 - 5_folds.train_0.predict)=83.33%
