[ 2019-09-26 11:12:18,667][cascade_classifier.fit_transform] X_groups_train.shape=[(903, 358)],y_train.shape=(903,),X_groups_test.shape=no_test,y_test.shape=no_test
[ 2019-09-26 11:12:18,669][cascade_classifier.fit_transform] group_dims=[358]
[ 2019-09-26 11:12:18,669][cascade_classifier.fit_transform] group_starts=[0]
[ 2019-09-26 11:12:18,670][cascade_classifier.fit_transform] group_ends=[358]
[ 2019-09-26 11:12:18,670][cascade_classifier.fit_transform] X_train.shape=(903, 358),X_test.shape=(0, 358)
[ 2019-09-26 11:12:18,672][cascade_classifier.fit_transform] [layer=0] look_indexs=[0], X_cur_train.shape=(903, 358), X_cur_test.shape=(0, 358)
[ 2019-09-26 11:12:20,748][kfold_wrapper.log_eval_metrics] Accuracy(layer_0 - estimator_0 - 5_folds.train_0.predict)=88.40%
[ 2019-09-26 11:12:22,821][kfold_wrapper.log_eval_metrics] Accuracy(layer_0 - estimator_0 - 5_folds.train_1.predict)=80.11%
[ 2019-09-26 11:12:24,762][kfold_wrapper.log_eval_metrics] Accuracy(layer_0 - estimator_0 - 5_folds.train_2.predict)=79.01%
[ 2019-09-26 11:12:26,833][kfold_wrapper.log_eval_metrics] Accuracy(layer_0 - estimator_0 - 5_folds.train_3.predict)=86.19%
[ 2019-09-26 11:12:28,837][kfold_wrapper.log_eval_metrics] Accuracy(layer_0 - estimator_0 - 5_folds.train_4.predict)=80.45%
[ 2019-09-26 11:12:28,838][kfold_wrapper.log_eval_metrics] Accuracy(layer_0 - estimator_0 - 5_folds.train_cv.predict)=82.83%
[ 2019-09-26 11:12:31,565][kfold_wrapper.log_eval_metrics] Accuracy(layer_0 - estimator_1 - 5_folds.train_0.predict)=82.32%
[ 2019-09-26 11:12:34,295][kfold_wrapper.log_eval_metrics] Accuracy(layer_0 - estimator_1 - 5_folds.train_1.predict)=86.19%
[ 2019-09-26 11:12:36,924][kfold_wrapper.log_eval_metrics] Accuracy(layer_0 - estimator_1 - 5_folds.train_2.predict)=82.87%
[ 2019-09-26 11:12:39,540][kfold_wrapper.log_eval_metrics] Accuracy(layer_0 - estimator_1 - 5_folds.train_3.predict)=82.32%
[ 2019-09-26 11:12:42,281][kfold_wrapper.log_eval_metrics] Accuracy(layer_0 - estimator_1 - 5_folds.train_4.predict)=81.56%
[ 2019-09-26 11:12:42,282][kfold_wrapper.log_eval_metrics] Accuracy(layer_0 - estimator_1 - 5_folds.train_cv.predict)=83.06%
[ 2019-09-26 11:12:44,525][kfold_wrapper.log_eval_metrics] Accuracy(layer_0 - estimator_2 - 5_folds.train_0.predict)=85.64%
[ 2019-09-26 11:12:46,871][kfold_wrapper.log_eval_metrics] Accuracy(layer_0 - estimator_2 - 5_folds.train_1.predict)=82.32%
[ 2019-09-26 11:12:49,214][kfold_wrapper.log_eval_metrics] Accuracy(layer_0 - estimator_2 - 5_folds.train_2.predict)=84.53%
[ 2019-09-26 11:12:51,444][kfold_wrapper.log_eval_metrics] Accuracy(layer_0 - estimator_2 - 5_folds.train_3.predict)=84.53%
[ 2019-09-26 11:12:53,783][kfold_wrapper.log_eval_metrics] Accuracy(layer_0 - estimator_2 - 5_folds.train_4.predict)=79.89%
[ 2019-09-26 11:12:53,784][kfold_wrapper.log_eval_metrics] Accuracy(layer_0 - estimator_2 - 5_folds.train_cv.predict)=83.39%
[ 2019-09-26 11:12:53,784][cascade_classifier.calc_accuracy] Accuracy(layer_0 - train.classifier_average)=82.50%
[ 2019-09-26 11:12:53,786][cascade_classifier.fit_transform] [layer=1] look_indexs=[0], X_cur_train.shape=(903, 364), X_cur_test.shape=(0, 364)
[ 2019-09-26 11:12:55,804][kfold_wrapper.log_eval_metrics] Accuracy(layer_1 - estimator_0 - 5_folds.train_0.predict)=80.11%
[ 2019-09-26 11:12:57,829][kfold_wrapper.log_eval_metrics] Accuracy(layer_1 - estimator_0 - 5_folds.train_1.predict)=84.53%
[ 2019-09-26 11:12:59,779][kfold_wrapper.log_eval_metrics] Accuracy(layer_1 - estimator_0 - 5_folds.train_2.predict)=78.45%
[ 2019-09-26 11:13:01,817][kfold_wrapper.log_eval_metrics] Accuracy(layer_1 - estimator_0 - 5_folds.train_3.predict)=90.06%
[ 2019-09-26 11:13:03,816][kfold_wrapper.log_eval_metrics] Accuracy(layer_1 - estimator_0 - 5_folds.train_4.predict)=81.01%
[ 2019-09-26 11:13:03,817][kfold_wrapper.log_eval_metrics] Accuracy(layer_1 - estimator_0 - 5_folds.train_cv.predict)=82.83%
[ 2019-09-26 11:13:06,448][kfold_wrapper.log_eval_metrics] Accuracy(layer_1 - estimator_1 - 5_folds.train_0.predict)=86.74%
[ 2019-09-26 11:13:09,072][kfold_wrapper.log_eval_metrics] Accuracy(layer_1 - estimator_1 - 5_folds.train_1.predict)=83.98%
[ 2019-09-26 11:13:11,730][kfold_wrapper.log_eval_metrics] Accuracy(layer_1 - estimator_1 - 5_folds.train_2.predict)=81.77%
[ 2019-09-26 11:13:14,364][kfold_wrapper.log_eval_metrics] Accuracy(layer_1 - estimator_1 - 5_folds.train_3.predict)=81.77%
[ 2019-09-26 11:13:16,978][kfold_wrapper.log_eval_metrics] Accuracy(layer_1 - estimator_1 - 5_folds.train_4.predict)=82.12%
[ 2019-09-26 11:13:16,979][kfold_wrapper.log_eval_metrics] Accuracy(layer_1 - estimator_1 - 5_folds.train_cv.predict)=83.28%
[ 2019-09-26 11:13:19,210][kfold_wrapper.log_eval_metrics] Accuracy(layer_1 - estimator_2 - 5_folds.train_0.predict)=83.98%
[ 2019-09-26 11:13:21,454][kfold_wrapper.log_eval_metrics] Accuracy(layer_1 - estimator_2 - 5_folds.train_1.predict)=84.53%
[ 2019-09-26 11:13:23,685][kfold_wrapper.log_eval_metrics] Accuracy(layer_1 - estimator_2 - 5_folds.train_2.predict)=86.19%
[ 2019-09-26 11:13:25,916][kfold_wrapper.log_eval_metrics] Accuracy(layer_1 - estimator_2 - 5_folds.train_3.predict)=82.32%
[ 2019-09-26 11:13:28,161][kfold_wrapper.log_eval_metrics] Accuracy(layer_1 - estimator_2 - 5_folds.train_4.predict)=79.89%
[ 2019-09-26 11:13:28,161][kfold_wrapper.log_eval_metrics] Accuracy(layer_1 - estimator_2 - 5_folds.train_cv.predict)=83.39%
[ 2019-09-26 11:13:28,162][cascade_classifier.calc_accuracy] Accuracy(layer_1 - train.classifier_average)=83.17%
[ 2019-09-26 11:13:28,166][cascade_classifier.fit_transform] [layer=2] look_indexs=[0], X_cur_train.shape=(903, 364), X_cur_test.shape=(0, 364)
[ 2019-09-26 11:13:30,195][kfold_wrapper.log_eval_metrics] Accuracy(layer_2 - estimator_0 - 5_folds.train_0.predict)=82.32%
[ 2019-09-26 11:13:32,263][kfold_wrapper.log_eval_metrics] Accuracy(layer_2 - estimator_0 - 5_folds.train_1.predict)=80.11%
[ 2019-09-26 11:13:34,276][kfold_wrapper.log_eval_metrics] Accuracy(layer_2 - estimator_0 - 5_folds.train_2.predict)=81.22%
[ 2019-09-26 11:13:36,281][kfold_wrapper.log_eval_metrics] Accuracy(layer_2 - estimator_0 - 5_folds.train_3.predict)=88.40%
[ 2019-09-26 11:13:38,310][kfold_wrapper.log_eval_metrics] Accuracy(layer_2 - estimator_0 - 5_folds.train_4.predict)=78.21%
[ 2019-09-26 11:13:38,316][kfold_wrapper.log_eval_metrics] Accuracy(layer_2 - estimator_0 - 5_folds.train_cv.predict)=82.06%
[ 2019-09-26 11:13:40,936][kfold_wrapper.log_eval_metrics] Accuracy(layer_2 - estimator_1 - 5_folds.train_0.predict)=86.19%
[ 2019-09-26 11:13:43,567][kfold_wrapper.log_eval_metrics] Accuracy(layer_2 - estimator_1 - 5_folds.train_1.predict)=82.32%
[ 2019-09-26 11:13:46,188][kfold_wrapper.log_eval_metrics] Accuracy(layer_2 - estimator_1 - 5_folds.train_2.predict)=82.32%
[ 2019-09-26 11:13:48,915][kfold_wrapper.log_eval_metrics] Accuracy(layer_2 - estimator_1 - 5_folds.train_3.predict)=85.64%
[ 2019-09-26 11:13:51,640][kfold_wrapper.log_eval_metrics] Accuracy(layer_2 - estimator_1 - 5_folds.train_4.predict)=80.45%
[ 2019-09-26 11:13:51,640][kfold_wrapper.log_eval_metrics] Accuracy(layer_2 - estimator_1 - 5_folds.train_cv.predict)=83.39%
[ 2019-09-26 11:13:53,989][kfold_wrapper.log_eval_metrics] Accuracy(layer_2 - estimator_2 - 5_folds.train_0.predict)=85.08%
[ 2019-09-26 11:13:56,240][kfold_wrapper.log_eval_metrics] Accuracy(layer_2 - estimator_2 - 5_folds.train_1.predict)=83.98%
[ 2019-09-26 11:13:58,483][kfold_wrapper.log_eval_metrics] Accuracy(layer_2 - estimator_2 - 5_folds.train_2.predict)=81.22%
[ 2019-09-26 11:14:00,730][kfold_wrapper.log_eval_metrics] Accuracy(layer_2 - estimator_2 - 5_folds.train_3.predict)=85.64%
[ 2019-09-26 11:14:03,066][kfold_wrapper.log_eval_metrics] Accuracy(layer_2 - estimator_2 - 5_folds.train_4.predict)=82.68%
[ 2019-09-26 11:14:03,066][kfold_wrapper.log_eval_metrics] Accuracy(layer_2 - estimator_2 - 5_folds.train_cv.predict)=83.72%
[ 2019-09-26 11:14:03,067][cascade_classifier.calc_accuracy] Accuracy(layer_2 - train.classifier_average)=82.06%
[ 2019-09-26 11:14:03,069][cascade_classifier.fit_transform] [layer=3] look_indexs=[0], X_cur_train.shape=(903, 364), X_cur_test.shape=(0, 364)
[ 2019-09-26 11:14:05,050][kfold_wrapper.log_eval_metrics] Accuracy(layer_3 - estimator_0 - 5_folds.train_0.predict)=80.11%
[ 2019-09-26 11:14:07,417][kfold_wrapper.log_eval_metrics] Accuracy(layer_3 - estimator_0 - 5_folds.train_1.predict)=86.19%
[ 2019-09-26 11:14:09,519][kfold_wrapper.log_eval_metrics] Accuracy(layer_3 - estimator_0 - 5_folds.train_2.predict)=84.53%
[ 2019-09-26 11:14:11,552][kfold_wrapper.log_eval_metrics] Accuracy(layer_3 - estimator_0 - 5_folds.train_3.predict)=82.32%
[ 2019-09-26 11:14:13,586][kfold_wrapper.log_eval_metrics] Accuracy(layer_3 - estimator_0 - 5_folds.train_4.predict)=82.68%
[ 2019-09-26 11:14:13,586][kfold_wrapper.log_eval_metrics] Accuracy(layer_3 - estimator_0 - 5_folds.train_cv.predict)=83.17%
[ 2019-09-26 11:14:16,206][kfold_wrapper.log_eval_metrics] Accuracy(layer_3 - estimator_1 - 5_folds.train_0.predict)=83.98%
[ 2019-09-26 11:14:18,828][kfold_wrapper.log_eval_metrics] Accuracy(layer_3 - estimator_1 - 5_folds.train_1.predict)=82.32%
[ 2019-09-26 11:14:21,491][kfold_wrapper.log_eval_metrics] Accuracy(layer_3 - estimator_1 - 5_folds.train_2.predict)=80.66%
[ 2019-09-26 11:14:24,105][kfold_wrapper.log_eval_metrics] Accuracy(layer_3 - estimator_1 - 5_folds.train_3.predict)=81.77%
[ 2019-09-26 11:14:26,745][kfold_wrapper.log_eval_metrics] Accuracy(layer_3 - estimator_1 - 5_folds.train_4.predict)=83.80%
[ 2019-09-26 11:14:26,746][kfold_wrapper.log_eval_metrics] Accuracy(layer_3 - estimator_1 - 5_folds.train_cv.predict)=82.50%
[ 2019-09-26 11:14:29,085][kfold_wrapper.log_eval_metrics] Accuracy(layer_3 - estimator_2 - 5_folds.train_0.predict)=80.66%
[ 2019-09-26 11:14:31,428][kfold_wrapper.log_eval_metrics] Accuracy(layer_3 - estimator_2 - 5_folds.train_1.predict)=85.64%
[ 2019-09-26 11:14:33,776][kfold_wrapper.log_eval_metrics] Accuracy(layer_3 - estimator_2 - 5_folds.train_2.predict)=86.74%
[ 2019-09-26 11:14:36,127][kfold_wrapper.log_eval_metrics] Accuracy(layer_3 - estimator_2 - 5_folds.train_3.predict)=81.77%
[ 2019-09-26 11:14:38,386][kfold_wrapper.log_eval_metrics] Accuracy(layer_3 - estimator_2 - 5_folds.train_4.predict)=81.56%
[ 2019-09-26 11:14:38,387][kfold_wrapper.log_eval_metrics] Accuracy(layer_3 - estimator_2 - 5_folds.train_cv.predict)=83.28%
[ 2019-09-26 11:14:38,387][cascade_classifier.calc_accuracy] Accuracy(layer_3 - train.classifier_average)=83.28%
[ 2019-09-26 11:14:38,389][cascade_classifier.fit_transform] [layer=4] look_indexs=[0], X_cur_train.shape=(903, 364), X_cur_test.shape=(0, 364)
[ 2019-09-26 11:14:40,431][kfold_wrapper.log_eval_metrics] Accuracy(layer_4 - estimator_0 - 5_folds.train_0.predict)=83.98%
[ 2019-09-26 11:14:42,437][kfold_wrapper.log_eval_metrics] Accuracy(layer_4 - estimator_0 - 5_folds.train_1.predict)=80.11%
[ 2019-09-26 11:14:44,470][kfold_wrapper.log_eval_metrics] Accuracy(layer_4 - estimator_0 - 5_folds.train_2.predict)=81.22%
[ 2019-09-26 11:14:46,448][kfold_wrapper.log_eval_metrics] Accuracy(layer_4 - estimator_0 - 5_folds.train_3.predict)=82.32%
[ 2019-09-26 11:14:48,525][kfold_wrapper.log_eval_metrics] Accuracy(layer_4 - estimator_0 - 5_folds.train_4.predict)=83.24%
[ 2019-09-26 11:14:48,525][kfold_wrapper.log_eval_metrics] Accuracy(layer_4 - estimator_0 - 5_folds.train_cv.predict)=82.17%
[ 2019-09-26 11:14:51,143][kfold_wrapper.log_eval_metrics] Accuracy(layer_4 - estimator_1 - 5_folds.train_0.predict)=82.32%
[ 2019-09-26 11:14:53,791][kfold_wrapper.log_eval_metrics] Accuracy(layer_4 - estimator_1 - 5_folds.train_1.predict)=83.43%
[ 2019-09-26 11:14:56,416][kfold_wrapper.log_eval_metrics] Accuracy(layer_4 - estimator_1 - 5_folds.train_2.predict)=80.66%
[ 2019-09-26 11:14:59,026][kfold_wrapper.log_eval_metrics] Accuracy(layer_4 - estimator_1 - 5_folds.train_3.predict)=83.98%
[ 2019-09-26 11:15:01,660][kfold_wrapper.log_eval_metrics] Accuracy(layer_4 - estimator_1 - 5_folds.train_4.predict)=83.80%
[ 2019-09-26 11:15:01,661][kfold_wrapper.log_eval_metrics] Accuracy(layer_4 - estimator_1 - 5_folds.train_cv.predict)=82.83%
[ 2019-09-26 11:15:03,922][kfold_wrapper.log_eval_metrics] Accuracy(layer_4 - estimator_2 - 5_folds.train_0.predict)=79.56%
[ 2019-09-26 11:15:06,168][kfold_wrapper.log_eval_metrics] Accuracy(layer_4 - estimator_2 - 5_folds.train_1.predict)=85.08%
[ 2019-09-26 11:15:08,419][kfold_wrapper.log_eval_metrics] Accuracy(layer_4 - estimator_2 - 5_folds.train_2.predict)=85.08%
[ 2019-09-26 11:15:10,678][kfold_wrapper.log_eval_metrics] Accuracy(layer_4 - estimator_2 - 5_folds.train_3.predict)=82.87%
[ 2019-09-26 11:15:12,934][kfold_wrapper.log_eval_metrics] Accuracy(layer_4 - estimator_2 - 5_folds.train_4.predict)=83.24%
[ 2019-09-26 11:15:12,934][kfold_wrapper.log_eval_metrics] Accuracy(layer_4 - estimator_2 - 5_folds.train_cv.predict)=83.17%
[ 2019-09-26 11:15:12,934][cascade_classifier.calc_accuracy] Accuracy(layer_4 - train.classifier_average)=83.28%
[ 2019-09-26 11:15:12,936][cascade_classifier.fit_transform] [layer=5] look_indexs=[0], X_cur_train.shape=(903, 364), X_cur_test.shape=(0, 364)
[ 2019-09-26 11:15:15,027][kfold_wrapper.log_eval_metrics] Accuracy(layer_5 - estimator_0 - 5_folds.train_0.predict)=85.08%
[ 2019-09-26 11:15:17,028][kfold_wrapper.log_eval_metrics] Accuracy(layer_5 - estimator_0 - 5_folds.train_1.predict)=81.22%
[ 2019-09-26 11:15:19,041][kfold_wrapper.log_eval_metrics] Accuracy(layer_5 - estimator_0 - 5_folds.train_2.predict)=83.98%
[ 2019-09-26 11:15:21,050][kfold_wrapper.log_eval_metrics] Accuracy(layer_5 - estimator_0 - 5_folds.train_3.predict)=79.01%
[ 2019-09-26 11:15:23,047][kfold_wrapper.log_eval_metrics] Accuracy(layer_5 - estimator_0 - 5_folds.train_4.predict)=82.12%
[ 2019-09-26 11:15:23,048][kfold_wrapper.log_eval_metrics] Accuracy(layer_5 - estimator_0 - 5_folds.train_cv.predict)=82.28%
[ 2019-09-26 11:15:25,564][kfold_wrapper.log_eval_metrics] Accuracy(layer_5 - estimator_1 - 5_folds.train_0.predict)=83.43%
[ 2019-09-26 11:15:28,187][kfold_wrapper.log_eval_metrics] Accuracy(layer_5 - estimator_1 - 5_folds.train_1.predict)=85.08%
[ 2019-09-26 11:15:30,787][kfold_wrapper.log_eval_metrics] Accuracy(layer_5 - estimator_1 - 5_folds.train_2.predict)=77.35%
[ 2019-09-26 11:15:33,396][kfold_wrapper.log_eval_metrics] Accuracy(layer_5 - estimator_1 - 5_folds.train_3.predict)=83.43%
[ 2019-09-26 11:15:36,086][kfold_wrapper.log_eval_metrics] Accuracy(layer_5 - estimator_1 - 5_folds.train_4.predict)=86.59%
[ 2019-09-26 11:15:36,087][kfold_wrapper.log_eval_metrics] Accuracy(layer_5 - estimator_1 - 5_folds.train_cv.predict)=83.17%
[ 2019-09-26 11:15:38,428][kfold_wrapper.log_eval_metrics] Accuracy(layer_5 - estimator_2 - 5_folds.train_0.predict)=87.29%
[ 2019-09-26 11:15:40,773][kfold_wrapper.log_eval_metrics] Accuracy(layer_5 - estimator_2 - 5_folds.train_1.predict)=81.22%
[ 2019-09-26 11:15:43,110][kfold_wrapper.log_eval_metrics] Accuracy(layer_5 - estimator_2 - 5_folds.train_2.predict)=83.43%
[ 2019-09-26 11:15:45,359][kfold_wrapper.log_eval_metrics] Accuracy(layer_5 - estimator_2 - 5_folds.train_3.predict)=81.77%
[ 2019-09-26 11:15:47,594][kfold_wrapper.log_eval_metrics] Accuracy(layer_5 - estimator_2 - 5_folds.train_4.predict)=82.12%
[ 2019-09-26 11:15:47,594][kfold_wrapper.log_eval_metrics] Accuracy(layer_5 - estimator_2 - 5_folds.train_cv.predict)=83.17%
[ 2019-09-26 11:15:47,595][cascade_classifier.calc_accuracy] Accuracy(layer_5 - train.classifier_average)=83.06%
[ 2019-09-26 11:15:47,596][cascade_classifier.fit_transform] [layer=6] look_indexs=[0], X_cur_train.shape=(903, 364), X_cur_test.shape=(0, 364)
[ 2019-09-26 11:15:49,589][kfold_wrapper.log_eval_metrics] Accuracy(layer_6 - estimator_0 - 5_folds.train_0.predict)=77.35%
[ 2019-09-26 11:15:51,575][kfold_wrapper.log_eval_metrics] Accuracy(layer_6 - estimator_0 - 5_folds.train_1.predict)=83.43%
[ 2019-09-26 11:15:53,594][kfold_wrapper.log_eval_metrics] Accuracy(layer_6 - estimator_0 - 5_folds.train_2.predict)=81.22%
[ 2019-09-26 11:15:55,617][kfold_wrapper.log_eval_metrics] Accuracy(layer_6 - estimator_0 - 5_folds.train_3.predict)=81.77%
[ 2019-09-26 11:15:57,669][kfold_wrapper.log_eval_metrics] Accuracy(layer_6 - estimator_0 - 5_folds.train_4.predict)=82.68%
[ 2019-09-26 11:15:57,670][kfold_wrapper.log_eval_metrics] Accuracy(layer_6 - estimator_0 - 5_folds.train_cv.predict)=81.28%
[ 2019-09-26 11:16:00,187][kfold_wrapper.log_eval_metrics] Accuracy(layer_6 - estimator_1 - 5_folds.train_0.predict)=86.74%
[ 2019-09-26 11:16:02,812][kfold_wrapper.log_eval_metrics] Accuracy(layer_6 - estimator_1 - 5_folds.train_1.predict)=85.08%
[ 2019-09-26 11:16:05,443][kfold_wrapper.log_eval_metrics] Accuracy(layer_6 - estimator_1 - 5_folds.train_2.predict)=77.90%
[ 2019-09-26 11:16:08,178][kfold_wrapper.log_eval_metrics] Accuracy(layer_6 - estimator_1 - 5_folds.train_3.predict)=83.43%
[ 2019-09-26 11:16:10,902][kfold_wrapper.log_eval_metrics] Accuracy(layer_6 - estimator_1 - 5_folds.train_4.predict)=83.24%
[ 2019-09-26 11:16:10,903][kfold_wrapper.log_eval_metrics] Accuracy(layer_6 - estimator_1 - 5_folds.train_cv.predict)=83.28%
[ 2019-09-26 11:16:13,159][kfold_wrapper.log_eval_metrics] Accuracy(layer_6 - estimator_2 - 5_folds.train_0.predict)=86.19%
[ 2019-09-26 11:16:15,413][kfold_wrapper.log_eval_metrics] Accuracy(layer_6 - estimator_2 - 5_folds.train_1.predict)=84.53%
[ 2019-09-26 11:16:17,742][kfold_wrapper.log_eval_metrics] Accuracy(layer_6 - estimator_2 - 5_folds.train_2.predict)=78.45%
[ 2019-09-26 11:16:20,093][kfold_wrapper.log_eval_metrics] Accuracy(layer_6 - estimator_2 - 5_folds.train_3.predict)=85.64%
[ 2019-09-26 11:16:22,339][kfold_wrapper.log_eval_metrics] Accuracy(layer_6 - estimator_2 - 5_folds.train_4.predict)=81.01%
[ 2019-09-26 11:16:22,339][kfold_wrapper.log_eval_metrics] Accuracy(layer_6 - estimator_2 - 5_folds.train_cv.predict)=83.17%
[ 2019-09-26 11:16:22,340][cascade_classifier.calc_accuracy] Accuracy(layer_6 - train.classifier_average)=82.72%
[ 2019-09-26 11:16:22,342][cascade_classifier.fit_transform] [layer=7] look_indexs=[0], X_cur_train.shape=(903, 364), X_cur_test.shape=(0, 364)
[ 2019-09-26 11:16:24,414][kfold_wrapper.log_eval_metrics] Accuracy(layer_7 - estimator_0 - 5_folds.train_0.predict)=82.32%
[ 2019-09-26 11:16:26,453][kfold_wrapper.log_eval_metrics] Accuracy(layer_7 - estimator_0 - 5_folds.train_1.predict)=79.56%
[ 2019-09-26 11:16:28,482][kfold_wrapper.log_eval_metrics] Accuracy(layer_7 - estimator_0 - 5_folds.train_2.predict)=81.77%
[ 2019-09-26 11:16:30,499][kfold_wrapper.log_eval_metrics] Accuracy(layer_7 - estimator_0 - 5_folds.train_3.predict)=82.87%
[ 2019-09-26 11:16:32,560][kfold_wrapper.log_eval_metrics] Accuracy(layer_7 - estimator_0 - 5_folds.train_4.predict)=78.77%
[ 2019-09-26 11:16:32,561][kfold_wrapper.log_eval_metrics] Accuracy(layer_7 - estimator_0 - 5_folds.train_cv.predict)=81.06%
[ 2019-09-26 11:16:35,171][kfold_wrapper.log_eval_metrics] Accuracy(layer_7 - estimator_1 - 5_folds.train_0.predict)=83.98%
[ 2019-09-26 11:16:37,788][kfold_wrapper.log_eval_metrics] Accuracy(layer_7 - estimator_1 - 5_folds.train_1.predict)=80.11%
[ 2019-09-26 11:16:40,501][kfold_wrapper.log_eval_metrics] Accuracy(layer_7 - estimator_1 - 5_folds.train_2.predict)=82.32%
[ 2019-09-26 11:16:43,137][kfold_wrapper.log_eval_metrics] Accuracy(layer_7 - estimator_1 - 5_folds.train_3.predict)=84.53%
[ 2019-09-26 11:16:45,767][kfold_wrapper.log_eval_metrics] Accuracy(layer_7 - estimator_1 - 5_folds.train_4.predict)=82.68%
[ 2019-09-26 11:16:45,768][kfold_wrapper.log_eval_metrics] Accuracy(layer_7 - estimator_1 - 5_folds.train_cv.predict)=82.72%
[ 2019-09-26 11:16:48,109][kfold_wrapper.log_eval_metrics] Accuracy(layer_7 - estimator_2 - 5_folds.train_0.predict)=78.45%
[ 2019-09-26 11:16:50,351][kfold_wrapper.log_eval_metrics] Accuracy(layer_7 - estimator_2 - 5_folds.train_1.predict)=85.08%
[ 2019-09-26 11:16:52,586][kfold_wrapper.log_eval_metrics] Accuracy(layer_7 - estimator_2 - 5_folds.train_2.predict)=82.87%
[ 2019-09-26 11:16:54,834][kfold_wrapper.log_eval_metrics] Accuracy(layer_7 - estimator_2 - 5_folds.train_3.predict)=82.32%
[ 2019-09-26 11:16:57,067][kfold_wrapper.log_eval_metrics] Accuracy(layer_7 - estimator_2 - 5_folds.train_4.predict)=87.71%
[ 2019-09-26 11:16:57,068][kfold_wrapper.log_eval_metrics] Accuracy(layer_7 - estimator_2 - 5_folds.train_cv.predict)=83.28%
[ 2019-09-26 11:16:57,068][cascade_classifier.calc_accuracy] Accuracy(layer_7 - train.classifier_average)=82.06%
[ 2019-09-26 11:16:57,076][cascade_classifier.fit_transform] [layer=8] look_indexs=[0], X_cur_train.shape=(903, 364), X_cur_test.shape=(0, 364)
[ 2019-09-26 11:16:59,096][kfold_wrapper.log_eval_metrics] Accuracy(layer_8 - estimator_0 - 5_folds.train_0.predict)=79.01%
[ 2019-09-26 11:17:01,192][kfold_wrapper.log_eval_metrics] Accuracy(layer_8 - estimator_0 - 5_folds.train_1.predict)=83.98%
[ 2019-09-26 11:17:03,217][kfold_wrapper.log_eval_metrics] Accuracy(layer_8 - estimator_0 - 5_folds.train_2.predict)=80.11%
[ 2019-09-26 11:17:05,310][kfold_wrapper.log_eval_metrics] Accuracy(layer_8 - estimator_0 - 5_folds.train_3.predict)=83.43%
[ 2019-09-26 11:17:07,259][kfold_wrapper.log_eval_metrics] Accuracy(layer_8 - estimator_0 - 5_folds.train_4.predict)=78.77%
[ 2019-09-26 11:17:07,259][kfold_wrapper.log_eval_metrics] Accuracy(layer_8 - estimator_0 - 5_folds.train_cv.predict)=81.06%
[ 2019-09-26 11:17:09,867][kfold_wrapper.log_eval_metrics] Accuracy(layer_8 - estimator_1 - 5_folds.train_0.predict)=82.32%
[ 2019-09-26 11:17:12,484][kfold_wrapper.log_eval_metrics] Accuracy(layer_8 - estimator_1 - 5_folds.train_1.predict)=85.64%
[ 2019-09-26 11:17:15,005][kfold_wrapper.log_eval_metrics] Accuracy(layer_8 - estimator_1 - 5_folds.train_2.predict)=81.77%
[ 2019-09-26 11:17:17,632][kfold_wrapper.log_eval_metrics] Accuracy(layer_8 - estimator_1 - 5_folds.train_3.predict)=82.32%
[ 2019-09-26 11:17:20,250][kfold_wrapper.log_eval_metrics] Accuracy(layer_8 - estimator_1 - 5_folds.train_4.predict)=82.12%
[ 2019-09-26 11:17:20,251][kfold_wrapper.log_eval_metrics] Accuracy(layer_8 - estimator_1 - 5_folds.train_cv.predict)=82.83%
[ 2019-09-26 11:17:22,495][kfold_wrapper.log_eval_metrics] Accuracy(layer_8 - estimator_2 - 5_folds.train_0.predict)=83.98%
[ 2019-09-26 11:17:24,835][kfold_wrapper.log_eval_metrics] Accuracy(layer_8 - estimator_2 - 5_folds.train_1.predict)=86.19%
[ 2019-09-26 11:17:27,178][kfold_wrapper.log_eval_metrics] Accuracy(layer_8 - estimator_2 - 5_folds.train_2.predict)=79.56%
[ 2019-09-26 11:17:29,521][kfold_wrapper.log_eval_metrics] Accuracy(layer_8 - estimator_2 - 5_folds.train_3.predict)=82.87%
[ 2019-09-26 11:17:31,864][kfold_wrapper.log_eval_metrics] Accuracy(layer_8 - estimator_2 - 5_folds.train_4.predict)=81.01%
[ 2019-09-26 11:17:31,864][kfold_wrapper.log_eval_metrics] Accuracy(layer_8 - estimator_2 - 5_folds.train_cv.predict)=82.72%
[ 2019-09-26 11:17:31,864][cascade_classifier.calc_accuracy] Accuracy(layer_8 - train.classifier_average)=82.39%
[ 2019-09-26 11:17:31,864][cascade_classifier.fit_transform] [Result][Optimal Level Detected] opt_layer_num=4, accuracy_train=83.28%, accuracy_test=0.00%
[ 2019-09-26 11:17:32,017][cascade_classifier.transform] X_groups_test.shape=[(101, 358)]
[ 2019-09-26 11:17:32,018][cascade_classifier.transform] group_dims=[358]
[ 2019-09-26 11:17:32,018][cascade_classifier.transform] X_test.shape=(101, 358)
[ 2019-09-26 11:17:32,018][cascade_classifier.transform] [layer=0] look_indexs=[0], X_cur_test.shape=(101, 358)
[ 2019-09-26 11:17:35,169][cascade_classifier.transform] [layer=1] look_indexs=[0], X_cur_test.shape=(101, 364)
[ 2019-09-26 11:17:38,506][cascade_classifier.transform] [layer=2] look_indexs=[0], X_cur_test.shape=(101, 364)
[ 2019-09-26 11:17:41,729][cascade_classifier.transform] [layer=3] look_indexs=[0], X_cur_test.shape=(101, 364)
[ 2019-09-26 11:17:44,865][cascade_classifier.transform] X_groups_test.shape=[(101, 358)]
[ 2019-09-26 11:17:44,866][cascade_classifier.transform] group_dims=[358]
[ 2019-09-26 11:17:44,866][cascade_classifier.transform] X_test.shape=(101, 358)
[ 2019-09-26 11:17:44,866][cascade_classifier.transform] [layer=0] look_indexs=[0], X_cur_test.shape=(101, 358)
[ 2019-09-26 11:17:48,012][cascade_classifier.transform] [layer=1] look_indexs=[0], X_cur_test.shape=(101, 364)
[ 2019-09-26 11:17:51,335][cascade_classifier.transform] [layer=2] look_indexs=[0], X_cur_test.shape=(101, 364)
[ 2019-09-26 11:17:54,560][cascade_classifier.transform] [layer=3] look_indexs=[0], X_cur_test.shape=(101, 364)
