[ 2019-12-18 15:07:46,809][cascade_classifier.fit_transform] X_groups_train.shape=[(774, 35)],y_train.shape=(774,),X_groups_test.shape=[(87, 35)],y_test.shape=(87,)
[ 2019-12-18 15:07:46,810][cascade_classifier.fit_transform] group_dims=[35]
[ 2019-12-18 15:07:46,811][cascade_classifier.fit_transform] group_starts=[0]
[ 2019-12-18 15:07:46,811][cascade_classifier.fit_transform] group_ends=[35]
[ 2019-12-18 15:07:46,811][cascade_classifier.fit_transform] X_train.shape=(774, 35),X_test.shape=(87, 35)
[ 2019-12-18 15:07:46,812][cascade_classifier.fit_transform] [layer=0] look_indexs=[0], X_cur_train.shape=(774, 35), X_cur_test.shape=(87, 35)
[ 2019-12-18 15:07:48,955][kfold_wrapper.log_eval_metrics] Accuracy(layer_0 - estimator_0 - 3_folds.train_0.predict)=80.23%
[ 2019-12-18 15:07:51,480][kfold_wrapper.log_eval_metrics] Accuracy(layer_0 - estimator_0 - 3_folds.train_1.predict)=84.50%
[ 2019-12-18 15:07:53,934][kfold_wrapper.log_eval_metrics] Accuracy(layer_0 - estimator_0 - 3_folds.train_2.predict)=82.17%
[ 2019-12-18 15:07:54,245][kfold_wrapper.log_eval_metrics] Accuracy(layer_0 - estimator_0 - 3_folds.train_cv.predict)=82.30%
[ 2019-12-18 15:07:54,246][kfold_wrapper.log_eval_metrics] Accuracy(layer_0 - estimator_0 - 3_folds.test.predict)=83.91%
[ 2019-12-18 15:07:56,541][kfold_wrapper.log_eval_metrics] Accuracy(layer_0 - estimator_1 - 3_folds.train_0.predict)=80.23%
[ 2019-12-18 15:07:59,137][kfold_wrapper.log_eval_metrics] Accuracy(layer_0 - estimator_1 - 3_folds.train_1.predict)=80.23%
[ 2019-12-18 15:08:01,725][kfold_wrapper.log_eval_metrics] Accuracy(layer_0 - estimator_1 - 3_folds.train_2.predict)=82.56%
[ 2019-12-18 15:08:02,041][kfold_wrapper.log_eval_metrics] Accuracy(layer_0 - estimator_1 - 3_folds.train_cv.predict)=81.01%
[ 2019-12-18 15:08:02,042][kfold_wrapper.log_eval_metrics] Accuracy(layer_0 - estimator_1 - 3_folds.test.predict)=85.06%
[ 2019-12-18 15:08:04,366][kfold_wrapper.log_eval_metrics] Accuracy(layer_0 - estimator_2 - 3_folds.train_0.predict)=80.62%
[ 2019-12-18 15:08:06,788][kfold_wrapper.log_eval_metrics] Accuracy(layer_0 - estimator_2 - 3_folds.train_1.predict)=78.29%
[ 2019-12-18 15:08:09,208][kfold_wrapper.log_eval_metrics] Accuracy(layer_0 - estimator_2 - 3_folds.train_2.predict)=81.40%
[ 2019-12-18 15:08:09,315][kfold_wrapper.log_eval_metrics] Accuracy(layer_0 - estimator_2 - 3_folds.train_cv.predict)=80.10%
[ 2019-12-18 15:08:09,315][kfold_wrapper.log_eval_metrics] Accuracy(layer_0 - estimator_2 - 3_folds.test.predict)=82.76%
[ 2019-12-18 15:08:09,972][kfold_wrapper.log_eval_metrics] Accuracy(layer_0 - estimator_3 - 3_folds.train_0.predict)=80.23%
[ 2019-12-18 15:08:10,605][kfold_wrapper.log_eval_metrics] Accuracy(layer_0 - estimator_3 - 3_folds.train_1.predict)=76.74%
[ 2019-12-18 15:08:11,246][kfold_wrapper.log_eval_metrics] Accuracy(layer_0 - estimator_3 - 3_folds.train_2.predict)=84.50%
[ 2019-12-18 15:08:11,247][kfold_wrapper.log_eval_metrics] Accuracy(layer_0 - estimator_3 - 3_folds.train_cv.predict)=80.49%
[ 2019-12-18 15:08:11,248][kfold_wrapper.log_eval_metrics] Accuracy(layer_0 - estimator_3 - 3_folds.test.predict)=85.06%
[ 2019-12-18 15:08:11,248][cascade_classifier.calc_accuracy] Accuracy(layer_0 - train.classifier_average)=82.04%
[ 2019-12-18 15:08:11,248][cascade_classifier.calc_accuracy] Accuracy(layer_0 - test.classifier_average)=85.06%
[ 2019-12-18 15:08:11,248][cascade_classifier.fit_transform] [layer=1] look_indexs=[0], X_cur_train.shape=(774, 43), X_cur_test.shape=(87, 43)
[ 2019-12-18 15:08:13,471][kfold_wrapper.log_eval_metrics] Accuracy(layer_1 - estimator_0 - 3_folds.train_0.predict)=80.23%
[ 2019-12-18 15:08:15,877][kfold_wrapper.log_eval_metrics] Accuracy(layer_1 - estimator_0 - 3_folds.train_1.predict)=81.40%
[ 2019-12-18 15:08:18,396][kfold_wrapper.log_eval_metrics] Accuracy(layer_1 - estimator_0 - 3_folds.train_2.predict)=80.23%
[ 2019-12-18 15:08:18,707][kfold_wrapper.log_eval_metrics] Accuracy(layer_1 - estimator_0 - 3_folds.train_cv.predict)=80.62%
[ 2019-12-18 15:08:18,708][kfold_wrapper.log_eval_metrics] Accuracy(layer_1 - estimator_0 - 3_folds.test.predict)=83.91%
[ 2019-12-18 15:08:20,993][kfold_wrapper.log_eval_metrics] Accuracy(layer_1 - estimator_1 - 3_folds.train_0.predict)=80.62%
[ 2019-12-18 15:08:23,604][kfold_wrapper.log_eval_metrics] Accuracy(layer_1 - estimator_1 - 3_folds.train_1.predict)=78.29%
[ 2019-12-18 15:08:26,214][kfold_wrapper.log_eval_metrics] Accuracy(layer_1 - estimator_1 - 3_folds.train_2.predict)=84.88%
[ 2019-12-18 15:08:26,626][kfold_wrapper.log_eval_metrics] Accuracy(layer_1 - estimator_1 - 3_folds.train_cv.predict)=81.27%
[ 2019-12-18 15:08:26,627][kfold_wrapper.log_eval_metrics] Accuracy(layer_1 - estimator_1 - 3_folds.test.predict)=81.61%
[ 2019-12-18 15:08:29,131][kfold_wrapper.log_eval_metrics] Accuracy(layer_1 - estimator_2 - 3_folds.train_0.predict)=82.56%
[ 2019-12-18 15:08:31,715][kfold_wrapper.log_eval_metrics] Accuracy(layer_1 - estimator_2 - 3_folds.train_1.predict)=81.40%
[ 2019-12-18 15:08:34,302][kfold_wrapper.log_eval_metrics] Accuracy(layer_1 - estimator_2 - 3_folds.train_2.predict)=84.11%
[ 2019-12-18 15:08:34,408][kfold_wrapper.log_eval_metrics] Accuracy(layer_1 - estimator_2 - 3_folds.train_cv.predict)=82.69%
[ 2019-12-18 15:08:34,408][kfold_wrapper.log_eval_metrics] Accuracy(layer_1 - estimator_2 - 3_folds.test.predict)=81.61%
[ 2019-12-18 15:08:35,082][kfold_wrapper.log_eval_metrics] Accuracy(layer_1 - estimator_3 - 3_folds.train_0.predict)=82.17%
[ 2019-12-18 15:08:35,730][kfold_wrapper.log_eval_metrics] Accuracy(layer_1 - estimator_3 - 3_folds.train_1.predict)=82.56%
[ 2019-12-18 15:08:36,357][kfold_wrapper.log_eval_metrics] Accuracy(layer_1 - estimator_3 - 3_folds.train_2.predict)=82.95%
[ 2019-12-18 15:08:36,358][kfold_wrapper.log_eval_metrics] Accuracy(layer_1 - estimator_3 - 3_folds.train_cv.predict)=82.56%
[ 2019-12-18 15:08:36,359][kfold_wrapper.log_eval_metrics] Accuracy(layer_1 - estimator_3 - 3_folds.test.predict)=83.91%
[ 2019-12-18 15:08:36,359][cascade_classifier.calc_accuracy] Accuracy(layer_1 - train.classifier_average)=82.69%
[ 2019-12-18 15:08:36,359][cascade_classifier.calc_accuracy] Accuracy(layer_1 - test.classifier_average)=81.61%
[ 2019-12-18 15:08:36,360][cascade_classifier.fit_transform] [layer=2] look_indexs=[0], X_cur_train.shape=(774, 43), X_cur_test.shape=(87, 43)
[ 2019-12-18 15:08:38,470][kfold_wrapper.log_eval_metrics] Accuracy(layer_2 - estimator_0 - 3_folds.train_0.predict)=85.66%
[ 2019-12-18 15:08:40,885][kfold_wrapper.log_eval_metrics] Accuracy(layer_2 - estimator_0 - 3_folds.train_1.predict)=84.11%
[ 2019-12-18 15:08:43,307][kfold_wrapper.log_eval_metrics] Accuracy(layer_2 - estimator_0 - 3_folds.train_2.predict)=78.29%
[ 2019-12-18 15:08:43,621][kfold_wrapper.log_eval_metrics] Accuracy(layer_2 - estimator_0 - 3_folds.train_cv.predict)=82.69%
[ 2019-12-18 15:08:43,621][kfold_wrapper.log_eval_metrics] Accuracy(layer_2 - estimator_0 - 3_folds.test.predict)=81.61%
[ 2019-12-18 15:08:45,918][kfold_wrapper.log_eval_metrics] Accuracy(layer_2 - estimator_1 - 3_folds.train_0.predict)=82.95%
[ 2019-12-18 15:08:48,525][kfold_wrapper.log_eval_metrics] Accuracy(layer_2 - estimator_1 - 3_folds.train_1.predict)=79.84%
[ 2019-12-18 15:08:51,225][kfold_wrapper.log_eval_metrics] Accuracy(layer_2 - estimator_1 - 3_folds.train_2.predict)=84.50%
[ 2019-12-18 15:08:51,540][kfold_wrapper.log_eval_metrics] Accuracy(layer_2 - estimator_1 - 3_folds.train_cv.predict)=82.43%
[ 2019-12-18 15:08:51,540][kfold_wrapper.log_eval_metrics] Accuracy(layer_2 - estimator_1 - 3_folds.test.predict)=81.61%
[ 2019-12-18 15:08:54,039][kfold_wrapper.log_eval_metrics] Accuracy(layer_2 - estimator_2 - 3_folds.train_0.predict)=80.23%
[ 2019-12-18 15:08:56,614][kfold_wrapper.log_eval_metrics] Accuracy(layer_2 - estimator_2 - 3_folds.train_1.predict)=79.07%
[ 2019-12-18 15:08:59,230][kfold_wrapper.log_eval_metrics] Accuracy(layer_2 - estimator_2 - 3_folds.train_2.predict)=82.95%
[ 2019-12-18 15:08:59,340][kfold_wrapper.log_eval_metrics] Accuracy(layer_2 - estimator_2 - 3_folds.train_cv.predict)=80.75%
[ 2019-12-18 15:08:59,341][kfold_wrapper.log_eval_metrics] Accuracy(layer_2 - estimator_2 - 3_folds.test.predict)=83.91%
[ 2019-12-18 15:09:00,012][kfold_wrapper.log_eval_metrics] Accuracy(layer_2 - estimator_3 - 3_folds.train_0.predict)=82.95%
[ 2019-12-18 15:09:00,655][kfold_wrapper.log_eval_metrics] Accuracy(layer_2 - estimator_3 - 3_folds.train_1.predict)=81.78%
[ 2019-12-18 15:09:01,303][kfold_wrapper.log_eval_metrics] Accuracy(layer_2 - estimator_3 - 3_folds.train_2.predict)=81.01%
[ 2019-12-18 15:09:01,304][kfold_wrapper.log_eval_metrics] Accuracy(layer_2 - estimator_3 - 3_folds.train_cv.predict)=81.91%
[ 2019-12-18 15:09:01,306][kfold_wrapper.log_eval_metrics] Accuracy(layer_2 - estimator_3 - 3_folds.test.predict)=82.76%
[ 2019-12-18 15:09:01,307][cascade_classifier.calc_accuracy] Accuracy(layer_2 - train.classifier_average)=82.43%
[ 2019-12-18 15:09:01,307][cascade_classifier.calc_accuracy] Accuracy(layer_2 - test.classifier_average)=85.06%
[ 2019-12-18 15:09:01,307][cascade_classifier.fit_transform] [layer=3] look_indexs=[0], X_cur_train.shape=(774, 43), X_cur_test.shape=(87, 43)
[ 2019-12-18 15:09:03,521][kfold_wrapper.log_eval_metrics] Accuracy(layer_3 - estimator_0 - 3_folds.train_0.predict)=82.17%
[ 2019-12-18 15:09:05,946][kfold_wrapper.log_eval_metrics] Accuracy(layer_3 - estimator_0 - 3_folds.train_1.predict)=86.05%
[ 2019-12-18 15:09:08,362][kfold_wrapper.log_eval_metrics] Accuracy(layer_3 - estimator_0 - 3_folds.train_2.predict)=77.91%
[ 2019-12-18 15:09:08,670][kfold_wrapper.log_eval_metrics] Accuracy(layer_3 - estimator_0 - 3_folds.train_cv.predict)=82.04%
[ 2019-12-18 15:09:08,671][kfold_wrapper.log_eval_metrics] Accuracy(layer_3 - estimator_0 - 3_folds.test.predict)=82.76%
[ 2019-12-18 15:09:10,989][kfold_wrapper.log_eval_metrics] Accuracy(layer_3 - estimator_1 - 3_folds.train_0.predict)=79.84%
[ 2019-12-18 15:09:13,582][kfold_wrapper.log_eval_metrics] Accuracy(layer_3 - estimator_1 - 3_folds.train_1.predict)=83.72%
[ 2019-12-18 15:09:16,174][kfold_wrapper.log_eval_metrics] Accuracy(layer_3 - estimator_1 - 3_folds.train_2.predict)=82.56%
[ 2019-12-18 15:09:16,482][kfold_wrapper.log_eval_metrics] Accuracy(layer_3 - estimator_1 - 3_folds.train_cv.predict)=82.04%
[ 2019-12-18 15:09:16,483][kfold_wrapper.log_eval_metrics] Accuracy(layer_3 - estimator_1 - 3_folds.test.predict)=82.76%
[ 2019-12-18 15:09:19,075][kfold_wrapper.log_eval_metrics] Accuracy(layer_3 - estimator_2 - 3_folds.train_0.predict)=80.23%
[ 2019-12-18 15:09:21,721][kfold_wrapper.log_eval_metrics] Accuracy(layer_3 - estimator_2 - 3_folds.train_1.predict)=81.78%
[ 2019-12-18 15:09:24,412][kfold_wrapper.log_eval_metrics] Accuracy(layer_3 - estimator_2 - 3_folds.train_2.predict)=81.78%
[ 2019-12-18 15:09:24,523][kfold_wrapper.log_eval_metrics] Accuracy(layer_3 - estimator_2 - 3_folds.train_cv.predict)=81.27%
[ 2019-12-18 15:09:24,524][kfold_wrapper.log_eval_metrics] Accuracy(layer_3 - estimator_2 - 3_folds.test.predict)=83.91%
[ 2019-12-18 15:09:25,175][kfold_wrapper.log_eval_metrics] Accuracy(layer_3 - estimator_3 - 3_folds.train_0.predict)=81.78%
[ 2019-12-18 15:09:25,804][kfold_wrapper.log_eval_metrics] Accuracy(layer_3 - estimator_3 - 3_folds.train_1.predict)=79.46%
[ 2019-12-18 15:09:26,418][kfold_wrapper.log_eval_metrics] Accuracy(layer_3 - estimator_3 - 3_folds.train_2.predict)=83.33%
[ 2019-12-18 15:09:26,419][kfold_wrapper.log_eval_metrics] Accuracy(layer_3 - estimator_3 - 3_folds.train_cv.predict)=81.52%
[ 2019-12-18 15:09:26,420][kfold_wrapper.log_eval_metrics] Accuracy(layer_3 - estimator_3 - 3_folds.test.predict)=85.06%
[ 2019-12-18 15:09:26,421][cascade_classifier.calc_accuracy] Accuracy(layer_3 - train.classifier_average)=81.65%
[ 2019-12-18 15:09:26,421][cascade_classifier.calc_accuracy] Accuracy(layer_3 - test.classifier_average)=83.91%
[ 2019-12-18 15:09:26,422][cascade_classifier.fit_transform] [layer=4] look_indexs=[0], X_cur_train.shape=(774, 43), X_cur_test.shape=(87, 43)
[ 2019-12-18 15:09:28,641][kfold_wrapper.log_eval_metrics] Accuracy(layer_4 - estimator_0 - 3_folds.train_0.predict)=79.84%
[ 2019-12-18 15:09:31,342][kfold_wrapper.log_eval_metrics] Accuracy(layer_4 - estimator_0 - 3_folds.train_1.predict)=82.56%
[ 2019-12-18 15:09:33,855][kfold_wrapper.log_eval_metrics] Accuracy(layer_4 - estimator_0 - 3_folds.train_2.predict)=81.01%
[ 2019-12-18 15:09:34,164][kfold_wrapper.log_eval_metrics] Accuracy(layer_4 - estimator_0 - 3_folds.train_cv.predict)=81.14%
[ 2019-12-18 15:09:34,165][kfold_wrapper.log_eval_metrics] Accuracy(layer_4 - estimator_0 - 3_folds.test.predict)=86.21%
[ 2019-12-18 15:09:36,480][kfold_wrapper.log_eval_metrics] Accuracy(layer_4 - estimator_1 - 3_folds.train_0.predict)=78.29%
[ 2019-12-18 15:09:39,124][kfold_wrapper.log_eval_metrics] Accuracy(layer_4 - estimator_1 - 3_folds.train_1.predict)=82.17%
[ 2019-12-18 15:09:41,739][kfold_wrapper.log_eval_metrics] Accuracy(layer_4 - estimator_1 - 3_folds.train_2.predict)=83.72%
[ 2019-12-18 15:09:42,055][kfold_wrapper.log_eval_metrics] Accuracy(layer_4 - estimator_1 - 3_folds.train_cv.predict)=81.40%
[ 2019-12-18 15:09:42,056][kfold_wrapper.log_eval_metrics] Accuracy(layer_4 - estimator_1 - 3_folds.test.predict)=83.91%
[ 2019-12-18 15:09:44,551][kfold_wrapper.log_eval_metrics] Accuracy(layer_4 - estimator_2 - 3_folds.train_0.predict)=77.13%
[ 2019-12-18 15:09:47,146][kfold_wrapper.log_eval_metrics] Accuracy(layer_4 - estimator_2 - 3_folds.train_1.predict)=79.84%
[ 2019-12-18 15:09:49,743][kfold_wrapper.log_eval_metrics] Accuracy(layer_4 - estimator_2 - 3_folds.train_2.predict)=81.78%
[ 2019-12-18 15:09:49,849][kfold_wrapper.log_eval_metrics] Accuracy(layer_4 - estimator_2 - 3_folds.train_cv.predict)=79.59%
[ 2019-12-18 15:09:49,849][kfold_wrapper.log_eval_metrics] Accuracy(layer_4 - estimator_2 - 3_folds.test.predict)=83.91%
[ 2019-12-18 15:09:50,515][kfold_wrapper.log_eval_metrics] Accuracy(layer_4 - estimator_3 - 3_folds.train_0.predict)=82.56%
[ 2019-12-18 15:09:51,142][kfold_wrapper.log_eval_metrics] Accuracy(layer_4 - estimator_3 - 3_folds.train_1.predict)=79.84%
[ 2019-12-18 15:09:51,800][kfold_wrapper.log_eval_metrics] Accuracy(layer_4 - estimator_3 - 3_folds.train_2.predict)=82.56%
[ 2019-12-18 15:09:51,801][kfold_wrapper.log_eval_metrics] Accuracy(layer_4 - estimator_3 - 3_folds.train_cv.predict)=81.65%
[ 2019-12-18 15:09:51,801][kfold_wrapper.log_eval_metrics] Accuracy(layer_4 - estimator_3 - 3_folds.test.predict)=82.76%
[ 2019-12-18 15:09:51,802][cascade_classifier.calc_accuracy] Accuracy(layer_4 - train.classifier_average)=81.65%
[ 2019-12-18 15:09:51,802][cascade_classifier.calc_accuracy] Accuracy(layer_4 - test.classifier_average)=85.06%
[ 2019-12-18 15:09:51,802][cascade_classifier.fit_transform] [Result][Optimal Level Detected] opt_layer_num=2, accuracy_train=82.69%, accuracy_test=81.61%
[ 2019-12-18 15:09:51,829][cascade_classifier.transform] X_groups_test.shape=[(87, 35)]
[ 2019-12-18 15:09:51,829][cascade_classifier.transform] group_dims=[35]
[ 2019-12-18 15:09:51,829][cascade_classifier.transform] X_test.shape=(87, 35)
[ 2019-12-18 15:09:51,829][cascade_classifier.transform] [layer=0] look_indexs=[0], X_cur_test.shape=(87, 35)
[ 2019-12-18 15:09:54,030][cascade_classifier.transform] [layer=1] look_indexs=[0], X_cur_test.shape=(87, 43)
[ 2019-12-18 15:09:56,219][cascade_classifier.transform] X_groups_test.shape=[(87, 35)]
[ 2019-12-18 15:09:56,220][cascade_classifier.transform] group_dims=[35]
[ 2019-12-18 15:09:56,220][cascade_classifier.transform] X_test.shape=(87, 35)
[ 2019-12-18 15:09:56,220][cascade_classifier.transform] [layer=0] look_indexs=[0], X_cur_test.shape=(87, 35)
[ 2019-12-18 15:09:58,393][cascade_classifier.transform] [layer=1] look_indexs=[0], X_cur_test.shape=(87, 43)
[ 2019-12-18 15:10:00,701][cascade_classifier.fit_transform] X_groups_train.shape=[(774, 35)],y_train.shape=(774,),X_groups_test.shape=[(87, 35)],y_test.shape=(87,)
[ 2019-12-18 15:10:00,702][cascade_classifier.fit_transform] group_dims=[35]
[ 2019-12-18 15:10:00,702][cascade_classifier.fit_transform] group_starts=[0]
[ 2019-12-18 15:10:00,702][cascade_classifier.fit_transform] group_ends=[35]
[ 2019-12-18 15:10:00,703][cascade_classifier.fit_transform] X_train.shape=(774, 35),X_test.shape=(87, 35)
[ 2019-12-18 15:10:00,703][cascade_classifier.fit_transform] [layer=0] look_indexs=[0], X_cur_train.shape=(774, 35), X_cur_test.shape=(87, 35)
[ 2019-12-18 15:10:02,803][kfold_wrapper.log_eval_metrics] Accuracy(layer_0 - estimator_0 - 3_folds.train_0.predict)=79.46%
[ 2019-12-18 15:10:05,222][kfold_wrapper.log_eval_metrics] Accuracy(layer_0 - estimator_0 - 3_folds.train_1.predict)=83.33%
[ 2019-12-18 15:10:07,779][kfold_wrapper.log_eval_metrics] Accuracy(layer_0 - estimator_0 - 3_folds.train_2.predict)=82.95%
[ 2019-12-18 15:10:08,092][kfold_wrapper.log_eval_metrics] Accuracy(layer_0 - estimator_0 - 3_folds.train_cv.predict)=81.91%
[ 2019-12-18 15:10:08,092][kfold_wrapper.log_eval_metrics] Accuracy(layer_0 - estimator_0 - 3_folds.test.predict)=82.76%
[ 2019-12-18 15:10:10,391][kfold_wrapper.log_eval_metrics] Accuracy(layer_0 - estimator_1 - 3_folds.train_0.predict)=82.95%
[ 2019-12-18 15:10:12,986][kfold_wrapper.log_eval_metrics] Accuracy(layer_0 - estimator_1 - 3_folds.train_1.predict)=81.40%
[ 2019-12-18 15:10:15,567][kfold_wrapper.log_eval_metrics] Accuracy(layer_0 - estimator_1 - 3_folds.train_2.predict)=81.01%
[ 2019-12-18 15:10:15,884][kfold_wrapper.log_eval_metrics] Accuracy(layer_0 - estimator_1 - 3_folds.train_cv.predict)=81.78%
[ 2019-12-18 15:10:15,884][kfold_wrapper.log_eval_metrics] Accuracy(layer_0 - estimator_1 - 3_folds.test.predict)=85.06%
[ 2019-12-18 15:10:18,193][kfold_wrapper.log_eval_metrics] Accuracy(layer_0 - estimator_2 - 3_folds.train_0.predict)=78.68%
[ 2019-12-18 15:10:20,627][kfold_wrapper.log_eval_metrics] Accuracy(layer_0 - estimator_2 - 3_folds.train_1.predict)=83.72%
[ 2019-12-18 15:10:23,060][kfold_wrapper.log_eval_metrics] Accuracy(layer_0 - estimator_2 - 3_folds.train_2.predict)=83.72%
[ 2019-12-18 15:10:23,169][kfold_wrapper.log_eval_metrics] Accuracy(layer_0 - estimator_2 - 3_folds.train_cv.predict)=82.04%
[ 2019-12-18 15:10:23,169][kfold_wrapper.log_eval_metrics] Accuracy(layer_0 - estimator_2 - 3_folds.test.predict)=79.31%
[ 2019-12-18 15:10:23,804][kfold_wrapper.log_eval_metrics] Accuracy(layer_0 - estimator_3 - 3_folds.train_0.predict)=79.84%
[ 2019-12-18 15:10:24,428][kfold_wrapper.log_eval_metrics] Accuracy(layer_0 - estimator_3 - 3_folds.train_1.predict)=82.56%
[ 2019-12-18 15:10:25,076][kfold_wrapper.log_eval_metrics] Accuracy(layer_0 - estimator_3 - 3_folds.train_2.predict)=83.33%
[ 2019-12-18 15:10:25,077][kfold_wrapper.log_eval_metrics] Accuracy(layer_0 - estimator_3 - 3_folds.train_cv.predict)=81.91%
[ 2019-12-18 15:10:25,078][kfold_wrapper.log_eval_metrics] Accuracy(layer_0 - estimator_3 - 3_folds.test.predict)=85.06%
[ 2019-12-18 15:10:25,078][cascade_classifier.calc_accuracy] Accuracy(layer_0 - train.classifier_average)=82.17%
[ 2019-12-18 15:10:25,078][cascade_classifier.calc_accuracy] Accuracy(layer_0 - test.classifier_average)=85.06%
[ 2019-12-18 15:10:25,079][cascade_classifier.fit_transform] [layer=1] look_indexs=[0], X_cur_train.shape=(774, 43), X_cur_test.shape=(87, 43)
[ 2019-12-18 15:10:27,195][kfold_wrapper.log_eval_metrics] Accuracy(layer_1 - estimator_0 - 3_folds.train_0.predict)=87.21%
[ 2019-12-18 15:10:29,725][kfold_wrapper.log_eval_metrics] Accuracy(layer_1 - estimator_0 - 3_folds.train_1.predict)=83.33%
[ 2019-12-18 15:10:32,164][kfold_wrapper.log_eval_metrics] Accuracy(layer_1 - estimator_0 - 3_folds.train_2.predict)=80.62%
[ 2019-12-18 15:10:32,470][kfold_wrapper.log_eval_metrics] Accuracy(layer_1 - estimator_0 - 3_folds.train_cv.predict)=83.72%
[ 2019-12-18 15:10:32,471][kfold_wrapper.log_eval_metrics] Accuracy(layer_1 - estimator_0 - 3_folds.test.predict)=82.76%
[ 2019-12-18 15:10:34,769][kfold_wrapper.log_eval_metrics] Accuracy(layer_1 - estimator_1 - 3_folds.train_0.predict)=81.01%
[ 2019-12-18 15:10:37,365][kfold_wrapper.log_eval_metrics] Accuracy(layer_1 - estimator_1 - 3_folds.train_1.predict)=84.11%
[ 2019-12-18 15:10:39,964][kfold_wrapper.log_eval_metrics] Accuracy(layer_1 - estimator_1 - 3_folds.train_2.predict)=81.78%
[ 2019-12-18 15:10:40,377][kfold_wrapper.log_eval_metrics] Accuracy(layer_1 - estimator_1 - 3_folds.train_cv.predict)=82.30%
[ 2019-12-18 15:10:40,377][kfold_wrapper.log_eval_metrics] Accuracy(layer_1 - estimator_1 - 3_folds.test.predict)=81.61%
[ 2019-12-18 15:10:42,889][kfold_wrapper.log_eval_metrics] Accuracy(layer_1 - estimator_2 - 3_folds.train_0.predict)=79.07%
[ 2019-12-18 15:10:45,522][kfold_wrapper.log_eval_metrics] Accuracy(layer_1 - estimator_2 - 3_folds.train_1.predict)=82.56%
[ 2019-12-18 15:10:48,123][kfold_wrapper.log_eval_metrics] Accuracy(layer_1 - estimator_2 - 3_folds.train_2.predict)=81.01%
[ 2019-12-18 15:10:48,229][kfold_wrapper.log_eval_metrics] Accuracy(layer_1 - estimator_2 - 3_folds.train_cv.predict)=80.88%
[ 2019-12-18 15:10:48,230][kfold_wrapper.log_eval_metrics] Accuracy(layer_1 - estimator_2 - 3_folds.test.predict)=85.06%
[ 2019-12-18 15:10:48,886][kfold_wrapper.log_eval_metrics] Accuracy(layer_1 - estimator_3 - 3_folds.train_0.predict)=80.23%
[ 2019-12-18 15:10:49,564][kfold_wrapper.log_eval_metrics] Accuracy(layer_1 - estimator_3 - 3_folds.train_1.predict)=81.40%
[ 2019-12-18 15:10:50,188][kfold_wrapper.log_eval_metrics] Accuracy(layer_1 - estimator_3 - 3_folds.train_2.predict)=81.40%
[ 2019-12-18 15:10:50,195][kfold_wrapper.log_eval_metrics] Accuracy(layer_1 - estimator_3 - 3_folds.train_cv.predict)=81.01%
[ 2019-12-18 15:10:50,195][kfold_wrapper.log_eval_metrics] Accuracy(layer_1 - estimator_3 - 3_folds.test.predict)=80.46%
[ 2019-12-18 15:10:50,195][cascade_classifier.calc_accuracy] Accuracy(layer_1 - train.classifier_average)=82.82%
[ 2019-12-18 15:10:50,196][cascade_classifier.calc_accuracy] Accuracy(layer_1 - test.classifier_average)=81.61%
[ 2019-12-18 15:10:50,196][cascade_classifier.fit_transform] [layer=2] look_indexs=[0], X_cur_train.shape=(774, 43), X_cur_test.shape=(87, 43)
[ 2019-12-18 15:10:52,300][kfold_wrapper.log_eval_metrics] Accuracy(layer_2 - estimator_0 - 3_folds.train_0.predict)=80.23%
[ 2019-12-18 15:10:54,727][kfold_wrapper.log_eval_metrics] Accuracy(layer_2 - estimator_0 - 3_folds.train_1.predict)=82.56%
[ 2019-12-18 15:10:57,147][kfold_wrapper.log_eval_metrics] Accuracy(layer_2 - estimator_0 - 3_folds.train_2.predict)=79.46%
[ 2019-12-18 15:10:57,456][kfold_wrapper.log_eval_metrics] Accuracy(layer_2 - estimator_0 - 3_folds.train_cv.predict)=80.75%
[ 2019-12-18 15:10:57,456][kfold_wrapper.log_eval_metrics] Accuracy(layer_2 - estimator_0 - 3_folds.test.predict)=82.76%
[ 2019-12-18 15:10:59,772][kfold_wrapper.log_eval_metrics] Accuracy(layer_2 - estimator_1 - 3_folds.train_0.predict)=78.68%
[ 2019-12-18 15:11:02,454][kfold_wrapper.log_eval_metrics] Accuracy(layer_2 - estimator_1 - 3_folds.train_1.predict)=83.33%
[ 2019-12-18 15:11:05,162][kfold_wrapper.log_eval_metrics] Accuracy(layer_2 - estimator_1 - 3_folds.train_2.predict)=79.84%
[ 2019-12-18 15:11:05,473][kfold_wrapper.log_eval_metrics] Accuracy(layer_2 - estimator_1 - 3_folds.train_cv.predict)=80.62%
[ 2019-12-18 15:11:05,473][kfold_wrapper.log_eval_metrics] Accuracy(layer_2 - estimator_1 - 3_folds.test.predict)=82.76%
[ 2019-12-18 15:11:08,047][kfold_wrapper.log_eval_metrics] Accuracy(layer_2 - estimator_2 - 3_folds.train_0.predict)=81.40%
[ 2019-12-18 15:11:10,643][kfold_wrapper.log_eval_metrics] Accuracy(layer_2 - estimator_2 - 3_folds.train_1.predict)=81.40%
[ 2019-12-18 15:11:13,231][kfold_wrapper.log_eval_metrics] Accuracy(layer_2 - estimator_2 - 3_folds.train_2.predict)=80.23%
[ 2019-12-18 15:11:13,339][kfold_wrapper.log_eval_metrics] Accuracy(layer_2 - estimator_2 - 3_folds.train_cv.predict)=81.01%
[ 2019-12-18 15:11:13,339][kfold_wrapper.log_eval_metrics] Accuracy(layer_2 - estimator_2 - 3_folds.test.predict)=80.46%
[ 2019-12-18 15:11:13,998][kfold_wrapper.log_eval_metrics] Accuracy(layer_2 - estimator_3 - 3_folds.train_0.predict)=79.84%
[ 2019-12-18 15:11:14,671][kfold_wrapper.log_eval_metrics] Accuracy(layer_2 - estimator_3 - 3_folds.train_1.predict)=82.95%
[ 2019-12-18 15:11:15,293][kfold_wrapper.log_eval_metrics] Accuracy(layer_2 - estimator_3 - 3_folds.train_2.predict)=77.91%
[ 2019-12-18 15:11:15,302][kfold_wrapper.log_eval_metrics] Accuracy(layer_2 - estimator_3 - 3_folds.train_cv.predict)=80.23%
[ 2019-12-18 15:11:15,302][kfold_wrapper.log_eval_metrics] Accuracy(layer_2 - estimator_3 - 3_folds.test.predict)=82.76%
[ 2019-12-18 15:11:15,302][cascade_classifier.calc_accuracy] Accuracy(layer_2 - train.classifier_average)=80.62%
[ 2019-12-18 15:11:15,302][cascade_classifier.calc_accuracy] Accuracy(layer_2 - test.classifier_average)=81.61%
[ 2019-12-18 15:11:15,303][cascade_classifier.fit_transform] [layer=3] look_indexs=[0], X_cur_train.shape=(774, 43), X_cur_test.shape=(87, 43)
[ 2019-12-18 15:11:17,497][kfold_wrapper.log_eval_metrics] Accuracy(layer_3 - estimator_0 - 3_folds.train_0.predict)=78.68%
[ 2019-12-18 15:11:19,941][kfold_wrapper.log_eval_metrics] Accuracy(layer_3 - estimator_0 - 3_folds.train_1.predict)=84.11%
[ 2019-12-18 15:11:22,367][kfold_wrapper.log_eval_metrics] Accuracy(layer_3 - estimator_0 - 3_folds.train_2.predict)=80.62%
[ 2019-12-18 15:11:22,676][kfold_wrapper.log_eval_metrics] Accuracy(layer_3 - estimator_0 - 3_folds.train_cv.predict)=81.14%
[ 2019-12-18 15:11:22,676][kfold_wrapper.log_eval_metrics] Accuracy(layer_3 - estimator_0 - 3_folds.test.predict)=80.46%
[ 2019-12-18 15:11:24,963][kfold_wrapper.log_eval_metrics] Accuracy(layer_3 - estimator_1 - 3_folds.train_0.predict)=82.17%
[ 2019-12-18 15:11:27,547][kfold_wrapper.log_eval_metrics] Accuracy(layer_3 - estimator_1 - 3_folds.train_1.predict)=83.33%
[ 2019-12-18 15:11:30,154][kfold_wrapper.log_eval_metrics] Accuracy(layer_3 - estimator_1 - 3_folds.train_2.predict)=80.62%
[ 2019-12-18 15:11:30,463][kfold_wrapper.log_eval_metrics] Accuracy(layer_3 - estimator_1 - 3_folds.train_cv.predict)=82.04%
[ 2019-12-18 15:11:30,463][kfold_wrapper.log_eval_metrics] Accuracy(layer_3 - estimator_1 - 3_folds.test.predict)=80.46%
[ 2019-12-18 15:11:32,949][kfold_wrapper.log_eval_metrics] Accuracy(layer_3 - estimator_2 - 3_folds.train_0.predict)=80.23%
[ 2019-12-18 15:11:35,543][kfold_wrapper.log_eval_metrics] Accuracy(layer_3 - estimator_2 - 3_folds.train_1.predict)=79.07%
[ 2019-12-18 15:11:38,123][kfold_wrapper.log_eval_metrics] Accuracy(layer_3 - estimator_2 - 3_folds.train_2.predict)=79.46%
[ 2019-12-18 15:11:38,228][kfold_wrapper.log_eval_metrics] Accuracy(layer_3 - estimator_2 - 3_folds.train_cv.predict)=79.59%
[ 2019-12-18 15:11:38,228][kfold_wrapper.log_eval_metrics] Accuracy(layer_3 - estimator_2 - 3_folds.test.predict)=79.31%
[ 2019-12-18 15:11:38,876][kfold_wrapper.log_eval_metrics] Accuracy(layer_3 - estimator_3 - 3_folds.train_0.predict)=82.17%
[ 2019-12-18 15:11:39,510][kfold_wrapper.log_eval_metrics] Accuracy(layer_3 - estimator_3 - 3_folds.train_1.predict)=78.29%
[ 2019-12-18 15:11:40,179][kfold_wrapper.log_eval_metrics] Accuracy(layer_3 - estimator_3 - 3_folds.train_2.predict)=82.17%
[ 2019-12-18 15:11:40,181][kfold_wrapper.log_eval_metrics] Accuracy(layer_3 - estimator_3 - 3_folds.train_cv.predict)=80.88%
[ 2019-12-18 15:11:40,182][kfold_wrapper.log_eval_metrics] Accuracy(layer_3 - estimator_3 - 3_folds.test.predict)=83.91%
[ 2019-12-18 15:11:40,182][cascade_classifier.calc_accuracy] Accuracy(layer_3 - train.classifier_average)=81.91%
[ 2019-12-18 15:11:40,182][cascade_classifier.calc_accuracy] Accuracy(layer_3 - test.classifier_average)=82.76%
[ 2019-12-18 15:11:40,183][cascade_classifier.fit_transform] [layer=4] look_indexs=[0], X_cur_train.shape=(774, 43), X_cur_test.shape=(87, 43)
[ 2019-12-18 15:11:42,307][kfold_wrapper.log_eval_metrics] Accuracy(layer_4 - estimator_0 - 3_folds.train_0.predict)=81.78%
[ 2019-12-18 15:11:44,828][kfold_wrapper.log_eval_metrics] Accuracy(layer_4 - estimator_0 - 3_folds.train_1.predict)=83.33%
[ 2019-12-18 15:11:47,347][kfold_wrapper.log_eval_metrics] Accuracy(layer_4 - estimator_0 - 3_folds.train_2.predict)=82.95%
[ 2019-12-18 15:11:47,660][kfold_wrapper.log_eval_metrics] Accuracy(layer_4 - estimator_0 - 3_folds.train_cv.predict)=82.69%
[ 2019-12-18 15:11:47,660][kfold_wrapper.log_eval_metrics] Accuracy(layer_4 - estimator_0 - 3_folds.test.predict)=83.91%
[ 2019-12-18 15:11:49,953][kfold_wrapper.log_eval_metrics] Accuracy(layer_4 - estimator_1 - 3_folds.train_0.predict)=80.23%
[ 2019-12-18 15:11:52,563][kfold_wrapper.log_eval_metrics] Accuracy(layer_4 - estimator_1 - 3_folds.train_1.predict)=81.40%
[ 2019-12-18 15:11:55,176][kfold_wrapper.log_eval_metrics] Accuracy(layer_4 - estimator_1 - 3_folds.train_2.predict)=83.72%
[ 2019-12-18 15:11:55,499][kfold_wrapper.log_eval_metrics] Accuracy(layer_4 - estimator_1 - 3_folds.train_cv.predict)=81.78%
[ 2019-12-18 15:11:55,499][kfold_wrapper.log_eval_metrics] Accuracy(layer_4 - estimator_1 - 3_folds.test.predict)=79.31%
[ 2019-12-18 15:11:57,985][kfold_wrapper.log_eval_metrics] Accuracy(layer_4 - estimator_2 - 3_folds.train_0.predict)=82.95%
[ 2019-12-18 15:12:00,601][kfold_wrapper.log_eval_metrics] Accuracy(layer_4 - estimator_2 - 3_folds.train_1.predict)=82.17%
[ 2019-12-18 15:12:03,214][kfold_wrapper.log_eval_metrics] Accuracy(layer_4 - estimator_2 - 3_folds.train_2.predict)=74.81%
[ 2019-12-18 15:12:03,323][kfold_wrapper.log_eval_metrics] Accuracy(layer_4 - estimator_2 - 3_folds.train_cv.predict)=79.97%
[ 2019-12-18 15:12:03,324][kfold_wrapper.log_eval_metrics] Accuracy(layer_4 - estimator_2 - 3_folds.test.predict)=80.46%
[ 2019-12-18 15:12:03,973][kfold_wrapper.log_eval_metrics] Accuracy(layer_4 - estimator_3 - 3_folds.train_0.predict)=80.62%
[ 2019-12-18 15:12:04,620][kfold_wrapper.log_eval_metrics] Accuracy(layer_4 - estimator_3 - 3_folds.train_1.predict)=79.46%
[ 2019-12-18 15:12:05,304][kfold_wrapper.log_eval_metrics] Accuracy(layer_4 - estimator_3 - 3_folds.train_2.predict)=86.05%
[ 2019-12-18 15:12:05,306][kfold_wrapper.log_eval_metrics] Accuracy(layer_4 - estimator_3 - 3_folds.train_cv.predict)=82.04%
[ 2019-12-18 15:12:05,307][kfold_wrapper.log_eval_metrics] Accuracy(layer_4 - estimator_3 - 3_folds.test.predict)=85.06%
[ 2019-12-18 15:12:05,307][cascade_classifier.calc_accuracy] Accuracy(layer_4 - train.classifier_average)=82.69%
[ 2019-12-18 15:12:05,308][cascade_classifier.calc_accuracy] Accuracy(layer_4 - test.classifier_average)=83.91%
[ 2019-12-18 15:12:05,308][cascade_classifier.fit_transform] [Result][Optimal Level Detected] opt_layer_num=2, accuracy_train=82.82%, accuracy_test=81.61%
[ 2019-12-18 15:12:05,337][cascade_classifier.transform] X_groups_test.shape=[(87, 35)]
[ 2019-12-18 15:12:05,337][cascade_classifier.transform] group_dims=[35]
[ 2019-12-18 15:12:05,338][cascade_classifier.transform] X_test.shape=(87, 35)
[ 2019-12-18 15:12:05,338][cascade_classifier.transform] [layer=0] look_indexs=[0], X_cur_test.shape=(87, 35)
[ 2019-12-18 15:12:07,609][cascade_classifier.transform] [layer=1] look_indexs=[0], X_cur_test.shape=(87, 43)
[ 2019-12-18 15:12:09,801][cascade_classifier.transform] X_groups_test.shape=[(87, 35)]
[ 2019-12-18 15:12:09,801][cascade_classifier.transform] group_dims=[35]
[ 2019-12-18 15:12:09,801][cascade_classifier.transform] X_test.shape=(87, 35)
[ 2019-12-18 15:12:09,801][cascade_classifier.transform] [layer=0] look_indexs=[0], X_cur_test.shape=(87, 35)
[ 2019-12-18 15:12:11,992][cascade_classifier.transform] [layer=1] look_indexs=[0], X_cur_test.shape=(87, 43)
[ 2019-12-18 15:12:14,311][cascade_classifier.fit_transform] X_groups_train.shape=[(774, 35)],y_train.shape=(774,),X_groups_test.shape=[(87, 35)],y_test.shape=(87,)
[ 2019-12-18 15:12:14,312][cascade_classifier.fit_transform] group_dims=[35]
[ 2019-12-18 15:12:14,312][cascade_classifier.fit_transform] group_starts=[0]
[ 2019-12-18 15:12:14,312][cascade_classifier.fit_transform] group_ends=[35]
[ 2019-12-18 15:12:14,312][cascade_classifier.fit_transform] X_train.shape=(774, 35),X_test.shape=(87, 35)
[ 2019-12-18 15:12:14,314][cascade_classifier.fit_transform] [layer=0] look_indexs=[0], X_cur_train.shape=(774, 35), X_cur_test.shape=(87, 35)
[ 2019-12-18 15:12:16,450][kfold_wrapper.log_eval_metrics] Accuracy(layer_0 - estimator_0 - 3_folds.train_0.predict)=84.11%
[ 2019-12-18 15:12:18,866][kfold_wrapper.log_eval_metrics] Accuracy(layer_0 - estimator_0 - 3_folds.train_1.predict)=81.78%
[ 2019-12-18 15:12:21,497][kfold_wrapper.log_eval_metrics] Accuracy(layer_0 - estimator_0 - 3_folds.train_2.predict)=82.17%
[ 2019-12-18 15:12:21,808][kfold_wrapper.log_eval_metrics] Accuracy(layer_0 - estimator_0 - 3_folds.train_cv.predict)=82.69%
[ 2019-12-18 15:12:21,809][kfold_wrapper.log_eval_metrics] Accuracy(layer_0 - estimator_0 - 3_folds.test.predict)=82.76%
[ 2019-12-18 15:12:24,101][kfold_wrapper.log_eval_metrics] Accuracy(layer_0 - estimator_1 - 3_folds.train_0.predict)=80.23%
[ 2019-12-18 15:12:26,695][kfold_wrapper.log_eval_metrics] Accuracy(layer_0 - estimator_1 - 3_folds.train_1.predict)=80.62%
[ 2019-12-18 15:12:29,296][kfold_wrapper.log_eval_metrics] Accuracy(layer_0 - estimator_1 - 3_folds.train_2.predict)=82.56%
[ 2019-12-18 15:12:29,604][kfold_wrapper.log_eval_metrics] Accuracy(layer_0 - estimator_1 - 3_folds.train_cv.predict)=81.14%
[ 2019-12-18 15:12:29,605][kfold_wrapper.log_eval_metrics] Accuracy(layer_0 - estimator_1 - 3_folds.test.predict)=83.91%
[ 2019-12-18 15:12:31,904][kfold_wrapper.log_eval_metrics] Accuracy(layer_0 - estimator_2 - 3_folds.train_0.predict)=79.46%
[ 2019-12-18 15:12:34,327][kfold_wrapper.log_eval_metrics] Accuracy(layer_0 - estimator_2 - 3_folds.train_1.predict)=82.17%
[ 2019-12-18 15:12:36,746][kfold_wrapper.log_eval_metrics] Accuracy(layer_0 - estimator_2 - 3_folds.train_2.predict)=77.91%
[ 2019-12-18 15:12:36,848][kfold_wrapper.log_eval_metrics] Accuracy(layer_0 - estimator_2 - 3_folds.train_cv.predict)=79.84%
[ 2019-12-18 15:12:36,849][kfold_wrapper.log_eval_metrics] Accuracy(layer_0 - estimator_2 - 3_folds.test.predict)=83.91%
[ 2019-12-18 15:12:37,449][kfold_wrapper.log_eval_metrics] Accuracy(layer_0 - estimator_3 - 3_folds.train_0.predict)=79.84%
[ 2019-12-18 15:12:38,129][kfold_wrapper.log_eval_metrics] Accuracy(layer_0 - estimator_3 - 3_folds.train_1.predict)=81.40%
[ 2019-12-18 15:12:38,752][kfold_wrapper.log_eval_metrics] Accuracy(layer_0 - estimator_3 - 3_folds.train_2.predict)=77.13%
[ 2019-12-18 15:12:38,754][kfold_wrapper.log_eval_metrics] Accuracy(layer_0 - estimator_3 - 3_folds.train_cv.predict)=79.46%
[ 2019-12-18 15:12:38,754][kfold_wrapper.log_eval_metrics] Accuracy(layer_0 - estimator_3 - 3_folds.test.predict)=82.76%
[ 2019-12-18 15:12:38,754][cascade_classifier.calc_accuracy] Accuracy(layer_0 - train.classifier_average)=80.75%
[ 2019-12-18 15:12:38,755][cascade_classifier.calc_accuracy] Accuracy(layer_0 - test.classifier_average)=83.91%
[ 2019-12-18 15:12:38,755][cascade_classifier.fit_transform] [layer=1] look_indexs=[0], X_cur_train.shape=(774, 43), X_cur_test.shape=(87, 43)
