[ 2019-12-16 18:59:48,876][cascade_classifier.fit_transform] X_groups_train.shape=[(774, 1, 358, 1)],y_train.shape=(774,),X_groups_test.shape=[(87, 1, 358, 1)],y_test.shape=(87,)
[ 2019-12-16 18:59:48,877][cascade_classifier.fit_transform] group_dims=[358]
[ 2019-12-16 18:59:48,877][cascade_classifier.fit_transform] group_starts=[0]
[ 2019-12-16 18:59:48,878][cascade_classifier.fit_transform] group_ends=[358]
[ 2019-12-16 18:59:48,878][cascade_classifier.fit_transform] X_train.shape=(774, 358),X_test.shape=(87, 358)
[ 2019-12-16 18:59:48,879][cascade_classifier.fit_transform] [layer=0] look_indexs=[0], X_cur_train.shape=(774, 358), X_cur_test.shape=(87, 358)
[ 2019-12-16 18:59:54,026][kfold_wrapper.log_eval_metrics] Accuracy(layer_0 - estimator_0 - 5_folds.train_0.predict)=75.64%
[ 2019-12-16 18:59:59,532][kfold_wrapper.log_eval_metrics] Accuracy(layer_0 - estimator_0 - 5_folds.train_1.predict)=75.64%
[ 2019-12-16 19:00:06,151][kfold_wrapper.log_eval_metrics] Accuracy(layer_0 - estimator_0 - 5_folds.train_2.predict)=74.68%
[ 2019-12-16 19:00:11,247][kfold_wrapper.log_eval_metrics] Accuracy(layer_0 - estimator_0 - 5_folds.train_3.predict)=78.57%
[ 2019-12-16 19:00:17,537][kfold_wrapper.log_eval_metrics] Accuracy(layer_0 - estimator_0 - 5_folds.train_4.predict)=80.52%
[ 2019-12-16 19:00:17,539][kfold_wrapper.log_eval_metrics] Accuracy(layer_0 - estimator_0 - 5_folds.train_cv.predict)=77.00%
[ 2019-12-16 19:00:17,540][kfold_wrapper.log_eval_metrics] Accuracy(layer_0 - estimator_0 - 5_folds.test.predict)=77.01%
[ 2019-12-16 19:00:18,953][kfold_wrapper.log_eval_metrics] Accuracy(layer_0 - estimator_1 - 3_folds.train_0.predict)=78.76%
[ 2019-12-16 19:00:20,678][kfold_wrapper.log_eval_metrics] Accuracy(layer_0 - estimator_1 - 3_folds.train_1.predict)=82.95%
[ 2019-12-16 19:00:22,304][kfold_wrapper.log_eval_metrics] Accuracy(layer_0 - estimator_1 - 3_folds.train_2.predict)=80.16%
[ 2019-12-16 19:00:22,517][kfold_wrapper.log_eval_metrics] Accuracy(layer_0 - estimator_1 - 3_folds.train_cv.predict)=80.62%
[ 2019-12-16 19:00:22,517][kfold_wrapper.log_eval_metrics] Accuracy(layer_0 - estimator_1 - 3_folds.test.predict)=86.21%
[ 2019-12-16 19:00:24,156][kfold_wrapper.log_eval_metrics] Accuracy(layer_0 - estimator_2 - 3_folds.train_0.predict)=80.31%
[ 2019-12-16 19:00:25,991][kfold_wrapper.log_eval_metrics] Accuracy(layer_0 - estimator_2 - 3_folds.train_1.predict)=79.07%
[ 2019-12-16 19:00:27,855][kfold_wrapper.log_eval_metrics] Accuracy(layer_0 - estimator_2 - 3_folds.train_2.predict)=82.49%
[ 2019-12-16 19:00:28,062][kfold_wrapper.log_eval_metrics] Accuracy(layer_0 - estimator_2 - 3_folds.train_cv.predict)=80.62%
[ 2019-12-16 19:00:28,063][kfold_wrapper.log_eval_metrics] Accuracy(layer_0 - estimator_2 - 3_folds.test.predict)=85.06%
