[ 2019-12-10 08:26:39,872][cascade_classifier.fit_transform] X_groups_train.shape=[(774, 358)],y_train.shape=(774,),X_groups_test.shape=[(87, 358)],y_test.shape=(87,)
[ 2019-12-10 08:26:39,873][cascade_classifier.fit_transform] group_dims=[358]
[ 2019-12-10 08:26:39,873][cascade_classifier.fit_transform] group_starts=[0]
[ 2019-12-10 08:26:39,874][cascade_classifier.fit_transform] group_ends=[358]
[ 2019-12-10 08:26:39,874][cascade_classifier.fit_transform] X_train.shape=(774, 358),X_test.shape=(87, 358)
[ 2019-12-10 08:26:39,877][cascade_classifier.fit_transform] [layer=0] look_indexs=[0], X_cur_train.shape=(774, 358), X_cur_test.shape=(87, 358)
[ 2019-12-10 08:26:42,148][kfold_wrapper.log_eval_metrics] Accuracy(layer_0 - estimator_0 - 5_folds.train_0.predict)=87.82%
[ 2019-12-10 08:26:44,146][kfold_wrapper.log_eval_metrics] Accuracy(layer_0 - estimator_0 - 5_folds.train_1.predict)=81.29%
[ 2019-12-10 08:26:46,127][kfold_wrapper.log_eval_metrics] Accuracy(layer_0 - estimator_0 - 5_folds.train_2.predict)=76.13%
[ 2019-12-10 08:26:48,046][kfold_wrapper.log_eval_metrics] Accuracy(layer_0 - estimator_0 - 5_folds.train_3.predict)=81.82%
[ 2019-12-10 08:26:50,115][kfold_wrapper.log_eval_metrics] Accuracy(layer_0 - estimator_0 - 5_folds.train_4.predict)=83.77%
[ 2019-12-10 08:26:50,117][kfold_wrapper.log_eval_metrics] Accuracy(layer_0 - estimator_0 - 5_folds.train_cv.predict)=82.17%
[ 2019-12-10 08:26:50,117][kfold_wrapper.log_eval_metrics] Accuracy(layer_0 - estimator_0 - 5_folds.test.predict)=86.21%
[ 2019-12-10 08:26:52,680][kfold_wrapper.log_eval_metrics] Accuracy(layer_0 - estimator_1 - 5_folds.train_0.predict)=83.97%
[ 2019-12-10 08:26:55,735][kfold_wrapper.log_eval_metrics] Accuracy(layer_0 - estimator_1 - 5_folds.train_1.predict)=78.06%
[ 2019-12-10 08:26:58,950][kfold_wrapper.log_eval_metrics] Accuracy(layer_0 - estimator_1 - 5_folds.train_2.predict)=79.35%
[ 2019-12-10 08:27:02,090][kfold_wrapper.log_eval_metrics] Accuracy(layer_0 - estimator_1 - 5_folds.train_3.predict)=81.17%
[ 2019-12-10 08:27:04,977][kfold_wrapper.log_eval_metrics] Accuracy(layer_0 - estimator_1 - 5_folds.train_4.predict)=79.22%
[ 2019-12-10 08:27:05,285][kfold_wrapper.log_eval_metrics] Accuracy(layer_0 - estimator_1 - 5_folds.train_cv.predict)=80.36%
[ 2019-12-10 08:27:05,286][kfold_wrapper.log_eval_metrics] Accuracy(layer_0 - estimator_1 - 5_folds.test.predict)=87.36%
[ 2019-12-10 08:27:07,553][kfold_wrapper.log_eval_metrics] Accuracy(layer_0 - estimator_2 - 5_folds.train_0.predict)=85.26%
[ 2019-12-10 08:27:10,145][kfold_wrapper.log_eval_metrics] Accuracy(layer_0 - estimator_2 - 5_folds.train_1.predict)=81.29%
[ 2019-12-10 08:27:12,824][kfold_wrapper.log_eval_metrics] Accuracy(layer_0 - estimator_2 - 5_folds.train_2.predict)=81.29%
[ 2019-12-10 08:27:15,486][kfold_wrapper.log_eval_metrics] Accuracy(layer_0 - estimator_2 - 5_folds.train_3.predict)=81.82%
[ 2019-12-10 08:27:18,065][kfold_wrapper.log_eval_metrics] Accuracy(layer_0 - estimator_2 - 5_folds.train_4.predict)=80.52%
[ 2019-12-10 08:27:18,373][kfold_wrapper.log_eval_metrics] Accuracy(layer_0 - estimator_2 - 5_folds.train_cv.predict)=82.04%
[ 2019-12-10 08:27:18,373][kfold_wrapper.log_eval_metrics] Accuracy(layer_0 - estimator_2 - 5_folds.test.predict)=88.51%
[ 2019-12-10 08:27:18,373][cascade_classifier.calc_accuracy] Accuracy(layer_0 - train.classifier_average)=82.82%
[ 2019-12-10 08:27:18,373][cascade_classifier.calc_accuracy] Accuracy(layer_0 - test.classifier_average)=86.21%
[ 2019-12-10 08:27:18,376][cascade_classifier.fit_transform] [layer=1] look_indexs=[0], X_cur_train.shape=(774, 364), X_cur_test.shape=(87, 364)
