[ 2019-12-16 17:38:18,578][cascade_classifier.fit_transform] X_groups_train.shape=[(774, 1, 358, 1)],y_train.shape=(774,),X_groups_test.shape=[(87, 1, 358, 1)],y_test.shape=(87,)
[ 2019-12-16 17:38:18,579][cascade_classifier.fit_transform] group_dims=[358]
[ 2019-12-16 17:38:18,579][cascade_classifier.fit_transform] group_starts=[0]
[ 2019-12-16 17:38:18,580][cascade_classifier.fit_transform] group_ends=[358]
[ 2019-12-16 17:38:18,580][cascade_classifier.fit_transform] X_train.shape=(774, 358),X_test.shape=(87, 358)
[ 2019-12-16 17:38:18,582][cascade_classifier.fit_transform] [layer=0] look_indexs=[0], X_cur_train.shape=(774, 358), X_cur_test.shape=(87, 358)
[ 2019-12-16 17:38:20,904][kfold_wrapper.log_eval_metrics] Accuracy(layer_0 - estimator_0 - 3_folds.train_0.predict)=78.38%
[ 2019-12-16 17:38:23,473][kfold_wrapper.log_eval_metrics] Accuracy(layer_0 - estimator_0 - 3_folds.train_1.predict)=81.40%
[ 2019-12-16 17:38:26,010][kfold_wrapper.log_eval_metrics] Accuracy(layer_0 - estimator_0 - 3_folds.train_2.predict)=82.49%
[ 2019-12-16 17:38:26,321][kfold_wrapper.log_eval_metrics] Accuracy(layer_0 - estimator_0 - 3_folds.train_cv.predict)=80.75%
[ 2019-12-16 17:38:26,321][kfold_wrapper.log_eval_metrics] Accuracy(layer_0 - estimator_0 - 3_folds.test.predict)=85.06%
[ 2019-12-16 17:38:28,752][kfold_wrapper.log_eval_metrics] Accuracy(layer_0 - estimator_1 - 3_folds.train_0.predict)=81.85%
[ 2019-12-16 17:38:31,619][kfold_wrapper.log_eval_metrics] Accuracy(layer_0 - estimator_1 - 3_folds.train_1.predict)=77.52%
[ 2019-12-16 17:38:34,480][kfold_wrapper.log_eval_metrics] Accuracy(layer_0 - estimator_1 - 3_folds.train_2.predict)=82.10%
[ 2019-12-16 17:38:34,795][kfold_wrapper.log_eval_metrics] Accuracy(layer_0 - estimator_1 - 3_folds.train_cv.predict)=80.49%
[ 2019-12-16 17:38:34,796][kfold_wrapper.log_eval_metrics] Accuracy(layer_0 - estimator_1 - 3_folds.test.predict)=83.91%
[ 2019-12-16 17:38:42,409][kfold_wrapper.log_eval_metrics] Accuracy(layer_0 - estimator_2 - 3_folds.train_0.predict)=79.54%
[ 2019-12-16 17:38:49,851][kfold_wrapper.log_eval_metrics] Accuracy(layer_0 - estimator_2 - 3_folds.train_1.predict)=79.46%
[ 2019-12-16 17:38:57,276][kfold_wrapper.log_eval_metrics] Accuracy(layer_0 - estimator_2 - 3_folds.train_2.predict)=82.49%
[ 2019-12-16 17:38:57,391][kfold_wrapper.log_eval_metrics] Accuracy(layer_0 - estimator_2 - 3_folds.train_cv.predict)=80.49%
[ 2019-12-16 17:38:57,392][kfold_wrapper.log_eval_metrics] Accuracy(layer_0 - estimator_2 - 3_folds.test.predict)=86.21%
[ 2019-12-16 17:38:57,392][cascade_classifier.calc_accuracy] Accuracy(layer_0 - train.classifier_average)=80.88%
[ 2019-12-16 17:38:57,392][cascade_classifier.calc_accuracy] Accuracy(layer_0 - test.classifier_average)=85.06%
[ 2019-12-16 17:38:57,394][cascade_classifier.fit_transform] [layer=1] look_indexs=[0], X_cur_train.shape=(774, 364), X_cur_test.shape=(87, 364)
[ 2019-12-16 17:38:59,630][kfold_wrapper.log_eval_metrics] Accuracy(layer_1 - estimator_0 - 3_folds.train_0.predict)=83.40%
[ 2019-12-16 17:39:02,208][kfold_wrapper.log_eval_metrics] Accuracy(layer_1 - estimator_0 - 3_folds.train_1.predict)=78.29%
[ 2019-12-16 17:39:04,919][kfold_wrapper.log_eval_metrics] Accuracy(layer_1 - estimator_0 - 3_folds.train_2.predict)=82.49%
[ 2019-12-16 17:39:05,230][kfold_wrapper.log_eval_metrics] Accuracy(layer_1 - estimator_0 - 3_folds.train_cv.predict)=81.40%
[ 2019-12-16 17:39:05,230][kfold_wrapper.log_eval_metrics] Accuracy(layer_1 - estimator_0 - 3_folds.test.predict)=83.91%
[ 2019-12-16 17:39:07,631][kfold_wrapper.log_eval_metrics] Accuracy(layer_1 - estimator_1 - 3_folds.train_0.predict)=85.71%
[ 2019-12-16 17:39:10,380][kfold_wrapper.log_eval_metrics] Accuracy(layer_1 - estimator_1 - 3_folds.train_1.predict)=79.84%
[ 2019-12-16 17:39:13,100][kfold_wrapper.log_eval_metrics] Accuracy(layer_1 - estimator_1 - 3_folds.train_2.predict)=80.54%
[ 2019-12-16 17:39:13,412][kfold_wrapper.log_eval_metrics] Accuracy(layer_1 - estimator_1 - 3_folds.train_cv.predict)=82.04%
[ 2019-12-16 17:39:13,412][kfold_wrapper.log_eval_metrics] Accuracy(layer_1 - estimator_1 - 3_folds.test.predict)=86.21%
[ 2019-12-16 17:39:20,878][kfold_wrapper.log_eval_metrics] Accuracy(layer_1 - estimator_2 - 3_folds.train_0.predict)=80.31%
[ 2019-12-16 17:39:28,413][kfold_wrapper.log_eval_metrics] Accuracy(layer_1 - estimator_2 - 3_folds.train_1.predict)=81.01%
[ 2019-12-16 17:39:35,946][kfold_wrapper.log_eval_metrics] Accuracy(layer_1 - estimator_2 - 3_folds.train_2.predict)=81.32%
[ 2019-12-16 17:39:36,061][kfold_wrapper.log_eval_metrics] Accuracy(layer_1 - estimator_2 - 3_folds.train_cv.predict)=80.88%
[ 2019-12-16 17:39:36,062][kfold_wrapper.log_eval_metrics] Accuracy(layer_1 - estimator_2 - 3_folds.test.predict)=85.06%
[ 2019-12-16 17:39:36,062][cascade_classifier.calc_accuracy] Accuracy(layer_1 - train.classifier_average)=81.14%
[ 2019-12-16 17:39:36,062][cascade_classifier.calc_accuracy] Accuracy(layer_1 - test.classifier_average)=85.06%
[ 2019-12-16 17:39:36,071][cascade_classifier.fit_transform] [layer=2] look_indexs=[0], X_cur_train.shape=(774, 364), X_cur_test.shape=(87, 364)
[ 2019-12-16 17:39:38,307][kfold_wrapper.log_eval_metrics] Accuracy(layer_2 - estimator_0 - 3_folds.train_0.predict)=84.56%
[ 2019-12-16 17:39:40,866][kfold_wrapper.log_eval_metrics] Accuracy(layer_2 - estimator_0 - 3_folds.train_1.predict)=82.56%
[ 2019-12-16 17:39:43,399][kfold_wrapper.log_eval_metrics] Accuracy(layer_2 - estimator_0 - 3_folds.train_2.predict)=78.99%
[ 2019-12-16 17:39:43,709][kfold_wrapper.log_eval_metrics] Accuracy(layer_2 - estimator_0 - 3_folds.train_cv.predict)=82.04%
[ 2019-12-16 17:39:43,710][kfold_wrapper.log_eval_metrics] Accuracy(layer_2 - estimator_0 - 3_folds.test.predict)=85.06%
[ 2019-12-16 17:39:46,128][kfold_wrapper.log_eval_metrics] Accuracy(layer_2 - estimator_1 - 3_folds.train_0.predict)=79.92%
[ 2019-12-16 17:39:48,883][kfold_wrapper.log_eval_metrics] Accuracy(layer_2 - estimator_1 - 3_folds.train_1.predict)=78.29%
[ 2019-12-16 17:39:51,627][kfold_wrapper.log_eval_metrics] Accuracy(layer_2 - estimator_1 - 3_folds.train_2.predict)=81.32%
[ 2019-12-16 17:39:51,949][kfold_wrapper.log_eval_metrics] Accuracy(layer_2 - estimator_1 - 3_folds.train_cv.predict)=79.84%
[ 2019-12-16 17:39:51,950][kfold_wrapper.log_eval_metrics] Accuracy(layer_2 - estimator_1 - 3_folds.test.predict)=85.06%
[ 2019-12-16 17:39:59,513][kfold_wrapper.log_eval_metrics] Accuracy(layer_2 - estimator_2 - 3_folds.train_0.predict)=81.08%
[ 2019-12-16 17:40:07,225][kfold_wrapper.log_eval_metrics] Accuracy(layer_2 - estimator_2 - 3_folds.train_1.predict)=78.68%
[ 2019-12-16 17:40:14,869][kfold_wrapper.log_eval_metrics] Accuracy(layer_2 - estimator_2 - 3_folds.train_2.predict)=78.60%
[ 2019-12-16 17:40:14,983][kfold_wrapper.log_eval_metrics] Accuracy(layer_2 - estimator_2 - 3_folds.train_cv.predict)=79.46%
[ 2019-12-16 17:40:14,984][kfold_wrapper.log_eval_metrics] Accuracy(layer_2 - estimator_2 - 3_folds.test.predict)=85.06%
[ 2019-12-16 17:40:14,984][cascade_classifier.calc_accuracy] Accuracy(layer_2 - train.classifier_average)=80.75%
[ 2019-12-16 17:40:14,984][cascade_classifier.calc_accuracy] Accuracy(layer_2 - test.classifier_average)=85.06%
[ 2019-12-16 17:40:14,986][cascade_classifier.fit_transform] [layer=3] look_indexs=[0], X_cur_train.shape=(774, 364), X_cur_test.shape=(87, 364)
[ 2019-12-16 17:40:17,365][kfold_wrapper.log_eval_metrics] Accuracy(layer_3 - estimator_0 - 3_folds.train_0.predict)=82.63%
[ 2019-12-16 17:40:19,930][kfold_wrapper.log_eval_metrics] Accuracy(layer_3 - estimator_0 - 3_folds.train_1.predict)=80.23%
[ 2019-12-16 17:40:22,540][kfold_wrapper.log_eval_metrics] Accuracy(layer_3 - estimator_0 - 3_folds.train_2.predict)=82.10%
[ 2019-12-16 17:40:22,849][kfold_wrapper.log_eval_metrics] Accuracy(layer_3 - estimator_0 - 3_folds.train_cv.predict)=81.65%
[ 2019-12-16 17:40:22,850][kfold_wrapper.log_eval_metrics] Accuracy(layer_3 - estimator_0 - 3_folds.test.predict)=83.91%
[ 2019-12-16 17:40:25,251][kfold_wrapper.log_eval_metrics] Accuracy(layer_3 - estimator_1 - 3_folds.train_0.predict)=77.22%
[ 2019-12-16 17:40:28,309][kfold_wrapper.log_eval_metrics] Accuracy(layer_3 - estimator_1 - 3_folds.train_1.predict)=78.29%
[ 2019-12-16 17:40:31,209][kfold_wrapper.log_eval_metrics] Accuracy(layer_3 - estimator_1 - 3_folds.train_2.predict)=84.82%
[ 2019-12-16 17:40:31,522][kfold_wrapper.log_eval_metrics] Accuracy(layer_3 - estimator_1 - 3_folds.train_cv.predict)=80.10%
[ 2019-12-16 17:40:31,523][kfold_wrapper.log_eval_metrics] Accuracy(layer_3 - estimator_1 - 3_folds.test.predict)=83.91%
[ 2019-12-16 17:40:39,168][kfold_wrapper.log_eval_metrics] Accuracy(layer_3 - estimator_2 - 3_folds.train_0.predict)=78.76%
[ 2019-12-16 17:40:46,852][kfold_wrapper.log_eval_metrics] Accuracy(layer_3 - estimator_2 - 3_folds.train_1.predict)=78.29%
[ 2019-12-16 17:40:55,420][kfold_wrapper.log_eval_metrics] Accuracy(layer_3 - estimator_2 - 3_folds.train_2.predict)=80.93%
[ 2019-12-16 17:40:55,540][kfold_wrapper.log_eval_metrics] Accuracy(layer_3 - estimator_2 - 3_folds.train_cv.predict)=79.33%
[ 2019-12-16 17:40:55,540][kfold_wrapper.log_eval_metrics] Accuracy(layer_3 - estimator_2 - 3_folds.test.predict)=85.06%
[ 2019-12-16 17:40:55,541][cascade_classifier.calc_accuracy] Accuracy(layer_3 - train.classifier_average)=81.27%
[ 2019-12-16 17:40:55,541][cascade_classifier.calc_accuracy] Accuracy(layer_3 - test.classifier_average)=83.91%
[ 2019-12-16 17:40:55,543][cascade_classifier.fit_transform] [layer=4] look_indexs=[0], X_cur_train.shape=(774, 364), X_cur_test.shape=(87, 364)
[ 2019-12-16 17:40:57,935][kfold_wrapper.log_eval_metrics] Accuracy(layer_4 - estimator_0 - 3_folds.train_0.predict)=82.24%
[ 2019-12-16 17:41:00,825][kfold_wrapper.log_eval_metrics] Accuracy(layer_4 - estimator_0 - 3_folds.train_1.predict)=81.01%
[ 2019-12-16 17:41:03,536][kfold_wrapper.log_eval_metrics] Accuracy(layer_4 - estimator_0 - 3_folds.train_2.predict)=80.16%
[ 2019-12-16 17:41:03,844][kfold_wrapper.log_eval_metrics] Accuracy(layer_4 - estimator_0 - 3_folds.train_cv.predict)=81.14%
[ 2019-12-16 17:41:03,844][kfold_wrapper.log_eval_metrics] Accuracy(layer_4 - estimator_0 - 3_folds.test.predict)=83.91%
[ 2019-12-16 17:41:06,266][kfold_wrapper.log_eval_metrics] Accuracy(layer_4 - estimator_1 - 3_folds.train_0.predict)=85.33%
[ 2019-12-16 17:41:09,144][kfold_wrapper.log_eval_metrics] Accuracy(layer_4 - estimator_1 - 3_folds.train_1.predict)=80.62%
[ 2019-12-16 17:41:12,169][kfold_wrapper.log_eval_metrics] Accuracy(layer_4 - estimator_1 - 3_folds.train_2.predict)=78.99%
[ 2019-12-16 17:41:12,481][kfold_wrapper.log_eval_metrics] Accuracy(layer_4 - estimator_1 - 3_folds.train_cv.predict)=81.65%
[ 2019-12-16 17:41:12,482][kfold_wrapper.log_eval_metrics] Accuracy(layer_4 - estimator_1 - 3_folds.test.predict)=85.06%
[ 2019-12-16 17:41:20,352][kfold_wrapper.log_eval_metrics] Accuracy(layer_4 - estimator_2 - 3_folds.train_0.predict)=81.08%
[ 2019-12-16 17:41:28,091][kfold_wrapper.log_eval_metrics] Accuracy(layer_4 - estimator_2 - 3_folds.train_1.predict)=78.68%
[ 2019-12-16 17:41:36,302][kfold_wrapper.log_eval_metrics] Accuracy(layer_4 - estimator_2 - 3_folds.train_2.predict)=83.66%
[ 2019-12-16 17:41:36,421][kfold_wrapper.log_eval_metrics] Accuracy(layer_4 - estimator_2 - 3_folds.train_cv.predict)=81.14%
[ 2019-12-16 17:41:36,421][kfold_wrapper.log_eval_metrics] Accuracy(layer_4 - estimator_2 - 3_folds.test.predict)=85.06%
[ 2019-12-16 17:41:36,421][cascade_classifier.calc_accuracy] Accuracy(layer_4 - train.classifier_average)=81.52%
[ 2019-12-16 17:41:36,422][cascade_classifier.calc_accuracy] Accuracy(layer_4 - test.classifier_average)=85.06%
[ 2019-12-16 17:41:36,423][cascade_classifier.fit_transform] [layer=5] look_indexs=[0], X_cur_train.shape=(774, 364), X_cur_test.shape=(87, 364)
[ 2019-12-16 17:41:38,851][kfold_wrapper.log_eval_metrics] Accuracy(layer_5 - estimator_0 - 3_folds.train_0.predict)=82.63%
[ 2019-12-16 17:41:41,508][kfold_wrapper.log_eval_metrics] Accuracy(layer_5 - estimator_0 - 3_folds.train_1.predict)=79.84%
[ 2019-12-16 17:41:44,179][kfold_wrapper.log_eval_metrics] Accuracy(layer_5 - estimator_0 - 3_folds.train_2.predict)=81.71%
[ 2019-12-16 17:41:44,486][kfold_wrapper.log_eval_metrics] Accuracy(layer_5 - estimator_0 - 3_folds.train_cv.predict)=81.40%
[ 2019-12-16 17:41:44,487][kfold_wrapper.log_eval_metrics] Accuracy(layer_5 - estimator_0 - 3_folds.test.predict)=83.91%
[ 2019-12-16 17:41:46,955][kfold_wrapper.log_eval_metrics] Accuracy(layer_5 - estimator_1 - 3_folds.train_0.predict)=81.08%
[ 2019-12-16 17:41:50,250][kfold_wrapper.log_eval_metrics] Accuracy(layer_5 - estimator_1 - 3_folds.train_1.predict)=80.62%
[ 2019-12-16 17:41:53,344][kfold_wrapper.log_eval_metrics] Accuracy(layer_5 - estimator_1 - 3_folds.train_2.predict)=79.38%
[ 2019-12-16 17:41:53,653][kfold_wrapper.log_eval_metrics] Accuracy(layer_5 - estimator_1 - 3_folds.train_cv.predict)=80.36%
[ 2019-12-16 17:41:53,653][kfold_wrapper.log_eval_metrics] Accuracy(layer_5 - estimator_1 - 3_folds.test.predict)=85.06%
[ 2019-12-16 17:42:01,484][kfold_wrapper.log_eval_metrics] Accuracy(layer_5 - estimator_2 - 3_folds.train_0.predict)=82.24%
[ 2019-12-16 17:42:09,077][kfold_wrapper.log_eval_metrics] Accuracy(layer_5 - estimator_2 - 3_folds.train_1.predict)=82.17%
[ 2019-12-16 17:42:16,781][kfold_wrapper.log_eval_metrics] Accuracy(layer_5 - estimator_2 - 3_folds.train_2.predict)=78.21%
[ 2019-12-16 17:42:16,896][kfold_wrapper.log_eval_metrics] Accuracy(layer_5 - estimator_2 - 3_folds.train_cv.predict)=80.88%
[ 2019-12-16 17:42:16,896][kfold_wrapper.log_eval_metrics] Accuracy(layer_5 - estimator_2 - 3_folds.test.predict)=85.06%
[ 2019-12-16 17:42:16,896][cascade_classifier.calc_accuracy] Accuracy(layer_5 - train.classifier_average)=81.01%
[ 2019-12-16 17:42:16,897][cascade_classifier.calc_accuracy] Accuracy(layer_5 - test.classifier_average)=83.91%
[ 2019-12-16 17:42:16,898][cascade_classifier.fit_transform] [layer=6] look_indexs=[0], X_cur_train.shape=(774, 364), X_cur_test.shape=(87, 364)
[ 2019-12-16 17:42:19,184][kfold_wrapper.log_eval_metrics] Accuracy(layer_6 - estimator_0 - 3_folds.train_0.predict)=81.08%
[ 2019-12-16 17:42:22,009][kfold_wrapper.log_eval_metrics] Accuracy(layer_6 - estimator_0 - 3_folds.train_1.predict)=81.40%
[ 2019-12-16 17:42:24,598][kfold_wrapper.log_eval_metrics] Accuracy(layer_6 - estimator_0 - 3_folds.train_2.predict)=81.32%
[ 2019-12-16 17:42:24,912][kfold_wrapper.log_eval_metrics] Accuracy(layer_6 - estimator_0 - 3_folds.train_cv.predict)=81.27%
[ 2019-12-16 17:42:24,912][kfold_wrapper.log_eval_metrics] Accuracy(layer_6 - estimator_0 - 3_folds.test.predict)=85.06%
[ 2019-12-16 17:42:27,434][kfold_wrapper.log_eval_metrics] Accuracy(layer_6 - estimator_1 - 3_folds.train_0.predict)=80.31%
[ 2019-12-16 17:42:30,339][kfold_wrapper.log_eval_metrics] Accuracy(layer_6 - estimator_1 - 3_folds.train_1.predict)=81.78%
[ 2019-12-16 17:42:33,304][kfold_wrapper.log_eval_metrics] Accuracy(layer_6 - estimator_1 - 3_folds.train_2.predict)=80.93%
[ 2019-12-16 17:42:33,617][kfold_wrapper.log_eval_metrics] Accuracy(layer_6 - estimator_1 - 3_folds.train_cv.predict)=81.01%
[ 2019-12-16 17:42:33,617][kfold_wrapper.log_eval_metrics] Accuracy(layer_6 - estimator_1 - 3_folds.test.predict)=85.06%
[ 2019-12-16 17:42:41,407][kfold_wrapper.log_eval_metrics] Accuracy(layer_6 - estimator_2 - 3_folds.train_0.predict)=81.47%
[ 2019-12-16 17:42:49,033][kfold_wrapper.log_eval_metrics] Accuracy(layer_6 - estimator_2 - 3_folds.train_1.predict)=81.01%
[ 2019-12-16 17:42:56,975][kfold_wrapper.log_eval_metrics] Accuracy(layer_6 - estimator_2 - 3_folds.train_2.predict)=78.99%
[ 2019-12-16 17:42:57,092][kfold_wrapper.log_eval_metrics] Accuracy(layer_6 - estimator_2 - 3_folds.train_cv.predict)=80.49%
[ 2019-12-16 17:42:57,093][kfold_wrapper.log_eval_metrics] Accuracy(layer_6 - estimator_2 - 3_folds.test.predict)=87.36%
[ 2019-12-16 17:42:57,093][cascade_classifier.calc_accuracy] Accuracy(layer_6 - train.classifier_average)=81.27%
[ 2019-12-16 17:42:57,093][cascade_classifier.calc_accuracy] Accuracy(layer_6 - test.classifier_average)=83.91%
[ 2019-12-16 17:42:57,095][cascade_classifier.fit_transform] [layer=7] look_indexs=[0], X_cur_train.shape=(774, 364), X_cur_test.shape=(87, 364)
[ 2019-12-16 17:42:59,652][kfold_wrapper.log_eval_metrics] Accuracy(layer_7 - estimator_0 - 3_folds.train_0.predict)=80.31%
[ 2019-12-16 17:43:02,245][kfold_wrapper.log_eval_metrics] Accuracy(layer_7 - estimator_0 - 3_folds.train_1.predict)=82.56%
[ 2019-12-16 17:43:04,899][kfold_wrapper.log_eval_metrics] Accuracy(layer_7 - estimator_0 - 3_folds.train_2.predict)=80.16%
[ 2019-12-16 17:43:05,207][kfold_wrapper.log_eval_metrics] Accuracy(layer_7 - estimator_0 - 3_folds.train_cv.predict)=81.01%
[ 2019-12-16 17:43:05,207][kfold_wrapper.log_eval_metrics] Accuracy(layer_7 - estimator_0 - 3_folds.test.predict)=83.91%
[ 2019-12-16 17:43:07,785][kfold_wrapper.log_eval_metrics] Accuracy(layer_7 - estimator_1 - 3_folds.train_0.predict)=78.76%
[ 2019-12-16 17:43:10,510][kfold_wrapper.log_eval_metrics] Accuracy(layer_7 - estimator_1 - 3_folds.train_1.predict)=81.01%
[ 2019-12-16 17:43:13,243][kfold_wrapper.log_eval_metrics] Accuracy(layer_7 - estimator_1 - 3_folds.train_2.predict)=81.32%
[ 2019-12-16 17:43:13,551][kfold_wrapper.log_eval_metrics] Accuracy(layer_7 - estimator_1 - 3_folds.train_cv.predict)=80.36%
[ 2019-12-16 17:43:13,551][kfold_wrapper.log_eval_metrics] Accuracy(layer_7 - estimator_1 - 3_folds.test.predict)=86.21%
[ 2019-12-16 17:43:21,068][kfold_wrapper.log_eval_metrics] Accuracy(layer_7 - estimator_2 - 3_folds.train_0.predict)=82.24%
[ 2019-12-16 17:43:28,729][kfold_wrapper.log_eval_metrics] Accuracy(layer_7 - estimator_2 - 3_folds.train_1.predict)=80.23%
[ 2019-12-16 17:43:36,501][kfold_wrapper.log_eval_metrics] Accuracy(layer_7 - estimator_2 - 3_folds.train_2.predict)=79.38%
[ 2019-12-16 17:43:36,613][kfold_wrapper.log_eval_metrics] Accuracy(layer_7 - estimator_2 - 3_folds.train_cv.predict)=80.62%
[ 2019-12-16 17:43:36,614][kfold_wrapper.log_eval_metrics] Accuracy(layer_7 - estimator_2 - 3_folds.test.predict)=86.21%
[ 2019-12-16 17:43:36,614][cascade_classifier.calc_accuracy] Accuracy(layer_7 - train.classifier_average)=81.01%
[ 2019-12-16 17:43:36,615][cascade_classifier.calc_accuracy] Accuracy(layer_7 - test.classifier_average)=83.91%
[ 2019-12-16 17:43:36,615][cascade_classifier.fit_transform] [Result][Optimal Level Detected] opt_layer_num=5, accuracy_train=81.52%, accuracy_test=85.06%
[ 2019-12-16 17:43:36,639][cascade_classifier.transform] X_groups_test.shape=[(87, 1, 358, 1)]
[ 2019-12-16 17:43:36,639][cascade_classifier.transform] group_dims=[358]
[ 2019-12-16 17:43:36,639][cascade_classifier.transform] X_test.shape=(87, 358)
[ 2019-12-16 17:43:36,640][cascade_classifier.transform] [layer=0] look_indexs=[0], X_cur_test.shape=(87, 358)
[ 2019-12-16 17:43:39,077][cascade_classifier.transform] [layer=1] look_indexs=[0], X_cur_test.shape=(87, 364)
[ 2019-12-16 17:43:41,293][cascade_classifier.transform] [layer=2] look_indexs=[0], X_cur_test.shape=(87, 364)
[ 2019-12-16 17:43:43,513][cascade_classifier.transform] [layer=3] look_indexs=[0], X_cur_test.shape=(87, 364)
[ 2019-12-16 17:43:45,813][cascade_classifier.transform] [layer=4] look_indexs=[0], X_cur_test.shape=(87, 364)
[ 2019-12-16 17:43:48,143][cascade_classifier.transform] X_groups_test.shape=[(87, 1, 358, 1)]
[ 2019-12-16 17:43:48,144][cascade_classifier.transform] group_dims=[358]
[ 2019-12-16 17:43:48,144][cascade_classifier.transform] X_test.shape=(87, 358)
[ 2019-12-16 17:43:48,144][cascade_classifier.transform] [layer=0] look_indexs=[0], X_cur_test.shape=(87, 358)
[ 2019-12-16 17:43:50,374][cascade_classifier.transform] [layer=1] look_indexs=[0], X_cur_test.shape=(87, 364)
[ 2019-12-16 17:43:52,592][cascade_classifier.transform] [layer=2] look_indexs=[0], X_cur_test.shape=(87, 364)
[ 2019-12-16 17:43:54,777][cascade_classifier.transform] [layer=3] look_indexs=[0], X_cur_test.shape=(87, 364)
[ 2019-12-16 17:43:57,013][cascade_classifier.transform] [layer=4] look_indexs=[0], X_cur_test.shape=(87, 364)
[ 2019-12-16 17:43:59,256][cascade_classifier.fit_transform] X_groups_train.shape=[(774, 1, 358, 1)],y_train.shape=(774,),X_groups_test.shape=[(87, 1, 358, 1)],y_test.shape=(87,)
[ 2019-12-16 17:43:59,257][cascade_classifier.fit_transform] group_dims=[358]
[ 2019-12-16 17:43:59,258][cascade_classifier.fit_transform] group_starts=[0]
[ 2019-12-16 17:43:59,258][cascade_classifier.fit_transform] group_ends=[358]
[ 2019-12-16 17:43:59,258][cascade_classifier.fit_transform] X_train.shape=(774, 358),X_test.shape=(87, 358)
[ 2019-12-16 17:43:59,259][cascade_classifier.fit_transform] [layer=0] look_indexs=[0], X_cur_train.shape=(774, 358), X_cur_test.shape=(87, 358)
[ 2019-12-16 17:44:01,520][kfold_wrapper.log_eval_metrics] Accuracy(layer_0 - estimator_0 - 3_folds.train_0.predict)=79.46%
[ 2019-12-16 17:44:04,171][kfold_wrapper.log_eval_metrics] Accuracy(layer_0 - estimator_0 - 3_folds.train_1.predict)=80.23%
[ 2019-12-16 17:44:06,746][kfold_wrapper.log_eval_metrics] Accuracy(layer_0 - estimator_0 - 3_folds.train_2.predict)=81.01%
[ 2019-12-16 17:44:07,061][kfold_wrapper.log_eval_metrics] Accuracy(layer_0 - estimator_0 - 3_folds.train_cv.predict)=80.23%
[ 2019-12-16 17:44:07,061][kfold_wrapper.log_eval_metrics] Accuracy(layer_0 - estimator_0 - 3_folds.test.predict)=89.66%
[ 2019-12-16 17:44:09,535][kfold_wrapper.log_eval_metrics] Accuracy(layer_0 - estimator_1 - 3_folds.train_0.predict)=80.23%
[ 2019-12-16 17:44:12,353][kfold_wrapper.log_eval_metrics] Accuracy(layer_0 - estimator_1 - 3_folds.train_1.predict)=81.01%
[ 2019-12-16 17:44:15,076][kfold_wrapper.log_eval_metrics] Accuracy(layer_0 - estimator_1 - 3_folds.train_2.predict)=80.62%
[ 2019-12-16 17:44:15,491][kfold_wrapper.log_eval_metrics] Accuracy(layer_0 - estimator_1 - 3_folds.train_cv.predict)=80.62%
[ 2019-12-16 17:44:15,492][kfold_wrapper.log_eval_metrics] Accuracy(layer_0 - estimator_1 - 3_folds.test.predict)=88.51%
[ 2019-12-16 17:44:23,127][kfold_wrapper.log_eval_metrics] Accuracy(layer_0 - estimator_2 - 3_folds.train_0.predict)=79.84%
[ 2019-12-16 17:44:30,567][kfold_wrapper.log_eval_metrics] Accuracy(layer_0 - estimator_2 - 3_folds.train_1.predict)=80.62%
