[ 2019-12-18 09:29:56,378][cascade_classifier.fit_transform] X_groups_train.shape=[(774, 358)],y_train.shape=(774,),X_groups_test.shape=[(87, 358)],y_test.shape=(87,)
[ 2019-12-18 09:29:56,379][cascade_classifier.fit_transform] group_dims=[358]
[ 2019-12-18 09:29:56,379][cascade_classifier.fit_transform] group_starts=[0]
[ 2019-12-18 09:29:56,379][cascade_classifier.fit_transform] group_ends=[358]
[ 2019-12-18 09:29:56,380][cascade_classifier.fit_transform] X_train.shape=(774, 358),X_test.shape=(87, 358)
[ 2019-12-18 09:29:56,381][cascade_classifier.fit_transform] [layer=0] look_indexs=[0], X_cur_train.shape=(774, 358), X_cur_test.shape=(87, 358)
[ 2019-12-18 09:29:58,703][kfold_wrapper.log_eval_metrics] Accuracy(layer_0 - estimator_0 - 3_folds.train_0.predict)=81.85%
[ 2019-12-18 09:30:01,311][kfold_wrapper.log_eval_metrics] Accuracy(layer_0 - estimator_0 - 3_folds.train_1.predict)=83.33%
[ 2019-12-18 09:30:04,021][kfold_wrapper.log_eval_metrics] Accuracy(layer_0 - estimator_0 - 3_folds.train_2.predict)=79.38%
[ 2019-12-18 09:30:04,335][kfold_wrapper.log_eval_metrics] Accuracy(layer_0 - estimator_0 - 3_folds.train_cv.predict)=81.52%
[ 2019-12-18 09:30:04,336][kfold_wrapper.log_eval_metrics] Accuracy(layer_0 - estimator_0 - 3_folds.test.predict)=82.76%
[ 2019-12-18 09:30:06,914][kfold_wrapper.log_eval_metrics] Accuracy(layer_0 - estimator_1 - 3_folds.train_0.predict)=81.85%
[ 2019-12-18 09:30:09,795][kfold_wrapper.log_eval_metrics] Accuracy(layer_0 - estimator_1 - 3_folds.train_1.predict)=84.50%
[ 2019-12-18 09:30:12,659][kfold_wrapper.log_eval_metrics] Accuracy(layer_0 - estimator_1 - 3_folds.train_2.predict)=80.93%
[ 2019-12-18 09:30:12,973][kfold_wrapper.log_eval_metrics] Accuracy(layer_0 - estimator_1 - 3_folds.train_cv.predict)=82.43%
[ 2019-12-18 09:30:12,973][kfold_wrapper.log_eval_metrics] Accuracy(layer_0 - estimator_1 - 3_folds.test.predict)=83.91%
[ 2019-12-18 09:30:20,477][kfold_wrapper.log_eval_metrics] Accuracy(layer_0 - estimator_2 - 3_folds.train_0.predict)=78.76%
[ 2019-12-18 09:30:28,112][kfold_wrapper.log_eval_metrics] Accuracy(layer_0 - estimator_2 - 3_folds.train_1.predict)=81.78%
[ 2019-12-18 09:30:35,800][kfold_wrapper.log_eval_metrics] Accuracy(layer_0 - estimator_2 - 3_folds.train_2.predict)=81.71%
[ 2019-12-18 09:30:35,903][kfold_wrapper.log_eval_metrics] Accuracy(layer_0 - estimator_2 - 3_folds.train_cv.predict)=80.75%
[ 2019-12-18 09:30:35,903][kfold_wrapper.log_eval_metrics] Accuracy(layer_0 - estimator_2 - 3_folds.test.predict)=82.76%
[ 2019-12-18 09:30:37,501][kfold_wrapper.log_eval_metrics] Accuracy(layer_0 - estimator_3 - 3_folds.train_0.predict)=79.15%
[ 2019-12-18 09:30:39,335][kfold_wrapper.log_eval_metrics] Accuracy(layer_0 - estimator_3 - 3_folds.train_1.predict)=81.78%
[ 2019-12-18 09:30:41,271][kfold_wrapper.log_eval_metrics] Accuracy(layer_0 - estimator_3 - 3_folds.train_2.predict)=80.16%
[ 2019-12-18 09:30:41,274][kfold_wrapper.log_eval_metrics] Accuracy(layer_0 - estimator_3 - 3_folds.train_cv.predict)=80.36%
[ 2019-12-18 09:30:41,274][kfold_wrapper.log_eval_metrics] Accuracy(layer_0 - estimator_3 - 3_folds.test.predict)=80.46%
[ 2019-12-18 09:30:41,275][cascade_classifier.calc_accuracy] Accuracy(layer_0 - train.classifier_average)=81.52%
[ 2019-12-18 09:30:41,275][cascade_classifier.calc_accuracy] Accuracy(layer_0 - test.classifier_average)=82.76%
[ 2019-12-18 09:30:41,277][cascade_classifier.fit_transform] [layer=1] look_indexs=[0], X_cur_train.shape=(774, 366), X_cur_test.shape=(87, 366)
[ 2019-12-18 09:30:43,472][kfold_wrapper.log_eval_metrics] Accuracy(layer_1 - estimator_0 - 3_folds.train_0.predict)=79.92%
[ 2019-12-18 09:30:46,165][kfold_wrapper.log_eval_metrics] Accuracy(layer_1 - estimator_0 - 3_folds.train_1.predict)=80.62%
[ 2019-12-18 09:30:48,747][kfold_wrapper.log_eval_metrics] Accuracy(layer_1 - estimator_0 - 3_folds.train_2.predict)=84.82%
[ 2019-12-18 09:30:49,059][kfold_wrapper.log_eval_metrics] Accuracy(layer_1 - estimator_0 - 3_folds.train_cv.predict)=81.78%
[ 2019-12-18 09:30:49,059][kfold_wrapper.log_eval_metrics] Accuracy(layer_1 - estimator_0 - 3_folds.test.predict)=82.76%
[ 2019-12-18 09:30:51,642][kfold_wrapper.log_eval_metrics] Accuracy(layer_1 - estimator_1 - 3_folds.train_0.predict)=83.40%
[ 2019-12-18 09:30:54,405][kfold_wrapper.log_eval_metrics] Accuracy(layer_1 - estimator_1 - 3_folds.train_1.predict)=79.07%
[ 2019-12-18 09:30:57,362][kfold_wrapper.log_eval_metrics] Accuracy(layer_1 - estimator_1 - 3_folds.train_2.predict)=82.10%
[ 2019-12-18 09:30:57,674][kfold_wrapper.log_eval_metrics] Accuracy(layer_1 - estimator_1 - 3_folds.train_cv.predict)=81.52%
[ 2019-12-18 09:30:57,675][kfold_wrapper.log_eval_metrics] Accuracy(layer_1 - estimator_1 - 3_folds.test.predict)=82.76%
[ 2019-12-18 09:31:05,392][kfold_wrapper.log_eval_metrics] Accuracy(layer_1 - estimator_2 - 3_folds.train_0.predict)=82.63%
[ 2019-12-18 09:31:13,286][kfold_wrapper.log_eval_metrics] Accuracy(layer_1 - estimator_2 - 3_folds.train_1.predict)=80.23%
[ 2019-12-18 09:31:21,141][kfold_wrapper.log_eval_metrics] Accuracy(layer_1 - estimator_2 - 3_folds.train_2.predict)=80.93%
[ 2019-12-18 09:31:21,248][kfold_wrapper.log_eval_metrics] Accuracy(layer_1 - estimator_2 - 3_folds.train_cv.predict)=81.27%
[ 2019-12-18 09:31:21,249][kfold_wrapper.log_eval_metrics] Accuracy(layer_1 - estimator_2 - 3_folds.test.predict)=83.91%
[ 2019-12-18 09:31:22,756][kfold_wrapper.log_eval_metrics] Accuracy(layer_1 - estimator_3 - 3_folds.train_0.predict)=82.63%
[ 2019-12-18 09:31:24,350][kfold_wrapper.log_eval_metrics] Accuracy(layer_1 - estimator_3 - 3_folds.train_1.predict)=83.72%
[ 2019-12-18 09:31:25,896][kfold_wrapper.log_eval_metrics] Accuracy(layer_1 - estimator_3 - 3_folds.train_2.predict)=78.21%
[ 2019-12-18 09:31:25,897][kfold_wrapper.log_eval_metrics] Accuracy(layer_1 - estimator_3 - 3_folds.train_cv.predict)=81.52%
[ 2019-12-18 09:31:25,898][kfold_wrapper.log_eval_metrics] Accuracy(layer_1 - estimator_3 - 3_folds.test.predict)=78.16%
[ 2019-12-18 09:31:25,898][cascade_classifier.calc_accuracy] Accuracy(layer_1 - train.classifier_average)=82.17%
[ 2019-12-18 09:31:25,898][cascade_classifier.calc_accuracy] Accuracy(layer_1 - test.classifier_average)=81.61%
[ 2019-12-18 09:31:25,900][cascade_classifier.fit_transform] [layer=2] look_indexs=[0], X_cur_train.shape=(774, 366), X_cur_test.shape=(87, 366)
[ 2019-12-18 09:31:28,099][kfold_wrapper.log_eval_metrics] Accuracy(layer_2 - estimator_0 - 3_folds.train_0.predict)=79.92%
[ 2019-12-18 09:31:30,874][kfold_wrapper.log_eval_metrics] Accuracy(layer_2 - estimator_0 - 3_folds.train_1.predict)=81.01%
[ 2019-12-18 09:31:33,485][kfold_wrapper.log_eval_metrics] Accuracy(layer_2 - estimator_0 - 3_folds.train_2.predict)=84.05%
[ 2019-12-18 09:31:33,797][kfold_wrapper.log_eval_metrics] Accuracy(layer_2 - estimator_0 - 3_folds.train_cv.predict)=81.65%
[ 2019-12-18 09:31:33,797][kfold_wrapper.log_eval_metrics] Accuracy(layer_2 - estimator_0 - 3_folds.test.predict)=80.46%
[ 2019-12-18 09:31:36,285][kfold_wrapper.log_eval_metrics] Accuracy(layer_2 - estimator_1 - 3_folds.train_0.predict)=81.85%
[ 2019-12-18 09:31:39,149][kfold_wrapper.log_eval_metrics] Accuracy(layer_2 - estimator_1 - 3_folds.train_1.predict)=81.01%
[ 2019-12-18 09:31:42,239][kfold_wrapper.log_eval_metrics] Accuracy(layer_2 - estimator_1 - 3_folds.train_2.predict)=82.88%
[ 2019-12-18 09:31:42,651][kfold_wrapper.log_eval_metrics] Accuracy(layer_2 - estimator_1 - 3_folds.train_cv.predict)=81.91%
[ 2019-12-18 09:31:42,652][kfold_wrapper.log_eval_metrics] Accuracy(layer_2 - estimator_1 - 3_folds.test.predict)=81.61%
[ 2019-12-18 09:31:50,527][kfold_wrapper.log_eval_metrics] Accuracy(layer_2 - estimator_2 - 3_folds.train_0.predict)=82.24%
[ 2019-12-18 09:31:58,288][kfold_wrapper.log_eval_metrics] Accuracy(layer_2 - estimator_2 - 3_folds.train_1.predict)=78.68%
[ 2019-12-18 09:32:06,195][kfold_wrapper.log_eval_metrics] Accuracy(layer_2 - estimator_2 - 3_folds.train_2.predict)=81.71%
[ 2019-12-18 09:32:06,304][kfold_wrapper.log_eval_metrics] Accuracy(layer_2 - estimator_2 - 3_folds.train_cv.predict)=80.88%
[ 2019-12-18 09:32:06,305][kfold_wrapper.log_eval_metrics] Accuracy(layer_2 - estimator_2 - 3_folds.test.predict)=83.91%
[ 2019-12-18 09:32:07,795][kfold_wrapper.log_eval_metrics] Accuracy(layer_2 - estimator_3 - 3_folds.train_0.predict)=79.54%
[ 2019-12-18 09:32:09,325][kfold_wrapper.log_eval_metrics] Accuracy(layer_2 - estimator_3 - 3_folds.train_1.predict)=79.46%
[ 2019-12-18 09:32:10,959][kfold_wrapper.log_eval_metrics] Accuracy(layer_2 - estimator_3 - 3_folds.train_2.predict)=83.27%
[ 2019-12-18 09:32:10,961][kfold_wrapper.log_eval_metrics] Accuracy(layer_2 - estimator_3 - 3_folds.train_cv.predict)=80.75%
[ 2019-12-18 09:32:10,963][kfold_wrapper.log_eval_metrics] Accuracy(layer_2 - estimator_3 - 3_folds.test.predict)=83.91%
[ 2019-12-18 09:32:10,963][cascade_classifier.calc_accuracy] Accuracy(layer_2 - train.classifier_average)=81.14%
[ 2019-12-18 09:32:10,963][cascade_classifier.calc_accuracy] Accuracy(layer_2 - test.classifier_average)=81.61%
[ 2019-12-18 09:32:10,965][cascade_classifier.fit_transform] [layer=3] look_indexs=[0], X_cur_train.shape=(774, 366), X_cur_test.shape=(87, 366)
[ 2019-12-18 09:32:13,277][kfold_wrapper.log_eval_metrics] Accuracy(layer_3 - estimator_0 - 3_folds.train_0.predict)=81.85%
[ 2019-12-18 09:32:15,876][kfold_wrapper.log_eval_metrics] Accuracy(layer_3 - estimator_0 - 3_folds.train_1.predict)=79.07%
[ 2019-12-18 09:32:18,569][kfold_wrapper.log_eval_metrics] Accuracy(layer_3 - estimator_0 - 3_folds.train_2.predict)=83.66%
[ 2019-12-18 09:32:18,979][kfold_wrapper.log_eval_metrics] Accuracy(layer_3 - estimator_0 - 3_folds.train_cv.predict)=81.52%
[ 2019-12-18 09:32:18,979][kfold_wrapper.log_eval_metrics] Accuracy(layer_3 - estimator_0 - 3_folds.test.predict)=80.46%
[ 2019-12-18 09:32:21,433][kfold_wrapper.log_eval_metrics] Accuracy(layer_3 - estimator_1 - 3_folds.train_0.predict)=79.92%
[ 2019-12-18 09:32:24,212][kfold_wrapper.log_eval_metrics] Accuracy(layer_3 - estimator_1 - 3_folds.train_1.predict)=83.33%
[ 2019-12-18 09:32:27,054][kfold_wrapper.log_eval_metrics] Accuracy(layer_3 - estimator_1 - 3_folds.train_2.predict)=80.93%
[ 2019-12-18 09:32:27,371][kfold_wrapper.log_eval_metrics] Accuracy(layer_3 - estimator_1 - 3_folds.train_cv.predict)=81.40%
[ 2019-12-18 09:32:27,371][kfold_wrapper.log_eval_metrics] Accuracy(layer_3 - estimator_1 - 3_folds.test.predict)=81.61%
[ 2019-12-18 09:32:35,015][kfold_wrapper.log_eval_metrics] Accuracy(layer_3 - estimator_2 - 3_folds.train_0.predict)=81.08%
[ 2019-12-18 09:32:42,847][kfold_wrapper.log_eval_metrics] Accuracy(layer_3 - estimator_2 - 3_folds.train_1.predict)=76.74%
[ 2019-12-18 09:32:50,724][kfold_wrapper.log_eval_metrics] Accuracy(layer_3 - estimator_2 - 3_folds.train_2.predict)=83.66%
[ 2019-12-18 09:32:50,819][kfold_wrapper.log_eval_metrics] Accuracy(layer_3 - estimator_2 - 3_folds.train_cv.predict)=80.49%
[ 2019-12-18 09:32:50,819][kfold_wrapper.log_eval_metrics] Accuracy(layer_3 - estimator_2 - 3_folds.test.predict)=83.91%
[ 2019-12-18 09:32:52,390][kfold_wrapper.log_eval_metrics] Accuracy(layer_3 - estimator_3 - 3_folds.train_0.predict)=79.54%
[ 2019-12-18 09:32:53,987][kfold_wrapper.log_eval_metrics] Accuracy(layer_3 - estimator_3 - 3_folds.train_1.predict)=82.95%
[ 2019-12-18 09:32:55,552][kfold_wrapper.log_eval_metrics] Accuracy(layer_3 - estimator_3 - 3_folds.train_2.predict)=85.21%
[ 2019-12-18 09:32:55,555][kfold_wrapper.log_eval_metrics] Accuracy(layer_3 - estimator_3 - 3_folds.train_cv.predict)=82.56%
[ 2019-12-18 09:32:55,556][kfold_wrapper.log_eval_metrics] Accuracy(layer_3 - estimator_3 - 3_folds.test.predict)=81.61%
[ 2019-12-18 09:32:55,556][cascade_classifier.calc_accuracy] Accuracy(layer_3 - train.classifier_average)=82.30%
[ 2019-12-18 09:32:55,556][cascade_classifier.calc_accuracy] Accuracy(layer_3 - test.classifier_average)=81.61%
[ 2019-12-18 09:32:55,558][cascade_classifier.fit_transform] [layer=4] look_indexs=[0], X_cur_train.shape=(774, 366), X_cur_test.shape=(87, 366)
[ 2019-12-18 09:32:57,956][kfold_wrapper.log_eval_metrics] Accuracy(layer_4 - estimator_0 - 3_folds.train_0.predict)=82.63%
[ 2019-12-18 09:33:00,541][kfold_wrapper.log_eval_metrics] Accuracy(layer_4 - estimator_0 - 3_folds.train_1.predict)=80.23%
[ 2019-12-18 09:33:03,167][kfold_wrapper.log_eval_metrics] Accuracy(layer_4 - estimator_0 - 3_folds.train_2.predict)=83.66%
[ 2019-12-18 09:33:03,486][kfold_wrapper.log_eval_metrics] Accuracy(layer_4 - estimator_0 - 3_folds.train_cv.predict)=82.17%
[ 2019-12-18 09:33:03,486][kfold_wrapper.log_eval_metrics] Accuracy(layer_4 - estimator_0 - 3_folds.test.predict)=82.76%
[ 2019-12-18 09:33:05,969][kfold_wrapper.log_eval_metrics] Accuracy(layer_4 - estimator_1 - 3_folds.train_0.predict)=85.71%
[ 2019-12-18 09:33:08,725][kfold_wrapper.log_eval_metrics] Accuracy(layer_4 - estimator_1 - 3_folds.train_1.predict)=74.81%
[ 2019-12-18 09:33:11,613][kfold_wrapper.log_eval_metrics] Accuracy(layer_4 - estimator_1 - 3_folds.train_2.predict)=84.05%
[ 2019-12-18 09:33:12,027][kfold_wrapper.log_eval_metrics] Accuracy(layer_4 - estimator_1 - 3_folds.train_cv.predict)=81.52%
[ 2019-12-18 09:33:12,028][kfold_wrapper.log_eval_metrics] Accuracy(layer_4 - estimator_1 - 3_folds.test.predict)=82.76%
[ 2019-12-18 09:33:19,654][kfold_wrapper.log_eval_metrics] Accuracy(layer_4 - estimator_2 - 3_folds.train_0.predict)=79.54%
[ 2019-12-18 09:33:27,514][kfold_wrapper.log_eval_metrics] Accuracy(layer_4 - estimator_2 - 3_folds.train_1.predict)=79.84%
[ 2019-12-18 09:33:35,240][kfold_wrapper.log_eval_metrics] Accuracy(layer_4 - estimator_2 - 3_folds.train_2.predict)=82.49%
[ 2019-12-18 09:33:35,334][kfold_wrapper.log_eval_metrics] Accuracy(layer_4 - estimator_2 - 3_folds.train_cv.predict)=80.62%
[ 2019-12-18 09:33:35,334][kfold_wrapper.log_eval_metrics] Accuracy(layer_4 - estimator_2 - 3_folds.test.predict)=82.76%
[ 2019-12-18 09:33:36,967][kfold_wrapper.log_eval_metrics] Accuracy(layer_4 - estimator_3 - 3_folds.train_0.predict)=82.24%
[ 2019-12-18 09:33:38,578][kfold_wrapper.log_eval_metrics] Accuracy(layer_4 - estimator_3 - 3_folds.train_1.predict)=79.46%
[ 2019-12-18 09:33:40,185][kfold_wrapper.log_eval_metrics] Accuracy(layer_4 - estimator_3 - 3_folds.train_2.predict)=80.16%
[ 2019-12-18 09:33:40,193][kfold_wrapper.log_eval_metrics] Accuracy(layer_4 - estimator_3 - 3_folds.train_cv.predict)=80.62%
[ 2019-12-18 09:33:40,194][kfold_wrapper.log_eval_metrics] Accuracy(layer_4 - estimator_3 - 3_folds.test.predict)=81.61%
[ 2019-12-18 09:33:40,194][cascade_classifier.calc_accuracy] Accuracy(layer_4 - train.classifier_average)=80.88%
[ 2019-12-18 09:33:40,194][cascade_classifier.calc_accuracy] Accuracy(layer_4 - test.classifier_average)=81.61%
[ 2019-12-18 09:33:40,197][cascade_classifier.fit_transform] [layer=5] look_indexs=[0], X_cur_train.shape=(774, 366), X_cur_test.shape=(87, 366)
[ 2019-12-18 09:33:42,491][kfold_wrapper.log_eval_metrics] Accuracy(layer_5 - estimator_0 - 3_folds.train_0.predict)=82.63%
[ 2019-12-18 09:33:45,094][kfold_wrapper.log_eval_metrics] Accuracy(layer_5 - estimator_0 - 3_folds.train_1.predict)=79.84%
[ 2019-12-18 09:33:47,712][kfold_wrapper.log_eval_metrics] Accuracy(layer_5 - estimator_0 - 3_folds.train_2.predict)=82.88%
[ 2019-12-18 09:33:48,132][kfold_wrapper.log_eval_metrics] Accuracy(layer_5 - estimator_0 - 3_folds.train_cv.predict)=81.78%
[ 2019-12-18 09:33:48,132][kfold_wrapper.log_eval_metrics] Accuracy(layer_5 - estimator_0 - 3_folds.test.predict)=80.46%
[ 2019-12-18 09:33:50,704][kfold_wrapper.log_eval_metrics] Accuracy(layer_5 - estimator_1 - 3_folds.train_0.predict)=83.40%
[ 2019-12-18 09:33:53,474][kfold_wrapper.log_eval_metrics] Accuracy(layer_5 - estimator_1 - 3_folds.train_1.predict)=84.88%
[ 2019-12-18 09:33:56,340][kfold_wrapper.log_eval_metrics] Accuracy(layer_5 - estimator_1 - 3_folds.train_2.predict)=78.21%
[ 2019-12-18 09:33:56,650][kfold_wrapper.log_eval_metrics] Accuracy(layer_5 - estimator_1 - 3_folds.train_cv.predict)=82.17%
[ 2019-12-18 09:33:56,651][kfold_wrapper.log_eval_metrics] Accuracy(layer_5 - estimator_1 - 3_folds.test.predict)=81.61%
[ 2019-12-18 09:34:04,308][kfold_wrapper.log_eval_metrics] Accuracy(layer_5 - estimator_2 - 3_folds.train_0.predict)=81.08%
[ 2019-12-18 09:34:12,183][kfold_wrapper.log_eval_metrics] Accuracy(layer_5 - estimator_2 - 3_folds.train_1.predict)=79.07%
[ 2019-12-18 09:34:19,956][kfold_wrapper.log_eval_metrics] Accuracy(layer_5 - estimator_2 - 3_folds.train_2.predict)=83.27%
[ 2019-12-18 09:34:20,051][kfold_wrapper.log_eval_metrics] Accuracy(layer_5 - estimator_2 - 3_folds.train_cv.predict)=81.14%
[ 2019-12-18 09:34:20,051][kfold_wrapper.log_eval_metrics] Accuracy(layer_5 - estimator_2 - 3_folds.test.predict)=82.76%
[ 2019-12-18 09:34:21,678][kfold_wrapper.log_eval_metrics] Accuracy(layer_5 - estimator_3 - 3_folds.train_0.predict)=79.15%
[ 2019-12-18 09:34:23,324][kfold_wrapper.log_eval_metrics] Accuracy(layer_5 - estimator_3 - 3_folds.train_1.predict)=84.88%
[ 2019-12-18 09:34:24,880][kfold_wrapper.log_eval_metrics] Accuracy(layer_5 - estimator_3 - 3_folds.train_2.predict)=79.38%
[ 2019-12-18 09:34:24,881][kfold_wrapper.log_eval_metrics] Accuracy(layer_5 - estimator_3 - 3_folds.train_cv.predict)=81.14%
[ 2019-12-18 09:34:24,882][kfold_wrapper.log_eval_metrics] Accuracy(layer_5 - estimator_3 - 3_folds.test.predict)=81.61%
[ 2019-12-18 09:34:24,882][cascade_classifier.calc_accuracy] Accuracy(layer_5 - train.classifier_average)=82.30%
[ 2019-12-18 09:34:24,882][cascade_classifier.calc_accuracy] Accuracy(layer_5 - test.classifier_average)=82.76%
[ 2019-12-18 09:34:24,885][cascade_classifier.fit_transform] [layer=6] look_indexs=[0], X_cur_train.shape=(774, 366), X_cur_test.shape=(87, 366)
[ 2019-12-18 09:34:27,154][kfold_wrapper.log_eval_metrics] Accuracy(layer_6 - estimator_0 - 3_folds.train_0.predict)=86.49%
[ 2019-12-18 09:34:29,852][kfold_wrapper.log_eval_metrics] Accuracy(layer_6 - estimator_0 - 3_folds.train_1.predict)=82.56%
[ 2019-12-18 09:34:32,553][kfold_wrapper.log_eval_metrics] Accuracy(layer_6 - estimator_0 - 3_folds.train_2.predict)=80.93%
[ 2019-12-18 09:34:32,967][kfold_wrapper.log_eval_metrics] Accuracy(layer_6 - estimator_0 - 3_folds.train_cv.predict)=83.33%
[ 2019-12-18 09:34:32,967][kfold_wrapper.log_eval_metrics] Accuracy(layer_6 - estimator_0 - 3_folds.test.predict)=82.76%
[ 2019-12-18 09:34:35,417][kfold_wrapper.log_eval_metrics] Accuracy(layer_6 - estimator_1 - 3_folds.train_0.predict)=81.85%
[ 2019-12-18 09:34:38,383][kfold_wrapper.log_eval_metrics] Accuracy(layer_6 - estimator_1 - 3_folds.train_1.predict)=82.17%
[ 2019-12-18 09:34:41,266][kfold_wrapper.log_eval_metrics] Accuracy(layer_6 - estimator_1 - 3_folds.train_2.predict)=83.66%
[ 2019-12-18 09:34:41,573][kfold_wrapper.log_eval_metrics] Accuracy(layer_6 - estimator_1 - 3_folds.train_cv.predict)=82.56%
[ 2019-12-18 09:34:41,574][kfold_wrapper.log_eval_metrics] Accuracy(layer_6 - estimator_1 - 3_folds.test.predict)=80.46%
[ 2019-12-18 09:34:49,280][kfold_wrapper.log_eval_metrics] Accuracy(layer_6 - estimator_2 - 3_folds.train_0.predict)=79.54%
[ 2019-12-18 09:34:57,046][kfold_wrapper.log_eval_metrics] Accuracy(layer_6 - estimator_2 - 3_folds.train_1.predict)=82.17%
[ 2019-12-18 09:35:04,858][kfold_wrapper.log_eval_metrics] Accuracy(layer_6 - estimator_2 - 3_folds.train_2.predict)=81.71%
[ 2019-12-18 09:35:04,957][kfold_wrapper.log_eval_metrics] Accuracy(layer_6 - estimator_2 - 3_folds.train_cv.predict)=81.14%
[ 2019-12-18 09:35:04,958][kfold_wrapper.log_eval_metrics] Accuracy(layer_6 - estimator_2 - 3_folds.test.predict)=85.06%
[ 2019-12-18 09:35:06,521][kfold_wrapper.log_eval_metrics] Accuracy(layer_6 - estimator_3 - 3_folds.train_0.predict)=81.85%
[ 2019-12-18 09:35:08,081][kfold_wrapper.log_eval_metrics] Accuracy(layer_6 - estimator_3 - 3_folds.train_1.predict)=82.56%
[ 2019-12-18 09:35:09,647][kfold_wrapper.log_eval_metrics] Accuracy(layer_6 - estimator_3 - 3_folds.train_2.predict)=81.71%
[ 2019-12-18 09:35:09,650][kfold_wrapper.log_eval_metrics] Accuracy(layer_6 - estimator_3 - 3_folds.train_cv.predict)=82.04%
[ 2019-12-18 09:35:09,651][kfold_wrapper.log_eval_metrics] Accuracy(layer_6 - estimator_3 - 3_folds.test.predict)=81.61%
[ 2019-12-18 09:35:09,651][cascade_classifier.calc_accuracy] Accuracy(layer_6 - train.classifier_average)=82.56%
[ 2019-12-18 09:35:09,651][cascade_classifier.calc_accuracy] Accuracy(layer_6 - test.classifier_average)=83.91%
[ 2019-12-18 09:35:09,653][cascade_classifier.fit_transform] [layer=7] look_indexs=[0], X_cur_train.shape=(774, 366), X_cur_test.shape=(87, 366)
[ 2019-12-18 09:35:12,035][kfold_wrapper.log_eval_metrics] Accuracy(layer_7 - estimator_0 - 3_folds.train_0.predict)=81.47%
[ 2019-12-18 09:35:14,601][kfold_wrapper.log_eval_metrics] Accuracy(layer_7 - estimator_0 - 3_folds.train_1.predict)=82.56%
[ 2019-12-18 09:35:17,280][kfold_wrapper.log_eval_metrics] Accuracy(layer_7 - estimator_0 - 3_folds.train_2.predict)=82.49%
[ 2019-12-18 09:35:17,689][kfold_wrapper.log_eval_metrics] Accuracy(layer_7 - estimator_0 - 3_folds.train_cv.predict)=82.17%
[ 2019-12-18 09:35:17,690][kfold_wrapper.log_eval_metrics] Accuracy(layer_7 - estimator_0 - 3_folds.test.predict)=81.61%
[ 2019-12-18 09:35:20,358][kfold_wrapper.log_eval_metrics] Accuracy(layer_7 - estimator_1 - 3_folds.train_0.predict)=83.01%
[ 2019-12-18 09:35:23,230][kfold_wrapper.log_eval_metrics] Accuracy(layer_7 - estimator_1 - 3_folds.train_1.predict)=83.33%
[ 2019-12-18 09:35:26,105][kfold_wrapper.log_eval_metrics] Accuracy(layer_7 - estimator_1 - 3_folds.train_2.predict)=80.16%
[ 2019-12-18 09:35:26,517][kfold_wrapper.log_eval_metrics] Accuracy(layer_7 - estimator_1 - 3_folds.train_cv.predict)=82.17%
[ 2019-12-18 09:35:26,518][kfold_wrapper.log_eval_metrics] Accuracy(layer_7 - estimator_1 - 3_folds.test.predict)=82.76%
[ 2019-12-18 09:35:34,303][kfold_wrapper.log_eval_metrics] Accuracy(layer_7 - estimator_2 - 3_folds.train_0.predict)=82.24%
[ 2019-12-18 09:35:42,089][kfold_wrapper.log_eval_metrics] Accuracy(layer_7 - estimator_2 - 3_folds.train_1.predict)=80.23%
[ 2019-12-18 09:35:49,889][kfold_wrapper.log_eval_metrics] Accuracy(layer_7 - estimator_2 - 3_folds.train_2.predict)=78.99%
[ 2019-12-18 09:35:49,994][kfold_wrapper.log_eval_metrics] Accuracy(layer_7 - estimator_2 - 3_folds.train_cv.predict)=80.49%
[ 2019-12-18 09:35:49,994][kfold_wrapper.log_eval_metrics] Accuracy(layer_7 - estimator_2 - 3_folds.test.predict)=81.61%
[ 2019-12-18 09:35:51,571][kfold_wrapper.log_eval_metrics] Accuracy(layer_7 - estimator_3 - 3_folds.train_0.predict)=79.92%
[ 2019-12-18 09:35:53,205][kfold_wrapper.log_eval_metrics] Accuracy(layer_7 - estimator_3 - 3_folds.train_1.predict)=83.72%
[ 2019-12-18 09:35:54,719][kfold_wrapper.log_eval_metrics] Accuracy(layer_7 - estimator_3 - 3_folds.train_2.predict)=79.38%
[ 2019-12-18 09:35:54,720][kfold_wrapper.log_eval_metrics] Accuracy(layer_7 - estimator_3 - 3_folds.train_cv.predict)=81.01%
[ 2019-12-18 09:35:54,721][kfold_wrapper.log_eval_metrics] Accuracy(layer_7 - estimator_3 - 3_folds.test.predict)=83.91%
[ 2019-12-18 09:35:54,721][cascade_classifier.calc_accuracy] Accuracy(layer_7 - train.classifier_average)=82.04%
[ 2019-12-18 09:35:54,721][cascade_classifier.calc_accuracy] Accuracy(layer_7 - test.classifier_average)=82.76%
[ 2019-12-18 09:35:54,723][cascade_classifier.fit_transform] [layer=8] look_indexs=[0], X_cur_train.shape=(774, 366), X_cur_test.shape=(87, 366)
[ 2019-12-18 09:35:57,117][kfold_wrapper.log_eval_metrics] Accuracy(layer_8 - estimator_0 - 3_folds.train_0.predict)=80.69%
[ 2019-12-18 09:35:59,813][kfold_wrapper.log_eval_metrics] Accuracy(layer_8 - estimator_0 - 3_folds.train_1.predict)=81.40%
[ 2019-12-18 09:36:02,513][kfold_wrapper.log_eval_metrics] Accuracy(layer_8 - estimator_0 - 3_folds.train_2.predict)=84.82%
[ 2019-12-18 09:36:02,821][kfold_wrapper.log_eval_metrics] Accuracy(layer_8 - estimator_0 - 3_folds.train_cv.predict)=82.30%
[ 2019-12-18 09:36:02,822][kfold_wrapper.log_eval_metrics] Accuracy(layer_8 - estimator_0 - 3_folds.test.predict)=82.76%
[ 2019-12-18 09:36:05,390][kfold_wrapper.log_eval_metrics] Accuracy(layer_8 - estimator_1 - 3_folds.train_0.predict)=86.10%
[ 2019-12-18 09:36:08,247][kfold_wrapper.log_eval_metrics] Accuracy(layer_8 - estimator_1 - 3_folds.train_1.predict)=75.97%
[ 2019-12-18 09:36:11,134][kfold_wrapper.log_eval_metrics] Accuracy(layer_8 - estimator_1 - 3_folds.train_2.predict)=83.66%
[ 2019-12-18 09:36:11,551][kfold_wrapper.log_eval_metrics] Accuracy(layer_8 - estimator_1 - 3_folds.train_cv.predict)=81.91%
[ 2019-12-18 09:36:11,552][kfold_wrapper.log_eval_metrics] Accuracy(layer_8 - estimator_1 - 3_folds.test.predict)=80.46%
[ 2019-12-18 09:36:19,218][kfold_wrapper.log_eval_metrics] Accuracy(layer_8 - estimator_2 - 3_folds.train_0.predict)=79.54%
[ 2019-12-18 09:36:27,027][kfold_wrapper.log_eval_metrics] Accuracy(layer_8 - estimator_2 - 3_folds.train_1.predict)=78.68%
[ 2019-12-18 09:36:34,835][kfold_wrapper.log_eval_metrics] Accuracy(layer_8 - estimator_2 - 3_folds.train_2.predict)=85.21%
[ 2019-12-18 09:36:34,932][kfold_wrapper.log_eval_metrics] Accuracy(layer_8 - estimator_2 - 3_folds.train_cv.predict)=81.14%
[ 2019-12-18 09:36:34,932][kfold_wrapper.log_eval_metrics] Accuracy(layer_8 - estimator_2 - 3_folds.test.predict)=80.46%
[ 2019-12-18 09:36:36,746][kfold_wrapper.log_eval_metrics] Accuracy(layer_8 - estimator_3 - 3_folds.train_0.predict)=81.08%
[ 2019-12-18 09:36:38,345][kfold_wrapper.log_eval_metrics] Accuracy(layer_8 - estimator_3 - 3_folds.train_1.predict)=82.56%
[ 2019-12-18 09:36:39,908][kfold_wrapper.log_eval_metrics] Accuracy(layer_8 - estimator_3 - 3_folds.train_2.predict)=75.49%
[ 2019-12-18 09:36:39,909][kfold_wrapper.log_eval_metrics] Accuracy(layer_8 - estimator_3 - 3_folds.train_cv.predict)=79.72%
[ 2019-12-18 09:36:39,910][kfold_wrapper.log_eval_metrics] Accuracy(layer_8 - estimator_3 - 3_folds.test.predict)=82.76%
[ 2019-12-18 09:36:39,910][cascade_classifier.calc_accuracy] Accuracy(layer_8 - train.classifier_average)=81.40%
[ 2019-12-18 09:36:39,910][cascade_classifier.calc_accuracy] Accuracy(layer_8 - test.classifier_average)=82.76%
[ 2019-12-18 09:36:39,912][cascade_classifier.fit_transform] [layer=9] look_indexs=[0], X_cur_train.shape=(774, 366), X_cur_test.shape=(87, 366)
[ 2019-12-18 09:36:42,190][kfold_wrapper.log_eval_metrics] Accuracy(layer_9 - estimator_0 - 3_folds.train_0.predict)=81.85%
[ 2019-12-18 09:36:44,783][kfold_wrapper.log_eval_metrics] Accuracy(layer_9 - estimator_0 - 3_folds.train_1.predict)=81.78%
[ 2019-12-18 09:36:47,495][kfold_wrapper.log_eval_metrics] Accuracy(layer_9 - estimator_0 - 3_folds.train_2.predict)=82.10%
[ 2019-12-18 09:36:47,809][kfold_wrapper.log_eval_metrics] Accuracy(layer_9 - estimator_0 - 3_folds.train_cv.predict)=81.91%
[ 2019-12-18 09:36:47,810][kfold_wrapper.log_eval_metrics] Accuracy(layer_9 - estimator_0 - 3_folds.test.predict)=80.46%
[ 2019-12-18 09:36:50,476][kfold_wrapper.log_eval_metrics] Accuracy(layer_9 - estimator_1 - 3_folds.train_0.predict)=85.33%
[ 2019-12-18 09:36:53,659][kfold_wrapper.log_eval_metrics] Accuracy(layer_9 - estimator_1 - 3_folds.train_1.predict)=79.07%
[ 2019-12-18 09:36:56,415][kfold_wrapper.log_eval_metrics] Accuracy(layer_9 - estimator_1 - 3_folds.train_2.predict)=82.49%
[ 2019-12-18 09:36:56,733][kfold_wrapper.log_eval_metrics] Accuracy(layer_9 - estimator_1 - 3_folds.train_cv.predict)=82.30%
[ 2019-12-18 09:36:56,733][kfold_wrapper.log_eval_metrics] Accuracy(layer_9 - estimator_1 - 3_folds.test.predict)=81.61%
[ 2019-12-18 09:37:04,366][kfold_wrapper.log_eval_metrics] Accuracy(layer_9 - estimator_2 - 3_folds.train_0.predict)=79.54%
[ 2019-12-18 09:37:12,076][kfold_wrapper.log_eval_metrics] Accuracy(layer_9 - estimator_2 - 3_folds.train_1.predict)=81.40%
[ 2019-12-18 09:37:19,819][kfold_wrapper.log_eval_metrics] Accuracy(layer_9 - estimator_2 - 3_folds.train_2.predict)=79.38%
[ 2019-12-18 09:37:19,923][kfold_wrapper.log_eval_metrics] Accuracy(layer_9 - estimator_2 - 3_folds.train_cv.predict)=80.10%
[ 2019-12-18 09:37:19,924][kfold_wrapper.log_eval_metrics] Accuracy(layer_9 - estimator_2 - 3_folds.test.predict)=82.76%
[ 2019-12-18 09:37:21,508][kfold_wrapper.log_eval_metrics] Accuracy(layer_9 - estimator_3 - 3_folds.train_0.predict)=83.01%
[ 2019-12-18 09:37:23,020][kfold_wrapper.log_eval_metrics] Accuracy(layer_9 - estimator_3 - 3_folds.train_1.predict)=80.62%
[ 2019-12-18 09:37:24,578][kfold_wrapper.log_eval_metrics] Accuracy(layer_9 - estimator_3 - 3_folds.train_2.predict)=82.49%
[ 2019-12-18 09:37:24,579][kfold_wrapper.log_eval_metrics] Accuracy(layer_9 - estimator_3 - 3_folds.train_cv.predict)=82.04%
[ 2019-12-18 09:37:24,580][kfold_wrapper.log_eval_metrics] Accuracy(layer_9 - estimator_3 - 3_folds.test.predict)=81.61%
[ 2019-12-18 09:37:24,580][cascade_classifier.calc_accuracy] Accuracy(layer_9 - train.classifier_average)=81.91%
[ 2019-12-18 09:37:24,580][cascade_classifier.calc_accuracy] Accuracy(layer_9 - test.classifier_average)=82.76%
[ 2019-12-18 09:37:24,581][cascade_classifier.fit_transform] [Result][Optimal Level Detected] opt_layer_num=7, accuracy_train=82.56%, accuracy_test=83.91%
[ 2019-12-18 09:37:24,613][cascade_classifier.transform] X_groups_test.shape=[(87, 358)]
[ 2019-12-18 09:37:24,613][cascade_classifier.transform] group_dims=[358]
[ 2019-12-18 09:37:24,614][cascade_classifier.transform] X_test.shape=(87, 358)
[ 2019-12-18 09:37:24,614][cascade_classifier.transform] [layer=0] look_indexs=[0], X_cur_test.shape=(87, 358)
[ 2019-12-18 09:37:26,771][cascade_classifier.transform] [layer=1] look_indexs=[0], X_cur_test.shape=(87, 366)
[ 2019-12-18 09:37:28,926][cascade_classifier.transform] [layer=2] look_indexs=[0], X_cur_test.shape=(87, 366)
[ 2019-12-18 09:37:31,286][cascade_classifier.transform] [layer=3] look_indexs=[0], X_cur_test.shape=(87, 366)
[ 2019-12-18 09:37:33,528][cascade_classifier.transform] [layer=4] look_indexs=[0], X_cur_test.shape=(87, 366)
[ 2019-12-18 09:37:35,876][cascade_classifier.transform] [layer=5] look_indexs=[0], X_cur_test.shape=(87, 366)
[ 2019-12-18 09:37:38,007][cascade_classifier.transform] [layer=6] look_indexs=[0], X_cur_test.shape=(87, 366)
[ 2019-12-18 09:37:40,147][cascade_classifier.transform] X_groups_test.shape=[(87, 358)]
[ 2019-12-18 09:37:40,148][cascade_classifier.transform] group_dims=[358]
[ 2019-12-18 09:37:40,148][cascade_classifier.transform] X_test.shape=(87, 358)
[ 2019-12-18 09:37:40,148][cascade_classifier.transform] [layer=0] look_indexs=[0], X_cur_test.shape=(87, 358)
[ 2019-12-18 09:37:42,404][cascade_classifier.transform] [layer=1] look_indexs=[0], X_cur_test.shape=(87, 366)
[ 2019-12-18 09:37:44,679][cascade_classifier.transform] [layer=2] look_indexs=[0], X_cur_test.shape=(87, 366)
[ 2019-12-18 09:37:46,822][cascade_classifier.transform] [layer=3] look_indexs=[0], X_cur_test.shape=(87, 366)
[ 2019-12-18 09:37:48,971][cascade_classifier.transform] [layer=4] look_indexs=[0], X_cur_test.shape=(87, 366)
[ 2019-12-18 09:37:51,212][cascade_classifier.transform] [layer=5] look_indexs=[0], X_cur_test.shape=(87, 366)
[ 2019-12-18 09:37:53,364][cascade_classifier.transform] [layer=6] look_indexs=[0], X_cur_test.shape=(87, 366)
[ 2019-12-18 09:37:55,802][cascade_classifier.fit_transform] X_groups_train.shape=[(774, 358)],y_train.shape=(774,),X_groups_test.shape=[(87, 358)],y_test.shape=(87,)
[ 2019-12-18 09:37:55,804][cascade_classifier.fit_transform] group_dims=[358]
[ 2019-12-18 09:37:55,805][cascade_classifier.fit_transform] group_starts=[0]
[ 2019-12-18 09:37:55,805][cascade_classifier.fit_transform] group_ends=[358]
[ 2019-12-18 09:37:55,806][cascade_classifier.fit_transform] X_train.shape=(774, 358),X_test.shape=(87, 358)
[ 2019-12-18 09:37:55,808][cascade_classifier.fit_transform] [layer=0] look_indexs=[0], X_cur_train.shape=(774, 358), X_cur_test.shape=(87, 358)
[ 2019-12-18 09:37:58,009][kfold_wrapper.log_eval_metrics] Accuracy(layer_0 - estimator_0 - 3_folds.train_0.predict)=81.85%
[ 2019-12-18 09:38:00,725][kfold_wrapper.log_eval_metrics] Accuracy(layer_0 - estimator_0 - 3_folds.train_1.predict)=83.33%
[ 2019-12-18 09:38:03,324][kfold_wrapper.log_eval_metrics] Accuracy(layer_0 - estimator_0 - 3_folds.train_2.predict)=79.38%
[ 2019-12-18 09:38:03,635][kfold_wrapper.log_eval_metrics] Accuracy(layer_0 - estimator_0 - 3_folds.train_cv.predict)=81.52%
[ 2019-12-18 09:38:03,636][kfold_wrapper.log_eval_metrics] Accuracy(layer_0 - estimator_0 - 3_folds.test.predict)=82.76%
