[ 2019-12-16 13:54:55,934][cascade_classifier.fit_transform] X_groups_train.shape=[(774, 358)],y_train.shape=(774,),X_groups_test.shape=[(87, 358)],y_test.shape=(87,)
[ 2019-12-16 13:54:55,935][cascade_classifier.fit_transform] group_dims=[358]
[ 2019-12-16 13:54:55,936][cascade_classifier.fit_transform] group_starts=[0]
[ 2019-12-16 13:54:55,936][cascade_classifier.fit_transform] group_ends=[358]
[ 2019-12-16 13:54:55,936][cascade_classifier.fit_transform] X_train.shape=(774, 358),X_test.shape=(87, 358)
[ 2019-12-16 13:54:55,938][cascade_classifier.fit_transform] [layer=0] look_indexs=[0], X_cur_train.shape=(774, 358), X_cur_test.shape=(87, 358)
[ 2019-12-16 13:54:57,133][kfold_wrapper.log_eval_metrics] Accuracy(layer_0 - estimator_0 - 3_folds.train_0.predict)=79.92%
[ 2019-12-16 13:54:58,515][kfold_wrapper.log_eval_metrics] Accuracy(layer_0 - estimator_0 - 3_folds.train_1.predict)=80.62%
[ 2019-12-16 13:54:59,920][kfold_wrapper.log_eval_metrics] Accuracy(layer_0 - estimator_0 - 3_folds.train_2.predict)=78.60%
[ 2019-12-16 13:55:00,126][kfold_wrapper.log_eval_metrics] Accuracy(layer_0 - estimator_0 - 3_folds.train_cv.predict)=79.72%
[ 2019-12-16 13:55:00,127][kfold_wrapper.log_eval_metrics] Accuracy(layer_0 - estimator_0 - 3_folds.test.predict)=83.91%
[ 2019-12-16 13:55:01,074][kfold_wrapper.log_eval_metrics] Accuracy(layer_0 - estimator_1 - 3_folds.train_0.predict)=82.24%
[ 2019-12-16 13:55:02,017][kfold_wrapper.log_eval_metrics] Accuracy(layer_0 - estimator_1 - 3_folds.train_1.predict)=80.23%
[ 2019-12-16 13:55:02,957][kfold_wrapper.log_eval_metrics] Accuracy(layer_0 - estimator_1 - 3_folds.train_2.predict)=81.32%
[ 2019-12-16 13:55:02,959][kfold_wrapper.log_eval_metrics] Accuracy(layer_0 - estimator_1 - 3_folds.train_cv.predict)=81.27%
[ 2019-12-16 13:55:02,959][kfold_wrapper.log_eval_metrics] Accuracy(layer_0 - estimator_1 - 3_folds.test.predict)=86.21%
[ 2019-12-16 13:55:02,960][cascade_classifier.calc_accuracy] Accuracy(layer_0 - train.classifier_average)=81.01%
[ 2019-12-16 13:55:02,960][cascade_classifier.calc_accuracy] Accuracy(layer_0 - test.classifier_average)=86.21%
[ 2019-12-16 13:55:02,962][cascade_classifier.fit_transform] [layer=1] look_indexs=[0], X_cur_train.shape=(774, 362), X_cur_test.shape=(87, 362)
[ 2019-12-16 13:55:04,161][kfold_wrapper.log_eval_metrics] Accuracy(layer_1 - estimator_0 - 3_folds.train_0.predict)=79.92%
[ 2019-12-16 13:55:05,523][kfold_wrapper.log_eval_metrics] Accuracy(layer_1 - estimator_0 - 3_folds.train_1.predict)=80.23%
[ 2019-12-16 13:55:06,992][kfold_wrapper.log_eval_metrics] Accuracy(layer_1 - estimator_0 - 3_folds.train_2.predict)=78.60%
[ 2019-12-16 13:55:07,201][kfold_wrapper.log_eval_metrics] Accuracy(layer_1 - estimator_0 - 3_folds.train_cv.predict)=79.59%
[ 2019-12-16 13:55:07,201][kfold_wrapper.log_eval_metrics] Accuracy(layer_1 - estimator_0 - 3_folds.test.predict)=83.91%
[ 2019-12-16 13:55:08,183][kfold_wrapper.log_eval_metrics] Accuracy(layer_1 - estimator_1 - 3_folds.train_0.predict)=81.47%
[ 2019-12-16 13:55:09,107][kfold_wrapper.log_eval_metrics] Accuracy(layer_1 - estimator_1 - 3_folds.train_1.predict)=78.68%
[ 2019-12-16 13:55:10,046][kfold_wrapper.log_eval_metrics] Accuracy(layer_1 - estimator_1 - 3_folds.train_2.predict)=81.71%
[ 2019-12-16 13:55:10,049][kfold_wrapper.log_eval_metrics] Accuracy(layer_1 - estimator_1 - 3_folds.train_cv.predict)=80.62%
[ 2019-12-16 13:55:10,050][kfold_wrapper.log_eval_metrics] Accuracy(layer_1 - estimator_1 - 3_folds.test.predict)=82.76%
[ 2019-12-16 13:55:10,050][cascade_classifier.calc_accuracy] Accuracy(layer_1 - train.classifier_average)=80.88%
[ 2019-12-16 13:55:10,058][cascade_classifier.calc_accuracy] Accuracy(layer_1 - test.classifier_average)=85.06%
[ 2019-12-16 13:55:10,060][cascade_classifier.fit_transform] [layer=2] look_indexs=[0], X_cur_train.shape=(774, 362), X_cur_test.shape=(87, 362)
[ 2019-12-16 13:55:11,348][kfold_wrapper.log_eval_metrics] Accuracy(layer_2 - estimator_0 - 3_folds.train_0.predict)=80.31%
[ 2019-12-16 13:55:12,808][kfold_wrapper.log_eval_metrics] Accuracy(layer_2 - estimator_0 - 3_folds.train_1.predict)=83.72%
[ 2019-12-16 13:55:14,186][kfold_wrapper.log_eval_metrics] Accuracy(layer_2 - estimator_0 - 3_folds.train_2.predict)=77.43%
[ 2019-12-16 13:55:14,392][kfold_wrapper.log_eval_metrics] Accuracy(layer_2 - estimator_0 - 3_folds.train_cv.predict)=80.49%
[ 2019-12-16 13:55:14,393][kfold_wrapper.log_eval_metrics] Accuracy(layer_2 - estimator_0 - 3_folds.test.predict)=81.61%
[ 2019-12-16 13:55:15,359][kfold_wrapper.log_eval_metrics] Accuracy(layer_2 - estimator_1 - 3_folds.train_0.predict)=81.08%
[ 2019-12-16 13:55:16,292][kfold_wrapper.log_eval_metrics] Accuracy(layer_2 - estimator_1 - 3_folds.train_1.predict)=78.68%
[ 2019-12-16 13:55:17,245][kfold_wrapper.log_eval_metrics] Accuracy(layer_2 - estimator_1 - 3_folds.train_2.predict)=77.82%
[ 2019-12-16 13:55:17,247][kfold_wrapper.log_eval_metrics] Accuracy(layer_2 - estimator_1 - 3_folds.train_cv.predict)=79.20%
[ 2019-12-16 13:55:17,247][kfold_wrapper.log_eval_metrics] Accuracy(layer_2 - estimator_1 - 3_folds.test.predict)=81.61%
[ 2019-12-16 13:55:17,248][cascade_classifier.calc_accuracy] Accuracy(layer_2 - train.classifier_average)=80.23%
[ 2019-12-16 13:55:17,248][cascade_classifier.calc_accuracy] Accuracy(layer_2 - test.classifier_average)=81.61%
[ 2019-12-16 13:55:17,249][cascade_classifier.fit_transform] [layer=3] look_indexs=[0], X_cur_train.shape=(774, 362), X_cur_test.shape=(87, 362)
[ 2019-12-16 13:55:18,524][kfold_wrapper.log_eval_metrics] Accuracy(layer_3 - estimator_0 - 3_folds.train_0.predict)=80.31%
[ 2019-12-16 13:55:19,998][kfold_wrapper.log_eval_metrics] Accuracy(layer_3 - estimator_0 - 3_folds.train_1.predict)=78.68%
[ 2019-12-16 13:55:21,371][kfold_wrapper.log_eval_metrics] Accuracy(layer_3 - estimator_0 - 3_folds.train_2.predict)=82.10%
[ 2019-12-16 13:55:21,577][kfold_wrapper.log_eval_metrics] Accuracy(layer_3 - estimator_0 - 3_folds.train_cv.predict)=80.36%
[ 2019-12-16 13:55:21,578][kfold_wrapper.log_eval_metrics] Accuracy(layer_3 - estimator_0 - 3_folds.test.predict)=81.61%
[ 2019-12-16 13:55:22,546][kfold_wrapper.log_eval_metrics] Accuracy(layer_3 - estimator_1 - 3_folds.train_0.predict)=82.24%
[ 2019-12-16 13:55:23,466][kfold_wrapper.log_eval_metrics] Accuracy(layer_3 - estimator_1 - 3_folds.train_1.predict)=78.68%
[ 2019-12-16 13:55:24,407][kfold_wrapper.log_eval_metrics] Accuracy(layer_3 - estimator_1 - 3_folds.train_2.predict)=78.99%
[ 2019-12-16 13:55:24,414][kfold_wrapper.log_eval_metrics] Accuracy(layer_3 - estimator_1 - 3_folds.train_cv.predict)=79.97%
[ 2019-12-16 13:55:24,415][kfold_wrapper.log_eval_metrics] Accuracy(layer_3 - estimator_1 - 3_folds.test.predict)=85.06%
[ 2019-12-16 13:55:24,415][cascade_classifier.calc_accuracy] Accuracy(layer_3 - train.classifier_average)=80.10%
[ 2019-12-16 13:55:24,415][cascade_classifier.calc_accuracy] Accuracy(layer_3 - test.classifier_average)=85.06%
[ 2019-12-16 13:55:24,417][cascade_classifier.fit_transform] [layer=4] look_indexs=[0], X_cur_train.shape=(774, 362), X_cur_test.shape=(87, 362)
[ 2019-12-16 13:55:25,880][kfold_wrapper.log_eval_metrics] Accuracy(layer_4 - estimator_0 - 3_folds.train_0.predict)=79.15%
[ 2019-12-16 13:55:27,321][kfold_wrapper.log_eval_metrics] Accuracy(layer_4 - estimator_0 - 3_folds.train_1.predict)=82.17%
[ 2019-12-16 13:55:28,686][kfold_wrapper.log_eval_metrics] Accuracy(layer_4 - estimator_0 - 3_folds.train_2.predict)=81.71%
[ 2019-12-16 13:55:28,899][kfold_wrapper.log_eval_metrics] Accuracy(layer_4 - estimator_0 - 3_folds.train_cv.predict)=81.01%
[ 2019-12-16 13:55:28,899][kfold_wrapper.log_eval_metrics] Accuracy(layer_4 - estimator_0 - 3_folds.test.predict)=81.61%
[ 2019-12-16 13:55:29,845][kfold_wrapper.log_eval_metrics] Accuracy(layer_4 - estimator_1 - 3_folds.train_0.predict)=79.15%
[ 2019-12-16 13:55:30,790][kfold_wrapper.log_eval_metrics] Accuracy(layer_4 - estimator_1 - 3_folds.train_1.predict)=81.01%
[ 2019-12-16 13:55:31,700][kfold_wrapper.log_eval_metrics] Accuracy(layer_4 - estimator_1 - 3_folds.train_2.predict)=80.93%
[ 2019-12-16 13:55:31,702][kfold_wrapper.log_eval_metrics] Accuracy(layer_4 - estimator_1 - 3_folds.train_cv.predict)=80.36%
[ 2019-12-16 13:55:31,702][kfold_wrapper.log_eval_metrics] Accuracy(layer_4 - estimator_1 - 3_folds.test.predict)=83.91%
[ 2019-12-16 13:55:31,703][cascade_classifier.calc_accuracy] Accuracy(layer_4 - train.classifier_average)=81.14%
[ 2019-12-16 13:55:31,703][cascade_classifier.calc_accuracy] Accuracy(layer_4 - test.classifier_average)=86.21%
[ 2019-12-16 13:55:31,705][cascade_classifier.fit_transform] [layer=5] look_indexs=[0], X_cur_train.shape=(774, 362), X_cur_test.shape=(87, 362)
[ 2019-12-16 13:55:32,966][kfold_wrapper.log_eval_metrics] Accuracy(layer_5 - estimator_0 - 3_folds.train_0.predict)=79.15%
[ 2019-12-16 13:55:34,353][kfold_wrapper.log_eval_metrics] Accuracy(layer_5 - estimator_0 - 3_folds.train_1.predict)=82.17%
[ 2019-12-16 13:55:35,720][kfold_wrapper.log_eval_metrics] Accuracy(layer_5 - estimator_0 - 3_folds.train_2.predict)=82.10%
[ 2019-12-16 13:55:35,929][kfold_wrapper.log_eval_metrics] Accuracy(layer_5 - estimator_0 - 3_folds.train_cv.predict)=81.14%
[ 2019-12-16 13:55:35,929][kfold_wrapper.log_eval_metrics] Accuracy(layer_5 - estimator_0 - 3_folds.test.predict)=80.46%
[ 2019-12-16 13:55:36,860][kfold_wrapper.log_eval_metrics] Accuracy(layer_5 - estimator_1 - 3_folds.train_0.predict)=76.06%
[ 2019-12-16 13:55:37,823][kfold_wrapper.log_eval_metrics] Accuracy(layer_5 - estimator_1 - 3_folds.train_1.predict)=82.56%
[ 2019-12-16 13:55:38,750][kfold_wrapper.log_eval_metrics] Accuracy(layer_5 - estimator_1 - 3_folds.train_2.predict)=79.38%
[ 2019-12-16 13:55:38,753][kfold_wrapper.log_eval_metrics] Accuracy(layer_5 - estimator_1 - 3_folds.train_cv.predict)=79.33%
[ 2019-12-16 13:55:38,754][kfold_wrapper.log_eval_metrics] Accuracy(layer_5 - estimator_1 - 3_folds.test.predict)=82.76%
[ 2019-12-16 13:55:38,755][cascade_classifier.calc_accuracy] Accuracy(layer_5 - train.classifier_average)=79.07%
[ 2019-12-16 13:55:38,755][cascade_classifier.calc_accuracy] Accuracy(layer_5 - test.classifier_average)=82.76%
[ 2019-12-16 13:55:38,757][cascade_classifier.fit_transform] [layer=6] look_indexs=[0], X_cur_train.shape=(774, 362), X_cur_test.shape=(87, 362)
[ 2019-12-16 13:55:39,936][kfold_wrapper.log_eval_metrics] Accuracy(layer_6 - estimator_0 - 3_folds.train_0.predict)=81.08%
[ 2019-12-16 13:55:41,410][kfold_wrapper.log_eval_metrics] Accuracy(layer_6 - estimator_0 - 3_folds.train_1.predict)=82.17%
[ 2019-12-16 13:55:42,782][kfold_wrapper.log_eval_metrics] Accuracy(layer_6 - estimator_0 - 3_folds.train_2.predict)=79.38%
[ 2019-12-16 13:55:42,998][kfold_wrapper.log_eval_metrics] Accuracy(layer_6 - estimator_0 - 3_folds.train_cv.predict)=80.88%
[ 2019-12-16 13:55:42,999][kfold_wrapper.log_eval_metrics] Accuracy(layer_6 - estimator_0 - 3_folds.test.predict)=82.76%
[ 2019-12-16 13:55:43,923][kfold_wrapper.log_eval_metrics] Accuracy(layer_6 - estimator_1 - 3_folds.train_0.predict)=79.15%
[ 2019-12-16 13:55:44,849][kfold_wrapper.log_eval_metrics] Accuracy(layer_6 - estimator_1 - 3_folds.train_1.predict)=80.62%
[ 2019-12-16 13:55:45,785][kfold_wrapper.log_eval_metrics] Accuracy(layer_6 - estimator_1 - 3_folds.train_2.predict)=79.77%
[ 2019-12-16 13:55:45,789][kfold_wrapper.log_eval_metrics] Accuracy(layer_6 - estimator_1 - 3_folds.train_cv.predict)=79.84%
[ 2019-12-16 13:55:45,789][kfold_wrapper.log_eval_metrics] Accuracy(layer_6 - estimator_1 - 3_folds.test.predict)=81.61%
[ 2019-12-16 13:55:45,789][cascade_classifier.calc_accuracy] Accuracy(layer_6 - train.classifier_average)=80.88%
[ 2019-12-16 13:55:45,790][cascade_classifier.calc_accuracy] Accuracy(layer_6 - test.classifier_average)=85.06%
[ 2019-12-16 13:55:45,791][cascade_classifier.fit_transform] [layer=7] look_indexs=[0], X_cur_train.shape=(774, 362), X_cur_test.shape=(87, 362)
[ 2019-12-16 13:55:47,054][kfold_wrapper.log_eval_metrics] Accuracy(layer_7 - estimator_0 - 3_folds.train_0.predict)=81.47%
[ 2019-12-16 13:55:48,532][kfold_wrapper.log_eval_metrics] Accuracy(layer_7 - estimator_0 - 3_folds.train_1.predict)=81.78%
[ 2019-12-16 13:55:49,906][kfold_wrapper.log_eval_metrics] Accuracy(layer_7 - estimator_0 - 3_folds.train_2.predict)=80.93%
[ 2019-12-16 13:55:50,116][kfold_wrapper.log_eval_metrics] Accuracy(layer_7 - estimator_0 - 3_folds.train_cv.predict)=81.40%
[ 2019-12-16 13:55:50,116][kfold_wrapper.log_eval_metrics] Accuracy(layer_7 - estimator_0 - 3_folds.test.predict)=82.76%
[ 2019-12-16 13:55:51,107][kfold_wrapper.log_eval_metrics] Accuracy(layer_7 - estimator_1 - 3_folds.train_0.predict)=80.69%
[ 2019-12-16 13:55:51,997][kfold_wrapper.log_eval_metrics] Accuracy(layer_7 - estimator_1 - 3_folds.train_1.predict)=77.91%
[ 2019-12-16 13:55:52,965][kfold_wrapper.log_eval_metrics] Accuracy(layer_7 - estimator_1 - 3_folds.train_2.predict)=83.66%
[ 2019-12-16 13:55:52,967][kfold_wrapper.log_eval_metrics] Accuracy(layer_7 - estimator_1 - 3_folds.train_cv.predict)=80.75%
[ 2019-12-16 13:55:52,967][kfold_wrapper.log_eval_metrics] Accuracy(layer_7 - estimator_1 - 3_folds.test.predict)=83.91%
[ 2019-12-16 13:55:52,968][cascade_classifier.calc_accuracy] Accuracy(layer_7 - train.classifier_average)=80.88%
[ 2019-12-16 13:55:52,968][cascade_classifier.calc_accuracy] Accuracy(layer_7 - test.classifier_average)=82.76%
[ 2019-12-16 13:55:52,970][cascade_classifier.fit_transform] [layer=8] look_indexs=[0], X_cur_train.shape=(774, 362), X_cur_test.shape=(87, 362)
[ 2019-12-16 13:55:54,137][kfold_wrapper.log_eval_metrics] Accuracy(layer_8 - estimator_0 - 3_folds.train_0.predict)=83.40%
[ 2019-12-16 13:55:55,506][kfold_wrapper.log_eval_metrics] Accuracy(layer_8 - estimator_0 - 3_folds.train_1.predict)=79.07%
[ 2019-12-16 13:55:56,966][kfold_wrapper.log_eval_metrics] Accuracy(layer_8 - estimator_0 - 3_folds.train_2.predict)=80.93%
[ 2019-12-16 13:55:57,172][kfold_wrapper.log_eval_metrics] Accuracy(layer_8 - estimator_0 - 3_folds.train_cv.predict)=81.14%
[ 2019-12-16 13:55:57,173][kfold_wrapper.log_eval_metrics] Accuracy(layer_8 - estimator_0 - 3_folds.test.predict)=81.61%
[ 2019-12-16 13:55:58,111][kfold_wrapper.log_eval_metrics] Accuracy(layer_8 - estimator_1 - 3_folds.train_0.predict)=76.83%
[ 2019-12-16 13:55:59,054][kfold_wrapper.log_eval_metrics] Accuracy(layer_8 - estimator_1 - 3_folds.train_1.predict)=82.95%
[ 2019-12-16 13:55:59,985][kfold_wrapper.log_eval_metrics] Accuracy(layer_8 - estimator_1 - 3_folds.train_2.predict)=80.54%
[ 2019-12-16 13:55:59,987][kfold_wrapper.log_eval_metrics] Accuracy(layer_8 - estimator_1 - 3_folds.train_cv.predict)=80.10%
[ 2019-12-16 13:55:59,987][kfold_wrapper.log_eval_metrics] Accuracy(layer_8 - estimator_1 - 3_folds.test.predict)=81.61%
[ 2019-12-16 13:55:59,987][cascade_classifier.calc_accuracy] Accuracy(layer_8 - train.classifier_average)=80.75%
[ 2019-12-16 13:55:59,987][cascade_classifier.calc_accuracy] Accuracy(layer_8 - test.classifier_average)=80.46%
[ 2019-12-16 13:55:59,988][cascade_classifier.fit_transform] [Result][Optimal Level Detected] opt_layer_num=5, accuracy_train=81.14%, accuracy_test=86.21%
[ 2019-12-16 13:56:00,004][cascade_classifier.transform] X_groups_test.shape=[(87, 358)]
[ 2019-12-16 13:56:00,005][cascade_classifier.transform] group_dims=[358]
[ 2019-12-16 13:56:00,016][cascade_classifier.transform] X_test.shape=(87, 358)
[ 2019-12-16 13:56:00,016][cascade_classifier.transform] [layer=0] look_indexs=[0], X_cur_test.shape=(87, 358)
[ 2019-12-16 13:56:00,656][cascade_classifier.transform] [layer=1] look_indexs=[0], X_cur_test.shape=(87, 362)
[ 2019-12-16 13:56:01,288][cascade_classifier.transform] [layer=2] look_indexs=[0], X_cur_test.shape=(87, 362)
[ 2019-12-16 13:56:01,912][cascade_classifier.transform] [layer=3] look_indexs=[0], X_cur_test.shape=(87, 362)
[ 2019-12-16 13:56:02,540][cascade_classifier.transform] [layer=4] look_indexs=[0], X_cur_test.shape=(87, 362)
[ 2019-12-16 13:56:03,164][cascade_classifier.transform] X_groups_test.shape=[(87, 358)]
[ 2019-12-16 13:56:03,165][cascade_classifier.transform] group_dims=[358]
[ 2019-12-16 13:56:03,165][cascade_classifier.transform] X_test.shape=(87, 358)
[ 2019-12-16 13:56:03,166][cascade_classifier.transform] [layer=0] look_indexs=[0], X_cur_test.shape=(87, 358)
[ 2019-12-16 13:56:03,793][cascade_classifier.transform] [layer=1] look_indexs=[0], X_cur_test.shape=(87, 362)
[ 2019-12-16 13:56:04,430][cascade_classifier.transform] [layer=2] look_indexs=[0], X_cur_test.shape=(87, 362)
[ 2019-12-16 13:56:05,052][cascade_classifier.transform] [layer=3] look_indexs=[0], X_cur_test.shape=(87, 362)
[ 2019-12-16 13:56:05,681][cascade_classifier.transform] [layer=4] look_indexs=[0], X_cur_test.shape=(87, 362)
[ 2019-12-16 13:56:06,330][cascade_classifier.fit_transform] X_groups_train.shape=[(774, 358)],y_train.shape=(774,),X_groups_test.shape=[(87, 358)],y_test.shape=(87,)
[ 2019-12-16 13:56:06,333][cascade_classifier.fit_transform] group_dims=[358]
[ 2019-12-16 13:56:06,333][cascade_classifier.fit_transform] group_starts=[0]
[ 2019-12-16 13:56:06,333][cascade_classifier.fit_transform] group_ends=[358]
[ 2019-12-16 13:56:06,334][cascade_classifier.fit_transform] X_train.shape=(774, 358),X_test.shape=(87, 358)
[ 2019-12-16 13:56:06,336][cascade_classifier.fit_transform] [layer=0] look_indexs=[0], X_cur_train.shape=(774, 358), X_cur_test.shape=(87, 358)
[ 2019-12-16 13:56:07,516][kfold_wrapper.log_eval_metrics] Accuracy(layer_0 - estimator_0 - 3_folds.train_0.predict)=75.58%
[ 2019-12-16 13:56:08,878][kfold_wrapper.log_eval_metrics] Accuracy(layer_0 - estimator_0 - 3_folds.train_1.predict)=81.78%
[ 2019-12-16 13:56:10,390][kfold_wrapper.log_eval_metrics] Accuracy(layer_0 - estimator_0 - 3_folds.train_2.predict)=77.52%
[ 2019-12-16 13:56:10,598][kfold_wrapper.log_eval_metrics] Accuracy(layer_0 - estimator_0 - 3_folds.train_cv.predict)=78.29%
[ 2019-12-16 13:56:10,598][kfold_wrapper.log_eval_metrics] Accuracy(layer_0 - estimator_0 - 3_folds.test.predict)=81.61%
