[ 2019-12-20 16:15:26,839][cascade_classifier.fit_transform] X_groups_train.shape=[(774, 358)],y_train.shape=(774,),X_groups_test.shape=no_test,y_test.shape=no_test
[ 2019-12-20 16:15:26,840][cascade_classifier.fit_transform] group_dims=[358]
[ 2019-12-20 16:15:26,840][cascade_classifier.fit_transform] group_starts=[0]
[ 2019-12-20 16:15:26,841][cascade_classifier.fit_transform] group_ends=[358]
[ 2019-12-20 16:15:26,841][cascade_classifier.fit_transform] X_train.shape=(774, 358),X_test.shape=(0, 358)
[ 2019-12-20 16:15:26,843][cascade_classifier.fit_transform] [layer=0] look_indexs=[0], X_cur_train.shape=(774, 358), X_cur_test.shape=(0, 358)
[ 2019-12-20 16:15:34,852][kfold_wrapper.log_eval_metrics] Accuracy(layer_0 - estimator_0 - 1_folds.train_0.predict)=100.00%
[ 2019-12-20 16:15:34,852][kfold_wrapper.log_eval_metrics] Accuracy(layer_0 - estimator_0 - 1_folds.train_cv.predict)=100.00%
[ 2019-12-20 16:15:42,634][kfold_wrapper.log_eval_metrics] Accuracy(layer_0 - estimator_1 - 1_folds.train_0.predict)=100.00%
[ 2019-12-20 16:15:42,634][kfold_wrapper.log_eval_metrics] Accuracy(layer_0 - estimator_1 - 1_folds.train_cv.predict)=100.00%
[ 2019-12-20 16:15:51,800][kfold_wrapper.log_eval_metrics] Accuracy(layer_0 - estimator_2 - 1_folds.train_0.predict)=100.00%
[ 2019-12-20 16:15:51,800][kfold_wrapper.log_eval_metrics] Accuracy(layer_0 - estimator_2 - 1_folds.train_cv.predict)=100.00%
[ 2019-12-20 16:16:01,578][kfold_wrapper.log_eval_metrics] Accuracy(layer_0 - estimator_3 - 1_folds.train_0.predict)=100.00%
[ 2019-12-20 16:16:01,578][kfold_wrapper.log_eval_metrics] Accuracy(layer_0 - estimator_3 - 1_folds.train_cv.predict)=100.00%
[ 2019-12-20 16:16:01,578][cascade_classifier.calc_accuracy] Accuracy(layer_0 - train.classifier_average)=100.00%
[ 2019-12-20 16:16:01,578][cascade_classifier.fit_transform] [layer=1] look_indexs=[0], X_cur_train.shape=(774, 366), X_cur_test.shape=(0, 366)
[ 2019-12-20 16:16:08,829][kfold_wrapper.log_eval_metrics] Accuracy(layer_1 - estimator_0 - 1_folds.train_0.predict)=100.00%
[ 2019-12-20 16:16:08,829][kfold_wrapper.log_eval_metrics] Accuracy(layer_1 - estimator_0 - 1_folds.train_cv.predict)=100.00%
[ 2019-12-20 16:16:16,174][kfold_wrapper.log_eval_metrics] Accuracy(layer_1 - estimator_1 - 1_folds.train_0.predict)=100.00%
[ 2019-12-20 16:16:16,174][kfold_wrapper.log_eval_metrics] Accuracy(layer_1 - estimator_1 - 1_folds.train_cv.predict)=100.00%
[ 2019-12-20 16:16:23,894][kfold_wrapper.log_eval_metrics] Accuracy(layer_1 - estimator_2 - 1_folds.train_0.predict)=100.00%
[ 2019-12-20 16:16:23,894][kfold_wrapper.log_eval_metrics] Accuracy(layer_1 - estimator_2 - 1_folds.train_cv.predict)=100.00%
[ 2019-12-20 16:16:31,676][kfold_wrapper.log_eval_metrics] Accuracy(layer_1 - estimator_3 - 1_folds.train_0.predict)=100.00%
[ 2019-12-20 16:16:31,676][kfold_wrapper.log_eval_metrics] Accuracy(layer_1 - estimator_3 - 1_folds.train_cv.predict)=100.00%
[ 2019-12-20 16:16:31,676][cascade_classifier.calc_accuracy] Accuracy(layer_1 - train.classifier_average)=100.00%
[ 2019-12-20 16:16:31,676][cascade_classifier.fit_transform] [layer=2] look_indexs=[0], X_cur_train.shape=(774, 366), X_cur_test.shape=(0, 366)
[ 2019-12-20 16:16:39,068][kfold_wrapper.log_eval_metrics] Accuracy(layer_2 - estimator_0 - 1_folds.train_0.predict)=100.00%
[ 2019-12-20 16:16:39,068][kfold_wrapper.log_eval_metrics] Accuracy(layer_2 - estimator_0 - 1_folds.train_cv.predict)=100.00%
[ 2019-12-20 16:16:47,019][kfold_wrapper.log_eval_metrics] Accuracy(layer_2 - estimator_1 - 1_folds.train_0.predict)=100.00%
[ 2019-12-20 16:16:47,019][kfold_wrapper.log_eval_metrics] Accuracy(layer_2 - estimator_1 - 1_folds.train_cv.predict)=100.00%
[ 2019-12-20 16:16:54,962][kfold_wrapper.log_eval_metrics] Accuracy(layer_2 - estimator_2 - 1_folds.train_0.predict)=100.00%
[ 2019-12-20 16:16:54,962][kfold_wrapper.log_eval_metrics] Accuracy(layer_2 - estimator_2 - 1_folds.train_cv.predict)=100.00%
[ 2019-12-20 16:17:02,927][kfold_wrapper.log_eval_metrics] Accuracy(layer_2 - estimator_3 - 1_folds.train_0.predict)=100.00%
[ 2019-12-20 16:17:02,927][kfold_wrapper.log_eval_metrics] Accuracy(layer_2 - estimator_3 - 1_folds.train_cv.predict)=100.00%
[ 2019-12-20 16:17:02,927][cascade_classifier.calc_accuracy] Accuracy(layer_2 - train.classifier_average)=100.00%
[ 2019-12-20 16:17:02,927][cascade_classifier.fit_transform] [layer=3] look_indexs=[0], X_cur_train.shape=(774, 366), X_cur_test.shape=(0, 366)
[ 2019-12-20 16:17:10,623][kfold_wrapper.log_eval_metrics] Accuracy(layer_3 - estimator_0 - 1_folds.train_0.predict)=100.00%
[ 2019-12-20 16:17:10,623][kfold_wrapper.log_eval_metrics] Accuracy(layer_3 - estimator_0 - 1_folds.train_cv.predict)=100.00%
[ 2019-12-20 16:17:18,516][kfold_wrapper.log_eval_metrics] Accuracy(layer_3 - estimator_1 - 1_folds.train_0.predict)=100.00%
[ 2019-12-20 16:17:18,516][kfold_wrapper.log_eval_metrics] Accuracy(layer_3 - estimator_1 - 1_folds.train_cv.predict)=100.00%
[ 2019-12-20 16:17:26,314][kfold_wrapper.log_eval_metrics] Accuracy(layer_3 - estimator_2 - 1_folds.train_0.predict)=100.00%
[ 2019-12-20 16:17:26,314][kfold_wrapper.log_eval_metrics] Accuracy(layer_3 - estimator_2 - 1_folds.train_cv.predict)=100.00%
[ 2019-12-20 16:17:34,090][kfold_wrapper.log_eval_metrics] Accuracy(layer_3 - estimator_3 - 1_folds.train_0.predict)=100.00%
[ 2019-12-20 16:17:34,090][kfold_wrapper.log_eval_metrics] Accuracy(layer_3 - estimator_3 - 1_folds.train_cv.predict)=100.00%
[ 2019-12-20 16:17:34,090][cascade_classifier.calc_accuracy] Accuracy(layer_3 - train.classifier_average)=100.00%
[ 2019-12-20 16:17:34,090][cascade_classifier.fit_transform] [Result][Optimal Level Detected] opt_layer_num=1, accuracy_train=100.00%, accuracy_test=0.00%
[ 2019-12-20 16:17:34,105][cascade_classifier.transform] X_groups_test.shape=[(87, 358)]
[ 2019-12-20 16:17:34,105][cascade_classifier.transform] group_dims=[358]
[ 2019-12-20 16:17:34,105][cascade_classifier.transform] X_test.shape=(87, 358)
[ 2019-12-20 16:17:34,105][cascade_classifier.transform] [layer=0] look_indexs=[0], X_cur_test.shape=(87, 358)
[ 2019-12-20 16:17:38,395][cascade_classifier.transform] X_groups_test.shape=[(87, 358)]
[ 2019-12-20 16:17:38,395][cascade_classifier.transform] group_dims=[358]
[ 2019-12-20 16:17:38,395][cascade_classifier.transform] X_test.shape=(87, 358)
[ 2019-12-20 16:17:38,395][cascade_classifier.transform] [layer=0] look_indexs=[0], X_cur_test.shape=(87, 358)
[ 2019-12-20 16:17:42,795][cascade_classifier.fit_transform] X_groups_train.shape=[(774, 358)],y_train.shape=(774,),X_groups_test.shape=no_test,y_test.shape=no_test
[ 2019-12-20 16:17:42,795][cascade_classifier.fit_transform] group_dims=[358]
[ 2019-12-20 16:17:42,795][cascade_classifier.fit_transform] group_starts=[0]
[ 2019-12-20 16:17:42,795][cascade_classifier.fit_transform] group_ends=[358]
[ 2019-12-20 16:17:42,795][cascade_classifier.fit_transform] X_train.shape=(774, 358),X_test.shape=(0, 358)
[ 2019-12-20 16:17:42,795][cascade_classifier.fit_transform] [layer=0] look_indexs=[0], X_cur_train.shape=(774, 358), X_cur_test.shape=(0, 358)
[ 2019-12-20 16:17:50,818][kfold_wrapper.log_eval_metrics] Accuracy(layer_0 - estimator_0 - 1_folds.train_0.predict)=100.00%
[ 2019-12-20 16:17:50,818][kfold_wrapper.log_eval_metrics] Accuracy(layer_0 - estimator_0 - 1_folds.train_cv.predict)=100.00%
[ 2019-12-20 16:17:58,888][kfold_wrapper.log_eval_metrics] Accuracy(layer_0 - estimator_1 - 1_folds.train_0.predict)=100.00%
[ 2019-12-20 16:17:58,888][kfold_wrapper.log_eval_metrics] Accuracy(layer_0 - estimator_1 - 1_folds.train_cv.predict)=100.00%
[ 2019-12-20 16:18:08,143][kfold_wrapper.log_eval_metrics] Accuracy(layer_0 - estimator_2 - 1_folds.train_0.predict)=100.00%
[ 2019-12-20 16:18:08,143][kfold_wrapper.log_eval_metrics] Accuracy(layer_0 - estimator_2 - 1_folds.train_cv.predict)=100.00%
[ 2019-12-20 16:18:17,127][kfold_wrapper.log_eval_metrics] Accuracy(layer_0 - estimator_3 - 1_folds.train_0.predict)=100.00%
[ 2019-12-20 16:18:17,127][kfold_wrapper.log_eval_metrics] Accuracy(layer_0 - estimator_3 - 1_folds.train_cv.predict)=100.00%
[ 2019-12-20 16:18:17,128][cascade_classifier.calc_accuracy] Accuracy(layer_0 - train.classifier_average)=100.00%
[ 2019-12-20 16:18:17,130][cascade_classifier.fit_transform] [layer=1] look_indexs=[0], X_cur_train.shape=(774, 366), X_cur_test.shape=(0, 366)
[ 2019-12-20 16:18:24,719][kfold_wrapper.log_eval_metrics] Accuracy(layer_1 - estimator_0 - 1_folds.train_0.predict)=100.00%
[ 2019-12-20 16:18:24,719][kfold_wrapper.log_eval_metrics] Accuracy(layer_1 - estimator_0 - 1_folds.train_cv.predict)=100.00%
[ 2019-12-20 16:18:32,100][kfold_wrapper.log_eval_metrics] Accuracy(layer_1 - estimator_1 - 1_folds.train_0.predict)=100.00%
[ 2019-12-20 16:18:32,100][kfold_wrapper.log_eval_metrics] Accuracy(layer_1 - estimator_1 - 1_folds.train_cv.predict)=100.00%
[ 2019-12-20 16:18:39,803][kfold_wrapper.log_eval_metrics] Accuracy(layer_1 - estimator_2 - 1_folds.train_0.predict)=100.00%
[ 2019-12-20 16:18:39,803][kfold_wrapper.log_eval_metrics] Accuracy(layer_1 - estimator_2 - 1_folds.train_cv.predict)=100.00%
[ 2019-12-20 16:18:47,963][kfold_wrapper.log_eval_metrics] Accuracy(layer_1 - estimator_3 - 1_folds.train_0.predict)=100.00%
[ 2019-12-20 16:18:47,964][kfold_wrapper.log_eval_metrics] Accuracy(layer_1 - estimator_3 - 1_folds.train_cv.predict)=100.00%
[ 2019-12-20 16:18:47,964][cascade_classifier.calc_accuracy] Accuracy(layer_1 - train.classifier_average)=100.00%
[ 2019-12-20 16:18:47,966][cascade_classifier.fit_transform] [layer=2] look_indexs=[0], X_cur_train.shape=(774, 366), X_cur_test.shape=(0, 366)
[ 2019-12-20 16:18:55,437][kfold_wrapper.log_eval_metrics] Accuracy(layer_2 - estimator_0 - 1_folds.train_0.predict)=100.00%
[ 2019-12-20 16:18:55,437][kfold_wrapper.log_eval_metrics] Accuracy(layer_2 - estimator_0 - 1_folds.train_cv.predict)=100.00%
[ 2019-12-20 16:19:02,813][kfold_wrapper.log_eval_metrics] Accuracy(layer_2 - estimator_1 - 1_folds.train_0.predict)=100.00%
[ 2019-12-20 16:19:02,813][kfold_wrapper.log_eval_metrics] Accuracy(layer_2 - estimator_1 - 1_folds.train_cv.predict)=100.00%
[ 2019-12-20 16:19:10,546][kfold_wrapper.log_eval_metrics] Accuracy(layer_2 - estimator_2 - 1_folds.train_0.predict)=100.00%
[ 2019-12-20 16:19:10,547][kfold_wrapper.log_eval_metrics] Accuracy(layer_2 - estimator_2 - 1_folds.train_cv.predict)=100.00%
[ 2019-12-20 16:19:18,607][kfold_wrapper.log_eval_metrics] Accuracy(layer_2 - estimator_3 - 1_folds.train_0.predict)=100.00%
[ 2019-12-20 16:19:18,607][kfold_wrapper.log_eval_metrics] Accuracy(layer_2 - estimator_3 - 1_folds.train_cv.predict)=100.00%
[ 2019-12-20 16:19:18,607][cascade_classifier.calc_accuracy] Accuracy(layer_2 - train.classifier_average)=100.00%
[ 2019-12-20 16:19:18,607][cascade_classifier.fit_transform] [layer=3] look_indexs=[0], X_cur_train.shape=(774, 366), X_cur_test.shape=(0, 366)
[ 2019-12-20 16:19:26,198][kfold_wrapper.log_eval_metrics] Accuracy(layer_3 - estimator_0 - 1_folds.train_0.predict)=100.00%
[ 2019-12-20 16:19:26,199][kfold_wrapper.log_eval_metrics] Accuracy(layer_3 - estimator_0 - 1_folds.train_cv.predict)=100.00%
[ 2019-12-20 16:19:33,870][kfold_wrapper.log_eval_metrics] Accuracy(layer_3 - estimator_1 - 1_folds.train_0.predict)=100.00%
[ 2019-12-20 16:19:33,870][kfold_wrapper.log_eval_metrics] Accuracy(layer_3 - estimator_1 - 1_folds.train_cv.predict)=100.00%
[ 2019-12-20 16:19:42,142][kfold_wrapper.log_eval_metrics] Accuracy(layer_3 - estimator_2 - 1_folds.train_0.predict)=100.00%
[ 2019-12-20 16:19:42,142][kfold_wrapper.log_eval_metrics] Accuracy(layer_3 - estimator_2 - 1_folds.train_cv.predict)=100.00%
[ 2019-12-20 16:19:50,248][kfold_wrapper.log_eval_metrics] Accuracy(layer_3 - estimator_3 - 1_folds.train_0.predict)=100.00%
[ 2019-12-20 16:19:50,248][kfold_wrapper.log_eval_metrics] Accuracy(layer_3 - estimator_3 - 1_folds.train_cv.predict)=100.00%
[ 2019-12-20 16:19:50,248][cascade_classifier.calc_accuracy] Accuracy(layer_3 - train.classifier_average)=100.00%
[ 2019-12-20 16:19:50,248][cascade_classifier.fit_transform] [Result][Optimal Level Detected] opt_layer_num=1, accuracy_train=100.00%, accuracy_test=0.00%
[ 2019-12-20 16:19:50,279][cascade_classifier.transform] X_groups_test.shape=[(87, 358)]
[ 2019-12-20 16:19:50,279][cascade_classifier.transform] group_dims=[358]
[ 2019-12-20 16:19:50,279][cascade_classifier.transform] X_test.shape=(87, 358)
[ 2019-12-20 16:19:50,279][cascade_classifier.transform] [layer=0] look_indexs=[0], X_cur_test.shape=(87, 358)
[ 2019-12-20 16:19:54,217][cascade_classifier.transform] X_groups_test.shape=[(87, 358)]
[ 2019-12-20 16:19:54,217][cascade_classifier.transform] group_dims=[358]
[ 2019-12-20 16:19:54,217][cascade_classifier.transform] X_test.shape=(87, 358)
[ 2019-12-20 16:19:54,217][cascade_classifier.transform] [layer=0] look_indexs=[0], X_cur_test.shape=(87, 358)
[ 2019-12-20 16:19:58,404][cascade_classifier.fit_transform] X_groups_train.shape=[(774, 358)],y_train.shape=(774,),X_groups_test.shape=no_test,y_test.shape=no_test
[ 2019-12-20 16:19:58,404][cascade_classifier.fit_transform] group_dims=[358]
[ 2019-12-20 16:19:58,404][cascade_classifier.fit_transform] group_starts=[0]
[ 2019-12-20 16:19:58,404][cascade_classifier.fit_transform] group_ends=[358]
[ 2019-12-20 16:19:58,404][cascade_classifier.fit_transform] X_train.shape=(774, 358),X_test.shape=(0, 358)
[ 2019-12-20 16:19:58,404][cascade_classifier.fit_transform] [layer=0] look_indexs=[0], X_cur_train.shape=(774, 358), X_cur_test.shape=(0, 358)
[ 2019-12-20 16:20:06,202][kfold_wrapper.log_eval_metrics] Accuracy(layer_0 - estimator_0 - 1_folds.train_0.predict)=100.00%
[ 2019-12-20 16:20:06,202][kfold_wrapper.log_eval_metrics] Accuracy(layer_0 - estimator_0 - 1_folds.train_cv.predict)=100.00%
[ 2019-12-20 16:20:13,906][kfold_wrapper.log_eval_metrics] Accuracy(layer_0 - estimator_1 - 1_folds.train_0.predict)=100.00%
[ 2019-12-20 16:20:13,906][kfold_wrapper.log_eval_metrics] Accuracy(layer_0 - estimator_1 - 1_folds.train_cv.predict)=100.00%
