[ 2019-12-30 20:36:37,027][cascade_classifier.fit_transform] X_groups_train.shape=[(774, 28)],y_train.shape=(774,),X_groups_test.shape=[(87, 28)],y_test.shape=(87,)
[ 2019-12-30 20:36:37,043][cascade_classifier.fit_transform] group_dims=[28]
[ 2019-12-30 20:36:37,043][cascade_classifier.fit_transform] group_starts=[0]
[ 2019-12-30 20:36:37,043][cascade_classifier.fit_transform] group_ends=[28]
[ 2019-12-30 20:36:37,043][cascade_classifier.fit_transform] X_train.shape=(774, 28),X_test.shape=(87, 28)
[ 2019-12-30 20:36:37,043][cascade_classifier.fit_transform] [layer=0] look_indexs=[0], X_cur_train.shape=(774, 28), X_cur_test.shape=(87, 28)
[ 2019-12-30 20:36:41,232][kfold_wrapper.log_eval_metrics] Accuracy(layer_0 - estimator_0 - 3_folds.train_0.predict)=79.46%
[ 2019-12-30 20:36:46,375][kfold_wrapper.log_eval_metrics] Accuracy(layer_0 - estimator_0 - 3_folds.train_1.predict)=87.21%
[ 2019-12-30 20:36:51,455][kfold_wrapper.log_eval_metrics] Accuracy(layer_0 - estimator_0 - 3_folds.train_2.predict)=83.33%
[ 2019-12-30 20:36:52,104][kfold_wrapper.log_eval_metrics] Accuracy(layer_0 - estimator_0 - 3_folds.train_cv.predict)=83.33%
[ 2019-12-30 20:36:52,104][kfold_wrapper.log_eval_metrics] Accuracy(layer_0 - estimator_0 - 3_folds.test.predict)=80.46%
[ 2019-12-30 20:36:56,153][kfold_wrapper.log_eval_metrics] Accuracy(layer_0 - estimator_1 - 3_folds.train_0.predict)=80.62%
[ 2019-12-30 20:37:00,848][kfold_wrapper.log_eval_metrics] Accuracy(layer_0 - estimator_1 - 3_folds.train_1.predict)=83.33%
[ 2019-12-30 20:37:05,700][kfold_wrapper.log_eval_metrics] Accuracy(layer_0 - estimator_1 - 3_folds.train_2.predict)=83.33%
[ 2019-12-30 20:37:06,257][kfold_wrapper.log_eval_metrics] Accuracy(layer_0 - estimator_1 - 3_folds.train_cv.predict)=82.43%
[ 2019-12-30 20:37:06,257][kfold_wrapper.log_eval_metrics] Accuracy(layer_0 - estimator_1 - 3_folds.test.predict)=80.46%
[ 2019-12-30 20:37:06,657][kfold_wrapper.log_eval_metrics] Accuracy(layer_0 - estimator_2 - 3_folds.train_0.predict)=81.78%
[ 2019-12-30 20:37:07,064][kfold_wrapper.log_eval_metrics] Accuracy(layer_0 - estimator_2 - 3_folds.train_1.predict)=84.11%
[ 2019-12-30 20:37:07,467][kfold_wrapper.log_eval_metrics] Accuracy(layer_0 - estimator_2 - 3_folds.train_2.predict)=82.56%
[ 2019-12-30 20:37:07,467][kfold_wrapper.log_eval_metrics] Accuracy(layer_0 - estimator_2 - 3_folds.train_cv.predict)=82.82%
[ 2019-12-30 20:37:07,467][kfold_wrapper.log_eval_metrics] Accuracy(layer_0 - estimator_2 - 3_folds.test.predict)=75.86%
[ 2019-12-30 20:37:07,467][cascade_classifier.calc_accuracy] Accuracy(layer_0 - train.classifier_average)=83.20%
[ 2019-12-30 20:37:07,467][cascade_classifier.calc_accuracy] Accuracy(layer_0 - test.classifier_average)=77.01%
[ 2019-12-30 20:37:07,467][cascade_classifier.fit_transform] [layer=1] look_indexs=[0], X_cur_train.shape=(774, 34), X_cur_test.shape=(87, 34)
[ 2019-12-30 20:37:11,768][kfold_wrapper.log_eval_metrics] Accuracy(layer_1 - estimator_0 - 3_folds.train_0.predict)=81.78%
[ 2019-12-30 20:37:16,406][kfold_wrapper.log_eval_metrics] Accuracy(layer_1 - estimator_0 - 3_folds.train_1.predict)=81.01%
[ 2019-12-30 20:37:21,157][kfold_wrapper.log_eval_metrics] Accuracy(layer_1 - estimator_0 - 3_folds.train_2.predict)=85.66%
[ 2019-12-30 20:37:21,703][kfold_wrapper.log_eval_metrics] Accuracy(layer_1 - estimator_0 - 3_folds.train_cv.predict)=82.82%
[ 2019-12-30 20:37:21,703][kfold_wrapper.log_eval_metrics] Accuracy(layer_1 - estimator_0 - 3_folds.test.predict)=77.01%
[ 2019-12-30 20:37:25,902][kfold_wrapper.log_eval_metrics] Accuracy(layer_1 - estimator_1 - 3_folds.train_0.predict)=85.66%
[ 2019-12-30 20:37:30,781][kfold_wrapper.log_eval_metrics] Accuracy(layer_1 - estimator_1 - 3_folds.train_1.predict)=83.72%
[ 2019-12-30 20:37:35,846][kfold_wrapper.log_eval_metrics] Accuracy(layer_1 - estimator_1 - 3_folds.train_2.predict)=79.84%
[ 2019-12-30 20:37:36,410][kfold_wrapper.log_eval_metrics] Accuracy(layer_1 - estimator_1 - 3_folds.train_cv.predict)=83.07%
[ 2019-12-30 20:37:36,410][kfold_wrapper.log_eval_metrics] Accuracy(layer_1 - estimator_1 - 3_folds.test.predict)=77.01%
[ 2019-12-30 20:37:36,803][kfold_wrapper.log_eval_metrics] Accuracy(layer_1 - estimator_2 - 3_folds.train_0.predict)=82.56%
[ 2019-12-30 20:37:37,217][kfold_wrapper.log_eval_metrics] Accuracy(layer_1 - estimator_2 - 3_folds.train_1.predict)=82.56%
[ 2019-12-30 20:37:37,611][kfold_wrapper.log_eval_metrics] Accuracy(layer_1 - estimator_2 - 3_folds.train_2.predict)=82.95%
[ 2019-12-30 20:37:37,611][kfold_wrapper.log_eval_metrics] Accuracy(layer_1 - estimator_2 - 3_folds.train_cv.predict)=82.69%
[ 2019-12-30 20:37:37,611][kfold_wrapper.log_eval_metrics] Accuracy(layer_1 - estimator_2 - 3_folds.test.predict)=79.31%
[ 2019-12-30 20:37:37,611][cascade_classifier.calc_accuracy] Accuracy(layer_1 - train.classifier_average)=82.95%
[ 2019-12-30 20:37:37,611][cascade_classifier.calc_accuracy] Accuracy(layer_1 - test.classifier_average)=77.01%
[ 2019-12-30 20:37:37,611][cascade_classifier.fit_transform] [layer=2] look_indexs=[0], X_cur_train.shape=(774, 34), X_cur_test.shape=(87, 34)
[ 2019-12-30 20:37:41,678][kfold_wrapper.log_eval_metrics] Accuracy(layer_2 - estimator_0 - 3_folds.train_0.predict)=80.23%
[ 2019-12-30 20:37:46,519][kfold_wrapper.log_eval_metrics] Accuracy(layer_2 - estimator_0 - 3_folds.train_1.predict)=82.95%
[ 2019-12-30 20:37:51,112][kfold_wrapper.log_eval_metrics] Accuracy(layer_2 - estimator_0 - 3_folds.train_2.predict)=82.56%
[ 2019-12-30 20:37:51,649][kfold_wrapper.log_eval_metrics] Accuracy(layer_2 - estimator_0 - 3_folds.train_cv.predict)=81.91%
[ 2019-12-30 20:37:51,650][kfold_wrapper.log_eval_metrics] Accuracy(layer_2 - estimator_0 - 3_folds.test.predict)=78.16%
[ 2019-12-30 20:37:55,698][kfold_wrapper.log_eval_metrics] Accuracy(layer_2 - estimator_1 - 3_folds.train_0.predict)=83.72%
