[ 2019-12-18 12:16:27,200][cascade_classifier.fit_transform] X_groups_train.shape=[(774, 358)],y_train.shape=(774,),X_groups_test.shape=[(87, 358)],y_test.shape=(87,)
[ 2019-12-18 12:16:27,202][cascade_classifier.fit_transform] group_dims=[358]
[ 2019-12-18 12:16:27,202][cascade_classifier.fit_transform] group_starts=[0]
[ 2019-12-18 12:16:27,202][cascade_classifier.fit_transform] group_ends=[358]
[ 2019-12-18 12:16:27,202][cascade_classifier.fit_transform] X_train.shape=(774, 358),X_test.shape=(87, 358)
[ 2019-12-18 12:16:27,204][cascade_classifier.fit_transform] [layer=0] look_indexs=[0], X_cur_train.shape=(774, 358), X_cur_test.shape=(87, 358)
[ 2019-12-18 12:16:29,526][kfold_wrapper.log_eval_metrics] Accuracy(layer_0 - estimator_0 - 3_folds.train_0.predict)=80.62%
[ 2019-12-18 12:16:32,113][kfold_wrapper.log_eval_metrics] Accuracy(layer_0 - estimator_0 - 3_folds.train_1.predict)=82.17%
[ 2019-12-18 12:16:34,677][kfold_wrapper.log_eval_metrics] Accuracy(layer_0 - estimator_0 - 3_folds.train_2.predict)=81.40%
[ 2019-12-18 12:16:34,986][kfold_wrapper.log_eval_metrics] Accuracy(layer_0 - estimator_0 - 3_folds.train_cv.predict)=81.40%
[ 2019-12-18 12:16:34,986][kfold_wrapper.log_eval_metrics] Accuracy(layer_0 - estimator_0 - 3_folds.test.predict)=83.91%
[ 2019-12-18 12:16:37,441][kfold_wrapper.log_eval_metrics] Accuracy(layer_0 - estimator_1 - 3_folds.train_0.predict)=83.33%
[ 2019-12-18 12:16:40,299][kfold_wrapper.log_eval_metrics] Accuracy(layer_0 - estimator_1 - 3_folds.train_1.predict)=82.95%
[ 2019-12-18 12:16:43,170][kfold_wrapper.log_eval_metrics] Accuracy(layer_0 - estimator_1 - 3_folds.train_2.predict)=78.29%
[ 2019-12-18 12:16:43,587][kfold_wrapper.log_eval_metrics] Accuracy(layer_0 - estimator_1 - 3_folds.train_cv.predict)=81.52%
[ 2019-12-18 12:16:43,588][kfold_wrapper.log_eval_metrics] Accuracy(layer_0 - estimator_1 - 3_folds.test.predict)=83.91%
[ 2019-12-18 12:16:51,125][kfold_wrapper.log_eval_metrics] Accuracy(layer_0 - estimator_2 - 3_folds.train_0.predict)=81.01%
[ 2019-12-18 12:16:58,816][kfold_wrapper.log_eval_metrics] Accuracy(layer_0 - estimator_2 - 3_folds.train_1.predict)=81.01%
[ 2019-12-18 12:17:06,569][kfold_wrapper.log_eval_metrics] Accuracy(layer_0 - estimator_2 - 3_folds.train_2.predict)=79.07%
[ 2019-12-18 12:17:06,701][kfold_wrapper.log_eval_metrics] Accuracy(layer_0 - estimator_2 - 3_folds.train_cv.predict)=80.36%
[ 2019-12-18 12:17:06,702][kfold_wrapper.log_eval_metrics] Accuracy(layer_0 - estimator_2 - 3_folds.test.predict)=85.06%
[ 2019-12-18 12:17:08,200][kfold_wrapper.log_eval_metrics] Accuracy(layer_0 - estimator_3 - 3_folds.train_0.predict)=77.91%
[ 2019-12-18 12:17:09,770][kfold_wrapper.log_eval_metrics] Accuracy(layer_0 - estimator_3 - 3_folds.train_1.predict)=80.62%
[ 2019-12-18 12:17:11,397][kfold_wrapper.log_eval_metrics] Accuracy(layer_0 - estimator_3 - 3_folds.train_2.predict)=80.62%
[ 2019-12-18 12:17:11,400][kfold_wrapper.log_eval_metrics] Accuracy(layer_0 - estimator_3 - 3_folds.train_cv.predict)=79.72%
[ 2019-12-18 12:17:11,401][kfold_wrapper.log_eval_metrics] Accuracy(layer_0 - estimator_3 - 3_folds.test.predict)=81.61%
[ 2019-12-18 12:17:11,401][cascade_classifier.calc_accuracy] Accuracy(layer_0 - train.classifier_average)=81.78%
[ 2019-12-18 12:17:11,401][cascade_classifier.calc_accuracy] Accuracy(layer_0 - test.classifier_average)=83.91%
[ 2019-12-18 12:17:11,403][cascade_classifier.fit_transform] [layer=1] look_indexs=[0], X_cur_train.shape=(774, 366), X_cur_test.shape=(87, 366)
[ 2019-12-18 12:17:13,741][kfold_wrapper.log_eval_metrics] Accuracy(layer_1 - estimator_0 - 3_folds.train_0.predict)=80.62%
[ 2019-12-18 12:17:16,437][kfold_wrapper.log_eval_metrics] Accuracy(layer_1 - estimator_0 - 3_folds.train_1.predict)=80.62%
[ 2019-12-18 12:17:19,092][kfold_wrapper.log_eval_metrics] Accuracy(layer_1 - estimator_0 - 3_folds.train_2.predict)=81.78%
[ 2019-12-18 12:17:19,409][kfold_wrapper.log_eval_metrics] Accuracy(layer_1 - estimator_0 - 3_folds.train_cv.predict)=81.01%
[ 2019-12-18 12:17:19,409][kfold_wrapper.log_eval_metrics] Accuracy(layer_1 - estimator_0 - 3_folds.test.predict)=83.91%
[ 2019-12-18 12:17:21,964][kfold_wrapper.log_eval_metrics] Accuracy(layer_1 - estimator_1 - 3_folds.train_0.predict)=77.91%
[ 2019-12-18 12:17:24,827][kfold_wrapper.log_eval_metrics] Accuracy(layer_1 - estimator_1 - 3_folds.train_1.predict)=82.56%
[ 2019-12-18 12:17:27,702][kfold_wrapper.log_eval_metrics] Accuracy(layer_1 - estimator_1 - 3_folds.train_2.predict)=81.01%
[ 2019-12-18 12:17:28,111][kfold_wrapper.log_eval_metrics] Accuracy(layer_1 - estimator_1 - 3_folds.train_cv.predict)=80.49%
[ 2019-12-18 12:17:28,111][kfold_wrapper.log_eval_metrics] Accuracy(layer_1 - estimator_1 - 3_folds.test.predict)=81.61%
[ 2019-12-18 12:17:35,943][kfold_wrapper.log_eval_metrics] Accuracy(layer_1 - estimator_2 - 3_folds.train_0.predict)=79.07%
[ 2019-12-18 12:17:43,760][kfold_wrapper.log_eval_metrics] Accuracy(layer_1 - estimator_2 - 3_folds.train_1.predict)=84.50%
[ 2019-12-18 12:17:51,630][kfold_wrapper.log_eval_metrics] Accuracy(layer_1 - estimator_2 - 3_folds.train_2.predict)=78.68%
[ 2019-12-18 12:17:51,755][kfold_wrapper.log_eval_metrics] Accuracy(layer_1 - estimator_2 - 3_folds.train_cv.predict)=80.75%
[ 2019-12-18 12:17:51,756][kfold_wrapper.log_eval_metrics] Accuracy(layer_1 - estimator_2 - 3_folds.test.predict)=81.61%
[ 2019-12-18 12:17:53,330][kfold_wrapper.log_eval_metrics] Accuracy(layer_1 - estimator_3 - 3_folds.train_0.predict)=81.01%
[ 2019-12-18 12:17:54,754][kfold_wrapper.log_eval_metrics] Accuracy(layer_1 - estimator_3 - 3_folds.train_1.predict)=82.17%
[ 2019-12-18 12:17:56,322][kfold_wrapper.log_eval_metrics] Accuracy(layer_1 - estimator_3 - 3_folds.train_2.predict)=79.84%
[ 2019-12-18 12:17:56,324][kfold_wrapper.log_eval_metrics] Accuracy(layer_1 - estimator_3 - 3_folds.train_cv.predict)=81.01%
[ 2019-12-18 12:17:56,324][kfold_wrapper.log_eval_metrics] Accuracy(layer_1 - estimator_3 - 3_folds.test.predict)=81.61%
[ 2019-12-18 12:17:56,325][cascade_classifier.calc_accuracy] Accuracy(layer_1 - train.classifier_average)=81.52%
[ 2019-12-18 12:17:56,325][cascade_classifier.calc_accuracy] Accuracy(layer_1 - test.classifier_average)=83.91%
[ 2019-12-18 12:17:56,327][cascade_classifier.fit_transform] [layer=2] look_indexs=[0], X_cur_train.shape=(774, 366), X_cur_test.shape=(87, 366)
[ 2019-12-18 12:17:58,619][kfold_wrapper.log_eval_metrics] Accuracy(layer_2 - estimator_0 - 3_folds.train_0.predict)=83.33%
[ 2019-12-18 12:18:01,306][kfold_wrapper.log_eval_metrics] Accuracy(layer_2 - estimator_0 - 3_folds.train_1.predict)=81.01%
[ 2019-12-18 12:18:04,012][kfold_wrapper.log_eval_metrics] Accuracy(layer_2 - estimator_0 - 3_folds.train_2.predict)=83.33%
[ 2019-12-18 12:18:04,338][kfold_wrapper.log_eval_metrics] Accuracy(layer_2 - estimator_0 - 3_folds.train_cv.predict)=82.56%
[ 2019-12-18 12:18:04,338][kfold_wrapper.log_eval_metrics] Accuracy(layer_2 - estimator_0 - 3_folds.test.predict)=85.06%
[ 2019-12-18 12:18:06,794][kfold_wrapper.log_eval_metrics] Accuracy(layer_2 - estimator_1 - 3_folds.train_0.predict)=83.72%
[ 2019-12-18 12:18:09,580][kfold_wrapper.log_eval_metrics] Accuracy(layer_2 - estimator_1 - 3_folds.train_1.predict)=81.78%
[ 2019-12-18 12:18:12,446][kfold_wrapper.log_eval_metrics] Accuracy(layer_2 - estimator_1 - 3_folds.train_2.predict)=81.01%
[ 2019-12-18 12:18:12,757][kfold_wrapper.log_eval_metrics] Accuracy(layer_2 - estimator_1 - 3_folds.train_cv.predict)=82.17%
[ 2019-12-18 12:18:12,758][kfold_wrapper.log_eval_metrics] Accuracy(layer_2 - estimator_1 - 3_folds.test.predict)=83.91%
[ 2019-12-18 12:18:20,446][kfold_wrapper.log_eval_metrics] Accuracy(layer_2 - estimator_2 - 3_folds.train_0.predict)=81.78%
[ 2019-12-18 12:18:28,396][kfold_wrapper.log_eval_metrics] Accuracy(layer_2 - estimator_2 - 3_folds.train_1.predict)=77.13%
[ 2019-12-18 12:18:36,289][kfold_wrapper.log_eval_metrics] Accuracy(layer_2 - estimator_2 - 3_folds.train_2.predict)=80.62%
[ 2019-12-18 12:18:36,426][kfold_wrapper.log_eval_metrics] Accuracy(layer_2 - estimator_2 - 3_folds.train_cv.predict)=79.84%
[ 2019-12-18 12:18:36,426][kfold_wrapper.log_eval_metrics] Accuracy(layer_2 - estimator_2 - 3_folds.test.predict)=82.76%
[ 2019-12-18 12:18:37,988][kfold_wrapper.log_eval_metrics] Accuracy(layer_2 - estimator_3 - 3_folds.train_0.predict)=82.17%
[ 2019-12-18 12:18:39,524][kfold_wrapper.log_eval_metrics] Accuracy(layer_2 - estimator_3 - 3_folds.train_1.predict)=82.95%
[ 2019-12-18 12:18:41,031][kfold_wrapper.log_eval_metrics] Accuracy(layer_2 - estimator_3 - 3_folds.train_2.predict)=77.52%
[ 2019-12-18 12:18:41,033][kfold_wrapper.log_eval_metrics] Accuracy(layer_2 - estimator_3 - 3_folds.train_cv.predict)=80.88%
[ 2019-12-18 12:18:41,034][kfold_wrapper.log_eval_metrics] Accuracy(layer_2 - estimator_3 - 3_folds.test.predict)=82.76%
[ 2019-12-18 12:18:41,034][cascade_classifier.calc_accuracy] Accuracy(layer_2 - train.classifier_average)=82.04%
[ 2019-12-18 12:18:41,034][cascade_classifier.calc_accuracy] Accuracy(layer_2 - test.classifier_average)=83.91%
[ 2019-12-18 12:18:41,036][cascade_classifier.fit_transform] [layer=3] look_indexs=[0], X_cur_train.shape=(774, 366), X_cur_test.shape=(87, 366)
[ 2019-12-18 12:18:43,318][kfold_wrapper.log_eval_metrics] Accuracy(layer_3 - estimator_0 - 3_folds.train_0.predict)=77.52%
[ 2019-12-18 12:18:45,989][kfold_wrapper.log_eval_metrics] Accuracy(layer_3 - estimator_0 - 3_folds.train_1.predict)=83.33%
[ 2019-12-18 12:18:48,675][kfold_wrapper.log_eval_metrics] Accuracy(layer_3 - estimator_0 - 3_folds.train_2.predict)=83.72%
[ 2019-12-18 12:18:48,986][kfold_wrapper.log_eval_metrics] Accuracy(layer_3 - estimator_0 - 3_folds.train_cv.predict)=81.52%
[ 2019-12-18 12:18:48,986][kfold_wrapper.log_eval_metrics] Accuracy(layer_3 - estimator_0 - 3_folds.test.predict)=82.76%
[ 2019-12-18 12:18:51,455][kfold_wrapper.log_eval_metrics] Accuracy(layer_3 - estimator_1 - 3_folds.train_0.predict)=82.95%
[ 2019-12-18 12:18:54,223][kfold_wrapper.log_eval_metrics] Accuracy(layer_3 - estimator_1 - 3_folds.train_1.predict)=80.23%
[ 2019-12-18 12:18:56,982][kfold_wrapper.log_eval_metrics] Accuracy(layer_3 - estimator_1 - 3_folds.train_2.predict)=79.84%
[ 2019-12-18 12:18:57,301][kfold_wrapper.log_eval_metrics] Accuracy(layer_3 - estimator_1 - 3_folds.train_cv.predict)=81.01%
[ 2019-12-18 12:18:57,301][kfold_wrapper.log_eval_metrics] Accuracy(layer_3 - estimator_1 - 3_folds.test.predict)=83.91%
[ 2019-12-18 12:19:05,057][kfold_wrapper.log_eval_metrics] Accuracy(layer_3 - estimator_2 - 3_folds.train_0.predict)=82.56%
[ 2019-12-18 12:19:12,866][kfold_wrapper.log_eval_metrics] Accuracy(layer_3 - estimator_2 - 3_folds.train_1.predict)=82.56%
[ 2019-12-18 12:19:20,959][kfold_wrapper.log_eval_metrics] Accuracy(layer_3 - estimator_2 - 3_folds.train_2.predict)=77.13%
[ 2019-12-18 12:19:21,091][kfold_wrapper.log_eval_metrics] Accuracy(layer_3 - estimator_2 - 3_folds.train_cv.predict)=80.75%
[ 2019-12-18 12:19:21,091][kfold_wrapper.log_eval_metrics] Accuracy(layer_3 - estimator_2 - 3_folds.test.predict)=82.76%
[ 2019-12-18 12:19:22,609][kfold_wrapper.log_eval_metrics] Accuracy(layer_3 - estimator_3 - 3_folds.train_0.predict)=79.84%
[ 2019-12-18 12:19:24,382][kfold_wrapper.log_eval_metrics] Accuracy(layer_3 - estimator_3 - 3_folds.train_1.predict)=84.50%
[ 2019-12-18 12:19:26,097][kfold_wrapper.log_eval_metrics] Accuracy(layer_3 - estimator_3 - 3_folds.train_2.predict)=80.23%
[ 2019-12-18 12:19:26,099][kfold_wrapper.log_eval_metrics] Accuracy(layer_3 - estimator_3 - 3_folds.train_cv.predict)=81.52%
[ 2019-12-18 12:19:26,099][kfold_wrapper.log_eval_metrics] Accuracy(layer_3 - estimator_3 - 3_folds.test.predict)=82.76%
[ 2019-12-18 12:19:26,100][cascade_classifier.calc_accuracy] Accuracy(layer_3 - train.classifier_average)=81.78%
[ 2019-12-18 12:19:26,100][cascade_classifier.calc_accuracy] Accuracy(layer_3 - test.classifier_average)=83.91%
[ 2019-12-18 12:19:26,109][cascade_classifier.fit_transform] [layer=4] look_indexs=[0], X_cur_train.shape=(774, 366), X_cur_test.shape=(87, 366)
[ 2019-12-18 12:19:28,482][kfold_wrapper.log_eval_metrics] Accuracy(layer_4 - estimator_0 - 3_folds.train_0.predict)=80.62%
[ 2019-12-18 12:19:31,080][kfold_wrapper.log_eval_metrics] Accuracy(layer_4 - estimator_0 - 3_folds.train_1.predict)=81.78%
[ 2019-12-18 12:19:33,668][kfold_wrapper.log_eval_metrics] Accuracy(layer_4 - estimator_0 - 3_folds.train_2.predict)=83.33%
[ 2019-12-18 12:19:34,077][kfold_wrapper.log_eval_metrics] Accuracy(layer_4 - estimator_0 - 3_folds.train_cv.predict)=81.91%
[ 2019-12-18 12:19:34,078][kfold_wrapper.log_eval_metrics] Accuracy(layer_4 - estimator_0 - 3_folds.test.predict)=83.91%
[ 2019-12-18 12:19:36,521][kfold_wrapper.log_eval_metrics] Accuracy(layer_4 - estimator_1 - 3_folds.train_0.predict)=85.27%
[ 2019-12-18 12:19:39,584][kfold_wrapper.log_eval_metrics] Accuracy(layer_4 - estimator_1 - 3_folds.train_1.predict)=77.91%
[ 2019-12-18 12:19:42,560][kfold_wrapper.log_eval_metrics] Accuracy(layer_4 - estimator_1 - 3_folds.train_2.predict)=82.17%
[ 2019-12-18 12:19:42,877][kfold_wrapper.log_eval_metrics] Accuracy(layer_4 - estimator_1 - 3_folds.train_cv.predict)=81.78%
[ 2019-12-18 12:19:42,878][kfold_wrapper.log_eval_metrics] Accuracy(layer_4 - estimator_1 - 3_folds.test.predict)=82.76%
[ 2019-12-18 12:19:50,567][kfold_wrapper.log_eval_metrics] Accuracy(layer_4 - estimator_2 - 3_folds.train_0.predict)=79.07%
[ 2019-12-18 12:19:58,534][kfold_wrapper.log_eval_metrics] Accuracy(layer_4 - estimator_2 - 3_folds.train_1.predict)=80.62%
[ 2019-12-18 12:20:06,418][kfold_wrapper.log_eval_metrics] Accuracy(layer_4 - estimator_2 - 3_folds.train_2.predict)=79.46%
[ 2019-12-18 12:20:06,536][kfold_wrapper.log_eval_metrics] Accuracy(layer_4 - estimator_2 - 3_folds.train_cv.predict)=79.72%
[ 2019-12-18 12:20:06,537][kfold_wrapper.log_eval_metrics] Accuracy(layer_4 - estimator_2 - 3_folds.test.predict)=82.76%
[ 2019-12-18 12:20:08,020][kfold_wrapper.log_eval_metrics] Accuracy(layer_4 - estimator_3 - 3_folds.train_0.predict)=79.46%
[ 2019-12-18 12:20:09,581][kfold_wrapper.log_eval_metrics] Accuracy(layer_4 - estimator_3 - 3_folds.train_1.predict)=82.95%
[ 2019-12-18 12:20:11,141][kfold_wrapper.log_eval_metrics] Accuracy(layer_4 - estimator_3 - 3_folds.train_2.predict)=80.62%
[ 2019-12-18 12:20:11,143][kfold_wrapper.log_eval_metrics] Accuracy(layer_4 - estimator_3 - 3_folds.train_cv.predict)=81.01%
[ 2019-12-18 12:20:11,143][kfold_wrapper.log_eval_metrics] Accuracy(layer_4 - estimator_3 - 3_folds.test.predict)=81.61%
[ 2019-12-18 12:20:11,144][cascade_classifier.calc_accuracy] Accuracy(layer_4 - train.classifier_average)=82.30%
[ 2019-12-18 12:20:11,144][cascade_classifier.calc_accuracy] Accuracy(layer_4 - test.classifier_average)=82.76%
[ 2019-12-18 12:20:11,146][cascade_classifier.fit_transform] [layer=5] look_indexs=[0], X_cur_train.shape=(774, 366), X_cur_test.shape=(87, 366)
[ 2019-12-18 12:20:13,444][kfold_wrapper.log_eval_metrics] Accuracy(layer_5 - estimator_0 - 3_folds.train_0.predict)=86.82%
[ 2019-12-18 12:20:16,027][kfold_wrapper.log_eval_metrics] Accuracy(layer_5 - estimator_0 - 3_folds.train_1.predict)=77.91%
[ 2019-12-18 12:20:18,736][kfold_wrapper.log_eval_metrics] Accuracy(layer_5 - estimator_0 - 3_folds.train_2.predict)=80.62%
[ 2019-12-18 12:20:19,146][kfold_wrapper.log_eval_metrics] Accuracy(layer_5 - estimator_0 - 3_folds.train_cv.predict)=81.78%
[ 2019-12-18 12:20:19,147][kfold_wrapper.log_eval_metrics] Accuracy(layer_5 - estimator_0 - 3_folds.test.predict)=81.61%
[ 2019-12-18 12:20:21,722][kfold_wrapper.log_eval_metrics] Accuracy(layer_5 - estimator_1 - 3_folds.train_0.predict)=79.07%
[ 2019-12-18 12:20:24,711][kfold_wrapper.log_eval_metrics] Accuracy(layer_5 - estimator_1 - 3_folds.train_1.predict)=84.11%
[ 2019-12-18 12:20:27,593][kfold_wrapper.log_eval_metrics] Accuracy(layer_5 - estimator_1 - 3_folds.train_2.predict)=79.46%
[ 2019-12-18 12:20:27,901][kfold_wrapper.log_eval_metrics] Accuracy(layer_5 - estimator_1 - 3_folds.train_cv.predict)=80.88%
[ 2019-12-18 12:20:27,901][kfold_wrapper.log_eval_metrics] Accuracy(layer_5 - estimator_1 - 3_folds.test.predict)=85.06%
[ 2019-12-18 12:20:35,711][kfold_wrapper.log_eval_metrics] Accuracy(layer_5 - estimator_2 - 3_folds.train_0.predict)=78.29%
[ 2019-12-18 12:20:43,691][kfold_wrapper.log_eval_metrics] Accuracy(layer_5 - estimator_2 - 3_folds.train_1.predict)=78.29%
[ 2019-12-18 12:20:51,524][kfold_wrapper.log_eval_metrics] Accuracy(layer_5 - estimator_2 - 3_folds.train_2.predict)=84.88%
[ 2019-12-18 12:20:51,657][kfold_wrapper.log_eval_metrics] Accuracy(layer_5 - estimator_2 - 3_folds.train_cv.predict)=80.49%
[ 2019-12-18 12:20:51,657][kfold_wrapper.log_eval_metrics] Accuracy(layer_5 - estimator_2 - 3_folds.test.predict)=85.06%
[ 2019-12-18 12:20:53,140][kfold_wrapper.log_eval_metrics] Accuracy(layer_5 - estimator_3 - 3_folds.train_0.predict)=82.17%
[ 2019-12-18 12:20:54,707][kfold_wrapper.log_eval_metrics] Accuracy(layer_5 - estimator_3 - 3_folds.train_1.predict)=81.01%
[ 2019-12-18 12:20:56,288][kfold_wrapper.log_eval_metrics] Accuracy(layer_5 - estimator_3 - 3_folds.train_2.predict)=79.84%
[ 2019-12-18 12:20:56,290][kfold_wrapper.log_eval_metrics] Accuracy(layer_5 - estimator_3 - 3_folds.train_cv.predict)=81.01%
[ 2019-12-18 12:20:56,291][kfold_wrapper.log_eval_metrics] Accuracy(layer_5 - estimator_3 - 3_folds.test.predict)=82.76%
[ 2019-12-18 12:20:56,291][cascade_classifier.calc_accuracy] Accuracy(layer_5 - train.classifier_average)=81.40%
[ 2019-12-18 12:20:56,291][cascade_classifier.calc_accuracy] Accuracy(layer_5 - test.classifier_average)=82.76%
[ 2019-12-18 12:20:56,293][cascade_classifier.fit_transform] [layer=6] look_indexs=[0], X_cur_train.shape=(774, 366), X_cur_test.shape=(87, 366)
[ 2019-12-18 12:20:58,582][kfold_wrapper.log_eval_metrics] Accuracy(layer_6 - estimator_0 - 3_folds.train_0.predict)=83.33%
[ 2019-12-18 12:21:01,288][kfold_wrapper.log_eval_metrics] Accuracy(layer_6 - estimator_0 - 3_folds.train_1.predict)=84.11%
[ 2019-12-18 12:21:03,879][kfold_wrapper.log_eval_metrics] Accuracy(layer_6 - estimator_0 - 3_folds.train_2.predict)=80.62%
[ 2019-12-18 12:21:04,194][kfold_wrapper.log_eval_metrics] Accuracy(layer_6 - estimator_0 - 3_folds.train_cv.predict)=82.69%
[ 2019-12-18 12:21:04,195][kfold_wrapper.log_eval_metrics] Accuracy(layer_6 - estimator_0 - 3_folds.test.predict)=80.46%
[ 2019-12-18 12:21:06,772][kfold_wrapper.log_eval_metrics] Accuracy(layer_6 - estimator_1 - 3_folds.train_0.predict)=82.56%
[ 2019-12-18 12:21:09,743][kfold_wrapper.log_eval_metrics] Accuracy(layer_6 - estimator_1 - 3_folds.train_1.predict)=82.95%
[ 2019-12-18 12:21:12,615][kfold_wrapper.log_eval_metrics] Accuracy(layer_6 - estimator_1 - 3_folds.train_2.predict)=79.84%
[ 2019-12-18 12:21:12,931][kfold_wrapper.log_eval_metrics] Accuracy(layer_6 - estimator_1 - 3_folds.train_cv.predict)=81.78%
[ 2019-12-18 12:21:12,932][kfold_wrapper.log_eval_metrics] Accuracy(layer_6 - estimator_1 - 3_folds.test.predict)=83.91%
[ 2019-12-18 12:21:20,702][kfold_wrapper.log_eval_metrics] Accuracy(layer_6 - estimator_2 - 3_folds.train_0.predict)=80.62%
[ 2019-12-18 12:21:28,599][kfold_wrapper.log_eval_metrics] Accuracy(layer_6 - estimator_2 - 3_folds.train_1.predict)=80.62%
[ 2019-12-18 12:21:36,580][kfold_wrapper.log_eval_metrics] Accuracy(layer_6 - estimator_2 - 3_folds.train_2.predict)=82.17%
[ 2019-12-18 12:21:36,710][kfold_wrapper.log_eval_metrics] Accuracy(layer_6 - estimator_2 - 3_folds.train_cv.predict)=81.14%
[ 2019-12-18 12:21:36,710][kfold_wrapper.log_eval_metrics] Accuracy(layer_6 - estimator_2 - 3_folds.test.predict)=83.91%
[ 2019-12-18 12:21:38,374][kfold_wrapper.log_eval_metrics] Accuracy(layer_6 - estimator_3 - 3_folds.train_0.predict)=79.84%
[ 2019-12-18 12:21:40,113][kfold_wrapper.log_eval_metrics] Accuracy(layer_6 - estimator_3 - 3_folds.train_1.predict)=82.17%
[ 2019-12-18 12:21:41,814][kfold_wrapper.log_eval_metrics] Accuracy(layer_6 - estimator_3 - 3_folds.train_2.predict)=82.17%
[ 2019-12-18 12:21:41,817][kfold_wrapper.log_eval_metrics] Accuracy(layer_6 - estimator_3 - 3_folds.train_cv.predict)=81.40%
[ 2019-12-18 12:21:41,817][kfold_wrapper.log_eval_metrics] Accuracy(layer_6 - estimator_3 - 3_folds.test.predict)=83.91%
[ 2019-12-18 12:21:41,817][cascade_classifier.calc_accuracy] Accuracy(layer_6 - train.classifier_average)=82.04%
[ 2019-12-18 12:21:41,818][cascade_classifier.calc_accuracy] Accuracy(layer_6 - test.classifier_average)=81.61%
[ 2019-12-18 12:21:41,820][cascade_classifier.fit_transform] [layer=7] look_indexs=[0], X_cur_train.shape=(774, 366), X_cur_test.shape=(87, 366)
[ 2019-12-18 12:21:44,232][kfold_wrapper.log_eval_metrics] Accuracy(layer_7 - estimator_0 - 3_folds.train_0.predict)=81.78%
[ 2019-12-18 12:21:46,827][kfold_wrapper.log_eval_metrics] Accuracy(layer_7 - estimator_0 - 3_folds.train_1.predict)=79.46%
[ 2019-12-18 12:21:49,508][kfold_wrapper.log_eval_metrics] Accuracy(layer_7 - estimator_0 - 3_folds.train_2.predict)=86.43%
[ 2019-12-18 12:21:49,920][kfold_wrapper.log_eval_metrics] Accuracy(layer_7 - estimator_0 - 3_folds.train_cv.predict)=82.56%
[ 2019-12-18 12:21:49,921][kfold_wrapper.log_eval_metrics] Accuracy(layer_7 - estimator_0 - 3_folds.test.predict)=81.61%
[ 2019-12-18 12:21:52,402][kfold_wrapper.log_eval_metrics] Accuracy(layer_7 - estimator_1 - 3_folds.train_0.predict)=83.72%
[ 2019-12-18 12:21:55,177][kfold_wrapper.log_eval_metrics] Accuracy(layer_7 - estimator_1 - 3_folds.train_1.predict)=82.95%
[ 2019-12-18 12:21:57,957][kfold_wrapper.log_eval_metrics] Accuracy(layer_7 - estimator_1 - 3_folds.train_2.predict)=79.84%
[ 2019-12-18 12:21:58,267][kfold_wrapper.log_eval_metrics] Accuracy(layer_7 - estimator_1 - 3_folds.train_cv.predict)=82.17%
[ 2019-12-18 12:21:58,267][kfold_wrapper.log_eval_metrics] Accuracy(layer_7 - estimator_1 - 3_folds.test.predict)=81.61%
[ 2019-12-18 12:22:06,668][kfold_wrapper.log_eval_metrics] Accuracy(layer_7 - estimator_2 - 3_folds.train_0.predict)=81.78%
[ 2019-12-18 12:22:14,550][kfold_wrapper.log_eval_metrics] Accuracy(layer_7 - estimator_2 - 3_folds.train_1.predict)=80.23%
[ 2019-12-18 12:22:22,351][kfold_wrapper.log_eval_metrics] Accuracy(layer_7 - estimator_2 - 3_folds.train_2.predict)=77.13%
[ 2019-12-18 12:22:22,471][kfold_wrapper.log_eval_metrics] Accuracy(layer_7 - estimator_2 - 3_folds.train_cv.predict)=79.72%
[ 2019-12-18 12:22:22,472][kfold_wrapper.log_eval_metrics] Accuracy(layer_7 - estimator_2 - 3_folds.test.predict)=85.06%
[ 2019-12-18 12:22:24,066][kfold_wrapper.log_eval_metrics] Accuracy(layer_7 - estimator_3 - 3_folds.train_0.predict)=82.17%
[ 2019-12-18 12:22:25,411][kfold_wrapper.log_eval_metrics] Accuracy(layer_7 - estimator_3 - 3_folds.train_1.predict)=79.07%
[ 2019-12-18 12:22:26,915][kfold_wrapper.log_eval_metrics] Accuracy(layer_7 - estimator_3 - 3_folds.train_2.predict)=81.40%
[ 2019-12-18 12:22:26,917][kfold_wrapper.log_eval_metrics] Accuracy(layer_7 - estimator_3 - 3_folds.train_cv.predict)=80.88%
[ 2019-12-18 12:22:26,918][kfold_wrapper.log_eval_metrics] Accuracy(layer_7 - estimator_3 - 3_folds.test.predict)=82.76%
[ 2019-12-18 12:22:26,918][cascade_classifier.calc_accuracy] Accuracy(layer_7 - train.classifier_average)=81.78%
[ 2019-12-18 12:22:26,918][cascade_classifier.calc_accuracy] Accuracy(layer_7 - test.classifier_average)=82.76%
[ 2019-12-18 12:22:26,918][cascade_classifier.fit_transform] [Result][Optimal Level Detected] opt_layer_num=5, accuracy_train=82.30%, accuracy_test=82.76%
[ 2019-12-18 12:22:26,951][cascade_classifier.transform] X_groups_test.shape=[(87, 358)]
[ 2019-12-18 12:22:26,953][cascade_classifier.transform] group_dims=[358]
[ 2019-12-18 12:22:26,953][cascade_classifier.transform] X_test.shape=(87, 358)
[ 2019-12-18 12:22:26,954][cascade_classifier.transform] [layer=0] look_indexs=[0], X_cur_test.shape=(87, 358)
[ 2019-12-18 12:22:29,180][cascade_classifier.transform] [layer=1] look_indexs=[0], X_cur_test.shape=(87, 366)
[ 2019-12-18 12:22:31,503][cascade_classifier.transform] [layer=2] look_indexs=[0], X_cur_test.shape=(87, 366)
[ 2019-12-18 12:22:33,725][cascade_classifier.transform] [layer=3] look_indexs=[0], X_cur_test.shape=(87, 366)
[ 2019-12-18 12:22:36,051][cascade_classifier.transform] [layer=4] look_indexs=[0], X_cur_test.shape=(87, 366)
[ 2019-12-18 12:22:38,480][cascade_classifier.transform] X_groups_test.shape=[(87, 358)]
[ 2019-12-18 12:22:38,480][cascade_classifier.transform] group_dims=[358]
[ 2019-12-18 12:22:38,480][cascade_classifier.transform] X_test.shape=(87, 358)
[ 2019-12-18 12:22:38,481][cascade_classifier.transform] [layer=0] look_indexs=[0], X_cur_test.shape=(87, 358)
[ 2019-12-18 12:22:40,783][cascade_classifier.transform] [layer=1] look_indexs=[0], X_cur_test.shape=(87, 366)
[ 2019-12-18 12:22:43,012][cascade_classifier.transform] [layer=2] look_indexs=[0], X_cur_test.shape=(87, 366)
[ 2019-12-18 12:22:45,228][cascade_classifier.transform] [layer=3] look_indexs=[0], X_cur_test.shape=(87, 366)
[ 2019-12-18 12:22:47,450][cascade_classifier.transform] [layer=4] look_indexs=[0], X_cur_test.shape=(87, 366)
[ 2019-12-18 12:22:49,825][cascade_classifier.fit_transform] X_groups_train.shape=[(774, 358)],y_train.shape=(774,),X_groups_test.shape=[(87, 358)],y_test.shape=(87,)
[ 2019-12-18 12:22:49,826][cascade_classifier.fit_transform] group_dims=[358]
[ 2019-12-18 12:22:49,826][cascade_classifier.fit_transform] group_starts=[0]
[ 2019-12-18 12:22:49,827][cascade_classifier.fit_transform] group_ends=[358]
[ 2019-12-18 12:22:49,827][cascade_classifier.fit_transform] X_train.shape=(774, 358),X_test.shape=(87, 358)
[ 2019-12-18 12:22:49,829][cascade_classifier.fit_transform] [layer=0] look_indexs=[0], X_cur_train.shape=(774, 358), X_cur_test.shape=(87, 358)
[ 2019-12-18 12:22:52,213][kfold_wrapper.log_eval_metrics] Accuracy(layer_0 - estimator_0 - 3_folds.train_0.predict)=80.62%
[ 2019-12-18 12:22:54,889][kfold_wrapper.log_eval_metrics] Accuracy(layer_0 - estimator_0 - 3_folds.train_1.predict)=82.17%
[ 2019-12-18 12:22:57,457][kfold_wrapper.log_eval_metrics] Accuracy(layer_0 - estimator_0 - 3_folds.train_2.predict)=81.40%
[ 2019-12-18 12:22:57,770][kfold_wrapper.log_eval_metrics] Accuracy(layer_0 - estimator_0 - 3_folds.train_cv.predict)=81.40%
[ 2019-12-18 12:22:57,771][kfold_wrapper.log_eval_metrics] Accuracy(layer_0 - estimator_0 - 3_folds.test.predict)=83.91%
[ 2019-12-18 12:23:00,218][kfold_wrapper.log_eval_metrics] Accuracy(layer_0 - estimator_1 - 3_folds.train_0.predict)=83.33%
[ 2019-12-18 12:23:03,055][kfold_wrapper.log_eval_metrics] Accuracy(layer_0 - estimator_1 - 3_folds.train_1.predict)=82.95%
[ 2019-12-18 12:23:05,813][kfold_wrapper.log_eval_metrics] Accuracy(layer_0 - estimator_1 - 3_folds.train_2.predict)=78.29%
[ 2019-12-18 12:23:06,121][kfold_wrapper.log_eval_metrics] Accuracy(layer_0 - estimator_1 - 3_folds.train_cv.predict)=81.52%
[ 2019-12-18 12:23:06,122][kfold_wrapper.log_eval_metrics] Accuracy(layer_0 - estimator_1 - 3_folds.test.predict)=83.91%
[ 2019-12-18 12:23:13,599][kfold_wrapper.log_eval_metrics] Accuracy(layer_0 - estimator_2 - 3_folds.train_0.predict)=81.01%
[ 2019-12-18 12:23:21,227][kfold_wrapper.log_eval_metrics] Accuracy(layer_0 - estimator_2 - 3_folds.train_1.predict)=81.01%
[ 2019-12-18 12:23:28,886][kfold_wrapper.log_eval_metrics] Accuracy(layer_0 - estimator_2 - 3_folds.train_2.predict)=79.07%
[ 2019-12-18 12:23:29,013][kfold_wrapper.log_eval_metrics] Accuracy(layer_0 - estimator_2 - 3_folds.train_cv.predict)=80.36%
[ 2019-12-18 12:23:29,013][kfold_wrapper.log_eval_metrics] Accuracy(layer_0 - estimator_2 - 3_folds.test.predict)=85.06%
[ 2019-12-18 12:23:30,495][kfold_wrapper.log_eval_metrics] Accuracy(layer_0 - estimator_3 - 3_folds.train_0.predict)=77.91%
[ 2019-12-18 12:23:32,000][kfold_wrapper.log_eval_metrics] Accuracy(layer_0 - estimator_3 - 3_folds.train_1.predict)=80.62%
[ 2019-12-18 12:23:33,505][kfold_wrapper.log_eval_metrics] Accuracy(layer_0 - estimator_3 - 3_folds.train_2.predict)=80.62%
[ 2019-12-18 12:23:33,507][kfold_wrapper.log_eval_metrics] Accuracy(layer_0 - estimator_3 - 3_folds.train_cv.predict)=79.72%
[ 2019-12-18 12:23:33,508][kfold_wrapper.log_eval_metrics] Accuracy(layer_0 - estimator_3 - 3_folds.test.predict)=81.61%
[ 2019-12-18 12:23:33,509][cascade_classifier.calc_accuracy] Accuracy(layer_0 - train.classifier_average)=81.78%
[ 2019-12-18 12:23:33,509][cascade_classifier.calc_accuracy] Accuracy(layer_0 - test.classifier_average)=83.91%
[ 2019-12-18 12:23:33,511][cascade_classifier.fit_transform] [layer=1] look_indexs=[0], X_cur_train.shape=(774, 366), X_cur_test.shape=(87, 366)
[ 2019-12-18 12:23:35,768][kfold_wrapper.log_eval_metrics] Accuracy(layer_1 - estimator_0 - 3_folds.train_0.predict)=80.62%
[ 2019-12-18 12:23:38,352][kfold_wrapper.log_eval_metrics] Accuracy(layer_1 - estimator_0 - 3_folds.train_1.predict)=80.62%
[ 2019-12-18 12:23:40,929][kfold_wrapper.log_eval_metrics] Accuracy(layer_1 - estimator_0 - 3_folds.train_2.predict)=81.78%
[ 2019-12-18 12:23:41,247][kfold_wrapper.log_eval_metrics] Accuracy(layer_1 - estimator_0 - 3_folds.train_cv.predict)=81.01%
[ 2019-12-18 12:23:41,252][kfold_wrapper.log_eval_metrics] Accuracy(layer_1 - estimator_0 - 3_folds.test.predict)=83.91%
[ 2019-12-18 12:23:43,696][kfold_wrapper.log_eval_metrics] Accuracy(layer_1 - estimator_1 - 3_folds.train_0.predict)=77.91%
[ 2019-12-18 12:23:46,546][kfold_wrapper.log_eval_metrics] Accuracy(layer_1 - estimator_1 - 3_folds.train_1.predict)=82.56%
[ 2019-12-18 12:23:49,392][kfold_wrapper.log_eval_metrics] Accuracy(layer_1 - estimator_1 - 3_folds.train_2.predict)=81.01%
[ 2019-12-18 12:23:49,699][kfold_wrapper.log_eval_metrics] Accuracy(layer_1 - estimator_1 - 3_folds.train_cv.predict)=80.49%
[ 2019-12-18 12:23:49,700][kfold_wrapper.log_eval_metrics] Accuracy(layer_1 - estimator_1 - 3_folds.test.predict)=81.61%
[ 2019-12-18 12:23:57,449][kfold_wrapper.log_eval_metrics] Accuracy(layer_1 - estimator_2 - 3_folds.train_0.predict)=79.07%
[ 2019-12-18 12:24:05,197][kfold_wrapper.log_eval_metrics] Accuracy(layer_1 - estimator_2 - 3_folds.train_1.predict)=84.50%
[ 2019-12-18 12:24:13,160][kfold_wrapper.log_eval_metrics] Accuracy(layer_1 - estimator_2 - 3_folds.train_2.predict)=78.68%
[ 2019-12-18 12:24:13,287][kfold_wrapper.log_eval_metrics] Accuracy(layer_1 - estimator_2 - 3_folds.train_cv.predict)=80.75%
[ 2019-12-18 12:24:13,287][kfold_wrapper.log_eval_metrics] Accuracy(layer_1 - estimator_2 - 3_folds.test.predict)=81.61%
[ 2019-12-18 12:24:14,858][kfold_wrapper.log_eval_metrics] Accuracy(layer_1 - estimator_3 - 3_folds.train_0.predict)=81.01%
