[ 2019-12-18 14:54:44,094][cascade_classifier.fit_transform] X_groups_train.shape=[(774, 55)],y_train.shape=(774,),X_groups_test.shape=[(87, 55)],y_test.shape=(87,)
[ 2019-12-18 14:54:44,094][cascade_classifier.fit_transform] group_dims=[55]
[ 2019-12-18 14:54:44,094][cascade_classifier.fit_transform] group_starts=[0]
[ 2019-12-18 14:54:44,095][cascade_classifier.fit_transform] group_ends=[55]
[ 2019-12-18 14:54:44,095][cascade_classifier.fit_transform] X_train.shape=(774, 55),X_test.shape=(87, 55)
[ 2019-12-18 14:54:44,095][cascade_classifier.fit_transform] [layer=0] look_indexs=[0], X_cur_train.shape=(774, 55), X_cur_test.shape=(87, 55)
[ 2019-12-18 14:54:45,091][kfold_wrapper.log_eval_metrics] Accuracy(layer_0 - estimator_0 - 3_folds.train_0.predict)=82.56%
[ 2019-12-18 14:54:46,293][kfold_wrapper.log_eval_metrics] Accuracy(layer_0 - estimator_0 - 3_folds.train_1.predict)=84.88%
[ 2019-12-18 14:54:47,485][kfold_wrapper.log_eval_metrics] Accuracy(layer_0 - estimator_0 - 3_folds.train_2.predict)=80.23%
[ 2019-12-18 14:54:47,694][kfold_wrapper.log_eval_metrics] Accuracy(layer_0 - estimator_0 - 3_folds.train_cv.predict)=82.56%
[ 2019-12-18 14:54:47,695][kfold_wrapper.log_eval_metrics] Accuracy(layer_0 - estimator_0 - 3_folds.test.predict)=78.16%
[ 2019-12-18 14:54:48,719][kfold_wrapper.log_eval_metrics] Accuracy(layer_0 - estimator_1 - 3_folds.train_0.predict)=81.01%
[ 2019-12-18 14:54:49,960][kfold_wrapper.log_eval_metrics] Accuracy(layer_0 - estimator_1 - 3_folds.train_1.predict)=83.72%
[ 2019-12-18 14:54:51,186][kfold_wrapper.log_eval_metrics] Accuracy(layer_0 - estimator_1 - 3_folds.train_2.predict)=79.84%
[ 2019-12-18 14:54:51,397][kfold_wrapper.log_eval_metrics] Accuracy(layer_0 - estimator_1 - 3_folds.train_cv.predict)=81.52%
[ 2019-12-18 14:54:51,398][kfold_wrapper.log_eval_metrics] Accuracy(layer_0 - estimator_1 - 3_folds.test.predict)=79.31%
[ 2019-12-18 14:54:52,571][kfold_wrapper.log_eval_metrics] Accuracy(layer_0 - estimator_2 - 3_folds.train_0.predict)=78.29%
[ 2019-12-18 14:54:53,791][kfold_wrapper.log_eval_metrics] Accuracy(layer_0 - estimator_2 - 3_folds.train_1.predict)=79.46%
[ 2019-12-18 14:54:54,998][kfold_wrapper.log_eval_metrics] Accuracy(layer_0 - estimator_2 - 3_folds.train_2.predict)=81.78%
[ 2019-12-18 14:54:55,037][kfold_wrapper.log_eval_metrics] Accuracy(layer_0 - estimator_2 - 3_folds.train_cv.predict)=79.84%
[ 2019-12-18 14:54:55,037][kfold_wrapper.log_eval_metrics] Accuracy(layer_0 - estimator_2 - 3_folds.test.predict)=77.01%
[ 2019-12-18 14:54:55,454][kfold_wrapper.log_eval_metrics] Accuracy(layer_0 - estimator_3 - 3_folds.train_0.predict)=79.84%
[ 2019-12-18 14:54:55,876][kfold_wrapper.log_eval_metrics] Accuracy(layer_0 - estimator_3 - 3_folds.train_1.predict)=79.46%
[ 2019-12-18 14:54:56,299][kfold_wrapper.log_eval_metrics] Accuracy(layer_0 - estimator_3 - 3_folds.train_2.predict)=81.40%
[ 2019-12-18 14:54:56,300][kfold_wrapper.log_eval_metrics] Accuracy(layer_0 - estimator_3 - 3_folds.train_cv.predict)=80.23%
[ 2019-12-18 14:54:56,300][kfold_wrapper.log_eval_metrics] Accuracy(layer_0 - estimator_3 - 3_folds.test.predict)=79.31%
[ 2019-12-18 14:54:56,307][cascade_classifier.calc_accuracy] Accuracy(layer_0 - train.classifier_average)=81.52%
[ 2019-12-18 14:54:56,307][cascade_classifier.calc_accuracy] Accuracy(layer_0 - test.classifier_average)=78.16%
[ 2019-12-18 14:54:56,308][cascade_classifier.fit_transform] [layer=1] look_indexs=[0], X_cur_train.shape=(774, 63), X_cur_test.shape=(87, 63)
[ 2019-12-18 14:54:57,302][kfold_wrapper.log_eval_metrics] Accuracy(layer_1 - estimator_0 - 3_folds.train_0.predict)=80.23%
[ 2019-12-18 14:54:58,494][kfold_wrapper.log_eval_metrics] Accuracy(layer_1 - estimator_0 - 3_folds.train_1.predict)=82.95%
[ 2019-12-18 14:54:59,692][kfold_wrapper.log_eval_metrics] Accuracy(layer_1 - estimator_0 - 3_folds.train_2.predict)=81.78%
[ 2019-12-18 14:54:59,903][kfold_wrapper.log_eval_metrics] Accuracy(layer_1 - estimator_0 - 3_folds.train_cv.predict)=81.65%
[ 2019-12-18 14:54:59,904][kfold_wrapper.log_eval_metrics] Accuracy(layer_1 - estimator_0 - 3_folds.test.predict)=78.16%
[ 2019-12-18 14:55:00,930][kfold_wrapper.log_eval_metrics] Accuracy(layer_1 - estimator_1 - 3_folds.train_0.predict)=81.01%
[ 2019-12-18 14:55:02,158][kfold_wrapper.log_eval_metrics] Accuracy(layer_1 - estimator_1 - 3_folds.train_1.predict)=79.84%
[ 2019-12-18 14:55:03,409][kfold_wrapper.log_eval_metrics] Accuracy(layer_1 - estimator_1 - 3_folds.train_2.predict)=84.11%
[ 2019-12-18 14:55:03,615][kfold_wrapper.log_eval_metrics] Accuracy(layer_1 - estimator_1 - 3_folds.train_cv.predict)=81.65%
[ 2019-12-18 14:55:03,616][kfold_wrapper.log_eval_metrics] Accuracy(layer_1 - estimator_1 - 3_folds.test.predict)=78.16%
[ 2019-12-18 14:55:04,839][kfold_wrapper.log_eval_metrics] Accuracy(layer_1 - estimator_2 - 3_folds.train_0.predict)=82.95%
[ 2019-12-18 14:55:06,119][kfold_wrapper.log_eval_metrics] Accuracy(layer_1 - estimator_2 - 3_folds.train_1.predict)=79.07%
[ 2019-12-18 14:55:07,394][kfold_wrapper.log_eval_metrics] Accuracy(layer_1 - estimator_2 - 3_folds.train_2.predict)=81.01%
[ 2019-12-18 14:55:07,436][kfold_wrapper.log_eval_metrics] Accuracy(layer_1 - estimator_2 - 3_folds.train_cv.predict)=81.01%
[ 2019-12-18 14:55:07,436][kfold_wrapper.log_eval_metrics] Accuracy(layer_1 - estimator_2 - 3_folds.test.predict)=79.31%
[ 2019-12-18 14:55:07,845][kfold_wrapper.log_eval_metrics] Accuracy(layer_1 - estimator_3 - 3_folds.train_0.predict)=80.23%
[ 2019-12-18 14:55:08,269][kfold_wrapper.log_eval_metrics] Accuracy(layer_1 - estimator_3 - 3_folds.train_1.predict)=79.07%
[ 2019-12-18 14:55:08,711][kfold_wrapper.log_eval_metrics] Accuracy(layer_1 - estimator_3 - 3_folds.train_2.predict)=82.17%
[ 2019-12-18 14:55:08,719][kfold_wrapper.log_eval_metrics] Accuracy(layer_1 - estimator_3 - 3_folds.train_cv.predict)=80.49%
[ 2019-12-18 14:55:08,719][kfold_wrapper.log_eval_metrics] Accuracy(layer_1 - estimator_3 - 3_folds.test.predict)=79.31%
[ 2019-12-18 14:55:08,719][cascade_classifier.calc_accuracy] Accuracy(layer_1 - train.classifier_average)=81.78%
[ 2019-12-18 14:55:08,719][cascade_classifier.calc_accuracy] Accuracy(layer_1 - test.classifier_average)=79.31%
[ 2019-12-18 14:55:08,720][cascade_classifier.fit_transform] [layer=2] look_indexs=[0], X_cur_train.shape=(774, 63), X_cur_test.shape=(87, 63)
[ 2019-12-18 14:55:09,727][kfold_wrapper.log_eval_metrics] Accuracy(layer_2 - estimator_0 - 3_folds.train_0.predict)=81.78%
[ 2019-12-18 14:55:10,934][kfold_wrapper.log_eval_metrics] Accuracy(layer_2 - estimator_0 - 3_folds.train_1.predict)=80.23%
[ 2019-12-18 14:55:12,136][kfold_wrapper.log_eval_metrics] Accuracy(layer_2 - estimator_0 - 3_folds.train_2.predict)=82.56%
[ 2019-12-18 14:55:12,355][kfold_wrapper.log_eval_metrics] Accuracy(layer_2 - estimator_0 - 3_folds.train_cv.predict)=81.52%
[ 2019-12-18 14:55:12,355][kfold_wrapper.log_eval_metrics] Accuracy(layer_2 - estimator_0 - 3_folds.test.predict)=78.16%
[ 2019-12-18 14:55:13,381][kfold_wrapper.log_eval_metrics] Accuracy(layer_2 - estimator_1 - 3_folds.train_0.predict)=79.07%
[ 2019-12-18 14:55:14,604][kfold_wrapper.log_eval_metrics] Accuracy(layer_2 - estimator_1 - 3_folds.train_1.predict)=82.56%
[ 2019-12-18 14:55:15,853][kfold_wrapper.log_eval_metrics] Accuracy(layer_2 - estimator_1 - 3_folds.train_2.predict)=81.40%
[ 2019-12-18 14:55:16,062][kfold_wrapper.log_eval_metrics] Accuracy(layer_2 - estimator_1 - 3_folds.train_cv.predict)=81.01%
[ 2019-12-18 14:55:16,063][kfold_wrapper.log_eval_metrics] Accuracy(layer_2 - estimator_1 - 3_folds.test.predict)=78.16%
[ 2019-12-18 14:55:17,294][kfold_wrapper.log_eval_metrics] Accuracy(layer_2 - estimator_2 - 3_folds.train_0.predict)=79.46%
[ 2019-12-18 14:55:18,582][kfold_wrapper.log_eval_metrics] Accuracy(layer_2 - estimator_2 - 3_folds.train_1.predict)=81.01%
[ 2019-12-18 14:55:19,870][kfold_wrapper.log_eval_metrics] Accuracy(layer_2 - estimator_2 - 3_folds.train_2.predict)=79.46%
[ 2019-12-18 14:55:19,911][kfold_wrapper.log_eval_metrics] Accuracy(layer_2 - estimator_2 - 3_folds.train_cv.predict)=79.97%
[ 2019-12-18 14:55:19,911][kfold_wrapper.log_eval_metrics] Accuracy(layer_2 - estimator_2 - 3_folds.test.predict)=80.46%
[ 2019-12-18 14:55:20,323][kfold_wrapper.log_eval_metrics] Accuracy(layer_2 - estimator_3 - 3_folds.train_0.predict)=77.52%
[ 2019-12-18 14:55:20,746][kfold_wrapper.log_eval_metrics] Accuracy(layer_2 - estimator_3 - 3_folds.train_1.predict)=83.33%
[ 2019-12-18 14:55:21,152][kfold_wrapper.log_eval_metrics] Accuracy(layer_2 - estimator_3 - 3_folds.train_2.predict)=77.91%
[ 2019-12-18 14:55:21,153][kfold_wrapper.log_eval_metrics] Accuracy(layer_2 - estimator_3 - 3_folds.train_cv.predict)=79.59%
[ 2019-12-18 14:55:21,153][kfold_wrapper.log_eval_metrics] Accuracy(layer_2 - estimator_3 - 3_folds.test.predict)=79.31%
[ 2019-12-18 14:55:21,160][cascade_classifier.calc_accuracy] Accuracy(layer_2 - train.classifier_average)=80.23%
[ 2019-12-18 14:55:21,160][cascade_classifier.calc_accuracy] Accuracy(layer_2 - test.classifier_average)=80.46%
[ 2019-12-18 14:55:21,161][cascade_classifier.fit_transform] [layer=3] look_indexs=[0], X_cur_train.shape=(774, 63), X_cur_test.shape=(87, 63)
[ 2019-12-18 14:55:22,160][kfold_wrapper.log_eval_metrics] Accuracy(layer_3 - estimator_0 - 3_folds.train_0.predict)=81.78%
[ 2019-12-18 14:55:23,382][kfold_wrapper.log_eval_metrics] Accuracy(layer_3 - estimator_0 - 3_folds.train_1.predict)=82.17%
[ 2019-12-18 14:55:24,586][kfold_wrapper.log_eval_metrics] Accuracy(layer_3 - estimator_0 - 3_folds.train_2.predict)=77.91%
[ 2019-12-18 14:55:24,800][kfold_wrapper.log_eval_metrics] Accuracy(layer_3 - estimator_0 - 3_folds.train_cv.predict)=80.62%
[ 2019-12-18 14:55:24,800][kfold_wrapper.log_eval_metrics] Accuracy(layer_3 - estimator_0 - 3_folds.test.predict)=75.86%
[ 2019-12-18 14:55:25,837][kfold_wrapper.log_eval_metrics] Accuracy(layer_3 - estimator_1 - 3_folds.train_0.predict)=78.29%
[ 2019-12-18 14:55:27,061][kfold_wrapper.log_eval_metrics] Accuracy(layer_3 - estimator_1 - 3_folds.train_1.predict)=79.46%
[ 2019-12-18 14:55:28,282][kfold_wrapper.log_eval_metrics] Accuracy(layer_3 - estimator_1 - 3_folds.train_2.predict)=83.33%
[ 2019-12-18 14:55:28,493][kfold_wrapper.log_eval_metrics] Accuracy(layer_3 - estimator_1 - 3_folds.train_cv.predict)=80.36%
[ 2019-12-18 14:55:28,494][kfold_wrapper.log_eval_metrics] Accuracy(layer_3 - estimator_1 - 3_folds.test.predict)=77.01%
[ 2019-12-18 14:55:29,742][kfold_wrapper.log_eval_metrics] Accuracy(layer_3 - estimator_2 - 3_folds.train_0.predict)=79.07%
[ 2019-12-18 14:55:31,033][kfold_wrapper.log_eval_metrics] Accuracy(layer_3 - estimator_2 - 3_folds.train_1.predict)=81.40%
[ 2019-12-18 14:55:32,318][kfold_wrapper.log_eval_metrics] Accuracy(layer_3 - estimator_2 - 3_folds.train_2.predict)=83.33%
[ 2019-12-18 14:55:32,365][kfold_wrapper.log_eval_metrics] Accuracy(layer_3 - estimator_2 - 3_folds.train_cv.predict)=81.27%
[ 2019-12-18 14:55:32,366][kfold_wrapper.log_eval_metrics] Accuracy(layer_3 - estimator_2 - 3_folds.test.predict)=80.46%
[ 2019-12-18 14:55:32,793][kfold_wrapper.log_eval_metrics] Accuracy(layer_3 - estimator_3 - 3_folds.train_0.predict)=76.74%
[ 2019-12-18 14:55:33,223][kfold_wrapper.log_eval_metrics] Accuracy(layer_3 - estimator_3 - 3_folds.train_1.predict)=81.78%
[ 2019-12-18 14:55:33,651][kfold_wrapper.log_eval_metrics] Accuracy(layer_3 - estimator_3 - 3_folds.train_2.predict)=79.84%
[ 2019-12-18 14:55:33,653][kfold_wrapper.log_eval_metrics] Accuracy(layer_3 - estimator_3 - 3_folds.train_cv.predict)=79.46%
[ 2019-12-18 14:55:33,653][kfold_wrapper.log_eval_metrics] Accuracy(layer_3 - estimator_3 - 3_folds.test.predict)=79.31%
[ 2019-12-18 14:55:33,653][cascade_classifier.calc_accuracy] Accuracy(layer_3 - train.classifier_average)=80.36%
[ 2019-12-18 14:55:33,654][cascade_classifier.calc_accuracy] Accuracy(layer_3 - test.classifier_average)=79.31%
[ 2019-12-18 14:55:33,654][cascade_classifier.fit_transform] [layer=4] look_indexs=[0], X_cur_train.shape=(774, 63), X_cur_test.shape=(87, 63)
[ 2019-12-18 14:55:34,644][kfold_wrapper.log_eval_metrics] Accuracy(layer_4 - estimator_0 - 3_folds.train_0.predict)=81.40%
[ 2019-12-18 14:55:35,844][kfold_wrapper.log_eval_metrics] Accuracy(layer_4 - estimator_0 - 3_folds.train_1.predict)=82.17%
[ 2019-12-18 14:55:37,093][kfold_wrapper.log_eval_metrics] Accuracy(layer_4 - estimator_0 - 3_folds.train_2.predict)=82.17%
[ 2019-12-18 14:55:37,298][kfold_wrapper.log_eval_metrics] Accuracy(layer_4 - estimator_0 - 3_folds.train_cv.predict)=81.91%
[ 2019-12-18 14:55:37,298][kfold_wrapper.log_eval_metrics] Accuracy(layer_4 - estimator_0 - 3_folds.test.predict)=79.31%
[ 2019-12-18 14:55:38,440][kfold_wrapper.log_eval_metrics] Accuracy(layer_4 - estimator_1 - 3_folds.train_0.predict)=79.84%
[ 2019-12-18 14:55:40,047][kfold_wrapper.log_eval_metrics] Accuracy(layer_4 - estimator_1 - 3_folds.train_1.predict)=84.11%
[ 2019-12-18 14:55:41,464][kfold_wrapper.log_eval_metrics] Accuracy(layer_4 - estimator_1 - 3_folds.train_2.predict)=79.84%
[ 2019-12-18 14:55:41,673][kfold_wrapper.log_eval_metrics] Accuracy(layer_4 - estimator_1 - 3_folds.train_cv.predict)=81.27%
[ 2019-12-18 14:55:41,674][kfold_wrapper.log_eval_metrics] Accuracy(layer_4 - estimator_1 - 3_folds.test.predict)=75.86%
[ 2019-12-18 14:55:43,109][kfold_wrapper.log_eval_metrics] Accuracy(layer_4 - estimator_2 - 3_folds.train_0.predict)=83.33%
[ 2019-12-18 14:55:44,421][kfold_wrapper.log_eval_metrics] Accuracy(layer_4 - estimator_2 - 3_folds.train_1.predict)=79.07%
[ 2019-12-18 14:55:45,729][kfold_wrapper.log_eval_metrics] Accuracy(layer_4 - estimator_2 - 3_folds.train_2.predict)=80.23%
[ 2019-12-18 14:55:45,772][kfold_wrapper.log_eval_metrics] Accuracy(layer_4 - estimator_2 - 3_folds.train_cv.predict)=80.88%
[ 2019-12-18 14:55:45,772][kfold_wrapper.log_eval_metrics] Accuracy(layer_4 - estimator_2 - 3_folds.test.predict)=75.86%
[ 2019-12-18 14:55:46,215][kfold_wrapper.log_eval_metrics] Accuracy(layer_4 - estimator_3 - 3_folds.train_0.predict)=81.40%
[ 2019-12-18 14:55:46,650][kfold_wrapper.log_eval_metrics] Accuracy(layer_4 - estimator_3 - 3_folds.train_1.predict)=81.01%
[ 2019-12-18 14:55:47,063][kfold_wrapper.log_eval_metrics] Accuracy(layer_4 - estimator_3 - 3_folds.train_2.predict)=79.46%
[ 2019-12-18 14:55:47,064][kfold_wrapper.log_eval_metrics] Accuracy(layer_4 - estimator_3 - 3_folds.train_cv.predict)=80.62%
[ 2019-12-18 14:55:47,064][kfold_wrapper.log_eval_metrics] Accuracy(layer_4 - estimator_3 - 3_folds.test.predict)=78.16%
[ 2019-12-18 14:55:47,065][cascade_classifier.calc_accuracy] Accuracy(layer_4 - train.classifier_average)=81.52%
[ 2019-12-18 14:55:47,065][cascade_classifier.calc_accuracy] Accuracy(layer_4 - test.classifier_average)=77.01%
[ 2019-12-18 14:55:47,065][cascade_classifier.fit_transform] [Result][Optimal Level Detected] opt_layer_num=2, accuracy_train=81.78%, accuracy_test=79.31%
[ 2019-12-18 14:55:47,078][cascade_classifier.transform] X_groups_test.shape=[(87, 55)]
[ 2019-12-18 14:55:47,079][cascade_classifier.transform] group_dims=[55]
[ 2019-12-18 14:55:47,079][cascade_classifier.transform] X_test.shape=(87, 55)
[ 2019-12-18 14:55:47,079][cascade_classifier.transform] [layer=0] look_indexs=[0], X_cur_test.shape=(87, 55)
[ 2019-12-18 14:55:48,470][cascade_classifier.transform] [layer=1] look_indexs=[0], X_cur_test.shape=(87, 63)
[ 2019-12-18 14:55:49,838][cascade_classifier.transform] X_groups_test.shape=[(87, 55)]
[ 2019-12-18 14:55:49,838][cascade_classifier.transform] group_dims=[55]
[ 2019-12-18 14:55:49,838][cascade_classifier.transform] X_test.shape=(87, 55)
[ 2019-12-18 14:55:49,839][cascade_classifier.transform] [layer=0] look_indexs=[0], X_cur_test.shape=(87, 55)
[ 2019-12-18 14:55:51,117][cascade_classifier.transform] [layer=1] look_indexs=[0], X_cur_test.shape=(87, 63)
[ 2019-12-18 14:55:52,521][cascade_classifier.fit_transform] X_groups_train.shape=[(774, 55)],y_train.shape=(774,),X_groups_test.shape=[(87, 55)],y_test.shape=(87,)
[ 2019-12-18 14:55:52,521][cascade_classifier.fit_transform] group_dims=[55]
[ 2019-12-18 14:55:52,522][cascade_classifier.fit_transform] group_starts=[0]
[ 2019-12-18 14:55:52,522][cascade_classifier.fit_transform] group_ends=[55]
[ 2019-12-18 14:55:52,522][cascade_classifier.fit_transform] X_train.shape=(774, 55),X_test.shape=(87, 55)
[ 2019-12-18 14:55:52,522][cascade_classifier.fit_transform] [layer=0] look_indexs=[0], X_cur_train.shape=(774, 55), X_cur_test.shape=(87, 55)
[ 2019-12-18 14:55:53,520][kfold_wrapper.log_eval_metrics] Accuracy(layer_0 - estimator_0 - 3_folds.train_0.predict)=81.01%
[ 2019-12-18 14:55:54,735][kfold_wrapper.log_eval_metrics] Accuracy(layer_0 - estimator_0 - 3_folds.train_1.predict)=79.84%
[ 2019-12-18 14:55:55,938][kfold_wrapper.log_eval_metrics] Accuracy(layer_0 - estimator_0 - 3_folds.train_2.predict)=83.72%
[ 2019-12-18 14:55:56,144][kfold_wrapper.log_eval_metrics] Accuracy(layer_0 - estimator_0 - 3_folds.train_cv.predict)=81.52%
[ 2019-12-18 14:55:56,145][kfold_wrapper.log_eval_metrics] Accuracy(layer_0 - estimator_0 - 3_folds.test.predict)=78.16%
[ 2019-12-18 14:55:57,169][kfold_wrapper.log_eval_metrics] Accuracy(layer_0 - estimator_1 - 3_folds.train_0.predict)=81.01%
[ 2019-12-18 14:55:58,422][kfold_wrapper.log_eval_metrics] Accuracy(layer_0 - estimator_1 - 3_folds.train_1.predict)=81.40%
[ 2019-12-18 14:55:59,654][kfold_wrapper.log_eval_metrics] Accuracy(layer_0 - estimator_1 - 3_folds.train_2.predict)=82.95%
[ 2019-12-18 14:55:59,865][kfold_wrapper.log_eval_metrics] Accuracy(layer_0 - estimator_1 - 3_folds.train_cv.predict)=81.78%
[ 2019-12-18 14:55:59,866][kfold_wrapper.log_eval_metrics] Accuracy(layer_0 - estimator_1 - 3_folds.test.predict)=80.46%
[ 2019-12-18 14:56:01,071][kfold_wrapper.log_eval_metrics] Accuracy(layer_0 - estimator_2 - 3_folds.train_0.predict)=82.56%
[ 2019-12-18 14:56:02,303][kfold_wrapper.log_eval_metrics] Accuracy(layer_0 - estimator_2 - 3_folds.train_1.predict)=79.84%
[ 2019-12-18 14:56:03,538][kfold_wrapper.log_eval_metrics] Accuracy(layer_0 - estimator_2 - 3_folds.train_2.predict)=79.84%
[ 2019-12-18 14:56:03,579][kfold_wrapper.log_eval_metrics] Accuracy(layer_0 - estimator_2 - 3_folds.train_cv.predict)=80.75%
[ 2019-12-18 14:56:03,579][kfold_wrapper.log_eval_metrics] Accuracy(layer_0 - estimator_2 - 3_folds.test.predict)=74.71%
[ 2019-12-18 14:56:03,999][kfold_wrapper.log_eval_metrics] Accuracy(layer_0 - estimator_3 - 3_folds.train_0.predict)=85.27%
[ 2019-12-18 14:56:04,425][kfold_wrapper.log_eval_metrics] Accuracy(layer_0 - estimator_3 - 3_folds.train_1.predict)=77.52%
[ 2019-12-18 14:56:04,862][kfold_wrapper.log_eval_metrics] Accuracy(layer_0 - estimator_3 - 3_folds.train_2.predict)=79.46%
[ 2019-12-18 14:56:04,863][kfold_wrapper.log_eval_metrics] Accuracy(layer_0 - estimator_3 - 3_folds.train_cv.predict)=80.75%
[ 2019-12-18 14:56:04,863][kfold_wrapper.log_eval_metrics] Accuracy(layer_0 - estimator_3 - 3_folds.test.predict)=81.61%
[ 2019-12-18 14:56:04,863][cascade_classifier.calc_accuracy] Accuracy(layer_0 - train.classifier_average)=82.82%
[ 2019-12-18 14:56:04,864][cascade_classifier.calc_accuracy] Accuracy(layer_0 - test.classifier_average)=79.31%
[ 2019-12-18 14:56:04,864][cascade_classifier.fit_transform] [layer=1] look_indexs=[0], X_cur_train.shape=(774, 63), X_cur_test.shape=(87, 63)
[ 2019-12-18 14:56:05,863][kfold_wrapper.log_eval_metrics] Accuracy(layer_1 - estimator_0 - 3_folds.train_0.predict)=81.78%
[ 2019-12-18 14:56:07,057][kfold_wrapper.log_eval_metrics] Accuracy(layer_1 - estimator_0 - 3_folds.train_1.predict)=80.62%
[ 2019-12-18 14:56:08,260][kfold_wrapper.log_eval_metrics] Accuracy(layer_1 - estimator_0 - 3_folds.train_2.predict)=81.40%
[ 2019-12-18 14:56:08,471][kfold_wrapper.log_eval_metrics] Accuracy(layer_1 - estimator_0 - 3_folds.train_cv.predict)=81.27%
[ 2019-12-18 14:56:08,472][kfold_wrapper.log_eval_metrics] Accuracy(layer_1 - estimator_0 - 3_folds.test.predict)=78.16%
[ 2019-12-18 14:56:09,486][kfold_wrapper.log_eval_metrics] Accuracy(layer_1 - estimator_1 - 3_folds.train_0.predict)=82.56%
[ 2019-12-18 14:56:10,721][kfold_wrapper.log_eval_metrics] Accuracy(layer_1 - estimator_1 - 3_folds.train_1.predict)=83.72%
[ 2019-12-18 14:56:11,957][kfold_wrapper.log_eval_metrics] Accuracy(layer_1 - estimator_1 - 3_folds.train_2.predict)=80.23%
[ 2019-12-18 14:56:12,169][kfold_wrapper.log_eval_metrics] Accuracy(layer_1 - estimator_1 - 3_folds.train_cv.predict)=82.17%
[ 2019-12-18 14:56:12,169][kfold_wrapper.log_eval_metrics] Accuracy(layer_1 - estimator_1 - 3_folds.test.predict)=79.31%
[ 2019-12-18 14:56:13,414][kfold_wrapper.log_eval_metrics] Accuracy(layer_1 - estimator_2 - 3_folds.train_0.predict)=80.23%
[ 2019-12-18 14:56:14,863][kfold_wrapper.log_eval_metrics] Accuracy(layer_1 - estimator_2 - 3_folds.train_1.predict)=82.17%
[ 2019-12-18 14:56:16,177][kfold_wrapper.log_eval_metrics] Accuracy(layer_1 - estimator_2 - 3_folds.train_2.predict)=78.68%
[ 2019-12-18 14:56:16,229][kfold_wrapper.log_eval_metrics] Accuracy(layer_1 - estimator_2 - 3_folds.train_cv.predict)=80.36%
[ 2019-12-18 14:56:16,229][kfold_wrapper.log_eval_metrics] Accuracy(layer_1 - estimator_2 - 3_folds.test.predict)=78.16%
[ 2019-12-18 14:56:16,678][kfold_wrapper.log_eval_metrics] Accuracy(layer_1 - estimator_3 - 3_folds.train_0.predict)=81.78%
[ 2019-12-18 14:56:17,121][kfold_wrapper.log_eval_metrics] Accuracy(layer_1 - estimator_3 - 3_folds.train_1.predict)=77.52%
[ 2019-12-18 14:56:17,551][kfold_wrapper.log_eval_metrics] Accuracy(layer_1 - estimator_3 - 3_folds.train_2.predict)=80.23%
[ 2019-12-18 14:56:17,552][kfold_wrapper.log_eval_metrics] Accuracy(layer_1 - estimator_3 - 3_folds.train_cv.predict)=79.84%
[ 2019-12-18 14:56:17,553][kfold_wrapper.log_eval_metrics] Accuracy(layer_1 - estimator_3 - 3_folds.test.predict)=81.61%
[ 2019-12-18 14:56:17,553][cascade_classifier.calc_accuracy] Accuracy(layer_1 - train.classifier_average)=81.40%
[ 2019-12-18 14:56:17,553][cascade_classifier.calc_accuracy] Accuracy(layer_1 - test.classifier_average)=79.31%
[ 2019-12-18 14:56:17,554][cascade_classifier.fit_transform] [layer=2] look_indexs=[0], X_cur_train.shape=(774, 63), X_cur_test.shape=(87, 63)
[ 2019-12-18 14:56:18,581][kfold_wrapper.log_eval_metrics] Accuracy(layer_2 - estimator_0 - 3_folds.train_0.predict)=78.29%
[ 2019-12-18 14:56:19,799][kfold_wrapper.log_eval_metrics] Accuracy(layer_2 - estimator_0 - 3_folds.train_1.predict)=79.84%
[ 2019-12-18 14:56:21,007][kfold_wrapper.log_eval_metrics] Accuracy(layer_2 - estimator_0 - 3_folds.train_2.predict)=84.88%
[ 2019-12-18 14:56:21,214][kfold_wrapper.log_eval_metrics] Accuracy(layer_2 - estimator_0 - 3_folds.train_cv.predict)=81.01%
[ 2019-12-18 14:56:21,214][kfold_wrapper.log_eval_metrics] Accuracy(layer_2 - estimator_0 - 3_folds.test.predict)=78.16%
[ 2019-12-18 14:56:22,259][kfold_wrapper.log_eval_metrics] Accuracy(layer_2 - estimator_1 - 3_folds.train_0.predict)=82.17%
[ 2019-12-18 14:56:23,510][kfold_wrapper.log_eval_metrics] Accuracy(layer_2 - estimator_1 - 3_folds.train_1.predict)=81.78%
[ 2019-12-18 14:56:24,756][kfold_wrapper.log_eval_metrics] Accuracy(layer_2 - estimator_1 - 3_folds.train_2.predict)=81.01%
[ 2019-12-18 14:56:24,970][kfold_wrapper.log_eval_metrics] Accuracy(layer_2 - estimator_1 - 3_folds.train_cv.predict)=81.65%
[ 2019-12-18 14:56:24,970][kfold_wrapper.log_eval_metrics] Accuracy(layer_2 - estimator_1 - 3_folds.test.predict)=78.16%
[ 2019-12-18 14:56:26,221][kfold_wrapper.log_eval_metrics] Accuracy(layer_2 - estimator_2 - 3_folds.train_0.predict)=82.17%
[ 2019-12-18 14:56:27,551][kfold_wrapper.log_eval_metrics] Accuracy(layer_2 - estimator_2 - 3_folds.train_1.predict)=84.11%
[ 2019-12-18 14:56:28,861][kfold_wrapper.log_eval_metrics] Accuracy(layer_2 - estimator_2 - 3_folds.train_2.predict)=78.68%
[ 2019-12-18 14:56:28,904][kfold_wrapper.log_eval_metrics] Accuracy(layer_2 - estimator_2 - 3_folds.train_cv.predict)=81.65%
[ 2019-12-18 14:56:28,904][kfold_wrapper.log_eval_metrics] Accuracy(layer_2 - estimator_2 - 3_folds.test.predict)=80.46%
[ 2019-12-18 14:56:29,353][kfold_wrapper.log_eval_metrics] Accuracy(layer_2 - estimator_3 - 3_folds.train_0.predict)=81.40%
[ 2019-12-18 14:56:29,801][kfold_wrapper.log_eval_metrics] Accuracy(layer_2 - estimator_3 - 3_folds.train_1.predict)=79.46%
[ 2019-12-18 14:56:30,238][kfold_wrapper.log_eval_metrics] Accuracy(layer_2 - estimator_3 - 3_folds.train_2.predict)=77.52%
[ 2019-12-18 14:56:30,239][kfold_wrapper.log_eval_metrics] Accuracy(layer_2 - estimator_3 - 3_folds.train_cv.predict)=79.46%
[ 2019-12-18 14:56:30,239][kfold_wrapper.log_eval_metrics] Accuracy(layer_2 - estimator_3 - 3_folds.test.predict)=80.46%
[ 2019-12-18 14:56:30,239][cascade_classifier.calc_accuracy] Accuracy(layer_2 - train.classifier_average)=81.27%
[ 2019-12-18 14:56:30,240][cascade_classifier.calc_accuracy] Accuracy(layer_2 - test.classifier_average)=79.31%
[ 2019-12-18 14:56:30,240][cascade_classifier.fit_transform] [layer=3] look_indexs=[0], X_cur_train.shape=(774, 63), X_cur_test.shape=(87, 63)
[ 2019-12-18 14:56:31,328][kfold_wrapper.log_eval_metrics] Accuracy(layer_3 - estimator_0 - 3_folds.train_0.predict)=81.01%
[ 2019-12-18 14:56:32,548][kfold_wrapper.log_eval_metrics] Accuracy(layer_3 - estimator_0 - 3_folds.train_1.predict)=77.13%
[ 2019-12-18 14:56:33,761][kfold_wrapper.log_eval_metrics] Accuracy(layer_3 - estimator_0 - 3_folds.train_2.predict)=81.78%
[ 2019-12-18 14:56:33,971][kfold_wrapper.log_eval_metrics] Accuracy(layer_3 - estimator_0 - 3_folds.train_cv.predict)=79.97%
[ 2019-12-18 14:56:33,977][kfold_wrapper.log_eval_metrics] Accuracy(layer_3 - estimator_0 - 3_folds.test.predict)=81.61%
[ 2019-12-18 14:56:35,011][kfold_wrapper.log_eval_metrics] Accuracy(layer_3 - estimator_1 - 3_folds.train_0.predict)=80.62%
[ 2019-12-18 14:56:36,231][kfold_wrapper.log_eval_metrics] Accuracy(layer_3 - estimator_1 - 3_folds.train_1.predict)=77.91%
[ 2019-12-18 14:56:37,505][kfold_wrapper.log_eval_metrics] Accuracy(layer_3 - estimator_1 - 3_folds.train_2.predict)=85.27%
[ 2019-12-18 14:56:37,713][kfold_wrapper.log_eval_metrics] Accuracy(layer_3 - estimator_1 - 3_folds.train_cv.predict)=81.27%
[ 2019-12-18 14:56:37,715][kfold_wrapper.log_eval_metrics] Accuracy(layer_3 - estimator_1 - 3_folds.test.predict)=79.31%
[ 2019-12-18 14:56:38,968][kfold_wrapper.log_eval_metrics] Accuracy(layer_3 - estimator_2 - 3_folds.train_0.predict)=79.46%
[ 2019-12-18 14:56:40,251][kfold_wrapper.log_eval_metrics] Accuracy(layer_3 - estimator_2 - 3_folds.train_1.predict)=81.78%
[ 2019-12-18 14:56:41,545][kfold_wrapper.log_eval_metrics] Accuracy(layer_3 - estimator_2 - 3_folds.train_2.predict)=80.23%
[ 2019-12-18 14:56:41,584][kfold_wrapper.log_eval_metrics] Accuracy(layer_3 - estimator_2 - 3_folds.train_cv.predict)=80.49%
[ 2019-12-18 14:56:41,584][kfold_wrapper.log_eval_metrics] Accuracy(layer_3 - estimator_2 - 3_folds.test.predict)=81.61%
[ 2019-12-18 14:56:42,002][kfold_wrapper.log_eval_metrics] Accuracy(layer_3 - estimator_3 - 3_folds.train_0.predict)=79.84%
[ 2019-12-18 14:56:42,427][kfold_wrapper.log_eval_metrics] Accuracy(layer_3 - estimator_3 - 3_folds.train_1.predict)=80.23%
[ 2019-12-18 14:56:42,835][kfold_wrapper.log_eval_metrics] Accuracy(layer_3 - estimator_3 - 3_folds.train_2.predict)=81.40%
[ 2019-12-18 14:56:42,837][kfold_wrapper.log_eval_metrics] Accuracy(layer_3 - estimator_3 - 3_folds.train_cv.predict)=80.49%
[ 2019-12-18 14:56:42,842][kfold_wrapper.log_eval_metrics] Accuracy(layer_3 - estimator_3 - 3_folds.test.predict)=82.76%
[ 2019-12-18 14:56:42,843][cascade_classifier.calc_accuracy] Accuracy(layer_3 - train.classifier_average)=81.27%
[ 2019-12-18 14:56:42,843][cascade_classifier.calc_accuracy] Accuracy(layer_3 - test.classifier_average)=81.61%
[ 2019-12-18 14:56:42,843][cascade_classifier.fit_transform] [Result][Optimal Level Detected] opt_layer_num=1, accuracy_train=82.82%, accuracy_test=79.31%
[ 2019-12-18 14:56:42,857][cascade_classifier.transform] X_groups_test.shape=[(87, 55)]
[ 2019-12-18 14:56:42,857][cascade_classifier.transform] group_dims=[55]
[ 2019-12-18 14:56:42,858][cascade_classifier.transform] X_test.shape=(87, 55)
[ 2019-12-18 14:56:42,858][cascade_classifier.transform] [layer=0] look_indexs=[0], X_cur_test.shape=(87, 55)
[ 2019-12-18 14:56:44,239][cascade_classifier.transform] X_groups_test.shape=[(87, 55)]
[ 2019-12-18 14:56:44,240][cascade_classifier.transform] group_dims=[55]
[ 2019-12-18 14:56:44,240][cascade_classifier.transform] X_test.shape=(87, 55)
[ 2019-12-18 14:56:44,240][cascade_classifier.transform] [layer=0] look_indexs=[0], X_cur_test.shape=(87, 55)
[ 2019-12-18 14:56:45,638][cascade_classifier.fit_transform] X_groups_train.shape=[(774, 55)],y_train.shape=(774,),X_groups_test.shape=[(87, 55)],y_test.shape=(87,)
[ 2019-12-18 14:56:45,639][cascade_classifier.fit_transform] group_dims=[55]
[ 2019-12-18 14:56:45,639][cascade_classifier.fit_transform] group_starts=[0]
[ 2019-12-18 14:56:45,639][cascade_classifier.fit_transform] group_ends=[55]
[ 2019-12-18 14:56:45,639][cascade_classifier.fit_transform] X_train.shape=(774, 55),X_test.shape=(87, 55)
[ 2019-12-18 14:56:45,640][cascade_classifier.fit_transform] [layer=0] look_indexs=[0], X_cur_train.shape=(774, 55), X_cur_test.shape=(87, 55)
[ 2019-12-18 14:56:46,629][kfold_wrapper.log_eval_metrics] Accuracy(layer_0 - estimator_0 - 3_folds.train_0.predict)=81.78%
[ 2019-12-18 14:56:47,824][kfold_wrapper.log_eval_metrics] Accuracy(layer_0 - estimator_0 - 3_folds.train_1.predict)=84.88%
[ 2019-12-18 14:56:49,042][kfold_wrapper.log_eval_metrics] Accuracy(layer_0 - estimator_0 - 3_folds.train_2.predict)=80.23%
[ 2019-12-18 14:56:49,250][kfold_wrapper.log_eval_metrics] Accuracy(layer_0 - estimator_0 - 3_folds.train_cv.predict)=82.30%
[ 2019-12-18 14:56:49,251][kfold_wrapper.log_eval_metrics] Accuracy(layer_0 - estimator_0 - 3_folds.test.predict)=79.31%
[ 2019-12-18 14:56:50,285][kfold_wrapper.log_eval_metrics] Accuracy(layer_0 - estimator_1 - 3_folds.train_0.predict)=84.11%
[ 2019-12-18 14:56:51,515][kfold_wrapper.log_eval_metrics] Accuracy(layer_0 - estimator_1 - 3_folds.train_1.predict)=78.68%
[ 2019-12-18 14:56:52,751][kfold_wrapper.log_eval_metrics] Accuracy(layer_0 - estimator_1 - 3_folds.train_2.predict)=82.95%
[ 2019-12-18 14:56:52,968][kfold_wrapper.log_eval_metrics] Accuracy(layer_0 - estimator_1 - 3_folds.train_cv.predict)=81.91%
[ 2019-12-18 14:56:52,968][kfold_wrapper.log_eval_metrics] Accuracy(layer_0 - estimator_1 - 3_folds.test.predict)=80.46%
[ 2019-12-18 14:56:54,155][kfold_wrapper.log_eval_metrics] Accuracy(layer_0 - estimator_2 - 3_folds.train_0.predict)=79.46%
[ 2019-12-18 14:56:55,379][kfold_wrapper.log_eval_metrics] Accuracy(layer_0 - estimator_2 - 3_folds.train_1.predict)=77.13%
[ 2019-12-18 14:56:56,659][kfold_wrapper.log_eval_metrics] Accuracy(layer_0 - estimator_2 - 3_folds.train_2.predict)=78.68%
[ 2019-12-18 14:56:56,700][kfold_wrapper.log_eval_metrics] Accuracy(layer_0 - estimator_2 - 3_folds.train_cv.predict)=78.42%
[ 2019-12-18 14:56:56,700][kfold_wrapper.log_eval_metrics] Accuracy(layer_0 - estimator_2 - 3_folds.test.predict)=81.61%
[ 2019-12-18 14:56:57,120][kfold_wrapper.log_eval_metrics] Accuracy(layer_0 - estimator_3 - 3_folds.train_0.predict)=79.84%
[ 2019-12-18 14:56:57,553][kfold_wrapper.log_eval_metrics] Accuracy(layer_0 - estimator_3 - 3_folds.train_1.predict)=83.72%
[ 2019-12-18 14:56:57,990][kfold_wrapper.log_eval_metrics] Accuracy(layer_0 - estimator_3 - 3_folds.train_2.predict)=82.56%
[ 2019-12-18 14:56:57,991][kfold_wrapper.log_eval_metrics] Accuracy(layer_0 - estimator_3 - 3_folds.train_cv.predict)=82.04%
[ 2019-12-18 14:56:57,991][kfold_wrapper.log_eval_metrics] Accuracy(layer_0 - estimator_3 - 3_folds.test.predict)=80.46%
[ 2019-12-18 14:56:57,992][cascade_classifier.calc_accuracy] Accuracy(layer_0 - train.classifier_average)=83.46%
[ 2019-12-18 14:56:57,992][cascade_classifier.calc_accuracy] Accuracy(layer_0 - test.classifier_average)=79.31%
[ 2019-12-18 14:56:57,992][cascade_classifier.fit_transform] [layer=1] look_indexs=[0], X_cur_train.shape=(774, 63), X_cur_test.shape=(87, 63)
[ 2019-12-18 14:56:59,001][kfold_wrapper.log_eval_metrics] Accuracy(layer_1 - estimator_0 - 3_folds.train_0.predict)=84.50%
[ 2019-12-18 14:57:00,205][kfold_wrapper.log_eval_metrics] Accuracy(layer_1 - estimator_0 - 3_folds.train_1.predict)=82.95%
[ 2019-12-18 14:57:01,408][kfold_wrapper.log_eval_metrics] Accuracy(layer_1 - estimator_0 - 3_folds.train_2.predict)=79.07%
[ 2019-12-18 14:57:01,620][kfold_wrapper.log_eval_metrics] Accuracy(layer_1 - estimator_0 - 3_folds.train_cv.predict)=82.17%
[ 2019-12-18 14:57:01,620][kfold_wrapper.log_eval_metrics] Accuracy(layer_1 - estimator_0 - 3_folds.test.predict)=79.31%
[ 2019-12-18 14:57:02,682][kfold_wrapper.log_eval_metrics] Accuracy(layer_1 - estimator_1 - 3_folds.train_0.predict)=81.01%
[ 2019-12-18 14:57:03,936][kfold_wrapper.log_eval_metrics] Accuracy(layer_1 - estimator_1 - 3_folds.train_1.predict)=85.66%
[ 2019-12-18 14:57:05,170][kfold_wrapper.log_eval_metrics] Accuracy(layer_1 - estimator_1 - 3_folds.train_2.predict)=81.78%
[ 2019-12-18 14:57:05,285][kfold_wrapper.log_eval_metrics] Accuracy(layer_1 - estimator_1 - 3_folds.train_cv.predict)=82.82%
[ 2019-12-18 14:57:05,285][kfold_wrapper.log_eval_metrics] Accuracy(layer_1 - estimator_1 - 3_folds.test.predict)=78.16%
[ 2019-12-18 14:57:06,542][kfold_wrapper.log_eval_metrics] Accuracy(layer_1 - estimator_2 - 3_folds.train_0.predict)=81.40%
[ 2019-12-18 14:57:07,830][kfold_wrapper.log_eval_metrics] Accuracy(layer_1 - estimator_2 - 3_folds.train_1.predict)=82.56%
[ 2019-12-18 14:57:09,137][kfold_wrapper.log_eval_metrics] Accuracy(layer_1 - estimator_2 - 3_folds.train_2.predict)=81.78%
[ 2019-12-18 14:57:09,180][kfold_wrapper.log_eval_metrics] Accuracy(layer_1 - estimator_2 - 3_folds.train_cv.predict)=81.91%
[ 2019-12-18 14:57:09,180][kfold_wrapper.log_eval_metrics] Accuracy(layer_1 - estimator_2 - 3_folds.test.predict)=79.31%
[ 2019-12-18 14:57:09,662][kfold_wrapper.log_eval_metrics] Accuracy(layer_1 - estimator_3 - 3_folds.train_0.predict)=80.23%
[ 2019-12-18 14:57:10,137][kfold_wrapper.log_eval_metrics] Accuracy(layer_1 - estimator_3 - 3_folds.train_1.predict)=84.11%
[ 2019-12-18 14:57:10,565][kfold_wrapper.log_eval_metrics] Accuracy(layer_1 - estimator_3 - 3_folds.train_2.predict)=82.17%
[ 2019-12-18 14:57:10,568][kfold_wrapper.log_eval_metrics] Accuracy(layer_1 - estimator_3 - 3_folds.train_cv.predict)=82.17%
[ 2019-12-18 14:57:10,569][kfold_wrapper.log_eval_metrics] Accuracy(layer_1 - estimator_3 - 3_folds.test.predict)=80.46%
[ 2019-12-18 14:57:10,569][cascade_classifier.calc_accuracy] Accuracy(layer_1 - train.classifier_average)=82.43%
[ 2019-12-18 14:57:10,570][cascade_classifier.calc_accuracy] Accuracy(layer_1 - test.classifier_average)=79.31%
[ 2019-12-18 14:57:10,570][cascade_classifier.fit_transform] [layer=2] look_indexs=[0], X_cur_train.shape=(774, 63), X_cur_test.shape=(87, 63)
[ 2019-12-18 14:57:11,610][kfold_wrapper.log_eval_metrics] Accuracy(layer_2 - estimator_0 - 3_folds.train_0.predict)=82.56%
[ 2019-12-18 14:57:12,826][kfold_wrapper.log_eval_metrics] Accuracy(layer_2 - estimator_0 - 3_folds.train_1.predict)=84.88%
[ 2019-12-18 14:57:14,053][kfold_wrapper.log_eval_metrics] Accuracy(layer_2 - estimator_0 - 3_folds.train_2.predict)=82.56%
[ 2019-12-18 14:57:14,260][kfold_wrapper.log_eval_metrics] Accuracy(layer_2 - estimator_0 - 3_folds.train_cv.predict)=83.33%
[ 2019-12-18 14:57:14,261][kfold_wrapper.log_eval_metrics] Accuracy(layer_2 - estimator_0 - 3_folds.test.predict)=79.31%
