[ 2019-12-23 16:57:10,678][cascade_classifier.fit_transform] X_groups_train.shape=[(774, 358)],y_train.shape=(774,),X_groups_test.shape=[(87, 358)],y_test.shape=(87,)
[ 2019-12-23 16:57:10,679][cascade_classifier.fit_transform] group_dims=[358]
[ 2019-12-23 16:57:10,679][cascade_classifier.fit_transform] group_starts=[0]
[ 2019-12-23 16:57:10,680][cascade_classifier.fit_transform] group_ends=[358]
[ 2019-12-23 16:57:10,680][cascade_classifier.fit_transform] X_train.shape=(774, 358),X_test.shape=(87, 358)
[ 2019-12-23 16:57:10,681][cascade_classifier.fit_transform] [layer=0] look_indexs=[0], X_cur_train.shape=(774, 358), X_cur_test.shape=(87, 358)
[ 2019-12-23 16:57:12,718][kfold_wrapper.log_eval_metrics] Accuracy(layer_0 - estimator_0 - 2_folds.train_0.predict)=84.28%
[ 2019-12-23 16:57:15,058][kfold_wrapper.log_eval_metrics] Accuracy(layer_0 - estimator_0 - 2_folds.train_1.predict)=79.79%
[ 2019-12-23 16:57:15,373][kfold_wrapper.log_eval_metrics] Accuracy(layer_0 - estimator_0 - 2_folds.train_cv.predict)=82.04%
[ 2019-12-23 16:57:15,373][kfold_wrapper.log_eval_metrics] Accuracy(layer_0 - estimator_0 - 2_folds.test.predict)=80.46%
[ 2019-12-23 16:57:17,572][kfold_wrapper.log_eval_metrics] Accuracy(layer_0 - estimator_1 - 2_folds.train_0.predict)=81.19%
[ 2019-12-23 16:57:20,079][kfold_wrapper.log_eval_metrics] Accuracy(layer_0 - estimator_1 - 2_folds.train_1.predict)=80.83%
[ 2019-12-23 16:57:20,386][kfold_wrapper.log_eval_metrics] Accuracy(layer_0 - estimator_1 - 2_folds.train_cv.predict)=81.01%
[ 2019-12-23 16:57:20,387][kfold_wrapper.log_eval_metrics] Accuracy(layer_0 - estimator_1 - 2_folds.test.predict)=82.76%
[ 2019-12-23 16:57:21,869][kfold_wrapper.log_eval_metrics] Accuracy(layer_0 - estimator_2 - 3_folds.train_0.predict)=84.56%
[ 2019-12-23 16:57:23,306][kfold_wrapper.log_eval_metrics] Accuracy(layer_0 - estimator_2 - 3_folds.train_1.predict)=81.40%
[ 2019-12-23 16:57:24,590][kfold_wrapper.log_eval_metrics] Accuracy(layer_0 - estimator_2 - 3_folds.train_2.predict)=80.54%
[ 2019-12-23 16:57:24,592][kfold_wrapper.log_eval_metrics] Accuracy(layer_0 - estimator_2 - 3_folds.train_cv.predict)=82.17%
[ 2019-12-23 16:57:24,592][kfold_wrapper.log_eval_metrics] Accuracy(layer_0 - estimator_2 - 3_folds.test.predict)=83.91%
[ 2019-12-23 16:57:24,592][cascade_classifier.calc_accuracy] Accuracy(layer_0 - train.classifier_average)=82.04%
[ 2019-12-23 16:57:24,592][cascade_classifier.calc_accuracy] Accuracy(layer_0 - test.classifier_average)=85.06%
[ 2019-12-23 16:57:24,594][cascade_classifier.fit_transform] [layer=1] look_indexs=[0], X_cur_train.shape=(774, 364), X_cur_test.shape=(87, 364)
[ 2019-12-23 16:57:26,618][kfold_wrapper.log_eval_metrics] Accuracy(layer_1 - estimator_0 - 2_folds.train_0.predict)=82.47%
[ 2019-12-23 16:57:28,978][kfold_wrapper.log_eval_metrics] Accuracy(layer_1 - estimator_0 - 2_folds.train_1.predict)=80.57%
[ 2019-12-23 16:57:29,285][kfold_wrapper.log_eval_metrics] Accuracy(layer_1 - estimator_0 - 2_folds.train_cv.predict)=81.52%
[ 2019-12-23 16:57:29,286][kfold_wrapper.log_eval_metrics] Accuracy(layer_1 - estimator_0 - 2_folds.test.predict)=82.76%
[ 2019-12-23 16:57:31,645][kfold_wrapper.log_eval_metrics] Accuracy(layer_1 - estimator_1 - 2_folds.train_0.predict)=80.41%
[ 2019-12-23 16:57:34,206][kfold_wrapper.log_eval_metrics] Accuracy(layer_1 - estimator_1 - 2_folds.train_1.predict)=82.90%
[ 2019-12-23 16:57:34,518][kfold_wrapper.log_eval_metrics] Accuracy(layer_1 - estimator_1 - 2_folds.train_cv.predict)=81.65%
[ 2019-12-23 16:57:34,519][kfold_wrapper.log_eval_metrics] Accuracy(layer_1 - estimator_1 - 2_folds.test.predict)=82.76%
[ 2019-12-23 16:57:35,799][kfold_wrapper.log_eval_metrics] Accuracy(layer_1 - estimator_2 - 3_folds.train_0.predict)=82.24%
[ 2019-12-23 16:57:37,192][kfold_wrapper.log_eval_metrics] Accuracy(layer_1 - estimator_2 - 3_folds.train_1.predict)=79.84%
[ 2019-12-23 16:57:38,725][kfold_wrapper.log_eval_metrics] Accuracy(layer_1 - estimator_2 - 3_folds.train_2.predict)=85.60%
[ 2019-12-23 16:57:38,727][kfold_wrapper.log_eval_metrics] Accuracy(layer_1 - estimator_2 - 3_folds.train_cv.predict)=82.56%
[ 2019-12-23 16:57:38,727][kfold_wrapper.log_eval_metrics] Accuracy(layer_1 - estimator_2 - 3_folds.test.predict)=83.91%
[ 2019-12-23 16:57:38,728][cascade_classifier.calc_accuracy] Accuracy(layer_1 - train.classifier_average)=82.17%
[ 2019-12-23 16:57:38,728][cascade_classifier.calc_accuracy] Accuracy(layer_1 - test.classifier_average)=83.91%
[ 2019-12-23 16:57:38,730][cascade_classifier.fit_transform] [layer=2] look_indexs=[0], X_cur_train.shape=(774, 364), X_cur_test.shape=(87, 364)
[ 2019-12-23 16:57:40,768][kfold_wrapper.log_eval_metrics] Accuracy(layer_2 - estimator_0 - 2_folds.train_0.predict)=79.12%
[ 2019-12-23 16:57:43,083][kfold_wrapper.log_eval_metrics] Accuracy(layer_2 - estimator_0 - 2_folds.train_1.predict)=84.20%
[ 2019-12-23 16:57:43,396][kfold_wrapper.log_eval_metrics] Accuracy(layer_2 - estimator_0 - 2_folds.train_cv.predict)=81.65%
[ 2019-12-23 16:57:43,397][kfold_wrapper.log_eval_metrics] Accuracy(layer_2 - estimator_0 - 2_folds.test.predict)=83.91%
[ 2019-12-23 16:57:45,579][kfold_wrapper.log_eval_metrics] Accuracy(layer_2 - estimator_1 - 2_folds.train_0.predict)=79.90%
[ 2019-12-23 16:57:48,064][kfold_wrapper.log_eval_metrics] Accuracy(layer_2 - estimator_1 - 2_folds.train_1.predict)=82.12%
[ 2019-12-23 16:57:48,379][kfold_wrapper.log_eval_metrics] Accuracy(layer_2 - estimator_1 - 2_folds.train_cv.predict)=81.01%
[ 2019-12-23 16:57:48,379][kfold_wrapper.log_eval_metrics] Accuracy(layer_2 - estimator_1 - 2_folds.test.predict)=82.76%
[ 2019-12-23 16:57:49,774][kfold_wrapper.log_eval_metrics] Accuracy(layer_2 - estimator_2 - 3_folds.train_0.predict)=82.63%
[ 2019-12-23 16:57:51,119][kfold_wrapper.log_eval_metrics] Accuracy(layer_2 - estimator_2 - 3_folds.train_1.predict)=81.40%
[ 2019-12-23 16:57:52,517][kfold_wrapper.log_eval_metrics] Accuracy(layer_2 - estimator_2 - 3_folds.train_2.predict)=83.27%
[ 2019-12-23 16:57:52,519][kfold_wrapper.log_eval_metrics] Accuracy(layer_2 - estimator_2 - 3_folds.train_cv.predict)=82.43%
[ 2019-12-23 16:57:52,520][kfold_wrapper.log_eval_metrics] Accuracy(layer_2 - estimator_2 - 3_folds.test.predict)=82.76%
[ 2019-12-23 16:57:52,520][cascade_classifier.calc_accuracy] Accuracy(layer_2 - train.classifier_average)=81.14%
[ 2019-12-23 16:57:52,520][cascade_classifier.calc_accuracy] Accuracy(layer_2 - test.classifier_average)=82.76%
[ 2019-12-23 16:57:52,522][cascade_classifier.fit_transform] [layer=3] look_indexs=[0], X_cur_train.shape=(774, 364), X_cur_test.shape=(87, 364)
[ 2019-12-23 16:57:54,536][kfold_wrapper.log_eval_metrics] Accuracy(layer_3 - estimator_0 - 2_folds.train_0.predict)=81.96%
[ 2019-12-23 16:57:56,849][kfold_wrapper.log_eval_metrics] Accuracy(layer_3 - estimator_0 - 2_folds.train_1.predict)=80.83%
[ 2019-12-23 16:57:57,163][kfold_wrapper.log_eval_metrics] Accuracy(layer_3 - estimator_0 - 2_folds.train_cv.predict)=81.40%
[ 2019-12-23 16:57:57,164][kfold_wrapper.log_eval_metrics] Accuracy(layer_3 - estimator_0 - 2_folds.test.predict)=85.06%
[ 2019-12-23 16:57:59,350][kfold_wrapper.log_eval_metrics] Accuracy(layer_3 - estimator_1 - 2_folds.train_0.predict)=82.99%
[ 2019-12-23 16:58:01,841][kfold_wrapper.log_eval_metrics] Accuracy(layer_3 - estimator_1 - 2_folds.train_1.predict)=79.79%
[ 2019-12-23 16:58:02,154][kfold_wrapper.log_eval_metrics] Accuracy(layer_3 - estimator_1 - 2_folds.train_cv.predict)=81.40%
[ 2019-12-23 16:58:02,154][kfold_wrapper.log_eval_metrics] Accuracy(layer_3 - estimator_1 - 2_folds.test.predict)=85.06%
[ 2019-12-23 16:58:03,839][kfold_wrapper.log_eval_metrics] Accuracy(layer_3 - estimator_2 - 3_folds.train_0.predict)=77.99%
[ 2019-12-23 16:58:05,297][kfold_wrapper.log_eval_metrics] Accuracy(layer_3 - estimator_2 - 3_folds.train_1.predict)=82.17%
[ 2019-12-23 16:58:06,641][kfold_wrapper.log_eval_metrics] Accuracy(layer_3 - estimator_2 - 3_folds.train_2.predict)=78.99%
[ 2019-12-23 16:58:06,643][kfold_wrapper.log_eval_metrics] Accuracy(layer_3 - estimator_2 - 3_folds.train_cv.predict)=79.72%
[ 2019-12-23 16:58:06,643][kfold_wrapper.log_eval_metrics] Accuracy(layer_3 - estimator_2 - 3_folds.test.predict)=85.06%
[ 2019-12-23 16:58:06,644][cascade_classifier.calc_accuracy] Accuracy(layer_3 - train.classifier_average)=81.14%
[ 2019-12-23 16:58:06,644][cascade_classifier.calc_accuracy] Accuracy(layer_3 - test.classifier_average)=83.91%
[ 2019-12-23 16:58:06,645][cascade_classifier.fit_transform] [layer=4] look_indexs=[0], X_cur_train.shape=(774, 364), X_cur_test.shape=(87, 364)
[ 2019-12-23 16:58:08,693][kfold_wrapper.log_eval_metrics] Accuracy(layer_4 - estimator_0 - 2_folds.train_0.predict)=83.25%
[ 2019-12-23 16:58:11,019][kfold_wrapper.log_eval_metrics] Accuracy(layer_4 - estimator_0 - 2_folds.train_1.predict)=80.83%
[ 2019-12-23 16:58:11,329][kfold_wrapper.log_eval_metrics] Accuracy(layer_4 - estimator_0 - 2_folds.train_cv.predict)=82.04%
[ 2019-12-23 16:58:11,329][kfold_wrapper.log_eval_metrics] Accuracy(layer_4 - estimator_0 - 2_folds.test.predict)=83.91%
[ 2019-12-23 16:58:13,509][kfold_wrapper.log_eval_metrics] Accuracy(layer_4 - estimator_1 - 2_folds.train_0.predict)=82.47%
[ 2019-12-23 16:58:16,008][kfold_wrapper.log_eval_metrics] Accuracy(layer_4 - estimator_1 - 2_folds.train_1.predict)=79.53%
[ 2019-12-23 16:58:16,320][kfold_wrapper.log_eval_metrics] Accuracy(layer_4 - estimator_1 - 2_folds.train_cv.predict)=81.01%
[ 2019-12-23 16:58:16,320][kfold_wrapper.log_eval_metrics] Accuracy(layer_4 - estimator_1 - 2_folds.test.predict)=83.91%
[ 2019-12-23 16:58:17,659][kfold_wrapper.log_eval_metrics] Accuracy(layer_4 - estimator_2 - 3_folds.train_0.predict)=77.61%
[ 2019-12-23 16:58:19,075][kfold_wrapper.log_eval_metrics] Accuracy(layer_4 - estimator_2 - 3_folds.train_1.predict)=81.01%
[ 2019-12-23 16:58:20,414][kfold_wrapper.log_eval_metrics] Accuracy(layer_4 - estimator_2 - 3_folds.train_2.predict)=83.27%
[ 2019-12-23 16:58:20,416][kfold_wrapper.log_eval_metrics] Accuracy(layer_4 - estimator_2 - 3_folds.train_cv.predict)=80.62%
[ 2019-12-23 16:58:20,416][kfold_wrapper.log_eval_metrics] Accuracy(layer_4 - estimator_2 - 3_folds.test.predict)=83.91%
[ 2019-12-23 16:58:20,416][cascade_classifier.calc_accuracy] Accuracy(layer_4 - train.classifier_average)=81.52%
[ 2019-12-23 16:58:20,416][cascade_classifier.calc_accuracy] Accuracy(layer_4 - test.classifier_average)=82.76%
[ 2019-12-23 16:58:20,417][cascade_classifier.fit_transform] [Result][Optimal Level Detected] opt_layer_num=2, accuracy_train=82.17%, accuracy_test=83.91%
[ 2019-12-23 16:58:20,433][cascade_classifier.transform] X_groups_test.shape=[(87, 358)]
[ 2019-12-23 16:58:20,433][cascade_classifier.transform] group_dims=[358]
[ 2019-12-23 16:58:20,433][cascade_classifier.transform] X_test.shape=(87, 358)
[ 2019-12-23 16:58:20,441][cascade_classifier.transform] [layer=0] look_indexs=[0], X_cur_test.shape=(87, 358)
[ 2019-12-23 16:58:21,695][cascade_classifier.transform] [layer=1] look_indexs=[0], X_cur_test.shape=(87, 364)
[ 2019-12-23 16:58:22,949][cascade_classifier.transform] X_groups_test.shape=[(87, 358)]
[ 2019-12-23 16:58:22,949][cascade_classifier.transform] group_dims=[358]
[ 2019-12-23 16:58:22,950][cascade_classifier.transform] X_test.shape=(87, 358)
[ 2019-12-23 16:58:22,950][cascade_classifier.transform] [layer=0] look_indexs=[0], X_cur_test.shape=(87, 358)
[ 2019-12-23 16:58:24,204][cascade_classifier.transform] [layer=1] look_indexs=[0], X_cur_test.shape=(87, 364)
[ 2019-12-23 16:58:37,912][cascade_classifier.fit_transform] X_groups_train.shape=[(774, 358)],y_train.shape=(774,),X_groups_test.shape=[(87, 358)],y_test.shape=(87,)
[ 2019-12-23 16:58:37,913][cascade_classifier.fit_transform] group_dims=[358]
[ 2019-12-23 16:58:37,913][cascade_classifier.fit_transform] group_starts=[0]
[ 2019-12-23 16:58:37,913][cascade_classifier.fit_transform] group_ends=[358]
[ 2019-12-23 16:58:37,914][cascade_classifier.fit_transform] X_train.shape=(774, 358),X_test.shape=(87, 358)
[ 2019-12-23 16:58:37,915][cascade_classifier.fit_transform] [layer=0] look_indexs=[0], X_cur_train.shape=(774, 358), X_cur_test.shape=(87, 358)
[ 2019-12-23 16:58:39,937][kfold_wrapper.log_eval_metrics] Accuracy(layer_0 - estimator_0 - 2_folds.train_0.predict)=84.28%
[ 2019-12-23 16:58:42,293][kfold_wrapper.log_eval_metrics] Accuracy(layer_0 - estimator_0 - 2_folds.train_1.predict)=79.79%
[ 2019-12-23 16:58:42,601][kfold_wrapper.log_eval_metrics] Accuracy(layer_0 - estimator_0 - 2_folds.train_cv.predict)=82.04%
[ 2019-12-23 16:58:42,601][kfold_wrapper.log_eval_metrics] Accuracy(layer_0 - estimator_0 - 2_folds.test.predict)=80.46%
[ 2019-12-23 16:58:44,788][kfold_wrapper.log_eval_metrics] Accuracy(layer_0 - estimator_1 - 2_folds.train_0.predict)=81.19%
[ 2019-12-23 16:58:47,314][kfold_wrapper.log_eval_metrics] Accuracy(layer_0 - estimator_1 - 2_folds.train_1.predict)=80.83%
[ 2019-12-23 16:58:47,624][kfold_wrapper.log_eval_metrics] Accuracy(layer_0 - estimator_1 - 2_folds.train_cv.predict)=81.01%
[ 2019-12-23 16:58:47,625][kfold_wrapper.log_eval_metrics] Accuracy(layer_0 - estimator_1 - 2_folds.test.predict)=82.76%
[ 2019-12-23 16:58:49,078][kfold_wrapper.log_eval_metrics] Accuracy(layer_0 - estimator_2 - 3_folds.train_0.predict)=84.56%
[ 2019-12-23 16:58:50,519][kfold_wrapper.log_eval_metrics] Accuracy(layer_0 - estimator_2 - 3_folds.train_1.predict)=81.40%
[ 2019-12-23 16:58:51,800][kfold_wrapper.log_eval_metrics] Accuracy(layer_0 - estimator_2 - 3_folds.train_2.predict)=80.54%
[ 2019-12-23 16:58:51,802][kfold_wrapper.log_eval_metrics] Accuracy(layer_0 - estimator_2 - 3_folds.train_cv.predict)=82.17%
[ 2019-12-23 16:58:51,802][kfold_wrapper.log_eval_metrics] Accuracy(layer_0 - estimator_2 - 3_folds.test.predict)=83.91%
[ 2019-12-23 16:58:51,803][cascade_classifier.calc_accuracy] Accuracy(layer_0 - train.classifier_average)=82.04%
[ 2019-12-23 16:58:51,803][cascade_classifier.calc_accuracy] Accuracy(layer_0 - test.classifier_average)=85.06%
[ 2019-12-23 16:58:51,804][cascade_classifier.fit_transform] [layer=1] look_indexs=[0], X_cur_train.shape=(774, 364), X_cur_test.shape=(87, 364)
[ 2019-12-23 16:58:53,820][kfold_wrapper.log_eval_metrics] Accuracy(layer_1 - estimator_0 - 2_folds.train_0.predict)=82.47%
[ 2019-12-23 16:58:56,144][kfold_wrapper.log_eval_metrics] Accuracy(layer_1 - estimator_0 - 2_folds.train_1.predict)=80.57%
[ 2019-12-23 16:58:56,456][kfold_wrapper.log_eval_metrics] Accuracy(layer_1 - estimator_0 - 2_folds.train_cv.predict)=81.52%
[ 2019-12-23 16:58:56,456][kfold_wrapper.log_eval_metrics] Accuracy(layer_1 - estimator_0 - 2_folds.test.predict)=82.76%
[ 2019-12-23 16:58:58,643][kfold_wrapper.log_eval_metrics] Accuracy(layer_1 - estimator_1 - 2_folds.train_0.predict)=80.41%
[ 2019-12-23 16:59:01,134][kfold_wrapper.log_eval_metrics] Accuracy(layer_1 - estimator_1 - 2_folds.train_1.predict)=82.90%
[ 2019-12-23 16:59:01,448][kfold_wrapper.log_eval_metrics] Accuracy(layer_1 - estimator_1 - 2_folds.train_cv.predict)=81.65%
[ 2019-12-23 16:59:01,449][kfold_wrapper.log_eval_metrics] Accuracy(layer_1 - estimator_1 - 2_folds.test.predict)=82.76%
[ 2019-12-23 16:59:02,753][kfold_wrapper.log_eval_metrics] Accuracy(layer_1 - estimator_2 - 3_folds.train_0.predict)=82.24%
[ 2019-12-23 16:59:04,103][kfold_wrapper.log_eval_metrics] Accuracy(layer_1 - estimator_2 - 3_folds.train_1.predict)=79.84%
[ 2019-12-23 16:59:05,548][kfold_wrapper.log_eval_metrics] Accuracy(layer_1 - estimator_2 - 3_folds.train_2.predict)=85.60%
[ 2019-12-23 16:59:05,549][kfold_wrapper.log_eval_metrics] Accuracy(layer_1 - estimator_2 - 3_folds.train_cv.predict)=82.56%
[ 2019-12-23 16:59:05,550][kfold_wrapper.log_eval_metrics] Accuracy(layer_1 - estimator_2 - 3_folds.test.predict)=83.91%
[ 2019-12-23 16:59:05,550][cascade_classifier.calc_accuracy] Accuracy(layer_1 - train.classifier_average)=82.17%
[ 2019-12-23 16:59:05,550][cascade_classifier.calc_accuracy] Accuracy(layer_1 - test.classifier_average)=83.91%
[ 2019-12-23 16:59:05,552][cascade_classifier.fit_transform] [layer=2] look_indexs=[0], X_cur_train.shape=(774, 364), X_cur_test.shape=(87, 364)
[ 2019-12-23 16:59:07,562][kfold_wrapper.log_eval_metrics] Accuracy(layer_2 - estimator_0 - 2_folds.train_0.predict)=79.12%
[ 2019-12-23 16:59:09,917][kfold_wrapper.log_eval_metrics] Accuracy(layer_2 - estimator_0 - 2_folds.train_1.predict)=84.20%
[ 2019-12-23 16:59:10,229][kfold_wrapper.log_eval_metrics] Accuracy(layer_2 - estimator_0 - 2_folds.train_cv.predict)=81.65%
[ 2019-12-23 16:59:10,230][kfold_wrapper.log_eval_metrics] Accuracy(layer_2 - estimator_0 - 2_folds.test.predict)=83.91%
[ 2019-12-23 16:59:12,464][kfold_wrapper.log_eval_metrics] Accuracy(layer_2 - estimator_1 - 2_folds.train_0.predict)=79.90%
[ 2019-12-23 16:59:15,003][kfold_wrapper.log_eval_metrics] Accuracy(layer_2 - estimator_1 - 2_folds.train_1.predict)=82.12%
[ 2019-12-23 16:59:15,310][kfold_wrapper.log_eval_metrics] Accuracy(layer_2 - estimator_1 - 2_folds.train_cv.predict)=81.01%
[ 2019-12-23 16:59:15,311][kfold_wrapper.log_eval_metrics] Accuracy(layer_2 - estimator_1 - 2_folds.test.predict)=82.76%
[ 2019-12-23 16:59:16,825][kfold_wrapper.log_eval_metrics] Accuracy(layer_2 - estimator_2 - 3_folds.train_0.predict)=82.63%
[ 2019-12-23 16:59:18,168][kfold_wrapper.log_eval_metrics] Accuracy(layer_2 - estimator_2 - 3_folds.train_1.predict)=81.40%
[ 2019-12-23 16:59:19,615][kfold_wrapper.log_eval_metrics] Accuracy(layer_2 - estimator_2 - 3_folds.train_2.predict)=83.27%
[ 2019-12-23 16:59:19,617][kfold_wrapper.log_eval_metrics] Accuracy(layer_2 - estimator_2 - 3_folds.train_cv.predict)=82.43%
[ 2019-12-23 16:59:19,617][kfold_wrapper.log_eval_metrics] Accuracy(layer_2 - estimator_2 - 3_folds.test.predict)=82.76%
[ 2019-12-23 16:59:19,617][cascade_classifier.calc_accuracy] Accuracy(layer_2 - train.classifier_average)=81.14%
[ 2019-12-23 16:59:19,623][cascade_classifier.calc_accuracy] Accuracy(layer_2 - test.classifier_average)=82.76%
[ 2019-12-23 16:59:19,625][cascade_classifier.fit_transform] [layer=3] look_indexs=[0], X_cur_train.shape=(774, 364), X_cur_test.shape=(87, 364)
[ 2019-12-23 16:59:21,667][kfold_wrapper.log_eval_metrics] Accuracy(layer_3 - estimator_0 - 2_folds.train_0.predict)=81.96%
[ 2019-12-23 16:59:23,985][kfold_wrapper.log_eval_metrics] Accuracy(layer_3 - estimator_0 - 2_folds.train_1.predict)=80.83%
[ 2019-12-23 16:59:24,292][kfold_wrapper.log_eval_metrics] Accuracy(layer_3 - estimator_0 - 2_folds.train_cv.predict)=81.40%
[ 2019-12-23 16:59:24,293][kfold_wrapper.log_eval_metrics] Accuracy(layer_3 - estimator_0 - 2_folds.test.predict)=85.06%
[ 2019-12-23 16:59:26,476][kfold_wrapper.log_eval_metrics] Accuracy(layer_3 - estimator_1 - 2_folds.train_0.predict)=82.99%
[ 2019-12-23 16:59:28,997][kfold_wrapper.log_eval_metrics] Accuracy(layer_3 - estimator_1 - 2_folds.train_1.predict)=79.79%
[ 2019-12-23 16:59:29,306][kfold_wrapper.log_eval_metrics] Accuracy(layer_3 - estimator_1 - 2_folds.train_cv.predict)=81.40%
[ 2019-12-23 16:59:29,307][kfold_wrapper.log_eval_metrics] Accuracy(layer_3 - estimator_1 - 2_folds.test.predict)=85.06%
[ 2019-12-23 16:59:30,727][kfold_wrapper.log_eval_metrics] Accuracy(layer_3 - estimator_2 - 3_folds.train_0.predict)=77.99%
[ 2019-12-23 16:59:32,135][kfold_wrapper.log_eval_metrics] Accuracy(layer_3 - estimator_2 - 3_folds.train_1.predict)=82.17%
[ 2019-12-23 16:59:33,400][kfold_wrapper.log_eval_metrics] Accuracy(layer_3 - estimator_2 - 3_folds.train_2.predict)=78.99%
[ 2019-12-23 16:59:33,402][kfold_wrapper.log_eval_metrics] Accuracy(layer_3 - estimator_2 - 3_folds.train_cv.predict)=79.72%
[ 2019-12-23 16:59:33,402][kfold_wrapper.log_eval_metrics] Accuracy(layer_3 - estimator_2 - 3_folds.test.predict)=85.06%
[ 2019-12-23 16:59:33,403][cascade_classifier.calc_accuracy] Accuracy(layer_3 - train.classifier_average)=81.14%
[ 2019-12-23 16:59:33,403][cascade_classifier.calc_accuracy] Accuracy(layer_3 - test.classifier_average)=83.91%
[ 2019-12-23 16:59:33,405][cascade_classifier.fit_transform] [layer=4] look_indexs=[0], X_cur_train.shape=(774, 364), X_cur_test.shape=(87, 364)
[ 2019-12-23 16:59:35,437][kfold_wrapper.log_eval_metrics] Accuracy(layer_4 - estimator_0 - 2_folds.train_0.predict)=83.25%
[ 2019-12-23 16:59:37,757][kfold_wrapper.log_eval_metrics] Accuracy(layer_4 - estimator_0 - 2_folds.train_1.predict)=80.83%
[ 2019-12-23 16:59:38,065][kfold_wrapper.log_eval_metrics] Accuracy(layer_4 - estimator_0 - 2_folds.train_cv.predict)=82.04%
[ 2019-12-23 16:59:38,066][kfold_wrapper.log_eval_metrics] Accuracy(layer_4 - estimator_0 - 2_folds.test.predict)=83.91%
[ 2019-12-23 16:59:40,371][kfold_wrapper.log_eval_metrics] Accuracy(layer_4 - estimator_1 - 2_folds.train_0.predict)=82.47%
[ 2019-12-23 16:59:42,869][kfold_wrapper.log_eval_metrics] Accuracy(layer_4 - estimator_1 - 2_folds.train_1.predict)=79.53%
[ 2019-12-23 16:59:43,180][kfold_wrapper.log_eval_metrics] Accuracy(layer_4 - estimator_1 - 2_folds.train_cv.predict)=81.01%
[ 2019-12-23 16:59:43,180][kfold_wrapper.log_eval_metrics] Accuracy(layer_4 - estimator_1 - 2_folds.test.predict)=83.91%
[ 2019-12-23 16:59:44,515][kfold_wrapper.log_eval_metrics] Accuracy(layer_4 - estimator_2 - 3_folds.train_0.predict)=77.61%
[ 2019-12-23 16:59:45,925][kfold_wrapper.log_eval_metrics] Accuracy(layer_4 - estimator_2 - 3_folds.train_1.predict)=81.01%
[ 2019-12-23 16:59:47,301][kfold_wrapper.log_eval_metrics] Accuracy(layer_4 - estimator_2 - 3_folds.train_2.predict)=83.27%
[ 2019-12-23 16:59:47,302][kfold_wrapper.log_eval_metrics] Accuracy(layer_4 - estimator_2 - 3_folds.train_cv.predict)=80.62%
[ 2019-12-23 16:59:47,303][kfold_wrapper.log_eval_metrics] Accuracy(layer_4 - estimator_2 - 3_folds.test.predict)=83.91%
[ 2019-12-23 16:59:47,303][cascade_classifier.calc_accuracy] Accuracy(layer_4 - train.classifier_average)=81.52%
[ 2019-12-23 16:59:47,304][cascade_classifier.calc_accuracy] Accuracy(layer_4 - test.classifier_average)=82.76%
[ 2019-12-23 16:59:47,304][cascade_classifier.fit_transform] [Result][Optimal Level Detected] opt_layer_num=2, accuracy_train=82.17%, accuracy_test=83.91%
[ 2019-12-23 16:59:47,321][cascade_classifier.transform] X_groups_test.shape=[(87, 358)]
[ 2019-12-23 16:59:47,321][cascade_classifier.transform] group_dims=[358]
[ 2019-12-23 16:59:47,322][cascade_classifier.transform] X_test.shape=(87, 358)
[ 2019-12-23 16:59:47,322][cascade_classifier.transform] [layer=0] look_indexs=[0], X_cur_test.shape=(87, 358)
[ 2019-12-23 16:59:48,583][cascade_classifier.transform] [layer=1] look_indexs=[0], X_cur_test.shape=(87, 364)
[ 2019-12-23 16:59:49,821][cascade_classifier.transform] X_groups_test.shape=[(87, 358)]
[ 2019-12-23 16:59:49,821][cascade_classifier.transform] group_dims=[358]
[ 2019-12-23 16:59:49,821][cascade_classifier.transform] X_test.shape=(87, 358)
[ 2019-12-23 16:59:49,821][cascade_classifier.transform] [layer=0] look_indexs=[0], X_cur_test.shape=(87, 358)
[ 2019-12-23 16:59:51,072][cascade_classifier.transform] [layer=1] look_indexs=[0], X_cur_test.shape=(87, 364)
[ 2019-12-23 17:00:04,880][cascade_classifier.fit_transform] X_groups_train.shape=[(774, 358)],y_train.shape=(774,),X_groups_test.shape=[(87, 358)],y_test.shape=(87,)
[ 2019-12-23 17:00:04,881][cascade_classifier.fit_transform] group_dims=[358]
[ 2019-12-23 17:00:04,881][cascade_classifier.fit_transform] group_starts=[0]
[ 2019-12-23 17:00:04,881][cascade_classifier.fit_transform] group_ends=[358]
[ 2019-12-23 17:00:04,881][cascade_classifier.fit_transform] X_train.shape=(774, 358),X_test.shape=(87, 358)
[ 2019-12-23 17:00:04,883][cascade_classifier.fit_transform] [layer=0] look_indexs=[0], X_cur_train.shape=(774, 358), X_cur_test.shape=(87, 358)
