[ 2019-12-15 11:01:57,381][cascade_classifier.fit_transform] X_groups_train.shape=[(774, 1, 358, 1)],y_train.shape=(774,),X_groups_test.shape=[(87, 1, 358, 1)],y_test.shape=(87,)
[ 2019-12-15 11:01:57,382][cascade_classifier.fit_transform] group_dims=[358]
[ 2019-12-15 11:01:57,383][cascade_classifier.fit_transform] group_starts=[0]
[ 2019-12-15 11:01:57,383][cascade_classifier.fit_transform] group_ends=[358]
[ 2019-12-15 11:01:57,383][cascade_classifier.fit_transform] X_train.shape=(774, 358),X_test.shape=(87, 358)
[ 2019-12-15 11:01:57,385][cascade_classifier.fit_transform] [layer=0] look_indexs=[0], X_cur_train.shape=(774, 358), X_cur_test.shape=(87, 358)
[ 2019-12-15 11:01:57,735][kfold_wrapper.log_eval_metrics] Accuracy(layer_0 - estimator_0 - 5_folds.train_0.predict)=82.69%
[ 2019-12-15 11:01:58,175][kfold_wrapper.log_eval_metrics] Accuracy(layer_0 - estimator_0 - 5_folds.train_1.predict)=80.65%
[ 2019-12-15 11:01:58,618][kfold_wrapper.log_eval_metrics] Accuracy(layer_0 - estimator_0 - 5_folds.train_2.predict)=81.94%
[ 2019-12-15 11:01:59,057][kfold_wrapper.log_eval_metrics] Accuracy(layer_0 - estimator_0 - 5_folds.train_3.predict)=79.87%
[ 2019-12-15 11:01:59,493][kfold_wrapper.log_eval_metrics] Accuracy(layer_0 - estimator_0 - 5_folds.train_4.predict)=78.57%
[ 2019-12-15 11:01:59,608][kfold_wrapper.log_eval_metrics] Accuracy(layer_0 - estimator_0 - 5_folds.train_cv.predict)=80.75%
[ 2019-12-15 11:01:59,608][kfold_wrapper.log_eval_metrics] Accuracy(layer_0 - estimator_0 - 5_folds.test.predict)=86.21%
[ 2019-12-15 11:01:59,939][kfold_wrapper.log_eval_metrics] Accuracy(layer_0 - estimator_1 - 5_folds.train_0.predict)=82.69%
[ 2019-12-15 11:02:00,365][kfold_wrapper.log_eval_metrics] Accuracy(layer_0 - estimator_1 - 5_folds.train_1.predict)=76.77%
[ 2019-12-15 11:02:00,794][kfold_wrapper.log_eval_metrics] Accuracy(layer_0 - estimator_1 - 5_folds.train_2.predict)=81.29%
[ 2019-12-15 11:02:01,227][kfold_wrapper.log_eval_metrics] Accuracy(layer_0 - estimator_1 - 5_folds.train_3.predict)=76.62%
[ 2019-12-15 11:02:01,655][kfold_wrapper.log_eval_metrics] Accuracy(layer_0 - estimator_1 - 5_folds.train_4.predict)=83.77%
[ 2019-12-15 11:02:01,761][kfold_wrapper.log_eval_metrics] Accuracy(layer_0 - estimator_1 - 5_folds.train_cv.predict)=80.23%
[ 2019-12-15 11:02:01,762][kfold_wrapper.log_eval_metrics] Accuracy(layer_0 - estimator_1 - 5_folds.test.predict)=86.21%
[ 2019-12-15 11:02:02,207][kfold_wrapper.log_eval_metrics] Accuracy(layer_0 - estimator_2 - 5_folds.train_0.predict)=71.79%
[ 2019-12-15 11:02:02,629][kfold_wrapper.log_eval_metrics] Accuracy(layer_0 - estimator_2 - 5_folds.train_1.predict)=81.94%
[ 2019-12-15 11:02:03,032][kfold_wrapper.log_eval_metrics] Accuracy(layer_0 - estimator_2 - 5_folds.train_2.predict)=77.42%
[ 2019-12-15 11:02:03,461][kfold_wrapper.log_eval_metrics] Accuracy(layer_0 - estimator_2 - 5_folds.train_3.predict)=82.47%
[ 2019-12-15 11:02:03,869][kfold_wrapper.log_eval_metrics] Accuracy(layer_0 - estimator_2 - 5_folds.train_4.predict)=79.22%
[ 2019-12-15 11:02:03,870][kfold_wrapper.log_eval_metrics] Accuracy(layer_0 - estimator_2 - 5_folds.train_cv.predict)=78.55%
[ 2019-12-15 11:02:03,870][kfold_wrapper.log_eval_metrics] Accuracy(layer_0 - estimator_2 - 5_folds.test.predict)=83.91%
[ 2019-12-15 11:02:03,990][kfold_wrapper.log_eval_metrics] Accuracy(layer_0 - estimator_3 - 5_folds.train_0.predict)=81.41%
[ 2019-12-15 11:02:04,120][kfold_wrapper.log_eval_metrics] Accuracy(layer_0 - estimator_3 - 5_folds.train_1.predict)=83.23%
[ 2019-12-15 11:02:04,239][kfold_wrapper.log_eval_metrics] Accuracy(layer_0 - estimator_3 - 5_folds.train_2.predict)=80.65%
[ 2019-12-15 11:02:04,363][kfold_wrapper.log_eval_metrics] Accuracy(layer_0 - estimator_3 - 5_folds.train_3.predict)=84.42%
[ 2019-12-15 11:02:04,480][kfold_wrapper.log_eval_metrics] Accuracy(layer_0 - estimator_3 - 5_folds.train_4.predict)=79.22%
[ 2019-12-15 11:02:04,481][kfold_wrapper.log_eval_metrics] Accuracy(layer_0 - estimator_3 - 5_folds.train_cv.predict)=81.78%
[ 2019-12-15 11:02:04,482][kfold_wrapper.log_eval_metrics] Accuracy(layer_0 - estimator_3 - 5_folds.test.predict)=86.21%
[ 2019-12-15 11:02:04,482][cascade_classifier.calc_accuracy] Accuracy(layer_0 - train.classifier_average)=81.40%
[ 2019-12-15 11:02:04,482][cascade_classifier.calc_accuracy] Accuracy(layer_0 - test.classifier_average)=87.36%
[ 2019-12-15 11:02:04,484][cascade_classifier.fit_transform] [layer=1] look_indexs=[0], X_cur_train.shape=(774, 366), X_cur_test.shape=(87, 366)
[ 2019-12-15 11:02:04,822][kfold_wrapper.log_eval_metrics] Accuracy(layer_1 - estimator_0 - 5_folds.train_0.predict)=82.05%
[ 2019-12-15 11:02:05,272][kfold_wrapper.log_eval_metrics] Accuracy(layer_1 - estimator_0 - 5_folds.train_1.predict)=83.23%
[ 2019-12-15 11:02:05,714][kfold_wrapper.log_eval_metrics] Accuracy(layer_1 - estimator_0 - 5_folds.train_2.predict)=78.71%
[ 2019-12-15 11:02:06,161][kfold_wrapper.log_eval_metrics] Accuracy(layer_1 - estimator_0 - 5_folds.train_3.predict)=82.47%
[ 2019-12-15 11:02:06,596][kfold_wrapper.log_eval_metrics] Accuracy(layer_1 - estimator_0 - 5_folds.train_4.predict)=80.52%
[ 2019-12-15 11:02:06,710][kfold_wrapper.log_eval_metrics] Accuracy(layer_1 - estimator_0 - 5_folds.train_cv.predict)=81.40%
[ 2019-12-15 11:02:06,711][kfold_wrapper.log_eval_metrics] Accuracy(layer_1 - estimator_0 - 5_folds.test.predict)=86.21%
[ 2019-12-15 11:02:07,037][kfold_wrapper.log_eval_metrics] Accuracy(layer_1 - estimator_1 - 5_folds.train_0.predict)=84.62%
[ 2019-12-15 11:02:07,471][kfold_wrapper.log_eval_metrics] Accuracy(layer_1 - estimator_1 - 5_folds.train_1.predict)=79.35%
[ 2019-12-15 11:02:07,897][kfold_wrapper.log_eval_metrics] Accuracy(layer_1 - estimator_1 - 5_folds.train_2.predict)=79.35%
[ 2019-12-15 11:02:08,326][kfold_wrapper.log_eval_metrics] Accuracy(layer_1 - estimator_1 - 5_folds.train_3.predict)=84.42%
[ 2019-12-15 11:02:08,756][kfold_wrapper.log_eval_metrics] Accuracy(layer_1 - estimator_1 - 5_folds.train_4.predict)=77.92%
[ 2019-12-15 11:02:08,862][kfold_wrapper.log_eval_metrics] Accuracy(layer_1 - estimator_1 - 5_folds.train_cv.predict)=81.14%
[ 2019-12-15 11:02:08,863][kfold_wrapper.log_eval_metrics] Accuracy(layer_1 - estimator_1 - 5_folds.test.predict)=88.51%
[ 2019-12-15 11:02:09,326][kfold_wrapper.log_eval_metrics] Accuracy(layer_1 - estimator_2 - 5_folds.train_0.predict)=80.13%
[ 2019-12-15 11:02:09,763][kfold_wrapper.log_eval_metrics] Accuracy(layer_1 - estimator_2 - 5_folds.train_1.predict)=85.16%
[ 2019-12-15 11:02:10,199][kfold_wrapper.log_eval_metrics] Accuracy(layer_1 - estimator_2 - 5_folds.train_2.predict)=80.65%
[ 2019-12-15 11:02:10,648][kfold_wrapper.log_eval_metrics] Accuracy(layer_1 - estimator_2 - 5_folds.train_3.predict)=74.03%
[ 2019-12-15 11:02:11,087][kfold_wrapper.log_eval_metrics] Accuracy(layer_1 - estimator_2 - 5_folds.train_4.predict)=77.27%
[ 2019-12-15 11:02:11,088][kfold_wrapper.log_eval_metrics] Accuracy(layer_1 - estimator_2 - 5_folds.train_cv.predict)=79.46%
[ 2019-12-15 11:02:11,088][kfold_wrapper.log_eval_metrics] Accuracy(layer_1 - estimator_2 - 5_folds.test.predict)=85.06%
[ 2019-12-15 11:02:11,221][kfold_wrapper.log_eval_metrics] Accuracy(layer_1 - estimator_3 - 5_folds.train_0.predict)=80.77%
[ 2019-12-15 11:02:11,344][kfold_wrapper.log_eval_metrics] Accuracy(layer_1 - estimator_3 - 5_folds.train_1.predict)=75.48%
[ 2019-12-15 11:02:11,477][kfold_wrapper.log_eval_metrics] Accuracy(layer_1 - estimator_3 - 5_folds.train_2.predict)=85.81%
[ 2019-12-15 11:02:11,603][kfold_wrapper.log_eval_metrics] Accuracy(layer_1 - estimator_3 - 5_folds.train_3.predict)=87.01%
[ 2019-12-15 11:02:11,725][kfold_wrapper.log_eval_metrics] Accuracy(layer_1 - estimator_3 - 5_folds.train_4.predict)=74.03%
[ 2019-12-15 11:02:11,726][kfold_wrapper.log_eval_metrics] Accuracy(layer_1 - estimator_3 - 5_folds.train_cv.predict)=80.62%
[ 2019-12-15 11:02:11,727][kfold_wrapper.log_eval_metrics] Accuracy(layer_1 - estimator_3 - 5_folds.test.predict)=87.36%
[ 2019-12-15 11:02:11,727][cascade_classifier.calc_accuracy] Accuracy(layer_1 - train.classifier_average)=80.49%
[ 2019-12-15 11:02:11,727][cascade_classifier.calc_accuracy] Accuracy(layer_1 - test.classifier_average)=87.36%
[ 2019-12-15 11:02:11,729][cascade_classifier.fit_transform] [layer=2] look_indexs=[0], X_cur_train.shape=(774, 366), X_cur_test.shape=(87, 366)
[ 2019-12-15 11:02:12,065][kfold_wrapper.log_eval_metrics] Accuracy(layer_2 - estimator_0 - 5_folds.train_0.predict)=78.85%
[ 2019-12-15 11:02:12,514][kfold_wrapper.log_eval_metrics] Accuracy(layer_2 - estimator_0 - 5_folds.train_1.predict)=80.00%
[ 2019-12-15 11:02:12,952][kfold_wrapper.log_eval_metrics] Accuracy(layer_2 - estimator_0 - 5_folds.train_2.predict)=81.94%
[ 2019-12-15 11:02:13,389][kfold_wrapper.log_eval_metrics] Accuracy(layer_2 - estimator_0 - 5_folds.train_3.predict)=80.52%
[ 2019-12-15 11:02:13,821][kfold_wrapper.log_eval_metrics] Accuracy(layer_2 - estimator_0 - 5_folds.train_4.predict)=77.27%
[ 2019-12-15 11:02:13,935][kfold_wrapper.log_eval_metrics] Accuracy(layer_2 - estimator_0 - 5_folds.train_cv.predict)=79.72%
[ 2019-12-15 11:02:13,936][kfold_wrapper.log_eval_metrics] Accuracy(layer_2 - estimator_0 - 5_folds.test.predict)=88.51%
[ 2019-12-15 11:02:14,271][kfold_wrapper.log_eval_metrics] Accuracy(layer_2 - estimator_1 - 5_folds.train_0.predict)=81.41%
[ 2019-12-15 11:02:14,721][kfold_wrapper.log_eval_metrics] Accuracy(layer_2 - estimator_1 - 5_folds.train_1.predict)=81.94%
[ 2019-12-15 11:02:15,153][kfold_wrapper.log_eval_metrics] Accuracy(layer_2 - estimator_1 - 5_folds.train_2.predict)=82.58%
[ 2019-12-15 11:02:15,588][kfold_wrapper.log_eval_metrics] Accuracy(layer_2 - estimator_1 - 5_folds.train_3.predict)=78.57%
[ 2019-12-15 11:02:16,021][kfold_wrapper.log_eval_metrics] Accuracy(layer_2 - estimator_1 - 5_folds.train_4.predict)=75.32%
[ 2019-12-15 11:02:16,126][kfold_wrapper.log_eval_metrics] Accuracy(layer_2 - estimator_1 - 5_folds.train_cv.predict)=79.97%
[ 2019-12-15 11:02:16,127][kfold_wrapper.log_eval_metrics] Accuracy(layer_2 - estimator_1 - 5_folds.test.predict)=87.36%
[ 2019-12-15 11:02:16,581][kfold_wrapper.log_eval_metrics] Accuracy(layer_2 - estimator_2 - 5_folds.train_0.predict)=80.13%
[ 2019-12-15 11:02:17,023][kfold_wrapper.log_eval_metrics] Accuracy(layer_2 - estimator_2 - 5_folds.train_1.predict)=80.00%
[ 2019-12-15 11:02:17,476][kfold_wrapper.log_eval_metrics] Accuracy(layer_2 - estimator_2 - 5_folds.train_2.predict)=81.94%
[ 2019-12-15 11:02:17,901][kfold_wrapper.log_eval_metrics] Accuracy(layer_2 - estimator_2 - 5_folds.train_3.predict)=77.27%
[ 2019-12-15 11:02:18,355][kfold_wrapper.log_eval_metrics] Accuracy(layer_2 - estimator_2 - 5_folds.train_4.predict)=81.82%
[ 2019-12-15 11:02:18,357][kfold_wrapper.log_eval_metrics] Accuracy(layer_2 - estimator_2 - 5_folds.train_cv.predict)=80.23%
[ 2019-12-15 11:02:18,357][kfold_wrapper.log_eval_metrics] Accuracy(layer_2 - estimator_2 - 5_folds.test.predict)=83.91%
[ 2019-12-15 11:02:18,488][kfold_wrapper.log_eval_metrics] Accuracy(layer_2 - estimator_3 - 5_folds.train_0.predict)=83.33%
[ 2019-12-15 11:02:18,618][kfold_wrapper.log_eval_metrics] Accuracy(layer_2 - estimator_3 - 5_folds.train_1.predict)=84.52%
[ 2019-12-15 11:02:18,737][kfold_wrapper.log_eval_metrics] Accuracy(layer_2 - estimator_3 - 5_folds.train_2.predict)=76.13%
[ 2019-12-15 11:02:18,867][kfold_wrapper.log_eval_metrics] Accuracy(layer_2 - estimator_3 - 5_folds.train_3.predict)=81.82%
[ 2019-12-15 11:02:18,988][kfold_wrapper.log_eval_metrics] Accuracy(layer_2 - estimator_3 - 5_folds.train_4.predict)=80.52%
[ 2019-12-15 11:02:18,989][kfold_wrapper.log_eval_metrics] Accuracy(layer_2 - estimator_3 - 5_folds.train_cv.predict)=81.27%
[ 2019-12-15 11:02:18,990][kfold_wrapper.log_eval_metrics] Accuracy(layer_2 - estimator_3 - 5_folds.test.predict)=87.36%
[ 2019-12-15 11:02:18,990][cascade_classifier.calc_accuracy] Accuracy(layer_2 - train.classifier_average)=81.27%
[ 2019-12-15 11:02:18,990][cascade_classifier.calc_accuracy] Accuracy(layer_2 - test.classifier_average)=86.21%
[ 2019-12-15 11:02:18,992][cascade_classifier.fit_transform] [layer=3] look_indexs=[0], X_cur_train.shape=(774, 366), X_cur_test.shape=(87, 366)
[ 2019-12-15 11:02:19,329][kfold_wrapper.log_eval_metrics] Accuracy(layer_3 - estimator_0 - 5_folds.train_0.predict)=85.26%
[ 2019-12-15 11:02:19,777][kfold_wrapper.log_eval_metrics] Accuracy(layer_3 - estimator_0 - 5_folds.train_1.predict)=78.06%
[ 2019-12-15 11:02:20,217][kfold_wrapper.log_eval_metrics] Accuracy(layer_3 - estimator_0 - 5_folds.train_2.predict)=82.58%
[ 2019-12-15 11:02:20,664][kfold_wrapper.log_eval_metrics] Accuracy(layer_3 - estimator_0 - 5_folds.train_3.predict)=79.22%
[ 2019-12-15 11:02:21,103][kfold_wrapper.log_eval_metrics] Accuracy(layer_3 - estimator_0 - 5_folds.train_4.predict)=77.92%
[ 2019-12-15 11:02:21,215][kfold_wrapper.log_eval_metrics] Accuracy(layer_3 - estimator_0 - 5_folds.train_cv.predict)=80.62%
[ 2019-12-15 11:02:21,216][kfold_wrapper.log_eval_metrics] Accuracy(layer_3 - estimator_0 - 5_folds.test.predict)=86.21%
[ 2019-12-15 11:02:21,550][kfold_wrapper.log_eval_metrics] Accuracy(layer_3 - estimator_1 - 5_folds.train_0.predict)=81.41%
[ 2019-12-15 11:02:21,980][kfold_wrapper.log_eval_metrics] Accuracy(layer_3 - estimator_1 - 5_folds.train_1.predict)=83.23%
[ 2019-12-15 11:02:22,417][kfold_wrapper.log_eval_metrics] Accuracy(layer_3 - estimator_1 - 5_folds.train_2.predict)=82.58%
[ 2019-12-15 11:02:22,846][kfold_wrapper.log_eval_metrics] Accuracy(layer_3 - estimator_1 - 5_folds.train_3.predict)=79.87%
[ 2019-12-15 11:02:23,280][kfold_wrapper.log_eval_metrics] Accuracy(layer_3 - estimator_1 - 5_folds.train_4.predict)=83.77%
[ 2019-12-15 11:02:23,384][kfold_wrapper.log_eval_metrics] Accuracy(layer_3 - estimator_1 - 5_folds.train_cv.predict)=82.17%
[ 2019-12-15 11:02:23,385][kfold_wrapper.log_eval_metrics] Accuracy(layer_3 - estimator_1 - 5_folds.test.predict)=85.06%
[ 2019-12-15 11:02:23,831][kfold_wrapper.log_eval_metrics] Accuracy(layer_3 - estimator_2 - 5_folds.train_0.predict)=81.41%
[ 2019-12-15 11:02:24,268][kfold_wrapper.log_eval_metrics] Accuracy(layer_3 - estimator_2 - 5_folds.train_1.predict)=77.42%
[ 2019-12-15 11:02:24,700][kfold_wrapper.log_eval_metrics] Accuracy(layer_3 - estimator_2 - 5_folds.train_2.predict)=81.29%
[ 2019-12-15 11:02:25,133][kfold_wrapper.log_eval_metrics] Accuracy(layer_3 - estimator_2 - 5_folds.train_3.predict)=73.38%
[ 2019-12-15 11:02:25,564][kfold_wrapper.log_eval_metrics] Accuracy(layer_3 - estimator_2 - 5_folds.train_4.predict)=80.52%
[ 2019-12-15 11:02:25,565][kfold_wrapper.log_eval_metrics] Accuracy(layer_3 - estimator_2 - 5_folds.train_cv.predict)=78.81%
[ 2019-12-15 11:02:25,566][kfold_wrapper.log_eval_metrics] Accuracy(layer_3 - estimator_2 - 5_folds.test.predict)=82.76%
[ 2019-12-15 11:02:25,687][kfold_wrapper.log_eval_metrics] Accuracy(layer_3 - estimator_3 - 5_folds.train_0.predict)=80.13%
[ 2019-12-15 11:02:25,816][kfold_wrapper.log_eval_metrics] Accuracy(layer_3 - estimator_3 - 5_folds.train_1.predict)=83.23%
[ 2019-12-15 11:02:25,938][kfold_wrapper.log_eval_metrics] Accuracy(layer_3 - estimator_3 - 5_folds.train_2.predict)=76.77%
[ 2019-12-15 11:02:26,082][kfold_wrapper.log_eval_metrics] Accuracy(layer_3 - estimator_3 - 5_folds.train_3.predict)=83.77%
[ 2019-12-15 11:02:26,199][kfold_wrapper.log_eval_metrics] Accuracy(layer_3 - estimator_3 - 5_folds.train_4.predict)=77.27%
[ 2019-12-15 11:02:26,200][kfold_wrapper.log_eval_metrics] Accuracy(layer_3 - estimator_3 - 5_folds.train_cv.predict)=80.23%
[ 2019-12-15 11:02:26,201][kfold_wrapper.log_eval_metrics] Accuracy(layer_3 - estimator_3 - 5_folds.test.predict)=86.21%
[ 2019-12-15 11:02:26,201][cascade_classifier.calc_accuracy] Accuracy(layer_3 - train.classifier_average)=80.75%
[ 2019-12-15 11:02:26,201][cascade_classifier.calc_accuracy] Accuracy(layer_3 - test.classifier_average)=86.21%
[ 2019-12-15 11:02:26,203][cascade_classifier.fit_transform] [layer=4] look_indexs=[0], X_cur_train.shape=(774, 366), X_cur_test.shape=(87, 366)
[ 2019-12-15 11:02:26,538][kfold_wrapper.log_eval_metrics] Accuracy(layer_4 - estimator_0 - 5_folds.train_0.predict)=85.90%
[ 2019-12-15 11:02:26,979][kfold_wrapper.log_eval_metrics] Accuracy(layer_4 - estimator_0 - 5_folds.train_1.predict)=77.42%
[ 2019-12-15 11:02:27,420][kfold_wrapper.log_eval_metrics] Accuracy(layer_4 - estimator_0 - 5_folds.train_2.predict)=81.29%
[ 2019-12-15 11:02:27,853][kfold_wrapper.log_eval_metrics] Accuracy(layer_4 - estimator_0 - 5_folds.train_3.predict)=83.12%
[ 2019-12-15 11:02:28,301][kfold_wrapper.log_eval_metrics] Accuracy(layer_4 - estimator_0 - 5_folds.train_4.predict)=76.62%
[ 2019-12-15 11:02:28,407][kfold_wrapper.log_eval_metrics] Accuracy(layer_4 - estimator_0 - 5_folds.train_cv.predict)=80.88%
[ 2019-12-15 11:02:28,408][kfold_wrapper.log_eval_metrics] Accuracy(layer_4 - estimator_0 - 5_folds.test.predict)=86.21%
[ 2019-12-15 11:02:28,742][kfold_wrapper.log_eval_metrics] Accuracy(layer_4 - estimator_1 - 5_folds.train_0.predict)=80.13%
[ 2019-12-15 11:02:29,170][kfold_wrapper.log_eval_metrics] Accuracy(layer_4 - estimator_1 - 5_folds.train_1.predict)=83.87%
[ 2019-12-15 11:02:29,600][kfold_wrapper.log_eval_metrics] Accuracy(layer_4 - estimator_1 - 5_folds.train_2.predict)=83.23%
[ 2019-12-15 11:02:30,029][kfold_wrapper.log_eval_metrics] Accuracy(layer_4 - estimator_1 - 5_folds.train_3.predict)=82.47%
[ 2019-12-15 11:02:30,458][kfold_wrapper.log_eval_metrics] Accuracy(layer_4 - estimator_1 - 5_folds.train_4.predict)=83.77%
[ 2019-12-15 11:02:30,574][kfold_wrapper.log_eval_metrics] Accuracy(layer_4 - estimator_1 - 5_folds.train_cv.predict)=82.69%
[ 2019-12-15 11:02:30,575][kfold_wrapper.log_eval_metrics] Accuracy(layer_4 - estimator_1 - 5_folds.test.predict)=87.36%
[ 2019-12-15 11:02:31,014][kfold_wrapper.log_eval_metrics] Accuracy(layer_4 - estimator_2 - 5_folds.train_0.predict)=76.92%
[ 2019-12-15 11:02:31,428][kfold_wrapper.log_eval_metrics] Accuracy(layer_4 - estimator_2 - 5_folds.train_1.predict)=80.00%
[ 2019-12-15 11:02:31,867][kfold_wrapper.log_eval_metrics] Accuracy(layer_4 - estimator_2 - 5_folds.train_2.predict)=85.16%
[ 2019-12-15 11:02:32,317][kfold_wrapper.log_eval_metrics] Accuracy(layer_4 - estimator_2 - 5_folds.train_3.predict)=83.12%
[ 2019-12-15 11:02:32,737][kfold_wrapper.log_eval_metrics] Accuracy(layer_4 - estimator_2 - 5_folds.train_4.predict)=74.68%
[ 2019-12-15 11:02:32,738][kfold_wrapper.log_eval_metrics] Accuracy(layer_4 - estimator_2 - 5_folds.train_cv.predict)=79.97%
[ 2019-12-15 11:02:32,739][kfold_wrapper.log_eval_metrics] Accuracy(layer_4 - estimator_2 - 5_folds.test.predict)=83.91%
[ 2019-12-15 11:02:32,868][kfold_wrapper.log_eval_metrics] Accuracy(layer_4 - estimator_3 - 5_folds.train_0.predict)=82.05%
[ 2019-12-15 11:02:32,999][kfold_wrapper.log_eval_metrics] Accuracy(layer_4 - estimator_3 - 5_folds.train_1.predict)=78.06%
[ 2019-12-15 11:02:33,126][kfold_wrapper.log_eval_metrics] Accuracy(layer_4 - estimator_3 - 5_folds.train_2.predict)=81.94%
[ 2019-12-15 11:02:33,255][kfold_wrapper.log_eval_metrics] Accuracy(layer_4 - estimator_3 - 5_folds.train_3.predict)=83.77%
[ 2019-12-15 11:02:33,377][kfold_wrapper.log_eval_metrics] Accuracy(layer_4 - estimator_3 - 5_folds.train_4.predict)=79.87%
[ 2019-12-15 11:02:33,378][kfold_wrapper.log_eval_metrics] Accuracy(layer_4 - estimator_3 - 5_folds.train_cv.predict)=81.14%
[ 2019-12-15 11:02:33,378][kfold_wrapper.log_eval_metrics] Accuracy(layer_4 - estimator_3 - 5_folds.test.predict)=85.06%
[ 2019-12-15 11:02:33,379][cascade_classifier.calc_accuracy] Accuracy(layer_4 - train.classifier_average)=82.17%
[ 2019-12-15 11:02:33,379][cascade_classifier.calc_accuracy] Accuracy(layer_4 - test.classifier_average)=85.06%
[ 2019-12-15 11:02:33,380][cascade_classifier.fit_transform] [layer=5] look_indexs=[0], X_cur_train.shape=(774, 366), X_cur_test.shape=(87, 366)
[ 2019-12-15 11:02:33,719][kfold_wrapper.log_eval_metrics] Accuracy(layer_5 - estimator_0 - 5_folds.train_0.predict)=78.21%
[ 2019-12-15 11:02:34,159][kfold_wrapper.log_eval_metrics] Accuracy(layer_5 - estimator_0 - 5_folds.train_1.predict)=80.00%
[ 2019-12-15 11:02:34,591][kfold_wrapper.log_eval_metrics] Accuracy(layer_5 - estimator_0 - 5_folds.train_2.predict)=80.65%
[ 2019-12-15 11:02:35,026][kfold_wrapper.log_eval_metrics] Accuracy(layer_5 - estimator_0 - 5_folds.train_3.predict)=81.17%
[ 2019-12-15 11:02:35,468][kfold_wrapper.log_eval_metrics] Accuracy(layer_5 - estimator_0 - 5_folds.train_4.predict)=79.22%
[ 2019-12-15 11:02:35,574][kfold_wrapper.log_eval_metrics] Accuracy(layer_5 - estimator_0 - 5_folds.train_cv.predict)=79.84%
[ 2019-12-15 11:02:35,575][kfold_wrapper.log_eval_metrics] Accuracy(layer_5 - estimator_0 - 5_folds.test.predict)=87.36%
[ 2019-12-15 11:02:35,899][kfold_wrapper.log_eval_metrics] Accuracy(layer_5 - estimator_1 - 5_folds.train_0.predict)=82.05%
[ 2019-12-15 11:02:36,331][kfold_wrapper.log_eval_metrics] Accuracy(layer_5 - estimator_1 - 5_folds.train_1.predict)=81.29%
[ 2019-12-15 11:02:36,763][kfold_wrapper.log_eval_metrics] Accuracy(layer_5 - estimator_1 - 5_folds.train_2.predict)=80.00%
[ 2019-12-15 11:02:37,192][kfold_wrapper.log_eval_metrics] Accuracy(layer_5 - estimator_1 - 5_folds.train_3.predict)=81.82%
[ 2019-12-15 11:02:37,621][kfold_wrapper.log_eval_metrics] Accuracy(layer_5 - estimator_1 - 5_folds.train_4.predict)=83.77%
[ 2019-12-15 11:02:37,732][kfold_wrapper.log_eval_metrics] Accuracy(layer_5 - estimator_1 - 5_folds.train_cv.predict)=81.78%
[ 2019-12-15 11:02:37,732][kfold_wrapper.log_eval_metrics] Accuracy(layer_5 - estimator_1 - 5_folds.test.predict)=86.21%
[ 2019-12-15 11:02:38,171][kfold_wrapper.log_eval_metrics] Accuracy(layer_5 - estimator_2 - 5_folds.train_0.predict)=81.41%
[ 2019-12-15 11:02:38,602][kfold_wrapper.log_eval_metrics] Accuracy(layer_5 - estimator_2 - 5_folds.train_1.predict)=77.42%
[ 2019-12-15 11:02:39,042][kfold_wrapper.log_eval_metrics] Accuracy(layer_5 - estimator_2 - 5_folds.train_2.predict)=81.29%
[ 2019-12-15 11:02:39,484][kfold_wrapper.log_eval_metrics] Accuracy(layer_5 - estimator_2 - 5_folds.train_3.predict)=81.82%
[ 2019-12-15 11:02:39,909][kfold_wrapper.log_eval_metrics] Accuracy(layer_5 - estimator_2 - 5_folds.train_4.predict)=77.27%
[ 2019-12-15 11:02:39,911][kfold_wrapper.log_eval_metrics] Accuracy(layer_5 - estimator_2 - 5_folds.train_cv.predict)=79.84%
[ 2019-12-15 11:02:39,911][kfold_wrapper.log_eval_metrics] Accuracy(layer_5 - estimator_2 - 5_folds.test.predict)=83.91%
[ 2019-12-15 11:02:40,052][kfold_wrapper.log_eval_metrics] Accuracy(layer_5 - estimator_3 - 5_folds.train_0.predict)=76.92%
[ 2019-12-15 11:02:40,180][kfold_wrapper.log_eval_metrics] Accuracy(layer_5 - estimator_3 - 5_folds.train_1.predict)=81.29%
[ 2019-12-15 11:02:40,303][kfold_wrapper.log_eval_metrics] Accuracy(layer_5 - estimator_3 - 5_folds.train_2.predict)=80.00%
[ 2019-12-15 11:02:40,428][kfold_wrapper.log_eval_metrics] Accuracy(layer_5 - estimator_3 - 5_folds.train_3.predict)=82.47%
[ 2019-12-15 11:02:40,556][kfold_wrapper.log_eval_metrics] Accuracy(layer_5 - estimator_3 - 5_folds.train_4.predict)=82.47%
[ 2019-12-15 11:02:40,557][kfold_wrapper.log_eval_metrics] Accuracy(layer_5 - estimator_3 - 5_folds.train_cv.predict)=80.62%
[ 2019-12-15 11:02:40,558][kfold_wrapper.log_eval_metrics] Accuracy(layer_5 - estimator_3 - 5_folds.test.predict)=87.36%
[ 2019-12-15 11:02:40,558][cascade_classifier.calc_accuracy] Accuracy(layer_5 - train.classifier_average)=81.01%
[ 2019-12-15 11:02:40,558][cascade_classifier.calc_accuracy] Accuracy(layer_5 - test.classifier_average)=86.21%
[ 2019-12-15 11:02:40,560][cascade_classifier.fit_transform] [layer=6] look_indexs=[0], X_cur_train.shape=(774, 366), X_cur_test.shape=(87, 366)
[ 2019-12-15 11:02:40,895][kfold_wrapper.log_eval_metrics] Accuracy(layer_6 - estimator_0 - 5_folds.train_0.predict)=77.56%
[ 2019-12-15 11:02:41,334][kfold_wrapper.log_eval_metrics] Accuracy(layer_6 - estimator_0 - 5_folds.train_1.predict)=83.23%
[ 2019-12-15 11:02:41,783][kfold_wrapper.log_eval_metrics] Accuracy(layer_6 - estimator_0 - 5_folds.train_2.predict)=83.87%
[ 2019-12-15 11:02:42,236][kfold_wrapper.log_eval_metrics] Accuracy(layer_6 - estimator_0 - 5_folds.train_3.predict)=82.47%
[ 2019-12-15 11:02:42,673][kfold_wrapper.log_eval_metrics] Accuracy(layer_6 - estimator_0 - 5_folds.train_4.predict)=74.03%
[ 2019-12-15 11:02:42,779][kfold_wrapper.log_eval_metrics] Accuracy(layer_6 - estimator_0 - 5_folds.train_cv.predict)=80.23%
[ 2019-12-15 11:02:42,780][kfold_wrapper.log_eval_metrics] Accuracy(layer_6 - estimator_0 - 5_folds.test.predict)=87.36%
[ 2019-12-15 11:02:43,106][kfold_wrapper.log_eval_metrics] Accuracy(layer_6 - estimator_1 - 5_folds.train_0.predict)=80.13%
[ 2019-12-15 11:02:43,540][kfold_wrapper.log_eval_metrics] Accuracy(layer_6 - estimator_1 - 5_folds.train_1.predict)=82.58%
[ 2019-12-15 11:02:43,970][kfold_wrapper.log_eval_metrics] Accuracy(layer_6 - estimator_1 - 5_folds.train_2.predict)=81.94%
[ 2019-12-15 11:02:44,395][kfold_wrapper.log_eval_metrics] Accuracy(layer_6 - estimator_1 - 5_folds.train_3.predict)=82.47%
[ 2019-12-15 11:02:44,829][kfold_wrapper.log_eval_metrics] Accuracy(layer_6 - estimator_1 - 5_folds.train_4.predict)=77.92%
[ 2019-12-15 11:02:44,935][kfold_wrapper.log_eval_metrics] Accuracy(layer_6 - estimator_1 - 5_folds.train_cv.predict)=81.01%
[ 2019-12-15 11:02:44,935][kfold_wrapper.log_eval_metrics] Accuracy(layer_6 - estimator_1 - 5_folds.test.predict)=87.36%
[ 2019-12-15 11:02:45,408][kfold_wrapper.log_eval_metrics] Accuracy(layer_6 - estimator_2 - 5_folds.train_0.predict)=80.13%
[ 2019-12-15 11:02:45,850][kfold_wrapper.log_eval_metrics] Accuracy(layer_6 - estimator_2 - 5_folds.train_1.predict)=73.55%
[ 2019-12-15 11:02:46,289][kfold_wrapper.log_eval_metrics] Accuracy(layer_6 - estimator_2 - 5_folds.train_2.predict)=78.06%
[ 2019-12-15 11:02:46,737][kfold_wrapper.log_eval_metrics] Accuracy(layer_6 - estimator_2 - 5_folds.train_3.predict)=77.92%
[ 2019-12-15 11:02:47,185][kfold_wrapper.log_eval_metrics] Accuracy(layer_6 - estimator_2 - 5_folds.train_4.predict)=76.62%
[ 2019-12-15 11:02:47,186][kfold_wrapper.log_eval_metrics] Accuracy(layer_6 - estimator_2 - 5_folds.train_cv.predict)=77.26%
[ 2019-12-15 11:02:47,186][kfold_wrapper.log_eval_metrics] Accuracy(layer_6 - estimator_2 - 5_folds.test.predict)=82.76%
[ 2019-12-15 11:02:47,328][kfold_wrapper.log_eval_metrics] Accuracy(layer_6 - estimator_3 - 5_folds.train_0.predict)=75.00%
[ 2019-12-15 11:02:47,444][kfold_wrapper.log_eval_metrics] Accuracy(layer_6 - estimator_3 - 5_folds.train_1.predict)=80.65%
[ 2019-12-15 11:02:47,577][kfold_wrapper.log_eval_metrics] Accuracy(layer_6 - estimator_3 - 5_folds.train_2.predict)=80.65%
[ 2019-12-15 11:02:47,693][kfold_wrapper.log_eval_metrics] Accuracy(layer_6 - estimator_3 - 5_folds.train_3.predict)=87.01%
[ 2019-12-15 11:02:47,816][kfold_wrapper.log_eval_metrics] Accuracy(layer_6 - estimator_3 - 5_folds.train_4.predict)=79.22%
[ 2019-12-15 11:02:47,817][kfold_wrapper.log_eval_metrics] Accuracy(layer_6 - estimator_3 - 5_folds.train_cv.predict)=80.49%
[ 2019-12-15 11:02:47,817][kfold_wrapper.log_eval_metrics] Accuracy(layer_6 - estimator_3 - 5_folds.test.predict)=87.36%
[ 2019-12-15 11:02:47,817][cascade_classifier.calc_accuracy] Accuracy(layer_6 - train.classifier_average)=80.49%
[ 2019-12-15 11:02:47,818][cascade_classifier.calc_accuracy] Accuracy(layer_6 - test.classifier_average)=86.21%
[ 2019-12-15 11:02:47,819][cascade_classifier.fit_transform] [layer=7] look_indexs=[0], X_cur_train.shape=(774, 366), X_cur_test.shape=(87, 366)
[ 2019-12-15 11:02:48,157][kfold_wrapper.log_eval_metrics] Accuracy(layer_7 - estimator_0 - 5_folds.train_0.predict)=76.28%
[ 2019-12-15 11:02:48,597][kfold_wrapper.log_eval_metrics] Accuracy(layer_7 - estimator_0 - 5_folds.train_1.predict)=83.87%
[ 2019-12-15 11:02:49,042][kfold_wrapper.log_eval_metrics] Accuracy(layer_7 - estimator_0 - 5_folds.train_2.predict)=80.65%
[ 2019-12-15 11:02:49,479][kfold_wrapper.log_eval_metrics] Accuracy(layer_7 - estimator_0 - 5_folds.train_3.predict)=79.87%
[ 2019-12-15 11:02:49,913][kfold_wrapper.log_eval_metrics] Accuracy(layer_7 - estimator_0 - 5_folds.train_4.predict)=82.47%
[ 2019-12-15 11:02:50,020][kfold_wrapper.log_eval_metrics] Accuracy(layer_7 - estimator_0 - 5_folds.train_cv.predict)=80.62%
[ 2019-12-15 11:02:50,020][kfold_wrapper.log_eval_metrics] Accuracy(layer_7 - estimator_0 - 5_folds.test.predict)=87.36%
[ 2019-12-15 11:02:50,348][kfold_wrapper.log_eval_metrics] Accuracy(layer_7 - estimator_1 - 5_folds.train_0.predict)=81.41%
[ 2019-12-15 11:02:50,778][kfold_wrapper.log_eval_metrics] Accuracy(layer_7 - estimator_1 - 5_folds.train_1.predict)=77.42%
[ 2019-12-15 11:02:51,218][kfold_wrapper.log_eval_metrics] Accuracy(layer_7 - estimator_1 - 5_folds.train_2.predict)=83.87%
[ 2019-12-15 11:02:51,657][kfold_wrapper.log_eval_metrics] Accuracy(layer_7 - estimator_1 - 5_folds.train_3.predict)=80.52%
[ 2019-12-15 11:02:52,086][kfold_wrapper.log_eval_metrics] Accuracy(layer_7 - estimator_1 - 5_folds.train_4.predict)=83.77%
[ 2019-12-15 11:02:52,192][kfold_wrapper.log_eval_metrics] Accuracy(layer_7 - estimator_1 - 5_folds.train_cv.predict)=81.40%
[ 2019-12-15 11:02:52,192][kfold_wrapper.log_eval_metrics] Accuracy(layer_7 - estimator_1 - 5_folds.test.predict)=86.21%
[ 2019-12-15 11:02:52,641][kfold_wrapper.log_eval_metrics] Accuracy(layer_7 - estimator_2 - 5_folds.train_0.predict)=75.64%
[ 2019-12-15 11:02:53,079][kfold_wrapper.log_eval_metrics] Accuracy(layer_7 - estimator_2 - 5_folds.train_1.predict)=78.06%
[ 2019-12-15 11:02:53,516][kfold_wrapper.log_eval_metrics] Accuracy(layer_7 - estimator_2 - 5_folds.train_2.predict)=85.81%
[ 2019-12-15 11:02:53,976][kfold_wrapper.log_eval_metrics] Accuracy(layer_7 - estimator_2 - 5_folds.train_3.predict)=82.47%
[ 2019-12-15 11:02:54,404][kfold_wrapper.log_eval_metrics] Accuracy(layer_7 - estimator_2 - 5_folds.train_4.predict)=77.92%
[ 2019-12-15 11:02:54,406][kfold_wrapper.log_eval_metrics] Accuracy(layer_7 - estimator_2 - 5_folds.train_cv.predict)=79.97%
[ 2019-12-15 11:02:54,406][kfold_wrapper.log_eval_metrics] Accuracy(layer_7 - estimator_2 - 5_folds.test.predict)=82.76%
[ 2019-12-15 11:02:54,537][kfold_wrapper.log_eval_metrics] Accuracy(layer_7 - estimator_3 - 5_folds.train_0.predict)=80.13%
[ 2019-12-15 11:02:54,667][kfold_wrapper.log_eval_metrics] Accuracy(layer_7 - estimator_3 - 5_folds.train_1.predict)=82.58%
[ 2019-12-15 11:02:54,791][kfold_wrapper.log_eval_metrics] Accuracy(layer_7 - estimator_3 - 5_folds.train_2.predict)=80.00%
[ 2019-12-15 11:02:54,915][kfold_wrapper.log_eval_metrics] Accuracy(layer_7 - estimator_3 - 5_folds.train_3.predict)=75.97%
[ 2019-12-15 11:02:55,039][kfold_wrapper.log_eval_metrics] Accuracy(layer_7 - estimator_3 - 5_folds.train_4.predict)=82.47%
[ 2019-12-15 11:02:55,040][kfold_wrapper.log_eval_metrics] Accuracy(layer_7 - estimator_3 - 5_folds.train_cv.predict)=80.23%
[ 2019-12-15 11:02:55,040][kfold_wrapper.log_eval_metrics] Accuracy(layer_7 - estimator_3 - 5_folds.test.predict)=83.91%
[ 2019-12-15 11:02:55,046][cascade_classifier.calc_accuracy] Accuracy(layer_7 - train.classifier_average)=81.40%
[ 2019-12-15 11:02:55,047][cascade_classifier.calc_accuracy] Accuracy(layer_7 - test.classifier_average)=86.21%
[ 2019-12-15 11:02:55,048][cascade_classifier.fit_transform] [layer=8] look_indexs=[0], X_cur_train.shape=(774, 366), X_cur_test.shape=(87, 366)
[ 2019-12-15 11:02:55,380][kfold_wrapper.log_eval_metrics] Accuracy(layer_8 - estimator_0 - 5_folds.train_0.predict)=85.26%
[ 2019-12-15 11:02:55,816][kfold_wrapper.log_eval_metrics] Accuracy(layer_8 - estimator_0 - 5_folds.train_1.predict)=79.35%
[ 2019-12-15 11:02:56,256][kfold_wrapper.log_eval_metrics] Accuracy(layer_8 - estimator_0 - 5_folds.train_2.predict)=81.29%
[ 2019-12-15 11:02:56,695][kfold_wrapper.log_eval_metrics] Accuracy(layer_8 - estimator_0 - 5_folds.train_3.predict)=77.27%
[ 2019-12-15 11:02:57,141][kfold_wrapper.log_eval_metrics] Accuracy(layer_8 - estimator_0 - 5_folds.train_4.predict)=77.92%
[ 2019-12-15 11:02:57,248][kfold_wrapper.log_eval_metrics] Accuracy(layer_8 - estimator_0 - 5_folds.train_cv.predict)=80.23%
[ 2019-12-15 11:02:57,249][kfold_wrapper.log_eval_metrics] Accuracy(layer_8 - estimator_0 - 5_folds.test.predict)=87.36%
[ 2019-12-15 11:02:57,578][kfold_wrapper.log_eval_metrics] Accuracy(layer_8 - estimator_1 - 5_folds.train_0.predict)=83.33%
[ 2019-12-15 11:02:58,011][kfold_wrapper.log_eval_metrics] Accuracy(layer_8 - estimator_1 - 5_folds.train_1.predict)=82.58%
[ 2019-12-15 11:02:58,457][kfold_wrapper.log_eval_metrics] Accuracy(layer_8 - estimator_1 - 5_folds.train_2.predict)=81.29%
[ 2019-12-15 11:02:58,891][kfold_wrapper.log_eval_metrics] Accuracy(layer_8 - estimator_1 - 5_folds.train_3.predict)=73.38%
[ 2019-12-15 11:02:59,324][kfold_wrapper.log_eval_metrics] Accuracy(layer_8 - estimator_1 - 5_folds.train_4.predict)=81.82%
[ 2019-12-15 11:02:59,429][kfold_wrapper.log_eval_metrics] Accuracy(layer_8 - estimator_1 - 5_folds.train_cv.predict)=80.49%
[ 2019-12-15 11:02:59,430][kfold_wrapper.log_eval_metrics] Accuracy(layer_8 - estimator_1 - 5_folds.test.predict)=87.36%
[ 2019-12-15 11:02:59,877][kfold_wrapper.log_eval_metrics] Accuracy(layer_8 - estimator_2 - 5_folds.train_0.predict)=77.56%
[ 2019-12-15 11:03:00,306][kfold_wrapper.log_eval_metrics] Accuracy(layer_8 - estimator_2 - 5_folds.train_1.predict)=76.77%
[ 2019-12-15 11:03:00,740][kfold_wrapper.log_eval_metrics] Accuracy(layer_8 - estimator_2 - 5_folds.train_2.predict)=79.35%
[ 2019-12-15 11:03:01,191][kfold_wrapper.log_eval_metrics] Accuracy(layer_8 - estimator_2 - 5_folds.train_3.predict)=79.22%
[ 2019-12-15 11:03:01,623][kfold_wrapper.log_eval_metrics] Accuracy(layer_8 - estimator_2 - 5_folds.train_4.predict)=80.52%
[ 2019-12-15 11:03:01,624][kfold_wrapper.log_eval_metrics] Accuracy(layer_8 - estimator_2 - 5_folds.train_cv.predict)=78.68%
[ 2019-12-15 11:03:01,624][kfold_wrapper.log_eval_metrics] Accuracy(layer_8 - estimator_2 - 5_folds.test.predict)=80.46%
[ 2019-12-15 11:03:01,755][kfold_wrapper.log_eval_metrics] Accuracy(layer_8 - estimator_3 - 5_folds.train_0.predict)=77.56%
[ 2019-12-15 11:03:01,878][kfold_wrapper.log_eval_metrics] Accuracy(layer_8 - estimator_3 - 5_folds.train_1.predict)=79.35%
[ 2019-12-15 11:03:02,019][kfold_wrapper.log_eval_metrics] Accuracy(layer_8 - estimator_3 - 5_folds.train_2.predict)=78.71%
[ 2019-12-15 11:03:02,148][kfold_wrapper.log_eval_metrics] Accuracy(layer_8 - estimator_3 - 5_folds.train_3.predict)=81.82%
[ 2019-12-15 11:03:02,265][kfold_wrapper.log_eval_metrics] Accuracy(layer_8 - estimator_3 - 5_folds.train_4.predict)=87.66%
[ 2019-12-15 11:03:02,266][kfold_wrapper.log_eval_metrics] Accuracy(layer_8 - estimator_3 - 5_folds.train_cv.predict)=81.01%
[ 2019-12-15 11:03:02,266][kfold_wrapper.log_eval_metrics] Accuracy(layer_8 - estimator_3 - 5_folds.test.predict)=86.21%
[ 2019-12-15 11:03:02,267][cascade_classifier.calc_accuracy] Accuracy(layer_8 - train.classifier_average)=81.78%
[ 2019-12-15 11:03:02,267][cascade_classifier.calc_accuracy] Accuracy(layer_8 - test.classifier_average)=86.21%
[ 2019-12-15 11:03:02,269][cascade_classifier.fit_transform] [layer=9] look_indexs=[0], X_cur_train.shape=(774, 366), X_cur_test.shape=(87, 366)
[ 2019-12-15 11:03:02,603][kfold_wrapper.log_eval_metrics] Accuracy(layer_9 - estimator_0 - 5_folds.train_0.predict)=82.69%
[ 2019-12-15 11:03:03,051][kfold_wrapper.log_eval_metrics] Accuracy(layer_9 - estimator_0 - 5_folds.train_1.predict)=83.87%
[ 2019-12-15 11:03:03,487][kfold_wrapper.log_eval_metrics] Accuracy(layer_9 - estimator_0 - 5_folds.train_2.predict)=77.42%
[ 2019-12-15 11:03:03,927][kfold_wrapper.log_eval_metrics] Accuracy(layer_9 - estimator_0 - 5_folds.train_3.predict)=79.22%
[ 2019-12-15 11:03:04,366][kfold_wrapper.log_eval_metrics] Accuracy(layer_9 - estimator_0 - 5_folds.train_4.predict)=78.57%
[ 2019-12-15 11:03:04,473][kfold_wrapper.log_eval_metrics] Accuracy(layer_9 - estimator_0 - 5_folds.train_cv.predict)=80.36%
[ 2019-12-15 11:03:04,473][kfold_wrapper.log_eval_metrics] Accuracy(layer_9 - estimator_0 - 5_folds.test.predict)=88.51%
[ 2019-12-15 11:03:04,807][kfold_wrapper.log_eval_metrics] Accuracy(layer_9 - estimator_1 - 5_folds.train_0.predict)=83.33%
[ 2019-12-15 11:03:05,245][kfold_wrapper.log_eval_metrics] Accuracy(layer_9 - estimator_1 - 5_folds.train_1.predict)=82.58%
[ 2019-12-15 11:03:05,672][kfold_wrapper.log_eval_metrics] Accuracy(layer_9 - estimator_1 - 5_folds.train_2.predict)=78.06%
[ 2019-12-15 11:03:06,106][kfold_wrapper.log_eval_metrics] Accuracy(layer_9 - estimator_1 - 5_folds.train_3.predict)=83.12%
[ 2019-12-15 11:03:06,543][kfold_wrapper.log_eval_metrics] Accuracy(layer_9 - estimator_1 - 5_folds.train_4.predict)=83.12%
[ 2019-12-15 11:03:06,653][kfold_wrapper.log_eval_metrics] Accuracy(layer_9 - estimator_1 - 5_folds.train_cv.predict)=82.04%
[ 2019-12-15 11:03:06,654][kfold_wrapper.log_eval_metrics] Accuracy(layer_9 - estimator_1 - 5_folds.test.predict)=88.51%
[ 2019-12-15 11:03:07,098][kfold_wrapper.log_eval_metrics] Accuracy(layer_9 - estimator_2 - 5_folds.train_0.predict)=76.28%
[ 2019-12-15 11:03:07,528][kfold_wrapper.log_eval_metrics] Accuracy(layer_9 - estimator_2 - 5_folds.train_1.predict)=74.84%
[ 2019-12-15 11:03:07,970][kfold_wrapper.log_eval_metrics] Accuracy(layer_9 - estimator_2 - 5_folds.train_2.predict)=85.81%
[ 2019-12-15 11:03:08,415][kfold_wrapper.log_eval_metrics] Accuracy(layer_9 - estimator_2 - 5_folds.train_3.predict)=72.08%
[ 2019-12-15 11:03:08,836][kfold_wrapper.log_eval_metrics] Accuracy(layer_9 - estimator_2 - 5_folds.train_4.predict)=75.97%
[ 2019-12-15 11:03:08,837][kfold_wrapper.log_eval_metrics] Accuracy(layer_9 - estimator_2 - 5_folds.train_cv.predict)=77.00%
[ 2019-12-15 11:03:08,837][kfold_wrapper.log_eval_metrics] Accuracy(layer_9 - estimator_2 - 5_folds.test.predict)=86.21%
[ 2019-12-15 11:03:08,965][kfold_wrapper.log_eval_metrics] Accuracy(layer_9 - estimator_3 - 5_folds.train_0.predict)=80.77%
[ 2019-12-15 11:03:09,093][kfold_wrapper.log_eval_metrics] Accuracy(layer_9 - estimator_3 - 5_folds.train_1.predict)=78.71%
[ 2019-12-15 11:03:09,218][kfold_wrapper.log_eval_metrics] Accuracy(layer_9 - estimator_3 - 5_folds.train_2.predict)=83.23%
[ 2019-12-15 11:03:09,346][kfold_wrapper.log_eval_metrics] Accuracy(layer_9 - estimator_3 - 5_folds.train_3.predict)=78.57%
[ 2019-12-15 11:03:09,465][kfold_wrapper.log_eval_metrics] Accuracy(layer_9 - estimator_3 - 5_folds.train_4.predict)=80.52%
[ 2019-12-15 11:03:09,466][kfold_wrapper.log_eval_metrics] Accuracy(layer_9 - estimator_3 - 5_folds.train_cv.predict)=80.36%
[ 2019-12-15 11:03:09,466][kfold_wrapper.log_eval_metrics] Accuracy(layer_9 - estimator_3 - 5_folds.test.predict)=88.51%
[ 2019-12-15 11:03:09,467][cascade_classifier.calc_accuracy] Accuracy(layer_9 - train.classifier_average)=80.49%
[ 2019-12-15 11:03:09,467][cascade_classifier.calc_accuracy] Accuracy(layer_9 - test.classifier_average)=86.21%
[ 2019-12-15 11:03:09,467][cascade_classifier.fit_transform] [Result][Optimal Level Detected] opt_layer_num=5, accuracy_train=82.17%, accuracy_test=85.06%
[ 2019-12-15 11:03:09,535][cascade_classifier.transform] X_groups_test.shape=[(87, 1, 358, 1)]
[ 2019-12-15 11:03:09,536][cascade_classifier.transform] group_dims=[358]
[ 2019-12-15 11:03:09,543][cascade_classifier.transform] X_test.shape=(87, 358)
[ 2019-12-15 11:03:09,544][cascade_classifier.transform] [layer=0] look_indexs=[0], X_cur_test.shape=(87, 358)
[ 2019-12-15 11:03:10,610][cascade_classifier.transform] [layer=1] look_indexs=[0], X_cur_test.shape=(87, 366)
[ 2019-12-15 11:03:11,676][cascade_classifier.transform] [layer=2] look_indexs=[0], X_cur_test.shape=(87, 366)
[ 2019-12-15 11:03:12,741][cascade_classifier.transform] [layer=3] look_indexs=[0], X_cur_test.shape=(87, 366)
[ 2019-12-15 11:03:13,810][cascade_classifier.transform] [layer=4] look_indexs=[0], X_cur_test.shape=(87, 366)
[ 2019-12-15 11:03:14,883][cascade_classifier.transform] X_groups_test.shape=[(87, 1, 358, 1)]
[ 2019-12-15 11:03:14,884][cascade_classifier.transform] group_dims=[358]
[ 2019-12-15 11:03:14,884][cascade_classifier.transform] X_test.shape=(87, 358)
[ 2019-12-15 11:03:14,884][cascade_classifier.transform] [layer=0] look_indexs=[0], X_cur_test.shape=(87, 358)
[ 2019-12-15 11:03:15,965][cascade_classifier.transform] [layer=1] look_indexs=[0], X_cur_test.shape=(87, 366)
[ 2019-12-15 11:03:17,034][cascade_classifier.transform] [layer=2] look_indexs=[0], X_cur_test.shape=(87, 366)
[ 2019-12-15 11:03:18,105][cascade_classifier.transform] [layer=3] look_indexs=[0], X_cur_test.shape=(87, 366)
[ 2019-12-15 11:03:19,174][cascade_classifier.transform] [layer=4] look_indexs=[0], X_cur_test.shape=(87, 366)
[ 2019-12-15 11:03:20,318][cascade_classifier.fit_transform] X_groups_train.shape=[(774, 1, 358, 1)],y_train.shape=(774,),X_groups_test.shape=[(87, 1, 358, 1)],y_test.shape=(87,)
[ 2019-12-15 11:03:20,319][cascade_classifier.fit_transform] group_dims=[358]
[ 2019-12-15 11:03:20,319][cascade_classifier.fit_transform] group_starts=[0]
[ 2019-12-15 11:03:20,320][cascade_classifier.fit_transform] group_ends=[358]
[ 2019-12-15 11:03:20,320][cascade_classifier.fit_transform] X_train.shape=(774, 358),X_test.shape=(87, 358)
[ 2019-12-15 11:03:20,321][cascade_classifier.fit_transform] [layer=0] look_indexs=[0], X_cur_train.shape=(774, 358), X_cur_test.shape=(87, 358)
[ 2019-12-15 11:03:20,666][kfold_wrapper.log_eval_metrics] Accuracy(layer_0 - estimator_0 - 5_folds.train_0.predict)=82.58%
[ 2019-12-15 11:03:21,105][kfold_wrapper.log_eval_metrics] Accuracy(layer_0 - estimator_0 - 5_folds.train_1.predict)=82.58%
[ 2019-12-15 11:03:21,543][kfold_wrapper.log_eval_metrics] Accuracy(layer_0 - estimator_0 - 5_folds.train_2.predict)=76.77%
[ 2019-12-15 11:03:21,981][kfold_wrapper.log_eval_metrics] Accuracy(layer_0 - estimator_0 - 5_folds.train_3.predict)=80.65%
[ 2019-12-15 11:03:22,424][kfold_wrapper.log_eval_metrics] Accuracy(layer_0 - estimator_0 - 5_folds.train_4.predict)=87.66%
[ 2019-12-15 11:03:22,532][kfold_wrapper.log_eval_metrics] Accuracy(layer_0 - estimator_0 - 5_folds.train_cv.predict)=82.04%
[ 2019-12-15 11:03:22,533][kfold_wrapper.log_eval_metrics] Accuracy(layer_0 - estimator_0 - 5_folds.test.predict)=78.16%
[ 2019-12-15 11:03:22,860][kfold_wrapper.log_eval_metrics] Accuracy(layer_0 - estimator_1 - 5_folds.train_0.predict)=80.00%
[ 2019-12-15 11:03:23,293][kfold_wrapper.log_eval_metrics] Accuracy(layer_0 - estimator_1 - 5_folds.train_1.predict)=85.16%
[ 2019-12-15 11:03:23,722][kfold_wrapper.log_eval_metrics] Accuracy(layer_0 - estimator_1 - 5_folds.train_2.predict)=81.29%
[ 2019-12-15 11:03:24,152][kfold_wrapper.log_eval_metrics] Accuracy(layer_0 - estimator_1 - 5_folds.train_3.predict)=78.06%
[ 2019-12-15 11:03:24,589][kfold_wrapper.log_eval_metrics] Accuracy(layer_0 - estimator_1 - 5_folds.train_4.predict)=81.82%
[ 2019-12-15 11:03:24,694][kfold_wrapper.log_eval_metrics] Accuracy(layer_0 - estimator_1 - 5_folds.train_cv.predict)=81.27%
[ 2019-12-15 11:03:24,695][kfold_wrapper.log_eval_metrics] Accuracy(layer_0 - estimator_1 - 5_folds.test.predict)=79.31%
[ 2019-12-15 11:03:25,105][kfold_wrapper.log_eval_metrics] Accuracy(layer_0 - estimator_2 - 5_folds.train_0.predict)=79.35%
[ 2019-12-15 11:03:25,523][kfold_wrapper.log_eval_metrics] Accuracy(layer_0 - estimator_2 - 5_folds.train_1.predict)=78.06%
[ 2019-12-15 11:03:25,921][kfold_wrapper.log_eval_metrics] Accuracy(layer_0 - estimator_2 - 5_folds.train_2.predict)=82.58%
[ 2019-12-15 11:03:26,336][kfold_wrapper.log_eval_metrics] Accuracy(layer_0 - estimator_2 - 5_folds.train_3.predict)=83.23%
[ 2019-12-15 11:03:26,762][kfold_wrapper.log_eval_metrics] Accuracy(layer_0 - estimator_2 - 5_folds.train_4.predict)=79.22%
[ 2019-12-15 11:03:26,763][kfold_wrapper.log_eval_metrics] Accuracy(layer_0 - estimator_2 - 5_folds.train_cv.predict)=80.49%
[ 2019-12-15 11:03:26,764][kfold_wrapper.log_eval_metrics] Accuracy(layer_0 - estimator_2 - 5_folds.test.predict)=77.01%
[ 2019-12-15 11:03:26,885][kfold_wrapper.log_eval_metrics] Accuracy(layer_0 - estimator_3 - 5_folds.train_0.predict)=81.29%
[ 2019-12-15 11:03:27,007][kfold_wrapper.log_eval_metrics] Accuracy(layer_0 - estimator_3 - 5_folds.train_1.predict)=81.29%
[ 2019-12-15 11:03:27,127][kfold_wrapper.log_eval_metrics] Accuracy(layer_0 - estimator_3 - 5_folds.train_2.predict)=80.65%
[ 2019-12-15 11:03:27,241][kfold_wrapper.log_eval_metrics] Accuracy(layer_0 - estimator_3 - 5_folds.train_3.predict)=80.00%
[ 2019-12-15 11:03:27,377][kfold_wrapper.log_eval_metrics] Accuracy(layer_0 - estimator_3 - 5_folds.train_4.predict)=84.42%
[ 2019-12-15 11:03:27,378][kfold_wrapper.log_eval_metrics] Accuracy(layer_0 - estimator_3 - 5_folds.train_cv.predict)=81.52%
[ 2019-12-15 11:03:27,378][kfold_wrapper.log_eval_metrics] Accuracy(layer_0 - estimator_3 - 5_folds.test.predict)=79.31%
[ 2019-12-15 11:03:27,379][cascade_classifier.calc_accuracy] Accuracy(layer_0 - train.classifier_average)=81.91%
[ 2019-12-15 11:03:27,379][cascade_classifier.calc_accuracy] Accuracy(layer_0 - test.classifier_average)=80.46%
[ 2019-12-15 11:03:27,381][cascade_classifier.fit_transform] [layer=1] look_indexs=[0], X_cur_train.shape=(774, 366), X_cur_test.shape=(87, 366)
[ 2019-12-15 11:03:27,717][kfold_wrapper.log_eval_metrics] Accuracy(layer_1 - estimator_0 - 5_folds.train_0.predict)=84.52%
[ 2019-12-15 11:03:28,155][kfold_wrapper.log_eval_metrics] Accuracy(layer_1 - estimator_0 - 5_folds.train_1.predict)=81.94%
[ 2019-12-15 11:03:28,603][kfold_wrapper.log_eval_metrics] Accuracy(layer_1 - estimator_0 - 5_folds.train_2.predict)=80.00%
[ 2019-12-15 11:03:29,040][kfold_wrapper.log_eval_metrics] Accuracy(layer_1 - estimator_0 - 5_folds.train_3.predict)=78.71%
[ 2019-12-15 11:03:29,475][kfold_wrapper.log_eval_metrics] Accuracy(layer_1 - estimator_0 - 5_folds.train_4.predict)=82.47%
[ 2019-12-15 11:03:29,581][kfold_wrapper.log_eval_metrics] Accuracy(layer_1 - estimator_0 - 5_folds.train_cv.predict)=81.52%
[ 2019-12-15 11:03:29,582][kfold_wrapper.log_eval_metrics] Accuracy(layer_1 - estimator_0 - 5_folds.test.predict)=79.31%
[ 2019-12-15 11:03:29,910][kfold_wrapper.log_eval_metrics] Accuracy(layer_1 - estimator_1 - 5_folds.train_0.predict)=79.35%
[ 2019-12-15 11:03:30,338][kfold_wrapper.log_eval_metrics] Accuracy(layer_1 - estimator_1 - 5_folds.train_1.predict)=81.94%
[ 2019-12-15 11:03:30,771][kfold_wrapper.log_eval_metrics] Accuracy(layer_1 - estimator_1 - 5_folds.train_2.predict)=85.16%
[ 2019-12-15 11:03:31,205][kfold_wrapper.log_eval_metrics] Accuracy(layer_1 - estimator_1 - 5_folds.train_3.predict)=80.65%
[ 2019-12-15 11:03:31,629][kfold_wrapper.log_eval_metrics] Accuracy(layer_1 - estimator_1 - 5_folds.train_4.predict)=83.77%
[ 2019-12-15 11:03:31,740][kfold_wrapper.log_eval_metrics] Accuracy(layer_1 - estimator_1 - 5_folds.train_cv.predict)=82.17%
[ 2019-12-15 11:03:31,741][kfold_wrapper.log_eval_metrics] Accuracy(layer_1 - estimator_1 - 5_folds.test.predict)=79.31%
[ 2019-12-15 11:03:32,178][kfold_wrapper.log_eval_metrics] Accuracy(layer_1 - estimator_2 - 5_folds.train_0.predict)=81.94%
[ 2019-12-15 11:03:32,615][kfold_wrapper.log_eval_metrics] Accuracy(layer_1 - estimator_2 - 5_folds.train_1.predict)=81.94%
[ 2019-12-15 11:03:33,029][kfold_wrapper.log_eval_metrics] Accuracy(layer_1 - estimator_2 - 5_folds.train_2.predict)=80.00%
[ 2019-12-15 11:03:33,474][kfold_wrapper.log_eval_metrics] Accuracy(layer_1 - estimator_2 - 5_folds.train_3.predict)=85.16%
[ 2019-12-15 11:03:33,907][kfold_wrapper.log_eval_metrics] Accuracy(layer_1 - estimator_2 - 5_folds.train_4.predict)=82.47%
[ 2019-12-15 11:03:33,909][kfold_wrapper.log_eval_metrics] Accuracy(layer_1 - estimator_2 - 5_folds.train_cv.predict)=82.30%
[ 2019-12-15 11:03:33,909][kfold_wrapper.log_eval_metrics] Accuracy(layer_1 - estimator_2 - 5_folds.test.predict)=79.31%
[ 2019-12-15 11:03:34,046][kfold_wrapper.log_eval_metrics] Accuracy(layer_1 - estimator_3 - 5_folds.train_0.predict)=81.29%
[ 2019-12-15 11:03:34,161][kfold_wrapper.log_eval_metrics] Accuracy(layer_1 - estimator_3 - 5_folds.train_1.predict)=80.00%
[ 2019-12-15 11:03:34,287][kfold_wrapper.log_eval_metrics] Accuracy(layer_1 - estimator_3 - 5_folds.train_2.predict)=83.23%
[ 2019-12-15 11:03:34,410][kfold_wrapper.log_eval_metrics] Accuracy(layer_1 - estimator_3 - 5_folds.train_3.predict)=84.52%
[ 2019-12-15 11:03:34,537][kfold_wrapper.log_eval_metrics] Accuracy(layer_1 - estimator_3 - 5_folds.train_4.predict)=81.17%
[ 2019-12-15 11:03:34,538][kfold_wrapper.log_eval_metrics] Accuracy(layer_1 - estimator_3 - 5_folds.train_cv.predict)=82.04%
[ 2019-12-15 11:03:34,538][kfold_wrapper.log_eval_metrics] Accuracy(layer_1 - estimator_3 - 5_folds.test.predict)=75.86%
[ 2019-12-15 11:03:34,538][cascade_classifier.calc_accuracy] Accuracy(layer_1 - train.classifier_average)=83.20%
[ 2019-12-15 11:03:34,539][cascade_classifier.calc_accuracy] Accuracy(layer_1 - test.classifier_average)=78.16%
[ 2019-12-15 11:03:34,540][cascade_classifier.fit_transform] [layer=2] look_indexs=[0], X_cur_train.shape=(774, 366), X_cur_test.shape=(87, 366)
[ 2019-12-15 11:03:34,877][kfold_wrapper.log_eval_metrics] Accuracy(layer_2 - estimator_0 - 5_folds.train_0.predict)=76.77%
[ 2019-12-15 11:03:35,323][kfold_wrapper.log_eval_metrics] Accuracy(layer_2 - estimator_0 - 5_folds.train_1.predict)=83.23%
[ 2019-12-15 11:03:35,769][kfold_wrapper.log_eval_metrics] Accuracy(layer_2 - estimator_0 - 5_folds.train_2.predict)=82.58%
[ 2019-12-15 11:03:36,217][kfold_wrapper.log_eval_metrics] Accuracy(layer_2 - estimator_0 - 5_folds.train_3.predict)=83.23%
[ 2019-12-15 11:03:36,660][kfold_wrapper.log_eval_metrics] Accuracy(layer_2 - estimator_0 - 5_folds.train_4.predict)=86.36%
[ 2019-12-15 11:03:36,765][kfold_wrapper.log_eval_metrics] Accuracy(layer_2 - estimator_0 - 5_folds.train_cv.predict)=82.43%
[ 2019-12-15 11:03:36,765][kfold_wrapper.log_eval_metrics] Accuracy(layer_2 - estimator_0 - 5_folds.test.predict)=78.16%
[ 2019-12-15 11:03:37,100][kfold_wrapper.log_eval_metrics] Accuracy(layer_2 - estimator_1 - 5_folds.train_0.predict)=81.94%
[ 2019-12-15 11:03:37,528][kfold_wrapper.log_eval_metrics] Accuracy(layer_2 - estimator_1 - 5_folds.train_1.predict)=82.58%
[ 2019-12-15 11:03:37,960][kfold_wrapper.log_eval_metrics] Accuracy(layer_2 - estimator_1 - 5_folds.train_2.predict)=83.23%
[ 2019-12-15 11:03:38,401][kfold_wrapper.log_eval_metrics] Accuracy(layer_2 - estimator_1 - 5_folds.train_3.predict)=79.35%
[ 2019-12-15 11:03:38,837][kfold_wrapper.log_eval_metrics] Accuracy(layer_2 - estimator_1 - 5_folds.train_4.predict)=83.77%
[ 2019-12-15 11:03:38,943][kfold_wrapper.log_eval_metrics] Accuracy(layer_2 - estimator_1 - 5_folds.train_cv.predict)=82.17%
[ 2019-12-15 11:03:38,943][kfold_wrapper.log_eval_metrics] Accuracy(layer_2 - estimator_1 - 5_folds.test.predict)=78.16%
[ 2019-12-15 11:03:39,367][kfold_wrapper.log_eval_metrics] Accuracy(layer_2 - estimator_2 - 5_folds.train_0.predict)=75.48%
[ 2019-12-15 11:03:39,795][kfold_wrapper.log_eval_metrics] Accuracy(layer_2 - estimator_2 - 5_folds.train_1.predict)=80.65%
[ 2019-12-15 11:03:40,213][kfold_wrapper.log_eval_metrics] Accuracy(layer_2 - estimator_2 - 5_folds.train_2.predict)=73.55%
[ 2019-12-15 11:03:40,650][kfold_wrapper.log_eval_metrics] Accuracy(layer_2 - estimator_2 - 5_folds.train_3.predict)=83.87%
[ 2019-12-15 11:03:41,076][kfold_wrapper.log_eval_metrics] Accuracy(layer_2 - estimator_2 - 5_folds.train_4.predict)=82.47%
[ 2019-12-15 11:03:41,077][kfold_wrapper.log_eval_metrics] Accuracy(layer_2 - estimator_2 - 5_folds.train_cv.predict)=79.20%
[ 2019-12-15 11:03:41,077][kfold_wrapper.log_eval_metrics] Accuracy(layer_2 - estimator_2 - 5_folds.test.predict)=75.86%
[ 2019-12-15 11:03:41,214][kfold_wrapper.log_eval_metrics] Accuracy(layer_2 - estimator_3 - 5_folds.train_0.predict)=83.87%
[ 2019-12-15 11:03:41,338][kfold_wrapper.log_eval_metrics] Accuracy(layer_2 - estimator_3 - 5_folds.train_1.predict)=85.81%
[ 2019-12-15 11:03:41,464][kfold_wrapper.log_eval_metrics] Accuracy(layer_2 - estimator_3 - 5_folds.train_2.predict)=80.00%
[ 2019-12-15 11:03:41,611][kfold_wrapper.log_eval_metrics] Accuracy(layer_2 - estimator_3 - 5_folds.train_3.predict)=79.35%
[ 2019-12-15 11:03:41,766][kfold_wrapper.log_eval_metrics] Accuracy(layer_2 - estimator_3 - 5_folds.train_4.predict)=81.17%
[ 2019-12-15 11:03:41,767][kfold_wrapper.log_eval_metrics] Accuracy(layer_2 - estimator_3 - 5_folds.train_cv.predict)=82.04%
[ 2019-12-15 11:03:41,767][kfold_wrapper.log_eval_metrics] Accuracy(layer_2 - estimator_3 - 5_folds.test.predict)=78.16%
[ 2019-12-15 11:03:41,768][cascade_classifier.calc_accuracy] Accuracy(layer_2 - train.classifier_average)=82.30%
[ 2019-12-15 11:03:41,768][cascade_classifier.calc_accuracy] Accuracy(layer_2 - test.classifier_average)=75.86%
[ 2019-12-15 11:03:41,775][cascade_classifier.fit_transform] [layer=3] look_indexs=[0], X_cur_train.shape=(774, 366), X_cur_test.shape=(87, 366)
[ 2019-12-15 11:03:42,110][kfold_wrapper.log_eval_metrics] Accuracy(layer_3 - estimator_0 - 5_folds.train_0.predict)=78.06%
[ 2019-12-15 11:03:42,551][kfold_wrapper.log_eval_metrics] Accuracy(layer_3 - estimator_0 - 5_folds.train_1.predict)=81.29%
[ 2019-12-15 11:03:42,992][kfold_wrapper.log_eval_metrics] Accuracy(layer_3 - estimator_0 - 5_folds.train_2.predict)=81.29%
[ 2019-12-15 11:03:43,437][kfold_wrapper.log_eval_metrics] Accuracy(layer_3 - estimator_0 - 5_folds.train_3.predict)=83.87%
[ 2019-12-15 11:03:43,873][kfold_wrapper.log_eval_metrics] Accuracy(layer_3 - estimator_0 - 5_folds.train_4.predict)=82.47%
[ 2019-12-15 11:03:43,978][kfold_wrapper.log_eval_metrics] Accuracy(layer_3 - estimator_0 - 5_folds.train_cv.predict)=81.40%
[ 2019-12-15 11:03:43,978][kfold_wrapper.log_eval_metrics] Accuracy(layer_3 - estimator_0 - 5_folds.test.predict)=79.31%
[ 2019-12-15 11:03:44,305][kfold_wrapper.log_eval_metrics] Accuracy(layer_3 - estimator_1 - 5_folds.train_0.predict)=85.81%
[ 2019-12-15 11:03:44,733][kfold_wrapper.log_eval_metrics] Accuracy(layer_3 - estimator_1 - 5_folds.train_1.predict)=76.77%
[ 2019-12-15 11:03:45,163][kfold_wrapper.log_eval_metrics] Accuracy(layer_3 - estimator_1 - 5_folds.train_2.predict)=83.87%
[ 2019-12-15 11:03:45,595][kfold_wrapper.log_eval_metrics] Accuracy(layer_3 - estimator_1 - 5_folds.train_3.predict)=80.65%
[ 2019-12-15 11:03:46,036][kfold_wrapper.log_eval_metrics] Accuracy(layer_3 - estimator_1 - 5_folds.train_4.predict)=83.12%
[ 2019-12-15 11:03:46,142][kfold_wrapper.log_eval_metrics] Accuracy(layer_3 - estimator_1 - 5_folds.train_cv.predict)=82.04%
[ 2019-12-15 11:03:46,142][kfold_wrapper.log_eval_metrics] Accuracy(layer_3 - estimator_1 - 5_folds.test.predict)=78.16%
[ 2019-12-15 11:03:46,583][kfold_wrapper.log_eval_metrics] Accuracy(layer_3 - estimator_2 - 5_folds.train_0.predict)=80.65%
[ 2019-12-15 11:03:47,002][kfold_wrapper.log_eval_metrics] Accuracy(layer_3 - estimator_2 - 5_folds.train_1.predict)=74.19%
[ 2019-12-15 11:03:47,443][kfold_wrapper.log_eval_metrics] Accuracy(layer_3 - estimator_2 - 5_folds.train_2.predict)=81.29%
[ 2019-12-15 11:03:47,858][kfold_wrapper.log_eval_metrics] Accuracy(layer_3 - estimator_2 - 5_folds.train_3.predict)=80.00%
[ 2019-12-15 11:03:48,290][kfold_wrapper.log_eval_metrics] Accuracy(layer_3 - estimator_2 - 5_folds.train_4.predict)=77.27%
[ 2019-12-15 11:03:48,291][kfold_wrapper.log_eval_metrics] Accuracy(layer_3 - estimator_2 - 5_folds.train_cv.predict)=78.68%
[ 2019-12-15 11:03:48,292][kfold_wrapper.log_eval_metrics] Accuracy(layer_3 - estimator_2 - 5_folds.test.predict)=78.16%
[ 2019-12-15 11:03:48,430][kfold_wrapper.log_eval_metrics] Accuracy(layer_3 - estimator_3 - 5_folds.train_0.predict)=81.29%
[ 2019-12-15 11:03:48,555][kfold_wrapper.log_eval_metrics] Accuracy(layer_3 - estimator_3 - 5_folds.train_1.predict)=82.58%
[ 2019-12-15 11:03:48,688][kfold_wrapper.log_eval_metrics] Accuracy(layer_3 - estimator_3 - 5_folds.train_2.predict)=82.58%
[ 2019-12-15 11:03:48,813][kfold_wrapper.log_eval_metrics] Accuracy(layer_3 - estimator_3 - 5_folds.train_3.predict)=78.71%
[ 2019-12-15 11:03:48,933][kfold_wrapper.log_eval_metrics] Accuracy(layer_3 - estimator_3 - 5_folds.train_4.predict)=77.92%
[ 2019-12-15 11:03:48,934][kfold_wrapper.log_eval_metrics] Accuracy(layer_3 - estimator_3 - 5_folds.train_cv.predict)=80.62%
[ 2019-12-15 11:03:48,934][kfold_wrapper.log_eval_metrics] Accuracy(layer_3 - estimator_3 - 5_folds.test.predict)=73.56%
[ 2019-12-15 11:03:48,940][cascade_classifier.calc_accuracy] Accuracy(layer_3 - train.classifier_average)=81.65%
[ 2019-12-15 11:03:48,940][cascade_classifier.calc_accuracy] Accuracy(layer_3 - test.classifier_average)=75.86%
[ 2019-12-15 11:03:48,943][cascade_classifier.fit_transform] [layer=4] look_indexs=[0], X_cur_train.shape=(774, 366), X_cur_test.shape=(87, 366)
[ 2019-12-15 11:03:49,276][kfold_wrapper.log_eval_metrics] Accuracy(layer_4 - estimator_0 - 5_folds.train_0.predict)=81.94%
[ 2019-12-15 11:03:49,723][kfold_wrapper.log_eval_metrics] Accuracy(layer_4 - estimator_0 - 5_folds.train_1.predict)=81.94%
[ 2019-12-15 11:03:50,161][kfold_wrapper.log_eval_metrics] Accuracy(layer_4 - estimator_0 - 5_folds.train_2.predict)=78.06%
[ 2019-12-15 11:03:50,599][kfold_wrapper.log_eval_metrics] Accuracy(layer_4 - estimator_0 - 5_folds.train_3.predict)=84.52%
[ 2019-12-15 11:03:51,037][kfold_wrapper.log_eval_metrics] Accuracy(layer_4 - estimator_0 - 5_folds.train_4.predict)=79.87%
[ 2019-12-15 11:03:51,143][kfold_wrapper.log_eval_metrics] Accuracy(layer_4 - estimator_0 - 5_folds.train_cv.predict)=81.27%
[ 2019-12-15 11:03:51,144][kfold_wrapper.log_eval_metrics] Accuracy(layer_4 - estimator_0 - 5_folds.test.predict)=82.76%
[ 2019-12-15 11:03:51,477][kfold_wrapper.log_eval_metrics] Accuracy(layer_4 - estimator_1 - 5_folds.train_0.predict)=80.00%
[ 2019-12-15 11:03:51,905][kfold_wrapper.log_eval_metrics] Accuracy(layer_4 - estimator_1 - 5_folds.train_1.predict)=78.71%
[ 2019-12-15 11:03:52,341][kfold_wrapper.log_eval_metrics] Accuracy(layer_4 - estimator_1 - 5_folds.train_2.predict)=83.87%
[ 2019-12-15 11:03:52,774][kfold_wrapper.log_eval_metrics] Accuracy(layer_4 - estimator_1 - 5_folds.train_3.predict)=80.00%
[ 2019-12-15 11:03:53,209][kfold_wrapper.log_eval_metrics] Accuracy(layer_4 - estimator_1 - 5_folds.train_4.predict)=82.47%
[ 2019-12-15 11:03:53,316][kfold_wrapper.log_eval_metrics] Accuracy(layer_4 - estimator_1 - 5_folds.train_cv.predict)=81.01%
[ 2019-12-15 11:03:53,317][kfold_wrapper.log_eval_metrics] Accuracy(layer_4 - estimator_1 - 5_folds.test.predict)=80.46%
[ 2019-12-15 11:03:53,733][kfold_wrapper.log_eval_metrics] Accuracy(layer_4 - estimator_2 - 5_folds.train_0.predict)=76.77%
[ 2019-12-15 11:03:54,161][kfold_wrapper.log_eval_metrics] Accuracy(layer_4 - estimator_2 - 5_folds.train_1.predict)=79.35%
[ 2019-12-15 11:03:54,585][kfold_wrapper.log_eval_metrics] Accuracy(layer_4 - estimator_2 - 5_folds.train_2.predict)=82.58%
[ 2019-12-15 11:03:55,022][kfold_wrapper.log_eval_metrics] Accuracy(layer_4 - estimator_2 - 5_folds.train_3.predict)=85.16%
[ 2019-12-15 11:03:55,453][kfold_wrapper.log_eval_metrics] Accuracy(layer_4 - estimator_2 - 5_folds.train_4.predict)=80.52%
[ 2019-12-15 11:03:55,454][kfold_wrapper.log_eval_metrics] Accuracy(layer_4 - estimator_2 - 5_folds.train_cv.predict)=80.88%
[ 2019-12-15 11:03:55,455][kfold_wrapper.log_eval_metrics] Accuracy(layer_4 - estimator_2 - 5_folds.test.predict)=78.16%
[ 2019-12-15 11:03:55,589][kfold_wrapper.log_eval_metrics] Accuracy(layer_4 - estimator_3 - 5_folds.train_0.predict)=78.71%
[ 2019-12-15 11:03:55,718][kfold_wrapper.log_eval_metrics] Accuracy(layer_4 - estimator_3 - 5_folds.train_1.predict)=78.06%
[ 2019-12-15 11:03:55,856][kfold_wrapper.log_eval_metrics] Accuracy(layer_4 - estimator_3 - 5_folds.train_2.predict)=78.71%
[ 2019-12-15 11:03:55,985][kfold_wrapper.log_eval_metrics] Accuracy(layer_4 - estimator_3 - 5_folds.train_3.predict)=78.71%
[ 2019-12-15 11:03:56,124][kfold_wrapper.log_eval_metrics] Accuracy(layer_4 - estimator_3 - 5_folds.train_4.predict)=79.87%
[ 2019-12-15 11:03:56,126][kfold_wrapper.log_eval_metrics] Accuracy(layer_4 - estimator_3 - 5_folds.train_cv.predict)=78.81%
[ 2019-12-15 11:03:56,126][kfold_wrapper.log_eval_metrics] Accuracy(layer_4 - estimator_3 - 5_folds.test.predict)=74.71%
[ 2019-12-15 11:03:56,126][cascade_classifier.calc_accuracy] Accuracy(layer_4 - train.classifier_average)=80.75%
[ 2019-12-15 11:03:56,127][cascade_classifier.calc_accuracy] Accuracy(layer_4 - test.classifier_average)=75.86%
[ 2019-12-15 11:03:56,128][cascade_classifier.fit_transform] [layer=5] look_indexs=[0], X_cur_train.shape=(774, 366), X_cur_test.shape=(87, 366)
[ 2019-12-15 11:03:56,458][kfold_wrapper.log_eval_metrics] Accuracy(layer_5 - estimator_0 - 5_folds.train_0.predict)=84.52%
[ 2019-12-15 11:03:56,912][kfold_wrapper.log_eval_metrics] Accuracy(layer_5 - estimator_0 - 5_folds.train_1.predict)=73.55%
[ 2019-12-15 11:03:57,350][kfold_wrapper.log_eval_metrics] Accuracy(layer_5 - estimator_0 - 5_folds.train_2.predict)=82.58%
[ 2019-12-15 11:03:57,799][kfold_wrapper.log_eval_metrics] Accuracy(layer_5 - estimator_0 - 5_folds.train_3.predict)=81.94%
[ 2019-12-15 11:03:58,239][kfold_wrapper.log_eval_metrics] Accuracy(layer_5 - estimator_0 - 5_folds.train_4.predict)=82.47%
[ 2019-12-15 11:03:58,346][kfold_wrapper.log_eval_metrics] Accuracy(layer_5 - estimator_0 - 5_folds.train_cv.predict)=81.01%
[ 2019-12-15 11:03:58,346][kfold_wrapper.log_eval_metrics] Accuracy(layer_5 - estimator_0 - 5_folds.test.predict)=79.31%
[ 2019-12-15 11:03:58,676][kfold_wrapper.log_eval_metrics] Accuracy(layer_5 - estimator_1 - 5_folds.train_0.predict)=78.71%
[ 2019-12-15 11:03:59,104][kfold_wrapper.log_eval_metrics] Accuracy(layer_5 - estimator_1 - 5_folds.train_1.predict)=86.45%
[ 2019-12-15 11:03:59,534][kfold_wrapper.log_eval_metrics] Accuracy(layer_5 - estimator_1 - 5_folds.train_2.predict)=78.71%
[ 2019-12-15 11:03:59,969][kfold_wrapper.log_eval_metrics] Accuracy(layer_5 - estimator_1 - 5_folds.train_3.predict)=82.58%
[ 2019-12-15 11:04:00,397][kfold_wrapper.log_eval_metrics] Accuracy(layer_5 - estimator_1 - 5_folds.train_4.predict)=84.42%
[ 2019-12-15 11:04:00,502][kfold_wrapper.log_eval_metrics] Accuracy(layer_5 - estimator_1 - 5_folds.train_cv.predict)=82.17%
[ 2019-12-15 11:04:00,503][kfold_wrapper.log_eval_metrics] Accuracy(layer_5 - estimator_1 - 5_folds.test.predict)=78.16%
[ 2019-12-15 11:04:00,940][kfold_wrapper.log_eval_metrics] Accuracy(layer_5 - estimator_2 - 5_folds.train_0.predict)=80.65%
[ 2019-12-15 11:04:01,357][kfold_wrapper.log_eval_metrics] Accuracy(layer_5 - estimator_2 - 5_folds.train_1.predict)=79.35%
[ 2019-12-15 11:04:01,779][kfold_wrapper.log_eval_metrics] Accuracy(layer_5 - estimator_2 - 5_folds.train_2.predict)=81.94%
[ 2019-12-15 11:04:02,198][kfold_wrapper.log_eval_metrics] Accuracy(layer_5 - estimator_2 - 5_folds.train_3.predict)=78.06%
[ 2019-12-15 11:04:02,594][kfold_wrapper.log_eval_metrics] Accuracy(layer_5 - estimator_2 - 5_folds.train_4.predict)=77.92%
[ 2019-12-15 11:04:02,595][kfold_wrapper.log_eval_metrics] Accuracy(layer_5 - estimator_2 - 5_folds.train_cv.predict)=79.59%
[ 2019-12-15 11:04:02,596][kfold_wrapper.log_eval_metrics] Accuracy(layer_5 - estimator_2 - 5_folds.test.predict)=78.16%
[ 2019-12-15 11:04:02,721][kfold_wrapper.log_eval_metrics] Accuracy(layer_5 - estimator_3 - 5_folds.train_0.predict)=83.87%
[ 2019-12-15 11:04:02,849][kfold_wrapper.log_eval_metrics] Accuracy(layer_5 - estimator_3 - 5_folds.train_1.predict)=80.00%
[ 2019-12-15 11:04:02,975][kfold_wrapper.log_eval_metrics] Accuracy(layer_5 - estimator_3 - 5_folds.train_2.predict)=78.06%
[ 2019-12-15 11:04:03,099][kfold_wrapper.log_eval_metrics] Accuracy(layer_5 - estimator_3 - 5_folds.train_3.predict)=81.29%
[ 2019-12-15 11:04:03,229][kfold_wrapper.log_eval_metrics] Accuracy(layer_5 - estimator_3 - 5_folds.train_4.predict)=83.12%
[ 2019-12-15 11:04:03,230][kfold_wrapper.log_eval_metrics] Accuracy(layer_5 - estimator_3 - 5_folds.train_cv.predict)=81.27%
[ 2019-12-15 11:04:03,230][kfold_wrapper.log_eval_metrics] Accuracy(layer_5 - estimator_3 - 5_folds.test.predict)=78.16%
[ 2019-12-15 11:04:03,230][cascade_classifier.calc_accuracy] Accuracy(layer_5 - train.classifier_average)=82.04%
[ 2019-12-15 11:04:03,231][cascade_classifier.calc_accuracy] Accuracy(layer_5 - test.classifier_average)=78.16%
[ 2019-12-15 11:04:03,232][cascade_classifier.fit_transform] [layer=6] look_indexs=[0], X_cur_train.shape=(774, 366), X_cur_test.shape=(87, 366)
[ 2019-12-15 11:04:03,569][kfold_wrapper.log_eval_metrics] Accuracy(layer_6 - estimator_0 - 5_folds.train_0.predict)=75.48%
[ 2019-12-15 11:04:04,018][kfold_wrapper.log_eval_metrics] Accuracy(layer_6 - estimator_0 - 5_folds.train_1.predict)=80.65%
[ 2019-12-15 11:04:04,462][kfold_wrapper.log_eval_metrics] Accuracy(layer_6 - estimator_0 - 5_folds.train_2.predict)=81.29%
[ 2019-12-15 11:04:04,915][kfold_wrapper.log_eval_metrics] Accuracy(layer_6 - estimator_0 - 5_folds.train_3.predict)=85.81%
[ 2019-12-15 11:04:05,365][kfold_wrapper.log_eval_metrics] Accuracy(layer_6 - estimator_0 - 5_folds.train_4.predict)=81.82%
[ 2019-12-15 11:04:05,471][kfold_wrapper.log_eval_metrics] Accuracy(layer_6 - estimator_0 - 5_folds.train_cv.predict)=81.01%
[ 2019-12-15 11:04:05,472][kfold_wrapper.log_eval_metrics] Accuracy(layer_6 - estimator_0 - 5_folds.test.predict)=80.46%
[ 2019-12-15 11:04:05,811][kfold_wrapper.log_eval_metrics] Accuracy(layer_6 - estimator_1 - 5_folds.train_0.predict)=83.87%
[ 2019-12-15 11:04:06,246][kfold_wrapper.log_eval_metrics] Accuracy(layer_6 - estimator_1 - 5_folds.train_1.predict)=78.06%
[ 2019-12-15 11:04:06,682][kfold_wrapper.log_eval_metrics] Accuracy(layer_6 - estimator_1 - 5_folds.train_2.predict)=80.65%
[ 2019-12-15 11:04:07,111][kfold_wrapper.log_eval_metrics] Accuracy(layer_6 - estimator_1 - 5_folds.train_3.predict)=79.35%
[ 2019-12-15 11:04:07,547][kfold_wrapper.log_eval_metrics] Accuracy(layer_6 - estimator_1 - 5_folds.train_4.predict)=85.06%
[ 2019-12-15 11:04:07,652][kfold_wrapper.log_eval_metrics] Accuracy(layer_6 - estimator_1 - 5_folds.train_cv.predict)=81.40%
[ 2019-12-15 11:04:07,653][kfold_wrapper.log_eval_metrics] Accuracy(layer_6 - estimator_1 - 5_folds.test.predict)=77.01%
[ 2019-12-15 11:04:08,099][kfold_wrapper.log_eval_metrics] Accuracy(layer_6 - estimator_2 - 5_folds.train_0.predict)=77.42%
[ 2019-12-15 11:04:08,533][kfold_wrapper.log_eval_metrics] Accuracy(layer_6 - estimator_2 - 5_folds.train_1.predict)=84.52%
[ 2019-12-15 11:04:08,960][kfold_wrapper.log_eval_metrics] Accuracy(layer_6 - estimator_2 - 5_folds.train_2.predict)=85.16%
[ 2019-12-15 11:04:09,388][kfold_wrapper.log_eval_metrics] Accuracy(layer_6 - estimator_2 - 5_folds.train_3.predict)=77.42%
[ 2019-12-15 11:04:09,828][kfold_wrapper.log_eval_metrics] Accuracy(layer_6 - estimator_2 - 5_folds.train_4.predict)=81.17%
[ 2019-12-15 11:04:09,829][kfold_wrapper.log_eval_metrics] Accuracy(layer_6 - estimator_2 - 5_folds.train_cv.predict)=81.14%
[ 2019-12-15 11:04:09,829][kfold_wrapper.log_eval_metrics] Accuracy(layer_6 - estimator_2 - 5_folds.test.predict)=75.86%
[ 2019-12-15 11:04:09,948][kfold_wrapper.log_eval_metrics] Accuracy(layer_6 - estimator_3 - 5_folds.train_0.predict)=78.06%
[ 2019-12-15 11:04:10,079][kfold_wrapper.log_eval_metrics] Accuracy(layer_6 - estimator_3 - 5_folds.train_1.predict)=81.29%
[ 2019-12-15 11:04:10,207][kfold_wrapper.log_eval_metrics] Accuracy(layer_6 - estimator_3 - 5_folds.train_2.predict)=85.81%
[ 2019-12-15 11:04:10,332][kfold_wrapper.log_eval_metrics] Accuracy(layer_6 - estimator_3 - 5_folds.train_3.predict)=82.58%
[ 2019-12-15 11:04:10,460][kfold_wrapper.log_eval_metrics] Accuracy(layer_6 - estimator_3 - 5_folds.train_4.predict)=79.22%
[ 2019-12-15 11:04:10,461][kfold_wrapper.log_eval_metrics] Accuracy(layer_6 - estimator_3 - 5_folds.train_cv.predict)=81.40%
[ 2019-12-15 11:04:10,461][kfold_wrapper.log_eval_metrics] Accuracy(layer_6 - estimator_3 - 5_folds.test.predict)=75.86%
[ 2019-12-15 11:04:10,461][cascade_classifier.calc_accuracy] Accuracy(layer_6 - train.classifier_average)=81.78%
[ 2019-12-15 11:04:10,462][cascade_classifier.calc_accuracy] Accuracy(layer_6 - test.classifier_average)=79.31%
[ 2019-12-15 11:04:10,462][cascade_classifier.fit_transform] [Result][Optimal Level Detected] opt_layer_num=2, accuracy_train=83.20%, accuracy_test=78.16%
[ 2019-12-15 11:04:10,533][cascade_classifier.transform] X_groups_test.shape=[(87, 1, 358, 1)]
[ 2019-12-15 11:04:10,534][cascade_classifier.transform] group_dims=[358]
[ 2019-12-15 11:04:10,534][cascade_classifier.transform] X_test.shape=(87, 358)
[ 2019-12-15 11:04:10,534][cascade_classifier.transform] [layer=0] look_indexs=[0], X_cur_test.shape=(87, 358)
[ 2019-12-15 11:04:11,602][cascade_classifier.transform] [layer=1] look_indexs=[0], X_cur_test.shape=(87, 366)
[ 2019-12-15 11:04:12,667][cascade_classifier.transform] X_groups_test.shape=[(87, 1, 358, 1)]
[ 2019-12-15 11:04:12,667][cascade_classifier.transform] group_dims=[358]
[ 2019-12-15 11:04:12,667][cascade_classifier.transform] X_test.shape=(87, 358)
[ 2019-12-15 11:04:12,668][cascade_classifier.transform] [layer=0] look_indexs=[0], X_cur_test.shape=(87, 358)
[ 2019-12-15 11:04:13,734][cascade_classifier.transform] [layer=1] look_indexs=[0], X_cur_test.shape=(87, 366)
[ 2019-12-15 11:04:14,839][cascade_classifier.fit_transform] X_groups_train.shape=[(774, 1, 358, 1)],y_train.shape=(774,),X_groups_test.shape=[(87, 1, 358, 1)],y_test.shape=(87,)
[ 2019-12-15 11:04:14,840][cascade_classifier.fit_transform] group_dims=[358]
[ 2019-12-15 11:04:14,840][cascade_classifier.fit_transform] group_starts=[0]
[ 2019-12-15 11:04:14,840][cascade_classifier.fit_transform] group_ends=[358]
[ 2019-12-15 11:04:14,841][cascade_classifier.fit_transform] X_train.shape=(774, 358),X_test.shape=(87, 358)
[ 2019-12-15 11:04:14,842][cascade_classifier.fit_transform] [layer=0] look_indexs=[0], X_cur_train.shape=(774, 358), X_cur_test.shape=(87, 358)
[ 2019-12-15 11:04:15,184][kfold_wrapper.log_eval_metrics] Accuracy(layer_0 - estimator_0 - 5_folds.train_0.predict)=80.13%
[ 2019-12-15 11:04:15,632][kfold_wrapper.log_eval_metrics] Accuracy(layer_0 - estimator_0 - 5_folds.train_1.predict)=82.05%
[ 2019-12-15 11:04:16,071][kfold_wrapper.log_eval_metrics] Accuracy(layer_0 - estimator_0 - 5_folds.train_2.predict)=87.01%
[ 2019-12-15 11:04:16,509][kfold_wrapper.log_eval_metrics] Accuracy(layer_0 - estimator_0 - 5_folds.train_3.predict)=76.62%
[ 2019-12-15 11:04:16,947][kfold_wrapper.log_eval_metrics] Accuracy(layer_0 - estimator_0 - 5_folds.train_4.predict)=84.42%
[ 2019-12-15 11:04:17,055][kfold_wrapper.log_eval_metrics] Accuracy(layer_0 - estimator_0 - 5_folds.train_cv.predict)=82.04%
[ 2019-12-15 11:04:17,055][kfold_wrapper.log_eval_metrics] Accuracy(layer_0 - estimator_0 - 5_folds.test.predict)=85.06%
[ 2019-12-15 11:04:17,381][kfold_wrapper.log_eval_metrics] Accuracy(layer_0 - estimator_1 - 5_folds.train_0.predict)=76.28%
[ 2019-12-15 11:04:17,812][kfold_wrapper.log_eval_metrics] Accuracy(layer_0 - estimator_1 - 5_folds.train_1.predict)=84.62%
[ 2019-12-15 11:04:18,243][kfold_wrapper.log_eval_metrics] Accuracy(layer_0 - estimator_1 - 5_folds.train_2.predict)=78.57%
[ 2019-12-15 11:04:18,673][kfold_wrapper.log_eval_metrics] Accuracy(layer_0 - estimator_1 - 5_folds.train_3.predict)=80.52%
[ 2019-12-15 11:04:19,109][kfold_wrapper.log_eval_metrics] Accuracy(layer_0 - estimator_1 - 5_folds.train_4.predict)=78.57%
[ 2019-12-15 11:04:19,217][kfold_wrapper.log_eval_metrics] Accuracy(layer_0 - estimator_1 - 5_folds.train_cv.predict)=79.72%
[ 2019-12-15 11:04:19,218][kfold_wrapper.log_eval_metrics] Accuracy(layer_0 - estimator_1 - 5_folds.test.predict)=83.91%
[ 2019-12-15 11:04:19,656][kfold_wrapper.log_eval_metrics] Accuracy(layer_0 - estimator_2 - 5_folds.train_0.predict)=81.41%
[ 2019-12-15 11:04:20,079][kfold_wrapper.log_eval_metrics] Accuracy(layer_0 - estimator_2 - 5_folds.train_1.predict)=80.13%
[ 2019-12-15 11:04:20,485][kfold_wrapper.log_eval_metrics] Accuracy(layer_0 - estimator_2 - 5_folds.train_2.predict)=81.82%
[ 2019-12-15 11:04:20,913][kfold_wrapper.log_eval_metrics] Accuracy(layer_0 - estimator_2 - 5_folds.train_3.predict)=83.77%
[ 2019-12-15 11:04:21,320][kfold_wrapper.log_eval_metrics] Accuracy(layer_0 - estimator_2 - 5_folds.train_4.predict)=81.17%
[ 2019-12-15 11:04:21,328][kfold_wrapper.log_eval_metrics] Accuracy(layer_0 - estimator_2 - 5_folds.train_cv.predict)=81.65%
[ 2019-12-15 11:04:21,328][kfold_wrapper.log_eval_metrics] Accuracy(layer_0 - estimator_2 - 5_folds.test.predict)=83.91%
[ 2019-12-15 11:04:21,445][kfold_wrapper.log_eval_metrics] Accuracy(layer_0 - estimator_3 - 5_folds.train_0.predict)=77.56%
[ 2019-12-15 11:04:21,568][kfold_wrapper.log_eval_metrics] Accuracy(layer_0 - estimator_3 - 5_folds.train_1.predict)=81.41%
[ 2019-12-15 11:04:21,689][kfold_wrapper.log_eval_metrics] Accuracy(layer_0 - estimator_3 - 5_folds.train_2.predict)=79.22%
[ 2019-12-15 11:04:21,811][kfold_wrapper.log_eval_metrics] Accuracy(layer_0 - estimator_3 - 5_folds.train_3.predict)=81.17%
[ 2019-12-15 11:04:21,933][kfold_wrapper.log_eval_metrics] Accuracy(layer_0 - estimator_3 - 5_folds.train_4.predict)=81.82%
[ 2019-12-15 11:04:21,934][kfold_wrapper.log_eval_metrics] Accuracy(layer_0 - estimator_3 - 5_folds.train_cv.predict)=80.23%
[ 2019-12-15 11:04:21,934][kfold_wrapper.log_eval_metrics] Accuracy(layer_0 - estimator_3 - 5_folds.test.predict)=82.76%
[ 2019-12-15 11:04:21,935][cascade_classifier.calc_accuracy] Accuracy(layer_0 - train.classifier_average)=81.65%
[ 2019-12-15 11:04:21,935][cascade_classifier.calc_accuracy] Accuracy(layer_0 - test.classifier_average)=85.06%
[ 2019-12-15 11:04:21,936][cascade_classifier.fit_transform] [layer=1] look_indexs=[0], X_cur_train.shape=(774, 366), X_cur_test.shape=(87, 366)
