[ 2019-12-23 20:24:25,379][cascade_classifier.fit_transform] X_groups_train.shape=[(774, 358)],y_train.shape=(774,),X_groups_test.shape=[(87, 358)],y_test.shape=(87,)
[ 2019-12-23 20:24:25,379][cascade_classifier.fit_transform] group_dims=[358]
[ 2019-12-23 20:24:25,379][cascade_classifier.fit_transform] group_starts=[0]
[ 2019-12-23 20:24:25,379][cascade_classifier.fit_transform] group_ends=[358]
[ 2019-12-23 20:24:25,379][cascade_classifier.fit_transform] X_train.shape=(774, 358),X_test.shape=(87, 358)
[ 2019-12-23 20:24:25,379][cascade_classifier.fit_transform] [layer=0] look_indexs=[0], X_cur_train.shape=(774, 358), X_cur_test.shape=(87, 358)
[ 2019-12-23 20:24:27,422][kfold_wrapper.log_eval_metrics] Accuracy(layer_0 - estimator_0 - 3_folds.train_0.predict)=80.31%
[ 2019-12-23 20:24:29,758][kfold_wrapper.log_eval_metrics] Accuracy(layer_0 - estimator_0 - 3_folds.train_1.predict)=84.11%
[ 2019-12-23 20:24:32,098][kfold_wrapper.log_eval_metrics] Accuracy(layer_0 - estimator_0 - 3_folds.train_2.predict)=80.16%
[ 2019-12-23 20:24:32,424][kfold_wrapper.log_eval_metrics] Accuracy(layer_0 - estimator_0 - 3_folds.train_cv.predict)=81.52%
[ 2019-12-23 20:24:32,424][kfold_wrapper.log_eval_metrics] Accuracy(layer_0 - estimator_0 - 3_folds.test.predict)=82.76%
[ 2019-12-23 20:24:34,645][kfold_wrapper.log_eval_metrics] Accuracy(layer_0 - estimator_1 - 3_folds.train_0.predict)=81.08%
[ 2019-12-23 20:24:37,149][kfold_wrapper.log_eval_metrics] Accuracy(layer_0 - estimator_1 - 3_folds.train_1.predict)=82.95%
[ 2019-12-23 20:24:39,649][kfold_wrapper.log_eval_metrics] Accuracy(layer_0 - estimator_1 - 3_folds.train_2.predict)=80.93%
[ 2019-12-23 20:24:39,983][kfold_wrapper.log_eval_metrics] Accuracy(layer_0 - estimator_1 - 3_folds.train_cv.predict)=81.65%
[ 2019-12-23 20:24:39,983][kfold_wrapper.log_eval_metrics] Accuracy(layer_0 - estimator_1 - 3_folds.test.predict)=83.91%
[ 2019-12-23 20:24:46,526][kfold_wrapper.log_eval_metrics] Accuracy(layer_0 - estimator_2 - 3_folds.train_0.predict)=78.76%
[ 2019-12-23 20:24:53,255][kfold_wrapper.log_eval_metrics] Accuracy(layer_0 - estimator_2 - 3_folds.train_1.predict)=82.56%
[ 2019-12-23 20:24:59,966][kfold_wrapper.log_eval_metrics] Accuracy(layer_0 - estimator_2 - 3_folds.train_2.predict)=83.27%
[ 2019-12-23 20:25:00,076][kfold_wrapper.log_eval_metrics] Accuracy(layer_0 - estimator_2 - 3_folds.train_cv.predict)=81.52%
[ 2019-12-23 20:25:00,076][kfold_wrapper.log_eval_metrics] Accuracy(layer_0 - estimator_2 - 3_folds.test.predict)=85.06%
[ 2019-12-23 20:25:01,494][kfold_wrapper.log_eval_metrics] Accuracy(layer_0 - estimator_3 - 3_folds.train_0.predict)=80.69%
[ 2019-12-23 20:25:02,878][kfold_wrapper.log_eval_metrics] Accuracy(layer_0 - estimator_3 - 3_folds.train_1.predict)=81.78%
[ 2019-12-23 20:25:04,248][kfold_wrapper.log_eval_metrics] Accuracy(layer_0 - estimator_3 - 3_folds.train_2.predict)=83.27%
[ 2019-12-23 20:25:04,248][kfold_wrapper.log_eval_metrics] Accuracy(layer_0 - estimator_3 - 3_folds.train_cv.predict)=81.91%
[ 2019-12-23 20:25:04,248][kfold_wrapper.log_eval_metrics] Accuracy(layer_0 - estimator_3 - 3_folds.test.predict)=78.16%
[ 2019-12-23 20:25:04,248][cascade_classifier.calc_accuracy] Accuracy(layer_0 - train.classifier_average)=82.30%
[ 2019-12-23 20:25:04,263][cascade_classifier.calc_accuracy] Accuracy(layer_0 - test.classifier_average)=82.76%
[ 2019-12-23 20:25:04,263][cascade_classifier.fit_transform] [layer=1] look_indexs=[0], X_cur_train.shape=(774, 366), X_cur_test.shape=(87, 366)
[ 2019-12-23 20:25:06,287][kfold_wrapper.log_eval_metrics] Accuracy(layer_1 - estimator_0 - 3_folds.train_0.predict)=83.40%
[ 2019-12-23 20:25:08,631][kfold_wrapper.log_eval_metrics] Accuracy(layer_1 - estimator_0 - 3_folds.train_1.predict)=79.46%
[ 2019-12-23 20:25:10,996][kfold_wrapper.log_eval_metrics] Accuracy(layer_1 - estimator_0 - 3_folds.train_2.predict)=84.05%
[ 2019-12-23 20:25:11,321][kfold_wrapper.log_eval_metrics] Accuracy(layer_1 - estimator_0 - 3_folds.train_cv.predict)=82.30%
[ 2019-12-23 20:25:11,321][kfold_wrapper.log_eval_metrics] Accuracy(layer_1 - estimator_0 - 3_folds.test.predict)=81.61%
[ 2019-12-23 20:25:13,526][kfold_wrapper.log_eval_metrics] Accuracy(layer_1 - estimator_1 - 3_folds.train_0.predict)=79.15%
[ 2019-12-23 20:25:16,036][kfold_wrapper.log_eval_metrics] Accuracy(layer_1 - estimator_1 - 3_folds.train_1.predict)=84.50%
[ 2019-12-23 20:25:18,565][kfold_wrapper.log_eval_metrics] Accuracy(layer_1 - estimator_1 - 3_folds.train_2.predict)=82.88%
[ 2019-12-23 20:25:18,890][kfold_wrapper.log_eval_metrics] Accuracy(layer_1 - estimator_1 - 3_folds.train_cv.predict)=82.17%
[ 2019-12-23 20:25:18,890][kfold_wrapper.log_eval_metrics] Accuracy(layer_1 - estimator_1 - 3_folds.test.predict)=83.91%
[ 2019-12-23 20:25:25,599][kfold_wrapper.log_eval_metrics] Accuracy(layer_1 - estimator_2 - 3_folds.train_0.predict)=80.31%
[ 2019-12-23 20:25:32,459][kfold_wrapper.log_eval_metrics] Accuracy(layer_1 - estimator_2 - 3_folds.train_1.predict)=81.40%
[ 2019-12-23 20:25:39,276][kfold_wrapper.log_eval_metrics] Accuracy(layer_1 - estimator_2 - 3_folds.train_2.predict)=77.82%
[ 2019-12-23 20:25:39,370][kfold_wrapper.log_eval_metrics] Accuracy(layer_1 - estimator_2 - 3_folds.train_cv.predict)=79.84%
[ 2019-12-23 20:25:39,370][kfold_wrapper.log_eval_metrics] Accuracy(layer_1 - estimator_2 - 3_folds.test.predict)=83.91%
[ 2019-12-23 20:25:40,772][kfold_wrapper.log_eval_metrics] Accuracy(layer_1 - estimator_3 - 3_folds.train_0.predict)=83.78%
[ 2019-12-23 20:25:42,182][kfold_wrapper.log_eval_metrics] Accuracy(layer_1 - estimator_3 - 3_folds.train_1.predict)=84.88%
[ 2019-12-23 20:25:43,504][kfold_wrapper.log_eval_metrics] Accuracy(layer_1 - estimator_3 - 3_folds.train_2.predict)=82.10%
[ 2019-12-23 20:25:43,519][kfold_wrapper.log_eval_metrics] Accuracy(layer_1 - estimator_3 - 3_folds.train_cv.predict)=83.59%
[ 2019-12-23 20:25:43,519][kfold_wrapper.log_eval_metrics] Accuracy(layer_1 - estimator_3 - 3_folds.test.predict)=79.31%
[ 2019-12-23 20:25:43,519][cascade_classifier.calc_accuracy] Accuracy(layer_1 - train.classifier_average)=82.95%
[ 2019-12-23 20:25:43,519][cascade_classifier.calc_accuracy] Accuracy(layer_1 - test.classifier_average)=80.46%
[ 2019-12-23 20:25:43,519][cascade_classifier.fit_transform] [layer=2] look_indexs=[0], X_cur_train.shape=(774, 366), X_cur_test.shape=(87, 366)
[ 2019-12-23 20:25:45,542][kfold_wrapper.log_eval_metrics] Accuracy(layer_2 - estimator_0 - 3_folds.train_0.predict)=79.54%
[ 2019-12-23 20:25:47,893][kfold_wrapper.log_eval_metrics] Accuracy(layer_2 - estimator_0 - 3_folds.train_1.predict)=86.43%
[ 2019-12-23 20:25:50,258][kfold_wrapper.log_eval_metrics] Accuracy(layer_2 - estimator_0 - 3_folds.train_2.predict)=84.82%
[ 2019-12-23 20:25:50,599][kfold_wrapper.log_eval_metrics] Accuracy(layer_2 - estimator_0 - 3_folds.train_cv.predict)=83.59%
[ 2019-12-23 20:25:50,599][kfold_wrapper.log_eval_metrics] Accuracy(layer_2 - estimator_0 - 3_folds.test.predict)=80.46%
[ 2019-12-23 20:25:52,812][kfold_wrapper.log_eval_metrics] Accuracy(layer_2 - estimator_1 - 3_folds.train_0.predict)=86.10%
[ 2019-12-23 20:25:55,310][kfold_wrapper.log_eval_metrics] Accuracy(layer_2 - estimator_1 - 3_folds.train_1.predict)=84.50%
[ 2019-12-23 20:25:57,827][kfold_wrapper.log_eval_metrics] Accuracy(layer_2 - estimator_1 - 3_folds.train_2.predict)=79.38%
[ 2019-12-23 20:25:58,155][kfold_wrapper.log_eval_metrics] Accuracy(layer_2 - estimator_1 - 3_folds.train_cv.predict)=83.33%
[ 2019-12-23 20:25:58,155][kfold_wrapper.log_eval_metrics] Accuracy(layer_2 - estimator_1 - 3_folds.test.predict)=81.61%
[ 2019-12-23 20:26:04,867][kfold_wrapper.log_eval_metrics] Accuracy(layer_2 - estimator_2 - 3_folds.train_0.predict)=82.24%
[ 2019-12-23 20:26:11,801][kfold_wrapper.log_eval_metrics] Accuracy(layer_2 - estimator_2 - 3_folds.train_1.predict)=79.07%
[ 2019-12-23 20:26:18,958][kfold_wrapper.log_eval_metrics] Accuracy(layer_2 - estimator_2 - 3_folds.train_2.predict)=80.54%
[ 2019-12-23 20:26:19,052][kfold_wrapper.log_eval_metrics] Accuracy(layer_2 - estimator_2 - 3_folds.train_cv.predict)=80.62%
[ 2019-12-23 20:26:19,052][kfold_wrapper.log_eval_metrics] Accuracy(layer_2 - estimator_2 - 3_folds.test.predict)=80.46%
[ 2019-12-23 20:26:20,463][kfold_wrapper.log_eval_metrics] Accuracy(layer_2 - estimator_3 - 3_folds.train_0.predict)=81.47%
[ 2019-12-23 20:26:21,953][kfold_wrapper.log_eval_metrics] Accuracy(layer_2 - estimator_3 - 3_folds.train_1.predict)=81.40%
[ 2019-12-23 20:26:23,422][kfold_wrapper.log_eval_metrics] Accuracy(layer_2 - estimator_3 - 3_folds.train_2.predict)=81.71%
[ 2019-12-23 20:26:23,422][kfold_wrapper.log_eval_metrics] Accuracy(layer_2 - estimator_3 - 3_folds.train_cv.predict)=81.52%
[ 2019-12-23 20:26:23,422][kfold_wrapper.log_eval_metrics] Accuracy(layer_2 - estimator_3 - 3_folds.test.predict)=79.31%
[ 2019-12-23 20:26:23,422][cascade_classifier.calc_accuracy] Accuracy(layer_2 - train.classifier_average)=82.04%
[ 2019-12-23 20:26:23,422][cascade_classifier.calc_accuracy] Accuracy(layer_2 - test.classifier_average)=80.46%
[ 2019-12-23 20:26:23,422][cascade_classifier.fit_transform] [layer=3] look_indexs=[0], X_cur_train.shape=(774, 366), X_cur_test.shape=(87, 366)
[ 2019-12-23 20:26:25,557][kfold_wrapper.log_eval_metrics] Accuracy(layer_3 - estimator_0 - 3_folds.train_0.predict)=85.33%
[ 2019-12-23 20:26:27,954][kfold_wrapper.log_eval_metrics] Accuracy(layer_3 - estimator_0 - 3_folds.train_1.predict)=82.56%
[ 2019-12-23 20:26:31,014][kfold_wrapper.log_eval_metrics] Accuracy(layer_3 - estimator_0 - 3_folds.train_2.predict)=78.99%
[ 2019-12-23 20:26:31,339][kfold_wrapper.log_eval_metrics] Accuracy(layer_3 - estimator_0 - 3_folds.train_cv.predict)=82.30%
[ 2019-12-23 20:26:31,339][kfold_wrapper.log_eval_metrics] Accuracy(layer_3 - estimator_0 - 3_folds.test.predict)=80.46%
[ 2019-12-23 20:26:33,948][kfold_wrapper.log_eval_metrics] Accuracy(layer_3 - estimator_1 - 3_folds.train_0.predict)=79.15%
[ 2019-12-23 20:26:36,758][kfold_wrapper.log_eval_metrics] Accuracy(layer_3 - estimator_1 - 3_folds.train_1.predict)=86.82%
[ 2019-12-23 20:26:39,573][kfold_wrapper.log_eval_metrics] Accuracy(layer_3 - estimator_1 - 3_folds.train_2.predict)=81.32%
[ 2019-12-23 20:26:39,913][kfold_wrapper.log_eval_metrics] Accuracy(layer_3 - estimator_1 - 3_folds.train_cv.predict)=82.43%
[ 2019-12-23 20:26:39,913][kfold_wrapper.log_eval_metrics] Accuracy(layer_3 - estimator_1 - 3_folds.test.predict)=81.61%
[ 2019-12-23 20:26:47,204][kfold_wrapper.log_eval_metrics] Accuracy(layer_3 - estimator_2 - 3_folds.train_0.predict)=75.68%
[ 2019-12-23 20:26:54,538][kfold_wrapper.log_eval_metrics] Accuracy(layer_3 - estimator_2 - 3_folds.train_1.predict)=83.33%
[ 2019-12-23 20:27:01,536][kfold_wrapper.log_eval_metrics] Accuracy(layer_3 - estimator_2 - 3_folds.train_2.predict)=82.49%
[ 2019-12-23 20:27:01,630][kfold_wrapper.log_eval_metrics] Accuracy(layer_3 - estimator_2 - 3_folds.train_cv.predict)=80.49%
[ 2019-12-23 20:27:01,630][kfold_wrapper.log_eval_metrics] Accuracy(layer_3 - estimator_2 - 3_folds.test.predict)=82.76%
[ 2019-12-23 20:27:02,943][kfold_wrapper.log_eval_metrics] Accuracy(layer_3 - estimator_3 - 3_folds.train_0.predict)=83.78%
[ 2019-12-23 20:27:04,370][kfold_wrapper.log_eval_metrics] Accuracy(layer_3 - estimator_3 - 3_folds.train_1.predict)=79.84%
[ 2019-12-23 20:27:06,045][kfold_wrapper.log_eval_metrics] Accuracy(layer_3 - estimator_3 - 3_folds.train_2.predict)=82.88%
[ 2019-12-23 20:27:06,045][kfold_wrapper.log_eval_metrics] Accuracy(layer_3 - estimator_3 - 3_folds.train_cv.predict)=82.17%
[ 2019-12-23 20:27:06,045][kfold_wrapper.log_eval_metrics] Accuracy(layer_3 - estimator_3 - 3_folds.test.predict)=81.61%
[ 2019-12-23 20:27:06,045][cascade_classifier.calc_accuracy] Accuracy(layer_3 - train.classifier_average)=82.69%
[ 2019-12-23 20:27:06,045][cascade_classifier.calc_accuracy] Accuracy(layer_3 - test.classifier_average)=81.61%
[ 2019-12-23 20:27:06,045][cascade_classifier.fit_transform] [layer=4] look_indexs=[0], X_cur_train.shape=(774, 366), X_cur_test.shape=(87, 366)
[ 2019-12-23 20:27:08,145][kfold_wrapper.log_eval_metrics] Accuracy(layer_4 - estimator_0 - 3_folds.train_0.predict)=78.38%
[ 2019-12-23 20:27:10,575][kfold_wrapper.log_eval_metrics] Accuracy(layer_4 - estimator_0 - 3_folds.train_1.predict)=84.11%
[ 2019-12-23 20:27:13,285][kfold_wrapper.log_eval_metrics] Accuracy(layer_4 - estimator_0 - 3_folds.train_2.predict)=85.99%
[ 2019-12-23 20:27:13,610][kfold_wrapper.log_eval_metrics] Accuracy(layer_4 - estimator_0 - 3_folds.train_cv.predict)=82.82%
[ 2019-12-23 20:27:13,610][kfold_wrapper.log_eval_metrics] Accuracy(layer_4 - estimator_0 - 3_folds.test.predict)=81.61%
[ 2019-12-23 20:27:16,011][kfold_wrapper.log_eval_metrics] Accuracy(layer_4 - estimator_1 - 3_folds.train_0.predict)=81.85%
[ 2019-12-23 20:27:19,015][kfold_wrapper.log_eval_metrics] Accuracy(layer_4 - estimator_1 - 3_folds.train_1.predict)=82.17%
[ 2019-12-23 20:27:21,563][kfold_wrapper.log_eval_metrics] Accuracy(layer_4 - estimator_1 - 3_folds.train_2.predict)=84.05%
[ 2019-12-23 20:27:21,885][kfold_wrapper.log_eval_metrics] Accuracy(layer_4 - estimator_1 - 3_folds.train_cv.predict)=82.69%
[ 2019-12-23 20:27:21,885][kfold_wrapper.log_eval_metrics] Accuracy(layer_4 - estimator_1 - 3_folds.test.predict)=82.76%
[ 2019-12-23 20:27:28,881][kfold_wrapper.log_eval_metrics] Accuracy(layer_4 - estimator_2 - 3_folds.train_0.predict)=81.47%
[ 2019-12-23 20:27:35,914][kfold_wrapper.log_eval_metrics] Accuracy(layer_4 - estimator_2 - 3_folds.train_1.predict)=77.52%
[ 2019-12-23 20:27:42,967][kfold_wrapper.log_eval_metrics] Accuracy(layer_4 - estimator_2 - 3_folds.train_2.predict)=80.16%
[ 2019-12-23 20:27:43,061][kfold_wrapper.log_eval_metrics] Accuracy(layer_4 - estimator_2 - 3_folds.train_cv.predict)=79.72%
[ 2019-12-23 20:27:43,061][kfold_wrapper.log_eval_metrics] Accuracy(layer_4 - estimator_2 - 3_folds.test.predict)=78.16%
[ 2019-12-23 20:27:44,704][kfold_wrapper.log_eval_metrics] Accuracy(layer_4 - estimator_3 - 3_folds.train_0.predict)=81.08%
[ 2019-12-23 20:27:46,139][kfold_wrapper.log_eval_metrics] Accuracy(layer_4 - estimator_3 - 3_folds.train_1.predict)=81.01%
[ 2019-12-23 20:27:47,548][kfold_wrapper.log_eval_metrics] Accuracy(layer_4 - estimator_3 - 3_folds.train_2.predict)=82.88%
[ 2019-12-23 20:27:47,548][kfold_wrapper.log_eval_metrics] Accuracy(layer_4 - estimator_3 - 3_folds.train_cv.predict)=81.65%
[ 2019-12-23 20:27:47,548][kfold_wrapper.log_eval_metrics] Accuracy(layer_4 - estimator_3 - 3_folds.test.predict)=78.16%
[ 2019-12-23 20:27:47,548][cascade_classifier.calc_accuracy] Accuracy(layer_4 - train.classifier_average)=82.43%
[ 2019-12-23 20:27:47,548][cascade_classifier.calc_accuracy] Accuracy(layer_4 - test.classifier_average)=80.46%
[ 2019-12-23 20:27:47,548][cascade_classifier.fit_transform] [Result][Optimal Level Detected] opt_layer_num=2, accuracy_train=82.95%, accuracy_test=80.46%
[ 2019-12-23 20:27:47,579][cascade_classifier.transform] X_groups_test.shape=[(87, 358)]
[ 2019-12-23 20:27:47,579][cascade_classifier.transform] group_dims=[358]
[ 2019-12-23 20:27:47,579][cascade_classifier.transform] X_test.shape=(87, 358)
[ 2019-12-23 20:27:47,579][cascade_classifier.transform] [layer=0] look_indexs=[0], X_cur_test.shape=(87, 358)
[ 2019-12-23 20:27:49,864][cascade_classifier.transform] [layer=1] look_indexs=[0], X_cur_test.shape=(87, 366)
[ 2019-12-23 20:27:52,121][cascade_classifier.transform] X_groups_test.shape=[(87, 358)]
[ 2019-12-23 20:27:52,121][cascade_classifier.transform] group_dims=[358]
[ 2019-12-23 20:27:52,121][cascade_classifier.transform] X_test.shape=(87, 358)
[ 2019-12-23 20:27:52,121][cascade_classifier.transform] [layer=0] look_indexs=[0], X_cur_test.shape=(87, 358)
[ 2019-12-23 20:27:54,414][cascade_classifier.transform] [layer=1] look_indexs=[0], X_cur_test.shape=(87, 366)
[ 2019-12-23 20:28:25,271][cascade_classifier.fit_transform] X_groups_train.shape=[(774, 358)],y_train.shape=(774,),X_groups_test.shape=[(87, 358)],y_test.shape=(87,)
[ 2019-12-23 20:28:25,271][cascade_classifier.fit_transform] group_dims=[358]
[ 2019-12-23 20:28:25,271][cascade_classifier.fit_transform] group_starts=[0]
[ 2019-12-23 20:28:25,271][cascade_classifier.fit_transform] group_ends=[358]
[ 2019-12-23 20:28:25,271][cascade_classifier.fit_transform] X_train.shape=(774, 358),X_test.shape=(87, 358)
[ 2019-12-23 20:28:25,271][cascade_classifier.fit_transform] [layer=0] look_indexs=[0], X_cur_train.shape=(774, 358), X_cur_test.shape=(87, 358)
[ 2019-12-23 20:28:27,387][kfold_wrapper.log_eval_metrics] Accuracy(layer_0 - estimator_0 - 3_folds.train_0.predict)=80.31%
[ 2019-12-23 20:28:29,909][kfold_wrapper.log_eval_metrics] Accuracy(layer_0 - estimator_0 - 3_folds.train_1.predict)=84.11%
[ 2019-12-23 20:28:32,347][kfold_wrapper.log_eval_metrics] Accuracy(layer_0 - estimator_0 - 3_folds.train_2.predict)=80.16%
[ 2019-12-23 20:28:32,668][kfold_wrapper.log_eval_metrics] Accuracy(layer_0 - estimator_0 - 3_folds.train_cv.predict)=81.52%
[ 2019-12-23 20:28:32,669][kfold_wrapper.log_eval_metrics] Accuracy(layer_0 - estimator_0 - 3_folds.test.predict)=82.76%
[ 2019-12-23 20:28:34,852][kfold_wrapper.log_eval_metrics] Accuracy(layer_0 - estimator_1 - 3_folds.train_0.predict)=81.08%
[ 2019-12-23 20:28:37,383][kfold_wrapper.log_eval_metrics] Accuracy(layer_0 - estimator_1 - 3_folds.train_1.predict)=82.95%
[ 2019-12-23 20:28:39,999][kfold_wrapper.log_eval_metrics] Accuracy(layer_0 - estimator_1 - 3_folds.train_2.predict)=80.93%
[ 2019-12-23 20:28:40,325][kfold_wrapper.log_eval_metrics] Accuracy(layer_0 - estimator_1 - 3_folds.train_cv.predict)=81.65%
[ 2019-12-23 20:28:40,326][kfold_wrapper.log_eval_metrics] Accuracy(layer_0 - estimator_1 - 3_folds.test.predict)=83.91%
[ 2019-12-23 20:28:47,159][kfold_wrapper.log_eval_metrics] Accuracy(layer_0 - estimator_2 - 3_folds.train_0.predict)=78.76%
[ 2019-12-23 20:28:54,562][kfold_wrapper.log_eval_metrics] Accuracy(layer_0 - estimator_2 - 3_folds.train_1.predict)=82.56%
[ 2019-12-23 20:29:01,493][kfold_wrapper.log_eval_metrics] Accuracy(layer_0 - estimator_2 - 3_folds.train_2.predict)=83.27%
[ 2019-12-23 20:29:01,587][kfold_wrapper.log_eval_metrics] Accuracy(layer_0 - estimator_2 - 3_folds.train_cv.predict)=81.52%
[ 2019-12-23 20:29:01,587][kfold_wrapper.log_eval_metrics] Accuracy(layer_0 - estimator_2 - 3_folds.test.predict)=85.06%
[ 2019-12-23 20:29:03,204][kfold_wrapper.log_eval_metrics] Accuracy(layer_0 - estimator_3 - 3_folds.train_0.predict)=80.69%
[ 2019-12-23 20:29:04,647][kfold_wrapper.log_eval_metrics] Accuracy(layer_0 - estimator_3 - 3_folds.train_1.predict)=81.78%
[ 2019-12-23 20:29:06,036][kfold_wrapper.log_eval_metrics] Accuracy(layer_0 - estimator_3 - 3_folds.train_2.predict)=83.27%
[ 2019-12-23 20:29:06,036][kfold_wrapper.log_eval_metrics] Accuracy(layer_0 - estimator_3 - 3_folds.train_cv.predict)=81.91%
[ 2019-12-23 20:29:06,036][kfold_wrapper.log_eval_metrics] Accuracy(layer_0 - estimator_3 - 3_folds.test.predict)=78.16%
[ 2019-12-23 20:29:06,036][cascade_classifier.calc_accuracy] Accuracy(layer_0 - train.classifier_average)=82.30%
[ 2019-12-23 20:29:06,052][cascade_classifier.calc_accuracy] Accuracy(layer_0 - test.classifier_average)=82.76%
[ 2019-12-23 20:29:06,052][cascade_classifier.fit_transform] [layer=1] look_indexs=[0], X_cur_train.shape=(774, 366), X_cur_test.shape=(87, 366)
[ 2019-12-23 20:29:08,059][kfold_wrapper.log_eval_metrics] Accuracy(layer_1 - estimator_0 - 3_folds.train_0.predict)=83.40%
[ 2019-12-23 20:29:10,708][kfold_wrapper.log_eval_metrics] Accuracy(layer_1 - estimator_0 - 3_folds.train_1.predict)=79.46%
[ 2019-12-23 20:29:13,126][kfold_wrapper.log_eval_metrics] Accuracy(layer_1 - estimator_0 - 3_folds.train_2.predict)=84.05%
[ 2019-12-23 20:29:13,452][kfold_wrapper.log_eval_metrics] Accuracy(layer_1 - estimator_0 - 3_folds.train_cv.predict)=82.30%
[ 2019-12-23 20:29:13,452][kfold_wrapper.log_eval_metrics] Accuracy(layer_1 - estimator_0 - 3_folds.test.predict)=81.61%
[ 2019-12-23 20:29:15,788][kfold_wrapper.log_eval_metrics] Accuracy(layer_1 - estimator_1 - 3_folds.train_0.predict)=79.15%
[ 2019-12-23 20:29:18,626][kfold_wrapper.log_eval_metrics] Accuracy(layer_1 - estimator_1 - 3_folds.train_1.predict)=84.50%
[ 2019-12-23 20:29:21,266][kfold_wrapper.log_eval_metrics] Accuracy(layer_1 - estimator_1 - 3_folds.train_2.predict)=82.88%
[ 2019-12-23 20:29:21,594][kfold_wrapper.log_eval_metrics] Accuracy(layer_1 - estimator_1 - 3_folds.train_cv.predict)=82.17%
[ 2019-12-23 20:29:21,594][kfold_wrapper.log_eval_metrics] Accuracy(layer_1 - estimator_1 - 3_folds.test.predict)=83.91%
[ 2019-12-23 20:29:28,447][kfold_wrapper.log_eval_metrics] Accuracy(layer_1 - estimator_2 - 3_folds.train_0.predict)=80.31%
[ 2019-12-23 20:29:35,273][kfold_wrapper.log_eval_metrics] Accuracy(layer_1 - estimator_2 - 3_folds.train_1.predict)=81.40%
[ 2019-12-23 20:29:42,038][kfold_wrapper.log_eval_metrics] Accuracy(layer_1 - estimator_2 - 3_folds.train_2.predict)=77.82%
[ 2019-12-23 20:29:42,131][kfold_wrapper.log_eval_metrics] Accuracy(layer_1 - estimator_2 - 3_folds.train_cv.predict)=79.84%
[ 2019-12-23 20:29:42,147][kfold_wrapper.log_eval_metrics] Accuracy(layer_1 - estimator_2 - 3_folds.test.predict)=83.91%
[ 2019-12-23 20:29:43,517][kfold_wrapper.log_eval_metrics] Accuracy(layer_1 - estimator_3 - 3_folds.train_0.predict)=83.78%
[ 2019-12-23 20:29:44,906][kfold_wrapper.log_eval_metrics] Accuracy(layer_1 - estimator_3 - 3_folds.train_1.predict)=84.88%
[ 2019-12-23 20:29:46,220][kfold_wrapper.log_eval_metrics] Accuracy(layer_1 - estimator_3 - 3_folds.train_2.predict)=82.10%
[ 2019-12-23 20:29:46,220][kfold_wrapper.log_eval_metrics] Accuracy(layer_1 - estimator_3 - 3_folds.train_cv.predict)=83.59%
[ 2019-12-23 20:29:46,220][kfold_wrapper.log_eval_metrics] Accuracy(layer_1 - estimator_3 - 3_folds.test.predict)=79.31%
[ 2019-12-23 20:29:46,220][cascade_classifier.calc_accuracy] Accuracy(layer_1 - train.classifier_average)=82.95%
[ 2019-12-23 20:29:46,220][cascade_classifier.calc_accuracy] Accuracy(layer_1 - test.classifier_average)=80.46%
[ 2019-12-23 20:29:46,220][cascade_classifier.fit_transform] [layer=2] look_indexs=[0], X_cur_train.shape=(774, 366), X_cur_test.shape=(87, 366)
[ 2019-12-23 20:29:48,254][kfold_wrapper.log_eval_metrics] Accuracy(layer_2 - estimator_0 - 3_folds.train_0.predict)=79.54%
[ 2019-12-23 20:29:50,602][kfold_wrapper.log_eval_metrics] Accuracy(layer_2 - estimator_0 - 3_folds.train_1.predict)=86.43%
[ 2019-12-23 20:29:52,960][kfold_wrapper.log_eval_metrics] Accuracy(layer_2 - estimator_0 - 3_folds.train_2.predict)=84.82%
[ 2019-12-23 20:29:53,298][kfold_wrapper.log_eval_metrics] Accuracy(layer_2 - estimator_0 - 3_folds.train_cv.predict)=83.59%
[ 2019-12-23 20:29:53,298][kfold_wrapper.log_eval_metrics] Accuracy(layer_2 - estimator_0 - 3_folds.test.predict)=80.46%
[ 2019-12-23 20:29:55,515][kfold_wrapper.log_eval_metrics] Accuracy(layer_2 - estimator_1 - 3_folds.train_0.predict)=86.10%
[ 2019-12-23 20:29:58,035][kfold_wrapper.log_eval_metrics] Accuracy(layer_2 - estimator_1 - 3_folds.train_1.predict)=84.50%
[ 2019-12-23 20:30:00,589][kfold_wrapper.log_eval_metrics] Accuracy(layer_2 - estimator_1 - 3_folds.train_2.predict)=79.38%
[ 2019-12-23 20:30:00,924][kfold_wrapper.log_eval_metrics] Accuracy(layer_2 - estimator_1 - 3_folds.train_cv.predict)=83.33%
[ 2019-12-23 20:30:00,924][kfold_wrapper.log_eval_metrics] Accuracy(layer_2 - estimator_1 - 3_folds.test.predict)=81.61%
[ 2019-12-23 20:30:07,753][kfold_wrapper.log_eval_metrics] Accuracy(layer_2 - estimator_2 - 3_folds.train_0.predict)=82.24%
[ 2019-12-23 20:30:14,739][kfold_wrapper.log_eval_metrics] Accuracy(layer_2 - estimator_2 - 3_folds.train_1.predict)=79.07%
[ 2019-12-23 20:30:21,892][kfold_wrapper.log_eval_metrics] Accuracy(layer_2 - estimator_2 - 3_folds.train_2.predict)=80.54%
[ 2019-12-23 20:30:21,998][kfold_wrapper.log_eval_metrics] Accuracy(layer_2 - estimator_2 - 3_folds.train_cv.predict)=80.62%
[ 2019-12-23 20:30:22,000][kfold_wrapper.log_eval_metrics] Accuracy(layer_2 - estimator_2 - 3_folds.test.predict)=80.46%
[ 2019-12-23 20:30:23,492][kfold_wrapper.log_eval_metrics] Accuracy(layer_2 - estimator_3 - 3_folds.train_0.predict)=81.47%
[ 2019-12-23 20:30:25,410][kfold_wrapper.log_eval_metrics] Accuracy(layer_2 - estimator_3 - 3_folds.train_1.predict)=81.40%
[ 2019-12-23 20:30:27,006][kfold_wrapper.log_eval_metrics] Accuracy(layer_2 - estimator_3 - 3_folds.train_2.predict)=81.71%
[ 2019-12-23 20:30:27,006][kfold_wrapper.log_eval_metrics] Accuracy(layer_2 - estimator_3 - 3_folds.train_cv.predict)=81.52%
[ 2019-12-23 20:30:27,006][kfold_wrapper.log_eval_metrics] Accuracy(layer_2 - estimator_3 - 3_folds.test.predict)=79.31%
[ 2019-12-23 20:30:27,006][cascade_classifier.calc_accuracy] Accuracy(layer_2 - train.classifier_average)=82.04%
[ 2019-12-23 20:30:27,006][cascade_classifier.calc_accuracy] Accuracy(layer_2 - test.classifier_average)=80.46%
[ 2019-12-23 20:30:27,006][cascade_classifier.fit_transform] [layer=3] look_indexs=[0], X_cur_train.shape=(774, 366), X_cur_test.shape=(87, 366)
[ 2019-12-23 20:30:29,314][kfold_wrapper.log_eval_metrics] Accuracy(layer_3 - estimator_0 - 3_folds.train_0.predict)=85.33%
[ 2019-12-23 20:30:31,817][kfold_wrapper.log_eval_metrics] Accuracy(layer_3 - estimator_0 - 3_folds.train_1.predict)=82.56%
[ 2019-12-23 20:30:34,146][kfold_wrapper.log_eval_metrics] Accuracy(layer_3 - estimator_0 - 3_folds.train_2.predict)=78.99%
[ 2019-12-23 20:30:34,472][kfold_wrapper.log_eval_metrics] Accuracy(layer_3 - estimator_0 - 3_folds.train_cv.predict)=82.30%
[ 2019-12-23 20:30:34,472][kfold_wrapper.log_eval_metrics] Accuracy(layer_3 - estimator_0 - 3_folds.test.predict)=80.46%
[ 2019-12-23 20:30:36,694][kfold_wrapper.log_eval_metrics] Accuracy(layer_3 - estimator_1 - 3_folds.train_0.predict)=79.15%
[ 2019-12-23 20:30:39,222][kfold_wrapper.log_eval_metrics] Accuracy(layer_3 - estimator_1 - 3_folds.train_1.predict)=86.82%
[ 2019-12-23 20:30:41,750][kfold_wrapper.log_eval_metrics] Accuracy(layer_3 - estimator_1 - 3_folds.train_2.predict)=81.32%
[ 2019-12-23 20:30:42,095][kfold_wrapper.log_eval_metrics] Accuracy(layer_3 - estimator_1 - 3_folds.train_cv.predict)=82.43%
[ 2019-12-23 20:30:42,095][kfold_wrapper.log_eval_metrics] Accuracy(layer_3 - estimator_1 - 3_folds.test.predict)=81.61%
[ 2019-12-23 20:30:48,800][kfold_wrapper.log_eval_metrics] Accuracy(layer_3 - estimator_2 - 3_folds.train_0.predict)=75.68%
[ 2019-12-23 20:30:55,880][kfold_wrapper.log_eval_metrics] Accuracy(layer_3 - estimator_2 - 3_folds.train_1.predict)=83.33%
[ 2019-12-23 20:31:03,176][kfold_wrapper.log_eval_metrics] Accuracy(layer_3 - estimator_2 - 3_folds.train_2.predict)=82.49%
[ 2019-12-23 20:31:03,282][kfold_wrapper.log_eval_metrics] Accuracy(layer_3 - estimator_2 - 3_folds.train_cv.predict)=80.49%
[ 2019-12-23 20:31:03,282][kfold_wrapper.log_eval_metrics] Accuracy(layer_3 - estimator_2 - 3_folds.test.predict)=82.76%
[ 2019-12-23 20:31:04,690][kfold_wrapper.log_eval_metrics] Accuracy(layer_3 - estimator_3 - 3_folds.train_0.predict)=83.78%
[ 2019-12-23 20:31:06,297][kfold_wrapper.log_eval_metrics] Accuracy(layer_3 - estimator_3 - 3_folds.train_1.predict)=79.84%
[ 2019-12-23 20:31:07,851][kfold_wrapper.log_eval_metrics] Accuracy(layer_3 - estimator_3 - 3_folds.train_2.predict)=82.88%
[ 2019-12-23 20:31:07,851][kfold_wrapper.log_eval_metrics] Accuracy(layer_3 - estimator_3 - 3_folds.train_cv.predict)=82.17%
[ 2019-12-23 20:31:07,851][kfold_wrapper.log_eval_metrics] Accuracy(layer_3 - estimator_3 - 3_folds.test.predict)=81.61%
[ 2019-12-23 20:31:07,851][cascade_classifier.calc_accuracy] Accuracy(layer_3 - train.classifier_average)=82.69%
[ 2019-12-23 20:31:07,851][cascade_classifier.calc_accuracy] Accuracy(layer_3 - test.classifier_average)=81.61%
[ 2019-12-23 20:31:07,851][cascade_classifier.fit_transform] [layer=4] look_indexs=[0], X_cur_train.shape=(774, 366), X_cur_test.shape=(87, 366)
[ 2019-12-23 20:31:09,981][kfold_wrapper.log_eval_metrics] Accuracy(layer_4 - estimator_0 - 3_folds.train_0.predict)=78.38%
[ 2019-12-23 20:31:12,368][kfold_wrapper.log_eval_metrics] Accuracy(layer_4 - estimator_0 - 3_folds.train_1.predict)=84.11%
[ 2019-12-23 20:31:15,086][kfold_wrapper.log_eval_metrics] Accuracy(layer_4 - estimator_0 - 3_folds.train_2.predict)=85.99%
[ 2019-12-23 20:31:15,411][kfold_wrapper.log_eval_metrics] Accuracy(layer_4 - estimator_0 - 3_folds.train_cv.predict)=82.82%
[ 2019-12-23 20:31:15,411][kfold_wrapper.log_eval_metrics] Accuracy(layer_4 - estimator_0 - 3_folds.test.predict)=81.61%
[ 2019-12-23 20:31:17,954][kfold_wrapper.log_eval_metrics] Accuracy(layer_4 - estimator_1 - 3_folds.train_0.predict)=81.85%
[ 2019-12-23 20:31:20,622][kfold_wrapper.log_eval_metrics] Accuracy(layer_4 - estimator_1 - 3_folds.train_1.predict)=82.17%
[ 2019-12-23 20:31:23,136][kfold_wrapper.log_eval_metrics] Accuracy(layer_4 - estimator_1 - 3_folds.train_2.predict)=84.05%
[ 2019-12-23 20:31:23,479][kfold_wrapper.log_eval_metrics] Accuracy(layer_4 - estimator_1 - 3_folds.train_cv.predict)=82.69%
[ 2019-12-23 20:31:23,479][kfold_wrapper.log_eval_metrics] Accuracy(layer_4 - estimator_1 - 3_folds.test.predict)=82.76%
[ 2019-12-23 20:31:30,144][kfold_wrapper.log_eval_metrics] Accuracy(layer_4 - estimator_2 - 3_folds.train_0.predict)=81.47%
[ 2019-12-23 20:31:38,520][kfold_wrapper.log_eval_metrics] Accuracy(layer_4 - estimator_2 - 3_folds.train_1.predict)=77.52%
[ 2019-12-23 20:31:46,787][kfold_wrapper.log_eval_metrics] Accuracy(layer_4 - estimator_2 - 3_folds.train_2.predict)=80.16%
[ 2019-12-23 20:31:46,901][kfold_wrapper.log_eval_metrics] Accuracy(layer_4 - estimator_2 - 3_folds.train_cv.predict)=79.72%
[ 2019-12-23 20:31:46,901][kfold_wrapper.log_eval_metrics] Accuracy(layer_4 - estimator_2 - 3_folds.test.predict)=78.16%
[ 2019-12-23 20:31:48,449][kfold_wrapper.log_eval_metrics] Accuracy(layer_4 - estimator_3 - 3_folds.train_0.predict)=81.08%
[ 2019-12-23 20:31:49,970][kfold_wrapper.log_eval_metrics] Accuracy(layer_4 - estimator_3 - 3_folds.train_1.predict)=81.01%
[ 2019-12-23 20:31:51,485][kfold_wrapper.log_eval_metrics] Accuracy(layer_4 - estimator_3 - 3_folds.train_2.predict)=82.88%
[ 2019-12-23 20:31:51,487][kfold_wrapper.log_eval_metrics] Accuracy(layer_4 - estimator_3 - 3_folds.train_cv.predict)=81.65%
[ 2019-12-23 20:31:51,488][kfold_wrapper.log_eval_metrics] Accuracy(layer_4 - estimator_3 - 3_folds.test.predict)=78.16%
[ 2019-12-23 20:31:51,488][cascade_classifier.calc_accuracy] Accuracy(layer_4 - train.classifier_average)=82.43%
[ 2019-12-23 20:31:51,488][cascade_classifier.calc_accuracy] Accuracy(layer_4 - test.classifier_average)=80.46%
[ 2019-12-23 20:31:51,489][cascade_classifier.fit_transform] [Result][Optimal Level Detected] opt_layer_num=2, accuracy_train=82.95%, accuracy_test=80.46%
[ 2019-12-23 20:31:51,519][cascade_classifier.transform] X_groups_test.shape=[(87, 358)]
[ 2019-12-23 20:31:51,520][cascade_classifier.transform] group_dims=[358]
[ 2019-12-23 20:31:51,520][cascade_classifier.transform] X_test.shape=(87, 358)
[ 2019-12-23 20:31:51,520][cascade_classifier.transform] [layer=0] look_indexs=[0], X_cur_test.shape=(87, 358)
[ 2019-12-23 20:31:53,717][cascade_classifier.transform] [layer=1] look_indexs=[0], X_cur_test.shape=(87, 366)
[ 2019-12-23 20:31:56,027][cascade_classifier.transform] X_groups_test.shape=[(87, 358)]
[ 2019-12-23 20:31:56,028][cascade_classifier.transform] group_dims=[358]
[ 2019-12-23 20:31:56,028][cascade_classifier.transform] X_test.shape=(87, 358)
[ 2019-12-23 20:31:56,028][cascade_classifier.transform] [layer=0] look_indexs=[0], X_cur_test.shape=(87, 358)
[ 2019-12-23 20:31:58,228][cascade_classifier.transform] [layer=1] look_indexs=[0], X_cur_test.shape=(87, 366)
