[ 2019-12-13 16:18:05,048][cascade_classifier.fit_transform] X_groups_train.shape=[(774, 358)],y_train.shape=(774,),X_groups_test.shape=[(87, 358)],y_test.shape=(87,)
[ 2019-12-13 16:18:05,048][cascade_classifier.fit_transform] group_dims=[358]
[ 2019-12-13 16:18:05,048][cascade_classifier.fit_transform] group_starts=[0]
[ 2019-12-13 16:18:05,048][cascade_classifier.fit_transform] group_ends=[358]
[ 2019-12-13 16:18:05,048][cascade_classifier.fit_transform] X_train.shape=(774, 358),X_test.shape=(87, 358)
[ 2019-12-13 16:18:05,048][cascade_classifier.fit_transform] [layer=0] look_indexs=[0], X_cur_train.shape=(774, 358), X_cur_test.shape=(87, 358)
[ 2019-12-13 16:18:06,833][kfold_wrapper.log_eval_metrics] Accuracy(layer_0 - estimator_0 - 5_folds.train_0.predict)=87.10%
[ 2019-12-13 16:18:08,598][kfold_wrapper.log_eval_metrics] Accuracy(layer_0 - estimator_0 - 5_folds.train_1.predict)=80.65%
[ 2019-12-13 16:18:10,380][kfold_wrapper.log_eval_metrics] Accuracy(layer_0 - estimator_0 - 5_folds.train_2.predict)=80.00%
[ 2019-12-13 16:18:12,095][kfold_wrapper.log_eval_metrics] Accuracy(layer_0 - estimator_0 - 5_folds.train_3.predict)=78.06%
[ 2019-12-13 16:18:13,874][kfold_wrapper.log_eval_metrics] Accuracy(layer_0 - estimator_0 - 5_folds.train_4.predict)=81.82%
[ 2019-12-13 16:18:13,874][kfold_wrapper.log_eval_metrics] Accuracy(layer_0 - estimator_0 - 5_folds.train_cv.predict)=81.52%
[ 2019-12-13 16:18:13,874][kfold_wrapper.log_eval_metrics] Accuracy(layer_0 - estimator_0 - 5_folds.test.predict)=81.61%
[ 2019-12-13 16:18:16,186][kfold_wrapper.log_eval_metrics] Accuracy(layer_0 - estimator_1 - 5_folds.train_0.predict)=81.29%
[ 2019-12-13 16:18:18,893][kfold_wrapper.log_eval_metrics] Accuracy(layer_0 - estimator_1 - 5_folds.train_1.predict)=89.03%
[ 2019-12-13 16:18:21,682][kfold_wrapper.log_eval_metrics] Accuracy(layer_0 - estimator_1 - 5_folds.train_2.predict)=83.23%
[ 2019-12-13 16:18:24,438][kfold_wrapper.log_eval_metrics] Accuracy(layer_0 - estimator_1 - 5_folds.train_3.predict)=83.23%
[ 2019-12-13 16:18:26,939][kfold_wrapper.log_eval_metrics] Accuracy(layer_0 - estimator_1 - 5_folds.train_4.predict)=74.68%
[ 2019-12-13 16:18:27,284][kfold_wrapper.log_eval_metrics] Accuracy(layer_0 - estimator_1 - 5_folds.train_cv.predict)=82.30%
[ 2019-12-13 16:18:27,284][kfold_wrapper.log_eval_metrics] Accuracy(layer_0 - estimator_1 - 5_folds.test.predict)=80.46%
[ 2019-12-13 16:18:29,307][kfold_wrapper.log_eval_metrics] Accuracy(layer_0 - estimator_2 - 5_folds.train_0.predict)=81.94%
[ 2019-12-13 16:18:31,607][kfold_wrapper.log_eval_metrics] Accuracy(layer_0 - estimator_2 - 5_folds.train_1.predict)=84.52%
[ 2019-12-13 16:18:33,940][kfold_wrapper.log_eval_metrics] Accuracy(layer_0 - estimator_2 - 5_folds.train_2.predict)=79.35%
[ 2019-12-13 16:18:36,274][kfold_wrapper.log_eval_metrics] Accuracy(layer_0 - estimator_2 - 5_folds.train_3.predict)=81.94%
[ 2019-12-13 16:18:38,637][kfold_wrapper.log_eval_metrics] Accuracy(layer_0 - estimator_2 - 5_folds.train_4.predict)=81.82%
[ 2019-12-13 16:18:38,973][kfold_wrapper.log_eval_metrics] Accuracy(layer_0 - estimator_2 - 5_folds.train_cv.predict)=81.91%
[ 2019-12-13 16:18:38,973][kfold_wrapper.log_eval_metrics] Accuracy(layer_0 - estimator_2 - 5_folds.test.predict)=79.31%
[ 2019-12-13 16:18:38,973][cascade_classifier.calc_accuracy] Accuracy(layer_0 - train.classifier_average)=82.56%
[ 2019-12-13 16:18:38,973][cascade_classifier.calc_accuracy] Accuracy(layer_0 - test.classifier_average)=80.46%
[ 2019-12-13 16:18:38,973][cascade_classifier.fit_transform] [layer=1] look_indexs=[0], X_cur_train.shape=(774, 364), X_cur_test.shape=(87, 364)
[ 2019-12-13 16:18:40,722][kfold_wrapper.log_eval_metrics] Accuracy(layer_1 - estimator_0 - 5_folds.train_0.predict)=80.65%
[ 2019-12-13 16:18:42,465][kfold_wrapper.log_eval_metrics] Accuracy(layer_1 - estimator_0 - 5_folds.train_1.predict)=81.94%
[ 2019-12-13 16:18:44,143][kfold_wrapper.log_eval_metrics] Accuracy(layer_1 - estimator_0 - 5_folds.train_2.predict)=81.29%
[ 2019-12-13 16:18:46,016][kfold_wrapper.log_eval_metrics] Accuracy(layer_1 - estimator_0 - 5_folds.train_3.predict)=81.94%
[ 2019-12-13 16:18:47,847][kfold_wrapper.log_eval_metrics] Accuracy(layer_1 - estimator_0 - 5_folds.train_4.predict)=77.27%
[ 2019-12-13 16:18:47,847][kfold_wrapper.log_eval_metrics] Accuracy(layer_1 - estimator_0 - 5_folds.train_cv.predict)=80.62%
[ 2019-12-13 16:18:47,847][kfold_wrapper.log_eval_metrics] Accuracy(layer_1 - estimator_0 - 5_folds.test.predict)=83.91%
[ 2019-12-13 16:18:50,149][kfold_wrapper.log_eval_metrics] Accuracy(layer_1 - estimator_1 - 5_folds.train_0.predict)=83.87%
[ 2019-12-13 16:18:52,784][kfold_wrapper.log_eval_metrics] Accuracy(layer_1 - estimator_1 - 5_folds.train_1.predict)=77.42%
[ 2019-12-13 16:18:55,283][kfold_wrapper.log_eval_metrics] Accuracy(layer_1 - estimator_1 - 5_folds.train_2.predict)=85.81%
[ 2019-12-13 16:18:57,777][kfold_wrapper.log_eval_metrics] Accuracy(layer_1 - estimator_1 - 5_folds.train_3.predict)=82.58%
[ 2019-12-13 16:19:00,278][kfold_wrapper.log_eval_metrics] Accuracy(layer_1 - estimator_1 - 5_folds.train_4.predict)=77.92%
[ 2019-12-13 16:19:00,592][kfold_wrapper.log_eval_metrics] Accuracy(layer_1 - estimator_1 - 5_folds.train_cv.predict)=81.52%
[ 2019-12-13 16:19:00,599][kfold_wrapper.log_eval_metrics] Accuracy(layer_1 - estimator_1 - 5_folds.test.predict)=83.91%
[ 2019-12-13 16:19:02,617][kfold_wrapper.log_eval_metrics] Accuracy(layer_1 - estimator_2 - 5_folds.train_0.predict)=78.06%
[ 2019-12-13 16:19:04,952][kfold_wrapper.log_eval_metrics] Accuracy(layer_1 - estimator_2 - 5_folds.train_1.predict)=86.45%
[ 2019-12-13 16:19:07,320][kfold_wrapper.log_eval_metrics] Accuracy(layer_1 - estimator_2 - 5_folds.train_2.predict)=81.94%
[ 2019-12-13 16:19:09,662][kfold_wrapper.log_eval_metrics] Accuracy(layer_1 - estimator_2 - 5_folds.train_3.predict)=81.29%
[ 2019-12-13 16:19:12,028][kfold_wrapper.log_eval_metrics] Accuracy(layer_1 - estimator_2 - 5_folds.train_4.predict)=84.42%
[ 2019-12-13 16:19:12,359][kfold_wrapper.log_eval_metrics] Accuracy(layer_1 - estimator_2 - 5_folds.train_cv.predict)=82.43%
[ 2019-12-13 16:19:12,360][kfold_wrapper.log_eval_metrics] Accuracy(layer_1 - estimator_2 - 5_folds.test.predict)=82.76%
[ 2019-12-13 16:19:12,360][cascade_classifier.calc_accuracy] Accuracy(layer_1 - train.classifier_average)=81.52%
[ 2019-12-13 16:19:12,360][cascade_classifier.calc_accuracy] Accuracy(layer_1 - test.classifier_average)=83.91%
[ 2019-12-13 16:19:12,362][cascade_classifier.fit_transform] [layer=2] look_indexs=[0], X_cur_train.shape=(774, 364), X_cur_test.shape=(87, 364)
[ 2019-12-13 16:19:14,189][kfold_wrapper.log_eval_metrics] Accuracy(layer_2 - estimator_0 - 5_folds.train_0.predict)=79.35%
[ 2019-12-13 16:19:15,998][kfold_wrapper.log_eval_metrics] Accuracy(layer_2 - estimator_0 - 5_folds.train_1.predict)=83.23%
[ 2019-12-13 16:19:17,676][kfold_wrapper.log_eval_metrics] Accuracy(layer_2 - estimator_0 - 5_folds.train_2.predict)=81.94%
[ 2019-12-13 16:19:19,443][kfold_wrapper.log_eval_metrics] Accuracy(layer_2 - estimator_0 - 5_folds.train_3.predict)=84.52%
[ 2019-12-13 16:19:21,329][kfold_wrapper.log_eval_metrics] Accuracy(layer_2 - estimator_0 - 5_folds.train_4.predict)=75.32%
[ 2019-12-13 16:19:21,344][kfold_wrapper.log_eval_metrics] Accuracy(layer_2 - estimator_0 - 5_folds.train_cv.predict)=80.88%
[ 2019-12-13 16:19:21,344][kfold_wrapper.log_eval_metrics] Accuracy(layer_2 - estimator_0 - 5_folds.test.predict)=82.76%
[ 2019-12-13 16:19:23,588][kfold_wrapper.log_eval_metrics] Accuracy(layer_2 - estimator_1 - 5_folds.train_0.predict)=80.65%
[ 2019-12-13 16:19:26,232][kfold_wrapper.log_eval_metrics] Accuracy(layer_2 - estimator_1 - 5_folds.train_1.predict)=82.58%
[ 2019-12-13 16:19:28,845][kfold_wrapper.log_eval_metrics] Accuracy(layer_2 - estimator_1 - 5_folds.train_2.predict)=83.87%
[ 2019-12-13 16:19:31,368][kfold_wrapper.log_eval_metrics] Accuracy(layer_2 - estimator_1 - 5_folds.train_3.predict)=81.29%
[ 2019-12-13 16:19:33,942][kfold_wrapper.log_eval_metrics] Accuracy(layer_2 - estimator_1 - 5_folds.train_4.predict)=80.52%
[ 2019-12-13 16:19:34,278][kfold_wrapper.log_eval_metrics] Accuracy(layer_2 - estimator_1 - 5_folds.train_cv.predict)=81.78%
[ 2019-12-13 16:19:34,278][kfold_wrapper.log_eval_metrics] Accuracy(layer_2 - estimator_1 - 5_folds.test.predict)=83.91%
[ 2019-12-13 16:19:36,299][kfold_wrapper.log_eval_metrics] Accuracy(layer_2 - estimator_2 - 5_folds.train_0.predict)=81.94%
[ 2019-12-13 16:19:38,648][kfold_wrapper.log_eval_metrics] Accuracy(layer_2 - estimator_2 - 5_folds.train_1.predict)=83.87%
[ 2019-12-13 16:19:40,974][kfold_wrapper.log_eval_metrics] Accuracy(layer_2 - estimator_2 - 5_folds.train_2.predict)=80.65%
[ 2019-12-13 16:19:43,321][kfold_wrapper.log_eval_metrics] Accuracy(layer_2 - estimator_2 - 5_folds.train_3.predict)=80.65%
[ 2019-12-13 16:19:45,675][kfold_wrapper.log_eval_metrics] Accuracy(layer_2 - estimator_2 - 5_folds.train_4.predict)=80.52%
[ 2019-12-13 16:19:45,999][kfold_wrapper.log_eval_metrics] Accuracy(layer_2 - estimator_2 - 5_folds.train_cv.predict)=81.52%
[ 2019-12-13 16:19:45,999][kfold_wrapper.log_eval_metrics] Accuracy(layer_2 - estimator_2 - 5_folds.test.predict)=82.76%
[ 2019-12-13 16:19:45,999][cascade_classifier.calc_accuracy] Accuracy(layer_2 - train.classifier_average)=81.40%
[ 2019-12-13 16:19:45,999][cascade_classifier.calc_accuracy] Accuracy(layer_2 - test.classifier_average)=83.91%
[ 2019-12-13 16:19:45,999][cascade_classifier.fit_transform] [layer=3] look_indexs=[0], X_cur_train.shape=(774, 364), X_cur_test.shape=(87, 364)
[ 2019-12-13 16:19:47,693][kfold_wrapper.log_eval_metrics] Accuracy(layer_3 - estimator_0 - 5_folds.train_0.predict)=83.23%
[ 2019-12-13 16:19:49,431][kfold_wrapper.log_eval_metrics] Accuracy(layer_3 - estimator_0 - 5_folds.train_1.predict)=81.29%
[ 2019-12-13 16:19:51,165][kfold_wrapper.log_eval_metrics] Accuracy(layer_3 - estimator_0 - 5_folds.train_2.predict)=78.71%
[ 2019-12-13 16:19:52,849][kfold_wrapper.log_eval_metrics] Accuracy(layer_3 - estimator_0 - 5_folds.train_3.predict)=85.16%
[ 2019-12-13 16:19:54,599][kfold_wrapper.log_eval_metrics] Accuracy(layer_3 - estimator_0 - 5_folds.train_4.predict)=81.17%
[ 2019-12-13 16:19:54,601][kfold_wrapper.log_eval_metrics] Accuracy(layer_3 - estimator_0 - 5_folds.train_cv.predict)=81.91%
[ 2019-12-13 16:19:54,601][kfold_wrapper.log_eval_metrics] Accuracy(layer_3 - estimator_0 - 5_folds.test.predict)=81.61%
[ 2019-12-13 16:19:56,813][kfold_wrapper.log_eval_metrics] Accuracy(layer_3 - estimator_1 - 5_folds.train_0.predict)=81.94%
[ 2019-12-13 16:19:59,536][kfold_wrapper.log_eval_metrics] Accuracy(layer_3 - estimator_1 - 5_folds.train_1.predict)=83.23%
[ 2019-12-13 16:20:02,188][kfold_wrapper.log_eval_metrics] Accuracy(layer_3 - estimator_1 - 5_folds.train_2.predict)=80.65%
[ 2019-12-13 16:20:04,828][kfold_wrapper.log_eval_metrics] Accuracy(layer_3 - estimator_1 - 5_folds.train_3.predict)=82.58%
[ 2019-12-13 16:20:07,460][kfold_wrapper.log_eval_metrics] Accuracy(layer_3 - estimator_1 - 5_folds.train_4.predict)=77.92%
[ 2019-12-13 16:20:07,792][kfold_wrapper.log_eval_metrics] Accuracy(layer_3 - estimator_1 - 5_folds.train_cv.predict)=81.27%
[ 2019-12-13 16:20:07,792][kfold_wrapper.log_eval_metrics] Accuracy(layer_3 - estimator_1 - 5_folds.test.predict)=81.61%
[ 2019-12-13 16:20:09,783][kfold_wrapper.log_eval_metrics] Accuracy(layer_3 - estimator_2 - 5_folds.train_0.predict)=79.35%
[ 2019-12-13 16:20:12,107][kfold_wrapper.log_eval_metrics] Accuracy(layer_3 - estimator_2 - 5_folds.train_1.predict)=79.35%
[ 2019-12-13 16:20:14,467][kfold_wrapper.log_eval_metrics] Accuracy(layer_3 - estimator_2 - 5_folds.train_2.predict)=84.52%
[ 2019-12-13 16:20:16,840][kfold_wrapper.log_eval_metrics] Accuracy(layer_3 - estimator_2 - 5_folds.train_3.predict)=78.71%
[ 2019-12-13 16:20:19,204][kfold_wrapper.log_eval_metrics] Accuracy(layer_3 - estimator_2 - 5_folds.train_4.predict)=83.77%
[ 2019-12-13 16:20:19,532][kfold_wrapper.log_eval_metrics] Accuracy(layer_3 - estimator_2 - 5_folds.train_cv.predict)=81.14%
[ 2019-12-13 16:20:19,532][kfold_wrapper.log_eval_metrics] Accuracy(layer_3 - estimator_2 - 5_folds.test.predict)=82.76%
[ 2019-12-13 16:20:19,532][cascade_classifier.calc_accuracy] Accuracy(layer_3 - train.classifier_average)=82.56%
[ 2019-12-13 16:20:19,532][cascade_classifier.calc_accuracy] Accuracy(layer_3 - test.classifier_average)=82.76%
[ 2019-12-13 16:20:19,532][cascade_classifier.fit_transform] [layer=4] look_indexs=[0], X_cur_train.shape=(774, 364), X_cur_test.shape=(87, 364)
[ 2019-12-13 16:20:21,272][kfold_wrapper.log_eval_metrics] Accuracy(layer_4 - estimator_0 - 5_folds.train_0.predict)=83.87%
[ 2019-12-13 16:20:22,924][kfold_wrapper.log_eval_metrics] Accuracy(layer_4 - estimator_0 - 5_folds.train_1.predict)=80.65%
[ 2019-12-13 16:20:24,660][kfold_wrapper.log_eval_metrics] Accuracy(layer_4 - estimator_0 - 5_folds.train_2.predict)=78.71%
[ 2019-12-13 16:20:26,369][kfold_wrapper.log_eval_metrics] Accuracy(layer_4 - estimator_0 - 5_folds.train_3.predict)=76.77%
[ 2019-12-13 16:20:28,250][kfold_wrapper.log_eval_metrics] Accuracy(layer_4 - estimator_0 - 5_folds.train_4.predict)=83.12%
[ 2019-12-13 16:20:28,250][kfold_wrapper.log_eval_metrics] Accuracy(layer_4 - estimator_0 - 5_folds.train_cv.predict)=80.62%
[ 2019-12-13 16:20:28,250][kfold_wrapper.log_eval_metrics] Accuracy(layer_4 - estimator_0 - 5_folds.test.predict)=81.61%
[ 2019-12-13 16:20:30,620][kfold_wrapper.log_eval_metrics] Accuracy(layer_4 - estimator_1 - 5_folds.train_0.predict)=82.58%
[ 2019-12-13 16:20:33,196][kfold_wrapper.log_eval_metrics] Accuracy(layer_4 - estimator_1 - 5_folds.train_1.predict)=81.29%
[ 2019-12-13 16:20:35,827][kfold_wrapper.log_eval_metrics] Accuracy(layer_4 - estimator_1 - 5_folds.train_2.predict)=79.35%
[ 2019-12-13 16:20:38,305][kfold_wrapper.log_eval_metrics] Accuracy(layer_4 - estimator_1 - 5_folds.train_3.predict)=82.58%
[ 2019-12-13 16:20:41,015][kfold_wrapper.log_eval_metrics] Accuracy(layer_4 - estimator_1 - 5_folds.train_4.predict)=81.17%
[ 2019-12-13 16:20:41,354][kfold_wrapper.log_eval_metrics] Accuracy(layer_4 - estimator_1 - 5_folds.train_cv.predict)=81.40%
[ 2019-12-13 16:20:41,354][kfold_wrapper.log_eval_metrics] Accuracy(layer_4 - estimator_1 - 5_folds.test.predict)=81.61%
[ 2019-12-13 16:20:43,357][kfold_wrapper.log_eval_metrics] Accuracy(layer_4 - estimator_2 - 5_folds.train_0.predict)=83.23%
[ 2019-12-13 16:20:45,723][kfold_wrapper.log_eval_metrics] Accuracy(layer_4 - estimator_2 - 5_folds.train_1.predict)=83.23%
[ 2019-12-13 16:20:48,044][kfold_wrapper.log_eval_metrics] Accuracy(layer_4 - estimator_2 - 5_folds.train_2.predict)=81.29%
[ 2019-12-13 16:20:50,379][kfold_wrapper.log_eval_metrics] Accuracy(layer_4 - estimator_2 - 5_folds.train_3.predict)=85.81%
[ 2019-12-13 16:20:52,757][kfold_wrapper.log_eval_metrics] Accuracy(layer_4 - estimator_2 - 5_folds.train_4.predict)=76.62%
[ 2019-12-13 16:20:53,085][kfold_wrapper.log_eval_metrics] Accuracy(layer_4 - estimator_2 - 5_folds.train_cv.predict)=82.04%
[ 2019-12-13 16:20:53,086][kfold_wrapper.log_eval_metrics] Accuracy(layer_4 - estimator_2 - 5_folds.test.predict)=81.61%
[ 2019-12-13 16:20:53,086][cascade_classifier.calc_accuracy] Accuracy(layer_4 - train.classifier_average)=80.62%
[ 2019-12-13 16:20:53,086][cascade_classifier.calc_accuracy] Accuracy(layer_4 - test.classifier_average)=82.76%
[ 2019-12-13 16:20:53,089][cascade_classifier.fit_transform] [layer=5] look_indexs=[0], X_cur_train.shape=(774, 364), X_cur_test.shape=(87, 364)
[ 2019-12-13 16:20:54,837][kfold_wrapper.log_eval_metrics] Accuracy(layer_5 - estimator_0 - 5_folds.train_0.predict)=77.42%
[ 2019-12-13 16:20:56,661][kfold_wrapper.log_eval_metrics] Accuracy(layer_5 - estimator_0 - 5_folds.train_1.predict)=82.58%
[ 2019-12-13 16:20:58,337][kfold_wrapper.log_eval_metrics] Accuracy(layer_5 - estimator_0 - 5_folds.train_2.predict)=78.06%
[ 2019-12-13 16:21:00,099][kfold_wrapper.log_eval_metrics] Accuracy(layer_5 - estimator_0 - 5_folds.train_3.predict)=86.45%
[ 2019-12-13 16:21:01,813][kfold_wrapper.log_eval_metrics] Accuracy(layer_5 - estimator_0 - 5_folds.train_4.predict)=80.52%
[ 2019-12-13 16:21:01,813][kfold_wrapper.log_eval_metrics] Accuracy(layer_5 - estimator_0 - 5_folds.train_cv.predict)=81.01%
[ 2019-12-13 16:21:01,813][kfold_wrapper.log_eval_metrics] Accuracy(layer_5 - estimator_0 - 5_folds.test.predict)=83.91%
[ 2019-12-13 16:21:04,234][kfold_wrapper.log_eval_metrics] Accuracy(layer_5 - estimator_1 - 5_folds.train_0.predict)=85.16%
[ 2019-12-13 16:21:06,909][kfold_wrapper.log_eval_metrics] Accuracy(layer_5 - estimator_1 - 5_folds.train_1.predict)=85.81%
[ 2019-12-13 16:21:09,676][kfold_wrapper.log_eval_metrics] Accuracy(layer_5 - estimator_1 - 5_folds.train_2.predict)=81.94%
[ 2019-12-13 16:21:12,629][kfold_wrapper.log_eval_metrics] Accuracy(layer_5 - estimator_1 - 5_folds.train_3.predict)=80.65%
[ 2019-12-13 16:21:15,392][kfold_wrapper.log_eval_metrics] Accuracy(layer_5 - estimator_1 - 5_folds.train_4.predict)=79.87%
[ 2019-12-13 16:21:15,700][kfold_wrapper.log_eval_metrics] Accuracy(layer_5 - estimator_1 - 5_folds.train_cv.predict)=82.69%
[ 2019-12-13 16:21:15,701][kfold_wrapper.log_eval_metrics] Accuracy(layer_5 - estimator_1 - 5_folds.test.predict)=81.61%
[ 2019-12-13 16:21:17,855][kfold_wrapper.log_eval_metrics] Accuracy(layer_5 - estimator_2 - 5_folds.train_0.predict)=83.23%
[ 2019-12-13 16:21:20,462][kfold_wrapper.log_eval_metrics] Accuracy(layer_5 - estimator_2 - 5_folds.train_1.predict)=82.58%
[ 2019-12-13 16:21:22,938][kfold_wrapper.log_eval_metrics] Accuracy(layer_5 - estimator_2 - 5_folds.train_2.predict)=80.65%
[ 2019-12-13 16:21:25,451][kfold_wrapper.log_eval_metrics] Accuracy(layer_5 - estimator_2 - 5_folds.train_3.predict)=78.71%
[ 2019-12-13 16:21:28,150][kfold_wrapper.log_eval_metrics] Accuracy(layer_5 - estimator_2 - 5_folds.train_4.predict)=83.12%
[ 2019-12-13 16:21:28,485][kfold_wrapper.log_eval_metrics] Accuracy(layer_5 - estimator_2 - 5_folds.train_cv.predict)=81.65%
[ 2019-12-13 16:21:28,485][kfold_wrapper.log_eval_metrics] Accuracy(layer_5 - estimator_2 - 5_folds.test.predict)=82.76%
[ 2019-12-13 16:21:28,485][cascade_classifier.calc_accuracy] Accuracy(layer_5 - train.classifier_average)=81.27%
[ 2019-12-13 16:21:28,485][cascade_classifier.calc_accuracy] Accuracy(layer_5 - test.classifier_average)=83.91%
[ 2019-12-13 16:21:28,485][cascade_classifier.fit_transform] [Result][Optimal Level Detected] opt_layer_num=1, accuracy_train=82.56%, accuracy_test=80.46%
[ 2019-12-13 16:21:28,561][cascade_classifier.transform] X_groups_test.shape=[(87, 358)]
[ 2019-12-13 16:21:28,561][cascade_classifier.transform] group_dims=[358]
[ 2019-12-13 16:21:28,562][cascade_classifier.transform] X_test.shape=(87, 358)
[ 2019-12-13 16:21:28,562][cascade_classifier.transform] [layer=0] look_indexs=[0], X_cur_test.shape=(87, 358)
[ 2019-12-13 16:21:31,878][cascade_classifier.transform] X_groups_test.shape=[(87, 358)]
[ 2019-12-13 16:21:31,878][cascade_classifier.transform] group_dims=[358]
[ 2019-12-13 16:21:31,878][cascade_classifier.transform] X_test.shape=(87, 358)
[ 2019-12-13 16:21:31,878][cascade_classifier.transform] [layer=0] look_indexs=[0], X_cur_test.shape=(87, 358)
[ 2019-12-13 16:21:35,207][cascade_classifier.fit_transform] X_groups_train.shape=[(774, 358)],y_train.shape=(774,),X_groups_test.shape=[(87, 358)],y_test.shape=(87,)
[ 2019-12-13 16:21:35,207][cascade_classifier.fit_transform] group_dims=[358]
[ 2019-12-13 16:21:35,207][cascade_classifier.fit_transform] group_starts=[0]
[ 2019-12-13 16:21:35,207][cascade_classifier.fit_transform] group_ends=[358]
[ 2019-12-13 16:21:35,207][cascade_classifier.fit_transform] X_train.shape=(774, 358),X_test.shape=(87, 358)
[ 2019-12-13 16:21:35,207][cascade_classifier.fit_transform] [layer=0] look_indexs=[0], X_cur_train.shape=(774, 358), X_cur_test.shape=(87, 358)
[ 2019-12-13 16:21:36,805][kfold_wrapper.log_eval_metrics] Accuracy(layer_0 - estimator_0 - 5_folds.train_0.predict)=83.97%
[ 2019-12-13 16:21:38,616][kfold_wrapper.log_eval_metrics] Accuracy(layer_0 - estimator_0 - 5_folds.train_1.predict)=78.21%
[ 2019-12-13 16:21:40,362][kfold_wrapper.log_eval_metrics] Accuracy(layer_0 - estimator_0 - 5_folds.train_2.predict)=85.71%
[ 2019-12-13 16:21:42,072][kfold_wrapper.log_eval_metrics] Accuracy(layer_0 - estimator_0 - 5_folds.train_3.predict)=82.47%
[ 2019-12-13 16:21:43,740][kfold_wrapper.log_eval_metrics] Accuracy(layer_0 - estimator_0 - 5_folds.train_4.predict)=78.57%
[ 2019-12-13 16:21:43,755][kfold_wrapper.log_eval_metrics] Accuracy(layer_0 - estimator_0 - 5_folds.train_cv.predict)=81.78%
[ 2019-12-13 16:21:43,755][kfold_wrapper.log_eval_metrics] Accuracy(layer_0 - estimator_0 - 5_folds.test.predict)=75.86%
[ 2019-12-13 16:21:46,297][kfold_wrapper.log_eval_metrics] Accuracy(layer_0 - estimator_1 - 5_folds.train_0.predict)=80.77%
[ 2019-12-13 16:21:49,013][kfold_wrapper.log_eval_metrics] Accuracy(layer_0 - estimator_1 - 5_folds.train_1.predict)=83.97%
[ 2019-12-13 16:21:51,645][kfold_wrapper.log_eval_metrics] Accuracy(layer_0 - estimator_1 - 5_folds.train_2.predict)=83.12%
[ 2019-12-13 16:21:54,209][kfold_wrapper.log_eval_metrics] Accuracy(layer_0 - estimator_1 - 5_folds.train_3.predict)=75.97%
[ 2019-12-13 16:21:56,800][kfold_wrapper.log_eval_metrics] Accuracy(layer_0 - estimator_1 - 5_folds.train_4.predict)=85.71%
[ 2019-12-13 16:21:57,117][kfold_wrapper.log_eval_metrics] Accuracy(layer_0 - estimator_1 - 5_folds.train_cv.predict)=81.91%
[ 2019-12-13 16:21:57,117][kfold_wrapper.log_eval_metrics] Accuracy(layer_0 - estimator_1 - 5_folds.test.predict)=78.16%
[ 2019-12-13 16:21:59,084][kfold_wrapper.log_eval_metrics] Accuracy(layer_0 - estimator_2 - 5_folds.train_0.predict)=86.54%
[ 2019-12-13 16:22:01,399][kfold_wrapper.log_eval_metrics] Accuracy(layer_0 - estimator_2 - 5_folds.train_1.predict)=80.77%
[ 2019-12-13 16:22:03,736][kfold_wrapper.log_eval_metrics] Accuracy(layer_0 - estimator_2 - 5_folds.train_2.predict)=79.22%
[ 2019-12-13 16:22:06,078][kfold_wrapper.log_eval_metrics] Accuracy(layer_0 - estimator_2 - 5_folds.train_3.predict)=83.12%
[ 2019-12-13 16:22:08,418][kfold_wrapper.log_eval_metrics] Accuracy(layer_0 - estimator_2 - 5_folds.train_4.predict)=79.87%
[ 2019-12-13 16:22:08,738][kfold_wrapper.log_eval_metrics] Accuracy(layer_0 - estimator_2 - 5_folds.train_cv.predict)=81.91%
[ 2019-12-13 16:22:08,738][kfold_wrapper.log_eval_metrics] Accuracy(layer_0 - estimator_2 - 5_folds.test.predict)=79.31%
[ 2019-12-13 16:22:08,738][cascade_classifier.calc_accuracy] Accuracy(layer_0 - train.classifier_average)=81.65%
[ 2019-12-13 16:22:08,738][cascade_classifier.calc_accuracy] Accuracy(layer_0 - test.classifier_average)=77.01%
[ 2019-12-13 16:22:08,738][cascade_classifier.fit_transform] [layer=1] look_indexs=[0], X_cur_train.shape=(774, 364), X_cur_test.shape=(87, 364)
[ 2019-12-13 16:22:10,396][kfold_wrapper.log_eval_metrics] Accuracy(layer_1 - estimator_0 - 5_folds.train_0.predict)=82.05%
[ 2019-12-13 16:22:12,108][kfold_wrapper.log_eval_metrics] Accuracy(layer_1 - estimator_0 - 5_folds.train_1.predict)=83.33%
[ 2019-12-13 16:22:13,782][kfold_wrapper.log_eval_metrics] Accuracy(layer_1 - estimator_0 - 5_folds.train_2.predict)=78.57%
[ 2019-12-13 16:22:15,534][kfold_wrapper.log_eval_metrics] Accuracy(layer_1 - estimator_0 - 5_folds.train_3.predict)=88.31%
[ 2019-12-13 16:22:17,183][kfold_wrapper.log_eval_metrics] Accuracy(layer_1 - estimator_0 - 5_folds.train_4.predict)=77.92%
[ 2019-12-13 16:22:17,183][kfold_wrapper.log_eval_metrics] Accuracy(layer_1 - estimator_0 - 5_folds.train_cv.predict)=82.04%
[ 2019-12-13 16:22:17,183][kfold_wrapper.log_eval_metrics] Accuracy(layer_1 - estimator_0 - 5_folds.test.predict)=80.46%
[ 2019-12-13 16:22:19,467][kfold_wrapper.log_eval_metrics] Accuracy(layer_1 - estimator_1 - 5_folds.train_0.predict)=84.62%
[ 2019-12-13 16:22:22,050][kfold_wrapper.log_eval_metrics] Accuracy(layer_1 - estimator_1 - 5_folds.train_1.predict)=82.05%
[ 2019-12-13 16:22:24,674][kfold_wrapper.log_eval_metrics] Accuracy(layer_1 - estimator_1 - 5_folds.train_2.predict)=84.42%
[ 2019-12-13 16:22:27,247][kfold_wrapper.log_eval_metrics] Accuracy(layer_1 - estimator_1 - 5_folds.train_3.predict)=83.77%
[ 2019-12-13 16:22:29,836][kfold_wrapper.log_eval_metrics] Accuracy(layer_1 - estimator_1 - 5_folds.train_4.predict)=80.52%
[ 2019-12-13 16:22:30,179][kfold_wrapper.log_eval_metrics] Accuracy(layer_1 - estimator_1 - 5_folds.train_cv.predict)=83.07%
[ 2019-12-13 16:22:30,179][kfold_wrapper.log_eval_metrics] Accuracy(layer_1 - estimator_1 - 5_folds.test.predict)=79.31%
[ 2019-12-13 16:22:32,180][kfold_wrapper.log_eval_metrics] Accuracy(layer_1 - estimator_2 - 5_folds.train_0.predict)=84.62%
[ 2019-12-13 16:22:34,516][kfold_wrapper.log_eval_metrics] Accuracy(layer_1 - estimator_2 - 5_folds.train_1.predict)=82.69%
[ 2019-12-13 16:22:36,850][kfold_wrapper.log_eval_metrics] Accuracy(layer_1 - estimator_2 - 5_folds.train_2.predict)=79.87%
[ 2019-12-13 16:22:39,218][kfold_wrapper.log_eval_metrics] Accuracy(layer_1 - estimator_2 - 5_folds.train_3.predict)=85.06%
[ 2019-12-13 16:22:41,566][kfold_wrapper.log_eval_metrics] Accuracy(layer_1 - estimator_2 - 5_folds.train_4.predict)=81.17%
[ 2019-12-13 16:22:41,900][kfold_wrapper.log_eval_metrics] Accuracy(layer_1 - estimator_2 - 5_folds.train_cv.predict)=82.69%
[ 2019-12-13 16:22:41,900][kfold_wrapper.log_eval_metrics] Accuracy(layer_1 - estimator_2 - 5_folds.test.predict)=80.46%
[ 2019-12-13 16:22:41,900][cascade_classifier.calc_accuracy] Accuracy(layer_1 - train.classifier_average)=82.43%
[ 2019-12-13 16:22:41,900][cascade_classifier.calc_accuracy] Accuracy(layer_1 - test.classifier_average)=80.46%
[ 2019-12-13 16:22:41,900][cascade_classifier.fit_transform] [layer=2] look_indexs=[0], X_cur_train.shape=(774, 364), X_cur_test.shape=(87, 364)
[ 2019-12-13 16:22:43,584][kfold_wrapper.log_eval_metrics] Accuracy(layer_2 - estimator_0 - 5_folds.train_0.predict)=80.13%
[ 2019-12-13 16:22:45,299][kfold_wrapper.log_eval_metrics] Accuracy(layer_2 - estimator_0 - 5_folds.train_1.predict)=82.05%
[ 2019-12-13 16:22:46,973][kfold_wrapper.log_eval_metrics] Accuracy(layer_2 - estimator_0 - 5_folds.train_2.predict)=81.82%
[ 2019-12-13 16:22:48,599][kfold_wrapper.log_eval_metrics] Accuracy(layer_2 - estimator_0 - 5_folds.train_3.predict)=83.12%
[ 2019-12-13 16:22:50,269][kfold_wrapper.log_eval_metrics] Accuracy(layer_2 - estimator_0 - 5_folds.train_4.predict)=76.62%
[ 2019-12-13 16:22:50,269][kfold_wrapper.log_eval_metrics] Accuracy(layer_2 - estimator_0 - 5_folds.train_cv.predict)=80.75%
[ 2019-12-13 16:22:50,269][kfold_wrapper.log_eval_metrics] Accuracy(layer_2 - estimator_0 - 5_folds.test.predict)=78.16%
[ 2019-12-13 16:22:52,529][kfold_wrapper.log_eval_metrics] Accuracy(layer_2 - estimator_1 - 5_folds.train_0.predict)=85.26%
[ 2019-12-13 16:22:55,115][kfold_wrapper.log_eval_metrics] Accuracy(layer_2 - estimator_1 - 5_folds.train_1.predict)=80.13%
[ 2019-12-13 16:22:57,998][kfold_wrapper.log_eval_metrics] Accuracy(layer_2 - estimator_1 - 5_folds.train_2.predict)=82.47%
[ 2019-12-13 16:23:00,551][kfold_wrapper.log_eval_metrics] Accuracy(layer_2 - estimator_1 - 5_folds.train_3.predict)=76.62%
[ 2019-12-13 16:23:03,151][kfold_wrapper.log_eval_metrics] Accuracy(layer_2 - estimator_1 - 5_folds.train_4.predict)=87.01%
[ 2019-12-13 16:23:03,465][kfold_wrapper.log_eval_metrics] Accuracy(layer_2 - estimator_1 - 5_folds.train_cv.predict)=82.30%
[ 2019-12-13 16:23:03,466][kfold_wrapper.log_eval_metrics] Accuracy(layer_2 - estimator_1 - 5_folds.test.predict)=78.16%
[ 2019-12-13 16:23:05,549][kfold_wrapper.log_eval_metrics] Accuracy(layer_2 - estimator_2 - 5_folds.train_0.predict)=82.69%
[ 2019-12-13 16:23:07,971][kfold_wrapper.log_eval_metrics] Accuracy(layer_2 - estimator_2 - 5_folds.train_1.predict)=80.13%
[ 2019-12-13 16:23:10,283][kfold_wrapper.log_eval_metrics] Accuracy(layer_2 - estimator_2 - 5_folds.train_2.predict)=77.27%
[ 2019-12-13 16:23:12,601][kfold_wrapper.log_eval_metrics] Accuracy(layer_2 - estimator_2 - 5_folds.train_3.predict)=82.47%
[ 2019-12-13 16:23:14,920][kfold_wrapper.log_eval_metrics] Accuracy(layer_2 - estimator_2 - 5_folds.train_4.predict)=88.31%
[ 2019-12-13 16:23:15,268][kfold_wrapper.log_eval_metrics] Accuracy(layer_2 - estimator_2 - 5_folds.train_cv.predict)=82.17%
[ 2019-12-13 16:23:15,268][kfold_wrapper.log_eval_metrics] Accuracy(layer_2 - estimator_2 - 5_folds.test.predict)=80.46%
[ 2019-12-13 16:23:15,268][cascade_classifier.calc_accuracy] Accuracy(layer_2 - train.classifier_average)=81.40%
[ 2019-12-13 16:23:15,269][cascade_classifier.calc_accuracy] Accuracy(layer_2 - test.classifier_average)=78.16%
[ 2019-12-13 16:23:15,270][cascade_classifier.fit_transform] [layer=3] look_indexs=[0], X_cur_train.shape=(774, 364), X_cur_test.shape=(87, 364)
[ 2019-12-13 16:23:16,962][kfold_wrapper.log_eval_metrics] Accuracy(layer_3 - estimator_0 - 5_folds.train_0.predict)=78.21%
[ 2019-12-13 16:23:18,634][kfold_wrapper.log_eval_metrics] Accuracy(layer_3 - estimator_0 - 5_folds.train_1.predict)=75.00%
[ 2019-12-13 16:23:20,299][kfold_wrapper.log_eval_metrics] Accuracy(layer_3 - estimator_0 - 5_folds.train_2.predict)=79.87%
[ 2019-12-13 16:23:21,952][kfold_wrapper.log_eval_metrics] Accuracy(layer_3 - estimator_0 - 5_folds.train_3.predict)=82.47%
[ 2019-12-13 16:23:23,642][kfold_wrapper.log_eval_metrics] Accuracy(layer_3 - estimator_0 - 5_folds.train_4.predict)=83.12%
[ 2019-12-13 16:23:23,643][kfold_wrapper.log_eval_metrics] Accuracy(layer_3 - estimator_0 - 5_folds.train_cv.predict)=79.72%
[ 2019-12-13 16:23:23,644][kfold_wrapper.log_eval_metrics] Accuracy(layer_3 - estimator_0 - 5_folds.test.predict)=77.01%
[ 2019-12-13 16:23:25,886][kfold_wrapper.log_eval_metrics] Accuracy(layer_3 - estimator_1 - 5_folds.train_0.predict)=85.26%
[ 2019-12-13 16:23:28,486][kfold_wrapper.log_eval_metrics] Accuracy(layer_3 - estimator_1 - 5_folds.train_1.predict)=79.49%
[ 2019-12-13 16:23:31,067][kfold_wrapper.log_eval_metrics] Accuracy(layer_3 - estimator_1 - 5_folds.train_2.predict)=79.22%
[ 2019-12-13 16:23:33,687][kfold_wrapper.log_eval_metrics] Accuracy(layer_3 - estimator_1 - 5_folds.train_3.predict)=86.36%
[ 2019-12-13 16:23:36,232][kfold_wrapper.log_eval_metrics] Accuracy(layer_3 - estimator_1 - 5_folds.train_4.predict)=75.32%
[ 2019-12-13 16:23:36,552][kfold_wrapper.log_eval_metrics] Accuracy(layer_3 - estimator_1 - 5_folds.train_cv.predict)=81.14%
[ 2019-12-13 16:23:36,553][kfold_wrapper.log_eval_metrics] Accuracy(layer_3 - estimator_1 - 5_folds.test.predict)=78.16%
[ 2019-12-13 16:23:38,635][kfold_wrapper.log_eval_metrics] Accuracy(layer_3 - estimator_2 - 5_folds.train_0.predict)=80.13%
[ 2019-12-13 16:23:40,941][kfold_wrapper.log_eval_metrics] Accuracy(layer_3 - estimator_2 - 5_folds.train_1.predict)=80.77%
[ 2019-12-13 16:23:43,373][kfold_wrapper.log_eval_metrics] Accuracy(layer_3 - estimator_2 - 5_folds.train_2.predict)=82.47%
[ 2019-12-13 16:23:46,575][kfold_wrapper.log_eval_metrics] Accuracy(layer_3 - estimator_2 - 5_folds.train_3.predict)=85.06%
[ 2019-12-13 16:23:49,348][kfold_wrapper.log_eval_metrics] Accuracy(layer_3 - estimator_2 - 5_folds.train_4.predict)=81.17%
[ 2019-12-13 16:23:49,672][kfold_wrapper.log_eval_metrics] Accuracy(layer_3 - estimator_2 - 5_folds.train_cv.predict)=81.91%
[ 2019-12-13 16:23:49,672][kfold_wrapper.log_eval_metrics] Accuracy(layer_3 - estimator_2 - 5_folds.test.predict)=79.31%
[ 2019-12-13 16:23:49,673][cascade_classifier.calc_accuracy] Accuracy(layer_3 - train.classifier_average)=81.27%
[ 2019-12-13 16:23:49,673][cascade_classifier.calc_accuracy] Accuracy(layer_3 - test.classifier_average)=78.16%
[ 2019-12-13 16:23:49,675][cascade_classifier.fit_transform] [layer=4] look_indexs=[0], X_cur_train.shape=(774, 364), X_cur_test.shape=(87, 364)
[ 2019-12-13 16:23:51,477][kfold_wrapper.log_eval_metrics] Accuracy(layer_4 - estimator_0 - 5_folds.train_0.predict)=83.33%
[ 2019-12-13 16:23:53,156][kfold_wrapper.log_eval_metrics] Accuracy(layer_4 - estimator_0 - 5_folds.train_1.predict)=80.77%
[ 2019-12-13 16:23:54,905][kfold_wrapper.log_eval_metrics] Accuracy(layer_4 - estimator_0 - 5_folds.train_2.predict)=81.17%
[ 2019-12-13 16:23:56,533][kfold_wrapper.log_eval_metrics] Accuracy(layer_4 - estimator_0 - 5_folds.train_3.predict)=77.92%
[ 2019-12-13 16:23:58,249][kfold_wrapper.log_eval_metrics] Accuracy(layer_4 - estimator_0 - 5_folds.train_4.predict)=86.36%
[ 2019-12-13 16:23:58,249][kfold_wrapper.log_eval_metrics] Accuracy(layer_4 - estimator_0 - 5_folds.train_cv.predict)=81.91%
[ 2019-12-13 16:23:58,249][kfold_wrapper.log_eval_metrics] Accuracy(layer_4 - estimator_0 - 5_folds.test.predict)=77.01%
[ 2019-12-13 16:24:00,559][kfold_wrapper.log_eval_metrics] Accuracy(layer_4 - estimator_1 - 5_folds.train_0.predict)=78.21%
[ 2019-12-13 16:24:03,158][kfold_wrapper.log_eval_metrics] Accuracy(layer_4 - estimator_1 - 5_folds.train_1.predict)=80.77%
[ 2019-12-13 16:24:05,752][kfold_wrapper.log_eval_metrics] Accuracy(layer_4 - estimator_1 - 5_folds.train_2.predict)=81.82%
[ 2019-12-13 16:24:08,572][kfold_wrapper.log_eval_metrics] Accuracy(layer_4 - estimator_1 - 5_folds.train_3.predict)=83.77%
[ 2019-12-13 16:24:11,107][kfold_wrapper.log_eval_metrics] Accuracy(layer_4 - estimator_1 - 5_folds.train_4.predict)=87.66%
[ 2019-12-13 16:24:11,527][kfold_wrapper.log_eval_metrics] Accuracy(layer_4 - estimator_1 - 5_folds.train_cv.predict)=82.43%
[ 2019-12-13 16:24:11,527][kfold_wrapper.log_eval_metrics] Accuracy(layer_4 - estimator_1 - 5_folds.test.predict)=78.16%
[ 2019-12-13 16:24:14,044][kfold_wrapper.log_eval_metrics] Accuracy(layer_4 - estimator_2 - 5_folds.train_0.predict)=81.41%
[ 2019-12-13 16:24:16,663][kfold_wrapper.log_eval_metrics] Accuracy(layer_4 - estimator_2 - 5_folds.train_1.predict)=84.62%
[ 2019-12-13 16:24:19,098][kfold_wrapper.log_eval_metrics] Accuracy(layer_4 - estimator_2 - 5_folds.train_2.predict)=81.82%
[ 2019-12-13 16:24:21,513][kfold_wrapper.log_eval_metrics] Accuracy(layer_4 - estimator_2 - 5_folds.train_3.predict)=78.57%
[ 2019-12-13 16:24:24,176][kfold_wrapper.log_eval_metrics] Accuracy(layer_4 - estimator_2 - 5_folds.train_4.predict)=84.42%
[ 2019-12-13 16:24:24,504][kfold_wrapper.log_eval_metrics] Accuracy(layer_4 - estimator_2 - 5_folds.train_cv.predict)=82.17%
[ 2019-12-13 16:24:24,504][kfold_wrapper.log_eval_metrics] Accuracy(layer_4 - estimator_2 - 5_folds.test.predict)=78.16%
[ 2019-12-13 16:24:24,504][cascade_classifier.calc_accuracy] Accuracy(layer_4 - train.classifier_average)=81.91%
[ 2019-12-13 16:24:24,504][cascade_classifier.calc_accuracy] Accuracy(layer_4 - test.classifier_average)=75.86%
[ 2019-12-13 16:24:24,504][cascade_classifier.fit_transform] [layer=5] look_indexs=[0], X_cur_train.shape=(774, 364), X_cur_test.shape=(87, 364)
[ 2019-12-13 16:24:26,309][kfold_wrapper.log_eval_metrics] Accuracy(layer_5 - estimator_0 - 5_folds.train_0.predict)=83.33%
[ 2019-12-13 16:24:28,213][kfold_wrapper.log_eval_metrics] Accuracy(layer_5 - estimator_0 - 5_folds.train_1.predict)=80.77%
[ 2019-12-13 16:24:29,932][kfold_wrapper.log_eval_metrics] Accuracy(layer_5 - estimator_0 - 5_folds.train_2.predict)=83.77%
[ 2019-12-13 16:24:31,659][kfold_wrapper.log_eval_metrics] Accuracy(layer_5 - estimator_0 - 5_folds.train_3.predict)=79.87%
[ 2019-12-13 16:24:33,703][kfold_wrapper.log_eval_metrics] Accuracy(layer_5 - estimator_0 - 5_folds.train_4.predict)=80.52%
[ 2019-12-13 16:24:33,705][kfold_wrapper.log_eval_metrics] Accuracy(layer_5 - estimator_0 - 5_folds.train_cv.predict)=81.65%
[ 2019-12-13 16:24:33,705][kfold_wrapper.log_eval_metrics] Accuracy(layer_5 - estimator_0 - 5_folds.test.predict)=74.71%
[ 2019-12-13 16:24:36,127][kfold_wrapper.log_eval_metrics] Accuracy(layer_5 - estimator_1 - 5_folds.train_0.predict)=80.77%
[ 2019-12-13 16:24:38,713][kfold_wrapper.log_eval_metrics] Accuracy(layer_5 - estimator_1 - 5_folds.train_1.predict)=76.28%
[ 2019-12-13 16:24:41,420][kfold_wrapper.log_eval_metrics] Accuracy(layer_5 - estimator_1 - 5_folds.train_2.predict)=82.47%
[ 2019-12-13 16:24:44,139][kfold_wrapper.log_eval_metrics] Accuracy(layer_5 - estimator_1 - 5_folds.train_3.predict)=84.42%
[ 2019-12-13 16:24:46,803][kfold_wrapper.log_eval_metrics] Accuracy(layer_5 - estimator_1 - 5_folds.train_4.predict)=85.06%
[ 2019-12-13 16:24:47,146][kfold_wrapper.log_eval_metrics] Accuracy(layer_5 - estimator_1 - 5_folds.train_cv.predict)=81.78%
[ 2019-12-13 16:24:47,146][kfold_wrapper.log_eval_metrics] Accuracy(layer_5 - estimator_1 - 5_folds.test.predict)=78.16%
[ 2019-12-13 16:24:49,160][kfold_wrapper.log_eval_metrics] Accuracy(layer_5 - estimator_2 - 5_folds.train_0.predict)=82.69%
[ 2019-12-13 16:24:51,496][kfold_wrapper.log_eval_metrics] Accuracy(layer_5 - estimator_2 - 5_folds.train_1.predict)=83.97%
[ 2019-12-13 16:24:53,861][kfold_wrapper.log_eval_metrics] Accuracy(layer_5 - estimator_2 - 5_folds.train_2.predict)=83.77%
[ 2019-12-13 16:24:56,232][kfold_wrapper.log_eval_metrics] Accuracy(layer_5 - estimator_2 - 5_folds.train_3.predict)=72.73%
[ 2019-12-13 16:24:58,526][kfold_wrapper.log_eval_metrics] Accuracy(layer_5 - estimator_2 - 5_folds.train_4.predict)=85.71%
[ 2019-12-13 16:24:58,848][kfold_wrapper.log_eval_metrics] Accuracy(layer_5 - estimator_2 - 5_folds.train_cv.predict)=81.78%
[ 2019-12-13 16:24:58,848][kfold_wrapper.log_eval_metrics] Accuracy(layer_5 - estimator_2 - 5_folds.test.predict)=78.16%
[ 2019-12-13 16:24:58,848][cascade_classifier.calc_accuracy] Accuracy(layer_5 - train.classifier_average)=82.43%
[ 2019-12-13 16:24:58,848][cascade_classifier.calc_accuracy] Accuracy(layer_5 - test.classifier_average)=78.16%
[ 2019-12-13 16:24:58,848][cascade_classifier.fit_transform] [layer=6] look_indexs=[0], X_cur_train.shape=(774, 364), X_cur_test.shape=(87, 364)
[ 2019-12-13 16:25:00,528][kfold_wrapper.log_eval_metrics] Accuracy(layer_6 - estimator_0 - 5_folds.train_0.predict)=80.77%
