[ 2019-12-27 20:26:05,306][cascade_classifier.fit_transform] X_groups_train.shape=[(774, 28)],y_train.shape=(774,),X_groups_test.shape=[(87, 28)],y_test.shape=(87,)
[ 2019-12-27 20:26:05,307][cascade_classifier.fit_transform] group_dims=[28]
[ 2019-12-27 20:26:05,307][cascade_classifier.fit_transform] group_starts=[0]
[ 2019-12-27 20:26:05,307][cascade_classifier.fit_transform] group_ends=[28]
[ 2019-12-27 20:26:05,307][cascade_classifier.fit_transform] X_train.shape=(774, 28),X_test.shape=(87, 28)
[ 2019-12-27 20:26:05,308][cascade_classifier.fit_transform] [layer=0] look_indexs=[0], X_cur_train.shape=(774, 28), X_cur_test.shape=(87, 28)
[ 2019-12-27 20:26:13,657][kfold_wrapper.log_eval_metrics] Accuracy(layer_0 - estimator_0 - 3_folds.train_0.predict)=83.78%
[ 2019-12-27 20:26:23,068][kfold_wrapper.log_eval_metrics] Accuracy(layer_0 - estimator_0 - 3_folds.train_1.predict)=79.07%
[ 2019-12-27 20:26:34,347][kfold_wrapper.log_eval_metrics] Accuracy(layer_0 - estimator_0 - 3_folds.train_2.predict)=81.32%
[ 2019-12-27 20:26:35,477][kfold_wrapper.log_eval_metrics] Accuracy(layer_0 - estimator_0 - 3_folds.train_cv.predict)=81.40%
[ 2019-12-27 20:26:35,478][kfold_wrapper.log_eval_metrics] Accuracy(layer_0 - estimator_0 - 3_folds.test.predict)=87.36%
[ 2019-12-27 20:26:45,926][kfold_wrapper.log_eval_metrics] Accuracy(layer_0 - estimator_1 - 3_folds.train_0.predict)=84.94%
[ 2019-12-27 20:26:55,426][kfold_wrapper.log_eval_metrics] Accuracy(layer_0 - estimator_1 - 3_folds.train_1.predict)=82.95%
[ 2019-12-27 20:27:04,965][kfold_wrapper.log_eval_metrics] Accuracy(layer_0 - estimator_1 - 3_folds.train_2.predict)=78.99%
[ 2019-12-27 20:27:06,104][kfold_wrapper.log_eval_metrics] Accuracy(layer_0 - estimator_1 - 3_folds.train_cv.predict)=82.30%
[ 2019-12-27 20:27:06,104][kfold_wrapper.log_eval_metrics] Accuracy(layer_0 - estimator_1 - 3_folds.test.predict)=87.36%
[ 2019-12-27 20:27:06,904][kfold_wrapper.log_eval_metrics] Accuracy(layer_0 - estimator_2 - 3_folds.train_0.predict)=83.01%
[ 2019-12-27 20:27:07,616][kfold_wrapper.log_eval_metrics] Accuracy(layer_0 - estimator_2 - 3_folds.train_1.predict)=83.33%
[ 2019-12-27 20:27:08,345][kfold_wrapper.log_eval_metrics] Accuracy(layer_0 - estimator_2 - 3_folds.train_2.predict)=80.93%
[ 2019-12-27 20:27:08,346][kfold_wrapper.log_eval_metrics] Accuracy(layer_0 - estimator_2 - 3_folds.train_cv.predict)=82.43%
[ 2019-12-27 20:27:08,346][kfold_wrapper.log_eval_metrics] Accuracy(layer_0 - estimator_2 - 3_folds.test.predict)=88.51%
[ 2019-12-27 20:27:08,347][cascade_classifier.calc_accuracy] Accuracy(layer_0 - train.classifier_average)=82.30%
[ 2019-12-27 20:27:08,347][cascade_classifier.calc_accuracy] Accuracy(layer_0 - test.classifier_average)=87.36%
[ 2019-12-27 20:27:08,347][cascade_classifier.fit_transform] [layer=1] look_indexs=[0], X_cur_train.shape=(774, 34), X_cur_test.shape=(87, 34)
[ 2019-12-27 20:27:17,406][kfold_wrapper.log_eval_metrics] Accuracy(layer_1 - estimator_0 - 3_folds.train_0.predict)=85.33%
[ 2019-12-27 20:27:27,265][kfold_wrapper.log_eval_metrics] Accuracy(layer_1 - estimator_0 - 3_folds.train_1.predict)=79.46%
[ 2019-12-27 20:27:38,469][kfold_wrapper.log_eval_metrics] Accuracy(layer_1 - estimator_0 - 3_folds.train_2.predict)=81.71%
[ 2019-12-27 20:27:39,708][kfold_wrapper.log_eval_metrics] Accuracy(layer_1 - estimator_0 - 3_folds.train_cv.predict)=82.17%
[ 2019-12-27 20:27:39,708][kfold_wrapper.log_eval_metrics] Accuracy(layer_1 - estimator_0 - 3_folds.test.predict)=88.51%
[ 2019-12-27 20:27:49,563][kfold_wrapper.log_eval_metrics] Accuracy(layer_1 - estimator_1 - 3_folds.train_0.predict)=81.85%
[ 2019-12-27 20:28:00,613][kfold_wrapper.log_eval_metrics] Accuracy(layer_1 - estimator_1 - 3_folds.train_1.predict)=81.01%
[ 2019-12-27 20:28:11,406][kfold_wrapper.log_eval_metrics] Accuracy(layer_1 - estimator_1 - 3_folds.train_2.predict)=84.44%
[ 2019-12-27 20:28:12,645][kfold_wrapper.log_eval_metrics] Accuracy(layer_1 - estimator_1 - 3_folds.train_cv.predict)=82.43%
[ 2019-12-27 20:28:12,645][kfold_wrapper.log_eval_metrics] Accuracy(layer_1 - estimator_1 - 3_folds.test.predict)=87.36%
[ 2019-12-27 20:28:13,526][kfold_wrapper.log_eval_metrics] Accuracy(layer_1 - estimator_2 - 3_folds.train_0.predict)=83.40%
[ 2019-12-27 20:28:14,406][kfold_wrapper.log_eval_metrics] Accuracy(layer_1 - estimator_2 - 3_folds.train_1.predict)=80.23%
[ 2019-12-27 20:28:15,277][kfold_wrapper.log_eval_metrics] Accuracy(layer_1 - estimator_2 - 3_folds.train_2.predict)=82.49%
[ 2019-12-27 20:28:15,279][kfold_wrapper.log_eval_metrics] Accuracy(layer_1 - estimator_2 - 3_folds.train_cv.predict)=82.04%
[ 2019-12-27 20:28:15,280][kfold_wrapper.log_eval_metrics] Accuracy(layer_1 - estimator_2 - 3_folds.test.predict)=86.21%
[ 2019-12-27 20:28:15,280][cascade_classifier.calc_accuracy] Accuracy(layer_1 - train.classifier_average)=82.56%
[ 2019-12-27 20:28:15,280][cascade_classifier.calc_accuracy] Accuracy(layer_1 - test.classifier_average)=86.21%
[ 2019-12-27 20:28:15,282][cascade_classifier.fit_transform] [layer=2] look_indexs=[0], X_cur_train.shape=(774, 34), X_cur_test.shape=(87, 34)
[ 2019-12-27 20:28:24,844][kfold_wrapper.log_eval_metrics] Accuracy(layer_2 - estimator_0 - 3_folds.train_0.predict)=81.47%
[ 2019-12-27 20:28:36,194][kfold_wrapper.log_eval_metrics] Accuracy(layer_2 - estimator_0 - 3_folds.train_1.predict)=81.78%
[ 2019-12-27 20:28:46,364][kfold_wrapper.log_eval_metrics] Accuracy(layer_2 - estimator_0 - 3_folds.train_2.predict)=80.54%
[ 2019-12-27 20:28:47,494][kfold_wrapper.log_eval_metrics] Accuracy(layer_2 - estimator_0 - 3_folds.train_cv.predict)=81.27%
[ 2019-12-27 20:28:47,494][kfold_wrapper.log_eval_metrics] Accuracy(layer_2 - estimator_0 - 3_folds.test.predict)=86.21%
[ 2019-12-27 20:28:56,070][kfold_wrapper.log_eval_metrics] Accuracy(layer_2 - estimator_1 - 3_folds.train_0.predict)=81.47%
[ 2019-12-27 20:29:06,021][kfold_wrapper.log_eval_metrics] Accuracy(layer_2 - estimator_1 - 3_folds.train_1.predict)=80.62%
[ 2019-12-27 20:29:16,010][kfold_wrapper.log_eval_metrics] Accuracy(layer_2 - estimator_1 - 3_folds.train_2.predict)=84.05%
[ 2019-12-27 20:29:17,142][kfold_wrapper.log_eval_metrics] Accuracy(layer_2 - estimator_1 - 3_folds.train_cv.predict)=82.04%
[ 2019-12-27 20:29:17,142][kfold_wrapper.log_eval_metrics] Accuracy(layer_2 - estimator_1 - 3_folds.test.predict)=86.21%
[ 2019-12-27 20:29:17,972][kfold_wrapper.log_eval_metrics] Accuracy(layer_2 - estimator_2 - 3_folds.train_0.predict)=79.54%
[ 2019-12-27 20:29:18,753][kfold_wrapper.log_eval_metrics] Accuracy(layer_2 - estimator_2 - 3_folds.train_1.predict)=84.50%
[ 2019-12-27 20:29:19,515][kfold_wrapper.log_eval_metrics] Accuracy(layer_2 - estimator_2 - 3_folds.train_2.predict)=79.77%
[ 2019-12-27 20:29:19,517][kfold_wrapper.log_eval_metrics] Accuracy(layer_2 - estimator_2 - 3_folds.train_cv.predict)=81.27%
[ 2019-12-27 20:29:19,518][kfold_wrapper.log_eval_metrics] Accuracy(layer_2 - estimator_2 - 3_folds.test.predict)=85.06%
[ 2019-12-27 20:29:19,518][cascade_classifier.calc_accuracy] Accuracy(layer_2 - train.classifier_average)=81.40%
[ 2019-12-27 20:29:19,518][cascade_classifier.calc_accuracy] Accuracy(layer_2 - test.classifier_average)=86.21%
[ 2019-12-27 20:29:19,518][cascade_classifier.fit_transform] [layer=3] look_indexs=[0], X_cur_train.shape=(774, 34), X_cur_test.shape=(87, 34)
[ 2019-12-27 20:29:27,854][kfold_wrapper.log_eval_metrics] Accuracy(layer_3 - estimator_0 - 3_folds.train_0.predict)=79.15%
[ 2019-12-27 20:29:37,729][kfold_wrapper.log_eval_metrics] Accuracy(layer_3 - estimator_0 - 3_folds.train_1.predict)=81.78%
[ 2019-12-27 20:29:47,249][kfold_wrapper.log_eval_metrics] Accuracy(layer_3 - estimator_0 - 3_folds.train_2.predict)=80.93%
[ 2019-12-27 20:29:48,379][kfold_wrapper.log_eval_metrics] Accuracy(layer_3 - estimator_0 - 3_folds.train_cv.predict)=80.62%
[ 2019-12-27 20:29:48,380][kfold_wrapper.log_eval_metrics] Accuracy(layer_3 - estimator_0 - 3_folds.test.predict)=86.21%
[ 2019-12-27 20:29:56,743][kfold_wrapper.log_eval_metrics] Accuracy(layer_3 - estimator_1 - 3_folds.train_0.predict)=82.63%
[ 2019-12-27 20:30:06,169][kfold_wrapper.log_eval_metrics] Accuracy(layer_3 - estimator_1 - 3_folds.train_1.predict)=79.07%
[ 2019-12-27 20:30:15,622][kfold_wrapper.log_eval_metrics] Accuracy(layer_3 - estimator_1 - 3_folds.train_2.predict)=82.10%
[ 2019-12-27 20:30:16,653][kfold_wrapper.log_eval_metrics] Accuracy(layer_3 - estimator_1 - 3_folds.train_cv.predict)=81.27%
[ 2019-12-27 20:30:16,653][kfold_wrapper.log_eval_metrics] Accuracy(layer_3 - estimator_1 - 3_folds.test.predict)=86.21%
[ 2019-12-27 20:30:17,477][kfold_wrapper.log_eval_metrics] Accuracy(layer_3 - estimator_2 - 3_folds.train_0.predict)=83.01%
[ 2019-12-27 20:30:18,265][kfold_wrapper.log_eval_metrics] Accuracy(layer_3 - estimator_2 - 3_folds.train_1.predict)=82.56%
[ 2019-12-27 20:30:19,031][kfold_wrapper.log_eval_metrics] Accuracy(layer_3 - estimator_2 - 3_folds.train_2.predict)=82.10%
[ 2019-12-27 20:30:19,033][kfold_wrapper.log_eval_metrics] Accuracy(layer_3 - estimator_2 - 3_folds.train_cv.predict)=82.56%
[ 2019-12-27 20:30:19,034][kfold_wrapper.log_eval_metrics] Accuracy(layer_3 - estimator_2 - 3_folds.test.predict)=85.06%
[ 2019-12-27 20:30:19,034][cascade_classifier.calc_accuracy] Accuracy(layer_3 - train.classifier_average)=81.52%
[ 2019-12-27 20:30:19,034][cascade_classifier.calc_accuracy] Accuracy(layer_3 - test.classifier_average)=85.06%
[ 2019-12-27 20:30:19,035][cascade_classifier.fit_transform] [layer=4] look_indexs=[0], X_cur_train.shape=(774, 34), X_cur_test.shape=(87, 34)
[ 2019-12-27 20:30:27,349][kfold_wrapper.log_eval_metrics] Accuracy(layer_4 - estimator_0 - 3_folds.train_0.predict)=81.47%
[ 2019-12-27 20:30:36,718][kfold_wrapper.log_eval_metrics] Accuracy(layer_4 - estimator_0 - 3_folds.train_1.predict)=79.84%
[ 2019-12-27 20:30:46,465][kfold_wrapper.log_eval_metrics] Accuracy(layer_4 - estimator_0 - 3_folds.train_2.predict)=82.10%
[ 2019-12-27 20:30:47,758][kfold_wrapper.log_eval_metrics] Accuracy(layer_4 - estimator_0 - 3_folds.train_cv.predict)=81.14%
[ 2019-12-27 20:30:47,758][kfold_wrapper.log_eval_metrics] Accuracy(layer_4 - estimator_0 - 3_folds.test.predict)=83.91%
[ 2019-12-27 20:30:58,436][kfold_wrapper.log_eval_metrics] Accuracy(layer_4 - estimator_1 - 3_folds.train_0.predict)=77.99%
[ 2019-12-27 20:31:10,776][kfold_wrapper.log_eval_metrics] Accuracy(layer_4 - estimator_1 - 3_folds.train_1.predict)=84.11%
[ 2019-12-27 20:31:21,822][kfold_wrapper.log_eval_metrics] Accuracy(layer_4 - estimator_1 - 3_folds.train_2.predict)=81.71%
[ 2019-12-27 20:31:23,049][kfold_wrapper.log_eval_metrics] Accuracy(layer_4 - estimator_1 - 3_folds.train_cv.predict)=81.27%
[ 2019-12-27 20:31:23,049][kfold_wrapper.log_eval_metrics] Accuracy(layer_4 - estimator_1 - 3_folds.test.predict)=85.06%
[ 2019-12-27 20:31:24,046][kfold_wrapper.log_eval_metrics] Accuracy(layer_4 - estimator_2 - 3_folds.train_0.predict)=80.69%
[ 2019-12-27 20:31:24,933][kfold_wrapper.log_eval_metrics] Accuracy(layer_4 - estimator_2 - 3_folds.train_1.predict)=83.72%
[ 2019-12-27 20:31:25,782][kfold_wrapper.log_eval_metrics] Accuracy(layer_4 - estimator_2 - 3_folds.train_2.predict)=79.38%
[ 2019-12-27 20:31:25,784][kfold_wrapper.log_eval_metrics] Accuracy(layer_4 - estimator_2 - 3_folds.train_cv.predict)=81.27%
[ 2019-12-27 20:31:25,785][kfold_wrapper.log_eval_metrics] Accuracy(layer_4 - estimator_2 - 3_folds.test.predict)=82.76%
[ 2019-12-27 20:31:25,785][cascade_classifier.calc_accuracy] Accuracy(layer_4 - train.classifier_average)=81.14%
[ 2019-12-27 20:31:25,786][cascade_classifier.calc_accuracy] Accuracy(layer_4 - test.classifier_average)=85.06%
[ 2019-12-27 20:31:25,786][cascade_classifier.fit_transform] [Result][Optimal Level Detected] opt_layer_num=2, accuracy_train=82.56%, accuracy_test=86.21%
[ 2019-12-27 20:31:25,878][cascade_classifier.transform] X_groups_test.shape=[(87, 28)]
[ 2019-12-27 20:31:25,879][cascade_classifier.transform] group_dims=[28]
[ 2019-12-27 20:31:25,879][cascade_classifier.transform] X_test.shape=(87, 28)
[ 2019-12-27 20:31:25,880][cascade_classifier.transform] [layer=0] look_indexs=[0], X_cur_test.shape=(87, 28)
[ 2019-12-27 20:31:32,922][cascade_classifier.transform] [layer=1] look_indexs=[0], X_cur_test.shape=(87, 34)
[ 2019-12-27 20:31:40,220][cascade_classifier.transform] X_groups_test.shape=[(87, 28)]
[ 2019-12-27 20:31:40,220][cascade_classifier.transform] group_dims=[28]
[ 2019-12-27 20:31:40,220][cascade_classifier.transform] X_test.shape=(87, 28)
[ 2019-12-27 20:31:40,220][cascade_classifier.transform] [layer=0] look_indexs=[0], X_cur_test.shape=(87, 28)
[ 2019-12-27 20:31:47,412][cascade_classifier.transform] [layer=1] look_indexs=[0], X_cur_test.shape=(87, 34)
[ 2019-12-27 20:31:54,288][cascade_classifier.fit_transform] X_groups_train.shape=[(774, 28)],y_train.shape=(774,),X_groups_test.shape=[(87, 28)],y_test.shape=(87,)
[ 2019-12-27 20:31:54,288][cascade_classifier.fit_transform] group_dims=[28]
[ 2019-12-27 20:31:54,288][cascade_classifier.fit_transform] group_starts=[0]
[ 2019-12-27 20:31:54,288][cascade_classifier.fit_transform] group_ends=[28]
[ 2019-12-27 20:31:54,289][cascade_classifier.fit_transform] X_train.shape=(774, 28),X_test.shape=(87, 28)
[ 2019-12-27 20:31:54,289][cascade_classifier.fit_transform] [layer=0] look_indexs=[0], X_cur_train.shape=(774, 28), X_cur_test.shape=(87, 28)
[ 2019-12-27 20:32:02,958][kfold_wrapper.log_eval_metrics] Accuracy(layer_0 - estimator_0 - 3_folds.train_0.predict)=84.17%
[ 2019-12-27 20:32:12,494][kfold_wrapper.log_eval_metrics] Accuracy(layer_0 - estimator_0 - 3_folds.train_1.predict)=82.56%
[ 2019-12-27 20:32:22,155][kfold_wrapper.log_eval_metrics] Accuracy(layer_0 - estimator_0 - 3_folds.train_2.predict)=79.38%
[ 2019-12-27 20:32:23,286][kfold_wrapper.log_eval_metrics] Accuracy(layer_0 - estimator_0 - 3_folds.train_cv.predict)=82.04%
[ 2019-12-27 20:32:23,286][kfold_wrapper.log_eval_metrics] Accuracy(layer_0 - estimator_0 - 3_folds.test.predict)=87.36%
[ 2019-12-27 20:32:31,652][kfold_wrapper.log_eval_metrics] Accuracy(layer_0 - estimator_1 - 3_folds.train_0.predict)=81.85%
[ 2019-12-27 20:32:41,507][kfold_wrapper.log_eval_metrics] Accuracy(layer_0 - estimator_1 - 3_folds.train_1.predict)=80.62%
[ 2019-12-27 20:32:50,988][kfold_wrapper.log_eval_metrics] Accuracy(layer_0 - estimator_1 - 3_folds.train_2.predict)=81.71%
[ 2019-12-27 20:32:52,020][kfold_wrapper.log_eval_metrics] Accuracy(layer_0 - estimator_1 - 3_folds.train_cv.predict)=81.40%
[ 2019-12-27 20:32:52,021][kfold_wrapper.log_eval_metrics] Accuracy(layer_0 - estimator_1 - 3_folds.test.predict)=87.36%
[ 2019-12-27 20:32:52,802][kfold_wrapper.log_eval_metrics] Accuracy(layer_0 - estimator_2 - 3_folds.train_0.predict)=80.69%
[ 2019-12-27 20:32:53,588][kfold_wrapper.log_eval_metrics] Accuracy(layer_0 - estimator_2 - 3_folds.train_1.predict)=80.23%
[ 2019-12-27 20:32:54,341][kfold_wrapper.log_eval_metrics] Accuracy(layer_0 - estimator_2 - 3_folds.train_2.predict)=80.54%
[ 2019-12-27 20:32:54,344][kfold_wrapper.log_eval_metrics] Accuracy(layer_0 - estimator_2 - 3_folds.train_cv.predict)=80.49%
[ 2019-12-27 20:32:54,344][kfold_wrapper.log_eval_metrics] Accuracy(layer_0 - estimator_2 - 3_folds.test.predict)=87.36%
[ 2019-12-27 20:32:54,344][cascade_classifier.calc_accuracy] Accuracy(layer_0 - train.classifier_average)=81.91%
[ 2019-12-27 20:32:54,344][cascade_classifier.calc_accuracy] Accuracy(layer_0 - test.classifier_average)=86.21%
[ 2019-12-27 20:32:54,345][cascade_classifier.fit_transform] [layer=1] look_indexs=[0], X_cur_train.shape=(774, 34), X_cur_test.shape=(87, 34)
[ 2019-12-27 20:33:02,860][kfold_wrapper.log_eval_metrics] Accuracy(layer_1 - estimator_0 - 3_folds.train_0.predict)=84.17%
[ 2019-12-27 20:33:12,531][kfold_wrapper.log_eval_metrics] Accuracy(layer_1 - estimator_0 - 3_folds.train_1.predict)=79.07%
[ 2019-12-27 20:33:21,966][kfold_wrapper.log_eval_metrics] Accuracy(layer_1 - estimator_0 - 3_folds.train_2.predict)=80.93%
[ 2019-12-27 20:33:23,097][kfold_wrapper.log_eval_metrics] Accuracy(layer_1 - estimator_0 - 3_folds.train_cv.predict)=81.40%
[ 2019-12-27 20:33:23,097][kfold_wrapper.log_eval_metrics] Accuracy(layer_1 - estimator_0 - 3_folds.test.predict)=85.06%
[ 2019-12-27 20:33:31,372][kfold_wrapper.log_eval_metrics] Accuracy(layer_1 - estimator_1 - 3_folds.train_0.predict)=82.63%
[ 2019-12-27 20:33:40,771][kfold_wrapper.log_eval_metrics] Accuracy(layer_1 - estimator_1 - 3_folds.train_1.predict)=80.23%
[ 2019-12-27 20:33:50,304][kfold_wrapper.log_eval_metrics] Accuracy(layer_1 - estimator_1 - 3_folds.train_2.predict)=82.88%
[ 2019-12-27 20:33:51,424][kfold_wrapper.log_eval_metrics] Accuracy(layer_1 - estimator_1 - 3_folds.train_cv.predict)=81.91%
[ 2019-12-27 20:33:51,425][kfold_wrapper.log_eval_metrics] Accuracy(layer_1 - estimator_1 - 3_folds.test.predict)=85.06%
[ 2019-12-27 20:33:52,352][kfold_wrapper.log_eval_metrics] Accuracy(layer_1 - estimator_2 - 3_folds.train_0.predict)=81.47%
[ 2019-12-27 20:33:53,234][kfold_wrapper.log_eval_metrics] Accuracy(layer_1 - estimator_2 - 3_folds.train_1.predict)=86.82%
[ 2019-12-27 20:33:53,972][kfold_wrapper.log_eval_metrics] Accuracy(layer_1 - estimator_2 - 3_folds.train_2.predict)=77.04%
[ 2019-12-27 20:33:53,974][kfold_wrapper.log_eval_metrics] Accuracy(layer_1 - estimator_2 - 3_folds.train_cv.predict)=81.78%
[ 2019-12-27 20:33:53,974][kfold_wrapper.log_eval_metrics] Accuracy(layer_1 - estimator_2 - 3_folds.test.predict)=86.21%
[ 2019-12-27 20:33:53,974][cascade_classifier.calc_accuracy] Accuracy(layer_1 - train.classifier_average)=83.07%
[ 2019-12-27 20:33:53,975][cascade_classifier.calc_accuracy] Accuracy(layer_1 - test.classifier_average)=85.06%
[ 2019-12-27 20:33:53,975][cascade_classifier.fit_transform] [layer=2] look_indexs=[0], X_cur_train.shape=(774, 34), X_cur_test.shape=(87, 34)
[ 2019-12-27 20:34:02,242][kfold_wrapper.log_eval_metrics] Accuracy(layer_2 - estimator_0 - 3_folds.train_0.predict)=84.94%
[ 2019-12-27 20:34:11,840][kfold_wrapper.log_eval_metrics] Accuracy(layer_2 - estimator_0 - 3_folds.train_1.predict)=81.01%
[ 2019-12-27 20:34:21,459][kfold_wrapper.log_eval_metrics] Accuracy(layer_2 - estimator_0 - 3_folds.train_2.predict)=83.27%
[ 2019-12-27 20:34:22,485][kfold_wrapper.log_eval_metrics] Accuracy(layer_2 - estimator_0 - 3_folds.train_cv.predict)=83.07%
[ 2019-12-27 20:34:22,486][kfold_wrapper.log_eval_metrics] Accuracy(layer_2 - estimator_0 - 3_folds.test.predict)=85.06%
[ 2019-12-27 20:34:30,834][kfold_wrapper.log_eval_metrics] Accuracy(layer_2 - estimator_1 - 3_folds.train_0.predict)=80.31%
[ 2019-12-27 20:34:40,736][kfold_wrapper.log_eval_metrics] Accuracy(layer_2 - estimator_1 - 3_folds.train_1.predict)=84.88%
[ 2019-12-27 20:34:50,474][kfold_wrapper.log_eval_metrics] Accuracy(layer_2 - estimator_1 - 3_folds.train_2.predict)=83.27%
[ 2019-12-27 20:34:51,610][kfold_wrapper.log_eval_metrics] Accuracy(layer_2 - estimator_1 - 3_folds.train_cv.predict)=82.82%
[ 2019-12-27 20:34:51,610][kfold_wrapper.log_eval_metrics] Accuracy(layer_2 - estimator_1 - 3_folds.test.predict)=83.91%
[ 2019-12-27 20:34:52,497][kfold_wrapper.log_eval_metrics] Accuracy(layer_2 - estimator_2 - 3_folds.train_0.predict)=81.85%
[ 2019-12-27 20:34:53,293][kfold_wrapper.log_eval_metrics] Accuracy(layer_2 - estimator_2 - 3_folds.train_1.predict)=79.07%
[ 2019-12-27 20:34:54,273][kfold_wrapper.log_eval_metrics] Accuracy(layer_2 - estimator_2 - 3_folds.train_2.predict)=80.93%
[ 2019-12-27 20:34:54,276][kfold_wrapper.log_eval_metrics] Accuracy(layer_2 - estimator_2 - 3_folds.train_cv.predict)=80.62%
[ 2019-12-27 20:34:54,276][kfold_wrapper.log_eval_metrics] Accuracy(layer_2 - estimator_2 - 3_folds.test.predict)=83.91%
[ 2019-12-27 20:34:54,276][cascade_classifier.calc_accuracy] Accuracy(layer_2 - train.classifier_average)=82.30%
[ 2019-12-27 20:34:54,277][cascade_classifier.calc_accuracy] Accuracy(layer_2 - test.classifier_average)=83.91%
[ 2019-12-27 20:34:54,277][cascade_classifier.fit_transform] [layer=3] look_indexs=[0], X_cur_train.shape=(774, 34), X_cur_test.shape=(87, 34)
[ 2019-12-27 20:35:02,999][kfold_wrapper.log_eval_metrics] Accuracy(layer_3 - estimator_0 - 3_folds.train_0.predict)=82.24%
[ 2019-12-27 20:35:13,084][kfold_wrapper.log_eval_metrics] Accuracy(layer_3 - estimator_0 - 3_folds.train_1.predict)=82.17%
[ 2019-12-27 20:35:23,936][kfold_wrapper.log_eval_metrics] Accuracy(layer_3 - estimator_0 - 3_folds.train_2.predict)=82.88%
[ 2019-12-27 20:35:25,264][kfold_wrapper.log_eval_metrics] Accuracy(layer_3 - estimator_0 - 3_folds.train_cv.predict)=82.43%
[ 2019-12-27 20:35:25,264][kfold_wrapper.log_eval_metrics] Accuracy(layer_3 - estimator_0 - 3_folds.test.predict)=83.91%
[ 2019-12-27 20:35:34,914][kfold_wrapper.log_eval_metrics] Accuracy(layer_3 - estimator_1 - 3_folds.train_0.predict)=83.40%
[ 2019-12-27 20:35:45,699][kfold_wrapper.log_eval_metrics] Accuracy(layer_3 - estimator_1 - 3_folds.train_1.predict)=80.23%
[ 2019-12-27 20:35:55,283][kfold_wrapper.log_eval_metrics] Accuracy(layer_3 - estimator_1 - 3_folds.train_2.predict)=84.82%
[ 2019-12-27 20:35:56,417][kfold_wrapper.log_eval_metrics] Accuracy(layer_3 - estimator_1 - 3_folds.train_cv.predict)=82.82%
[ 2019-12-27 20:35:56,417][kfold_wrapper.log_eval_metrics] Accuracy(layer_3 - estimator_1 - 3_folds.test.predict)=83.91%
[ 2019-12-27 20:35:57,224][kfold_wrapper.log_eval_metrics] Accuracy(layer_3 - estimator_2 - 3_folds.train_0.predict)=80.69%
[ 2019-12-27 20:35:58,065][kfold_wrapper.log_eval_metrics] Accuracy(layer_3 - estimator_2 - 3_folds.train_1.predict)=83.72%
[ 2019-12-27 20:35:58,823][kfold_wrapper.log_eval_metrics] Accuracy(layer_3 - estimator_2 - 3_folds.train_2.predict)=81.71%
[ 2019-12-27 20:35:58,825][kfold_wrapper.log_eval_metrics] Accuracy(layer_3 - estimator_2 - 3_folds.train_cv.predict)=82.04%
[ 2019-12-27 20:35:58,825][kfold_wrapper.log_eval_metrics] Accuracy(layer_3 - estimator_2 - 3_folds.test.predict)=85.06%
[ 2019-12-27 20:35:58,825][cascade_classifier.calc_accuracy] Accuracy(layer_3 - train.classifier_average)=82.43%
[ 2019-12-27 20:35:58,825][cascade_classifier.calc_accuracy] Accuracy(layer_3 - test.classifier_average)=82.76%
[ 2019-12-27 20:35:58,826][cascade_classifier.fit_transform] [layer=4] look_indexs=[0], X_cur_train.shape=(774, 34), X_cur_test.shape=(87, 34)
