[ 2019-09-20 16:23:21,721][cascade_classifier.fit_transform] X_groups_train.shape=[(903, 358)],y_train.shape=(903,),X_groups_test.shape=no_test,y_test.shape=no_test
[ 2019-09-20 16:23:21,723][cascade_classifier.fit_transform] group_dims=[358]
[ 2019-09-20 16:23:21,723][cascade_classifier.fit_transform] group_starts=[0]
[ 2019-09-20 16:23:21,723][cascade_classifier.fit_transform] group_ends=[358]
[ 2019-09-20 16:23:21,724][cascade_classifier.fit_transform] X_train.shape=(903, 358),X_test.shape=(0, 358)
[ 2019-09-20 16:23:21,726][cascade_classifier.fit_transform] [layer=0] look_indexs=[0], X_cur_train.shape=(903, 358), X_cur_test.shape=(0, 358)
[ 2019-09-20 16:23:21,794][kfold_wrapper.log_eval_metrics] Accuracy(layer_0 - estimator_0 - 5_folds.train_0.predict)=79.56%
[ 2019-09-20 16:23:21,866][kfold_wrapper.log_eval_metrics] Accuracy(layer_0 - estimator_0 - 5_folds.train_1.predict)=81.77%
[ 2019-09-20 16:23:21,932][kfold_wrapper.log_eval_metrics] Accuracy(layer_0 - estimator_0 - 5_folds.train_2.predict)=81.77%
[ 2019-09-20 16:23:21,997][kfold_wrapper.log_eval_metrics] Accuracy(layer_0 - estimator_0 - 5_folds.train_3.predict)=83.33%
[ 2019-09-20 16:23:22,071][kfold_wrapper.log_eval_metrics] Accuracy(layer_0 - estimator_0 - 5_folds.train_4.predict)=82.78%
[ 2019-09-20 16:23:22,072][kfold_wrapper.log_eval_metrics] Accuracy(layer_0 - estimator_0 - 5_folds.train_cv.predict)=81.84%
[ 2019-09-20 16:23:22,324][kfold_wrapper.log_eval_metrics] Accuracy(layer_0 - estimator_1 - 5_folds.train_0.predict)=83.43%
[ 2019-09-20 16:23:22,574][kfold_wrapper.log_eval_metrics] Accuracy(layer_0 - estimator_1 - 5_folds.train_1.predict)=78.45%
[ 2019-09-20 16:23:22,818][kfold_wrapper.log_eval_metrics] Accuracy(layer_0 - estimator_1 - 5_folds.train_2.predict)=81.22%
[ 2019-09-20 16:23:23,059][kfold_wrapper.log_eval_metrics] Accuracy(layer_0 - estimator_1 - 5_folds.train_3.predict)=82.22%
[ 2019-09-20 16:23:23,300][kfold_wrapper.log_eval_metrics] Accuracy(layer_0 - estimator_1 - 5_folds.train_4.predict)=84.44%
[ 2019-09-20 16:23:23,301][kfold_wrapper.log_eval_metrics] Accuracy(layer_0 - estimator_1 - 5_folds.train_cv.predict)=81.95%
[ 2019-09-20 16:23:23,550][kfold_wrapper.log_eval_metrics] Accuracy(layer_0 - estimator_2 - 5_folds.train_0.predict)=79.56%
[ 2019-09-20 16:23:23,792][kfold_wrapper.log_eval_metrics] Accuracy(layer_0 - estimator_2 - 5_folds.train_1.predict)=79.56%
[ 2019-09-20 16:23:24,027][kfold_wrapper.log_eval_metrics] Accuracy(layer_0 - estimator_2 - 5_folds.train_2.predict)=80.66%
[ 2019-09-20 16:23:24,261][kfold_wrapper.log_eval_metrics] Accuracy(layer_0 - estimator_2 - 5_folds.train_3.predict)=81.67%
[ 2019-09-20 16:23:24,502][kfold_wrapper.log_eval_metrics] Accuracy(layer_0 - estimator_2 - 5_folds.train_4.predict)=83.33%
[ 2019-09-20 16:23:24,502][kfold_wrapper.log_eval_metrics] Accuracy(layer_0 - estimator_2 - 5_folds.train_cv.predict)=80.95%
[ 2019-09-20 16:23:24,502][cascade_classifier.calc_accuracy] Accuracy(layer_0 - train.classifier_average)=82.39%
[ 2019-09-20 16:23:24,504][cascade_classifier.fit_transform] [layer=1] look_indexs=[0], X_cur_train.shape=(903, 364), X_cur_test.shape=(0, 364)
[ 2019-09-20 16:23:24,591][kfold_wrapper.log_eval_metrics] Accuracy(layer_1 - estimator_0 - 5_folds.train_0.predict)=82.32%
[ 2019-09-20 16:23:24,664][kfold_wrapper.log_eval_metrics] Accuracy(layer_1 - estimator_0 - 5_folds.train_1.predict)=80.11%
[ 2019-09-20 16:23:24,731][kfold_wrapper.log_eval_metrics] Accuracy(layer_1 - estimator_0 - 5_folds.train_2.predict)=80.66%
[ 2019-09-20 16:23:24,798][kfold_wrapper.log_eval_metrics] Accuracy(layer_1 - estimator_0 - 5_folds.train_3.predict)=82.78%
[ 2019-09-20 16:23:24,871][kfold_wrapper.log_eval_metrics] Accuracy(layer_1 - estimator_0 - 5_folds.train_4.predict)=77.22%
[ 2019-09-20 16:23:24,871][kfold_wrapper.log_eval_metrics] Accuracy(layer_1 - estimator_0 - 5_folds.train_cv.predict)=80.62%
[ 2019-09-20 16:23:25,108][kfold_wrapper.log_eval_metrics] Accuracy(layer_1 - estimator_1 - 5_folds.train_0.predict)=87.29%
[ 2019-09-20 16:23:25,349][kfold_wrapper.log_eval_metrics] Accuracy(layer_1 - estimator_1 - 5_folds.train_1.predict)=77.90%
[ 2019-09-20 16:23:25,585][kfold_wrapper.log_eval_metrics] Accuracy(layer_1 - estimator_1 - 5_folds.train_2.predict)=78.45%
[ 2019-09-20 16:23:25,825][kfold_wrapper.log_eval_metrics] Accuracy(layer_1 - estimator_1 - 5_folds.train_3.predict)=86.11%
[ 2019-09-20 16:23:26,062][kfold_wrapper.log_eval_metrics] Accuracy(layer_1 - estimator_1 - 5_folds.train_4.predict)=84.44%
[ 2019-09-20 16:23:26,068][kfold_wrapper.log_eval_metrics] Accuracy(layer_1 - estimator_1 - 5_folds.train_cv.predict)=82.83%
[ 2019-09-20 16:23:26,304][kfold_wrapper.log_eval_metrics] Accuracy(layer_1 - estimator_2 - 5_folds.train_0.predict)=82.32%
[ 2019-09-20 16:23:26,549][kfold_wrapper.log_eval_metrics] Accuracy(layer_1 - estimator_2 - 5_folds.train_1.predict)=86.74%
[ 2019-09-20 16:23:26,790][kfold_wrapper.log_eval_metrics] Accuracy(layer_1 - estimator_2 - 5_folds.train_2.predict)=77.35%
[ 2019-09-20 16:23:27,024][kfold_wrapper.log_eval_metrics] Accuracy(layer_1 - estimator_2 - 5_folds.train_3.predict)=77.22%
[ 2019-09-20 16:23:27,260][kfold_wrapper.log_eval_metrics] Accuracy(layer_1 - estimator_2 - 5_folds.train_4.predict)=82.78%
[ 2019-09-20 16:23:27,268][kfold_wrapper.log_eval_metrics] Accuracy(layer_1 - estimator_2 - 5_folds.train_cv.predict)=81.28%
[ 2019-09-20 16:23:27,269][cascade_classifier.calc_accuracy] Accuracy(layer_1 - train.classifier_average)=82.83%
[ 2019-09-20 16:23:27,271][cascade_classifier.fit_transform] [layer=2] look_indexs=[0], X_cur_train.shape=(903, 364), X_cur_test.shape=(0, 364)
[ 2019-09-20 16:23:27,345][kfold_wrapper.log_eval_metrics] Accuracy(layer_2 - estimator_0 - 5_folds.train_0.predict)=80.66%
[ 2019-09-20 16:23:27,415][kfold_wrapper.log_eval_metrics] Accuracy(layer_2 - estimator_0 - 5_folds.train_1.predict)=81.77%
[ 2019-09-20 16:23:27,480][kfold_wrapper.log_eval_metrics] Accuracy(layer_2 - estimator_0 - 5_folds.train_2.predict)=79.01%
[ 2019-09-20 16:23:27,551][kfold_wrapper.log_eval_metrics] Accuracy(layer_2 - estimator_0 - 5_folds.train_3.predict)=82.78%
[ 2019-09-20 16:23:27,617][kfold_wrapper.log_eval_metrics] Accuracy(layer_2 - estimator_0 - 5_folds.train_4.predict)=81.67%
[ 2019-09-20 16:23:27,618][kfold_wrapper.log_eval_metrics] Accuracy(layer_2 - estimator_0 - 5_folds.train_cv.predict)=81.17%
[ 2019-09-20 16:23:27,858][kfold_wrapper.log_eval_metrics] Accuracy(layer_2 - estimator_1 - 5_folds.train_0.predict)=80.11%
[ 2019-09-20 16:23:28,099][kfold_wrapper.log_eval_metrics] Accuracy(layer_2 - estimator_1 - 5_folds.train_1.predict)=74.03%
[ 2019-09-20 16:23:28,334][kfold_wrapper.log_eval_metrics] Accuracy(layer_2 - estimator_1 - 5_folds.train_2.predict)=83.98%
[ 2019-09-20 16:23:28,571][kfold_wrapper.log_eval_metrics] Accuracy(layer_2 - estimator_1 - 5_folds.train_3.predict)=82.22%
[ 2019-09-20 16:23:28,813][kfold_wrapper.log_eval_metrics] Accuracy(layer_2 - estimator_1 - 5_folds.train_4.predict)=83.33%
[ 2019-09-20 16:23:28,813][kfold_wrapper.log_eval_metrics] Accuracy(layer_2 - estimator_1 - 5_folds.train_cv.predict)=80.73%
[ 2019-09-20 16:23:29,051][kfold_wrapper.log_eval_metrics] Accuracy(layer_2 - estimator_2 - 5_folds.train_0.predict)=82.32%
[ 2019-09-20 16:23:29,286][kfold_wrapper.log_eval_metrics] Accuracy(layer_2 - estimator_2 - 5_folds.train_1.predict)=79.56%
[ 2019-09-20 16:23:29,534][kfold_wrapper.log_eval_metrics] Accuracy(layer_2 - estimator_2 - 5_folds.train_2.predict)=81.77%
[ 2019-09-20 16:23:29,775][kfold_wrapper.log_eval_metrics] Accuracy(layer_2 - estimator_2 - 5_folds.train_3.predict)=83.89%
[ 2019-09-20 16:23:30,012][kfold_wrapper.log_eval_metrics] Accuracy(layer_2 - estimator_2 - 5_folds.train_4.predict)=77.78%
[ 2019-09-20 16:23:30,013][kfold_wrapper.log_eval_metrics] Accuracy(layer_2 - estimator_2 - 5_folds.train_cv.predict)=81.06%
[ 2019-09-20 16:23:30,013][cascade_classifier.calc_accuracy] Accuracy(layer_2 - train.classifier_average)=81.95%
[ 2019-09-20 16:23:30,015][cascade_classifier.fit_transform] [layer=3] look_indexs=[0], X_cur_train.shape=(903, 364), X_cur_test.shape=(0, 364)
[ 2019-09-20 16:23:30,085][kfold_wrapper.log_eval_metrics] Accuracy(layer_3 - estimator_0 - 5_folds.train_0.predict)=83.43%
[ 2019-09-20 16:23:30,157][kfold_wrapper.log_eval_metrics] Accuracy(layer_3 - estimator_0 - 5_folds.train_1.predict)=75.14%
[ 2019-09-20 16:23:30,227][kfold_wrapper.log_eval_metrics] Accuracy(layer_3 - estimator_0 - 5_folds.train_2.predict)=79.56%
[ 2019-09-20 16:23:30,293][kfold_wrapper.log_eval_metrics] Accuracy(layer_3 - estimator_0 - 5_folds.train_3.predict)=82.78%
[ 2019-09-20 16:23:30,357][kfold_wrapper.log_eval_metrics] Accuracy(layer_3 - estimator_0 - 5_folds.train_4.predict)=80.56%
[ 2019-09-20 16:23:30,358][kfold_wrapper.log_eval_metrics] Accuracy(layer_3 - estimator_0 - 5_folds.train_cv.predict)=80.29%
[ 2019-09-20 16:23:30,607][kfold_wrapper.log_eval_metrics] Accuracy(layer_3 - estimator_1 - 5_folds.train_0.predict)=77.90%
[ 2019-09-20 16:23:30,852][kfold_wrapper.log_eval_metrics] Accuracy(layer_3 - estimator_1 - 5_folds.train_1.predict)=80.11%
[ 2019-09-20 16:23:31,093][kfold_wrapper.log_eval_metrics] Accuracy(layer_3 - estimator_1 - 5_folds.train_2.predict)=84.53%
[ 2019-09-20 16:23:31,333][kfold_wrapper.log_eval_metrics] Accuracy(layer_3 - estimator_1 - 5_folds.train_3.predict)=81.67%
[ 2019-09-20 16:23:31,579][kfold_wrapper.log_eval_metrics] Accuracy(layer_3 - estimator_1 - 5_folds.train_4.predict)=84.44%
[ 2019-09-20 16:23:31,579][kfold_wrapper.log_eval_metrics] Accuracy(layer_3 - estimator_1 - 5_folds.train_cv.predict)=81.73%
[ 2019-09-20 16:23:31,821][kfold_wrapper.log_eval_metrics] Accuracy(layer_3 - estimator_2 - 5_folds.train_0.predict)=81.22%
[ 2019-09-20 16:23:32,057][kfold_wrapper.log_eval_metrics] Accuracy(layer_3 - estimator_2 - 5_folds.train_1.predict)=77.90%
[ 2019-09-20 16:23:32,293][kfold_wrapper.log_eval_metrics] Accuracy(layer_3 - estimator_2 - 5_folds.train_2.predict)=86.74%
[ 2019-09-20 16:23:32,540][kfold_wrapper.log_eval_metrics] Accuracy(layer_3 - estimator_2 - 5_folds.train_3.predict)=80.00%
[ 2019-09-20 16:23:32,781][kfold_wrapper.log_eval_metrics] Accuracy(layer_3 - estimator_2 - 5_folds.train_4.predict)=81.67%
[ 2019-09-20 16:23:32,782][kfold_wrapper.log_eval_metrics] Accuracy(layer_3 - estimator_2 - 5_folds.train_cv.predict)=81.51%
[ 2019-09-20 16:23:32,782][cascade_classifier.calc_accuracy] Accuracy(layer_3 - train.classifier_average)=82.17%
[ 2019-09-20 16:23:32,784][cascade_classifier.fit_transform] [layer=4] look_indexs=[0], X_cur_train.shape=(903, 364), X_cur_test.shape=(0, 364)
[ 2019-09-20 16:23:32,856][kfold_wrapper.log_eval_metrics] Accuracy(layer_4 - estimator_0 - 5_folds.train_0.predict)=77.90%
[ 2019-09-20 16:23:32,932][kfold_wrapper.log_eval_metrics] Accuracy(layer_4 - estimator_0 - 5_folds.train_1.predict)=80.11%
[ 2019-09-20 16:23:33,002][kfold_wrapper.log_eval_metrics] Accuracy(layer_4 - estimator_0 - 5_folds.train_2.predict)=86.74%
[ 2019-09-20 16:23:33,068][kfold_wrapper.log_eval_metrics] Accuracy(layer_4 - estimator_0 - 5_folds.train_3.predict)=77.78%
[ 2019-09-20 16:23:33,133][kfold_wrapper.log_eval_metrics] Accuracy(layer_4 - estimator_0 - 5_folds.train_4.predict)=83.33%
[ 2019-09-20 16:23:33,133][kfold_wrapper.log_eval_metrics] Accuracy(layer_4 - estimator_0 - 5_folds.train_cv.predict)=81.17%
[ 2019-09-20 16:23:33,376][kfold_wrapper.log_eval_metrics] Accuracy(layer_4 - estimator_1 - 5_folds.train_0.predict)=82.32%
[ 2019-09-20 16:23:33,618][kfold_wrapper.log_eval_metrics] Accuracy(layer_4 - estimator_1 - 5_folds.train_1.predict)=81.77%
[ 2019-09-20 16:23:33,861][kfold_wrapper.log_eval_metrics] Accuracy(layer_4 - estimator_1 - 5_folds.train_2.predict)=81.22%
[ 2019-09-20 16:23:34,107][kfold_wrapper.log_eval_metrics] Accuracy(layer_4 - estimator_1 - 5_folds.train_3.predict)=82.78%
[ 2019-09-20 16:23:34,352][kfold_wrapper.log_eval_metrics] Accuracy(layer_4 - estimator_1 - 5_folds.train_4.predict)=81.11%
[ 2019-09-20 16:23:34,353][kfold_wrapper.log_eval_metrics] Accuracy(layer_4 - estimator_1 - 5_folds.train_cv.predict)=81.84%
[ 2019-09-20 16:23:34,601][kfold_wrapper.log_eval_metrics] Accuracy(layer_4 - estimator_2 - 5_folds.train_0.predict)=84.53%
[ 2019-09-20 16:23:34,836][kfold_wrapper.log_eval_metrics] Accuracy(layer_4 - estimator_2 - 5_folds.train_1.predict)=80.11%
[ 2019-09-20 16:23:35,074][kfold_wrapper.log_eval_metrics] Accuracy(layer_4 - estimator_2 - 5_folds.train_2.predict)=81.77%
[ 2019-09-20 16:23:35,309][kfold_wrapper.log_eval_metrics] Accuracy(layer_4 - estimator_2 - 5_folds.train_3.predict)=79.44%
[ 2019-09-20 16:23:35,555][kfold_wrapper.log_eval_metrics] Accuracy(layer_4 - estimator_2 - 5_folds.train_4.predict)=83.89%
[ 2019-09-20 16:23:35,556][kfold_wrapper.log_eval_metrics] Accuracy(layer_4 - estimator_2 - 5_folds.train_cv.predict)=81.95%
[ 2019-09-20 16:23:35,556][cascade_classifier.calc_accuracy] Accuracy(layer_4 - train.classifier_average)=82.50%
[ 2019-09-20 16:23:35,558][cascade_classifier.fit_transform] [layer=5] look_indexs=[0], X_cur_train.shape=(903, 364), X_cur_test.shape=(0, 364)
[ 2019-09-20 16:23:35,639][kfold_wrapper.log_eval_metrics] Accuracy(layer_5 - estimator_0 - 5_folds.train_0.predict)=83.43%
[ 2019-09-20 16:23:35,710][kfold_wrapper.log_eval_metrics] Accuracy(layer_5 - estimator_0 - 5_folds.train_1.predict)=81.22%
[ 2019-09-20 16:23:35,776][kfold_wrapper.log_eval_metrics] Accuracy(layer_5 - estimator_0 - 5_folds.train_2.predict)=81.22%
[ 2019-09-20 16:23:35,840][kfold_wrapper.log_eval_metrics] Accuracy(layer_5 - estimator_0 - 5_folds.train_3.predict)=76.67%
[ 2019-09-20 16:23:35,906][kfold_wrapper.log_eval_metrics] Accuracy(layer_5 - estimator_0 - 5_folds.train_4.predict)=76.67%
[ 2019-09-20 16:23:35,907][kfold_wrapper.log_eval_metrics] Accuracy(layer_5 - estimator_0 - 5_folds.train_cv.predict)=79.84%
[ 2019-09-20 16:23:36,153][kfold_wrapper.log_eval_metrics] Accuracy(layer_5 - estimator_1 - 5_folds.train_0.predict)=75.14%
[ 2019-09-20 16:23:36,388][kfold_wrapper.log_eval_metrics] Accuracy(layer_5 - estimator_1 - 5_folds.train_1.predict)=81.22%
[ 2019-09-20 16:23:36,629][kfold_wrapper.log_eval_metrics] Accuracy(layer_5 - estimator_1 - 5_folds.train_2.predict)=84.53%
[ 2019-09-20 16:23:36,870][kfold_wrapper.log_eval_metrics] Accuracy(layer_5 - estimator_1 - 5_folds.train_3.predict)=80.00%
[ 2019-09-20 16:23:37,111][kfold_wrapper.log_eval_metrics] Accuracy(layer_5 - estimator_1 - 5_folds.train_4.predict)=80.00%
[ 2019-09-20 16:23:37,112][kfold_wrapper.log_eval_metrics] Accuracy(layer_5 - estimator_1 - 5_folds.train_cv.predict)=80.18%
[ 2019-09-20 16:23:37,362][kfold_wrapper.log_eval_metrics] Accuracy(layer_5 - estimator_2 - 5_folds.train_0.predict)=79.01%
[ 2019-09-20 16:23:37,609][kfold_wrapper.log_eval_metrics] Accuracy(layer_5 - estimator_2 - 5_folds.train_1.predict)=82.32%
[ 2019-09-20 16:23:37,851][kfold_wrapper.log_eval_metrics] Accuracy(layer_5 - estimator_2 - 5_folds.train_2.predict)=83.98%
[ 2019-09-20 16:23:38,089][kfold_wrapper.log_eval_metrics] Accuracy(layer_5 - estimator_2 - 5_folds.train_3.predict)=83.33%
[ 2019-09-20 16:23:38,324][kfold_wrapper.log_eval_metrics] Accuracy(layer_5 - estimator_2 - 5_folds.train_4.predict)=83.89%
[ 2019-09-20 16:23:38,325][kfold_wrapper.log_eval_metrics] Accuracy(layer_5 - estimator_2 - 5_folds.train_cv.predict)=82.50%
[ 2019-09-20 16:23:38,325][cascade_classifier.calc_accuracy] Accuracy(layer_5 - train.classifier_average)=81.73%
[ 2019-09-20 16:23:38,327][cascade_classifier.fit_transform] [layer=6] look_indexs=[0], X_cur_train.shape=(903, 364), X_cur_test.shape=(0, 364)
[ 2019-09-20 16:23:38,406][kfold_wrapper.log_eval_metrics] Accuracy(layer_6 - estimator_0 - 5_folds.train_0.predict)=81.22%
[ 2019-09-20 16:23:38,486][kfold_wrapper.log_eval_metrics] Accuracy(layer_6 - estimator_0 - 5_folds.train_1.predict)=79.01%
[ 2019-09-20 16:23:38,553][kfold_wrapper.log_eval_metrics] Accuracy(layer_6 - estimator_0 - 5_folds.train_2.predict)=84.53%
[ 2019-09-20 16:23:38,625][kfold_wrapper.log_eval_metrics] Accuracy(layer_6 - estimator_0 - 5_folds.train_3.predict)=78.89%
[ 2019-09-20 16:23:38,695][kfold_wrapper.log_eval_metrics] Accuracy(layer_6 - estimator_0 - 5_folds.train_4.predict)=82.78%
[ 2019-09-20 16:23:38,695][kfold_wrapper.log_eval_metrics] Accuracy(layer_6 - estimator_0 - 5_folds.train_cv.predict)=81.28%
[ 2019-09-20 16:23:38,930][kfold_wrapper.log_eval_metrics] Accuracy(layer_6 - estimator_1 - 5_folds.train_0.predict)=82.87%
[ 2019-09-20 16:23:39,165][kfold_wrapper.log_eval_metrics] Accuracy(layer_6 - estimator_1 - 5_folds.train_1.predict)=79.01%
[ 2019-09-20 16:23:39,407][kfold_wrapper.log_eval_metrics] Accuracy(layer_6 - estimator_1 - 5_folds.train_2.predict)=80.66%
[ 2019-09-20 16:23:39,643][kfold_wrapper.log_eval_metrics] Accuracy(layer_6 - estimator_1 - 5_folds.train_3.predict)=76.67%
[ 2019-09-20 16:23:39,879][kfold_wrapper.log_eval_metrics] Accuracy(layer_6 - estimator_1 - 5_folds.train_4.predict)=83.33%
[ 2019-09-20 16:23:39,879][kfold_wrapper.log_eval_metrics] Accuracy(layer_6 - estimator_1 - 5_folds.train_cv.predict)=80.51%
[ 2019-09-20 16:23:40,119][kfold_wrapper.log_eval_metrics] Accuracy(layer_6 - estimator_2 - 5_folds.train_0.predict)=81.77%
[ 2019-09-20 16:23:40,358][kfold_wrapper.log_eval_metrics] Accuracy(layer_6 - estimator_2 - 5_folds.train_1.predict)=81.22%
[ 2019-09-20 16:23:40,600][kfold_wrapper.log_eval_metrics] Accuracy(layer_6 - estimator_2 - 5_folds.train_2.predict)=80.11%
[ 2019-09-20 16:23:40,835][kfold_wrapper.log_eval_metrics] Accuracy(layer_6 - estimator_2 - 5_folds.train_3.predict)=80.00%
[ 2019-09-20 16:23:41,082][kfold_wrapper.log_eval_metrics] Accuracy(layer_6 - estimator_2 - 5_folds.train_4.predict)=80.00%
[ 2019-09-20 16:23:41,082][kfold_wrapper.log_eval_metrics] Accuracy(layer_6 - estimator_2 - 5_folds.train_cv.predict)=80.62%
[ 2019-09-20 16:23:41,083][cascade_classifier.calc_accuracy] Accuracy(layer_6 - train.classifier_average)=81.73%
[ 2019-09-20 16:23:41,083][cascade_classifier.fit_transform] [Result][Optimal Level Detected] opt_layer_num=2, accuracy_train=82.83%, accuracy_test=0.00%
[ 2019-09-20 16:23:41,098][cascade_classifier.transform] X_groups_test.shape=[(101, 358)]
[ 2019-09-20 16:23:41,099][cascade_classifier.transform] group_dims=[358]
[ 2019-09-20 16:23:41,099][cascade_classifier.transform] X_test.shape=(101, 358)
[ 2019-09-20 16:23:41,100][cascade_classifier.transform] [layer=0] look_indexs=[0], X_cur_test.shape=(101, 358)
[ 2019-09-20 16:23:42,164][cascade_classifier.transform] [layer=1] look_indexs=[0], X_cur_test.shape=(101, 364)
[ 2019-09-20 16:23:43,223][cascade_classifier.transform] X_groups_test.shape=[(101, 358)]
[ 2019-09-20 16:23:43,224][cascade_classifier.transform] group_dims=[358]
[ 2019-09-20 16:23:43,224][cascade_classifier.transform] X_test.shape=(101, 358)
[ 2019-09-20 16:23:43,224][cascade_classifier.transform] [layer=0] look_indexs=[0], X_cur_test.shape=(101, 358)
[ 2019-09-20 16:23:44,288][cascade_classifier.transform] [layer=1] look_indexs=[0], X_cur_test.shape=(101, 364)
