[ 2019-12-16 13:59:59,382][cascade_classifier.fit_transform] X_groups_train.shape=[(774, 358)],y_train.shape=(774,),X_groups_test.shape=[(87, 358)],y_test.shape=(87,)
[ 2019-12-16 13:59:59,385][cascade_classifier.fit_transform] group_dims=[358]
[ 2019-12-16 13:59:59,386][cascade_classifier.fit_transform] group_starts=[0]
[ 2019-12-16 13:59:59,386][cascade_classifier.fit_transform] group_ends=[358]
[ 2019-12-16 13:59:59,386][cascade_classifier.fit_transform] X_train.shape=(774, 358),X_test.shape=(87, 358)
[ 2019-12-16 13:59:59,389][cascade_classifier.fit_transform] [layer=0] look_indexs=[0], X_cur_train.shape=(774, 358), X_cur_test.shape=(87, 358)
[ 2019-12-16 14:00:00,805][kfold_wrapper.log_eval_metrics] Accuracy(layer_0 - estimator_0 - 3_folds.train_0.predict)=74.13%
[ 2019-12-16 14:00:02,397][kfold_wrapper.log_eval_metrics] Accuracy(layer_0 - estimator_0 - 3_folds.train_1.predict)=80.62%
[ 2019-12-16 14:00:04,009][kfold_wrapper.log_eval_metrics] Accuracy(layer_0 - estimator_0 - 3_folds.train_2.predict)=75.49%
[ 2019-12-16 14:00:04,218][kfold_wrapper.log_eval_metrics] Accuracy(layer_0 - estimator_0 - 3_folds.train_cv.predict)=76.74%
[ 2019-12-16 14:00:04,219][kfold_wrapper.log_eval_metrics] Accuracy(layer_0 - estimator_0 - 3_folds.test.predict)=82.76%
[ 2019-12-16 14:00:05,879][kfold_wrapper.log_eval_metrics] Accuracy(layer_0 - estimator_1 - 3_folds.train_0.predict)=77.22%
[ 2019-12-16 14:00:07,824][kfold_wrapper.log_eval_metrics] Accuracy(layer_0 - estimator_1 - 3_folds.train_1.predict)=82.17%
[ 2019-12-16 14:00:09,683][kfold_wrapper.log_eval_metrics] Accuracy(layer_0 - estimator_1 - 3_folds.train_2.predict)=78.99%
[ 2019-12-16 14:00:09,892][kfold_wrapper.log_eval_metrics] Accuracy(layer_0 - estimator_1 - 3_folds.train_cv.predict)=79.46%
[ 2019-12-16 14:00:09,892][kfold_wrapper.log_eval_metrics] Accuracy(layer_0 - estimator_1 - 3_folds.test.predict)=81.61%
[ 2019-12-16 14:00:09,893][cascade_classifier.calc_accuracy] Accuracy(layer_0 - train.classifier_average)=79.33%
[ 2019-12-16 14:00:09,893][cascade_classifier.calc_accuracy] Accuracy(layer_0 - test.classifier_average)=86.21%
[ 2019-12-16 14:00:09,896][cascade_classifier.fit_transform] [layer=1] look_indexs=[0], X_cur_train.shape=(774, 362), X_cur_test.shape=(87, 362)
[ 2019-12-16 14:00:11,297][kfold_wrapper.log_eval_metrics] Accuracy(layer_1 - estimator_0 - 3_folds.train_0.predict)=75.68%
[ 2019-12-16 14:00:12,884][kfold_wrapper.log_eval_metrics] Accuracy(layer_1 - estimator_0 - 3_folds.train_1.predict)=79.46%
[ 2019-12-16 14:00:14,470][kfold_wrapper.log_eval_metrics] Accuracy(layer_1 - estimator_0 - 3_folds.train_2.predict)=77.82%
[ 2019-12-16 14:00:14,682][kfold_wrapper.log_eval_metrics] Accuracy(layer_1 - estimator_0 - 3_folds.train_cv.predict)=77.65%
[ 2019-12-16 14:00:14,683][kfold_wrapper.log_eval_metrics] Accuracy(layer_1 - estimator_0 - 3_folds.test.predict)=82.76%
[ 2019-12-16 14:00:16,338][kfold_wrapper.log_eval_metrics] Accuracy(layer_1 - estimator_1 - 3_folds.train_0.predict)=81.85%
[ 2019-12-16 14:00:18,292][kfold_wrapper.log_eval_metrics] Accuracy(layer_1 - estimator_1 - 3_folds.train_1.predict)=81.40%
[ 2019-12-16 14:00:20,138][kfold_wrapper.log_eval_metrics] Accuracy(layer_1 - estimator_1 - 3_folds.train_2.predict)=76.65%
[ 2019-12-16 14:00:20,347][kfold_wrapper.log_eval_metrics] Accuracy(layer_1 - estimator_1 - 3_folds.train_cv.predict)=79.97%
[ 2019-12-16 14:00:20,347][kfold_wrapper.log_eval_metrics] Accuracy(layer_1 - estimator_1 - 3_folds.test.predict)=81.61%
[ 2019-12-16 14:00:20,348][cascade_classifier.calc_accuracy] Accuracy(layer_1 - train.classifier_average)=80.36%
[ 2019-12-16 14:00:20,348][cascade_classifier.calc_accuracy] Accuracy(layer_1 - test.classifier_average)=83.91%
[ 2019-12-16 14:00:20,350][cascade_classifier.fit_transform] [layer=2] look_indexs=[0], X_cur_train.shape=(774, 362), X_cur_test.shape=(87, 362)
[ 2019-12-16 14:00:21,756][kfold_wrapper.log_eval_metrics] Accuracy(layer_2 - estimator_0 - 3_folds.train_0.predict)=76.06%
[ 2019-12-16 14:00:23,360][kfold_wrapper.log_eval_metrics] Accuracy(layer_2 - estimator_0 - 3_folds.train_1.predict)=77.91%
[ 2019-12-16 14:00:24,971][kfold_wrapper.log_eval_metrics] Accuracy(layer_2 - estimator_0 - 3_folds.train_2.predict)=78.99%
[ 2019-12-16 14:00:25,180][kfold_wrapper.log_eval_metrics] Accuracy(layer_2 - estimator_0 - 3_folds.train_cv.predict)=77.65%
[ 2019-12-16 14:00:25,181][kfold_wrapper.log_eval_metrics] Accuracy(layer_2 - estimator_0 - 3_folds.test.predict)=82.76%
[ 2019-12-16 14:00:26,962][kfold_wrapper.log_eval_metrics] Accuracy(layer_2 - estimator_1 - 3_folds.train_0.predict)=81.47%
[ 2019-12-16 14:00:28,829][kfold_wrapper.log_eval_metrics] Accuracy(layer_2 - estimator_1 - 3_folds.train_1.predict)=81.78%
[ 2019-12-16 14:00:30,665][kfold_wrapper.log_eval_metrics] Accuracy(layer_2 - estimator_1 - 3_folds.train_2.predict)=79.77%
[ 2019-12-16 14:00:30,871][kfold_wrapper.log_eval_metrics] Accuracy(layer_2 - estimator_1 - 3_folds.train_cv.predict)=81.01%
[ 2019-12-16 14:00:30,872][kfold_wrapper.log_eval_metrics] Accuracy(layer_2 - estimator_1 - 3_folds.test.predict)=82.76%
[ 2019-12-16 14:00:30,872][cascade_classifier.calc_accuracy] Accuracy(layer_2 - train.classifier_average)=80.88%
[ 2019-12-16 14:00:30,872][cascade_classifier.calc_accuracy] Accuracy(layer_2 - test.classifier_average)=83.91%
[ 2019-12-16 14:00:30,875][cascade_classifier.fit_transform] [layer=3] look_indexs=[0], X_cur_train.shape=(774, 362), X_cur_test.shape=(87, 362)
[ 2019-12-16 14:00:32,291][kfold_wrapper.log_eval_metrics] Accuracy(layer_3 - estimator_0 - 3_folds.train_0.predict)=76.83%
[ 2019-12-16 14:00:33,884][kfold_wrapper.log_eval_metrics] Accuracy(layer_3 - estimator_0 - 3_folds.train_1.predict)=78.68%
[ 2019-12-16 14:00:35,588][kfold_wrapper.log_eval_metrics] Accuracy(layer_3 - estimator_0 - 3_folds.train_2.predict)=78.99%
[ 2019-12-16 14:00:35,898][kfold_wrapper.log_eval_metrics] Accuracy(layer_3 - estimator_0 - 3_folds.train_cv.predict)=78.17%
[ 2019-12-16 14:00:35,898][kfold_wrapper.log_eval_metrics] Accuracy(layer_3 - estimator_0 - 3_folds.test.predict)=82.76%
[ 2019-12-16 14:00:37,577][kfold_wrapper.log_eval_metrics] Accuracy(layer_3 - estimator_1 - 3_folds.train_0.predict)=83.01%
[ 2019-12-16 14:00:39,424][kfold_wrapper.log_eval_metrics] Accuracy(layer_3 - estimator_1 - 3_folds.train_1.predict)=81.01%
[ 2019-12-16 14:00:41,402][kfold_wrapper.log_eval_metrics] Accuracy(layer_3 - estimator_1 - 3_folds.train_2.predict)=80.54%
[ 2019-12-16 14:00:41,614][kfold_wrapper.log_eval_metrics] Accuracy(layer_3 - estimator_1 - 3_folds.train_cv.predict)=81.52%
[ 2019-12-16 14:00:41,615][kfold_wrapper.log_eval_metrics] Accuracy(layer_3 - estimator_1 - 3_folds.test.predict)=83.91%
[ 2019-12-16 14:00:41,615][cascade_classifier.calc_accuracy] Accuracy(layer_3 - train.classifier_average)=80.88%
[ 2019-12-16 14:00:41,616][cascade_classifier.calc_accuracy] Accuracy(layer_3 - test.classifier_average)=83.91%
[ 2019-12-16 14:00:41,618][cascade_classifier.fit_transform] [layer=4] look_indexs=[0], X_cur_train.shape=(774, 362), X_cur_test.shape=(87, 362)
[ 2019-12-16 14:00:43,054][kfold_wrapper.log_eval_metrics] Accuracy(layer_4 - estimator_0 - 3_folds.train_0.predict)=78.38%
[ 2019-12-16 14:00:44,666][kfold_wrapper.log_eval_metrics] Accuracy(layer_4 - estimator_0 - 3_folds.train_1.predict)=79.46%
[ 2019-12-16 14:00:46,368][kfold_wrapper.log_eval_metrics] Accuracy(layer_4 - estimator_0 - 3_folds.train_2.predict)=77.82%
[ 2019-12-16 14:00:46,580][kfold_wrapper.log_eval_metrics] Accuracy(layer_4 - estimator_0 - 3_folds.train_cv.predict)=78.55%
[ 2019-12-16 14:00:46,580][kfold_wrapper.log_eval_metrics] Accuracy(layer_4 - estimator_0 - 3_folds.test.predict)=82.76%
[ 2019-12-16 14:00:48,251][kfold_wrapper.log_eval_metrics] Accuracy(layer_4 - estimator_1 - 3_folds.train_0.predict)=79.54%
[ 2019-12-16 14:00:50,152][kfold_wrapper.log_eval_metrics] Accuracy(layer_4 - estimator_1 - 3_folds.train_1.predict)=84.11%
[ 2019-12-16 14:00:52,023][kfold_wrapper.log_eval_metrics] Accuracy(layer_4 - estimator_1 - 3_folds.train_2.predict)=82.10%
[ 2019-12-16 14:00:52,235][kfold_wrapper.log_eval_metrics] Accuracy(layer_4 - estimator_1 - 3_folds.train_cv.predict)=81.91%
[ 2019-12-16 14:00:52,235][kfold_wrapper.log_eval_metrics] Accuracy(layer_4 - estimator_1 - 3_folds.test.predict)=85.06%
[ 2019-12-16 14:00:52,235][cascade_classifier.calc_accuracy] Accuracy(layer_4 - train.classifier_average)=81.52%
[ 2019-12-16 14:00:52,235][cascade_classifier.calc_accuracy] Accuracy(layer_4 - test.classifier_average)=83.91%
[ 2019-12-16 14:00:52,238][cascade_classifier.fit_transform] [layer=5] look_indexs=[0], X_cur_train.shape=(774, 362), X_cur_test.shape=(87, 362)
[ 2019-12-16 14:00:53,740][kfold_wrapper.log_eval_metrics] Accuracy(layer_5 - estimator_0 - 3_folds.train_0.predict)=76.06%
[ 2019-12-16 14:00:55,470][kfold_wrapper.log_eval_metrics] Accuracy(layer_5 - estimator_0 - 3_folds.train_1.predict)=76.74%
[ 2019-12-16 14:00:57,202][kfold_wrapper.log_eval_metrics] Accuracy(layer_5 - estimator_0 - 3_folds.train_2.predict)=77.43%
[ 2019-12-16 14:00:57,412][kfold_wrapper.log_eval_metrics] Accuracy(layer_5 - estimator_0 - 3_folds.train_cv.predict)=76.74%
[ 2019-12-16 14:00:57,412][kfold_wrapper.log_eval_metrics] Accuracy(layer_5 - estimator_0 - 3_folds.test.predict)=82.76%
[ 2019-12-16 14:00:59,068][kfold_wrapper.log_eval_metrics] Accuracy(layer_5 - estimator_1 - 3_folds.train_0.predict)=81.08%
[ 2019-12-16 14:01:00,928][kfold_wrapper.log_eval_metrics] Accuracy(layer_5 - estimator_1 - 3_folds.train_1.predict)=78.68%
[ 2019-12-16 14:01:02,784][kfold_wrapper.log_eval_metrics] Accuracy(layer_5 - estimator_1 - 3_folds.train_2.predict)=82.88%
[ 2019-12-16 14:01:03,005][kfold_wrapper.log_eval_metrics] Accuracy(layer_5 - estimator_1 - 3_folds.train_cv.predict)=80.88%
[ 2019-12-16 14:01:03,005][kfold_wrapper.log_eval_metrics] Accuracy(layer_5 - estimator_1 - 3_folds.test.predict)=83.91%
[ 2019-12-16 14:01:03,005][cascade_classifier.calc_accuracy] Accuracy(layer_5 - train.classifier_average)=80.36%
[ 2019-12-16 14:01:03,006][cascade_classifier.calc_accuracy] Accuracy(layer_5 - test.classifier_average)=83.91%
[ 2019-12-16 14:01:03,009][cascade_classifier.fit_transform] [layer=6] look_indexs=[0], X_cur_train.shape=(774, 362), X_cur_test.shape=(87, 362)
[ 2019-12-16 14:01:04,515][kfold_wrapper.log_eval_metrics] Accuracy(layer_6 - estimator_0 - 3_folds.train_0.predict)=79.15%
[ 2019-12-16 14:01:06,212][kfold_wrapper.log_eval_metrics] Accuracy(layer_6 - estimator_0 - 3_folds.train_1.predict)=79.84%
[ 2019-12-16 14:01:07,916][kfold_wrapper.log_eval_metrics] Accuracy(layer_6 - estimator_0 - 3_folds.train_2.predict)=77.82%
[ 2019-12-16 14:01:08,128][kfold_wrapper.log_eval_metrics] Accuracy(layer_6 - estimator_0 - 3_folds.train_cv.predict)=78.94%
[ 2019-12-16 14:01:08,128][kfold_wrapper.log_eval_metrics] Accuracy(layer_6 - estimator_0 - 3_folds.test.predict)=81.61%
[ 2019-12-16 14:01:09,791][kfold_wrapper.log_eval_metrics] Accuracy(layer_6 - estimator_1 - 3_folds.train_0.predict)=79.15%
[ 2019-12-16 14:01:11,752][kfold_wrapper.log_eval_metrics] Accuracy(layer_6 - estimator_1 - 3_folds.train_1.predict)=76.74%
[ 2019-12-16 14:01:13,617][kfold_wrapper.log_eval_metrics] Accuracy(layer_6 - estimator_1 - 3_folds.train_2.predict)=83.66%
[ 2019-12-16 14:01:13,828][kfold_wrapper.log_eval_metrics] Accuracy(layer_6 - estimator_1 - 3_folds.train_cv.predict)=79.84%
[ 2019-12-16 14:01:13,828][kfold_wrapper.log_eval_metrics] Accuracy(layer_6 - estimator_1 - 3_folds.test.predict)=85.06%
[ 2019-12-16 14:01:13,828][cascade_classifier.calc_accuracy] Accuracy(layer_6 - train.classifier_average)=80.36%
[ 2019-12-16 14:01:13,829][cascade_classifier.calc_accuracy] Accuracy(layer_6 - test.classifier_average)=83.91%
[ 2019-12-16 14:01:13,831][cascade_classifier.fit_transform] [layer=7] look_indexs=[0], X_cur_train.shape=(774, 362), X_cur_test.shape=(87, 362)
[ 2019-12-16 14:01:15,353][kfold_wrapper.log_eval_metrics] Accuracy(layer_7 - estimator_0 - 3_folds.train_0.predict)=76.06%
[ 2019-12-16 14:01:17,153][kfold_wrapper.log_eval_metrics] Accuracy(layer_7 - estimator_0 - 3_folds.train_1.predict)=76.36%
[ 2019-12-16 14:01:18,970][kfold_wrapper.log_eval_metrics] Accuracy(layer_7 - estimator_0 - 3_folds.train_2.predict)=78.60%
[ 2019-12-16 14:01:19,188][kfold_wrapper.log_eval_metrics] Accuracy(layer_7 - estimator_0 - 3_folds.train_cv.predict)=77.00%
[ 2019-12-16 14:01:19,188][kfold_wrapper.log_eval_metrics] Accuracy(layer_7 - estimator_0 - 3_folds.test.predict)=83.91%
[ 2019-12-16 14:01:20,841][kfold_wrapper.log_eval_metrics] Accuracy(layer_7 - estimator_1 - 3_folds.train_0.predict)=79.15%
[ 2019-12-16 14:01:22,786][kfold_wrapper.log_eval_metrics] Accuracy(layer_7 - estimator_1 - 3_folds.train_1.predict)=84.11%
[ 2019-12-16 14:01:24,753][kfold_wrapper.log_eval_metrics] Accuracy(layer_7 - estimator_1 - 3_folds.train_2.predict)=77.82%
[ 2019-12-16 14:01:24,963][kfold_wrapper.log_eval_metrics] Accuracy(layer_7 - estimator_1 - 3_folds.train_cv.predict)=80.36%
[ 2019-12-16 14:01:24,963][kfold_wrapper.log_eval_metrics] Accuracy(layer_7 - estimator_1 - 3_folds.test.predict)=83.91%
[ 2019-12-16 14:01:24,964][cascade_classifier.calc_accuracy] Accuracy(layer_7 - train.classifier_average)=80.10%
[ 2019-12-16 14:01:24,964][cascade_classifier.calc_accuracy] Accuracy(layer_7 - test.classifier_average)=85.06%
[ 2019-12-16 14:01:24,967][cascade_classifier.fit_transform] [layer=8] look_indexs=[0], X_cur_train.shape=(774, 362), X_cur_test.shape=(87, 362)
[ 2019-12-16 14:01:26,565][kfold_wrapper.log_eval_metrics] Accuracy(layer_8 - estimator_0 - 3_folds.train_0.predict)=75.68%
[ 2019-12-16 14:01:28,370][kfold_wrapper.log_eval_metrics] Accuracy(layer_8 - estimator_0 - 3_folds.train_1.predict)=78.29%
[ 2019-12-16 14:01:30,259][kfold_wrapper.log_eval_metrics] Accuracy(layer_8 - estimator_0 - 3_folds.train_2.predict)=78.21%
[ 2019-12-16 14:01:30,470][kfold_wrapper.log_eval_metrics] Accuracy(layer_8 - estimator_0 - 3_folds.train_cv.predict)=77.39%
[ 2019-12-16 14:01:30,470][kfold_wrapper.log_eval_metrics] Accuracy(layer_8 - estimator_0 - 3_folds.test.predict)=81.61%
[ 2019-12-16 14:01:32,236][kfold_wrapper.log_eval_metrics] Accuracy(layer_8 - estimator_1 - 3_folds.train_0.predict)=78.38%
[ 2019-12-16 14:01:34,093][kfold_wrapper.log_eval_metrics] Accuracy(layer_8 - estimator_1 - 3_folds.train_1.predict)=80.62%
[ 2019-12-16 14:01:35,965][kfold_wrapper.log_eval_metrics] Accuracy(layer_8 - estimator_1 - 3_folds.train_2.predict)=82.88%
[ 2019-12-16 14:01:36,184][kfold_wrapper.log_eval_metrics] Accuracy(layer_8 - estimator_1 - 3_folds.train_cv.predict)=80.62%
[ 2019-12-16 14:01:36,184][kfold_wrapper.log_eval_metrics] Accuracy(layer_8 - estimator_1 - 3_folds.test.predict)=81.61%
[ 2019-12-16 14:01:36,191][cascade_classifier.calc_accuracy] Accuracy(layer_8 - train.classifier_average)=80.23%
[ 2019-12-16 14:01:36,191][cascade_classifier.calc_accuracy] Accuracy(layer_8 - test.classifier_average)=82.76%
[ 2019-12-16 14:01:36,191][cascade_classifier.fit_transform] [Result][Optimal Level Detected] opt_layer_num=5, accuracy_train=81.52%, accuracy_test=83.91%
[ 2019-12-16 14:01:36,783][cascade_classifier.transform] X_groups_test.shape=[(87, 358)]
[ 2019-12-16 14:01:36,784][cascade_classifier.transform] group_dims=[358]
[ 2019-12-16 14:01:36,784][cascade_classifier.transform] X_test.shape=(87, 358)
[ 2019-12-16 14:01:36,785][cascade_classifier.transform] [layer=0] look_indexs=[0], X_cur_test.shape=(87, 358)
[ 2019-12-16 14:01:38,032][cascade_classifier.transform] [layer=1] look_indexs=[0], X_cur_test.shape=(87, 362)
[ 2019-12-16 14:01:39,310][cascade_classifier.transform] [layer=2] look_indexs=[0], X_cur_test.shape=(87, 362)
[ 2019-12-16 14:01:40,572][cascade_classifier.transform] [layer=3] look_indexs=[0], X_cur_test.shape=(87, 362)
[ 2019-12-16 14:01:41,828][cascade_classifier.transform] [layer=4] look_indexs=[0], X_cur_test.shape=(87, 362)
[ 2019-12-16 14:01:43,185][cascade_classifier.transform] X_groups_test.shape=[(87, 358)]
[ 2019-12-16 14:01:43,185][cascade_classifier.transform] group_dims=[358]
[ 2019-12-16 14:01:43,186][cascade_classifier.transform] X_test.shape=(87, 358)
[ 2019-12-16 14:01:43,186][cascade_classifier.transform] [layer=0] look_indexs=[0], X_cur_test.shape=(87, 358)
[ 2019-12-16 14:01:44,442][cascade_classifier.transform] [layer=1] look_indexs=[0], X_cur_test.shape=(87, 362)
[ 2019-12-16 14:01:45,698][cascade_classifier.transform] [layer=2] look_indexs=[0], X_cur_test.shape=(87, 362)
[ 2019-12-16 14:01:46,953][cascade_classifier.transform] [layer=3] look_indexs=[0], X_cur_test.shape=(87, 362)
[ 2019-12-16 14:01:48,214][cascade_classifier.transform] [layer=4] look_indexs=[0], X_cur_test.shape=(87, 362)
[ 2019-12-16 14:01:49,769][cascade_classifier.fit_transform] X_groups_train.shape=[(774, 358)],y_train.shape=(774,),X_groups_test.shape=[(87, 358)],y_test.shape=(87,)
[ 2019-12-16 14:01:49,772][cascade_classifier.fit_transform] group_dims=[358]
[ 2019-12-16 14:01:49,774][cascade_classifier.fit_transform] group_starts=[0]
[ 2019-12-16 14:01:49,774][cascade_classifier.fit_transform] group_ends=[358]
[ 2019-12-16 14:01:49,775][cascade_classifier.fit_transform] X_train.shape=(774, 358),X_test.shape=(87, 358)
[ 2019-12-16 14:01:49,777][cascade_classifier.fit_transform] [layer=0] look_indexs=[0], X_cur_train.shape=(774, 358), X_cur_test.shape=(87, 358)
[ 2019-12-16 14:01:51,177][kfold_wrapper.log_eval_metrics] Accuracy(layer_0 - estimator_0 - 3_folds.train_0.predict)=76.36%
[ 2019-12-16 14:01:52,773][kfold_wrapper.log_eval_metrics] Accuracy(layer_0 - estimator_0 - 3_folds.train_1.predict)=79.84%
[ 2019-12-16 14:01:54,397][kfold_wrapper.log_eval_metrics] Accuracy(layer_0 - estimator_0 - 3_folds.train_2.predict)=76.74%
[ 2019-12-16 14:01:54,613][kfold_wrapper.log_eval_metrics] Accuracy(layer_0 - estimator_0 - 3_folds.train_cv.predict)=77.65%
[ 2019-12-16 14:01:54,613][kfold_wrapper.log_eval_metrics] Accuracy(layer_0 - estimator_0 - 3_folds.test.predict)=79.31%
[ 2019-12-16 14:01:56,288][kfold_wrapper.log_eval_metrics] Accuracy(layer_0 - estimator_1 - 3_folds.train_0.predict)=77.91%
[ 2019-12-16 14:01:58,123][kfold_wrapper.log_eval_metrics] Accuracy(layer_0 - estimator_1 - 3_folds.train_1.predict)=82.17%
[ 2019-12-16 14:01:59,980][kfold_wrapper.log_eval_metrics] Accuracy(layer_0 - estimator_1 - 3_folds.train_2.predict)=80.62%
[ 2019-12-16 14:02:00,186][kfold_wrapper.log_eval_metrics] Accuracy(layer_0 - estimator_1 - 3_folds.train_cv.predict)=80.23%
[ 2019-12-16 14:02:00,187][kfold_wrapper.log_eval_metrics] Accuracy(layer_0 - estimator_1 - 3_folds.test.predict)=82.76%
[ 2019-12-16 14:02:00,187][cascade_classifier.calc_accuracy] Accuracy(layer_0 - train.classifier_average)=79.97%
[ 2019-12-16 14:02:00,188][cascade_classifier.calc_accuracy] Accuracy(layer_0 - test.classifier_average)=81.61%
[ 2019-12-16 14:02:00,190][cascade_classifier.fit_transform] [layer=1] look_indexs=[0], X_cur_train.shape=(774, 362), X_cur_test.shape=(87, 362)
[ 2019-12-16 14:02:01,605][kfold_wrapper.log_eval_metrics] Accuracy(layer_1 - estimator_0 - 3_folds.train_0.predict)=77.52%
[ 2019-12-16 14:02:03,209][kfold_wrapper.log_eval_metrics] Accuracy(layer_1 - estimator_0 - 3_folds.train_1.predict)=76.36%
