[ 2019-12-15 19:00:45,965][cascade_classifier.fit_transform] X_groups_train.shape=[(774, 358)],y_train.shape=(774,),X_groups_test.shape=[(87, 358)],y_test.shape=(87,)
[ 2019-12-15 19:00:45,967][cascade_classifier.fit_transform] group_dims=[358]
[ 2019-12-15 19:00:45,968][cascade_classifier.fit_transform] group_starts=[0]
[ 2019-12-15 19:00:45,968][cascade_classifier.fit_transform] group_ends=[358]
[ 2019-12-15 19:00:45,968][cascade_classifier.fit_transform] X_train.shape=(774, 358),X_test.shape=(87, 358)
[ 2019-12-15 19:00:45,970][cascade_classifier.fit_transform] [layer=0] look_indexs=[0], X_cur_train.shape=(774, 358), X_cur_test.shape=(87, 358)
[ 2019-12-15 19:00:47,099][kfold_wrapper.log_eval_metrics] Accuracy(layer_0 - estimator_0 - 5_folds.train_0.predict)=79.49%
[ 2019-12-15 19:00:48,405][kfold_wrapper.log_eval_metrics] Accuracy(layer_0 - estimator_0 - 5_folds.train_1.predict)=77.42%
[ 2019-12-15 19:00:49,611][kfold_wrapper.log_eval_metrics] Accuracy(layer_0 - estimator_0 - 5_folds.train_2.predict)=84.52%
[ 2019-12-15 19:00:50,919][kfold_wrapper.log_eval_metrics] Accuracy(layer_0 - estimator_0 - 5_folds.train_3.predict)=83.12%
[ 2019-12-15 19:00:52,220][kfold_wrapper.log_eval_metrics] Accuracy(layer_0 - estimator_0 - 5_folds.train_4.predict)=79.87%
[ 2019-12-15 19:00:52,337][kfold_wrapper.log_eval_metrics] Accuracy(layer_0 - estimator_0 - 5_folds.train_cv.predict)=80.88%
[ 2019-12-15 19:00:52,338][kfold_wrapper.log_eval_metrics] Accuracy(layer_0 - estimator_0 - 5_folds.test.predict)=85.06%
[ 2019-12-15 19:00:53,303][kfold_wrapper.log_eval_metrics] Accuracy(layer_0 - estimator_1 - 5_folds.train_0.predict)=80.77%
[ 2019-12-15 19:00:54,478][kfold_wrapper.log_eval_metrics] Accuracy(layer_0 - estimator_1 - 5_folds.train_1.predict)=86.45%
[ 2019-12-15 19:00:55,661][kfold_wrapper.log_eval_metrics] Accuracy(layer_0 - estimator_1 - 5_folds.train_2.predict)=80.00%
[ 2019-12-15 19:00:56,642][kfold_wrapper.log_eval_metrics] Accuracy(layer_0 - estimator_1 - 5_folds.train_3.predict)=81.17%
[ 2019-12-15 19:00:57,818][kfold_wrapper.log_eval_metrics] Accuracy(layer_0 - estimator_1 - 5_folds.train_4.predict)=81.17%
[ 2019-12-15 19:00:58,025][kfold_wrapper.log_eval_metrics] Accuracy(layer_0 - estimator_1 - 5_folds.train_cv.predict)=81.91%
[ 2019-12-15 19:00:58,026][kfold_wrapper.log_eval_metrics] Accuracy(layer_0 - estimator_1 - 5_folds.test.predict)=85.06%
[ 2019-12-15 19:01:01,269][kfold_wrapper.log_eval_metrics] Accuracy(layer_0 - estimator_2 - 5_folds.train_0.predict)=83.33%
[ 2019-12-15 19:01:04,570][kfold_wrapper.log_eval_metrics] Accuracy(layer_0 - estimator_2 - 5_folds.train_1.predict)=77.42%
[ 2019-12-15 19:01:07,843][kfold_wrapper.log_eval_metrics] Accuracy(layer_0 - estimator_2 - 5_folds.train_2.predict)=77.42%
[ 2019-12-15 19:01:11,135][kfold_wrapper.log_eval_metrics] Accuracy(layer_0 - estimator_2 - 5_folds.train_3.predict)=83.77%
[ 2019-12-15 19:01:14,417][kfold_wrapper.log_eval_metrics] Accuracy(layer_0 - estimator_2 - 5_folds.train_4.predict)=81.82%
[ 2019-12-15 19:01:14,456][kfold_wrapper.log_eval_metrics] Accuracy(layer_0 - estimator_2 - 5_folds.train_cv.predict)=80.75%
[ 2019-12-15 19:01:14,456][kfold_wrapper.log_eval_metrics] Accuracy(layer_0 - estimator_2 - 5_folds.test.predict)=82.76%
[ 2019-12-15 19:01:14,457][cascade_classifier.calc_accuracy] Accuracy(layer_0 - train.classifier_average)=81.78%
[ 2019-12-15 19:01:14,457][cascade_classifier.calc_accuracy] Accuracy(layer_0 - test.classifier_average)=85.06%
[ 2019-12-15 19:01:14,459][cascade_classifier.fit_transform] [layer=1] look_indexs=[0], X_cur_train.shape=(774, 364), X_cur_test.shape=(87, 364)
[ 2019-12-15 19:01:15,558][kfold_wrapper.log_eval_metrics] Accuracy(layer_1 - estimator_0 - 5_folds.train_0.predict)=84.62%
[ 2019-12-15 19:01:16,770][kfold_wrapper.log_eval_metrics] Accuracy(layer_1 - estimator_0 - 5_folds.train_1.predict)=85.81%
[ 2019-12-15 19:01:18,067][kfold_wrapper.log_eval_metrics] Accuracy(layer_1 - estimator_0 - 5_folds.train_2.predict)=80.00%
[ 2019-12-15 19:01:19,371][kfold_wrapper.log_eval_metrics] Accuracy(layer_1 - estimator_0 - 5_folds.train_3.predict)=78.57%
[ 2019-12-15 19:01:20,587][kfold_wrapper.log_eval_metrics] Accuracy(layer_1 - estimator_0 - 5_folds.train_4.predict)=83.12%
[ 2019-12-15 19:01:20,796][kfold_wrapper.log_eval_metrics] Accuracy(layer_1 - estimator_0 - 5_folds.train_cv.predict)=82.43%
[ 2019-12-15 19:01:20,797][kfold_wrapper.log_eval_metrics] Accuracy(layer_1 - estimator_0 - 5_folds.test.predict)=86.21%
[ 2019-12-15 19:01:21,780][kfold_wrapper.log_eval_metrics] Accuracy(layer_1 - estimator_1 - 5_folds.train_0.predict)=84.62%
[ 2019-12-15 19:01:22,954][kfold_wrapper.log_eval_metrics] Accuracy(layer_1 - estimator_1 - 5_folds.train_1.predict)=78.71%
[ 2019-12-15 19:01:24,162][kfold_wrapper.log_eval_metrics] Accuracy(layer_1 - estimator_1 - 5_folds.train_2.predict)=84.52%
[ 2019-12-15 19:01:25,241][kfold_wrapper.log_eval_metrics] Accuracy(layer_1 - estimator_1 - 5_folds.train_3.predict)=82.47%
[ 2019-12-15 19:01:26,429][kfold_wrapper.log_eval_metrics] Accuracy(layer_1 - estimator_1 - 5_folds.train_4.predict)=80.52%
[ 2019-12-15 19:01:26,642][kfold_wrapper.log_eval_metrics] Accuracy(layer_1 - estimator_1 - 5_folds.train_cv.predict)=82.17%
[ 2019-12-15 19:01:26,643][kfold_wrapper.log_eval_metrics] Accuracy(layer_1 - estimator_1 - 5_folds.test.predict)=85.06%
[ 2019-12-15 19:01:29,936][kfold_wrapper.log_eval_metrics] Accuracy(layer_1 - estimator_2 - 5_folds.train_0.predict)=83.97%
[ 2019-12-15 19:01:33,276][kfold_wrapper.log_eval_metrics] Accuracy(layer_1 - estimator_2 - 5_folds.train_1.predict)=81.94%
[ 2019-12-15 19:01:36,601][kfold_wrapper.log_eval_metrics] Accuracy(layer_1 - estimator_2 - 5_folds.train_2.predict)=78.71%
[ 2019-12-15 19:01:39,956][kfold_wrapper.log_eval_metrics] Accuracy(layer_1 - estimator_2 - 5_folds.train_3.predict)=81.17%
[ 2019-12-15 19:01:43,326][kfold_wrapper.log_eval_metrics] Accuracy(layer_1 - estimator_2 - 5_folds.train_4.predict)=82.47%
[ 2019-12-15 19:01:43,367][kfold_wrapper.log_eval_metrics] Accuracy(layer_1 - estimator_2 - 5_folds.train_cv.predict)=81.65%
[ 2019-12-15 19:01:43,368][kfold_wrapper.log_eval_metrics] Accuracy(layer_1 - estimator_2 - 5_folds.test.predict)=85.06%
[ 2019-12-15 19:01:43,368][cascade_classifier.calc_accuracy] Accuracy(layer_1 - train.classifier_average)=82.30%
[ 2019-12-15 19:01:43,368][cascade_classifier.calc_accuracy] Accuracy(layer_1 - test.classifier_average)=86.21%
[ 2019-12-15 19:01:43,375][cascade_classifier.fit_transform] [layer=2] look_indexs=[0], X_cur_train.shape=(774, 364), X_cur_test.shape=(87, 364)
[ 2019-12-15 19:01:44,471][kfold_wrapper.log_eval_metrics] Accuracy(layer_2 - estimator_0 - 5_folds.train_0.predict)=79.49%
[ 2019-12-15 19:01:45,782][kfold_wrapper.log_eval_metrics] Accuracy(layer_2 - estimator_0 - 5_folds.train_1.predict)=82.58%
[ 2019-12-15 19:01:47,093][kfold_wrapper.log_eval_metrics] Accuracy(layer_2 - estimator_0 - 5_folds.train_2.predict)=79.35%
[ 2019-12-15 19:01:48,302][kfold_wrapper.log_eval_metrics] Accuracy(layer_2 - estimator_0 - 5_folds.train_3.predict)=87.01%
[ 2019-12-15 19:01:49,606][kfold_wrapper.log_eval_metrics] Accuracy(layer_2 - estimator_0 - 5_folds.train_4.predict)=81.82%
[ 2019-12-15 19:01:49,712][kfold_wrapper.log_eval_metrics] Accuracy(layer_2 - estimator_0 - 5_folds.train_cv.predict)=82.04%
[ 2019-12-15 19:01:49,713][kfold_wrapper.log_eval_metrics] Accuracy(layer_2 - estimator_0 - 5_folds.test.predict)=85.06%
[ 2019-12-15 19:01:50,689][kfold_wrapper.log_eval_metrics] Accuracy(layer_2 - estimator_1 - 5_folds.train_0.predict)=80.13%
[ 2019-12-15 19:01:51,872][kfold_wrapper.log_eval_metrics] Accuracy(layer_2 - estimator_1 - 5_folds.train_1.predict)=80.00%
[ 2019-12-15 19:01:53,051][kfold_wrapper.log_eval_metrics] Accuracy(layer_2 - estimator_1 - 5_folds.train_2.predict)=85.16%
[ 2019-12-15 19:01:54,133][kfold_wrapper.log_eval_metrics] Accuracy(layer_2 - estimator_1 - 5_folds.train_3.predict)=82.47%
[ 2019-12-15 19:01:55,312][kfold_wrapper.log_eval_metrics] Accuracy(layer_2 - estimator_1 - 5_folds.train_4.predict)=83.77%
[ 2019-12-15 19:01:55,522][kfold_wrapper.log_eval_metrics] Accuracy(layer_2 - estimator_1 - 5_folds.train_cv.predict)=82.30%
[ 2019-12-15 19:01:55,522][kfold_wrapper.log_eval_metrics] Accuracy(layer_2 - estimator_1 - 5_folds.test.predict)=85.06%
[ 2019-12-15 19:01:58,818][kfold_wrapper.log_eval_metrics] Accuracy(layer_2 - estimator_2 - 5_folds.train_0.predict)=80.77%
[ 2019-12-15 19:02:02,164][kfold_wrapper.log_eval_metrics] Accuracy(layer_2 - estimator_2 - 5_folds.train_1.predict)=81.29%
[ 2019-12-15 19:02:05,507][kfold_wrapper.log_eval_metrics] Accuracy(layer_2 - estimator_2 - 5_folds.train_2.predict)=80.65%
[ 2019-12-15 19:02:08,915][kfold_wrapper.log_eval_metrics] Accuracy(layer_2 - estimator_2 - 5_folds.train_3.predict)=79.22%
[ 2019-12-15 19:02:12,266][kfold_wrapper.log_eval_metrics] Accuracy(layer_2 - estimator_2 - 5_folds.train_4.predict)=84.42%
[ 2019-12-15 19:02:12,313][kfold_wrapper.log_eval_metrics] Accuracy(layer_2 - estimator_2 - 5_folds.train_cv.predict)=81.27%
[ 2019-12-15 19:02:12,314][kfold_wrapper.log_eval_metrics] Accuracy(layer_2 - estimator_2 - 5_folds.test.predict)=83.91%
[ 2019-12-15 19:02:12,314][cascade_classifier.calc_accuracy] Accuracy(layer_2 - train.classifier_average)=82.43%
[ 2019-12-15 19:02:12,314][cascade_classifier.calc_accuracy] Accuracy(layer_2 - test.classifier_average)=85.06%
[ 2019-12-15 19:02:12,317][cascade_classifier.fit_transform] [layer=3] look_indexs=[0], X_cur_train.shape=(774, 364), X_cur_test.shape=(87, 364)
[ 2019-12-15 19:02:13,422][kfold_wrapper.log_eval_metrics] Accuracy(layer_3 - estimator_0 - 5_folds.train_0.predict)=77.56%
[ 2019-12-15 19:02:14,721][kfold_wrapper.log_eval_metrics] Accuracy(layer_3 - estimator_0 - 5_folds.train_1.predict)=84.52%
[ 2019-12-15 19:02:15,933][kfold_wrapper.log_eval_metrics] Accuracy(layer_3 - estimator_0 - 5_folds.train_2.predict)=83.23%
[ 2019-12-15 19:02:17,241][kfold_wrapper.log_eval_metrics] Accuracy(layer_3 - estimator_0 - 5_folds.train_3.predict)=82.47%
[ 2019-12-15 19:02:18,546][kfold_wrapper.log_eval_metrics] Accuracy(layer_3 - estimator_0 - 5_folds.train_4.predict)=83.12%
[ 2019-12-15 19:02:18,760][kfold_wrapper.log_eval_metrics] Accuracy(layer_3 - estimator_0 - 5_folds.train_cv.predict)=82.17%
[ 2019-12-15 19:02:18,761][kfold_wrapper.log_eval_metrics] Accuracy(layer_3 - estimator_0 - 5_folds.test.predict)=86.21%
[ 2019-12-15 19:02:19,739][kfold_wrapper.log_eval_metrics] Accuracy(layer_3 - estimator_1 - 5_folds.train_0.predict)=80.13%
[ 2019-12-15 19:02:20,917][kfold_wrapper.log_eval_metrics] Accuracy(layer_3 - estimator_1 - 5_folds.train_1.predict)=79.35%
[ 2019-12-15 19:02:22,084][kfold_wrapper.log_eval_metrics] Accuracy(layer_3 - estimator_1 - 5_folds.train_2.predict)=81.94%
[ 2019-12-15 19:02:23,264][kfold_wrapper.log_eval_metrics] Accuracy(layer_3 - estimator_1 - 5_folds.train_3.predict)=83.12%
[ 2019-12-15 19:02:24,439][kfold_wrapper.log_eval_metrics] Accuracy(layer_3 - estimator_1 - 5_folds.train_4.predict)=82.47%
[ 2019-12-15 19:02:24,556][kfold_wrapper.log_eval_metrics] Accuracy(layer_3 - estimator_1 - 5_folds.train_cv.predict)=81.40%
[ 2019-12-15 19:02:24,557][kfold_wrapper.log_eval_metrics] Accuracy(layer_3 - estimator_1 - 5_folds.test.predict)=83.91%
[ 2019-12-15 19:02:27,853][kfold_wrapper.log_eval_metrics] Accuracy(layer_3 - estimator_2 - 5_folds.train_0.predict)=76.92%
[ 2019-12-15 19:02:31,178][kfold_wrapper.log_eval_metrics] Accuracy(layer_3 - estimator_2 - 5_folds.train_1.predict)=81.29%
[ 2019-12-15 19:02:34,540][kfold_wrapper.log_eval_metrics] Accuracy(layer_3 - estimator_2 - 5_folds.train_2.predict)=80.00%
[ 2019-12-15 19:02:37,885][kfold_wrapper.log_eval_metrics] Accuracy(layer_3 - estimator_2 - 5_folds.train_3.predict)=85.06%
[ 2019-12-15 19:02:41,235][kfold_wrapper.log_eval_metrics] Accuracy(layer_3 - estimator_2 - 5_folds.train_4.predict)=79.87%
[ 2019-12-15 19:02:41,277][kfold_wrapper.log_eval_metrics] Accuracy(layer_3 - estimator_2 - 5_folds.train_cv.predict)=80.62%
[ 2019-12-15 19:02:41,277][kfold_wrapper.log_eval_metrics] Accuracy(layer_3 - estimator_2 - 5_folds.test.predict)=85.06%
[ 2019-12-15 19:02:41,277][cascade_classifier.calc_accuracy] Accuracy(layer_3 - train.classifier_average)=82.43%
[ 2019-12-15 19:02:41,278][cascade_classifier.calc_accuracy] Accuracy(layer_3 - test.classifier_average)=86.21%
[ 2019-12-15 19:02:41,280][cascade_classifier.fit_transform] [layer=4] look_indexs=[0], X_cur_train.shape=(774, 364), X_cur_test.shape=(87, 364)
[ 2019-12-15 19:02:42,387][kfold_wrapper.log_eval_metrics] Accuracy(layer_4 - estimator_0 - 5_folds.train_0.predict)=86.54%
[ 2019-12-15 19:02:43,699][kfold_wrapper.log_eval_metrics] Accuracy(layer_4 - estimator_0 - 5_folds.train_1.predict)=78.06%
[ 2019-12-15 19:02:44,998][kfold_wrapper.log_eval_metrics] Accuracy(layer_4 - estimator_0 - 5_folds.train_2.predict)=77.42%
[ 2019-12-15 19:02:46,303][kfold_wrapper.log_eval_metrics] Accuracy(layer_4 - estimator_0 - 5_folds.train_3.predict)=84.42%
[ 2019-12-15 19:02:47,614][kfold_wrapper.log_eval_metrics] Accuracy(layer_4 - estimator_0 - 5_folds.train_4.predict)=84.42%
[ 2019-12-15 19:02:47,820][kfold_wrapper.log_eval_metrics] Accuracy(layer_4 - estimator_0 - 5_folds.train_cv.predict)=82.17%
[ 2019-12-15 19:02:47,827][kfold_wrapper.log_eval_metrics] Accuracy(layer_4 - estimator_0 - 5_folds.test.predict)=85.06%
[ 2019-12-15 19:02:48,802][kfold_wrapper.log_eval_metrics] Accuracy(layer_4 - estimator_1 - 5_folds.train_0.predict)=85.90%
[ 2019-12-15 19:02:49,971][kfold_wrapper.log_eval_metrics] Accuracy(layer_4 - estimator_1 - 5_folds.train_1.predict)=80.00%
[ 2019-12-15 19:02:51,152][kfold_wrapper.log_eval_metrics] Accuracy(layer_4 - estimator_1 - 5_folds.train_2.predict)=79.35%
[ 2019-12-15 19:02:52,327][kfold_wrapper.log_eval_metrics] Accuracy(layer_4 - estimator_1 - 5_folds.train_3.predict)=85.06%
[ 2019-12-15 19:02:53,507][kfold_wrapper.log_eval_metrics] Accuracy(layer_4 - estimator_1 - 5_folds.train_4.predict)=83.77%
[ 2019-12-15 19:02:53,718][kfold_wrapper.log_eval_metrics] Accuracy(layer_4 - estimator_1 - 5_folds.train_cv.predict)=82.82%
[ 2019-12-15 19:02:53,718][kfold_wrapper.log_eval_metrics] Accuracy(layer_4 - estimator_1 - 5_folds.test.predict)=86.21%
[ 2019-12-15 19:02:57,016][kfold_wrapper.log_eval_metrics] Accuracy(layer_4 - estimator_2 - 5_folds.train_0.predict)=76.92%
[ 2019-12-15 19:03:00,371][kfold_wrapper.log_eval_metrics] Accuracy(layer_4 - estimator_2 - 5_folds.train_1.predict)=76.77%
[ 2019-12-15 19:03:03,720][kfold_wrapper.log_eval_metrics] Accuracy(layer_4 - estimator_2 - 5_folds.train_2.predict)=82.58%
[ 2019-12-15 19:03:07,075][kfold_wrapper.log_eval_metrics] Accuracy(layer_4 - estimator_2 - 5_folds.train_3.predict)=81.17%
[ 2019-12-15 19:03:10,420][kfold_wrapper.log_eval_metrics] Accuracy(layer_4 - estimator_2 - 5_folds.train_4.predict)=84.42%
[ 2019-12-15 19:03:10,461][kfold_wrapper.log_eval_metrics] Accuracy(layer_4 - estimator_2 - 5_folds.train_cv.predict)=80.36%
[ 2019-12-15 19:03:10,461][kfold_wrapper.log_eval_metrics] Accuracy(layer_4 - estimator_2 - 5_folds.test.predict)=86.21%
[ 2019-12-15 19:03:10,462][cascade_classifier.calc_accuracy] Accuracy(layer_4 - train.classifier_average)=82.17%
[ 2019-12-15 19:03:10,462][cascade_classifier.calc_accuracy] Accuracy(layer_4 - test.classifier_average)=83.91%
[ 2019-12-15 19:03:10,464][cascade_classifier.fit_transform] [layer=5] look_indexs=[0], X_cur_train.shape=(774, 364), X_cur_test.shape=(87, 364)
[ 2019-12-15 19:03:11,567][kfold_wrapper.log_eval_metrics] Accuracy(layer_5 - estimator_0 - 5_folds.train_0.predict)=82.05%
[ 2019-12-15 19:03:12,876][kfold_wrapper.log_eval_metrics] Accuracy(layer_5 - estimator_0 - 5_folds.train_1.predict)=81.29%
[ 2019-12-15 19:03:14,190][kfold_wrapper.log_eval_metrics] Accuracy(layer_5 - estimator_0 - 5_folds.train_2.predict)=79.35%
[ 2019-12-15 19:03:15,398][kfold_wrapper.log_eval_metrics] Accuracy(layer_5 - estimator_0 - 5_folds.train_3.predict)=80.52%
[ 2019-12-15 19:03:16,695][kfold_wrapper.log_eval_metrics] Accuracy(layer_5 - estimator_0 - 5_folds.train_4.predict)=83.12%
[ 2019-12-15 19:03:16,906][kfold_wrapper.log_eval_metrics] Accuracy(layer_5 - estimator_0 - 5_folds.train_cv.predict)=81.27%
[ 2019-12-15 19:03:16,907][kfold_wrapper.log_eval_metrics] Accuracy(layer_5 - estimator_0 - 5_folds.test.predict)=86.21%
[ 2019-12-15 19:03:17,884][kfold_wrapper.log_eval_metrics] Accuracy(layer_5 - estimator_1 - 5_folds.train_0.predict)=83.97%
[ 2019-12-15 19:03:19,061][kfold_wrapper.log_eval_metrics] Accuracy(layer_5 - estimator_1 - 5_folds.train_1.predict)=85.16%
[ 2019-12-15 19:03:20,226][kfold_wrapper.log_eval_metrics] Accuracy(layer_5 - estimator_1 - 5_folds.train_2.predict)=81.29%
[ 2019-12-15 19:03:21,307][kfold_wrapper.log_eval_metrics] Accuracy(layer_5 - estimator_1 - 5_folds.train_3.predict)=82.47%
[ 2019-12-15 19:03:22,596][kfold_wrapper.log_eval_metrics] Accuracy(layer_5 - estimator_1 - 5_folds.train_4.predict)=77.92%
[ 2019-12-15 19:03:22,803][kfold_wrapper.log_eval_metrics] Accuracy(layer_5 - estimator_1 - 5_folds.train_cv.predict)=82.17%
[ 2019-12-15 19:03:22,804][kfold_wrapper.log_eval_metrics] Accuracy(layer_5 - estimator_1 - 5_folds.test.predict)=85.06%
[ 2019-12-15 19:03:26,097][kfold_wrapper.log_eval_metrics] Accuracy(layer_5 - estimator_2 - 5_folds.train_0.predict)=80.77%
[ 2019-12-15 19:03:29,451][kfold_wrapper.log_eval_metrics] Accuracy(layer_5 - estimator_2 - 5_folds.train_1.predict)=85.16%
[ 2019-12-15 19:03:32,768][kfold_wrapper.log_eval_metrics] Accuracy(layer_5 - estimator_2 - 5_folds.train_2.predict)=81.29%
[ 2019-12-15 19:03:36,196][kfold_wrapper.log_eval_metrics] Accuracy(layer_5 - estimator_2 - 5_folds.train_3.predict)=82.47%
[ 2019-12-15 19:03:39,545][kfold_wrapper.log_eval_metrics] Accuracy(layer_5 - estimator_2 - 5_folds.train_4.predict)=78.57%
[ 2019-12-15 19:03:39,590][kfold_wrapper.log_eval_metrics] Accuracy(layer_5 - estimator_2 - 5_folds.train_cv.predict)=81.65%
[ 2019-12-15 19:03:39,591][kfold_wrapper.log_eval_metrics] Accuracy(layer_5 - estimator_2 - 5_folds.test.predict)=86.21%
[ 2019-12-15 19:03:39,591][cascade_classifier.calc_accuracy] Accuracy(layer_5 - train.classifier_average)=82.17%
[ 2019-12-15 19:03:39,591][cascade_classifier.calc_accuracy] Accuracy(layer_5 - test.classifier_average)=85.06%
[ 2019-12-15 19:03:39,593][cascade_classifier.fit_transform] [layer=6] look_indexs=[0], X_cur_train.shape=(774, 364), X_cur_test.shape=(87, 364)
[ 2019-12-15 19:03:40,706][kfold_wrapper.log_eval_metrics] Accuracy(layer_6 - estimator_0 - 5_folds.train_0.predict)=80.77%
[ 2019-12-15 19:03:42,007][kfold_wrapper.log_eval_metrics] Accuracy(layer_6 - estimator_0 - 5_folds.train_1.predict)=81.94%
[ 2019-12-15 19:03:43,324][kfold_wrapper.log_eval_metrics] Accuracy(layer_6 - estimator_0 - 5_folds.train_2.predict)=80.00%
[ 2019-12-15 19:03:44,624][kfold_wrapper.log_eval_metrics] Accuracy(layer_6 - estimator_0 - 5_folds.train_3.predict)=83.12%
[ 2019-12-15 19:03:45,828][kfold_wrapper.log_eval_metrics] Accuracy(layer_6 - estimator_0 - 5_folds.train_4.predict)=83.12%
[ 2019-12-15 19:03:46,035][kfold_wrapper.log_eval_metrics] Accuracy(layer_6 - estimator_0 - 5_folds.train_cv.predict)=81.78%
[ 2019-12-15 19:03:46,036][kfold_wrapper.log_eval_metrics] Accuracy(layer_6 - estimator_0 - 5_folds.test.predict)=86.21%
[ 2019-12-15 19:03:47,018][kfold_wrapper.log_eval_metrics] Accuracy(layer_6 - estimator_1 - 5_folds.train_0.predict)=82.05%
[ 2019-12-15 19:03:48,195][kfold_wrapper.log_eval_metrics] Accuracy(layer_6 - estimator_1 - 5_folds.train_1.predict)=83.23%
[ 2019-12-15 19:03:49,382][kfold_wrapper.log_eval_metrics] Accuracy(layer_6 - estimator_1 - 5_folds.train_2.predict)=80.65%
[ 2019-12-15 19:03:50,474][kfold_wrapper.log_eval_metrics] Accuracy(layer_6 - estimator_1 - 5_folds.train_3.predict)=81.82%
[ 2019-12-15 19:03:51,677][kfold_wrapper.log_eval_metrics] Accuracy(layer_6 - estimator_1 - 5_folds.train_4.predict)=80.52%
[ 2019-12-15 19:03:51,885][kfold_wrapper.log_eval_metrics] Accuracy(layer_6 - estimator_1 - 5_folds.train_cv.predict)=81.65%
[ 2019-12-15 19:03:51,885][kfold_wrapper.log_eval_metrics] Accuracy(layer_6 - estimator_1 - 5_folds.test.predict)=86.21%
[ 2019-12-15 19:03:55,195][kfold_wrapper.log_eval_metrics] Accuracy(layer_6 - estimator_2 - 5_folds.train_0.predict)=81.41%
[ 2019-12-15 19:03:58,555][kfold_wrapper.log_eval_metrics] Accuracy(layer_6 - estimator_2 - 5_folds.train_1.predict)=77.42%
[ 2019-12-15 19:04:01,931][kfold_wrapper.log_eval_metrics] Accuracy(layer_6 - estimator_2 - 5_folds.train_2.predict)=84.52%
[ 2019-12-15 19:04:05,264][kfold_wrapper.log_eval_metrics] Accuracy(layer_6 - estimator_2 - 5_folds.train_3.predict)=84.42%
[ 2019-12-15 19:04:08,685][kfold_wrapper.log_eval_metrics] Accuracy(layer_6 - estimator_2 - 5_folds.train_4.predict)=84.42%
[ 2019-12-15 19:04:08,728][kfold_wrapper.log_eval_metrics] Accuracy(layer_6 - estimator_2 - 5_folds.train_cv.predict)=82.43%
[ 2019-12-15 19:04:08,728][kfold_wrapper.log_eval_metrics] Accuracy(layer_6 - estimator_2 - 5_folds.test.predict)=83.91%
[ 2019-12-15 19:04:08,728][cascade_classifier.calc_accuracy] Accuracy(layer_6 - train.classifier_average)=82.30%
[ 2019-12-15 19:04:08,729][cascade_classifier.calc_accuracy] Accuracy(layer_6 - test.classifier_average)=85.06%
[ 2019-12-15 19:04:08,731][cascade_classifier.fit_transform] [layer=7] look_indexs=[0], X_cur_train.shape=(774, 364), X_cur_test.shape=(87, 364)
[ 2019-12-15 19:04:09,832][kfold_wrapper.log_eval_metrics] Accuracy(layer_7 - estimator_0 - 5_folds.train_0.predict)=80.77%
[ 2019-12-15 19:04:11,048][kfold_wrapper.log_eval_metrics] Accuracy(layer_7 - estimator_0 - 5_folds.train_1.predict)=83.23%
[ 2019-12-15 19:04:12,350][kfold_wrapper.log_eval_metrics] Accuracy(layer_7 - estimator_0 - 5_folds.train_2.predict)=81.94%
[ 2019-12-15 19:04:13,652][kfold_wrapper.log_eval_metrics] Accuracy(layer_7 - estimator_0 - 5_folds.train_3.predict)=85.71%
[ 2019-12-15 19:04:14,952][kfold_wrapper.log_eval_metrics] Accuracy(layer_7 - estimator_0 - 5_folds.train_4.predict)=78.57%
[ 2019-12-15 19:04:15,169][kfold_wrapper.log_eval_metrics] Accuracy(layer_7 - estimator_0 - 5_folds.train_cv.predict)=82.04%
[ 2019-12-15 19:04:15,170][kfold_wrapper.log_eval_metrics] Accuracy(layer_7 - estimator_0 - 5_folds.test.predict)=85.06%
[ 2019-12-15 19:04:16,140][kfold_wrapper.log_eval_metrics] Accuracy(layer_7 - estimator_1 - 5_folds.train_0.predict)=83.33%
[ 2019-12-15 19:04:17,317][kfold_wrapper.log_eval_metrics] Accuracy(layer_7 - estimator_1 - 5_folds.train_1.predict)=78.06%
[ 2019-12-15 19:04:18,496][kfold_wrapper.log_eval_metrics] Accuracy(layer_7 - estimator_1 - 5_folds.train_2.predict)=83.87%
[ 2019-12-15 19:04:19,680][kfold_wrapper.log_eval_metrics] Accuracy(layer_7 - estimator_1 - 5_folds.train_3.predict)=83.12%
[ 2019-12-15 19:04:20,856][kfold_wrapper.log_eval_metrics] Accuracy(layer_7 - estimator_1 - 5_folds.train_4.predict)=81.82%
[ 2019-12-15 19:04:21,064][kfold_wrapper.log_eval_metrics] Accuracy(layer_7 - estimator_1 - 5_folds.train_cv.predict)=82.04%
[ 2019-12-15 19:04:21,065][kfold_wrapper.log_eval_metrics] Accuracy(layer_7 - estimator_1 - 5_folds.test.predict)=83.91%
[ 2019-12-15 19:04:24,366][kfold_wrapper.log_eval_metrics] Accuracy(layer_7 - estimator_2 - 5_folds.train_0.predict)=76.92%
[ 2019-12-15 19:04:27,728][kfold_wrapper.log_eval_metrics] Accuracy(layer_7 - estimator_2 - 5_folds.train_1.predict)=82.58%
[ 2019-12-15 19:04:31,048][kfold_wrapper.log_eval_metrics] Accuracy(layer_7 - estimator_2 - 5_folds.train_2.predict)=78.06%
[ 2019-12-15 19:04:34,428][kfold_wrapper.log_eval_metrics] Accuracy(layer_7 - estimator_2 - 5_folds.train_3.predict)=80.52%
[ 2019-12-15 19:04:37,791][kfold_wrapper.log_eval_metrics] Accuracy(layer_7 - estimator_2 - 5_folds.train_4.predict)=79.87%
[ 2019-12-15 19:04:37,832][kfold_wrapper.log_eval_metrics] Accuracy(layer_7 - estimator_2 - 5_folds.train_cv.predict)=79.59%
[ 2019-12-15 19:04:37,832][kfold_wrapper.log_eval_metrics] Accuracy(layer_7 - estimator_2 - 5_folds.test.predict)=83.91%
[ 2019-12-15 19:04:37,833][cascade_classifier.calc_accuracy] Accuracy(layer_7 - train.classifier_average)=82.30%
[ 2019-12-15 19:04:37,833][cascade_classifier.calc_accuracy] Accuracy(layer_7 - test.classifier_average)=83.91%
[ 2019-12-15 19:04:37,833][cascade_classifier.fit_transform] [Result][Optimal Level Detected] opt_layer_num=3, accuracy_train=82.43%, accuracy_test=85.06%
[ 2019-12-15 19:04:37,877][cascade_classifier.transform] X_groups_test.shape=[(87, 358)]
[ 2019-12-15 19:04:37,878][cascade_classifier.transform] group_dims=[358]
[ 2019-12-15 19:04:37,878][cascade_classifier.transform] X_test.shape=(87, 358)
[ 2019-12-15 19:04:37,878][cascade_classifier.transform] [layer=0] look_indexs=[0], X_cur_test.shape=(87, 358)
[ 2019-12-15 19:04:39,856][cascade_classifier.transform] [layer=1] look_indexs=[0], X_cur_test.shape=(87, 364)
[ 2019-12-15 19:04:41,836][cascade_classifier.transform] [layer=2] look_indexs=[0], X_cur_test.shape=(87, 364)
[ 2019-12-15 19:04:43,814][cascade_classifier.transform] X_groups_test.shape=[(87, 358)]
[ 2019-12-15 19:04:43,814][cascade_classifier.transform] group_dims=[358]
[ 2019-12-15 19:04:43,814][cascade_classifier.transform] X_test.shape=(87, 358)
[ 2019-12-15 19:04:43,815][cascade_classifier.transform] [layer=0] look_indexs=[0], X_cur_test.shape=(87, 358)
[ 2019-12-15 19:04:45,589][cascade_classifier.transform] [layer=1] look_indexs=[0], X_cur_test.shape=(87, 364)
[ 2019-12-15 19:04:47,463][cascade_classifier.transform] [layer=2] look_indexs=[0], X_cur_test.shape=(87, 364)
[ 2019-12-15 19:04:49,367][cascade_classifier.fit_transform] X_groups_train.shape=[(774, 358)],y_train.shape=(774,),X_groups_test.shape=[(87, 358)],y_test.shape=(87,)
[ 2019-12-15 19:04:49,369][cascade_classifier.fit_transform] group_dims=[358]
[ 2019-12-15 19:04:49,369][cascade_classifier.fit_transform] group_starts=[0]
[ 2019-12-15 19:04:49,369][cascade_classifier.fit_transform] group_ends=[358]
[ 2019-12-15 19:04:49,369][cascade_classifier.fit_transform] X_train.shape=(774, 358),X_test.shape=(87, 358)
[ 2019-12-15 19:04:49,371][cascade_classifier.fit_transform] [layer=0] look_indexs=[0], X_cur_train.shape=(774, 358), X_cur_test.shape=(87, 358)
[ 2019-12-15 19:04:50,476][kfold_wrapper.log_eval_metrics] Accuracy(layer_0 - estimator_0 - 5_folds.train_0.predict)=85.81%
[ 2019-12-15 19:04:51,789][kfold_wrapper.log_eval_metrics] Accuracy(layer_0 - estimator_0 - 5_folds.train_1.predict)=82.58%
[ 2019-12-15 19:04:53,088][kfold_wrapper.log_eval_metrics] Accuracy(layer_0 - estimator_0 - 5_folds.train_2.predict)=78.06%
[ 2019-12-15 19:04:54,390][kfold_wrapper.log_eval_metrics] Accuracy(layer_0 - estimator_0 - 5_folds.train_3.predict)=83.23%
[ 2019-12-15 19:04:55,697][kfold_wrapper.log_eval_metrics] Accuracy(layer_0 - estimator_0 - 5_folds.train_4.predict)=81.82%
[ 2019-12-15 19:04:55,910][kfold_wrapper.log_eval_metrics] Accuracy(layer_0 - estimator_0 - 5_folds.train_cv.predict)=82.30%
[ 2019-12-15 19:04:55,910][kfold_wrapper.log_eval_metrics] Accuracy(layer_0 - estimator_0 - 5_folds.test.predict)=77.01%
[ 2019-12-15 19:04:56,882][kfold_wrapper.log_eval_metrics] Accuracy(layer_0 - estimator_1 - 5_folds.train_0.predict)=81.29%
[ 2019-12-15 19:04:58,064][kfold_wrapper.log_eval_metrics] Accuracy(layer_0 - estimator_1 - 5_folds.train_1.predict)=83.87%
[ 2019-12-15 19:04:59,242][kfold_wrapper.log_eval_metrics] Accuracy(layer_0 - estimator_1 - 5_folds.train_2.predict)=80.65%
[ 2019-12-15 19:05:00,424][kfold_wrapper.log_eval_metrics] Accuracy(layer_0 - estimator_1 - 5_folds.train_3.predict)=83.23%
[ 2019-12-15 19:05:01,615][kfold_wrapper.log_eval_metrics] Accuracy(layer_0 - estimator_1 - 5_folds.train_4.predict)=79.87%
[ 2019-12-15 19:05:01,823][kfold_wrapper.log_eval_metrics] Accuracy(layer_0 - estimator_1 - 5_folds.train_cv.predict)=81.78%
[ 2019-12-15 19:05:01,823][kfold_wrapper.log_eval_metrics] Accuracy(layer_0 - estimator_1 - 5_folds.test.predict)=78.16%
[ 2019-12-15 19:05:05,042][kfold_wrapper.log_eval_metrics] Accuracy(layer_0 - estimator_2 - 5_folds.train_0.predict)=80.65%
[ 2019-12-15 19:05:08,310][kfold_wrapper.log_eval_metrics] Accuracy(layer_0 - estimator_2 - 5_folds.train_1.predict)=83.87%
[ 2019-12-15 19:05:11,544][kfold_wrapper.log_eval_metrics] Accuracy(layer_0 - estimator_2 - 5_folds.train_2.predict)=81.29%
[ 2019-12-15 19:05:14,804][kfold_wrapper.log_eval_metrics] Accuracy(layer_0 - estimator_2 - 5_folds.train_3.predict)=85.81%
[ 2019-12-15 19:05:18,090][kfold_wrapper.log_eval_metrics] Accuracy(layer_0 - estimator_2 - 5_folds.train_4.predict)=80.52%
[ 2019-12-15 19:05:18,137][kfold_wrapper.log_eval_metrics] Accuracy(layer_0 - estimator_2 - 5_folds.train_cv.predict)=82.43%
[ 2019-12-15 19:05:18,137][kfold_wrapper.log_eval_metrics] Accuracy(layer_0 - estimator_2 - 5_folds.test.predict)=78.16%
[ 2019-12-15 19:05:18,137][cascade_classifier.calc_accuracy] Accuracy(layer_0 - train.classifier_average)=82.95%
[ 2019-12-15 19:05:18,137][cascade_classifier.calc_accuracy] Accuracy(layer_0 - test.classifier_average)=78.16%
[ 2019-12-15 19:05:18,139][cascade_classifier.fit_transform] [layer=1] look_indexs=[0], X_cur_train.shape=(774, 364), X_cur_test.shape=(87, 364)
[ 2019-12-15 19:05:19,239][kfold_wrapper.log_eval_metrics] Accuracy(layer_1 - estimator_0 - 5_folds.train_0.predict)=84.52%
[ 2019-12-15 19:05:20,565][kfold_wrapper.log_eval_metrics] Accuracy(layer_1 - estimator_0 - 5_folds.train_1.predict)=81.29%
[ 2019-12-15 19:05:21,869][kfold_wrapper.log_eval_metrics] Accuracy(layer_1 - estimator_0 - 5_folds.train_2.predict)=84.52%
[ 2019-12-15 19:05:23,171][kfold_wrapper.log_eval_metrics] Accuracy(layer_1 - estimator_0 - 5_folds.train_3.predict)=81.94%
[ 2019-12-15 19:05:24,472][kfold_wrapper.log_eval_metrics] Accuracy(layer_1 - estimator_0 - 5_folds.train_4.predict)=79.87%
[ 2019-12-15 19:05:24,680][kfold_wrapper.log_eval_metrics] Accuracy(layer_1 - estimator_0 - 5_folds.train_cv.predict)=82.43%
[ 2019-12-15 19:05:24,681][kfold_wrapper.log_eval_metrics] Accuracy(layer_1 - estimator_0 - 5_folds.test.predict)=75.86%
[ 2019-12-15 19:05:25,654][kfold_wrapper.log_eval_metrics] Accuracy(layer_1 - estimator_1 - 5_folds.train_0.predict)=85.81%
[ 2019-12-15 19:05:26,825][kfold_wrapper.log_eval_metrics] Accuracy(layer_1 - estimator_1 - 5_folds.train_1.predict)=83.87%
[ 2019-12-15 19:05:27,999][kfold_wrapper.log_eval_metrics] Accuracy(layer_1 - estimator_1 - 5_folds.train_2.predict)=85.16%
[ 2019-12-15 19:05:29,082][kfold_wrapper.log_eval_metrics] Accuracy(layer_1 - estimator_1 - 5_folds.train_3.predict)=81.29%
[ 2019-12-15 19:05:30,252][kfold_wrapper.log_eval_metrics] Accuracy(layer_1 - estimator_1 - 5_folds.train_4.predict)=78.57%
[ 2019-12-15 19:05:30,464][kfold_wrapper.log_eval_metrics] Accuracy(layer_1 - estimator_1 - 5_folds.train_cv.predict)=82.95%
[ 2019-12-15 19:05:30,465][kfold_wrapper.log_eval_metrics] Accuracy(layer_1 - estimator_1 - 5_folds.test.predict)=79.31%
[ 2019-12-15 19:05:33,734][kfold_wrapper.log_eval_metrics] Accuracy(layer_1 - estimator_2 - 5_folds.train_0.predict)=81.94%
[ 2019-12-15 19:05:37,048][kfold_wrapper.log_eval_metrics] Accuracy(layer_1 - estimator_2 - 5_folds.train_1.predict)=81.29%
[ 2019-12-15 19:05:40,337][kfold_wrapper.log_eval_metrics] Accuracy(layer_1 - estimator_2 - 5_folds.train_2.predict)=81.29%
[ 2019-12-15 19:05:43,678][kfold_wrapper.log_eval_metrics] Accuracy(layer_1 - estimator_2 - 5_folds.train_3.predict)=81.94%
[ 2019-12-15 19:05:47,000][kfold_wrapper.log_eval_metrics] Accuracy(layer_1 - estimator_2 - 5_folds.train_4.predict)=80.52%
[ 2019-12-15 19:05:47,049][kfold_wrapper.log_eval_metrics] Accuracy(layer_1 - estimator_2 - 5_folds.train_cv.predict)=81.40%
[ 2019-12-15 19:05:47,049][kfold_wrapper.log_eval_metrics] Accuracy(layer_1 - estimator_2 - 5_folds.test.predict)=78.16%
[ 2019-12-15 19:05:47,049][cascade_classifier.calc_accuracy] Accuracy(layer_1 - train.classifier_average)=81.91%
[ 2019-12-15 19:05:47,049][cascade_classifier.calc_accuracy] Accuracy(layer_1 - test.classifier_average)=75.86%
[ 2019-12-15 19:05:47,052][cascade_classifier.fit_transform] [layer=2] look_indexs=[0], X_cur_train.shape=(774, 364), X_cur_test.shape=(87, 364)
[ 2019-12-15 19:05:48,150][kfold_wrapper.log_eval_metrics] Accuracy(layer_2 - estimator_0 - 5_folds.train_0.predict)=83.23%
[ 2019-12-15 19:05:49,446][kfold_wrapper.log_eval_metrics] Accuracy(layer_2 - estimator_0 - 5_folds.train_1.predict)=79.35%
[ 2019-12-15 19:05:50,754][kfold_wrapper.log_eval_metrics] Accuracy(layer_2 - estimator_0 - 5_folds.train_2.predict)=78.71%
[ 2019-12-15 19:05:52,055][kfold_wrapper.log_eval_metrics] Accuracy(layer_2 - estimator_0 - 5_folds.train_3.predict)=87.10%
[ 2019-12-15 19:05:53,258][kfold_wrapper.log_eval_metrics] Accuracy(layer_2 - estimator_0 - 5_folds.train_4.predict)=81.17%
[ 2019-12-15 19:05:53,465][kfold_wrapper.log_eval_metrics] Accuracy(layer_2 - estimator_0 - 5_folds.train_cv.predict)=81.91%
[ 2019-12-15 19:05:53,466][kfold_wrapper.log_eval_metrics] Accuracy(layer_2 - estimator_0 - 5_folds.test.predict)=75.86%
[ 2019-12-15 19:05:54,440][kfold_wrapper.log_eval_metrics] Accuracy(layer_2 - estimator_1 - 5_folds.train_0.predict)=80.65%
[ 2019-12-15 19:05:55,617][kfold_wrapper.log_eval_metrics] Accuracy(layer_2 - estimator_1 - 5_folds.train_1.predict)=82.58%
[ 2019-12-15 19:05:56,800][kfold_wrapper.log_eval_metrics] Accuracy(layer_2 - estimator_1 - 5_folds.train_2.predict)=81.94%
[ 2019-12-15 19:05:57,976][kfold_wrapper.log_eval_metrics] Accuracy(layer_2 - estimator_1 - 5_folds.train_3.predict)=83.87%
[ 2019-12-15 19:05:59,152][kfold_wrapper.log_eval_metrics] Accuracy(layer_2 - estimator_1 - 5_folds.train_4.predict)=79.87%
[ 2019-12-15 19:05:59,361][kfold_wrapper.log_eval_metrics] Accuracy(layer_2 - estimator_1 - 5_folds.train_cv.predict)=81.78%
[ 2019-12-15 19:05:59,362][kfold_wrapper.log_eval_metrics] Accuracy(layer_2 - estimator_1 - 5_folds.test.predict)=78.16%
[ 2019-12-15 19:06:02,632][kfold_wrapper.log_eval_metrics] Accuracy(layer_2 - estimator_2 - 5_folds.train_0.predict)=85.16%
[ 2019-12-15 19:06:05,979][kfold_wrapper.log_eval_metrics] Accuracy(layer_2 - estimator_2 - 5_folds.train_1.predict)=78.06%
[ 2019-12-15 19:06:09,290][kfold_wrapper.log_eval_metrics] Accuracy(layer_2 - estimator_2 - 5_folds.train_2.predict)=81.29%
[ 2019-12-15 19:06:12,621][kfold_wrapper.log_eval_metrics] Accuracy(layer_2 - estimator_2 - 5_folds.train_3.predict)=81.29%
[ 2019-12-15 19:06:15,965][kfold_wrapper.log_eval_metrics] Accuracy(layer_2 - estimator_2 - 5_folds.train_4.predict)=84.42%
[ 2019-12-15 19:06:16,013][kfold_wrapper.log_eval_metrics] Accuracy(layer_2 - estimator_2 - 5_folds.train_cv.predict)=82.04%
[ 2019-12-15 19:06:16,013][kfold_wrapper.log_eval_metrics] Accuracy(layer_2 - estimator_2 - 5_folds.test.predict)=79.31%
[ 2019-12-15 19:06:16,013][cascade_classifier.calc_accuracy] Accuracy(layer_2 - train.classifier_average)=82.04%
[ 2019-12-15 19:06:16,014][cascade_classifier.calc_accuracy] Accuracy(layer_2 - test.classifier_average)=77.01%
[ 2019-12-15 19:06:16,016][cascade_classifier.fit_transform] [layer=3] look_indexs=[0], X_cur_train.shape=(774, 364), X_cur_test.shape=(87, 364)
[ 2019-12-15 19:06:17,115][kfold_wrapper.log_eval_metrics] Accuracy(layer_3 - estimator_0 - 5_folds.train_0.predict)=81.94%
[ 2019-12-15 19:06:18,427][kfold_wrapper.log_eval_metrics] Accuracy(layer_3 - estimator_0 - 5_folds.train_1.predict)=81.29%
[ 2019-12-15 19:06:19,727][kfold_wrapper.log_eval_metrics] Accuracy(layer_3 - estimator_0 - 5_folds.train_2.predict)=83.87%
[ 2019-12-15 19:06:21,036][kfold_wrapper.log_eval_metrics] Accuracy(layer_3 - estimator_0 - 5_folds.train_3.predict)=78.06%
[ 2019-12-15 19:06:22,344][kfold_wrapper.log_eval_metrics] Accuracy(layer_3 - estimator_0 - 5_folds.train_4.predict)=84.42%
[ 2019-12-15 19:06:22,551][kfold_wrapper.log_eval_metrics] Accuracy(layer_3 - estimator_0 - 5_folds.train_cv.predict)=81.91%
[ 2019-12-15 19:06:22,552][kfold_wrapper.log_eval_metrics] Accuracy(layer_3 - estimator_0 - 5_folds.test.predict)=77.01%
[ 2019-12-15 19:06:23,531][kfold_wrapper.log_eval_metrics] Accuracy(layer_3 - estimator_1 - 5_folds.train_0.predict)=83.87%
[ 2019-12-15 19:06:24,703][kfold_wrapper.log_eval_metrics] Accuracy(layer_3 - estimator_1 - 5_folds.train_1.predict)=78.06%
[ 2019-12-15 19:06:25,878][kfold_wrapper.log_eval_metrics] Accuracy(layer_3 - estimator_1 - 5_folds.train_2.predict)=84.52%
[ 2019-12-15 19:06:27,056][kfold_wrapper.log_eval_metrics] Accuracy(layer_3 - estimator_1 - 5_folds.train_3.predict)=79.35%
[ 2019-12-15 19:06:28,232][kfold_wrapper.log_eval_metrics] Accuracy(layer_3 - estimator_1 - 5_folds.train_4.predict)=86.36%
[ 2019-12-15 19:06:28,441][kfold_wrapper.log_eval_metrics] Accuracy(layer_3 - estimator_1 - 5_folds.train_cv.predict)=82.43%
[ 2019-12-15 19:06:28,442][kfold_wrapper.log_eval_metrics] Accuracy(layer_3 - estimator_1 - 5_folds.test.predict)=78.16%
[ 2019-12-15 19:06:31,751][kfold_wrapper.log_eval_metrics] Accuracy(layer_3 - estimator_2 - 5_folds.train_0.predict)=83.23%
[ 2019-12-15 19:06:35,063][kfold_wrapper.log_eval_metrics] Accuracy(layer_3 - estimator_2 - 5_folds.train_1.predict)=81.94%
[ 2019-12-15 19:06:38,372][kfold_wrapper.log_eval_metrics] Accuracy(layer_3 - estimator_2 - 5_folds.train_2.predict)=80.65%
[ 2019-12-15 19:06:41,669][kfold_wrapper.log_eval_metrics] Accuracy(layer_3 - estimator_2 - 5_folds.train_3.predict)=81.94%
[ 2019-12-15 19:06:44,978][kfold_wrapper.log_eval_metrics] Accuracy(layer_3 - estimator_2 - 5_folds.train_4.predict)=79.87%
[ 2019-12-15 19:06:45,023][kfold_wrapper.log_eval_metrics] Accuracy(layer_3 - estimator_2 - 5_folds.train_cv.predict)=81.52%
[ 2019-12-15 19:06:45,023][kfold_wrapper.log_eval_metrics] Accuracy(layer_3 - estimator_2 - 5_folds.test.predict)=77.01%
[ 2019-12-15 19:06:45,024][cascade_classifier.calc_accuracy] Accuracy(layer_3 - train.classifier_average)=82.17%
[ 2019-12-15 19:06:45,024][cascade_classifier.calc_accuracy] Accuracy(layer_3 - test.classifier_average)=77.01%
[ 2019-12-15 19:06:45,026][cascade_classifier.fit_transform] [layer=4] look_indexs=[0], X_cur_train.shape=(774, 364), X_cur_test.shape=(87, 364)
[ 2019-12-15 19:06:46,125][kfold_wrapper.log_eval_metrics] Accuracy(layer_4 - estimator_0 - 5_folds.train_0.predict)=82.58%
[ 2019-12-15 19:06:47,433][kfold_wrapper.log_eval_metrics] Accuracy(layer_4 - estimator_0 - 5_folds.train_1.predict)=79.35%
[ 2019-12-15 19:06:48,743][kfold_wrapper.log_eval_metrics] Accuracy(layer_4 - estimator_0 - 5_folds.train_2.predict)=77.42%
[ 2019-12-15 19:06:50,052][kfold_wrapper.log_eval_metrics] Accuracy(layer_4 - estimator_0 - 5_folds.train_3.predict)=83.23%
[ 2019-12-15 19:06:51,368][kfold_wrapper.log_eval_metrics] Accuracy(layer_4 - estimator_0 - 5_folds.train_4.predict)=86.36%
[ 2019-12-15 19:06:51,575][kfold_wrapper.log_eval_metrics] Accuracy(layer_4 - estimator_0 - 5_folds.train_cv.predict)=81.78%
[ 2019-12-15 19:06:51,576][kfold_wrapper.log_eval_metrics] Accuracy(layer_4 - estimator_0 - 5_folds.test.predict)=75.86%
[ 2019-12-15 19:06:52,552][kfold_wrapper.log_eval_metrics] Accuracy(layer_4 - estimator_1 - 5_folds.train_0.predict)=84.52%
[ 2019-12-15 19:06:53,733][kfold_wrapper.log_eval_metrics] Accuracy(layer_4 - estimator_1 - 5_folds.train_1.predict)=83.23%
[ 2019-12-15 19:06:54,913][kfold_wrapper.log_eval_metrics] Accuracy(layer_4 - estimator_1 - 5_folds.train_2.predict)=84.52%
[ 2019-12-15 19:06:56,106][kfold_wrapper.log_eval_metrics] Accuracy(layer_4 - estimator_1 - 5_folds.train_3.predict)=76.77%
[ 2019-12-15 19:06:57,183][kfold_wrapper.log_eval_metrics] Accuracy(layer_4 - estimator_1 - 5_folds.train_4.predict)=78.57%
[ 2019-12-15 19:06:57,301][kfold_wrapper.log_eval_metrics] Accuracy(layer_4 - estimator_1 - 5_folds.train_cv.predict)=81.52%
[ 2019-12-15 19:06:57,301][kfold_wrapper.log_eval_metrics] Accuracy(layer_4 - estimator_1 - 5_folds.test.predict)=77.01%
[ 2019-12-15 19:07:00,619][kfold_wrapper.log_eval_metrics] Accuracy(layer_4 - estimator_2 - 5_folds.train_0.predict)=83.87%
[ 2019-12-15 19:07:03,934][kfold_wrapper.log_eval_metrics] Accuracy(layer_4 - estimator_2 - 5_folds.train_1.predict)=81.29%
[ 2019-12-15 19:07:07,294][kfold_wrapper.log_eval_metrics] Accuracy(layer_4 - estimator_2 - 5_folds.train_2.predict)=84.52%
[ 2019-12-15 19:07:10,629][kfold_wrapper.log_eval_metrics] Accuracy(layer_4 - estimator_2 - 5_folds.train_3.predict)=78.06%
[ 2019-12-15 19:07:13,979][kfold_wrapper.log_eval_metrics] Accuracy(layer_4 - estimator_2 - 5_folds.train_4.predict)=79.87%
[ 2019-12-15 19:07:14,022][kfold_wrapper.log_eval_metrics] Accuracy(layer_4 - estimator_2 - 5_folds.train_cv.predict)=81.52%
[ 2019-12-15 19:07:14,022][kfold_wrapper.log_eval_metrics] Accuracy(layer_4 - estimator_2 - 5_folds.test.predict)=78.16%
[ 2019-12-15 19:07:14,023][cascade_classifier.calc_accuracy] Accuracy(layer_4 - train.classifier_average)=82.43%
[ 2019-12-15 19:07:14,023][cascade_classifier.calc_accuracy] Accuracy(layer_4 - test.classifier_average)=75.86%
[ 2019-12-15 19:07:14,025][cascade_classifier.fit_transform] [layer=5] look_indexs=[0], X_cur_train.shape=(774, 364), X_cur_test.shape=(87, 364)
[ 2019-12-15 19:07:15,132][kfold_wrapper.log_eval_metrics] Accuracy(layer_5 - estimator_0 - 5_folds.train_0.predict)=86.45%
[ 2019-12-15 19:07:16,452][kfold_wrapper.log_eval_metrics] Accuracy(layer_5 - estimator_0 - 5_folds.train_1.predict)=80.65%
[ 2019-12-15 19:07:17,755][kfold_wrapper.log_eval_metrics] Accuracy(layer_5 - estimator_0 - 5_folds.train_2.predict)=80.65%
[ 2019-12-15 19:07:19,063][kfold_wrapper.log_eval_metrics] Accuracy(layer_5 - estimator_0 - 5_folds.train_3.predict)=80.65%
[ 2019-12-15 19:07:20,265][kfold_wrapper.log_eval_metrics] Accuracy(layer_5 - estimator_0 - 5_folds.train_4.predict)=79.87%
[ 2019-12-15 19:07:20,471][kfold_wrapper.log_eval_metrics] Accuracy(layer_5 - estimator_0 - 5_folds.train_cv.predict)=81.65%
[ 2019-12-15 19:07:20,472][kfold_wrapper.log_eval_metrics] Accuracy(layer_5 - estimator_0 - 5_folds.test.predict)=77.01%
[ 2019-12-15 19:07:21,447][kfold_wrapper.log_eval_metrics] Accuracy(layer_5 - estimator_1 - 5_folds.train_0.predict)=83.23%
[ 2019-12-15 19:07:22,621][kfold_wrapper.log_eval_metrics] Accuracy(layer_5 - estimator_1 - 5_folds.train_1.predict)=83.87%
[ 2019-12-15 19:07:23,884][kfold_wrapper.log_eval_metrics] Accuracy(layer_5 - estimator_1 - 5_folds.train_2.predict)=83.87%
[ 2019-12-15 19:07:25,081][kfold_wrapper.log_eval_metrics] Accuracy(layer_5 - estimator_1 - 5_folds.train_3.predict)=78.06%
[ 2019-12-15 19:07:26,337][kfold_wrapper.log_eval_metrics] Accuracy(layer_5 - estimator_1 - 5_folds.train_4.predict)=85.71%
[ 2019-12-15 19:07:26,446][kfold_wrapper.log_eval_metrics] Accuracy(layer_5 - estimator_1 - 5_folds.train_cv.predict)=82.95%
[ 2019-12-15 19:07:26,446][kfold_wrapper.log_eval_metrics] Accuracy(layer_5 - estimator_1 - 5_folds.test.predict)=77.01%
[ 2019-12-15 19:07:29,708][kfold_wrapper.log_eval_metrics] Accuracy(layer_5 - estimator_2 - 5_folds.train_0.predict)=87.10%
[ 2019-12-15 19:07:33,018][kfold_wrapper.log_eval_metrics] Accuracy(layer_5 - estimator_2 - 5_folds.train_1.predict)=76.77%
[ 2019-12-15 19:07:36,315][kfold_wrapper.log_eval_metrics] Accuracy(layer_5 - estimator_2 - 5_folds.train_2.predict)=78.06%
[ 2019-12-15 19:07:39,643][kfold_wrapper.log_eval_metrics] Accuracy(layer_5 - estimator_2 - 5_folds.train_3.predict)=83.23%
[ 2019-12-15 19:07:42,978][kfold_wrapper.log_eval_metrics] Accuracy(layer_5 - estimator_2 - 5_folds.train_4.predict)=79.87%
[ 2019-12-15 19:07:43,019][kfold_wrapper.log_eval_metrics] Accuracy(layer_5 - estimator_2 - 5_folds.train_cv.predict)=81.01%
[ 2019-12-15 19:07:43,020][kfold_wrapper.log_eval_metrics] Accuracy(layer_5 - estimator_2 - 5_folds.test.predict)=78.16%
[ 2019-12-15 19:07:43,020][cascade_classifier.calc_accuracy] Accuracy(layer_5 - train.classifier_average)=82.69%
[ 2019-12-15 19:07:43,021][cascade_classifier.calc_accuracy] Accuracy(layer_5 - test.classifier_average)=77.01%
[ 2019-12-15 19:07:43,021][cascade_classifier.fit_transform] [Result][Optimal Level Detected] opt_layer_num=1, accuracy_train=82.95%, accuracy_test=78.16%
[ 2019-12-15 19:07:43,069][cascade_classifier.transform] X_groups_test.shape=[(87, 358)]
[ 2019-12-15 19:07:43,069][cascade_classifier.transform] group_dims=[358]
[ 2019-12-15 19:07:43,069][cascade_classifier.transform] X_test.shape=(87, 358)
[ 2019-12-15 19:07:43,070][cascade_classifier.transform] [layer=0] look_indexs=[0], X_cur_test.shape=(87, 358)
[ 2019-12-15 19:07:45,250][cascade_classifier.transform] X_groups_test.shape=[(87, 358)]
[ 2019-12-15 19:07:45,250][cascade_classifier.transform] group_dims=[358]
[ 2019-12-15 19:07:45,250][cascade_classifier.transform] X_test.shape=(87, 358)
[ 2019-12-15 19:07:45,250][cascade_classifier.transform] [layer=0] look_indexs=[0], X_cur_test.shape=(87, 358)
[ 2019-12-15 19:07:47,346][cascade_classifier.fit_transform] X_groups_train.shape=[(774, 358)],y_train.shape=(774,),X_groups_test.shape=[(87, 358)],y_test.shape=(87,)
[ 2019-12-15 19:07:47,348][cascade_classifier.fit_transform] group_dims=[358]
[ 2019-12-15 19:07:47,348][cascade_classifier.fit_transform] group_starts=[0]
[ 2019-12-15 19:07:47,348][cascade_classifier.fit_transform] group_ends=[358]
[ 2019-12-15 19:07:47,348][cascade_classifier.fit_transform] X_train.shape=(774, 358),X_test.shape=(87, 358)
[ 2019-12-15 19:07:47,350][cascade_classifier.fit_transform] [layer=0] look_indexs=[0], X_cur_train.shape=(774, 358), X_cur_test.shape=(87, 358)
[ 2019-12-15 19:07:48,448][kfold_wrapper.log_eval_metrics] Accuracy(layer_0 - estimator_0 - 5_folds.train_0.predict)=75.64%
[ 2019-12-15 19:07:49,762][kfold_wrapper.log_eval_metrics] Accuracy(layer_0 - estimator_0 - 5_folds.train_1.predict)=86.45%
[ 2019-12-15 19:07:51,057][kfold_wrapper.log_eval_metrics] Accuracy(layer_0 - estimator_0 - 5_folds.train_2.predict)=80.65%
[ 2019-12-15 19:07:52,350][kfold_wrapper.log_eval_metrics] Accuracy(layer_0 - estimator_0 - 5_folds.train_3.predict)=79.87%
[ 2019-12-15 19:07:53,660][kfold_wrapper.log_eval_metrics] Accuracy(layer_0 - estimator_0 - 5_folds.train_4.predict)=81.82%
[ 2019-12-15 19:07:53,868][kfold_wrapper.log_eval_metrics] Accuracy(layer_0 - estimator_0 - 5_folds.train_cv.predict)=80.88%
[ 2019-12-15 19:07:53,869][kfold_wrapper.log_eval_metrics] Accuracy(layer_0 - estimator_0 - 5_folds.test.predict)=87.36%
[ 2019-12-15 19:07:54,843][kfold_wrapper.log_eval_metrics] Accuracy(layer_0 - estimator_1 - 5_folds.train_0.predict)=82.05%
[ 2019-12-15 19:07:56,016][kfold_wrapper.log_eval_metrics] Accuracy(layer_0 - estimator_1 - 5_folds.train_1.predict)=81.29%
[ 2019-12-15 19:07:57,196][kfold_wrapper.log_eval_metrics] Accuracy(layer_0 - estimator_1 - 5_folds.train_2.predict)=80.00%
[ 2019-12-15 19:07:58,375][kfold_wrapper.log_eval_metrics] Accuracy(layer_0 - estimator_1 - 5_folds.train_3.predict)=81.17%
[ 2019-12-15 19:07:59,558][kfold_wrapper.log_eval_metrics] Accuracy(layer_0 - estimator_1 - 5_folds.train_4.predict)=82.47%
[ 2019-12-15 19:07:59,764][kfold_wrapper.log_eval_metrics] Accuracy(layer_0 - estimator_1 - 5_folds.train_cv.predict)=81.40%
[ 2019-12-15 19:07:59,765][kfold_wrapper.log_eval_metrics] Accuracy(layer_0 - estimator_1 - 5_folds.test.predict)=87.36%
[ 2019-12-15 19:08:02,993][kfold_wrapper.log_eval_metrics] Accuracy(layer_0 - estimator_2 - 5_folds.train_0.predict)=83.33%
[ 2019-12-15 19:08:06,256][kfold_wrapper.log_eval_metrics] Accuracy(layer_0 - estimator_2 - 5_folds.train_1.predict)=78.71%
[ 2019-12-15 19:08:09,562][kfold_wrapper.log_eval_metrics] Accuracy(layer_0 - estimator_2 - 5_folds.train_2.predict)=85.16%
[ 2019-12-15 19:08:12,840][kfold_wrapper.log_eval_metrics] Accuracy(layer_0 - estimator_2 - 5_folds.train_3.predict)=79.87%
[ 2019-12-15 19:08:16,150][kfold_wrapper.log_eval_metrics] Accuracy(layer_0 - estimator_2 - 5_folds.train_4.predict)=79.87%
[ 2019-12-15 19:08:16,197][kfold_wrapper.log_eval_metrics] Accuracy(layer_0 - estimator_2 - 5_folds.train_cv.predict)=81.40%
[ 2019-12-15 19:08:16,197][kfold_wrapper.log_eval_metrics] Accuracy(layer_0 - estimator_2 - 5_folds.test.predict)=85.06%
[ 2019-12-15 19:08:16,198][cascade_classifier.calc_accuracy] Accuracy(layer_0 - train.classifier_average)=80.88%
[ 2019-12-15 19:08:16,198][cascade_classifier.calc_accuracy] Accuracy(layer_0 - test.classifier_average)=87.36%
[ 2019-12-15 19:08:16,199][cascade_classifier.fit_transform] [layer=1] look_indexs=[0], X_cur_train.shape=(774, 364), X_cur_test.shape=(87, 364)
[ 2019-12-15 19:08:17,308][kfold_wrapper.log_eval_metrics] Accuracy(layer_1 - estimator_0 - 5_folds.train_0.predict)=82.05%
[ 2019-12-15 19:08:18,615][kfold_wrapper.log_eval_metrics] Accuracy(layer_1 - estimator_0 - 5_folds.train_1.predict)=82.58%
[ 2019-12-15 19:08:19,921][kfold_wrapper.log_eval_metrics] Accuracy(layer_1 - estimator_0 - 5_folds.train_2.predict)=79.35%
[ 2019-12-15 19:08:21,227][kfold_wrapper.log_eval_metrics] Accuracy(layer_1 - estimator_0 - 5_folds.train_3.predict)=79.22%
[ 2019-12-15 19:08:22,431][kfold_wrapper.log_eval_metrics] Accuracy(layer_1 - estimator_0 - 5_folds.train_4.predict)=83.77%
[ 2019-12-15 19:08:22,645][kfold_wrapper.log_eval_metrics] Accuracy(layer_1 - estimator_0 - 5_folds.train_cv.predict)=81.40%
[ 2019-12-15 19:08:22,645][kfold_wrapper.log_eval_metrics] Accuracy(layer_1 - estimator_0 - 5_folds.test.predict)=86.21%
[ 2019-12-15 19:08:23,614][kfold_wrapper.log_eval_metrics] Accuracy(layer_1 - estimator_1 - 5_folds.train_0.predict)=80.13%
[ 2019-12-15 19:08:24,810][kfold_wrapper.log_eval_metrics] Accuracy(layer_1 - estimator_1 - 5_folds.train_1.predict)=80.65%
[ 2019-12-15 19:08:25,992][kfold_wrapper.log_eval_metrics] Accuracy(layer_1 - estimator_1 - 5_folds.train_2.predict)=83.23%
[ 2019-12-15 19:08:27,175][kfold_wrapper.log_eval_metrics] Accuracy(layer_1 - estimator_1 - 5_folds.train_3.predict)=80.52%
[ 2019-12-15 19:08:28,346][kfold_wrapper.log_eval_metrics] Accuracy(layer_1 - estimator_1 - 5_folds.train_4.predict)=84.42%
[ 2019-12-15 19:08:28,552][kfold_wrapper.log_eval_metrics] Accuracy(layer_1 - estimator_1 - 5_folds.train_cv.predict)=81.78%
[ 2019-12-15 19:08:28,552][kfold_wrapper.log_eval_metrics] Accuracy(layer_1 - estimator_1 - 5_folds.test.predict)=87.36%
[ 2019-12-15 19:08:31,859][kfold_wrapper.log_eval_metrics] Accuracy(layer_1 - estimator_2 - 5_folds.train_0.predict)=82.05%
[ 2019-12-15 19:08:35,205][kfold_wrapper.log_eval_metrics] Accuracy(layer_1 - estimator_2 - 5_folds.train_1.predict)=81.94%
[ 2019-12-15 19:08:38,546][kfold_wrapper.log_eval_metrics] Accuracy(layer_1 - estimator_2 - 5_folds.train_2.predict)=76.13%
[ 2019-12-15 19:08:41,874][kfold_wrapper.log_eval_metrics] Accuracy(layer_1 - estimator_2 - 5_folds.train_3.predict)=87.01%
[ 2019-12-15 19:08:45,210][kfold_wrapper.log_eval_metrics] Accuracy(layer_1 - estimator_2 - 5_folds.train_4.predict)=77.92%
[ 2019-12-15 19:08:45,259][kfold_wrapper.log_eval_metrics] Accuracy(layer_1 - estimator_2 - 5_folds.train_cv.predict)=81.01%
[ 2019-12-15 19:08:45,259][kfold_wrapper.log_eval_metrics] Accuracy(layer_1 - estimator_2 - 5_folds.test.predict)=81.61%
[ 2019-12-15 19:08:45,260][cascade_classifier.calc_accuracy] Accuracy(layer_1 - train.classifier_average)=82.04%
[ 2019-12-15 19:08:45,260][cascade_classifier.calc_accuracy] Accuracy(layer_1 - test.classifier_average)=86.21%
[ 2019-12-15 19:08:45,262][cascade_classifier.fit_transform] [layer=2] look_indexs=[0], X_cur_train.shape=(774, 364), X_cur_test.shape=(87, 364)
[ 2019-12-15 19:08:46,361][kfold_wrapper.log_eval_metrics] Accuracy(layer_2 - estimator_0 - 5_folds.train_0.predict)=86.54%
[ 2019-12-15 19:08:47,676][kfold_wrapper.log_eval_metrics] Accuracy(layer_2 - estimator_0 - 5_folds.train_1.predict)=76.13%
[ 2019-12-15 19:08:48,976][kfold_wrapper.log_eval_metrics] Accuracy(layer_2 - estimator_0 - 5_folds.train_2.predict)=79.35%
[ 2019-12-15 19:08:50,276][kfold_wrapper.log_eval_metrics] Accuracy(layer_2 - estimator_0 - 5_folds.train_3.predict)=83.12%
[ 2019-12-15 19:08:51,581][kfold_wrapper.log_eval_metrics] Accuracy(layer_2 - estimator_0 - 5_folds.train_4.predict)=82.47%
[ 2019-12-15 19:08:51,788][kfold_wrapper.log_eval_metrics] Accuracy(layer_2 - estimator_0 - 5_folds.train_cv.predict)=81.52%
[ 2019-12-15 19:08:51,788][kfold_wrapper.log_eval_metrics] Accuracy(layer_2 - estimator_0 - 5_folds.test.predict)=86.21%
[ 2019-12-15 19:08:52,761][kfold_wrapper.log_eval_metrics] Accuracy(layer_2 - estimator_1 - 5_folds.train_0.predict)=78.85%
[ 2019-12-15 19:08:53,930][kfold_wrapper.log_eval_metrics] Accuracy(layer_2 - estimator_1 - 5_folds.train_1.predict)=82.58%
[ 2019-12-15 19:08:55,102][kfold_wrapper.log_eval_metrics] Accuracy(layer_2 - estimator_1 - 5_folds.train_2.predict)=80.65%
[ 2019-12-15 19:08:56,268][kfold_wrapper.log_eval_metrics] Accuracy(layer_2 - estimator_1 - 5_folds.train_3.predict)=83.77%
[ 2019-12-15 19:08:57,448][kfold_wrapper.log_eval_metrics] Accuracy(layer_2 - estimator_1 - 5_folds.train_4.predict)=82.47%
[ 2019-12-15 19:08:57,654][kfold_wrapper.log_eval_metrics] Accuracy(layer_2 - estimator_1 - 5_folds.train_cv.predict)=81.65%
[ 2019-12-15 19:08:57,655][kfold_wrapper.log_eval_metrics] Accuracy(layer_2 - estimator_1 - 5_folds.test.predict)=85.06%
[ 2019-12-15 19:09:00,974][kfold_wrapper.log_eval_metrics] Accuracy(layer_2 - estimator_2 - 5_folds.train_0.predict)=80.13%
[ 2019-12-15 19:09:04,303][kfold_wrapper.log_eval_metrics] Accuracy(layer_2 - estimator_2 - 5_folds.train_1.predict)=80.00%
[ 2019-12-15 19:09:07,629][kfold_wrapper.log_eval_metrics] Accuracy(layer_2 - estimator_2 - 5_folds.train_2.predict)=82.58%
[ 2019-12-15 19:09:10,995][kfold_wrapper.log_eval_metrics] Accuracy(layer_2 - estimator_2 - 5_folds.train_3.predict)=79.22%
[ 2019-12-15 19:09:14,327][kfold_wrapper.log_eval_metrics] Accuracy(layer_2 - estimator_2 - 5_folds.train_4.predict)=81.17%
[ 2019-12-15 19:09:14,373][kfold_wrapper.log_eval_metrics] Accuracy(layer_2 - estimator_2 - 5_folds.train_cv.predict)=80.62%
[ 2019-12-15 19:09:14,373][kfold_wrapper.log_eval_metrics] Accuracy(layer_2 - estimator_2 - 5_folds.test.predict)=83.91%
[ 2019-12-15 19:09:14,374][cascade_classifier.calc_accuracy] Accuracy(layer_2 - train.classifier_average)=81.78%
[ 2019-12-15 19:09:14,374][cascade_classifier.calc_accuracy] Accuracy(layer_2 - test.classifier_average)=85.06%
[ 2019-12-15 19:09:14,376][cascade_classifier.fit_transform] [layer=3] look_indexs=[0], X_cur_train.shape=(774, 364), X_cur_test.shape=(87, 364)
[ 2019-12-15 19:09:15,476][kfold_wrapper.log_eval_metrics] Accuracy(layer_3 - estimator_0 - 5_folds.train_0.predict)=78.85%
[ 2019-12-15 19:09:16,787][kfold_wrapper.log_eval_metrics] Accuracy(layer_3 - estimator_0 - 5_folds.train_1.predict)=80.00%
[ 2019-12-15 19:09:18,092][kfold_wrapper.log_eval_metrics] Accuracy(layer_3 - estimator_0 - 5_folds.train_2.predict)=78.06%
[ 2019-12-15 19:09:19,307][kfold_wrapper.log_eval_metrics] Accuracy(layer_3 - estimator_0 - 5_folds.train_3.predict)=87.01%
[ 2019-12-15 19:09:20,616][kfold_wrapper.log_eval_metrics] Accuracy(layer_3 - estimator_0 - 5_folds.train_4.predict)=85.06%
[ 2019-12-15 19:09:20,822][kfold_wrapper.log_eval_metrics] Accuracy(layer_3 - estimator_0 - 5_folds.train_cv.predict)=81.78%
[ 2019-12-15 19:09:20,823][kfold_wrapper.log_eval_metrics] Accuracy(layer_3 - estimator_0 - 5_folds.test.predict)=81.61%
[ 2019-12-15 19:09:21,797][kfold_wrapper.log_eval_metrics] Accuracy(layer_3 - estimator_1 - 5_folds.train_0.predict)=79.49%
[ 2019-12-15 19:09:22,976][kfold_wrapper.log_eval_metrics] Accuracy(layer_3 - estimator_1 - 5_folds.train_1.predict)=82.58%
[ 2019-12-15 19:09:24,183][kfold_wrapper.log_eval_metrics] Accuracy(layer_3 - estimator_1 - 5_folds.train_2.predict)=76.77%
[ 2019-12-15 19:09:25,384][kfold_wrapper.log_eval_metrics] Accuracy(layer_3 - estimator_1 - 5_folds.train_3.predict)=84.42%
[ 2019-12-15 19:09:26,480][kfold_wrapper.log_eval_metrics] Accuracy(layer_3 - estimator_1 - 5_folds.train_4.predict)=85.06%
[ 2019-12-15 19:09:26,695][kfold_wrapper.log_eval_metrics] Accuracy(layer_3 - estimator_1 - 5_folds.train_cv.predict)=81.65%
[ 2019-12-15 19:09:26,695][kfold_wrapper.log_eval_metrics] Accuracy(layer_3 - estimator_1 - 5_folds.test.predict)=82.76%
[ 2019-12-15 19:09:30,089][kfold_wrapper.log_eval_metrics] Accuracy(layer_3 - estimator_2 - 5_folds.train_0.predict)=82.05%
[ 2019-12-15 19:09:33,497][kfold_wrapper.log_eval_metrics] Accuracy(layer_3 - estimator_2 - 5_folds.train_1.predict)=80.65%
