[ 2019-09-26 14:08:42,424][cascade_classifier.fit_transform] X_groups_train.shape=[(903, 119)],y_train.shape=(903,),X_groups_test.shape=no_test,y_test.shape=no_test
[ 2019-09-26 14:08:42,425][cascade_classifier.fit_transform] group_dims=[119]
[ 2019-09-26 14:08:42,425][cascade_classifier.fit_transform] group_starts=[0]
[ 2019-09-26 14:08:42,425][cascade_classifier.fit_transform] group_ends=[119]
[ 2019-09-26 14:08:42,425][cascade_classifier.fit_transform] X_train.shape=(903, 119),X_test.shape=(0, 119)
[ 2019-09-26 14:08:42,426][cascade_classifier.fit_transform] [layer=0] look_indexs=[0], X_cur_train.shape=(903, 119), X_cur_test.shape=(0, 119)
[ 2019-09-26 14:08:43,536][kfold_wrapper.log_eval_metrics] Accuracy(layer_0 - estimator_0 - 5_folds.train_0.predict)=81.32%
[ 2019-09-26 14:08:44,676][kfold_wrapper.log_eval_metrics] Accuracy(layer_0 - estimator_0 - 5_folds.train_1.predict)=79.01%
[ 2019-09-26 14:08:45,767][kfold_wrapper.log_eval_metrics] Accuracy(layer_0 - estimator_0 - 5_folds.train_2.predict)=85.00%
[ 2019-09-26 14:08:46,914][kfold_wrapper.log_eval_metrics] Accuracy(layer_0 - estimator_0 - 5_folds.train_3.predict)=89.44%
[ 2019-09-26 14:08:48,056][kfold_wrapper.log_eval_metrics] Accuracy(layer_0 - estimator_0 - 5_folds.train_4.predict)=82.78%
[ 2019-09-26 14:08:48,056][kfold_wrapper.log_eval_metrics] Accuracy(layer_0 - estimator_0 - 5_folds.train_cv.predict)=83.50%
[ 2019-09-26 14:08:50,606][kfold_wrapper.log_eval_metrics] Accuracy(layer_0 - estimator_1 - 5_folds.train_0.predict)=85.71%
[ 2019-09-26 14:08:53,276][kfold_wrapper.log_eval_metrics] Accuracy(layer_0 - estimator_1 - 5_folds.train_1.predict)=83.98%
[ 2019-09-26 14:08:55,927][kfold_wrapper.log_eval_metrics] Accuracy(layer_0 - estimator_1 - 5_folds.train_2.predict)=86.11%
[ 2019-09-26 14:08:58,586][kfold_wrapper.log_eval_metrics] Accuracy(layer_0 - estimator_1 - 5_folds.train_3.predict)=84.44%
[ 2019-09-26 14:09:01,138][kfold_wrapper.log_eval_metrics] Accuracy(layer_0 - estimator_1 - 5_folds.train_4.predict)=81.67%
[ 2019-09-26 14:09:01,139][kfold_wrapper.log_eval_metrics] Accuracy(layer_0 - estimator_1 - 5_folds.train_cv.predict)=84.39%
[ 2019-09-26 14:09:03,620][kfold_wrapper.log_eval_metrics] Accuracy(layer_0 - estimator_2 - 5_folds.train_0.predict)=81.87%
[ 2019-09-26 14:09:06,085][kfold_wrapper.log_eval_metrics] Accuracy(layer_0 - estimator_2 - 5_folds.train_1.predict)=85.64%
[ 2019-09-26 14:09:08,461][kfold_wrapper.log_eval_metrics] Accuracy(layer_0 - estimator_2 - 5_folds.train_2.predict)=84.44%
[ 2019-09-26 14:09:10,957][kfold_wrapper.log_eval_metrics] Accuracy(layer_0 - estimator_2 - 5_folds.train_3.predict)=80.56%
[ 2019-09-26 14:09:13,454][kfold_wrapper.log_eval_metrics] Accuracy(layer_0 - estimator_2 - 5_folds.train_4.predict)=87.22%
[ 2019-09-26 14:09:13,455][kfold_wrapper.log_eval_metrics] Accuracy(layer_0 - estimator_2 - 5_folds.train_cv.predict)=83.94%
[ 2019-09-26 14:09:13,455][cascade_classifier.calc_accuracy] Accuracy(layer_0 - train.classifier_average)=84.05%
[ 2019-09-26 14:09:13,456][cascade_classifier.fit_transform] [layer=1] look_indexs=[0], X_cur_train.shape=(903, 125), X_cur_test.shape=(0, 125)
[ 2019-09-26 14:09:14,663][kfold_wrapper.log_eval_metrics] Accuracy(layer_1 - estimator_0 - 5_folds.train_0.predict)=85.71%
[ 2019-09-26 14:09:15,788][kfold_wrapper.log_eval_metrics] Accuracy(layer_1 - estimator_0 - 5_folds.train_1.predict)=84.53%
[ 2019-09-26 14:09:16,930][kfold_wrapper.log_eval_metrics] Accuracy(layer_1 - estimator_0 - 5_folds.train_2.predict)=84.44%
[ 2019-09-26 14:09:18,069][kfold_wrapper.log_eval_metrics] Accuracy(layer_1 - estimator_0 - 5_folds.train_3.predict)=83.33%
[ 2019-09-26 14:09:19,229][kfold_wrapper.log_eval_metrics] Accuracy(layer_1 - estimator_0 - 5_folds.train_4.predict)=79.44%
[ 2019-09-26 14:09:19,229][kfold_wrapper.log_eval_metrics] Accuracy(layer_1 - estimator_0 - 5_folds.train_cv.predict)=83.50%
[ 2019-09-26 14:09:21,886][kfold_wrapper.log_eval_metrics] Accuracy(layer_1 - estimator_1 - 5_folds.train_0.predict)=84.07%
[ 2019-09-26 14:09:24,455][kfold_wrapper.log_eval_metrics] Accuracy(layer_1 - estimator_1 - 5_folds.train_1.predict)=80.66%
[ 2019-09-26 14:09:27,234][kfold_wrapper.log_eval_metrics] Accuracy(layer_1 - estimator_1 - 5_folds.train_2.predict)=83.89%
[ 2019-09-26 14:09:29,880][kfold_wrapper.log_eval_metrics] Accuracy(layer_1 - estimator_1 - 5_folds.train_3.predict)=84.44%
[ 2019-09-26 14:09:32,456][kfold_wrapper.log_eval_metrics] Accuracy(layer_1 - estimator_1 - 5_folds.train_4.predict)=84.44%
[ 2019-09-26 14:09:32,457][kfold_wrapper.log_eval_metrics] Accuracy(layer_1 - estimator_1 - 5_folds.train_cv.predict)=83.50%
[ 2019-09-26 14:09:34,967][kfold_wrapper.log_eval_metrics] Accuracy(layer_1 - estimator_2 - 5_folds.train_0.predict)=85.16%
[ 2019-09-26 14:09:37,468][kfold_wrapper.log_eval_metrics] Accuracy(layer_1 - estimator_2 - 5_folds.train_1.predict)=83.43%
[ 2019-09-26 14:09:39,862][kfold_wrapper.log_eval_metrics] Accuracy(layer_1 - estimator_2 - 5_folds.train_2.predict)=82.78%
[ 2019-09-26 14:09:42,362][kfold_wrapper.log_eval_metrics] Accuracy(layer_1 - estimator_2 - 5_folds.train_3.predict)=84.44%
[ 2019-09-26 14:09:44,755][kfold_wrapper.log_eval_metrics] Accuracy(layer_1 - estimator_2 - 5_folds.train_4.predict)=82.78%
[ 2019-09-26 14:09:44,756][kfold_wrapper.log_eval_metrics] Accuracy(layer_1 - estimator_2 - 5_folds.train_cv.predict)=83.72%
[ 2019-09-26 14:09:44,756][cascade_classifier.calc_accuracy] Accuracy(layer_1 - train.classifier_average)=84.39%
[ 2019-09-26 14:09:44,756][cascade_classifier.fit_transform] [layer=2] look_indexs=[0], X_cur_train.shape=(903, 125), X_cur_test.shape=(0, 125)
[ 2019-09-26 14:09:45,955][kfold_wrapper.log_eval_metrics] Accuracy(layer_2 - estimator_0 - 5_folds.train_0.predict)=84.62%
[ 2019-09-26 14:09:47,139][kfold_wrapper.log_eval_metrics] Accuracy(layer_2 - estimator_0 - 5_folds.train_1.predict)=82.87%
[ 2019-09-26 14:09:48,410][kfold_wrapper.log_eval_metrics] Accuracy(layer_2 - estimator_0 - 5_folds.train_2.predict)=81.67%
[ 2019-09-26 14:09:49,789][kfold_wrapper.log_eval_metrics] Accuracy(layer_2 - estimator_0 - 5_folds.train_3.predict)=83.33%
[ 2019-09-26 14:09:51,001][kfold_wrapper.log_eval_metrics] Accuracy(layer_2 - estimator_0 - 5_folds.train_4.predict)=81.67%
[ 2019-09-26 14:09:51,001][kfold_wrapper.log_eval_metrics] Accuracy(layer_2 - estimator_0 - 5_folds.train_cv.predict)=82.83%
[ 2019-09-26 14:09:53,729][kfold_wrapper.log_eval_metrics] Accuracy(layer_2 - estimator_1 - 5_folds.train_0.predict)=82.42%
[ 2019-09-26 14:09:56,313][kfold_wrapper.log_eval_metrics] Accuracy(layer_2 - estimator_1 - 5_folds.train_1.predict)=81.77%
[ 2019-09-26 14:09:58,980][kfold_wrapper.log_eval_metrics] Accuracy(layer_2 - estimator_1 - 5_folds.train_2.predict)=77.22%
[ 2019-09-26 14:10:01,761][kfold_wrapper.log_eval_metrics] Accuracy(layer_2 - estimator_1 - 5_folds.train_3.predict)=85.00%
[ 2019-09-26 14:10:04,537][kfold_wrapper.log_eval_metrics] Accuracy(layer_2 - estimator_1 - 5_folds.train_4.predict)=87.78%
[ 2019-09-26 14:10:04,537][kfold_wrapper.log_eval_metrics] Accuracy(layer_2 - estimator_1 - 5_folds.train_cv.predict)=82.83%
[ 2019-09-26 14:10:07,021][kfold_wrapper.log_eval_metrics] Accuracy(layer_2 - estimator_2 - 5_folds.train_0.predict)=84.62%
[ 2019-09-26 14:10:09,526][kfold_wrapper.log_eval_metrics] Accuracy(layer_2 - estimator_2 - 5_folds.train_1.predict)=86.19%
[ 2019-09-26 14:10:11,911][kfold_wrapper.log_eval_metrics] Accuracy(layer_2 - estimator_2 - 5_folds.train_2.predict)=83.89%
[ 2019-09-26 14:10:14,408][kfold_wrapper.log_eval_metrics] Accuracy(layer_2 - estimator_2 - 5_folds.train_3.predict)=79.44%
[ 2019-09-26 14:10:17,189][kfold_wrapper.log_eval_metrics] Accuracy(layer_2 - estimator_2 - 5_folds.train_4.predict)=84.44%
[ 2019-09-26 14:10:17,189][kfold_wrapper.log_eval_metrics] Accuracy(layer_2 - estimator_2 - 5_folds.train_cv.predict)=83.72%
[ 2019-09-26 14:10:17,189][cascade_classifier.calc_accuracy] Accuracy(layer_2 - train.classifier_average)=83.28%
[ 2019-09-26 14:10:17,190][cascade_classifier.fit_transform] [layer=3] look_indexs=[0], X_cur_train.shape=(903, 125), X_cur_test.shape=(0, 125)
[ 2019-09-26 14:10:18,898][kfold_wrapper.log_eval_metrics] Accuracy(layer_3 - estimator_0 - 5_folds.train_0.predict)=83.52%
[ 2019-09-26 14:10:20,393][kfold_wrapper.log_eval_metrics] Accuracy(layer_3 - estimator_0 - 5_folds.train_1.predict)=81.77%
[ 2019-09-26 14:10:21,885][kfold_wrapper.log_eval_metrics] Accuracy(layer_3 - estimator_0 - 5_folds.train_2.predict)=80.00%
[ 2019-09-26 14:10:23,346][kfold_wrapper.log_eval_metrics] Accuracy(layer_3 - estimator_0 - 5_folds.train_3.predict)=82.22%
[ 2019-09-26 14:10:24,868][kfold_wrapper.log_eval_metrics] Accuracy(layer_3 - estimator_0 - 5_folds.train_4.predict)=86.67%
[ 2019-09-26 14:10:24,869][kfold_wrapper.log_eval_metrics] Accuracy(layer_3 - estimator_0 - 5_folds.train_cv.predict)=82.83%
[ 2019-09-26 14:10:28,108][kfold_wrapper.log_eval_metrics] Accuracy(layer_3 - estimator_1 - 5_folds.train_0.predict)=79.67%
[ 2019-09-26 14:10:31,339][kfold_wrapper.log_eval_metrics] Accuracy(layer_3 - estimator_1 - 5_folds.train_1.predict)=82.32%
[ 2019-09-26 14:10:34,754][kfold_wrapper.log_eval_metrics] Accuracy(layer_3 - estimator_1 - 5_folds.train_2.predict)=83.33%
[ 2019-09-26 14:10:38,049][kfold_wrapper.log_eval_metrics] Accuracy(layer_3 - estimator_1 - 5_folds.train_3.predict)=82.78%
[ 2019-09-26 14:10:41,312][kfold_wrapper.log_eval_metrics] Accuracy(layer_3 - estimator_1 - 5_folds.train_4.predict)=83.33%
[ 2019-09-26 14:10:41,313][kfold_wrapper.log_eval_metrics] Accuracy(layer_3 - estimator_1 - 5_folds.train_cv.predict)=82.28%
[ 2019-09-26 14:10:44,140][kfold_wrapper.log_eval_metrics] Accuracy(layer_3 - estimator_2 - 5_folds.train_0.predict)=84.07%
[ 2019-09-26 14:10:46,998][kfold_wrapper.log_eval_metrics] Accuracy(layer_3 - estimator_2 - 5_folds.train_1.predict)=84.53%
[ 2019-09-26 14:10:49,821][kfold_wrapper.log_eval_metrics] Accuracy(layer_3 - estimator_2 - 5_folds.train_2.predict)=85.56%
[ 2019-09-26 14:10:52,644][kfold_wrapper.log_eval_metrics] Accuracy(layer_3 - estimator_2 - 5_folds.train_3.predict)=80.56%
[ 2019-09-26 14:10:55,494][kfold_wrapper.log_eval_metrics] Accuracy(layer_3 - estimator_2 - 5_folds.train_4.predict)=82.78%
[ 2019-09-26 14:10:55,497][kfold_wrapper.log_eval_metrics] Accuracy(layer_3 - estimator_2 - 5_folds.train_cv.predict)=83.50%
[ 2019-09-26 14:10:55,498][cascade_classifier.calc_accuracy] Accuracy(layer_3 - train.classifier_average)=83.61%
[ 2019-09-26 14:10:55,500][cascade_classifier.fit_transform] [layer=4] look_indexs=[0], X_cur_train.shape=(903, 125), X_cur_test.shape=(0, 125)
[ 2019-09-26 14:10:56,848][kfold_wrapper.log_eval_metrics] Accuracy(layer_4 - estimator_0 - 5_folds.train_0.predict)=78.02%
[ 2019-09-26 14:10:58,237][kfold_wrapper.log_eval_metrics] Accuracy(layer_4 - estimator_0 - 5_folds.train_1.predict)=83.43%
[ 2019-09-26 14:10:59,631][kfold_wrapper.log_eval_metrics] Accuracy(layer_4 - estimator_0 - 5_folds.train_2.predict)=85.56%
[ 2019-09-26 14:11:00,957][kfold_wrapper.log_eval_metrics] Accuracy(layer_4 - estimator_0 - 5_folds.train_3.predict)=78.33%
[ 2019-09-26 14:11:02,403][kfold_wrapper.log_eval_metrics] Accuracy(layer_4 - estimator_0 - 5_folds.train_4.predict)=80.56%
[ 2019-09-26 14:11:02,403][kfold_wrapper.log_eval_metrics] Accuracy(layer_4 - estimator_0 - 5_folds.train_cv.predict)=81.17%
[ 2019-09-26 14:11:05,537][kfold_wrapper.log_eval_metrics] Accuracy(layer_4 - estimator_1 - 5_folds.train_0.predict)=81.87%
[ 2019-09-26 14:11:08,656][kfold_wrapper.log_eval_metrics] Accuracy(layer_4 - estimator_1 - 5_folds.train_1.predict)=82.87%
[ 2019-09-26 14:11:11,840][kfold_wrapper.log_eval_metrics] Accuracy(layer_4 - estimator_1 - 5_folds.train_2.predict)=78.89%
[ 2019-09-26 14:11:14,985][kfold_wrapper.log_eval_metrics] Accuracy(layer_4 - estimator_1 - 5_folds.train_3.predict)=88.89%
[ 2019-09-26 14:11:18,159][kfold_wrapper.log_eval_metrics] Accuracy(layer_4 - estimator_1 - 5_folds.train_4.predict)=85.00%
[ 2019-09-26 14:11:18,160][kfold_wrapper.log_eval_metrics] Accuracy(layer_4 - estimator_1 - 5_folds.train_cv.predict)=83.50%
[ 2019-09-26 14:11:21,063][kfold_wrapper.log_eval_metrics] Accuracy(layer_4 - estimator_2 - 5_folds.train_0.predict)=86.26%
[ 2019-09-26 14:11:23,996][kfold_wrapper.log_eval_metrics] Accuracy(layer_4 - estimator_2 - 5_folds.train_1.predict)=81.22%
[ 2019-09-26 14:11:26,888][kfold_wrapper.log_eval_metrics] Accuracy(layer_4 - estimator_2 - 5_folds.train_2.predict)=83.33%
[ 2019-09-26 14:11:29,794][kfold_wrapper.log_eval_metrics] Accuracy(layer_4 - estimator_2 - 5_folds.train_3.predict)=88.33%
[ 2019-09-26 14:11:32,716][kfold_wrapper.log_eval_metrics] Accuracy(layer_4 - estimator_2 - 5_folds.train_4.predict)=82.22%
[ 2019-09-26 14:11:32,716][kfold_wrapper.log_eval_metrics] Accuracy(layer_4 - estimator_2 - 5_folds.train_cv.predict)=84.27%
[ 2019-09-26 14:11:32,716][cascade_classifier.calc_accuracy] Accuracy(layer_4 - train.classifier_average)=82.83%
[ 2019-09-26 14:11:32,717][cascade_classifier.fit_transform] [layer=5] look_indexs=[0], X_cur_train.shape=(903, 125), X_cur_test.shape=(0, 125)
[ 2019-09-26 14:11:34,154][kfold_wrapper.log_eval_metrics] Accuracy(layer_5 - estimator_0 - 5_folds.train_0.predict)=82.42%
[ 2019-09-26 14:11:35,617][kfold_wrapper.log_eval_metrics] Accuracy(layer_5 - estimator_0 - 5_folds.train_1.predict)=82.87%
[ 2019-09-26 14:11:37,092][kfold_wrapper.log_eval_metrics] Accuracy(layer_5 - estimator_0 - 5_folds.train_2.predict)=81.11%
[ 2019-09-26 14:11:38,585][kfold_wrapper.log_eval_metrics] Accuracy(layer_5 - estimator_0 - 5_folds.train_3.predict)=87.78%
[ 2019-09-26 14:11:40,031][kfold_wrapper.log_eval_metrics] Accuracy(layer_5 - estimator_0 - 5_folds.train_4.predict)=81.67%
[ 2019-09-26 14:11:40,032][kfold_wrapper.log_eval_metrics] Accuracy(layer_5 - estimator_0 - 5_folds.train_cv.predict)=83.17%
[ 2019-09-26 14:11:43,439][kfold_wrapper.log_eval_metrics] Accuracy(layer_5 - estimator_1 - 5_folds.train_0.predict)=83.52%
[ 2019-09-26 14:11:46,695][kfold_wrapper.log_eval_metrics] Accuracy(layer_5 - estimator_1 - 5_folds.train_1.predict)=83.43%
[ 2019-09-26 14:11:50,046][kfold_wrapper.log_eval_metrics] Accuracy(layer_5 - estimator_1 - 5_folds.train_2.predict)=82.22%
[ 2019-09-26 14:11:53,444][kfold_wrapper.log_eval_metrics] Accuracy(layer_5 - estimator_1 - 5_folds.train_3.predict)=84.44%
[ 2019-09-26 14:11:56,789][kfold_wrapper.log_eval_metrics] Accuracy(layer_5 - estimator_1 - 5_folds.train_4.predict)=84.44%
[ 2019-09-26 14:11:56,790][kfold_wrapper.log_eval_metrics] Accuracy(layer_5 - estimator_1 - 5_folds.train_cv.predict)=83.61%
[ 2019-09-26 14:11:59,848][kfold_wrapper.log_eval_metrics] Accuracy(layer_5 - estimator_2 - 5_folds.train_0.predict)=83.52%
[ 2019-09-26 14:12:02,923][kfold_wrapper.log_eval_metrics] Accuracy(layer_5 - estimator_2 - 5_folds.train_1.predict)=81.22%
[ 2019-09-26 14:12:06,029][kfold_wrapper.log_eval_metrics] Accuracy(layer_5 - estimator_2 - 5_folds.train_2.predict)=81.11%
[ 2019-09-26 14:12:09,249][kfold_wrapper.log_eval_metrics] Accuracy(layer_5 - estimator_2 - 5_folds.train_3.predict)=87.22%
[ 2019-09-26 14:12:12,347][kfold_wrapper.log_eval_metrics] Accuracy(layer_5 - estimator_2 - 5_folds.train_4.predict)=82.22%
[ 2019-09-26 14:12:12,348][kfold_wrapper.log_eval_metrics] Accuracy(layer_5 - estimator_2 - 5_folds.train_cv.predict)=83.06%
[ 2019-09-26 14:12:12,348][cascade_classifier.calc_accuracy] Accuracy(layer_5 - train.classifier_average)=83.50%
[ 2019-09-26 14:12:12,349][cascade_classifier.fit_transform] [layer=6] look_indexs=[0], X_cur_train.shape=(903, 125), X_cur_test.shape=(0, 125)
[ 2019-09-26 14:12:13,921][kfold_wrapper.log_eval_metrics] Accuracy(layer_6 - estimator_0 - 5_folds.train_0.predict)=86.81%
[ 2019-09-26 14:12:15,461][kfold_wrapper.log_eval_metrics] Accuracy(layer_6 - estimator_0 - 5_folds.train_1.predict)=85.08%
[ 2019-09-26 14:12:16,997][kfold_wrapper.log_eval_metrics] Accuracy(layer_6 - estimator_0 - 5_folds.train_2.predict)=81.67%
[ 2019-09-26 14:12:18,507][kfold_wrapper.log_eval_metrics] Accuracy(layer_6 - estimator_0 - 5_folds.train_3.predict)=78.33%
[ 2019-09-26 14:12:20,044][kfold_wrapper.log_eval_metrics] Accuracy(layer_6 - estimator_0 - 5_folds.train_4.predict)=81.11%
[ 2019-09-26 14:12:20,045][kfold_wrapper.log_eval_metrics] Accuracy(layer_6 - estimator_0 - 5_folds.train_cv.predict)=82.61%
[ 2019-09-26 14:12:23,503][kfold_wrapper.log_eval_metrics] Accuracy(layer_6 - estimator_1 - 5_folds.train_0.predict)=84.62%
[ 2019-09-26 14:12:26,896][kfold_wrapper.log_eval_metrics] Accuracy(layer_6 - estimator_1 - 5_folds.train_1.predict)=85.64%
[ 2019-09-26 14:12:30,327][kfold_wrapper.log_eval_metrics] Accuracy(layer_6 - estimator_1 - 5_folds.train_2.predict)=81.67%
[ 2019-09-26 14:12:33,691][kfold_wrapper.log_eval_metrics] Accuracy(layer_6 - estimator_1 - 5_folds.train_3.predict)=85.00%
[ 2019-09-26 14:12:37,056][kfold_wrapper.log_eval_metrics] Accuracy(layer_6 - estimator_1 - 5_folds.train_4.predict)=82.22%
[ 2019-09-26 14:12:37,059][kfold_wrapper.log_eval_metrics] Accuracy(layer_6 - estimator_1 - 5_folds.train_cv.predict)=83.83%
[ 2019-09-26 14:12:40,175][kfold_wrapper.log_eval_metrics] Accuracy(layer_6 - estimator_2 - 5_folds.train_0.predict)=85.16%
[ 2019-09-26 14:12:43,261][kfold_wrapper.log_eval_metrics] Accuracy(layer_6 - estimator_2 - 5_folds.train_1.predict)=81.22%
[ 2019-09-26 14:12:46,348][kfold_wrapper.log_eval_metrics] Accuracy(layer_6 - estimator_2 - 5_folds.train_2.predict)=85.00%
[ 2019-09-26 14:12:49,432][kfold_wrapper.log_eval_metrics] Accuracy(layer_6 - estimator_2 - 5_folds.train_3.predict)=85.00%
[ 2019-09-26 14:12:52,497][kfold_wrapper.log_eval_metrics] Accuracy(layer_6 - estimator_2 - 5_folds.train_4.predict)=81.67%
[ 2019-09-26 14:12:52,498][kfold_wrapper.log_eval_metrics] Accuracy(layer_6 - estimator_2 - 5_folds.train_cv.predict)=83.61%
[ 2019-09-26 14:12:52,498][cascade_classifier.calc_accuracy] Accuracy(layer_6 - train.classifier_average)=83.83%
[ 2019-09-26 14:12:52,499][cascade_classifier.fit_transform] [Result][Optimal Level Detected] opt_layer_num=2, accuracy_train=84.39%, accuracy_test=0.00%
[ 2019-09-26 14:12:52,700][cascade_classifier.transform] X_groups_test.shape=[(101, 119)]
[ 2019-09-26 14:12:52,700][cascade_classifier.transform] group_dims=[119]
[ 2019-09-26 14:12:52,700][cascade_classifier.transform] X_test.shape=(101, 119)
[ 2019-09-26 14:12:52,701][cascade_classifier.transform] [layer=0] look_indexs=[0], X_cur_test.shape=(101, 119)
[ 2019-09-26 14:12:56,910][cascade_classifier.transform] [layer=1] look_indexs=[0], X_cur_test.shape=(101, 125)
[ 2019-09-26 14:13:01,107][cascade_classifier.transform] X_groups_test.shape=[(101, 119)]
[ 2019-09-26 14:13:01,107][cascade_classifier.transform] group_dims=[119]
[ 2019-09-26 14:13:01,108][cascade_classifier.transform] X_test.shape=(101, 119)
[ 2019-09-26 14:13:01,108][cascade_classifier.transform] [layer=0] look_indexs=[0], X_cur_test.shape=(101, 119)
[ 2019-09-26 14:13:05,301][cascade_classifier.transform] [layer=1] look_indexs=[0], X_cur_test.shape=(101, 125)
