[ 2019-12-15 09:47:54,399][cascade_classifier.fit_transform] X_groups_train.shape=[(774, 1, 358, 1)],y_train.shape=(774,),X_groups_test.shape=[(87, 1, 358, 1)],y_test.shape=(87,)
[ 2019-12-15 09:47:54,400][cascade_classifier.fit_transform] group_dims=[358]
[ 2019-12-15 09:47:54,401][cascade_classifier.fit_transform] group_starts=[0]
[ 2019-12-15 09:47:54,401][cascade_classifier.fit_transform] group_ends=[358]
[ 2019-12-15 09:47:54,401][cascade_classifier.fit_transform] X_train.shape=(774, 358),X_test.shape=(87, 358)
[ 2019-12-15 09:47:54,403][cascade_classifier.fit_transform] [layer=0] look_indexs=[0], X_cur_train.shape=(774, 358), X_cur_test.shape=(87, 358)
[ 2019-12-15 09:47:55,495][kfold_wrapper.log_eval_metrics] Accuracy(layer_0 - estimator_0 - 5_folds.train_0.predict)=84.52%
[ 2019-12-15 09:47:56,692][kfold_wrapper.log_eval_metrics] Accuracy(layer_0 - estimator_0 - 5_folds.train_1.predict)=81.29%
[ 2019-12-15 09:47:57,989][kfold_wrapper.log_eval_metrics] Accuracy(layer_0 - estimator_0 - 5_folds.train_2.predict)=80.65%
[ 2019-12-15 09:47:59,180][kfold_wrapper.log_eval_metrics] Accuracy(layer_0 - estimator_0 - 5_folds.train_3.predict)=83.23%
[ 2019-12-15 09:48:00,372][kfold_wrapper.log_eval_metrics] Accuracy(layer_0 - estimator_0 - 5_folds.train_4.predict)=78.57%
[ 2019-12-15 09:48:00,579][kfold_wrapper.log_eval_metrics] Accuracy(layer_0 - estimator_0 - 5_folds.train_cv.predict)=81.65%
[ 2019-12-15 09:48:00,580][kfold_wrapper.log_eval_metrics] Accuracy(layer_0 - estimator_0 - 5_folds.test.predict)=81.61%
[ 2019-12-15 09:48:01,537][kfold_wrapper.log_eval_metrics] Accuracy(layer_0 - estimator_1 - 5_folds.train_0.predict)=83.87%
[ 2019-12-15 09:48:02,629][kfold_wrapper.log_eval_metrics] Accuracy(layer_0 - estimator_1 - 5_folds.train_1.predict)=83.87%
[ 2019-12-15 09:48:03,607][kfold_wrapper.log_eval_metrics] Accuracy(layer_0 - estimator_1 - 5_folds.train_2.predict)=81.29%
[ 2019-12-15 09:48:04,667][kfold_wrapper.log_eval_metrics] Accuracy(layer_0 - estimator_1 - 5_folds.train_3.predict)=80.65%
[ 2019-12-15 09:48:05,830][kfold_wrapper.log_eval_metrics] Accuracy(layer_0 - estimator_1 - 5_folds.train_4.predict)=79.87%
[ 2019-12-15 09:48:05,935][kfold_wrapper.log_eval_metrics] Accuracy(layer_0 - estimator_1 - 5_folds.train_cv.predict)=81.91%
[ 2019-12-15 09:48:05,936][kfold_wrapper.log_eval_metrics] Accuracy(layer_0 - estimator_1 - 5_folds.test.predict)=79.31%
[ 2019-12-15 09:48:07,014][kfold_wrapper.log_eval_metrics] Accuracy(layer_0 - estimator_2 - 5_folds.train_0.predict)=83.87%
[ 2019-12-15 09:48:08,078][kfold_wrapper.log_eval_metrics] Accuracy(layer_0 - estimator_2 - 5_folds.train_1.predict)=78.71%
[ 2019-12-15 09:48:09,147][kfold_wrapper.log_eval_metrics] Accuracy(layer_0 - estimator_2 - 5_folds.train_2.predict)=81.94%
[ 2019-12-15 09:48:10,161][kfold_wrapper.log_eval_metrics] Accuracy(layer_0 - estimator_2 - 5_folds.train_3.predict)=85.16%
[ 2019-12-15 09:48:11,192][kfold_wrapper.log_eval_metrics] Accuracy(layer_0 - estimator_2 - 5_folds.train_4.predict)=79.22%
[ 2019-12-15 09:48:11,193][kfold_wrapper.log_eval_metrics] Accuracy(layer_0 - estimator_2 - 5_folds.train_cv.predict)=81.78%
[ 2019-12-15 09:48:11,194][kfold_wrapper.log_eval_metrics] Accuracy(layer_0 - estimator_2 - 5_folds.test.predict)=83.91%
