[ 2019-12-23 12:58:32,580][cascade_classifier.fit_transform] X_groups_train.shape=[(774, 358)],y_train.shape=(774,),X_groups_test.shape=[(87, 358)],y_test.shape=(87,)
[ 2019-12-23 12:58:32,581][cascade_classifier.fit_transform] group_dims=[358]
[ 2019-12-23 12:58:32,581][cascade_classifier.fit_transform] group_starts=[0]
[ 2019-12-23 12:58:32,581][cascade_classifier.fit_transform] group_ends=[358]
[ 2019-12-23 12:58:32,582][cascade_classifier.fit_transform] X_train.shape=(774, 358),X_test.shape=(87, 358)
[ 2019-12-23 12:58:32,583][cascade_classifier.fit_transform] [layer=0] look_indexs=[0], X_cur_train.shape=(774, 358), X_cur_test.shape=(87, 358)
[ 2019-12-23 12:58:36,974][kfold_wrapper.log_eval_metrics] Accuracy(layer_0 - estimator_0 - 3_folds.train_0.predict)=80.69%
[ 2019-12-23 12:58:41,955][kfold_wrapper.log_eval_metrics] Accuracy(layer_0 - estimator_0 - 3_folds.train_1.predict)=83.33%
[ 2019-12-23 12:58:46,985][kfold_wrapper.log_eval_metrics] Accuracy(layer_0 - estimator_0 - 3_folds.train_2.predict)=80.54%
[ 2019-12-23 12:58:47,599][kfold_wrapper.log_eval_metrics] Accuracy(layer_0 - estimator_0 - 3_folds.train_cv.predict)=81.52%
[ 2019-12-23 12:58:47,600][kfold_wrapper.log_eval_metrics] Accuracy(layer_0 - estimator_0 - 3_folds.test.predict)=80.46%
[ 2019-12-23 12:58:51,663][kfold_wrapper.log_eval_metrics] Accuracy(layer_0 - estimator_1 - 3_folds.train_0.predict)=84.17%
[ 2019-12-23 12:58:56,330][kfold_wrapper.log_eval_metrics] Accuracy(layer_0 - estimator_1 - 3_folds.train_1.predict)=84.50%
[ 2019-12-23 12:59:00,967][kfold_wrapper.log_eval_metrics] Accuracy(layer_0 - estimator_1 - 3_folds.train_2.predict)=77.82%
[ 2019-12-23 12:59:01,483][kfold_wrapper.log_eval_metrics] Accuracy(layer_0 - estimator_1 - 3_folds.train_cv.predict)=82.17%
[ 2019-12-23 12:59:01,483][kfold_wrapper.log_eval_metrics] Accuracy(layer_0 - estimator_1 - 3_folds.test.predict)=79.31%
[ 2019-12-23 12:59:14,950][kfold_wrapper.log_eval_metrics] Accuracy(layer_0 - estimator_2 - 3_folds.train_0.predict)=80.69%
[ 2019-12-23 12:59:28,863][kfold_wrapper.log_eval_metrics] Accuracy(layer_0 - estimator_2 - 3_folds.train_1.predict)=79.84%
[ 2019-12-23 12:59:42,734][kfold_wrapper.log_eval_metrics] Accuracy(layer_0 - estimator_2 - 3_folds.train_2.predict)=80.54%
[ 2019-12-23 12:59:42,948][kfold_wrapper.log_eval_metrics] Accuracy(layer_0 - estimator_2 - 3_folds.train_cv.predict)=80.36%
[ 2019-12-23 12:59:42,949][kfold_wrapper.log_eval_metrics] Accuracy(layer_0 - estimator_2 - 3_folds.test.predict)=77.01%
[ 2019-12-23 12:59:42,949][cascade_classifier.calc_accuracy] Accuracy(layer_0 - train.classifier_average)=81.91%
[ 2019-12-23 12:59:42,949][cascade_classifier.calc_accuracy] Accuracy(layer_0 - test.classifier_average)=78.16%
[ 2019-12-23 12:59:42,951][cascade_classifier.fit_transform] [layer=1] look_indexs=[0], X_cur_train.shape=(774, 364), X_cur_test.shape=(87, 364)
