[ 2019-12-15 20:16:54,585][cascade_classifier.fit_transform] X_groups_train.shape=[(774, 358)],y_train.shape=(774,),X_groups_test.shape=[(87, 358)],y_test.shape=(87,)
[ 2019-12-15 20:16:54,587][cascade_classifier.fit_transform] group_dims=[358]
[ 2019-12-15 20:16:54,588][cascade_classifier.fit_transform] group_starts=[0]
[ 2019-12-15 20:16:54,588][cascade_classifier.fit_transform] group_ends=[358]
[ 2019-12-15 20:16:54,588][cascade_classifier.fit_transform] X_train.shape=(774, 358),X_test.shape=(87, 358)
[ 2019-12-15 20:16:54,590][cascade_classifier.fit_transform] [layer=0] look_indexs=[0], X_cur_train.shape=(774, 358), X_cur_test.shape=(87, 358)
[ 2019-12-15 20:16:59,503][kfold_wrapper.log_eval_metrics] Accuracy(layer_0 - estimator_0 - 5_folds.train_0.predict)=80.77%
[ 2019-12-15 20:17:05,009][kfold_wrapper.log_eval_metrics] Accuracy(layer_0 - estimator_0 - 5_folds.train_1.predict)=79.49%
[ 2019-12-15 20:17:10,475][kfold_wrapper.log_eval_metrics] Accuracy(layer_0 - estimator_0 - 5_folds.train_2.predict)=86.36%
[ 2019-12-15 20:17:15,989][kfold_wrapper.log_eval_metrics] Accuracy(layer_0 - estimator_0 - 5_folds.train_3.predict)=78.57%
[ 2019-12-15 20:17:21,565][kfold_wrapper.log_eval_metrics] Accuracy(layer_0 - estimator_0 - 5_folds.train_4.predict)=81.17%
[ 2019-12-15 20:17:22,183][kfold_wrapper.log_eval_metrics] Accuracy(layer_0 - estimator_0 - 5_folds.train_cv.predict)=81.27%
[ 2019-12-15 20:17:22,184][kfold_wrapper.log_eval_metrics] Accuracy(layer_0 - estimator_0 - 5_folds.test.predict)=83.91%
[ 2019-12-15 20:17:26,531][kfold_wrapper.log_eval_metrics] Accuracy(layer_0 - estimator_1 - 5_folds.train_0.predict)=78.21%
[ 2019-12-15 20:17:31,461][kfold_wrapper.log_eval_metrics] Accuracy(layer_0 - estimator_1 - 5_folds.train_1.predict)=83.97%
[ 2019-12-15 20:17:36,414][kfold_wrapper.log_eval_metrics] Accuracy(layer_0 - estimator_1 - 5_folds.train_2.predict)=80.52%
[ 2019-12-15 20:17:41,371][kfold_wrapper.log_eval_metrics] Accuracy(layer_0 - estimator_1 - 5_folds.train_3.predict)=79.22%
[ 2019-12-15 20:17:46,352][kfold_wrapper.log_eval_metrics] Accuracy(layer_0 - estimator_1 - 5_folds.train_4.predict)=85.71%
[ 2019-12-15 20:17:46,975][kfold_wrapper.log_eval_metrics] Accuracy(layer_0 - estimator_1 - 5_folds.train_cv.predict)=81.52%
[ 2019-12-15 20:17:46,976][kfold_wrapper.log_eval_metrics] Accuracy(layer_0 - estimator_1 - 5_folds.test.predict)=86.21%
[ 2019-12-15 20:17:46,976][cascade_classifier.calc_accuracy] Accuracy(layer_0 - train.classifier_average)=81.01%
[ 2019-12-15 20:17:46,976][cascade_classifier.calc_accuracy] Accuracy(layer_0 - test.classifier_average)=86.21%
[ 2019-12-15 20:17:46,989][cascade_classifier.fit_transform] [layer=1] look_indexs=[0], X_cur_train.shape=(774, 362), X_cur_test.shape=(87, 362)
[ 2019-12-15 20:17:51,927][kfold_wrapper.log_eval_metrics] Accuracy(layer_1 - estimator_0 - 5_folds.train_0.predict)=76.92%
[ 2019-12-15 20:17:57,645][kfold_wrapper.log_eval_metrics] Accuracy(layer_1 - estimator_0 - 5_folds.train_1.predict)=87.18%
[ 2019-12-15 20:18:03,519][kfold_wrapper.log_eval_metrics] Accuracy(layer_1 - estimator_0 - 5_folds.train_2.predict)=84.42%
[ 2019-12-15 20:18:09,541][kfold_wrapper.log_eval_metrics] Accuracy(layer_1 - estimator_0 - 5_folds.train_3.predict)=79.22%
[ 2019-12-15 20:18:15,369][kfold_wrapper.log_eval_metrics] Accuracy(layer_1 - estimator_0 - 5_folds.train_4.predict)=81.82%
[ 2019-12-15 20:18:16,001][kfold_wrapper.log_eval_metrics] Accuracy(layer_1 - estimator_0 - 5_folds.train_cv.predict)=81.91%
[ 2019-12-15 20:18:16,002][kfold_wrapper.log_eval_metrics] Accuracy(layer_1 - estimator_0 - 5_folds.test.predict)=85.06%
[ 2019-12-15 20:18:20,403][kfold_wrapper.log_eval_metrics] Accuracy(layer_1 - estimator_1 - 5_folds.train_0.predict)=82.69%
[ 2019-12-15 20:18:25,843][kfold_wrapper.log_eval_metrics] Accuracy(layer_1 - estimator_1 - 5_folds.train_1.predict)=81.41%
[ 2019-12-15 20:18:30,865][kfold_wrapper.log_eval_metrics] Accuracy(layer_1 - estimator_1 - 5_folds.train_2.predict)=75.32%
[ 2019-12-15 20:18:35,909][kfold_wrapper.log_eval_metrics] Accuracy(layer_1 - estimator_1 - 5_folds.train_3.predict)=87.01%
[ 2019-12-15 20:18:41,438][kfold_wrapper.log_eval_metrics] Accuracy(layer_1 - estimator_1 - 5_folds.train_4.predict)=81.82%
[ 2019-12-15 20:18:42,067][kfold_wrapper.log_eval_metrics] Accuracy(layer_1 - estimator_1 - 5_folds.train_cv.predict)=81.65%
[ 2019-12-15 20:18:42,068][kfold_wrapper.log_eval_metrics] Accuracy(layer_1 - estimator_1 - 5_folds.test.predict)=85.06%
[ 2019-12-15 20:18:42,068][cascade_classifier.calc_accuracy] Accuracy(layer_1 - train.classifier_average)=82.69%
[ 2019-12-15 20:18:42,068][cascade_classifier.calc_accuracy] Accuracy(layer_1 - test.classifier_average)=85.06%
[ 2019-12-15 20:18:42,071][cascade_classifier.fit_transform] [layer=2] look_indexs=[0], X_cur_train.shape=(774, 362), X_cur_test.shape=(87, 362)
[ 2019-12-15 20:18:47,312][kfold_wrapper.log_eval_metrics] Accuracy(layer_2 - estimator_0 - 5_folds.train_0.predict)=81.41%
[ 2019-12-15 20:18:53,941][kfold_wrapper.log_eval_metrics] Accuracy(layer_2 - estimator_0 - 5_folds.train_1.predict)=77.56%
[ 2019-12-15 20:19:01,132][kfold_wrapper.log_eval_metrics] Accuracy(layer_2 - estimator_0 - 5_folds.train_2.predict)=79.87%
[ 2019-12-15 20:19:07,661][kfold_wrapper.log_eval_metrics] Accuracy(layer_2 - estimator_0 - 5_folds.train_3.predict)=79.87%
[ 2019-12-15 20:19:13,670][kfold_wrapper.log_eval_metrics] Accuracy(layer_2 - estimator_0 - 5_folds.train_4.predict)=86.36%
[ 2019-12-15 20:19:14,294][kfold_wrapper.log_eval_metrics] Accuracy(layer_2 - estimator_0 - 5_folds.train_cv.predict)=81.01%
[ 2019-12-15 20:19:14,295][kfold_wrapper.log_eval_metrics] Accuracy(layer_2 - estimator_0 - 5_folds.test.predict)=83.91%
[ 2019-12-15 20:19:18,734][kfold_wrapper.log_eval_metrics] Accuracy(layer_2 - estimator_1 - 5_folds.train_0.predict)=83.97%
[ 2019-12-15 20:19:23,855][kfold_wrapper.log_eval_metrics] Accuracy(layer_2 - estimator_1 - 5_folds.train_1.predict)=80.13%
[ 2019-12-15 20:19:29,194][kfold_wrapper.log_eval_metrics] Accuracy(layer_2 - estimator_1 - 5_folds.train_2.predict)=83.12%
[ 2019-12-15 20:19:34,630][kfold_wrapper.log_eval_metrics] Accuracy(layer_2 - estimator_1 - 5_folds.train_3.predict)=75.32%
[ 2019-12-15 20:19:39,685][kfold_wrapper.log_eval_metrics] Accuracy(layer_2 - estimator_1 - 5_folds.train_4.predict)=85.71%
[ 2019-12-15 20:19:40,350][kfold_wrapper.log_eval_metrics] Accuracy(layer_2 - estimator_1 - 5_folds.train_cv.predict)=81.65%
[ 2019-12-15 20:19:40,350][kfold_wrapper.log_eval_metrics] Accuracy(layer_2 - estimator_1 - 5_folds.test.predict)=85.06%
[ 2019-12-15 20:19:40,351][cascade_classifier.calc_accuracy] Accuracy(layer_2 - train.classifier_average)=81.01%
[ 2019-12-15 20:19:40,351][cascade_classifier.calc_accuracy] Accuracy(layer_2 - test.classifier_average)=85.06%
[ 2019-12-15 20:19:40,354][cascade_classifier.fit_transform] [layer=3] look_indexs=[0], X_cur_train.shape=(774, 362), X_cur_test.shape=(87, 362)
[ 2019-12-15 20:19:45,421][kfold_wrapper.log_eval_metrics] Accuracy(layer_3 - estimator_0 - 5_folds.train_0.predict)=76.92%
[ 2019-12-15 20:19:51,695][kfold_wrapper.log_eval_metrics] Accuracy(layer_3 - estimator_0 - 5_folds.train_1.predict)=81.41%
[ 2019-12-15 20:19:57,717][kfold_wrapper.log_eval_metrics] Accuracy(layer_3 - estimator_0 - 5_folds.train_2.predict)=85.06%
[ 2019-12-15 20:20:03,366][kfold_wrapper.log_eval_metrics] Accuracy(layer_3 - estimator_0 - 5_folds.train_3.predict)=79.87%
[ 2019-12-15 20:20:08,968][kfold_wrapper.log_eval_metrics] Accuracy(layer_3 - estimator_0 - 5_folds.train_4.predict)=84.42%
[ 2019-12-15 20:20:09,708][kfold_wrapper.log_eval_metrics] Accuracy(layer_3 - estimator_0 - 5_folds.train_cv.predict)=81.52%
[ 2019-12-15 20:20:09,708][kfold_wrapper.log_eval_metrics] Accuracy(layer_3 - estimator_0 - 5_folds.test.predict)=86.21%
[ 2019-12-15 20:20:14,185][kfold_wrapper.log_eval_metrics] Accuracy(layer_3 - estimator_1 - 5_folds.train_0.predict)=83.33%
[ 2019-12-15 20:20:19,094][kfold_wrapper.log_eval_metrics] Accuracy(layer_3 - estimator_1 - 5_folds.train_1.predict)=77.56%
[ 2019-12-15 20:20:24,049][kfold_wrapper.log_eval_metrics] Accuracy(layer_3 - estimator_1 - 5_folds.train_2.predict)=83.12%
[ 2019-12-15 20:20:30,049][kfold_wrapper.log_eval_metrics] Accuracy(layer_3 - estimator_1 - 5_folds.train_3.predict)=82.47%
[ 2019-12-15 20:20:35,852][kfold_wrapper.log_eval_metrics] Accuracy(layer_3 - estimator_1 - 5_folds.train_4.predict)=79.22%
[ 2019-12-15 20:20:36,476][kfold_wrapper.log_eval_metrics] Accuracy(layer_3 - estimator_1 - 5_folds.train_cv.predict)=81.14%
[ 2019-12-15 20:20:36,477][kfold_wrapper.log_eval_metrics] Accuracy(layer_3 - estimator_1 - 5_folds.test.predict)=85.06%
[ 2019-12-15 20:20:36,477][cascade_classifier.calc_accuracy] Accuracy(layer_3 - train.classifier_average)=81.40%
[ 2019-12-15 20:20:36,477][cascade_classifier.calc_accuracy] Accuracy(layer_3 - test.classifier_average)=85.06%
[ 2019-12-15 20:20:36,479][cascade_classifier.fit_transform] [layer=4] look_indexs=[0], X_cur_train.shape=(774, 362), X_cur_test.shape=(87, 362)
[ 2019-12-15 20:20:41,396][kfold_wrapper.log_eval_metrics] Accuracy(layer_4 - estimator_0 - 5_folds.train_0.predict)=82.69%
[ 2019-12-15 20:20:47,583][kfold_wrapper.log_eval_metrics] Accuracy(layer_4 - estimator_0 - 5_folds.train_1.predict)=80.13%
[ 2019-12-15 20:20:53,223][kfold_wrapper.log_eval_metrics] Accuracy(layer_4 - estimator_0 - 5_folds.train_2.predict)=82.47%
[ 2019-12-15 20:20:59,454][kfold_wrapper.log_eval_metrics] Accuracy(layer_4 - estimator_0 - 5_folds.train_3.predict)=77.27%
[ 2019-12-15 20:21:05,456][kfold_wrapper.log_eval_metrics] Accuracy(layer_4 - estimator_0 - 5_folds.train_4.predict)=86.36%
[ 2019-12-15 20:21:06,089][kfold_wrapper.log_eval_metrics] Accuracy(layer_4 - estimator_0 - 5_folds.train_cv.predict)=81.78%
[ 2019-12-15 20:21:06,090][kfold_wrapper.log_eval_metrics] Accuracy(layer_4 - estimator_0 - 5_folds.test.predict)=86.21%
[ 2019-12-15 20:21:10,441][kfold_wrapper.log_eval_metrics] Accuracy(layer_4 - estimator_1 - 5_folds.train_0.predict)=83.97%
[ 2019-12-15 20:21:15,960][kfold_wrapper.log_eval_metrics] Accuracy(layer_4 - estimator_1 - 5_folds.train_1.predict)=81.41%
[ 2019-12-15 20:21:21,151][kfold_wrapper.log_eval_metrics] Accuracy(layer_4 - estimator_1 - 5_folds.train_2.predict)=79.22%
[ 2019-12-15 20:21:26,595][kfold_wrapper.log_eval_metrics] Accuracy(layer_4 - estimator_1 - 5_folds.train_3.predict)=85.71%
[ 2019-12-15 20:21:31,879][kfold_wrapper.log_eval_metrics] Accuracy(layer_4 - estimator_1 - 5_folds.train_4.predict)=83.12%
[ 2019-12-15 20:21:32,513][kfold_wrapper.log_eval_metrics] Accuracy(layer_4 - estimator_1 - 5_folds.train_cv.predict)=82.69%
[ 2019-12-15 20:21:32,514][kfold_wrapper.log_eval_metrics] Accuracy(layer_4 - estimator_1 - 5_folds.test.predict)=83.91%
[ 2019-12-15 20:21:32,514][cascade_classifier.calc_accuracy] Accuracy(layer_4 - train.classifier_average)=82.30%
[ 2019-12-15 20:21:32,514][cascade_classifier.calc_accuracy] Accuracy(layer_4 - test.classifier_average)=85.06%
[ 2019-12-15 20:21:32,517][cascade_classifier.fit_transform] [layer=5] look_indexs=[0], X_cur_train.shape=(774, 362), X_cur_test.shape=(87, 362)
[ 2019-12-15 20:21:37,997][kfold_wrapper.log_eval_metrics] Accuracy(layer_5 - estimator_0 - 5_folds.train_0.predict)=80.77%
[ 2019-12-15 20:21:43,985][kfold_wrapper.log_eval_metrics] Accuracy(layer_5 - estimator_0 - 5_folds.train_1.predict)=80.77%
[ 2019-12-15 20:21:49,712][kfold_wrapper.log_eval_metrics] Accuracy(layer_5 - estimator_0 - 5_folds.train_2.predict)=80.52%
[ 2019-12-15 20:21:55,467][kfold_wrapper.log_eval_metrics] Accuracy(layer_5 - estimator_0 - 5_folds.train_3.predict)=84.42%
[ 2019-12-15 20:22:01,017][kfold_wrapper.log_eval_metrics] Accuracy(layer_5 - estimator_0 - 5_folds.train_4.predict)=81.17%
[ 2019-12-15 20:22:01,637][kfold_wrapper.log_eval_metrics] Accuracy(layer_5 - estimator_0 - 5_folds.train_cv.predict)=81.52%
[ 2019-12-15 20:22:01,637][kfold_wrapper.log_eval_metrics] Accuracy(layer_5 - estimator_0 - 5_folds.test.predict)=86.21%
[ 2019-12-15 20:22:06,235][kfold_wrapper.log_eval_metrics] Accuracy(layer_5 - estimator_1 - 5_folds.train_0.predict)=81.41%
[ 2019-12-15 20:22:11,507][kfold_wrapper.log_eval_metrics] Accuracy(layer_5 - estimator_1 - 5_folds.train_1.predict)=85.26%
[ 2019-12-15 20:22:17,960][kfold_wrapper.log_eval_metrics] Accuracy(layer_5 - estimator_1 - 5_folds.train_2.predict)=82.47%
[ 2019-12-15 20:22:23,843][kfold_wrapper.log_eval_metrics] Accuracy(layer_5 - estimator_1 - 5_folds.train_3.predict)=78.57%
[ 2019-12-15 20:22:29,119][kfold_wrapper.log_eval_metrics] Accuracy(layer_5 - estimator_1 - 5_folds.train_4.predict)=82.47%
[ 2019-12-15 20:22:29,739][kfold_wrapper.log_eval_metrics] Accuracy(layer_5 - estimator_1 - 5_folds.train_cv.predict)=82.04%
[ 2019-12-15 20:22:29,740][kfold_wrapper.log_eval_metrics] Accuracy(layer_5 - estimator_1 - 5_folds.test.predict)=85.06%
[ 2019-12-15 20:22:29,740][cascade_classifier.calc_accuracy] Accuracy(layer_5 - train.classifier_average)=81.52%
[ 2019-12-15 20:22:29,740][cascade_classifier.calc_accuracy] Accuracy(layer_5 - test.classifier_average)=83.91%
[ 2019-12-15 20:22:29,742][cascade_classifier.fit_transform] [layer=6] look_indexs=[0], X_cur_train.shape=(774, 362), X_cur_test.shape=(87, 362)
[ 2019-12-15 20:22:35,181][kfold_wrapper.log_eval_metrics] Accuracy(layer_6 - estimator_0 - 5_folds.train_0.predict)=79.49%
[ 2019-12-15 20:22:41,081][kfold_wrapper.log_eval_metrics] Accuracy(layer_6 - estimator_0 - 5_folds.train_1.predict)=85.26%
[ 2019-12-15 20:22:47,562][kfold_wrapper.log_eval_metrics] Accuracy(layer_6 - estimator_0 - 5_folds.train_2.predict)=81.17%
[ 2019-12-15 20:22:53,624][kfold_wrapper.log_eval_metrics] Accuracy(layer_6 - estimator_0 - 5_folds.train_3.predict)=79.22%
[ 2019-12-15 20:23:00,590][kfold_wrapper.log_eval_metrics] Accuracy(layer_6 - estimator_0 - 5_folds.train_4.predict)=79.22%
[ 2019-12-15 20:23:01,226][kfold_wrapper.log_eval_metrics] Accuracy(layer_6 - estimator_0 - 5_folds.train_cv.predict)=80.88%
[ 2019-12-15 20:23:01,227][kfold_wrapper.log_eval_metrics] Accuracy(layer_6 - estimator_0 - 5_folds.test.predict)=86.21%
[ 2019-12-15 20:23:06,235][kfold_wrapper.log_eval_metrics] Accuracy(layer_6 - estimator_1 - 5_folds.train_0.predict)=82.05%
[ 2019-12-15 20:23:11,444][kfold_wrapper.log_eval_metrics] Accuracy(layer_6 - estimator_1 - 5_folds.train_1.predict)=85.90%
[ 2019-12-15 20:23:16,590][kfold_wrapper.log_eval_metrics] Accuracy(layer_6 - estimator_1 - 5_folds.train_2.predict)=82.47%
[ 2019-12-15 20:23:21,702][kfold_wrapper.log_eval_metrics] Accuracy(layer_6 - estimator_1 - 5_folds.train_3.predict)=77.27%
[ 2019-12-15 20:23:26,941][kfold_wrapper.log_eval_metrics] Accuracy(layer_6 - estimator_1 - 5_folds.train_4.predict)=84.42%
[ 2019-12-15 20:23:27,563][kfold_wrapper.log_eval_metrics] Accuracy(layer_6 - estimator_1 - 5_folds.train_cv.predict)=82.43%
[ 2019-12-15 20:23:27,564][kfold_wrapper.log_eval_metrics] Accuracy(layer_6 - estimator_1 - 5_folds.test.predict)=85.06%
[ 2019-12-15 20:23:27,564][cascade_classifier.calc_accuracy] Accuracy(layer_6 - train.classifier_average)=81.27%
[ 2019-12-15 20:23:27,565][cascade_classifier.calc_accuracy] Accuracy(layer_6 - test.classifier_average)=83.91%
[ 2019-12-15 20:23:27,565][cascade_classifier.fit_transform] [Result][Optimal Level Detected] opt_layer_num=2, accuracy_train=82.69%, accuracy_test=85.06%
[ 2019-12-15 20:23:28,089][cascade_classifier.transform] X_groups_test.shape=[(87, 358)]
[ 2019-12-15 20:23:28,090][cascade_classifier.transform] group_dims=[358]
[ 2019-12-15 20:23:28,091][cascade_classifier.transform] X_test.shape=(87, 358)
[ 2019-12-15 20:23:28,091][cascade_classifier.transform] [layer=0] look_indexs=[0], X_cur_test.shape=(87, 358)
[ 2019-12-15 20:23:34,785][cascade_classifier.transform] [layer=1] look_indexs=[0], X_cur_test.shape=(87, 362)
[ 2019-12-15 20:23:41,473][cascade_classifier.transform] X_groups_test.shape=[(87, 358)]
[ 2019-12-15 20:23:41,473][cascade_classifier.transform] group_dims=[358]
[ 2019-12-15 20:23:41,473][cascade_classifier.transform] X_test.shape=(87, 358)
[ 2019-12-15 20:23:41,474][cascade_classifier.transform] [layer=0] look_indexs=[0], X_cur_test.shape=(87, 358)
[ 2019-12-15 20:23:48,138][cascade_classifier.transform] [layer=1] look_indexs=[0], X_cur_test.shape=(87, 362)
[ 2019-12-15 20:23:55,390][cascade_classifier.fit_transform] X_groups_train.shape=[(774, 358)],y_train.shape=(774,),X_groups_test.shape=[(87, 358)],y_test.shape=(87,)
[ 2019-12-15 20:23:55,392][cascade_classifier.fit_transform] group_dims=[358]
[ 2019-12-15 20:23:55,393][cascade_classifier.fit_transform] group_starts=[0]
[ 2019-12-15 20:23:55,393][cascade_classifier.fit_transform] group_ends=[358]
[ 2019-12-15 20:23:55,393][cascade_classifier.fit_transform] X_train.shape=(774, 358),X_test.shape=(87, 358)
[ 2019-12-15 20:23:55,396][cascade_classifier.fit_transform] [layer=0] look_indexs=[0], X_cur_train.shape=(774, 358), X_cur_test.shape=(87, 358)
[ 2019-12-15 20:24:01,284][kfold_wrapper.log_eval_metrics] Accuracy(layer_0 - estimator_0 - 5_folds.train_0.predict)=81.29%
[ 2019-12-15 20:24:08,368][kfold_wrapper.log_eval_metrics] Accuracy(layer_0 - estimator_0 - 5_folds.train_1.predict)=81.94%
[ 2019-12-15 20:24:14,649][kfold_wrapper.log_eval_metrics] Accuracy(layer_0 - estimator_0 - 5_folds.train_2.predict)=76.13%
[ 2019-12-15 20:24:20,867][kfold_wrapper.log_eval_metrics] Accuracy(layer_0 - estimator_0 - 5_folds.train_3.predict)=86.45%
[ 2019-12-15 20:24:27,235][kfold_wrapper.log_eval_metrics] Accuracy(layer_0 - estimator_0 - 5_folds.train_4.predict)=79.87%
[ 2019-12-15 20:24:27,955][kfold_wrapper.log_eval_metrics] Accuracy(layer_0 - estimator_0 - 5_folds.train_cv.predict)=81.14%
[ 2019-12-15 20:24:27,956][kfold_wrapper.log_eval_metrics] Accuracy(layer_0 - estimator_0 - 5_folds.test.predict)=86.21%
[ 2019-12-15 20:24:32,879][kfold_wrapper.log_eval_metrics] Accuracy(layer_0 - estimator_1 - 5_folds.train_0.predict)=84.52%
[ 2019-12-15 20:24:37,839][kfold_wrapper.log_eval_metrics] Accuracy(layer_0 - estimator_1 - 5_folds.train_1.predict)=78.06%
[ 2019-12-15 20:24:42,849][kfold_wrapper.log_eval_metrics] Accuracy(layer_0 - estimator_1 - 5_folds.train_2.predict)=80.65%
[ 2019-12-15 20:24:47,777][kfold_wrapper.log_eval_metrics] Accuracy(layer_0 - estimator_1 - 5_folds.train_3.predict)=78.06%
[ 2019-12-15 20:24:52,751][kfold_wrapper.log_eval_metrics] Accuracy(layer_0 - estimator_1 - 5_folds.train_4.predict)=87.01%
[ 2019-12-15 20:24:53,385][kfold_wrapper.log_eval_metrics] Accuracy(layer_0 - estimator_1 - 5_folds.train_cv.predict)=81.65%
[ 2019-12-15 20:24:53,386][kfold_wrapper.log_eval_metrics] Accuracy(layer_0 - estimator_1 - 5_folds.test.predict)=89.66%
[ 2019-12-15 20:24:53,386][cascade_classifier.calc_accuracy] Accuracy(layer_0 - train.classifier_average)=81.52%
[ 2019-12-15 20:24:53,387][cascade_classifier.calc_accuracy] Accuracy(layer_0 - test.classifier_average)=87.36%
[ 2019-12-15 20:24:53,389][cascade_classifier.fit_transform] [layer=1] look_indexs=[0], X_cur_train.shape=(774, 362), X_cur_test.shape=(87, 362)
[ 2019-12-15 20:24:58,285][kfold_wrapper.log_eval_metrics] Accuracy(layer_1 - estimator_0 - 5_folds.train_0.predict)=80.00%
[ 2019-12-15 20:25:03,825][kfold_wrapper.log_eval_metrics] Accuracy(layer_1 - estimator_0 - 5_folds.train_1.predict)=81.94%
[ 2019-12-15 20:25:09,847][kfold_wrapper.log_eval_metrics] Accuracy(layer_1 - estimator_0 - 5_folds.train_2.predict)=80.00%
[ 2019-12-15 20:25:15,402][kfold_wrapper.log_eval_metrics] Accuracy(layer_1 - estimator_0 - 5_folds.train_3.predict)=83.87%
[ 2019-12-15 20:25:21,033][kfold_wrapper.log_eval_metrics] Accuracy(layer_1 - estimator_0 - 5_folds.train_4.predict)=85.71%
[ 2019-12-15 20:25:21,662][kfold_wrapper.log_eval_metrics] Accuracy(layer_1 - estimator_0 - 5_folds.train_cv.predict)=82.30%
[ 2019-12-15 20:25:21,662][kfold_wrapper.log_eval_metrics] Accuracy(layer_1 - estimator_0 - 5_folds.test.predict)=86.21%
