[ 2019-10-07 19:58:38,381][cascade_classifier.fit_transform] X_groups_train.shape=[(903, 100)],y_train.shape=(903,),X_groups_test.shape=no_test,y_test.shape=no_test
[ 2019-10-07 19:58:38,382][cascade_classifier.fit_transform] group_dims=[100]
[ 2019-10-07 19:58:38,382][cascade_classifier.fit_transform] group_starts=[0]
[ 2019-10-07 19:58:38,382][cascade_classifier.fit_transform] group_ends=[100]
[ 2019-10-07 19:58:38,382][cascade_classifier.fit_transform] X_train.shape=(903, 100),X_test.shape=(0, 100)
[ 2019-10-07 19:58:38,383][cascade_classifier.fit_transform] [layer=0] look_indexs=[0], X_cur_train.shape=(903, 100), X_cur_test.shape=(0, 100)
[ 2019-10-07 19:58:39,303][kfold_wrapper.log_eval_metrics] Accuracy(layer_0 - estimator_0 - 5_folds.train_0.predict)=81.22%
[ 2019-10-07 19:58:40,307][kfold_wrapper.log_eval_metrics] Accuracy(layer_0 - estimator_0 - 5_folds.train_1.predict)=77.90%
[ 2019-10-07 19:58:41,222][kfold_wrapper.log_eval_metrics] Accuracy(layer_0 - estimator_0 - 5_folds.train_2.predict)=79.56%
[ 2019-10-07 19:58:42,102][kfold_wrapper.log_eval_metrics] Accuracy(layer_0 - estimator_0 - 5_folds.train_3.predict)=76.67%
[ 2019-10-07 19:58:43,019][kfold_wrapper.log_eval_metrics] Accuracy(layer_0 - estimator_0 - 5_folds.train_4.predict)=83.89%
[ 2019-10-07 19:58:43,020][kfold_wrapper.log_eval_metrics] Accuracy(layer_0 - estimator_0 - 5_folds.train_cv.predict)=79.84%
[ 2019-10-07 19:58:45,360][kfold_wrapper.log_eval_metrics] Accuracy(layer_0 - estimator_1 - 5_folds.train_0.predict)=81.77%
[ 2019-10-07 19:58:47,702][kfold_wrapper.log_eval_metrics] Accuracy(layer_0 - estimator_1 - 5_folds.train_1.predict)=81.77%
[ 2019-10-07 19:58:50,227][kfold_wrapper.log_eval_metrics] Accuracy(layer_0 - estimator_1 - 5_folds.train_2.predict)=80.11%
[ 2019-10-07 19:58:52,566][kfold_wrapper.log_eval_metrics] Accuracy(layer_0 - estimator_1 - 5_folds.train_3.predict)=85.00%
[ 2019-10-07 19:58:54,992][kfold_wrapper.log_eval_metrics] Accuracy(layer_0 - estimator_1 - 5_folds.train_4.predict)=81.67%
[ 2019-10-07 19:58:54,993][kfold_wrapper.log_eval_metrics] Accuracy(layer_0 - estimator_1 - 5_folds.train_cv.predict)=82.06%
[ 2019-10-07 19:58:57,150][kfold_wrapper.log_eval_metrics] Accuracy(layer_0 - estimator_2 - 5_folds.train_0.predict)=83.43%
[ 2019-10-07 19:58:59,278][kfold_wrapper.log_eval_metrics] Accuracy(layer_0 - estimator_2 - 5_folds.train_1.predict)=79.56%
[ 2019-10-07 19:59:01,424][kfold_wrapper.log_eval_metrics] Accuracy(layer_0 - estimator_2 - 5_folds.train_2.predict)=82.32%
[ 2019-10-07 19:59:03,475][kfold_wrapper.log_eval_metrics] Accuracy(layer_0 - estimator_2 - 5_folds.train_3.predict)=80.56%
[ 2019-10-07 19:59:05,631][kfold_wrapper.log_eval_metrics] Accuracy(layer_0 - estimator_2 - 5_folds.train_4.predict)=82.78%
[ 2019-10-07 19:59:05,632][kfold_wrapper.log_eval_metrics] Accuracy(layer_0 - estimator_2 - 5_folds.train_cv.predict)=81.73%
[ 2019-10-07 19:59:05,632][cascade_classifier.calc_accuracy] Accuracy(layer_0 - train.classifier_average)=80.51%
[ 2019-10-07 19:59:05,632][cascade_classifier.fit_transform] [layer=1] look_indexs=[0], X_cur_train.shape=(903, 106), X_cur_test.shape=(0, 106)
[ 2019-10-07 19:59:06,624][kfold_wrapper.log_eval_metrics] Accuracy(layer_1 - estimator_0 - 5_folds.train_0.predict)=81.77%
[ 2019-10-07 19:59:07,612][kfold_wrapper.log_eval_metrics] Accuracy(layer_1 - estimator_0 - 5_folds.train_1.predict)=77.90%
[ 2019-10-07 19:59:08,552][kfold_wrapper.log_eval_metrics] Accuracy(layer_1 - estimator_0 - 5_folds.train_2.predict)=80.11%
[ 2019-10-07 19:59:09,564][kfold_wrapper.log_eval_metrics] Accuracy(layer_1 - estimator_0 - 5_folds.train_3.predict)=82.78%
[ 2019-10-07 19:59:10,480][kfold_wrapper.log_eval_metrics] Accuracy(layer_1 - estimator_0 - 5_folds.train_4.predict)=79.44%
[ 2019-10-07 19:59:10,481][kfold_wrapper.log_eval_metrics] Accuracy(layer_1 - estimator_0 - 5_folds.train_cv.predict)=80.40%
[ 2019-10-07 19:59:12,960][kfold_wrapper.log_eval_metrics] Accuracy(layer_1 - estimator_1 - 5_folds.train_0.predict)=80.66%
[ 2019-10-07 19:59:15,578][kfold_wrapper.log_eval_metrics] Accuracy(layer_1 - estimator_1 - 5_folds.train_1.predict)=85.08%
[ 2019-10-07 19:59:18,141][kfold_wrapper.log_eval_metrics] Accuracy(layer_1 - estimator_1 - 5_folds.train_2.predict)=82.32%
[ 2019-10-07 19:59:20,656][kfold_wrapper.log_eval_metrics] Accuracy(layer_1 - estimator_1 - 5_folds.train_3.predict)=78.89%
[ 2019-10-07 19:59:23,028][kfold_wrapper.log_eval_metrics] Accuracy(layer_1 - estimator_1 - 5_folds.train_4.predict)=83.33%
[ 2019-10-07 19:59:23,029][kfold_wrapper.log_eval_metrics] Accuracy(layer_1 - estimator_1 - 5_folds.train_cv.predict)=82.06%
[ 2019-10-07 19:59:25,088][kfold_wrapper.log_eval_metrics] Accuracy(layer_1 - estimator_2 - 5_folds.train_0.predict)=80.66%
[ 2019-10-07 19:59:27,307][kfold_wrapper.log_eval_metrics] Accuracy(layer_1 - estimator_2 - 5_folds.train_1.predict)=82.32%
[ 2019-10-07 19:59:29,770][kfold_wrapper.log_eval_metrics] Accuracy(layer_1 - estimator_2 - 5_folds.train_2.predict)=80.11%
[ 2019-10-07 19:59:32,122][kfold_wrapper.log_eval_metrics] Accuracy(layer_1 - estimator_2 - 5_folds.train_3.predict)=82.22%
[ 2019-10-07 19:59:34,332][kfold_wrapper.log_eval_metrics] Accuracy(layer_1 - estimator_2 - 5_folds.train_4.predict)=81.67%
[ 2019-10-07 19:59:34,333][kfold_wrapper.log_eval_metrics] Accuracy(layer_1 - estimator_2 - 5_folds.train_cv.predict)=81.40%
[ 2019-10-07 19:59:34,333][cascade_classifier.calc_accuracy] Accuracy(layer_1 - train.classifier_average)=81.06%
[ 2019-10-07 19:59:34,333][cascade_classifier.fit_transform] [layer=2] look_indexs=[0], X_cur_train.shape=(903, 106), X_cur_test.shape=(0, 106)
[ 2019-10-07 19:59:35,327][kfold_wrapper.log_eval_metrics] Accuracy(layer_2 - estimator_0 - 5_folds.train_0.predict)=84.53%
[ 2019-10-07 19:59:36,301][kfold_wrapper.log_eval_metrics] Accuracy(layer_2 - estimator_0 - 5_folds.train_1.predict)=78.45%
[ 2019-10-07 19:59:37,274][kfold_wrapper.log_eval_metrics] Accuracy(layer_2 - estimator_0 - 5_folds.train_2.predict)=80.11%
[ 2019-10-07 19:59:38,226][kfold_wrapper.log_eval_metrics] Accuracy(layer_2 - estimator_0 - 5_folds.train_3.predict)=76.11%
[ 2019-10-07 19:59:39,339][kfold_wrapper.log_eval_metrics] Accuracy(layer_2 - estimator_0 - 5_folds.train_4.predict)=82.22%
[ 2019-10-07 19:59:39,340][kfold_wrapper.log_eval_metrics] Accuracy(layer_2 - estimator_0 - 5_folds.train_cv.predict)=80.29%
[ 2019-10-07 19:59:41,801][kfold_wrapper.log_eval_metrics] Accuracy(layer_2 - estimator_1 - 5_folds.train_0.predict)=80.11%
[ 2019-10-07 19:59:44,180][kfold_wrapper.log_eval_metrics] Accuracy(layer_2 - estimator_1 - 5_folds.train_1.predict)=81.22%
[ 2019-10-07 19:59:46,606][kfold_wrapper.log_eval_metrics] Accuracy(layer_2 - estimator_1 - 5_folds.train_2.predict)=78.45%
[ 2019-10-07 19:59:48,927][kfold_wrapper.log_eval_metrics] Accuracy(layer_2 - estimator_1 - 5_folds.train_3.predict)=80.56%
[ 2019-10-07 19:59:51,486][kfold_wrapper.log_eval_metrics] Accuracy(layer_2 - estimator_1 - 5_folds.train_4.predict)=84.44%
[ 2019-10-07 19:59:51,487][kfold_wrapper.log_eval_metrics] Accuracy(layer_2 - estimator_1 - 5_folds.train_cv.predict)=80.95%
[ 2019-10-07 19:59:54,254][kfold_wrapper.log_eval_metrics] Accuracy(layer_2 - estimator_2 - 5_folds.train_0.predict)=79.56%
[ 2019-10-07 19:59:56,737][kfold_wrapper.log_eval_metrics] Accuracy(layer_2 - estimator_2 - 5_folds.train_1.predict)=84.53%
[ 2019-10-07 19:59:58,929][kfold_wrapper.log_eval_metrics] Accuracy(layer_2 - estimator_2 - 5_folds.train_2.predict)=81.77%
[ 2019-10-07 20:00:02,258][kfold_wrapper.log_eval_metrics] Accuracy(layer_2 - estimator_2 - 5_folds.train_3.predict)=78.89%
[ 2019-10-07 20:00:04,741][kfold_wrapper.log_eval_metrics] Accuracy(layer_2 - estimator_2 - 5_folds.train_4.predict)=84.44%
[ 2019-10-07 20:00:04,741][kfold_wrapper.log_eval_metrics] Accuracy(layer_2 - estimator_2 - 5_folds.train_cv.predict)=81.84%
[ 2019-10-07 20:00:04,741][cascade_classifier.calc_accuracy] Accuracy(layer_2 - train.classifier_average)=80.51%
[ 2019-10-07 20:00:04,742][cascade_classifier.fit_transform] [layer=3] look_indexs=[0], X_cur_train.shape=(903, 106), X_cur_test.shape=(0, 106)
[ 2019-10-07 20:00:05,917][kfold_wrapper.log_eval_metrics] Accuracy(layer_3 - estimator_0 - 5_folds.train_0.predict)=78.45%
[ 2019-10-07 20:00:06,937][kfold_wrapper.log_eval_metrics] Accuracy(layer_3 - estimator_0 - 5_folds.train_1.predict)=81.77%
[ 2019-10-07 20:00:08,213][kfold_wrapper.log_eval_metrics] Accuracy(layer_3 - estimator_0 - 5_folds.train_2.predict)=81.77%
[ 2019-10-07 20:00:09,328][kfold_wrapper.log_eval_metrics] Accuracy(layer_3 - estimator_0 - 5_folds.train_3.predict)=78.89%
[ 2019-10-07 20:00:10,608][kfold_wrapper.log_eval_metrics] Accuracy(layer_3 - estimator_0 - 5_folds.train_4.predict)=78.89%
[ 2019-10-07 20:00:10,608][kfold_wrapper.log_eval_metrics] Accuracy(layer_3 - estimator_0 - 5_folds.train_cv.predict)=79.96%
[ 2019-10-07 20:00:13,422][kfold_wrapper.log_eval_metrics] Accuracy(layer_3 - estimator_1 - 5_folds.train_0.predict)=78.45%
[ 2019-10-07 20:00:15,900][kfold_wrapper.log_eval_metrics] Accuracy(layer_3 - estimator_1 - 5_folds.train_1.predict)=81.22%
[ 2019-10-07 20:00:18,273][kfold_wrapper.log_eval_metrics] Accuracy(layer_3 - estimator_1 - 5_folds.train_2.predict)=81.77%
[ 2019-10-07 20:00:20,722][kfold_wrapper.log_eval_metrics] Accuracy(layer_3 - estimator_1 - 5_folds.train_3.predict)=78.33%
[ 2019-10-07 20:00:23,165][kfold_wrapper.log_eval_metrics] Accuracy(layer_3 - estimator_1 - 5_folds.train_4.predict)=85.00%
[ 2019-10-07 20:00:23,166][kfold_wrapper.log_eval_metrics] Accuracy(layer_3 - estimator_1 - 5_folds.train_cv.predict)=80.95%
[ 2019-10-07 20:00:25,244][kfold_wrapper.log_eval_metrics] Accuracy(layer_3 - estimator_2 - 5_folds.train_0.predict)=79.01%
[ 2019-10-07 20:00:27,321][kfold_wrapper.log_eval_metrics] Accuracy(layer_3 - estimator_2 - 5_folds.train_1.predict)=79.01%
[ 2019-10-07 20:00:29,401][kfold_wrapper.log_eval_metrics] Accuracy(layer_3 - estimator_2 - 5_folds.train_2.predict)=82.87%
[ 2019-10-07 20:00:31,566][kfold_wrapper.log_eval_metrics] Accuracy(layer_3 - estimator_2 - 5_folds.train_3.predict)=83.33%
[ 2019-10-07 20:00:33,621][kfold_wrapper.log_eval_metrics] Accuracy(layer_3 - estimator_2 - 5_folds.train_4.predict)=81.67%
[ 2019-10-07 20:00:33,622][kfold_wrapper.log_eval_metrics] Accuracy(layer_3 - estimator_2 - 5_folds.train_cv.predict)=81.17%
[ 2019-10-07 20:00:33,622][cascade_classifier.calc_accuracy] Accuracy(layer_3 - train.classifier_average)=80.07%
[ 2019-10-07 20:00:33,630][cascade_classifier.fit_transform] [layer=4] look_indexs=[0], X_cur_train.shape=(903, 106), X_cur_test.shape=(0, 106)
[ 2019-10-07 20:00:34,621][kfold_wrapper.log_eval_metrics] Accuracy(layer_4 - estimator_0 - 5_folds.train_0.predict)=81.77%
[ 2019-10-07 20:00:35,575][kfold_wrapper.log_eval_metrics] Accuracy(layer_4 - estimator_0 - 5_folds.train_1.predict)=76.24%
[ 2019-10-07 20:00:36,545][kfold_wrapper.log_eval_metrics] Accuracy(layer_4 - estimator_0 - 5_folds.train_2.predict)=80.11%
[ 2019-10-07 20:00:37,513][kfold_wrapper.log_eval_metrics] Accuracy(layer_4 - estimator_0 - 5_folds.train_3.predict)=77.78%
[ 2019-10-07 20:00:38,470][kfold_wrapper.log_eval_metrics] Accuracy(layer_4 - estimator_0 - 5_folds.train_4.predict)=83.33%
[ 2019-10-07 20:00:38,470][kfold_wrapper.log_eval_metrics] Accuracy(layer_4 - estimator_0 - 5_folds.train_cv.predict)=79.84%
[ 2019-10-07 20:00:40,847][kfold_wrapper.log_eval_metrics] Accuracy(layer_4 - estimator_1 - 5_folds.train_0.predict)=80.66%
[ 2019-10-07 20:00:43,198][kfold_wrapper.log_eval_metrics] Accuracy(layer_4 - estimator_1 - 5_folds.train_1.predict)=82.32%
[ 2019-10-07 20:00:45,614][kfold_wrapper.log_eval_metrics] Accuracy(layer_4 - estimator_1 - 5_folds.train_2.predict)=83.43%
[ 2019-10-07 20:00:47,970][kfold_wrapper.log_eval_metrics] Accuracy(layer_4 - estimator_1 - 5_folds.train_3.predict)=80.56%
[ 2019-10-07 20:00:50,327][kfold_wrapper.log_eval_metrics] Accuracy(layer_4 - estimator_1 - 5_folds.train_4.predict)=77.22%
[ 2019-10-07 20:00:50,328][kfold_wrapper.log_eval_metrics] Accuracy(layer_4 - estimator_1 - 5_folds.train_cv.predict)=80.84%
[ 2019-10-07 20:00:52,404][kfold_wrapper.log_eval_metrics] Accuracy(layer_4 - estimator_2 - 5_folds.train_0.predict)=82.87%
[ 2019-10-07 20:00:54,725][kfold_wrapper.log_eval_metrics] Accuracy(layer_4 - estimator_2 - 5_folds.train_1.predict)=82.87%
[ 2019-10-07 20:00:56,929][kfold_wrapper.log_eval_metrics] Accuracy(layer_4 - estimator_2 - 5_folds.train_2.predict)=76.24%
[ 2019-10-07 20:00:59,243][kfold_wrapper.log_eval_metrics] Accuracy(layer_4 - estimator_2 - 5_folds.train_3.predict)=78.89%
[ 2019-10-07 20:01:01,462][kfold_wrapper.log_eval_metrics] Accuracy(layer_4 - estimator_2 - 5_folds.train_4.predict)=81.11%
[ 2019-10-07 20:01:01,463][kfold_wrapper.log_eval_metrics] Accuracy(layer_4 - estimator_2 - 5_folds.train_cv.predict)=80.40%
[ 2019-10-07 20:01:01,463][cascade_classifier.calc_accuracy] Accuracy(layer_4 - train.classifier_average)=79.51%
[ 2019-10-07 20:01:01,463][cascade_classifier.fit_transform] [layer=5] look_indexs=[0], X_cur_train.shape=(903, 106), X_cur_test.shape=(0, 106)
[ 2019-10-07 20:01:02,555][kfold_wrapper.log_eval_metrics] Accuracy(layer_5 - estimator_0 - 5_folds.train_0.predict)=81.22%
[ 2019-10-07 20:01:03,774][kfold_wrapper.log_eval_metrics] Accuracy(layer_5 - estimator_0 - 5_folds.train_1.predict)=80.11%
[ 2019-10-07 20:01:04,795][kfold_wrapper.log_eval_metrics] Accuracy(layer_5 - estimator_0 - 5_folds.train_2.predict)=82.87%
[ 2019-10-07 20:01:05,760][kfold_wrapper.log_eval_metrics] Accuracy(layer_5 - estimator_0 - 5_folds.train_3.predict)=77.78%
[ 2019-10-07 20:01:06,770][kfold_wrapper.log_eval_metrics] Accuracy(layer_5 - estimator_0 - 5_folds.train_4.predict)=79.44%
[ 2019-10-07 20:01:06,772][kfold_wrapper.log_eval_metrics] Accuracy(layer_5 - estimator_0 - 5_folds.train_cv.predict)=80.29%
[ 2019-10-07 20:01:09,136][kfold_wrapper.log_eval_metrics] Accuracy(layer_5 - estimator_1 - 5_folds.train_0.predict)=81.77%
[ 2019-10-07 20:01:11,768][kfold_wrapper.log_eval_metrics] Accuracy(layer_5 - estimator_1 - 5_folds.train_1.predict)=84.53%
[ 2019-10-07 20:01:14,096][kfold_wrapper.log_eval_metrics] Accuracy(layer_5 - estimator_1 - 5_folds.train_2.predict)=77.90%
[ 2019-10-07 20:01:16,422][kfold_wrapper.log_eval_metrics] Accuracy(layer_5 - estimator_1 - 5_folds.train_3.predict)=80.56%
[ 2019-10-07 20:01:18,751][kfold_wrapper.log_eval_metrics] Accuracy(layer_5 - estimator_1 - 5_folds.train_4.predict)=78.89%
[ 2019-10-07 20:01:18,752][kfold_wrapper.log_eval_metrics] Accuracy(layer_5 - estimator_1 - 5_folds.train_cv.predict)=80.73%
[ 2019-10-07 20:01:20,869][kfold_wrapper.log_eval_metrics] Accuracy(layer_5 - estimator_2 - 5_folds.train_0.predict)=83.43%
[ 2019-10-07 20:01:23,019][kfold_wrapper.log_eval_metrics] Accuracy(layer_5 - estimator_2 - 5_folds.train_1.predict)=81.22%
[ 2019-10-07 20:01:25,328][kfold_wrapper.log_eval_metrics] Accuracy(layer_5 - estimator_2 - 5_folds.train_2.predict)=81.22%
[ 2019-10-07 20:01:27,601][kfold_wrapper.log_eval_metrics] Accuracy(layer_5 - estimator_2 - 5_folds.train_3.predict)=82.22%
[ 2019-10-07 20:01:29,783][kfold_wrapper.log_eval_metrics] Accuracy(layer_5 - estimator_2 - 5_folds.train_4.predict)=78.33%
[ 2019-10-07 20:01:29,784][kfold_wrapper.log_eval_metrics] Accuracy(layer_5 - estimator_2 - 5_folds.train_cv.predict)=81.28%
[ 2019-10-07 20:01:29,784][cascade_classifier.calc_accuracy] Accuracy(layer_5 - train.classifier_average)=81.40%
[ 2019-10-07 20:01:29,784][cascade_classifier.fit_transform] [layer=6] look_indexs=[0], X_cur_train.shape=(903, 106), X_cur_test.shape=(0, 106)
[ 2019-10-07 20:01:30,709][kfold_wrapper.log_eval_metrics] Accuracy(layer_6 - estimator_0 - 5_folds.train_0.predict)=77.90%
[ 2019-10-07 20:01:31,639][kfold_wrapper.log_eval_metrics] Accuracy(layer_6 - estimator_0 - 5_folds.train_1.predict)=82.32%
[ 2019-10-07 20:01:32,580][kfold_wrapper.log_eval_metrics] Accuracy(layer_6 - estimator_0 - 5_folds.train_2.predict)=78.45%
[ 2019-10-07 20:01:33,543][kfold_wrapper.log_eval_metrics] Accuracy(layer_6 - estimator_0 - 5_folds.train_3.predict)=82.78%
[ 2019-10-07 20:01:34,495][kfold_wrapper.log_eval_metrics] Accuracy(layer_6 - estimator_0 - 5_folds.train_4.predict)=75.00%
[ 2019-10-07 20:01:34,495][kfold_wrapper.log_eval_metrics] Accuracy(layer_6 - estimator_0 - 5_folds.train_cv.predict)=79.29%
[ 2019-10-07 20:01:36,949][kfold_wrapper.log_eval_metrics] Accuracy(layer_6 - estimator_1 - 5_folds.train_0.predict)=82.87%
[ 2019-10-07 20:01:39,493][kfold_wrapper.log_eval_metrics] Accuracy(layer_6 - estimator_1 - 5_folds.train_1.predict)=79.01%
[ 2019-10-07 20:01:42,127][kfold_wrapper.log_eval_metrics] Accuracy(layer_6 - estimator_1 - 5_folds.train_2.predict)=82.32%
[ 2019-10-07 20:01:44,472][kfold_wrapper.log_eval_metrics] Accuracy(layer_6 - estimator_1 - 5_folds.train_3.predict)=79.44%
[ 2019-10-07 20:01:46,905][kfold_wrapper.log_eval_metrics] Accuracy(layer_6 - estimator_1 - 5_folds.train_4.predict)=81.11%
[ 2019-10-07 20:01:46,905][kfold_wrapper.log_eval_metrics] Accuracy(layer_6 - estimator_1 - 5_folds.train_cv.predict)=80.95%
[ 2019-10-07 20:01:49,327][kfold_wrapper.log_eval_metrics] Accuracy(layer_6 - estimator_2 - 5_folds.train_0.predict)=81.77%
[ 2019-10-07 20:01:51,621][kfold_wrapper.log_eval_metrics] Accuracy(layer_6 - estimator_2 - 5_folds.train_1.predict)=81.22%
[ 2019-10-07 20:01:53,954][kfold_wrapper.log_eval_metrics] Accuracy(layer_6 - estimator_2 - 5_folds.train_2.predict)=85.08%
[ 2019-10-07 20:01:56,118][kfold_wrapper.log_eval_metrics] Accuracy(layer_6 - estimator_2 - 5_folds.train_3.predict)=80.00%
[ 2019-10-07 20:01:58,285][kfold_wrapper.log_eval_metrics] Accuracy(layer_6 - estimator_2 - 5_folds.train_4.predict)=78.89%
[ 2019-10-07 20:01:58,286][kfold_wrapper.log_eval_metrics] Accuracy(layer_6 - estimator_2 - 5_folds.train_cv.predict)=81.40%
[ 2019-10-07 20:01:58,286][cascade_classifier.calc_accuracy] Accuracy(layer_6 - train.classifier_average)=80.18%
[ 2019-10-07 20:01:58,292][cascade_classifier.fit_transform] [layer=7] look_indexs=[0], X_cur_train.shape=(903, 106), X_cur_test.shape=(0, 106)
[ 2019-10-07 20:01:59,363][kfold_wrapper.log_eval_metrics] Accuracy(layer_7 - estimator_0 - 5_folds.train_0.predict)=80.11%
[ 2019-10-07 20:02:00,326][kfold_wrapper.log_eval_metrics] Accuracy(layer_7 - estimator_0 - 5_folds.train_1.predict)=76.80%
[ 2019-10-07 20:02:01,263][kfold_wrapper.log_eval_metrics] Accuracy(layer_7 - estimator_0 - 5_folds.train_2.predict)=77.90%
[ 2019-10-07 20:02:02,196][kfold_wrapper.log_eval_metrics] Accuracy(layer_7 - estimator_0 - 5_folds.train_3.predict)=78.89%
[ 2019-10-07 20:02:03,140][kfold_wrapper.log_eval_metrics] Accuracy(layer_7 - estimator_0 - 5_folds.train_4.predict)=81.67%
[ 2019-10-07 20:02:03,140][kfold_wrapper.log_eval_metrics] Accuracy(layer_7 - estimator_0 - 5_folds.train_cv.predict)=79.07%
[ 2019-10-07 20:02:05,844][kfold_wrapper.log_eval_metrics] Accuracy(layer_7 - estimator_1 - 5_folds.train_0.predict)=80.66%
[ 2019-10-07 20:02:08,405][kfold_wrapper.log_eval_metrics] Accuracy(layer_7 - estimator_1 - 5_folds.train_1.predict)=80.66%
[ 2019-10-07 20:02:10,917][kfold_wrapper.log_eval_metrics] Accuracy(layer_7 - estimator_1 - 5_folds.train_2.predict)=80.66%
[ 2019-10-07 20:02:13,270][kfold_wrapper.log_eval_metrics] Accuracy(layer_7 - estimator_1 - 5_folds.train_3.predict)=82.78%
[ 2019-10-07 20:02:15,596][kfold_wrapper.log_eval_metrics] Accuracy(layer_7 - estimator_1 - 5_folds.train_4.predict)=79.44%
[ 2019-10-07 20:02:15,597][kfold_wrapper.log_eval_metrics] Accuracy(layer_7 - estimator_1 - 5_folds.train_cv.predict)=80.84%
[ 2019-10-07 20:02:17,806][kfold_wrapper.log_eval_metrics] Accuracy(layer_7 - estimator_2 - 5_folds.train_0.predict)=80.66%
[ 2019-10-07 20:02:20,146][kfold_wrapper.log_eval_metrics] Accuracy(layer_7 - estimator_2 - 5_folds.train_1.predict)=83.98%
[ 2019-10-07 20:02:22,303][kfold_wrapper.log_eval_metrics] Accuracy(layer_7 - estimator_2 - 5_folds.train_2.predict)=80.11%
[ 2019-10-07 20:02:24,496][kfold_wrapper.log_eval_metrics] Accuracy(layer_7 - estimator_2 - 5_folds.train_3.predict)=77.78%
[ 2019-10-07 20:02:26,759][kfold_wrapper.log_eval_metrics] Accuracy(layer_7 - estimator_2 - 5_folds.train_4.predict)=81.67%
[ 2019-10-07 20:02:26,759][kfold_wrapper.log_eval_metrics] Accuracy(layer_7 - estimator_2 - 5_folds.train_cv.predict)=80.84%
[ 2019-10-07 20:02:26,760][cascade_classifier.calc_accuracy] Accuracy(layer_7 - train.classifier_average)=79.84%
[ 2019-10-07 20:02:26,760][cascade_classifier.fit_transform] [layer=8] look_indexs=[0], X_cur_train.shape=(903, 106), X_cur_test.shape=(0, 106)
[ 2019-10-07 20:02:27,940][kfold_wrapper.log_eval_metrics] Accuracy(layer_8 - estimator_0 - 5_folds.train_0.predict)=77.90%
[ 2019-10-07 20:02:28,981][kfold_wrapper.log_eval_metrics] Accuracy(layer_8 - estimator_0 - 5_folds.train_1.predict)=79.56%
[ 2019-10-07 20:02:29,919][kfold_wrapper.log_eval_metrics] Accuracy(layer_8 - estimator_0 - 5_folds.train_2.predict)=81.77%
[ 2019-10-07 20:02:30,872][kfold_wrapper.log_eval_metrics] Accuracy(layer_8 - estimator_0 - 5_folds.train_3.predict)=81.67%
[ 2019-10-07 20:02:31,814][kfold_wrapper.log_eval_metrics] Accuracy(layer_8 - estimator_0 - 5_folds.train_4.predict)=76.67%
[ 2019-10-07 20:02:31,814][kfold_wrapper.log_eval_metrics] Accuracy(layer_8 - estimator_0 - 5_folds.train_cv.predict)=79.51%
[ 2019-10-07 20:02:34,159][kfold_wrapper.log_eval_metrics] Accuracy(layer_8 - estimator_1 - 5_folds.train_0.predict)=79.01%
[ 2019-10-07 20:02:36,515][kfold_wrapper.log_eval_metrics] Accuracy(layer_8 - estimator_1 - 5_folds.train_1.predict)=82.87%
[ 2019-10-07 20:02:38,967][kfold_wrapper.log_eval_metrics] Accuracy(layer_8 - estimator_1 - 5_folds.train_2.predict)=81.77%
[ 2019-10-07 20:02:41,528][kfold_wrapper.log_eval_metrics] Accuracy(layer_8 - estimator_1 - 5_folds.train_3.predict)=78.33%
[ 2019-10-07 20:02:44,107][kfold_wrapper.log_eval_metrics] Accuracy(layer_8 - estimator_1 - 5_folds.train_4.predict)=83.33%
[ 2019-10-07 20:02:44,107][kfold_wrapper.log_eval_metrics] Accuracy(layer_8 - estimator_1 - 5_folds.train_cv.predict)=81.06%
[ 2019-10-07 20:02:46,308][kfold_wrapper.log_eval_metrics] Accuracy(layer_8 - estimator_2 - 5_folds.train_0.predict)=83.43%
[ 2019-10-07 20:02:48,590][kfold_wrapper.log_eval_metrics] Accuracy(layer_8 - estimator_2 - 5_folds.train_1.predict)=81.22%
[ 2019-10-07 20:02:51,009][kfold_wrapper.log_eval_metrics] Accuracy(layer_8 - estimator_2 - 5_folds.train_2.predict)=83.43%
[ 2019-10-07 20:02:53,412][kfold_wrapper.log_eval_metrics] Accuracy(layer_8 - estimator_2 - 5_folds.train_3.predict)=77.22%
[ 2019-10-07 20:02:55,987][kfold_wrapper.log_eval_metrics] Accuracy(layer_8 - estimator_2 - 5_folds.train_4.predict)=82.78%
[ 2019-10-07 20:02:55,988][kfold_wrapper.log_eval_metrics] Accuracy(layer_8 - estimator_2 - 5_folds.train_cv.predict)=81.62%
[ 2019-10-07 20:02:55,988][cascade_classifier.calc_accuracy] Accuracy(layer_8 - train.classifier_average)=80.18%
[ 2019-10-07 20:02:55,988][cascade_classifier.fit_transform] [layer=9] look_indexs=[0], X_cur_train.shape=(903, 106), X_cur_test.shape=(0, 106)
[ 2019-10-07 20:02:57,028][kfold_wrapper.log_eval_metrics] Accuracy(layer_9 - estimator_0 - 5_folds.train_0.predict)=72.93%
[ 2019-10-07 20:02:58,157][kfold_wrapper.log_eval_metrics] Accuracy(layer_9 - estimator_0 - 5_folds.train_1.predict)=79.56%
[ 2019-10-07 20:02:59,194][kfold_wrapper.log_eval_metrics] Accuracy(layer_9 - estimator_0 - 5_folds.train_2.predict)=79.56%
[ 2019-10-07 20:03:00,195][kfold_wrapper.log_eval_metrics] Accuracy(layer_9 - estimator_0 - 5_folds.train_3.predict)=83.33%
[ 2019-10-07 20:03:01,229][kfold_wrapper.log_eval_metrics] Accuracy(layer_9 - estimator_0 - 5_folds.train_4.predict)=85.00%
[ 2019-10-07 20:03:01,229][kfold_wrapper.log_eval_metrics] Accuracy(layer_9 - estimator_0 - 5_folds.train_cv.predict)=80.07%
[ 2019-10-07 20:03:03,775][kfold_wrapper.log_eval_metrics] Accuracy(layer_9 - estimator_1 - 5_folds.train_0.predict)=82.87%
[ 2019-10-07 20:03:06,294][kfold_wrapper.log_eval_metrics] Accuracy(layer_9 - estimator_1 - 5_folds.train_1.predict)=80.11%
[ 2019-10-07 20:03:08,746][kfold_wrapper.log_eval_metrics] Accuracy(layer_9 - estimator_1 - 5_folds.train_2.predict)=79.56%
[ 2019-10-07 20:03:11,196][kfold_wrapper.log_eval_metrics] Accuracy(layer_9 - estimator_1 - 5_folds.train_3.predict)=82.22%
[ 2019-10-07 20:03:14,159][kfold_wrapper.log_eval_metrics] Accuracy(layer_9 - estimator_1 - 5_folds.train_4.predict)=78.89%
[ 2019-10-07 20:03:14,160][kfold_wrapper.log_eval_metrics] Accuracy(layer_9 - estimator_1 - 5_folds.train_cv.predict)=80.73%
[ 2019-10-07 20:03:16,499][kfold_wrapper.log_eval_metrics] Accuracy(layer_9 - estimator_2 - 5_folds.train_0.predict)=82.32%
[ 2019-10-07 20:03:18,752][kfold_wrapper.log_eval_metrics] Accuracy(layer_9 - estimator_2 - 5_folds.train_1.predict)=82.32%
[ 2019-10-07 20:03:21,036][kfold_wrapper.log_eval_metrics] Accuracy(layer_9 - estimator_2 - 5_folds.train_2.predict)=81.22%
[ 2019-10-07 20:03:23,322][kfold_wrapper.log_eval_metrics] Accuracy(layer_9 - estimator_2 - 5_folds.train_3.predict)=80.00%
[ 2019-10-07 20:03:25,678][kfold_wrapper.log_eval_metrics] Accuracy(layer_9 - estimator_2 - 5_folds.train_4.predict)=82.22%
[ 2019-10-07 20:03:25,679][kfold_wrapper.log_eval_metrics] Accuracy(layer_9 - estimator_2 - 5_folds.train_cv.predict)=81.62%
[ 2019-10-07 20:03:25,679][cascade_classifier.calc_accuracy] Accuracy(layer_9 - train.classifier_average)=80.40%
[ 2019-10-07 20:03:25,679][cascade_classifier.fit_transform] [layer=10] look_indexs=[0], X_cur_train.shape=(903, 106), X_cur_test.shape=(0, 106)
[ 2019-10-07 20:03:26,657][kfold_wrapper.log_eval_metrics] Accuracy(layer_10 - estimator_0 - 5_folds.train_0.predict)=77.35%
[ 2019-10-07 20:03:27,602][kfold_wrapper.log_eval_metrics] Accuracy(layer_10 - estimator_0 - 5_folds.train_1.predict)=77.90%
[ 2019-10-07 20:03:28,563][kfold_wrapper.log_eval_metrics] Accuracy(layer_10 - estimator_0 - 5_folds.train_2.predict)=81.77%
[ 2019-10-07 20:03:29,496][kfold_wrapper.log_eval_metrics] Accuracy(layer_10 - estimator_0 - 5_folds.train_3.predict)=78.33%
[ 2019-10-07 20:03:30,509][kfold_wrapper.log_eval_metrics] Accuracy(layer_10 - estimator_0 - 5_folds.train_4.predict)=77.22%
[ 2019-10-07 20:03:30,510][kfold_wrapper.log_eval_metrics] Accuracy(layer_10 - estimator_0 - 5_folds.train_cv.predict)=78.52%
[ 2019-10-07 20:03:32,997][kfold_wrapper.log_eval_metrics] Accuracy(layer_10 - estimator_1 - 5_folds.train_0.predict)=80.11%
[ 2019-10-07 20:03:35,478][kfold_wrapper.log_eval_metrics] Accuracy(layer_10 - estimator_1 - 5_folds.train_1.predict)=81.77%
[ 2019-10-07 20:03:37,788][kfold_wrapper.log_eval_metrics] Accuracy(layer_10 - estimator_1 - 5_folds.train_2.predict)=80.66%
[ 2019-10-07 20:03:40,078][kfold_wrapper.log_eval_metrics] Accuracy(layer_10 - estimator_1 - 5_folds.train_3.predict)=78.33%
[ 2019-10-07 20:03:42,372][kfold_wrapper.log_eval_metrics] Accuracy(layer_10 - estimator_1 - 5_folds.train_4.predict)=82.78%
[ 2019-10-07 20:03:42,372][kfold_wrapper.log_eval_metrics] Accuracy(layer_10 - estimator_1 - 5_folds.train_cv.predict)=80.73%
[ 2019-10-07 20:03:44,392][kfold_wrapper.log_eval_metrics] Accuracy(layer_10 - estimator_2 - 5_folds.train_0.predict)=80.11%
[ 2019-10-07 20:03:46,506][kfold_wrapper.log_eval_metrics] Accuracy(layer_10 - estimator_2 - 5_folds.train_1.predict)=82.87%
[ 2019-10-07 20:03:48,608][kfold_wrapper.log_eval_metrics] Accuracy(layer_10 - estimator_2 - 5_folds.train_2.predict)=80.66%
[ 2019-10-07 20:03:50,618][kfold_wrapper.log_eval_metrics] Accuracy(layer_10 - estimator_2 - 5_folds.train_3.predict)=83.33%
[ 2019-10-07 20:03:52,634][kfold_wrapper.log_eval_metrics] Accuracy(layer_10 - estimator_2 - 5_folds.train_4.predict)=80.56%
[ 2019-10-07 20:03:52,634][kfold_wrapper.log_eval_metrics] Accuracy(layer_10 - estimator_2 - 5_folds.train_cv.predict)=81.51%
[ 2019-10-07 20:03:52,635][cascade_classifier.calc_accuracy] Accuracy(layer_10 - train.classifier_average)=80.62%
[ 2019-10-07 20:03:52,635][cascade_classifier.fit_transform] [Result][Optimal Level Detected] opt_layer_num=6, accuracy_train=81.40%, accuracy_test=0.00%
[ 2019-10-07 20:03:52,764][cascade_classifier.transform] X_groups_test.shape=[(101, 100)]
[ 2019-10-07 20:03:52,764][cascade_classifier.transform] group_dims=[100]
[ 2019-10-07 20:03:52,764][cascade_classifier.transform] X_test.shape=(101, 100)
[ 2019-10-07 20:03:52,765][cascade_classifier.transform] [layer=0] look_indexs=[0], X_cur_test.shape=(101, 100)
[ 2019-10-07 20:03:55,986][cascade_classifier.transform] [layer=1] look_indexs=[0], X_cur_test.shape=(101, 106)
[ 2019-10-07 20:03:59,317][cascade_classifier.transform] [layer=2] look_indexs=[0], X_cur_test.shape=(101, 106)
[ 2019-10-07 20:04:02,780][cascade_classifier.transform] [layer=3] look_indexs=[0], X_cur_test.shape=(101, 106)
[ 2019-10-07 20:04:06,142][cascade_classifier.transform] [layer=4] look_indexs=[0], X_cur_test.shape=(101, 106)
[ 2019-10-07 20:04:09,489][cascade_classifier.transform] [layer=5] look_indexs=[0], X_cur_test.shape=(101, 106)
[ 2019-10-07 20:04:12,728][cascade_classifier.transform] X_groups_test.shape=[(101, 100)]
[ 2019-10-07 20:04:12,728][cascade_classifier.transform] group_dims=[100]
[ 2019-10-07 20:04:12,728][cascade_classifier.transform] X_test.shape=(101, 100)
[ 2019-10-07 20:04:12,735][cascade_classifier.transform] [layer=0] look_indexs=[0], X_cur_test.shape=(101, 100)
[ 2019-10-07 20:04:16,046][cascade_classifier.transform] [layer=1] look_indexs=[0], X_cur_test.shape=(101, 106)
[ 2019-10-07 20:04:19,280][cascade_classifier.transform] [layer=2] look_indexs=[0], X_cur_test.shape=(101, 106)
[ 2019-10-07 20:04:22,545][cascade_classifier.transform] [layer=3] look_indexs=[0], X_cur_test.shape=(101, 106)
[ 2019-10-07 20:04:25,825][cascade_classifier.transform] [layer=4] look_indexs=[0], X_cur_test.shape=(101, 106)
[ 2019-10-07 20:04:29,153][cascade_classifier.transform] [layer=5] look_indexs=[0], X_cur_test.shape=(101, 106)
[ 2019-10-07 20:05:16,835][cascade_classifier.fit_transform] X_groups_train.shape=[(903, 100)],y_train.shape=(903,),X_groups_test.shape=no_test,y_test.shape=no_test
[ 2019-10-07 20:05:16,835][cascade_classifier.fit_transform] group_dims=[100]
[ 2019-10-07 20:05:16,835][cascade_classifier.fit_transform] group_starts=[0]
[ 2019-10-07 20:05:16,835][cascade_classifier.fit_transform] group_ends=[100]
[ 2019-10-07 20:05:16,835][cascade_classifier.fit_transform] X_train.shape=(903, 100),X_test.shape=(0, 100)
[ 2019-10-07 20:05:16,851][cascade_classifier.fit_transform] [layer=0] look_indexs=[0], X_cur_train.shape=(903, 100), X_cur_test.shape=(0, 100)
[ 2019-10-07 20:05:17,740][kfold_wrapper.log_eval_metrics] Accuracy(layer_0 - estimator_0 - 5_folds.train_0.predict)=86.74%
[ 2019-10-07 20:05:18,600][kfold_wrapper.log_eval_metrics] Accuracy(layer_0 - estimator_0 - 5_folds.train_1.predict)=82.87%
[ 2019-10-07 20:05:19,449][kfold_wrapper.log_eval_metrics] Accuracy(layer_0 - estimator_0 - 5_folds.train_2.predict)=81.22%
[ 2019-10-07 20:05:20,290][kfold_wrapper.log_eval_metrics] Accuracy(layer_0 - estimator_0 - 5_folds.train_3.predict)=77.78%
[ 2019-10-07 20:05:21,149][kfold_wrapper.log_eval_metrics] Accuracy(layer_0 - estimator_0 - 5_folds.train_4.predict)=78.89%
[ 2019-10-07 20:05:21,149][kfold_wrapper.log_eval_metrics] Accuracy(layer_0 - estimator_0 - 5_folds.train_cv.predict)=81.51%
[ 2019-10-07 20:05:23,564][kfold_wrapper.log_eval_metrics] Accuracy(layer_0 - estimator_1 - 5_folds.train_0.predict)=86.19%
[ 2019-10-07 20:05:25,850][kfold_wrapper.log_eval_metrics] Accuracy(layer_0 - estimator_1 - 5_folds.train_1.predict)=80.11%
[ 2019-10-07 20:05:28,169][kfold_wrapper.log_eval_metrics] Accuracy(layer_0 - estimator_1 - 5_folds.train_2.predict)=81.22%
[ 2019-10-07 20:05:30,556][kfold_wrapper.log_eval_metrics] Accuracy(layer_0 - estimator_1 - 5_folds.train_3.predict)=82.78%
[ 2019-10-07 20:05:32,858][kfold_wrapper.log_eval_metrics] Accuracy(layer_0 - estimator_1 - 5_folds.train_4.predict)=85.00%
[ 2019-10-07 20:05:32,858][kfold_wrapper.log_eval_metrics] Accuracy(layer_0 - estimator_1 - 5_folds.train_cv.predict)=83.06%
[ 2019-10-07 20:05:35,149][kfold_wrapper.log_eval_metrics] Accuracy(layer_0 - estimator_2 - 5_folds.train_0.predict)=82.32%
[ 2019-10-07 20:05:37,322][kfold_wrapper.log_eval_metrics] Accuracy(layer_0 - estimator_2 - 5_folds.train_1.predict)=86.74%
[ 2019-10-07 20:05:39,488][kfold_wrapper.log_eval_metrics] Accuracy(layer_0 - estimator_2 - 5_folds.train_2.predict)=84.53%
[ 2019-10-07 20:05:41,682][kfold_wrapper.log_eval_metrics] Accuracy(layer_0 - estimator_2 - 5_folds.train_3.predict)=77.78%
[ 2019-10-07 20:05:43,984][kfold_wrapper.log_eval_metrics] Accuracy(layer_0 - estimator_2 - 5_folds.train_4.predict)=83.33%
[ 2019-10-07 20:05:43,984][kfold_wrapper.log_eval_metrics] Accuracy(layer_0 - estimator_2 - 5_folds.train_cv.predict)=82.95%
[ 2019-10-07 20:05:43,985][cascade_classifier.calc_accuracy] Accuracy(layer_0 - train.classifier_average)=82.39%
[ 2019-10-07 20:05:43,985][cascade_classifier.fit_transform] [layer=1] look_indexs=[0], X_cur_train.shape=(903, 106), X_cur_test.shape=(0, 106)
[ 2019-10-07 20:05:44,963][kfold_wrapper.log_eval_metrics] Accuracy(layer_1 - estimator_0 - 5_folds.train_0.predict)=84.53%
[ 2019-10-07 20:05:45,858][kfold_wrapper.log_eval_metrics] Accuracy(layer_1 - estimator_0 - 5_folds.train_1.predict)=82.32%
[ 2019-10-07 20:05:46,734][kfold_wrapper.log_eval_metrics] Accuracy(layer_1 - estimator_0 - 5_folds.train_2.predict)=77.90%
[ 2019-10-07 20:05:47,618][kfold_wrapper.log_eval_metrics] Accuracy(layer_1 - estimator_0 - 5_folds.train_3.predict)=83.33%
[ 2019-10-07 20:05:48,515][kfold_wrapper.log_eval_metrics] Accuracy(layer_1 - estimator_0 - 5_folds.train_4.predict)=82.22%
[ 2019-10-07 20:05:48,516][kfold_wrapper.log_eval_metrics] Accuracy(layer_1 - estimator_0 - 5_folds.train_cv.predict)=82.06%
[ 2019-10-07 20:05:50,791][kfold_wrapper.log_eval_metrics] Accuracy(layer_1 - estimator_1 - 5_folds.train_0.predict)=82.87%
[ 2019-10-07 20:05:53,131][kfold_wrapper.log_eval_metrics] Accuracy(layer_1 - estimator_1 - 5_folds.train_1.predict)=84.53%
[ 2019-10-07 20:05:55,429][kfold_wrapper.log_eval_metrics] Accuracy(layer_1 - estimator_1 - 5_folds.train_2.predict)=86.19%
[ 2019-10-07 20:05:57,748][kfold_wrapper.log_eval_metrics] Accuracy(layer_1 - estimator_1 - 5_folds.train_3.predict)=81.67%
[ 2019-10-07 20:05:59,923][kfold_wrapper.log_eval_metrics] Accuracy(layer_1 - estimator_1 - 5_folds.train_4.predict)=81.67%
[ 2019-10-07 20:05:59,924][kfold_wrapper.log_eval_metrics] Accuracy(layer_1 - estimator_1 - 5_folds.train_cv.predict)=83.39%
[ 2019-10-07 20:06:01,998][kfold_wrapper.log_eval_metrics] Accuracy(layer_1 - estimator_2 - 5_folds.train_0.predict)=86.74%
[ 2019-10-07 20:06:04,023][kfold_wrapper.log_eval_metrics] Accuracy(layer_1 - estimator_2 - 5_folds.train_1.predict)=81.77%
[ 2019-10-07 20:06:06,032][kfold_wrapper.log_eval_metrics] Accuracy(layer_1 - estimator_2 - 5_folds.train_2.predict)=84.53%
[ 2019-10-07 20:06:08,049][kfold_wrapper.log_eval_metrics] Accuracy(layer_1 - estimator_2 - 5_folds.train_3.predict)=80.56%
[ 2019-10-07 20:06:10,078][kfold_wrapper.log_eval_metrics] Accuracy(layer_1 - estimator_2 - 5_folds.train_4.predict)=81.11%
[ 2019-10-07 20:06:10,078][kfold_wrapper.log_eval_metrics] Accuracy(layer_1 - estimator_2 - 5_folds.train_cv.predict)=82.95%
[ 2019-10-07 20:06:10,078][cascade_classifier.calc_accuracy] Accuracy(layer_1 - train.classifier_average)=82.06%
[ 2019-10-07 20:06:10,078][cascade_classifier.fit_transform] [layer=2] look_indexs=[0], X_cur_train.shape=(903, 106), X_cur_test.shape=(0, 106)
[ 2019-10-07 20:06:10,976][kfold_wrapper.log_eval_metrics] Accuracy(layer_2 - estimator_0 - 5_folds.train_0.predict)=82.32%
[ 2019-10-07 20:06:11,871][kfold_wrapper.log_eval_metrics] Accuracy(layer_2 - estimator_0 - 5_folds.train_1.predict)=80.66%
[ 2019-10-07 20:06:12,769][kfold_wrapper.log_eval_metrics] Accuracy(layer_2 - estimator_0 - 5_folds.train_2.predict)=80.66%
[ 2019-10-07 20:06:13,654][kfold_wrapper.log_eval_metrics] Accuracy(layer_2 - estimator_0 - 5_folds.train_3.predict)=80.56%
[ 2019-10-07 20:06:14,551][kfold_wrapper.log_eval_metrics] Accuracy(layer_2 - estimator_0 - 5_folds.train_4.predict)=78.89%
[ 2019-10-07 20:06:14,551][kfold_wrapper.log_eval_metrics] Accuracy(layer_2 - estimator_0 - 5_folds.train_cv.predict)=80.62%
[ 2019-10-07 20:06:16,842][kfold_wrapper.log_eval_metrics] Accuracy(layer_2 - estimator_1 - 5_folds.train_0.predict)=82.32%
[ 2019-10-07 20:06:19,029][kfold_wrapper.log_eval_metrics] Accuracy(layer_2 - estimator_1 - 5_folds.train_1.predict)=85.08%
[ 2019-10-07 20:06:21,282][kfold_wrapper.log_eval_metrics] Accuracy(layer_2 - estimator_1 - 5_folds.train_2.predict)=80.66%
[ 2019-10-07 20:06:23,545][kfold_wrapper.log_eval_metrics] Accuracy(layer_2 - estimator_1 - 5_folds.train_3.predict)=82.78%
[ 2019-10-07 20:06:25,811][kfold_wrapper.log_eval_metrics] Accuracy(layer_2 - estimator_1 - 5_folds.train_4.predict)=83.89%
[ 2019-10-07 20:06:25,812][kfold_wrapper.log_eval_metrics] Accuracy(layer_2 - estimator_1 - 5_folds.train_cv.predict)=82.95%
[ 2019-10-07 20:06:27,798][kfold_wrapper.log_eval_metrics] Accuracy(layer_2 - estimator_2 - 5_folds.train_0.predict)=81.77%
[ 2019-10-07 20:06:29,832][kfold_wrapper.log_eval_metrics] Accuracy(layer_2 - estimator_2 - 5_folds.train_1.predict)=84.53%
[ 2019-10-07 20:06:31,823][kfold_wrapper.log_eval_metrics] Accuracy(layer_2 - estimator_2 - 5_folds.train_2.predict)=81.22%
[ 2019-10-07 20:06:33,879][kfold_wrapper.log_eval_metrics] Accuracy(layer_2 - estimator_2 - 5_folds.train_3.predict)=81.11%
[ 2019-10-07 20:06:35,905][kfold_wrapper.log_eval_metrics] Accuracy(layer_2 - estimator_2 - 5_folds.train_4.predict)=83.33%
[ 2019-10-07 20:06:35,906][kfold_wrapper.log_eval_metrics] Accuracy(layer_2 - estimator_2 - 5_folds.train_cv.predict)=82.39%
[ 2019-10-07 20:06:35,906][cascade_classifier.calc_accuracy] Accuracy(layer_2 - train.classifier_average)=81.28%
[ 2019-10-07 20:06:35,906][cascade_classifier.fit_transform] [layer=3] look_indexs=[0], X_cur_train.shape=(903, 106), X_cur_test.shape=(0, 106)
[ 2019-10-07 20:06:36,791][kfold_wrapper.log_eval_metrics] Accuracy(layer_3 - estimator_0 - 5_folds.train_0.predict)=80.66%
[ 2019-10-07 20:06:37,661][kfold_wrapper.log_eval_metrics] Accuracy(layer_3 - estimator_0 - 5_folds.train_1.predict)=80.66%
[ 2019-10-07 20:06:38,593][kfold_wrapper.log_eval_metrics] Accuracy(layer_3 - estimator_0 - 5_folds.train_2.predict)=85.64%
[ 2019-10-07 20:06:39,580][kfold_wrapper.log_eval_metrics] Accuracy(layer_3 - estimator_0 - 5_folds.train_3.predict)=80.56%
[ 2019-10-07 20:06:40,580][kfold_wrapper.log_eval_metrics] Accuracy(layer_3 - estimator_0 - 5_folds.train_4.predict)=83.33%
[ 2019-10-07 20:06:40,580][kfold_wrapper.log_eval_metrics] Accuracy(layer_3 - estimator_0 - 5_folds.train_cv.predict)=82.17%
[ 2019-10-07 20:06:42,823][kfold_wrapper.log_eval_metrics] Accuracy(layer_3 - estimator_1 - 5_folds.train_0.predict)=79.56%
[ 2019-10-07 20:06:45,028][kfold_wrapper.log_eval_metrics] Accuracy(layer_3 - estimator_1 - 5_folds.train_1.predict)=80.11%
[ 2019-10-07 20:06:47,249][kfold_wrapper.log_eval_metrics] Accuracy(layer_3 - estimator_1 - 5_folds.train_2.predict)=85.08%
[ 2019-10-07 20:06:49,561][kfold_wrapper.log_eval_metrics] Accuracy(layer_3 - estimator_1 - 5_folds.train_3.predict)=82.22%
[ 2019-10-07 20:06:51,731][kfold_wrapper.log_eval_metrics] Accuracy(layer_3 - estimator_1 - 5_folds.train_4.predict)=82.78%
[ 2019-10-07 20:06:51,732][kfold_wrapper.log_eval_metrics] Accuracy(layer_3 - estimator_1 - 5_folds.train_cv.predict)=81.95%
[ 2019-10-07 20:06:53,746][kfold_wrapper.log_eval_metrics] Accuracy(layer_3 - estimator_2 - 5_folds.train_0.predict)=85.64%
[ 2019-10-07 20:06:55,742][kfold_wrapper.log_eval_metrics] Accuracy(layer_3 - estimator_2 - 5_folds.train_1.predict)=79.01%
[ 2019-10-07 20:06:57,755][kfold_wrapper.log_eval_metrics] Accuracy(layer_3 - estimator_2 - 5_folds.train_2.predict)=82.32%
[ 2019-10-07 20:06:59,771][kfold_wrapper.log_eval_metrics] Accuracy(layer_3 - estimator_2 - 5_folds.train_3.predict)=83.89%
[ 2019-10-07 20:07:01,783][kfold_wrapper.log_eval_metrics] Accuracy(layer_3 - estimator_2 - 5_folds.train_4.predict)=81.67%
[ 2019-10-07 20:07:01,783][kfold_wrapper.log_eval_metrics] Accuracy(layer_3 - estimator_2 - 5_folds.train_cv.predict)=82.50%
[ 2019-10-07 20:07:01,783][cascade_classifier.calc_accuracy] Accuracy(layer_3 - train.classifier_average)=82.06%
[ 2019-10-07 20:07:01,783][cascade_classifier.fit_transform] [layer=4] look_indexs=[0], X_cur_train.shape=(903, 106), X_cur_test.shape=(0, 106)
[ 2019-10-07 20:07:02,664][kfold_wrapper.log_eval_metrics] Accuracy(layer_4 - estimator_0 - 5_folds.train_0.predict)=80.66%
[ 2019-10-07 20:07:03,568][kfold_wrapper.log_eval_metrics] Accuracy(layer_4 - estimator_0 - 5_folds.train_1.predict)=79.01%
[ 2019-10-07 20:07:04,465][kfold_wrapper.log_eval_metrics] Accuracy(layer_4 - estimator_0 - 5_folds.train_2.predict)=86.74%
[ 2019-10-07 20:07:05,366][kfold_wrapper.log_eval_metrics] Accuracy(layer_4 - estimator_0 - 5_folds.train_3.predict)=82.78%
[ 2019-10-07 20:07:06,267][kfold_wrapper.log_eval_metrics] Accuracy(layer_4 - estimator_0 - 5_folds.train_4.predict)=81.11%
[ 2019-10-07 20:07:06,267][kfold_wrapper.log_eval_metrics] Accuracy(layer_4 - estimator_0 - 5_folds.train_cv.predict)=82.06%
[ 2019-10-07 20:07:08,563][kfold_wrapper.log_eval_metrics] Accuracy(layer_4 - estimator_1 - 5_folds.train_0.predict)=84.53%
[ 2019-10-07 20:07:10,874][kfold_wrapper.log_eval_metrics] Accuracy(layer_4 - estimator_1 - 5_folds.train_1.predict)=84.53%
[ 2019-10-07 20:07:13,195][kfold_wrapper.log_eval_metrics] Accuracy(layer_4 - estimator_1 - 5_folds.train_2.predict)=84.53%
[ 2019-10-07 20:07:15,509][kfold_wrapper.log_eval_metrics] Accuracy(layer_4 - estimator_1 - 5_folds.train_3.predict)=78.33%
[ 2019-10-07 20:07:17,794][kfold_wrapper.log_eval_metrics] Accuracy(layer_4 - estimator_1 - 5_folds.train_4.predict)=80.00%
[ 2019-10-07 20:07:17,794][kfold_wrapper.log_eval_metrics] Accuracy(layer_4 - estimator_1 - 5_folds.train_cv.predict)=82.39%
[ 2019-10-07 20:07:19,841][kfold_wrapper.log_eval_metrics] Accuracy(layer_4 - estimator_2 - 5_folds.train_0.predict)=83.98%
[ 2019-10-07 20:07:21,899][kfold_wrapper.log_eval_metrics] Accuracy(layer_4 - estimator_2 - 5_folds.train_1.predict)=87.29%
[ 2019-10-07 20:07:24,014][kfold_wrapper.log_eval_metrics] Accuracy(layer_4 - estimator_2 - 5_folds.train_2.predict)=79.56%
[ 2019-10-07 20:07:26,008][kfold_wrapper.log_eval_metrics] Accuracy(layer_4 - estimator_2 - 5_folds.train_3.predict)=84.44%
[ 2019-10-07 20:07:28,036][kfold_wrapper.log_eval_metrics] Accuracy(layer_4 - estimator_2 - 5_folds.train_4.predict)=81.67%
[ 2019-10-07 20:07:28,036][kfold_wrapper.log_eval_metrics] Accuracy(layer_4 - estimator_2 - 5_folds.train_cv.predict)=83.39%
[ 2019-10-07 20:07:28,037][cascade_classifier.calc_accuracy] Accuracy(layer_4 - train.classifier_average)=83.06%
[ 2019-10-07 20:07:28,037][cascade_classifier.fit_transform] [layer=5] look_indexs=[0], X_cur_train.shape=(903, 106), X_cur_test.shape=(0, 106)
[ 2019-10-07 20:07:28,936][kfold_wrapper.log_eval_metrics] Accuracy(layer_5 - estimator_0 - 5_folds.train_0.predict)=82.87%
[ 2019-10-07 20:07:29,911][kfold_wrapper.log_eval_metrics] Accuracy(layer_5 - estimator_0 - 5_folds.train_1.predict)=86.74%
[ 2019-10-07 20:07:30,834][kfold_wrapper.log_eval_metrics] Accuracy(layer_5 - estimator_0 - 5_folds.train_2.predict)=82.32%
[ 2019-10-07 20:07:31,741][kfold_wrapper.log_eval_metrics] Accuracy(layer_5 - estimator_0 - 5_folds.train_3.predict)=79.44%
[ 2019-10-07 20:07:32,709][kfold_wrapper.log_eval_metrics] Accuracy(layer_5 - estimator_0 - 5_folds.train_4.predict)=81.67%
[ 2019-10-07 20:07:32,709][kfold_wrapper.log_eval_metrics] Accuracy(layer_5 - estimator_0 - 5_folds.train_cv.predict)=82.61%
[ 2019-10-07 20:07:35,061][kfold_wrapper.log_eval_metrics] Accuracy(layer_5 - estimator_1 - 5_folds.train_0.predict)=83.98%
[ 2019-10-07 20:07:37,329][kfold_wrapper.log_eval_metrics] Accuracy(layer_5 - estimator_1 - 5_folds.train_1.predict)=83.43%
[ 2019-10-07 20:07:39,617][kfold_wrapper.log_eval_metrics] Accuracy(layer_5 - estimator_1 - 5_folds.train_2.predict)=80.66%
[ 2019-10-07 20:07:41,899][kfold_wrapper.log_eval_metrics] Accuracy(layer_5 - estimator_1 - 5_folds.train_3.predict)=83.33%
[ 2019-10-07 20:07:44,220][kfold_wrapper.log_eval_metrics] Accuracy(layer_5 - estimator_1 - 5_folds.train_4.predict)=81.11%
[ 2019-10-07 20:07:44,221][kfold_wrapper.log_eval_metrics] Accuracy(layer_5 - estimator_1 - 5_folds.train_cv.predict)=82.50%
[ 2019-10-07 20:07:46,223][kfold_wrapper.log_eval_metrics] Accuracy(layer_5 - estimator_2 - 5_folds.train_0.predict)=79.01%
[ 2019-10-07 20:07:48,357][kfold_wrapper.log_eval_metrics] Accuracy(layer_5 - estimator_2 - 5_folds.train_1.predict)=85.64%
[ 2019-10-07 20:07:50,377][kfold_wrapper.log_eval_metrics] Accuracy(layer_5 - estimator_2 - 5_folds.train_2.predict)=82.32%
[ 2019-10-07 20:07:52,389][kfold_wrapper.log_eval_metrics] Accuracy(layer_5 - estimator_2 - 5_folds.train_3.predict)=84.44%
[ 2019-10-07 20:07:54,482][kfold_wrapper.log_eval_metrics] Accuracy(layer_5 - estimator_2 - 5_folds.train_4.predict)=83.33%
[ 2019-10-07 20:07:54,483][kfold_wrapper.log_eval_metrics] Accuracy(layer_5 - estimator_2 - 5_folds.train_cv.predict)=82.95%
[ 2019-10-07 20:07:54,483][cascade_classifier.calc_accuracy] Accuracy(layer_5 - train.classifier_average)=82.28%
[ 2019-10-07 20:07:54,484][cascade_classifier.fit_transform] [layer=6] look_indexs=[0], X_cur_train.shape=(903, 106), X_cur_test.shape=(0, 106)
[ 2019-10-07 20:07:55,393][kfold_wrapper.log_eval_metrics] Accuracy(layer_6 - estimator_0 - 5_folds.train_0.predict)=80.11%
[ 2019-10-07 20:07:56,375][kfold_wrapper.log_eval_metrics] Accuracy(layer_6 - estimator_0 - 5_folds.train_1.predict)=82.32%
[ 2019-10-07 20:07:57,272][kfold_wrapper.log_eval_metrics] Accuracy(layer_6 - estimator_0 - 5_folds.train_2.predict)=80.66%
[ 2019-10-07 20:07:58,313][kfold_wrapper.log_eval_metrics] Accuracy(layer_6 - estimator_0 - 5_folds.train_3.predict)=81.67%
[ 2019-10-07 20:07:59,362][kfold_wrapper.log_eval_metrics] Accuracy(layer_6 - estimator_0 - 5_folds.train_4.predict)=81.11%
[ 2019-10-07 20:07:59,362][kfold_wrapper.log_eval_metrics] Accuracy(layer_6 - estimator_0 - 5_folds.train_cv.predict)=81.17%
[ 2019-10-07 20:08:01,755][kfold_wrapper.log_eval_metrics] Accuracy(layer_6 - estimator_1 - 5_folds.train_0.predict)=85.64%
[ 2019-10-07 20:08:04,056][kfold_wrapper.log_eval_metrics] Accuracy(layer_6 - estimator_1 - 5_folds.train_1.predict)=79.56%
[ 2019-10-07 20:08:06,406][kfold_wrapper.log_eval_metrics] Accuracy(layer_6 - estimator_1 - 5_folds.train_2.predict)=83.98%
[ 2019-10-07 20:08:08,700][kfold_wrapper.log_eval_metrics] Accuracy(layer_6 - estimator_1 - 5_folds.train_3.predict)=78.89%
[ 2019-10-07 20:08:11,066][kfold_wrapper.log_eval_metrics] Accuracy(layer_6 - estimator_1 - 5_folds.train_4.predict)=83.33%
[ 2019-10-07 20:08:11,066][kfold_wrapper.log_eval_metrics] Accuracy(layer_6 - estimator_1 - 5_folds.train_cv.predict)=82.28%
[ 2019-10-07 20:08:13,119][kfold_wrapper.log_eval_metrics] Accuracy(layer_6 - estimator_2 - 5_folds.train_0.predict)=81.22%
[ 2019-10-07 20:08:15,130][kfold_wrapper.log_eval_metrics] Accuracy(layer_6 - estimator_2 - 5_folds.train_1.predict)=81.22%
[ 2019-10-07 20:08:17,172][kfold_wrapper.log_eval_metrics] Accuracy(layer_6 - estimator_2 - 5_folds.train_2.predict)=81.22%
[ 2019-10-07 20:08:19,182][kfold_wrapper.log_eval_metrics] Accuracy(layer_6 - estimator_2 - 5_folds.train_3.predict)=85.56%
[ 2019-10-07 20:08:21,202][kfold_wrapper.log_eval_metrics] Accuracy(layer_6 - estimator_2 - 5_folds.train_4.predict)=81.11%
[ 2019-10-07 20:08:21,203][kfold_wrapper.log_eval_metrics] Accuracy(layer_6 - estimator_2 - 5_folds.train_cv.predict)=82.06%
[ 2019-10-07 20:08:21,209][cascade_classifier.calc_accuracy] Accuracy(layer_6 - train.classifier_average)=81.73%
[ 2019-10-07 20:08:21,210][cascade_classifier.fit_transform] [layer=7] look_indexs=[0], X_cur_train.shape=(903, 106), X_cur_test.shape=(0, 106)
[ 2019-10-07 20:08:22,114][kfold_wrapper.log_eval_metrics] Accuracy(layer_7 - estimator_0 - 5_folds.train_0.predict)=77.90%
[ 2019-10-07 20:08:23,016][kfold_wrapper.log_eval_metrics] Accuracy(layer_7 - estimator_0 - 5_folds.train_1.predict)=82.32%
[ 2019-10-07 20:08:23,915][kfold_wrapper.log_eval_metrics] Accuracy(layer_7 - estimator_0 - 5_folds.train_2.predict)=83.43%
[ 2019-10-07 20:08:24,818][kfold_wrapper.log_eval_metrics] Accuracy(layer_7 - estimator_0 - 5_folds.train_3.predict)=82.22%
[ 2019-10-07 20:08:25,706][kfold_wrapper.log_eval_metrics] Accuracy(layer_7 - estimator_0 - 5_folds.train_4.predict)=84.44%
[ 2019-10-07 20:08:25,707][kfold_wrapper.log_eval_metrics] Accuracy(layer_7 - estimator_0 - 5_folds.train_cv.predict)=82.06%
[ 2019-10-07 20:08:27,980][kfold_wrapper.log_eval_metrics] Accuracy(layer_7 - estimator_1 - 5_folds.train_0.predict)=81.22%
[ 2019-10-07 20:08:30,251][kfold_wrapper.log_eval_metrics] Accuracy(layer_7 - estimator_1 - 5_folds.train_1.predict)=85.64%
[ 2019-10-07 20:08:32,535][kfold_wrapper.log_eval_metrics] Accuracy(layer_7 - estimator_1 - 5_folds.train_2.predict)=83.98%
[ 2019-10-07 20:08:34,817][kfold_wrapper.log_eval_metrics] Accuracy(layer_7 - estimator_1 - 5_folds.train_3.predict)=79.44%
[ 2019-10-07 20:08:37,088][kfold_wrapper.log_eval_metrics] Accuracy(layer_7 - estimator_1 - 5_folds.train_4.predict)=83.89%
[ 2019-10-07 20:08:37,088][kfold_wrapper.log_eval_metrics] Accuracy(layer_7 - estimator_1 - 5_folds.train_cv.predict)=82.83%
[ 2019-10-07 20:08:39,104][kfold_wrapper.log_eval_metrics] Accuracy(layer_7 - estimator_2 - 5_folds.train_0.predict)=83.43%
[ 2019-10-07 20:08:41,120][kfold_wrapper.log_eval_metrics] Accuracy(layer_7 - estimator_2 - 5_folds.train_1.predict)=82.32%
[ 2019-10-07 20:08:43,135][kfold_wrapper.log_eval_metrics] Accuracy(layer_7 - estimator_2 - 5_folds.train_2.predict)=85.08%
[ 2019-10-07 20:08:45,141][kfold_wrapper.log_eval_metrics] Accuracy(layer_7 - estimator_2 - 5_folds.train_3.predict)=82.22%
[ 2019-10-07 20:08:47,171][kfold_wrapper.log_eval_metrics] Accuracy(layer_7 - estimator_2 - 5_folds.train_4.predict)=77.78%
[ 2019-10-07 20:08:47,171][kfold_wrapper.log_eval_metrics] Accuracy(layer_7 - estimator_2 - 5_folds.train_cv.predict)=82.17%
[ 2019-10-07 20:08:47,171][cascade_classifier.calc_accuracy] Accuracy(layer_7 - train.classifier_average)=82.72%
[ 2019-10-07 20:08:47,171][cascade_classifier.fit_transform] [layer=8] look_indexs=[0], X_cur_train.shape=(903, 106), X_cur_test.shape=(0, 106)
[ 2019-10-07 20:08:48,054][kfold_wrapper.log_eval_metrics] Accuracy(layer_8 - estimator_0 - 5_folds.train_0.predict)=79.56%
[ 2019-10-07 20:08:48,919][kfold_wrapper.log_eval_metrics] Accuracy(layer_8 - estimator_0 - 5_folds.train_1.predict)=79.01%
[ 2019-10-07 20:08:49,798][kfold_wrapper.log_eval_metrics] Accuracy(layer_8 - estimator_0 - 5_folds.train_2.predict)=83.43%
[ 2019-10-07 20:08:50,700][kfold_wrapper.log_eval_metrics] Accuracy(layer_8 - estimator_0 - 5_folds.train_3.predict)=82.22%
[ 2019-10-07 20:08:51,578][kfold_wrapper.log_eval_metrics] Accuracy(layer_8 - estimator_0 - 5_folds.train_4.predict)=85.00%
[ 2019-10-07 20:08:51,579][kfold_wrapper.log_eval_metrics] Accuracy(layer_8 - estimator_0 - 5_folds.train_cv.predict)=81.84%
[ 2019-10-07 20:08:53,877][kfold_wrapper.log_eval_metrics] Accuracy(layer_8 - estimator_1 - 5_folds.train_0.predict)=83.98%
[ 2019-10-07 20:08:56,142][kfold_wrapper.log_eval_metrics] Accuracy(layer_8 - estimator_1 - 5_folds.train_1.predict)=80.66%
[ 2019-10-07 20:08:58,329][kfold_wrapper.log_eval_metrics] Accuracy(layer_8 - estimator_1 - 5_folds.train_2.predict)=83.43%
[ 2019-10-07 20:09:00,582][kfold_wrapper.log_eval_metrics] Accuracy(layer_8 - estimator_1 - 5_folds.train_3.predict)=85.56%
[ 2019-10-07 20:09:02,854][kfold_wrapper.log_eval_metrics] Accuracy(layer_8 - estimator_1 - 5_folds.train_4.predict)=81.67%
[ 2019-10-07 20:09:02,854][kfold_wrapper.log_eval_metrics] Accuracy(layer_8 - estimator_1 - 5_folds.train_cv.predict)=83.06%
[ 2019-10-07 20:09:04,936][kfold_wrapper.log_eval_metrics] Accuracy(layer_8 - estimator_2 - 5_folds.train_0.predict)=81.22%
[ 2019-10-07 20:09:06,920][kfold_wrapper.log_eval_metrics] Accuracy(layer_8 - estimator_2 - 5_folds.train_1.predict)=86.19%
[ 2019-10-07 20:09:08,927][kfold_wrapper.log_eval_metrics] Accuracy(layer_8 - estimator_2 - 5_folds.train_2.predict)=81.77%
[ 2019-10-07 20:09:10,936][kfold_wrapper.log_eval_metrics] Accuracy(layer_8 - estimator_2 - 5_folds.train_3.predict)=81.67%
[ 2019-10-07 20:09:12,933][kfold_wrapper.log_eval_metrics] Accuracy(layer_8 - estimator_2 - 5_folds.train_4.predict)=81.11%
[ 2019-10-07 20:09:12,933][kfold_wrapper.log_eval_metrics] Accuracy(layer_8 - estimator_2 - 5_folds.train_cv.predict)=82.39%
[ 2019-10-07 20:09:12,933][cascade_classifier.calc_accuracy] Accuracy(layer_8 - train.classifier_average)=82.17%
[ 2019-10-07 20:09:12,934][cascade_classifier.fit_transform] [layer=9] look_indexs=[0], X_cur_train.shape=(903, 106), X_cur_test.shape=(0, 106)
[ 2019-10-07 20:09:13,828][kfold_wrapper.log_eval_metrics] Accuracy(layer_9 - estimator_0 - 5_folds.train_0.predict)=80.66%
[ 2019-10-07 20:09:14,711][kfold_wrapper.log_eval_metrics] Accuracy(layer_9 - estimator_0 - 5_folds.train_1.predict)=79.56%
[ 2019-10-07 20:09:15,577][kfold_wrapper.log_eval_metrics] Accuracy(layer_9 - estimator_0 - 5_folds.train_2.predict)=82.32%
[ 2019-10-07 20:09:16,485][kfold_wrapper.log_eval_metrics] Accuracy(layer_9 - estimator_0 - 5_folds.train_3.predict)=82.22%
[ 2019-10-07 20:09:17,363][kfold_wrapper.log_eval_metrics] Accuracy(layer_9 - estimator_0 - 5_folds.train_4.predict)=83.33%
[ 2019-10-07 20:09:17,363][kfold_wrapper.log_eval_metrics] Accuracy(layer_9 - estimator_0 - 5_folds.train_cv.predict)=81.62%
[ 2019-10-07 20:09:19,638][kfold_wrapper.log_eval_metrics] Accuracy(layer_9 - estimator_1 - 5_folds.train_0.predict)=83.98%
[ 2019-10-07 20:09:21,914][kfold_wrapper.log_eval_metrics] Accuracy(layer_9 - estimator_1 - 5_folds.train_1.predict)=82.87%
[ 2019-10-07 20:09:24,177][kfold_wrapper.log_eval_metrics] Accuracy(layer_9 - estimator_1 - 5_folds.train_2.predict)=85.08%
[ 2019-10-07 20:09:26,467][kfold_wrapper.log_eval_metrics] Accuracy(layer_9 - estimator_1 - 5_folds.train_3.predict)=79.44%
[ 2019-10-07 20:09:28,741][kfold_wrapper.log_eval_metrics] Accuracy(layer_9 - estimator_1 - 5_folds.train_4.predict)=83.33%
[ 2019-10-07 20:09:28,741][kfold_wrapper.log_eval_metrics] Accuracy(layer_9 - estimator_1 - 5_folds.train_cv.predict)=82.95%
[ 2019-10-07 20:09:30,742][kfold_wrapper.log_eval_metrics] Accuracy(layer_9 - estimator_2 - 5_folds.train_0.predict)=83.43%
[ 2019-10-07 20:09:32,765][kfold_wrapper.log_eval_metrics] Accuracy(layer_9 - estimator_2 - 5_folds.train_1.predict)=81.77%
[ 2019-10-07 20:09:34,810][kfold_wrapper.log_eval_metrics] Accuracy(layer_9 - estimator_2 - 5_folds.train_2.predict)=82.32%
[ 2019-10-07 20:09:36,830][kfold_wrapper.log_eval_metrics] Accuracy(layer_9 - estimator_2 - 5_folds.train_3.predict)=82.78%
[ 2019-10-07 20:09:38,821][kfold_wrapper.log_eval_metrics] Accuracy(layer_9 - estimator_2 - 5_folds.train_4.predict)=84.44%
[ 2019-10-07 20:09:38,823][kfold_wrapper.log_eval_metrics] Accuracy(layer_9 - estimator_2 - 5_folds.train_cv.predict)=82.95%
[ 2019-10-07 20:09:38,823][cascade_classifier.calc_accuracy] Accuracy(layer_9 - train.classifier_average)=82.06%
[ 2019-10-07 20:09:38,824][cascade_classifier.fit_transform] [Result][Optimal Level Detected] opt_layer_num=5, accuracy_train=83.06%, accuracy_test=0.00%
[ 2019-10-07 20:09:38,970][cascade_classifier.transform] X_groups_test.shape=[(101, 100)]
[ 2019-10-07 20:09:38,970][cascade_classifier.transform] group_dims=[100]
[ 2019-10-07 20:09:38,970][cascade_classifier.transform] X_test.shape=(101, 100)
[ 2019-10-07 20:09:38,970][cascade_classifier.transform] [layer=0] look_indexs=[0], X_cur_test.shape=(101, 100)
[ 2019-10-07 20:09:42,205][cascade_classifier.transform] [layer=1] look_indexs=[0], X_cur_test.shape=(101, 106)
[ 2019-10-07 20:09:45,600][cascade_classifier.transform] [layer=2] look_indexs=[0], X_cur_test.shape=(101, 106)
[ 2019-10-07 20:09:48,839][cascade_classifier.transform] [layer=3] look_indexs=[0], X_cur_test.shape=(101, 106)
[ 2019-10-07 20:09:52,109][cascade_classifier.transform] [layer=4] look_indexs=[0], X_cur_test.shape=(101, 106)
[ 2019-10-07 20:09:55,333][cascade_classifier.transform] X_groups_test.shape=[(101, 100)]
[ 2019-10-07 20:09:55,333][cascade_classifier.transform] group_dims=[100]
[ 2019-10-07 20:09:55,334][cascade_classifier.transform] X_test.shape=(101, 100)
[ 2019-10-07 20:09:55,334][cascade_classifier.transform] [layer=0] look_indexs=[0], X_cur_test.shape=(101, 100)
[ 2019-10-07 20:09:58,537][cascade_classifier.transform] [layer=1] look_indexs=[0], X_cur_test.shape=(101, 106)
[ 2019-10-07 20:10:02,017][cascade_classifier.transform] [layer=2] look_indexs=[0], X_cur_test.shape=(101, 106)
[ 2019-10-07 20:10:05,232][cascade_classifier.transform] [layer=3] look_indexs=[0], X_cur_test.shape=(101, 106)
[ 2019-10-07 20:10:08,453][cascade_classifier.transform] [layer=4] look_indexs=[0], X_cur_test.shape=(101, 106)
