[ 2019-09-26 19:22:28,284][cascade_classifier.fit_transform] X_groups_train.shape=[(903, 1)],y_train.shape=(903,),X_groups_test.shape=no_test,y_test.shape=no_test
[ 2019-09-26 19:22:28,284][cascade_classifier.fit_transform] group_dims=[1]
[ 2019-09-26 19:22:28,284][cascade_classifier.fit_transform] group_starts=[0]
[ 2019-09-26 19:22:28,284][cascade_classifier.fit_transform] group_ends=[1]
[ 2019-09-26 19:22:28,284][cascade_classifier.fit_transform] X_train.shape=(903, 1),X_test.shape=(0, 1)
[ 2019-09-26 19:22:28,284][cascade_classifier.fit_transform] [layer=0] look_indexs=[0], X_cur_train.shape=(903, 1), X_cur_test.shape=(0, 1)
[ 2019-09-26 19:22:28,725][kfold_wrapper.log_eval_metrics] Accuracy(layer_0 - estimator_0 - 5_folds.train_0.predict)=91.21%
[ 2019-09-26 19:22:29,133][kfold_wrapper.log_eval_metrics] Accuracy(layer_0 - estimator_0 - 5_folds.train_1.predict)=92.82%
[ 2019-09-26 19:22:29,560][kfold_wrapper.log_eval_metrics] Accuracy(layer_0 - estimator_0 - 5_folds.train_2.predict)=91.11%
[ 2019-09-26 19:22:30,001][kfold_wrapper.log_eval_metrics] Accuracy(layer_0 - estimator_0 - 5_folds.train_3.predict)=88.89%
[ 2019-09-26 19:22:30,426][kfold_wrapper.log_eval_metrics] Accuracy(layer_0 - estimator_0 - 5_folds.train_4.predict)=92.22%
[ 2019-09-26 19:22:30,426][kfold_wrapper.log_eval_metrics] Accuracy(layer_0 - estimator_0 - 5_folds.train_cv.predict)=91.25%
[ 2019-09-26 19:22:32,593][kfold_wrapper.log_eval_metrics] Accuracy(layer_0 - estimator_1 - 5_folds.train_0.predict)=91.76%
[ 2019-09-26 19:22:34,739][kfold_wrapper.log_eval_metrics] Accuracy(layer_0 - estimator_1 - 5_folds.train_1.predict)=92.27%
[ 2019-09-26 19:22:36,871][kfold_wrapper.log_eval_metrics] Accuracy(layer_0 - estimator_1 - 5_folds.train_2.predict)=87.78%
[ 2019-09-26 19:22:39,133][kfold_wrapper.log_eval_metrics] Accuracy(layer_0 - estimator_1 - 5_folds.train_3.predict)=87.78%
[ 2019-09-26 19:22:41,281][kfold_wrapper.log_eval_metrics] Accuracy(layer_0 - estimator_1 - 5_folds.train_4.predict)=87.22%
[ 2019-09-26 19:22:41,281][kfold_wrapper.log_eval_metrics] Accuracy(layer_0 - estimator_1 - 5_folds.train_cv.predict)=89.37%
[ 2019-09-26 19:22:43,281][kfold_wrapper.log_eval_metrics] Accuracy(layer_0 - estimator_2 - 5_folds.train_0.predict)=84.62%
[ 2019-09-26 19:22:45,409][kfold_wrapper.log_eval_metrics] Accuracy(layer_0 - estimator_2 - 5_folds.train_1.predict)=88.40%
[ 2019-09-26 19:22:47,461][kfold_wrapper.log_eval_metrics] Accuracy(layer_0 - estimator_2 - 5_folds.train_2.predict)=91.11%
[ 2019-09-26 19:22:49,580][kfold_wrapper.log_eval_metrics] Accuracy(layer_0 - estimator_2 - 5_folds.train_3.predict)=90.00%
[ 2019-09-26 19:22:51,667][kfold_wrapper.log_eval_metrics] Accuracy(layer_0 - estimator_2 - 5_folds.train_4.predict)=90.56%
[ 2019-09-26 19:22:51,667][kfold_wrapper.log_eval_metrics] Accuracy(layer_0 - estimator_2 - 5_folds.train_cv.predict)=88.93%
[ 2019-09-26 19:22:51,667][cascade_classifier.calc_accuracy] Accuracy(layer_0 - train.classifier_average)=90.70%
[ 2019-09-26 19:22:51,667][cascade_classifier.fit_transform] [layer=1] look_indexs=[0], X_cur_train.shape=(903, 7), X_cur_test.shape=(0, 7)
[ 2019-09-26 19:22:52,178][kfold_wrapper.log_eval_metrics] Accuracy(layer_1 - estimator_0 - 5_folds.train_0.predict)=93.96%
[ 2019-09-26 19:22:52,671][kfold_wrapper.log_eval_metrics] Accuracy(layer_1 - estimator_0 - 5_folds.train_1.predict)=93.92%
[ 2019-09-26 19:22:53,170][kfold_wrapper.log_eval_metrics] Accuracy(layer_1 - estimator_0 - 5_folds.train_2.predict)=95.00%
[ 2019-09-26 19:22:53,645][kfold_wrapper.log_eval_metrics] Accuracy(layer_1 - estimator_0 - 5_folds.train_3.predict)=90.56%
[ 2019-09-26 19:22:54,114][kfold_wrapper.log_eval_metrics] Accuracy(layer_1 - estimator_0 - 5_folds.train_4.predict)=92.22%
[ 2019-09-26 19:22:54,114][kfold_wrapper.log_eval_metrics] Accuracy(layer_1 - estimator_0 - 5_folds.train_cv.predict)=93.13%
[ 2019-09-26 19:22:56,234][kfold_wrapper.log_eval_metrics] Accuracy(layer_1 - estimator_1 - 5_folds.train_0.predict)=93.96%
[ 2019-09-26 19:22:58,374][kfold_wrapper.log_eval_metrics] Accuracy(layer_1 - estimator_1 - 5_folds.train_1.predict)=95.58%
[ 2019-09-26 19:23:00,563][kfold_wrapper.log_eval_metrics] Accuracy(layer_1 - estimator_1 - 5_folds.train_2.predict)=91.67%
[ 2019-09-26 19:23:02,833][kfold_wrapper.log_eval_metrics] Accuracy(layer_1 - estimator_1 - 5_folds.train_3.predict)=92.22%
[ 2019-09-26 19:23:04,958][kfold_wrapper.log_eval_metrics] Accuracy(layer_1 - estimator_1 - 5_folds.train_4.predict)=92.78%
[ 2019-09-26 19:23:04,959][kfold_wrapper.log_eval_metrics] Accuracy(layer_1 - estimator_1 - 5_folds.train_cv.predict)=93.24%
[ 2019-09-26 19:23:06,937][kfold_wrapper.log_eval_metrics] Accuracy(layer_1 - estimator_2 - 5_folds.train_0.predict)=86.26%
[ 2019-09-26 19:23:09,027][kfold_wrapper.log_eval_metrics] Accuracy(layer_1 - estimator_2 - 5_folds.train_1.predict)=94.48%
[ 2019-09-26 19:23:11,082][kfold_wrapper.log_eval_metrics] Accuracy(layer_1 - estimator_2 - 5_folds.train_2.predict)=92.22%
[ 2019-09-26 19:23:13,161][kfold_wrapper.log_eval_metrics] Accuracy(layer_1 - estimator_2 - 5_folds.train_3.predict)=88.33%
[ 2019-09-26 19:23:15,263][kfold_wrapper.log_eval_metrics] Accuracy(layer_1 - estimator_2 - 5_folds.train_4.predict)=91.67%
[ 2019-09-26 19:23:15,264][kfold_wrapper.log_eval_metrics] Accuracy(layer_1 - estimator_2 - 5_folds.train_cv.predict)=90.59%
[ 2019-09-26 19:23:15,270][cascade_classifier.calc_accuracy] Accuracy(layer_1 - train.classifier_average)=93.36%
[ 2019-09-26 19:23:15,270][cascade_classifier.fit_transform] [layer=2] look_indexs=[0], X_cur_train.shape=(903, 7), X_cur_test.shape=(0, 7)
[ 2019-09-26 19:23:15,766][kfold_wrapper.log_eval_metrics] Accuracy(layer_2 - estimator_0 - 5_folds.train_0.predict)=93.96%
[ 2019-09-26 19:23:16,267][kfold_wrapper.log_eval_metrics] Accuracy(layer_2 - estimator_0 - 5_folds.train_1.predict)=91.16%
[ 2019-09-26 19:23:16,748][kfold_wrapper.log_eval_metrics] Accuracy(layer_2 - estimator_0 - 5_folds.train_2.predict)=95.00%
[ 2019-09-26 19:23:17,209][kfold_wrapper.log_eval_metrics] Accuracy(layer_2 - estimator_0 - 5_folds.train_3.predict)=92.78%
[ 2019-09-26 19:23:17,671][kfold_wrapper.log_eval_metrics] Accuracy(layer_2 - estimator_0 - 5_folds.train_4.predict)=91.11%
[ 2019-09-26 19:23:17,672][kfold_wrapper.log_eval_metrics] Accuracy(layer_2 - estimator_0 - 5_folds.train_cv.predict)=92.80%
[ 2019-09-26 19:23:19,786][kfold_wrapper.log_eval_metrics] Accuracy(layer_2 - estimator_1 - 5_folds.train_0.predict)=91.76%
[ 2019-09-26 19:23:21,891][kfold_wrapper.log_eval_metrics] Accuracy(layer_2 - estimator_1 - 5_folds.train_1.predict)=91.16%
[ 2019-09-26 19:23:24,063][kfold_wrapper.log_eval_metrics] Accuracy(layer_2 - estimator_1 - 5_folds.train_2.predict)=91.11%
[ 2019-09-26 19:23:26,175][kfold_wrapper.log_eval_metrics] Accuracy(layer_2 - estimator_1 - 5_folds.train_3.predict)=95.56%
[ 2019-09-26 19:23:28,304][kfold_wrapper.log_eval_metrics] Accuracy(layer_2 - estimator_1 - 5_folds.train_4.predict)=93.33%
[ 2019-09-26 19:23:28,304][kfold_wrapper.log_eval_metrics] Accuracy(layer_2 - estimator_1 - 5_folds.train_cv.predict)=92.58%
[ 2019-09-26 19:23:30,408][kfold_wrapper.log_eval_metrics] Accuracy(layer_2 - estimator_2 - 5_folds.train_0.predict)=92.31%
[ 2019-09-26 19:23:32,460][kfold_wrapper.log_eval_metrics] Accuracy(layer_2 - estimator_2 - 5_folds.train_1.predict)=94.48%
[ 2019-09-26 19:23:34,546][kfold_wrapper.log_eval_metrics] Accuracy(layer_2 - estimator_2 - 5_folds.train_2.predict)=91.67%
[ 2019-09-26 19:23:36,650][kfold_wrapper.log_eval_metrics] Accuracy(layer_2 - estimator_2 - 5_folds.train_3.predict)=90.56%
[ 2019-09-26 19:23:38,714][kfold_wrapper.log_eval_metrics] Accuracy(layer_2 - estimator_2 - 5_folds.train_4.predict)=92.78%
[ 2019-09-26 19:23:38,714][kfold_wrapper.log_eval_metrics] Accuracy(layer_2 - estimator_2 - 5_folds.train_cv.predict)=92.36%
[ 2019-09-26 19:23:38,715][cascade_classifier.calc_accuracy] Accuracy(layer_2 - train.classifier_average)=93.02%
[ 2019-09-26 19:23:38,715][cascade_classifier.fit_transform] [layer=3] look_indexs=[0], X_cur_train.shape=(903, 7), X_cur_test.shape=(0, 7)
[ 2019-09-26 19:23:39,215][kfold_wrapper.log_eval_metrics] Accuracy(layer_3 - estimator_0 - 5_folds.train_0.predict)=90.66%
[ 2019-09-26 19:23:39,709][kfold_wrapper.log_eval_metrics] Accuracy(layer_3 - estimator_0 - 5_folds.train_1.predict)=90.61%
[ 2019-09-26 19:23:40,221][kfold_wrapper.log_eval_metrics] Accuracy(layer_3 - estimator_0 - 5_folds.train_2.predict)=88.89%
[ 2019-09-26 19:23:40,730][kfold_wrapper.log_eval_metrics] Accuracy(layer_3 - estimator_0 - 5_folds.train_3.predict)=92.22%
[ 2019-09-26 19:23:41,197][kfold_wrapper.log_eval_metrics] Accuracy(layer_3 - estimator_0 - 5_folds.train_4.predict)=88.33%
[ 2019-09-26 19:23:41,197][kfold_wrapper.log_eval_metrics] Accuracy(layer_3 - estimator_0 - 5_folds.train_cv.predict)=90.14%
[ 2019-09-26 19:23:43,368][kfold_wrapper.log_eval_metrics] Accuracy(layer_3 - estimator_1 - 5_folds.train_0.predict)=90.11%
[ 2019-09-26 19:23:45,532][kfold_wrapper.log_eval_metrics] Accuracy(layer_3 - estimator_1 - 5_folds.train_1.predict)=91.16%
[ 2019-09-26 19:23:47,720][kfold_wrapper.log_eval_metrics] Accuracy(layer_3 - estimator_1 - 5_folds.train_2.predict)=92.78%
[ 2019-09-26 19:23:49,832][kfold_wrapper.log_eval_metrics] Accuracy(layer_3 - estimator_1 - 5_folds.train_3.predict)=92.22%
[ 2019-09-26 19:23:51,965][kfold_wrapper.log_eval_metrics] Accuracy(layer_3 - estimator_1 - 5_folds.train_4.predict)=93.33%
[ 2019-09-26 19:23:51,965][kfold_wrapper.log_eval_metrics] Accuracy(layer_3 - estimator_1 - 5_folds.train_cv.predict)=91.92%
[ 2019-09-26 19:23:54,069][kfold_wrapper.log_eval_metrics] Accuracy(layer_3 - estimator_2 - 5_folds.train_0.predict)=92.86%
[ 2019-09-26 19:23:56,130][kfold_wrapper.log_eval_metrics] Accuracy(layer_3 - estimator_2 - 5_folds.train_1.predict)=93.92%
[ 2019-09-26 19:23:58,122][kfold_wrapper.log_eval_metrics] Accuracy(layer_3 - estimator_2 - 5_folds.train_2.predict)=90.56%
[ 2019-09-26 19:24:00,230][kfold_wrapper.log_eval_metrics] Accuracy(layer_3 - estimator_2 - 5_folds.train_3.predict)=90.56%
[ 2019-09-26 19:24:02,312][kfold_wrapper.log_eval_metrics] Accuracy(layer_3 - estimator_2 - 5_folds.train_4.predict)=93.89%
[ 2019-09-26 19:24:02,313][kfold_wrapper.log_eval_metrics] Accuracy(layer_3 - estimator_2 - 5_folds.train_cv.predict)=92.36%
[ 2019-09-26 19:24:02,313][cascade_classifier.calc_accuracy] Accuracy(layer_3 - train.classifier_average)=92.03%
[ 2019-09-26 19:24:02,313][cascade_classifier.fit_transform] [layer=4] look_indexs=[0], X_cur_train.shape=(903, 7), X_cur_test.shape=(0, 7)
[ 2019-09-26 19:24:02,808][kfold_wrapper.log_eval_metrics] Accuracy(layer_4 - estimator_0 - 5_folds.train_0.predict)=91.21%
[ 2019-09-26 19:24:03,320][kfold_wrapper.log_eval_metrics] Accuracy(layer_4 - estimator_0 - 5_folds.train_1.predict)=92.82%
[ 2019-09-26 19:24:03,802][kfold_wrapper.log_eval_metrics] Accuracy(layer_4 - estimator_0 - 5_folds.train_2.predict)=91.67%
[ 2019-09-26 19:24:04,282][kfold_wrapper.log_eval_metrics] Accuracy(layer_4 - estimator_0 - 5_folds.train_3.predict)=93.33%
[ 2019-09-26 19:24:04,760][kfold_wrapper.log_eval_metrics] Accuracy(layer_4 - estimator_0 - 5_folds.train_4.predict)=95.56%
[ 2019-09-26 19:24:04,760][kfold_wrapper.log_eval_metrics] Accuracy(layer_4 - estimator_0 - 5_folds.train_cv.predict)=92.91%
[ 2019-09-26 19:24:06,911][kfold_wrapper.log_eval_metrics] Accuracy(layer_4 - estimator_1 - 5_folds.train_0.predict)=92.86%
[ 2019-09-26 19:24:09,063][kfold_wrapper.log_eval_metrics] Accuracy(layer_4 - estimator_1 - 5_folds.train_1.predict)=87.85%
[ 2019-09-26 19:24:11,184][kfold_wrapper.log_eval_metrics] Accuracy(layer_4 - estimator_1 - 5_folds.train_2.predict)=90.00%
[ 2019-09-26 19:24:13,320][kfold_wrapper.log_eval_metrics] Accuracy(layer_4 - estimator_1 - 5_folds.train_3.predict)=97.78%
[ 2019-09-26 19:24:15,484][kfold_wrapper.log_eval_metrics] Accuracy(layer_4 - estimator_1 - 5_folds.train_4.predict)=92.78%
[ 2019-09-26 19:24:15,484][kfold_wrapper.log_eval_metrics] Accuracy(layer_4 - estimator_1 - 5_folds.train_cv.predict)=92.25%
[ 2019-09-26 19:24:17,559][kfold_wrapper.log_eval_metrics] Accuracy(layer_4 - estimator_2 - 5_folds.train_0.predict)=95.60%
[ 2019-09-26 19:24:19,633][kfold_wrapper.log_eval_metrics] Accuracy(layer_4 - estimator_2 - 5_folds.train_1.predict)=90.61%
[ 2019-09-26 19:24:21,731][kfold_wrapper.log_eval_metrics] Accuracy(layer_4 - estimator_2 - 5_folds.train_2.predict)=92.78%
[ 2019-09-26 19:24:23,834][kfold_wrapper.log_eval_metrics] Accuracy(layer_4 - estimator_2 - 5_folds.train_3.predict)=91.11%
[ 2019-09-26 19:24:25,910][kfold_wrapper.log_eval_metrics] Accuracy(layer_4 - estimator_2 - 5_folds.train_4.predict)=92.78%
[ 2019-09-26 19:24:25,911][kfold_wrapper.log_eval_metrics] Accuracy(layer_4 - estimator_2 - 5_folds.train_cv.predict)=92.58%
[ 2019-09-26 19:24:25,911][cascade_classifier.calc_accuracy] Accuracy(layer_4 - train.classifier_average)=92.69%
[ 2019-09-26 19:24:25,911][cascade_classifier.fit_transform] [layer=5] look_indexs=[0], X_cur_train.shape=(903, 7), X_cur_test.shape=(0, 7)
[ 2019-09-26 19:24:26,400][kfold_wrapper.log_eval_metrics] Accuracy(layer_5 - estimator_0 - 5_folds.train_0.predict)=87.36%
[ 2019-09-26 19:24:26,882][kfold_wrapper.log_eval_metrics] Accuracy(layer_5 - estimator_0 - 5_folds.train_1.predict)=90.06%
[ 2019-09-26 19:24:27,375][kfold_wrapper.log_eval_metrics] Accuracy(layer_5 - estimator_0 - 5_folds.train_2.predict)=93.33%
[ 2019-09-26 19:24:27,872][kfold_wrapper.log_eval_metrics] Accuracy(layer_5 - estimator_0 - 5_folds.train_3.predict)=94.44%
[ 2019-09-26 19:24:28,373][kfold_wrapper.log_eval_metrics] Accuracy(layer_5 - estimator_0 - 5_folds.train_4.predict)=91.11%
[ 2019-09-26 19:24:28,373][kfold_wrapper.log_eval_metrics] Accuracy(layer_5 - estimator_0 - 5_folds.train_cv.predict)=91.25%
[ 2019-09-26 19:24:30,510][kfold_wrapper.log_eval_metrics] Accuracy(layer_5 - estimator_1 - 5_folds.train_0.predict)=93.41%
[ 2019-09-26 19:24:32,648][kfold_wrapper.log_eval_metrics] Accuracy(layer_5 - estimator_1 - 5_folds.train_1.predict)=93.37%
[ 2019-09-26 19:24:34,783][kfold_wrapper.log_eval_metrics] Accuracy(layer_5 - estimator_1 - 5_folds.train_2.predict)=92.22%
[ 2019-09-26 19:24:37,098][kfold_wrapper.log_eval_metrics] Accuracy(layer_5 - estimator_1 - 5_folds.train_3.predict)=92.22%
[ 2019-09-26 19:24:39,271][kfold_wrapper.log_eval_metrics] Accuracy(layer_5 - estimator_1 - 5_folds.train_4.predict)=92.22%
[ 2019-09-26 19:24:39,271][kfold_wrapper.log_eval_metrics] Accuracy(layer_5 - estimator_1 - 5_folds.train_cv.predict)=92.69%
[ 2019-09-26 19:24:41,320][kfold_wrapper.log_eval_metrics] Accuracy(layer_5 - estimator_2 - 5_folds.train_0.predict)=92.31%
[ 2019-09-26 19:24:43,387][kfold_wrapper.log_eval_metrics] Accuracy(layer_5 - estimator_2 - 5_folds.train_1.predict)=95.03%
[ 2019-09-26 19:24:45,430][kfold_wrapper.log_eval_metrics] Accuracy(layer_5 - estimator_2 - 5_folds.train_2.predict)=93.33%
[ 2019-09-26 19:24:47,494][kfold_wrapper.log_eval_metrics] Accuracy(layer_5 - estimator_2 - 5_folds.train_3.predict)=90.56%
[ 2019-09-26 19:24:49,578][kfold_wrapper.log_eval_metrics] Accuracy(layer_5 - estimator_2 - 5_folds.train_4.predict)=93.89%
[ 2019-09-26 19:24:49,578][kfold_wrapper.log_eval_metrics] Accuracy(layer_5 - estimator_2 - 5_folds.train_cv.predict)=93.02%
[ 2019-09-26 19:24:49,578][cascade_classifier.calc_accuracy] Accuracy(layer_5 - train.classifier_average)=91.92%
[ 2019-09-26 19:24:49,578][cascade_classifier.fit_transform] [layer=6] look_indexs=[0], X_cur_train.shape=(903, 7), X_cur_test.shape=(0, 7)
[ 2019-09-26 19:24:50,082][kfold_wrapper.log_eval_metrics] Accuracy(layer_6 - estimator_0 - 5_folds.train_0.predict)=92.31%
[ 2019-09-26 19:24:50,567][kfold_wrapper.log_eval_metrics] Accuracy(layer_6 - estimator_0 - 5_folds.train_1.predict)=92.27%
[ 2019-09-26 19:24:51,081][kfold_wrapper.log_eval_metrics] Accuracy(layer_6 - estimator_0 - 5_folds.train_2.predict)=92.78%
[ 2019-09-26 19:24:51,577][kfold_wrapper.log_eval_metrics] Accuracy(layer_6 - estimator_0 - 5_folds.train_3.predict)=93.33%
[ 2019-09-26 19:24:52,053][kfold_wrapper.log_eval_metrics] Accuracy(layer_6 - estimator_0 - 5_folds.train_4.predict)=88.89%
[ 2019-09-26 19:24:52,053][kfold_wrapper.log_eval_metrics] Accuracy(layer_6 - estimator_0 - 5_folds.train_cv.predict)=91.92%
[ 2019-09-26 19:24:54,202][kfold_wrapper.log_eval_metrics] Accuracy(layer_6 - estimator_1 - 5_folds.train_0.predict)=95.60%
[ 2019-09-26 19:24:56,315][kfold_wrapper.log_eval_metrics] Accuracy(layer_6 - estimator_1 - 5_folds.train_1.predict)=90.61%
[ 2019-09-26 19:24:58,420][kfold_wrapper.log_eval_metrics] Accuracy(layer_6 - estimator_1 - 5_folds.train_2.predict)=93.89%
[ 2019-09-26 19:25:00,582][kfold_wrapper.log_eval_metrics] Accuracy(layer_6 - estimator_1 - 5_folds.train_3.predict)=92.22%
[ 2019-09-26 19:25:02,767][kfold_wrapper.log_eval_metrics] Accuracy(layer_6 - estimator_1 - 5_folds.train_4.predict)=91.67%
[ 2019-09-26 19:25:02,767][kfold_wrapper.log_eval_metrics] Accuracy(layer_6 - estimator_1 - 5_folds.train_cv.predict)=92.80%
[ 2019-09-26 19:25:04,825][kfold_wrapper.log_eval_metrics] Accuracy(layer_6 - estimator_2 - 5_folds.train_0.predict)=92.86%
[ 2019-09-26 19:25:06,834][kfold_wrapper.log_eval_metrics] Accuracy(layer_6 - estimator_2 - 5_folds.train_1.predict)=93.37%
[ 2019-09-26 19:25:08,909][kfold_wrapper.log_eval_metrics] Accuracy(layer_6 - estimator_2 - 5_folds.train_2.predict)=91.11%
[ 2019-09-26 19:25:10,963][kfold_wrapper.log_eval_metrics] Accuracy(layer_6 - estimator_2 - 5_folds.train_3.predict)=91.11%
[ 2019-09-26 19:25:13,027][kfold_wrapper.log_eval_metrics] Accuracy(layer_6 - estimator_2 - 5_folds.train_4.predict)=93.33%
[ 2019-09-26 19:25:13,027][kfold_wrapper.log_eval_metrics] Accuracy(layer_6 - estimator_2 - 5_folds.train_cv.predict)=92.36%
[ 2019-09-26 19:25:13,027][cascade_classifier.calc_accuracy] Accuracy(layer_6 - train.classifier_average)=93.02%
[ 2019-09-26 19:25:13,027][cascade_classifier.fit_transform] [Result][Optimal Level Detected] opt_layer_num=2, accuracy_train=93.36%, accuracy_test=0.00%
[ 2019-09-26 19:25:13,135][cascade_classifier.transform] X_groups_test.shape=[(101, 1)]
[ 2019-09-26 19:25:13,135][cascade_classifier.transform] group_dims=[1]
[ 2019-09-26 19:25:13,136][cascade_classifier.transform] X_test.shape=(101, 1)
[ 2019-09-26 19:25:13,136][cascade_classifier.transform] [layer=0] look_indexs=[0], X_cur_test.shape=(101, 1)
[ 2019-09-26 19:25:16,418][cascade_classifier.transform] [layer=1] look_indexs=[0], X_cur_test.shape=(101, 7)
[ 2019-09-26 19:25:19,863][cascade_classifier.transform] X_groups_test.shape=[(101, 1)]
[ 2019-09-26 19:25:19,864][cascade_classifier.transform] group_dims=[1]
[ 2019-09-26 19:25:19,864][cascade_classifier.transform] X_test.shape=(101, 1)
[ 2019-09-26 19:25:19,864][cascade_classifier.transform] [layer=0] look_indexs=[0], X_cur_test.shape=(101, 1)
[ 2019-09-26 19:25:24,015][cascade_classifier.transform] [layer=1] look_indexs=[0], X_cur_test.shape=(101, 7)
