[ 2019-12-18 11:45:26,331][cascade_classifier.fit_transform] X_groups_train.shape=[(774, 358)],y_train.shape=(774,),X_groups_test.shape=[(87, 358)],y_test.shape=(87,)
[ 2019-12-18 11:45:26,332][cascade_classifier.fit_transform] group_dims=[358]
[ 2019-12-18 11:45:26,332][cascade_classifier.fit_transform] group_starts=[0]
[ 2019-12-18 11:45:26,332][cascade_classifier.fit_transform] group_ends=[358]
[ 2019-12-18 11:45:26,333][cascade_classifier.fit_transform] X_train.shape=(774, 358),X_test.shape=(87, 358)
[ 2019-12-18 11:45:26,334][cascade_classifier.fit_transform] [layer=0] look_indexs=[0], X_cur_train.shape=(774, 358), X_cur_test.shape=(87, 358)
[ 2019-12-18 11:45:28,651][kfold_wrapper.log_eval_metrics] Accuracy(layer_0 - estimator_0 - 3_folds.train_0.predict)=81.01%
[ 2019-12-18 11:45:31,349][kfold_wrapper.log_eval_metrics] Accuracy(layer_0 - estimator_0 - 3_folds.train_1.predict)=84.50%
[ 2019-12-18 11:45:33,946][kfold_wrapper.log_eval_metrics] Accuracy(layer_0 - estimator_0 - 3_folds.train_2.predict)=77.91%
[ 2019-12-18 11:45:34,256][kfold_wrapper.log_eval_metrics] Accuracy(layer_0 - estimator_0 - 3_folds.train_cv.predict)=81.14%
[ 2019-12-18 11:45:34,257][kfold_wrapper.log_eval_metrics] Accuracy(layer_0 - estimator_0 - 3_folds.test.predict)=85.06%
[ 2019-12-18 11:45:36,714][kfold_wrapper.log_eval_metrics] Accuracy(layer_0 - estimator_1 - 3_folds.train_0.predict)=79.84%
[ 2019-12-18 11:45:39,587][kfold_wrapper.log_eval_metrics] Accuracy(layer_0 - estimator_1 - 3_folds.train_1.predict)=79.46%
[ 2019-12-18 11:45:42,448][kfold_wrapper.log_eval_metrics] Accuracy(layer_0 - estimator_1 - 3_folds.train_2.predict)=86.82%
[ 2019-12-18 11:45:42,756][kfold_wrapper.log_eval_metrics] Accuracy(layer_0 - estimator_1 - 3_folds.train_cv.predict)=82.04%
[ 2019-12-18 11:45:42,757][kfold_wrapper.log_eval_metrics] Accuracy(layer_0 - estimator_1 - 3_folds.test.predict)=83.91%
[ 2019-12-18 11:45:50,370][kfold_wrapper.log_eval_metrics] Accuracy(layer_0 - estimator_2 - 3_folds.train_0.predict)=81.78%
[ 2019-12-18 11:45:58,093][kfold_wrapper.log_eval_metrics] Accuracy(layer_0 - estimator_2 - 3_folds.train_1.predict)=81.78%
[ 2019-12-18 11:46:05,716][kfold_wrapper.log_eval_metrics] Accuracy(layer_0 - estimator_2 - 3_folds.train_2.predict)=78.29%
[ 2019-12-18 11:46:05,810][kfold_wrapper.log_eval_metrics] Accuracy(layer_0 - estimator_2 - 3_folds.train_cv.predict)=80.62%
[ 2019-12-18 11:46:05,811][kfold_wrapper.log_eval_metrics] Accuracy(layer_0 - estimator_2 - 3_folds.test.predict)=86.21%
[ 2019-12-18 11:46:06,674][kfold_wrapper.log_eval_metrics] Accuracy(layer_0 - estimator_3 - 3_folds.train_0.predict)=80.23%
[ 2019-12-18 11:46:07,538][kfold_wrapper.log_eval_metrics] Accuracy(layer_0 - estimator_3 - 3_folds.train_1.predict)=81.40%
[ 2019-12-18 11:46:08,322][kfold_wrapper.log_eval_metrics] Accuracy(layer_0 - estimator_3 - 3_folds.train_2.predict)=81.01%
[ 2019-12-18 11:46:08,324][kfold_wrapper.log_eval_metrics] Accuracy(layer_0 - estimator_3 - 3_folds.train_cv.predict)=80.88%
[ 2019-12-18 11:46:08,325][kfold_wrapper.log_eval_metrics] Accuracy(layer_0 - estimator_3 - 3_folds.test.predict)=81.61%
[ 2019-12-18 11:46:08,325][cascade_classifier.calc_accuracy] Accuracy(layer_0 - train.classifier_average)=80.62%
[ 2019-12-18 11:46:08,325][cascade_classifier.calc_accuracy] Accuracy(layer_0 - test.classifier_average)=85.06%
[ 2019-12-18 11:46:08,327][cascade_classifier.fit_transform] [layer=1] look_indexs=[0], X_cur_train.shape=(774, 366), X_cur_test.shape=(87, 366)
[ 2019-12-18 11:46:10,620][kfold_wrapper.log_eval_metrics] Accuracy(layer_1 - estimator_0 - 3_folds.train_0.predict)=79.07%
[ 2019-12-18 11:46:13,315][kfold_wrapper.log_eval_metrics] Accuracy(layer_1 - estimator_0 - 3_folds.train_1.predict)=81.40%
[ 2019-12-18 11:46:15,908][kfold_wrapper.log_eval_metrics] Accuracy(layer_1 - estimator_0 - 3_folds.train_2.predict)=83.33%
[ 2019-12-18 11:46:16,219][kfold_wrapper.log_eval_metrics] Accuracy(layer_1 - estimator_0 - 3_folds.train_cv.predict)=81.27%
[ 2019-12-18 11:46:16,220][kfold_wrapper.log_eval_metrics] Accuracy(layer_1 - estimator_0 - 3_folds.test.predict)=83.91%
[ 2019-12-18 11:46:18,701][kfold_wrapper.log_eval_metrics] Accuracy(layer_1 - estimator_1 - 3_folds.train_0.predict)=83.33%
[ 2019-12-18 11:46:21,560][kfold_wrapper.log_eval_metrics] Accuracy(layer_1 - estimator_1 - 3_folds.train_1.predict)=81.01%
[ 2019-12-18 11:46:24,453][kfold_wrapper.log_eval_metrics] Accuracy(layer_1 - estimator_1 - 3_folds.train_2.predict)=81.01%
[ 2019-12-18 11:46:24,762][kfold_wrapper.log_eval_metrics] Accuracy(layer_1 - estimator_1 - 3_folds.train_cv.predict)=81.78%
[ 2019-12-18 11:46:24,763][kfold_wrapper.log_eval_metrics] Accuracy(layer_1 - estimator_1 - 3_folds.test.predict)=83.91%
[ 2019-12-18 11:46:32,521][kfold_wrapper.log_eval_metrics] Accuracy(layer_1 - estimator_2 - 3_folds.train_0.predict)=80.23%
[ 2019-12-18 11:46:40,246][kfold_wrapper.log_eval_metrics] Accuracy(layer_1 - estimator_2 - 3_folds.train_1.predict)=79.84%
[ 2019-12-18 11:46:48,108][kfold_wrapper.log_eval_metrics] Accuracy(layer_1 - estimator_2 - 3_folds.train_2.predict)=85.27%
[ 2019-12-18 11:46:48,221][kfold_wrapper.log_eval_metrics] Accuracy(layer_1 - estimator_2 - 3_folds.train_cv.predict)=81.78%
[ 2019-12-18 11:46:48,221][kfold_wrapper.log_eval_metrics] Accuracy(layer_1 - estimator_2 - 3_folds.test.predict)=82.76%
[ 2019-12-18 11:46:49,066][kfold_wrapper.log_eval_metrics] Accuracy(layer_1 - estimator_3 - 3_folds.train_0.predict)=82.56%
[ 2019-12-18 11:46:49,896][kfold_wrapper.log_eval_metrics] Accuracy(layer_1 - estimator_3 - 3_folds.train_1.predict)=80.62%
[ 2019-12-18 11:46:50,732][kfold_wrapper.log_eval_metrics] Accuracy(layer_1 - estimator_3 - 3_folds.train_2.predict)=80.23%
[ 2019-12-18 11:46:50,735][kfold_wrapper.log_eval_metrics] Accuracy(layer_1 - estimator_3 - 3_folds.train_cv.predict)=81.14%
[ 2019-12-18 11:46:50,735][kfold_wrapper.log_eval_metrics] Accuracy(layer_1 - estimator_3 - 3_folds.test.predict)=86.21%
[ 2019-12-18 11:46:50,735][cascade_classifier.calc_accuracy] Accuracy(layer_1 - train.classifier_average)=80.88%
[ 2019-12-18 11:46:50,736][cascade_classifier.calc_accuracy] Accuracy(layer_1 - test.classifier_average)=83.91%
[ 2019-12-18 11:46:50,738][cascade_classifier.fit_transform] [layer=2] look_indexs=[0], X_cur_train.shape=(774, 366), X_cur_test.shape=(87, 366)
[ 2019-12-18 11:46:52,986][kfold_wrapper.log_eval_metrics] Accuracy(layer_2 - estimator_0 - 3_folds.train_0.predict)=81.78%
[ 2019-12-18 11:46:55,552][kfold_wrapper.log_eval_metrics] Accuracy(layer_2 - estimator_0 - 3_folds.train_1.predict)=81.01%
[ 2019-12-18 11:46:58,233][kfold_wrapper.log_eval_metrics] Accuracy(layer_2 - estimator_0 - 3_folds.train_2.predict)=81.78%
[ 2019-12-18 11:46:58,542][kfold_wrapper.log_eval_metrics] Accuracy(layer_2 - estimator_0 - 3_folds.train_cv.predict)=81.52%
[ 2019-12-18 11:46:58,543][kfold_wrapper.log_eval_metrics] Accuracy(layer_2 - estimator_0 - 3_folds.test.predict)=80.46%
[ 2019-12-18 11:47:01,220][kfold_wrapper.log_eval_metrics] Accuracy(layer_2 - estimator_1 - 3_folds.train_0.predict)=80.62%
[ 2019-12-18 11:47:03,975][kfold_wrapper.log_eval_metrics] Accuracy(layer_2 - estimator_1 - 3_folds.train_1.predict)=82.56%
[ 2019-12-18 11:47:06,748][kfold_wrapper.log_eval_metrics] Accuracy(layer_2 - estimator_1 - 3_folds.train_2.predict)=80.62%
[ 2019-12-18 11:47:07,162][kfold_wrapper.log_eval_metrics] Accuracy(layer_2 - estimator_1 - 3_folds.train_cv.predict)=81.27%
[ 2019-12-18 11:47:07,163][kfold_wrapper.log_eval_metrics] Accuracy(layer_2 - estimator_1 - 3_folds.test.predict)=81.61%
[ 2019-12-18 11:47:15,034][kfold_wrapper.log_eval_metrics] Accuracy(layer_2 - estimator_2 - 3_folds.train_0.predict)=81.01%
[ 2019-12-18 11:47:22,905][kfold_wrapper.log_eval_metrics] Accuracy(layer_2 - estimator_2 - 3_folds.train_1.predict)=77.52%
[ 2019-12-18 11:47:30,676][kfold_wrapper.log_eval_metrics] Accuracy(layer_2 - estimator_2 - 3_folds.train_2.predict)=79.46%
[ 2019-12-18 11:47:30,786][kfold_wrapper.log_eval_metrics] Accuracy(layer_2 - estimator_2 - 3_folds.train_cv.predict)=79.33%
[ 2019-12-18 11:47:30,786][kfold_wrapper.log_eval_metrics] Accuracy(layer_2 - estimator_2 - 3_folds.test.predict)=85.06%
[ 2019-12-18 11:47:31,618][kfold_wrapper.log_eval_metrics] Accuracy(layer_2 - estimator_3 - 3_folds.train_0.predict)=78.68%
[ 2019-12-18 11:47:32,480][kfold_wrapper.log_eval_metrics] Accuracy(layer_2 - estimator_3 - 3_folds.train_1.predict)=82.95%
[ 2019-12-18 11:47:33,345][kfold_wrapper.log_eval_metrics] Accuracy(layer_2 - estimator_3 - 3_folds.train_2.predict)=83.72%
[ 2019-12-18 11:47:33,348][kfold_wrapper.log_eval_metrics] Accuracy(layer_2 - estimator_3 - 3_folds.train_cv.predict)=81.78%
[ 2019-12-18 11:47:33,348][kfold_wrapper.log_eval_metrics] Accuracy(layer_2 - estimator_3 - 3_folds.test.predict)=82.76%
[ 2019-12-18 11:47:33,349][cascade_classifier.calc_accuracy] Accuracy(layer_2 - train.classifier_average)=81.52%
[ 2019-12-18 11:47:33,349][cascade_classifier.calc_accuracy] Accuracy(layer_2 - test.classifier_average)=83.91%
[ 2019-12-18 11:47:33,351][cascade_classifier.fit_transform] [layer=3] look_indexs=[0], X_cur_train.shape=(774, 366), X_cur_test.shape=(87, 366)
[ 2019-12-18 11:47:35,627][kfold_wrapper.log_eval_metrics] Accuracy(layer_3 - estimator_0 - 3_folds.train_0.predict)=81.01%
[ 2019-12-18 11:47:38,227][kfold_wrapper.log_eval_metrics] Accuracy(layer_3 - estimator_0 - 3_folds.train_1.predict)=79.84%
[ 2019-12-18 11:47:40,824][kfold_wrapper.log_eval_metrics] Accuracy(layer_3 - estimator_0 - 3_folds.train_2.predict)=82.17%
[ 2019-12-18 11:47:41,131][kfold_wrapper.log_eval_metrics] Accuracy(layer_3 - estimator_0 - 3_folds.train_cv.predict)=81.01%
[ 2019-12-18 11:47:41,132][kfold_wrapper.log_eval_metrics] Accuracy(layer_3 - estimator_0 - 3_folds.test.predict)=82.76%
[ 2019-12-18 11:47:43,711][kfold_wrapper.log_eval_metrics] Accuracy(layer_3 - estimator_1 - 3_folds.train_0.predict)=81.78%
[ 2019-12-18 11:47:46,451][kfold_wrapper.log_eval_metrics] Accuracy(layer_3 - estimator_1 - 3_folds.train_1.predict)=79.07%
[ 2019-12-18 11:47:49,209][kfold_wrapper.log_eval_metrics] Accuracy(layer_3 - estimator_1 - 3_folds.train_2.predict)=82.95%
[ 2019-12-18 11:47:49,522][kfold_wrapper.log_eval_metrics] Accuracy(layer_3 - estimator_1 - 3_folds.train_cv.predict)=81.27%
[ 2019-12-18 11:47:49,523][kfold_wrapper.log_eval_metrics] Accuracy(layer_3 - estimator_1 - 3_folds.test.predict)=80.46%
[ 2019-12-18 11:47:57,322][kfold_wrapper.log_eval_metrics] Accuracy(layer_3 - estimator_2 - 3_folds.train_0.predict)=80.23%
[ 2019-12-18 11:48:05,113][kfold_wrapper.log_eval_metrics] Accuracy(layer_3 - estimator_2 - 3_folds.train_1.predict)=82.95%
[ 2019-12-18 11:48:13,005][kfold_wrapper.log_eval_metrics] Accuracy(layer_3 - estimator_2 - 3_folds.train_2.predict)=78.68%
[ 2019-12-18 11:48:13,106][kfold_wrapper.log_eval_metrics] Accuracy(layer_3 - estimator_2 - 3_folds.train_cv.predict)=80.62%
[ 2019-12-18 11:48:13,106][kfold_wrapper.log_eval_metrics] Accuracy(layer_3 - estimator_2 - 3_folds.test.predict)=83.91%
[ 2019-12-18 11:48:13,932][kfold_wrapper.log_eval_metrics] Accuracy(layer_3 - estimator_3 - 3_folds.train_0.predict)=79.46%
[ 2019-12-18 11:48:14,765][kfold_wrapper.log_eval_metrics] Accuracy(layer_3 - estimator_3 - 3_folds.train_1.predict)=79.46%
[ 2019-12-18 11:48:15,607][kfold_wrapper.log_eval_metrics] Accuracy(layer_3 - estimator_3 - 3_folds.train_2.predict)=80.23%
[ 2019-12-18 11:48:15,610][kfold_wrapper.log_eval_metrics] Accuracy(layer_3 - estimator_3 - 3_folds.train_cv.predict)=79.72%
[ 2019-12-18 11:48:15,610][kfold_wrapper.log_eval_metrics] Accuracy(layer_3 - estimator_3 - 3_folds.test.predict)=81.61%
[ 2019-12-18 11:48:15,611][cascade_classifier.calc_accuracy] Accuracy(layer_3 - train.classifier_average)=80.75%
[ 2019-12-18 11:48:15,611][cascade_classifier.calc_accuracy] Accuracy(layer_3 - test.classifier_average)=81.61%
[ 2019-12-18 11:48:15,613][cascade_classifier.fit_transform] [layer=4] look_indexs=[0], X_cur_train.shape=(774, 366), X_cur_test.shape=(87, 366)
[ 2019-12-18 11:48:17,881][kfold_wrapper.log_eval_metrics] Accuracy(layer_4 - estimator_0 - 3_folds.train_0.predict)=81.01%
[ 2019-12-18 11:48:20,464][kfold_wrapper.log_eval_metrics] Accuracy(layer_4 - estimator_0 - 3_folds.train_1.predict)=78.68%
[ 2019-12-18 11:48:23,144][kfold_wrapper.log_eval_metrics] Accuracy(layer_4 - estimator_0 - 3_folds.train_2.predict)=82.95%
[ 2019-12-18 11:48:23,453][kfold_wrapper.log_eval_metrics] Accuracy(layer_4 - estimator_0 - 3_folds.train_cv.predict)=80.88%
[ 2019-12-18 11:48:23,453][kfold_wrapper.log_eval_metrics] Accuracy(layer_4 - estimator_0 - 3_folds.test.predict)=82.76%
[ 2019-12-18 11:48:25,909][kfold_wrapper.log_eval_metrics] Accuracy(layer_4 - estimator_1 - 3_folds.train_0.predict)=82.95%
[ 2019-12-18 11:48:28,679][kfold_wrapper.log_eval_metrics] Accuracy(layer_4 - estimator_1 - 3_folds.train_1.predict)=81.78%
[ 2019-12-18 11:48:31,546][kfold_wrapper.log_eval_metrics] Accuracy(layer_4 - estimator_1 - 3_folds.train_2.predict)=78.29%
[ 2019-12-18 11:48:31,956][kfold_wrapper.log_eval_metrics] Accuracy(layer_4 - estimator_1 - 3_folds.train_cv.predict)=81.01%
[ 2019-12-18 11:48:31,956][kfold_wrapper.log_eval_metrics] Accuracy(layer_4 - estimator_1 - 3_folds.test.predict)=81.61%
[ 2019-12-18 11:48:39,712][kfold_wrapper.log_eval_metrics] Accuracy(layer_4 - estimator_2 - 3_folds.train_0.predict)=81.40%
[ 2019-12-18 11:48:47,628][kfold_wrapper.log_eval_metrics] Accuracy(layer_4 - estimator_2 - 3_folds.train_1.predict)=79.84%
[ 2019-12-18 11:48:55,453][kfold_wrapper.log_eval_metrics] Accuracy(layer_4 - estimator_2 - 3_folds.train_2.predict)=77.13%
[ 2019-12-18 11:48:55,553][kfold_wrapper.log_eval_metrics] Accuracy(layer_4 - estimator_2 - 3_folds.train_cv.predict)=79.46%
[ 2019-12-18 11:48:55,553][kfold_wrapper.log_eval_metrics] Accuracy(layer_4 - estimator_2 - 3_folds.test.predict)=86.21%
[ 2019-12-18 11:48:56,425][kfold_wrapper.log_eval_metrics] Accuracy(layer_4 - estimator_3 - 3_folds.train_0.predict)=79.07%
[ 2019-12-18 11:48:57,267][kfold_wrapper.log_eval_metrics] Accuracy(layer_4 - estimator_3 - 3_folds.train_1.predict)=82.95%
[ 2019-12-18 11:48:58,104][kfold_wrapper.log_eval_metrics] Accuracy(layer_4 - estimator_3 - 3_folds.train_2.predict)=81.78%
[ 2019-12-18 11:48:58,105][kfold_wrapper.log_eval_metrics] Accuracy(layer_4 - estimator_3 - 3_folds.train_cv.predict)=81.27%
[ 2019-12-18 11:48:58,105][kfold_wrapper.log_eval_metrics] Accuracy(layer_4 - estimator_3 - 3_folds.test.predict)=81.61%
[ 2019-12-18 11:48:58,106][cascade_classifier.calc_accuracy] Accuracy(layer_4 - train.classifier_average)=82.56%
[ 2019-12-18 11:48:58,106][cascade_classifier.calc_accuracy] Accuracy(layer_4 - test.classifier_average)=82.76%
[ 2019-12-18 11:48:58,107][cascade_classifier.fit_transform] [layer=5] look_indexs=[0], X_cur_train.shape=(774, 366), X_cur_test.shape=(87, 366)
[ 2019-12-18 11:49:00,396][kfold_wrapper.log_eval_metrics] Accuracy(layer_5 - estimator_0 - 3_folds.train_0.predict)=79.46%
[ 2019-12-18 11:49:02,987][kfold_wrapper.log_eval_metrics] Accuracy(layer_5 - estimator_0 - 3_folds.train_1.predict)=79.07%
[ 2019-12-18 11:49:05,662][kfold_wrapper.log_eval_metrics] Accuracy(layer_5 - estimator_0 - 3_folds.train_2.predict)=84.88%
[ 2019-12-18 11:49:05,974][kfold_wrapper.log_eval_metrics] Accuracy(layer_5 - estimator_0 - 3_folds.train_cv.predict)=81.14%
[ 2019-12-18 11:49:05,975][kfold_wrapper.log_eval_metrics] Accuracy(layer_5 - estimator_0 - 3_folds.test.predict)=80.46%
[ 2019-12-18 11:49:08,453][kfold_wrapper.log_eval_metrics] Accuracy(layer_5 - estimator_1 - 3_folds.train_0.predict)=83.72%
[ 2019-12-18 11:49:11,207][kfold_wrapper.log_eval_metrics] Accuracy(layer_5 - estimator_1 - 3_folds.train_1.predict)=81.01%
[ 2019-12-18 11:49:14,074][kfold_wrapper.log_eval_metrics] Accuracy(layer_5 - estimator_1 - 3_folds.train_2.predict)=79.07%
[ 2019-12-18 11:49:14,387][kfold_wrapper.log_eval_metrics] Accuracy(layer_5 - estimator_1 - 3_folds.train_cv.predict)=81.27%
[ 2019-12-18 11:49:14,387][kfold_wrapper.log_eval_metrics] Accuracy(layer_5 - estimator_1 - 3_folds.test.predict)=81.61%
[ 2019-12-18 11:49:22,036][kfold_wrapper.log_eval_metrics] Accuracy(layer_5 - estimator_2 - 3_folds.train_0.predict)=83.72%
[ 2019-12-18 11:49:29,810][kfold_wrapper.log_eval_metrics] Accuracy(layer_5 - estimator_2 - 3_folds.train_1.predict)=78.29%
[ 2019-12-18 11:49:37,703][kfold_wrapper.log_eval_metrics] Accuracy(layer_5 - estimator_2 - 3_folds.train_2.predict)=84.50%
[ 2019-12-18 11:49:37,817][kfold_wrapper.log_eval_metrics] Accuracy(layer_5 - estimator_2 - 3_folds.train_cv.predict)=82.17%
[ 2019-12-18 11:49:37,817][kfold_wrapper.log_eval_metrics] Accuracy(layer_5 - estimator_2 - 3_folds.test.predict)=83.91%
[ 2019-12-18 11:49:38,773][kfold_wrapper.log_eval_metrics] Accuracy(layer_5 - estimator_3 - 3_folds.train_0.predict)=81.01%
[ 2019-12-18 11:49:39,733][kfold_wrapper.log_eval_metrics] Accuracy(layer_5 - estimator_3 - 3_folds.train_1.predict)=77.13%
[ 2019-12-18 11:49:40,642][kfold_wrapper.log_eval_metrics] Accuracy(layer_5 - estimator_3 - 3_folds.train_2.predict)=83.72%
[ 2019-12-18 11:49:40,643][kfold_wrapper.log_eval_metrics] Accuracy(layer_5 - estimator_3 - 3_folds.train_cv.predict)=80.62%
[ 2019-12-18 11:49:40,643][kfold_wrapper.log_eval_metrics] Accuracy(layer_5 - estimator_3 - 3_folds.test.predict)=78.16%
[ 2019-12-18 11:49:40,644][cascade_classifier.calc_accuracy] Accuracy(layer_5 - train.classifier_average)=81.91%
[ 2019-12-18 11:49:40,644][cascade_classifier.calc_accuracy] Accuracy(layer_5 - test.classifier_average)=80.46%
[ 2019-12-18 11:49:40,646][cascade_classifier.fit_transform] [layer=6] look_indexs=[0], X_cur_train.shape=(774, 366), X_cur_test.shape=(87, 366)
[ 2019-12-18 11:49:42,936][kfold_wrapper.log_eval_metrics] Accuracy(layer_6 - estimator_0 - 3_folds.train_0.predict)=81.78%
[ 2019-12-18 11:49:45,772][kfold_wrapper.log_eval_metrics] Accuracy(layer_6 - estimator_0 - 3_folds.train_1.predict)=83.33%
[ 2019-12-18 11:49:48,589][kfold_wrapper.log_eval_metrics] Accuracy(layer_6 - estimator_0 - 3_folds.train_2.predict)=81.01%
[ 2019-12-18 11:49:49,002][kfold_wrapper.log_eval_metrics] Accuracy(layer_6 - estimator_0 - 3_folds.train_cv.predict)=82.04%
[ 2019-12-18 11:49:49,003][kfold_wrapper.log_eval_metrics] Accuracy(layer_6 - estimator_0 - 3_folds.test.predict)=80.46%
[ 2019-12-18 11:49:51,675][kfold_wrapper.log_eval_metrics] Accuracy(layer_6 - estimator_1 - 3_folds.train_0.predict)=79.84%
[ 2019-12-18 11:49:54,534][kfold_wrapper.log_eval_metrics] Accuracy(layer_6 - estimator_1 - 3_folds.train_1.predict)=85.27%
[ 2019-12-18 11:49:57,292][kfold_wrapper.log_eval_metrics] Accuracy(layer_6 - estimator_1 - 3_folds.train_2.predict)=78.68%
[ 2019-12-18 11:49:57,619][kfold_wrapper.log_eval_metrics] Accuracy(layer_6 - estimator_1 - 3_folds.train_cv.predict)=81.27%
[ 2019-12-18 11:49:57,619][kfold_wrapper.log_eval_metrics] Accuracy(layer_6 - estimator_1 - 3_folds.test.predict)=82.76%
[ 2019-12-18 11:50:05,290][kfold_wrapper.log_eval_metrics] Accuracy(layer_6 - estimator_2 - 3_folds.train_0.predict)=81.78%
[ 2019-12-18 11:50:13,127][kfold_wrapper.log_eval_metrics] Accuracy(layer_6 - estimator_2 - 3_folds.train_1.predict)=81.78%
[ 2019-12-18 11:50:20,909][kfold_wrapper.log_eval_metrics] Accuracy(layer_6 - estimator_2 - 3_folds.train_2.predict)=78.68%
[ 2019-12-18 11:50:21,021][kfold_wrapper.log_eval_metrics] Accuracy(layer_6 - estimator_2 - 3_folds.train_cv.predict)=80.75%
[ 2019-12-18 11:50:21,021][kfold_wrapper.log_eval_metrics] Accuracy(layer_6 - estimator_2 - 3_folds.test.predict)=85.06%
[ 2019-12-18 11:50:21,866][kfold_wrapper.log_eval_metrics] Accuracy(layer_6 - estimator_3 - 3_folds.train_0.predict)=80.62%
[ 2019-12-18 11:50:22,709][kfold_wrapper.log_eval_metrics] Accuracy(layer_6 - estimator_3 - 3_folds.train_1.predict)=79.07%
[ 2019-12-18 11:50:23,548][kfold_wrapper.log_eval_metrics] Accuracy(layer_6 - estimator_3 - 3_folds.train_2.predict)=80.23%
[ 2019-12-18 11:50:23,550][kfold_wrapper.log_eval_metrics] Accuracy(layer_6 - estimator_3 - 3_folds.train_cv.predict)=79.97%
[ 2019-12-18 11:50:23,550][kfold_wrapper.log_eval_metrics] Accuracy(layer_6 - estimator_3 - 3_folds.test.predict)=85.06%
[ 2019-12-18 11:50:23,550][cascade_classifier.calc_accuracy] Accuracy(layer_6 - train.classifier_average)=81.27%
[ 2019-12-18 11:50:23,550][cascade_classifier.calc_accuracy] Accuracy(layer_6 - test.classifier_average)=85.06%
[ 2019-12-18 11:50:23,552][cascade_classifier.fit_transform] [layer=7] look_indexs=[0], X_cur_train.shape=(774, 366), X_cur_test.shape=(87, 366)
[ 2019-12-18 11:50:25,820][kfold_wrapper.log_eval_metrics] Accuracy(layer_7 - estimator_0 - 3_folds.train_0.predict)=81.01%
[ 2019-12-18 11:50:28,421][kfold_wrapper.log_eval_metrics] Accuracy(layer_7 - estimator_0 - 3_folds.train_1.predict)=80.23%
[ 2019-12-18 11:50:31,106][kfold_wrapper.log_eval_metrics] Accuracy(layer_7 - estimator_0 - 3_folds.train_2.predict)=82.95%
[ 2019-12-18 11:50:31,517][kfold_wrapper.log_eval_metrics] Accuracy(layer_7 - estimator_0 - 3_folds.train_cv.predict)=81.40%
[ 2019-12-18 11:50:31,518][kfold_wrapper.log_eval_metrics] Accuracy(layer_7 - estimator_0 - 3_folds.test.predict)=82.76%
[ 2019-12-18 11:50:34,018][kfold_wrapper.log_eval_metrics] Accuracy(layer_7 - estimator_1 - 3_folds.train_0.predict)=82.95%
[ 2019-12-18 11:50:37,121][kfold_wrapper.log_eval_metrics] Accuracy(layer_7 - estimator_1 - 3_folds.train_1.predict)=77.91%
[ 2019-12-18 11:50:40,145][kfold_wrapper.log_eval_metrics] Accuracy(layer_7 - estimator_1 - 3_folds.train_2.predict)=83.72%
[ 2019-12-18 11:50:40,461][kfold_wrapper.log_eval_metrics] Accuracy(layer_7 - estimator_1 - 3_folds.train_cv.predict)=81.52%
[ 2019-12-18 11:50:40,462][kfold_wrapper.log_eval_metrics] Accuracy(layer_7 - estimator_1 - 3_folds.test.predict)=83.91%
[ 2019-12-18 11:50:48,116][kfold_wrapper.log_eval_metrics] Accuracy(layer_7 - estimator_2 - 3_folds.train_0.predict)=81.78%
[ 2019-12-18 11:50:56,360][kfold_wrapper.log_eval_metrics] Accuracy(layer_7 - estimator_2 - 3_folds.train_1.predict)=80.62%
[ 2019-12-18 11:51:04,180][kfold_wrapper.log_eval_metrics] Accuracy(layer_7 - estimator_2 - 3_folds.train_2.predict)=77.52%
[ 2019-12-18 11:51:04,282][kfold_wrapper.log_eval_metrics] Accuracy(layer_7 - estimator_2 - 3_folds.train_cv.predict)=79.97%
[ 2019-12-18 11:51:04,282][kfold_wrapper.log_eval_metrics] Accuracy(layer_7 - estimator_2 - 3_folds.test.predict)=83.91%
[ 2019-12-18 11:51:05,144][kfold_wrapper.log_eval_metrics] Accuracy(layer_7 - estimator_3 - 3_folds.train_0.predict)=81.40%
[ 2019-12-18 11:51:05,991][kfold_wrapper.log_eval_metrics] Accuracy(layer_7 - estimator_3 - 3_folds.train_1.predict)=78.29%
[ 2019-12-18 11:51:06,817][kfold_wrapper.log_eval_metrics] Accuracy(layer_7 - estimator_3 - 3_folds.train_2.predict)=79.84%
[ 2019-12-18 11:51:06,818][kfold_wrapper.log_eval_metrics] Accuracy(layer_7 - estimator_3 - 3_folds.train_cv.predict)=79.84%
[ 2019-12-18 11:51:06,818][kfold_wrapper.log_eval_metrics] Accuracy(layer_7 - estimator_3 - 3_folds.test.predict)=82.76%
[ 2019-12-18 11:51:06,819][cascade_classifier.calc_accuracy] Accuracy(layer_7 - train.classifier_average)=80.88%
[ 2019-12-18 11:51:06,819][cascade_classifier.calc_accuracy] Accuracy(layer_7 - test.classifier_average)=81.61%
[ 2019-12-18 11:51:06,819][cascade_classifier.fit_transform] [Result][Optimal Level Detected] opt_layer_num=5, accuracy_train=82.56%, accuracy_test=82.76%
[ 2019-12-18 11:51:06,848][cascade_classifier.transform] X_groups_test.shape=[(87, 358)]
[ 2019-12-18 11:51:06,849][cascade_classifier.transform] group_dims=[358]
[ 2019-12-18 11:51:06,849][cascade_classifier.transform] X_test.shape=(87, 358)
[ 2019-12-18 11:51:06,849][cascade_classifier.transform] [layer=0] look_indexs=[0], X_cur_test.shape=(87, 358)
[ 2019-12-18 11:51:09,032][cascade_classifier.transform] [layer=1] look_indexs=[0], X_cur_test.shape=(87, 366)
[ 2019-12-18 11:51:11,189][cascade_classifier.transform] [layer=2] look_indexs=[0], X_cur_test.shape=(87, 366)
[ 2019-12-18 11:51:13,333][cascade_classifier.transform] [layer=3] look_indexs=[0], X_cur_test.shape=(87, 366)
[ 2019-12-18 11:51:15,484][cascade_classifier.transform] [layer=4] look_indexs=[0], X_cur_test.shape=(87, 366)
[ 2019-12-18 11:51:17,645][cascade_classifier.transform] X_groups_test.shape=[(87, 358)]
[ 2019-12-18 11:51:17,645][cascade_classifier.transform] group_dims=[358]
[ 2019-12-18 11:51:17,646][cascade_classifier.transform] X_test.shape=(87, 358)
[ 2019-12-18 11:51:17,646][cascade_classifier.transform] [layer=0] look_indexs=[0], X_cur_test.shape=(87, 358)
[ 2019-12-18 11:51:19,899][cascade_classifier.transform] [layer=1] look_indexs=[0], X_cur_test.shape=(87, 366)
[ 2019-12-18 11:51:22,173][cascade_classifier.transform] [layer=2] look_indexs=[0], X_cur_test.shape=(87, 366)
[ 2019-12-18 11:51:24,418][cascade_classifier.transform] [layer=3] look_indexs=[0], X_cur_test.shape=(87, 366)
[ 2019-12-18 11:51:26,694][cascade_classifier.transform] [layer=4] look_indexs=[0], X_cur_test.shape=(87, 366)
[ 2019-12-18 11:51:28,909][cascade_classifier.fit_transform] X_groups_train.shape=[(774, 358)],y_train.shape=(774,),X_groups_test.shape=[(87, 358)],y_test.shape=(87,)
[ 2019-12-18 11:51:28,910][cascade_classifier.fit_transform] group_dims=[358]
[ 2019-12-18 11:51:28,911][cascade_classifier.fit_transform] group_starts=[0]
[ 2019-12-18 11:51:28,911][cascade_classifier.fit_transform] group_ends=[358]
[ 2019-12-18 11:51:28,911][cascade_classifier.fit_transform] X_train.shape=(774, 358),X_test.shape=(87, 358)
[ 2019-12-18 11:51:28,922][cascade_classifier.fit_transform] [layer=0] look_indexs=[0], X_cur_train.shape=(774, 358), X_cur_test.shape=(87, 358)
[ 2019-12-18 11:51:31,228][kfold_wrapper.log_eval_metrics] Accuracy(layer_0 - estimator_0 - 3_folds.train_0.predict)=81.01%
[ 2019-12-18 11:51:33,822][kfold_wrapper.log_eval_metrics] Accuracy(layer_0 - estimator_0 - 3_folds.train_1.predict)=84.50%
[ 2019-12-18 11:51:36,493][kfold_wrapper.log_eval_metrics] Accuracy(layer_0 - estimator_0 - 3_folds.train_2.predict)=77.91%
[ 2019-12-18 11:51:36,805][kfold_wrapper.log_eval_metrics] Accuracy(layer_0 - estimator_0 - 3_folds.train_cv.predict)=81.14%
[ 2019-12-18 11:51:36,805][kfold_wrapper.log_eval_metrics] Accuracy(layer_0 - estimator_0 - 3_folds.test.predict)=85.06%
[ 2019-12-18 11:51:39,292][kfold_wrapper.log_eval_metrics] Accuracy(layer_0 - estimator_1 - 3_folds.train_0.predict)=79.84%
[ 2019-12-18 11:51:42,155][kfold_wrapper.log_eval_metrics] Accuracy(layer_0 - estimator_1 - 3_folds.train_1.predict)=79.46%
[ 2019-12-18 11:51:45,009][kfold_wrapper.log_eval_metrics] Accuracy(layer_0 - estimator_1 - 3_folds.train_2.predict)=86.82%
[ 2019-12-18 11:51:45,418][kfold_wrapper.log_eval_metrics] Accuracy(layer_0 - estimator_1 - 3_folds.train_cv.predict)=82.04%
[ 2019-12-18 11:51:45,419][kfold_wrapper.log_eval_metrics] Accuracy(layer_0 - estimator_1 - 3_folds.test.predict)=83.91%
[ 2019-12-18 11:51:52,990][kfold_wrapper.log_eval_metrics] Accuracy(layer_0 - estimator_2 - 3_folds.train_0.predict)=81.78%
[ 2019-12-18 11:52:00,638][kfold_wrapper.log_eval_metrics] Accuracy(layer_0 - estimator_2 - 3_folds.train_1.predict)=81.78%
[ 2019-12-18 11:52:08,199][kfold_wrapper.log_eval_metrics] Accuracy(layer_0 - estimator_2 - 3_folds.train_2.predict)=78.29%
[ 2019-12-18 11:52:08,299][kfold_wrapper.log_eval_metrics] Accuracy(layer_0 - estimator_2 - 3_folds.train_cv.predict)=80.62%
[ 2019-12-18 11:52:08,299][kfold_wrapper.log_eval_metrics] Accuracy(layer_0 - estimator_2 - 3_folds.test.predict)=86.21%
[ 2019-12-18 11:52:09,138][kfold_wrapper.log_eval_metrics] Accuracy(layer_0 - estimator_3 - 3_folds.train_0.predict)=80.23%
[ 2019-12-18 11:52:09,988][kfold_wrapper.log_eval_metrics] Accuracy(layer_0 - estimator_3 - 3_folds.train_1.predict)=81.40%
[ 2019-12-18 11:52:10,789][kfold_wrapper.log_eval_metrics] Accuracy(layer_0 - estimator_3 - 3_folds.train_2.predict)=81.01%
[ 2019-12-18 11:52:10,791][kfold_wrapper.log_eval_metrics] Accuracy(layer_0 - estimator_3 - 3_folds.train_cv.predict)=80.88%
[ 2019-12-18 11:52:10,792][kfold_wrapper.log_eval_metrics] Accuracy(layer_0 - estimator_3 - 3_folds.test.predict)=81.61%
[ 2019-12-18 11:52:10,792][cascade_classifier.calc_accuracy] Accuracy(layer_0 - train.classifier_average)=80.62%
[ 2019-12-18 11:52:10,792][cascade_classifier.calc_accuracy] Accuracy(layer_0 - test.classifier_average)=85.06%
[ 2019-12-18 11:52:10,794][cascade_classifier.fit_transform] [layer=1] look_indexs=[0], X_cur_train.shape=(774, 366), X_cur_test.shape=(87, 366)
[ 2019-12-18 11:52:13,092][kfold_wrapper.log_eval_metrics] Accuracy(layer_1 - estimator_0 - 3_folds.train_0.predict)=79.07%
[ 2019-12-18 11:52:15,682][kfold_wrapper.log_eval_metrics] Accuracy(layer_1 - estimator_0 - 3_folds.train_1.predict)=81.40%
[ 2019-12-18 11:52:18,370][kfold_wrapper.log_eval_metrics] Accuracy(layer_1 - estimator_0 - 3_folds.train_2.predict)=83.33%
[ 2019-12-18 11:52:18,684][kfold_wrapper.log_eval_metrics] Accuracy(layer_1 - estimator_0 - 3_folds.train_cv.predict)=81.27%
[ 2019-12-18 11:52:18,684][kfold_wrapper.log_eval_metrics] Accuracy(layer_1 - estimator_0 - 3_folds.test.predict)=83.91%
[ 2019-12-18 11:52:21,166][kfold_wrapper.log_eval_metrics] Accuracy(layer_1 - estimator_1 - 3_folds.train_0.predict)=83.33%
[ 2019-12-18 11:52:23,924][kfold_wrapper.log_eval_metrics] Accuracy(layer_1 - estimator_1 - 3_folds.train_1.predict)=81.01%
[ 2019-12-18 11:52:26,784][kfold_wrapper.log_eval_metrics] Accuracy(layer_1 - estimator_1 - 3_folds.train_2.predict)=81.01%
[ 2019-12-18 11:52:27,096][kfold_wrapper.log_eval_metrics] Accuracy(layer_1 - estimator_1 - 3_folds.train_cv.predict)=81.78%
[ 2019-12-18 11:52:27,096][kfold_wrapper.log_eval_metrics] Accuracy(layer_1 - estimator_1 - 3_folds.test.predict)=83.91%
[ 2019-12-18 11:52:34,847][kfold_wrapper.log_eval_metrics] Accuracy(layer_1 - estimator_2 - 3_folds.train_0.predict)=80.23%
[ 2019-12-18 11:52:42,657][kfold_wrapper.log_eval_metrics] Accuracy(layer_1 - estimator_2 - 3_folds.train_1.predict)=79.84%
[ 2019-12-18 11:52:50,842][kfold_wrapper.log_eval_metrics] Accuracy(layer_1 - estimator_2 - 3_folds.train_2.predict)=85.27%
[ 2019-12-18 11:52:50,936][kfold_wrapper.log_eval_metrics] Accuracy(layer_1 - estimator_2 - 3_folds.train_cv.predict)=81.78%
[ 2019-12-18 11:52:50,936][kfold_wrapper.log_eval_metrics] Accuracy(layer_1 - estimator_2 - 3_folds.test.predict)=82.76%
[ 2019-12-18 11:52:51,854][kfold_wrapper.log_eval_metrics] Accuracy(layer_1 - estimator_3 - 3_folds.train_0.predict)=82.56%
[ 2019-12-18 11:52:52,765][kfold_wrapper.log_eval_metrics] Accuracy(layer_1 - estimator_3 - 3_folds.train_1.predict)=80.62%
[ 2019-12-18 11:52:53,608][kfold_wrapper.log_eval_metrics] Accuracy(layer_1 - estimator_3 - 3_folds.train_2.predict)=80.23%
[ 2019-12-18 11:52:53,609][kfold_wrapper.log_eval_metrics] Accuracy(layer_1 - estimator_3 - 3_folds.train_cv.predict)=81.14%
[ 2019-12-18 11:52:53,610][kfold_wrapper.log_eval_metrics] Accuracy(layer_1 - estimator_3 - 3_folds.test.predict)=86.21%
[ 2019-12-18 11:52:53,610][cascade_classifier.calc_accuracy] Accuracy(layer_1 - train.classifier_average)=80.88%
[ 2019-12-18 11:52:53,610][cascade_classifier.calc_accuracy] Accuracy(layer_1 - test.classifier_average)=83.91%
[ 2019-12-18 11:52:53,612][cascade_classifier.fit_transform] [layer=2] look_indexs=[0], X_cur_train.shape=(774, 366), X_cur_test.shape=(87, 366)
[ 2019-12-18 11:52:55,922][kfold_wrapper.log_eval_metrics] Accuracy(layer_2 - estimator_0 - 3_folds.train_0.predict)=81.78%
[ 2019-12-18 11:52:58,491][kfold_wrapper.log_eval_metrics] Accuracy(layer_2 - estimator_0 - 3_folds.train_1.predict)=81.01%
[ 2019-12-18 11:53:01,085][kfold_wrapper.log_eval_metrics] Accuracy(layer_2 - estimator_0 - 3_folds.train_2.predict)=81.78%
[ 2019-12-18 11:53:01,404][kfold_wrapper.log_eval_metrics] Accuracy(layer_2 - estimator_0 - 3_folds.train_cv.predict)=81.52%
[ 2019-12-18 11:53:01,404][kfold_wrapper.log_eval_metrics] Accuracy(layer_2 - estimator_0 - 3_folds.test.predict)=80.46%
[ 2019-12-18 11:53:03,907][kfold_wrapper.log_eval_metrics] Accuracy(layer_2 - estimator_1 - 3_folds.train_0.predict)=80.62%
[ 2019-12-18 11:53:06,682][kfold_wrapper.log_eval_metrics] Accuracy(layer_2 - estimator_1 - 3_folds.train_1.predict)=82.56%
