[ 2019-12-18 15:33:09,067][cascade_classifier.fit_transform] X_groups_train.shape=[(774, 358)],y_train.shape=(774,),X_groups_test.shape=no_test,y_test.shape=no_test
[ 2019-12-18 15:33:09,068][cascade_classifier.fit_transform] group_dims=[358]
[ 2019-12-18 15:33:09,068][cascade_classifier.fit_transform] group_starts=[0]
[ 2019-12-18 15:33:09,069][cascade_classifier.fit_transform] group_ends=[358]
[ 2019-12-18 15:33:09,069][cascade_classifier.fit_transform] X_train.shape=(774, 358),X_test.shape=(0, 358)
[ 2019-12-18 15:33:09,072][cascade_classifier.fit_transform] [layer=0] look_indexs=[0], X_cur_train.shape=(774, 358), X_cur_test.shape=(0, 358)
[ 2019-12-18 15:33:09,634][kfold_wrapper.log_eval_metrics] Accuracy(layer_0 - estimator_0 - 3_folds.train_0.predict)=82.17%
[ 2019-12-18 15:33:10,184][kfold_wrapper.log_eval_metrics] Accuracy(layer_0 - estimator_0 - 3_folds.train_1.predict)=81.40%
[ 2019-12-18 15:33:10,732][kfold_wrapper.log_eval_metrics] Accuracy(layer_0 - estimator_0 - 3_folds.train_2.predict)=82.56%
[ 2019-12-18 15:33:10,733][kfold_wrapper.log_eval_metrics] Accuracy(layer_0 - estimator_0 - 3_folds.train_cv.predict)=82.04%
[ 2019-12-18 15:33:10,733][cascade_classifier.calc_accuracy] Accuracy(layer_0 - train.classifier_average)=82.04%
[ 2019-12-18 15:33:10,735][cascade_classifier.fit_transform] [layer=1] look_indexs=[0], X_cur_train.shape=(774, 360), X_cur_test.shape=(0, 360)
[ 2019-12-18 15:33:11,295][kfold_wrapper.log_eval_metrics] Accuracy(layer_1 - estimator_0 - 3_folds.train_0.predict)=79.46%
[ 2019-12-18 15:33:11,842][kfold_wrapper.log_eval_metrics] Accuracy(layer_1 - estimator_0 - 3_folds.train_1.predict)=81.40%
[ 2019-12-18 15:33:12,389][kfold_wrapper.log_eval_metrics] Accuracy(layer_1 - estimator_0 - 3_folds.train_2.predict)=81.01%
[ 2019-12-18 15:33:12,389][kfold_wrapper.log_eval_metrics] Accuracy(layer_1 - estimator_0 - 3_folds.train_cv.predict)=80.62%
[ 2019-12-18 15:33:12,389][cascade_classifier.calc_accuracy] Accuracy(layer_1 - train.classifier_average)=80.62%
[ 2019-12-18 15:33:12,396][cascade_classifier.fit_transform] [layer=2] look_indexs=[0], X_cur_train.shape=(774, 360), X_cur_test.shape=(0, 360)
[ 2019-12-18 15:33:12,951][kfold_wrapper.log_eval_metrics] Accuracy(layer_2 - estimator_0 - 3_folds.train_0.predict)=84.11%
[ 2019-12-18 15:33:13,505][kfold_wrapper.log_eval_metrics] Accuracy(layer_2 - estimator_0 - 3_folds.train_1.predict)=81.01%
[ 2019-12-18 15:33:14,062][kfold_wrapper.log_eval_metrics] Accuracy(layer_2 - estimator_0 - 3_folds.train_2.predict)=79.07%
[ 2019-12-18 15:33:14,063][kfold_wrapper.log_eval_metrics] Accuracy(layer_2 - estimator_0 - 3_folds.train_cv.predict)=81.40%
[ 2019-12-18 15:33:14,063][cascade_classifier.calc_accuracy] Accuracy(layer_2 - train.classifier_average)=81.40%
[ 2019-12-18 15:33:14,066][cascade_classifier.fit_transform] [layer=3] look_indexs=[0], X_cur_train.shape=(774, 360), X_cur_test.shape=(0, 360)
[ 2019-12-18 15:33:14,615][kfold_wrapper.log_eval_metrics] Accuracy(layer_3 - estimator_0 - 3_folds.train_0.predict)=85.66%
[ 2019-12-18 15:33:15,166][kfold_wrapper.log_eval_metrics] Accuracy(layer_3 - estimator_0 - 3_folds.train_1.predict)=78.29%
[ 2019-12-18 15:33:15,718][kfold_wrapper.log_eval_metrics] Accuracy(layer_3 - estimator_0 - 3_folds.train_2.predict)=81.78%
[ 2019-12-18 15:33:15,719][kfold_wrapper.log_eval_metrics] Accuracy(layer_3 - estimator_0 - 3_folds.train_cv.predict)=81.91%
[ 2019-12-18 15:33:15,719][cascade_classifier.calc_accuracy] Accuracy(layer_3 - train.classifier_average)=81.91%
[ 2019-12-18 15:33:15,719][cascade_classifier.fit_transform] [Result][Optimal Level Detected] opt_layer_num=1, accuracy_train=82.04%, accuracy_test=0.00%
[ 2019-12-18 15:33:15,722][cascade_classifier.transform] X_groups_test.shape=[(87, 358)]
[ 2019-12-18 15:33:15,723][cascade_classifier.transform] group_dims=[358]
[ 2019-12-18 15:33:15,723][cascade_classifier.transform] X_test.shape=(87, 358)
[ 2019-12-18 15:33:15,723][cascade_classifier.transform] [layer=0] look_indexs=[0], X_cur_test.shape=(87, 358)
