[ 2019-12-18 14:48:31,146][cascade_classifier.fit_transform] X_groups_train.shape=[(774, 55)],y_train.shape=(774,),X_groups_test.shape=[(87, 55)],y_test.shape=(87,)
[ 2019-12-18 14:48:31,147][cascade_classifier.fit_transform] group_dims=[55]
[ 2019-12-18 14:48:31,147][cascade_classifier.fit_transform] group_starts=[0]
[ 2019-12-18 14:48:31,147][cascade_classifier.fit_transform] group_ends=[55]
[ 2019-12-18 14:48:31,158][cascade_classifier.fit_transform] X_train.shape=(774, 55),X_test.shape=(87, 55)
[ 2019-12-18 14:48:31,159][cascade_classifier.fit_transform] [layer=0] look_indexs=[0], X_cur_train.shape=(774, 55), X_cur_test.shape=(87, 55)
[ 2019-12-18 14:48:32,192][kfold_wrapper.log_eval_metrics] Accuracy(layer_0 - estimator_0 - 3_folds.train_0.predict)=82.56%
[ 2019-12-18 14:48:33,392][kfold_wrapper.log_eval_metrics] Accuracy(layer_0 - estimator_0 - 3_folds.train_1.predict)=81.40%
[ 2019-12-18 14:48:34,627][kfold_wrapper.log_eval_metrics] Accuracy(layer_0 - estimator_0 - 3_folds.train_2.predict)=83.33%
[ 2019-12-18 14:48:34,834][kfold_wrapper.log_eval_metrics] Accuracy(layer_0 - estimator_0 - 3_folds.train_cv.predict)=82.43%
[ 2019-12-18 14:48:34,834][kfold_wrapper.log_eval_metrics] Accuracy(layer_0 - estimator_0 - 3_folds.test.predict)=78.16%
[ 2019-12-18 14:48:35,864][kfold_wrapper.log_eval_metrics] Accuracy(layer_0 - estimator_1 - 3_folds.train_0.predict)=83.33%
[ 2019-12-18 14:48:37,009][kfold_wrapper.log_eval_metrics] Accuracy(layer_0 - estimator_1 - 3_folds.train_1.predict)=79.84%
[ 2019-12-18 14:48:38,313][kfold_wrapper.log_eval_metrics] Accuracy(layer_0 - estimator_1 - 3_folds.train_2.predict)=85.66%
[ 2019-12-18 14:48:38,523][kfold_wrapper.log_eval_metrics] Accuracy(layer_0 - estimator_1 - 3_folds.train_cv.predict)=82.95%
[ 2019-12-18 14:48:38,524][kfold_wrapper.log_eval_metrics] Accuracy(layer_0 - estimator_1 - 3_folds.test.predict)=77.01%
[ 2019-12-18 14:48:39,505][kfold_wrapper.log_eval_metrics] Accuracy(layer_0 - estimator_2 - 3_folds.train_0.predict)=77.13%
[ 2019-12-18 14:48:40,547][kfold_wrapper.log_eval_metrics] Accuracy(layer_0 - estimator_2 - 3_folds.train_1.predict)=77.52%
[ 2019-12-18 14:48:41,636][kfold_wrapper.log_eval_metrics] Accuracy(layer_0 - estimator_2 - 3_folds.train_2.predict)=82.17%
[ 2019-12-18 14:48:41,684][kfold_wrapper.log_eval_metrics] Accuracy(layer_0 - estimator_2 - 3_folds.train_cv.predict)=78.94%
[ 2019-12-18 14:48:41,684][kfold_wrapper.log_eval_metrics] Accuracy(layer_0 - estimator_2 - 3_folds.test.predict)=78.16%
[ 2019-12-18 14:48:42,087][kfold_wrapper.log_eval_metrics] Accuracy(layer_0 - estimator_3 - 3_folds.train_0.predict)=80.23%
[ 2019-12-18 14:48:42,486][kfold_wrapper.log_eval_metrics] Accuracy(layer_0 - estimator_3 - 3_folds.train_1.predict)=78.29%
[ 2019-12-18 14:48:42,876][kfold_wrapper.log_eval_metrics] Accuracy(layer_0 - estimator_3 - 3_folds.train_2.predict)=81.01%
[ 2019-12-18 14:48:42,877][kfold_wrapper.log_eval_metrics] Accuracy(layer_0 - estimator_3 - 3_folds.train_cv.predict)=79.84%
[ 2019-12-18 14:48:42,877][kfold_wrapper.log_eval_metrics] Accuracy(layer_0 - estimator_3 - 3_folds.test.predict)=79.31%
[ 2019-12-18 14:48:42,878][cascade_classifier.calc_accuracy] Accuracy(layer_0 - train.classifier_average)=82.04%
[ 2019-12-18 14:48:42,878][cascade_classifier.calc_accuracy] Accuracy(layer_0 - test.classifier_average)=78.16%
[ 2019-12-18 14:48:42,878][cascade_classifier.fit_transform] [layer=1] look_indexs=[0], X_cur_train.shape=(774, 63), X_cur_test.shape=(87, 63)
[ 2019-12-18 14:48:43,910][kfold_wrapper.log_eval_metrics] Accuracy(layer_1 - estimator_0 - 3_folds.train_0.predict)=82.17%
[ 2019-12-18 14:48:45,189][kfold_wrapper.log_eval_metrics] Accuracy(layer_1 - estimator_0 - 3_folds.train_1.predict)=83.33%
[ 2019-12-18 14:48:46,416][kfold_wrapper.log_eval_metrics] Accuracy(layer_1 - estimator_0 - 3_folds.train_2.predict)=80.62%
[ 2019-12-18 14:48:46,629][kfold_wrapper.log_eval_metrics] Accuracy(layer_1 - estimator_0 - 3_folds.train_cv.predict)=82.04%
[ 2019-12-18 14:48:46,629][kfold_wrapper.log_eval_metrics] Accuracy(layer_1 - estimator_0 - 3_folds.test.predict)=78.16%
[ 2019-12-18 14:48:47,658][kfold_wrapper.log_eval_metrics] Accuracy(layer_1 - estimator_1 - 3_folds.train_0.predict)=81.40%
[ 2019-12-18 14:48:48,891][kfold_wrapper.log_eval_metrics] Accuracy(layer_1 - estimator_1 - 3_folds.train_1.predict)=86.82%
[ 2019-12-18 14:48:50,124][kfold_wrapper.log_eval_metrics] Accuracy(layer_1 - estimator_1 - 3_folds.train_2.predict)=78.68%
[ 2019-12-18 14:48:50,343][kfold_wrapper.log_eval_metrics] Accuracy(layer_1 - estimator_1 - 3_folds.train_cv.predict)=82.30%
[ 2019-12-18 14:48:50,344][kfold_wrapper.log_eval_metrics] Accuracy(layer_1 - estimator_1 - 3_folds.test.predict)=77.01%
[ 2019-12-18 14:48:51,415][kfold_wrapper.log_eval_metrics] Accuracy(layer_1 - estimator_2 - 3_folds.train_0.predict)=78.68%
[ 2019-12-18 14:48:52,609][kfold_wrapper.log_eval_metrics] Accuracy(layer_1 - estimator_2 - 3_folds.train_1.predict)=78.29%
[ 2019-12-18 14:48:53,797][kfold_wrapper.log_eval_metrics] Accuracy(layer_1 - estimator_2 - 3_folds.train_2.predict)=79.84%
[ 2019-12-18 14:48:53,840][kfold_wrapper.log_eval_metrics] Accuracy(layer_1 - estimator_2 - 3_folds.train_cv.predict)=78.94%
[ 2019-12-18 14:48:53,840][kfold_wrapper.log_eval_metrics] Accuracy(layer_1 - estimator_2 - 3_folds.test.predict)=78.16%
[ 2019-12-18 14:48:54,265][kfold_wrapper.log_eval_metrics] Accuracy(layer_1 - estimator_3 - 3_folds.train_0.predict)=81.40%
[ 2019-12-18 14:48:54,657][kfold_wrapper.log_eval_metrics] Accuracy(layer_1 - estimator_3 - 3_folds.train_1.predict)=83.33%
[ 2019-12-18 14:48:55,051][kfold_wrapper.log_eval_metrics] Accuracy(layer_1 - estimator_3 - 3_folds.train_2.predict)=82.95%
[ 2019-12-18 14:48:55,052][kfold_wrapper.log_eval_metrics] Accuracy(layer_1 - estimator_3 - 3_folds.train_cv.predict)=82.56%
[ 2019-12-18 14:48:55,052][kfold_wrapper.log_eval_metrics] Accuracy(layer_1 - estimator_3 - 3_folds.test.predict)=78.16%
[ 2019-12-18 14:48:55,053][cascade_classifier.calc_accuracy] Accuracy(layer_1 - train.classifier_average)=82.95%
[ 2019-12-18 14:48:55,053][cascade_classifier.calc_accuracy] Accuracy(layer_1 - test.classifier_average)=77.01%
[ 2019-12-18 14:48:55,053][cascade_classifier.fit_transform] [layer=2] look_indexs=[0], X_cur_train.shape=(774, 63), X_cur_test.shape=(87, 63)
[ 2019-12-18 14:48:56,082][kfold_wrapper.log_eval_metrics] Accuracy(layer_2 - estimator_0 - 3_folds.train_0.predict)=82.17%
[ 2019-12-18 14:48:57,415][kfold_wrapper.log_eval_metrics] Accuracy(layer_2 - estimator_0 - 3_folds.train_1.predict)=81.40%
[ 2019-12-18 14:48:58,772][kfold_wrapper.log_eval_metrics] Accuracy(layer_2 - estimator_0 - 3_folds.train_2.predict)=82.17%
[ 2019-12-18 14:48:58,996][kfold_wrapper.log_eval_metrics] Accuracy(layer_2 - estimator_0 - 3_folds.train_cv.predict)=81.91%
[ 2019-12-18 14:48:58,997][kfold_wrapper.log_eval_metrics] Accuracy(layer_2 - estimator_0 - 3_folds.test.predict)=77.01%
[ 2019-12-18 14:49:00,075][kfold_wrapper.log_eval_metrics] Accuracy(layer_2 - estimator_1 - 3_folds.train_0.predict)=75.97%
[ 2019-12-18 14:49:01,326][kfold_wrapper.log_eval_metrics] Accuracy(layer_2 - estimator_1 - 3_folds.train_1.predict)=86.82%
[ 2019-12-18 14:49:02,594][kfold_wrapper.log_eval_metrics] Accuracy(layer_2 - estimator_1 - 3_folds.train_2.predict)=82.95%
[ 2019-12-18 14:49:02,799][kfold_wrapper.log_eval_metrics] Accuracy(layer_2 - estimator_1 - 3_folds.train_cv.predict)=81.91%
[ 2019-12-18 14:49:02,799][kfold_wrapper.log_eval_metrics] Accuracy(layer_2 - estimator_1 - 3_folds.test.predict)=77.01%
[ 2019-12-18 14:49:03,952][kfold_wrapper.log_eval_metrics] Accuracy(layer_2 - estimator_2 - 3_folds.train_0.predict)=83.33%
[ 2019-12-18 14:49:05,179][kfold_wrapper.log_eval_metrics] Accuracy(layer_2 - estimator_2 - 3_folds.train_1.predict)=80.62%
[ 2019-12-18 14:49:06,425][kfold_wrapper.log_eval_metrics] Accuracy(layer_2 - estimator_2 - 3_folds.train_2.predict)=76.74%
[ 2019-12-18 14:49:06,472][kfold_wrapper.log_eval_metrics] Accuracy(layer_2 - estimator_2 - 3_folds.train_cv.predict)=80.23%
[ 2019-12-18 14:49:06,473][kfold_wrapper.log_eval_metrics] Accuracy(layer_2 - estimator_2 - 3_folds.test.predict)=78.16%
[ 2019-12-18 14:49:06,899][kfold_wrapper.log_eval_metrics] Accuracy(layer_2 - estimator_3 - 3_folds.train_0.predict)=81.40%
[ 2019-12-18 14:49:07,298][kfold_wrapper.log_eval_metrics] Accuracy(layer_2 - estimator_3 - 3_folds.train_1.predict)=81.40%
[ 2019-12-18 14:49:07,694][kfold_wrapper.log_eval_metrics] Accuracy(layer_2 - estimator_3 - 3_folds.train_2.predict)=81.78%
[ 2019-12-18 14:49:07,696][kfold_wrapper.log_eval_metrics] Accuracy(layer_2 - estimator_3 - 3_folds.train_cv.predict)=81.52%
[ 2019-12-18 14:49:07,697][kfold_wrapper.log_eval_metrics] Accuracy(layer_2 - estimator_3 - 3_folds.test.predict)=81.61%
[ 2019-12-18 14:49:07,697][cascade_classifier.calc_accuracy] Accuracy(layer_2 - train.classifier_average)=82.56%
[ 2019-12-18 14:49:07,704][cascade_classifier.calc_accuracy] Accuracy(layer_2 - test.classifier_average)=79.31%
[ 2019-12-18 14:49:07,705][cascade_classifier.fit_transform] [layer=3] look_indexs=[0], X_cur_train.shape=(774, 63), X_cur_test.shape=(87, 63)
[ 2019-12-18 14:49:08,727][kfold_wrapper.log_eval_metrics] Accuracy(layer_3 - estimator_0 - 3_folds.train_0.predict)=81.01%
[ 2019-12-18 14:49:09,953][kfold_wrapper.log_eval_metrics] Accuracy(layer_3 - estimator_0 - 3_folds.train_1.predict)=84.11%
[ 2019-12-18 14:49:11,189][kfold_wrapper.log_eval_metrics] Accuracy(layer_3 - estimator_0 - 3_folds.train_2.predict)=84.88%
[ 2019-12-18 14:49:11,398][kfold_wrapper.log_eval_metrics] Accuracy(layer_3 - estimator_0 - 3_folds.train_cv.predict)=83.33%
[ 2019-12-18 14:49:11,399][kfold_wrapper.log_eval_metrics] Accuracy(layer_3 - estimator_0 - 3_folds.test.predict)=77.01%
[ 2019-12-18 14:49:12,432][kfold_wrapper.log_eval_metrics] Accuracy(layer_3 - estimator_1 - 3_folds.train_0.predict)=81.78%
[ 2019-12-18 14:49:13,720][kfold_wrapper.log_eval_metrics] Accuracy(layer_3 - estimator_1 - 3_folds.train_1.predict)=79.84%
[ 2019-12-18 14:49:15,035][kfold_wrapper.log_eval_metrics] Accuracy(layer_3 - estimator_1 - 3_folds.train_2.predict)=81.78%
[ 2019-12-18 14:49:15,248][kfold_wrapper.log_eval_metrics] Accuracy(layer_3 - estimator_1 - 3_folds.train_cv.predict)=81.14%
[ 2019-12-18 14:49:15,248][kfold_wrapper.log_eval_metrics] Accuracy(layer_3 - estimator_1 - 3_folds.test.predict)=78.16%
[ 2019-12-18 14:49:16,464][kfold_wrapper.log_eval_metrics] Accuracy(layer_3 - estimator_2 - 3_folds.train_0.predict)=79.84%
[ 2019-12-18 14:49:17,625][kfold_wrapper.log_eval_metrics] Accuracy(layer_3 - estimator_2 - 3_folds.train_1.predict)=83.33%
[ 2019-12-18 14:49:18,757][kfold_wrapper.log_eval_metrics] Accuracy(layer_3 - estimator_2 - 3_folds.train_2.predict)=78.68%
[ 2019-12-18 14:49:18,804][kfold_wrapper.log_eval_metrics] Accuracy(layer_3 - estimator_2 - 3_folds.train_cv.predict)=80.62%
[ 2019-12-18 14:49:18,804][kfold_wrapper.log_eval_metrics] Accuracy(layer_3 - estimator_2 - 3_folds.test.predict)=80.46%
[ 2019-12-18 14:49:19,248][kfold_wrapper.log_eval_metrics] Accuracy(layer_3 - estimator_3 - 3_folds.train_0.predict)=84.50%
[ 2019-12-18 14:49:19,703][kfold_wrapper.log_eval_metrics] Accuracy(layer_3 - estimator_3 - 3_folds.train_1.predict)=78.68%
[ 2019-12-18 14:49:20,208][kfold_wrapper.log_eval_metrics] Accuracy(layer_3 - estimator_3 - 3_folds.train_2.predict)=80.23%
[ 2019-12-18 14:49:20,209][kfold_wrapper.log_eval_metrics] Accuracy(layer_3 - estimator_3 - 3_folds.train_cv.predict)=81.14%
[ 2019-12-18 14:49:20,210][kfold_wrapper.log_eval_metrics] Accuracy(layer_3 - estimator_3 - 3_folds.test.predict)=79.31%
[ 2019-12-18 14:49:20,210][cascade_classifier.calc_accuracy] Accuracy(layer_3 - train.classifier_average)=81.40%
[ 2019-12-18 14:49:20,210][cascade_classifier.calc_accuracy] Accuracy(layer_3 - test.classifier_average)=78.16%
[ 2019-12-18 14:49:20,210][cascade_classifier.fit_transform] [layer=4] look_indexs=[0], X_cur_train.shape=(774, 63), X_cur_test.shape=(87, 63)
[ 2019-12-18 14:49:21,402][kfold_wrapper.log_eval_metrics] Accuracy(layer_4 - estimator_0 - 3_folds.train_0.predict)=80.23%
[ 2019-12-18 14:49:22,686][kfold_wrapper.log_eval_metrics] Accuracy(layer_4 - estimator_0 - 3_folds.train_1.predict)=83.72%
[ 2019-12-18 14:49:23,956][kfold_wrapper.log_eval_metrics] Accuracy(layer_4 - estimator_0 - 3_folds.train_2.predict)=82.95%
[ 2019-12-18 14:49:24,169][kfold_wrapper.log_eval_metrics] Accuracy(layer_4 - estimator_0 - 3_folds.train_cv.predict)=82.30%
[ 2019-12-18 14:49:24,170][kfold_wrapper.log_eval_metrics] Accuracy(layer_4 - estimator_0 - 3_folds.test.predict)=77.01%
[ 2019-12-18 14:49:25,261][kfold_wrapper.log_eval_metrics] Accuracy(layer_4 - estimator_1 - 3_folds.train_0.predict)=86.82%
[ 2019-12-18 14:49:26,502][kfold_wrapper.log_eval_metrics] Accuracy(layer_4 - estimator_1 - 3_folds.train_1.predict)=80.62%
[ 2019-12-18 14:49:27,745][kfold_wrapper.log_eval_metrics] Accuracy(layer_4 - estimator_1 - 3_folds.train_2.predict)=82.17%
[ 2019-12-18 14:49:27,962][kfold_wrapper.log_eval_metrics] Accuracy(layer_4 - estimator_1 - 3_folds.train_cv.predict)=83.20%
[ 2019-12-18 14:49:27,962][kfold_wrapper.log_eval_metrics] Accuracy(layer_4 - estimator_1 - 3_folds.test.predict)=77.01%
[ 2019-12-18 14:49:29,035][kfold_wrapper.log_eval_metrics] Accuracy(layer_4 - estimator_2 - 3_folds.train_0.predict)=77.52%
[ 2019-12-18 14:49:30,160][kfold_wrapper.log_eval_metrics] Accuracy(layer_4 - estimator_2 - 3_folds.train_1.predict)=81.40%
[ 2019-12-18 14:49:31,281][kfold_wrapper.log_eval_metrics] Accuracy(layer_4 - estimator_2 - 3_folds.train_2.predict)=81.01%
[ 2019-12-18 14:49:31,323][kfold_wrapper.log_eval_metrics] Accuracy(layer_4 - estimator_2 - 3_folds.train_cv.predict)=79.97%
[ 2019-12-18 14:49:31,323][kfold_wrapper.log_eval_metrics] Accuracy(layer_4 - estimator_2 - 3_folds.test.predict)=79.31%
[ 2019-12-18 14:49:31,754][kfold_wrapper.log_eval_metrics] Accuracy(layer_4 - estimator_3 - 3_folds.train_0.predict)=79.07%
[ 2019-12-18 14:49:32,168][kfold_wrapper.log_eval_metrics] Accuracy(layer_4 - estimator_3 - 3_folds.train_1.predict)=81.40%
[ 2019-12-18 14:49:32,553][kfold_wrapper.log_eval_metrics] Accuracy(layer_4 - estimator_3 - 3_folds.train_2.predict)=81.01%
[ 2019-12-18 14:49:32,554][kfold_wrapper.log_eval_metrics] Accuracy(layer_4 - estimator_3 - 3_folds.train_cv.predict)=80.49%
[ 2019-12-18 14:49:32,554][kfold_wrapper.log_eval_metrics] Accuracy(layer_4 - estimator_3 - 3_folds.test.predict)=77.01%
[ 2019-12-18 14:49:32,555][cascade_classifier.calc_accuracy] Accuracy(layer_4 - train.classifier_average)=81.40%
[ 2019-12-18 14:49:32,555][cascade_classifier.calc_accuracy] Accuracy(layer_4 - test.classifier_average)=77.01%
[ 2019-12-18 14:49:32,555][cascade_classifier.fit_transform] [Result][Optimal Level Detected] opt_layer_num=2, accuracy_train=82.95%, accuracy_test=77.01%
[ 2019-12-18 14:49:32,569][cascade_classifier.transform] X_groups_test.shape=[(87, 55)]
[ 2019-12-18 14:49:32,570][cascade_classifier.transform] group_dims=[55]
[ 2019-12-18 14:49:32,570][cascade_classifier.transform] X_test.shape=(87, 55)
[ 2019-12-18 14:49:32,570][cascade_classifier.transform] [layer=0] look_indexs=[0], X_cur_test.shape=(87, 55)
[ 2019-12-18 14:49:33,960][cascade_classifier.transform] [layer=1] look_indexs=[0], X_cur_test.shape=(87, 63)
[ 2019-12-18 14:49:35,349][cascade_classifier.transform] X_groups_test.shape=[(87, 55)]
[ 2019-12-18 14:49:35,349][cascade_classifier.transform] group_dims=[55]
[ 2019-12-18 14:49:35,349][cascade_classifier.transform] X_test.shape=(87, 55)
[ 2019-12-18 14:49:35,349][cascade_classifier.transform] [layer=0] look_indexs=[0], X_cur_test.shape=(87, 55)
[ 2019-12-18 14:49:36,747][cascade_classifier.transform] [layer=1] look_indexs=[0], X_cur_test.shape=(87, 63)
[ 2019-12-18 14:49:38,087][cascade_classifier.fit_transform] X_groups_train.shape=[(774, 55)],y_train.shape=(774,),X_groups_test.shape=[(87, 55)],y_test.shape=(87,)
[ 2019-12-18 14:49:38,088][cascade_classifier.fit_transform] group_dims=[55]
[ 2019-12-18 14:49:38,088][cascade_classifier.fit_transform] group_starts=[0]
[ 2019-12-18 14:49:38,088][cascade_classifier.fit_transform] group_ends=[55]
[ 2019-12-18 14:49:38,089][cascade_classifier.fit_transform] X_train.shape=(774, 55),X_test.shape=(87, 55)
[ 2019-12-18 14:49:38,089][cascade_classifier.fit_transform] [layer=0] look_indexs=[0], X_cur_train.shape=(774, 55), X_cur_test.shape=(87, 55)
[ 2019-12-18 14:49:39,186][kfold_wrapper.log_eval_metrics] Accuracy(layer_0 - estimator_0 - 3_folds.train_0.predict)=84.50%
[ 2019-12-18 14:49:40,452][kfold_wrapper.log_eval_metrics] Accuracy(layer_0 - estimator_0 - 3_folds.train_1.predict)=85.66%
[ 2019-12-18 14:49:41,814][kfold_wrapper.log_eval_metrics] Accuracy(layer_0 - estimator_0 - 3_folds.train_2.predict)=82.95%
[ 2019-12-18 14:49:42,025][kfold_wrapper.log_eval_metrics] Accuracy(layer_0 - estimator_0 - 3_folds.train_cv.predict)=84.37%
[ 2019-12-18 14:49:42,026][kfold_wrapper.log_eval_metrics] Accuracy(layer_0 - estimator_0 - 3_folds.test.predict)=77.01%
[ 2019-12-18 14:49:43,114][kfold_wrapper.log_eval_metrics] Accuracy(layer_0 - estimator_1 - 3_folds.train_0.predict)=83.72%
[ 2019-12-18 14:49:44,350][kfold_wrapper.log_eval_metrics] Accuracy(layer_0 - estimator_1 - 3_folds.train_1.predict)=80.62%
[ 2019-12-18 14:49:45,586][kfold_wrapper.log_eval_metrics] Accuracy(layer_0 - estimator_1 - 3_folds.train_2.predict)=82.56%
[ 2019-12-18 14:49:45,796][kfold_wrapper.log_eval_metrics] Accuracy(layer_0 - estimator_1 - 3_folds.train_cv.predict)=82.30%
[ 2019-12-18 14:49:45,796][kfold_wrapper.log_eval_metrics] Accuracy(layer_0 - estimator_1 - 3_folds.test.predict)=79.31%
[ 2019-12-18 14:49:46,784][kfold_wrapper.log_eval_metrics] Accuracy(layer_0 - estimator_2 - 3_folds.train_0.predict)=80.23%
[ 2019-12-18 14:49:47,817][kfold_wrapper.log_eval_metrics] Accuracy(layer_0 - estimator_2 - 3_folds.train_1.predict)=79.84%
[ 2019-12-18 14:49:48,852][kfold_wrapper.log_eval_metrics] Accuracy(layer_0 - estimator_2 - 3_folds.train_2.predict)=80.23%
[ 2019-12-18 14:49:48,899][kfold_wrapper.log_eval_metrics] Accuracy(layer_0 - estimator_2 - 3_folds.train_cv.predict)=80.10%
[ 2019-12-18 14:49:48,900][kfold_wrapper.log_eval_metrics] Accuracy(layer_0 - estimator_2 - 3_folds.test.predict)=78.16%
[ 2019-12-18 14:49:49,312][kfold_wrapper.log_eval_metrics] Accuracy(layer_0 - estimator_3 - 3_folds.train_0.predict)=79.46%
[ 2019-12-18 14:49:49,718][kfold_wrapper.log_eval_metrics] Accuracy(layer_0 - estimator_3 - 3_folds.train_1.predict)=81.78%
[ 2019-12-18 14:49:50,143][kfold_wrapper.log_eval_metrics] Accuracy(layer_0 - estimator_3 - 3_folds.train_2.predict)=83.33%
[ 2019-12-18 14:49:50,144][kfold_wrapper.log_eval_metrics] Accuracy(layer_0 - estimator_3 - 3_folds.train_cv.predict)=81.52%
[ 2019-12-18 14:49:50,144][kfold_wrapper.log_eval_metrics] Accuracy(layer_0 - estimator_3 - 3_folds.test.predict)=78.16%
[ 2019-12-18 14:49:50,144][cascade_classifier.calc_accuracy] Accuracy(layer_0 - train.classifier_average)=82.17%
[ 2019-12-18 14:49:50,145][cascade_classifier.calc_accuracy] Accuracy(layer_0 - test.classifier_average)=78.16%
[ 2019-12-18 14:49:50,145][cascade_classifier.fit_transform] [layer=1] look_indexs=[0], X_cur_train.shape=(774, 63), X_cur_test.shape=(87, 63)
[ 2019-12-18 14:49:51,155][kfold_wrapper.log_eval_metrics] Accuracy(layer_1 - estimator_0 - 3_folds.train_0.predict)=81.40%
[ 2019-12-18 14:49:52,278][kfold_wrapper.log_eval_metrics] Accuracy(layer_1 - estimator_0 - 3_folds.train_1.predict)=84.50%
[ 2019-12-18 14:49:53,555][kfold_wrapper.log_eval_metrics] Accuracy(layer_1 - estimator_0 - 3_folds.train_2.predict)=84.50%
[ 2019-12-18 14:49:53,761][kfold_wrapper.log_eval_metrics] Accuracy(layer_1 - estimator_0 - 3_folds.train_cv.predict)=83.46%
[ 2019-12-18 14:49:53,762][kfold_wrapper.log_eval_metrics] Accuracy(layer_1 - estimator_0 - 3_folds.test.predict)=74.71%
[ 2019-12-18 14:49:54,892][kfold_wrapper.log_eval_metrics] Accuracy(layer_1 - estimator_1 - 3_folds.train_0.predict)=84.11%
[ 2019-12-18 14:49:56,177][kfold_wrapper.log_eval_metrics] Accuracy(layer_1 - estimator_1 - 3_folds.train_1.predict)=82.17%
[ 2019-12-18 14:49:57,401][kfold_wrapper.log_eval_metrics] Accuracy(layer_1 - estimator_1 - 3_folds.train_2.predict)=82.95%
[ 2019-12-18 14:49:57,615][kfold_wrapper.log_eval_metrics] Accuracy(layer_1 - estimator_1 - 3_folds.train_cv.predict)=83.07%
[ 2019-12-18 14:49:57,615][kfold_wrapper.log_eval_metrics] Accuracy(layer_1 - estimator_1 - 3_folds.test.predict)=74.71%
[ 2019-12-18 14:49:58,735][kfold_wrapper.log_eval_metrics] Accuracy(layer_1 - estimator_2 - 3_folds.train_0.predict)=79.84%
[ 2019-12-18 14:49:59,891][kfold_wrapper.log_eval_metrics] Accuracy(layer_1 - estimator_2 - 3_folds.train_1.predict)=80.62%
[ 2019-12-18 14:50:01,040][kfold_wrapper.log_eval_metrics] Accuracy(layer_1 - estimator_2 - 3_folds.train_2.predict)=82.95%
[ 2019-12-18 14:50:01,082][kfold_wrapper.log_eval_metrics] Accuracy(layer_1 - estimator_2 - 3_folds.train_cv.predict)=81.14%
[ 2019-12-18 14:50:01,083][kfold_wrapper.log_eval_metrics] Accuracy(layer_1 - estimator_2 - 3_folds.test.predict)=75.86%
[ 2019-12-18 14:50:01,513][kfold_wrapper.log_eval_metrics] Accuracy(layer_1 - estimator_3 - 3_folds.train_0.predict)=83.33%
[ 2019-12-18 14:50:01,895][kfold_wrapper.log_eval_metrics] Accuracy(layer_1 - estimator_3 - 3_folds.train_1.predict)=83.72%
[ 2019-12-18 14:50:02,289][kfold_wrapper.log_eval_metrics] Accuracy(layer_1 - estimator_3 - 3_folds.train_2.predict)=82.17%
[ 2019-12-18 14:50:02,290][kfold_wrapper.log_eval_metrics] Accuracy(layer_1 - estimator_3 - 3_folds.train_cv.predict)=83.07%
[ 2019-12-18 14:50:02,291][kfold_wrapper.log_eval_metrics] Accuracy(layer_1 - estimator_3 - 3_folds.test.predict)=78.16%
[ 2019-12-18 14:50:02,291][cascade_classifier.calc_accuracy] Accuracy(layer_1 - train.classifier_average)=83.46%
[ 2019-12-18 14:50:02,292][cascade_classifier.calc_accuracy] Accuracy(layer_1 - test.classifier_average)=79.31%
[ 2019-12-18 14:50:02,292][cascade_classifier.fit_transform] [layer=2] look_indexs=[0], X_cur_train.shape=(774, 63), X_cur_test.shape=(87, 63)
[ 2019-12-18 14:50:03,307][kfold_wrapper.log_eval_metrics] Accuracy(layer_2 - estimator_0 - 3_folds.train_0.predict)=82.95%
[ 2019-12-18 14:50:04,489][kfold_wrapper.log_eval_metrics] Accuracy(layer_2 - estimator_0 - 3_folds.train_1.predict)=82.56%
[ 2019-12-18 14:50:05,700][kfold_wrapper.log_eval_metrics] Accuracy(layer_2 - estimator_0 - 3_folds.train_2.predict)=81.78%
[ 2019-12-18 14:50:05,907][kfold_wrapper.log_eval_metrics] Accuracy(layer_2 - estimator_0 - 3_folds.train_cv.predict)=82.43%
[ 2019-12-18 14:50:05,908][kfold_wrapper.log_eval_metrics] Accuracy(layer_2 - estimator_0 - 3_folds.test.predict)=79.31%
[ 2019-12-18 14:50:06,938][kfold_wrapper.log_eval_metrics] Accuracy(layer_2 - estimator_1 - 3_folds.train_0.predict)=80.62%
[ 2019-12-18 14:50:08,299][kfold_wrapper.log_eval_metrics] Accuracy(layer_2 - estimator_1 - 3_folds.train_1.predict)=84.50%
[ 2019-12-18 14:50:09,545][kfold_wrapper.log_eval_metrics] Accuracy(layer_2 - estimator_1 - 3_folds.train_2.predict)=81.78%
[ 2019-12-18 14:50:09,758][kfold_wrapper.log_eval_metrics] Accuracy(layer_2 - estimator_1 - 3_folds.train_cv.predict)=82.30%
[ 2019-12-18 14:50:09,758][kfold_wrapper.log_eval_metrics] Accuracy(layer_2 - estimator_1 - 3_folds.test.predict)=75.86%
[ 2019-12-18 14:50:10,850][kfold_wrapper.log_eval_metrics] Accuracy(layer_2 - estimator_2 - 3_folds.train_0.predict)=78.68%
[ 2019-12-18 14:50:11,983][kfold_wrapper.log_eval_metrics] Accuracy(layer_2 - estimator_2 - 3_folds.train_1.predict)=77.91%
[ 2019-12-18 14:50:13,091][kfold_wrapper.log_eval_metrics] Accuracy(layer_2 - estimator_2 - 3_folds.train_2.predict)=81.78%
[ 2019-12-18 14:50:13,138][kfold_wrapper.log_eval_metrics] Accuracy(layer_2 - estimator_2 - 3_folds.train_cv.predict)=79.46%
[ 2019-12-18 14:50:13,138][kfold_wrapper.log_eval_metrics] Accuracy(layer_2 - estimator_2 - 3_folds.test.predict)=77.01%
[ 2019-12-18 14:50:13,533][kfold_wrapper.log_eval_metrics] Accuracy(layer_2 - estimator_3 - 3_folds.train_0.predict)=77.91%
[ 2019-12-18 14:50:13,930][kfold_wrapper.log_eval_metrics] Accuracy(layer_2 - estimator_3 - 3_folds.train_1.predict)=82.56%
[ 2019-12-18 14:50:14,346][kfold_wrapper.log_eval_metrics] Accuracy(layer_2 - estimator_3 - 3_folds.train_2.predict)=81.78%
[ 2019-12-18 14:50:14,347][kfold_wrapper.log_eval_metrics] Accuracy(layer_2 - estimator_3 - 3_folds.train_cv.predict)=80.75%
[ 2019-12-18 14:50:14,347][kfold_wrapper.log_eval_metrics] Accuracy(layer_2 - estimator_3 - 3_folds.test.predict)=77.01%
[ 2019-12-18 14:50:14,348][cascade_classifier.calc_accuracy] Accuracy(layer_2 - train.classifier_average)=81.91%
[ 2019-12-18 14:50:14,348][cascade_classifier.calc_accuracy] Accuracy(layer_2 - test.classifier_average)=78.16%
[ 2019-12-18 14:50:14,348][cascade_classifier.fit_transform] [layer=3] look_indexs=[0], X_cur_train.shape=(774, 63), X_cur_test.shape=(87, 63)
[ 2019-12-18 14:50:15,411][kfold_wrapper.log_eval_metrics] Accuracy(layer_3 - estimator_0 - 3_folds.train_0.predict)=81.40%
[ 2019-12-18 14:50:16,640][kfold_wrapper.log_eval_metrics] Accuracy(layer_3 - estimator_0 - 3_folds.train_1.predict)=82.56%
[ 2019-12-18 14:50:17,841][kfold_wrapper.log_eval_metrics] Accuracy(layer_3 - estimator_0 - 3_folds.train_2.predict)=83.33%
[ 2019-12-18 14:50:18,050][kfold_wrapper.log_eval_metrics] Accuracy(layer_3 - estimator_0 - 3_folds.train_cv.predict)=82.43%
[ 2019-12-18 14:50:18,050][kfold_wrapper.log_eval_metrics] Accuracy(layer_3 - estimator_0 - 3_folds.test.predict)=78.16%
[ 2019-12-18 14:50:19,081][kfold_wrapper.log_eval_metrics] Accuracy(layer_3 - estimator_1 - 3_folds.train_0.predict)=81.40%
[ 2019-12-18 14:50:20,341][kfold_wrapper.log_eval_metrics] Accuracy(layer_3 - estimator_1 - 3_folds.train_1.predict)=82.56%
[ 2019-12-18 14:50:21,573][kfold_wrapper.log_eval_metrics] Accuracy(layer_3 - estimator_1 - 3_folds.train_2.predict)=82.17%
[ 2019-12-18 14:50:21,779][kfold_wrapper.log_eval_metrics] Accuracy(layer_3 - estimator_1 - 3_folds.train_cv.predict)=82.04%
[ 2019-12-18 14:50:21,780][kfold_wrapper.log_eval_metrics] Accuracy(layer_3 - estimator_1 - 3_folds.test.predict)=78.16%
[ 2019-12-18 14:50:22,862][kfold_wrapper.log_eval_metrics] Accuracy(layer_3 - estimator_2 - 3_folds.train_0.predict)=79.46%
[ 2019-12-18 14:50:23,980][kfold_wrapper.log_eval_metrics] Accuracy(layer_3 - estimator_2 - 3_folds.train_1.predict)=75.97%
[ 2019-12-18 14:50:25,114][kfold_wrapper.log_eval_metrics] Accuracy(layer_3 - estimator_2 - 3_folds.train_2.predict)=83.72%
[ 2019-12-18 14:50:25,163][kfold_wrapper.log_eval_metrics] Accuracy(layer_3 - estimator_2 - 3_folds.train_cv.predict)=79.72%
[ 2019-12-18 14:50:25,163][kfold_wrapper.log_eval_metrics] Accuracy(layer_3 - estimator_2 - 3_folds.test.predict)=79.31%
[ 2019-12-18 14:50:25,617][kfold_wrapper.log_eval_metrics] Accuracy(layer_3 - estimator_3 - 3_folds.train_0.predict)=81.40%
[ 2019-12-18 14:50:26,048][kfold_wrapper.log_eval_metrics] Accuracy(layer_3 - estimator_3 - 3_folds.train_1.predict)=83.33%
[ 2019-12-18 14:50:26,451][kfold_wrapper.log_eval_metrics] Accuracy(layer_3 - estimator_3 - 3_folds.train_2.predict)=81.40%
[ 2019-12-18 14:50:26,452][kfold_wrapper.log_eval_metrics] Accuracy(layer_3 - estimator_3 - 3_folds.train_cv.predict)=82.04%
[ 2019-12-18 14:50:26,453][kfold_wrapper.log_eval_metrics] Accuracy(layer_3 - estimator_3 - 3_folds.test.predict)=80.46%
[ 2019-12-18 14:50:26,453][cascade_classifier.calc_accuracy] Accuracy(layer_3 - train.classifier_average)=82.56%
[ 2019-12-18 14:50:26,453][cascade_classifier.calc_accuracy] Accuracy(layer_3 - test.classifier_average)=78.16%
[ 2019-12-18 14:50:26,454][cascade_classifier.fit_transform] [layer=4] look_indexs=[0], X_cur_train.shape=(774, 63), X_cur_test.shape=(87, 63)
[ 2019-12-18 14:50:27,438][kfold_wrapper.log_eval_metrics] Accuracy(layer_4 - estimator_0 - 3_folds.train_0.predict)=82.95%
[ 2019-12-18 14:50:28,655][kfold_wrapper.log_eval_metrics] Accuracy(layer_4 - estimator_0 - 3_folds.train_1.predict)=82.56%
[ 2019-12-18 14:50:29,868][kfold_wrapper.log_eval_metrics] Accuracy(layer_4 - estimator_0 - 3_folds.train_2.predict)=80.23%
[ 2019-12-18 14:50:30,073][kfold_wrapper.log_eval_metrics] Accuracy(layer_4 - estimator_0 - 3_folds.train_cv.predict)=81.91%
[ 2019-12-18 14:50:30,073][kfold_wrapper.log_eval_metrics] Accuracy(layer_4 - estimator_0 - 3_folds.test.predict)=77.01%
[ 2019-12-18 14:50:31,110][kfold_wrapper.log_eval_metrics] Accuracy(layer_4 - estimator_1 - 3_folds.train_0.predict)=80.62%
[ 2019-12-18 14:50:32,347][kfold_wrapper.log_eval_metrics] Accuracy(layer_4 - estimator_1 - 3_folds.train_1.predict)=82.95%
[ 2019-12-18 14:50:33,581][kfold_wrapper.log_eval_metrics] Accuracy(layer_4 - estimator_1 - 3_folds.train_2.predict)=83.72%
[ 2019-12-18 14:50:33,793][kfold_wrapper.log_eval_metrics] Accuracy(layer_4 - estimator_1 - 3_folds.train_cv.predict)=82.43%
[ 2019-12-18 14:50:33,794][kfold_wrapper.log_eval_metrics] Accuracy(layer_4 - estimator_1 - 3_folds.test.predict)=79.31%
[ 2019-12-18 14:50:34,832][kfold_wrapper.log_eval_metrics] Accuracy(layer_4 - estimator_2 - 3_folds.train_0.predict)=79.07%
[ 2019-12-18 14:50:35,929][kfold_wrapper.log_eval_metrics] Accuracy(layer_4 - estimator_2 - 3_folds.train_1.predict)=78.29%
[ 2019-12-18 14:50:37,012][kfold_wrapper.log_eval_metrics] Accuracy(layer_4 - estimator_2 - 3_folds.train_2.predict)=80.62%
[ 2019-12-18 14:50:37,051][kfold_wrapper.log_eval_metrics] Accuracy(layer_4 - estimator_2 - 3_folds.train_cv.predict)=79.33%
[ 2019-12-18 14:50:37,051][kfold_wrapper.log_eval_metrics] Accuracy(layer_4 - estimator_2 - 3_folds.test.predict)=78.16%
[ 2019-12-18 14:50:37,458][kfold_wrapper.log_eval_metrics] Accuracy(layer_4 - estimator_3 - 3_folds.train_0.predict)=81.01%
[ 2019-12-18 14:50:37,910][kfold_wrapper.log_eval_metrics] Accuracy(layer_4 - estimator_3 - 3_folds.train_1.predict)=81.01%
[ 2019-12-18 14:50:38,331][kfold_wrapper.log_eval_metrics] Accuracy(layer_4 - estimator_3 - 3_folds.train_2.predict)=78.68%
[ 2019-12-18 14:50:38,332][kfold_wrapper.log_eval_metrics] Accuracy(layer_4 - estimator_3 - 3_folds.train_cv.predict)=80.23%
[ 2019-12-18 14:50:38,333][kfold_wrapper.log_eval_metrics] Accuracy(layer_4 - estimator_3 - 3_folds.test.predict)=78.16%
[ 2019-12-18 14:50:38,333][cascade_classifier.calc_accuracy] Accuracy(layer_4 - train.classifier_average)=82.04%
[ 2019-12-18 14:50:38,333][cascade_classifier.calc_accuracy] Accuracy(layer_4 - test.classifier_average)=78.16%
[ 2019-12-18 14:50:38,340][cascade_classifier.fit_transform] [Result][Optimal Level Detected] opt_layer_num=2, accuracy_train=83.46%, accuracy_test=79.31%
[ 2019-12-18 14:50:38,354][cascade_classifier.transform] X_groups_test.shape=[(87, 55)]
[ 2019-12-18 14:50:38,355][cascade_classifier.transform] group_dims=[55]
[ 2019-12-18 14:50:38,355][cascade_classifier.transform] X_test.shape=(87, 55)
[ 2019-12-18 14:50:38,355][cascade_classifier.transform] [layer=0] look_indexs=[0], X_cur_test.shape=(87, 55)
[ 2019-12-18 14:50:39,729][cascade_classifier.transform] [layer=1] look_indexs=[0], X_cur_test.shape=(87, 63)
[ 2019-12-18 14:50:41,111][cascade_classifier.transform] X_groups_test.shape=[(87, 55)]
[ 2019-12-18 14:50:41,112][cascade_classifier.transform] group_dims=[55]
[ 2019-12-18 14:50:41,112][cascade_classifier.transform] X_test.shape=(87, 55)
[ 2019-12-18 14:50:41,112][cascade_classifier.transform] [layer=0] look_indexs=[0], X_cur_test.shape=(87, 55)
[ 2019-12-18 14:50:42,499][cascade_classifier.transform] [layer=1] look_indexs=[0], X_cur_test.shape=(87, 63)
[ 2019-12-18 14:50:43,900][cascade_classifier.fit_transform] X_groups_train.shape=[(774, 55)],y_train.shape=(774,),X_groups_test.shape=[(87, 55)],y_test.shape=(87,)
[ 2019-12-18 14:50:43,902][cascade_classifier.fit_transform] group_dims=[55]
[ 2019-12-18 14:50:43,902][cascade_classifier.fit_transform] group_starts=[0]
[ 2019-12-18 14:50:43,902][cascade_classifier.fit_transform] group_ends=[55]
[ 2019-12-18 14:50:43,903][cascade_classifier.fit_transform] X_train.shape=(774, 55),X_test.shape=(87, 55)
[ 2019-12-18 14:50:43,904][cascade_classifier.fit_transform] [layer=0] look_indexs=[0], X_cur_train.shape=(774, 55), X_cur_test.shape=(87, 55)
[ 2019-12-18 14:50:44,902][kfold_wrapper.log_eval_metrics] Accuracy(layer_0 - estimator_0 - 3_folds.train_0.predict)=80.23%
[ 2019-12-18 14:50:46,140][kfold_wrapper.log_eval_metrics] Accuracy(layer_0 - estimator_0 - 3_folds.train_1.predict)=84.11%
[ 2019-12-18 14:50:47,426][kfold_wrapper.log_eval_metrics] Accuracy(layer_0 - estimator_0 - 3_folds.train_2.predict)=85.66%
[ 2019-12-18 14:50:47,636][kfold_wrapper.log_eval_metrics] Accuracy(layer_0 - estimator_0 - 3_folds.train_cv.predict)=83.33%
[ 2019-12-18 14:50:47,636][kfold_wrapper.log_eval_metrics] Accuracy(layer_0 - estimator_0 - 3_folds.test.predict)=77.01%
[ 2019-12-18 14:50:48,732][kfold_wrapper.log_eval_metrics] Accuracy(layer_0 - estimator_1 - 3_folds.train_0.predict)=84.88%
[ 2019-12-18 14:50:49,972][kfold_wrapper.log_eval_metrics] Accuracy(layer_0 - estimator_1 - 3_folds.train_1.predict)=83.72%
[ 2019-12-18 14:50:51,268][kfold_wrapper.log_eval_metrics] Accuracy(layer_0 - estimator_1 - 3_folds.train_2.predict)=78.68%
[ 2019-12-18 14:50:51,475][kfold_wrapper.log_eval_metrics] Accuracy(layer_0 - estimator_1 - 3_folds.train_cv.predict)=82.43%
[ 2019-12-18 14:50:51,475][kfold_wrapper.log_eval_metrics] Accuracy(layer_0 - estimator_1 - 3_folds.test.predict)=77.01%
