[ 2019-09-26 14:03:29,991][cascade_classifier.fit_transform] X_groups_train.shape=[(903, 125)],y_train.shape=(903,),X_groups_test.shape=no_test,y_test.shape=no_test
[ 2019-09-26 14:03:29,992][cascade_classifier.fit_transform] group_dims=[125]
[ 2019-09-26 14:03:29,992][cascade_classifier.fit_transform] group_starts=[0]
[ 2019-09-26 14:03:29,993][cascade_classifier.fit_transform] group_ends=[125]
[ 2019-09-26 14:03:29,994][cascade_classifier.fit_transform] X_train.shape=(903, 125),X_test.shape=(0, 125)
[ 2019-09-26 14:03:29,995][cascade_classifier.fit_transform] [layer=0] look_indexs=[0], X_cur_train.shape=(903, 125), X_cur_test.shape=(0, 125)
[ 2019-09-26 14:03:31,201][kfold_wrapper.log_eval_metrics] Accuracy(layer_0 - estimator_0 - 5_folds.train_0.predict)=82.87%
[ 2019-09-26 14:03:32,368][kfold_wrapper.log_eval_metrics] Accuracy(layer_0 - estimator_0 - 5_folds.train_1.predict)=83.98%
[ 2019-09-26 14:03:33,547][kfold_wrapper.log_eval_metrics] Accuracy(layer_0 - estimator_0 - 5_folds.train_2.predict)=86.19%
[ 2019-09-26 14:03:34,669][kfold_wrapper.log_eval_metrics] Accuracy(layer_0 - estimator_0 - 5_folds.train_3.predict)=77.78%
[ 2019-09-26 14:03:35,783][kfold_wrapper.log_eval_metrics] Accuracy(layer_0 - estimator_0 - 5_folds.train_4.predict)=79.44%
[ 2019-09-26 14:03:35,783][kfold_wrapper.log_eval_metrics] Accuracy(layer_0 - estimator_0 - 5_folds.train_cv.predict)=82.06%
[ 2019-09-26 14:03:38,386][kfold_wrapper.log_eval_metrics] Accuracy(layer_0 - estimator_1 - 5_folds.train_0.predict)=81.22%
[ 2019-09-26 14:03:40,875][kfold_wrapper.log_eval_metrics] Accuracy(layer_0 - estimator_1 - 5_folds.train_1.predict)=83.98%
[ 2019-09-26 14:03:43,505][kfold_wrapper.log_eval_metrics] Accuracy(layer_0 - estimator_1 - 5_folds.train_2.predict)=83.43%
[ 2019-09-26 14:03:46,049][kfold_wrapper.log_eval_metrics] Accuracy(layer_0 - estimator_1 - 5_folds.train_3.predict)=83.89%
[ 2019-09-26 14:03:48,570][kfold_wrapper.log_eval_metrics] Accuracy(layer_0 - estimator_1 - 5_folds.train_4.predict)=83.33%
[ 2019-09-26 14:03:48,571][kfold_wrapper.log_eval_metrics] Accuracy(layer_0 - estimator_1 - 5_folds.train_cv.predict)=83.17%
[ 2019-09-26 14:03:50,908][kfold_wrapper.log_eval_metrics] Accuracy(layer_0 - estimator_2 - 5_folds.train_0.predict)=84.53%
[ 2019-09-26 14:03:53,235][kfold_wrapper.log_eval_metrics] Accuracy(layer_0 - estimator_2 - 5_folds.train_1.predict)=81.22%
[ 2019-09-26 14:03:55,661][kfold_wrapper.log_eval_metrics] Accuracy(layer_0 - estimator_2 - 5_folds.train_2.predict)=85.08%
[ 2019-09-26 14:03:57,993][kfold_wrapper.log_eval_metrics] Accuracy(layer_0 - estimator_2 - 5_folds.train_3.predict)=86.11%
[ 2019-09-26 14:04:00,427][kfold_wrapper.log_eval_metrics] Accuracy(layer_0 - estimator_2 - 5_folds.train_4.predict)=80.56%
[ 2019-09-26 14:04:00,428][kfold_wrapper.log_eval_metrics] Accuracy(layer_0 - estimator_2 - 5_folds.train_cv.predict)=83.50%
[ 2019-09-26 14:04:00,428][cascade_classifier.calc_accuracy] Accuracy(layer_0 - train.classifier_average)=82.72%
[ 2019-09-26 14:04:00,429][cascade_classifier.fit_transform] [layer=1] look_indexs=[0], X_cur_train.shape=(903, 131), X_cur_test.shape=(0, 131)
[ 2019-09-26 14:04:01,584][kfold_wrapper.log_eval_metrics] Accuracy(layer_1 - estimator_0 - 5_folds.train_0.predict)=83.43%
[ 2019-09-26 14:04:02,804][kfold_wrapper.log_eval_metrics] Accuracy(layer_1 - estimator_0 - 5_folds.train_1.predict)=82.32%
[ 2019-09-26 14:04:03,978][kfold_wrapper.log_eval_metrics] Accuracy(layer_1 - estimator_0 - 5_folds.train_2.predict)=80.11%
[ 2019-09-26 14:04:05,182][kfold_wrapper.log_eval_metrics] Accuracy(layer_1 - estimator_0 - 5_folds.train_3.predict)=83.33%
[ 2019-09-26 14:04:06,365][kfold_wrapper.log_eval_metrics] Accuracy(layer_1 - estimator_0 - 5_folds.train_4.predict)=83.89%
[ 2019-09-26 14:04:06,365][kfold_wrapper.log_eval_metrics] Accuracy(layer_1 - estimator_0 - 5_folds.train_cv.predict)=82.61%
[ 2019-09-26 14:04:08,983][kfold_wrapper.log_eval_metrics] Accuracy(layer_1 - estimator_1 - 5_folds.train_0.predict)=80.66%
[ 2019-09-26 14:04:11,495][kfold_wrapper.log_eval_metrics] Accuracy(layer_1 - estimator_1 - 5_folds.train_1.predict)=86.74%
[ 2019-09-26 14:04:14,048][kfold_wrapper.log_eval_metrics] Accuracy(layer_1 - estimator_1 - 5_folds.train_2.predict)=83.43%
[ 2019-09-26 14:04:16,552][kfold_wrapper.log_eval_metrics] Accuracy(layer_1 - estimator_1 - 5_folds.train_3.predict)=87.22%
[ 2019-09-26 14:04:19,153][kfold_wrapper.log_eval_metrics] Accuracy(layer_1 - estimator_1 - 5_folds.train_4.predict)=83.89%
[ 2019-09-26 14:04:19,153][kfold_wrapper.log_eval_metrics] Accuracy(layer_1 - estimator_1 - 5_folds.train_cv.predict)=84.39%
[ 2019-09-26 14:04:21,584][kfold_wrapper.log_eval_metrics] Accuracy(layer_1 - estimator_2 - 5_folds.train_0.predict)=83.98%
[ 2019-09-26 14:04:23,923][kfold_wrapper.log_eval_metrics] Accuracy(layer_1 - estimator_2 - 5_folds.train_1.predict)=83.43%
[ 2019-09-26 14:04:26,349][kfold_wrapper.log_eval_metrics] Accuracy(layer_1 - estimator_2 - 5_folds.train_2.predict)=81.77%
[ 2019-09-26 14:04:28,688][kfold_wrapper.log_eval_metrics] Accuracy(layer_1 - estimator_2 - 5_folds.train_3.predict)=85.56%
[ 2019-09-26 14:04:31,020][kfold_wrapper.log_eval_metrics] Accuracy(layer_1 - estimator_2 - 5_folds.train_4.predict)=82.78%
[ 2019-09-26 14:04:31,020][kfold_wrapper.log_eval_metrics] Accuracy(layer_1 - estimator_2 - 5_folds.train_cv.predict)=83.50%
[ 2019-09-26 14:04:31,021][cascade_classifier.calc_accuracy] Accuracy(layer_1 - train.classifier_average)=84.05%
[ 2019-09-26 14:04:31,021][cascade_classifier.fit_transform] [layer=2] look_indexs=[0], X_cur_train.shape=(903, 131), X_cur_test.shape=(0, 131)
[ 2019-09-26 14:04:32,196][kfold_wrapper.log_eval_metrics] Accuracy(layer_2 - estimator_0 - 5_folds.train_0.predict)=81.77%
[ 2019-09-26 14:04:33,347][kfold_wrapper.log_eval_metrics] Accuracy(layer_2 - estimator_0 - 5_folds.train_1.predict)=80.11%
[ 2019-09-26 14:04:34,501][kfold_wrapper.log_eval_metrics] Accuracy(layer_2 - estimator_0 - 5_folds.train_2.predict)=81.22%
[ 2019-09-26 14:04:35,709][kfold_wrapper.log_eval_metrics] Accuracy(layer_2 - estimator_0 - 5_folds.train_3.predict)=87.78%
[ 2019-09-26 14:04:36,913][kfold_wrapper.log_eval_metrics] Accuracy(layer_2 - estimator_0 - 5_folds.train_4.predict)=82.78%
[ 2019-09-26 14:04:36,913][kfold_wrapper.log_eval_metrics] Accuracy(layer_2 - estimator_0 - 5_folds.train_cv.predict)=82.72%
[ 2019-09-26 14:04:39,395][kfold_wrapper.log_eval_metrics] Accuracy(layer_2 - estimator_1 - 5_folds.train_0.predict)=85.64%
[ 2019-09-26 14:04:41,891][kfold_wrapper.log_eval_metrics] Accuracy(layer_2 - estimator_1 - 5_folds.train_1.predict)=86.19%
[ 2019-09-26 14:04:44,968][kfold_wrapper.log_eval_metrics] Accuracy(layer_2 - estimator_1 - 5_folds.train_2.predict)=80.11%
[ 2019-09-26 14:04:48,427][kfold_wrapper.log_eval_metrics] Accuracy(layer_2 - estimator_1 - 5_folds.train_3.predict)=80.00%
[ 2019-09-26 14:04:51,726][kfold_wrapper.log_eval_metrics] Accuracy(layer_2 - estimator_1 - 5_folds.train_4.predict)=82.78%
[ 2019-09-26 14:04:51,728][kfold_wrapper.log_eval_metrics] Accuracy(layer_2 - estimator_1 - 5_folds.train_cv.predict)=82.95%
[ 2019-09-26 14:04:55,073][kfold_wrapper.log_eval_metrics] Accuracy(layer_2 - estimator_2 - 5_folds.train_0.predict)=83.43%
[ 2019-09-26 14:04:58,904][kfold_wrapper.log_eval_metrics] Accuracy(layer_2 - estimator_2 - 5_folds.train_1.predict)=86.74%
[ 2019-09-26 14:05:02,188][kfold_wrapper.log_eval_metrics] Accuracy(layer_2 - estimator_2 - 5_folds.train_2.predict)=84.53%
[ 2019-09-26 14:05:05,255][kfold_wrapper.log_eval_metrics] Accuracy(layer_2 - estimator_2 - 5_folds.train_3.predict)=81.11%
[ 2019-09-26 14:05:08,129][kfold_wrapper.log_eval_metrics] Accuracy(layer_2 - estimator_2 - 5_folds.train_4.predict)=83.89%
[ 2019-09-26 14:05:08,130][kfold_wrapper.log_eval_metrics] Accuracy(layer_2 - estimator_2 - 5_folds.train_cv.predict)=83.94%
[ 2019-09-26 14:05:08,131][cascade_classifier.calc_accuracy] Accuracy(layer_2 - train.classifier_average)=83.72%
[ 2019-09-26 14:05:08,132][cascade_classifier.fit_transform] [layer=3] look_indexs=[0], X_cur_train.shape=(903, 131), X_cur_test.shape=(0, 131)
[ 2019-09-26 14:05:09,782][kfold_wrapper.log_eval_metrics] Accuracy(layer_3 - estimator_0 - 5_folds.train_0.predict)=84.53%
[ 2019-09-26 14:05:11,329][kfold_wrapper.log_eval_metrics] Accuracy(layer_3 - estimator_0 - 5_folds.train_1.predict)=78.45%
[ 2019-09-26 14:05:12,878][kfold_wrapper.log_eval_metrics] Accuracy(layer_3 - estimator_0 - 5_folds.train_2.predict)=82.32%
[ 2019-09-26 14:05:14,360][kfold_wrapper.log_eval_metrics] Accuracy(layer_3 - estimator_0 - 5_folds.train_3.predict)=80.00%
[ 2019-09-26 14:05:15,940][kfold_wrapper.log_eval_metrics] Accuracy(layer_3 - estimator_0 - 5_folds.train_4.predict)=83.89%
[ 2019-09-26 14:05:15,941][kfold_wrapper.log_eval_metrics] Accuracy(layer_3 - estimator_0 - 5_folds.train_cv.predict)=81.84%
[ 2019-09-26 14:05:19,567][kfold_wrapper.log_eval_metrics] Accuracy(layer_3 - estimator_1 - 5_folds.train_0.predict)=80.66%
[ 2019-09-26 14:05:23,618][kfold_wrapper.log_eval_metrics] Accuracy(layer_3 - estimator_1 - 5_folds.train_1.predict)=88.40%
[ 2019-09-26 14:05:27,640][kfold_wrapper.log_eval_metrics] Accuracy(layer_3 - estimator_1 - 5_folds.train_2.predict)=85.08%
[ 2019-09-26 14:05:31,167][kfold_wrapper.log_eval_metrics] Accuracy(layer_3 - estimator_1 - 5_folds.train_3.predict)=80.56%
[ 2019-09-26 14:05:35,182][kfold_wrapper.log_eval_metrics] Accuracy(layer_3 - estimator_1 - 5_folds.train_4.predict)=83.33%
[ 2019-09-26 14:05:35,183][kfold_wrapper.log_eval_metrics] Accuracy(layer_3 - estimator_1 - 5_folds.train_cv.predict)=83.61%
[ 2019-09-26 14:05:39,412][kfold_wrapper.log_eval_metrics] Accuracy(layer_3 - estimator_2 - 5_folds.train_0.predict)=86.19%
[ 2019-09-26 14:05:42,680][kfold_wrapper.log_eval_metrics] Accuracy(layer_3 - estimator_2 - 5_folds.train_1.predict)=77.35%
[ 2019-09-26 14:05:46,421][kfold_wrapper.log_eval_metrics] Accuracy(layer_3 - estimator_2 - 5_folds.train_2.predict)=83.43%
[ 2019-09-26 14:05:50,623][kfold_wrapper.log_eval_metrics] Accuracy(layer_3 - estimator_2 - 5_folds.train_3.predict)=83.89%
[ 2019-09-26 14:05:54,451][kfold_wrapper.log_eval_metrics] Accuracy(layer_3 - estimator_2 - 5_folds.train_4.predict)=83.89%
[ 2019-09-26 14:05:54,452][kfold_wrapper.log_eval_metrics] Accuracy(layer_3 - estimator_2 - 5_folds.train_cv.predict)=82.95%
[ 2019-09-26 14:05:54,453][cascade_classifier.calc_accuracy] Accuracy(layer_3 - train.classifier_average)=82.83%
[ 2019-09-26 14:05:54,453][cascade_classifier.fit_transform] [layer=4] look_indexs=[0], X_cur_train.shape=(903, 131), X_cur_test.shape=(0, 131)
[ 2019-09-26 14:05:56,585][kfold_wrapper.log_eval_metrics] Accuracy(layer_4 - estimator_0 - 5_folds.train_0.predict)=81.22%
[ 2019-09-26 14:05:58,738][kfold_wrapper.log_eval_metrics] Accuracy(layer_4 - estimator_0 - 5_folds.train_1.predict)=84.53%
[ 2019-09-26 14:06:01,263][kfold_wrapper.log_eval_metrics] Accuracy(layer_4 - estimator_0 - 5_folds.train_2.predict)=83.98%
[ 2019-09-26 14:06:03,772][kfold_wrapper.log_eval_metrics] Accuracy(layer_4 - estimator_0 - 5_folds.train_3.predict)=80.00%
[ 2019-09-26 14:06:05,953][kfold_wrapper.log_eval_metrics] Accuracy(layer_4 - estimator_0 - 5_folds.train_4.predict)=78.33%
[ 2019-09-26 14:06:05,954][kfold_wrapper.log_eval_metrics] Accuracy(layer_4 - estimator_0 - 5_folds.train_cv.predict)=81.62%
[ 2019-09-26 14:06:09,841][kfold_wrapper.log_eval_metrics] Accuracy(layer_4 - estimator_1 - 5_folds.train_0.predict)=82.32%
[ 2019-09-26 14:06:14,132][kfold_wrapper.log_eval_metrics] Accuracy(layer_4 - estimator_1 - 5_folds.train_1.predict)=86.74%
[ 2019-09-26 14:06:18,118][kfold_wrapper.log_eval_metrics] Accuracy(layer_4 - estimator_1 - 5_folds.train_2.predict)=82.87%
[ 2019-09-26 14:06:20,927][kfold_wrapper.log_eval_metrics] Accuracy(layer_4 - estimator_1 - 5_folds.train_3.predict)=82.78%
[ 2019-09-26 14:06:23,639][kfold_wrapper.log_eval_metrics] Accuracy(layer_4 - estimator_1 - 5_folds.train_4.predict)=78.89%
[ 2019-09-26 14:06:23,640][kfold_wrapper.log_eval_metrics] Accuracy(layer_4 - estimator_1 - 5_folds.train_cv.predict)=82.72%
[ 2019-09-26 14:06:26,041][kfold_wrapper.log_eval_metrics] Accuracy(layer_4 - estimator_2 - 5_folds.train_0.predict)=80.66%
[ 2019-09-26 14:06:28,532][kfold_wrapper.log_eval_metrics] Accuracy(layer_4 - estimator_2 - 5_folds.train_1.predict)=86.19%
[ 2019-09-26 14:06:30,921][kfold_wrapper.log_eval_metrics] Accuracy(layer_4 - estimator_2 - 5_folds.train_2.predict)=83.43%
[ 2019-09-26 14:06:33,427][kfold_wrapper.log_eval_metrics] Accuracy(layer_4 - estimator_2 - 5_folds.train_3.predict)=86.11%
[ 2019-09-26 14:06:36,084][kfold_wrapper.log_eval_metrics] Accuracy(layer_4 - estimator_2 - 5_folds.train_4.predict)=81.11%
[ 2019-09-26 14:06:36,084][kfold_wrapper.log_eval_metrics] Accuracy(layer_4 - estimator_2 - 5_folds.train_cv.predict)=83.50%
[ 2019-09-26 14:06:36,085][cascade_classifier.calc_accuracy] Accuracy(layer_4 - train.classifier_average)=81.95%
[ 2019-09-26 14:06:36,085][cascade_classifier.fit_transform] [layer=5] look_indexs=[0], X_cur_train.shape=(903, 131), X_cur_test.shape=(0, 131)
[ 2019-09-26 14:06:38,703][kfold_wrapper.log_eval_metrics] Accuracy(layer_5 - estimator_0 - 5_folds.train_0.predict)=76.80%
[ 2019-09-26 14:06:40,792][kfold_wrapper.log_eval_metrics] Accuracy(layer_5 - estimator_0 - 5_folds.train_1.predict)=82.87%
[ 2019-09-26 14:06:42,826][kfold_wrapper.log_eval_metrics] Accuracy(layer_5 - estimator_0 - 5_folds.train_2.predict)=81.22%
[ 2019-09-26 14:06:44,875][kfold_wrapper.log_eval_metrics] Accuracy(layer_5 - estimator_0 - 5_folds.train_3.predict)=84.44%
[ 2019-09-26 14:06:47,190][kfold_wrapper.log_eval_metrics] Accuracy(layer_5 - estimator_0 - 5_folds.train_4.predict)=83.33%
[ 2019-09-26 14:06:47,191][kfold_wrapper.log_eval_metrics] Accuracy(layer_5 - estimator_0 - 5_folds.train_cv.predict)=81.73%
[ 2019-09-26 14:06:52,086][kfold_wrapper.log_eval_metrics] Accuracy(layer_5 - estimator_1 - 5_folds.train_0.predict)=81.22%
[ 2019-09-26 14:06:56,200][kfold_wrapper.log_eval_metrics] Accuracy(layer_5 - estimator_1 - 5_folds.train_1.predict)=80.11%
[ 2019-09-26 14:06:58,794][kfold_wrapper.log_eval_metrics] Accuracy(layer_5 - estimator_1 - 5_folds.train_2.predict)=86.74%
[ 2019-09-26 14:07:01,484][kfold_wrapper.log_eval_metrics] Accuracy(layer_5 - estimator_1 - 5_folds.train_3.predict)=83.33%
[ 2019-09-26 14:07:04,150][kfold_wrapper.log_eval_metrics] Accuracy(layer_5 - estimator_1 - 5_folds.train_4.predict)=81.67%
[ 2019-09-26 14:07:04,150][kfold_wrapper.log_eval_metrics] Accuracy(layer_5 - estimator_1 - 5_folds.train_cv.predict)=82.61%
[ 2019-09-26 14:07:06,638][kfold_wrapper.log_eval_metrics] Accuracy(layer_5 - estimator_2 - 5_folds.train_0.predict)=86.19%
[ 2019-09-26 14:07:09,122][kfold_wrapper.log_eval_metrics] Accuracy(layer_5 - estimator_2 - 5_folds.train_1.predict)=82.87%
[ 2019-09-26 14:07:11,617][kfold_wrapper.log_eval_metrics] Accuracy(layer_5 - estimator_2 - 5_folds.train_2.predict)=82.32%
[ 2019-09-26 14:07:14,117][kfold_wrapper.log_eval_metrics] Accuracy(layer_5 - estimator_2 - 5_folds.train_3.predict)=80.56%
[ 2019-09-26 14:07:16,598][kfold_wrapper.log_eval_metrics] Accuracy(layer_5 - estimator_2 - 5_folds.train_4.predict)=83.89%
[ 2019-09-26 14:07:16,599][kfold_wrapper.log_eval_metrics] Accuracy(layer_5 - estimator_2 - 5_folds.train_cv.predict)=83.17%
[ 2019-09-26 14:07:16,599][cascade_classifier.calc_accuracy] Accuracy(layer_5 - train.classifier_average)=82.72%
[ 2019-09-26 14:07:16,599][cascade_classifier.fit_transform] [layer=6] look_indexs=[0], X_cur_train.shape=(903, 131), X_cur_test.shape=(0, 131)
[ 2019-09-26 14:07:17,820][kfold_wrapper.log_eval_metrics] Accuracy(layer_6 - estimator_0 - 5_folds.train_0.predict)=81.77%
[ 2019-09-26 14:07:19,044][kfold_wrapper.log_eval_metrics] Accuracy(layer_6 - estimator_0 - 5_folds.train_1.predict)=83.98%
[ 2019-09-26 14:07:20,280][kfold_wrapper.log_eval_metrics] Accuracy(layer_6 - estimator_0 - 5_folds.train_2.predict)=78.45%
[ 2019-09-26 14:07:21,472][kfold_wrapper.log_eval_metrics] Accuracy(layer_6 - estimator_0 - 5_folds.train_3.predict)=83.89%
[ 2019-09-26 14:07:22,680][kfold_wrapper.log_eval_metrics] Accuracy(layer_6 - estimator_0 - 5_folds.train_4.predict)=81.67%
[ 2019-09-26 14:07:22,680][kfold_wrapper.log_eval_metrics] Accuracy(layer_6 - estimator_0 - 5_folds.train_cv.predict)=81.95%
[ 2019-09-26 14:07:25,334][kfold_wrapper.log_eval_metrics] Accuracy(layer_6 - estimator_1 - 5_folds.train_0.predict)=81.77%
[ 2019-09-26 14:07:28,107][kfold_wrapper.log_eval_metrics] Accuracy(layer_6 - estimator_1 - 5_folds.train_1.predict)=81.22%
[ 2019-09-26 14:07:30,793][kfold_wrapper.log_eval_metrics] Accuracy(layer_6 - estimator_1 - 5_folds.train_2.predict)=76.24%
[ 2019-09-26 14:07:33,599][kfold_wrapper.log_eval_metrics] Accuracy(layer_6 - estimator_1 - 5_folds.train_3.predict)=83.89%
[ 2019-09-26 14:07:36,365][kfold_wrapper.log_eval_metrics] Accuracy(layer_6 - estimator_1 - 5_folds.train_4.predict)=88.89%
[ 2019-09-26 14:07:36,366][kfold_wrapper.log_eval_metrics] Accuracy(layer_6 - estimator_1 - 5_folds.train_cv.predict)=82.39%
[ 2019-09-26 14:07:38,849][kfold_wrapper.log_eval_metrics] Accuracy(layer_6 - estimator_2 - 5_folds.train_0.predict)=82.87%
[ 2019-09-26 14:07:41,333][kfold_wrapper.log_eval_metrics] Accuracy(layer_6 - estimator_2 - 5_folds.train_1.predict)=82.87%
[ 2019-09-26 14:07:43,810][kfold_wrapper.log_eval_metrics] Accuracy(layer_6 - estimator_2 - 5_folds.train_2.predict)=82.32%
[ 2019-09-26 14:07:46,288][kfold_wrapper.log_eval_metrics] Accuracy(layer_6 - estimator_2 - 5_folds.train_3.predict)=80.56%
[ 2019-09-26 14:07:48,767][kfold_wrapper.log_eval_metrics] Accuracy(layer_6 - estimator_2 - 5_folds.train_4.predict)=83.33%
[ 2019-09-26 14:07:48,768][kfold_wrapper.log_eval_metrics] Accuracy(layer_6 - estimator_2 - 5_folds.train_cv.predict)=82.39%
[ 2019-09-26 14:07:48,768][cascade_classifier.calc_accuracy] Accuracy(layer_6 - train.classifier_average)=82.39%
[ 2019-09-26 14:07:48,769][cascade_classifier.fit_transform] [Result][Optimal Level Detected] opt_layer_num=2, accuracy_train=84.05%, accuracy_test=0.00%
[ 2019-09-26 14:07:48,922][cascade_classifier.transform] X_groups_test.shape=[(101, 125)]
[ 2019-09-26 14:07:48,923][cascade_classifier.transform] group_dims=[125]
[ 2019-09-26 14:07:48,923][cascade_classifier.transform] X_test.shape=(101, 125)
[ 2019-09-26 14:07:48,923][cascade_classifier.transform] [layer=0] look_indexs=[0], X_cur_test.shape=(101, 125)
[ 2019-09-26 14:07:52,678][cascade_classifier.transform] [layer=1] look_indexs=[0], X_cur_test.shape=(101, 131)
[ 2019-09-26 14:07:56,623][cascade_classifier.transform] X_groups_test.shape=[(101, 125)]
[ 2019-09-26 14:07:56,624][cascade_classifier.transform] group_dims=[125]
[ 2019-09-26 14:07:56,624][cascade_classifier.transform] X_test.shape=(101, 125)
[ 2019-09-26 14:07:56,625][cascade_classifier.transform] [layer=0] look_indexs=[0], X_cur_test.shape=(101, 125)
[ 2019-09-26 14:08:00,476][cascade_classifier.transform] [layer=1] look_indexs=[0], X_cur_test.shape=(101, 131)
