[ 2019-12-16 14:45:51,561][cascade_classifier.fit_transform] X_groups_train.shape=[(774, 358)],y_train.shape=(774,),X_groups_test.shape=[(87, 358)],y_test.shape=(87,)
[ 2019-12-16 14:45:51,563][cascade_classifier.fit_transform] group_dims=[358]
[ 2019-12-16 14:45:51,563][cascade_classifier.fit_transform] group_starts=[0]
[ 2019-12-16 14:45:51,563][cascade_classifier.fit_transform] group_ends=[358]
[ 2019-12-16 14:45:51,563][cascade_classifier.fit_transform] X_train.shape=(774, 358),X_test.shape=(87, 358)
[ 2019-12-16 14:45:51,565][cascade_classifier.fit_transform] [layer=0] look_indexs=[0], X_cur_train.shape=(774, 358), X_cur_test.shape=(87, 358)
[ 2019-12-16 14:45:52,970][kfold_wrapper.log_eval_metrics] Accuracy(layer_0 - estimator_0 - 3_folds.train_0.predict)=82.24%
[ 2019-12-16 14:45:54,562][kfold_wrapper.log_eval_metrics] Accuracy(layer_0 - estimator_0 - 3_folds.train_1.predict)=83.33%
[ 2019-12-16 14:45:56,142][kfold_wrapper.log_eval_metrics] Accuracy(layer_0 - estimator_0 - 3_folds.train_2.predict)=84.05%
[ 2019-12-16 14:45:56,355][kfold_wrapper.log_eval_metrics] Accuracy(layer_0 - estimator_0 - 3_folds.train_cv.predict)=83.20%
[ 2019-12-16 14:45:56,355][kfold_wrapper.log_eval_metrics] Accuracy(layer_0 - estimator_0 - 3_folds.test.predict)=79.31%
[ 2019-12-16 14:45:57,728][kfold_wrapper.log_eval_metrics] Accuracy(layer_0 - estimator_1 - 3_folds.train_0.predict)=86.87%
[ 2019-12-16 14:45:59,307][kfold_wrapper.log_eval_metrics] Accuracy(layer_0 - estimator_1 - 3_folds.train_1.predict)=81.78%
[ 2019-12-16 14:46:00,905][kfold_wrapper.log_eval_metrics] Accuracy(layer_0 - estimator_1 - 3_folds.train_2.predict)=80.93%
[ 2019-12-16 14:46:01,115][kfold_wrapper.log_eval_metrics] Accuracy(layer_0 - estimator_1 - 3_folds.train_cv.predict)=83.20%
[ 2019-12-16 14:46:01,116][kfold_wrapper.log_eval_metrics] Accuracy(layer_0 - estimator_1 - 3_folds.test.predict)=77.01%
[ 2019-12-16 14:46:02,652][kfold_wrapper.log_eval_metrics] Accuracy(layer_0 - estimator_2 - 3_folds.train_0.predict)=81.85%
[ 2019-12-16 14:46:04,379][kfold_wrapper.log_eval_metrics] Accuracy(layer_0 - estimator_2 - 3_folds.train_1.predict)=82.95%
[ 2019-12-16 14:46:06,110][kfold_wrapper.log_eval_metrics] Accuracy(layer_0 - estimator_2 - 3_folds.train_2.predict)=82.10%
[ 2019-12-16 14:46:06,318][kfold_wrapper.log_eval_metrics] Accuracy(layer_0 - estimator_2 - 3_folds.train_cv.predict)=82.30%
[ 2019-12-16 14:46:06,319][kfold_wrapper.log_eval_metrics] Accuracy(layer_0 - estimator_2 - 3_folds.test.predict)=75.86%
[ 2019-12-16 14:46:07,966][kfold_wrapper.log_eval_metrics] Accuracy(layer_0 - estimator_3 - 3_folds.train_0.predict)=83.01%
[ 2019-12-16 14:46:09,683][kfold_wrapper.log_eval_metrics] Accuracy(layer_0 - estimator_3 - 3_folds.train_1.predict)=81.40%
[ 2019-12-16 14:46:11,512][kfold_wrapper.log_eval_metrics] Accuracy(layer_0 - estimator_3 - 3_folds.train_2.predict)=82.49%
[ 2019-12-16 14:46:11,718][kfold_wrapper.log_eval_metrics] Accuracy(layer_0 - estimator_3 - 3_folds.train_cv.predict)=82.30%
[ 2019-12-16 14:46:11,719][kfold_wrapper.log_eval_metrics] Accuracy(layer_0 - estimator_3 - 3_folds.test.predict)=75.86%
[ 2019-12-16 14:46:11,719][cascade_classifier.calc_accuracy] Accuracy(layer_0 - train.classifier_average)=82.69%
[ 2019-12-16 14:46:11,720][cascade_classifier.calc_accuracy] Accuracy(layer_0 - test.classifier_average)=78.16%
[ 2019-12-16 14:46:11,723][cascade_classifier.fit_transform] [layer=1] look_indexs=[0], X_cur_train.shape=(774, 366), X_cur_test.shape=(87, 366)
[ 2019-12-16 14:46:13,168][kfold_wrapper.log_eval_metrics] Accuracy(layer_1 - estimator_0 - 3_folds.train_0.predict)=83.78%
[ 2019-12-16 14:46:14,744][kfold_wrapper.log_eval_metrics] Accuracy(layer_1 - estimator_0 - 3_folds.train_1.predict)=82.56%
[ 2019-12-16 14:46:16,319][kfold_wrapper.log_eval_metrics] Accuracy(layer_1 - estimator_0 - 3_folds.train_2.predict)=82.10%
[ 2019-12-16 14:46:16,524][kfold_wrapper.log_eval_metrics] Accuracy(layer_1 - estimator_0 - 3_folds.train_cv.predict)=82.82%
[ 2019-12-16 14:46:16,524][kfold_wrapper.log_eval_metrics] Accuracy(layer_1 - estimator_0 - 3_folds.test.predict)=75.86%
[ 2019-12-16 14:46:17,921][kfold_wrapper.log_eval_metrics] Accuracy(layer_1 - estimator_1 - 3_folds.train_0.predict)=85.33%
[ 2019-12-16 14:46:19,500][kfold_wrapper.log_eval_metrics] Accuracy(layer_1 - estimator_1 - 3_folds.train_1.predict)=81.40%
[ 2019-12-16 14:46:21,158][kfold_wrapper.log_eval_metrics] Accuracy(layer_1 - estimator_1 - 3_folds.train_2.predict)=78.99%
[ 2019-12-16 14:46:21,366][kfold_wrapper.log_eval_metrics] Accuracy(layer_1 - estimator_1 - 3_folds.train_cv.predict)=81.91%
[ 2019-12-16 14:46:21,366][kfold_wrapper.log_eval_metrics] Accuracy(layer_1 - estimator_1 - 3_folds.test.predict)=73.56%
[ 2019-12-16 14:46:22,918][kfold_wrapper.log_eval_metrics] Accuracy(layer_1 - estimator_2 - 3_folds.train_0.predict)=84.56%
[ 2019-12-16 14:46:24,785][kfold_wrapper.log_eval_metrics] Accuracy(layer_1 - estimator_2 - 3_folds.train_1.predict)=82.56%
[ 2019-12-16 14:46:26,509][kfold_wrapper.log_eval_metrics] Accuracy(layer_1 - estimator_2 - 3_folds.train_2.predict)=82.88%
[ 2019-12-16 14:46:26,723][kfold_wrapper.log_eval_metrics] Accuracy(layer_1 - estimator_2 - 3_folds.train_cv.predict)=83.33%
[ 2019-12-16 14:46:26,724][kfold_wrapper.log_eval_metrics] Accuracy(layer_1 - estimator_2 - 3_folds.test.predict)=73.56%
[ 2019-12-16 14:46:28,360][kfold_wrapper.log_eval_metrics] Accuracy(layer_1 - estimator_3 - 3_folds.train_0.predict)=81.08%
[ 2019-12-16 14:46:30,157][kfold_wrapper.log_eval_metrics] Accuracy(layer_1 - estimator_3 - 3_folds.train_1.predict)=83.33%
[ 2019-12-16 14:46:31,882][kfold_wrapper.log_eval_metrics] Accuracy(layer_1 - estimator_3 - 3_folds.train_2.predict)=84.44%
[ 2019-12-16 14:46:32,088][kfold_wrapper.log_eval_metrics] Accuracy(layer_1 - estimator_3 - 3_folds.train_cv.predict)=82.95%
[ 2019-12-16 14:46:32,088][kfold_wrapper.log_eval_metrics] Accuracy(layer_1 - estimator_3 - 3_folds.test.predict)=73.56%
[ 2019-12-16 14:46:32,089][cascade_classifier.calc_accuracy] Accuracy(layer_1 - train.classifier_average)=83.20%
[ 2019-12-16 14:46:32,089][cascade_classifier.calc_accuracy] Accuracy(layer_1 - test.classifier_average)=73.56%
[ 2019-12-16 14:46:32,092][cascade_classifier.fit_transform] [layer=2] look_indexs=[0], X_cur_train.shape=(774, 366), X_cur_test.shape=(87, 366)
[ 2019-12-16 14:46:33,473][kfold_wrapper.log_eval_metrics] Accuracy(layer_2 - estimator_0 - 3_folds.train_0.predict)=83.78%
[ 2019-12-16 14:46:35,072][kfold_wrapper.log_eval_metrics] Accuracy(layer_2 - estimator_0 - 3_folds.train_1.predict)=83.72%
[ 2019-12-16 14:46:36,639][kfold_wrapper.log_eval_metrics] Accuracy(layer_2 - estimator_0 - 3_folds.train_2.predict)=82.88%
[ 2019-12-16 14:46:36,849][kfold_wrapper.log_eval_metrics] Accuracy(layer_2 - estimator_0 - 3_folds.train_cv.predict)=83.46%
[ 2019-12-16 14:46:36,849][kfold_wrapper.log_eval_metrics] Accuracy(layer_2 - estimator_0 - 3_folds.test.predict)=73.56%
[ 2019-12-16 14:46:38,246][kfold_wrapper.log_eval_metrics] Accuracy(layer_2 - estimator_1 - 3_folds.train_0.predict)=80.69%
[ 2019-12-16 14:46:39,837][kfold_wrapper.log_eval_metrics] Accuracy(layer_2 - estimator_1 - 3_folds.train_1.predict)=85.66%
[ 2019-12-16 14:46:41,428][kfold_wrapper.log_eval_metrics] Accuracy(layer_2 - estimator_1 - 3_folds.train_2.predict)=82.88%
[ 2019-12-16 14:46:41,645][kfold_wrapper.log_eval_metrics] Accuracy(layer_2 - estimator_1 - 3_folds.train_cv.predict)=83.07%
[ 2019-12-16 14:46:41,645][kfold_wrapper.log_eval_metrics] Accuracy(layer_2 - estimator_1 - 3_folds.test.predict)=74.71%
[ 2019-12-16 14:46:43,190][kfold_wrapper.log_eval_metrics] Accuracy(layer_2 - estimator_2 - 3_folds.train_0.predict)=79.92%
[ 2019-12-16 14:46:44,930][kfold_wrapper.log_eval_metrics] Accuracy(layer_2 - estimator_2 - 3_folds.train_1.predict)=84.88%
[ 2019-12-16 14:46:46,955][kfold_wrapper.log_eval_metrics] Accuracy(layer_2 - estimator_2 - 3_folds.train_2.predict)=80.16%
[ 2019-12-16 14:46:47,171][kfold_wrapper.log_eval_metrics] Accuracy(layer_2 - estimator_2 - 3_folds.train_cv.predict)=81.65%
[ 2019-12-16 14:46:47,171][kfold_wrapper.log_eval_metrics] Accuracy(layer_2 - estimator_2 - 3_folds.test.predict)=73.56%
[ 2019-12-16 14:46:48,946][kfold_wrapper.log_eval_metrics] Accuracy(layer_2 - estimator_3 - 3_folds.train_0.predict)=82.63%
[ 2019-12-16 14:46:51,168][kfold_wrapper.log_eval_metrics] Accuracy(layer_2 - estimator_3 - 3_folds.train_1.predict)=79.84%
[ 2019-12-16 14:46:53,075][kfold_wrapper.log_eval_metrics] Accuracy(layer_2 - estimator_3 - 3_folds.train_2.predict)=86.38%
[ 2019-12-16 14:46:53,282][kfold_wrapper.log_eval_metrics] Accuracy(layer_2 - estimator_3 - 3_folds.train_cv.predict)=82.95%
[ 2019-12-16 14:46:53,283][kfold_wrapper.log_eval_metrics] Accuracy(layer_2 - estimator_3 - 3_folds.test.predict)=72.41%
[ 2019-12-16 14:46:53,283][cascade_classifier.calc_accuracy] Accuracy(layer_2 - train.classifier_average)=82.56%
[ 2019-12-16 14:46:53,283][cascade_classifier.calc_accuracy] Accuracy(layer_2 - test.classifier_average)=73.56%
[ 2019-12-16 14:46:53,285][cascade_classifier.fit_transform] [layer=3] look_indexs=[0], X_cur_train.shape=(774, 366), X_cur_test.shape=(87, 366)
[ 2019-12-16 14:46:54,958][kfold_wrapper.log_eval_metrics] Accuracy(layer_3 - estimator_0 - 3_folds.train_0.predict)=80.31%
[ 2019-12-16 14:46:56,789][kfold_wrapper.log_eval_metrics] Accuracy(layer_3 - estimator_0 - 3_folds.train_1.predict)=82.17%
[ 2019-12-16 14:46:59,148][kfold_wrapper.log_eval_metrics] Accuracy(layer_3 - estimator_0 - 3_folds.train_2.predict)=84.82%
[ 2019-12-16 14:46:59,354][kfold_wrapper.log_eval_metrics] Accuracy(layer_3 - estimator_0 - 3_folds.train_cv.predict)=82.43%
[ 2019-12-16 14:46:59,354][kfold_wrapper.log_eval_metrics] Accuracy(layer_3 - estimator_0 - 3_folds.test.predict)=73.56%
[ 2019-12-16 14:47:00,867][kfold_wrapper.log_eval_metrics] Accuracy(layer_3 - estimator_1 - 3_folds.train_0.predict)=82.63%
[ 2019-12-16 14:47:02,611][kfold_wrapper.log_eval_metrics] Accuracy(layer_3 - estimator_1 - 3_folds.train_1.predict)=81.78%
[ 2019-12-16 14:47:04,202][kfold_wrapper.log_eval_metrics] Accuracy(layer_3 - estimator_1 - 3_folds.train_2.predict)=82.88%
[ 2019-12-16 14:47:04,407][kfold_wrapper.log_eval_metrics] Accuracy(layer_3 - estimator_1 - 3_folds.train_cv.predict)=82.43%
[ 2019-12-16 14:47:04,407][kfold_wrapper.log_eval_metrics] Accuracy(layer_3 - estimator_1 - 3_folds.test.predict)=72.41%
[ 2019-12-16 14:47:06,106][kfold_wrapper.log_eval_metrics] Accuracy(layer_3 - estimator_2 - 3_folds.train_0.predict)=83.40%
[ 2019-12-16 14:47:08,009][kfold_wrapper.log_eval_metrics] Accuracy(layer_3 - estimator_2 - 3_folds.train_1.predict)=81.01%
[ 2019-12-16 14:47:09,867][kfold_wrapper.log_eval_metrics] Accuracy(layer_3 - estimator_2 - 3_folds.train_2.predict)=82.49%
[ 2019-12-16 14:47:10,074][kfold_wrapper.log_eval_metrics] Accuracy(layer_3 - estimator_2 - 3_folds.train_cv.predict)=82.30%
[ 2019-12-16 14:47:10,074][kfold_wrapper.log_eval_metrics] Accuracy(layer_3 - estimator_2 - 3_folds.test.predict)=74.71%
[ 2019-12-16 14:47:11,620][kfold_wrapper.log_eval_metrics] Accuracy(layer_3 - estimator_3 - 3_folds.train_0.predict)=85.33%
[ 2019-12-16 14:47:13,328][kfold_wrapper.log_eval_metrics] Accuracy(layer_3 - estimator_3 - 3_folds.train_1.predict)=80.62%
[ 2019-12-16 14:47:15,153][kfold_wrapper.log_eval_metrics] Accuracy(layer_3 - estimator_3 - 3_folds.train_2.predict)=82.10%
[ 2019-12-16 14:47:15,361][kfold_wrapper.log_eval_metrics] Accuracy(layer_3 - estimator_3 - 3_folds.train_cv.predict)=82.69%
[ 2019-12-16 14:47:15,362][kfold_wrapper.log_eval_metrics] Accuracy(layer_3 - estimator_3 - 3_folds.test.predict)=72.41%
[ 2019-12-16 14:47:15,362][cascade_classifier.calc_accuracy] Accuracy(layer_3 - train.classifier_average)=82.17%
[ 2019-12-16 14:47:15,363][cascade_classifier.calc_accuracy] Accuracy(layer_3 - test.classifier_average)=72.41%
[ 2019-12-16 14:47:15,366][cascade_classifier.fit_transform] [layer=4] look_indexs=[0], X_cur_train.shape=(774, 366), X_cur_test.shape=(87, 366)
[ 2019-12-16 14:47:16,749][kfold_wrapper.log_eval_metrics] Accuracy(layer_4 - estimator_0 - 3_folds.train_0.predict)=82.63%
[ 2019-12-16 14:47:18,345][kfold_wrapper.log_eval_metrics] Accuracy(layer_4 - estimator_0 - 3_folds.train_1.predict)=84.88%
[ 2019-12-16 14:47:20,129][kfold_wrapper.log_eval_metrics] Accuracy(layer_4 - estimator_0 - 3_folds.train_2.predict)=83.27%
[ 2019-12-16 14:47:20,439][kfold_wrapper.log_eval_metrics] Accuracy(layer_4 - estimator_0 - 3_folds.train_cv.predict)=83.59%
[ 2019-12-16 14:47:20,440][kfold_wrapper.log_eval_metrics] Accuracy(layer_4 - estimator_0 - 3_folds.test.predict)=73.56%
[ 2019-12-16 14:47:21,864][kfold_wrapper.log_eval_metrics] Accuracy(layer_4 - estimator_1 - 3_folds.train_0.predict)=83.01%
[ 2019-12-16 14:47:23,570][kfold_wrapper.log_eval_metrics] Accuracy(layer_4 - estimator_1 - 3_folds.train_1.predict)=85.27%
[ 2019-12-16 14:47:25,171][kfold_wrapper.log_eval_metrics] Accuracy(layer_4 - estimator_1 - 3_folds.train_2.predict)=80.93%
[ 2019-12-16 14:47:25,378][kfold_wrapper.log_eval_metrics] Accuracy(layer_4 - estimator_1 - 3_folds.train_cv.predict)=83.07%
[ 2019-12-16 14:47:25,379][kfold_wrapper.log_eval_metrics] Accuracy(layer_4 - estimator_1 - 3_folds.test.predict)=72.41%
[ 2019-12-16 14:47:26,933][kfold_wrapper.log_eval_metrics] Accuracy(layer_4 - estimator_2 - 3_folds.train_0.predict)=83.40%
[ 2019-12-16 14:47:28,662][kfold_wrapper.log_eval_metrics] Accuracy(layer_4 - estimator_2 - 3_folds.train_1.predict)=82.17%
[ 2019-12-16 14:47:30,396][kfold_wrapper.log_eval_metrics] Accuracy(layer_4 - estimator_2 - 3_folds.train_2.predict)=81.32%
[ 2019-12-16 14:47:30,606][kfold_wrapper.log_eval_metrics] Accuracy(layer_4 - estimator_2 - 3_folds.train_cv.predict)=82.30%
[ 2019-12-16 14:47:30,607][kfold_wrapper.log_eval_metrics] Accuracy(layer_4 - estimator_2 - 3_folds.test.predict)=72.41%
[ 2019-12-16 14:47:32,140][kfold_wrapper.log_eval_metrics] Accuracy(layer_4 - estimator_3 - 3_folds.train_0.predict)=85.71%
[ 2019-12-16 14:47:33,868][kfold_wrapper.log_eval_metrics] Accuracy(layer_4 - estimator_3 - 3_folds.train_1.predict)=80.62%
[ 2019-12-16 14:47:35,594][kfold_wrapper.log_eval_metrics] Accuracy(layer_4 - estimator_3 - 3_folds.train_2.predict)=82.88%
[ 2019-12-16 14:47:35,802][kfold_wrapper.log_eval_metrics] Accuracy(layer_4 - estimator_3 - 3_folds.train_cv.predict)=83.07%
[ 2019-12-16 14:47:35,802][kfold_wrapper.log_eval_metrics] Accuracy(layer_4 - estimator_3 - 3_folds.test.predict)=74.71%
[ 2019-12-16 14:47:35,803][cascade_classifier.calc_accuracy] Accuracy(layer_4 - train.classifier_average)=82.56%
[ 2019-12-16 14:47:35,803][cascade_classifier.calc_accuracy] Accuracy(layer_4 - test.classifier_average)=73.56%
[ 2019-12-16 14:47:35,805][cascade_classifier.fit_transform] [layer=5] look_indexs=[0], X_cur_train.shape=(774, 366), X_cur_test.shape=(87, 366)
[ 2019-12-16 14:47:37,187][kfold_wrapper.log_eval_metrics] Accuracy(layer_5 - estimator_0 - 3_folds.train_0.predict)=86.49%
[ 2019-12-16 14:47:38,779][kfold_wrapper.log_eval_metrics] Accuracy(layer_5 - estimator_0 - 3_folds.train_1.predict)=81.40%
[ 2019-12-16 14:47:40,351][kfold_wrapper.log_eval_metrics] Accuracy(layer_5 - estimator_0 - 3_folds.train_2.predict)=82.49%
[ 2019-12-16 14:47:40,569][kfold_wrapper.log_eval_metrics] Accuracy(layer_5 - estimator_0 - 3_folds.train_cv.predict)=83.46%
[ 2019-12-16 14:47:40,570][kfold_wrapper.log_eval_metrics] Accuracy(layer_5 - estimator_0 - 3_folds.test.predict)=72.41%
[ 2019-12-16 14:47:41,954][kfold_wrapper.log_eval_metrics] Accuracy(layer_5 - estimator_1 - 3_folds.train_0.predict)=82.24%
[ 2019-12-16 14:47:43,632][kfold_wrapper.log_eval_metrics] Accuracy(layer_5 - estimator_1 - 3_folds.train_1.predict)=81.01%
[ 2019-12-16 14:47:45,752][kfold_wrapper.log_eval_metrics] Accuracy(layer_5 - estimator_1 - 3_folds.train_2.predict)=82.49%
[ 2019-12-16 14:47:45,964][kfold_wrapper.log_eval_metrics] Accuracy(layer_5 - estimator_1 - 3_folds.train_cv.predict)=81.91%
[ 2019-12-16 14:47:45,964][kfold_wrapper.log_eval_metrics] Accuracy(layer_5 - estimator_1 - 3_folds.test.predict)=72.41%
[ 2019-12-16 14:47:47,530][kfold_wrapper.log_eval_metrics] Accuracy(layer_5 - estimator_2 - 3_folds.train_0.predict)=83.01%
[ 2019-12-16 14:47:49,369][kfold_wrapper.log_eval_metrics] Accuracy(layer_5 - estimator_2 - 3_folds.train_1.predict)=83.33%
[ 2019-12-16 14:47:51,739][kfold_wrapper.log_eval_metrics] Accuracy(layer_5 - estimator_2 - 3_folds.train_2.predict)=82.88%
[ 2019-12-16 14:47:52,081][kfold_wrapper.log_eval_metrics] Accuracy(layer_5 - estimator_2 - 3_folds.train_cv.predict)=83.07%
[ 2019-12-16 14:47:52,084][kfold_wrapper.log_eval_metrics] Accuracy(layer_5 - estimator_2 - 3_folds.test.predict)=71.26%
[ 2019-12-16 14:47:54,241][kfold_wrapper.log_eval_metrics] Accuracy(layer_5 - estimator_3 - 3_folds.train_0.predict)=80.69%
[ 2019-12-16 14:47:56,760][kfold_wrapper.log_eval_metrics] Accuracy(layer_5 - estimator_3 - 3_folds.train_1.predict)=82.56%
[ 2019-12-16 14:47:59,283][kfold_wrapper.log_eval_metrics] Accuracy(layer_5 - estimator_3 - 3_folds.train_2.predict)=83.66%
[ 2019-12-16 14:47:59,593][kfold_wrapper.log_eval_metrics] Accuracy(layer_5 - estimator_3 - 3_folds.train_cv.predict)=82.30%
[ 2019-12-16 14:47:59,593][kfold_wrapper.log_eval_metrics] Accuracy(layer_5 - estimator_3 - 3_folds.test.predict)=72.41%
[ 2019-12-16 14:47:59,595][cascade_classifier.calc_accuracy] Accuracy(layer_5 - train.classifier_average)=82.69%
[ 2019-12-16 14:47:59,596][cascade_classifier.calc_accuracy] Accuracy(layer_5 - test.classifier_average)=72.41%
[ 2019-12-16 14:47:59,597][cascade_classifier.fit_transform] [Result][Optimal Level Detected] opt_layer_num=2, accuracy_train=83.20%, accuracy_test=73.56%
[ 2019-12-16 14:47:59,669][cascade_classifier.transform] X_groups_test.shape=[(87, 358)]
[ 2019-12-16 14:47:59,669][cascade_classifier.transform] group_dims=[358]
[ 2019-12-16 14:47:59,670][cascade_classifier.transform] X_test.shape=(87, 358)
[ 2019-12-16 14:47:59,670][cascade_classifier.transform] [layer=0] look_indexs=[0], X_cur_test.shape=(87, 358)
[ 2019-12-16 14:48:03,520][cascade_classifier.transform] [layer=1] look_indexs=[0], X_cur_test.shape=(87, 366)
[ 2019-12-16 14:48:07,343][cascade_classifier.transform] X_groups_test.shape=[(87, 358)]
[ 2019-12-16 14:48:07,344][cascade_classifier.transform] group_dims=[358]
[ 2019-12-16 14:48:07,344][cascade_classifier.transform] X_test.shape=(87, 358)
[ 2019-12-16 14:48:07,345][cascade_classifier.transform] [layer=0] look_indexs=[0], X_cur_test.shape=(87, 358)
[ 2019-12-16 14:48:11,155][cascade_classifier.transform] [layer=1] look_indexs=[0], X_cur_test.shape=(87, 366)
[ 2019-12-16 14:48:15,041][cascade_classifier.fit_transform] X_groups_train.shape=[(774, 358)],y_train.shape=(774,),X_groups_test.shape=[(87, 358)],y_test.shape=(87,)
[ 2019-12-16 14:48:15,045][cascade_classifier.fit_transform] group_dims=[358]
[ 2019-12-16 14:48:15,046][cascade_classifier.fit_transform] group_starts=[0]
[ 2019-12-16 14:48:15,047][cascade_classifier.fit_transform] group_ends=[358]
[ 2019-12-16 14:48:15,047][cascade_classifier.fit_transform] X_train.shape=(774, 358),X_test.shape=(87, 358)
[ 2019-12-16 14:48:15,052][cascade_classifier.fit_transform] [layer=0] look_indexs=[0], X_cur_train.shape=(774, 358), X_cur_test.shape=(87, 358)
[ 2019-12-16 14:48:17,001][kfold_wrapper.log_eval_metrics] Accuracy(layer_0 - estimator_0 - 3_folds.train_0.predict)=82.24%
[ 2019-12-16 14:48:19,337][kfold_wrapper.log_eval_metrics] Accuracy(layer_0 - estimator_0 - 3_folds.train_1.predict)=83.33%
[ 2019-12-16 14:48:21,726][kfold_wrapper.log_eval_metrics] Accuracy(layer_0 - estimator_0 - 3_folds.train_2.predict)=84.05%
[ 2019-12-16 14:48:22,052][kfold_wrapper.log_eval_metrics] Accuracy(layer_0 - estimator_0 - 3_folds.train_cv.predict)=83.20%
[ 2019-12-16 14:48:22,053][kfold_wrapper.log_eval_metrics] Accuracy(layer_0 - estimator_0 - 3_folds.test.predict)=79.31%
[ 2019-12-16 14:48:24,084][kfold_wrapper.log_eval_metrics] Accuracy(layer_0 - estimator_1 - 3_folds.train_0.predict)=86.87%
[ 2019-12-16 14:48:26,411][kfold_wrapper.log_eval_metrics] Accuracy(layer_0 - estimator_1 - 3_folds.train_1.predict)=81.78%
[ 2019-12-16 14:48:28,512][kfold_wrapper.log_eval_metrics] Accuracy(layer_0 - estimator_1 - 3_folds.train_2.predict)=80.93%
[ 2019-12-16 14:48:28,718][kfold_wrapper.log_eval_metrics] Accuracy(layer_0 - estimator_1 - 3_folds.train_cv.predict)=83.20%
[ 2019-12-16 14:48:28,719][kfold_wrapper.log_eval_metrics] Accuracy(layer_0 - estimator_1 - 3_folds.test.predict)=77.01%
[ 2019-12-16 14:48:30,295][kfold_wrapper.log_eval_metrics] Accuracy(layer_0 - estimator_2 - 3_folds.train_0.predict)=81.85%
[ 2019-12-16 14:48:32,153][kfold_wrapper.log_eval_metrics] Accuracy(layer_0 - estimator_2 - 3_folds.train_1.predict)=82.95%
[ 2019-12-16 14:48:33,930][kfold_wrapper.log_eval_metrics] Accuracy(layer_0 - estimator_2 - 3_folds.train_2.predict)=82.10%
[ 2019-12-16 14:48:34,140][kfold_wrapper.log_eval_metrics] Accuracy(layer_0 - estimator_2 - 3_folds.train_cv.predict)=82.30%
[ 2019-12-16 14:48:34,141][kfold_wrapper.log_eval_metrics] Accuracy(layer_0 - estimator_2 - 3_folds.test.predict)=75.86%
[ 2019-12-16 14:48:35,690][kfold_wrapper.log_eval_metrics] Accuracy(layer_0 - estimator_3 - 3_folds.train_0.predict)=83.01%
[ 2019-12-16 14:48:37,557][kfold_wrapper.log_eval_metrics] Accuracy(layer_0 - estimator_3 - 3_folds.train_1.predict)=81.40%
