[ 2019-12-15 21:08:17,324][cascade_classifier.fit_transform] X_groups_train.shape=[(774, 358)],y_train.shape=(774,),X_groups_test.shape=[(87, 358)],y_test.shape=(87,)
[ 2019-12-15 21:08:17,326][cascade_classifier.fit_transform] group_dims=[358]
[ 2019-12-15 21:08:17,326][cascade_classifier.fit_transform] group_starts=[0]
[ 2019-12-15 21:08:17,326][cascade_classifier.fit_transform] group_ends=[358]
[ 2019-12-15 21:08:17,326][cascade_classifier.fit_transform] X_train.shape=(774, 358),X_test.shape=(87, 358)
[ 2019-12-15 21:08:17,328][cascade_classifier.fit_transform] [layer=0] look_indexs=[0], X_cur_train.shape=(774, 358), X_cur_test.shape=(87, 358)
[ 2019-12-15 21:08:17,686][kfold_wrapper.log_eval_metrics] Accuracy(layer_0 - estimator_0 - 3_folds.train_0.predict)=79.84%
[ 2019-12-15 21:08:18,227][kfold_wrapper.log_eval_metrics] Accuracy(layer_0 - estimator_0 - 3_folds.train_1.predict)=79.84%
[ 2019-12-15 21:08:18,672][kfold_wrapper.log_eval_metrics] Accuracy(layer_0 - estimator_0 - 3_folds.train_2.predict)=82.95%
[ 2019-12-15 21:08:18,779][kfold_wrapper.log_eval_metrics] Accuracy(layer_0 - estimator_0 - 3_folds.train_cv.predict)=80.88%
[ 2019-12-15 21:08:18,780][kfold_wrapper.log_eval_metrics] Accuracy(layer_0 - estimator_0 - 3_folds.test.predict)=83.91%
[ 2019-12-15 21:08:19,132][kfold_wrapper.log_eval_metrics] Accuracy(layer_0 - estimator_1 - 3_folds.train_0.predict)=79.46%
[ 2019-12-15 21:08:19,578][kfold_wrapper.log_eval_metrics] Accuracy(layer_0 - estimator_1 - 3_folds.train_1.predict)=80.23%
[ 2019-12-15 21:08:20,022][kfold_wrapper.log_eval_metrics] Accuracy(layer_0 - estimator_1 - 3_folds.train_2.predict)=81.78%
[ 2019-12-15 21:08:20,129][kfold_wrapper.log_eval_metrics] Accuracy(layer_0 - estimator_1 - 3_folds.train_cv.predict)=80.49%
[ 2019-12-15 21:08:20,130][kfold_wrapper.log_eval_metrics] Accuracy(layer_0 - estimator_1 - 3_folds.test.predict)=81.61%
[ 2019-12-15 21:08:20,460][kfold_wrapper.log_eval_metrics] Accuracy(layer_0 - estimator_2 - 3_folds.train_0.predict)=79.84%
[ 2019-12-15 21:08:20,894][kfold_wrapper.log_eval_metrics] Accuracy(layer_0 - estimator_2 - 3_folds.train_1.predict)=81.40%
[ 2019-12-15 21:08:21,336][kfold_wrapper.log_eval_metrics] Accuracy(layer_0 - estimator_2 - 3_folds.train_2.predict)=82.17%
[ 2019-12-15 21:08:21,442][kfold_wrapper.log_eval_metrics] Accuracy(layer_0 - estimator_2 - 3_folds.train_cv.predict)=81.14%
[ 2019-12-15 21:08:21,443][kfold_wrapper.log_eval_metrics] Accuracy(layer_0 - estimator_2 - 3_folds.test.predict)=82.76%
[ 2019-12-15 21:08:21,779][kfold_wrapper.log_eval_metrics] Accuracy(layer_0 - estimator_3 - 3_folds.train_0.predict)=81.78%
[ 2019-12-15 21:08:22,236][kfold_wrapper.log_eval_metrics] Accuracy(layer_0 - estimator_3 - 3_folds.train_1.predict)=78.29%
[ 2019-12-15 21:08:22,680][kfold_wrapper.log_eval_metrics] Accuracy(layer_0 - estimator_3 - 3_folds.train_2.predict)=79.84%
[ 2019-12-15 21:08:22,786][kfold_wrapper.log_eval_metrics] Accuracy(layer_0 - estimator_3 - 3_folds.train_cv.predict)=79.97%
[ 2019-12-15 21:08:22,786][kfold_wrapper.log_eval_metrics] Accuracy(layer_0 - estimator_3 - 3_folds.test.predict)=82.76%
[ 2019-12-15 21:08:22,786][cascade_classifier.calc_accuracy] Accuracy(layer_0 - train.classifier_average)=80.36%
[ 2019-12-15 21:08:22,787][cascade_classifier.calc_accuracy] Accuracy(layer_0 - test.classifier_average)=82.76%
[ 2019-12-15 21:08:22,788][cascade_classifier.fit_transform] [layer=1] look_indexs=[0], X_cur_train.shape=(774, 366), X_cur_test.shape=(87, 366)
[ 2019-12-15 21:08:23,234][kfold_wrapper.log_eval_metrics] Accuracy(layer_1 - estimator_0 - 3_folds.train_0.predict)=81.78%
[ 2019-12-15 21:08:23,672][kfold_wrapper.log_eval_metrics] Accuracy(layer_1 - estimator_0 - 3_folds.train_1.predict)=80.62%
[ 2019-12-15 21:08:24,210][kfold_wrapper.log_eval_metrics] Accuracy(layer_1 - estimator_0 - 3_folds.train_2.predict)=83.33%
[ 2019-12-15 21:08:24,323][kfold_wrapper.log_eval_metrics] Accuracy(layer_1 - estimator_0 - 3_folds.train_cv.predict)=81.91%
[ 2019-12-15 21:08:24,324][kfold_wrapper.log_eval_metrics] Accuracy(layer_1 - estimator_0 - 3_folds.test.predict)=82.76%
[ 2019-12-15 21:08:24,666][kfold_wrapper.log_eval_metrics] Accuracy(layer_1 - estimator_1 - 3_folds.train_0.predict)=81.78%
[ 2019-12-15 21:08:25,219][kfold_wrapper.log_eval_metrics] Accuracy(layer_1 - estimator_1 - 3_folds.train_1.predict)=82.95%
[ 2019-12-15 21:08:25,662][kfold_wrapper.log_eval_metrics] Accuracy(layer_1 - estimator_1 - 3_folds.train_2.predict)=74.42%
[ 2019-12-15 21:08:25,773][kfold_wrapper.log_eval_metrics] Accuracy(layer_1 - estimator_1 - 3_folds.train_cv.predict)=79.72%
[ 2019-12-15 21:08:25,773][kfold_wrapper.log_eval_metrics] Accuracy(layer_1 - estimator_1 - 3_folds.test.predict)=85.06%
[ 2019-12-15 21:08:26,110][kfold_wrapper.log_eval_metrics] Accuracy(layer_1 - estimator_2 - 3_folds.train_0.predict)=81.01%
[ 2019-12-15 21:08:26,547][kfold_wrapper.log_eval_metrics] Accuracy(layer_1 - estimator_2 - 3_folds.train_1.predict)=78.68%
[ 2019-12-15 21:08:26,993][kfold_wrapper.log_eval_metrics] Accuracy(layer_1 - estimator_2 - 3_folds.train_2.predict)=79.84%
[ 2019-12-15 21:08:27,111][kfold_wrapper.log_eval_metrics] Accuracy(layer_1 - estimator_2 - 3_folds.train_cv.predict)=79.84%
[ 2019-12-15 21:08:27,111][kfold_wrapper.log_eval_metrics] Accuracy(layer_1 - estimator_2 - 3_folds.test.predict)=85.06%
[ 2019-12-15 21:08:27,448][kfold_wrapper.log_eval_metrics] Accuracy(layer_1 - estimator_3 - 3_folds.train_0.predict)=80.62%
[ 2019-12-15 21:08:27,882][kfold_wrapper.log_eval_metrics] Accuracy(layer_1 - estimator_3 - 3_folds.train_1.predict)=84.50%
[ 2019-12-15 21:08:28,326][kfold_wrapper.log_eval_metrics] Accuracy(layer_1 - estimator_3 - 3_folds.train_2.predict)=79.07%
[ 2019-12-15 21:08:28,431][kfold_wrapper.log_eval_metrics] Accuracy(layer_1 - estimator_3 - 3_folds.train_cv.predict)=81.40%
[ 2019-12-15 21:08:28,432][kfold_wrapper.log_eval_metrics] Accuracy(layer_1 - estimator_3 - 3_folds.test.predict)=83.91%
[ 2019-12-15 21:08:28,432][cascade_classifier.calc_accuracy] Accuracy(layer_1 - train.classifier_average)=80.49%
[ 2019-12-15 21:08:28,432][cascade_classifier.calc_accuracy] Accuracy(layer_1 - test.classifier_average)=85.06%
[ 2019-12-15 21:08:28,434][cascade_classifier.fit_transform] [layer=2] look_indexs=[0], X_cur_train.shape=(774, 366), X_cur_test.shape=(87, 366)
[ 2019-12-15 21:08:28,777][kfold_wrapper.log_eval_metrics] Accuracy(layer_2 - estimator_0 - 3_folds.train_0.predict)=84.88%
[ 2019-12-15 21:08:29,248][kfold_wrapper.log_eval_metrics] Accuracy(layer_2 - estimator_0 - 3_folds.train_1.predict)=79.84%
[ 2019-12-15 21:08:29,681][kfold_wrapper.log_eval_metrics] Accuracy(layer_2 - estimator_0 - 3_folds.train_2.predict)=80.62%
[ 2019-12-15 21:08:29,792][kfold_wrapper.log_eval_metrics] Accuracy(layer_2 - estimator_0 - 3_folds.train_cv.predict)=81.78%
[ 2019-12-15 21:08:29,793][kfold_wrapper.log_eval_metrics] Accuracy(layer_2 - estimator_0 - 3_folds.test.predict)=83.91%
[ 2019-12-15 21:08:30,229][kfold_wrapper.log_eval_metrics] Accuracy(layer_2 - estimator_1 - 3_folds.train_0.predict)=80.62%
[ 2019-12-15 21:08:30,670][kfold_wrapper.log_eval_metrics] Accuracy(layer_2 - estimator_1 - 3_folds.train_1.predict)=82.17%
[ 2019-12-15 21:08:31,222][kfold_wrapper.log_eval_metrics] Accuracy(layer_2 - estimator_1 - 3_folds.train_2.predict)=78.68%
[ 2019-12-15 21:08:31,328][kfold_wrapper.log_eval_metrics] Accuracy(layer_2 - estimator_1 - 3_folds.train_cv.predict)=80.49%
[ 2019-12-15 21:08:31,329][kfold_wrapper.log_eval_metrics] Accuracy(layer_2 - estimator_1 - 3_folds.test.predict)=81.61%
[ 2019-12-15 21:08:31,660][kfold_wrapper.log_eval_metrics] Accuracy(layer_2 - estimator_2 - 3_folds.train_0.predict)=82.56%
[ 2019-12-15 21:08:32,100][kfold_wrapper.log_eval_metrics] Accuracy(layer_2 - estimator_2 - 3_folds.train_1.predict)=79.84%
[ 2019-12-15 21:08:32,537][kfold_wrapper.log_eval_metrics] Accuracy(layer_2 - estimator_2 - 3_folds.train_2.predict)=80.62%
[ 2019-12-15 21:08:32,643][kfold_wrapper.log_eval_metrics] Accuracy(layer_2 - estimator_2 - 3_folds.train_cv.predict)=81.01%
[ 2019-12-15 21:08:32,644][kfold_wrapper.log_eval_metrics] Accuracy(layer_2 - estimator_2 - 3_folds.test.predict)=82.76%
[ 2019-12-15 21:08:32,976][kfold_wrapper.log_eval_metrics] Accuracy(layer_2 - estimator_3 - 3_folds.train_0.predict)=77.91%
[ 2019-12-15 21:08:33,422][kfold_wrapper.log_eval_metrics] Accuracy(layer_2 - estimator_3 - 3_folds.train_1.predict)=82.95%
[ 2019-12-15 21:08:33,856][kfold_wrapper.log_eval_metrics] Accuracy(layer_2 - estimator_3 - 3_folds.train_2.predict)=81.01%
[ 2019-12-15 21:08:33,969][kfold_wrapper.log_eval_metrics] Accuracy(layer_2 - estimator_3 - 3_folds.train_cv.predict)=80.62%
[ 2019-12-15 21:08:33,970][kfold_wrapper.log_eval_metrics] Accuracy(layer_2 - estimator_3 - 3_folds.test.predict)=81.61%
[ 2019-12-15 21:08:33,970][cascade_classifier.calc_accuracy] Accuracy(layer_2 - train.classifier_average)=80.23%
[ 2019-12-15 21:08:33,970][cascade_classifier.calc_accuracy] Accuracy(layer_2 - test.classifier_average)=81.61%
[ 2019-12-15 21:08:33,972][cascade_classifier.fit_transform] [layer=3] look_indexs=[0], X_cur_train.shape=(774, 366), X_cur_test.shape=(87, 366)
[ 2019-12-15 21:08:34,326][kfold_wrapper.log_eval_metrics] Accuracy(layer_3 - estimator_0 - 3_folds.train_0.predict)=78.68%
[ 2019-12-15 21:08:34,765][kfold_wrapper.log_eval_metrics] Accuracy(layer_3 - estimator_0 - 3_folds.train_1.predict)=80.23%
[ 2019-12-15 21:08:35,244][kfold_wrapper.log_eval_metrics] Accuracy(layer_3 - estimator_0 - 3_folds.train_2.predict)=79.84%
[ 2019-12-15 21:08:35,355][kfold_wrapper.log_eval_metrics] Accuracy(layer_3 - estimator_0 - 3_folds.train_cv.predict)=79.59%
[ 2019-12-15 21:08:35,356][kfold_wrapper.log_eval_metrics] Accuracy(layer_3 - estimator_0 - 3_folds.test.predict)=83.91%
[ 2019-12-15 21:08:35,692][kfold_wrapper.log_eval_metrics] Accuracy(layer_3 - estimator_1 - 3_folds.train_0.predict)=83.33%
[ 2019-12-15 21:08:36,237][kfold_wrapper.log_eval_metrics] Accuracy(layer_3 - estimator_1 - 3_folds.train_1.predict)=82.17%
[ 2019-12-15 21:08:36,678][kfold_wrapper.log_eval_metrics] Accuracy(layer_3 - estimator_1 - 3_folds.train_2.predict)=78.29%
[ 2019-12-15 21:08:36,783][kfold_wrapper.log_eval_metrics] Accuracy(layer_3 - estimator_1 - 3_folds.train_cv.predict)=81.27%
[ 2019-12-15 21:08:36,784][kfold_wrapper.log_eval_metrics] Accuracy(layer_3 - estimator_1 - 3_folds.test.predict)=83.91%
[ 2019-12-15 21:08:37,117][kfold_wrapper.log_eval_metrics] Accuracy(layer_3 - estimator_2 - 3_folds.train_0.predict)=80.62%
[ 2019-12-15 21:08:37,557][kfold_wrapper.log_eval_metrics] Accuracy(layer_3 - estimator_2 - 3_folds.train_1.predict)=80.23%
[ 2019-12-15 21:08:37,992][kfold_wrapper.log_eval_metrics] Accuracy(layer_3 - estimator_2 - 3_folds.train_2.predict)=84.88%
[ 2019-12-15 21:08:38,101][kfold_wrapper.log_eval_metrics] Accuracy(layer_3 - estimator_2 - 3_folds.train_cv.predict)=81.91%
[ 2019-12-15 21:08:38,102][kfold_wrapper.log_eval_metrics] Accuracy(layer_3 - estimator_2 - 3_folds.test.predict)=83.91%
[ 2019-12-15 21:08:38,433][kfold_wrapper.log_eval_metrics] Accuracy(layer_3 - estimator_3 - 3_folds.train_0.predict)=81.01%
[ 2019-12-15 21:08:38,869][kfold_wrapper.log_eval_metrics] Accuracy(layer_3 - estimator_3 - 3_folds.train_1.predict)=82.56%
[ 2019-12-15 21:08:39,321][kfold_wrapper.log_eval_metrics] Accuracy(layer_3 - estimator_3 - 3_folds.train_2.predict)=82.56%
[ 2019-12-15 21:08:39,433][kfold_wrapper.log_eval_metrics] Accuracy(layer_3 - estimator_3 - 3_folds.train_cv.predict)=82.04%
[ 2019-12-15 21:08:39,433][kfold_wrapper.log_eval_metrics] Accuracy(layer_3 - estimator_3 - 3_folds.test.predict)=86.21%
[ 2019-12-15 21:08:39,433][cascade_classifier.calc_accuracy] Accuracy(layer_3 - train.classifier_average)=82.43%
[ 2019-12-15 21:08:39,433][cascade_classifier.calc_accuracy] Accuracy(layer_3 - test.classifier_average)=85.06%
[ 2019-12-15 21:08:39,435][cascade_classifier.fit_transform] [layer=4] look_indexs=[0], X_cur_train.shape=(774, 366), X_cur_test.shape=(87, 366)
[ 2019-12-15 21:08:39,769][kfold_wrapper.log_eval_metrics] Accuracy(layer_4 - estimator_0 - 3_folds.train_0.predict)=81.78%
[ 2019-12-15 21:08:40,236][kfold_wrapper.log_eval_metrics] Accuracy(layer_4 - estimator_0 - 3_folds.train_1.predict)=81.78%
[ 2019-12-15 21:08:40,675][kfold_wrapper.log_eval_metrics] Accuracy(layer_4 - estimator_0 - 3_folds.train_2.predict)=83.33%
[ 2019-12-15 21:08:40,791][kfold_wrapper.log_eval_metrics] Accuracy(layer_4 - estimator_0 - 3_folds.train_cv.predict)=82.30%
[ 2019-12-15 21:08:40,792][kfold_wrapper.log_eval_metrics] Accuracy(layer_4 - estimator_0 - 3_folds.test.predict)=86.21%
[ 2019-12-15 21:08:41,229][kfold_wrapper.log_eval_metrics] Accuracy(layer_4 - estimator_1 - 3_folds.train_0.predict)=82.56%
[ 2019-12-15 21:08:41,671][kfold_wrapper.log_eval_metrics] Accuracy(layer_4 - estimator_1 - 3_folds.train_1.predict)=81.40%
[ 2019-12-15 21:08:42,216][kfold_wrapper.log_eval_metrics] Accuracy(layer_4 - estimator_1 - 3_folds.train_2.predict)=77.91%
[ 2019-12-15 21:08:42,326][kfold_wrapper.log_eval_metrics] Accuracy(layer_4 - estimator_1 - 3_folds.train_cv.predict)=80.62%
[ 2019-12-15 21:08:42,327][kfold_wrapper.log_eval_metrics] Accuracy(layer_4 - estimator_1 - 3_folds.test.predict)=83.91%
[ 2019-12-15 21:08:42,655][kfold_wrapper.log_eval_metrics] Accuracy(layer_4 - estimator_2 - 3_folds.train_0.predict)=83.72%
[ 2019-12-15 21:08:43,106][kfold_wrapper.log_eval_metrics] Accuracy(layer_4 - estimator_2 - 3_folds.train_1.predict)=78.68%
[ 2019-12-15 21:08:43,540][kfold_wrapper.log_eval_metrics] Accuracy(layer_4 - estimator_2 - 3_folds.train_2.predict)=79.84%
[ 2019-12-15 21:08:43,646][kfold_wrapper.log_eval_metrics] Accuracy(layer_4 - estimator_2 - 3_folds.train_cv.predict)=80.75%
[ 2019-12-15 21:08:43,647][kfold_wrapper.log_eval_metrics] Accuracy(layer_4 - estimator_2 - 3_folds.test.predict)=85.06%
[ 2019-12-15 21:08:43,978][kfold_wrapper.log_eval_metrics] Accuracy(layer_4 - estimator_3 - 3_folds.train_0.predict)=81.40%
[ 2019-12-15 21:08:44,423][kfold_wrapper.log_eval_metrics] Accuracy(layer_4 - estimator_3 - 3_folds.train_1.predict)=80.62%
[ 2019-12-15 21:08:44,857][kfold_wrapper.log_eval_metrics] Accuracy(layer_4 - estimator_3 - 3_folds.train_2.predict)=85.66%
[ 2019-12-15 21:08:44,969][kfold_wrapper.log_eval_metrics] Accuracy(layer_4 - estimator_3 - 3_folds.train_cv.predict)=82.56%
[ 2019-12-15 21:08:44,970][kfold_wrapper.log_eval_metrics] Accuracy(layer_4 - estimator_3 - 3_folds.test.predict)=79.31%
[ 2019-12-15 21:08:44,970][cascade_classifier.calc_accuracy] Accuracy(layer_4 - train.classifier_average)=81.52%
[ 2019-12-15 21:08:44,971][cascade_classifier.calc_accuracy] Accuracy(layer_4 - test.classifier_average)=82.76%
[ 2019-12-15 21:08:44,973][cascade_classifier.fit_transform] [layer=5] look_indexs=[0], X_cur_train.shape=(774, 366), X_cur_test.shape=(87, 366)
[ 2019-12-15 21:08:45,342][kfold_wrapper.log_eval_metrics] Accuracy(layer_5 - estimator_0 - 3_folds.train_0.predict)=81.01%
[ 2019-12-15 21:08:45,786][kfold_wrapper.log_eval_metrics] Accuracy(layer_5 - estimator_0 - 3_folds.train_1.predict)=79.84%
[ 2019-12-15 21:08:46,255][kfold_wrapper.log_eval_metrics] Accuracy(layer_5 - estimator_0 - 3_folds.train_2.predict)=82.56%
[ 2019-12-15 21:08:46,360][kfold_wrapper.log_eval_metrics] Accuracy(layer_5 - estimator_0 - 3_folds.train_cv.predict)=81.14%
[ 2019-12-15 21:08:46,361][kfold_wrapper.log_eval_metrics] Accuracy(layer_5 - estimator_0 - 3_folds.test.predict)=83.91%
[ 2019-12-15 21:08:46,700][kfold_wrapper.log_eval_metrics] Accuracy(layer_5 - estimator_1 - 3_folds.train_0.predict)=77.91%
[ 2019-12-15 21:08:47,250][kfold_wrapper.log_eval_metrics] Accuracy(layer_5 - estimator_1 - 3_folds.train_1.predict)=86.82%
[ 2019-12-15 21:08:47,695][kfold_wrapper.log_eval_metrics] Accuracy(layer_5 - estimator_1 - 3_folds.train_2.predict)=78.68%
[ 2019-12-15 21:08:47,807][kfold_wrapper.log_eval_metrics] Accuracy(layer_5 - estimator_1 - 3_folds.train_cv.predict)=81.14%
[ 2019-12-15 21:08:47,808][kfold_wrapper.log_eval_metrics] Accuracy(layer_5 - estimator_1 - 3_folds.test.predict)=81.61%
[ 2019-12-15 21:08:48,143][kfold_wrapper.log_eval_metrics] Accuracy(layer_5 - estimator_2 - 3_folds.train_0.predict)=83.33%
[ 2019-12-15 21:08:48,583][kfold_wrapper.log_eval_metrics] Accuracy(layer_5 - estimator_2 - 3_folds.train_1.predict)=79.07%
[ 2019-12-15 21:08:49,017][kfold_wrapper.log_eval_metrics] Accuracy(layer_5 - estimator_2 - 3_folds.train_2.predict)=81.01%
[ 2019-12-15 21:08:49,123][kfold_wrapper.log_eval_metrics] Accuracy(layer_5 - estimator_2 - 3_folds.train_cv.predict)=81.14%
[ 2019-12-15 21:08:49,123][kfold_wrapper.log_eval_metrics] Accuracy(layer_5 - estimator_2 - 3_folds.test.predict)=83.91%
[ 2019-12-15 21:08:49,464][kfold_wrapper.log_eval_metrics] Accuracy(layer_5 - estimator_3 - 3_folds.train_0.predict)=80.23%
[ 2019-12-15 21:08:49,896][kfold_wrapper.log_eval_metrics] Accuracy(layer_5 - estimator_3 - 3_folds.train_1.predict)=83.33%
[ 2019-12-15 21:08:50,331][kfold_wrapper.log_eval_metrics] Accuracy(layer_5 - estimator_3 - 3_folds.train_2.predict)=81.40%
[ 2019-12-15 21:08:50,444][kfold_wrapper.log_eval_metrics] Accuracy(layer_5 - estimator_3 - 3_folds.train_cv.predict)=81.65%
[ 2019-12-15 21:08:50,444][kfold_wrapper.log_eval_metrics] Accuracy(layer_5 - estimator_3 - 3_folds.test.predict)=83.91%
[ 2019-12-15 21:08:50,445][cascade_classifier.calc_accuracy] Accuracy(layer_5 - train.classifier_average)=81.91%
[ 2019-12-15 21:08:50,445][cascade_classifier.calc_accuracy] Accuracy(layer_5 - test.classifier_average)=82.76%
[ 2019-12-15 21:08:50,447][cascade_classifier.fit_transform] [layer=6] look_indexs=[0], X_cur_train.shape=(774, 366), X_cur_test.shape=(87, 366)
[ 2019-12-15 21:08:50,787][kfold_wrapper.log_eval_metrics] Accuracy(layer_6 - estimator_0 - 3_folds.train_0.predict)=84.88%
[ 2019-12-15 21:08:51,276][kfold_wrapper.log_eval_metrics] Accuracy(layer_6 - estimator_0 - 3_folds.train_1.predict)=78.68%
[ 2019-12-15 21:08:51,712][kfold_wrapper.log_eval_metrics] Accuracy(layer_6 - estimator_0 - 3_folds.train_2.predict)=80.62%
[ 2019-12-15 21:08:51,823][kfold_wrapper.log_eval_metrics] Accuracy(layer_6 - estimator_0 - 3_folds.train_cv.predict)=81.40%
[ 2019-12-15 21:08:51,824][kfold_wrapper.log_eval_metrics] Accuracy(layer_6 - estimator_0 - 3_folds.test.predict)=85.06%
[ 2019-12-15 21:08:52,262][kfold_wrapper.log_eval_metrics] Accuracy(layer_6 - estimator_1 - 3_folds.train_0.predict)=82.95%
[ 2019-12-15 21:08:52,706][kfold_wrapper.log_eval_metrics] Accuracy(layer_6 - estimator_1 - 3_folds.train_1.predict)=81.01%
[ 2019-12-15 21:08:53,250][kfold_wrapper.log_eval_metrics] Accuracy(layer_6 - estimator_1 - 3_folds.train_2.predict)=82.56%
[ 2019-12-15 21:08:53,356][kfold_wrapper.log_eval_metrics] Accuracy(layer_6 - estimator_1 - 3_folds.train_cv.predict)=82.17%
[ 2019-12-15 21:08:53,357][kfold_wrapper.log_eval_metrics] Accuracy(layer_6 - estimator_1 - 3_folds.test.predict)=83.91%
[ 2019-12-15 21:08:53,698][kfold_wrapper.log_eval_metrics] Accuracy(layer_6 - estimator_2 - 3_folds.train_0.predict)=81.40%
[ 2019-12-15 21:08:54,132][kfold_wrapper.log_eval_metrics] Accuracy(layer_6 - estimator_2 - 3_folds.train_1.predict)=83.33%
[ 2019-12-15 21:08:54,566][kfold_wrapper.log_eval_metrics] Accuracy(layer_6 - estimator_2 - 3_folds.train_2.predict)=82.95%
[ 2019-12-15 21:08:54,674][kfold_wrapper.log_eval_metrics] Accuracy(layer_6 - estimator_2 - 3_folds.train_cv.predict)=82.56%
[ 2019-12-15 21:08:54,674][kfold_wrapper.log_eval_metrics] Accuracy(layer_6 - estimator_2 - 3_folds.test.predict)=83.91%
[ 2019-12-15 21:08:55,007][kfold_wrapper.log_eval_metrics] Accuracy(layer_6 - estimator_3 - 3_folds.train_0.predict)=84.50%
[ 2019-12-15 21:08:55,440][kfold_wrapper.log_eval_metrics] Accuracy(layer_6 - estimator_3 - 3_folds.train_1.predict)=79.84%
[ 2019-12-15 21:08:55,874][kfold_wrapper.log_eval_metrics] Accuracy(layer_6 - estimator_3 - 3_folds.train_2.predict)=80.23%
[ 2019-12-15 21:08:55,986][kfold_wrapper.log_eval_metrics] Accuracy(layer_6 - estimator_3 - 3_folds.train_cv.predict)=81.52%
[ 2019-12-15 21:08:55,987][kfold_wrapper.log_eval_metrics] Accuracy(layer_6 - estimator_3 - 3_folds.test.predict)=83.91%
[ 2019-12-15 21:08:55,987][cascade_classifier.calc_accuracy] Accuracy(layer_6 - train.classifier_average)=82.04%
[ 2019-12-15 21:08:55,987][cascade_classifier.calc_accuracy] Accuracy(layer_6 - test.classifier_average)=83.91%
[ 2019-12-15 21:08:55,990][cascade_classifier.fit_transform] [layer=7] look_indexs=[0], X_cur_train.shape=(774, 366), X_cur_test.shape=(87, 366)
[ 2019-12-15 21:08:56,336][kfold_wrapper.log_eval_metrics] Accuracy(layer_7 - estimator_0 - 3_folds.train_0.predict)=79.07%
[ 2019-12-15 21:08:56,772][kfold_wrapper.log_eval_metrics] Accuracy(layer_7 - estimator_0 - 3_folds.train_1.predict)=85.27%
[ 2019-12-15 21:08:57,259][kfold_wrapper.log_eval_metrics] Accuracy(layer_7 - estimator_0 - 3_folds.train_2.predict)=82.56%
[ 2019-12-15 21:08:57,369][kfold_wrapper.log_eval_metrics] Accuracy(layer_7 - estimator_0 - 3_folds.train_cv.predict)=82.30%
[ 2019-12-15 21:08:57,369][kfold_wrapper.log_eval_metrics] Accuracy(layer_7 - estimator_0 - 3_folds.test.predict)=85.06%
[ 2019-12-15 21:08:57,705][kfold_wrapper.log_eval_metrics] Accuracy(layer_7 - estimator_1 - 3_folds.train_0.predict)=83.33%
[ 2019-12-15 21:08:58,254][kfold_wrapper.log_eval_metrics] Accuracy(layer_7 - estimator_1 - 3_folds.train_1.predict)=83.33%
[ 2019-12-15 21:08:58,696][kfold_wrapper.log_eval_metrics] Accuracy(layer_7 - estimator_1 - 3_folds.train_2.predict)=79.84%
[ 2019-12-15 21:08:58,801][kfold_wrapper.log_eval_metrics] Accuracy(layer_7 - estimator_1 - 3_folds.train_cv.predict)=82.17%
[ 2019-12-15 21:08:58,802][kfold_wrapper.log_eval_metrics] Accuracy(layer_7 - estimator_1 - 3_folds.test.predict)=82.76%
[ 2019-12-15 21:08:59,135][kfold_wrapper.log_eval_metrics] Accuracy(layer_7 - estimator_2 - 3_folds.train_0.predict)=84.88%
[ 2019-12-15 21:08:59,576][kfold_wrapper.log_eval_metrics] Accuracy(layer_7 - estimator_2 - 3_folds.train_1.predict)=80.62%
[ 2019-12-15 21:09:00,019][kfold_wrapper.log_eval_metrics] Accuracy(layer_7 - estimator_2 - 3_folds.train_2.predict)=80.62%
[ 2019-12-15 21:09:00,125][kfold_wrapper.log_eval_metrics] Accuracy(layer_7 - estimator_2 - 3_folds.train_cv.predict)=82.04%
[ 2019-12-15 21:09:00,126][kfold_wrapper.log_eval_metrics] Accuracy(layer_7 - estimator_2 - 3_folds.test.predict)=83.91%
[ 2019-12-15 21:09:00,458][kfold_wrapper.log_eval_metrics] Accuracy(layer_7 - estimator_3 - 3_folds.train_0.predict)=83.33%
[ 2019-12-15 21:09:00,895][kfold_wrapper.log_eval_metrics] Accuracy(layer_7 - estimator_3 - 3_folds.train_1.predict)=81.01%
[ 2019-12-15 21:09:01,333][kfold_wrapper.log_eval_metrics] Accuracy(layer_7 - estimator_3 - 3_folds.train_2.predict)=82.56%
[ 2019-12-15 21:09:01,439][kfold_wrapper.log_eval_metrics] Accuracy(layer_7 - estimator_3 - 3_folds.train_cv.predict)=82.30%
[ 2019-12-15 21:09:01,439][kfold_wrapper.log_eval_metrics] Accuracy(layer_7 - estimator_3 - 3_folds.test.predict)=82.76%
[ 2019-12-15 21:09:01,439][cascade_classifier.calc_accuracy] Accuracy(layer_7 - train.classifier_average)=82.30%
[ 2019-12-15 21:09:01,439][cascade_classifier.calc_accuracy] Accuracy(layer_7 - test.classifier_average)=83.91%
[ 2019-12-15 21:09:01,442][cascade_classifier.fit_transform] [layer=8] look_indexs=[0], X_cur_train.shape=(774, 366), X_cur_test.shape=(87, 366)
[ 2019-12-15 21:09:01,781][kfold_wrapper.log_eval_metrics] Accuracy(layer_8 - estimator_0 - 3_folds.train_0.predict)=80.23%
[ 2019-12-15 21:09:02,256][kfold_wrapper.log_eval_metrics] Accuracy(layer_8 - estimator_0 - 3_folds.train_1.predict)=83.33%
[ 2019-12-15 21:09:02,704][kfold_wrapper.log_eval_metrics] Accuracy(layer_8 - estimator_0 - 3_folds.train_2.predict)=79.84%
[ 2019-12-15 21:09:02,811][kfold_wrapper.log_eval_metrics] Accuracy(layer_8 - estimator_0 - 3_folds.train_cv.predict)=81.14%
[ 2019-12-15 21:09:02,819][kfold_wrapper.log_eval_metrics] Accuracy(layer_8 - estimator_0 - 3_folds.test.predict)=85.06%
[ 2019-12-15 21:09:03,260][kfold_wrapper.log_eval_metrics] Accuracy(layer_8 - estimator_1 - 3_folds.train_0.predict)=83.72%
[ 2019-12-15 21:09:03,713][kfold_wrapper.log_eval_metrics] Accuracy(layer_8 - estimator_1 - 3_folds.train_1.predict)=82.56%
[ 2019-12-15 21:09:04,263][kfold_wrapper.log_eval_metrics] Accuracy(layer_8 - estimator_1 - 3_folds.train_2.predict)=79.46%
[ 2019-12-15 21:09:04,370][kfold_wrapper.log_eval_metrics] Accuracy(layer_8 - estimator_1 - 3_folds.train_cv.predict)=81.91%
[ 2019-12-15 21:09:04,371][kfold_wrapper.log_eval_metrics] Accuracy(layer_8 - estimator_1 - 3_folds.test.predict)=83.91%
[ 2019-12-15 21:09:04,717][kfold_wrapper.log_eval_metrics] Accuracy(layer_8 - estimator_2 - 3_folds.train_0.predict)=80.62%
[ 2019-12-15 21:09:05,156][kfold_wrapper.log_eval_metrics] Accuracy(layer_8 - estimator_2 - 3_folds.train_1.predict)=82.56%
[ 2019-12-15 21:09:05,597][kfold_wrapper.log_eval_metrics] Accuracy(layer_8 - estimator_2 - 3_folds.train_2.predict)=81.40%
[ 2019-12-15 21:09:05,703][kfold_wrapper.log_eval_metrics] Accuracy(layer_8 - estimator_2 - 3_folds.train_cv.predict)=81.52%
[ 2019-12-15 21:09:05,704][kfold_wrapper.log_eval_metrics] Accuracy(layer_8 - estimator_2 - 3_folds.test.predict)=82.76%
[ 2019-12-15 21:09:06,036][kfold_wrapper.log_eval_metrics] Accuracy(layer_8 - estimator_3 - 3_folds.train_0.predict)=83.72%
[ 2019-12-15 21:09:06,470][kfold_wrapper.log_eval_metrics] Accuracy(layer_8 - estimator_3 - 3_folds.train_1.predict)=82.56%
[ 2019-12-15 21:09:06,905][kfold_wrapper.log_eval_metrics] Accuracy(layer_8 - estimator_3 - 3_folds.train_2.predict)=79.46%
[ 2019-12-15 21:09:07,018][kfold_wrapper.log_eval_metrics] Accuracy(layer_8 - estimator_3 - 3_folds.train_cv.predict)=81.91%
[ 2019-12-15 21:09:07,019][kfold_wrapper.log_eval_metrics] Accuracy(layer_8 - estimator_3 - 3_folds.test.predict)=82.76%
[ 2019-12-15 21:09:07,019][cascade_classifier.calc_accuracy] Accuracy(layer_8 - train.classifier_average)=82.04%
[ 2019-12-15 21:09:07,020][cascade_classifier.calc_accuracy] Accuracy(layer_8 - test.classifier_average)=85.06%
[ 2019-12-15 21:09:07,020][cascade_classifier.fit_transform] [Result][Optimal Level Detected] opt_layer_num=4, accuracy_train=82.43%, accuracy_test=85.06%
[ 2019-12-15 21:09:07,028][cascade_classifier.transform] X_groups_test.shape=[(87, 358)]
[ 2019-12-15 21:09:07,029][cascade_classifier.transform] group_dims=[358]
[ 2019-12-15 21:09:07,029][cascade_classifier.transform] X_test.shape=(87, 358)
[ 2019-12-15 21:09:07,029][cascade_classifier.transform] [layer=0] look_indexs=[0], X_cur_test.shape=(87, 358)
[ 2019-12-15 21:09:08,298][cascade_classifier.transform] [layer=1] look_indexs=[0], X_cur_test.shape=(87, 366)
[ 2019-12-15 21:09:09,564][cascade_classifier.transform] [layer=2] look_indexs=[0], X_cur_test.shape=(87, 366)
[ 2019-12-15 21:09:10,832][cascade_classifier.transform] [layer=3] look_indexs=[0], X_cur_test.shape=(87, 366)
[ 2019-12-15 21:09:12,107][cascade_classifier.transform] X_groups_test.shape=[(87, 358)]
[ 2019-12-15 21:09:12,107][cascade_classifier.transform] group_dims=[358]
[ 2019-12-15 21:09:12,107][cascade_classifier.transform] X_test.shape=(87, 358)
[ 2019-12-15 21:09:12,108][cascade_classifier.transform] [layer=0] look_indexs=[0], X_cur_test.shape=(87, 358)
[ 2019-12-15 21:09:13,376][cascade_classifier.transform] [layer=1] look_indexs=[0], X_cur_test.shape=(87, 366)
[ 2019-12-15 21:09:14,642][cascade_classifier.transform] [layer=2] look_indexs=[0], X_cur_test.shape=(87, 366)
[ 2019-12-15 21:09:15,926][cascade_classifier.transform] [layer=3] look_indexs=[0], X_cur_test.shape=(87, 366)
[ 2019-12-15 21:09:17,228][cascade_classifier.fit_transform] X_groups_train.shape=[(774, 358)],y_train.shape=(774,),X_groups_test.shape=[(87, 358)],y_test.shape=(87,)
[ 2019-12-15 21:09:17,229][cascade_classifier.fit_transform] group_dims=[358]
[ 2019-12-15 21:09:17,230][cascade_classifier.fit_transform] group_starts=[0]
[ 2019-12-15 21:09:17,230][cascade_classifier.fit_transform] group_ends=[358]
[ 2019-12-15 21:09:17,231][cascade_classifier.fit_transform] X_train.shape=(774, 358),X_test.shape=(87, 358)
[ 2019-12-15 21:09:17,232][cascade_classifier.fit_transform] [layer=0] look_indexs=[0], X_cur_train.shape=(774, 358), X_cur_test.shape=(87, 358)
[ 2019-12-15 21:09:17,577][kfold_wrapper.log_eval_metrics] Accuracy(layer_0 - estimator_0 - 3_folds.train_0.predict)=82.17%
[ 2019-12-15 21:09:18,022][kfold_wrapper.log_eval_metrics] Accuracy(layer_0 - estimator_0 - 3_folds.train_1.predict)=82.56%
[ 2019-12-15 21:09:18,460][kfold_wrapper.log_eval_metrics] Accuracy(layer_0 - estimator_0 - 3_folds.train_2.predict)=79.46%
[ 2019-12-15 21:09:18,574][kfold_wrapper.log_eval_metrics] Accuracy(layer_0 - estimator_0 - 3_folds.train_cv.predict)=81.40%
[ 2019-12-15 21:09:18,574][kfold_wrapper.log_eval_metrics] Accuracy(layer_0 - estimator_0 - 3_folds.test.predict)=86.21%
[ 2019-12-15 21:09:18,912][kfold_wrapper.log_eval_metrics] Accuracy(layer_0 - estimator_1 - 3_folds.train_0.predict)=79.07%
[ 2019-12-15 21:09:19,358][kfold_wrapper.log_eval_metrics] Accuracy(layer_0 - estimator_1 - 3_folds.train_1.predict)=81.01%
[ 2019-12-15 21:09:19,802][kfold_wrapper.log_eval_metrics] Accuracy(layer_0 - estimator_1 - 3_folds.train_2.predict)=79.84%
[ 2019-12-15 21:09:19,907][kfold_wrapper.log_eval_metrics] Accuracy(layer_0 - estimator_1 - 3_folds.train_cv.predict)=79.97%
[ 2019-12-15 21:09:19,908][kfold_wrapper.log_eval_metrics] Accuracy(layer_0 - estimator_1 - 3_folds.test.predict)=88.51%
[ 2019-12-15 21:09:20,276][kfold_wrapper.log_eval_metrics] Accuracy(layer_0 - estimator_2 - 3_folds.train_0.predict)=77.52%
[ 2019-12-15 21:09:20,713][kfold_wrapper.log_eval_metrics] Accuracy(layer_0 - estimator_2 - 3_folds.train_1.predict)=79.84%
[ 2019-12-15 21:09:21,149][kfold_wrapper.log_eval_metrics] Accuracy(layer_0 - estimator_2 - 3_folds.train_2.predict)=82.95%
[ 2019-12-15 21:09:21,254][kfold_wrapper.log_eval_metrics] Accuracy(layer_0 - estimator_2 - 3_folds.train_cv.predict)=80.10%
[ 2019-12-15 21:09:21,254][kfold_wrapper.log_eval_metrics] Accuracy(layer_0 - estimator_2 - 3_folds.test.predict)=87.36%
[ 2019-12-15 21:09:21,589][kfold_wrapper.log_eval_metrics] Accuracy(layer_0 - estimator_3 - 3_folds.train_0.predict)=81.01%
[ 2019-12-15 21:09:22,023][kfold_wrapper.log_eval_metrics] Accuracy(layer_0 - estimator_3 - 3_folds.train_1.predict)=80.62%
[ 2019-12-15 21:09:22,460][kfold_wrapper.log_eval_metrics] Accuracy(layer_0 - estimator_3 - 3_folds.train_2.predict)=79.07%
[ 2019-12-15 21:09:22,566][kfold_wrapper.log_eval_metrics] Accuracy(layer_0 - estimator_3 - 3_folds.train_cv.predict)=80.23%
[ 2019-12-15 21:09:22,567][kfold_wrapper.log_eval_metrics] Accuracy(layer_0 - estimator_3 - 3_folds.test.predict)=86.21%
[ 2019-12-15 21:09:22,567][cascade_classifier.calc_accuracy] Accuracy(layer_0 - train.classifier_average)=80.49%
[ 2019-12-15 21:09:22,567][cascade_classifier.calc_accuracy] Accuracy(layer_0 - test.classifier_average)=87.36%
[ 2019-12-15 21:09:22,570][cascade_classifier.fit_transform] [layer=1] look_indexs=[0], X_cur_train.shape=(774, 366), X_cur_test.shape=(87, 366)
[ 2019-12-15 21:09:22,916][kfold_wrapper.log_eval_metrics] Accuracy(layer_1 - estimator_0 - 3_folds.train_0.predict)=81.40%
[ 2019-12-15 21:09:23,355][kfold_wrapper.log_eval_metrics] Accuracy(layer_1 - estimator_0 - 3_folds.train_1.predict)=80.23%
[ 2019-12-15 21:09:23,791][kfold_wrapper.log_eval_metrics] Accuracy(layer_1 - estimator_0 - 3_folds.train_2.predict)=81.40%
[ 2019-12-15 21:09:23,901][kfold_wrapper.log_eval_metrics] Accuracy(layer_1 - estimator_0 - 3_folds.train_cv.predict)=81.01%
[ 2019-12-15 21:09:23,902][kfold_wrapper.log_eval_metrics] Accuracy(layer_1 - estimator_0 - 3_folds.test.predict)=89.66%
[ 2019-12-15 21:09:24,268][kfold_wrapper.log_eval_metrics] Accuracy(layer_1 - estimator_1 - 3_folds.train_0.predict)=79.84%
[ 2019-12-15 21:09:24,709][kfold_wrapper.log_eval_metrics] Accuracy(layer_1 - estimator_1 - 3_folds.train_1.predict)=78.68%
[ 2019-12-15 21:09:25,254][kfold_wrapper.log_eval_metrics] Accuracy(layer_1 - estimator_1 - 3_folds.train_2.predict)=76.74%
[ 2019-12-15 21:09:25,371][kfold_wrapper.log_eval_metrics] Accuracy(layer_1 - estimator_1 - 3_folds.train_cv.predict)=78.42%
[ 2019-12-15 21:09:25,371][kfold_wrapper.log_eval_metrics] Accuracy(layer_1 - estimator_1 - 3_folds.test.predict)=88.51%
[ 2019-12-15 21:09:25,707][kfold_wrapper.log_eval_metrics] Accuracy(layer_1 - estimator_2 - 3_folds.train_0.predict)=77.13%
[ 2019-12-15 21:09:26,144][kfold_wrapper.log_eval_metrics] Accuracy(layer_1 - estimator_2 - 3_folds.train_1.predict)=81.40%
[ 2019-12-15 21:09:26,581][kfold_wrapper.log_eval_metrics] Accuracy(layer_1 - estimator_2 - 3_folds.train_2.predict)=82.17%
[ 2019-12-15 21:09:26,687][kfold_wrapper.log_eval_metrics] Accuracy(layer_1 - estimator_2 - 3_folds.train_cv.predict)=80.23%
[ 2019-12-15 21:09:26,687][kfold_wrapper.log_eval_metrics] Accuracy(layer_1 - estimator_2 - 3_folds.test.predict)=88.51%
[ 2019-12-15 21:09:27,029][kfold_wrapper.log_eval_metrics] Accuracy(layer_1 - estimator_3 - 3_folds.train_0.predict)=77.52%
[ 2019-12-15 21:09:27,462][kfold_wrapper.log_eval_metrics] Accuracy(layer_1 - estimator_3 - 3_folds.train_1.predict)=82.17%
[ 2019-12-15 21:09:27,898][kfold_wrapper.log_eval_metrics] Accuracy(layer_1 - estimator_3 - 3_folds.train_2.predict)=80.62%
[ 2019-12-15 21:09:28,007][kfold_wrapper.log_eval_metrics] Accuracy(layer_1 - estimator_3 - 3_folds.train_cv.predict)=80.10%
[ 2019-12-15 21:09:28,008][kfold_wrapper.log_eval_metrics] Accuracy(layer_1 - estimator_3 - 3_folds.test.predict)=89.66%
[ 2019-12-15 21:09:28,008][cascade_classifier.calc_accuracy] Accuracy(layer_1 - train.classifier_average)=79.97%
[ 2019-12-15 21:09:28,008][cascade_classifier.calc_accuracy] Accuracy(layer_1 - test.classifier_average)=91.95%
[ 2019-12-15 21:09:28,010][cascade_classifier.fit_transform] [layer=2] look_indexs=[0], X_cur_train.shape=(774, 366), X_cur_test.shape=(87, 366)
[ 2019-12-15 21:09:28,356][kfold_wrapper.log_eval_metrics] Accuracy(layer_2 - estimator_0 - 3_folds.train_0.predict)=81.01%
[ 2019-12-15 21:09:28,799][kfold_wrapper.log_eval_metrics] Accuracy(layer_2 - estimator_0 - 3_folds.train_1.predict)=84.50%
[ 2019-12-15 21:09:29,266][kfold_wrapper.log_eval_metrics] Accuracy(layer_2 - estimator_0 - 3_folds.train_2.predict)=77.13%
[ 2019-12-15 21:09:29,378][kfold_wrapper.log_eval_metrics] Accuracy(layer_2 - estimator_0 - 3_folds.train_cv.predict)=80.88%
[ 2019-12-15 21:09:29,379][kfold_wrapper.log_eval_metrics] Accuracy(layer_2 - estimator_0 - 3_folds.test.predict)=90.80%
[ 2019-12-15 21:09:29,717][kfold_wrapper.log_eval_metrics] Accuracy(layer_2 - estimator_1 - 3_folds.train_0.predict)=80.23%
[ 2019-12-15 21:09:30,260][kfold_wrapper.log_eval_metrics] Accuracy(layer_2 - estimator_1 - 3_folds.train_1.predict)=81.40%
[ 2019-12-15 21:09:30,701][kfold_wrapper.log_eval_metrics] Accuracy(layer_2 - estimator_1 - 3_folds.train_2.predict)=79.84%
[ 2019-12-15 21:09:30,806][kfold_wrapper.log_eval_metrics] Accuracy(layer_2 - estimator_1 - 3_folds.train_cv.predict)=80.49%
[ 2019-12-15 21:09:30,812][kfold_wrapper.log_eval_metrics] Accuracy(layer_2 - estimator_1 - 3_folds.test.predict)=88.51%
[ 2019-12-15 21:09:31,147][kfold_wrapper.log_eval_metrics] Accuracy(layer_2 - estimator_2 - 3_folds.train_0.predict)=82.95%
[ 2019-12-15 21:09:31,579][kfold_wrapper.log_eval_metrics] Accuracy(layer_2 - estimator_2 - 3_folds.train_1.predict)=80.23%
[ 2019-12-15 21:09:32,016][kfold_wrapper.log_eval_metrics] Accuracy(layer_2 - estimator_2 - 3_folds.train_2.predict)=78.29%
[ 2019-12-15 21:09:32,122][kfold_wrapper.log_eval_metrics] Accuracy(layer_2 - estimator_2 - 3_folds.train_cv.predict)=80.49%
[ 2019-12-15 21:09:32,123][kfold_wrapper.log_eval_metrics] Accuracy(layer_2 - estimator_2 - 3_folds.test.predict)=89.66%
[ 2019-12-15 21:09:32,465][kfold_wrapper.log_eval_metrics] Accuracy(layer_2 - estimator_3 - 3_folds.train_0.predict)=80.23%
[ 2019-12-15 21:09:32,899][kfold_wrapper.log_eval_metrics] Accuracy(layer_2 - estimator_3 - 3_folds.train_1.predict)=82.17%
[ 2019-12-15 21:09:33,339][kfold_wrapper.log_eval_metrics] Accuracy(layer_2 - estimator_3 - 3_folds.train_2.predict)=81.40%
[ 2019-12-15 21:09:33,452][kfold_wrapper.log_eval_metrics] Accuracy(layer_2 - estimator_3 - 3_folds.train_cv.predict)=81.27%
[ 2019-12-15 21:09:33,452][kfold_wrapper.log_eval_metrics] Accuracy(layer_2 - estimator_3 - 3_folds.test.predict)=88.51%
[ 2019-12-15 21:09:33,452][cascade_classifier.calc_accuracy] Accuracy(layer_2 - train.classifier_average)=81.27%
[ 2019-12-15 21:09:33,452][cascade_classifier.calc_accuracy] Accuracy(layer_2 - test.classifier_average)=91.95%
[ 2019-12-15 21:09:33,454][cascade_classifier.fit_transform] [layer=3] look_indexs=[0], X_cur_train.shape=(774, 366), X_cur_test.shape=(87, 366)
[ 2019-12-15 21:09:33,799][kfold_wrapper.log_eval_metrics] Accuracy(layer_3 - estimator_0 - 3_folds.train_0.predict)=81.78%
[ 2019-12-15 21:09:34,277][kfold_wrapper.log_eval_metrics] Accuracy(layer_3 - estimator_0 - 3_folds.train_1.predict)=77.52%
[ 2019-12-15 21:09:34,823][kfold_wrapper.log_eval_metrics] Accuracy(layer_3 - estimator_0 - 3_folds.train_2.predict)=81.40%
[ 2019-12-15 21:09:34,938][kfold_wrapper.log_eval_metrics] Accuracy(layer_3 - estimator_0 - 3_folds.train_cv.predict)=80.23%
[ 2019-12-15 21:09:34,939][kfold_wrapper.log_eval_metrics] Accuracy(layer_3 - estimator_0 - 3_folds.test.predict)=90.80%
[ 2019-12-15 21:09:35,319][kfold_wrapper.log_eval_metrics] Accuracy(layer_3 - estimator_1 - 3_folds.train_0.predict)=83.72%
[ 2019-12-15 21:09:35,798][kfold_wrapper.log_eval_metrics] Accuracy(layer_3 - estimator_1 - 3_folds.train_1.predict)=81.01%
[ 2019-12-15 21:09:36,466][kfold_wrapper.log_eval_metrics] Accuracy(layer_3 - estimator_1 - 3_folds.train_2.predict)=75.97%
[ 2019-12-15 21:09:36,571][kfold_wrapper.log_eval_metrics] Accuracy(layer_3 - estimator_1 - 3_folds.train_cv.predict)=80.23%
[ 2019-12-15 21:09:36,571][kfold_wrapper.log_eval_metrics] Accuracy(layer_3 - estimator_1 - 3_folds.test.predict)=90.80%
[ 2019-12-15 21:09:36,958][kfold_wrapper.log_eval_metrics] Accuracy(layer_3 - estimator_2 - 3_folds.train_0.predict)=80.62%
[ 2019-12-15 21:09:37,404][kfold_wrapper.log_eval_metrics] Accuracy(layer_3 - estimator_2 - 3_folds.train_1.predict)=77.91%
[ 2019-12-15 21:09:37,855][kfold_wrapper.log_eval_metrics] Accuracy(layer_3 - estimator_2 - 3_folds.train_2.predict)=85.27%
[ 2019-12-15 21:09:37,965][kfold_wrapper.log_eval_metrics] Accuracy(layer_3 - estimator_2 - 3_folds.train_cv.predict)=81.27%
[ 2019-12-15 21:09:37,966][kfold_wrapper.log_eval_metrics] Accuracy(layer_3 - estimator_2 - 3_folds.test.predict)=88.51%
[ 2019-12-15 21:09:38,322][kfold_wrapper.log_eval_metrics] Accuracy(layer_3 - estimator_3 - 3_folds.train_0.predict)=80.23%
[ 2019-12-15 21:09:38,775][kfold_wrapper.log_eval_metrics] Accuracy(layer_3 - estimator_3 - 3_folds.train_1.predict)=83.33%
[ 2019-12-15 21:09:39,263][kfold_wrapper.log_eval_metrics] Accuracy(layer_3 - estimator_3 - 3_folds.train_2.predict)=79.46%
[ 2019-12-15 21:09:39,375][kfold_wrapper.log_eval_metrics] Accuracy(layer_3 - estimator_3 - 3_folds.train_cv.predict)=81.01%
[ 2019-12-15 21:09:39,376][kfold_wrapper.log_eval_metrics] Accuracy(layer_3 - estimator_3 - 3_folds.test.predict)=90.80%
[ 2019-12-15 21:09:39,376][cascade_classifier.calc_accuracy] Accuracy(layer_3 - train.classifier_average)=80.88%
[ 2019-12-15 21:09:39,376][cascade_classifier.calc_accuracy] Accuracy(layer_3 - test.classifier_average)=90.80%
[ 2019-12-15 21:09:39,378][cascade_classifier.fit_transform] [layer=4] look_indexs=[0], X_cur_train.shape=(774, 366), X_cur_test.shape=(87, 366)
[ 2019-12-15 21:09:39,721][kfold_wrapper.log_eval_metrics] Accuracy(layer_4 - estimator_0 - 3_folds.train_0.predict)=81.01%
[ 2019-12-15 21:09:40,215][kfold_wrapper.log_eval_metrics] Accuracy(layer_4 - estimator_0 - 3_folds.train_1.predict)=77.52%
[ 2019-12-15 21:09:40,694][kfold_wrapper.log_eval_metrics] Accuracy(layer_4 - estimator_0 - 3_folds.train_2.predict)=84.11%
[ 2019-12-15 21:09:40,821][kfold_wrapper.log_eval_metrics] Accuracy(layer_4 - estimator_0 - 3_folds.train_cv.predict)=80.88%
[ 2019-12-15 21:09:40,822][kfold_wrapper.log_eval_metrics] Accuracy(layer_4 - estimator_0 - 3_folds.test.predict)=89.66%
[ 2019-12-15 21:09:41,165][kfold_wrapper.log_eval_metrics] Accuracy(layer_4 - estimator_1 - 3_folds.train_0.predict)=78.68%
[ 2019-12-15 21:09:41,633][kfold_wrapper.log_eval_metrics] Accuracy(layer_4 - estimator_1 - 3_folds.train_1.predict)=84.50%
[ 2019-12-15 21:09:42,197][kfold_wrapper.log_eval_metrics] Accuracy(layer_4 - estimator_1 - 3_folds.train_2.predict)=80.62%
[ 2019-12-15 21:09:42,303][kfold_wrapper.log_eval_metrics] Accuracy(layer_4 - estimator_1 - 3_folds.train_cv.predict)=81.27%
[ 2019-12-15 21:09:42,303][kfold_wrapper.log_eval_metrics] Accuracy(layer_4 - estimator_1 - 3_folds.test.predict)=89.66%
[ 2019-12-15 21:09:42,643][kfold_wrapper.log_eval_metrics] Accuracy(layer_4 - estimator_2 - 3_folds.train_0.predict)=82.17%
[ 2019-12-15 21:09:43,214][kfold_wrapper.log_eval_metrics] Accuracy(layer_4 - estimator_2 - 3_folds.train_1.predict)=84.50%
[ 2019-12-15 21:09:43,687][kfold_wrapper.log_eval_metrics] Accuracy(layer_4 - estimator_2 - 3_folds.train_2.predict)=79.46%
[ 2019-12-15 21:09:43,805][kfold_wrapper.log_eval_metrics] Accuracy(layer_4 - estimator_2 - 3_folds.train_cv.predict)=82.04%
[ 2019-12-15 21:09:43,806][kfold_wrapper.log_eval_metrics] Accuracy(layer_4 - estimator_2 - 3_folds.test.predict)=91.95%
[ 2019-12-15 21:09:44,158][kfold_wrapper.log_eval_metrics] Accuracy(layer_4 - estimator_3 - 3_folds.train_0.predict)=77.91%
[ 2019-12-15 21:09:44,633][kfold_wrapper.log_eval_metrics] Accuracy(layer_4 - estimator_3 - 3_folds.train_1.predict)=82.95%
[ 2019-12-15 21:09:45,086][kfold_wrapper.log_eval_metrics] Accuracy(layer_4 - estimator_3 - 3_folds.train_2.predict)=79.84%
[ 2019-12-15 21:09:45,209][kfold_wrapper.log_eval_metrics] Accuracy(layer_4 - estimator_3 - 3_folds.train_cv.predict)=80.23%
[ 2019-12-15 21:09:45,209][kfold_wrapper.log_eval_metrics] Accuracy(layer_4 - estimator_3 - 3_folds.test.predict)=89.66%
[ 2019-12-15 21:09:45,210][cascade_classifier.calc_accuracy] Accuracy(layer_4 - train.classifier_average)=81.52%
[ 2019-12-15 21:09:45,210][cascade_classifier.calc_accuracy] Accuracy(layer_4 - test.classifier_average)=91.95%
[ 2019-12-15 21:09:45,212][cascade_classifier.fit_transform] [layer=5] look_indexs=[0], X_cur_train.shape=(774, 366), X_cur_test.shape=(87, 366)
[ 2019-12-15 21:09:45,559][kfold_wrapper.log_eval_metrics] Accuracy(layer_5 - estimator_0 - 3_folds.train_0.predict)=78.68%
[ 2019-12-15 21:09:46,039][kfold_wrapper.log_eval_metrics] Accuracy(layer_5 - estimator_0 - 3_folds.train_1.predict)=79.46%
[ 2019-12-15 21:09:46,491][kfold_wrapper.log_eval_metrics] Accuracy(layer_5 - estimator_0 - 3_folds.train_2.predict)=82.56%
[ 2019-12-15 21:09:46,600][kfold_wrapper.log_eval_metrics] Accuracy(layer_5 - estimator_0 - 3_folds.train_cv.predict)=80.23%
[ 2019-12-15 21:09:46,600][kfold_wrapper.log_eval_metrics] Accuracy(layer_5 - estimator_0 - 3_folds.test.predict)=91.95%
[ 2019-12-15 21:09:47,081][kfold_wrapper.log_eval_metrics] Accuracy(layer_5 - estimator_1 - 3_folds.train_0.predict)=83.72%
[ 2019-12-15 21:09:47,651][kfold_wrapper.log_eval_metrics] Accuracy(layer_5 - estimator_1 - 3_folds.train_1.predict)=80.62%
[ 2019-12-15 21:09:48,172][kfold_wrapper.log_eval_metrics] Accuracy(layer_5 - estimator_1 - 3_folds.train_2.predict)=80.62%
[ 2019-12-15 21:09:48,281][kfold_wrapper.log_eval_metrics] Accuracy(layer_5 - estimator_1 - 3_folds.train_cv.predict)=81.65%
[ 2019-12-15 21:09:48,282][kfold_wrapper.log_eval_metrics] Accuracy(layer_5 - estimator_1 - 3_folds.test.predict)=91.95%
[ 2019-12-15 21:09:48,634][kfold_wrapper.log_eval_metrics] Accuracy(layer_5 - estimator_2 - 3_folds.train_0.predict)=83.33%
[ 2019-12-15 21:09:49,089][kfold_wrapper.log_eval_metrics] Accuracy(layer_5 - estimator_2 - 3_folds.train_1.predict)=79.46%
[ 2019-12-15 21:09:49,543][kfold_wrapper.log_eval_metrics] Accuracy(layer_5 - estimator_2 - 3_folds.train_2.predict)=82.95%
[ 2019-12-15 21:09:49,653][kfold_wrapper.log_eval_metrics] Accuracy(layer_5 - estimator_2 - 3_folds.train_cv.predict)=81.91%
[ 2019-12-15 21:09:49,653][kfold_wrapper.log_eval_metrics] Accuracy(layer_5 - estimator_2 - 3_folds.test.predict)=90.80%
[ 2019-12-15 21:09:50,066][kfold_wrapper.log_eval_metrics] Accuracy(layer_5 - estimator_3 - 3_folds.train_0.predict)=81.01%
[ 2019-12-15 21:09:50,562][kfold_wrapper.log_eval_metrics] Accuracy(layer_5 - estimator_3 - 3_folds.train_1.predict)=82.56%
[ 2019-12-15 21:09:51,040][kfold_wrapper.log_eval_metrics] Accuracy(layer_5 - estimator_3 - 3_folds.train_2.predict)=79.07%
[ 2019-12-15 21:09:51,145][kfold_wrapper.log_eval_metrics] Accuracy(layer_5 - estimator_3 - 3_folds.train_cv.predict)=80.88%
[ 2019-12-15 21:09:51,145][kfold_wrapper.log_eval_metrics] Accuracy(layer_5 - estimator_3 - 3_folds.test.predict)=88.51%
[ 2019-12-15 21:09:51,145][cascade_classifier.calc_accuracy] Accuracy(layer_5 - train.classifier_average)=81.14%
[ 2019-12-15 21:09:51,145][cascade_classifier.calc_accuracy] Accuracy(layer_5 - test.classifier_average)=91.95%
[ 2019-12-15 21:09:51,152][cascade_classifier.fit_transform] [layer=6] look_indexs=[0], X_cur_train.shape=(774, 366), X_cur_test.shape=(87, 366)
[ 2019-12-15 21:09:51,495][kfold_wrapper.log_eval_metrics] Accuracy(layer_6 - estimator_0 - 3_folds.train_0.predict)=81.01%
[ 2019-12-15 21:09:51,975][kfold_wrapper.log_eval_metrics] Accuracy(layer_6 - estimator_0 - 3_folds.train_1.predict)=81.01%
[ 2019-12-15 21:09:52,429][kfold_wrapper.log_eval_metrics] Accuracy(layer_6 - estimator_0 - 3_folds.train_2.predict)=79.84%
[ 2019-12-15 21:09:52,534][kfold_wrapper.log_eval_metrics] Accuracy(layer_6 - estimator_0 - 3_folds.train_cv.predict)=80.62%
[ 2019-12-15 21:09:52,534][kfold_wrapper.log_eval_metrics] Accuracy(layer_6 - estimator_0 - 3_folds.test.predict)=88.51%
[ 2019-12-15 21:09:52,899][kfold_wrapper.log_eval_metrics] Accuracy(layer_6 - estimator_1 - 3_folds.train_0.predict)=81.40%
[ 2019-12-15 21:09:53,350][kfold_wrapper.log_eval_metrics] Accuracy(layer_6 - estimator_1 - 3_folds.train_1.predict)=80.23%
[ 2019-12-15 21:09:53,904][kfold_wrapper.log_eval_metrics] Accuracy(layer_6 - estimator_1 - 3_folds.train_2.predict)=79.84%
[ 2019-12-15 21:09:54,010][kfold_wrapper.log_eval_metrics] Accuracy(layer_6 - estimator_1 - 3_folds.train_cv.predict)=80.49%
[ 2019-12-15 21:09:54,011][kfold_wrapper.log_eval_metrics] Accuracy(layer_6 - estimator_1 - 3_folds.test.predict)=88.51%
[ 2019-12-15 21:09:54,358][kfold_wrapper.log_eval_metrics] Accuracy(layer_6 - estimator_2 - 3_folds.train_0.predict)=81.40%
[ 2019-12-15 21:09:54,798][kfold_wrapper.log_eval_metrics] Accuracy(layer_6 - estimator_2 - 3_folds.train_1.predict)=78.68%
[ 2019-12-15 21:09:55,243][kfold_wrapper.log_eval_metrics] Accuracy(layer_6 - estimator_2 - 3_folds.train_2.predict)=82.56%
[ 2019-12-15 21:09:55,347][kfold_wrapper.log_eval_metrics] Accuracy(layer_6 - estimator_2 - 3_folds.train_cv.predict)=80.88%
[ 2019-12-15 21:09:55,348][kfold_wrapper.log_eval_metrics] Accuracy(layer_6 - estimator_2 - 3_folds.test.predict)=89.66%
[ 2019-12-15 21:09:55,684][kfold_wrapper.log_eval_metrics] Accuracy(layer_6 - estimator_3 - 3_folds.train_0.predict)=81.78%
[ 2019-12-15 21:09:56,128][kfold_wrapper.log_eval_metrics] Accuracy(layer_6 - estimator_3 - 3_folds.train_1.predict)=82.56%
[ 2019-12-15 21:09:56,563][kfold_wrapper.log_eval_metrics] Accuracy(layer_6 - estimator_3 - 3_folds.train_2.predict)=77.91%
[ 2019-12-15 21:09:56,676][kfold_wrapper.log_eval_metrics] Accuracy(layer_6 - estimator_3 - 3_folds.train_cv.predict)=80.75%
[ 2019-12-15 21:09:56,677][kfold_wrapper.log_eval_metrics] Accuracy(layer_6 - estimator_3 - 3_folds.test.predict)=89.66%
[ 2019-12-15 21:09:56,677][cascade_classifier.calc_accuracy] Accuracy(layer_6 - train.classifier_average)=81.14%
[ 2019-12-15 21:09:56,679][cascade_classifier.calc_accuracy] Accuracy(layer_6 - test.classifier_average)=90.80%
[ 2019-12-15 21:09:56,682][cascade_classifier.fit_transform] [layer=7] look_indexs=[0], X_cur_train.shape=(774, 366), X_cur_test.shape=(87, 366)
[ 2019-12-15 21:09:57,027][kfold_wrapper.log_eval_metrics] Accuracy(layer_7 - estimator_0 - 3_folds.train_0.predict)=82.17%
[ 2019-12-15 21:09:57,476][kfold_wrapper.log_eval_metrics] Accuracy(layer_7 - estimator_0 - 3_folds.train_1.predict)=81.78%
[ 2019-12-15 21:09:57,938][kfold_wrapper.log_eval_metrics] Accuracy(layer_7 - estimator_0 - 3_folds.train_2.predict)=78.68%
[ 2019-12-15 21:09:58,051][kfold_wrapper.log_eval_metrics] Accuracy(layer_7 - estimator_0 - 3_folds.train_cv.predict)=80.88%
[ 2019-12-15 21:09:58,051][kfold_wrapper.log_eval_metrics] Accuracy(layer_7 - estimator_0 - 3_folds.test.predict)=89.66%
[ 2019-12-15 21:09:58,391][kfold_wrapper.log_eval_metrics] Accuracy(layer_7 - estimator_1 - 3_folds.train_0.predict)=82.95%
[ 2019-12-15 21:09:58,936][kfold_wrapper.log_eval_metrics] Accuracy(layer_7 - estimator_1 - 3_folds.train_1.predict)=80.23%
[ 2019-12-15 21:09:59,382][kfold_wrapper.log_eval_metrics] Accuracy(layer_7 - estimator_1 - 3_folds.train_2.predict)=82.95%
[ 2019-12-15 21:09:59,488][kfold_wrapper.log_eval_metrics] Accuracy(layer_7 - estimator_1 - 3_folds.train_cv.predict)=82.04%
[ 2019-12-15 21:09:59,488][kfold_wrapper.log_eval_metrics] Accuracy(layer_7 - estimator_1 - 3_folds.test.predict)=88.51%
[ 2019-12-15 21:09:59,821][kfold_wrapper.log_eval_metrics] Accuracy(layer_7 - estimator_2 - 3_folds.train_0.predict)=79.46%
[ 2019-12-15 21:10:00,266][kfold_wrapper.log_eval_metrics] Accuracy(layer_7 - estimator_2 - 3_folds.train_1.predict)=82.56%
[ 2019-12-15 21:10:00,703][kfold_wrapper.log_eval_metrics] Accuracy(layer_7 - estimator_2 - 3_folds.train_2.predict)=79.07%
[ 2019-12-15 21:10:00,809][kfold_wrapper.log_eval_metrics] Accuracy(layer_7 - estimator_2 - 3_folds.train_cv.predict)=80.36%
[ 2019-12-15 21:10:00,810][kfold_wrapper.log_eval_metrics] Accuracy(layer_7 - estimator_2 - 3_folds.test.predict)=90.80%
[ 2019-12-15 21:10:01,142][kfold_wrapper.log_eval_metrics] Accuracy(layer_7 - estimator_3 - 3_folds.train_0.predict)=83.72%
[ 2019-12-15 21:10:01,578][kfold_wrapper.log_eval_metrics] Accuracy(layer_7 - estimator_3 - 3_folds.train_1.predict)=78.68%
[ 2019-12-15 21:10:02,011][kfold_wrapper.log_eval_metrics] Accuracy(layer_7 - estimator_3 - 3_folds.train_2.predict)=82.56%
[ 2019-12-15 21:10:02,119][kfold_wrapper.log_eval_metrics] Accuracy(layer_7 - estimator_3 - 3_folds.train_cv.predict)=81.65%
[ 2019-12-15 21:10:02,120][kfold_wrapper.log_eval_metrics] Accuracy(layer_7 - estimator_3 - 3_folds.test.predict)=91.95%
[ 2019-12-15 21:10:02,120][cascade_classifier.calc_accuracy] Accuracy(layer_7 - train.classifier_average)=81.40%
[ 2019-12-15 21:10:02,120][cascade_classifier.calc_accuracy] Accuracy(layer_7 - test.classifier_average)=89.66%
[ 2019-12-15 21:10:02,122][cascade_classifier.fit_transform] [layer=8] look_indexs=[0], X_cur_train.shape=(774, 366), X_cur_test.shape=(87, 366)
[ 2019-12-15 21:10:02,462][kfold_wrapper.log_eval_metrics] Accuracy(layer_8 - estimator_0 - 3_folds.train_0.predict)=82.56%
[ 2019-12-15 21:10:02,909][kfold_wrapper.log_eval_metrics] Accuracy(layer_8 - estimator_0 - 3_folds.train_1.predict)=80.23%
[ 2019-12-15 21:10:03,361][kfold_wrapper.log_eval_metrics] Accuracy(layer_8 - estimator_0 - 3_folds.train_2.predict)=79.84%
[ 2019-12-15 21:10:03,468][kfold_wrapper.log_eval_metrics] Accuracy(layer_8 - estimator_0 - 3_folds.train_cv.predict)=80.88%
[ 2019-12-15 21:10:03,469][kfold_wrapper.log_eval_metrics] Accuracy(layer_8 - estimator_0 - 3_folds.test.predict)=90.80%
[ 2019-12-15 21:10:03,802][kfold_wrapper.log_eval_metrics] Accuracy(layer_8 - estimator_1 - 3_folds.train_0.predict)=82.95%
[ 2019-12-15 21:10:04,281][kfold_wrapper.log_eval_metrics] Accuracy(layer_8 - estimator_1 - 3_folds.train_1.predict)=81.40%
[ 2019-12-15 21:10:04,726][kfold_wrapper.log_eval_metrics] Accuracy(layer_8 - estimator_1 - 3_folds.train_2.predict)=81.01%
[ 2019-12-15 21:10:04,831][kfold_wrapper.log_eval_metrics] Accuracy(layer_8 - estimator_1 - 3_folds.train_cv.predict)=81.78%
[ 2019-12-15 21:10:04,837][kfold_wrapper.log_eval_metrics] Accuracy(layer_8 - estimator_1 - 3_folds.test.predict)=89.66%
[ 2019-12-15 21:10:05,173][kfold_wrapper.log_eval_metrics] Accuracy(layer_8 - estimator_2 - 3_folds.train_0.predict)=81.40%
[ 2019-12-15 21:10:05,623][kfold_wrapper.log_eval_metrics] Accuracy(layer_8 - estimator_2 - 3_folds.train_1.predict)=84.88%
[ 2019-12-15 21:10:06,058][kfold_wrapper.log_eval_metrics] Accuracy(layer_8 - estimator_2 - 3_folds.train_2.predict)=78.68%
[ 2019-12-15 21:10:06,163][kfold_wrapper.log_eval_metrics] Accuracy(layer_8 - estimator_2 - 3_folds.train_cv.predict)=81.65%
[ 2019-12-15 21:10:06,163][kfold_wrapper.log_eval_metrics] Accuracy(layer_8 - estimator_2 - 3_folds.test.predict)=89.66%
[ 2019-12-15 21:10:06,497][kfold_wrapper.log_eval_metrics] Accuracy(layer_8 - estimator_3 - 3_folds.train_0.predict)=77.13%
[ 2019-12-15 21:10:06,936][kfold_wrapper.log_eval_metrics] Accuracy(layer_8 - estimator_3 - 3_folds.train_1.predict)=82.17%
[ 2019-12-15 21:10:07,377][kfold_wrapper.log_eval_metrics] Accuracy(layer_8 - estimator_3 - 3_folds.train_2.predict)=82.17%
[ 2019-12-15 21:10:07,484][kfold_wrapper.log_eval_metrics] Accuracy(layer_8 - estimator_3 - 3_folds.train_cv.predict)=80.49%
[ 2019-12-15 21:10:07,485][kfold_wrapper.log_eval_metrics] Accuracy(layer_8 - estimator_3 - 3_folds.test.predict)=87.36%
[ 2019-12-15 21:10:07,485][cascade_classifier.calc_accuracy] Accuracy(layer_8 - train.classifier_average)=81.40%
[ 2019-12-15 21:10:07,485][cascade_classifier.calc_accuracy] Accuracy(layer_8 - test.classifier_average)=89.66%
[ 2019-12-15 21:10:07,487][cascade_classifier.fit_transform] [layer=9] look_indexs=[0], X_cur_train.shape=(774, 366), X_cur_test.shape=(87, 366)
[ 2019-12-15 21:10:07,823][kfold_wrapper.log_eval_metrics] Accuracy(layer_9 - estimator_0 - 3_folds.train_0.predict)=79.07%
[ 2019-12-15 21:10:08,298][kfold_wrapper.log_eval_metrics] Accuracy(layer_9 - estimator_0 - 3_folds.train_1.predict)=80.23%
[ 2019-12-15 21:10:08,744][kfold_wrapper.log_eval_metrics] Accuracy(layer_9 - estimator_0 - 3_folds.train_2.predict)=81.40%
[ 2019-12-15 21:10:08,850][kfold_wrapper.log_eval_metrics] Accuracy(layer_9 - estimator_0 - 3_folds.train_cv.predict)=80.23%
[ 2019-12-15 21:10:08,856][kfold_wrapper.log_eval_metrics] Accuracy(layer_9 - estimator_0 - 3_folds.test.predict)=89.66%
[ 2019-12-15 21:10:09,226][kfold_wrapper.log_eval_metrics] Accuracy(layer_9 - estimator_1 - 3_folds.train_0.predict)=81.40%
[ 2019-12-15 21:10:09,662][kfold_wrapper.log_eval_metrics] Accuracy(layer_9 - estimator_1 - 3_folds.train_1.predict)=78.68%
[ 2019-12-15 21:10:10,111][kfold_wrapper.log_eval_metrics] Accuracy(layer_9 - estimator_1 - 3_folds.train_2.predict)=79.84%
[ 2019-12-15 21:10:10,219][kfold_wrapper.log_eval_metrics] Accuracy(layer_9 - estimator_1 - 3_folds.train_cv.predict)=79.97%
[ 2019-12-15 21:10:10,220][kfold_wrapper.log_eval_metrics] Accuracy(layer_9 - estimator_1 - 3_folds.test.predict)=88.51%
[ 2019-12-15 21:10:10,552][kfold_wrapper.log_eval_metrics] Accuracy(layer_9 - estimator_2 - 3_folds.train_0.predict)=79.07%
[ 2019-12-15 21:10:10,996][kfold_wrapper.log_eval_metrics] Accuracy(layer_9 - estimator_2 - 3_folds.train_1.predict)=81.40%
[ 2019-12-15 21:10:11,444][kfold_wrapper.log_eval_metrics] Accuracy(layer_9 - estimator_2 - 3_folds.train_2.predict)=82.56%
[ 2019-12-15 21:10:11,550][kfold_wrapper.log_eval_metrics] Accuracy(layer_9 - estimator_2 - 3_folds.train_cv.predict)=81.01%
[ 2019-12-15 21:10:11,551][kfold_wrapper.log_eval_metrics] Accuracy(layer_9 - estimator_2 - 3_folds.test.predict)=89.66%
[ 2019-12-15 21:10:11,881][kfold_wrapper.log_eval_metrics] Accuracy(layer_9 - estimator_3 - 3_folds.train_0.predict)=78.68%
[ 2019-12-15 21:10:12,324][kfold_wrapper.log_eval_metrics] Accuracy(layer_9 - estimator_3 - 3_folds.train_1.predict)=81.40%
[ 2019-12-15 21:10:12,759][kfold_wrapper.log_eval_metrics] Accuracy(layer_9 - estimator_3 - 3_folds.train_2.predict)=80.62%
[ 2019-12-15 21:10:12,863][kfold_wrapper.log_eval_metrics] Accuracy(layer_9 - estimator_3 - 3_folds.train_cv.predict)=80.23%
[ 2019-12-15 21:10:12,863][kfold_wrapper.log_eval_metrics] Accuracy(layer_9 - estimator_3 - 3_folds.test.predict)=90.80%
[ 2019-12-15 21:10:12,869][cascade_classifier.calc_accuracy] Accuracy(layer_9 - train.classifier_average)=81.14%
[ 2019-12-15 21:10:12,870][cascade_classifier.calc_accuracy] Accuracy(layer_9 - test.classifier_average)=89.66%
[ 2019-12-15 21:10:12,870][cascade_classifier.fit_transform] [Result][Optimal Level Detected] opt_layer_num=5, accuracy_train=81.52%, accuracy_test=91.95%
[ 2019-12-15 21:10:12,878][cascade_classifier.transform] X_groups_test.shape=[(87, 358)]
[ 2019-12-15 21:10:12,879][cascade_classifier.transform] group_dims=[358]
[ 2019-12-15 21:10:12,879][cascade_classifier.transform] X_test.shape=(87, 358)
[ 2019-12-15 21:10:12,880][cascade_classifier.transform] [layer=0] look_indexs=[0], X_cur_test.shape=(87, 358)
[ 2019-12-15 21:10:14,142][cascade_classifier.transform] [layer=1] look_indexs=[0], X_cur_test.shape=(87, 366)
[ 2019-12-15 21:10:15,418][cascade_classifier.transform] [layer=2] look_indexs=[0], X_cur_test.shape=(87, 366)
[ 2019-12-15 21:10:16,677][cascade_classifier.transform] [layer=3] look_indexs=[0], X_cur_test.shape=(87, 366)
[ 2019-12-15 21:10:17,962][cascade_classifier.transform] [layer=4] look_indexs=[0], X_cur_test.shape=(87, 366)
[ 2019-12-15 21:10:19,255][cascade_classifier.transform] X_groups_test.shape=[(87, 358)]
[ 2019-12-15 21:10:19,256][cascade_classifier.transform] group_dims=[358]
[ 2019-12-15 21:10:19,262][cascade_classifier.transform] X_test.shape=(87, 358)
[ 2019-12-15 21:10:19,262][cascade_classifier.transform] [layer=0] look_indexs=[0], X_cur_test.shape=(87, 358)
[ 2019-12-15 21:10:20,530][cascade_classifier.transform] [layer=1] look_indexs=[0], X_cur_test.shape=(87, 366)
[ 2019-12-15 21:10:21,796][cascade_classifier.transform] [layer=2] look_indexs=[0], X_cur_test.shape=(87, 366)
[ 2019-12-15 21:10:23,076][cascade_classifier.transform] [layer=3] look_indexs=[0], X_cur_test.shape=(87, 366)
[ 2019-12-15 21:10:24,344][cascade_classifier.transform] [layer=4] look_indexs=[0], X_cur_test.shape=(87, 366)
[ 2019-12-15 21:10:25,633][cascade_classifier.fit_transform] X_groups_train.shape=[(774, 358)],y_train.shape=(774,),X_groups_test.shape=[(87, 358)],y_test.shape=(87,)
[ 2019-12-15 21:10:25,640][cascade_classifier.fit_transform] group_dims=[358]
[ 2019-12-15 21:10:25,640][cascade_classifier.fit_transform] group_starts=[0]
[ 2019-12-15 21:10:25,640][cascade_classifier.fit_transform] group_ends=[358]
[ 2019-12-15 21:10:25,641][cascade_classifier.fit_transform] X_train.shape=(774, 358),X_test.shape=(87, 358)
[ 2019-12-15 21:10:25,642][cascade_classifier.fit_transform] [layer=0] look_indexs=[0], X_cur_train.shape=(774, 358), X_cur_test.shape=(87, 358)
[ 2019-12-15 21:10:25,988][kfold_wrapper.log_eval_metrics] Accuracy(layer_0 - estimator_0 - 3_folds.train_0.predict)=80.69%
[ 2019-12-15 21:10:26,441][kfold_wrapper.log_eval_metrics] Accuracy(layer_0 - estimator_0 - 3_folds.train_1.predict)=82.95%
[ 2019-12-15 21:10:26,885][kfold_wrapper.log_eval_metrics] Accuracy(layer_0 - estimator_0 - 3_folds.train_2.predict)=83.66%
[ 2019-12-15 21:10:27,001][kfold_wrapper.log_eval_metrics] Accuracy(layer_0 - estimator_0 - 3_folds.train_cv.predict)=82.43%
[ 2019-12-15 21:10:27,001][kfold_wrapper.log_eval_metrics] Accuracy(layer_0 - estimator_0 - 3_folds.test.predict)=75.86%
[ 2019-12-15 21:10:27,357][kfold_wrapper.log_eval_metrics] Accuracy(layer_0 - estimator_1 - 3_folds.train_0.predict)=80.31%
[ 2019-12-15 21:10:27,809][kfold_wrapper.log_eval_metrics] Accuracy(layer_0 - estimator_1 - 3_folds.train_1.predict)=82.95%
[ 2019-12-15 21:10:28,286][kfold_wrapper.log_eval_metrics] Accuracy(layer_0 - estimator_1 - 3_folds.train_2.predict)=84.05%
[ 2019-12-15 21:10:28,393][kfold_wrapper.log_eval_metrics] Accuracy(layer_0 - estimator_1 - 3_folds.train_cv.predict)=82.43%
[ 2019-12-15 21:10:28,393][kfold_wrapper.log_eval_metrics] Accuracy(layer_0 - estimator_1 - 3_folds.test.predict)=77.01%
[ 2019-12-15 21:10:28,726][kfold_wrapper.log_eval_metrics] Accuracy(layer_0 - estimator_2 - 3_folds.train_0.predict)=81.85%
[ 2019-12-15 21:10:29,162][kfold_wrapper.log_eval_metrics] Accuracy(layer_0 - estimator_2 - 3_folds.train_1.predict)=82.56%
[ 2019-12-15 21:10:29,595][kfold_wrapper.log_eval_metrics] Accuracy(layer_0 - estimator_2 - 3_folds.train_2.predict)=80.16%
[ 2019-12-15 21:10:29,701][kfold_wrapper.log_eval_metrics] Accuracy(layer_0 - estimator_2 - 3_folds.train_cv.predict)=81.52%
[ 2019-12-15 21:10:29,701][kfold_wrapper.log_eval_metrics] Accuracy(layer_0 - estimator_2 - 3_folds.test.predict)=77.01%
[ 2019-12-15 21:10:30,033][kfold_wrapper.log_eval_metrics] Accuracy(layer_0 - estimator_3 - 3_folds.train_0.predict)=82.24%
[ 2019-12-15 21:10:30,471][kfold_wrapper.log_eval_metrics] Accuracy(layer_0 - estimator_3 - 3_folds.train_1.predict)=84.50%
[ 2019-12-15 21:10:30,907][kfold_wrapper.log_eval_metrics] Accuracy(layer_0 - estimator_3 - 3_folds.train_2.predict)=79.38%
[ 2019-12-15 21:10:31,022][kfold_wrapper.log_eval_metrics] Accuracy(layer_0 - estimator_3 - 3_folds.train_cv.predict)=82.04%
[ 2019-12-15 21:10:31,023][kfold_wrapper.log_eval_metrics] Accuracy(layer_0 - estimator_3 - 3_folds.test.predict)=73.56%
[ 2019-12-15 21:10:31,023][cascade_classifier.calc_accuracy] Accuracy(layer_0 - train.classifier_average)=82.43%
[ 2019-12-15 21:10:31,023][cascade_classifier.calc_accuracy] Accuracy(layer_0 - test.classifier_average)=75.86%
[ 2019-12-15 21:10:31,025][cascade_classifier.fit_transform] [layer=1] look_indexs=[0], X_cur_train.shape=(774, 366), X_cur_test.shape=(87, 366)
[ 2019-12-15 21:10:31,373][kfold_wrapper.log_eval_metrics] Accuracy(layer_1 - estimator_0 - 3_folds.train_0.predict)=79.54%
[ 2019-12-15 21:10:31,812][kfold_wrapper.log_eval_metrics] Accuracy(layer_1 - estimator_0 - 3_folds.train_1.predict)=84.11%
[ 2019-12-15 21:10:32,286][kfold_wrapper.log_eval_metrics] Accuracy(layer_1 - estimator_0 - 3_folds.train_2.predict)=80.54%
[ 2019-12-15 21:10:32,399][kfold_wrapper.log_eval_metrics] Accuracy(layer_1 - estimator_0 - 3_folds.train_cv.predict)=81.40%
[ 2019-12-15 21:10:32,400][kfold_wrapper.log_eval_metrics] Accuracy(layer_1 - estimator_0 - 3_folds.test.predict)=78.16%
[ 2019-12-15 21:10:32,737][kfold_wrapper.log_eval_metrics] Accuracy(layer_1 - estimator_1 - 3_folds.train_0.predict)=83.78%
[ 2019-12-15 21:10:33,211][kfold_wrapper.log_eval_metrics] Accuracy(layer_1 - estimator_1 - 3_folds.train_1.predict)=80.23%
[ 2019-12-15 21:10:33,654][kfold_wrapper.log_eval_metrics] Accuracy(layer_1 - estimator_1 - 3_folds.train_2.predict)=81.32%
[ 2019-12-15 21:10:33,765][kfold_wrapper.log_eval_metrics] Accuracy(layer_1 - estimator_1 - 3_folds.train_cv.predict)=81.78%
[ 2019-12-15 21:10:33,765][kfold_wrapper.log_eval_metrics] Accuracy(layer_1 - estimator_1 - 3_folds.test.predict)=74.71%
[ 2019-12-15 21:10:34,102][kfold_wrapper.log_eval_metrics] Accuracy(layer_1 - estimator_2 - 3_folds.train_0.predict)=84.56%
[ 2019-12-15 21:10:34,541][kfold_wrapper.log_eval_metrics] Accuracy(layer_1 - estimator_2 - 3_folds.train_1.predict)=80.23%
[ 2019-12-15 21:10:34,977][kfold_wrapper.log_eval_metrics] Accuracy(layer_1 - estimator_2 - 3_folds.train_2.predict)=84.82%
[ 2019-12-15 21:10:35,094][kfold_wrapper.log_eval_metrics] Accuracy(layer_1 - estimator_2 - 3_folds.train_cv.predict)=83.20%
[ 2019-12-15 21:10:35,095][kfold_wrapper.log_eval_metrics] Accuracy(layer_1 - estimator_2 - 3_folds.test.predict)=74.71%
[ 2019-12-15 21:10:35,426][kfold_wrapper.log_eval_metrics] Accuracy(layer_1 - estimator_3 - 3_folds.train_0.predict)=83.78%
[ 2019-12-15 21:10:35,853][kfold_wrapper.log_eval_metrics] Accuracy(layer_1 - estimator_3 - 3_folds.train_1.predict)=81.78%
[ 2019-12-15 21:10:36,316][kfold_wrapper.log_eval_metrics] Accuracy(layer_1 - estimator_3 - 3_folds.train_2.predict)=78.99%
[ 2019-12-15 21:10:36,420][kfold_wrapper.log_eval_metrics] Accuracy(layer_1 - estimator_3 - 3_folds.train_cv.predict)=81.52%
[ 2019-12-15 21:10:36,421][kfold_wrapper.log_eval_metrics] Accuracy(layer_1 - estimator_3 - 3_folds.test.predict)=78.16%
[ 2019-12-15 21:10:36,421][cascade_classifier.calc_accuracy] Accuracy(layer_1 - train.classifier_average)=82.04%
[ 2019-12-15 21:10:36,421][cascade_classifier.calc_accuracy] Accuracy(layer_1 - test.classifier_average)=74.71%
[ 2019-12-15 21:10:36,423][cascade_classifier.fit_transform] [layer=2] look_indexs=[0], X_cur_train.shape=(774, 366), X_cur_test.shape=(87, 366)
[ 2019-12-15 21:10:36,765][kfold_wrapper.log_eval_metrics] Accuracy(layer_2 - estimator_0 - 3_folds.train_0.predict)=81.47%
[ 2019-12-15 21:10:37,267][kfold_wrapper.log_eval_metrics] Accuracy(layer_2 - estimator_0 - 3_folds.train_1.predict)=79.46%
[ 2019-12-15 21:10:37,706][kfold_wrapper.log_eval_metrics] Accuracy(layer_2 - estimator_0 - 3_folds.train_2.predict)=82.88%
[ 2019-12-15 21:10:37,815][kfold_wrapper.log_eval_metrics] Accuracy(layer_2 - estimator_0 - 3_folds.train_cv.predict)=81.27%
[ 2019-12-15 21:10:37,816][kfold_wrapper.log_eval_metrics] Accuracy(layer_2 - estimator_0 - 3_folds.test.predict)=77.01%
[ 2019-12-15 21:10:38,251][kfold_wrapper.log_eval_metrics] Accuracy(layer_2 - estimator_1 - 3_folds.train_0.predict)=83.78%
[ 2019-12-15 21:10:38,689][kfold_wrapper.log_eval_metrics] Accuracy(layer_2 - estimator_1 - 3_folds.train_1.predict)=79.84%
[ 2019-12-15 21:10:39,233][kfold_wrapper.log_eval_metrics] Accuracy(layer_2 - estimator_1 - 3_folds.train_2.predict)=83.66%
[ 2019-12-15 21:10:39,345][kfold_wrapper.log_eval_metrics] Accuracy(layer_2 - estimator_1 - 3_folds.train_cv.predict)=82.43%
[ 2019-12-15 21:10:39,346][kfold_wrapper.log_eval_metrics] Accuracy(layer_2 - estimator_1 - 3_folds.test.predict)=75.86%
[ 2019-12-15 21:10:39,679][kfold_wrapper.log_eval_metrics] Accuracy(layer_2 - estimator_2 - 3_folds.train_0.predict)=83.78%
[ 2019-12-15 21:10:40,111][kfold_wrapper.log_eval_metrics] Accuracy(layer_2 - estimator_2 - 3_folds.train_1.predict)=82.17%
[ 2019-12-15 21:10:40,552][kfold_wrapper.log_eval_metrics] Accuracy(layer_2 - estimator_2 - 3_folds.train_2.predict)=79.38%
[ 2019-12-15 21:10:40,657][kfold_wrapper.log_eval_metrics] Accuracy(layer_2 - estimator_2 - 3_folds.train_cv.predict)=81.78%
[ 2019-12-15 21:10:40,658][kfold_wrapper.log_eval_metrics] Accuracy(layer_2 - estimator_2 - 3_folds.test.predict)=73.56%
[ 2019-12-15 21:10:40,995][kfold_wrapper.log_eval_metrics] Accuracy(layer_2 - estimator_3 - 3_folds.train_0.predict)=79.15%
[ 2019-12-15 21:10:41,433][kfold_wrapper.log_eval_metrics] Accuracy(layer_2 - estimator_3 - 3_folds.train_1.predict)=83.33%
[ 2019-12-15 21:10:41,868][kfold_wrapper.log_eval_metrics] Accuracy(layer_2 - estimator_3 - 3_folds.train_2.predict)=84.82%
[ 2019-12-15 21:10:41,978][kfold_wrapper.log_eval_metrics] Accuracy(layer_2 - estimator_3 - 3_folds.train_cv.predict)=82.43%
[ 2019-12-15 21:10:41,979][kfold_wrapper.log_eval_metrics] Accuracy(layer_2 - estimator_3 - 3_folds.test.predict)=78.16%
[ 2019-12-15 21:10:41,979][cascade_classifier.calc_accuracy] Accuracy(layer_2 - train.classifier_average)=81.27%
[ 2019-12-15 21:10:41,980][cascade_classifier.calc_accuracy] Accuracy(layer_2 - test.classifier_average)=75.86%
[ 2019-12-15 21:10:41,984][cascade_classifier.fit_transform] [layer=3] look_indexs=[0], X_cur_train.shape=(774, 366), X_cur_test.shape=(87, 366)
[ 2019-12-15 21:10:42,344][kfold_wrapper.log_eval_metrics] Accuracy(layer_3 - estimator_0 - 3_folds.train_0.predict)=84.56%
[ 2019-12-15 21:10:42,786][kfold_wrapper.log_eval_metrics] Accuracy(layer_3 - estimator_0 - 3_folds.train_1.predict)=78.29%
[ 2019-12-15 21:10:43,254][kfold_wrapper.log_eval_metrics] Accuracy(layer_3 - estimator_0 - 3_folds.train_2.predict)=80.93%
[ 2019-12-15 21:10:43,366][kfold_wrapper.log_eval_metrics] Accuracy(layer_3 - estimator_0 - 3_folds.train_cv.predict)=81.27%
[ 2019-12-15 21:10:43,367][kfold_wrapper.log_eval_metrics] Accuracy(layer_3 - estimator_0 - 3_folds.test.predict)=77.01%
[ 2019-12-15 21:10:43,704][kfold_wrapper.log_eval_metrics] Accuracy(layer_3 - estimator_1 - 3_folds.train_0.predict)=83.01%
[ 2019-12-15 21:10:44,246][kfold_wrapper.log_eval_metrics] Accuracy(layer_3 - estimator_1 - 3_folds.train_1.predict)=80.23%
[ 2019-12-15 21:10:44,689][kfold_wrapper.log_eval_metrics] Accuracy(layer_3 - estimator_1 - 3_folds.train_2.predict)=81.32%
[ 2019-12-15 21:10:44,794][kfold_wrapper.log_eval_metrics] Accuracy(layer_3 - estimator_1 - 3_folds.train_cv.predict)=81.52%
[ 2019-12-15 21:10:44,794][kfold_wrapper.log_eval_metrics] Accuracy(layer_3 - estimator_1 - 3_folds.test.predict)=75.86%
[ 2019-12-15 21:10:45,121][kfold_wrapper.log_eval_metrics] Accuracy(layer_3 - estimator_2 - 3_folds.train_0.predict)=76.45%
[ 2019-12-15 21:10:45,556][kfold_wrapper.log_eval_metrics] Accuracy(layer_3 - estimator_2 - 3_folds.train_1.predict)=81.78%
[ 2019-12-15 21:10:45,996][kfold_wrapper.log_eval_metrics] Accuracy(layer_3 - estimator_2 - 3_folds.train_2.predict)=85.21%
[ 2019-12-15 21:10:46,105][kfold_wrapper.log_eval_metrics] Accuracy(layer_3 - estimator_2 - 3_folds.train_cv.predict)=81.14%
[ 2019-12-15 21:10:46,105][kfold_wrapper.log_eval_metrics] Accuracy(layer_3 - estimator_2 - 3_folds.test.predict)=75.86%
[ 2019-12-15 21:10:46,440][kfold_wrapper.log_eval_metrics] Accuracy(layer_3 - estimator_3 - 3_folds.train_0.predict)=81.08%
[ 2019-12-15 21:10:46,880][kfold_wrapper.log_eval_metrics] Accuracy(layer_3 - estimator_3 - 3_folds.train_1.predict)=85.66%
[ 2019-12-15 21:10:47,339][kfold_wrapper.log_eval_metrics] Accuracy(layer_3 - estimator_3 - 3_folds.train_2.predict)=83.27%
[ 2019-12-15 21:10:47,445][kfold_wrapper.log_eval_metrics] Accuracy(layer_3 - estimator_3 - 3_folds.train_cv.predict)=83.33%
[ 2019-12-15 21:10:47,445][kfold_wrapper.log_eval_metrics] Accuracy(layer_3 - estimator_3 - 3_folds.test.predict)=75.86%
[ 2019-12-15 21:10:47,445][cascade_classifier.calc_accuracy] Accuracy(layer_3 - train.classifier_average)=82.04%
[ 2019-12-15 21:10:47,446][cascade_classifier.calc_accuracy] Accuracy(layer_3 - test.classifier_average)=75.86%
[ 2019-12-15 21:10:47,448][cascade_classifier.fit_transform] [layer=4] look_indexs=[0], X_cur_train.shape=(774, 366), X_cur_test.shape=(87, 366)
[ 2019-12-15 21:10:47,794][kfold_wrapper.log_eval_metrics] Accuracy(layer_4 - estimator_0 - 3_folds.train_0.predict)=81.08%
[ 2019-12-15 21:10:48,260][kfold_wrapper.log_eval_metrics] Accuracy(layer_4 - estimator_0 - 3_folds.train_1.predict)=82.17%
[ 2019-12-15 21:10:48,696][kfold_wrapper.log_eval_metrics] Accuracy(layer_4 - estimator_0 - 3_folds.train_2.predict)=81.32%
[ 2019-12-15 21:10:48,807][kfold_wrapper.log_eval_metrics] Accuracy(layer_4 - estimator_0 - 3_folds.train_cv.predict)=81.52%
[ 2019-12-15 21:10:48,808][kfold_wrapper.log_eval_metrics] Accuracy(layer_4 - estimator_0 - 3_folds.test.predict)=75.86%
[ 2019-12-15 21:10:49,244][kfold_wrapper.log_eval_metrics] Accuracy(layer_4 - estimator_1 - 3_folds.train_0.predict)=80.69%
[ 2019-12-15 21:10:49,703][kfold_wrapper.log_eval_metrics] Accuracy(layer_4 - estimator_1 - 3_folds.train_1.predict)=82.56%
[ 2019-12-15 21:10:50,248][kfold_wrapper.log_eval_metrics] Accuracy(layer_4 - estimator_1 - 3_folds.train_2.predict)=80.16%
[ 2019-12-15 21:10:50,358][kfold_wrapper.log_eval_metrics] Accuracy(layer_4 - estimator_1 - 3_folds.train_cv.predict)=81.14%
[ 2019-12-15 21:10:50,359][kfold_wrapper.log_eval_metrics] Accuracy(layer_4 - estimator_1 - 3_folds.test.predict)=74.71%
[ 2019-12-15 21:10:50,685][kfold_wrapper.log_eval_metrics] Accuracy(layer_4 - estimator_2 - 3_folds.train_0.predict)=81.47%
[ 2019-12-15 21:10:51,119][kfold_wrapper.log_eval_metrics] Accuracy(layer_4 - estimator_2 - 3_folds.train_1.predict)=80.23%
[ 2019-12-15 21:10:51,563][kfold_wrapper.log_eval_metrics] Accuracy(layer_4 - estimator_2 - 3_folds.train_2.predict)=84.05%
[ 2019-12-15 21:10:51,669][kfold_wrapper.log_eval_metrics] Accuracy(layer_4 - estimator_2 - 3_folds.train_cv.predict)=81.91%
[ 2019-12-15 21:10:51,669][kfold_wrapper.log_eval_metrics] Accuracy(layer_4 - estimator_2 - 3_folds.test.predict)=75.86%
[ 2019-12-15 21:10:52,112][kfold_wrapper.log_eval_metrics] Accuracy(layer_4 - estimator_3 - 3_folds.train_0.predict)=80.31%
[ 2019-12-15 21:10:52,557][kfold_wrapper.log_eval_metrics] Accuracy(layer_4 - estimator_3 - 3_folds.train_1.predict)=80.62%
[ 2019-12-15 21:10:52,994][kfold_wrapper.log_eval_metrics] Accuracy(layer_4 - estimator_3 - 3_folds.train_2.predict)=82.88%
[ 2019-12-15 21:10:53,109][kfold_wrapper.log_eval_metrics] Accuracy(layer_4 - estimator_3 - 3_folds.train_cv.predict)=81.27%
[ 2019-12-15 21:10:53,110][kfold_wrapper.log_eval_metrics] Accuracy(layer_4 - estimator_3 - 3_folds.test.predict)=78.16%
[ 2019-12-15 21:10:53,110][cascade_classifier.calc_accuracy] Accuracy(layer_4 - train.classifier_average)=81.27%
[ 2019-12-15 21:10:53,110][cascade_classifier.calc_accuracy] Accuracy(layer_4 - test.classifier_average)=77.01%
[ 2019-12-15 21:10:53,114][cascade_classifier.fit_transform] [layer=5] look_indexs=[0], X_cur_train.shape=(774, 366), X_cur_test.shape=(87, 366)
[ 2019-12-15 21:10:53,456][kfold_wrapper.log_eval_metrics] Accuracy(layer_5 - estimator_0 - 3_folds.train_0.predict)=84.94%
[ 2019-12-15 21:10:53,904][kfold_wrapper.log_eval_metrics] Accuracy(layer_5 - estimator_0 - 3_folds.train_1.predict)=78.29%
[ 2019-12-15 21:10:54,354][kfold_wrapper.log_eval_metrics] Accuracy(layer_5 - estimator_0 - 3_folds.train_2.predict)=80.54%
[ 2019-12-15 21:10:54,459][kfold_wrapper.log_eval_metrics] Accuracy(layer_5 - estimator_0 - 3_folds.train_cv.predict)=81.27%
[ 2019-12-15 21:10:54,460][kfold_wrapper.log_eval_metrics] Accuracy(layer_5 - estimator_0 - 3_folds.test.predict)=77.01%
[ 2019-12-15 21:10:54,797][kfold_wrapper.log_eval_metrics] Accuracy(layer_5 - estimator_1 - 3_folds.train_0.predict)=80.69%
[ 2019-12-15 21:10:55,267][kfold_wrapper.log_eval_metrics] Accuracy(layer_5 - estimator_1 - 3_folds.train_1.predict)=81.78%
[ 2019-12-15 21:10:55,709][kfold_wrapper.log_eval_metrics] Accuracy(layer_5 - estimator_1 - 3_folds.train_2.predict)=79.77%
[ 2019-12-15 21:10:55,820][kfold_wrapper.log_eval_metrics] Accuracy(layer_5 - estimator_1 - 3_folds.train_cv.predict)=80.75%
[ 2019-12-15 21:10:55,821][kfold_wrapper.log_eval_metrics] Accuracy(layer_5 - estimator_1 - 3_folds.test.predict)=79.31%
[ 2019-12-15 21:10:56,157][kfold_wrapper.log_eval_metrics] Accuracy(layer_5 - estimator_2 - 3_folds.train_0.predict)=84.56%
[ 2019-12-15 21:10:56,596][kfold_wrapper.log_eval_metrics] Accuracy(layer_5 - estimator_2 - 3_folds.train_1.predict)=78.68%
[ 2019-12-15 21:10:57,033][kfold_wrapper.log_eval_metrics] Accuracy(layer_5 - estimator_2 - 3_folds.train_2.predict)=81.32%
[ 2019-12-15 21:10:57,138][kfold_wrapper.log_eval_metrics] Accuracy(layer_5 - estimator_2 - 3_folds.train_cv.predict)=81.52%
[ 2019-12-15 21:10:57,139][kfold_wrapper.log_eval_metrics] Accuracy(layer_5 - estimator_2 - 3_folds.test.predict)=74.71%
[ 2019-12-15 21:10:57,478][kfold_wrapper.log_eval_metrics] Accuracy(layer_5 - estimator_3 - 3_folds.train_0.predict)=79.54%
[ 2019-12-15 21:10:57,912][kfold_wrapper.log_eval_metrics] Accuracy(layer_5 - estimator_3 - 3_folds.train_1.predict)=82.95%
[ 2019-12-15 21:10:58,359][kfold_wrapper.log_eval_metrics] Accuracy(layer_5 - estimator_3 - 3_folds.train_2.predict)=81.32%
[ 2019-12-15 21:10:58,464][kfold_wrapper.log_eval_metrics] Accuracy(layer_5 - estimator_3 - 3_folds.train_cv.predict)=81.27%
[ 2019-12-15 21:10:58,465][kfold_wrapper.log_eval_metrics] Accuracy(layer_5 - estimator_3 - 3_folds.test.predict)=75.86%
[ 2019-12-15 21:10:58,465][cascade_classifier.calc_accuracy] Accuracy(layer_5 - train.classifier_average)=81.78%
[ 2019-12-15 21:10:58,465][cascade_classifier.calc_accuracy] Accuracy(layer_5 - test.classifier_average)=75.86%
[ 2019-12-15 21:10:58,465][cascade_classifier.fit_transform] [Result][Optimal Level Detected] opt_layer_num=1, accuracy_train=82.43%, accuracy_test=75.86%
[ 2019-12-15 21:10:58,474][cascade_classifier.transform] X_groups_test.shape=[(87, 358)]
[ 2019-12-15 21:10:58,474][cascade_classifier.transform] group_dims=[358]
[ 2019-12-15 21:10:58,474][cascade_classifier.transform] X_test.shape=(87, 358)
[ 2019-12-15 21:10:58,475][cascade_classifier.transform] [layer=0] look_indexs=[0], X_cur_test.shape=(87, 358)
[ 2019-12-15 21:10:59,739][cascade_classifier.transform] X_groups_test.shape=[(87, 358)]
[ 2019-12-15 21:10:59,740][cascade_classifier.transform] group_dims=[358]
[ 2019-12-15 21:10:59,740][cascade_classifier.transform] X_test.shape=(87, 358)
[ 2019-12-15 21:10:59,740][cascade_classifier.transform] [layer=0] look_indexs=[0], X_cur_test.shape=(87, 358)
[ 2019-12-15 21:11:01,019][cascade_classifier.fit_transform] X_groups_train.shape=[(774, 358)],y_train.shape=(774,),X_groups_test.shape=[(87, 358)],y_test.shape=(87,)
[ 2019-12-15 21:11:01,021][cascade_classifier.fit_transform] group_dims=[358]
[ 2019-12-15 21:11:01,027][cascade_classifier.fit_transform] group_starts=[0]
[ 2019-12-15 21:11:01,028][cascade_classifier.fit_transform] group_ends=[358]
[ 2019-12-15 21:11:01,028][cascade_classifier.fit_transform] X_train.shape=(774, 358),X_test.shape=(87, 358)
[ 2019-12-15 21:11:01,030][cascade_classifier.fit_transform] [layer=0] look_indexs=[0], X_cur_train.shape=(774, 358), X_cur_test.shape=(87, 358)
[ 2019-12-15 21:11:01,373][kfold_wrapper.log_eval_metrics] Accuracy(layer_0 - estimator_0 - 3_folds.train_0.predict)=80.23%
[ 2019-12-15 21:11:01,821][kfold_wrapper.log_eval_metrics] Accuracy(layer_0 - estimator_0 - 3_folds.train_1.predict)=82.17%
[ 2019-12-15 21:11:02,298][kfold_wrapper.log_eval_metrics] Accuracy(layer_0 - estimator_0 - 3_folds.train_2.predict)=79.84%
[ 2019-12-15 21:11:02,404][kfold_wrapper.log_eval_metrics] Accuracy(layer_0 - estimator_0 - 3_folds.train_cv.predict)=80.75%
[ 2019-12-15 21:11:02,405][kfold_wrapper.log_eval_metrics] Accuracy(layer_0 - estimator_0 - 3_folds.test.predict)=85.06%
[ 2019-12-15 21:11:02,748][kfold_wrapper.log_eval_metrics] Accuracy(layer_0 - estimator_1 - 3_folds.train_0.predict)=77.13%
[ 2019-12-15 21:11:03,216][kfold_wrapper.log_eval_metrics] Accuracy(layer_0 - estimator_1 - 3_folds.train_1.predict)=82.17%
[ 2019-12-15 21:11:03,676][kfold_wrapper.log_eval_metrics] Accuracy(layer_0 - estimator_1 - 3_folds.train_2.predict)=83.72%
[ 2019-12-15 21:11:03,782][kfold_wrapper.log_eval_metrics] Accuracy(layer_0 - estimator_1 - 3_folds.train_cv.predict)=81.01%
[ 2019-12-15 21:11:03,783][kfold_wrapper.log_eval_metrics] Accuracy(layer_0 - estimator_1 - 3_folds.test.predict)=83.91%
[ 2019-12-15 21:11:04,114][kfold_wrapper.log_eval_metrics] Accuracy(layer_0 - estimator_2 - 3_folds.train_0.predict)=82.17%
[ 2019-12-15 21:11:04,546][kfold_wrapper.log_eval_metrics] Accuracy(layer_0 - estimator_2 - 3_folds.train_1.predict)=82.17%
[ 2019-12-15 21:11:04,993][kfold_wrapper.log_eval_metrics] Accuracy(layer_0 - estimator_2 - 3_folds.train_2.predict)=82.95%
[ 2019-12-15 21:11:05,104][kfold_wrapper.log_eval_metrics] Accuracy(layer_0 - estimator_2 - 3_folds.train_cv.predict)=82.43%
[ 2019-12-15 21:11:05,105][kfold_wrapper.log_eval_metrics] Accuracy(layer_0 - estimator_2 - 3_folds.test.predict)=77.01%
