[ 2019-12-13 16:27:26,221][cascade_classifier.fit_transform] X_groups_train.shape=[(774, 358)],y_train.shape=(774,),X_groups_test.shape=[(87, 358)],y_test.shape=(87,)
[ 2019-12-13 16:27:26,221][cascade_classifier.fit_transform] group_dims=[358]
[ 2019-12-13 16:27:26,221][cascade_classifier.fit_transform] group_starts=[0]
[ 2019-12-13 16:27:26,221][cascade_classifier.fit_transform] group_ends=[358]
[ 2019-12-13 16:27:26,221][cascade_classifier.fit_transform] X_train.shape=(774, 358),X_test.shape=(87, 358)
[ 2019-12-13 16:27:26,221][cascade_classifier.fit_transform] [layer=0] look_indexs=[0], X_cur_train.shape=(774, 358), X_cur_test.shape=(87, 358)
[ 2019-12-13 16:27:34,723][kfold_wrapper.log_eval_metrics] Accuracy(layer_0 - estimator_0 - 5_folds.train_0.predict)=86.45%
[ 2019-12-13 16:27:44,160][kfold_wrapper.log_eval_metrics] Accuracy(layer_0 - estimator_0 - 5_folds.train_1.predict)=83.23%
[ 2019-12-13 16:27:53,567][kfold_wrapper.log_eval_metrics] Accuracy(layer_0 - estimator_0 - 5_folds.train_2.predict)=81.29%
[ 2019-12-13 16:28:03,006][kfold_wrapper.log_eval_metrics] Accuracy(layer_0 - estimator_0 - 5_folds.train_3.predict)=82.58%
[ 2019-12-13 16:28:12,594][kfold_wrapper.log_eval_metrics] Accuracy(layer_0 - estimator_0 - 5_folds.train_4.predict)=78.57%
[ 2019-12-13 16:28:13,683][kfold_wrapper.log_eval_metrics] Accuracy(layer_0 - estimator_0 - 5_folds.train_cv.predict)=82.43%
[ 2019-12-13 16:28:13,683][kfold_wrapper.log_eval_metrics] Accuracy(layer_0 - estimator_0 - 5_folds.test.predict)=80.46%
[ 2019-12-13 16:28:22,676][kfold_wrapper.log_eval_metrics] Accuracy(layer_0 - estimator_1 - 5_folds.train_0.predict)=78.71%
[ 2019-12-13 16:28:33,787][kfold_wrapper.log_eval_metrics] Accuracy(layer_0 - estimator_1 - 5_folds.train_1.predict)=79.35%
[ 2019-12-13 16:28:44,116][kfold_wrapper.log_eval_metrics] Accuracy(layer_0 - estimator_1 - 5_folds.train_2.predict)=85.16%
[ 2019-12-13 16:28:54,945][kfold_wrapper.log_eval_metrics] Accuracy(layer_0 - estimator_1 - 5_folds.train_3.predict)=83.87%
[ 2019-12-13 16:29:05,071][kfold_wrapper.log_eval_metrics] Accuracy(layer_0 - estimator_1 - 5_folds.train_4.predict)=83.77%
[ 2019-12-13 16:29:06,215][kfold_wrapper.log_eval_metrics] Accuracy(layer_0 - estimator_1 - 5_folds.train_cv.predict)=82.17%
[ 2019-12-13 16:29:06,221][kfold_wrapper.log_eval_metrics] Accuracy(layer_0 - estimator_1 - 5_folds.test.predict)=81.61%
[ 2019-12-13 16:29:15,678][kfold_wrapper.log_eval_metrics] Accuracy(layer_0 - estimator_2 - 5_folds.train_0.predict)=85.16%
[ 2019-12-13 16:29:25,927][kfold_wrapper.log_eval_metrics] Accuracy(layer_0 - estimator_2 - 5_folds.train_1.predict)=81.94%
[ 2019-12-13 16:29:35,976][kfold_wrapper.log_eval_metrics] Accuracy(layer_0 - estimator_2 - 5_folds.train_2.predict)=80.00%
[ 2019-12-13 16:29:46,136][kfold_wrapper.log_eval_metrics] Accuracy(layer_0 - estimator_2 - 5_folds.train_3.predict)=85.16%
[ 2019-12-13 16:29:56,412][kfold_wrapper.log_eval_metrics] Accuracy(layer_0 - estimator_2 - 5_folds.train_4.predict)=80.52%
[ 2019-12-13 16:29:57,488][kfold_wrapper.log_eval_metrics] Accuracy(layer_0 - estimator_2 - 5_folds.train_cv.predict)=82.56%
[ 2019-12-13 16:29:57,488][kfold_wrapper.log_eval_metrics] Accuracy(layer_0 - estimator_2 - 5_folds.test.predict)=81.61%
[ 2019-12-13 16:29:57,488][cascade_classifier.calc_accuracy] Accuracy(layer_0 - train.classifier_average)=81.78%
[ 2019-12-13 16:29:57,488][cascade_classifier.calc_accuracy] Accuracy(layer_0 - test.classifier_average)=81.61%
[ 2019-12-13 16:29:57,488][cascade_classifier.fit_transform] [layer=1] look_indexs=[0], X_cur_train.shape=(774, 364), X_cur_test.shape=(87, 364)
[ 2019-12-13 16:30:07,113][kfold_wrapper.log_eval_metrics] Accuracy(layer_1 - estimator_0 - 5_folds.train_0.predict)=81.94%
[ 2019-12-13 16:30:16,954][kfold_wrapper.log_eval_metrics] Accuracy(layer_1 - estimator_0 - 5_folds.train_1.predict)=83.23%
[ 2019-12-13 16:30:26,834][kfold_wrapper.log_eval_metrics] Accuracy(layer_1 - estimator_0 - 5_folds.train_2.predict)=85.81%
[ 2019-12-13 16:30:37,848][kfold_wrapper.log_eval_metrics] Accuracy(layer_1 - estimator_0 - 5_folds.train_3.predict)=80.65%
[ 2019-12-13 16:30:49,133][kfold_wrapper.log_eval_metrics] Accuracy(layer_1 - estimator_0 - 5_folds.train_4.predict)=79.87%
[ 2019-12-13 16:30:50,260][kfold_wrapper.log_eval_metrics] Accuracy(layer_1 - estimator_0 - 5_folds.train_cv.predict)=82.30%
[ 2019-12-13 16:30:50,260][kfold_wrapper.log_eval_metrics] Accuracy(layer_1 - estimator_0 - 5_folds.test.predict)=82.76%
[ 2019-12-13 16:30:59,767][kfold_wrapper.log_eval_metrics] Accuracy(layer_1 - estimator_1 - 5_folds.train_0.predict)=81.94%
[ 2019-12-13 16:31:10,333][kfold_wrapper.log_eval_metrics] Accuracy(layer_1 - estimator_1 - 5_folds.train_1.predict)=81.94%
[ 2019-12-13 16:31:20,670][kfold_wrapper.log_eval_metrics] Accuracy(layer_1 - estimator_1 - 5_folds.train_2.predict)=81.94%
[ 2019-12-13 16:31:31,080][kfold_wrapper.log_eval_metrics] Accuracy(layer_1 - estimator_1 - 5_folds.train_3.predict)=80.00%
[ 2019-12-13 16:31:42,211][kfold_wrapper.log_eval_metrics] Accuracy(layer_1 - estimator_1 - 5_folds.train_4.predict)=82.47%
[ 2019-12-13 16:31:43,287][kfold_wrapper.log_eval_metrics] Accuracy(layer_1 - estimator_1 - 5_folds.train_cv.predict)=81.65%
[ 2019-12-13 16:31:43,288][kfold_wrapper.log_eval_metrics] Accuracy(layer_1 - estimator_1 - 5_folds.test.predict)=83.91%
[ 2019-12-13 16:31:52,680][kfold_wrapper.log_eval_metrics] Accuracy(layer_1 - estimator_2 - 5_folds.train_0.predict)=80.65%
[ 2019-12-13 16:32:03,111][kfold_wrapper.log_eval_metrics] Accuracy(layer_1 - estimator_2 - 5_folds.train_1.predict)=79.35%
[ 2019-12-13 16:32:13,311][kfold_wrapper.log_eval_metrics] Accuracy(layer_1 - estimator_2 - 5_folds.train_2.predict)=82.58%
[ 2019-12-13 16:32:23,712][kfold_wrapper.log_eval_metrics] Accuracy(layer_1 - estimator_2 - 5_folds.train_3.predict)=81.94%
[ 2019-12-13 16:32:33,815][kfold_wrapper.log_eval_metrics] Accuracy(layer_1 - estimator_2 - 5_folds.train_4.predict)=84.42%
[ 2019-12-13 16:32:35,064][kfold_wrapper.log_eval_metrics] Accuracy(layer_1 - estimator_2 - 5_folds.train_cv.predict)=81.78%
[ 2019-12-13 16:32:35,064][kfold_wrapper.log_eval_metrics] Accuracy(layer_1 - estimator_2 - 5_folds.test.predict)=83.91%
[ 2019-12-13 16:32:35,064][cascade_classifier.calc_accuracy] Accuracy(layer_1 - train.classifier_average)=82.04%
[ 2019-12-13 16:32:35,064][cascade_classifier.calc_accuracy] Accuracy(layer_1 - test.classifier_average)=83.91%
[ 2019-12-13 16:32:35,064][cascade_classifier.fit_transform] [layer=2] look_indexs=[0], X_cur_train.shape=(774, 364), X_cur_test.shape=(87, 364)
[ 2019-12-13 16:32:44,710][kfold_wrapper.log_eval_metrics] Accuracy(layer_2 - estimator_0 - 5_folds.train_0.predict)=79.35%
[ 2019-12-13 16:32:55,817][kfold_wrapper.log_eval_metrics] Accuracy(layer_2 - estimator_0 - 5_folds.train_1.predict)=86.45%
[ 2019-12-13 16:33:06,463][kfold_wrapper.log_eval_metrics] Accuracy(layer_2 - estimator_0 - 5_folds.train_2.predict)=80.65%
[ 2019-12-13 16:33:17,478][kfold_wrapper.log_eval_metrics] Accuracy(layer_2 - estimator_0 - 5_folds.train_3.predict)=82.58%
[ 2019-12-13 16:33:28,608][kfold_wrapper.log_eval_metrics] Accuracy(layer_2 - estimator_0 - 5_folds.train_4.predict)=79.87%
[ 2019-12-13 16:33:29,849][kfold_wrapper.log_eval_metrics] Accuracy(layer_2 - estimator_0 - 5_folds.train_cv.predict)=81.78%
[ 2019-12-13 16:33:29,849][kfold_wrapper.log_eval_metrics] Accuracy(layer_2 - estimator_0 - 5_folds.test.predict)=81.61%
[ 2019-12-13 16:33:39,755][kfold_wrapper.log_eval_metrics] Accuracy(layer_2 - estimator_1 - 5_folds.train_0.predict)=82.58%
[ 2019-12-13 16:33:50,079][kfold_wrapper.log_eval_metrics] Accuracy(layer_2 - estimator_1 - 5_folds.train_1.predict)=84.52%
[ 2019-12-13 16:34:00,739][kfold_wrapper.log_eval_metrics] Accuracy(layer_2 - estimator_1 - 5_folds.train_2.predict)=81.29%
[ 2019-12-13 16:34:10,738][kfold_wrapper.log_eval_metrics] Accuracy(layer_2 - estimator_1 - 5_folds.train_3.predict)=81.94%
[ 2019-12-13 16:34:21,194][kfold_wrapper.log_eval_metrics] Accuracy(layer_2 - estimator_1 - 5_folds.train_4.predict)=77.92%
[ 2019-12-13 16:34:22,353][kfold_wrapper.log_eval_metrics] Accuracy(layer_2 - estimator_1 - 5_folds.train_cv.predict)=81.65%
[ 2019-12-13 16:34:22,353][kfold_wrapper.log_eval_metrics] Accuracy(layer_2 - estimator_1 - 5_folds.test.predict)=82.76%
[ 2019-12-13 16:34:32,790][kfold_wrapper.log_eval_metrics] Accuracy(layer_2 - estimator_2 - 5_folds.train_0.predict)=85.81%
[ 2019-12-13 16:34:44,261][kfold_wrapper.log_eval_metrics] Accuracy(layer_2 - estimator_2 - 5_folds.train_1.predict)=78.06%
[ 2019-12-13 16:34:54,867][kfold_wrapper.log_eval_metrics] Accuracy(layer_2 - estimator_2 - 5_folds.train_2.predict)=79.35%
[ 2019-12-13 16:35:04,964][kfold_wrapper.log_eval_metrics] Accuracy(layer_2 - estimator_2 - 5_folds.train_3.predict)=84.52%
[ 2019-12-13 16:35:15,098][kfold_wrapper.log_eval_metrics] Accuracy(layer_2 - estimator_2 - 5_folds.train_4.predict)=81.82%
[ 2019-12-13 16:35:16,260][kfold_wrapper.log_eval_metrics] Accuracy(layer_2 - estimator_2 - 5_folds.train_cv.predict)=81.91%
[ 2019-12-13 16:35:16,260][kfold_wrapper.log_eval_metrics] Accuracy(layer_2 - estimator_2 - 5_folds.test.predict)=82.76%
[ 2019-12-13 16:35:16,260][cascade_classifier.calc_accuracy] Accuracy(layer_2 - train.classifier_average)=81.52%
[ 2019-12-13 16:35:16,260][cascade_classifier.calc_accuracy] Accuracy(layer_2 - test.classifier_average)=82.76%
[ 2019-12-13 16:35:16,260][cascade_classifier.fit_transform] [layer=3] look_indexs=[0], X_cur_train.shape=(774, 364), X_cur_test.shape=(87, 364)
[ 2019-12-13 16:35:26,829][kfold_wrapper.log_eval_metrics] Accuracy(layer_3 - estimator_0 - 5_folds.train_0.predict)=79.35%
[ 2019-12-13 16:35:36,994][kfold_wrapper.log_eval_metrics] Accuracy(layer_3 - estimator_0 - 5_folds.train_1.predict)=79.35%
[ 2019-12-13 16:35:47,220][kfold_wrapper.log_eval_metrics] Accuracy(layer_3 - estimator_0 - 5_folds.train_2.predict)=86.45%
[ 2019-12-13 16:35:58,208][kfold_wrapper.log_eval_metrics] Accuracy(layer_3 - estimator_0 - 5_folds.train_3.predict)=78.71%
[ 2019-12-13 16:36:08,968][kfold_wrapper.log_eval_metrics] Accuracy(layer_3 - estimator_0 - 5_folds.train_4.predict)=86.36%
[ 2019-12-13 16:36:10,163][kfold_wrapper.log_eval_metrics] Accuracy(layer_3 - estimator_0 - 5_folds.train_cv.predict)=82.04%
[ 2019-12-13 16:36:10,163][kfold_wrapper.log_eval_metrics] Accuracy(layer_3 - estimator_0 - 5_folds.test.predict)=81.61%
[ 2019-12-13 16:36:20,265][kfold_wrapper.log_eval_metrics] Accuracy(layer_3 - estimator_1 - 5_folds.train_0.predict)=81.94%
[ 2019-12-13 16:36:30,810][kfold_wrapper.log_eval_metrics] Accuracy(layer_3 - estimator_1 - 5_folds.train_1.predict)=81.29%
[ 2019-12-13 16:36:41,272][kfold_wrapper.log_eval_metrics] Accuracy(layer_3 - estimator_1 - 5_folds.train_2.predict)=81.94%
[ 2019-12-13 16:36:51,179][kfold_wrapper.log_eval_metrics] Accuracy(layer_3 - estimator_1 - 5_folds.train_3.predict)=78.71%
[ 2019-12-13 16:37:01,235][kfold_wrapper.log_eval_metrics] Accuracy(layer_3 - estimator_1 - 5_folds.train_4.predict)=83.77%
[ 2019-12-13 16:37:02,211][kfold_wrapper.log_eval_metrics] Accuracy(layer_3 - estimator_1 - 5_folds.train_cv.predict)=81.52%
[ 2019-12-13 16:37:02,212][kfold_wrapper.log_eval_metrics] Accuracy(layer_3 - estimator_1 - 5_folds.test.predict)=81.61%
[ 2019-12-13 16:37:10,867][kfold_wrapper.log_eval_metrics] Accuracy(layer_3 - estimator_2 - 5_folds.train_0.predict)=85.16%
[ 2019-12-13 16:37:20,498][kfold_wrapper.log_eval_metrics] Accuracy(layer_3 - estimator_2 - 5_folds.train_1.predict)=74.84%
[ 2019-12-13 16:37:30,195][kfold_wrapper.log_eval_metrics] Accuracy(layer_3 - estimator_2 - 5_folds.train_2.predict)=81.94%
[ 2019-12-13 16:37:39,631][kfold_wrapper.log_eval_metrics] Accuracy(layer_3 - estimator_2 - 5_folds.train_3.predict)=83.23%
[ 2019-12-13 16:37:49,039][kfold_wrapper.log_eval_metrics] Accuracy(layer_3 - estimator_2 - 5_folds.train_4.predict)=83.12%
[ 2019-12-13 16:37:50,022][kfold_wrapper.log_eval_metrics] Accuracy(layer_3 - estimator_2 - 5_folds.train_cv.predict)=81.65%
[ 2019-12-13 16:37:50,023][kfold_wrapper.log_eval_metrics] Accuracy(layer_3 - estimator_2 - 5_folds.test.predict)=83.91%
[ 2019-12-13 16:37:50,023][cascade_classifier.calc_accuracy] Accuracy(layer_3 - train.classifier_average)=82.04%
[ 2019-12-13 16:37:50,023][cascade_classifier.calc_accuracy] Accuracy(layer_3 - test.classifier_average)=81.61%
[ 2019-12-13 16:37:50,025][cascade_classifier.fit_transform] [layer=4] look_indexs=[0], X_cur_train.shape=(774, 364), X_cur_test.shape=(87, 364)
[ 2019-12-13 16:37:58,369][kfold_wrapper.log_eval_metrics] Accuracy(layer_4 - estimator_0 - 5_folds.train_0.predict)=81.94%
[ 2019-12-13 16:38:08,334][kfold_wrapper.log_eval_metrics] Accuracy(layer_4 - estimator_0 - 5_folds.train_1.predict)=78.71%
[ 2019-12-13 16:38:18,546][kfold_wrapper.log_eval_metrics] Accuracy(layer_4 - estimator_0 - 5_folds.train_2.predict)=85.81%
[ 2019-12-13 16:38:28,980][kfold_wrapper.log_eval_metrics] Accuracy(layer_4 - estimator_0 - 5_folds.train_3.predict)=83.87%
[ 2019-12-13 16:38:39,508][kfold_wrapper.log_eval_metrics] Accuracy(layer_4 - estimator_0 - 5_folds.train_4.predict)=79.87%
[ 2019-12-13 16:38:40,618][kfold_wrapper.log_eval_metrics] Accuracy(layer_4 - estimator_0 - 5_folds.train_cv.predict)=82.04%
[ 2019-12-13 16:38:40,618][kfold_wrapper.log_eval_metrics] Accuracy(layer_4 - estimator_0 - 5_folds.test.predict)=83.91%
[ 2019-12-13 16:38:51,607][kfold_wrapper.log_eval_metrics] Accuracy(layer_4 - estimator_1 - 5_folds.train_0.predict)=78.06%
[ 2019-12-13 16:39:02,312][kfold_wrapper.log_eval_metrics] Accuracy(layer_4 - estimator_1 - 5_folds.train_1.predict)=85.16%
[ 2019-12-13 16:39:13,091][kfold_wrapper.log_eval_metrics] Accuracy(layer_4 - estimator_1 - 5_folds.train_2.predict)=83.87%
[ 2019-12-13 16:39:23,398][kfold_wrapper.log_eval_metrics] Accuracy(layer_4 - estimator_1 - 5_folds.train_3.predict)=82.58%
[ 2019-12-13 16:39:33,974][kfold_wrapper.log_eval_metrics] Accuracy(layer_4 - estimator_1 - 5_folds.train_4.predict)=75.97%
[ 2019-12-13 16:39:35,139][kfold_wrapper.log_eval_metrics] Accuracy(layer_4 - estimator_1 - 5_folds.train_cv.predict)=81.14%
[ 2019-12-13 16:39:35,139][kfold_wrapper.log_eval_metrics] Accuracy(layer_4 - estimator_1 - 5_folds.test.predict)=83.91%
[ 2019-12-13 16:39:45,056][kfold_wrapper.log_eval_metrics] Accuracy(layer_4 - estimator_2 - 5_folds.train_0.predict)=85.16%
[ 2019-12-13 16:39:55,197][kfold_wrapper.log_eval_metrics] Accuracy(layer_4 - estimator_2 - 5_folds.train_1.predict)=84.52%
[ 2019-12-13 16:40:05,027][kfold_wrapper.log_eval_metrics] Accuracy(layer_4 - estimator_2 - 5_folds.train_2.predict)=85.81%
[ 2019-12-13 16:40:14,650][kfold_wrapper.log_eval_metrics] Accuracy(layer_4 - estimator_2 - 5_folds.train_3.predict)=78.71%
[ 2019-12-13 16:40:24,586][kfold_wrapper.log_eval_metrics] Accuracy(layer_4 - estimator_2 - 5_folds.train_4.predict)=75.97%
[ 2019-12-13 16:40:25,581][kfold_wrapper.log_eval_metrics] Accuracy(layer_4 - estimator_2 - 5_folds.train_cv.predict)=82.04%
[ 2019-12-13 16:40:25,582][kfold_wrapper.log_eval_metrics] Accuracy(layer_4 - estimator_2 - 5_folds.test.predict)=83.91%
[ 2019-12-13 16:40:25,582][cascade_classifier.calc_accuracy] Accuracy(layer_4 - train.classifier_average)=81.01%
[ 2019-12-13 16:40:25,582][cascade_classifier.calc_accuracy] Accuracy(layer_4 - test.classifier_average)=83.91%
[ 2019-12-13 16:40:25,584][cascade_classifier.fit_transform] [layer=5] look_indexs=[0], X_cur_train.shape=(774, 364), X_cur_test.shape=(87, 364)
[ 2019-12-13 16:40:34,777][kfold_wrapper.log_eval_metrics] Accuracy(layer_5 - estimator_0 - 5_folds.train_0.predict)=85.81%
[ 2019-12-13 16:40:44,548][kfold_wrapper.log_eval_metrics] Accuracy(layer_5 - estimator_0 - 5_folds.train_1.predict)=78.06%
[ 2019-12-13 16:40:55,746][kfold_wrapper.log_eval_metrics] Accuracy(layer_5 - estimator_0 - 5_folds.train_2.predict)=83.23%
[ 2019-12-13 16:41:05,882][kfold_wrapper.log_eval_metrics] Accuracy(layer_5 - estimator_0 - 5_folds.train_3.predict)=76.13%
[ 2019-12-13 16:41:15,856][kfold_wrapper.log_eval_metrics] Accuracy(layer_5 - estimator_0 - 5_folds.train_4.predict)=83.77%
[ 2019-12-13 16:41:16,859][kfold_wrapper.log_eval_metrics] Accuracy(layer_5 - estimator_0 - 5_folds.train_cv.predict)=81.40%
[ 2019-12-13 16:41:16,859][kfold_wrapper.log_eval_metrics] Accuracy(layer_5 - estimator_0 - 5_folds.test.predict)=83.91%
[ 2019-12-13 16:41:25,842][kfold_wrapper.log_eval_metrics] Accuracy(layer_5 - estimator_1 - 5_folds.train_0.predict)=81.94%
[ 2019-12-13 16:41:36,393][kfold_wrapper.log_eval_metrics] Accuracy(layer_5 - estimator_1 - 5_folds.train_1.predict)=86.45%
[ 2019-12-13 16:41:47,089][kfold_wrapper.log_eval_metrics] Accuracy(layer_5 - estimator_1 - 5_folds.train_2.predict)=79.35%
[ 2019-12-13 16:41:56,893][kfold_wrapper.log_eval_metrics] Accuracy(layer_5 - estimator_1 - 5_folds.train_3.predict)=83.23%
[ 2019-12-13 16:42:06,715][kfold_wrapper.log_eval_metrics] Accuracy(layer_5 - estimator_1 - 5_folds.train_4.predict)=77.92%
[ 2019-12-13 16:42:07,755][kfold_wrapper.log_eval_metrics] Accuracy(layer_5 - estimator_1 - 5_folds.train_cv.predict)=81.78%
[ 2019-12-13 16:42:07,755][kfold_wrapper.log_eval_metrics] Accuracy(layer_5 - estimator_1 - 5_folds.test.predict)=83.91%
[ 2019-12-13 16:42:16,385][kfold_wrapper.log_eval_metrics] Accuracy(layer_5 - estimator_2 - 5_folds.train_0.predict)=79.35%
[ 2019-12-13 16:42:26,165][kfold_wrapper.log_eval_metrics] Accuracy(layer_5 - estimator_2 - 5_folds.train_1.predict)=80.65%
[ 2019-12-13 16:42:35,952][kfold_wrapper.log_eval_metrics] Accuracy(layer_5 - estimator_2 - 5_folds.train_2.predict)=84.52%
[ 2019-12-13 16:42:45,625][kfold_wrapper.log_eval_metrics] Accuracy(layer_5 - estimator_2 - 5_folds.train_3.predict)=80.00%
[ 2019-12-13 16:42:54,914][kfold_wrapper.log_eval_metrics] Accuracy(layer_5 - estimator_2 - 5_folds.train_4.predict)=84.42%
[ 2019-12-13 16:42:55,909][kfold_wrapper.log_eval_metrics] Accuracy(layer_5 - estimator_2 - 5_folds.train_cv.predict)=81.78%
[ 2019-12-13 16:42:55,909][kfold_wrapper.log_eval_metrics] Accuracy(layer_5 - estimator_2 - 5_folds.test.predict)=83.91%
[ 2019-12-13 16:42:55,909][cascade_classifier.calc_accuracy] Accuracy(layer_5 - train.classifier_average)=81.78%
[ 2019-12-13 16:42:55,909][cascade_classifier.calc_accuracy] Accuracy(layer_5 - test.classifier_average)=83.91%
[ 2019-12-13 16:42:55,909][cascade_classifier.fit_transform] [layer=6] look_indexs=[0], X_cur_train.shape=(774, 364), X_cur_test.shape=(87, 364)
[ 2019-12-13 16:43:04,415][kfold_wrapper.log_eval_metrics] Accuracy(layer_6 - estimator_0 - 5_folds.train_0.predict)=78.71%
[ 2019-12-13 16:43:14,142][kfold_wrapper.log_eval_metrics] Accuracy(layer_6 - estimator_0 - 5_folds.train_1.predict)=76.13%
[ 2019-12-13 16:43:23,919][kfold_wrapper.log_eval_metrics] Accuracy(layer_6 - estimator_0 - 5_folds.train_2.predict)=81.29%
[ 2019-12-13 16:43:33,366][kfold_wrapper.log_eval_metrics] Accuracy(layer_6 - estimator_0 - 5_folds.train_3.predict)=83.23%
[ 2019-12-13 16:43:43,624][kfold_wrapper.log_eval_metrics] Accuracy(layer_6 - estimator_0 - 5_folds.train_4.predict)=85.06%
[ 2019-12-13 16:43:44,774][kfold_wrapper.log_eval_metrics] Accuracy(layer_6 - estimator_0 - 5_folds.train_cv.predict)=80.88%
[ 2019-12-13 16:43:44,775][kfold_wrapper.log_eval_metrics] Accuracy(layer_6 - estimator_0 - 5_folds.test.predict)=81.61%
[ 2019-12-13 16:43:54,321][kfold_wrapper.log_eval_metrics] Accuracy(layer_6 - estimator_1 - 5_folds.train_0.predict)=83.87%
[ 2019-12-13 16:44:03,773][kfold_wrapper.log_eval_metrics] Accuracy(layer_6 - estimator_1 - 5_folds.train_1.predict)=81.29%
[ 2019-12-13 16:44:14,453][kfold_wrapper.log_eval_metrics] Accuracy(layer_6 - estimator_1 - 5_folds.train_2.predict)=80.65%
[ 2019-12-13 16:44:24,061][kfold_wrapper.log_eval_metrics] Accuracy(layer_6 - estimator_1 - 5_folds.train_3.predict)=79.35%
[ 2019-12-13 16:44:34,018][kfold_wrapper.log_eval_metrics] Accuracy(layer_6 - estimator_1 - 5_folds.train_4.predict)=85.71%
[ 2019-12-13 16:44:35,014][kfold_wrapper.log_eval_metrics] Accuracy(layer_6 - estimator_1 - 5_folds.train_cv.predict)=82.17%
[ 2019-12-13 16:44:35,014][kfold_wrapper.log_eval_metrics] Accuracy(layer_6 - estimator_1 - 5_folds.test.predict)=81.61%
[ 2019-12-13 16:44:43,642][kfold_wrapper.log_eval_metrics] Accuracy(layer_6 - estimator_2 - 5_folds.train_0.predict)=81.29%
[ 2019-12-13 16:44:54,034][kfold_wrapper.log_eval_metrics] Accuracy(layer_6 - estimator_2 - 5_folds.train_1.predict)=84.52%
[ 2019-12-13 16:45:03,958][kfold_wrapper.log_eval_metrics] Accuracy(layer_6 - estimator_2 - 5_folds.train_2.predict)=84.52%
[ 2019-12-13 16:45:13,824][kfold_wrapper.log_eval_metrics] Accuracy(layer_6 - estimator_2 - 5_folds.train_3.predict)=77.42%
[ 2019-12-13 16:45:23,798][kfold_wrapper.log_eval_metrics] Accuracy(layer_6 - estimator_2 - 5_folds.train_4.predict)=83.12%
[ 2019-12-13 16:45:24,877][kfold_wrapper.log_eval_metrics] Accuracy(layer_6 - estimator_2 - 5_folds.train_cv.predict)=82.17%
[ 2019-12-13 16:45:24,877][kfold_wrapper.log_eval_metrics] Accuracy(layer_6 - estimator_2 - 5_folds.test.predict)=81.61%
[ 2019-12-13 16:45:24,877][cascade_classifier.calc_accuracy] Accuracy(layer_6 - train.classifier_average)=81.27%
[ 2019-12-13 16:45:24,877][cascade_classifier.calc_accuracy] Accuracy(layer_6 - test.classifier_average)=81.61%
[ 2019-12-13 16:45:24,877][cascade_classifier.fit_transform] [Result][Optimal Level Detected] opt_layer_num=2, accuracy_train=82.04%, accuracy_test=83.91%
[ 2019-12-13 16:45:25,208][cascade_classifier.transform] X_groups_test.shape=[(87, 358)]
[ 2019-12-13 16:45:25,208][cascade_classifier.transform] group_dims=[358]
[ 2019-12-13 16:45:25,208][cascade_classifier.transform] X_test.shape=(87, 358)
[ 2019-12-13 16:45:25,208][cascade_classifier.transform] [layer=0] look_indexs=[0], X_cur_test.shape=(87, 358)
[ 2019-12-13 16:45:41,714][cascade_classifier.transform] [layer=1] look_indexs=[0], X_cur_test.shape=(87, 364)
[ 2019-12-13 16:45:58,291][cascade_classifier.transform] X_groups_test.shape=[(87, 358)]
[ 2019-12-13 16:45:58,291][cascade_classifier.transform] group_dims=[358]
[ 2019-12-13 16:45:58,291][cascade_classifier.transform] X_test.shape=(87, 358)
[ 2019-12-13 16:45:58,291][cascade_classifier.transform] [layer=0] look_indexs=[0], X_cur_test.shape=(87, 358)
[ 2019-12-13 16:46:15,033][cascade_classifier.transform] [layer=1] look_indexs=[0], X_cur_test.shape=(87, 364)
[ 2019-12-13 16:46:32,031][cascade_classifier.fit_transform] X_groups_train.shape=[(774, 358)],y_train.shape=(774,),X_groups_test.shape=[(87, 358)],y_test.shape=(87,)
[ 2019-12-13 16:46:32,032][cascade_classifier.fit_transform] group_dims=[358]
[ 2019-12-13 16:46:32,032][cascade_classifier.fit_transform] group_starts=[0]
[ 2019-12-13 16:46:32,032][cascade_classifier.fit_transform] group_ends=[358]
[ 2019-12-13 16:46:32,033][cascade_classifier.fit_transform] X_train.shape=(774, 358),X_test.shape=(87, 358)
[ 2019-12-13 16:46:32,034][cascade_classifier.fit_transform] [layer=0] look_indexs=[0], X_cur_train.shape=(774, 358), X_cur_test.shape=(87, 358)
[ 2019-12-13 16:46:42,133][kfold_wrapper.log_eval_metrics] Accuracy(layer_0 - estimator_0 - 5_folds.train_0.predict)=75.48%
[ 2019-12-13 16:46:53,014][kfold_wrapper.log_eval_metrics] Accuracy(layer_0 - estimator_0 - 5_folds.train_1.predict)=78.06%
[ 2019-12-13 16:47:03,541][kfold_wrapper.log_eval_metrics] Accuracy(layer_0 - estimator_0 - 5_folds.train_2.predict)=85.81%
[ 2019-12-13 16:47:14,520][kfold_wrapper.log_eval_metrics] Accuracy(layer_0 - estimator_0 - 5_folds.train_3.predict)=85.81%
[ 2019-12-13 16:47:25,395][kfold_wrapper.log_eval_metrics] Accuracy(layer_0 - estimator_0 - 5_folds.train_4.predict)=84.42%
[ 2019-12-13 16:47:26,531][kfold_wrapper.log_eval_metrics] Accuracy(layer_0 - estimator_0 - 5_folds.train_cv.predict)=81.91%
[ 2019-12-13 16:47:26,532][kfold_wrapper.log_eval_metrics] Accuracy(layer_0 - estimator_0 - 5_folds.test.predict)=85.06%
[ 2019-12-13 16:47:35,741][kfold_wrapper.log_eval_metrics] Accuracy(layer_0 - estimator_1 - 5_folds.train_0.predict)=80.65%
[ 2019-12-13 16:47:45,982][kfold_wrapper.log_eval_metrics] Accuracy(layer_0 - estimator_1 - 5_folds.train_1.predict)=82.58%
[ 2019-12-13 16:47:56,203][kfold_wrapper.log_eval_metrics] Accuracy(layer_0 - estimator_1 - 5_folds.train_2.predict)=84.52%
[ 2019-12-13 16:48:06,482][kfold_wrapper.log_eval_metrics] Accuracy(layer_0 - estimator_1 - 5_folds.train_3.predict)=78.71%
[ 2019-12-13 16:48:16,535][kfold_wrapper.log_eval_metrics] Accuracy(layer_0 - estimator_1 - 5_folds.train_4.predict)=81.82%
[ 2019-12-13 16:48:17,773][kfold_wrapper.log_eval_metrics] Accuracy(layer_0 - estimator_1 - 5_folds.train_cv.predict)=81.65%
[ 2019-12-13 16:48:17,774][kfold_wrapper.log_eval_metrics] Accuracy(layer_0 - estimator_1 - 5_folds.test.predict)=85.06%
[ 2019-12-13 16:48:26,905][kfold_wrapper.log_eval_metrics] Accuracy(layer_0 - estimator_2 - 5_folds.train_0.predict)=81.29%
[ 2019-12-13 16:48:37,250][kfold_wrapper.log_eval_metrics] Accuracy(layer_0 - estimator_2 - 5_folds.train_1.predict)=78.06%
[ 2019-12-13 16:48:47,250][kfold_wrapper.log_eval_metrics] Accuracy(layer_0 - estimator_2 - 5_folds.train_2.predict)=81.94%
[ 2019-12-13 16:48:57,437][kfold_wrapper.log_eval_metrics] Accuracy(layer_0 - estimator_2 - 5_folds.train_3.predict)=83.87%
[ 2019-12-13 16:49:07,542][kfold_wrapper.log_eval_metrics] Accuracy(layer_0 - estimator_2 - 5_folds.train_4.predict)=78.57%
[ 2019-12-13 16:49:08,610][kfold_wrapper.log_eval_metrics] Accuracy(layer_0 - estimator_2 - 5_folds.train_cv.predict)=80.75%
[ 2019-12-13 16:49:08,611][kfold_wrapper.log_eval_metrics] Accuracy(layer_0 - estimator_2 - 5_folds.test.predict)=83.91%
[ 2019-12-13 16:49:08,611][cascade_classifier.calc_accuracy] Accuracy(layer_0 - train.classifier_average)=81.40%
[ 2019-12-13 16:49:08,611][cascade_classifier.calc_accuracy] Accuracy(layer_0 - test.classifier_average)=85.06%
[ 2019-12-13 16:49:08,613][cascade_classifier.fit_transform] [layer=1] look_indexs=[0], X_cur_train.shape=(774, 364), X_cur_test.shape=(87, 364)
[ 2019-12-13 16:49:17,617][kfold_wrapper.log_eval_metrics] Accuracy(layer_1 - estimator_0 - 5_folds.train_0.predict)=76.77%
[ 2019-12-13 16:49:27,903][kfold_wrapper.log_eval_metrics] Accuracy(layer_1 - estimator_0 - 5_folds.train_1.predict)=83.23%
[ 2019-12-13 16:49:38,034][kfold_wrapper.log_eval_metrics] Accuracy(layer_1 - estimator_0 - 5_folds.train_2.predict)=81.94%
[ 2019-12-13 16:49:48,293][kfold_wrapper.log_eval_metrics] Accuracy(layer_1 - estimator_0 - 5_folds.train_3.predict)=82.58%
[ 2019-12-13 16:49:58,899][kfold_wrapper.log_eval_metrics] Accuracy(layer_1 - estimator_0 - 5_folds.train_4.predict)=83.77%
[ 2019-12-13 16:50:00,025][kfold_wrapper.log_eval_metrics] Accuracy(layer_1 - estimator_0 - 5_folds.train_cv.predict)=81.65%
[ 2019-12-13 16:50:00,025][kfold_wrapper.log_eval_metrics] Accuracy(layer_1 - estimator_0 - 5_folds.test.predict)=85.06%
[ 2019-12-13 16:50:09,691][kfold_wrapper.log_eval_metrics] Accuracy(layer_1 - estimator_1 - 5_folds.train_0.predict)=83.87%
[ 2019-12-13 16:50:20,171][kfold_wrapper.log_eval_metrics] Accuracy(layer_1 - estimator_1 - 5_folds.train_1.predict)=80.65%
[ 2019-12-13 16:50:30,245][kfold_wrapper.log_eval_metrics] Accuracy(layer_1 - estimator_1 - 5_folds.train_2.predict)=80.65%
[ 2019-12-13 16:50:40,431][kfold_wrapper.log_eval_metrics] Accuracy(layer_1 - estimator_1 - 5_folds.train_3.predict)=81.29%
[ 2019-12-13 16:50:50,664][kfold_wrapper.log_eval_metrics] Accuracy(layer_1 - estimator_1 - 5_folds.train_4.predict)=81.82%
[ 2019-12-13 16:50:51,827][kfold_wrapper.log_eval_metrics] Accuracy(layer_1 - estimator_1 - 5_folds.train_cv.predict)=81.65%
[ 2019-12-13 16:50:51,828][kfold_wrapper.log_eval_metrics] Accuracy(layer_1 - estimator_1 - 5_folds.test.predict)=85.06%
[ 2019-12-13 16:51:01,007][kfold_wrapper.log_eval_metrics] Accuracy(layer_1 - estimator_2 - 5_folds.train_0.predict)=82.58%
[ 2019-12-13 16:51:11,071][kfold_wrapper.log_eval_metrics] Accuracy(layer_1 - estimator_2 - 5_folds.train_1.predict)=80.65%
[ 2019-12-13 16:51:21,281][kfold_wrapper.log_eval_metrics] Accuracy(layer_1 - estimator_2 - 5_folds.train_2.predict)=70.32%
[ 2019-12-13 16:51:33,815][kfold_wrapper.log_eval_metrics] Accuracy(layer_1 - estimator_2 - 5_folds.train_3.predict)=84.52%
[ 2019-12-13 16:51:45,720][kfold_wrapper.log_eval_metrics] Accuracy(layer_1 - estimator_2 - 5_folds.train_4.predict)=87.66%
[ 2019-12-13 16:51:46,893][kfold_wrapper.log_eval_metrics] Accuracy(layer_1 - estimator_2 - 5_folds.train_cv.predict)=81.14%
[ 2019-12-13 16:51:46,893][kfold_wrapper.log_eval_metrics] Accuracy(layer_1 - estimator_2 - 5_folds.test.predict)=85.06%
[ 2019-12-13 16:51:46,894][cascade_classifier.calc_accuracy] Accuracy(layer_1 - train.classifier_average)=81.52%
[ 2019-12-13 16:51:46,894][cascade_classifier.calc_accuracy] Accuracy(layer_1 - test.classifier_average)=85.06%
[ 2019-12-13 16:51:46,896][cascade_classifier.fit_transform] [layer=2] look_indexs=[0], X_cur_train.shape=(774, 364), X_cur_test.shape=(87, 364)
[ 2019-12-13 16:51:55,915][kfold_wrapper.log_eval_metrics] Accuracy(layer_2 - estimator_0 - 5_folds.train_0.predict)=83.23%
[ 2019-12-13 16:52:06,396][kfold_wrapper.log_eval_metrics] Accuracy(layer_2 - estimator_0 - 5_folds.train_1.predict)=81.29%
[ 2019-12-13 16:52:16,609][kfold_wrapper.log_eval_metrics] Accuracy(layer_2 - estimator_0 - 5_folds.train_2.predict)=78.71%
[ 2019-12-13 16:52:26,592][kfold_wrapper.log_eval_metrics] Accuracy(layer_2 - estimator_0 - 5_folds.train_3.predict)=81.94%
[ 2019-12-13 16:52:36,860][kfold_wrapper.log_eval_metrics] Accuracy(layer_2 - estimator_0 - 5_folds.train_4.predict)=82.47%
[ 2019-12-13 16:52:38,015][kfold_wrapper.log_eval_metrics] Accuracy(layer_2 - estimator_0 - 5_folds.train_cv.predict)=81.52%
[ 2019-12-13 16:52:38,016][kfold_wrapper.log_eval_metrics] Accuracy(layer_2 - estimator_0 - 5_folds.test.predict)=85.06%
[ 2019-12-13 16:52:47,110][kfold_wrapper.log_eval_metrics] Accuracy(layer_2 - estimator_1 - 5_folds.train_0.predict)=74.19%
[ 2019-12-13 16:52:57,408][kfold_wrapper.log_eval_metrics] Accuracy(layer_2 - estimator_1 - 5_folds.train_1.predict)=82.58%
[ 2019-12-13 16:53:07,515][kfold_wrapper.log_eval_metrics] Accuracy(layer_2 - estimator_1 - 5_folds.train_2.predict)=84.52%
[ 2019-12-13 16:53:17,816][kfold_wrapper.log_eval_metrics] Accuracy(layer_2 - estimator_1 - 5_folds.train_3.predict)=80.65%
[ 2019-12-13 16:53:28,162][kfold_wrapper.log_eval_metrics] Accuracy(layer_2 - estimator_1 - 5_folds.train_4.predict)=80.52%
[ 2019-12-13 16:53:29,231][kfold_wrapper.log_eval_metrics] Accuracy(layer_2 - estimator_1 - 5_folds.train_cv.predict)=80.49%
[ 2019-12-13 16:53:29,232][kfold_wrapper.log_eval_metrics] Accuracy(layer_2 - estimator_1 - 5_folds.test.predict)=85.06%
[ 2019-12-13 16:53:38,251][kfold_wrapper.log_eval_metrics] Accuracy(layer_2 - estimator_2 - 5_folds.train_0.predict)=80.00%
[ 2019-12-13 16:53:48,428][kfold_wrapper.log_eval_metrics] Accuracy(layer_2 - estimator_2 - 5_folds.train_1.predict)=81.94%
[ 2019-12-13 16:53:58,560][kfold_wrapper.log_eval_metrics] Accuracy(layer_2 - estimator_2 - 5_folds.train_2.predict)=80.65%
[ 2019-12-13 16:54:08,748][kfold_wrapper.log_eval_metrics] Accuracy(layer_2 - estimator_2 - 5_folds.train_3.predict)=82.58%
[ 2019-12-13 16:54:19,413][kfold_wrapper.log_eval_metrics] Accuracy(layer_2 - estimator_2 - 5_folds.train_4.predict)=81.82%
[ 2019-12-13 16:54:20,565][kfold_wrapper.log_eval_metrics] Accuracy(layer_2 - estimator_2 - 5_folds.train_cv.predict)=81.40%
[ 2019-12-13 16:54:20,565][kfold_wrapper.log_eval_metrics] Accuracy(layer_2 - estimator_2 - 5_folds.test.predict)=85.06%
[ 2019-12-13 16:54:20,566][cascade_classifier.calc_accuracy] Accuracy(layer_2 - train.classifier_average)=80.88%
[ 2019-12-13 16:54:20,566][cascade_classifier.calc_accuracy] Accuracy(layer_2 - test.classifier_average)=85.06%
[ 2019-12-13 16:54:20,568][cascade_classifier.fit_transform] [layer=3] look_indexs=[0], X_cur_train.shape=(774, 364), X_cur_test.shape=(87, 364)
[ 2019-12-13 16:54:29,828][kfold_wrapper.log_eval_metrics] Accuracy(layer_3 - estimator_0 - 5_folds.train_0.predict)=79.35%
[ 2019-12-13 16:54:40,225][kfold_wrapper.log_eval_metrics] Accuracy(layer_3 - estimator_0 - 5_folds.train_1.predict)=86.45%
[ 2019-12-13 16:54:50,571][kfold_wrapper.log_eval_metrics] Accuracy(layer_3 - estimator_0 - 5_folds.train_2.predict)=87.74%
[ 2019-12-13 16:55:00,758][kfold_wrapper.log_eval_metrics] Accuracy(layer_3 - estimator_0 - 5_folds.train_3.predict)=77.42%
[ 2019-12-13 16:55:10,727][kfold_wrapper.log_eval_metrics] Accuracy(layer_3 - estimator_0 - 5_folds.train_4.predict)=79.87%
[ 2019-12-13 16:55:11,756][kfold_wrapper.log_eval_metrics] Accuracy(layer_3 - estimator_0 - 5_folds.train_cv.predict)=82.17%
[ 2019-12-13 16:55:11,756][kfold_wrapper.log_eval_metrics] Accuracy(layer_3 - estimator_0 - 5_folds.test.predict)=85.06%
[ 2019-12-13 16:55:20,771][kfold_wrapper.log_eval_metrics] Accuracy(layer_3 - estimator_1 - 5_folds.train_0.predict)=84.52%
[ 2019-12-13 16:55:30,740][kfold_wrapper.log_eval_metrics] Accuracy(layer_3 - estimator_1 - 5_folds.train_1.predict)=81.94%
[ 2019-12-13 16:55:40,901][kfold_wrapper.log_eval_metrics] Accuracy(layer_3 - estimator_1 - 5_folds.train_2.predict)=87.10%
[ 2019-12-13 16:55:51,204][kfold_wrapper.log_eval_metrics] Accuracy(layer_3 - estimator_1 - 5_folds.train_3.predict)=75.48%
[ 2019-12-13 16:56:01,519][kfold_wrapper.log_eval_metrics] Accuracy(layer_3 - estimator_1 - 5_folds.train_4.predict)=79.87%
[ 2019-12-13 16:56:02,655][kfold_wrapper.log_eval_metrics] Accuracy(layer_3 - estimator_1 - 5_folds.train_cv.predict)=81.78%
[ 2019-12-13 16:56:02,655][kfold_wrapper.log_eval_metrics] Accuracy(layer_3 - estimator_1 - 5_folds.test.predict)=85.06%
[ 2019-12-13 16:56:11,945][kfold_wrapper.log_eval_metrics] Accuracy(layer_3 - estimator_2 - 5_folds.train_0.predict)=80.00%
[ 2019-12-13 16:56:22,180][kfold_wrapper.log_eval_metrics] Accuracy(layer_3 - estimator_2 - 5_folds.train_1.predict)=78.06%
[ 2019-12-13 16:56:32,323][kfold_wrapper.log_eval_metrics] Accuracy(layer_3 - estimator_2 - 5_folds.train_2.predict)=84.52%
[ 2019-12-13 16:56:42,510][kfold_wrapper.log_eval_metrics] Accuracy(layer_3 - estimator_2 - 5_folds.train_3.predict)=77.42%
[ 2019-12-13 16:56:52,520][kfold_wrapper.log_eval_metrics] Accuracy(layer_3 - estimator_2 - 5_folds.train_4.predict)=79.87%
[ 2019-12-13 16:56:53,551][kfold_wrapper.log_eval_metrics] Accuracy(layer_3 - estimator_2 - 5_folds.train_cv.predict)=79.97%
[ 2019-12-13 16:56:53,552][kfold_wrapper.log_eval_metrics] Accuracy(layer_3 - estimator_2 - 5_folds.test.predict)=85.06%
[ 2019-12-13 16:56:53,552][cascade_classifier.calc_accuracy] Accuracy(layer_3 - train.classifier_average)=80.88%
[ 2019-12-13 16:56:53,553][cascade_classifier.calc_accuracy] Accuracy(layer_3 - test.classifier_average)=85.06%
[ 2019-12-13 16:56:53,555][cascade_classifier.fit_transform] [layer=4] look_indexs=[0], X_cur_train.shape=(774, 364), X_cur_test.shape=(87, 364)
[ 2019-12-13 16:57:02,434][kfold_wrapper.log_eval_metrics] Accuracy(layer_4 - estimator_0 - 5_folds.train_0.predict)=79.35%
[ 2019-12-13 16:57:12,466][kfold_wrapper.log_eval_metrics] Accuracy(layer_4 - estimator_0 - 5_folds.train_1.predict)=83.23%
[ 2019-12-13 16:57:22,710][kfold_wrapper.log_eval_metrics] Accuracy(layer_4 - estimator_0 - 5_folds.train_2.predict)=82.58%
[ 2019-12-13 16:57:32,820][kfold_wrapper.log_eval_metrics] Accuracy(layer_4 - estimator_0 - 5_folds.train_3.predict)=80.65%
[ 2019-12-13 16:57:43,075][kfold_wrapper.log_eval_metrics] Accuracy(layer_4 - estimator_0 - 5_folds.train_4.predict)=81.82%
[ 2019-12-13 16:57:44,133][kfold_wrapper.log_eval_metrics] Accuracy(layer_4 - estimator_0 - 5_folds.train_cv.predict)=81.52%
[ 2019-12-13 16:57:44,134][kfold_wrapper.log_eval_metrics] Accuracy(layer_4 - estimator_0 - 5_folds.test.predict)=85.06%
[ 2019-12-13 16:57:53,281][kfold_wrapper.log_eval_metrics] Accuracy(layer_4 - estimator_1 - 5_folds.train_0.predict)=76.13%
[ 2019-12-13 16:58:03,420][kfold_wrapper.log_eval_metrics] Accuracy(layer_4 - estimator_1 - 5_folds.train_1.predict)=84.52%
[ 2019-12-13 16:58:13,382][kfold_wrapper.log_eval_metrics] Accuracy(layer_4 - estimator_1 - 5_folds.train_2.predict)=85.81%
[ 2019-12-13 16:58:23,908][kfold_wrapper.log_eval_metrics] Accuracy(layer_4 - estimator_1 - 5_folds.train_3.predict)=81.94%
[ 2019-12-13 16:58:33,914][kfold_wrapper.log_eval_metrics] Accuracy(layer_4 - estimator_1 - 5_folds.train_4.predict)=76.62%
[ 2019-12-13 16:58:35,047][kfold_wrapper.log_eval_metrics] Accuracy(layer_4 - estimator_1 - 5_folds.train_cv.predict)=81.01%
[ 2019-12-13 16:58:35,047][kfold_wrapper.log_eval_metrics] Accuracy(layer_4 - estimator_1 - 5_folds.test.predict)=83.91%
[ 2019-12-13 16:58:44,007][kfold_wrapper.log_eval_metrics] Accuracy(layer_4 - estimator_2 - 5_folds.train_0.predict)=85.16%
[ 2019-12-13 16:58:54,020][kfold_wrapper.log_eval_metrics] Accuracy(layer_4 - estimator_2 - 5_folds.train_1.predict)=77.42%
[ 2019-12-13 16:59:04,161][kfold_wrapper.log_eval_metrics] Accuracy(layer_4 - estimator_2 - 5_folds.train_2.predict)=80.65%
[ 2019-12-13 16:59:15,216][kfold_wrapper.log_eval_metrics] Accuracy(layer_4 - estimator_2 - 5_folds.train_3.predict)=78.06%
[ 2019-12-13 16:59:25,611][kfold_wrapper.log_eval_metrics] Accuracy(layer_4 - estimator_2 - 5_folds.train_4.predict)=81.82%
[ 2019-12-13 16:59:26,747][kfold_wrapper.log_eval_metrics] Accuracy(layer_4 - estimator_2 - 5_folds.train_cv.predict)=80.62%
[ 2019-12-13 16:59:26,748][kfold_wrapper.log_eval_metrics] Accuracy(layer_4 - estimator_2 - 5_folds.test.predict)=85.06%
[ 2019-12-13 16:59:26,748][cascade_classifier.calc_accuracy] Accuracy(layer_4 - train.classifier_average)=81.01%
[ 2019-12-13 16:59:26,748][cascade_classifier.calc_accuracy] Accuracy(layer_4 - test.classifier_average)=85.06%
[ 2019-12-13 16:59:26,750][cascade_classifier.fit_transform] [layer=5] look_indexs=[0], X_cur_train.shape=(774, 364), X_cur_test.shape=(87, 364)
[ 2019-12-13 16:59:35,707][kfold_wrapper.log_eval_metrics] Accuracy(layer_5 - estimator_0 - 5_folds.train_0.predict)=76.77%
[ 2019-12-13 16:59:46,241][kfold_wrapper.log_eval_metrics] Accuracy(layer_5 - estimator_0 - 5_folds.train_1.predict)=81.29%
[ 2019-12-13 16:59:56,513][kfold_wrapper.log_eval_metrics] Accuracy(layer_5 - estimator_0 - 5_folds.train_2.predict)=81.94%
[ 2019-12-13 17:00:06,960][kfold_wrapper.log_eval_metrics] Accuracy(layer_5 - estimator_0 - 5_folds.train_3.predict)=84.52%
[ 2019-12-13 17:00:17,198][kfold_wrapper.log_eval_metrics] Accuracy(layer_5 - estimator_0 - 5_folds.train_4.predict)=83.12%
[ 2019-12-13 17:00:18,441][kfold_wrapper.log_eval_metrics] Accuracy(layer_5 - estimator_0 - 5_folds.train_cv.predict)=81.52%
[ 2019-12-13 17:00:18,442][kfold_wrapper.log_eval_metrics] Accuracy(layer_5 - estimator_0 - 5_folds.test.predict)=85.06%
[ 2019-12-13 17:00:27,789][kfold_wrapper.log_eval_metrics] Accuracy(layer_5 - estimator_1 - 5_folds.train_0.predict)=78.71%
[ 2019-12-13 17:00:38,151][kfold_wrapper.log_eval_metrics] Accuracy(layer_5 - estimator_1 - 5_folds.train_1.predict)=82.58%
[ 2019-12-13 17:00:48,159][kfold_wrapper.log_eval_metrics] Accuracy(layer_5 - estimator_1 - 5_folds.train_2.predict)=74.19%
[ 2019-12-13 17:00:58,609][kfold_wrapper.log_eval_metrics] Accuracy(layer_5 - estimator_1 - 5_folds.train_3.predict)=82.58%
[ 2019-12-13 17:01:08,799][kfold_wrapper.log_eval_metrics] Accuracy(layer_5 - estimator_1 - 5_folds.train_4.predict)=82.47%
[ 2019-12-13 17:01:09,933][kfold_wrapper.log_eval_metrics] Accuracy(layer_5 - estimator_1 - 5_folds.train_cv.predict)=80.10%
[ 2019-12-13 17:01:09,934][kfold_wrapper.log_eval_metrics] Accuracy(layer_5 - estimator_1 - 5_folds.test.predict)=83.91%
[ 2019-12-13 17:01:19,016][kfold_wrapper.log_eval_metrics] Accuracy(layer_5 - estimator_2 - 5_folds.train_0.predict)=79.35%
[ 2019-12-13 17:01:29,157][kfold_wrapper.log_eval_metrics] Accuracy(layer_5 - estimator_2 - 5_folds.train_1.predict)=78.71%
[ 2019-12-13 17:01:39,311][kfold_wrapper.log_eval_metrics] Accuracy(layer_5 - estimator_2 - 5_folds.train_2.predict)=80.65%
[ 2019-12-13 17:01:49,870][kfold_wrapper.log_eval_metrics] Accuracy(layer_5 - estimator_2 - 5_folds.train_3.predict)=80.65%
[ 2019-12-13 17:02:00,299][kfold_wrapper.log_eval_metrics] Accuracy(layer_5 - estimator_2 - 5_folds.train_4.predict)=80.52%
[ 2019-12-13 17:02:01,530][kfold_wrapper.log_eval_metrics] Accuracy(layer_5 - estimator_2 - 5_folds.train_cv.predict)=79.97%
[ 2019-12-13 17:02:01,530][kfold_wrapper.log_eval_metrics] Accuracy(layer_5 - estimator_2 - 5_folds.test.predict)=83.91%
[ 2019-12-13 17:02:01,535][cascade_classifier.calc_accuracy] Accuracy(layer_5 - train.classifier_average)=80.36%
[ 2019-12-13 17:02:01,536][cascade_classifier.calc_accuracy] Accuracy(layer_5 - test.classifier_average)=85.06%
[ 2019-12-13 17:02:01,538][cascade_classifier.fit_transform] [layer=6] look_indexs=[0], X_cur_train.shape=(774, 364), X_cur_test.shape=(87, 364)
[ 2019-12-13 17:02:11,376][kfold_wrapper.log_eval_metrics] Accuracy(layer_6 - estimator_0 - 5_folds.train_0.predict)=78.06%
[ 2019-12-13 17:02:21,410][kfold_wrapper.log_eval_metrics] Accuracy(layer_6 - estimator_0 - 5_folds.train_1.predict)=81.29%
[ 2019-12-13 17:02:31,203][kfold_wrapper.log_eval_metrics] Accuracy(layer_6 - estimator_0 - 5_folds.train_2.predict)=82.58%
[ 2019-12-13 17:02:41,091][kfold_wrapper.log_eval_metrics] Accuracy(layer_6 - estimator_0 - 5_folds.train_3.predict)=78.06%
[ 2019-12-13 17:02:51,001][kfold_wrapper.log_eval_metrics] Accuracy(layer_6 - estimator_0 - 5_folds.train_4.predict)=86.36%
[ 2019-12-13 17:02:52,128][kfold_wrapper.log_eval_metrics] Accuracy(layer_6 - estimator_0 - 5_folds.train_cv.predict)=81.27%
[ 2019-12-13 17:02:52,129][kfold_wrapper.log_eval_metrics] Accuracy(layer_6 - estimator_0 - 5_folds.test.predict)=85.06%
[ 2019-12-13 17:03:01,023][kfold_wrapper.log_eval_metrics] Accuracy(layer_6 - estimator_1 - 5_folds.train_0.predict)=84.52%
[ 2019-12-13 17:03:11,121][kfold_wrapper.log_eval_metrics] Accuracy(layer_6 - estimator_1 - 5_folds.train_1.predict)=81.29%
[ 2019-12-13 17:03:21,405][kfold_wrapper.log_eval_metrics] Accuracy(layer_6 - estimator_1 - 5_folds.train_2.predict)=80.00%
[ 2019-12-13 17:03:31,622][kfold_wrapper.log_eval_metrics] Accuracy(layer_6 - estimator_1 - 5_folds.train_3.predict)=80.65%
[ 2019-12-13 17:03:41,875][kfold_wrapper.log_eval_metrics] Accuracy(layer_6 - estimator_1 - 5_folds.train_4.predict)=81.17%
[ 2019-12-13 17:03:43,010][kfold_wrapper.log_eval_metrics] Accuracy(layer_6 - estimator_1 - 5_folds.train_cv.predict)=81.52%
[ 2019-12-13 17:03:43,010][kfold_wrapper.log_eval_metrics] Accuracy(layer_6 - estimator_1 - 5_folds.test.predict)=85.06%
