[ 2020-01-04 20:22:23,071][cascade_classifier.fit_transform] X_groups_train.shape=[(774, 339)],y_train.shape=(774,),X_groups_test.shape=[(87, 339)],y_test.shape=(87,)
[ 2020-01-04 20:22:23,073][cascade_classifier.fit_transform] group_dims=[339]
[ 2020-01-04 20:22:23,074][cascade_classifier.fit_transform] group_starts=[0]
[ 2020-01-04 20:22:23,074][cascade_classifier.fit_transform] group_ends=[339]
[ 2020-01-04 20:22:23,074][cascade_classifier.fit_transform] X_train.shape=(774, 339),X_test.shape=(87, 339)
[ 2020-01-04 20:22:23,076][cascade_classifier.fit_transform] [layer=0] look_indexs=[0], X_cur_train.shape=(774, 339), X_cur_test.shape=(87, 339)
[ 2020-01-04 20:22:32,674][kfold_wrapper.log_eval_metrics] Accuracy(layer_0 - estimator_0 - 3_folds.train_0.predict)=83.40%
[ 2020-01-04 20:22:43,361][kfold_wrapper.log_eval_metrics] Accuracy(layer_0 - estimator_0 - 3_folds.train_1.predict)=78.29%
[ 2020-01-04 20:22:54,628][kfold_wrapper.log_eval_metrics] Accuracy(layer_0 - estimator_0 - 3_folds.train_2.predict)=81.32%
[ 2020-01-04 20:22:55,764][kfold_wrapper.log_eval_metrics] Accuracy(layer_0 - estimator_0 - 3_folds.train_cv.predict)=81.01%
[ 2020-01-04 20:22:55,765][kfold_wrapper.log_eval_metrics] Accuracy(layer_0 - estimator_0 - 3_folds.test.predict)=85.06%
[ 2020-01-04 20:23:05,425][kfold_wrapper.log_eval_metrics] Accuracy(layer_0 - estimator_1 - 3_folds.train_0.predict)=79.54%
[ 2020-01-04 20:23:15,989][kfold_wrapper.log_eval_metrics] Accuracy(layer_0 - estimator_1 - 3_folds.train_1.predict)=83.33%
[ 2020-01-04 20:23:26,419][kfold_wrapper.log_eval_metrics] Accuracy(layer_0 - estimator_1 - 3_folds.train_2.predict)=80.54%
[ 2020-01-04 20:23:27,550][kfold_wrapper.log_eval_metrics] Accuracy(layer_0 - estimator_1 - 3_folds.train_cv.predict)=81.14%
[ 2020-01-04 20:23:27,551][kfold_wrapper.log_eval_metrics] Accuracy(layer_0 - estimator_1 - 3_folds.test.predict)=85.06%
[ 2020-01-04 20:23:29,420][kfold_wrapper.log_eval_metrics] Accuracy(layer_0 - estimator_2 - 3_folds.train_0.predict)=81.47%
[ 2020-01-04 20:23:31,300][kfold_wrapper.log_eval_metrics] Accuracy(layer_0 - estimator_2 - 3_folds.train_1.predict)=75.97%
[ 2020-01-04 20:23:33,144][kfold_wrapper.log_eval_metrics] Accuracy(layer_0 - estimator_2 - 3_folds.train_2.predict)=79.77%
[ 2020-01-04 20:23:33,146][kfold_wrapper.log_eval_metrics] Accuracy(layer_0 - estimator_2 - 3_folds.train_cv.predict)=79.07%
[ 2020-01-04 20:23:33,146][kfold_wrapper.log_eval_metrics] Accuracy(layer_0 - estimator_2 - 3_folds.test.predict)=83.91%
[ 2020-01-04 20:23:33,146][cascade_classifier.calc_accuracy] Accuracy(layer_0 - train.classifier_average)=80.88%
[ 2020-01-04 20:23:33,147][cascade_classifier.calc_accuracy] Accuracy(layer_0 - test.classifier_average)=81.61%
[ 2020-01-04 20:23:33,148][cascade_classifier.fit_transform] [layer=1] look_indexs=[0], X_cur_train.shape=(774, 345), X_cur_test.shape=(87, 345)
[ 2020-01-04 20:23:42,309][kfold_wrapper.log_eval_metrics] Accuracy(layer_1 - estimator_0 - 3_folds.train_0.predict)=80.31%
[ 2020-01-04 20:23:52,746][kfold_wrapper.log_eval_metrics] Accuracy(layer_1 - estimator_0 - 3_folds.train_1.predict)=79.07%
[ 2020-01-04 20:24:03,180][kfold_wrapper.log_eval_metrics] Accuracy(layer_1 - estimator_0 - 3_folds.train_2.predict)=82.49%
[ 2020-01-04 20:24:04,410][kfold_wrapper.log_eval_metrics] Accuracy(layer_1 - estimator_0 - 3_folds.train_cv.predict)=80.62%
[ 2020-01-04 20:24:04,411][kfold_wrapper.log_eval_metrics] Accuracy(layer_1 - estimator_0 - 3_folds.test.predict)=85.06%
[ 2020-01-04 20:24:13,657][kfold_wrapper.log_eval_metrics] Accuracy(layer_1 - estimator_1 - 3_folds.train_0.predict)=84.56%
[ 2020-01-04 20:24:24,062][kfold_wrapper.log_eval_metrics] Accuracy(layer_1 - estimator_1 - 3_folds.train_1.predict)=82.95%
[ 2020-01-04 20:24:34,447][kfold_wrapper.log_eval_metrics] Accuracy(layer_1 - estimator_1 - 3_folds.train_2.predict)=77.82%
[ 2020-01-04 20:24:35,680][kfold_wrapper.log_eval_metrics] Accuracy(layer_1 - estimator_1 - 3_folds.train_cv.predict)=81.78%
[ 2020-01-04 20:24:35,681][kfold_wrapper.log_eval_metrics] Accuracy(layer_1 - estimator_1 - 3_folds.test.predict)=85.06%
[ 2020-01-04 20:24:37,590][kfold_wrapper.log_eval_metrics] Accuracy(layer_1 - estimator_2 - 3_folds.train_0.predict)=78.38%
[ 2020-01-04 20:24:39,496][kfold_wrapper.log_eval_metrics] Accuracy(layer_1 - estimator_2 - 3_folds.train_1.predict)=79.46%
[ 2020-01-04 20:24:41,397][kfold_wrapper.log_eval_metrics] Accuracy(layer_1 - estimator_2 - 3_folds.train_2.predict)=78.99%
[ 2020-01-04 20:24:41,400][kfold_wrapper.log_eval_metrics] Accuracy(layer_1 - estimator_2 - 3_folds.train_cv.predict)=78.94%
[ 2020-01-04 20:24:41,400][kfold_wrapper.log_eval_metrics] Accuracy(layer_1 - estimator_2 - 3_folds.test.predict)=83.91%
[ 2020-01-04 20:24:41,400][cascade_classifier.calc_accuracy] Accuracy(layer_1 - train.classifier_average)=80.23%
[ 2020-01-04 20:24:41,401][cascade_classifier.calc_accuracy] Accuracy(layer_1 - test.classifier_average)=86.21%
[ 2020-01-04 20:24:41,402][cascade_classifier.fit_transform] [layer=2] look_indexs=[0], X_cur_train.shape=(774, 345), X_cur_test.shape=(87, 345)
[ 2020-01-04 20:24:50,542][kfold_wrapper.log_eval_metrics] Accuracy(layer_2 - estimator_0 - 3_folds.train_0.predict)=79.15%
[ 2020-01-04 20:25:00,894][kfold_wrapper.log_eval_metrics] Accuracy(layer_2 - estimator_0 - 3_folds.train_1.predict)=79.84%
[ 2020-01-04 20:25:11,346][kfold_wrapper.log_eval_metrics] Accuracy(layer_2 - estimator_0 - 3_folds.train_2.predict)=82.88%
[ 2020-01-04 20:25:12,496][kfold_wrapper.log_eval_metrics] Accuracy(layer_2 - estimator_0 - 3_folds.train_cv.predict)=80.62%
[ 2020-01-04 20:25:12,496][kfold_wrapper.log_eval_metrics] Accuracy(layer_2 - estimator_0 - 3_folds.test.predict)=85.06%
[ 2020-01-04 20:25:21,864][kfold_wrapper.log_eval_metrics] Accuracy(layer_2 - estimator_1 - 3_folds.train_0.predict)=82.63%
[ 2020-01-04 20:25:32,140][kfold_wrapper.log_eval_metrics] Accuracy(layer_2 - estimator_1 - 3_folds.train_1.predict)=81.40%
[ 2020-01-04 20:25:42,596][kfold_wrapper.log_eval_metrics] Accuracy(layer_2 - estimator_1 - 3_folds.train_2.predict)=80.93%
[ 2020-01-04 20:25:43,752][kfold_wrapper.log_eval_metrics] Accuracy(layer_2 - estimator_1 - 3_folds.train_cv.predict)=81.65%
[ 2020-01-04 20:25:43,752][kfold_wrapper.log_eval_metrics] Accuracy(layer_2 - estimator_1 - 3_folds.test.predict)=85.06%
[ 2020-01-04 20:25:45,640][kfold_wrapper.log_eval_metrics] Accuracy(layer_2 - estimator_2 - 3_folds.train_0.predict)=75.68%
[ 2020-01-04 20:25:47,507][kfold_wrapper.log_eval_metrics] Accuracy(layer_2 - estimator_2 - 3_folds.train_1.predict)=79.46%
[ 2020-01-04 20:25:49,395][kfold_wrapper.log_eval_metrics] Accuracy(layer_2 - estimator_2 - 3_folds.train_2.predict)=74.71%
[ 2020-01-04 20:25:49,397][kfold_wrapper.log_eval_metrics] Accuracy(layer_2 - estimator_2 - 3_folds.train_cv.predict)=76.61%
[ 2020-01-04 20:25:49,397][kfold_wrapper.log_eval_metrics] Accuracy(layer_2 - estimator_2 - 3_folds.test.predict)=82.76%
[ 2020-01-04 20:25:49,397][cascade_classifier.calc_accuracy] Accuracy(layer_2 - train.classifier_average)=82.17%
[ 2020-01-04 20:25:49,398][cascade_classifier.calc_accuracy] Accuracy(layer_2 - test.classifier_average)=82.76%
[ 2020-01-04 20:25:49,399][cascade_classifier.fit_transform] [layer=3] look_indexs=[0], X_cur_train.shape=(774, 345), X_cur_test.shape=(87, 345)
[ 2020-01-04 20:25:58,793][kfold_wrapper.log_eval_metrics] Accuracy(layer_3 - estimator_0 - 3_folds.train_0.predict)=78.76%
[ 2020-01-04 20:26:09,167][kfold_wrapper.log_eval_metrics] Accuracy(layer_3 - estimator_0 - 3_folds.train_1.predict)=81.78%
[ 2020-01-04 20:26:19,615][kfold_wrapper.log_eval_metrics] Accuracy(layer_3 - estimator_0 - 3_folds.train_2.predict)=79.38%
[ 2020-01-04 20:26:20,852][kfold_wrapper.log_eval_metrics] Accuracy(layer_3 - estimator_0 - 3_folds.train_cv.predict)=79.97%
[ 2020-01-04 20:26:20,863][kfold_wrapper.log_eval_metrics] Accuracy(layer_3 - estimator_0 - 3_folds.test.predict)=86.21%
[ 2020-01-04 20:26:30,102][kfold_wrapper.log_eval_metrics] Accuracy(layer_3 - estimator_1 - 3_folds.train_0.predict)=80.69%
[ 2020-01-04 20:26:40,546][kfold_wrapper.log_eval_metrics] Accuracy(layer_3 - estimator_1 - 3_folds.train_1.predict)=81.78%
[ 2020-01-04 20:26:51,554][kfold_wrapper.log_eval_metrics] Accuracy(layer_3 - estimator_1 - 3_folds.train_2.predict)=80.54%
[ 2020-01-04 20:26:52,779][kfold_wrapper.log_eval_metrics] Accuracy(layer_3 - estimator_1 - 3_folds.train_cv.predict)=81.01%
[ 2020-01-04 20:26:52,779][kfold_wrapper.log_eval_metrics] Accuracy(layer_3 - estimator_1 - 3_folds.test.predict)=86.21%
[ 2020-01-04 20:26:55,091][kfold_wrapper.log_eval_metrics] Accuracy(layer_3 - estimator_2 - 3_folds.train_0.predict)=79.15%
[ 2020-01-04 20:26:57,168][kfold_wrapper.log_eval_metrics] Accuracy(layer_3 - estimator_2 - 3_folds.train_1.predict)=81.01%
[ 2020-01-04 20:26:59,208][kfold_wrapper.log_eval_metrics] Accuracy(layer_3 - estimator_2 - 3_folds.train_2.predict)=77.04%
[ 2020-01-04 20:26:59,211][kfold_wrapper.log_eval_metrics] Accuracy(layer_3 - estimator_2 - 3_folds.train_cv.predict)=79.07%
[ 2020-01-04 20:26:59,211][kfold_wrapper.log_eval_metrics] Accuracy(layer_3 - estimator_2 - 3_folds.test.predict)=83.91%
[ 2020-01-04 20:26:59,211][cascade_classifier.calc_accuracy] Accuracy(layer_3 - train.classifier_average)=79.97%
[ 2020-01-04 20:26:59,212][cascade_classifier.calc_accuracy] Accuracy(layer_3 - test.classifier_average)=85.06%
[ 2020-01-04 20:26:59,214][cascade_classifier.fit_transform] [layer=4] look_indexs=[0], X_cur_train.shape=(774, 345), X_cur_test.shape=(87, 345)
[ 2020-01-04 20:27:08,482][kfold_wrapper.log_eval_metrics] Accuracy(layer_4 - estimator_0 - 3_folds.train_0.predict)=82.24%
[ 2020-01-04 20:27:18,967][kfold_wrapper.log_eval_metrics] Accuracy(layer_4 - estimator_0 - 3_folds.train_1.predict)=77.13%
[ 2020-01-04 20:27:29,374][kfold_wrapper.log_eval_metrics] Accuracy(layer_4 - estimator_0 - 3_folds.train_2.predict)=83.66%
[ 2020-01-04 20:27:30,617][kfold_wrapper.log_eval_metrics] Accuracy(layer_4 - estimator_0 - 3_folds.train_cv.predict)=81.01%
[ 2020-01-04 20:27:30,618][kfold_wrapper.log_eval_metrics] Accuracy(layer_4 - estimator_0 - 3_folds.test.predict)=86.21%
[ 2020-01-04 20:27:39,816][kfold_wrapper.log_eval_metrics] Accuracy(layer_4 - estimator_1 - 3_folds.train_0.predict)=81.08%
[ 2020-01-04 20:27:50,260][kfold_wrapper.log_eval_metrics] Accuracy(layer_4 - estimator_1 - 3_folds.train_1.predict)=82.17%
[ 2020-01-04 20:28:00,610][kfold_wrapper.log_eval_metrics] Accuracy(layer_4 - estimator_1 - 3_folds.train_2.predict)=80.16%
[ 2020-01-04 20:28:01,738][kfold_wrapper.log_eval_metrics] Accuracy(layer_4 - estimator_1 - 3_folds.train_cv.predict)=81.14%
[ 2020-01-04 20:28:01,738][kfold_wrapper.log_eval_metrics] Accuracy(layer_4 - estimator_1 - 3_folds.test.predict)=86.21%
[ 2020-01-04 20:28:03,635][kfold_wrapper.log_eval_metrics] Accuracy(layer_4 - estimator_2 - 3_folds.train_0.predict)=75.68%
[ 2020-01-04 20:28:05,510][kfold_wrapper.log_eval_metrics] Accuracy(layer_4 - estimator_2 - 3_folds.train_1.predict)=79.46%
[ 2020-01-04 20:28:07,403][kfold_wrapper.log_eval_metrics] Accuracy(layer_4 - estimator_2 - 3_folds.train_2.predict)=81.32%
[ 2020-01-04 20:28:07,405][kfold_wrapper.log_eval_metrics] Accuracy(layer_4 - estimator_2 - 3_folds.train_cv.predict)=78.81%
[ 2020-01-04 20:28:07,405][kfold_wrapper.log_eval_metrics] Accuracy(layer_4 - estimator_2 - 3_folds.test.predict)=87.36%
[ 2020-01-04 20:28:07,405][cascade_classifier.calc_accuracy] Accuracy(layer_4 - train.classifier_average)=80.23%
[ 2020-01-04 20:28:07,406][cascade_classifier.calc_accuracy] Accuracy(layer_4 - test.classifier_average)=85.06%
[ 2020-01-04 20:28:07,407][cascade_classifier.fit_transform] [layer=5] look_indexs=[0], X_cur_train.shape=(774, 345), X_cur_test.shape=(87, 345)
[ 2020-01-04 20:28:16,738][kfold_wrapper.log_eval_metrics] Accuracy(layer_5 - estimator_0 - 3_folds.train_0.predict)=81.08%
[ 2020-01-04 20:28:27,185][kfold_wrapper.log_eval_metrics] Accuracy(layer_5 - estimator_0 - 3_folds.train_1.predict)=79.84%
[ 2020-01-04 20:28:37,656][kfold_wrapper.log_eval_metrics] Accuracy(layer_5 - estimator_0 - 3_folds.train_2.predict)=81.71%
[ 2020-01-04 20:28:38,890][kfold_wrapper.log_eval_metrics] Accuracy(layer_5 - estimator_0 - 3_folds.train_cv.predict)=80.88%
[ 2020-01-04 20:28:38,891][kfold_wrapper.log_eval_metrics] Accuracy(layer_5 - estimator_0 - 3_folds.test.predict)=85.06%
[ 2020-01-04 20:28:48,121][kfold_wrapper.log_eval_metrics] Accuracy(layer_5 - estimator_1 - 3_folds.train_0.predict)=83.01%
[ 2020-01-04 20:28:58,467][kfold_wrapper.log_eval_metrics] Accuracy(layer_5 - estimator_1 - 3_folds.train_1.predict)=78.29%
[ 2020-01-04 20:29:08,798][kfold_wrapper.log_eval_metrics] Accuracy(layer_5 - estimator_1 - 3_folds.train_2.predict)=81.32%
[ 2020-01-04 20:29:10,044][kfold_wrapper.log_eval_metrics] Accuracy(layer_5 - estimator_1 - 3_folds.train_cv.predict)=80.88%
[ 2020-01-04 20:29:10,045][kfold_wrapper.log_eval_metrics] Accuracy(layer_5 - estimator_1 - 3_folds.test.predict)=85.06%
[ 2020-01-04 20:29:11,952][kfold_wrapper.log_eval_metrics] Accuracy(layer_5 - estimator_2 - 3_folds.train_0.predict)=81.85%
[ 2020-01-04 20:29:13,842][kfold_wrapper.log_eval_metrics] Accuracy(layer_5 - estimator_2 - 3_folds.train_1.predict)=75.19%
[ 2020-01-04 20:29:15,727][kfold_wrapper.log_eval_metrics] Accuracy(layer_5 - estimator_2 - 3_folds.train_2.predict)=79.38%
[ 2020-01-04 20:29:15,729][kfold_wrapper.log_eval_metrics] Accuracy(layer_5 - estimator_2 - 3_folds.train_cv.predict)=78.81%
[ 2020-01-04 20:29:15,730][kfold_wrapper.log_eval_metrics] Accuracy(layer_5 - estimator_2 - 3_folds.test.predict)=82.76%
[ 2020-01-04 20:29:15,730][cascade_classifier.calc_accuracy] Accuracy(layer_5 - train.classifier_average)=80.88%
[ 2020-01-04 20:29:15,730][cascade_classifier.calc_accuracy] Accuracy(layer_5 - test.classifier_average)=85.06%
[ 2020-01-04 20:29:15,730][cascade_classifier.fit_transform] [Result][Optimal Level Detected] opt_layer_num=3, accuracy_train=82.17%, accuracy_test=82.76%
[ 2020-01-04 20:29:15,842][cascade_classifier.transform] X_groups_test.shape=[(87, 339)]
[ 2020-01-04 20:29:15,843][cascade_classifier.transform] group_dims=[339]
[ 2020-01-04 20:29:15,843][cascade_classifier.transform] X_test.shape=(87, 339)
[ 2020-01-04 20:29:15,849][cascade_classifier.transform] [layer=0] look_indexs=[0], X_cur_test.shape=(87, 339)
[ 2020-01-04 20:29:22,682][cascade_classifier.transform] [layer=1] look_indexs=[0], X_cur_test.shape=(87, 345)
[ 2020-01-04 20:29:29,902][cascade_classifier.transform] [layer=2] look_indexs=[0], X_cur_test.shape=(87, 345)
[ 2020-01-04 20:29:36,695][cascade_classifier.transform] X_groups_test.shape=[(87, 339)]
[ 2020-01-04 20:29:36,695][cascade_classifier.transform] group_dims=[339]
[ 2020-01-04 20:29:36,695][cascade_classifier.transform] X_test.shape=(87, 339)
[ 2020-01-04 20:29:36,696][cascade_classifier.transform] [layer=0] look_indexs=[0], X_cur_test.shape=(87, 339)
[ 2020-01-04 20:29:43,874][cascade_classifier.transform] [layer=1] look_indexs=[0], X_cur_test.shape=(87, 345)
[ 2020-01-04 20:29:51,235][cascade_classifier.transform] [layer=2] look_indexs=[0], X_cur_test.shape=(87, 345)
[ 2020-01-04 20:31:55,435][cascade_classifier.fit_transform] X_groups_train.shape=[(774, 339)],y_train.shape=(774,),X_groups_test.shape=[(87, 339)],y_test.shape=(87,)
[ 2020-01-04 20:31:55,437][cascade_classifier.fit_transform] group_dims=[339]
[ 2020-01-04 20:31:55,438][cascade_classifier.fit_transform] group_starts=[0]
[ 2020-01-04 20:31:55,438][cascade_classifier.fit_transform] group_ends=[339]
[ 2020-01-04 20:31:55,444][cascade_classifier.fit_transform] X_train.shape=(774, 339),X_test.shape=(87, 339)
[ 2020-01-04 20:31:55,445][cascade_classifier.fit_transform] [layer=0] look_indexs=[0], X_cur_train.shape=(774, 339), X_cur_test.shape=(87, 339)
[ 2020-01-04 20:32:04,633][kfold_wrapper.log_eval_metrics] Accuracy(layer_0 - estimator_0 - 3_folds.train_0.predict)=79.54%
[ 2020-01-04 20:32:14,889][kfold_wrapper.log_eval_metrics] Accuracy(layer_0 - estimator_0 - 3_folds.train_1.predict)=82.56%
[ 2020-01-04 20:32:25,457][kfold_wrapper.log_eval_metrics] Accuracy(layer_0 - estimator_0 - 3_folds.train_2.predict)=81.32%
[ 2020-01-04 20:32:26,591][kfold_wrapper.log_eval_metrics] Accuracy(layer_0 - estimator_0 - 3_folds.train_cv.predict)=81.14%
[ 2020-01-04 20:32:26,592][kfold_wrapper.log_eval_metrics] Accuracy(layer_0 - estimator_0 - 3_folds.test.predict)=85.06%
[ 2020-01-04 20:32:35,771][kfold_wrapper.log_eval_metrics] Accuracy(layer_0 - estimator_1 - 3_folds.train_0.predict)=79.92%
[ 2020-01-04 20:32:46,180][kfold_wrapper.log_eval_metrics] Accuracy(layer_0 - estimator_1 - 3_folds.train_1.predict)=81.01%
[ 2020-01-04 20:32:56,556][kfold_wrapper.log_eval_metrics] Accuracy(layer_0 - estimator_1 - 3_folds.train_2.predict)=82.10%
[ 2020-01-04 20:32:57,689][kfold_wrapper.log_eval_metrics] Accuracy(layer_0 - estimator_1 - 3_folds.train_cv.predict)=81.01%
[ 2020-01-04 20:32:57,689][kfold_wrapper.log_eval_metrics] Accuracy(layer_0 - estimator_1 - 3_folds.test.predict)=85.06%
[ 2020-01-04 20:32:59,534][kfold_wrapper.log_eval_metrics] Accuracy(layer_0 - estimator_2 - 3_folds.train_0.predict)=78.76%
[ 2020-01-04 20:33:01,371][kfold_wrapper.log_eval_metrics] Accuracy(layer_0 - estimator_2 - 3_folds.train_1.predict)=80.23%
[ 2020-01-04 20:33:03,219][kfold_wrapper.log_eval_metrics] Accuracy(layer_0 - estimator_2 - 3_folds.train_2.predict)=75.49%
[ 2020-01-04 20:33:03,221][kfold_wrapper.log_eval_metrics] Accuracy(layer_0 - estimator_2 - 3_folds.train_cv.predict)=78.17%
[ 2020-01-04 20:33:03,222][kfold_wrapper.log_eval_metrics] Accuracy(layer_0 - estimator_2 - 3_folds.test.predict)=86.21%
[ 2020-01-04 20:33:03,222][cascade_classifier.calc_accuracy] Accuracy(layer_0 - train.classifier_average)=80.62%
[ 2020-01-04 20:33:03,222][cascade_classifier.calc_accuracy] Accuracy(layer_0 - test.classifier_average)=86.21%
[ 2020-01-04 20:33:03,224][cascade_classifier.fit_transform] [layer=1] look_indexs=[0], X_cur_train.shape=(774, 345), X_cur_test.shape=(87, 345)
[ 2020-01-04 20:33:12,305][kfold_wrapper.log_eval_metrics] Accuracy(layer_1 - estimator_0 - 3_folds.train_0.predict)=79.92%
[ 2020-01-04 20:33:22,633][kfold_wrapper.log_eval_metrics] Accuracy(layer_1 - estimator_0 - 3_folds.train_1.predict)=81.78%
[ 2020-01-04 20:33:32,951][kfold_wrapper.log_eval_metrics] Accuracy(layer_1 - estimator_0 - 3_folds.train_2.predict)=82.10%
[ 2020-01-04 20:33:34,181][kfold_wrapper.log_eval_metrics] Accuracy(layer_1 - estimator_0 - 3_folds.train_cv.predict)=81.27%
[ 2020-01-04 20:33:34,182][kfold_wrapper.log_eval_metrics] Accuracy(layer_1 - estimator_0 - 3_folds.test.predict)=86.21%
[ 2020-01-04 20:33:43,349][kfold_wrapper.log_eval_metrics] Accuracy(layer_1 - estimator_1 - 3_folds.train_0.predict)=77.61%
[ 2020-01-04 20:33:53,697][kfold_wrapper.log_eval_metrics] Accuracy(layer_1 - estimator_1 - 3_folds.train_1.predict)=82.17%
[ 2020-01-04 20:34:03,989][kfold_wrapper.log_eval_metrics] Accuracy(layer_1 - estimator_1 - 3_folds.train_2.predict)=81.71%
[ 2020-01-04 20:34:05,116][kfold_wrapper.log_eval_metrics] Accuracy(layer_1 - estimator_1 - 3_folds.train_cv.predict)=80.49%
[ 2020-01-04 20:34:05,117][kfold_wrapper.log_eval_metrics] Accuracy(layer_1 - estimator_1 - 3_folds.test.predict)=86.21%
[ 2020-01-04 20:34:06,978][kfold_wrapper.log_eval_metrics] Accuracy(layer_1 - estimator_2 - 3_folds.train_0.predict)=80.31%
[ 2020-01-04 20:34:08,824][kfold_wrapper.log_eval_metrics] Accuracy(layer_1 - estimator_2 - 3_folds.train_1.predict)=76.74%
[ 2020-01-04 20:34:10,668][kfold_wrapper.log_eval_metrics] Accuracy(layer_1 - estimator_2 - 3_folds.train_2.predict)=78.60%
[ 2020-01-04 20:34:10,670][kfold_wrapper.log_eval_metrics] Accuracy(layer_1 - estimator_2 - 3_folds.train_cv.predict)=78.55%
[ 2020-01-04 20:34:10,671][kfold_wrapper.log_eval_metrics] Accuracy(layer_1 - estimator_2 - 3_folds.test.predict)=87.36%
[ 2020-01-04 20:34:10,671][cascade_classifier.calc_accuracy] Accuracy(layer_1 - train.classifier_average)=80.10%
[ 2020-01-04 20:34:10,671][cascade_classifier.calc_accuracy] Accuracy(layer_1 - test.classifier_average)=83.91%
[ 2020-01-04 20:34:10,673][cascade_classifier.fit_transform] [layer=2] look_indexs=[0], X_cur_train.shape=(774, 345), X_cur_test.shape=(87, 345)
[ 2020-01-04 20:34:20,770][kfold_wrapper.log_eval_metrics] Accuracy(layer_2 - estimator_0 - 3_folds.train_0.predict)=81.08%
[ 2020-01-04 20:34:31,152][kfold_wrapper.log_eval_metrics] Accuracy(layer_2 - estimator_0 - 3_folds.train_1.predict)=85.27%
[ 2020-01-04 20:34:41,445][kfold_wrapper.log_eval_metrics] Accuracy(layer_2 - estimator_0 - 3_folds.train_2.predict)=80.16%
[ 2020-01-04 20:34:42,579][kfold_wrapper.log_eval_metrics] Accuracy(layer_2 - estimator_0 - 3_folds.train_cv.predict)=82.17%
[ 2020-01-04 20:34:42,584][kfold_wrapper.log_eval_metrics] Accuracy(layer_2 - estimator_0 - 3_folds.test.predict)=86.21%
[ 2020-01-04 20:34:51,815][kfold_wrapper.log_eval_metrics] Accuracy(layer_2 - estimator_1 - 3_folds.train_0.predict)=80.69%
[ 2020-01-04 20:35:02,203][kfold_wrapper.log_eval_metrics] Accuracy(layer_2 - estimator_1 - 3_folds.train_1.predict)=81.01%
[ 2020-01-04 20:35:12,498][kfold_wrapper.log_eval_metrics] Accuracy(layer_2 - estimator_1 - 3_folds.train_2.predict)=78.60%
[ 2020-01-04 20:35:13,632][kfold_wrapper.log_eval_metrics] Accuracy(layer_2 - estimator_1 - 3_folds.train_cv.predict)=80.10%
[ 2020-01-04 20:35:13,633][kfold_wrapper.log_eval_metrics] Accuracy(layer_2 - estimator_1 - 3_folds.test.predict)=86.21%
[ 2020-01-04 20:35:15,498][kfold_wrapper.log_eval_metrics] Accuracy(layer_2 - estimator_2 - 3_folds.train_0.predict)=81.85%
[ 2020-01-04 20:35:17,347][kfold_wrapper.log_eval_metrics] Accuracy(layer_2 - estimator_2 - 3_folds.train_1.predict)=81.78%
[ 2020-01-04 20:35:19,205][kfold_wrapper.log_eval_metrics] Accuracy(layer_2 - estimator_2 - 3_folds.train_2.predict)=79.38%
[ 2020-01-04 20:35:19,207][kfold_wrapper.log_eval_metrics] Accuracy(layer_2 - estimator_2 - 3_folds.train_cv.predict)=81.01%
[ 2020-01-04 20:35:19,208][kfold_wrapper.log_eval_metrics] Accuracy(layer_2 - estimator_2 - 3_folds.test.predict)=82.76%
[ 2020-01-04 20:35:19,208][cascade_classifier.calc_accuracy] Accuracy(layer_2 - train.classifier_average)=81.91%
[ 2020-01-04 20:35:19,208][cascade_classifier.calc_accuracy] Accuracy(layer_2 - test.classifier_average)=82.76%
[ 2020-01-04 20:35:19,210][cascade_classifier.fit_transform] [layer=3] look_indexs=[0], X_cur_train.shape=(774, 345), X_cur_test.shape=(87, 345)
[ 2020-01-04 20:35:28,369][kfold_wrapper.log_eval_metrics] Accuracy(layer_3 - estimator_0 - 3_folds.train_0.predict)=79.54%
[ 2020-01-04 20:35:38,827][kfold_wrapper.log_eval_metrics] Accuracy(layer_3 - estimator_0 - 3_folds.train_1.predict)=82.95%
[ 2020-01-04 20:35:49,093][kfold_wrapper.log_eval_metrics] Accuracy(layer_3 - estimator_0 - 3_folds.train_2.predict)=82.10%
[ 2020-01-04 20:35:50,227][kfold_wrapper.log_eval_metrics] Accuracy(layer_3 - estimator_0 - 3_folds.train_cv.predict)=81.52%
[ 2020-01-04 20:35:50,228][kfold_wrapper.log_eval_metrics] Accuracy(layer_3 - estimator_0 - 3_folds.test.predict)=85.06%
[ 2020-01-04 20:35:59,363][kfold_wrapper.log_eval_metrics] Accuracy(layer_3 - estimator_1 - 3_folds.train_0.predict)=80.69%
[ 2020-01-04 20:36:09,531][kfold_wrapper.log_eval_metrics] Accuracy(layer_3 - estimator_1 - 3_folds.train_1.predict)=82.56%
[ 2020-01-04 20:36:19,913][kfold_wrapper.log_eval_metrics] Accuracy(layer_3 - estimator_1 - 3_folds.train_2.predict)=78.99%
[ 2020-01-04 20:36:21,052][kfold_wrapper.log_eval_metrics] Accuracy(layer_3 - estimator_1 - 3_folds.train_cv.predict)=80.75%
[ 2020-01-04 20:36:21,053][kfold_wrapper.log_eval_metrics] Accuracy(layer_3 - estimator_1 - 3_folds.test.predict)=85.06%
[ 2020-01-04 20:36:22,910][kfold_wrapper.log_eval_metrics] Accuracy(layer_3 - estimator_2 - 3_folds.train_0.predict)=80.31%
[ 2020-01-04 20:36:24,770][kfold_wrapper.log_eval_metrics] Accuracy(layer_3 - estimator_2 - 3_folds.train_1.predict)=77.91%
[ 2020-01-04 20:36:26,702][kfold_wrapper.log_eval_metrics] Accuracy(layer_3 - estimator_2 - 3_folds.train_2.predict)=81.71%
[ 2020-01-04 20:36:26,704][kfold_wrapper.log_eval_metrics] Accuracy(layer_3 - estimator_2 - 3_folds.train_cv.predict)=79.97%
[ 2020-01-04 20:36:26,704][kfold_wrapper.log_eval_metrics] Accuracy(layer_3 - estimator_2 - 3_folds.test.predict)=85.06%
[ 2020-01-04 20:36:26,705][cascade_classifier.calc_accuracy] Accuracy(layer_3 - train.classifier_average)=81.40%
[ 2020-01-04 20:36:26,705][cascade_classifier.calc_accuracy] Accuracy(layer_3 - test.classifier_average)=85.06%
[ 2020-01-04 20:36:26,707][cascade_classifier.fit_transform] [layer=4] look_indexs=[0], X_cur_train.shape=(774, 345), X_cur_test.shape=(87, 345)
[ 2020-01-04 20:36:35,873][kfold_wrapper.log_eval_metrics] Accuracy(layer_4 - estimator_0 - 3_folds.train_0.predict)=81.47%
[ 2020-01-04 20:36:46,171][kfold_wrapper.log_eval_metrics] Accuracy(layer_4 - estimator_0 - 3_folds.train_1.predict)=82.95%
[ 2020-01-04 20:36:56,477][kfold_wrapper.log_eval_metrics] Accuracy(layer_4 - estimator_0 - 3_folds.train_2.predict)=80.54%
[ 2020-01-04 20:36:57,612][kfold_wrapper.log_eval_metrics] Accuracy(layer_4 - estimator_0 - 3_folds.train_cv.predict)=81.65%
[ 2020-01-04 20:36:57,613][kfold_wrapper.log_eval_metrics] Accuracy(layer_4 - estimator_0 - 3_folds.test.predict)=85.06%
[ 2020-01-04 20:37:06,776][kfold_wrapper.log_eval_metrics] Accuracy(layer_4 - estimator_1 - 3_folds.train_0.predict)=81.47%
[ 2020-01-04 20:37:17,079][kfold_wrapper.log_eval_metrics] Accuracy(layer_4 - estimator_1 - 3_folds.train_1.predict)=80.62%
[ 2020-01-04 20:37:27,437][kfold_wrapper.log_eval_metrics] Accuracy(layer_4 - estimator_1 - 3_folds.train_2.predict)=83.27%
[ 2020-01-04 20:37:28,571][kfold_wrapper.log_eval_metrics] Accuracy(layer_4 - estimator_1 - 3_folds.train_cv.predict)=81.78%
[ 2020-01-04 20:37:28,572][kfold_wrapper.log_eval_metrics] Accuracy(layer_4 - estimator_1 - 3_folds.test.predict)=85.06%
[ 2020-01-04 20:37:30,447][kfold_wrapper.log_eval_metrics] Accuracy(layer_4 - estimator_2 - 3_folds.train_0.predict)=82.63%
[ 2020-01-04 20:37:32,328][kfold_wrapper.log_eval_metrics] Accuracy(layer_4 - estimator_2 - 3_folds.train_1.predict)=79.84%
[ 2020-01-04 20:37:34,179][kfold_wrapper.log_eval_metrics] Accuracy(layer_4 - estimator_2 - 3_folds.train_2.predict)=73.93%
[ 2020-01-04 20:37:34,181][kfold_wrapper.log_eval_metrics] Accuracy(layer_4 - estimator_2 - 3_folds.train_cv.predict)=78.81%
[ 2020-01-04 20:37:34,182][kfold_wrapper.log_eval_metrics] Accuracy(layer_4 - estimator_2 - 3_folds.test.predict)=85.06%
[ 2020-01-04 20:37:34,182][cascade_classifier.calc_accuracy] Accuracy(layer_4 - train.classifier_average)=81.01%
[ 2020-01-04 20:37:34,182][cascade_classifier.calc_accuracy] Accuracy(layer_4 - test.classifier_average)=86.21%
[ 2020-01-04 20:37:34,184][cascade_classifier.fit_transform] [layer=5] look_indexs=[0], X_cur_train.shape=(774, 345), X_cur_test.shape=(87, 345)
[ 2020-01-04 20:37:43,351][kfold_wrapper.log_eval_metrics] Accuracy(layer_5 - estimator_0 - 3_folds.train_0.predict)=82.63%
[ 2020-01-04 20:37:53,655][kfold_wrapper.log_eval_metrics] Accuracy(layer_5 - estimator_0 - 3_folds.train_1.predict)=80.62%
[ 2020-01-04 20:38:04,049][kfold_wrapper.log_eval_metrics] Accuracy(layer_5 - estimator_0 - 3_folds.train_2.predict)=80.16%
[ 2020-01-04 20:38:05,197][kfold_wrapper.log_eval_metrics] Accuracy(layer_5 - estimator_0 - 3_folds.train_cv.predict)=81.14%
[ 2020-01-04 20:38:05,197][kfold_wrapper.log_eval_metrics] Accuracy(layer_5 - estimator_0 - 3_folds.test.predict)=85.06%
[ 2020-01-04 20:38:14,360][kfold_wrapper.log_eval_metrics] Accuracy(layer_5 - estimator_1 - 3_folds.train_0.predict)=81.47%
[ 2020-01-04 20:38:24,640][kfold_wrapper.log_eval_metrics] Accuracy(layer_5 - estimator_1 - 3_folds.train_1.predict)=80.62%
[ 2020-01-04 20:38:34,970][kfold_wrapper.log_eval_metrics] Accuracy(layer_5 - estimator_1 - 3_folds.train_2.predict)=81.71%
[ 2020-01-04 20:38:36,106][kfold_wrapper.log_eval_metrics] Accuracy(layer_5 - estimator_1 - 3_folds.train_cv.predict)=81.27%
[ 2020-01-04 20:38:36,106][kfold_wrapper.log_eval_metrics] Accuracy(layer_5 - estimator_1 - 3_folds.test.predict)=85.06%
[ 2020-01-04 20:38:37,980][kfold_wrapper.log_eval_metrics] Accuracy(layer_5 - estimator_2 - 3_folds.train_0.predict)=78.38%
[ 2020-01-04 20:38:39,843][kfold_wrapper.log_eval_metrics] Accuracy(layer_5 - estimator_2 - 3_folds.train_1.predict)=79.84%
[ 2020-01-04 20:38:41,691][kfold_wrapper.log_eval_metrics] Accuracy(layer_5 - estimator_2 - 3_folds.train_2.predict)=82.49%
[ 2020-01-04 20:38:41,693][kfold_wrapper.log_eval_metrics] Accuracy(layer_5 - estimator_2 - 3_folds.train_cv.predict)=80.23%
[ 2020-01-04 20:38:41,693][kfold_wrapper.log_eval_metrics] Accuracy(layer_5 - estimator_2 - 3_folds.test.predict)=88.51%
[ 2020-01-04 20:38:41,694][cascade_classifier.calc_accuracy] Accuracy(layer_5 - train.classifier_average)=81.91%
[ 2020-01-04 20:38:41,694][cascade_classifier.calc_accuracy] Accuracy(layer_5 - test.classifier_average)=85.06%
[ 2020-01-04 20:38:41,694][cascade_classifier.fit_transform] [Result][Optimal Level Detected] opt_layer_num=3, accuracy_train=81.91%, accuracy_test=82.76%
[ 2020-01-04 20:38:41,790][cascade_classifier.transform] X_groups_test.shape=[(87, 339)]
[ 2020-01-04 20:38:41,791][cascade_classifier.transform] group_dims=[339]
[ 2020-01-04 20:38:41,791][cascade_classifier.transform] X_test.shape=(87, 339)
[ 2020-01-04 20:38:41,791][cascade_classifier.transform] [layer=0] look_indexs=[0], X_cur_test.shape=(87, 339)
[ 2020-01-04 20:38:48,636][cascade_classifier.transform] [layer=1] look_indexs=[0], X_cur_test.shape=(87, 345)
[ 2020-01-04 20:38:55,638][cascade_classifier.transform] [layer=2] look_indexs=[0], X_cur_test.shape=(87, 345)
[ 2020-01-04 20:39:02,632][cascade_classifier.transform] X_groups_test.shape=[(87, 339)]
[ 2020-01-04 20:39:02,632][cascade_classifier.transform] group_dims=[339]
[ 2020-01-04 20:39:02,632][cascade_classifier.transform] X_test.shape=(87, 339)
[ 2020-01-04 20:39:02,632][cascade_classifier.transform] [layer=0] look_indexs=[0], X_cur_test.shape=(87, 339)
[ 2020-01-04 20:39:09,425][cascade_classifier.transform] [layer=1] look_indexs=[0], X_cur_test.shape=(87, 345)
[ 2020-01-04 20:39:16,420][cascade_classifier.transform] [layer=2] look_indexs=[0], X_cur_test.shape=(87, 345)
[ 2020-01-04 20:41:20,748][cascade_classifier.fit_transform] X_groups_train.shape=[(774, 339)],y_train.shape=(774,),X_groups_test.shape=[(87, 339)],y_test.shape=(87,)
[ 2020-01-04 20:41:20,750][cascade_classifier.fit_transform] group_dims=[339]
[ 2020-01-04 20:41:20,751][cascade_classifier.fit_transform] group_starts=[0]
[ 2020-01-04 20:41:20,751][cascade_classifier.fit_transform] group_ends=[339]
[ 2020-01-04 20:41:20,751][cascade_classifier.fit_transform] X_train.shape=(774, 339),X_test.shape=(87, 339)
[ 2020-01-04 20:41:20,752][cascade_classifier.fit_transform] [layer=0] look_indexs=[0], X_cur_train.shape=(774, 339), X_cur_test.shape=(87, 339)
[ 2020-01-04 20:41:30,049][kfold_wrapper.log_eval_metrics] Accuracy(layer_0 - estimator_0 - 3_folds.train_0.predict)=77.99%
[ 2020-01-04 20:41:40,349][kfold_wrapper.log_eval_metrics] Accuracy(layer_0 - estimator_0 - 3_folds.train_1.predict)=84.11%
[ 2020-01-04 20:41:50,638][kfold_wrapper.log_eval_metrics] Accuracy(layer_0 - estimator_0 - 3_folds.train_2.predict)=81.32%
[ 2020-01-04 20:41:51,767][kfold_wrapper.log_eval_metrics] Accuracy(layer_0 - estimator_0 - 3_folds.train_cv.predict)=81.14%
[ 2020-01-04 20:41:51,768][kfold_wrapper.log_eval_metrics] Accuracy(layer_0 - estimator_0 - 3_folds.test.predict)=83.91%
[ 2020-01-04 20:42:00,948][kfold_wrapper.log_eval_metrics] Accuracy(layer_0 - estimator_1 - 3_folds.train_0.predict)=80.69%
[ 2020-01-04 20:42:11,466][kfold_wrapper.log_eval_metrics] Accuracy(layer_0 - estimator_1 - 3_folds.train_1.predict)=81.01%
[ 2020-01-04 20:42:21,733][kfold_wrapper.log_eval_metrics] Accuracy(layer_0 - estimator_1 - 3_folds.train_2.predict)=80.54%
[ 2020-01-04 20:42:22,972][kfold_wrapper.log_eval_metrics] Accuracy(layer_0 - estimator_1 - 3_folds.train_cv.predict)=80.75%
[ 2020-01-04 20:42:22,972][kfold_wrapper.log_eval_metrics] Accuracy(layer_0 - estimator_1 - 3_folds.test.predict)=85.06%
[ 2020-01-04 20:42:24,804][kfold_wrapper.log_eval_metrics] Accuracy(layer_0 - estimator_2 - 3_folds.train_0.predict)=83.78%
[ 2020-01-04 20:42:26,631][kfold_wrapper.log_eval_metrics] Accuracy(layer_0 - estimator_2 - 3_folds.train_1.predict)=77.13%
[ 2020-01-04 20:42:28,505][kfold_wrapper.log_eval_metrics] Accuracy(layer_0 - estimator_2 - 3_folds.train_2.predict)=81.71%
[ 2020-01-04 20:42:28,507][kfold_wrapper.log_eval_metrics] Accuracy(layer_0 - estimator_2 - 3_folds.train_cv.predict)=80.88%
[ 2020-01-04 20:42:28,508][kfold_wrapper.log_eval_metrics] Accuracy(layer_0 - estimator_2 - 3_folds.test.predict)=83.91%
[ 2020-01-04 20:42:28,508][cascade_classifier.calc_accuracy] Accuracy(layer_0 - train.classifier_average)=82.04%
[ 2020-01-04 20:42:28,508][cascade_classifier.calc_accuracy] Accuracy(layer_0 - test.classifier_average)=85.06%
[ 2020-01-04 20:42:28,510][cascade_classifier.fit_transform] [layer=1] look_indexs=[0], X_cur_train.shape=(774, 345), X_cur_test.shape=(87, 345)
[ 2020-01-04 20:42:37,709][kfold_wrapper.log_eval_metrics] Accuracy(layer_1 - estimator_0 - 3_folds.train_0.predict)=79.15%
[ 2020-01-04 20:42:48,050][kfold_wrapper.log_eval_metrics] Accuracy(layer_1 - estimator_0 - 3_folds.train_1.predict)=84.11%
[ 2020-01-04 20:42:58,219][kfold_wrapper.log_eval_metrics] Accuracy(layer_1 - estimator_0 - 3_folds.train_2.predict)=79.77%
[ 2020-01-04 20:42:59,368][kfold_wrapper.log_eval_metrics] Accuracy(layer_1 - estimator_0 - 3_folds.train_cv.predict)=81.01%
[ 2020-01-04 20:42:59,368][kfold_wrapper.log_eval_metrics] Accuracy(layer_1 - estimator_0 - 3_folds.test.predict)=86.21%
[ 2020-01-04 20:43:08,527][kfold_wrapper.log_eval_metrics] Accuracy(layer_1 - estimator_1 - 3_folds.train_0.predict)=82.63%
[ 2020-01-04 20:43:18,816][kfold_wrapper.log_eval_metrics] Accuracy(layer_1 - estimator_1 - 3_folds.train_1.predict)=80.62%
[ 2020-01-04 20:43:29,016][kfold_wrapper.log_eval_metrics] Accuracy(layer_1 - estimator_1 - 3_folds.train_2.predict)=80.93%
[ 2020-01-04 20:43:30,236][kfold_wrapper.log_eval_metrics] Accuracy(layer_1 - estimator_1 - 3_folds.train_cv.predict)=81.40%
[ 2020-01-04 20:43:30,237][kfold_wrapper.log_eval_metrics] Accuracy(layer_1 - estimator_1 - 3_folds.test.predict)=86.21%
[ 2020-01-04 20:43:32,216][kfold_wrapper.log_eval_metrics] Accuracy(layer_1 - estimator_2 - 3_folds.train_0.predict)=80.69%
[ 2020-01-04 20:43:34,121][kfold_wrapper.log_eval_metrics] Accuracy(layer_1 - estimator_2 - 3_folds.train_1.predict)=79.07%
[ 2020-01-04 20:43:35,998][kfold_wrapper.log_eval_metrics] Accuracy(layer_1 - estimator_2 - 3_folds.train_2.predict)=75.10%
[ 2020-01-04 20:43:36,000][kfold_wrapper.log_eval_metrics] Accuracy(layer_1 - estimator_2 - 3_folds.train_cv.predict)=78.29%
[ 2020-01-04 20:43:36,000][kfold_wrapper.log_eval_metrics] Accuracy(layer_1 - estimator_2 - 3_folds.test.predict)=86.21%
[ 2020-01-04 20:43:36,000][cascade_classifier.calc_accuracy] Accuracy(layer_1 - train.classifier_average)=81.14%
[ 2020-01-04 20:43:36,001][cascade_classifier.calc_accuracy] Accuracy(layer_1 - test.classifier_average)=85.06%
[ 2020-01-04 20:43:36,002][cascade_classifier.fit_transform] [layer=2] look_indexs=[0], X_cur_train.shape=(774, 345), X_cur_test.shape=(87, 345)
[ 2020-01-04 20:43:45,180][kfold_wrapper.log_eval_metrics] Accuracy(layer_2 - estimator_0 - 3_folds.train_0.predict)=83.40%
[ 2020-01-04 20:43:55,367][kfold_wrapper.log_eval_metrics] Accuracy(layer_2 - estimator_0 - 3_folds.train_1.predict)=82.17%
[ 2020-01-04 20:44:05,669][kfold_wrapper.log_eval_metrics] Accuracy(layer_2 - estimator_0 - 3_folds.train_2.predict)=77.43%
[ 2020-01-04 20:44:06,816][kfold_wrapper.log_eval_metrics] Accuracy(layer_2 - estimator_0 - 3_folds.train_cv.predict)=81.01%
[ 2020-01-04 20:44:06,817][kfold_wrapper.log_eval_metrics] Accuracy(layer_2 - estimator_0 - 3_folds.test.predict)=85.06%
[ 2020-01-04 20:44:16,110][kfold_wrapper.log_eval_metrics] Accuracy(layer_2 - estimator_1 - 3_folds.train_0.predict)=82.63%
[ 2020-01-04 20:44:27,062][kfold_wrapper.log_eval_metrics] Accuracy(layer_2 - estimator_1 - 3_folds.train_1.predict)=78.29%
[ 2020-01-04 20:44:37,531][kfold_wrapper.log_eval_metrics] Accuracy(layer_2 - estimator_1 - 3_folds.train_2.predict)=83.66%
[ 2020-01-04 20:44:38,664][kfold_wrapper.log_eval_metrics] Accuracy(layer_2 - estimator_1 - 3_folds.train_cv.predict)=81.52%
[ 2020-01-04 20:44:38,669][kfold_wrapper.log_eval_metrics] Accuracy(layer_2 - estimator_1 - 3_folds.test.predict)=86.21%
[ 2020-01-04 20:44:40,557][kfold_wrapper.log_eval_metrics] Accuracy(layer_2 - estimator_2 - 3_folds.train_0.predict)=81.47%
[ 2020-01-04 20:44:42,396][kfold_wrapper.log_eval_metrics] Accuracy(layer_2 - estimator_2 - 3_folds.train_1.predict)=76.36%
[ 2020-01-04 20:44:44,274][kfold_wrapper.log_eval_metrics] Accuracy(layer_2 - estimator_2 - 3_folds.train_2.predict)=78.99%
[ 2020-01-04 20:44:44,276][kfold_wrapper.log_eval_metrics] Accuracy(layer_2 - estimator_2 - 3_folds.train_cv.predict)=78.94%
[ 2020-01-04 20:44:44,276][kfold_wrapper.log_eval_metrics] Accuracy(layer_2 - estimator_2 - 3_folds.test.predict)=86.21%
[ 2020-01-04 20:44:44,277][cascade_classifier.calc_accuracy] Accuracy(layer_2 - train.classifier_average)=80.49%
[ 2020-01-04 20:44:44,277][cascade_classifier.calc_accuracy] Accuracy(layer_2 - test.classifier_average)=85.06%
[ 2020-01-04 20:44:44,279][cascade_classifier.fit_transform] [layer=3] look_indexs=[0], X_cur_train.shape=(774, 345), X_cur_test.shape=(87, 345)
[ 2020-01-04 20:44:53,568][kfold_wrapper.log_eval_metrics] Accuracy(layer_3 - estimator_0 - 3_folds.train_0.predict)=81.85%
[ 2020-01-04 20:45:03,899][kfold_wrapper.log_eval_metrics] Accuracy(layer_3 - estimator_0 - 3_folds.train_1.predict)=83.33%
[ 2020-01-04 20:45:14,214][kfold_wrapper.log_eval_metrics] Accuracy(layer_3 - estimator_0 - 3_folds.train_2.predict)=79.77%
[ 2020-01-04 20:45:15,353][kfold_wrapper.log_eval_metrics] Accuracy(layer_3 - estimator_0 - 3_folds.train_cv.predict)=81.65%
[ 2020-01-04 20:45:15,354][kfold_wrapper.log_eval_metrics] Accuracy(layer_3 - estimator_0 - 3_folds.test.predict)=85.06%
[ 2020-01-04 20:45:24,563][kfold_wrapper.log_eval_metrics] Accuracy(layer_3 - estimator_1 - 3_folds.train_0.predict)=83.01%
[ 2020-01-04 20:45:35,101][kfold_wrapper.log_eval_metrics] Accuracy(layer_3 - estimator_1 - 3_folds.train_1.predict)=80.23%
[ 2020-01-04 20:45:45,394][kfold_wrapper.log_eval_metrics] Accuracy(layer_3 - estimator_1 - 3_folds.train_2.predict)=82.10%
[ 2020-01-04 20:45:46,535][kfold_wrapper.log_eval_metrics] Accuracy(layer_3 - estimator_1 - 3_folds.train_cv.predict)=81.78%
[ 2020-01-04 20:45:46,536][kfold_wrapper.log_eval_metrics] Accuracy(layer_3 - estimator_1 - 3_folds.test.predict)=85.06%
[ 2020-01-04 20:45:48,413][kfold_wrapper.log_eval_metrics] Accuracy(layer_3 - estimator_2 - 3_folds.train_0.predict)=78.76%
[ 2020-01-04 20:45:50,291][kfold_wrapper.log_eval_metrics] Accuracy(layer_3 - estimator_2 - 3_folds.train_1.predict)=80.62%
[ 2020-01-04 20:45:52,161][kfold_wrapper.log_eval_metrics] Accuracy(layer_3 - estimator_2 - 3_folds.train_2.predict)=80.16%
[ 2020-01-04 20:45:52,163][kfold_wrapper.log_eval_metrics] Accuracy(layer_3 - estimator_2 - 3_folds.train_cv.predict)=79.84%
[ 2020-01-04 20:45:52,163][kfold_wrapper.log_eval_metrics] Accuracy(layer_3 - estimator_2 - 3_folds.test.predict)=85.06%
[ 2020-01-04 20:45:52,164][cascade_classifier.calc_accuracy] Accuracy(layer_3 - train.classifier_average)=81.78%
[ 2020-01-04 20:45:52,164][cascade_classifier.calc_accuracy] Accuracy(layer_3 - test.classifier_average)=85.06%
[ 2020-01-04 20:45:52,164][cascade_classifier.fit_transform] [Result][Optimal Level Detected] opt_layer_num=1, accuracy_train=82.04%, accuracy_test=85.06%
[ 2020-01-04 20:45:52,278][cascade_classifier.transform] X_groups_test.shape=[(87, 339)]
[ 2020-01-04 20:45:52,278][cascade_classifier.transform] group_dims=[339]
[ 2020-01-04 20:45:52,279][cascade_classifier.transform] X_test.shape=(87, 339)
[ 2020-01-04 20:45:52,279][cascade_classifier.transform] [layer=0] look_indexs=[0], X_cur_test.shape=(87, 339)
[ 2020-01-04 20:45:59,292][cascade_classifier.transform] X_groups_test.shape=[(87, 339)]
[ 2020-01-04 20:45:59,293][cascade_classifier.transform] group_dims=[339]
[ 2020-01-04 20:45:59,293][cascade_classifier.transform] X_test.shape=(87, 339)
[ 2020-01-04 20:45:59,293][cascade_classifier.transform] [layer=0] look_indexs=[0], X_cur_test.shape=(87, 339)
[ 2020-01-04 20:46:44,952][cascade_classifier.fit_transform] X_groups_train.shape=[(774, 339)],y_train.shape=(774,),X_groups_test.shape=[(87, 339)],y_test.shape=(87,)
[ 2020-01-04 20:46:44,954][cascade_classifier.fit_transform] group_dims=[339]
[ 2020-01-04 20:46:44,955][cascade_classifier.fit_transform] group_starts=[0]
[ 2020-01-04 20:46:44,955][cascade_classifier.fit_transform] group_ends=[339]
[ 2020-01-04 20:46:44,955][cascade_classifier.fit_transform] X_train.shape=(774, 339),X_test.shape=(87, 339)
[ 2020-01-04 20:46:44,957][cascade_classifier.fit_transform] [layer=0] look_indexs=[0], X_cur_train.shape=(774, 339), X_cur_test.shape=(87, 339)
[ 2020-01-04 20:46:54,135][kfold_wrapper.log_eval_metrics] Accuracy(layer_0 - estimator_0 - 3_folds.train_0.predict)=83.40%
[ 2020-01-04 20:47:04,553][kfold_wrapper.log_eval_metrics] Accuracy(layer_0 - estimator_0 - 3_folds.train_1.predict)=80.62%
[ 2020-01-04 20:47:14,971][kfold_wrapper.log_eval_metrics] Accuracy(layer_0 - estimator_0 - 3_folds.train_2.predict)=81.32%
[ 2020-01-04 20:47:16,107][kfold_wrapper.log_eval_metrics] Accuracy(layer_0 - estimator_0 - 3_folds.train_cv.predict)=81.78%
[ 2020-01-04 20:47:16,107][kfold_wrapper.log_eval_metrics] Accuracy(layer_0 - estimator_0 - 3_folds.test.predict)=85.06%
[ 2020-01-04 20:47:25,929][kfold_wrapper.log_eval_metrics] Accuracy(layer_0 - estimator_1 - 3_folds.train_0.predict)=82.24%
[ 2020-01-04 20:47:36,294][kfold_wrapper.log_eval_metrics] Accuracy(layer_0 - estimator_1 - 3_folds.train_1.predict)=79.84%
[ 2020-01-04 20:47:46,581][kfold_wrapper.log_eval_metrics] Accuracy(layer_0 - estimator_1 - 3_folds.train_2.predict)=81.71%
[ 2020-01-04 20:47:47,715][kfold_wrapper.log_eval_metrics] Accuracy(layer_0 - estimator_1 - 3_folds.train_cv.predict)=81.27%
[ 2020-01-04 20:47:47,715][kfold_wrapper.log_eval_metrics] Accuracy(layer_0 - estimator_1 - 3_folds.test.predict)=85.06%
[ 2020-01-04 20:47:49,557][kfold_wrapper.log_eval_metrics] Accuracy(layer_0 - estimator_2 - 3_folds.train_0.predict)=79.15%
[ 2020-01-04 20:47:51,381][kfold_wrapper.log_eval_metrics] Accuracy(layer_0 - estimator_2 - 3_folds.train_1.predict)=80.23%
[ 2020-01-04 20:47:53,229][kfold_wrapper.log_eval_metrics] Accuracy(layer_0 - estimator_2 - 3_folds.train_2.predict)=82.49%
[ 2020-01-04 20:47:53,232][kfold_wrapper.log_eval_metrics] Accuracy(layer_0 - estimator_2 - 3_folds.train_cv.predict)=80.62%
[ 2020-01-04 20:47:53,232][kfold_wrapper.log_eval_metrics] Accuracy(layer_0 - estimator_2 - 3_folds.test.predict)=83.91%
[ 2020-01-04 20:47:53,232][cascade_classifier.calc_accuracy] Accuracy(layer_0 - train.classifier_average)=80.75%
[ 2020-01-04 20:47:53,232][cascade_classifier.calc_accuracy] Accuracy(layer_0 - test.classifier_average)=83.91%
[ 2020-01-04 20:47:53,234][cascade_classifier.fit_transform] [layer=1] look_indexs=[0], X_cur_train.shape=(774, 345), X_cur_test.shape=(87, 345)
[ 2020-01-04 20:48:02,392][kfold_wrapper.log_eval_metrics] Accuracy(layer_1 - estimator_0 - 3_folds.train_0.predict)=79.15%
[ 2020-01-04 20:48:12,606][kfold_wrapper.log_eval_metrics] Accuracy(layer_1 - estimator_0 - 3_folds.train_1.predict)=80.62%
[ 2020-01-04 20:48:22,924][kfold_wrapper.log_eval_metrics] Accuracy(layer_1 - estimator_0 - 3_folds.train_2.predict)=82.88%
[ 2020-01-04 20:48:24,055][kfold_wrapper.log_eval_metrics] Accuracy(layer_1 - estimator_0 - 3_folds.train_cv.predict)=80.88%
[ 2020-01-04 20:48:24,056][kfold_wrapper.log_eval_metrics] Accuracy(layer_1 - estimator_0 - 3_folds.test.predict)=85.06%
[ 2020-01-04 20:48:33,224][kfold_wrapper.log_eval_metrics] Accuracy(layer_1 - estimator_1 - 3_folds.train_0.predict)=84.17%
[ 2020-01-04 20:48:43,627][kfold_wrapper.log_eval_metrics] Accuracy(layer_1 - estimator_1 - 3_folds.train_1.predict)=81.40%
[ 2020-01-04 20:48:53,958][kfold_wrapper.log_eval_metrics] Accuracy(layer_1 - estimator_1 - 3_folds.train_2.predict)=77.82%
[ 2020-01-04 20:48:55,189][kfold_wrapper.log_eval_metrics] Accuracy(layer_1 - estimator_1 - 3_folds.train_cv.predict)=81.14%
[ 2020-01-04 20:48:55,189][kfold_wrapper.log_eval_metrics] Accuracy(layer_1 - estimator_1 - 3_folds.test.predict)=86.21%
[ 2020-01-04 20:48:57,047][kfold_wrapper.log_eval_metrics] Accuracy(layer_1 - estimator_2 - 3_folds.train_0.predict)=77.61%
[ 2020-01-04 20:48:58,905][kfold_wrapper.log_eval_metrics] Accuracy(layer_1 - estimator_2 - 3_folds.train_1.predict)=84.88%
[ 2020-01-04 20:49:00,818][kfold_wrapper.log_eval_metrics] Accuracy(layer_1 - estimator_2 - 3_folds.train_2.predict)=81.32%
[ 2020-01-04 20:49:00,821][kfold_wrapper.log_eval_metrics] Accuracy(layer_1 - estimator_2 - 3_folds.train_cv.predict)=81.27%
[ 2020-01-04 20:49:00,822][kfold_wrapper.log_eval_metrics] Accuracy(layer_1 - estimator_2 - 3_folds.test.predict)=86.21%
[ 2020-01-04 20:49:00,831][cascade_classifier.calc_accuracy] Accuracy(layer_1 - train.classifier_average)=82.30%
[ 2020-01-04 20:49:00,832][cascade_classifier.calc_accuracy] Accuracy(layer_1 - test.classifier_average)=85.06%
[ 2020-01-04 20:49:00,834][cascade_classifier.fit_transform] [layer=2] look_indexs=[0], X_cur_train.shape=(774, 345), X_cur_test.shape=(87, 345)
[ 2020-01-04 20:49:10,028][kfold_wrapper.log_eval_metrics] Accuracy(layer_2 - estimator_0 - 3_folds.train_0.predict)=80.69%
[ 2020-01-04 20:49:20,360][kfold_wrapper.log_eval_metrics] Accuracy(layer_2 - estimator_0 - 3_folds.train_1.predict)=83.33%
[ 2020-01-04 20:49:30,576][kfold_wrapper.log_eval_metrics] Accuracy(layer_2 - estimator_0 - 3_folds.train_2.predict)=80.93%
[ 2020-01-04 20:49:31,715][kfold_wrapper.log_eval_metrics] Accuracy(layer_2 - estimator_0 - 3_folds.train_cv.predict)=81.65%
[ 2020-01-04 20:49:31,716][kfold_wrapper.log_eval_metrics] Accuracy(layer_2 - estimator_0 - 3_folds.test.predict)=86.21%
[ 2020-01-04 20:49:40,920][kfold_wrapper.log_eval_metrics] Accuracy(layer_2 - estimator_1 - 3_folds.train_0.predict)=84.94%
[ 2020-01-04 20:49:51,361][kfold_wrapper.log_eval_metrics] Accuracy(layer_2 - estimator_1 - 3_folds.train_1.predict)=79.84%
[ 2020-01-04 20:50:01,547][kfold_wrapper.log_eval_metrics] Accuracy(layer_2 - estimator_1 - 3_folds.train_2.predict)=81.71%
[ 2020-01-04 20:50:02,690][kfold_wrapper.log_eval_metrics] Accuracy(layer_2 - estimator_1 - 3_folds.train_cv.predict)=82.17%
[ 2020-01-04 20:50:02,691][kfold_wrapper.log_eval_metrics] Accuracy(layer_2 - estimator_1 - 3_folds.test.predict)=85.06%
[ 2020-01-04 20:50:04,561][kfold_wrapper.log_eval_metrics] Accuracy(layer_2 - estimator_2 - 3_folds.train_0.predict)=77.61%
[ 2020-01-04 20:50:06,415][kfold_wrapper.log_eval_metrics] Accuracy(layer_2 - estimator_2 - 3_folds.train_1.predict)=80.62%
[ 2020-01-04 20:50:08,314][kfold_wrapper.log_eval_metrics] Accuracy(layer_2 - estimator_2 - 3_folds.train_2.predict)=80.16%
[ 2020-01-04 20:50:08,316][kfold_wrapper.log_eval_metrics] Accuracy(layer_2 - estimator_2 - 3_folds.train_cv.predict)=79.46%
[ 2020-01-04 20:50:08,316][kfold_wrapper.log_eval_metrics] Accuracy(layer_2 - estimator_2 - 3_folds.test.predict)=86.21%
[ 2020-01-04 20:50:08,316][cascade_classifier.calc_accuracy] Accuracy(layer_2 - train.classifier_average)=81.01%
[ 2020-01-04 20:50:08,323][cascade_classifier.calc_accuracy] Accuracy(layer_2 - test.classifier_average)=86.21%
[ 2020-01-04 20:50:08,324][cascade_classifier.fit_transform] [layer=3] look_indexs=[0], X_cur_train.shape=(774, 345), X_cur_test.shape=(87, 345)
[ 2020-01-04 20:50:17,618][kfold_wrapper.log_eval_metrics] Accuracy(layer_3 - estimator_0 - 3_folds.train_0.predict)=80.31%
[ 2020-01-04 20:50:27,940][kfold_wrapper.log_eval_metrics] Accuracy(layer_3 - estimator_0 - 3_folds.train_1.predict)=82.17%
[ 2020-01-04 20:50:38,317][kfold_wrapper.log_eval_metrics] Accuracy(layer_3 - estimator_0 - 3_folds.train_2.predict)=78.21%
[ 2020-01-04 20:50:39,443][kfold_wrapper.log_eval_metrics] Accuracy(layer_3 - estimator_0 - 3_folds.train_cv.predict)=80.23%
[ 2020-01-04 20:50:39,444][kfold_wrapper.log_eval_metrics] Accuracy(layer_3 - estimator_0 - 3_folds.test.predict)=85.06%
[ 2020-01-04 20:50:48,637][kfold_wrapper.log_eval_metrics] Accuracy(layer_3 - estimator_1 - 3_folds.train_0.predict)=83.78%
[ 2020-01-04 20:50:58,932][kfold_wrapper.log_eval_metrics] Accuracy(layer_3 - estimator_1 - 3_folds.train_1.predict)=80.62%
[ 2020-01-04 20:51:09,250][kfold_wrapper.log_eval_metrics] Accuracy(layer_3 - estimator_1 - 3_folds.train_2.predict)=81.71%
[ 2020-01-04 20:51:10,497][kfold_wrapper.log_eval_metrics] Accuracy(layer_3 - estimator_1 - 3_folds.train_cv.predict)=82.04%
[ 2020-01-04 20:51:10,497][kfold_wrapper.log_eval_metrics] Accuracy(layer_3 - estimator_1 - 3_folds.test.predict)=85.06%
[ 2020-01-04 20:51:12,400][kfold_wrapper.log_eval_metrics] Accuracy(layer_3 - estimator_2 - 3_folds.train_0.predict)=80.31%
[ 2020-01-04 20:51:14,252][kfold_wrapper.log_eval_metrics] Accuracy(layer_3 - estimator_2 - 3_folds.train_1.predict)=77.91%
[ 2020-01-04 20:51:16,125][kfold_wrapper.log_eval_metrics] Accuracy(layer_3 - estimator_2 - 3_folds.train_2.predict)=83.66%
[ 2020-01-04 20:51:16,127][kfold_wrapper.log_eval_metrics] Accuracy(layer_3 - estimator_2 - 3_folds.train_cv.predict)=80.62%
[ 2020-01-04 20:51:16,127][kfold_wrapper.log_eval_metrics] Accuracy(layer_3 - estimator_2 - 3_folds.test.predict)=86.21%
[ 2020-01-04 20:51:16,128][cascade_classifier.calc_accuracy] Accuracy(layer_3 - train.classifier_average)=81.65%
[ 2020-01-04 20:51:16,128][cascade_classifier.calc_accuracy] Accuracy(layer_3 - test.classifier_average)=85.06%
[ 2020-01-04 20:51:16,129][cascade_classifier.fit_transform] [layer=4] look_indexs=[0], X_cur_train.shape=(774, 345), X_cur_test.shape=(87, 345)
[ 2020-01-04 20:51:25,378][kfold_wrapper.log_eval_metrics] Accuracy(layer_4 - estimator_0 - 3_folds.train_0.predict)=80.69%
[ 2020-01-04 20:51:35,674][kfold_wrapper.log_eval_metrics] Accuracy(layer_4 - estimator_0 - 3_folds.train_1.predict)=81.78%
[ 2020-01-04 20:51:45,955][kfold_wrapper.log_eval_metrics] Accuracy(layer_4 - estimator_0 - 3_folds.train_2.predict)=82.10%
[ 2020-01-04 20:51:47,178][kfold_wrapper.log_eval_metrics] Accuracy(layer_4 - estimator_0 - 3_folds.train_cv.predict)=81.52%
[ 2020-01-04 20:51:47,179][kfold_wrapper.log_eval_metrics] Accuracy(layer_4 - estimator_0 - 3_folds.test.predict)=85.06%
[ 2020-01-04 20:51:56,352][kfold_wrapper.log_eval_metrics] Accuracy(layer_4 - estimator_1 - 3_folds.train_0.predict)=81.47%
[ 2020-01-04 20:52:06,658][kfold_wrapper.log_eval_metrics] Accuracy(layer_4 - estimator_1 - 3_folds.train_1.predict)=82.95%
[ 2020-01-04 20:52:16,953][kfold_wrapper.log_eval_metrics] Accuracy(layer_4 - estimator_1 - 3_folds.train_2.predict)=81.71%
[ 2020-01-04 20:52:18,088][kfold_wrapper.log_eval_metrics] Accuracy(layer_4 - estimator_1 - 3_folds.train_cv.predict)=82.04%
[ 2020-01-04 20:52:18,088][kfold_wrapper.log_eval_metrics] Accuracy(layer_4 - estimator_1 - 3_folds.test.predict)=85.06%
[ 2020-01-04 20:52:19,952][kfold_wrapper.log_eval_metrics] Accuracy(layer_4 - estimator_2 - 3_folds.train_0.predict)=78.76%
[ 2020-01-04 20:52:21,860][kfold_wrapper.log_eval_metrics] Accuracy(layer_4 - estimator_2 - 3_folds.train_1.predict)=80.23%
[ 2020-01-04 20:52:23,757][kfold_wrapper.log_eval_metrics] Accuracy(layer_4 - estimator_2 - 3_folds.train_2.predict)=77.43%
[ 2020-01-04 20:52:23,759][kfold_wrapper.log_eval_metrics] Accuracy(layer_4 - estimator_2 - 3_folds.train_cv.predict)=78.81%
[ 2020-01-04 20:52:23,759][kfold_wrapper.log_eval_metrics] Accuracy(layer_4 - estimator_2 - 3_folds.test.predict)=87.36%
[ 2020-01-04 20:52:23,760][cascade_classifier.calc_accuracy] Accuracy(layer_4 - train.classifier_average)=81.52%
[ 2020-01-04 20:52:23,760][cascade_classifier.calc_accuracy] Accuracy(layer_4 - test.classifier_average)=83.91%
[ 2020-01-04 20:52:23,760][cascade_classifier.fit_transform] [Result][Optimal Level Detected] opt_layer_num=2, accuracy_train=82.30%, accuracy_test=85.06%
[ 2020-01-04 20:52:23,873][cascade_classifier.transform] X_groups_test.shape=[(87, 339)]
[ 2020-01-04 20:52:23,874][cascade_classifier.transform] group_dims=[339]
[ 2020-01-04 20:52:23,874][cascade_classifier.transform] X_test.shape=(87, 339)
[ 2020-01-04 20:52:23,875][cascade_classifier.transform] [layer=0] look_indexs=[0], X_cur_test.shape=(87, 339)
[ 2020-01-04 20:52:30,959][cascade_classifier.transform] [layer=1] look_indexs=[0], X_cur_test.shape=(87, 345)
[ 2020-01-04 20:52:37,881][cascade_classifier.transform] X_groups_test.shape=[(87, 339)]
[ 2020-01-04 20:52:37,881][cascade_classifier.transform] group_dims=[339]
[ 2020-01-04 20:52:37,881][cascade_classifier.transform] X_test.shape=(87, 339)
[ 2020-01-04 20:52:37,887][cascade_classifier.transform] [layer=0] look_indexs=[0], X_cur_test.shape=(87, 339)
[ 2020-01-04 20:52:44,698][cascade_classifier.transform] [layer=1] look_indexs=[0], X_cur_test.shape=(87, 345)
[ 2020-01-04 20:54:08,858][cascade_classifier.fit_transform] X_groups_train.shape=[(774, 339)],y_train.shape=(774,),X_groups_test.shape=[(87, 339)],y_test.shape=(87,)
[ 2020-01-04 20:54:08,860][cascade_classifier.fit_transform] group_dims=[339]
[ 2020-01-04 20:54:08,861][cascade_classifier.fit_transform] group_starts=[0]
[ 2020-01-04 20:54:08,862][cascade_classifier.fit_transform] group_ends=[339]
[ 2020-01-04 20:54:08,862][cascade_classifier.fit_transform] X_train.shape=(774, 339),X_test.shape=(87, 339)
[ 2020-01-04 20:54:08,863][cascade_classifier.fit_transform] [layer=0] look_indexs=[0], X_cur_train.shape=(774, 339), X_cur_test.shape=(87, 339)
[ 2020-01-04 20:54:18,084][kfold_wrapper.log_eval_metrics] Accuracy(layer_0 - estimator_0 - 3_folds.train_0.predict)=82.63%
[ 2020-01-04 20:54:28,388][kfold_wrapper.log_eval_metrics] Accuracy(layer_0 - estimator_0 - 3_folds.train_1.predict)=79.46%
[ 2020-01-04 20:54:38,799][kfold_wrapper.log_eval_metrics] Accuracy(layer_0 - estimator_0 - 3_folds.train_2.predict)=82.88%
[ 2020-01-04 20:54:39,938][kfold_wrapper.log_eval_metrics] Accuracy(layer_0 - estimator_0 - 3_folds.train_cv.predict)=81.65%
[ 2020-01-04 20:54:39,939][kfold_wrapper.log_eval_metrics] Accuracy(layer_0 - estimator_0 - 3_folds.test.predict)=85.06%
[ 2020-01-04 20:54:49,208][kfold_wrapper.log_eval_metrics] Accuracy(layer_0 - estimator_1 - 3_folds.train_0.predict)=80.69%
[ 2020-01-04 20:54:59,601][kfold_wrapper.log_eval_metrics] Accuracy(layer_0 - estimator_1 - 3_folds.train_1.predict)=82.95%
[ 2020-01-04 20:55:09,878][kfold_wrapper.log_eval_metrics] Accuracy(layer_0 - estimator_1 - 3_folds.train_2.predict)=81.32%
[ 2020-01-04 20:55:11,013][kfold_wrapper.log_eval_metrics] Accuracy(layer_0 - estimator_1 - 3_folds.train_cv.predict)=81.65%
[ 2020-01-04 20:55:11,014][kfold_wrapper.log_eval_metrics] Accuracy(layer_0 - estimator_1 - 3_folds.test.predict)=85.06%
[ 2020-01-04 20:55:12,857][kfold_wrapper.log_eval_metrics] Accuracy(layer_0 - estimator_2 - 3_folds.train_0.predict)=78.76%
[ 2020-01-04 20:55:14,688][kfold_wrapper.log_eval_metrics] Accuracy(layer_0 - estimator_2 - 3_folds.train_1.predict)=80.23%
[ 2020-01-04 20:55:16,690][kfold_wrapper.log_eval_metrics] Accuracy(layer_0 - estimator_2 - 3_folds.train_2.predict)=83.66%
[ 2020-01-04 20:55:16,692][kfold_wrapper.log_eval_metrics] Accuracy(layer_0 - estimator_2 - 3_folds.train_cv.predict)=80.88%
[ 2020-01-04 20:55:16,692][kfold_wrapper.log_eval_metrics] Accuracy(layer_0 - estimator_2 - 3_folds.test.predict)=83.91%
[ 2020-01-04 20:55:16,693][cascade_classifier.calc_accuracy] Accuracy(layer_0 - train.classifier_average)=81.40%
[ 2020-01-04 20:55:16,693][cascade_classifier.calc_accuracy] Accuracy(layer_0 - test.classifier_average)=82.76%
[ 2020-01-04 20:55:16,695][cascade_classifier.fit_transform] [layer=1] look_indexs=[0], X_cur_train.shape=(774, 345), X_cur_test.shape=(87, 345)
[ 2020-01-04 20:55:25,983][kfold_wrapper.log_eval_metrics] Accuracy(layer_1 - estimator_0 - 3_folds.train_0.predict)=80.31%
[ 2020-01-04 20:55:36,363][kfold_wrapper.log_eval_metrics] Accuracy(layer_1 - estimator_0 - 3_folds.train_1.predict)=80.23%
[ 2020-01-04 20:55:46,800][kfold_wrapper.log_eval_metrics] Accuracy(layer_1 - estimator_0 - 3_folds.train_2.predict)=83.27%
[ 2020-01-04 20:55:47,933][kfold_wrapper.log_eval_metrics] Accuracy(layer_1 - estimator_0 - 3_folds.train_cv.predict)=81.27%
[ 2020-01-04 20:55:47,934][kfold_wrapper.log_eval_metrics] Accuracy(layer_1 - estimator_0 - 3_folds.test.predict)=85.06%
[ 2020-01-04 20:55:57,114][kfold_wrapper.log_eval_metrics] Accuracy(layer_1 - estimator_1 - 3_folds.train_0.predict)=79.54%
[ 2020-01-04 20:56:07,429][kfold_wrapper.log_eval_metrics] Accuracy(layer_1 - estimator_1 - 3_folds.train_1.predict)=81.78%
[ 2020-01-04 20:56:17,621][kfold_wrapper.log_eval_metrics] Accuracy(layer_1 - estimator_1 - 3_folds.train_2.predict)=82.49%
[ 2020-01-04 20:56:18,747][kfold_wrapper.log_eval_metrics] Accuracy(layer_1 - estimator_1 - 3_folds.train_cv.predict)=81.27%
[ 2020-01-04 20:56:18,748][kfold_wrapper.log_eval_metrics] Accuracy(layer_1 - estimator_1 - 3_folds.test.predict)=85.06%
[ 2020-01-04 20:56:20,611][kfold_wrapper.log_eval_metrics] Accuracy(layer_1 - estimator_2 - 3_folds.train_0.predict)=76.83%
[ 2020-01-04 20:56:22,486][kfold_wrapper.log_eval_metrics] Accuracy(layer_1 - estimator_2 - 3_folds.train_1.predict)=81.40%
[ 2020-01-04 20:56:24,343][kfold_wrapper.log_eval_metrics] Accuracy(layer_1 - estimator_2 - 3_folds.train_2.predict)=80.54%
[ 2020-01-04 20:56:24,345][kfold_wrapper.log_eval_metrics] Accuracy(layer_1 - estimator_2 - 3_folds.train_cv.predict)=79.59%
[ 2020-01-04 20:56:24,346][kfold_wrapper.log_eval_metrics] Accuracy(layer_1 - estimator_2 - 3_folds.test.predict)=86.21%
[ 2020-01-04 20:56:24,346][cascade_classifier.calc_accuracy] Accuracy(layer_1 - train.classifier_average)=81.40%
[ 2020-01-04 20:56:24,352][cascade_classifier.calc_accuracy] Accuracy(layer_1 - test.classifier_average)=85.06%
[ 2020-01-04 20:56:24,354][cascade_classifier.fit_transform] [layer=2] look_indexs=[0], X_cur_train.shape=(774, 345), X_cur_test.shape=(87, 345)
[ 2020-01-04 20:56:33,566][kfold_wrapper.log_eval_metrics] Accuracy(layer_2 - estimator_0 - 3_folds.train_0.predict)=82.24%
[ 2020-01-04 20:56:43,889][kfold_wrapper.log_eval_metrics] Accuracy(layer_2 - estimator_0 - 3_folds.train_1.predict)=81.78%
[ 2020-01-04 20:56:54,150][kfold_wrapper.log_eval_metrics] Accuracy(layer_2 - estimator_0 - 3_folds.train_2.predict)=82.10%
[ 2020-01-04 20:56:55,282][kfold_wrapper.log_eval_metrics] Accuracy(layer_2 - estimator_0 - 3_folds.train_cv.predict)=82.04%
[ 2020-01-04 20:56:55,283][kfold_wrapper.log_eval_metrics] Accuracy(layer_2 - estimator_0 - 3_folds.test.predict)=85.06%
[ 2020-01-04 20:57:04,459][kfold_wrapper.log_eval_metrics] Accuracy(layer_2 - estimator_1 - 3_folds.train_0.predict)=81.85%
[ 2020-01-04 20:57:14,657][kfold_wrapper.log_eval_metrics] Accuracy(layer_2 - estimator_1 - 3_folds.train_1.predict)=77.52%
[ 2020-01-04 20:57:25,122][kfold_wrapper.log_eval_metrics] Accuracy(layer_2 - estimator_1 - 3_folds.train_2.predict)=85.60%
[ 2020-01-04 20:57:26,351][kfold_wrapper.log_eval_metrics] Accuracy(layer_2 - estimator_1 - 3_folds.train_cv.predict)=81.65%
[ 2020-01-04 20:57:26,352][kfold_wrapper.log_eval_metrics] Accuracy(layer_2 - estimator_1 - 3_folds.test.predict)=85.06%
[ 2020-01-04 20:57:28,225][kfold_wrapper.log_eval_metrics] Accuracy(layer_2 - estimator_2 - 3_folds.train_0.predict)=83.78%
[ 2020-01-04 20:57:30,121][kfold_wrapper.log_eval_metrics] Accuracy(layer_2 - estimator_2 - 3_folds.train_1.predict)=77.91%
[ 2020-01-04 20:57:31,998][kfold_wrapper.log_eval_metrics] Accuracy(layer_2 - estimator_2 - 3_folds.train_2.predict)=75.88%
[ 2020-01-04 20:57:32,001][kfold_wrapper.log_eval_metrics] Accuracy(layer_2 - estimator_2 - 3_folds.train_cv.predict)=79.20%
[ 2020-01-04 20:57:32,001][kfold_wrapper.log_eval_metrics] Accuracy(layer_2 - estimator_2 - 3_folds.test.predict)=86.21%
[ 2020-01-04 20:57:32,002][cascade_classifier.calc_accuracy] Accuracy(layer_2 - train.classifier_average)=81.40%
[ 2020-01-04 20:57:32,002][cascade_classifier.calc_accuracy] Accuracy(layer_2 - test.classifier_average)=86.21%
[ 2020-01-04 20:57:32,004][cascade_classifier.fit_transform] [layer=3] look_indexs=[0], X_cur_train.shape=(774, 345), X_cur_test.shape=(87, 345)
[ 2020-01-04 20:57:41,222][kfold_wrapper.log_eval_metrics] Accuracy(layer_3 - estimator_0 - 3_folds.train_0.predict)=78.38%
[ 2020-01-04 20:57:51,555][kfold_wrapper.log_eval_metrics] Accuracy(layer_3 - estimator_0 - 3_folds.train_1.predict)=81.40%
[ 2020-01-04 20:58:01,974][kfold_wrapper.log_eval_metrics] Accuracy(layer_3 - estimator_0 - 3_folds.train_2.predict)=84.44%
[ 2020-01-04 20:58:03,106][kfold_wrapper.log_eval_metrics] Accuracy(layer_3 - estimator_0 - 3_folds.train_cv.predict)=81.40%
[ 2020-01-04 20:58:03,106][kfold_wrapper.log_eval_metrics] Accuracy(layer_3 - estimator_0 - 3_folds.test.predict)=86.21%
[ 2020-01-04 20:58:12,307][kfold_wrapper.log_eval_metrics] Accuracy(layer_3 - estimator_1 - 3_folds.train_0.predict)=81.08%
[ 2020-01-04 20:58:22,705][kfold_wrapper.log_eval_metrics] Accuracy(layer_3 - estimator_1 - 3_folds.train_1.predict)=77.52%
[ 2020-01-04 20:58:32,940][kfold_wrapper.log_eval_metrics] Accuracy(layer_3 - estimator_1 - 3_folds.train_2.predict)=82.88%
[ 2020-01-04 20:58:34,083][kfold_wrapper.log_eval_metrics] Accuracy(layer_3 - estimator_1 - 3_folds.train_cv.predict)=80.49%
[ 2020-01-04 20:58:34,084][kfold_wrapper.log_eval_metrics] Accuracy(layer_3 - estimator_1 - 3_folds.test.predict)=86.21%
[ 2020-01-04 20:58:35,967][kfold_wrapper.log_eval_metrics] Accuracy(layer_3 - estimator_2 - 3_folds.train_0.predict)=84.17%
[ 2020-01-04 20:58:37,888][kfold_wrapper.log_eval_metrics] Accuracy(layer_3 - estimator_2 - 3_folds.train_1.predict)=77.91%
[ 2020-01-04 20:58:39,815][kfold_wrapper.log_eval_metrics] Accuracy(layer_3 - estimator_2 - 3_folds.train_2.predict)=80.54%
[ 2020-01-04 20:58:39,817][kfold_wrapper.log_eval_metrics] Accuracy(layer_3 - estimator_2 - 3_folds.train_cv.predict)=80.88%
[ 2020-01-04 20:58:39,818][kfold_wrapper.log_eval_metrics] Accuracy(layer_3 - estimator_2 - 3_folds.test.predict)=87.36%
[ 2020-01-04 20:58:39,818][cascade_classifier.calc_accuracy] Accuracy(layer_3 - train.classifier_average)=81.27%
[ 2020-01-04 20:58:39,818][cascade_classifier.calc_accuracy] Accuracy(layer_3 - test.classifier_average)=85.06%
[ 2020-01-04 20:58:39,819][cascade_classifier.fit_transform] [Result][Optimal Level Detected] opt_layer_num=1, accuracy_train=81.40%, accuracy_test=82.76%
[ 2020-01-04 20:58:39,924][cascade_classifier.transform] X_groups_test.shape=[(87, 339)]
[ 2020-01-04 20:58:39,924][cascade_classifier.transform] group_dims=[339]
[ 2020-01-04 20:58:39,924][cascade_classifier.transform] X_test.shape=(87, 339)
[ 2020-01-04 20:58:39,925][cascade_classifier.transform] [layer=0] look_indexs=[0], X_cur_test.shape=(87, 339)
[ 2020-01-04 20:58:46,814][cascade_classifier.transform] X_groups_test.shape=[(87, 339)]
[ 2020-01-04 20:58:46,815][cascade_classifier.transform] group_dims=[339]
[ 2020-01-04 20:58:46,815][cascade_classifier.transform] X_test.shape=(87, 339)
[ 2020-01-04 20:58:46,815][cascade_classifier.transform] [layer=0] look_indexs=[0], X_cur_test.shape=(87, 339)
[ 2020-01-04 20:59:33,053][cascade_classifier.fit_transform] X_groups_train.shape=[(774, 339)],y_train.shape=(774,),X_groups_test.shape=[(87, 339)],y_test.shape=(87,)
[ 2020-01-04 20:59:33,055][cascade_classifier.fit_transform] group_dims=[339]
[ 2020-01-04 20:59:33,055][cascade_classifier.fit_transform] group_starts=[0]
[ 2020-01-04 20:59:33,056][cascade_classifier.fit_transform] group_ends=[339]
[ 2020-01-04 20:59:33,056][cascade_classifier.fit_transform] X_train.shape=(774, 339),X_test.shape=(87, 339)
[ 2020-01-04 20:59:33,057][cascade_classifier.fit_transform] [layer=0] look_indexs=[0], X_cur_train.shape=(774, 339), X_cur_test.shape=(87, 339)
[ 2020-01-04 20:59:42,393][kfold_wrapper.log_eval_metrics] Accuracy(layer_0 - estimator_0 - 3_folds.train_0.predict)=79.92%
[ 2020-01-04 20:59:52,727][kfold_wrapper.log_eval_metrics] Accuracy(layer_0 - estimator_0 - 3_folds.train_1.predict)=82.56%
[ 2020-01-04 21:00:03,130][kfold_wrapper.log_eval_metrics] Accuracy(layer_0 - estimator_0 - 3_folds.train_2.predict)=82.49%
[ 2020-01-04 21:00:04,264][kfold_wrapper.log_eval_metrics] Accuracy(layer_0 - estimator_0 - 3_folds.train_cv.predict)=81.65%
[ 2020-01-04 21:00:04,265][kfold_wrapper.log_eval_metrics] Accuracy(layer_0 - estimator_0 - 3_folds.test.predict)=85.06%
[ 2020-01-04 21:00:13,423][kfold_wrapper.log_eval_metrics] Accuracy(layer_0 - estimator_1 - 3_folds.train_0.predict)=80.69%
[ 2020-01-04 21:00:23,853][kfold_wrapper.log_eval_metrics] Accuracy(layer_0 - estimator_1 - 3_folds.train_1.predict)=77.91%
[ 2020-01-04 21:00:34,560][kfold_wrapper.log_eval_metrics] Accuracy(layer_0 - estimator_1 - 3_folds.train_2.predict)=82.49%
[ 2020-01-04 21:00:35,711][kfold_wrapper.log_eval_metrics] Accuracy(layer_0 - estimator_1 - 3_folds.train_cv.predict)=80.36%
[ 2020-01-04 21:00:35,711][kfold_wrapper.log_eval_metrics] Accuracy(layer_0 - estimator_1 - 3_folds.test.predict)=85.06%
[ 2020-01-04 21:00:37,616][kfold_wrapper.log_eval_metrics] Accuracy(layer_0 - estimator_2 - 3_folds.train_0.predict)=80.31%
[ 2020-01-04 21:00:39,510][kfold_wrapper.log_eval_metrics] Accuracy(layer_0 - estimator_2 - 3_folds.train_1.predict)=80.62%
[ 2020-01-04 21:00:41,443][kfold_wrapper.log_eval_metrics] Accuracy(layer_0 - estimator_2 - 3_folds.train_2.predict)=78.21%
[ 2020-01-04 21:00:41,445][kfold_wrapper.log_eval_metrics] Accuracy(layer_0 - estimator_2 - 3_folds.train_cv.predict)=79.72%
[ 2020-01-04 21:00:41,446][kfold_wrapper.log_eval_metrics] Accuracy(layer_0 - estimator_2 - 3_folds.test.predict)=87.36%
[ 2020-01-04 21:00:41,446][cascade_classifier.calc_accuracy] Accuracy(layer_0 - train.classifier_average)=81.40%
[ 2020-01-04 21:00:41,446][cascade_classifier.calc_accuracy] Accuracy(layer_0 - test.classifier_average)=85.06%
[ 2020-01-04 21:00:41,448][cascade_classifier.fit_transform] [layer=1] look_indexs=[0], X_cur_train.shape=(774, 345), X_cur_test.shape=(87, 345)
[ 2020-01-04 21:00:50,640][kfold_wrapper.log_eval_metrics] Accuracy(layer_1 - estimator_0 - 3_folds.train_0.predict)=79.54%
[ 2020-01-04 21:01:00,955][kfold_wrapper.log_eval_metrics] Accuracy(layer_1 - estimator_0 - 3_folds.train_1.predict)=81.01%
[ 2020-01-04 21:01:11,256][kfold_wrapper.log_eval_metrics] Accuracy(layer_1 - estimator_0 - 3_folds.train_2.predict)=81.32%
[ 2020-01-04 21:01:12,402][kfold_wrapper.log_eval_metrics] Accuracy(layer_1 - estimator_0 - 3_folds.train_cv.predict)=80.62%
[ 2020-01-04 21:01:12,403][kfold_wrapper.log_eval_metrics] Accuracy(layer_1 - estimator_0 - 3_folds.test.predict)=86.21%
[ 2020-01-04 21:01:21,502][kfold_wrapper.log_eval_metrics] Accuracy(layer_1 - estimator_1 - 3_folds.train_0.predict)=82.63%
[ 2020-01-04 21:01:31,878][kfold_wrapper.log_eval_metrics] Accuracy(layer_1 - estimator_1 - 3_folds.train_1.predict)=80.62%
[ 2020-01-04 21:01:42,161][kfold_wrapper.log_eval_metrics] Accuracy(layer_1 - estimator_1 - 3_folds.train_2.predict)=82.49%
[ 2020-01-04 21:01:43,306][kfold_wrapper.log_eval_metrics] Accuracy(layer_1 - estimator_1 - 3_folds.train_cv.predict)=81.91%
[ 2020-01-04 21:01:43,307][kfold_wrapper.log_eval_metrics] Accuracy(layer_1 - estimator_1 - 3_folds.test.predict)=86.21%
[ 2020-01-04 21:01:45,182][kfold_wrapper.log_eval_metrics] Accuracy(layer_1 - estimator_2 - 3_folds.train_0.predict)=80.69%
[ 2020-01-04 21:01:47,038][kfold_wrapper.log_eval_metrics] Accuracy(layer_1 - estimator_2 - 3_folds.train_1.predict)=77.13%
[ 2020-01-04 21:01:48,919][kfold_wrapper.log_eval_metrics] Accuracy(layer_1 - estimator_2 - 3_folds.train_2.predict)=81.32%
[ 2020-01-04 21:01:48,922][kfold_wrapper.log_eval_metrics] Accuracy(layer_1 - estimator_2 - 3_folds.train_cv.predict)=79.72%
[ 2020-01-04 21:01:48,922][kfold_wrapper.log_eval_metrics] Accuracy(layer_1 - estimator_2 - 3_folds.test.predict)=83.91%
[ 2020-01-04 21:01:48,922][cascade_classifier.calc_accuracy] Accuracy(layer_1 - train.classifier_average)=81.65%
[ 2020-01-04 21:01:48,922][cascade_classifier.calc_accuracy] Accuracy(layer_1 - test.classifier_average)=86.21%
[ 2020-01-04 21:01:48,925][cascade_classifier.fit_transform] [layer=2] look_indexs=[0], X_cur_train.shape=(774, 345), X_cur_test.shape=(87, 345)
[ 2020-01-04 21:01:58,101][kfold_wrapper.log_eval_metrics] Accuracy(layer_2 - estimator_0 - 3_folds.train_0.predict)=78.76%
[ 2020-01-04 21:02:08,659][kfold_wrapper.log_eval_metrics] Accuracy(layer_2 - estimator_0 - 3_folds.train_1.predict)=83.72%
[ 2020-01-04 21:02:18,972][kfold_wrapper.log_eval_metrics] Accuracy(layer_2 - estimator_0 - 3_folds.train_2.predict)=81.32%
[ 2020-01-04 21:02:20,107][kfold_wrapper.log_eval_metrics] Accuracy(layer_2 - estimator_0 - 3_folds.train_cv.predict)=81.27%
[ 2020-01-04 21:02:20,108][kfold_wrapper.log_eval_metrics] Accuracy(layer_2 - estimator_0 - 3_folds.test.predict)=86.21%
[ 2020-01-04 21:02:29,305][kfold_wrapper.log_eval_metrics] Accuracy(layer_2 - estimator_1 - 3_folds.train_0.predict)=82.63%
[ 2020-01-04 21:02:39,713][kfold_wrapper.log_eval_metrics] Accuracy(layer_2 - estimator_1 - 3_folds.train_1.predict)=82.95%
[ 2020-01-04 21:02:50,018][kfold_wrapper.log_eval_metrics] Accuracy(layer_2 - estimator_1 - 3_folds.train_2.predict)=79.38%
[ 2020-01-04 21:02:51,252][kfold_wrapper.log_eval_metrics] Accuracy(layer_2 - estimator_1 - 3_folds.train_cv.predict)=81.65%
[ 2020-01-04 21:02:51,252][kfold_wrapper.log_eval_metrics] Accuracy(layer_2 - estimator_1 - 3_folds.test.predict)=86.21%
[ 2020-01-04 21:02:53,162][kfold_wrapper.log_eval_metrics] Accuracy(layer_2 - estimator_2 - 3_folds.train_0.predict)=79.54%
[ 2020-01-04 21:02:55,024][kfold_wrapper.log_eval_metrics] Accuracy(layer_2 - estimator_2 - 3_folds.train_1.predict)=78.68%
[ 2020-01-04 21:02:56,895][kfold_wrapper.log_eval_metrics] Accuracy(layer_2 - estimator_2 - 3_folds.train_2.predict)=74.71%
[ 2020-01-04 21:02:56,897][kfold_wrapper.log_eval_metrics] Accuracy(layer_2 - estimator_2 - 3_folds.train_cv.predict)=77.65%
[ 2020-01-04 21:02:56,897][kfold_wrapper.log_eval_metrics] Accuracy(layer_2 - estimator_2 - 3_folds.test.predict)=85.06%
[ 2020-01-04 21:02:56,898][cascade_classifier.calc_accuracy] Accuracy(layer_2 - train.classifier_average)=80.36%
[ 2020-01-04 21:02:56,898][cascade_classifier.calc_accuracy] Accuracy(layer_2 - test.classifier_average)=85.06%
[ 2020-01-04 21:02:56,899][cascade_classifier.fit_transform] [layer=3] look_indexs=[0], X_cur_train.shape=(774, 345), X_cur_test.shape=(87, 345)
[ 2020-01-04 21:03:06,001][kfold_wrapper.log_eval_metrics] Accuracy(layer_3 - estimator_0 - 3_folds.train_0.predict)=81.85%
[ 2020-01-04 21:03:16,329][kfold_wrapper.log_eval_metrics] Accuracy(layer_3 - estimator_0 - 3_folds.train_1.predict)=82.17%
[ 2020-01-04 21:03:26,643][kfold_wrapper.log_eval_metrics] Accuracy(layer_3 - estimator_0 - 3_folds.train_2.predict)=81.71%
[ 2020-01-04 21:03:27,881][kfold_wrapper.log_eval_metrics] Accuracy(layer_3 - estimator_0 - 3_folds.train_cv.predict)=81.91%
[ 2020-01-04 21:03:27,882][kfold_wrapper.log_eval_metrics] Accuracy(layer_3 - estimator_0 - 3_folds.test.predict)=86.21%
[ 2020-01-04 21:03:37,060][kfold_wrapper.log_eval_metrics] Accuracy(layer_3 - estimator_1 - 3_folds.train_0.predict)=82.24%
[ 2020-01-04 21:03:47,359][kfold_wrapper.log_eval_metrics] Accuracy(layer_3 - estimator_1 - 3_folds.train_1.predict)=77.91%
[ 2020-01-04 21:03:57,633][kfold_wrapper.log_eval_metrics] Accuracy(layer_3 - estimator_1 - 3_folds.train_2.predict)=82.49%
[ 2020-01-04 21:03:58,775][kfold_wrapper.log_eval_metrics] Accuracy(layer_3 - estimator_1 - 3_folds.train_cv.predict)=80.88%
[ 2020-01-04 21:03:58,775][kfold_wrapper.log_eval_metrics] Accuracy(layer_3 - estimator_1 - 3_folds.test.predict)=86.21%
[ 2020-01-04 21:04:00,673][kfold_wrapper.log_eval_metrics] Accuracy(layer_3 - estimator_2 - 3_folds.train_0.predict)=80.69%
[ 2020-01-04 21:04:02,545][kfold_wrapper.log_eval_metrics] Accuracy(layer_3 - estimator_2 - 3_folds.train_1.predict)=74.03%
[ 2020-01-04 21:04:04,418][kfold_wrapper.log_eval_metrics] Accuracy(layer_3 - estimator_2 - 3_folds.train_2.predict)=81.71%
[ 2020-01-04 21:04:04,420][kfold_wrapper.log_eval_metrics] Accuracy(layer_3 - estimator_2 - 3_folds.train_cv.predict)=78.81%
[ 2020-01-04 21:04:04,420][kfold_wrapper.log_eval_metrics] Accuracy(layer_3 - estimator_2 - 3_folds.test.predict)=86.21%
[ 2020-01-04 21:04:04,421][cascade_classifier.calc_accuracy] Accuracy(layer_3 - train.classifier_average)=81.40%
[ 2020-01-04 21:04:04,421][cascade_classifier.calc_accuracy] Accuracy(layer_3 - test.classifier_average)=86.21%
[ 2020-01-04 21:04:04,422][cascade_classifier.fit_transform] [layer=4] look_indexs=[0], X_cur_train.shape=(774, 345), X_cur_test.shape=(87, 345)
[ 2020-01-04 21:04:13,626][kfold_wrapper.log_eval_metrics] Accuracy(layer_4 - estimator_0 - 3_folds.train_0.predict)=78.38%
[ 2020-01-04 21:04:23,937][kfold_wrapper.log_eval_metrics] Accuracy(layer_4 - estimator_0 - 3_folds.train_1.predict)=83.33%
[ 2020-01-04 21:04:34,351][kfold_wrapper.log_eval_metrics] Accuracy(layer_4 - estimator_0 - 3_folds.train_2.predict)=78.99%
[ 2020-01-04 21:04:35,486][kfold_wrapper.log_eval_metrics] Accuracy(layer_4 - estimator_0 - 3_folds.train_cv.predict)=80.23%
[ 2020-01-04 21:04:35,486][kfold_wrapper.log_eval_metrics] Accuracy(layer_4 - estimator_0 - 3_folds.test.predict)=86.21%
[ 2020-01-04 21:04:44,708][kfold_wrapper.log_eval_metrics] Accuracy(layer_4 - estimator_1 - 3_folds.train_0.predict)=83.78%
[ 2020-01-04 21:04:55,023][kfold_wrapper.log_eval_metrics] Accuracy(layer_4 - estimator_1 - 3_folds.train_1.predict)=78.29%
[ 2020-01-04 21:05:05,458][kfold_wrapper.log_eval_metrics] Accuracy(layer_4 - estimator_1 - 3_folds.train_2.predict)=80.16%
[ 2020-01-04 21:05:06,702][kfold_wrapper.log_eval_metrics] Accuracy(layer_4 - estimator_1 - 3_folds.train_cv.predict)=80.75%
[ 2020-01-04 21:05:06,703][kfold_wrapper.log_eval_metrics] Accuracy(layer_4 - estimator_1 - 3_folds.test.predict)=85.06%
[ 2020-01-04 21:05:08,581][kfold_wrapper.log_eval_metrics] Accuracy(layer_4 - estimator_2 - 3_folds.train_0.predict)=77.99%
[ 2020-01-04 21:05:10,451][kfold_wrapper.log_eval_metrics] Accuracy(layer_4 - estimator_2 - 3_folds.train_1.predict)=81.78%
[ 2020-01-04 21:05:12,380][kfold_wrapper.log_eval_metrics] Accuracy(layer_4 - estimator_2 - 3_folds.train_2.predict)=79.38%
[ 2020-01-04 21:05:12,382][kfold_wrapper.log_eval_metrics] Accuracy(layer_4 - estimator_2 - 3_folds.train_cv.predict)=79.72%
[ 2020-01-04 21:05:12,383][kfold_wrapper.log_eval_metrics] Accuracy(layer_4 - estimator_2 - 3_folds.test.predict)=86.21%
[ 2020-01-04 21:05:12,383][cascade_classifier.calc_accuracy] Accuracy(layer_4 - train.classifier_average)=80.88%
[ 2020-01-04 21:05:12,383][cascade_classifier.calc_accuracy] Accuracy(layer_4 - test.classifier_average)=83.91%
[ 2020-01-04 21:05:12,384][cascade_classifier.fit_transform] [Result][Optimal Level Detected] opt_layer_num=2, accuracy_train=81.65%, accuracy_test=86.21%
[ 2020-01-04 21:05:12,492][cascade_classifier.transform] X_groups_test.shape=[(87, 339)]
[ 2020-01-04 21:05:12,493][cascade_classifier.transform] group_dims=[339]
[ 2020-01-04 21:05:12,493][cascade_classifier.transform] X_test.shape=(87, 339)
[ 2020-01-04 21:05:12,493][cascade_classifier.transform] [layer=0] look_indexs=[0], X_cur_test.shape=(87, 339)
[ 2020-01-04 21:05:19,303][cascade_classifier.transform] [layer=1] look_indexs=[0], X_cur_test.shape=(87, 345)
[ 2020-01-04 21:05:26,299][cascade_classifier.transform] X_groups_test.shape=[(87, 339)]
[ 2020-01-04 21:05:26,299][cascade_classifier.transform] group_dims=[339]
[ 2020-01-04 21:05:26,300][cascade_classifier.transform] X_test.shape=(87, 339)
[ 2020-01-04 21:05:26,300][cascade_classifier.transform] [layer=0] look_indexs=[0], X_cur_test.shape=(87, 339)
[ 2020-01-04 21:05:33,301][cascade_classifier.transform] [layer=1] look_indexs=[0], X_cur_test.shape=(87, 345)
[ 2020-01-04 21:06:58,035][cascade_classifier.fit_transform] X_groups_train.shape=[(774, 339)],y_train.shape=(774,),X_groups_test.shape=[(87, 339)],y_test.shape=(87,)
[ 2020-01-04 21:06:58,037][cascade_classifier.fit_transform] group_dims=[339]
[ 2020-01-04 21:06:58,037][cascade_classifier.fit_transform] group_starts=[0]
[ 2020-01-04 21:06:58,038][cascade_classifier.fit_transform] group_ends=[339]
[ 2020-01-04 21:06:58,038][cascade_classifier.fit_transform] X_train.shape=(774, 339),X_test.shape=(87, 339)
[ 2020-01-04 21:06:58,039][cascade_classifier.fit_transform] [layer=0] look_indexs=[0], X_cur_train.shape=(774, 339), X_cur_test.shape=(87, 339)
[ 2020-01-04 21:07:07,252][kfold_wrapper.log_eval_metrics] Accuracy(layer_0 - estimator_0 - 3_folds.train_0.predict)=81.47%
[ 2020-01-04 21:07:17,645][kfold_wrapper.log_eval_metrics] Accuracy(layer_0 - estimator_0 - 3_folds.train_1.predict)=81.40%
[ 2020-01-04 21:07:27,976][kfold_wrapper.log_eval_metrics] Accuracy(layer_0 - estimator_0 - 3_folds.train_2.predict)=78.99%
[ 2020-01-04 21:07:29,214][kfold_wrapper.log_eval_metrics] Accuracy(layer_0 - estimator_0 - 3_folds.train_cv.predict)=80.62%
[ 2020-01-04 21:07:29,214][kfold_wrapper.log_eval_metrics] Accuracy(layer_0 - estimator_0 - 3_folds.test.predict)=85.06%
[ 2020-01-04 21:07:38,434][kfold_wrapper.log_eval_metrics] Accuracy(layer_0 - estimator_1 - 3_folds.train_0.predict)=84.94%
[ 2020-01-04 21:07:48,782][kfold_wrapper.log_eval_metrics] Accuracy(layer_0 - estimator_1 - 3_folds.train_1.predict)=77.91%
[ 2020-01-04 21:07:59,196][kfold_wrapper.log_eval_metrics] Accuracy(layer_0 - estimator_1 - 3_folds.train_2.predict)=80.93%
[ 2020-01-04 21:08:00,329][kfold_wrapper.log_eval_metrics] Accuracy(layer_0 - estimator_1 - 3_folds.train_cv.predict)=81.27%
[ 2020-01-04 21:08:00,330][kfold_wrapper.log_eval_metrics] Accuracy(layer_0 - estimator_1 - 3_folds.test.predict)=85.06%
[ 2020-01-04 21:08:02,185][kfold_wrapper.log_eval_metrics] Accuracy(layer_0 - estimator_2 - 3_folds.train_0.predict)=79.54%
[ 2020-01-04 21:08:04,012][kfold_wrapper.log_eval_metrics] Accuracy(layer_0 - estimator_2 - 3_folds.train_1.predict)=77.52%
[ 2020-01-04 21:08:05,876][kfold_wrapper.log_eval_metrics] Accuracy(layer_0 - estimator_2 - 3_folds.train_2.predict)=79.77%
[ 2020-01-04 21:08:05,879][kfold_wrapper.log_eval_metrics] Accuracy(layer_0 - estimator_2 - 3_folds.train_cv.predict)=78.94%
[ 2020-01-04 21:08:05,879][kfold_wrapper.log_eval_metrics] Accuracy(layer_0 - estimator_2 - 3_folds.test.predict)=86.21%
[ 2020-01-04 21:08:05,879][cascade_classifier.calc_accuracy] Accuracy(layer_0 - train.classifier_average)=81.14%
[ 2020-01-04 21:08:05,879][cascade_classifier.calc_accuracy] Accuracy(layer_0 - test.classifier_average)=86.21%
[ 2020-01-04 21:08:05,882][cascade_classifier.fit_transform] [layer=1] look_indexs=[0], X_cur_train.shape=(774, 345), X_cur_test.shape=(87, 345)
[ 2020-01-04 21:08:15,081][kfold_wrapper.log_eval_metrics] Accuracy(layer_1 - estimator_0 - 3_folds.train_0.predict)=82.24%
[ 2020-01-04 21:08:25,407][kfold_wrapper.log_eval_metrics] Accuracy(layer_1 - estimator_0 - 3_folds.train_1.predict)=82.17%
[ 2020-01-04 21:08:35,739][kfold_wrapper.log_eval_metrics] Accuracy(layer_1 - estimator_0 - 3_folds.train_2.predict)=78.21%
[ 2020-01-04 21:08:36,876][kfold_wrapper.log_eval_metrics] Accuracy(layer_1 - estimator_0 - 3_folds.train_cv.predict)=80.88%
[ 2020-01-04 21:08:36,876][kfold_wrapper.log_eval_metrics] Accuracy(layer_1 - estimator_0 - 3_folds.test.predict)=86.21%
[ 2020-01-04 21:08:46,046][kfold_wrapper.log_eval_metrics] Accuracy(layer_1 - estimator_1 - 3_folds.train_0.predict)=84.56%
[ 2020-01-04 21:08:56,356][kfold_wrapper.log_eval_metrics] Accuracy(layer_1 - estimator_1 - 3_folds.train_1.predict)=81.40%
[ 2020-01-04 21:09:06,794][kfold_wrapper.log_eval_metrics] Accuracy(layer_1 - estimator_1 - 3_folds.train_2.predict)=76.26%
[ 2020-01-04 21:09:07,933][kfold_wrapper.log_eval_metrics] Accuracy(layer_1 - estimator_1 - 3_folds.train_cv.predict)=80.75%
[ 2020-01-04 21:09:07,934][kfold_wrapper.log_eval_metrics] Accuracy(layer_1 - estimator_1 - 3_folds.test.predict)=86.21%
[ 2020-01-04 21:09:09,809][kfold_wrapper.log_eval_metrics] Accuracy(layer_1 - estimator_2 - 3_folds.train_0.predict)=80.31%
[ 2020-01-04 21:09:11,679][kfold_wrapper.log_eval_metrics] Accuracy(layer_1 - estimator_2 - 3_folds.train_1.predict)=79.46%
[ 2020-01-04 21:09:13,569][kfold_wrapper.log_eval_metrics] Accuracy(layer_1 - estimator_2 - 3_folds.train_2.predict)=77.82%
[ 2020-01-04 21:09:13,572][kfold_wrapper.log_eval_metrics] Accuracy(layer_1 - estimator_2 - 3_folds.train_cv.predict)=79.20%
[ 2020-01-04 21:09:13,572][kfold_wrapper.log_eval_metrics] Accuracy(layer_1 - estimator_2 - 3_folds.test.predict)=82.76%
[ 2020-01-04 21:09:13,573][cascade_classifier.calc_accuracy] Accuracy(layer_1 - train.classifier_average)=81.27%
[ 2020-01-04 21:09:13,573][cascade_classifier.calc_accuracy] Accuracy(layer_1 - test.classifier_average)=85.06%
[ 2020-01-04 21:09:13,574][cascade_classifier.fit_transform] [layer=2] look_indexs=[0], X_cur_train.shape=(774, 345), X_cur_test.shape=(87, 345)
[ 2020-01-04 21:09:22,658][kfold_wrapper.log_eval_metrics] Accuracy(layer_2 - estimator_0 - 3_folds.train_0.predict)=81.47%
[ 2020-01-04 21:09:33,580][kfold_wrapper.log_eval_metrics] Accuracy(layer_2 - estimator_0 - 3_folds.train_1.predict)=81.78%
[ 2020-01-04 21:09:43,878][kfold_wrapper.log_eval_metrics] Accuracy(layer_2 - estimator_0 - 3_folds.train_2.predict)=77.04%
[ 2020-01-04 21:09:45,010][kfold_wrapper.log_eval_metrics] Accuracy(layer_2 - estimator_0 - 3_folds.train_cv.predict)=80.10%
[ 2020-01-04 21:09:45,011][kfold_wrapper.log_eval_metrics] Accuracy(layer_2 - estimator_0 - 3_folds.test.predict)=86.21%
[ 2020-01-04 21:09:54,197][kfold_wrapper.log_eval_metrics] Accuracy(layer_2 - estimator_1 - 3_folds.train_0.predict)=79.54%
[ 2020-01-04 21:10:04,615][kfold_wrapper.log_eval_metrics] Accuracy(layer_2 - estimator_1 - 3_folds.train_1.predict)=82.56%
[ 2020-01-04 21:10:15,545][kfold_wrapper.log_eval_metrics] Accuracy(layer_2 - estimator_1 - 3_folds.train_2.predict)=81.32%
[ 2020-01-04 21:10:16,676][kfold_wrapper.log_eval_metrics] Accuracy(layer_2 - estimator_1 - 3_folds.train_cv.predict)=81.14%
[ 2020-01-04 21:10:16,677][kfold_wrapper.log_eval_metrics] Accuracy(layer_2 - estimator_1 - 3_folds.test.predict)=85.06%
[ 2020-01-04 21:10:18,489][kfold_wrapper.log_eval_metrics] Accuracy(layer_2 - estimator_2 - 3_folds.train_0.predict)=81.47%
[ 2020-01-04 21:10:20,273][kfold_wrapper.log_eval_metrics] Accuracy(layer_2 - estimator_2 - 3_folds.train_1.predict)=81.01%
[ 2020-01-04 21:10:22,081][kfold_wrapper.log_eval_metrics] Accuracy(layer_2 - estimator_2 - 3_folds.train_2.predict)=78.21%
[ 2020-01-04 21:10:22,083][kfold_wrapper.log_eval_metrics] Accuracy(layer_2 - estimator_2 - 3_folds.train_cv.predict)=80.23%
[ 2020-01-04 21:10:22,083][kfold_wrapper.log_eval_metrics] Accuracy(layer_2 - estimator_2 - 3_folds.test.predict)=87.36%
[ 2020-01-04 21:10:22,084][cascade_classifier.calc_accuracy] Accuracy(layer_2 - train.classifier_average)=81.52%
[ 2020-01-04 21:10:22,084][cascade_classifier.calc_accuracy] Accuracy(layer_2 - test.classifier_average)=83.91%
[ 2020-01-04 21:10:22,086][cascade_classifier.fit_transform] [layer=3] look_indexs=[0], X_cur_train.shape=(774, 345), X_cur_test.shape=(87, 345)
[ 2020-01-04 21:10:31,043][kfold_wrapper.log_eval_metrics] Accuracy(layer_3 - estimator_0 - 3_folds.train_0.predict)=83.78%
[ 2020-01-04 21:10:41,140][kfold_wrapper.log_eval_metrics] Accuracy(layer_3 - estimator_0 - 3_folds.train_1.predict)=77.52%
[ 2020-01-04 21:10:51,243][kfold_wrapper.log_eval_metrics] Accuracy(layer_3 - estimator_0 - 3_folds.train_2.predict)=83.27%
[ 2020-01-04 21:10:52,367][kfold_wrapper.log_eval_metrics] Accuracy(layer_3 - estimator_0 - 3_folds.train_cv.predict)=81.52%
[ 2020-01-04 21:10:52,368][kfold_wrapper.log_eval_metrics] Accuracy(layer_3 - estimator_0 - 3_folds.test.predict)=85.06%
[ 2020-01-04 21:11:01,386][kfold_wrapper.log_eval_metrics] Accuracy(layer_3 - estimator_1 - 3_folds.train_0.predict)=81.47%
[ 2020-01-04 21:11:11,487][kfold_wrapper.log_eval_metrics] Accuracy(layer_3 - estimator_1 - 3_folds.train_1.predict)=81.78%
[ 2020-01-04 21:11:21,573][kfold_wrapper.log_eval_metrics] Accuracy(layer_3 - estimator_1 - 3_folds.train_2.predict)=79.38%
[ 2020-01-04 21:11:22,708][kfold_wrapper.log_eval_metrics] Accuracy(layer_3 - estimator_1 - 3_folds.train_cv.predict)=80.88%
[ 2020-01-04 21:11:22,709][kfold_wrapper.log_eval_metrics] Accuracy(layer_3 - estimator_1 - 3_folds.test.predict)=85.06%
[ 2020-01-04 21:11:24,524][kfold_wrapper.log_eval_metrics] Accuracy(layer_3 - estimator_2 - 3_folds.train_0.predict)=78.76%
[ 2020-01-04 21:11:26,313][kfold_wrapper.log_eval_metrics] Accuracy(layer_3 - estimator_2 - 3_folds.train_1.predict)=80.23%
[ 2020-01-04 21:11:28,116][kfold_wrapper.log_eval_metrics] Accuracy(layer_3 - estimator_2 - 3_folds.train_2.predict)=76.26%
[ 2020-01-04 21:11:28,119][kfold_wrapper.log_eval_metrics] Accuracy(layer_3 - estimator_2 - 3_folds.train_cv.predict)=78.42%
[ 2020-01-04 21:11:28,119][kfold_wrapper.log_eval_metrics] Accuracy(layer_3 - estimator_2 - 3_folds.test.predict)=83.91%
[ 2020-01-04 21:11:28,120][cascade_classifier.calc_accuracy] Accuracy(layer_3 - train.classifier_average)=80.23%
[ 2020-01-04 21:11:28,120][cascade_classifier.calc_accuracy] Accuracy(layer_3 - test.classifier_average)=83.91%
[ 2020-01-04 21:11:28,121][cascade_classifier.fit_transform] [layer=4] look_indexs=[0], X_cur_train.shape=(774, 345), X_cur_test.shape=(87, 345)
[ 2020-01-04 21:11:37,098][kfold_wrapper.log_eval_metrics] Accuracy(layer_4 - estimator_0 - 3_folds.train_0.predict)=79.92%
[ 2020-01-04 21:11:47,172][kfold_wrapper.log_eval_metrics] Accuracy(layer_4 - estimator_0 - 3_folds.train_1.predict)=82.17%
[ 2020-01-04 21:11:57,369][kfold_wrapper.log_eval_metrics] Accuracy(layer_4 - estimator_0 - 3_folds.train_2.predict)=82.10%
[ 2020-01-04 21:11:58,502][kfold_wrapper.log_eval_metrics] Accuracy(layer_4 - estimator_0 - 3_folds.train_cv.predict)=81.40%
[ 2020-01-04 21:11:58,503][kfold_wrapper.log_eval_metrics] Accuracy(layer_4 - estimator_0 - 3_folds.test.predict)=85.06%
[ 2020-01-04 21:12:07,478][kfold_wrapper.log_eval_metrics] Accuracy(layer_4 - estimator_1 - 3_folds.train_0.predict)=80.69%
[ 2020-01-04 21:12:17,473][kfold_wrapper.log_eval_metrics] Accuracy(layer_4 - estimator_1 - 3_folds.train_1.predict)=77.91%
[ 2020-01-04 21:12:27,668][kfold_wrapper.log_eval_metrics] Accuracy(layer_4 - estimator_1 - 3_folds.train_2.predict)=84.44%
[ 2020-01-04 21:12:28,814][kfold_wrapper.log_eval_metrics] Accuracy(layer_4 - estimator_1 - 3_folds.train_cv.predict)=81.01%
[ 2020-01-04 21:12:28,815][kfold_wrapper.log_eval_metrics] Accuracy(layer_4 - estimator_1 - 3_folds.test.predict)=85.06%
[ 2020-01-04 21:12:30,621][kfold_wrapper.log_eval_metrics] Accuracy(layer_4 - estimator_2 - 3_folds.train_0.predict)=78.76%
[ 2020-01-04 21:12:32,431][kfold_wrapper.log_eval_metrics] Accuracy(layer_4 - estimator_2 - 3_folds.train_1.predict)=81.40%
[ 2020-01-04 21:12:34,238][kfold_wrapper.log_eval_metrics] Accuracy(layer_4 - estimator_2 - 3_folds.train_2.predict)=78.21%
[ 2020-01-04 21:12:34,240][kfold_wrapper.log_eval_metrics] Accuracy(layer_4 - estimator_2 - 3_folds.train_cv.predict)=79.46%
[ 2020-01-04 21:12:34,240][kfold_wrapper.log_eval_metrics] Accuracy(layer_4 - estimator_2 - 3_folds.test.predict)=85.06%
[ 2020-01-04 21:12:34,241][cascade_classifier.calc_accuracy] Accuracy(layer_4 - train.classifier_average)=81.01%
[ 2020-01-04 21:12:34,241][cascade_classifier.calc_accuracy] Accuracy(layer_4 - test.classifier_average)=85.06%
[ 2020-01-04 21:12:34,242][cascade_classifier.fit_transform] [layer=5] look_indexs=[0], X_cur_train.shape=(774, 345), X_cur_test.shape=(87, 345)
[ 2020-01-04 21:12:43,208][kfold_wrapper.log_eval_metrics] Accuracy(layer_5 - estimator_0 - 3_folds.train_0.predict)=81.85%
[ 2020-01-04 21:12:53,309][kfold_wrapper.log_eval_metrics] Accuracy(layer_5 - estimator_0 - 3_folds.train_1.predict)=82.56%
[ 2020-01-04 21:13:03,482][kfold_wrapper.log_eval_metrics] Accuracy(layer_5 - estimator_0 - 3_folds.train_2.predict)=79.77%
[ 2020-01-04 21:13:04,619][kfold_wrapper.log_eval_metrics] Accuracy(layer_5 - estimator_0 - 3_folds.train_cv.predict)=81.40%
[ 2020-01-04 21:13:04,625][kfold_wrapper.log_eval_metrics] Accuracy(layer_5 - estimator_0 - 3_folds.test.predict)=85.06%
[ 2020-01-04 21:13:14,358][kfold_wrapper.log_eval_metrics] Accuracy(layer_5 - estimator_1 - 3_folds.train_0.predict)=81.08%
[ 2020-01-04 21:13:25,460][kfold_wrapper.log_eval_metrics] Accuracy(layer_5 - estimator_1 - 3_folds.train_1.predict)=80.62%
[ 2020-01-04 21:13:36,407][kfold_wrapper.log_eval_metrics] Accuracy(layer_5 - estimator_1 - 3_folds.train_2.predict)=79.38%
[ 2020-01-04 21:13:37,640][kfold_wrapper.log_eval_metrics] Accuracy(layer_5 - estimator_1 - 3_folds.train_cv.predict)=80.36%
[ 2020-01-04 21:13:37,641][kfold_wrapper.log_eval_metrics] Accuracy(layer_5 - estimator_1 - 3_folds.test.predict)=85.06%
[ 2020-01-04 21:13:39,556][kfold_wrapper.log_eval_metrics] Accuracy(layer_5 - estimator_2 - 3_folds.train_0.predict)=80.69%
[ 2020-01-04 21:13:41,518][kfold_wrapper.log_eval_metrics] Accuracy(layer_5 - estimator_2 - 3_folds.train_1.predict)=79.46%
[ 2020-01-04 21:13:43,479][kfold_wrapper.log_eval_metrics] Accuracy(layer_5 - estimator_2 - 3_folds.train_2.predict)=78.99%
[ 2020-01-04 21:13:43,481][kfold_wrapper.log_eval_metrics] Accuracy(layer_5 - estimator_2 - 3_folds.train_cv.predict)=79.72%
[ 2020-01-04 21:13:43,481][kfold_wrapper.log_eval_metrics] Accuracy(layer_5 - estimator_2 - 3_folds.test.predict)=85.06%
[ 2020-01-04 21:13:43,482][cascade_classifier.calc_accuracy] Accuracy(layer_5 - train.classifier_average)=80.36%
[ 2020-01-04 21:13:43,482][cascade_classifier.calc_accuracy] Accuracy(layer_5 - test.classifier_average)=85.06%
[ 2020-01-04 21:13:43,482][cascade_classifier.fit_transform] [Result][Optimal Level Detected] opt_layer_num=3, accuracy_train=81.52%, accuracy_test=83.91%
[ 2020-01-04 21:13:43,578][cascade_classifier.transform] X_groups_test.shape=[(87, 339)]
[ 2020-01-04 21:13:43,578][cascade_classifier.transform] group_dims=[339]
[ 2020-01-04 21:13:43,578][cascade_classifier.transform] X_test.shape=(87, 339)
[ 2020-01-04 21:13:43,579][cascade_classifier.transform] [layer=0] look_indexs=[0], X_cur_test.shape=(87, 339)
[ 2020-01-04 21:13:50,890][cascade_classifier.transform] [layer=1] look_indexs=[0], X_cur_test.shape=(87, 345)
[ 2020-01-04 21:13:58,122][cascade_classifier.transform] [layer=2] look_indexs=[0], X_cur_test.shape=(87, 345)
