[ 2020-01-13 00:49:21,863][cascade_classifier.fit_transform] X_groups_train.shape=[(774, 28)],y_train.shape=(774,),X_groups_test.shape=[(87, 28)],y_test.shape=(87,)
[ 2020-01-13 00:49:21,863][cascade_classifier.fit_transform] group_dims=[28]
[ 2020-01-13 00:49:21,863][cascade_classifier.fit_transform] group_starts=[0]
[ 2020-01-13 00:49:21,863][cascade_classifier.fit_transform] group_ends=[28]
[ 2020-01-13 00:49:21,863][cascade_classifier.fit_transform] X_train.shape=(774, 28),X_test.shape=(87, 28)
[ 2020-01-13 00:49:21,863][cascade_classifier.fit_transform] [layer=0] look_indexs=[0], X_cur_train.shape=(774, 28), X_cur_test.shape=(87, 28)
[ 2020-01-13 00:49:23,176][kfold_wrapper.log_eval_metrics] Accuracy(layer_0 - estimator_0 - 5_folds.train_0.predict)=83.33%
[ 2020-01-13 00:49:24,691][kfold_wrapper.log_eval_metrics] Accuracy(layer_0 - estimator_0 - 5_folds.train_1.predict)=85.90%
[ 2020-01-13 00:49:26,192][kfold_wrapper.log_eval_metrics] Accuracy(layer_0 - estimator_0 - 5_folds.train_2.predict)=83.77%
[ 2020-01-13 00:49:27,707][kfold_wrapper.log_eval_metrics] Accuracy(layer_0 - estimator_0 - 5_folds.train_3.predict)=78.57%
[ 2020-01-13 00:49:29,232][kfold_wrapper.log_eval_metrics] Accuracy(layer_0 - estimator_0 - 5_folds.train_4.predict)=82.47%
[ 2020-01-13 00:49:29,450][kfold_wrapper.log_eval_metrics] Accuracy(layer_0 - estimator_0 - 5_folds.train_cv.predict)=82.82%
[ 2020-01-13 00:49:29,450][kfold_wrapper.log_eval_metrics] Accuracy(layer_0 - estimator_0 - 5_folds.test.predict)=88.51%
[ 2020-01-13 00:49:30,747][kfold_wrapper.log_eval_metrics] Accuracy(layer_0 - estimator_1 - 5_folds.train_0.predict)=82.69%
[ 2020-01-13 00:49:32,248][kfold_wrapper.log_eval_metrics] Accuracy(layer_0 - estimator_1 - 5_folds.train_1.predict)=85.26%
[ 2020-01-13 00:49:33,748][kfold_wrapper.log_eval_metrics] Accuracy(layer_0 - estimator_1 - 5_folds.train_2.predict)=83.12%
[ 2020-01-13 00:49:35,248][kfold_wrapper.log_eval_metrics] Accuracy(layer_0 - estimator_1 - 5_folds.train_3.predict)=77.27%
[ 2020-01-13 00:49:36,763][kfold_wrapper.log_eval_metrics] Accuracy(layer_0 - estimator_1 - 5_folds.train_4.predict)=82.47%
[ 2020-01-13 00:49:36,982][kfold_wrapper.log_eval_metrics] Accuracy(layer_0 - estimator_1 - 5_folds.train_cv.predict)=82.17%
[ 2020-01-13 00:49:36,982][kfold_wrapper.log_eval_metrics] Accuracy(layer_0 - estimator_1 - 5_folds.test.predict)=88.51%
[ 2020-01-13 00:49:37,232][kfold_wrapper.log_eval_metrics] Accuracy(layer_0 - estimator_2 - 5_folds.train_0.predict)=77.56%
[ 2020-01-13 00:49:37,498][kfold_wrapper.log_eval_metrics] Accuracy(layer_0 - estimator_2 - 5_folds.train_1.predict)=80.77%
[ 2020-01-13 00:49:37,747][kfold_wrapper.log_eval_metrics] Accuracy(layer_0 - estimator_2 - 5_folds.train_2.predict)=77.27%
[ 2020-01-13 00:49:37,997][kfold_wrapper.log_eval_metrics] Accuracy(layer_0 - estimator_2 - 5_folds.train_3.predict)=86.36%
[ 2020-01-13 00:49:38,248][kfold_wrapper.log_eval_metrics] Accuracy(layer_0 - estimator_2 - 5_folds.train_4.predict)=82.47%
[ 2020-01-13 00:49:38,248][kfold_wrapper.log_eval_metrics] Accuracy(layer_0 - estimator_2 - 5_folds.train_cv.predict)=80.88%
[ 2020-01-13 00:49:38,248][kfold_wrapper.log_eval_metrics] Accuracy(layer_0 - estimator_2 - 5_folds.test.predict)=86.21%
[ 2020-01-13 00:49:38,248][cascade_classifier.calc_accuracy] Accuracy(layer_0 - train.classifier_average)=81.78%
[ 2020-01-13 00:49:38,248][cascade_classifier.calc_accuracy] Accuracy(layer_0 - test.classifier_average)=87.36%
[ 2020-01-13 00:49:38,248][cascade_classifier.fit_transform] [layer=1] look_indexs=[0], X_cur_train.shape=(774, 34), X_cur_test.shape=(87, 34)
[ 2020-01-13 00:49:39,544][kfold_wrapper.log_eval_metrics] Accuracy(layer_1 - estimator_0 - 5_folds.train_0.predict)=83.33%
[ 2020-01-13 00:49:41,051][kfold_wrapper.log_eval_metrics] Accuracy(layer_1 - estimator_0 - 5_folds.train_1.predict)=79.49%
[ 2020-01-13 00:49:42,551][kfold_wrapper.log_eval_metrics] Accuracy(layer_1 - estimator_0 - 5_folds.train_2.predict)=81.82%
[ 2020-01-13 00:49:44,067][kfold_wrapper.log_eval_metrics] Accuracy(layer_1 - estimator_0 - 5_folds.train_3.predict)=87.66%
[ 2020-01-13 00:49:45,583][kfold_wrapper.log_eval_metrics] Accuracy(layer_1 - estimator_0 - 5_folds.train_4.predict)=74.68%
[ 2020-01-13 00:49:45,802][kfold_wrapper.log_eval_metrics] Accuracy(layer_1 - estimator_0 - 5_folds.train_cv.predict)=81.40%
[ 2020-01-13 00:49:45,802][kfold_wrapper.log_eval_metrics] Accuracy(layer_1 - estimator_0 - 5_folds.test.predict)=88.51%
[ 2020-01-13 00:49:47,099][kfold_wrapper.log_eval_metrics] Accuracy(layer_1 - estimator_1 - 5_folds.train_0.predict)=80.13%
[ 2020-01-13 00:49:48,615][kfold_wrapper.log_eval_metrics] Accuracy(layer_1 - estimator_1 - 5_folds.train_1.predict)=85.26%
[ 2020-01-13 00:49:50,130][kfold_wrapper.log_eval_metrics] Accuracy(layer_1 - estimator_1 - 5_folds.train_2.predict)=89.61%
[ 2020-01-13 00:49:51,629][kfold_wrapper.log_eval_metrics] Accuracy(layer_1 - estimator_1 - 5_folds.train_3.predict)=85.06%
[ 2020-01-13 00:49:53,129][kfold_wrapper.log_eval_metrics] Accuracy(layer_1 - estimator_1 - 5_folds.train_4.predict)=74.03%
[ 2020-01-13 00:49:53,348][kfold_wrapper.log_eval_metrics] Accuracy(layer_1 - estimator_1 - 5_folds.train_cv.predict)=82.82%
[ 2020-01-13 00:49:53,348][kfold_wrapper.log_eval_metrics] Accuracy(layer_1 - estimator_1 - 5_folds.test.predict)=88.51%
[ 2020-01-13 00:49:53,614][kfold_wrapper.log_eval_metrics] Accuracy(layer_1 - estimator_2 - 5_folds.train_0.predict)=84.62%
[ 2020-01-13 00:49:53,879][kfold_wrapper.log_eval_metrics] Accuracy(layer_1 - estimator_2 - 5_folds.train_1.predict)=83.97%
[ 2020-01-13 00:49:54,145][kfold_wrapper.log_eval_metrics] Accuracy(layer_1 - estimator_2 - 5_folds.train_2.predict)=82.47%
[ 2020-01-13 00:49:54,395][kfold_wrapper.log_eval_metrics] Accuracy(layer_1 - estimator_2 - 5_folds.train_3.predict)=81.82%
[ 2020-01-13 00:49:54,661][kfold_wrapper.log_eval_metrics] Accuracy(layer_1 - estimator_2 - 5_folds.train_4.predict)=81.82%
[ 2020-01-13 00:49:54,661][kfold_wrapper.log_eval_metrics] Accuracy(layer_1 - estimator_2 - 5_folds.train_cv.predict)=82.95%
[ 2020-01-13 00:49:54,661][kfold_wrapper.log_eval_metrics] Accuracy(layer_1 - estimator_2 - 5_folds.test.predict)=83.91%
[ 2020-01-13 00:49:54,661][cascade_classifier.calc_accuracy] Accuracy(layer_1 - train.classifier_average)=82.69%
[ 2020-01-13 00:49:54,661][cascade_classifier.calc_accuracy] Accuracy(layer_1 - test.classifier_average)=88.51%
[ 2020-01-13 00:49:54,661][cascade_classifier.fit_transform] [layer=2] look_indexs=[0], X_cur_train.shape=(774, 34), X_cur_test.shape=(87, 34)
[ 2020-01-13 00:49:55,958][kfold_wrapper.log_eval_metrics] Accuracy(layer_2 - estimator_0 - 5_folds.train_0.predict)=83.33%
[ 2020-01-13 00:49:57,473][kfold_wrapper.log_eval_metrics] Accuracy(layer_2 - estimator_0 - 5_folds.train_1.predict)=75.64%
[ 2020-01-13 00:49:58,989][kfold_wrapper.log_eval_metrics] Accuracy(layer_2 - estimator_0 - 5_folds.train_2.predict)=84.42%
[ 2020-01-13 00:50:00,520][kfold_wrapper.log_eval_metrics] Accuracy(layer_2 - estimator_0 - 5_folds.train_3.predict)=85.71%
[ 2020-01-13 00:50:02,020][kfold_wrapper.log_eval_metrics] Accuracy(layer_2 - estimator_0 - 5_folds.train_4.predict)=80.52%
[ 2020-01-13 00:50:02,239][kfold_wrapper.log_eval_metrics] Accuracy(layer_2 - estimator_0 - 5_folds.train_cv.predict)=81.91%
[ 2020-01-13 00:50:02,239][kfold_wrapper.log_eval_metrics] Accuracy(layer_2 - estimator_0 - 5_folds.test.predict)=87.36%
[ 2020-01-13 00:50:03,536][kfold_wrapper.log_eval_metrics] Accuracy(layer_2 - estimator_1 - 5_folds.train_0.predict)=78.85%
[ 2020-01-13 00:50:05,053][kfold_wrapper.log_eval_metrics] Accuracy(layer_2 - estimator_1 - 5_folds.train_1.predict)=81.41%
[ 2020-01-13 00:50:06,568][kfold_wrapper.log_eval_metrics] Accuracy(layer_2 - estimator_1 - 5_folds.train_2.predict)=83.77%
[ 2020-01-13 00:50:08,068][kfold_wrapper.log_eval_metrics] Accuracy(layer_2 - estimator_1 - 5_folds.train_3.predict)=87.01%
[ 2020-01-13 00:50:09,584][kfold_wrapper.log_eval_metrics] Accuracy(layer_2 - estimator_1 - 5_folds.train_4.predict)=79.87%
[ 2020-01-13 00:50:09,819][kfold_wrapper.log_eval_metrics] Accuracy(layer_2 - estimator_1 - 5_folds.train_cv.predict)=82.17%
[ 2020-01-13 00:50:09,819][kfold_wrapper.log_eval_metrics] Accuracy(layer_2 - estimator_1 - 5_folds.test.predict)=87.36%
[ 2020-01-13 00:50:10,084][kfold_wrapper.log_eval_metrics] Accuracy(layer_2 - estimator_2 - 5_folds.train_0.predict)=82.69%
[ 2020-01-13 00:50:10,334][kfold_wrapper.log_eval_metrics] Accuracy(layer_2 - estimator_2 - 5_folds.train_1.predict)=80.77%
[ 2020-01-13 00:50:10,600][kfold_wrapper.log_eval_metrics] Accuracy(layer_2 - estimator_2 - 5_folds.train_2.predict)=86.36%
[ 2020-01-13 00:50:10,866][kfold_wrapper.log_eval_metrics] Accuracy(layer_2 - estimator_2 - 5_folds.train_3.predict)=81.17%
[ 2020-01-13 00:50:11,131][kfold_wrapper.log_eval_metrics] Accuracy(layer_2 - estimator_2 - 5_folds.train_4.predict)=83.12%
[ 2020-01-13 00:50:11,131][kfold_wrapper.log_eval_metrics] Accuracy(layer_2 - estimator_2 - 5_folds.train_cv.predict)=82.82%
[ 2020-01-13 00:50:11,131][kfold_wrapper.log_eval_metrics] Accuracy(layer_2 - estimator_2 - 5_folds.test.predict)=83.91%
[ 2020-01-13 00:50:11,131][cascade_classifier.calc_accuracy] Accuracy(layer_2 - train.classifier_average)=82.30%
[ 2020-01-13 00:50:11,131][cascade_classifier.calc_accuracy] Accuracy(layer_2 - test.classifier_average)=86.21%
[ 2020-01-13 00:50:11,131][cascade_classifier.fit_transform] [layer=3] look_indexs=[0], X_cur_train.shape=(774, 34), X_cur_test.shape=(87, 34)
[ 2020-01-13 00:50:12,428][kfold_wrapper.log_eval_metrics] Accuracy(layer_3 - estimator_0 - 5_folds.train_0.predict)=82.69%
[ 2020-01-13 00:50:13,944][kfold_wrapper.log_eval_metrics] Accuracy(layer_3 - estimator_0 - 5_folds.train_1.predict)=80.13%
[ 2020-01-13 00:50:15,460][kfold_wrapper.log_eval_metrics] Accuracy(layer_3 - estimator_0 - 5_folds.train_2.predict)=79.87%
[ 2020-01-13 00:50:16,975][kfold_wrapper.log_eval_metrics] Accuracy(layer_3 - estimator_0 - 5_folds.train_3.predict)=80.52%
[ 2020-01-13 00:50:18,491][kfold_wrapper.log_eval_metrics] Accuracy(layer_3 - estimator_0 - 5_folds.train_4.predict)=82.47%
[ 2020-01-13 00:50:18,710][kfold_wrapper.log_eval_metrics] Accuracy(layer_3 - estimator_0 - 5_folds.train_cv.predict)=81.14%
[ 2020-01-13 00:50:18,710][kfold_wrapper.log_eval_metrics] Accuracy(layer_3 - estimator_0 - 5_folds.test.predict)=87.36%
[ 2020-01-13 00:50:20,007][kfold_wrapper.log_eval_metrics] Accuracy(layer_3 - estimator_1 - 5_folds.train_0.predict)=77.56%
[ 2020-01-13 00:50:21,507][kfold_wrapper.log_eval_metrics] Accuracy(layer_3 - estimator_1 - 5_folds.train_1.predict)=82.05%
[ 2020-01-13 00:50:23,007][kfold_wrapper.log_eval_metrics] Accuracy(layer_3 - estimator_1 - 5_folds.train_2.predict)=82.47%
[ 2020-01-13 00:50:24,507][kfold_wrapper.log_eval_metrics] Accuracy(layer_3 - estimator_1 - 5_folds.train_3.predict)=83.77%
[ 2020-01-13 00:50:26,023][kfold_wrapper.log_eval_metrics] Accuracy(layer_3 - estimator_1 - 5_folds.train_4.predict)=83.12%
[ 2020-01-13 00:50:26,242][kfold_wrapper.log_eval_metrics] Accuracy(layer_3 - estimator_1 - 5_folds.train_cv.predict)=81.78%
[ 2020-01-13 00:50:26,242][kfold_wrapper.log_eval_metrics] Accuracy(layer_3 - estimator_1 - 5_folds.test.predict)=87.36%
[ 2020-01-13 00:50:26,507][kfold_wrapper.log_eval_metrics] Accuracy(layer_3 - estimator_2 - 5_folds.train_0.predict)=84.62%
[ 2020-01-13 00:50:26,757][kfold_wrapper.log_eval_metrics] Accuracy(layer_3 - estimator_2 - 5_folds.train_1.predict)=80.77%
[ 2020-01-13 00:50:27,023][kfold_wrapper.log_eval_metrics] Accuracy(layer_3 - estimator_2 - 5_folds.train_2.predict)=77.27%
[ 2020-01-13 00:50:27,288][kfold_wrapper.log_eval_metrics] Accuracy(layer_3 - estimator_2 - 5_folds.train_3.predict)=83.12%
[ 2020-01-13 00:50:27,554][kfold_wrapper.log_eval_metrics] Accuracy(layer_3 - estimator_2 - 5_folds.train_4.predict)=81.82%
[ 2020-01-13 00:50:27,554][kfold_wrapper.log_eval_metrics] Accuracy(layer_3 - estimator_2 - 5_folds.train_cv.predict)=81.52%
[ 2020-01-13 00:50:27,554][kfold_wrapper.log_eval_metrics] Accuracy(layer_3 - estimator_2 - 5_folds.test.predict)=87.36%
[ 2020-01-13 00:50:27,554][cascade_classifier.calc_accuracy] Accuracy(layer_3 - train.classifier_average)=82.30%
[ 2020-01-13 00:50:27,554][cascade_classifier.calc_accuracy] Accuracy(layer_3 - test.classifier_average)=87.36%
[ 2020-01-13 00:50:27,554][cascade_classifier.fit_transform] [layer=4] look_indexs=[0], X_cur_train.shape=(774, 34), X_cur_test.shape=(87, 34)
[ 2020-01-13 00:50:28,867][kfold_wrapper.log_eval_metrics] Accuracy(layer_4 - estimator_0 - 5_folds.train_0.predict)=76.28%
[ 2020-01-13 00:50:30,367][kfold_wrapper.log_eval_metrics] Accuracy(layer_4 - estimator_0 - 5_folds.train_1.predict)=83.97%
[ 2020-01-13 00:50:31,867][kfold_wrapper.log_eval_metrics] Accuracy(layer_4 - estimator_0 - 5_folds.train_2.predict)=82.47%
[ 2020-01-13 00:50:33,383][kfold_wrapper.log_eval_metrics] Accuracy(layer_4 - estimator_0 - 5_folds.train_3.predict)=81.82%
[ 2020-01-13 00:50:34,914][kfold_wrapper.log_eval_metrics] Accuracy(layer_4 - estimator_0 - 5_folds.train_4.predict)=79.87%
[ 2020-01-13 00:50:35,133][kfold_wrapper.log_eval_metrics] Accuracy(layer_4 - estimator_0 - 5_folds.train_cv.predict)=80.88%
[ 2020-01-13 00:50:35,133][kfold_wrapper.log_eval_metrics] Accuracy(layer_4 - estimator_0 - 5_folds.test.predict)=85.06%
[ 2020-01-13 00:50:36,430][kfold_wrapper.log_eval_metrics] Accuracy(layer_4 - estimator_1 - 5_folds.train_0.predict)=82.69%
[ 2020-01-13 00:50:37,945][kfold_wrapper.log_eval_metrics] Accuracy(layer_4 - estimator_1 - 5_folds.train_1.predict)=82.69%
[ 2020-01-13 00:50:39,445][kfold_wrapper.log_eval_metrics] Accuracy(layer_4 - estimator_1 - 5_folds.train_2.predict)=72.08%
[ 2020-01-13 00:50:40,946][kfold_wrapper.log_eval_metrics] Accuracy(layer_4 - estimator_1 - 5_folds.train_3.predict)=87.01%
[ 2020-01-13 00:50:42,461][kfold_wrapper.log_eval_metrics] Accuracy(layer_4 - estimator_1 - 5_folds.train_4.predict)=79.22%
[ 2020-01-13 00:50:42,680][kfold_wrapper.log_eval_metrics] Accuracy(layer_4 - estimator_1 - 5_folds.train_cv.predict)=80.75%
[ 2020-01-13 00:50:42,680][kfold_wrapper.log_eval_metrics] Accuracy(layer_4 - estimator_1 - 5_folds.test.predict)=86.21%
[ 2020-01-13 00:50:42,945][kfold_wrapper.log_eval_metrics] Accuracy(layer_4 - estimator_2 - 5_folds.train_0.predict)=83.33%
[ 2020-01-13 00:50:43,211][kfold_wrapper.log_eval_metrics] Accuracy(layer_4 - estimator_2 - 5_folds.train_1.predict)=77.56%
[ 2020-01-13 00:50:43,476][kfold_wrapper.log_eval_metrics] Accuracy(layer_4 - estimator_2 - 5_folds.train_2.predict)=83.77%
[ 2020-01-13 00:50:43,742][kfold_wrapper.log_eval_metrics] Accuracy(layer_4 - estimator_2 - 5_folds.train_3.predict)=83.77%
[ 2020-01-13 00:50:44,008][kfold_wrapper.log_eval_metrics] Accuracy(layer_4 - estimator_2 - 5_folds.train_4.predict)=83.12%
[ 2020-01-13 00:50:44,008][kfold_wrapper.log_eval_metrics] Accuracy(layer_4 - estimator_2 - 5_folds.train_cv.predict)=82.30%
[ 2020-01-13 00:50:44,008][kfold_wrapper.log_eval_metrics] Accuracy(layer_4 - estimator_2 - 5_folds.test.predict)=86.21%
[ 2020-01-13 00:50:44,008][cascade_classifier.calc_accuracy] Accuracy(layer_4 - train.classifier_average)=82.56%
[ 2020-01-13 00:50:44,008][cascade_classifier.calc_accuracy] Accuracy(layer_4 - test.classifier_average)=85.06%
[ 2020-01-13 00:50:44,008][cascade_classifier.fit_transform] [Result][Optimal Level Detected] opt_layer_num=2, accuracy_train=82.69%, accuracy_test=88.51%
[ 2020-01-13 00:50:44,024][cascade_classifier.transform] X_groups_test.shape=[(87, 28)]
[ 2020-01-13 00:50:44,024][cascade_classifier.transform] group_dims=[28]
[ 2020-01-13 00:50:44,024][cascade_classifier.transform] X_test.shape=(87, 28)
[ 2020-01-13 00:50:44,024][cascade_classifier.transform] [layer=0] look_indexs=[0], X_cur_test.shape=(87, 28)
[ 2020-01-13 00:50:46,227][cascade_classifier.transform] [layer=1] look_indexs=[0], X_cur_test.shape=(87, 34)
[ 2020-01-13 00:50:48,430][cascade_classifier.transform] X_groups_test.shape=[(87, 28)]
[ 2020-01-13 00:50:48,430][cascade_classifier.transform] group_dims=[28]
[ 2020-01-13 00:50:48,430][cascade_classifier.transform] X_test.shape=(87, 28)
[ 2020-01-13 00:50:48,430][cascade_classifier.transform] [layer=0] look_indexs=[0], X_cur_test.shape=(87, 28)
[ 2020-01-13 00:50:50,649][cascade_classifier.transform] [layer=1] look_indexs=[0], X_cur_test.shape=(87, 34)
[ 2020-01-13 00:51:09,447][cascade_classifier.fit_transform] X_groups_train.shape=[(774, 28)],y_train.shape=(774,),X_groups_test.shape=[(87, 28)],y_test.shape=(87,)
[ 2020-01-13 00:51:09,447][cascade_classifier.fit_transform] group_dims=[28]
[ 2020-01-13 00:51:09,447][cascade_classifier.fit_transform] group_starts=[0]
[ 2020-01-13 00:51:09,447][cascade_classifier.fit_transform] group_ends=[28]
[ 2020-01-13 00:51:09,447][cascade_classifier.fit_transform] X_train.shape=(774, 28),X_test.shape=(87, 28)
[ 2020-01-13 00:51:09,447][cascade_classifier.fit_transform] [layer=0] look_indexs=[0], X_cur_train.shape=(774, 28), X_cur_test.shape=(87, 28)
[ 2020-01-13 00:51:10,760][kfold_wrapper.log_eval_metrics] Accuracy(layer_0 - estimator_0 - 5_folds.train_0.predict)=91.67%
[ 2020-01-13 00:51:12,260][kfold_wrapper.log_eval_metrics] Accuracy(layer_0 - estimator_0 - 5_folds.train_1.predict)=80.77%
[ 2020-01-13 00:51:13,761][kfold_wrapper.log_eval_metrics] Accuracy(layer_0 - estimator_0 - 5_folds.train_2.predict)=78.57%
[ 2020-01-13 00:51:15,261][kfold_wrapper.log_eval_metrics] Accuracy(layer_0 - estimator_0 - 5_folds.train_3.predict)=80.52%
[ 2020-01-13 00:51:16,776][kfold_wrapper.log_eval_metrics] Accuracy(layer_0 - estimator_0 - 5_folds.train_4.predict)=84.42%
[ 2020-01-13 00:51:16,995][kfold_wrapper.log_eval_metrics] Accuracy(layer_0 - estimator_0 - 5_folds.train_cv.predict)=83.20%
[ 2020-01-13 00:51:16,995][kfold_wrapper.log_eval_metrics] Accuracy(layer_0 - estimator_0 - 5_folds.test.predict)=88.51%
[ 2020-01-13 00:51:18,291][kfold_wrapper.log_eval_metrics] Accuracy(layer_0 - estimator_1 - 5_folds.train_0.predict)=84.62%
[ 2020-01-13 00:51:19,934][kfold_wrapper.log_eval_metrics] Accuracy(layer_0 - estimator_1 - 5_folds.train_1.predict)=78.21%
[ 2020-01-13 00:51:21,465][kfold_wrapper.log_eval_metrics] Accuracy(layer_0 - estimator_1 - 5_folds.train_2.predict)=82.47%
[ 2020-01-13 00:51:22,966][kfold_wrapper.log_eval_metrics] Accuracy(layer_0 - estimator_1 - 5_folds.train_3.predict)=80.52%
[ 2020-01-13 00:51:24,466][kfold_wrapper.log_eval_metrics] Accuracy(layer_0 - estimator_1 - 5_folds.train_4.predict)=86.36%
[ 2020-01-13 00:51:24,684][kfold_wrapper.log_eval_metrics] Accuracy(layer_0 - estimator_1 - 5_folds.train_cv.predict)=82.43%
[ 2020-01-13 00:51:24,684][kfold_wrapper.log_eval_metrics] Accuracy(layer_0 - estimator_1 - 5_folds.test.predict)=87.36%
[ 2020-01-13 00:51:24,934][kfold_wrapper.log_eval_metrics] Accuracy(layer_0 - estimator_2 - 5_folds.train_0.predict)=82.05%
[ 2020-01-13 00:51:25,184][kfold_wrapper.log_eval_metrics] Accuracy(layer_0 - estimator_2 - 5_folds.train_1.predict)=79.49%
[ 2020-01-13 00:51:25,449][kfold_wrapper.log_eval_metrics] Accuracy(layer_0 - estimator_2 - 5_folds.train_2.predict)=85.06%
[ 2020-01-13 00:51:25,700][kfold_wrapper.log_eval_metrics] Accuracy(layer_0 - estimator_2 - 5_folds.train_3.predict)=81.82%
[ 2020-01-13 00:51:25,950][kfold_wrapper.log_eval_metrics] Accuracy(layer_0 - estimator_2 - 5_folds.train_4.predict)=80.52%
[ 2020-01-13 00:51:25,950][kfold_wrapper.log_eval_metrics] Accuracy(layer_0 - estimator_2 - 5_folds.train_cv.predict)=81.78%
[ 2020-01-13 00:51:25,950][kfold_wrapper.log_eval_metrics] Accuracy(layer_0 - estimator_2 - 5_folds.test.predict)=87.36%
[ 2020-01-13 00:51:25,950][cascade_classifier.calc_accuracy] Accuracy(layer_0 - train.classifier_average)=82.43%
[ 2020-01-13 00:51:25,950][cascade_classifier.calc_accuracy] Accuracy(layer_0 - test.classifier_average)=86.21%
[ 2020-01-13 00:51:25,950][cascade_classifier.fit_transform] [layer=1] look_indexs=[0], X_cur_train.shape=(774, 34), X_cur_test.shape=(87, 34)
[ 2020-01-13 00:51:27,247][kfold_wrapper.log_eval_metrics] Accuracy(layer_1 - estimator_0 - 5_folds.train_0.predict)=82.69%
[ 2020-01-13 00:51:28,779][kfold_wrapper.log_eval_metrics] Accuracy(layer_1 - estimator_0 - 5_folds.train_1.predict)=78.85%
[ 2020-01-13 00:51:30,310][kfold_wrapper.log_eval_metrics] Accuracy(layer_1 - estimator_0 - 5_folds.train_2.predict)=83.12%
[ 2020-01-13 00:51:31,842][kfold_wrapper.log_eval_metrics] Accuracy(layer_1 - estimator_0 - 5_folds.train_3.predict)=84.42%
[ 2020-01-13 00:51:33,357][kfold_wrapper.log_eval_metrics] Accuracy(layer_1 - estimator_0 - 5_folds.train_4.predict)=85.71%
[ 2020-01-13 00:51:33,576][kfold_wrapper.log_eval_metrics] Accuracy(layer_1 - estimator_0 - 5_folds.train_cv.predict)=82.95%
[ 2020-01-13 00:51:33,576][kfold_wrapper.log_eval_metrics] Accuracy(layer_1 - estimator_0 - 5_folds.test.predict)=86.21%
[ 2020-01-13 00:51:34,889][kfold_wrapper.log_eval_metrics] Accuracy(layer_1 - estimator_1 - 5_folds.train_0.predict)=84.62%
[ 2020-01-13 00:51:36,404][kfold_wrapper.log_eval_metrics] Accuracy(layer_1 - estimator_1 - 5_folds.train_1.predict)=82.05%
[ 2020-01-13 00:51:37,920][kfold_wrapper.log_eval_metrics] Accuracy(layer_1 - estimator_1 - 5_folds.train_2.predict)=81.17%
[ 2020-01-13 00:51:39,482][kfold_wrapper.log_eval_metrics] Accuracy(layer_1 - estimator_1 - 5_folds.train_3.predict)=83.77%
[ 2020-01-13 00:51:41,014][kfold_wrapper.log_eval_metrics] Accuracy(layer_1 - estimator_1 - 5_folds.train_4.predict)=78.57%
[ 2020-01-13 00:51:41,248][kfold_wrapper.log_eval_metrics] Accuracy(layer_1 - estimator_1 - 5_folds.train_cv.predict)=82.04%
[ 2020-01-13 00:51:41,248][kfold_wrapper.log_eval_metrics] Accuracy(layer_1 - estimator_1 - 5_folds.test.predict)=87.36%
[ 2020-01-13 00:51:41,498][kfold_wrapper.log_eval_metrics] Accuracy(layer_1 - estimator_2 - 5_folds.train_0.predict)=78.85%
[ 2020-01-13 00:51:41,764][kfold_wrapper.log_eval_metrics] Accuracy(layer_1 - estimator_2 - 5_folds.train_1.predict)=82.69%
[ 2020-01-13 00:51:42,030][kfold_wrapper.log_eval_metrics] Accuracy(layer_1 - estimator_2 - 5_folds.train_2.predict)=83.77%
[ 2020-01-13 00:51:42,279][kfold_wrapper.log_eval_metrics] Accuracy(layer_1 - estimator_2 - 5_folds.train_3.predict)=81.82%
[ 2020-01-13 00:51:42,545][kfold_wrapper.log_eval_metrics] Accuracy(layer_1 - estimator_2 - 5_folds.train_4.predict)=81.82%
[ 2020-01-13 00:51:42,545][kfold_wrapper.log_eval_metrics] Accuracy(layer_1 - estimator_2 - 5_folds.train_cv.predict)=81.78%
[ 2020-01-13 00:51:42,545][kfold_wrapper.log_eval_metrics] Accuracy(layer_1 - estimator_2 - 5_folds.test.predict)=87.36%
[ 2020-01-13 00:51:42,545][cascade_classifier.calc_accuracy] Accuracy(layer_1 - train.classifier_average)=82.43%
[ 2020-01-13 00:51:42,545][cascade_classifier.calc_accuracy] Accuracy(layer_1 - test.classifier_average)=87.36%
[ 2020-01-13 00:51:42,545][cascade_classifier.fit_transform] [layer=2] look_indexs=[0], X_cur_train.shape=(774, 34), X_cur_test.shape=(87, 34)
[ 2020-01-13 00:51:43,873][kfold_wrapper.log_eval_metrics] Accuracy(layer_2 - estimator_0 - 5_folds.train_0.predict)=80.77%
[ 2020-01-13 00:51:45,405][kfold_wrapper.log_eval_metrics] Accuracy(layer_2 - estimator_0 - 5_folds.train_1.predict)=83.33%
[ 2020-01-13 00:51:46,936][kfold_wrapper.log_eval_metrics] Accuracy(layer_2 - estimator_0 - 5_folds.train_2.predict)=77.92%
[ 2020-01-13 00:51:48,467][kfold_wrapper.log_eval_metrics] Accuracy(layer_2 - estimator_0 - 5_folds.train_3.predict)=83.77%
[ 2020-01-13 00:51:49,999][kfold_wrapper.log_eval_metrics] Accuracy(layer_2 - estimator_0 - 5_folds.train_4.predict)=83.77%
[ 2020-01-13 00:51:50,217][kfold_wrapper.log_eval_metrics] Accuracy(layer_2 - estimator_0 - 5_folds.train_cv.predict)=81.91%
[ 2020-01-13 00:51:50,217][kfold_wrapper.log_eval_metrics] Accuracy(layer_2 - estimator_0 - 5_folds.test.predict)=86.21%
[ 2020-01-13 00:51:51,530][kfold_wrapper.log_eval_metrics] Accuracy(layer_2 - estimator_1 - 5_folds.train_0.predict)=80.13%
[ 2020-01-13 00:51:53,061][kfold_wrapper.log_eval_metrics] Accuracy(layer_2 - estimator_1 - 5_folds.train_1.predict)=79.49%
[ 2020-01-13 00:51:54,592][kfold_wrapper.log_eval_metrics] Accuracy(layer_2 - estimator_1 - 5_folds.train_2.predict)=83.77%
[ 2020-01-13 00:51:56,124][kfold_wrapper.log_eval_metrics] Accuracy(layer_2 - estimator_1 - 5_folds.train_3.predict)=77.92%
[ 2020-01-13 00:51:57,655][kfold_wrapper.log_eval_metrics] Accuracy(layer_2 - estimator_1 - 5_folds.train_4.predict)=78.57%
[ 2020-01-13 00:51:57,874][kfold_wrapper.log_eval_metrics] Accuracy(layer_2 - estimator_1 - 5_folds.train_cv.predict)=79.97%
[ 2020-01-13 00:51:57,874][kfold_wrapper.log_eval_metrics] Accuracy(layer_2 - estimator_1 - 5_folds.test.predict)=86.21%
[ 2020-01-13 00:51:58,124][kfold_wrapper.log_eval_metrics] Accuracy(layer_2 - estimator_2 - 5_folds.train_0.predict)=82.69%
[ 2020-01-13 00:51:58,389][kfold_wrapper.log_eval_metrics] Accuracy(layer_2 - estimator_2 - 5_folds.train_1.predict)=80.13%
[ 2020-01-13 00:51:58,639][kfold_wrapper.log_eval_metrics] Accuracy(layer_2 - estimator_2 - 5_folds.train_2.predict)=77.92%
[ 2020-01-13 00:51:58,905][kfold_wrapper.log_eval_metrics] Accuracy(layer_2 - estimator_2 - 5_folds.train_3.predict)=78.57%
[ 2020-01-13 00:51:59,155][kfold_wrapper.log_eval_metrics] Accuracy(layer_2 - estimator_2 - 5_folds.train_4.predict)=83.77%
[ 2020-01-13 00:51:59,171][kfold_wrapper.log_eval_metrics] Accuracy(layer_2 - estimator_2 - 5_folds.train_cv.predict)=80.62%
[ 2020-01-13 00:51:59,171][kfold_wrapper.log_eval_metrics] Accuracy(layer_2 - estimator_2 - 5_folds.test.predict)=86.21%
[ 2020-01-13 00:51:59,171][cascade_classifier.calc_accuracy] Accuracy(layer_2 - train.classifier_average)=81.91%
[ 2020-01-13 00:51:59,171][cascade_classifier.calc_accuracy] Accuracy(layer_2 - test.classifier_average)=86.21%
[ 2020-01-13 00:51:59,171][cascade_classifier.fit_transform] [layer=3] look_indexs=[0], X_cur_train.shape=(774, 34), X_cur_test.shape=(87, 34)
[ 2020-01-13 00:52:00,499][kfold_wrapper.log_eval_metrics] Accuracy(layer_3 - estimator_0 - 5_folds.train_0.predict)=85.90%
[ 2020-01-13 00:52:02,030][kfold_wrapper.log_eval_metrics] Accuracy(layer_3 - estimator_0 - 5_folds.train_1.predict)=87.82%
[ 2020-01-13 00:52:03,577][kfold_wrapper.log_eval_metrics] Accuracy(layer_3 - estimator_0 - 5_folds.train_2.predict)=80.52%
[ 2020-01-13 00:52:05,109][kfold_wrapper.log_eval_metrics] Accuracy(layer_3 - estimator_0 - 5_folds.train_3.predict)=79.22%
[ 2020-01-13 00:52:06,640][kfold_wrapper.log_eval_metrics] Accuracy(layer_3 - estimator_0 - 5_folds.train_4.predict)=78.57%
[ 2020-01-13 00:52:06,859][kfold_wrapper.log_eval_metrics] Accuracy(layer_3 - estimator_0 - 5_folds.train_cv.predict)=82.43%
[ 2020-01-13 00:52:06,859][kfold_wrapper.log_eval_metrics] Accuracy(layer_3 - estimator_0 - 5_folds.test.predict)=86.21%
[ 2020-01-13 00:52:08,187][kfold_wrapper.log_eval_metrics] Accuracy(layer_3 - estimator_1 - 5_folds.train_0.predict)=82.05%
[ 2020-01-13 00:52:09,718][kfold_wrapper.log_eval_metrics] Accuracy(layer_3 - estimator_1 - 5_folds.train_1.predict)=80.13%
[ 2020-01-13 00:52:11,249][kfold_wrapper.log_eval_metrics] Accuracy(layer_3 - estimator_1 - 5_folds.train_2.predict)=80.52%
[ 2020-01-13 00:52:12,781][kfold_wrapper.log_eval_metrics] Accuracy(layer_3 - estimator_1 - 5_folds.train_3.predict)=79.22%
[ 2020-01-13 00:52:14,312][kfold_wrapper.log_eval_metrics] Accuracy(layer_3 - estimator_1 - 5_folds.train_4.predict)=81.17%
[ 2020-01-13 00:52:14,531][kfold_wrapper.log_eval_metrics] Accuracy(layer_3 - estimator_1 - 5_folds.train_cv.predict)=80.62%
[ 2020-01-13 00:52:14,531][kfold_wrapper.log_eval_metrics] Accuracy(layer_3 - estimator_1 - 5_folds.test.predict)=86.21%
[ 2020-01-13 00:52:14,781][kfold_wrapper.log_eval_metrics] Accuracy(layer_3 - estimator_2 - 5_folds.train_0.predict)=83.97%
[ 2020-01-13 00:52:15,047][kfold_wrapper.log_eval_metrics] Accuracy(layer_3 - estimator_2 - 5_folds.train_1.predict)=78.85%
[ 2020-01-13 00:52:15,296][kfold_wrapper.log_eval_metrics] Accuracy(layer_3 - estimator_2 - 5_folds.train_2.predict)=80.52%
[ 2020-01-13 00:52:15,562][kfold_wrapper.log_eval_metrics] Accuracy(layer_3 - estimator_2 - 5_folds.train_3.predict)=78.57%
[ 2020-01-13 00:52:15,828][kfold_wrapper.log_eval_metrics] Accuracy(layer_3 - estimator_2 - 5_folds.train_4.predict)=79.87%
[ 2020-01-13 00:52:15,828][kfold_wrapper.log_eval_metrics] Accuracy(layer_3 - estimator_2 - 5_folds.train_cv.predict)=80.36%
[ 2020-01-13 00:52:15,828][kfold_wrapper.log_eval_metrics] Accuracy(layer_3 - estimator_2 - 5_folds.test.predict)=88.51%
[ 2020-01-13 00:52:15,828][cascade_classifier.calc_accuracy] Accuracy(layer_3 - train.classifier_average)=81.14%
[ 2020-01-13 00:52:15,828][cascade_classifier.calc_accuracy] Accuracy(layer_3 - test.classifier_average)=87.36%
[ 2020-01-13 00:52:15,828][cascade_classifier.fit_transform] [Result][Optimal Level Detected] opt_layer_num=1, accuracy_train=82.43%, accuracy_test=86.21%
[ 2020-01-13 00:52:15,859][cascade_classifier.transform] X_groups_test.shape=[(87, 28)]
[ 2020-01-13 00:52:15,859][cascade_classifier.transform] group_dims=[28]
[ 2020-01-13 00:52:15,859][cascade_classifier.transform] X_test.shape=(87, 28)
[ 2020-01-13 00:52:15,859][cascade_classifier.transform] [layer=0] look_indexs=[0], X_cur_test.shape=(87, 28)
[ 2020-01-13 00:52:18,062][cascade_classifier.transform] X_groups_test.shape=[(87, 28)]
[ 2020-01-13 00:52:18,062][cascade_classifier.transform] group_dims=[28]
[ 2020-01-13 00:52:18,062][cascade_classifier.transform] X_test.shape=(87, 28)
[ 2020-01-13 00:52:18,062][cascade_classifier.transform] [layer=0] look_indexs=[0], X_cur_test.shape=(87, 28)
[ 2020-01-13 00:52:28,860][cascade_classifier.fit_transform] X_groups_train.shape=[(774, 28)],y_train.shape=(774,),X_groups_test.shape=[(87, 28)],y_test.shape=(87,)
[ 2020-01-13 00:52:28,860][cascade_classifier.fit_transform] group_dims=[28]
[ 2020-01-13 00:52:28,860][cascade_classifier.fit_transform] group_starts=[0]
[ 2020-01-13 00:52:28,860][cascade_classifier.fit_transform] group_ends=[28]
[ 2020-01-13 00:52:28,860][cascade_classifier.fit_transform] X_train.shape=(774, 28),X_test.shape=(87, 28)
[ 2020-01-13 00:52:28,860][cascade_classifier.fit_transform] [layer=0] look_indexs=[0], X_cur_train.shape=(774, 28), X_cur_test.shape=(87, 28)
[ 2020-01-13 00:52:30,188][kfold_wrapper.log_eval_metrics] Accuracy(layer_0 - estimator_0 - 5_folds.train_0.predict)=87.18%
[ 2020-01-13 00:52:31,719][kfold_wrapper.log_eval_metrics] Accuracy(layer_0 - estimator_0 - 5_folds.train_1.predict)=82.69%
[ 2020-01-13 00:52:33,250][kfold_wrapper.log_eval_metrics] Accuracy(layer_0 - estimator_0 - 5_folds.train_2.predict)=82.47%
[ 2020-01-13 00:52:34,782][kfold_wrapper.log_eval_metrics] Accuracy(layer_0 - estimator_0 - 5_folds.train_3.predict)=85.06%
[ 2020-01-13 00:52:36,329][kfold_wrapper.log_eval_metrics] Accuracy(layer_0 - estimator_0 - 5_folds.train_4.predict)=75.97%
[ 2020-01-13 00:52:36,547][kfold_wrapper.log_eval_metrics] Accuracy(layer_0 - estimator_0 - 5_folds.train_cv.predict)=82.69%
[ 2020-01-13 00:52:36,547][kfold_wrapper.log_eval_metrics] Accuracy(layer_0 - estimator_0 - 5_folds.test.predict)=88.51%
[ 2020-01-13 00:52:37,860][kfold_wrapper.log_eval_metrics] Accuracy(layer_0 - estimator_1 - 5_folds.train_0.predict)=81.41%
[ 2020-01-13 00:52:39,391][kfold_wrapper.log_eval_metrics] Accuracy(layer_0 - estimator_1 - 5_folds.train_1.predict)=78.85%
[ 2020-01-13 00:52:40,923][kfold_wrapper.log_eval_metrics] Accuracy(layer_0 - estimator_1 - 5_folds.train_2.predict)=83.12%
[ 2020-01-13 00:52:42,454][kfold_wrapper.log_eval_metrics] Accuracy(layer_0 - estimator_1 - 5_folds.train_3.predict)=85.06%
[ 2020-01-13 00:52:43,970][kfold_wrapper.log_eval_metrics] Accuracy(layer_0 - estimator_1 - 5_folds.train_4.predict)=87.01%
[ 2020-01-13 00:52:44,188][kfold_wrapper.log_eval_metrics] Accuracy(layer_0 - estimator_1 - 5_folds.train_cv.predict)=83.07%
[ 2020-01-13 00:52:44,188][kfold_wrapper.log_eval_metrics] Accuracy(layer_0 - estimator_1 - 5_folds.test.predict)=88.51%
[ 2020-01-13 00:52:44,438][kfold_wrapper.log_eval_metrics] Accuracy(layer_0 - estimator_2 - 5_folds.train_0.predict)=79.49%
[ 2020-01-13 00:52:44,704][kfold_wrapper.log_eval_metrics] Accuracy(layer_0 - estimator_2 - 5_folds.train_1.predict)=81.41%
[ 2020-01-13 00:52:44,938][kfold_wrapper.log_eval_metrics] Accuracy(layer_0 - estimator_2 - 5_folds.train_2.predict)=81.82%
[ 2020-01-13 00:52:45,204][kfold_wrapper.log_eval_metrics] Accuracy(layer_0 - estimator_2 - 5_folds.train_3.predict)=82.47%
[ 2020-01-13 00:52:45,454][kfold_wrapper.log_eval_metrics] Accuracy(layer_0 - estimator_2 - 5_folds.train_4.predict)=79.87%
[ 2020-01-13 00:52:45,454][kfold_wrapper.log_eval_metrics] Accuracy(layer_0 - estimator_2 - 5_folds.train_cv.predict)=81.01%
[ 2020-01-13 00:52:45,454][kfold_wrapper.log_eval_metrics] Accuracy(layer_0 - estimator_2 - 5_folds.test.predict)=86.21%
[ 2020-01-13 00:52:45,454][cascade_classifier.calc_accuracy] Accuracy(layer_0 - train.classifier_average)=82.69%
[ 2020-01-13 00:52:45,454][cascade_classifier.calc_accuracy] Accuracy(layer_0 - test.classifier_average)=86.21%
[ 2020-01-13 00:52:45,454][cascade_classifier.fit_transform] [layer=1] look_indexs=[0], X_cur_train.shape=(774, 34), X_cur_test.shape=(87, 34)
[ 2020-01-13 00:52:46,751][kfold_wrapper.log_eval_metrics] Accuracy(layer_1 - estimator_0 - 5_folds.train_0.predict)=82.05%
[ 2020-01-13 00:52:48,267][kfold_wrapper.log_eval_metrics] Accuracy(layer_1 - estimator_0 - 5_folds.train_1.predict)=78.85%
[ 2020-01-13 00:52:49,767][kfold_wrapper.log_eval_metrics] Accuracy(layer_1 - estimator_0 - 5_folds.train_2.predict)=80.52%
[ 2020-01-13 00:52:51,267][kfold_wrapper.log_eval_metrics] Accuracy(layer_1 - estimator_0 - 5_folds.train_3.predict)=83.12%
[ 2020-01-13 00:52:52,798][kfold_wrapper.log_eval_metrics] Accuracy(layer_1 - estimator_0 - 5_folds.train_4.predict)=78.57%
[ 2020-01-13 00:52:53,017][kfold_wrapper.log_eval_metrics] Accuracy(layer_1 - estimator_0 - 5_folds.train_cv.predict)=80.62%
[ 2020-01-13 00:52:53,017][kfold_wrapper.log_eval_metrics] Accuracy(layer_1 - estimator_0 - 5_folds.test.predict)=87.36%
[ 2020-01-13 00:52:54,298][kfold_wrapper.log_eval_metrics] Accuracy(layer_1 - estimator_1 - 5_folds.train_0.predict)=81.41%
[ 2020-01-13 00:52:55,799][kfold_wrapper.log_eval_metrics] Accuracy(layer_1 - estimator_1 - 5_folds.train_1.predict)=81.41%
[ 2020-01-13 00:52:57,298][kfold_wrapper.log_eval_metrics] Accuracy(layer_1 - estimator_1 - 5_folds.train_2.predict)=79.87%
[ 2020-01-13 00:52:58,814][kfold_wrapper.log_eval_metrics] Accuracy(layer_1 - estimator_1 - 5_folds.train_3.predict)=82.47%
[ 2020-01-13 00:53:00,330][kfold_wrapper.log_eval_metrics] Accuracy(layer_1 - estimator_1 - 5_folds.train_4.predict)=82.47%
[ 2020-01-13 00:53:00,548][kfold_wrapper.log_eval_metrics] Accuracy(layer_1 - estimator_1 - 5_folds.train_cv.predict)=81.52%
[ 2020-01-13 00:53:00,548][kfold_wrapper.log_eval_metrics] Accuracy(layer_1 - estimator_1 - 5_folds.test.predict)=87.36%
[ 2020-01-13 00:53:00,814][kfold_wrapper.log_eval_metrics] Accuracy(layer_1 - estimator_2 - 5_folds.train_0.predict)=80.13%
[ 2020-01-13 00:53:01,080][kfold_wrapper.log_eval_metrics] Accuracy(layer_1 - estimator_2 - 5_folds.train_1.predict)=80.13%
[ 2020-01-13 00:53:01,345][kfold_wrapper.log_eval_metrics] Accuracy(layer_1 - estimator_2 - 5_folds.train_2.predict)=77.27%
[ 2020-01-13 00:53:01,595][kfold_wrapper.log_eval_metrics] Accuracy(layer_1 - estimator_2 - 5_folds.train_3.predict)=83.12%
[ 2020-01-13 00:53:01,845][kfold_wrapper.log_eval_metrics] Accuracy(layer_1 - estimator_2 - 5_folds.train_4.predict)=74.03%
[ 2020-01-13 00:53:01,845][kfold_wrapper.log_eval_metrics] Accuracy(layer_1 - estimator_2 - 5_folds.train_cv.predict)=78.94%
[ 2020-01-13 00:53:01,845][kfold_wrapper.log_eval_metrics] Accuracy(layer_1 - estimator_2 - 5_folds.test.predict)=86.21%
[ 2020-01-13 00:53:01,845][cascade_classifier.calc_accuracy] Accuracy(layer_1 - train.classifier_average)=80.62%
[ 2020-01-13 00:53:01,845][cascade_classifier.calc_accuracy] Accuracy(layer_1 - test.classifier_average)=87.36%
[ 2020-01-13 00:53:01,845][cascade_classifier.fit_transform] [layer=2] look_indexs=[0], X_cur_train.shape=(774, 34), X_cur_test.shape=(87, 34)
[ 2020-01-13 00:53:03,189][kfold_wrapper.log_eval_metrics] Accuracy(layer_2 - estimator_0 - 5_folds.train_0.predict)=82.69%
[ 2020-01-13 00:53:04,690][kfold_wrapper.log_eval_metrics] Accuracy(layer_2 - estimator_0 - 5_folds.train_1.predict)=78.85%
[ 2020-01-13 00:53:06,221][kfold_wrapper.log_eval_metrics] Accuracy(layer_2 - estimator_0 - 5_folds.train_2.predict)=83.12%
[ 2020-01-13 00:53:07,737][kfold_wrapper.log_eval_metrics] Accuracy(layer_2 - estimator_0 - 5_folds.train_3.predict)=80.52%
[ 2020-01-13 00:53:09,236][kfold_wrapper.log_eval_metrics] Accuracy(layer_2 - estimator_0 - 5_folds.train_4.predict)=84.42%
[ 2020-01-13 00:53:09,471][kfold_wrapper.log_eval_metrics] Accuracy(layer_2 - estimator_0 - 5_folds.train_cv.predict)=81.91%
[ 2020-01-13 00:53:09,471][kfold_wrapper.log_eval_metrics] Accuracy(layer_2 - estimator_0 - 5_folds.test.predict)=86.21%
[ 2020-01-13 00:53:10,784][kfold_wrapper.log_eval_metrics] Accuracy(layer_2 - estimator_1 - 5_folds.train_0.predict)=83.33%
[ 2020-01-13 00:53:12,346][kfold_wrapper.log_eval_metrics] Accuracy(layer_2 - estimator_1 - 5_folds.train_1.predict)=85.26%
[ 2020-01-13 00:53:13,862][kfold_wrapper.log_eval_metrics] Accuracy(layer_2 - estimator_1 - 5_folds.train_2.predict)=77.92%
[ 2020-01-13 00:53:15,378][kfold_wrapper.log_eval_metrics] Accuracy(layer_2 - estimator_1 - 5_folds.train_3.predict)=79.87%
[ 2020-01-13 00:53:16,878][kfold_wrapper.log_eval_metrics] Accuracy(layer_2 - estimator_1 - 5_folds.train_4.predict)=82.47%
[ 2020-01-13 00:53:17,097][kfold_wrapper.log_eval_metrics] Accuracy(layer_2 - estimator_1 - 5_folds.train_cv.predict)=81.78%
[ 2020-01-13 00:53:17,097][kfold_wrapper.log_eval_metrics] Accuracy(layer_2 - estimator_1 - 5_folds.test.predict)=86.21%
[ 2020-01-13 00:53:17,362][kfold_wrapper.log_eval_metrics] Accuracy(layer_2 - estimator_2 - 5_folds.train_0.predict)=81.41%
[ 2020-01-13 00:53:17,628][kfold_wrapper.log_eval_metrics] Accuracy(layer_2 - estimator_2 - 5_folds.train_1.predict)=78.21%
[ 2020-01-13 00:53:17,894][kfold_wrapper.log_eval_metrics] Accuracy(layer_2 - estimator_2 - 5_folds.train_2.predict)=81.17%
[ 2020-01-13 00:53:18,159][kfold_wrapper.log_eval_metrics] Accuracy(layer_2 - estimator_2 - 5_folds.train_3.predict)=85.06%
[ 2020-01-13 00:53:18,394][kfold_wrapper.log_eval_metrics] Accuracy(layer_2 - estimator_2 - 5_folds.train_4.predict)=81.82%
[ 2020-01-13 00:53:18,409][kfold_wrapper.log_eval_metrics] Accuracy(layer_2 - estimator_2 - 5_folds.train_cv.predict)=81.52%
[ 2020-01-13 00:53:18,409][kfold_wrapper.log_eval_metrics] Accuracy(layer_2 - estimator_2 - 5_folds.test.predict)=85.06%
[ 2020-01-13 00:53:18,409][cascade_classifier.calc_accuracy] Accuracy(layer_2 - train.classifier_average)=81.52%
[ 2020-01-13 00:53:18,409][cascade_classifier.calc_accuracy] Accuracy(layer_2 - test.classifier_average)=86.21%
[ 2020-01-13 00:53:18,409][cascade_classifier.fit_transform] [layer=3] look_indexs=[0], X_cur_train.shape=(774, 34), X_cur_test.shape=(87, 34)
[ 2020-01-13 00:53:19,706][kfold_wrapper.log_eval_metrics] Accuracy(layer_3 - estimator_0 - 5_folds.train_0.predict)=83.97%
[ 2020-01-13 00:53:21,222][kfold_wrapper.log_eval_metrics] Accuracy(layer_3 - estimator_0 - 5_folds.train_1.predict)=82.05%
[ 2020-01-13 00:53:22,754][kfold_wrapper.log_eval_metrics] Accuracy(layer_3 - estimator_0 - 5_folds.train_2.predict)=81.82%
[ 2020-01-13 00:53:24,300][kfold_wrapper.log_eval_metrics] Accuracy(layer_3 - estimator_0 - 5_folds.train_3.predict)=79.22%
[ 2020-01-13 00:53:25,847][kfold_wrapper.log_eval_metrics] Accuracy(layer_3 - estimator_0 - 5_folds.train_4.predict)=83.12%
[ 2020-01-13 00:53:26,066][kfold_wrapper.log_eval_metrics] Accuracy(layer_3 - estimator_0 - 5_folds.train_cv.predict)=82.04%
[ 2020-01-13 00:53:26,066][kfold_wrapper.log_eval_metrics] Accuracy(layer_3 - estimator_0 - 5_folds.test.predict)=86.21%
[ 2020-01-13 00:53:27,379][kfold_wrapper.log_eval_metrics] Accuracy(layer_3 - estimator_1 - 5_folds.train_0.predict)=79.49%
[ 2020-01-13 00:53:29,011][kfold_wrapper.log_eval_metrics] Accuracy(layer_3 - estimator_1 - 5_folds.train_1.predict)=87.18%
[ 2020-01-13 00:53:30,658][kfold_wrapper.log_eval_metrics] Accuracy(layer_3 - estimator_1 - 5_folds.train_2.predict)=79.87%
[ 2020-01-13 00:53:32,283][kfold_wrapper.log_eval_metrics] Accuracy(layer_3 - estimator_1 - 5_folds.train_3.predict)=76.62%
[ 2020-01-13 00:53:33,940][kfold_wrapper.log_eval_metrics] Accuracy(layer_3 - estimator_1 - 5_folds.train_4.predict)=81.17%
[ 2020-01-13 00:53:34,159][kfold_wrapper.log_eval_metrics] Accuracy(layer_3 - estimator_1 - 5_folds.train_cv.predict)=80.88%
[ 2020-01-13 00:53:34,159][kfold_wrapper.log_eval_metrics] Accuracy(layer_3 - estimator_1 - 5_folds.test.predict)=86.21%
[ 2020-01-13 00:53:34,424][kfold_wrapper.log_eval_metrics] Accuracy(layer_3 - estimator_2 - 5_folds.train_0.predict)=80.77%
[ 2020-01-13 00:53:34,690][kfold_wrapper.log_eval_metrics] Accuracy(layer_3 - estimator_2 - 5_folds.train_1.predict)=80.77%
[ 2020-01-13 00:53:34,971][kfold_wrapper.log_eval_metrics] Accuracy(layer_3 - estimator_2 - 5_folds.train_2.predict)=77.92%
[ 2020-01-13 00:53:35,252][kfold_wrapper.log_eval_metrics] Accuracy(layer_3 - estimator_2 - 5_folds.train_3.predict)=88.31%
[ 2020-01-13 00:53:35,549][kfold_wrapper.log_eval_metrics] Accuracy(layer_3 - estimator_2 - 5_folds.train_4.predict)=82.47%
[ 2020-01-13 00:53:35,549][kfold_wrapper.log_eval_metrics] Accuracy(layer_3 - estimator_2 - 5_folds.train_cv.predict)=82.04%
[ 2020-01-13 00:53:35,549][kfold_wrapper.log_eval_metrics] Accuracy(layer_3 - estimator_2 - 5_folds.test.predict)=87.36%
[ 2020-01-13 00:53:35,549][cascade_classifier.calc_accuracy] Accuracy(layer_3 - train.classifier_average)=82.56%
[ 2020-01-13 00:53:35,549][cascade_classifier.calc_accuracy] Accuracy(layer_3 - test.classifier_average)=87.36%
[ 2020-01-13 00:53:35,549][cascade_classifier.fit_transform] [Result][Optimal Level Detected] opt_layer_num=1, accuracy_train=82.69%, accuracy_test=86.21%
[ 2020-01-13 00:53:35,580][cascade_classifier.transform] X_groups_test.shape=[(87, 28)]
[ 2020-01-13 00:53:35,580][cascade_classifier.transform] group_dims=[28]
[ 2020-01-13 00:53:35,580][cascade_classifier.transform] X_test.shape=(87, 28)
[ 2020-01-13 00:53:35,596][cascade_classifier.transform] [layer=0] look_indexs=[0], X_cur_test.shape=(87, 28)
[ 2020-01-13 00:53:37,784][cascade_classifier.transform] X_groups_test.shape=[(87, 28)]
[ 2020-01-13 00:53:37,784][cascade_classifier.transform] group_dims=[28]
[ 2020-01-13 00:53:37,784][cascade_classifier.transform] X_test.shape=(87, 28)
[ 2020-01-13 00:53:37,784][cascade_classifier.transform] [layer=0] look_indexs=[0], X_cur_test.shape=(87, 28)
