[ 2020-03-15 22:40:06,637][cascade_classifier.fit_transform] X_groups_train.shape=[(774, 1)],y_train.shape=(774,),X_groups_test.shape=[(87, 1)],y_test.shape=(87,)
[ 2020-03-15 22:40:06,637][cascade_classifier.fit_transform] group_dims=[1]
[ 2020-03-15 22:40:06,637][cascade_classifier.fit_transform] group_starts=[0]
[ 2020-03-15 22:40:06,637][cascade_classifier.fit_transform] group_ends=[1]
[ 2020-03-15 22:40:06,637][cascade_classifier.fit_transform] X_train.shape=(774, 1),X_test.shape=(87, 1)
[ 2020-03-15 22:40:06,637][cascade_classifier.fit_transform] [layer=0] look_indexs=[0], X_cur_train.shape=(774, 1), X_cur_test.shape=(87, 1)
[ 2020-03-15 22:40:08,825][kfold_wrapper.log_eval_metrics] Accuracy(layer_0 - estimator_0 - 3_folds.train_0.predict)=78.38%
[ 2020-03-15 22:40:11,341][kfold_wrapper.log_eval_metrics] Accuracy(layer_0 - estimator_0 - 3_folds.train_1.predict)=72.87%
[ 2020-03-15 22:40:13,678][kfold_wrapper.log_eval_metrics] Accuracy(layer_0 - estimator_0 - 3_folds.train_2.predict)=78.99%
[ 2020-03-15 22:40:13,997][kfold_wrapper.log_eval_metrics] Accuracy(layer_0 - estimator_0 - 3_folds.train_cv.predict)=76.74%
[ 2020-03-15 22:40:13,997][kfold_wrapper.log_eval_metrics] Accuracy(layer_0 - estimator_0 - 3_folds.test.predict)=75.86%
[ 2020-03-15 22:40:15,947][kfold_wrapper.log_eval_metrics] Accuracy(layer_0 - estimator_1 - 3_folds.train_0.predict)=71.43%
[ 2020-03-15 22:40:18,276][kfold_wrapper.log_eval_metrics] Accuracy(layer_0 - estimator_1 - 3_folds.train_1.predict)=74.81%
[ 2020-03-15 22:40:20,526][kfold_wrapper.log_eval_metrics] Accuracy(layer_0 - estimator_1 - 3_folds.train_2.predict)=75.88%
[ 2020-03-15 22:40:20,869][kfold_wrapper.log_eval_metrics] Accuracy(layer_0 - estimator_1 - 3_folds.train_cv.predict)=74.03%
[ 2020-03-15 22:40:20,869][kfold_wrapper.log_eval_metrics] Accuracy(layer_0 - estimator_1 - 3_folds.test.predict)=75.86%
[ 2020-03-15 22:40:21,135][kfold_wrapper.log_eval_metrics] Accuracy(layer_0 - estimator_2 - 3_folds.train_0.predict)=77.99%
[ 2020-03-15 22:40:21,260][kfold_wrapper.log_eval_metrics] Accuracy(layer_0 - estimator_2 - 3_folds.train_1.predict)=78.29%
[ 2020-03-15 22:40:21,400][kfold_wrapper.log_eval_metrics] Accuracy(layer_0 - estimator_2 - 3_folds.train_2.predict)=82.10%
[ 2020-03-15 22:40:21,400][kfold_wrapper.log_eval_metrics] Accuracy(layer_0 - estimator_2 - 3_folds.train_cv.predict)=79.46%
[ 2020-03-15 22:40:21,400][kfold_wrapper.log_eval_metrics] Accuracy(layer_0 - estimator_2 - 3_folds.test.predict)=78.16%
[ 2020-03-15 22:40:21,400][cascade_classifier.calc_accuracy] Accuracy(layer_0 - train.classifier_average)=79.20%
[ 2020-03-15 22:40:21,400][cascade_classifier.calc_accuracy] Accuracy(layer_0 - test.classifier_average)=74.71%
[ 2020-03-15 22:40:21,400][cascade_classifier.fit_transform] [layer=1] look_indexs=[0], X_cur_train.shape=(774, 7), X_cur_test.shape=(87, 7)
[ 2020-03-15 22:40:23,417][kfold_wrapper.log_eval_metrics] Accuracy(layer_1 - estimator_0 - 3_folds.train_0.predict)=85.71%
[ 2020-03-15 22:40:25,635][kfold_wrapper.log_eval_metrics] Accuracy(layer_1 - estimator_0 - 3_folds.train_1.predict)=83.33%
[ 2020-03-15 22:40:27,909][kfold_wrapper.log_eval_metrics] Accuracy(layer_1 - estimator_0 - 3_folds.train_2.predict)=84.05%
[ 2020-03-15 22:40:28,237][kfold_wrapper.log_eval_metrics] Accuracy(layer_1 - estimator_0 - 3_folds.train_cv.predict)=84.37%
[ 2020-03-15 22:40:28,237][kfold_wrapper.log_eval_metrics] Accuracy(layer_1 - estimator_0 - 3_folds.test.predict)=80.46%
[ 2020-03-15 22:40:30,144][kfold_wrapper.log_eval_metrics] Accuracy(layer_1 - estimator_1 - 3_folds.train_0.predict)=83.78%
[ 2020-03-15 22:40:32,487][kfold_wrapper.log_eval_metrics] Accuracy(layer_1 - estimator_1 - 3_folds.train_1.predict)=83.72%
[ 2020-03-15 22:40:34,706][kfold_wrapper.log_eval_metrics] Accuracy(layer_1 - estimator_1 - 3_folds.train_2.predict)=80.93%
[ 2020-03-15 22:40:35,050][kfold_wrapper.log_eval_metrics] Accuracy(layer_1 - estimator_1 - 3_folds.train_cv.predict)=82.82%
[ 2020-03-15 22:40:35,050][kfold_wrapper.log_eval_metrics] Accuracy(layer_1 - estimator_1 - 3_folds.test.predict)=81.61%
[ 2020-03-15 22:40:35,222][kfold_wrapper.log_eval_metrics] Accuracy(layer_1 - estimator_2 - 3_folds.train_0.predict)=81.08%
[ 2020-03-15 22:40:35,409][kfold_wrapper.log_eval_metrics] Accuracy(layer_1 - estimator_2 - 3_folds.train_1.predict)=84.11%
[ 2020-03-15 22:40:35,581][kfold_wrapper.log_eval_metrics] Accuracy(layer_1 - estimator_2 - 3_folds.train_2.predict)=84.05%
[ 2020-03-15 22:40:35,597][kfold_wrapper.log_eval_metrics] Accuracy(layer_1 - estimator_2 - 3_folds.train_cv.predict)=83.07%
[ 2020-03-15 22:40:35,597][kfold_wrapper.log_eval_metrics] Accuracy(layer_1 - estimator_2 - 3_folds.test.predict)=78.16%
[ 2020-03-15 22:40:35,597][cascade_classifier.calc_accuracy] Accuracy(layer_1 - train.classifier_average)=84.11%
[ 2020-03-15 22:40:35,597][cascade_classifier.calc_accuracy] Accuracy(layer_1 - test.classifier_average)=78.16%
[ 2020-03-15 22:40:35,597][cascade_classifier.fit_transform] [layer=2] look_indexs=[0], X_cur_train.shape=(774, 7), X_cur_test.shape=(87, 7)
[ 2020-03-15 22:40:37,634][kfold_wrapper.log_eval_metrics] Accuracy(layer_2 - estimator_0 - 3_folds.train_0.predict)=87.26%
[ 2020-03-15 22:40:39,853][kfold_wrapper.log_eval_metrics] Accuracy(layer_2 - estimator_0 - 3_folds.train_1.predict)=84.50%
[ 2020-03-15 22:40:42,072][kfold_wrapper.log_eval_metrics] Accuracy(layer_2 - estimator_0 - 3_folds.train_2.predict)=79.77%
[ 2020-03-15 22:40:42,415][kfold_wrapper.log_eval_metrics] Accuracy(layer_2 - estimator_0 - 3_folds.train_cv.predict)=83.85%
[ 2020-03-15 22:40:42,415][kfold_wrapper.log_eval_metrics] Accuracy(layer_2 - estimator_0 - 3_folds.test.predict)=81.61%
[ 2020-03-15 22:40:44,431][kfold_wrapper.log_eval_metrics] Accuracy(layer_2 - estimator_1 - 3_folds.train_0.predict)=84.17%
[ 2020-03-15 22:40:46,775][kfold_wrapper.log_eval_metrics] Accuracy(layer_2 - estimator_1 - 3_folds.train_1.predict)=82.56%
[ 2020-03-15 22:40:49,014][kfold_wrapper.log_eval_metrics] Accuracy(layer_2 - estimator_1 - 3_folds.train_2.predict)=85.21%
[ 2020-03-15 22:40:49,342][kfold_wrapper.log_eval_metrics] Accuracy(layer_2 - estimator_1 - 3_folds.train_cv.predict)=83.98%
[ 2020-03-15 22:40:49,342][kfold_wrapper.log_eval_metrics] Accuracy(layer_2 - estimator_1 - 3_folds.test.predict)=80.46%
[ 2020-03-15 22:40:49,529][kfold_wrapper.log_eval_metrics] Accuracy(layer_2 - estimator_2 - 3_folds.train_0.predict)=81.08%
[ 2020-03-15 22:40:49,716][kfold_wrapper.log_eval_metrics] Accuracy(layer_2 - estimator_2 - 3_folds.train_1.predict)=82.56%
[ 2020-03-15 22:40:49,904][kfold_wrapper.log_eval_metrics] Accuracy(layer_2 - estimator_2 - 3_folds.train_2.predict)=84.82%
[ 2020-03-15 22:40:49,904][kfold_wrapper.log_eval_metrics] Accuracy(layer_2 - estimator_2 - 3_folds.train_cv.predict)=82.82%
[ 2020-03-15 22:40:49,904][kfold_wrapper.log_eval_metrics] Accuracy(layer_2 - estimator_2 - 3_folds.test.predict)=78.16%
[ 2020-03-15 22:40:49,904][cascade_classifier.calc_accuracy] Accuracy(layer_2 - train.classifier_average)=83.72%
[ 2020-03-15 22:40:49,904][cascade_classifier.calc_accuracy] Accuracy(layer_2 - test.classifier_average)=79.31%
[ 2020-03-15 22:40:49,904][cascade_classifier.fit_transform] [layer=3] look_indexs=[0], X_cur_train.shape=(774, 7), X_cur_test.shape=(87, 7)
[ 2020-03-15 22:40:51,842][kfold_wrapper.log_eval_metrics] Accuracy(layer_3 - estimator_0 - 3_folds.train_0.predict)=87.64%
[ 2020-03-15 22:40:54,061][kfold_wrapper.log_eval_metrics] Accuracy(layer_3 - estimator_0 - 3_folds.train_1.predict)=81.40%
[ 2020-03-15 22:40:56,280][kfold_wrapper.log_eval_metrics] Accuracy(layer_3 - estimator_0 - 3_folds.train_2.predict)=79.77%
[ 2020-03-15 22:40:56,608][kfold_wrapper.log_eval_metrics] Accuracy(layer_3 - estimator_0 - 3_folds.train_cv.predict)=82.95%
[ 2020-03-15 22:40:56,608][kfold_wrapper.log_eval_metrics] Accuracy(layer_3 - estimator_0 - 3_folds.test.predict)=79.31%
[ 2020-03-15 22:40:58,608][kfold_wrapper.log_eval_metrics] Accuracy(layer_3 - estimator_1 - 3_folds.train_0.predict)=79.92%
[ 2020-03-15 22:41:00,957][kfold_wrapper.log_eval_metrics] Accuracy(layer_3 - estimator_1 - 3_folds.train_1.predict)=86.05%
[ 2020-03-15 22:41:03,316][kfold_wrapper.log_eval_metrics] Accuracy(layer_3 - estimator_1 - 3_folds.train_2.predict)=85.21%
[ 2020-03-15 22:41:03,644][kfold_wrapper.log_eval_metrics] Accuracy(layer_3 - estimator_1 - 3_folds.train_cv.predict)=83.72%
[ 2020-03-15 22:41:03,644][kfold_wrapper.log_eval_metrics] Accuracy(layer_3 - estimator_1 - 3_folds.test.predict)=79.31%
[ 2020-03-15 22:41:03,832][kfold_wrapper.log_eval_metrics] Accuracy(layer_3 - estimator_2 - 3_folds.train_0.predict)=81.47%
[ 2020-03-15 22:41:04,004][kfold_wrapper.log_eval_metrics] Accuracy(layer_3 - estimator_2 - 3_folds.train_1.predict)=81.78%
[ 2020-03-15 22:41:04,207][kfold_wrapper.log_eval_metrics] Accuracy(layer_3 - estimator_2 - 3_folds.train_2.predict)=78.60%
[ 2020-03-15 22:41:04,207][kfold_wrapper.log_eval_metrics] Accuracy(layer_3 - estimator_2 - 3_folds.train_cv.predict)=80.62%
[ 2020-03-15 22:41:04,207][kfold_wrapper.log_eval_metrics] Accuracy(layer_3 - estimator_2 - 3_folds.test.predict)=74.71%
[ 2020-03-15 22:41:04,207][cascade_classifier.calc_accuracy] Accuracy(layer_3 - train.classifier_average)=82.95%
[ 2020-03-15 22:41:04,207][cascade_classifier.calc_accuracy] Accuracy(layer_3 - test.classifier_average)=79.31%
[ 2020-03-15 22:41:04,207][cascade_classifier.fit_transform] [layer=4] look_indexs=[0], X_cur_train.shape=(774, 7), X_cur_test.shape=(87, 7)
[ 2020-03-15 22:41:06,222][kfold_wrapper.log_eval_metrics] Accuracy(layer_4 - estimator_0 - 3_folds.train_0.predict)=84.56%
[ 2020-03-15 22:41:08,548][kfold_wrapper.log_eval_metrics] Accuracy(layer_4 - estimator_0 - 3_folds.train_1.predict)=83.33%
[ 2020-03-15 22:41:10,791][kfold_wrapper.log_eval_metrics] Accuracy(layer_4 - estimator_0 - 3_folds.train_2.predict)=83.27%
[ 2020-03-15 22:41:11,120][kfold_wrapper.log_eval_metrics] Accuracy(layer_4 - estimator_0 - 3_folds.train_cv.predict)=83.72%
[ 2020-03-15 22:41:11,120][kfold_wrapper.log_eval_metrics] Accuracy(layer_4 - estimator_0 - 3_folds.test.predict)=81.61%
[ 2020-03-15 22:41:13,120][kfold_wrapper.log_eval_metrics] Accuracy(layer_4 - estimator_1 - 3_folds.train_0.predict)=84.56%
[ 2020-03-15 22:41:15,603][kfold_wrapper.log_eval_metrics] Accuracy(layer_4 - estimator_1 - 3_folds.train_1.predict)=83.33%
