[ 2020-03-15 18:14:07,561][cascade_classifier.fit_transform] X_groups_train.shape=[(774, 1)],y_train.shape=(774,),X_groups_test.shape=[(87, 1)],y_test.shape=(87,)
[ 2020-03-15 18:14:07,561][cascade_classifier.fit_transform] group_dims=[1]
[ 2020-03-15 18:14:07,561][cascade_classifier.fit_transform] group_starts=[0]
[ 2020-03-15 18:14:07,561][cascade_classifier.fit_transform] group_ends=[1]
[ 2020-03-15 18:14:07,561][cascade_classifier.fit_transform] X_train.shape=(774, 1),X_test.shape=(87, 1)
[ 2020-03-15 18:14:07,561][cascade_classifier.fit_transform] [layer=0] look_indexs=[0], X_cur_train.shape=(774, 1), X_cur_test.shape=(87, 1)
[ 2020-03-15 18:14:09,711][kfold_wrapper.log_eval_metrics] Accuracy(layer_0 - estimator_0 - 3_folds.train_0.predict)=73.75%
[ 2020-03-15 18:14:12,185][kfold_wrapper.log_eval_metrics] Accuracy(layer_0 - estimator_0 - 3_folds.train_1.predict)=77.91%
[ 2020-03-15 18:14:14,637][kfold_wrapper.log_eval_metrics] Accuracy(layer_0 - estimator_0 - 3_folds.train_2.predict)=75.49%
[ 2020-03-15 18:14:14,978][kfold_wrapper.log_eval_metrics] Accuracy(layer_0 - estimator_0 - 3_folds.train_cv.predict)=75.71%
[ 2020-03-15 18:14:14,978][kfold_wrapper.log_eval_metrics] Accuracy(layer_0 - estimator_0 - 3_folds.test.predict)=83.91%
[ 2020-03-15 18:14:17,106][kfold_wrapper.log_eval_metrics] Accuracy(layer_0 - estimator_1 - 3_folds.train_0.predict)=79.15%
[ 2020-03-15 18:14:19,630][kfold_wrapper.log_eval_metrics] Accuracy(layer_0 - estimator_1 - 3_folds.train_1.predict)=80.23%
[ 2020-03-15 18:14:22,086][kfold_wrapper.log_eval_metrics] Accuracy(layer_0 - estimator_1 - 3_folds.train_2.predict)=73.15%
[ 2020-03-15 18:14:22,415][kfold_wrapper.log_eval_metrics] Accuracy(layer_0 - estimator_1 - 3_folds.train_cv.predict)=77.52%
[ 2020-03-15 18:14:22,415][kfold_wrapper.log_eval_metrics] Accuracy(layer_0 - estimator_1 - 3_folds.test.predict)=81.61%
[ 2020-03-15 18:14:22,798][kfold_wrapper.log_eval_metrics] Accuracy(layer_0 - estimator_2 - 3_folds.train_0.predict)=72.59%
[ 2020-03-15 18:14:23,095][kfold_wrapper.log_eval_metrics] Accuracy(layer_0 - estimator_2 - 3_folds.train_1.predict)=78.29%
[ 2020-03-15 18:14:23,345][kfold_wrapper.log_eval_metrics] Accuracy(layer_0 - estimator_2 - 3_folds.train_2.predict)=76.65%
[ 2020-03-15 18:14:23,345][kfold_wrapper.log_eval_metrics] Accuracy(layer_0 - estimator_2 - 3_folds.train_cv.predict)=75.84%
[ 2020-03-15 18:14:23,345][kfold_wrapper.log_eval_metrics] Accuracy(layer_0 - estimator_2 - 3_folds.test.predict)=77.01%
[ 2020-03-15 18:14:23,345][cascade_classifier.calc_accuracy] Accuracy(layer_0 - train.classifier_average)=79.20%
[ 2020-03-15 18:14:23,345][cascade_classifier.calc_accuracy] Accuracy(layer_0 - test.classifier_average)=81.61%
[ 2020-03-15 18:14:23,345][cascade_classifier.fit_transform] [layer=1] look_indexs=[0], X_cur_train.shape=(774, 7), X_cur_test.shape=(87, 7)
[ 2020-03-15 18:14:25,504][kfold_wrapper.log_eval_metrics] Accuracy(layer_1 - estimator_0 - 3_folds.train_0.predict)=84.17%
[ 2020-03-15 18:14:27,970][kfold_wrapper.log_eval_metrics] Accuracy(layer_1 - estimator_0 - 3_folds.train_1.predict)=81.40%
[ 2020-03-15 18:14:30,449][kfold_wrapper.log_eval_metrics] Accuracy(layer_1 - estimator_0 - 3_folds.train_2.predict)=88.72%
[ 2020-03-15 18:14:30,787][kfold_wrapper.log_eval_metrics] Accuracy(layer_1 - estimator_0 - 3_folds.train_cv.predict)=84.75%
[ 2020-03-15 18:14:30,787][kfold_wrapper.log_eval_metrics] Accuracy(layer_1 - estimator_0 - 3_folds.test.predict)=87.36%
[ 2020-03-15 18:14:32,933][kfold_wrapper.log_eval_metrics] Accuracy(layer_1 - estimator_1 - 3_folds.train_0.predict)=80.31%
[ 2020-03-15 18:14:35,444][kfold_wrapper.log_eval_metrics] Accuracy(layer_1 - estimator_1 - 3_folds.train_1.predict)=79.07%
[ 2020-03-15 18:14:37,892][kfold_wrapper.log_eval_metrics] Accuracy(layer_1 - estimator_1 - 3_folds.train_2.predict)=85.60%
[ 2020-03-15 18:14:38,220][kfold_wrapper.log_eval_metrics] Accuracy(layer_1 - estimator_1 - 3_folds.train_cv.predict)=81.65%
[ 2020-03-15 18:14:38,220][kfold_wrapper.log_eval_metrics] Accuracy(layer_1 - estimator_1 - 3_folds.test.predict)=87.36%
[ 2020-03-15 18:14:38,423][kfold_wrapper.log_eval_metrics] Accuracy(layer_1 - estimator_2 - 3_folds.train_0.predict)=83.78%
[ 2020-03-15 18:14:38,646][kfold_wrapper.log_eval_metrics] Accuracy(layer_1 - estimator_2 - 3_folds.train_1.predict)=83.33%
[ 2020-03-15 18:14:38,853][kfold_wrapper.log_eval_metrics] Accuracy(layer_1 - estimator_2 - 3_folds.train_2.predict)=84.44%
[ 2020-03-15 18:14:38,853][kfold_wrapper.log_eval_metrics] Accuracy(layer_1 - estimator_2 - 3_folds.train_cv.predict)=83.85%
[ 2020-03-15 18:14:38,853][kfold_wrapper.log_eval_metrics] Accuracy(layer_1 - estimator_2 - 3_folds.test.predict)=86.21%
[ 2020-03-15 18:14:38,853][cascade_classifier.calc_accuracy] Accuracy(layer_1 - train.classifier_average)=83.85%
[ 2020-03-15 18:14:38,853][cascade_classifier.calc_accuracy] Accuracy(layer_1 - test.classifier_average)=87.36%
[ 2020-03-15 18:14:38,853][cascade_classifier.fit_transform] [layer=2] look_indexs=[0], X_cur_train.shape=(774, 7), X_cur_test.shape=(87, 7)
[ 2020-03-15 18:14:41,020][kfold_wrapper.log_eval_metrics] Accuracy(layer_2 - estimator_0 - 3_folds.train_0.predict)=84.94%
[ 2020-03-15 18:14:43,489][kfold_wrapper.log_eval_metrics] Accuracy(layer_2 - estimator_0 - 3_folds.train_1.predict)=88.37%
[ 2020-03-15 18:14:45,971][kfold_wrapper.log_eval_metrics] Accuracy(layer_2 - estimator_0 - 3_folds.train_2.predict)=84.44%
[ 2020-03-15 18:14:46,300][kfold_wrapper.log_eval_metrics] Accuracy(layer_2 - estimator_0 - 3_folds.train_cv.predict)=85.92%
[ 2020-03-15 18:14:46,300][kfold_wrapper.log_eval_metrics] Accuracy(layer_2 - estimator_0 - 3_folds.test.predict)=86.21%
[ 2020-03-15 18:14:48,417][kfold_wrapper.log_eval_metrics] Accuracy(layer_2 - estimator_1 - 3_folds.train_0.predict)=85.71%
[ 2020-03-15 18:14:50,963][kfold_wrapper.log_eval_metrics] Accuracy(layer_2 - estimator_1 - 3_folds.train_1.predict)=87.21%
[ 2020-03-15 18:14:53,459][kfold_wrapper.log_eval_metrics] Accuracy(layer_2 - estimator_1 - 3_folds.train_2.predict)=86.77%
[ 2020-03-15 18:14:53,805][kfold_wrapper.log_eval_metrics] Accuracy(layer_2 - estimator_1 - 3_folds.train_cv.predict)=86.56%
[ 2020-03-15 18:14:53,805][kfold_wrapper.log_eval_metrics] Accuracy(layer_2 - estimator_1 - 3_folds.test.predict)=87.36%
[ 2020-03-15 18:14:54,008][kfold_wrapper.log_eval_metrics] Accuracy(layer_2 - estimator_2 - 3_folds.train_0.predict)=81.85%
[ 2020-03-15 18:14:54,242][kfold_wrapper.log_eval_metrics] Accuracy(layer_2 - estimator_2 - 3_folds.train_1.predict)=84.11%
[ 2020-03-15 18:14:54,461][kfold_wrapper.log_eval_metrics] Accuracy(layer_2 - estimator_2 - 3_folds.train_2.predict)=83.27%
[ 2020-03-15 18:14:54,461][kfold_wrapper.log_eval_metrics] Accuracy(layer_2 - estimator_2 - 3_folds.train_cv.predict)=83.07%
[ 2020-03-15 18:14:54,476][kfold_wrapper.log_eval_metrics] Accuracy(layer_2 - estimator_2 - 3_folds.test.predict)=86.21%
[ 2020-03-15 18:14:54,476][cascade_classifier.calc_accuracy] Accuracy(layer_2 - train.classifier_average)=84.37%
[ 2020-03-15 18:14:54,476][cascade_classifier.calc_accuracy] Accuracy(layer_2 - test.classifier_average)=86.21%
[ 2020-03-15 18:14:54,476][cascade_classifier.fit_transform] [layer=3] look_indexs=[0], X_cur_train.shape=(774, 7), X_cur_test.shape=(87, 7)
[ 2020-03-15 18:14:56,593][kfold_wrapper.log_eval_metrics] Accuracy(layer_3 - estimator_0 - 3_folds.train_0.predict)=85.71%
[ 2020-03-15 18:14:59,119][kfold_wrapper.log_eval_metrics] Accuracy(layer_3 - estimator_0 - 3_folds.train_1.predict)=82.17%
[ 2020-03-15 18:15:01,608][kfold_wrapper.log_eval_metrics] Accuracy(layer_3 - estimator_0 - 3_folds.train_2.predict)=83.27%
[ 2020-03-15 18:15:01,938][kfold_wrapper.log_eval_metrics] Accuracy(layer_3 - estimator_0 - 3_folds.train_cv.predict)=83.72%
[ 2020-03-15 18:15:01,938][kfold_wrapper.log_eval_metrics] Accuracy(layer_3 - estimator_0 - 3_folds.test.predict)=86.21%
[ 2020-03-15 18:15:04,096][kfold_wrapper.log_eval_metrics] Accuracy(layer_3 - estimator_1 - 3_folds.train_0.predict)=82.63%
[ 2020-03-15 18:15:06,857][kfold_wrapper.log_eval_metrics] Accuracy(layer_3 - estimator_1 - 3_folds.train_1.predict)=84.88%
[ 2020-03-15 18:15:09,344][kfold_wrapper.log_eval_metrics] Accuracy(layer_3 - estimator_1 - 3_folds.train_2.predict)=85.60%
[ 2020-03-15 18:15:09,680][kfold_wrapper.log_eval_metrics] Accuracy(layer_3 - estimator_1 - 3_folds.train_cv.predict)=84.37%
[ 2020-03-15 18:15:09,680][kfold_wrapper.log_eval_metrics] Accuracy(layer_3 - estimator_1 - 3_folds.test.predict)=85.06%
[ 2020-03-15 18:15:09,914][kfold_wrapper.log_eval_metrics] Accuracy(layer_3 - estimator_2 - 3_folds.train_0.predict)=82.24%
[ 2020-03-15 18:15:10,148][kfold_wrapper.log_eval_metrics] Accuracy(layer_3 - estimator_2 - 3_folds.train_1.predict)=84.11%
[ 2020-03-15 18:15:10,367][kfold_wrapper.log_eval_metrics] Accuracy(layer_3 - estimator_2 - 3_folds.train_2.predict)=84.44%
[ 2020-03-15 18:15:10,367][kfold_wrapper.log_eval_metrics] Accuracy(layer_3 - estimator_2 - 3_folds.train_cv.predict)=83.59%
[ 2020-03-15 18:15:10,367][kfold_wrapper.log_eval_metrics] Accuracy(layer_3 - estimator_2 - 3_folds.test.predict)=83.91%
[ 2020-03-15 18:15:10,367][cascade_classifier.calc_accuracy] Accuracy(layer_3 - train.classifier_average)=84.37%
[ 2020-03-15 18:15:10,367][cascade_classifier.calc_accuracy] Accuracy(layer_3 - test.classifier_average)=83.91%
[ 2020-03-15 18:15:10,367][cascade_classifier.fit_transform] [layer=4] look_indexs=[0], X_cur_train.shape=(774, 7), X_cur_test.shape=(87, 7)
[ 2020-03-15 18:15:12,672][kfold_wrapper.log_eval_metrics] Accuracy(layer_4 - estimator_0 - 3_folds.train_0.predict)=86.49%
[ 2020-03-15 18:15:15,166][kfold_wrapper.log_eval_metrics] Accuracy(layer_4 - estimator_0 - 3_folds.train_1.predict)=84.11%
[ 2020-03-15 18:15:17,816][kfold_wrapper.log_eval_metrics] Accuracy(layer_4 - estimator_0 - 3_folds.train_2.predict)=83.66%
[ 2020-03-15 18:15:18,143][kfold_wrapper.log_eval_metrics] Accuracy(layer_4 - estimator_0 - 3_folds.train_cv.predict)=84.75%
[ 2020-03-15 18:15:18,143][kfold_wrapper.log_eval_metrics] Accuracy(layer_4 - estimator_0 - 3_folds.test.predict)=85.06%
[ 2020-03-15 18:15:20,270][kfold_wrapper.log_eval_metrics] Accuracy(layer_4 - estimator_1 - 3_folds.train_0.predict)=84.94%
[ 2020-03-15 18:15:22,894][kfold_wrapper.log_eval_metrics] Accuracy(layer_4 - estimator_1 - 3_folds.train_1.predict)=82.95%
[ 2020-03-15 18:15:25,550][kfold_wrapper.log_eval_metrics] Accuracy(layer_4 - estimator_1 - 3_folds.train_2.predict)=84.05%
[ 2020-03-15 18:15:25,889][kfold_wrapper.log_eval_metrics] Accuracy(layer_4 - estimator_1 - 3_folds.train_cv.predict)=83.98%
[ 2020-03-15 18:15:25,889][kfold_wrapper.log_eval_metrics] Accuracy(layer_4 - estimator_1 - 3_folds.test.predict)=85.06%
[ 2020-03-15 18:15:26,107][kfold_wrapper.log_eval_metrics] Accuracy(layer_4 - estimator_2 - 3_folds.train_0.predict)=82.63%
[ 2020-03-15 18:15:26,310][kfold_wrapper.log_eval_metrics] Accuracy(layer_4 - estimator_2 - 3_folds.train_1.predict)=84.50%
[ 2020-03-15 18:15:26,529][kfold_wrapper.log_eval_metrics] Accuracy(layer_4 - estimator_2 - 3_folds.train_2.predict)=81.32%
[ 2020-03-15 18:15:26,529][kfold_wrapper.log_eval_metrics] Accuracy(layer_4 - estimator_2 - 3_folds.train_cv.predict)=82.82%
[ 2020-03-15 18:15:26,529][kfold_wrapper.log_eval_metrics] Accuracy(layer_4 - estimator_2 - 3_folds.test.predict)=86.21%
[ 2020-03-15 18:15:26,529][cascade_classifier.calc_accuracy] Accuracy(layer_4 - train.classifier_average)=84.88%
[ 2020-03-15 18:15:26,529][cascade_classifier.calc_accuracy] Accuracy(layer_4 - test.classifier_average)=85.06%
[ 2020-03-15 18:15:26,529][cascade_classifier.fit_transform] [layer=5] look_indexs=[0], X_cur_train.shape=(774, 7), X_cur_test.shape=(87, 7)
[ 2020-03-15 18:15:28,660][kfold_wrapper.log_eval_metrics] Accuracy(layer_5 - estimator_0 - 3_folds.train_0.predict)=85.33%
[ 2020-03-15 18:15:31,258][kfold_wrapper.log_eval_metrics] Accuracy(layer_5 - estimator_0 - 3_folds.train_1.predict)=81.78%
[ 2020-03-15 18:15:33,711][kfold_wrapper.log_eval_metrics] Accuracy(layer_5 - estimator_0 - 3_folds.train_2.predict)=82.88%
[ 2020-03-15 18:15:34,055][kfold_wrapper.log_eval_metrics] Accuracy(layer_5 - estimator_0 - 3_folds.train_cv.predict)=83.33%
[ 2020-03-15 18:15:34,055][kfold_wrapper.log_eval_metrics] Accuracy(layer_5 - estimator_0 - 3_folds.test.predict)=82.76%
[ 2020-03-15 18:15:36,292][kfold_wrapper.log_eval_metrics] Accuracy(layer_5 - estimator_1 - 3_folds.train_0.predict)=87.26%
[ 2020-03-15 18:15:38,903][kfold_wrapper.log_eval_metrics] Accuracy(layer_5 - estimator_1 - 3_folds.train_1.predict)=79.84%
[ 2020-03-15 18:15:41,327][kfold_wrapper.log_eval_metrics] Accuracy(layer_5 - estimator_1 - 3_folds.train_2.predict)=82.10%
[ 2020-03-15 18:15:41,665][kfold_wrapper.log_eval_metrics] Accuracy(layer_5 - estimator_1 - 3_folds.train_cv.predict)=83.07%
[ 2020-03-15 18:15:41,665][kfold_wrapper.log_eval_metrics] Accuracy(layer_5 - estimator_1 - 3_folds.test.predict)=85.06%
[ 2020-03-15 18:15:41,868][kfold_wrapper.log_eval_metrics] Accuracy(layer_5 - estimator_2 - 3_folds.train_0.predict)=80.69%
[ 2020-03-15 18:15:42,103][kfold_wrapper.log_eval_metrics] Accuracy(layer_5 - estimator_2 - 3_folds.train_1.predict)=79.84%
[ 2020-03-15 18:15:42,337][kfold_wrapper.log_eval_metrics] Accuracy(layer_5 - estimator_2 - 3_folds.train_2.predict)=83.66%
[ 2020-03-15 18:15:42,337][kfold_wrapper.log_eval_metrics] Accuracy(layer_5 - estimator_2 - 3_folds.train_cv.predict)=81.40%
[ 2020-03-15 18:15:42,337][kfold_wrapper.log_eval_metrics] Accuracy(layer_5 - estimator_2 - 3_folds.test.predict)=80.46%
[ 2020-03-15 18:15:42,337][cascade_classifier.calc_accuracy] Accuracy(layer_5 - train.classifier_average)=82.82%
[ 2020-03-15 18:15:42,337][cascade_classifier.calc_accuracy] Accuracy(layer_5 - test.classifier_average)=81.61%
[ 2020-03-15 18:15:42,337][cascade_classifier.fit_transform] [layer=6] look_indexs=[0], X_cur_train.shape=(774, 7), X_cur_test.shape=(87, 7)
[ 2020-03-15 18:15:44,540][kfold_wrapper.log_eval_metrics] Accuracy(layer_6 - estimator_0 - 3_folds.train_0.predict)=79.92%
[ 2020-03-15 18:15:46,968][kfold_wrapper.log_eval_metrics] Accuracy(layer_6 - estimator_0 - 3_folds.train_1.predict)=81.78%
[ 2020-03-15 18:15:49,405][kfold_wrapper.log_eval_metrics] Accuracy(layer_6 - estimator_0 - 3_folds.train_2.predict)=83.27%
[ 2020-03-15 18:15:49,727][kfold_wrapper.log_eval_metrics] Accuracy(layer_6 - estimator_0 - 3_folds.train_cv.predict)=81.65%
[ 2020-03-15 18:15:49,727][kfold_wrapper.log_eval_metrics] Accuracy(layer_6 - estimator_0 - 3_folds.test.predict)=86.21%
[ 2020-03-15 18:15:51,838][kfold_wrapper.log_eval_metrics] Accuracy(layer_6 - estimator_1 - 3_folds.train_0.predict)=84.94%
[ 2020-03-15 18:15:54,293][kfold_wrapper.log_eval_metrics] Accuracy(layer_6 - estimator_1 - 3_folds.train_1.predict)=83.72%
[ 2020-03-15 18:15:56,783][kfold_wrapper.log_eval_metrics] Accuracy(layer_6 - estimator_1 - 3_folds.train_2.predict)=82.10%
[ 2020-03-15 18:15:57,111][kfold_wrapper.log_eval_metrics] Accuracy(layer_6 - estimator_1 - 3_folds.train_cv.predict)=83.59%
[ 2020-03-15 18:15:57,111][kfold_wrapper.log_eval_metrics] Accuracy(layer_6 - estimator_1 - 3_folds.test.predict)=87.36%
[ 2020-03-15 18:15:57,345][kfold_wrapper.log_eval_metrics] Accuracy(layer_6 - estimator_2 - 3_folds.train_0.predict)=82.24%
[ 2020-03-15 18:15:57,627][kfold_wrapper.log_eval_metrics] Accuracy(layer_6 - estimator_2 - 3_folds.train_1.predict)=83.33%
[ 2020-03-15 18:15:57,877][kfold_wrapper.log_eval_metrics] Accuracy(layer_6 - estimator_2 - 3_folds.train_2.predict)=82.49%
[ 2020-03-15 18:15:57,877][kfold_wrapper.log_eval_metrics] Accuracy(layer_6 - estimator_2 - 3_folds.train_cv.predict)=82.69%
[ 2020-03-15 18:15:57,877][kfold_wrapper.log_eval_metrics] Accuracy(layer_6 - estimator_2 - 3_folds.test.predict)=87.36%
[ 2020-03-15 18:15:57,877][cascade_classifier.calc_accuracy] Accuracy(layer_6 - train.classifier_average)=82.69%
[ 2020-03-15 18:15:57,877][cascade_classifier.calc_accuracy] Accuracy(layer_6 - test.classifier_average)=87.36%
[ 2020-03-15 18:15:57,877][cascade_classifier.fit_transform] [layer=7] look_indexs=[0], X_cur_train.shape=(774, 7), X_cur_test.shape=(87, 7)
[ 2020-03-15 18:16:00,238][kfold_wrapper.log_eval_metrics] Accuracy(layer_7 - estimator_0 - 3_folds.train_0.predict)=88.80%
[ 2020-03-15 18:16:02,912][kfold_wrapper.log_eval_metrics] Accuracy(layer_7 - estimator_0 - 3_folds.train_1.predict)=81.01%
[ 2020-03-15 18:16:05,763][kfold_wrapper.log_eval_metrics] Accuracy(layer_7 - estimator_0 - 3_folds.train_2.predict)=84.44%
[ 2020-03-15 18:16:06,091][kfold_wrapper.log_eval_metrics] Accuracy(layer_7 - estimator_0 - 3_folds.train_cv.predict)=84.75%
[ 2020-03-15 18:16:06,091][kfold_wrapper.log_eval_metrics] Accuracy(layer_7 - estimator_0 - 3_folds.test.predict)=86.21%
[ 2020-03-15 18:16:08,614][kfold_wrapper.log_eval_metrics] Accuracy(layer_7 - estimator_1 - 3_folds.train_0.predict)=82.24%
[ 2020-03-15 18:16:11,167][kfold_wrapper.log_eval_metrics] Accuracy(layer_7 - estimator_1 - 3_folds.train_1.predict)=81.78%
[ 2020-03-15 18:16:13,791][kfold_wrapper.log_eval_metrics] Accuracy(layer_7 - estimator_1 - 3_folds.train_2.predict)=85.60%
[ 2020-03-15 18:16:14,119][kfold_wrapper.log_eval_metrics] Accuracy(layer_7 - estimator_1 - 3_folds.train_cv.predict)=83.20%
[ 2020-03-15 18:16:14,119][kfold_wrapper.log_eval_metrics] Accuracy(layer_7 - estimator_1 - 3_folds.test.predict)=86.21%
[ 2020-03-15 18:16:14,494][kfold_wrapper.log_eval_metrics] Accuracy(layer_7 - estimator_2 - 3_folds.train_0.predict)=84.17%
[ 2020-03-15 18:16:14,801][kfold_wrapper.log_eval_metrics] Accuracy(layer_7 - estimator_2 - 3_folds.train_1.predict)=84.11%
[ 2020-03-15 18:16:15,160][kfold_wrapper.log_eval_metrics] Accuracy(layer_7 - estimator_2 - 3_folds.train_2.predict)=83.66%
[ 2020-03-15 18:16:15,160][kfold_wrapper.log_eval_metrics] Accuracy(layer_7 - estimator_2 - 3_folds.train_cv.predict)=83.98%
[ 2020-03-15 18:16:15,160][kfold_wrapper.log_eval_metrics] Accuracy(layer_7 - estimator_2 - 3_folds.test.predict)=85.06%
[ 2020-03-15 18:16:15,160][cascade_classifier.calc_accuracy] Accuracy(layer_7 - train.classifier_average)=85.40%
[ 2020-03-15 18:16:15,160][cascade_classifier.calc_accuracy] Accuracy(layer_7 - test.classifier_average)=83.91%
[ 2020-03-15 18:16:15,160][cascade_classifier.fit_transform] [layer=8] look_indexs=[0], X_cur_train.shape=(774, 7), X_cur_test.shape=(87, 7)
[ 2020-03-15 18:16:17,317][kfold_wrapper.log_eval_metrics] Accuracy(layer_8 - estimator_0 - 3_folds.train_0.predict)=84.94%
[ 2020-03-15 18:16:19,993][kfold_wrapper.log_eval_metrics] Accuracy(layer_8 - estimator_0 - 3_folds.train_1.predict)=83.72%
[ 2020-03-15 18:16:22,585][kfold_wrapper.log_eval_metrics] Accuracy(layer_8 - estimator_0 - 3_folds.train_2.predict)=85.21%
[ 2020-03-15 18:16:22,922][kfold_wrapper.log_eval_metrics] Accuracy(layer_8 - estimator_0 - 3_folds.train_cv.predict)=84.63%
[ 2020-03-15 18:16:22,922][kfold_wrapper.log_eval_metrics] Accuracy(layer_8 - estimator_0 - 3_folds.test.predict)=89.66%
[ 2020-03-15 18:16:25,270][kfold_wrapper.log_eval_metrics] Accuracy(layer_8 - estimator_1 - 3_folds.train_0.predict)=86.49%
[ 2020-03-15 18:16:27,831][kfold_wrapper.log_eval_metrics] Accuracy(layer_8 - estimator_1 - 3_folds.train_1.predict)=84.50%
[ 2020-03-15 18:16:30,410][kfold_wrapper.log_eval_metrics] Accuracy(layer_8 - estimator_1 - 3_folds.train_2.predict)=84.82%
[ 2020-03-15 18:16:30,732][kfold_wrapper.log_eval_metrics] Accuracy(layer_8 - estimator_1 - 3_folds.train_cv.predict)=85.27%
[ 2020-03-15 18:16:30,732][kfold_wrapper.log_eval_metrics] Accuracy(layer_8 - estimator_1 - 3_folds.test.predict)=90.80%
[ 2020-03-15 18:16:30,950][kfold_wrapper.log_eval_metrics] Accuracy(layer_8 - estimator_2 - 3_folds.train_0.predict)=80.31%
[ 2020-03-15 18:16:31,153][kfold_wrapper.log_eval_metrics] Accuracy(layer_8 - estimator_2 - 3_folds.train_1.predict)=83.72%
[ 2020-03-15 18:16:31,357][kfold_wrapper.log_eval_metrics] Accuracy(layer_8 - estimator_2 - 3_folds.train_2.predict)=84.44%
[ 2020-03-15 18:16:31,357][kfold_wrapper.log_eval_metrics] Accuracy(layer_8 - estimator_2 - 3_folds.train_cv.predict)=82.82%
[ 2020-03-15 18:16:31,357][kfold_wrapper.log_eval_metrics] Accuracy(layer_8 - estimator_2 - 3_folds.test.predict)=87.36%
[ 2020-03-15 18:16:31,357][cascade_classifier.calc_accuracy] Accuracy(layer_8 - train.classifier_average)=85.27%
[ 2020-03-15 18:16:31,357][cascade_classifier.calc_accuracy] Accuracy(layer_8 - test.classifier_average)=87.36%
[ 2020-03-15 18:16:31,357][cascade_classifier.fit_transform] [layer=9] look_indexs=[0], X_cur_train.shape=(774, 7), X_cur_test.shape=(87, 7)
[ 2020-03-15 18:16:33,502][kfold_wrapper.log_eval_metrics] Accuracy(layer_9 - estimator_0 - 3_folds.train_0.predict)=86.87%
[ 2020-03-15 18:16:36,078][kfold_wrapper.log_eval_metrics] Accuracy(layer_9 - estimator_0 - 3_folds.train_1.predict)=85.27%
[ 2020-03-15 18:16:38,551][kfold_wrapper.log_eval_metrics] Accuracy(layer_9 - estimator_0 - 3_folds.train_2.predict)=82.88%
[ 2020-03-15 18:16:38,890][kfold_wrapper.log_eval_metrics] Accuracy(layer_9 - estimator_0 - 3_folds.train_cv.predict)=85.01%
[ 2020-03-15 18:16:38,890][kfold_wrapper.log_eval_metrics] Accuracy(layer_9 - estimator_0 - 3_folds.test.predict)=87.36%
[ 2020-03-15 18:16:41,037][kfold_wrapper.log_eval_metrics] Accuracy(layer_9 - estimator_1 - 3_folds.train_0.predict)=81.85%
[ 2020-03-15 18:16:43,516][kfold_wrapper.log_eval_metrics] Accuracy(layer_9 - estimator_1 - 3_folds.train_1.predict)=85.66%
[ 2020-03-15 18:16:45,977][kfold_wrapper.log_eval_metrics] Accuracy(layer_9 - estimator_1 - 3_folds.train_2.predict)=82.88%
[ 2020-03-15 18:16:46,305][kfold_wrapper.log_eval_metrics] Accuracy(layer_9 - estimator_1 - 3_folds.train_cv.predict)=83.46%
[ 2020-03-15 18:16:46,305][kfold_wrapper.log_eval_metrics] Accuracy(layer_9 - estimator_1 - 3_folds.test.predict)=87.36%
[ 2020-03-15 18:16:46,524][kfold_wrapper.log_eval_metrics] Accuracy(layer_9 - estimator_2 - 3_folds.train_0.predict)=82.24%
[ 2020-03-15 18:16:46,751][kfold_wrapper.log_eval_metrics] Accuracy(layer_9 - estimator_2 - 3_folds.train_1.predict)=80.62%
[ 2020-03-15 18:16:46,969][kfold_wrapper.log_eval_metrics] Accuracy(layer_9 - estimator_2 - 3_folds.train_2.predict)=80.16%
[ 2020-03-15 18:16:46,985][kfold_wrapper.log_eval_metrics] Accuracy(layer_9 - estimator_2 - 3_folds.train_cv.predict)=81.01%
[ 2020-03-15 18:16:46,985][kfold_wrapper.log_eval_metrics] Accuracy(layer_9 - estimator_2 - 3_folds.test.predict)=85.06%
[ 2020-03-15 18:16:46,985][cascade_classifier.calc_accuracy] Accuracy(layer_9 - train.classifier_average)=83.72%
[ 2020-03-15 18:16:46,985][cascade_classifier.calc_accuracy] Accuracy(layer_9 - test.classifier_average)=87.36%
[ 2020-03-15 18:16:46,985][cascade_classifier.fit_transform] [layer=10] look_indexs=[0], X_cur_train.shape=(774, 7), X_cur_test.shape=(87, 7)
[ 2020-03-15 18:16:49,132][kfold_wrapper.log_eval_metrics] Accuracy(layer_10 - estimator_0 - 3_folds.train_0.predict)=87.26%
[ 2020-03-15 18:16:51,556][kfold_wrapper.log_eval_metrics] Accuracy(layer_10 - estimator_0 - 3_folds.train_1.predict)=83.33%
[ 2020-03-15 18:16:53,988][kfold_wrapper.log_eval_metrics] Accuracy(layer_10 - estimator_0 - 3_folds.train_2.predict)=87.16%
[ 2020-03-15 18:16:54,316][kfold_wrapper.log_eval_metrics] Accuracy(layer_10 - estimator_0 - 3_folds.train_cv.predict)=85.92%
[ 2020-03-15 18:16:54,316][kfold_wrapper.log_eval_metrics] Accuracy(layer_10 - estimator_0 - 3_folds.test.predict)=87.36%
[ 2020-03-15 18:16:56,412][kfold_wrapper.log_eval_metrics] Accuracy(layer_10 - estimator_1 - 3_folds.train_0.predict)=84.94%
[ 2020-03-15 18:16:58,907][kfold_wrapper.log_eval_metrics] Accuracy(layer_10 - estimator_1 - 3_folds.train_1.predict)=82.95%
[ 2020-03-15 18:17:01,383][kfold_wrapper.log_eval_metrics] Accuracy(layer_10 - estimator_1 - 3_folds.train_2.predict)=84.44%
[ 2020-03-15 18:17:01,709][kfold_wrapper.log_eval_metrics] Accuracy(layer_10 - estimator_1 - 3_folds.train_cv.predict)=84.11%
[ 2020-03-15 18:17:01,709][kfold_wrapper.log_eval_metrics] Accuracy(layer_10 - estimator_1 - 3_folds.test.predict)=86.21%
[ 2020-03-15 18:17:01,927][kfold_wrapper.log_eval_metrics] Accuracy(layer_10 - estimator_2 - 3_folds.train_0.predict)=84.56%
[ 2020-03-15 18:17:02,130][kfold_wrapper.log_eval_metrics] Accuracy(layer_10 - estimator_2 - 3_folds.train_1.predict)=84.88%
[ 2020-03-15 18:17:02,365][kfold_wrapper.log_eval_metrics] Accuracy(layer_10 - estimator_2 - 3_folds.train_2.predict)=86.38%
[ 2020-03-15 18:17:02,365][kfold_wrapper.log_eval_metrics] Accuracy(layer_10 - estimator_2 - 3_folds.train_cv.predict)=85.27%
[ 2020-03-15 18:17:02,365][kfold_wrapper.log_eval_metrics] Accuracy(layer_10 - estimator_2 - 3_folds.test.predict)=86.21%
[ 2020-03-15 18:17:02,365][cascade_classifier.calc_accuracy] Accuracy(layer_10 - train.classifier_average)=85.92%
[ 2020-03-15 18:17:02,365][cascade_classifier.calc_accuracy] Accuracy(layer_10 - test.classifier_average)=86.21%
[ 2020-03-15 18:17:02,365][cascade_classifier.fit_transform] [layer=11] look_indexs=[0], X_cur_train.shape=(774, 7), X_cur_test.shape=(87, 7)
[ 2020-03-15 18:17:04,518][kfold_wrapper.log_eval_metrics] Accuracy(layer_11 - estimator_0 - 3_folds.train_0.predict)=87.64%
[ 2020-03-15 18:17:07,043][kfold_wrapper.log_eval_metrics] Accuracy(layer_11 - estimator_0 - 3_folds.train_1.predict)=82.56%
[ 2020-03-15 18:17:09,501][kfold_wrapper.log_eval_metrics] Accuracy(layer_11 - estimator_0 - 3_folds.train_2.predict)=82.10%
[ 2020-03-15 18:17:09,839][kfold_wrapper.log_eval_metrics] Accuracy(layer_11 - estimator_0 - 3_folds.train_cv.predict)=84.11%
[ 2020-03-15 18:17:09,839][kfold_wrapper.log_eval_metrics] Accuracy(layer_11 - estimator_0 - 3_folds.test.predict)=85.06%
[ 2020-03-15 18:17:11,934][kfold_wrapper.log_eval_metrics] Accuracy(layer_11 - estimator_1 - 3_folds.train_0.predict)=85.33%
[ 2020-03-15 18:17:14,325][kfold_wrapper.log_eval_metrics] Accuracy(layer_11 - estimator_1 - 3_folds.train_1.predict)=83.33%
[ 2020-03-15 18:17:16,722][kfold_wrapper.log_eval_metrics] Accuracy(layer_11 - estimator_1 - 3_folds.train_2.predict)=83.66%
[ 2020-03-15 18:17:17,030][kfold_wrapper.log_eval_metrics] Accuracy(layer_11 - estimator_1 - 3_folds.train_cv.predict)=84.11%
[ 2020-03-15 18:17:17,031][kfold_wrapper.log_eval_metrics] Accuracy(layer_11 - estimator_1 - 3_folds.test.predict)=85.06%
[ 2020-03-15 18:17:17,265][kfold_wrapper.log_eval_metrics] Accuracy(layer_11 - estimator_2 - 3_folds.train_0.predict)=80.31%
[ 2020-03-15 18:17:17,478][kfold_wrapper.log_eval_metrics] Accuracy(layer_11 - estimator_2 - 3_folds.train_1.predict)=82.56%
[ 2020-03-15 18:17:17,694][kfold_wrapper.log_eval_metrics] Accuracy(layer_11 - estimator_2 - 3_folds.train_2.predict)=80.93%
[ 2020-03-15 18:17:17,696][kfold_wrapper.log_eval_metrics] Accuracy(layer_11 - estimator_2 - 3_folds.train_cv.predict)=81.27%
[ 2020-03-15 18:17:17,697][kfold_wrapper.log_eval_metrics] Accuracy(layer_11 - estimator_2 - 3_folds.test.predict)=87.36%
[ 2020-03-15 18:17:17,697][cascade_classifier.calc_accuracy] Accuracy(layer_11 - train.classifier_average)=82.95%
[ 2020-03-15 18:17:17,697][cascade_classifier.calc_accuracy] Accuracy(layer_11 - test.classifier_average)=86.21%
[ 2020-03-15 18:17:17,697][cascade_classifier.fit_transform] [layer=12] look_indexs=[0], X_cur_train.shape=(774, 7), X_cur_test.shape=(87, 7)
[ 2020-03-15 18:17:19,757][kfold_wrapper.log_eval_metrics] Accuracy(layer_12 - estimator_0 - 3_folds.train_0.predict)=82.24%
[ 2020-03-15 18:17:22,134][kfold_wrapper.log_eval_metrics] Accuracy(layer_12 - estimator_0 - 3_folds.train_1.predict)=84.11%
[ 2020-03-15 18:17:24,504][kfold_wrapper.log_eval_metrics] Accuracy(layer_12 - estimator_0 - 3_folds.train_2.predict)=80.54%
[ 2020-03-15 18:17:24,816][kfold_wrapper.log_eval_metrics] Accuracy(layer_12 - estimator_0 - 3_folds.train_cv.predict)=82.30%
[ 2020-03-15 18:17:24,817][kfold_wrapper.log_eval_metrics] Accuracy(layer_12 - estimator_0 - 3_folds.test.predict)=86.21%
[ 2020-03-15 18:17:26,890][kfold_wrapper.log_eval_metrics] Accuracy(layer_12 - estimator_1 - 3_folds.train_0.predict)=81.85%
[ 2020-03-15 18:17:29,264][kfold_wrapper.log_eval_metrics] Accuracy(layer_12 - estimator_1 - 3_folds.train_1.predict)=82.17%
[ 2020-03-15 18:17:31,676][kfold_wrapper.log_eval_metrics] Accuracy(layer_12 - estimator_1 - 3_folds.train_2.predict)=83.27%
[ 2020-03-15 18:17:31,987][kfold_wrapper.log_eval_metrics] Accuracy(layer_12 - estimator_1 - 3_folds.train_cv.predict)=82.43%
[ 2020-03-15 18:17:31,987][kfold_wrapper.log_eval_metrics] Accuracy(layer_12 - estimator_1 - 3_folds.test.predict)=87.36%
[ 2020-03-15 18:17:32,216][kfold_wrapper.log_eval_metrics] Accuracy(layer_12 - estimator_2 - 3_folds.train_0.predict)=83.01%
[ 2020-03-15 18:17:32,427][kfold_wrapper.log_eval_metrics] Accuracy(layer_12 - estimator_2 - 3_folds.train_1.predict)=81.01%
[ 2020-03-15 18:17:32,660][kfold_wrapper.log_eval_metrics] Accuracy(layer_12 - estimator_2 - 3_folds.train_2.predict)=85.60%
[ 2020-03-15 18:17:32,662][kfold_wrapper.log_eval_metrics] Accuracy(layer_12 - estimator_2 - 3_folds.train_cv.predict)=83.20%
[ 2020-03-15 18:17:32,663][kfold_wrapper.log_eval_metrics] Accuracy(layer_12 - estimator_2 - 3_folds.test.predict)=82.76%
[ 2020-03-15 18:17:32,663][cascade_classifier.calc_accuracy] Accuracy(layer_12 - train.classifier_average)=82.82%
[ 2020-03-15 18:17:32,663][cascade_classifier.calc_accuracy] Accuracy(layer_12 - test.classifier_average)=85.06%
[ 2020-03-15 18:17:32,664][cascade_classifier.fit_transform] [layer=13] look_indexs=[0], X_cur_train.shape=(774, 7), X_cur_test.shape=(87, 7)
[ 2020-03-15 18:17:35,019][kfold_wrapper.log_eval_metrics] Accuracy(layer_13 - estimator_0 - 3_folds.train_0.predict)=81.47%
[ 2020-03-15 18:17:37,651][kfold_wrapper.log_eval_metrics] Accuracy(layer_13 - estimator_0 - 3_folds.train_1.predict)=82.95%
[ 2020-03-15 18:17:40,264][kfold_wrapper.log_eval_metrics] Accuracy(layer_13 - estimator_0 - 3_folds.train_2.predict)=84.44%
[ 2020-03-15 18:17:40,592][kfold_wrapper.log_eval_metrics] Accuracy(layer_13 - estimator_0 - 3_folds.train_cv.predict)=82.95%
[ 2020-03-15 18:17:40,592][kfold_wrapper.log_eval_metrics] Accuracy(layer_13 - estimator_0 - 3_folds.test.predict)=83.91%
[ 2020-03-15 18:17:42,703][kfold_wrapper.log_eval_metrics] Accuracy(layer_13 - estimator_1 - 3_folds.train_0.predict)=79.15%
[ 2020-03-15 18:17:45,157][kfold_wrapper.log_eval_metrics] Accuracy(layer_13 - estimator_1 - 3_folds.train_1.predict)=84.11%
[ 2020-03-15 18:17:47,629][kfold_wrapper.log_eval_metrics] Accuracy(layer_13 - estimator_1 - 3_folds.train_2.predict)=82.88%
[ 2020-03-15 18:17:47,956][kfold_wrapper.log_eval_metrics] Accuracy(layer_13 - estimator_1 - 3_folds.train_cv.predict)=82.04%
[ 2020-03-15 18:17:47,956][kfold_wrapper.log_eval_metrics] Accuracy(layer_13 - estimator_1 - 3_folds.test.predict)=85.06%
[ 2020-03-15 18:17:48,174][kfold_wrapper.log_eval_metrics] Accuracy(layer_13 - estimator_2 - 3_folds.train_0.predict)=81.47%
[ 2020-03-15 18:17:48,393][kfold_wrapper.log_eval_metrics] Accuracy(layer_13 - estimator_2 - 3_folds.train_1.predict)=80.62%
[ 2020-03-15 18:17:48,612][kfold_wrapper.log_eval_metrics] Accuracy(layer_13 - estimator_2 - 3_folds.train_2.predict)=81.71%
[ 2020-03-15 18:17:48,612][kfold_wrapper.log_eval_metrics] Accuracy(layer_13 - estimator_2 - 3_folds.train_cv.predict)=81.27%
[ 2020-03-15 18:17:48,612][kfold_wrapper.log_eval_metrics] Accuracy(layer_13 - estimator_2 - 3_folds.test.predict)=85.06%
[ 2020-03-15 18:17:48,612][cascade_classifier.calc_accuracy] Accuracy(layer_13 - train.classifier_average)=83.72%
[ 2020-03-15 18:17:48,612][cascade_classifier.calc_accuracy] Accuracy(layer_13 - test.classifier_average)=85.06%
[ 2020-03-15 18:17:48,612][cascade_classifier.fit_transform] [Result][Optimal Level Detected] opt_layer_num=11, accuracy_train=85.92%, accuracy_test=86.21%
[ 2020-03-15 18:17:48,639][cascade_classifier.transform] X_groups_test.shape=[(87, 1)]
[ 2020-03-15 18:17:48,639][cascade_classifier.transform] group_dims=[1]
[ 2020-03-15 18:17:48,639][cascade_classifier.transform] X_test.shape=(87, 1)
[ 2020-03-15 18:17:48,639][cascade_classifier.transform] [layer=0] look_indexs=[0], X_cur_test.shape=(87, 1)
[ 2020-03-15 18:17:50,643][cascade_classifier.transform] [layer=1] look_indexs=[0], X_cur_test.shape=(87, 7)
[ 2020-03-15 18:17:52,696][cascade_classifier.transform] [layer=2] look_indexs=[0], X_cur_test.shape=(87, 7)
[ 2020-03-15 18:17:54,647][cascade_classifier.transform] [layer=3] look_indexs=[0], X_cur_test.shape=(87, 7)
[ 2020-03-15 18:17:56,606][cascade_classifier.transform] [layer=4] look_indexs=[0], X_cur_test.shape=(87, 7)
[ 2020-03-15 18:17:58,621][cascade_classifier.transform] [layer=5] look_indexs=[0], X_cur_test.shape=(87, 7)
[ 2020-03-15 18:18:00,491][cascade_classifier.transform] [layer=6] look_indexs=[0], X_cur_test.shape=(87, 7)
[ 2020-03-15 18:18:02,489][cascade_classifier.transform] [layer=7] look_indexs=[0], X_cur_test.shape=(87, 7)
[ 2020-03-15 18:18:04,462][cascade_classifier.transform] [layer=8] look_indexs=[0], X_cur_test.shape=(87, 7)
[ 2020-03-15 18:18:06,750][cascade_classifier.transform] [layer=9] look_indexs=[0], X_cur_test.shape=(87, 7)
[ 2020-03-15 18:18:08,725][cascade_classifier.transform] [layer=10] look_indexs=[0], X_cur_test.shape=(87, 7)
[ 2020-03-15 18:18:10,793][cascade_classifier.transform] X_groups_test.shape=[(87, 1)]
[ 2020-03-15 18:18:10,793][cascade_classifier.transform] group_dims=[1]
[ 2020-03-15 18:18:10,793][cascade_classifier.transform] X_test.shape=(87, 1)
[ 2020-03-15 18:18:10,793][cascade_classifier.transform] [layer=0] look_indexs=[0], X_cur_test.shape=(87, 1)
[ 2020-03-15 18:18:12,768][cascade_classifier.transform] [layer=1] look_indexs=[0], X_cur_test.shape=(87, 7)
[ 2020-03-15 18:18:14,749][cascade_classifier.transform] [layer=2] look_indexs=[0], X_cur_test.shape=(87, 7)
[ 2020-03-15 18:18:16,728][cascade_classifier.transform] [layer=3] look_indexs=[0], X_cur_test.shape=(87, 7)
[ 2020-03-15 18:18:18,769][cascade_classifier.transform] [layer=4] look_indexs=[0], X_cur_test.shape=(87, 7)
[ 2020-03-15 18:18:20,747][cascade_classifier.transform] [layer=5] look_indexs=[0], X_cur_test.shape=(87, 7)
[ 2020-03-15 18:18:22,721][cascade_classifier.transform] [layer=6] look_indexs=[0], X_cur_test.shape=(87, 7)
[ 2020-03-15 18:18:24,701][cascade_classifier.transform] [layer=7] look_indexs=[0], X_cur_test.shape=(87, 7)
[ 2020-03-15 18:18:26,675][cascade_classifier.transform] [layer=8] look_indexs=[0], X_cur_test.shape=(87, 7)
[ 2020-03-15 18:18:28,688][cascade_classifier.transform] [layer=9] look_indexs=[0], X_cur_test.shape=(87, 7)
[ 2020-03-15 18:18:30,662][cascade_classifier.transform] [layer=10] look_indexs=[0], X_cur_test.shape=(87, 7)
[ 2020-03-15 18:18:33,321][cascade_classifier.fit_transform] X_groups_train.shape=[(774, 1)],y_train.shape=(774,),X_groups_test.shape=[(87, 1)],y_test.shape=(87,)
[ 2020-03-15 18:18:33,321][cascade_classifier.fit_transform] group_dims=[1]
[ 2020-03-15 18:18:33,321][cascade_classifier.fit_transform] group_starts=[0]
[ 2020-03-15 18:18:33,321][cascade_classifier.fit_transform] group_ends=[1]
[ 2020-03-15 18:18:33,321][cascade_classifier.fit_transform] X_train.shape=(774, 1),X_test.shape=(87, 1)
[ 2020-03-15 18:18:33,337][cascade_classifier.fit_transform] [layer=0] look_indexs=[0], X_cur_train.shape=(774, 1), X_cur_test.shape=(87, 1)
[ 2020-03-15 18:18:35,752][kfold_wrapper.log_eval_metrics] Accuracy(layer_0 - estimator_0 - 3_folds.train_0.predict)=77.99%
[ 2020-03-15 18:18:38,225][kfold_wrapper.log_eval_metrics] Accuracy(layer_0 - estimator_0 - 3_folds.train_1.predict)=73.26%
[ 2020-03-15 18:18:40,743][kfold_wrapper.log_eval_metrics] Accuracy(layer_0 - estimator_0 - 3_folds.train_2.predict)=78.60%
[ 2020-03-15 18:18:41,071][kfold_wrapper.log_eval_metrics] Accuracy(layer_0 - estimator_0 - 3_folds.train_cv.predict)=76.61%
[ 2020-03-15 18:18:41,071][kfold_wrapper.log_eval_metrics] Accuracy(layer_0 - estimator_0 - 3_folds.test.predict)=82.76%
[ 2020-03-15 18:18:43,252][kfold_wrapper.log_eval_metrics] Accuracy(layer_0 - estimator_1 - 3_folds.train_0.predict)=81.08%
[ 2020-03-15 18:18:45,700][kfold_wrapper.log_eval_metrics] Accuracy(layer_0 - estimator_1 - 3_folds.train_1.predict)=74.03%
[ 2020-03-15 18:18:48,254][kfold_wrapper.log_eval_metrics] Accuracy(layer_0 - estimator_1 - 3_folds.train_2.predict)=70.04%
[ 2020-03-15 18:18:48,582][kfold_wrapper.log_eval_metrics] Accuracy(layer_0 - estimator_1 - 3_folds.train_cv.predict)=75.06%
[ 2020-03-15 18:18:48,582][kfold_wrapper.log_eval_metrics] Accuracy(layer_0 - estimator_1 - 3_folds.test.predict)=81.61%
[ 2020-03-15 18:18:48,887][kfold_wrapper.log_eval_metrics] Accuracy(layer_0 - estimator_2 - 3_folds.train_0.predict)=75.29%
[ 2020-03-15 18:18:49,137][kfold_wrapper.log_eval_metrics] Accuracy(layer_0 - estimator_2 - 3_folds.train_1.predict)=75.58%
[ 2020-03-15 18:18:49,418][kfold_wrapper.log_eval_metrics] Accuracy(layer_0 - estimator_2 - 3_folds.train_2.predict)=76.26%
[ 2020-03-15 18:18:49,418][kfold_wrapper.log_eval_metrics] Accuracy(layer_0 - estimator_2 - 3_folds.train_cv.predict)=75.71%
[ 2020-03-15 18:18:49,418][kfold_wrapper.log_eval_metrics] Accuracy(layer_0 - estimator_2 - 3_folds.test.predict)=75.86%
[ 2020-03-15 18:18:49,418][cascade_classifier.calc_accuracy] Accuracy(layer_0 - train.classifier_average)=78.55%
[ 2020-03-15 18:18:49,418][cascade_classifier.calc_accuracy] Accuracy(layer_0 - test.classifier_average)=81.61%
[ 2020-03-15 18:18:49,418][cascade_classifier.fit_transform] [layer=1] look_indexs=[0], X_cur_train.shape=(774, 7), X_cur_test.shape=(87, 7)
[ 2020-03-15 18:18:51,561][kfold_wrapper.log_eval_metrics] Accuracy(layer_1 - estimator_0 - 3_folds.train_0.predict)=84.56%
[ 2020-03-15 18:18:54,089][kfold_wrapper.log_eval_metrics] Accuracy(layer_1 - estimator_0 - 3_folds.train_1.predict)=82.17%
[ 2020-03-15 18:18:56,643][kfold_wrapper.log_eval_metrics] Accuracy(layer_1 - estimator_0 - 3_folds.train_2.predict)=83.66%
[ 2020-03-15 18:18:56,971][kfold_wrapper.log_eval_metrics] Accuracy(layer_1 - estimator_0 - 3_folds.train_cv.predict)=83.46%
[ 2020-03-15 18:18:56,971][kfold_wrapper.log_eval_metrics] Accuracy(layer_1 - estimator_0 - 3_folds.test.predict)=86.21%
[ 2020-03-15 18:18:59,225][kfold_wrapper.log_eval_metrics] Accuracy(layer_1 - estimator_1 - 3_folds.train_0.predict)=83.01%
[ 2020-03-15 18:19:01,701][kfold_wrapper.log_eval_metrics] Accuracy(layer_1 - estimator_1 - 3_folds.train_1.predict)=81.78%
[ 2020-03-15 18:19:04,727][kfold_wrapper.log_eval_metrics] Accuracy(layer_1 - estimator_1 - 3_folds.train_2.predict)=85.21%
[ 2020-03-15 18:19:05,055][kfold_wrapper.log_eval_metrics] Accuracy(layer_1 - estimator_1 - 3_folds.train_cv.predict)=83.33%
[ 2020-03-15 18:19:05,055][kfold_wrapper.log_eval_metrics] Accuracy(layer_1 - estimator_1 - 3_folds.test.predict)=88.51%
[ 2020-03-15 18:19:05,304][kfold_wrapper.log_eval_metrics] Accuracy(layer_1 - estimator_2 - 3_folds.train_0.predict)=86.10%
[ 2020-03-15 18:19:05,508][kfold_wrapper.log_eval_metrics] Accuracy(layer_1 - estimator_2 - 3_folds.train_1.predict)=80.62%
[ 2020-03-15 18:19:05,745][kfold_wrapper.log_eval_metrics] Accuracy(layer_1 - estimator_2 - 3_folds.train_2.predict)=87.16%
[ 2020-03-15 18:19:05,747][kfold_wrapper.log_eval_metrics] Accuracy(layer_1 - estimator_2 - 3_folds.train_cv.predict)=84.63%
[ 2020-03-15 18:19:05,748][kfold_wrapper.log_eval_metrics] Accuracy(layer_1 - estimator_2 - 3_folds.test.predict)=87.36%
[ 2020-03-15 18:19:05,748][cascade_classifier.calc_accuracy] Accuracy(layer_1 - train.classifier_average)=85.53%
[ 2020-03-15 18:19:05,748][cascade_classifier.calc_accuracy] Accuracy(layer_1 - test.classifier_average)=88.51%
[ 2020-03-15 18:19:05,748][cascade_classifier.fit_transform] [layer=2] look_indexs=[0], X_cur_train.shape=(774, 7), X_cur_test.shape=(87, 7)
[ 2020-03-15 18:19:08,011][kfold_wrapper.log_eval_metrics] Accuracy(layer_2 - estimator_0 - 3_folds.train_0.predict)=86.49%
[ 2020-03-15 18:19:10,591][kfold_wrapper.log_eval_metrics] Accuracy(layer_2 - estimator_0 - 3_folds.train_1.predict)=83.33%
[ 2020-03-15 18:19:13,335][kfold_wrapper.log_eval_metrics] Accuracy(layer_2 - estimator_0 - 3_folds.train_2.predict)=83.27%
[ 2020-03-15 18:19:13,673][kfold_wrapper.log_eval_metrics] Accuracy(layer_2 - estimator_0 - 3_folds.train_cv.predict)=84.37%
[ 2020-03-15 18:19:13,673][kfold_wrapper.log_eval_metrics] Accuracy(layer_2 - estimator_0 - 3_folds.test.predict)=87.36%
[ 2020-03-15 18:19:15,817][kfold_wrapper.log_eval_metrics] Accuracy(layer_2 - estimator_1 - 3_folds.train_0.predict)=82.63%
[ 2020-03-15 18:19:18,459][kfold_wrapper.log_eval_metrics] Accuracy(layer_2 - estimator_1 - 3_folds.train_1.predict)=87.21%
[ 2020-03-15 18:19:20,916][kfold_wrapper.log_eval_metrics] Accuracy(layer_2 - estimator_1 - 3_folds.train_2.predict)=84.05%
[ 2020-03-15 18:19:21,244][kfold_wrapper.log_eval_metrics] Accuracy(layer_2 - estimator_1 - 3_folds.train_cv.predict)=84.63%
[ 2020-03-15 18:19:21,244][kfold_wrapper.log_eval_metrics] Accuracy(layer_2 - estimator_1 - 3_folds.test.predict)=87.36%
[ 2020-03-15 18:19:21,462][kfold_wrapper.log_eval_metrics] Accuracy(layer_2 - estimator_2 - 3_folds.train_0.predict)=84.17%
[ 2020-03-15 18:19:21,674][kfold_wrapper.log_eval_metrics] Accuracy(layer_2 - estimator_2 - 3_folds.train_1.predict)=78.29%
[ 2020-03-15 18:19:21,915][kfold_wrapper.log_eval_metrics] Accuracy(layer_2 - estimator_2 - 3_folds.train_2.predict)=82.10%
[ 2020-03-15 18:19:21,915][kfold_wrapper.log_eval_metrics] Accuracy(layer_2 - estimator_2 - 3_folds.train_cv.predict)=81.52%
[ 2020-03-15 18:19:21,915][kfold_wrapper.log_eval_metrics] Accuracy(layer_2 - estimator_2 - 3_folds.test.predict)=87.36%
[ 2020-03-15 18:19:21,915][cascade_classifier.calc_accuracy] Accuracy(layer_2 - train.classifier_average)=84.11%
[ 2020-03-15 18:19:21,915][cascade_classifier.calc_accuracy] Accuracy(layer_2 - test.classifier_average)=87.36%
[ 2020-03-15 18:19:21,915][cascade_classifier.fit_transform] [layer=3] look_indexs=[0], X_cur_train.shape=(774, 7), X_cur_test.shape=(87, 7)
[ 2020-03-15 18:19:24,012][kfold_wrapper.log_eval_metrics] Accuracy(layer_3 - estimator_0 - 3_folds.train_0.predict)=83.40%
