[ 2020-03-16 20:50:49,937][cascade_classifier.fit_transform] X_groups_train.shape=[(774, 279)],y_train.shape=(774,),X_groups_test.shape=[(87, 279)],y_test.shape=(87,)
[ 2020-03-16 20:50:49,937][cascade_classifier.fit_transform] group_dims=[279]
[ 2020-03-16 20:50:49,937][cascade_classifier.fit_transform] group_starts=[0]
[ 2020-03-16 20:50:49,937][cascade_classifier.fit_transform] group_ends=[279]
[ 2020-03-16 20:50:49,937][cascade_classifier.fit_transform] X_train.shape=(774, 279),X_test.shape=(87, 279)
[ 2020-03-16 20:50:49,937][cascade_classifier.fit_transform] [layer=0] look_indexs=[0], X_cur_train.shape=(774, 279), X_cur_test.shape=(87, 279)
[ 2020-03-16 20:50:52,200][kfold_wrapper.log_eval_metrics] Accuracy(layer_0 - estimator_0 - 3_folds.train_0.predict)=80.62%
[ 2020-03-16 20:50:54,761][kfold_wrapper.log_eval_metrics] Accuracy(layer_0 - estimator_0 - 3_folds.train_1.predict)=84.11%
[ 2020-03-16 20:50:57,309][kfold_wrapper.log_eval_metrics] Accuracy(layer_0 - estimator_0 - 3_folds.train_2.predict)=82.95%
[ 2020-03-16 20:50:57,640][kfold_wrapper.log_eval_metrics] Accuracy(layer_0 - estimator_0 - 3_folds.train_cv.predict)=82.56%
[ 2020-03-16 20:50:57,640][kfold_wrapper.log_eval_metrics] Accuracy(layer_0 - estimator_0 - 3_folds.test.predict)=79.31%
[ 2020-03-16 20:50:59,702][kfold_wrapper.log_eval_metrics] Accuracy(layer_0 - estimator_1 - 3_folds.train_0.predict)=83.33%
[ 2020-03-16 20:51:02,115][kfold_wrapper.log_eval_metrics] Accuracy(layer_0 - estimator_1 - 3_folds.train_1.predict)=83.33%
[ 2020-03-16 20:51:04,492][kfold_wrapper.log_eval_metrics] Accuracy(layer_0 - estimator_1 - 3_folds.train_2.predict)=83.72%
[ 2020-03-16 20:51:04,821][kfold_wrapper.log_eval_metrics] Accuracy(layer_0 - estimator_1 - 3_folds.train_cv.predict)=83.46%
[ 2020-03-16 20:51:04,821][kfold_wrapper.log_eval_metrics] Accuracy(layer_0 - estimator_1 - 3_folds.test.predict)=80.46%
[ 2020-03-16 20:51:05,962][kfold_wrapper.log_eval_metrics] Accuracy(layer_0 - estimator_2 - 3_folds.train_0.predict)=81.40%
[ 2020-03-16 20:51:07,011][kfold_wrapper.log_eval_metrics] Accuracy(layer_0 - estimator_2 - 3_folds.train_1.predict)=84.88%
[ 2020-03-16 20:51:07,964][kfold_wrapper.log_eval_metrics] Accuracy(layer_0 - estimator_2 - 3_folds.train_2.predict)=81.40%
[ 2020-03-16 20:51:07,964][kfold_wrapper.log_eval_metrics] Accuracy(layer_0 - estimator_2 - 3_folds.train_cv.predict)=82.56%
[ 2020-03-16 20:51:07,964][kfold_wrapper.log_eval_metrics] Accuracy(layer_0 - estimator_2 - 3_folds.test.predict)=80.46%
[ 2020-03-16 20:51:07,964][cascade_classifier.calc_accuracy] Accuracy(layer_0 - train.classifier_average)=82.43%
[ 2020-03-16 20:51:07,964][cascade_classifier.calc_accuracy] Accuracy(layer_0 - test.classifier_average)=80.46%
[ 2020-03-16 20:51:07,964][cascade_classifier.fit_transform] [layer=1] look_indexs=[0], X_cur_train.shape=(774, 285), X_cur_test.shape=(87, 285)
[ 2020-03-16 20:51:10,217][kfold_wrapper.log_eval_metrics] Accuracy(layer_1 - estimator_0 - 3_folds.train_0.predict)=82.95%
