[ 2020-03-20 23:57:23,359][cascade_classifier.fit_transform] X_groups_train.shape=[(774, 1)],y_train.shape=(774,),X_groups_test.shape=[(87, 1)],y_test.shape=(87,)
[ 2020-03-20 23:57:23,359][cascade_classifier.fit_transform] group_dims=[1]
[ 2020-03-20 23:57:23,359][cascade_classifier.fit_transform] group_starts=[0]
[ 2020-03-20 23:57:23,359][cascade_classifier.fit_transform] group_ends=[1]
[ 2020-03-20 23:57:23,359][cascade_classifier.fit_transform] X_train.shape=(774, 1),X_test.shape=(87, 1)
[ 2020-03-20 23:57:23,359][cascade_classifier.fit_transform] [layer=0] look_indexs=[0], X_cur_train.shape=(774, 1), X_cur_test.shape=(87, 1)
[ 2020-03-20 23:57:25,422][kfold_wrapper.log_eval_metrics] Accuracy(layer_0 - estimator_0 - 3_folds.train_0.predict)=86.10%
[ 2020-03-20 23:57:27,563][kfold_wrapper.log_eval_metrics] Accuracy(layer_0 - estimator_0 - 3_folds.train_1.predict)=86.43%
[ 2020-03-20 23:57:29,813][kfold_wrapper.log_eval_metrics] Accuracy(layer_0 - estimator_0 - 3_folds.train_2.predict)=88.33%
[ 2020-03-20 23:57:30,141][kfold_wrapper.log_eval_metrics] Accuracy(layer_0 - estimator_0 - 3_folds.train_cv.predict)=86.95%
[ 2020-03-20 23:57:30,141][kfold_wrapper.log_eval_metrics] Accuracy(layer_0 - estimator_0 - 3_folds.test.predict)=88.51%
[ 2020-03-20 23:57:32,000][kfold_wrapper.log_eval_metrics] Accuracy(layer_0 - estimator_1 - 3_folds.train_0.predict)=86.87%
[ 2020-03-20 23:57:34,219][kfold_wrapper.log_eval_metrics] Accuracy(layer_0 - estimator_1 - 3_folds.train_1.predict)=88.76%
[ 2020-03-20 23:57:36,423][kfold_wrapper.log_eval_metrics] Accuracy(layer_0 - estimator_1 - 3_folds.train_2.predict)=89.49%
[ 2020-03-20 23:57:36,751][kfold_wrapper.log_eval_metrics] Accuracy(layer_0 - estimator_1 - 3_folds.train_cv.predict)=88.37%
[ 2020-03-20 23:57:36,751][kfold_wrapper.log_eval_metrics] Accuracy(layer_0 - estimator_1 - 3_folds.test.predict)=90.80%
[ 2020-03-20 23:57:36,969][kfold_wrapper.log_eval_metrics] Accuracy(layer_0 - estimator_2 - 3_folds.train_0.predict)=88.03%
[ 2020-03-20 23:57:37,110][kfold_wrapper.log_eval_metrics] Accuracy(layer_0 - estimator_2 - 3_folds.train_1.predict)=89.92%
[ 2020-03-20 23:57:37,235][kfold_wrapper.log_eval_metrics] Accuracy(layer_0 - estimator_2 - 3_folds.train_2.predict)=88.72%
[ 2020-03-20 23:57:37,235][kfold_wrapper.log_eval_metrics] Accuracy(layer_0 - estimator_2 - 3_folds.train_cv.predict)=88.89%
[ 2020-03-20 23:57:37,235][kfold_wrapper.log_eval_metrics] Accuracy(layer_0 - estimator_2 - 3_folds.test.predict)=86.21%
[ 2020-03-20 23:57:37,235][cascade_classifier.calc_accuracy] Accuracy(layer_0 - train.classifier_average)=88.76%
[ 2020-03-20 23:57:37,235][cascade_classifier.calc_accuracy] Accuracy(layer_0 - test.classifier_average)=88.51%
[ 2020-03-20 23:57:37,235][cascade_classifier.fit_transform] [layer=1] look_indexs=[0], X_cur_train.shape=(774, 7), X_cur_test.shape=(87, 7)
[ 2020-03-20 23:57:39,157][kfold_wrapper.log_eval_metrics] Accuracy(layer_1 - estimator_0 - 3_folds.train_0.predict)=91.51%
[ 2020-03-20 23:57:41,313][kfold_wrapper.log_eval_metrics] Accuracy(layer_1 - estimator_0 - 3_folds.train_1.predict)=91.09%
[ 2020-03-20 23:57:43,469][kfold_wrapper.log_eval_metrics] Accuracy(layer_1 - estimator_0 - 3_folds.train_2.predict)=89.88%
[ 2020-03-20 23:57:43,800][kfold_wrapper.log_eval_metrics] Accuracy(layer_1 - estimator_0 - 3_folds.train_cv.predict)=90.83%
[ 2020-03-20 23:57:43,800][kfold_wrapper.log_eval_metrics] Accuracy(layer_1 - estimator_0 - 3_folds.test.predict)=94.25%
[ 2020-03-20 23:57:45,660][kfold_wrapper.log_eval_metrics] Accuracy(layer_1 - estimator_1 - 3_folds.train_0.predict)=90.35%
[ 2020-03-20 23:57:47,848][kfold_wrapper.log_eval_metrics] Accuracy(layer_1 - estimator_1 - 3_folds.train_1.predict)=91.86%
[ 2020-03-20 23:57:50,035][kfold_wrapper.log_eval_metrics] Accuracy(layer_1 - estimator_1 - 3_folds.train_2.predict)=88.33%
[ 2020-03-20 23:57:50,363][kfold_wrapper.log_eval_metrics] Accuracy(layer_1 - estimator_1 - 3_folds.train_cv.predict)=90.18%
[ 2020-03-20 23:57:50,363][kfold_wrapper.log_eval_metrics] Accuracy(layer_1 - estimator_1 - 3_folds.test.predict)=91.95%
[ 2020-03-20 23:57:50,488][kfold_wrapper.log_eval_metrics] Accuracy(layer_1 - estimator_2 - 3_folds.train_0.predict)=91.12%
[ 2020-03-20 23:57:50,629][kfold_wrapper.log_eval_metrics] Accuracy(layer_1 - estimator_2 - 3_folds.train_1.predict)=92.25%
[ 2020-03-20 23:57:50,770][kfold_wrapper.log_eval_metrics] Accuracy(layer_1 - estimator_2 - 3_folds.train_2.predict)=91.05%
[ 2020-03-20 23:57:50,770][kfold_wrapper.log_eval_metrics] Accuracy(layer_1 - estimator_2 - 3_folds.train_cv.predict)=91.47%
[ 2020-03-20 23:57:50,770][kfold_wrapper.log_eval_metrics] Accuracy(layer_1 - estimator_2 - 3_folds.test.predict)=94.25%
[ 2020-03-20 23:57:50,770][cascade_classifier.calc_accuracy] Accuracy(layer_1 - train.classifier_average)=91.34%
[ 2020-03-20 23:57:50,770][cascade_classifier.calc_accuracy] Accuracy(layer_1 - test.classifier_average)=94.25%
[ 2020-03-20 23:57:50,770][cascade_classifier.fit_transform] [layer=2] look_indexs=[0], X_cur_train.shape=(774, 7), X_cur_test.shape=(87, 7)
[ 2020-03-20 23:57:52,801][kfold_wrapper.log_eval_metrics] Accuracy(layer_2 - estimator_0 - 3_folds.train_0.predict)=87.64%
[ 2020-03-20 23:57:55,060][kfold_wrapper.log_eval_metrics] Accuracy(layer_2 - estimator_0 - 3_folds.train_1.predict)=94.96%
[ 2020-03-20 23:57:57,279][kfold_wrapper.log_eval_metrics] Accuracy(layer_2 - estimator_0 - 3_folds.train_2.predict)=92.22%
[ 2020-03-20 23:57:57,607][kfold_wrapper.log_eval_metrics] Accuracy(layer_2 - estimator_0 - 3_folds.train_cv.predict)=91.60%
[ 2020-03-20 23:57:57,607][kfold_wrapper.log_eval_metrics] Accuracy(layer_2 - estimator_0 - 3_folds.test.predict)=91.95%
[ 2020-03-20 23:57:59,467][kfold_wrapper.log_eval_metrics] Accuracy(layer_2 - estimator_1 - 3_folds.train_0.predict)=91.12%
[ 2020-03-20 23:58:01,654][kfold_wrapper.log_eval_metrics] Accuracy(layer_2 - estimator_1 - 3_folds.train_1.predict)=92.64%
[ 2020-03-20 23:58:03,842][kfold_wrapper.log_eval_metrics] Accuracy(layer_2 - estimator_1 - 3_folds.train_2.predict)=89.88%
[ 2020-03-20 23:58:04,186][kfold_wrapper.log_eval_metrics] Accuracy(layer_2 - estimator_1 - 3_folds.train_cv.predict)=91.21%
[ 2020-03-20 23:58:04,186][kfold_wrapper.log_eval_metrics] Accuracy(layer_2 - estimator_1 - 3_folds.test.predict)=90.80%
[ 2020-03-20 23:58:04,404][kfold_wrapper.log_eval_metrics] Accuracy(layer_2 - estimator_2 - 3_folds.train_0.predict)=91.12%
[ 2020-03-20 23:58:04,545][kfold_wrapper.log_eval_metrics] Accuracy(layer_2 - estimator_2 - 3_folds.train_1.predict)=94.19%
[ 2020-03-20 23:58:04,685][kfold_wrapper.log_eval_metrics] Accuracy(layer_2 - estimator_2 - 3_folds.train_2.predict)=89.49%
[ 2020-03-20 23:58:04,685][kfold_wrapper.log_eval_metrics] Accuracy(layer_2 - estimator_2 - 3_folds.train_cv.predict)=91.60%
[ 2020-03-20 23:58:04,685][kfold_wrapper.log_eval_metrics] Accuracy(layer_2 - estimator_2 - 3_folds.test.predict)=90.80%
[ 2020-03-20 23:58:04,685][cascade_classifier.calc_accuracy] Accuracy(layer_2 - train.classifier_average)=91.86%
[ 2020-03-20 23:58:04,685][cascade_classifier.calc_accuracy] Accuracy(layer_2 - test.classifier_average)=91.95%
[ 2020-03-20 23:58:04,685][cascade_classifier.fit_transform] [layer=3] look_indexs=[0], X_cur_train.shape=(774, 7), X_cur_test.shape=(87, 7)
[ 2020-03-20 23:58:06,717][kfold_wrapper.log_eval_metrics] Accuracy(layer_3 - estimator_0 - 3_folds.train_0.predict)=92.28%
[ 2020-03-20 23:58:08,936][kfold_wrapper.log_eval_metrics] Accuracy(layer_3 - estimator_0 - 3_folds.train_1.predict)=89.92%
[ 2020-03-20 23:58:11,171][kfold_wrapper.log_eval_metrics] Accuracy(layer_3 - estimator_0 - 3_folds.train_2.predict)=92.22%
[ 2020-03-20 23:58:11,499][kfold_wrapper.log_eval_metrics] Accuracy(layer_3 - estimator_0 - 3_folds.train_cv.predict)=91.47%
[ 2020-03-20 23:58:11,499][kfold_wrapper.log_eval_metrics] Accuracy(layer_3 - estimator_0 - 3_folds.test.predict)=93.10%
[ 2020-03-20 23:58:13,374][kfold_wrapper.log_eval_metrics] Accuracy(layer_3 - estimator_1 - 3_folds.train_0.predict)=92.66%
[ 2020-03-20 23:58:15,561][kfold_wrapper.log_eval_metrics] Accuracy(layer_3 - estimator_1 - 3_folds.train_1.predict)=93.41%
[ 2020-03-20 23:58:17,747][kfold_wrapper.log_eval_metrics] Accuracy(layer_3 - estimator_1 - 3_folds.train_2.predict)=91.05%
[ 2020-03-20 23:58:18,075][kfold_wrapper.log_eval_metrics] Accuracy(layer_3 - estimator_1 - 3_folds.train_cv.predict)=92.38%
[ 2020-03-20 23:58:18,075][kfold_wrapper.log_eval_metrics] Accuracy(layer_3 - estimator_1 - 3_folds.test.predict)=91.95%
[ 2020-03-20 23:58:18,216][kfold_wrapper.log_eval_metrics] Accuracy(layer_3 - estimator_2 - 3_folds.train_0.predict)=89.58%
[ 2020-03-20 23:58:18,356][kfold_wrapper.log_eval_metrics] Accuracy(layer_3 - estimator_2 - 3_folds.train_1.predict)=91.09%
[ 2020-03-20 23:58:18,481][kfold_wrapper.log_eval_metrics] Accuracy(layer_3 - estimator_2 - 3_folds.train_2.predict)=90.27%
[ 2020-03-20 23:58:18,481][kfold_wrapper.log_eval_metrics] Accuracy(layer_3 - estimator_2 - 3_folds.train_cv.predict)=90.31%
[ 2020-03-20 23:58:18,497][kfold_wrapper.log_eval_metrics] Accuracy(layer_3 - estimator_2 - 3_folds.test.predict)=93.10%
[ 2020-03-20 23:58:18,497][cascade_classifier.calc_accuracy] Accuracy(layer_3 - train.classifier_average)=90.96%
[ 2020-03-20 23:58:18,497][cascade_classifier.calc_accuracy] Accuracy(layer_3 - test.classifier_average)=91.95%
[ 2020-03-20 23:58:18,497][cascade_classifier.fit_transform] [layer=4] look_indexs=[0], X_cur_train.shape=(774, 7), X_cur_test.shape=(87, 7)
[ 2020-03-20 23:58:20,419][kfold_wrapper.log_eval_metrics] Accuracy(layer_4 - estimator_0 - 3_folds.train_0.predict)=91.12%
[ 2020-03-20 23:58:22,669][kfold_wrapper.log_eval_metrics] Accuracy(layer_4 - estimator_0 - 3_folds.train_1.predict)=92.25%
[ 2020-03-20 23:58:24,904][kfold_wrapper.log_eval_metrics] Accuracy(layer_4 - estimator_0 - 3_folds.train_2.predict)=90.27%
[ 2020-03-20 23:58:25,232][kfold_wrapper.log_eval_metrics] Accuracy(layer_4 - estimator_0 - 3_folds.train_cv.predict)=91.21%
[ 2020-03-20 23:58:25,232][kfold_wrapper.log_eval_metrics] Accuracy(layer_4 - estimator_0 - 3_folds.test.predict)=93.10%
[ 2020-03-20 23:58:27,092][kfold_wrapper.log_eval_metrics] Accuracy(layer_4 - estimator_1 - 3_folds.train_0.predict)=90.73%
[ 2020-03-20 23:58:29,281][kfold_wrapper.log_eval_metrics] Accuracy(layer_4 - estimator_1 - 3_folds.train_1.predict)=90.70%
[ 2020-03-20 23:58:31,485][kfold_wrapper.log_eval_metrics] Accuracy(layer_4 - estimator_1 - 3_folds.train_2.predict)=90.27%
[ 2020-03-20 23:58:31,813][kfold_wrapper.log_eval_metrics] Accuracy(layer_4 - estimator_1 - 3_folds.train_cv.predict)=90.57%
[ 2020-03-20 23:58:31,813][kfold_wrapper.log_eval_metrics] Accuracy(layer_4 - estimator_1 - 3_folds.test.predict)=93.10%
[ 2020-03-20 23:58:31,953][kfold_wrapper.log_eval_metrics] Accuracy(layer_4 - estimator_2 - 3_folds.train_0.predict)=88.42%
[ 2020-03-20 23:58:32,094][kfold_wrapper.log_eval_metrics] Accuracy(layer_4 - estimator_2 - 3_folds.train_1.predict)=91.47%
[ 2020-03-20 23:58:32,219][kfold_wrapper.log_eval_metrics] Accuracy(layer_4 - estimator_2 - 3_folds.train_2.predict)=91.83%
[ 2020-03-20 23:58:32,219][kfold_wrapper.log_eval_metrics] Accuracy(layer_4 - estimator_2 - 3_folds.train_cv.predict)=90.57%
[ 2020-03-20 23:58:32,219][kfold_wrapper.log_eval_metrics] Accuracy(layer_4 - estimator_2 - 3_folds.test.predict)=91.95%
[ 2020-03-20 23:58:32,219][cascade_classifier.calc_accuracy] Accuracy(layer_4 - train.classifier_average)=91.09%
[ 2020-03-20 23:58:32,219][cascade_classifier.calc_accuracy] Accuracy(layer_4 - test.classifier_average)=91.95%
[ 2020-03-20 23:58:32,219][cascade_classifier.fit_transform] [layer=5] look_indexs=[0], X_cur_train.shape=(774, 7), X_cur_test.shape=(87, 7)
[ 2020-03-20 23:58:34,157][kfold_wrapper.log_eval_metrics] Accuracy(layer_5 - estimator_0 - 3_folds.train_0.predict)=91.51%
[ 2020-03-20 23:58:36,391][kfold_wrapper.log_eval_metrics] Accuracy(layer_5 - estimator_0 - 3_folds.train_1.predict)=89.53%
[ 2020-03-20 23:58:38,625][kfold_wrapper.log_eval_metrics] Accuracy(layer_5 - estimator_0 - 3_folds.train_2.predict)=93.00%
[ 2020-03-20 23:58:38,951][kfold_wrapper.log_eval_metrics] Accuracy(layer_5 - estimator_0 - 3_folds.train_cv.predict)=91.34%
[ 2020-03-20 23:58:38,951][kfold_wrapper.log_eval_metrics] Accuracy(layer_5 - estimator_0 - 3_folds.test.predict)=90.80%
[ 2020-03-20 23:58:40,795][kfold_wrapper.log_eval_metrics] Accuracy(layer_5 - estimator_1 - 3_folds.train_0.predict)=91.89%
[ 2020-03-20 23:58:42,967][kfold_wrapper.log_eval_metrics] Accuracy(layer_5 - estimator_1 - 3_folds.train_1.predict)=91.86%
[ 2020-03-20 23:58:45,139][kfold_wrapper.log_eval_metrics] Accuracy(layer_5 - estimator_1 - 3_folds.train_2.predict)=90.27%
[ 2020-03-20 23:58:45,467][kfold_wrapper.log_eval_metrics] Accuracy(layer_5 - estimator_1 - 3_folds.train_cv.predict)=91.34%
[ 2020-03-20 23:58:45,467][kfold_wrapper.log_eval_metrics] Accuracy(layer_5 - estimator_1 - 3_folds.test.predict)=91.95%
[ 2020-03-20 23:58:45,607][kfold_wrapper.log_eval_metrics] Accuracy(layer_5 - estimator_2 - 3_folds.train_0.predict)=92.66%
[ 2020-03-20 23:58:45,748][kfold_wrapper.log_eval_metrics] Accuracy(layer_5 - estimator_2 - 3_folds.train_1.predict)=91.86%
[ 2020-03-20 23:58:45,873][kfold_wrapper.log_eval_metrics] Accuracy(layer_5 - estimator_2 - 3_folds.train_2.predict)=89.11%
[ 2020-03-20 23:58:45,873][kfold_wrapper.log_eval_metrics] Accuracy(layer_5 - estimator_2 - 3_folds.train_cv.predict)=91.21%
[ 2020-03-20 23:58:45,873][kfold_wrapper.log_eval_metrics] Accuracy(layer_5 - estimator_2 - 3_folds.test.predict)=93.10%
[ 2020-03-20 23:58:45,889][cascade_classifier.calc_accuracy] Accuracy(layer_5 - train.classifier_average)=91.99%
[ 2020-03-20 23:58:45,889][cascade_classifier.calc_accuracy] Accuracy(layer_5 - test.classifier_average)=90.80%
[ 2020-03-20 23:58:45,889][cascade_classifier.fit_transform] [layer=6] look_indexs=[0], X_cur_train.shape=(774, 7), X_cur_test.shape=(87, 7)
[ 2020-03-20 23:58:47,920][kfold_wrapper.log_eval_metrics] Accuracy(layer_6 - estimator_0 - 3_folds.train_0.predict)=92.28%
[ 2020-03-20 23:58:50,152][kfold_wrapper.log_eval_metrics] Accuracy(layer_6 - estimator_0 - 3_folds.train_1.predict)=91.47%
[ 2020-03-20 23:58:52,386][kfold_wrapper.log_eval_metrics] Accuracy(layer_6 - estimator_0 - 3_folds.train_2.predict)=91.83%
[ 2020-03-20 23:58:52,714][kfold_wrapper.log_eval_metrics] Accuracy(layer_6 - estimator_0 - 3_folds.train_cv.predict)=91.86%
[ 2020-03-20 23:58:52,714][kfold_wrapper.log_eval_metrics] Accuracy(layer_6 - estimator_0 - 3_folds.test.predict)=89.66%
[ 2020-03-20 23:58:54,558][kfold_wrapper.log_eval_metrics] Accuracy(layer_6 - estimator_1 - 3_folds.train_0.predict)=92.28%
[ 2020-03-20 23:58:56,746][kfold_wrapper.log_eval_metrics] Accuracy(layer_6 - estimator_1 - 3_folds.train_1.predict)=90.31%
[ 2020-03-20 23:58:58,934][kfold_wrapper.log_eval_metrics] Accuracy(layer_6 - estimator_1 - 3_folds.train_2.predict)=89.88%
[ 2020-03-20 23:58:59,262][kfold_wrapper.log_eval_metrics] Accuracy(layer_6 - estimator_1 - 3_folds.train_cv.predict)=90.83%
[ 2020-03-20 23:58:59,262][kfold_wrapper.log_eval_metrics] Accuracy(layer_6 - estimator_1 - 3_folds.test.predict)=88.51%
[ 2020-03-20 23:58:59,387][kfold_wrapper.log_eval_metrics] Accuracy(layer_6 - estimator_2 - 3_folds.train_0.predict)=90.35%
[ 2020-03-20 23:58:59,527][kfold_wrapper.log_eval_metrics] Accuracy(layer_6 - estimator_2 - 3_folds.train_1.predict)=89.53%
[ 2020-03-20 23:58:59,668][kfold_wrapper.log_eval_metrics] Accuracy(layer_6 - estimator_2 - 3_folds.train_2.predict)=92.22%
[ 2020-03-20 23:58:59,668][kfold_wrapper.log_eval_metrics] Accuracy(layer_6 - estimator_2 - 3_folds.train_cv.predict)=90.70%
[ 2020-03-20 23:58:59,668][kfold_wrapper.log_eval_metrics] Accuracy(layer_6 - estimator_2 - 3_folds.test.predict)=93.10%
[ 2020-03-20 23:58:59,668][cascade_classifier.calc_accuracy] Accuracy(layer_6 - train.classifier_average)=91.21%
[ 2020-03-20 23:58:59,668][cascade_classifier.calc_accuracy] Accuracy(layer_6 - test.classifier_average)=90.80%
[ 2020-03-20 23:58:59,668][cascade_classifier.fit_transform] [layer=7] look_indexs=[0], X_cur_train.shape=(774, 7), X_cur_test.shape=(87, 7)
[ 2020-03-20 23:59:01,612][kfold_wrapper.log_eval_metrics] Accuracy(layer_7 - estimator_0 - 3_folds.train_0.predict)=91.89%
[ 2020-03-20 23:59:03,941][kfold_wrapper.log_eval_metrics] Accuracy(layer_7 - estimator_0 - 3_folds.train_1.predict)=89.53%
[ 2020-03-20 23:59:06,175][kfold_wrapper.log_eval_metrics] Accuracy(layer_7 - estimator_0 - 3_folds.train_2.predict)=92.61%
[ 2020-03-20 23:59:06,503][kfold_wrapper.log_eval_metrics] Accuracy(layer_7 - estimator_0 - 3_folds.train_cv.predict)=91.34%
[ 2020-03-20 23:59:06,503][kfold_wrapper.log_eval_metrics] Accuracy(layer_7 - estimator_0 - 3_folds.test.predict)=93.10%
[ 2020-03-20 23:59:08,363][kfold_wrapper.log_eval_metrics] Accuracy(layer_7 - estimator_1 - 3_folds.train_0.predict)=90.35%
[ 2020-03-20 23:59:10,535][kfold_wrapper.log_eval_metrics] Accuracy(layer_7 - estimator_1 - 3_folds.train_1.predict)=90.31%
[ 2020-03-20 23:59:12,711][kfold_wrapper.log_eval_metrics] Accuracy(layer_7 - estimator_1 - 3_folds.train_2.predict)=91.05%
[ 2020-03-20 23:59:13,039][kfold_wrapper.log_eval_metrics] Accuracy(layer_7 - estimator_1 - 3_folds.train_cv.predict)=90.57%
[ 2020-03-20 23:59:13,039][kfold_wrapper.log_eval_metrics] Accuracy(layer_7 - estimator_1 - 3_folds.test.predict)=90.80%
[ 2020-03-20 23:59:13,164][kfold_wrapper.log_eval_metrics] Accuracy(layer_7 - estimator_2 - 3_folds.train_0.predict)=90.73%
[ 2020-03-20 23:59:13,305][kfold_wrapper.log_eval_metrics] Accuracy(layer_7 - estimator_2 - 3_folds.train_1.predict)=91.09%
[ 2020-03-20 23:59:13,430][kfold_wrapper.log_eval_metrics] Accuracy(layer_7 - estimator_2 - 3_folds.train_2.predict)=89.11%
[ 2020-03-20 23:59:13,430][kfold_wrapper.log_eval_metrics] Accuracy(layer_7 - estimator_2 - 3_folds.train_cv.predict)=90.31%
[ 2020-03-20 23:59:13,430][kfold_wrapper.log_eval_metrics] Accuracy(layer_7 - estimator_2 - 3_folds.test.predict)=93.10%
[ 2020-03-20 23:59:13,430][cascade_classifier.calc_accuracy] Accuracy(layer_7 - train.classifier_average)=91.21%
[ 2020-03-20 23:59:13,430][cascade_classifier.calc_accuracy] Accuracy(layer_7 - test.classifier_average)=91.95%
[ 2020-03-20 23:59:13,430][cascade_classifier.fit_transform] [layer=8] look_indexs=[0], X_cur_train.shape=(774, 7), X_cur_test.shape=(87, 7)
[ 2020-03-20 23:59:15,368][kfold_wrapper.log_eval_metrics] Accuracy(layer_8 - estimator_0 - 3_folds.train_0.predict)=88.80%
[ 2020-03-20 23:59:17,618][kfold_wrapper.log_eval_metrics] Accuracy(layer_8 - estimator_0 - 3_folds.train_1.predict)=93.02%
[ 2020-03-20 23:59:19,868][kfold_wrapper.log_eval_metrics] Accuracy(layer_8 - estimator_0 - 3_folds.train_2.predict)=91.83%
[ 2020-03-20 23:59:20,212][kfold_wrapper.log_eval_metrics] Accuracy(layer_8 - estimator_0 - 3_folds.train_cv.predict)=91.21%
[ 2020-03-20 23:59:20,212][kfold_wrapper.log_eval_metrics] Accuracy(layer_8 - estimator_0 - 3_folds.test.predict)=94.25%
[ 2020-03-20 23:59:22,056][kfold_wrapper.log_eval_metrics] Accuracy(layer_8 - estimator_1 - 3_folds.train_0.predict)=87.26%
[ 2020-03-20 23:59:24,246][kfold_wrapper.log_eval_metrics] Accuracy(layer_8 - estimator_1 - 3_folds.train_1.predict)=93.02%
[ 2020-03-20 23:59:26,418][kfold_wrapper.log_eval_metrics] Accuracy(layer_8 - estimator_1 - 3_folds.train_2.predict)=89.49%
[ 2020-03-20 23:59:26,746][kfold_wrapper.log_eval_metrics] Accuracy(layer_8 - estimator_1 - 3_folds.train_cv.predict)=89.92%
[ 2020-03-20 23:59:26,746][kfold_wrapper.log_eval_metrics] Accuracy(layer_8 - estimator_1 - 3_folds.test.predict)=93.10%
[ 2020-03-20 23:59:26,871][kfold_wrapper.log_eval_metrics] Accuracy(layer_8 - estimator_2 - 3_folds.train_0.predict)=92.28%
[ 2020-03-20 23:59:27,012][kfold_wrapper.log_eval_metrics] Accuracy(layer_8 - estimator_2 - 3_folds.train_1.predict)=92.25%
[ 2020-03-20 23:59:27,152][kfold_wrapper.log_eval_metrics] Accuracy(layer_8 - estimator_2 - 3_folds.train_2.predict)=91.05%
[ 2020-03-20 23:59:27,152][kfold_wrapper.log_eval_metrics] Accuracy(layer_8 - estimator_2 - 3_folds.train_cv.predict)=91.86%
[ 2020-03-20 23:59:27,152][kfold_wrapper.log_eval_metrics] Accuracy(layer_8 - estimator_2 - 3_folds.test.predict)=89.66%
[ 2020-03-20 23:59:27,152][cascade_classifier.calc_accuracy] Accuracy(layer_8 - train.classifier_average)=91.34%
[ 2020-03-20 23:59:27,152][cascade_classifier.calc_accuracy] Accuracy(layer_8 - test.classifier_average)=90.80%
[ 2020-03-20 23:59:27,152][cascade_classifier.fit_transform] [Result][Optimal Level Detected] opt_layer_num=6, accuracy_train=91.99%, accuracy_test=90.80%
[ 2020-03-20 23:59:27,168][cascade_classifier.transform] X_groups_test.shape=[(87, 1)]
[ 2020-03-20 23:59:27,168][cascade_classifier.transform] group_dims=[1]
[ 2020-03-20 23:59:27,168][cascade_classifier.transform] X_test.shape=(87, 1)
[ 2020-03-20 23:59:27,168][cascade_classifier.transform] [layer=0] look_indexs=[0], X_cur_test.shape=(87, 1)
[ 2020-03-20 23:59:29,168][cascade_classifier.transform] [layer=1] look_indexs=[0], X_cur_test.shape=(87, 7)
[ 2020-03-20 23:59:31,153][cascade_classifier.transform] [layer=2] look_indexs=[0], X_cur_test.shape=(87, 7)
[ 2020-03-20 23:59:33,118][cascade_classifier.transform] [layer=3] look_indexs=[0], X_cur_test.shape=(87, 7)
[ 2020-03-20 23:59:35,118][cascade_classifier.transform] [layer=4] look_indexs=[0], X_cur_test.shape=(87, 7)
[ 2020-03-20 23:59:37,087][cascade_classifier.transform] [layer=5] look_indexs=[0], X_cur_test.shape=(87, 7)
[ 2020-03-20 23:59:39,056][cascade_classifier.transform] X_groups_test.shape=[(87, 1)]
[ 2020-03-20 23:59:39,056][cascade_classifier.transform] group_dims=[1]
[ 2020-03-20 23:59:39,056][cascade_classifier.transform] X_test.shape=(87, 1)
[ 2020-03-20 23:59:39,056][cascade_classifier.transform] [layer=0] look_indexs=[0], X_cur_test.shape=(87, 1)
[ 2020-03-20 23:59:41,040][cascade_classifier.transform] [layer=1] look_indexs=[0], X_cur_test.shape=(87, 7)
[ 2020-03-20 23:59:42,931][cascade_classifier.transform] [layer=2] look_indexs=[0], X_cur_test.shape=(87, 7)
[ 2020-03-20 23:59:44,907][cascade_classifier.transform] [layer=3] look_indexs=[0], X_cur_test.shape=(87, 7)
[ 2020-03-20 23:59:46,782][cascade_classifier.transform] [layer=4] look_indexs=[0], X_cur_test.shape=(87, 7)
[ 2020-03-20 23:59:48,689][cascade_classifier.transform] [layer=5] look_indexs=[0], X_cur_test.shape=(87, 7)
[ 2020-03-20 23:59:50,907][cascade_classifier.fit_transform] X_groups_train.shape=[(774, 1)],y_train.shape=(774,),X_groups_test.shape=[(87, 1)],y_test.shape=(87,)
[ 2020-03-20 23:59:50,907][cascade_classifier.fit_transform] group_dims=[1]
[ 2020-03-20 23:59:50,907][cascade_classifier.fit_transform] group_starts=[0]
[ 2020-03-20 23:59:50,907][cascade_classifier.fit_transform] group_ends=[1]
[ 2020-03-20 23:59:50,907][cascade_classifier.fit_transform] X_train.shape=(774, 1),X_test.shape=(87, 1)
[ 2020-03-20 23:59:50,907][cascade_classifier.fit_transform] [layer=0] look_indexs=[0], X_cur_train.shape=(774, 1), X_cur_test.shape=(87, 1)
[ 2020-03-20 23:59:52,829][kfold_wrapper.log_eval_metrics] Accuracy(layer_0 - estimator_0 - 3_folds.train_0.predict)=85.33%
[ 2020-03-20 23:59:55,064][kfold_wrapper.log_eval_metrics] Accuracy(layer_0 - estimator_0 - 3_folds.train_1.predict)=90.70%
[ 2020-03-20 23:59:57,299][kfold_wrapper.log_eval_metrics] Accuracy(layer_0 - estimator_0 - 3_folds.train_2.predict)=87.55%
[ 2020-03-20 23:59:57,627][kfold_wrapper.log_eval_metrics] Accuracy(layer_0 - estimator_0 - 3_folds.train_cv.predict)=87.86%
[ 2020-03-20 23:59:57,627][kfold_wrapper.log_eval_metrics] Accuracy(layer_0 - estimator_0 - 3_folds.test.predict)=89.66%
[ 2020-03-20 23:59:59,502][kfold_wrapper.log_eval_metrics] Accuracy(layer_0 - estimator_1 - 3_folds.train_0.predict)=87.64%
[ 2020-03-21 00:00:01,612][kfold_wrapper.log_eval_metrics] Accuracy(layer_0 - estimator_1 - 3_folds.train_1.predict)=89.53%
[ 2020-03-21 00:00:03,784][kfold_wrapper.log_eval_metrics] Accuracy(layer_0 - estimator_1 - 3_folds.train_2.predict)=89.11%
[ 2020-03-21 00:00:04,112][kfold_wrapper.log_eval_metrics] Accuracy(layer_0 - estimator_1 - 3_folds.train_cv.predict)=88.76%
[ 2020-03-21 00:00:04,112][kfold_wrapper.log_eval_metrics] Accuracy(layer_0 - estimator_1 - 3_folds.test.predict)=89.66%
[ 2020-03-21 00:00:04,221][kfold_wrapper.log_eval_metrics] Accuracy(layer_0 - estimator_2 - 3_folds.train_0.predict)=90.35%
[ 2020-03-21 00:00:04,362][kfold_wrapper.log_eval_metrics] Accuracy(layer_0 - estimator_2 - 3_folds.train_1.predict)=88.37%
[ 2020-03-21 00:00:04,487][kfold_wrapper.log_eval_metrics] Accuracy(layer_0 - estimator_2 - 3_folds.train_2.predict)=91.05%
[ 2020-03-21 00:00:04,487][kfold_wrapper.log_eval_metrics] Accuracy(layer_0 - estimator_2 - 3_folds.train_cv.predict)=89.92%
[ 2020-03-21 00:00:04,487][kfold_wrapper.log_eval_metrics] Accuracy(layer_0 - estimator_2 - 3_folds.test.predict)=86.21%
[ 2020-03-21 00:00:04,487][cascade_classifier.calc_accuracy] Accuracy(layer_0 - train.classifier_average)=88.89%
[ 2020-03-21 00:00:04,487][cascade_classifier.calc_accuracy] Accuracy(layer_0 - test.classifier_average)=88.51%
[ 2020-03-21 00:00:04,487][cascade_classifier.fit_transform] [layer=1] look_indexs=[0], X_cur_train.shape=(774, 7), X_cur_test.shape=(87, 7)
[ 2020-03-21 00:00:06,409][kfold_wrapper.log_eval_metrics] Accuracy(layer_1 - estimator_0 - 3_folds.train_0.predict)=91.51%
[ 2020-03-21 00:00:08,664][kfold_wrapper.log_eval_metrics] Accuracy(layer_1 - estimator_0 - 3_folds.train_1.predict)=93.02%
[ 2020-03-21 00:00:10,898][kfold_wrapper.log_eval_metrics] Accuracy(layer_1 - estimator_0 - 3_folds.train_2.predict)=92.61%
[ 2020-03-21 00:00:11,133][kfold_wrapper.log_eval_metrics] Accuracy(layer_1 - estimator_0 - 3_folds.train_cv.predict)=92.38%
[ 2020-03-21 00:00:11,133][kfold_wrapper.log_eval_metrics] Accuracy(layer_1 - estimator_0 - 3_folds.test.predict)=93.10%
[ 2020-03-21 00:00:12,992][kfold_wrapper.log_eval_metrics] Accuracy(layer_1 - estimator_1 - 3_folds.train_0.predict)=91.12%
[ 2020-03-21 00:00:15,195][kfold_wrapper.log_eval_metrics] Accuracy(layer_1 - estimator_1 - 3_folds.train_1.predict)=91.47%
[ 2020-03-21 00:00:17,383][kfold_wrapper.log_eval_metrics] Accuracy(layer_1 - estimator_1 - 3_folds.train_2.predict)=91.05%
[ 2020-03-21 00:00:17,624][kfold_wrapper.log_eval_metrics] Accuracy(layer_1 - estimator_1 - 3_folds.train_cv.predict)=91.21%
[ 2020-03-21 00:00:17,624][kfold_wrapper.log_eval_metrics] Accuracy(layer_1 - estimator_1 - 3_folds.test.predict)=89.66%
[ 2020-03-21 00:00:17,764][kfold_wrapper.log_eval_metrics] Accuracy(layer_1 - estimator_2 - 3_folds.train_0.predict)=91.89%
[ 2020-03-21 00:00:17,905][kfold_wrapper.log_eval_metrics] Accuracy(layer_1 - estimator_2 - 3_folds.train_1.predict)=91.86%
[ 2020-03-21 00:00:18,046][kfold_wrapper.log_eval_metrics] Accuracy(layer_1 - estimator_2 - 3_folds.train_2.predict)=89.49%
[ 2020-03-21 00:00:18,046][kfold_wrapper.log_eval_metrics] Accuracy(layer_1 - estimator_2 - 3_folds.train_cv.predict)=91.09%
[ 2020-03-21 00:00:18,046][kfold_wrapper.log_eval_metrics] Accuracy(layer_1 - estimator_2 - 3_folds.test.predict)=94.25%
[ 2020-03-21 00:00:18,046][cascade_classifier.calc_accuracy] Accuracy(layer_1 - train.classifier_average)=91.86%
[ 2020-03-21 00:00:18,046][cascade_classifier.calc_accuracy] Accuracy(layer_1 - test.classifier_average)=91.95%
[ 2020-03-21 00:00:18,046][cascade_classifier.fit_transform] [layer=2] look_indexs=[0], X_cur_train.shape=(774, 7), X_cur_test.shape=(87, 7)
[ 2020-03-21 00:00:19,968][kfold_wrapper.log_eval_metrics] Accuracy(layer_2 - estimator_0 - 3_folds.train_0.predict)=95.75%
[ 2020-03-21 00:00:22,234][kfold_wrapper.log_eval_metrics] Accuracy(layer_2 - estimator_0 - 3_folds.train_1.predict)=93.41%
[ 2020-03-21 00:00:24,390][kfold_wrapper.log_eval_metrics] Accuracy(layer_2 - estimator_0 - 3_folds.train_2.predict)=87.94%
[ 2020-03-21 00:00:24,734][kfold_wrapper.log_eval_metrics] Accuracy(layer_2 - estimator_0 - 3_folds.train_cv.predict)=92.38%
[ 2020-03-21 00:00:24,734][kfold_wrapper.log_eval_metrics] Accuracy(layer_2 - estimator_0 - 3_folds.test.predict)=91.95%
[ 2020-03-21 00:00:26,594][kfold_wrapper.log_eval_metrics] Accuracy(layer_2 - estimator_1 - 3_folds.train_0.predict)=92.66%
[ 2020-03-21 00:00:28,766][kfold_wrapper.log_eval_metrics] Accuracy(layer_2 - estimator_1 - 3_folds.train_1.predict)=94.19%
[ 2020-03-21 00:00:30,954][kfold_wrapper.log_eval_metrics] Accuracy(layer_2 - estimator_1 - 3_folds.train_2.predict)=91.05%
[ 2020-03-21 00:00:31,282][kfold_wrapper.log_eval_metrics] Accuracy(layer_2 - estimator_1 - 3_folds.train_cv.predict)=92.64%
[ 2020-03-21 00:00:31,282][kfold_wrapper.log_eval_metrics] Accuracy(layer_2 - estimator_1 - 3_folds.test.predict)=91.95%
[ 2020-03-21 00:00:31,422][kfold_wrapper.log_eval_metrics] Accuracy(layer_2 - estimator_2 - 3_folds.train_0.predict)=93.82%
[ 2020-03-21 00:00:31,547][kfold_wrapper.log_eval_metrics] Accuracy(layer_2 - estimator_2 - 3_folds.train_1.predict)=88.76%
[ 2020-03-21 00:00:31,688][kfold_wrapper.log_eval_metrics] Accuracy(layer_2 - estimator_2 - 3_folds.train_2.predict)=91.44%
[ 2020-03-21 00:00:31,704][kfold_wrapper.log_eval_metrics] Accuracy(layer_2 - estimator_2 - 3_folds.train_cv.predict)=91.34%
[ 2020-03-21 00:00:31,704][kfold_wrapper.log_eval_metrics] Accuracy(layer_2 - estimator_2 - 3_folds.test.predict)=93.10%
[ 2020-03-21 00:00:31,704][cascade_classifier.calc_accuracy] Accuracy(layer_2 - train.classifier_average)=92.38%
[ 2020-03-21 00:00:31,704][cascade_classifier.calc_accuracy] Accuracy(layer_2 - test.classifier_average)=91.95%
[ 2020-03-21 00:00:31,704][cascade_classifier.fit_transform] [layer=3] look_indexs=[0], X_cur_train.shape=(774, 7), X_cur_test.shape=(87, 7)
[ 2020-03-21 00:00:33,626][kfold_wrapper.log_eval_metrics] Accuracy(layer_3 - estimator_0 - 3_folds.train_0.predict)=93.05%
[ 2020-03-21 00:00:35,876][kfold_wrapper.log_eval_metrics] Accuracy(layer_3 - estimator_0 - 3_folds.train_1.predict)=92.64%
