[ 2020-03-16 10:51:35,232][cascade_classifier.fit_transform] X_groups_train.shape=[(774, 1)],y_train.shape=(774,),X_groups_test.shape=[(87, 1)],y_test.shape=(87,)
[ 2020-03-16 10:51:35,233][cascade_classifier.fit_transform] group_dims=[1]
[ 2020-03-16 10:51:35,233][cascade_classifier.fit_transform] group_starts=[0]
[ 2020-03-16 10:51:35,233][cascade_classifier.fit_transform] group_ends=[1]
[ 2020-03-16 10:51:35,234][cascade_classifier.fit_transform] X_train.shape=(774, 1),X_test.shape=(87, 1)
[ 2020-03-16 10:51:35,234][cascade_classifier.fit_transform] [layer=0] look_indexs=[0], X_cur_train.shape=(774, 1), X_cur_test.shape=(87, 1)
[ 2020-03-16 10:51:37,551][kfold_wrapper.log_eval_metrics] Accuracy(layer_0 - estimator_0 - 3_folds.train_0.predict)=87.26%
[ 2020-03-16 10:51:40,056][kfold_wrapper.log_eval_metrics] Accuracy(layer_0 - estimator_0 - 3_folds.train_1.predict)=89.92%
[ 2020-03-16 10:51:42,695][kfold_wrapper.log_eval_metrics] Accuracy(layer_0 - estimator_0 - 3_folds.train_2.predict)=88.33%
[ 2020-03-16 10:51:43,014][kfold_wrapper.log_eval_metrics] Accuracy(layer_0 - estimator_0 - 3_folds.train_cv.predict)=88.50%
[ 2020-03-16 10:51:43,014][kfold_wrapper.log_eval_metrics] Accuracy(layer_0 - estimator_0 - 3_folds.test.predict)=88.51%
[ 2020-03-16 10:51:45,125][kfold_wrapper.log_eval_metrics] Accuracy(layer_0 - estimator_1 - 3_folds.train_0.predict)=84.94%
[ 2020-03-16 10:51:47,530][kfold_wrapper.log_eval_metrics] Accuracy(layer_0 - estimator_1 - 3_folds.train_1.predict)=87.21%
[ 2020-03-16 10:51:49,780][kfold_wrapper.log_eval_metrics] Accuracy(layer_0 - estimator_1 - 3_folds.train_2.predict)=87.94%
[ 2020-03-16 10:51:50,108][kfold_wrapper.log_eval_metrics] Accuracy(layer_0 - estimator_1 - 3_folds.train_cv.predict)=86.69%
[ 2020-03-16 10:51:50,108][kfold_wrapper.log_eval_metrics] Accuracy(layer_0 - estimator_1 - 3_folds.test.predict)=88.51%
[ 2020-03-16 10:51:50,108][cascade_classifier.calc_accuracy] Accuracy(layer_0 - train.classifier_average)=88.24%
[ 2020-03-16 10:51:50,108][cascade_classifier.calc_accuracy] Accuracy(layer_0 - test.classifier_average)=89.66%
[ 2020-03-16 10:51:50,108][cascade_classifier.fit_transform] [layer=1] look_indexs=[0], X_cur_train.shape=(774, 5), X_cur_test.shape=(87, 5)
[ 2020-03-16 10:51:52,268][kfold_wrapper.log_eval_metrics] Accuracy(layer_1 - estimator_0 - 3_folds.train_0.predict)=89.58%
[ 2020-03-16 10:51:54,729][kfold_wrapper.log_eval_metrics] Accuracy(layer_1 - estimator_0 - 3_folds.train_1.predict)=90.31%
[ 2020-03-16 10:51:57,447][kfold_wrapper.log_eval_metrics] Accuracy(layer_1 - estimator_0 - 3_folds.train_2.predict)=87.16%
[ 2020-03-16 10:51:57,775][kfold_wrapper.log_eval_metrics] Accuracy(layer_1 - estimator_0 - 3_folds.train_cv.predict)=89.02%
[ 2020-03-16 10:51:57,775][kfold_wrapper.log_eval_metrics] Accuracy(layer_1 - estimator_0 - 3_folds.test.predict)=88.51%
[ 2020-03-16 10:51:59,919][kfold_wrapper.log_eval_metrics] Accuracy(layer_1 - estimator_1 - 3_folds.train_0.predict)=89.96%
[ 2020-03-16 10:52:03,273][kfold_wrapper.log_eval_metrics] Accuracy(layer_1 - estimator_1 - 3_folds.train_1.predict)=90.70%
[ 2020-03-16 10:52:05,684][kfold_wrapper.log_eval_metrics] Accuracy(layer_1 - estimator_1 - 3_folds.train_2.predict)=85.60%
[ 2020-03-16 10:52:06,030][kfold_wrapper.log_eval_metrics] Accuracy(layer_1 - estimator_1 - 3_folds.train_cv.predict)=88.76%
[ 2020-03-16 10:52:06,030][kfold_wrapper.log_eval_metrics] Accuracy(layer_1 - estimator_1 - 3_folds.test.predict)=86.21%
[ 2020-03-16 10:52:06,030][cascade_classifier.calc_accuracy] Accuracy(layer_1 - train.classifier_average)=89.79%
[ 2020-03-16 10:52:06,030][cascade_classifier.calc_accuracy] Accuracy(layer_1 - test.classifier_average)=86.21%
[ 2020-03-16 10:52:06,030][cascade_classifier.fit_transform] [layer=2] look_indexs=[0], X_cur_train.shape=(774, 5), X_cur_test.shape=(87, 5)
[ 2020-03-16 10:52:08,022][kfold_wrapper.log_eval_metrics] Accuracy(layer_2 - estimator_0 - 3_folds.train_0.predict)=93.44%
[ 2020-03-16 10:52:10,497][kfold_wrapper.log_eval_metrics] Accuracy(layer_2 - estimator_0 - 3_folds.train_1.predict)=91.86%
[ 2020-03-16 10:52:12,791][kfold_wrapper.log_eval_metrics] Accuracy(layer_2 - estimator_0 - 3_folds.train_2.predict)=86.38%
[ 2020-03-16 10:52:13,135][kfold_wrapper.log_eval_metrics] Accuracy(layer_2 - estimator_0 - 3_folds.train_cv.predict)=90.57%
[ 2020-03-16 10:52:13,135][kfold_wrapper.log_eval_metrics] Accuracy(layer_2 - estimator_0 - 3_folds.test.predict)=91.95%
[ 2020-03-16 10:52:15,090][kfold_wrapper.log_eval_metrics] Accuracy(layer_2 - estimator_1 - 3_folds.train_0.predict)=91.12%
[ 2020-03-16 10:52:17,493][kfold_wrapper.log_eval_metrics] Accuracy(layer_2 - estimator_1 - 3_folds.train_1.predict)=90.70%
