[ 2020-03-16 11:01:36,706][cascade_classifier.fit_transform] X_groups_train.shape=[(774, 299)],y_train.shape=(774,),X_groups_test.shape=[(87, 299)],y_test.shape=(87,)
[ 2020-03-16 11:01:36,707][cascade_classifier.fit_transform] group_dims=[299]
[ 2020-03-16 11:01:36,707][cascade_classifier.fit_transform] group_starts=[0]
[ 2020-03-16 11:01:36,708][cascade_classifier.fit_transform] group_ends=[299]
[ 2020-03-16 11:01:36,708][cascade_classifier.fit_transform] X_train.shape=(774, 299),X_test.shape=(87, 299)
[ 2020-03-16 11:01:36,709][cascade_classifier.fit_transform] [layer=0] look_indexs=[0], X_cur_train.shape=(774, 299), X_cur_test.shape=(87, 299)
[ 2020-03-16 11:01:39,216][kfold_wrapper.log_eval_metrics] Accuracy(layer_0 - estimator_0 - 3_folds.train_0.predict)=84.56%
[ 2020-03-16 11:01:42,146][kfold_wrapper.log_eval_metrics] Accuracy(layer_0 - estimator_0 - 3_folds.train_1.predict)=81.78%
[ 2020-03-16 11:01:44,962][kfold_wrapper.log_eval_metrics] Accuracy(layer_0 - estimator_0 - 3_folds.train_2.predict)=80.16%
[ 2020-03-16 11:01:45,275][kfold_wrapper.log_eval_metrics] Accuracy(layer_0 - estimator_0 - 3_folds.train_cv.predict)=82.17%
[ 2020-03-16 11:01:45,276][kfold_wrapper.log_eval_metrics] Accuracy(layer_0 - estimator_0 - 3_folds.test.predict)=80.46%
[ 2020-03-16 11:01:47,633][kfold_wrapper.log_eval_metrics] Accuracy(layer_0 - estimator_1 - 3_folds.train_0.predict)=82.63%
[ 2020-03-16 11:01:50,162][kfold_wrapper.log_eval_metrics] Accuracy(layer_0 - estimator_1 - 3_folds.train_1.predict)=84.11%
[ 2020-03-16 11:01:52,721][kfold_wrapper.log_eval_metrics] Accuracy(layer_0 - estimator_1 - 3_folds.train_2.predict)=81.71%
[ 2020-03-16 11:01:53,032][kfold_wrapper.log_eval_metrics] Accuracy(layer_0 - estimator_1 - 3_folds.train_cv.predict)=82.82%
[ 2020-03-16 11:01:53,032][kfold_wrapper.log_eval_metrics] Accuracy(layer_0 - estimator_1 - 3_folds.test.predict)=79.31%
[ 2020-03-16 11:01:53,373][kfold_wrapper.log_eval_metrics] Accuracy(layer_0 - estimator_2 - 3_folds.train_0.predict)=82.63%
[ 2020-03-16 11:01:53,703][kfold_wrapper.log_eval_metrics] Accuracy(layer_0 - estimator_2 - 3_folds.train_1.predict)=81.78%
[ 2020-03-16 11:01:54,039][kfold_wrapper.log_eval_metrics] Accuracy(layer_0 - estimator_2 - 3_folds.train_2.predict)=81.71%
[ 2020-03-16 11:01:54,040][kfold_wrapper.log_eval_metrics] Accuracy(layer_0 - estimator_2 - 3_folds.train_cv.predict)=82.04%
[ 2020-03-16 11:01:54,041][kfold_wrapper.log_eval_metrics] Accuracy(layer_0 - estimator_2 - 3_folds.test.predict)=75.86%
[ 2020-03-16 11:01:54,041][cascade_classifier.calc_accuracy] Accuracy(layer_0 - train.classifier_average)=82.43%
[ 2020-03-16 11:01:54,041][cascade_classifier.calc_accuracy] Accuracy(layer_0 - test.classifier_average)=77.01%
[ 2020-03-16 11:01:54,043][cascade_classifier.fit_transform] [layer=1] look_indexs=[0], X_cur_train.shape=(774, 305), X_cur_test.shape=(87, 305)
[ 2020-03-16 11:01:56,453][kfold_wrapper.log_eval_metrics] Accuracy(layer_1 - estimator_0 - 3_folds.train_0.predict)=78.76%
[ 2020-03-16 11:01:59,265][kfold_wrapper.log_eval_metrics] Accuracy(layer_1 - estimator_0 - 3_folds.train_1.predict)=83.33%
[ 2020-03-16 11:02:01,998][kfold_wrapper.log_eval_metrics] Accuracy(layer_1 - estimator_0 - 3_folds.train_2.predict)=83.66%
[ 2020-03-16 11:02:02,310][kfold_wrapper.log_eval_metrics] Accuracy(layer_1 - estimator_0 - 3_folds.train_cv.predict)=81.91%
[ 2020-03-16 11:02:02,311][kfold_wrapper.log_eval_metrics] Accuracy(layer_1 - estimator_0 - 3_folds.test.predict)=79.31%
[ 2020-03-16 11:02:04,553][kfold_wrapper.log_eval_metrics] Accuracy(layer_1 - estimator_1 - 3_folds.train_0.predict)=83.78%
[ 2020-03-16 11:02:06,998][kfold_wrapper.log_eval_metrics] Accuracy(layer_1 - estimator_1 - 3_folds.train_1.predict)=81.01%
[ 2020-03-16 11:02:09,549][kfold_wrapper.log_eval_metrics] Accuracy(layer_1 - estimator_1 - 3_folds.train_2.predict)=82.10%
[ 2020-03-16 11:02:09,863][kfold_wrapper.log_eval_metrics] Accuracy(layer_1 - estimator_1 - 3_folds.train_cv.predict)=82.30%
[ 2020-03-16 11:02:09,864][kfold_wrapper.log_eval_metrics] Accuracy(layer_1 - estimator_1 - 3_folds.test.predict)=79.31%
[ 2020-03-16 11:02:10,224][kfold_wrapper.log_eval_metrics] Accuracy(layer_1 - estimator_2 - 3_folds.train_0.predict)=83.01%
[ 2020-03-16 11:02:10,574][kfold_wrapper.log_eval_metrics] Accuracy(layer_1 - estimator_2 - 3_folds.train_1.predict)=81.40%
[ 2020-03-16 11:02:10,914][kfold_wrapper.log_eval_metrics] Accuracy(layer_1 - estimator_2 - 3_folds.train_2.predict)=78.60%
[ 2020-03-16 11:02:10,915][kfold_wrapper.log_eval_metrics] Accuracy(layer_1 - estimator_2 - 3_folds.train_cv.predict)=81.01%
[ 2020-03-16 11:02:10,916][kfold_wrapper.log_eval_metrics] Accuracy(layer_1 - estimator_2 - 3_folds.test.predict)=78.16%
[ 2020-03-16 11:02:10,916][cascade_classifier.calc_accuracy] Accuracy(layer_1 - train.classifier_average)=81.91%
[ 2020-03-16 11:02:10,922][cascade_classifier.calc_accuracy] Accuracy(layer_1 - test.classifier_average)=80.46%
[ 2020-03-16 11:02:10,925][cascade_classifier.fit_transform] [layer=2] look_indexs=[0], X_cur_train.shape=(774, 305), X_cur_test.shape=(87, 305)
[ 2020-03-16 11:02:13,463][kfold_wrapper.log_eval_metrics] Accuracy(layer_2 - estimator_0 - 3_folds.train_0.predict)=81.47%
[ 2020-03-16 11:02:16,410][kfold_wrapper.log_eval_metrics] Accuracy(layer_2 - estimator_0 - 3_folds.train_1.predict)=83.72%
[ 2020-03-16 11:02:19,263][kfold_wrapper.log_eval_metrics] Accuracy(layer_2 - estimator_0 - 3_folds.train_2.predict)=82.49%
[ 2020-03-16 11:02:19,685][kfold_wrapper.log_eval_metrics] Accuracy(layer_2 - estimator_0 - 3_folds.train_cv.predict)=82.56%
[ 2020-03-16 11:02:19,685][kfold_wrapper.log_eval_metrics] Accuracy(layer_2 - estimator_0 - 3_folds.test.predict)=78.16%
[ 2020-03-16 11:02:21,858][kfold_wrapper.log_eval_metrics] Accuracy(layer_2 - estimator_1 - 3_folds.train_0.predict)=84.56%
[ 2020-03-16 11:02:24,529][kfold_wrapper.log_eval_metrics] Accuracy(layer_2 - estimator_1 - 3_folds.train_1.predict)=78.29%
[ 2020-03-16 11:02:27,203][kfold_wrapper.log_eval_metrics] Accuracy(layer_2 - estimator_1 - 3_folds.train_2.predict)=82.49%
[ 2020-03-16 11:02:27,512][kfold_wrapper.log_eval_metrics] Accuracy(layer_2 - estimator_1 - 3_folds.train_cv.predict)=81.78%
[ 2020-03-16 11:02:27,512][kfold_wrapper.log_eval_metrics] Accuracy(layer_2 - estimator_1 - 3_folds.test.predict)=79.31%
[ 2020-03-16 11:02:27,862][kfold_wrapper.log_eval_metrics] Accuracy(layer_2 - estimator_2 - 3_folds.train_0.predict)=83.78%
[ 2020-03-16 11:02:28,220][kfold_wrapper.log_eval_metrics] Accuracy(layer_2 - estimator_2 - 3_folds.train_1.predict)=80.23%
[ 2020-03-16 11:02:28,555][kfold_wrapper.log_eval_metrics] Accuracy(layer_2 - estimator_2 - 3_folds.train_2.predict)=78.60%
[ 2020-03-16 11:02:28,562][kfold_wrapper.log_eval_metrics] Accuracy(layer_2 - estimator_2 - 3_folds.train_cv.predict)=80.88%
[ 2020-03-16 11:02:28,562][kfold_wrapper.log_eval_metrics] Accuracy(layer_2 - estimator_2 - 3_folds.test.predict)=78.16%
[ 2020-03-16 11:02:28,563][cascade_classifier.calc_accuracy] Accuracy(layer_2 - train.classifier_average)=81.52%
[ 2020-03-16 11:02:28,563][cascade_classifier.calc_accuracy] Accuracy(layer_2 - test.classifier_average)=78.16%
[ 2020-03-16 11:02:28,564][cascade_classifier.fit_transform] [layer=3] look_indexs=[0], X_cur_train.shape=(774, 305), X_cur_test.shape=(87, 305)
[ 2020-03-16 11:02:30,996][kfold_wrapper.log_eval_metrics] Accuracy(layer_3 - estimator_0 - 3_folds.train_0.predict)=77.99%
[ 2020-03-16 11:02:33,864][kfold_wrapper.log_eval_metrics] Accuracy(layer_3 - estimator_0 - 3_folds.train_1.predict)=84.50%
[ 2020-03-16 11:02:36,713][kfold_wrapper.log_eval_metrics] Accuracy(layer_3 - estimator_0 - 3_folds.train_2.predict)=83.27%
[ 2020-03-16 11:02:37,027][kfold_wrapper.log_eval_metrics] Accuracy(layer_3 - estimator_0 - 3_folds.train_cv.predict)=81.91%
[ 2020-03-16 11:02:37,027][kfold_wrapper.log_eval_metrics] Accuracy(layer_3 - estimator_0 - 3_folds.test.predict)=78.16%
[ 2020-03-16 11:02:39,186][kfold_wrapper.log_eval_metrics] Accuracy(layer_3 - estimator_1 - 3_folds.train_0.predict)=82.24%
[ 2020-03-16 11:02:41,871][kfold_wrapper.log_eval_metrics] Accuracy(layer_3 - estimator_1 - 3_folds.train_1.predict)=82.17%
[ 2020-03-16 11:02:44,483][kfold_wrapper.log_eval_metrics] Accuracy(layer_3 - estimator_1 - 3_folds.train_2.predict)=84.82%
[ 2020-03-16 11:02:44,793][kfold_wrapper.log_eval_metrics] Accuracy(layer_3 - estimator_1 - 3_folds.train_cv.predict)=83.07%
[ 2020-03-16 11:02:44,793][kfold_wrapper.log_eval_metrics] Accuracy(layer_3 - estimator_1 - 3_folds.test.predict)=78.16%
[ 2020-03-16 11:02:45,130][kfold_wrapper.log_eval_metrics] Accuracy(layer_3 - estimator_2 - 3_folds.train_0.predict)=76.83%
[ 2020-03-16 11:02:45,488][kfold_wrapper.log_eval_metrics] Accuracy(layer_3 - estimator_2 - 3_folds.train_1.predict)=79.46%
[ 2020-03-16 11:02:45,855][kfold_wrapper.log_eval_metrics] Accuracy(layer_3 - estimator_2 - 3_folds.train_2.predict)=81.71%
[ 2020-03-16 11:02:45,857][kfold_wrapper.log_eval_metrics] Accuracy(layer_3 - estimator_2 - 3_folds.train_cv.predict)=79.33%
[ 2020-03-16 11:02:45,857][kfold_wrapper.log_eval_metrics] Accuracy(layer_3 - estimator_2 - 3_folds.test.predict)=74.71%
[ 2020-03-16 11:02:45,857][cascade_classifier.calc_accuracy] Accuracy(layer_3 - train.classifier_average)=82.04%
[ 2020-03-16 11:02:45,858][cascade_classifier.calc_accuracy] Accuracy(layer_3 - test.classifier_average)=78.16%
[ 2020-03-16 11:02:45,858][cascade_classifier.fit_transform] [Result][Optimal Level Detected] opt_layer_num=1, accuracy_train=82.43%, accuracy_test=77.01%
[ 2020-03-16 11:02:45,911][cascade_classifier.transform] X_groups_test.shape=[(87, 299)]
[ 2020-03-16 11:02:45,918][cascade_classifier.transform] group_dims=[299]
[ 2020-03-16 11:02:45,918][cascade_classifier.transform] X_test.shape=(87, 299)
[ 2020-03-16 11:02:45,919][cascade_classifier.transform] [layer=0] look_indexs=[0], X_cur_test.shape=(87, 299)
[ 2020-03-16 11:02:47,897][cascade_classifier.transform] X_groups_test.shape=[(87, 299)]
[ 2020-03-16 11:02:47,898][cascade_classifier.transform] group_dims=[299]
[ 2020-03-16 11:02:47,898][cascade_classifier.transform] X_test.shape=(87, 299)
[ 2020-03-16 11:02:47,898][cascade_classifier.transform] [layer=0] look_indexs=[0], X_cur_test.shape=(87, 299)
[ 2020-03-16 11:02:50,132][cascade_classifier.fit_transform] X_groups_train.shape=[(774, 299)],y_train.shape=(774,),X_groups_test.shape=[(87, 299)],y_test.shape=(87,)
[ 2020-03-16 11:02:50,133][cascade_classifier.fit_transform] group_dims=[299]
[ 2020-03-16 11:02:50,134][cascade_classifier.fit_transform] group_starts=[0]
[ 2020-03-16 11:02:50,134][cascade_classifier.fit_transform] group_ends=[299]
[ 2020-03-16 11:02:50,134][cascade_classifier.fit_transform] X_train.shape=(774, 299),X_test.shape=(87, 299)
[ 2020-03-16 11:02:50,136][cascade_classifier.fit_transform] [layer=0] look_indexs=[0], X_cur_train.shape=(774, 299), X_cur_test.shape=(87, 299)
