[ 2020-03-15 18:03:30,440][cascade_classifier.fit_transform] X_groups_train.shape=[(774, 1)],y_train.shape=(774,),X_groups_test.shape=[(87, 1)],y_test.shape=(87,)
[ 2020-03-15 18:03:30,440][cascade_classifier.fit_transform] group_dims=[1]
[ 2020-03-15 18:03:30,440][cascade_classifier.fit_transform] group_starts=[0]
[ 2020-03-15 18:03:30,440][cascade_classifier.fit_transform] group_ends=[1]
[ 2020-03-15 18:03:30,440][cascade_classifier.fit_transform] X_train.shape=(774, 1),X_test.shape=(87, 1)
[ 2020-03-15 18:03:30,440][cascade_classifier.fit_transform] [layer=0] look_indexs=[0], X_cur_train.shape=(774, 1), X_cur_test.shape=(87, 1)
[ 2020-03-15 18:03:32,491][kfold_wrapper.log_eval_metrics] Accuracy(layer_0 - estimator_0 - 3_folds.train_0.predict)=76.06%
[ 2020-03-15 18:03:34,720][kfold_wrapper.log_eval_metrics] Accuracy(layer_0 - estimator_0 - 3_folds.train_1.predict)=74.81%
[ 2020-03-15 18:03:36,948][kfold_wrapper.log_eval_metrics] Accuracy(layer_0 - estimator_0 - 3_folds.train_2.predict)=78.99%
[ 2020-03-15 18:03:37,276][kfold_wrapper.log_eval_metrics] Accuracy(layer_0 - estimator_0 - 3_folds.train_cv.predict)=76.61%
[ 2020-03-15 18:03:37,276][kfold_wrapper.log_eval_metrics] Accuracy(layer_0 - estimator_0 - 3_folds.test.predict)=81.61%
[ 2020-03-15 18:03:39,341][kfold_wrapper.log_eval_metrics] Accuracy(layer_0 - estimator_1 - 3_folds.train_0.predict)=77.22%
[ 2020-03-15 18:03:41,700][kfold_wrapper.log_eval_metrics] Accuracy(layer_0 - estimator_1 - 3_folds.train_1.predict)=77.91%
[ 2020-03-15 18:03:44,026][kfold_wrapper.log_eval_metrics] Accuracy(layer_0 - estimator_1 - 3_folds.train_2.predict)=76.65%
[ 2020-03-15 18:03:44,354][kfold_wrapper.log_eval_metrics] Accuracy(layer_0 - estimator_1 - 3_folds.train_cv.predict)=77.26%
[ 2020-03-15 18:03:44,354][kfold_wrapper.log_eval_metrics] Accuracy(layer_0 - estimator_1 - 3_folds.test.predict)=81.61%
[ 2020-03-15 18:03:44,738][kfold_wrapper.log_eval_metrics] Accuracy(layer_0 - estimator_2 - 3_folds.train_0.predict)=79.15%
[ 2020-03-15 18:03:45,019][kfold_wrapper.log_eval_metrics] Accuracy(layer_0 - estimator_2 - 3_folds.train_1.predict)=77.91%
[ 2020-03-15 18:03:45,284][kfold_wrapper.log_eval_metrics] Accuracy(layer_0 - estimator_2 - 3_folds.train_2.predict)=77.82%
[ 2020-03-15 18:03:45,300][kfold_wrapper.log_eval_metrics] Accuracy(layer_0 - estimator_2 - 3_folds.train_cv.predict)=78.29%
[ 2020-03-15 18:03:45,300][kfold_wrapper.log_eval_metrics] Accuracy(layer_0 - estimator_2 - 3_folds.test.predict)=81.61%
[ 2020-03-15 18:03:45,300][cascade_classifier.calc_accuracy] Accuracy(layer_0 - train.classifier_average)=79.07%
[ 2020-03-15 18:03:45,300][cascade_classifier.calc_accuracy] Accuracy(layer_0 - test.classifier_average)=80.46%
[ 2020-03-15 18:03:45,300][cascade_classifier.fit_transform] [layer=1] look_indexs=[0], X_cur_train.shape=(774, 7), X_cur_test.shape=(87, 7)
[ 2020-03-15 18:03:47,325][kfold_wrapper.log_eval_metrics] Accuracy(layer_1 - estimator_0 - 3_folds.train_0.predict)=85.71%
[ 2020-03-15 18:03:49,652][kfold_wrapper.log_eval_metrics] Accuracy(layer_1 - estimator_0 - 3_folds.train_1.predict)=84.88%
[ 2020-03-15 18:03:51,965][kfold_wrapper.log_eval_metrics] Accuracy(layer_1 - estimator_0 - 3_folds.train_2.predict)=82.10%
[ 2020-03-15 18:03:52,293][kfold_wrapper.log_eval_metrics] Accuracy(layer_1 - estimator_0 - 3_folds.train_cv.predict)=84.24%
[ 2020-03-15 18:03:52,293][kfold_wrapper.log_eval_metrics] Accuracy(layer_1 - estimator_0 - 3_folds.test.predict)=86.21%
