[ 2020-01-13 00:13:53,673][cascade_classifier.fit_transform] X_groups_train.shape=[(774, 28)],y_train.shape=(774,),X_groups_test.shape=[(87, 28)],y_test.shape=(87,)
[ 2020-01-13 00:13:53,673][cascade_classifier.fit_transform] group_dims=[28]
[ 2020-01-13 00:13:53,673][cascade_classifier.fit_transform] group_starts=[0]
[ 2020-01-13 00:13:53,688][cascade_classifier.fit_transform] group_ends=[28]
[ 2020-01-13 00:13:53,688][cascade_classifier.fit_transform] X_train.shape=(774, 28),X_test.shape=(87, 28)
[ 2020-01-13 00:13:53,688][cascade_classifier.fit_transform] [layer=0] look_indexs=[0], X_cur_train.shape=(774, 28), X_cur_test.shape=(87, 28)
[ 2020-01-13 00:14:01,301][kfold_wrapper.log_eval_metrics] Accuracy(layer_0 - estimator_0 - 3_folds.train_0.predict)=82.24%
[ 2020-01-13 00:14:09,876][kfold_wrapper.log_eval_metrics] Accuracy(layer_0 - estimator_0 - 3_folds.train_1.predict)=80.62%
[ 2020-01-13 00:14:18,447][kfold_wrapper.log_eval_metrics] Accuracy(layer_0 - estimator_0 - 3_folds.train_2.predict)=82.49%
[ 2020-01-13 00:14:19,431][kfold_wrapper.log_eval_metrics] Accuracy(layer_0 - estimator_0 - 3_folds.train_cv.predict)=81.78%
[ 2020-01-13 00:14:19,431][kfold_wrapper.log_eval_metrics] Accuracy(layer_0 - estimator_0 - 3_folds.test.predict)=87.36%
[ 2020-01-13 00:14:27,033][kfold_wrapper.log_eval_metrics] Accuracy(layer_0 - estimator_1 - 3_folds.train_0.predict)=81.85%
[ 2020-01-13 00:14:35,721][kfold_wrapper.log_eval_metrics] Accuracy(layer_0 - estimator_1 - 3_folds.train_1.predict)=82.56%
[ 2020-01-13 00:14:44,291][kfold_wrapper.log_eval_metrics] Accuracy(layer_0 - estimator_1 - 3_folds.train_2.predict)=83.27%
[ 2020-01-13 00:14:45,275][kfold_wrapper.log_eval_metrics] Accuracy(layer_0 - estimator_1 - 3_folds.train_cv.predict)=82.56%
[ 2020-01-13 00:14:45,275][kfold_wrapper.log_eval_metrics] Accuracy(layer_0 - estimator_1 - 3_folds.test.predict)=87.36%
[ 2020-01-13 00:14:46,588][kfold_wrapper.log_eval_metrics] Accuracy(layer_0 - estimator_2 - 3_folds.train_0.predict)=81.08%
[ 2020-01-13 00:14:47,884][kfold_wrapper.log_eval_metrics] Accuracy(layer_0 - estimator_2 - 3_folds.train_1.predict)=79.46%
[ 2020-01-13 00:14:49,210][kfold_wrapper.log_eval_metrics] Accuracy(layer_0 - estimator_2 - 3_folds.train_2.predict)=81.32%
[ 2020-01-13 00:14:49,225][kfold_wrapper.log_eval_metrics] Accuracy(layer_0 - estimator_2 - 3_folds.train_cv.predict)=80.62%
[ 2020-01-13 00:14:49,225][kfold_wrapper.log_eval_metrics] Accuracy(layer_0 - estimator_2 - 3_folds.test.predict)=87.36%
[ 2020-01-13 00:14:49,225][cascade_classifier.calc_accuracy] Accuracy(layer_0 - train.classifier_average)=82.56%
[ 2020-01-13 00:14:49,225][cascade_classifier.calc_accuracy] Accuracy(layer_0 - test.classifier_average)=83.91%
[ 2020-01-13 00:14:49,225][cascade_classifier.fit_transform] [layer=1] look_indexs=[0], X_cur_train.shape=(774, 34), X_cur_test.shape=(87, 34)
[ 2020-01-13 00:14:56,835][kfold_wrapper.log_eval_metrics] Accuracy(layer_1 - estimator_0 - 3_folds.train_0.predict)=81.47%
[ 2020-01-13 00:15:05,420][kfold_wrapper.log_eval_metrics] Accuracy(layer_1 - estimator_0 - 3_folds.train_1.predict)=81.01%
[ 2020-01-13 00:15:14,096][kfold_wrapper.log_eval_metrics] Accuracy(layer_1 - estimator_0 - 3_folds.train_2.predict)=81.32%
[ 2020-01-13 00:15:15,081][kfold_wrapper.log_eval_metrics] Accuracy(layer_1 - estimator_0 - 3_folds.train_cv.predict)=81.27%
[ 2020-01-13 00:15:15,081][kfold_wrapper.log_eval_metrics] Accuracy(layer_1 - estimator_0 - 3_folds.test.predict)=87.36%
[ 2020-01-13 00:15:22,692][kfold_wrapper.log_eval_metrics] Accuracy(layer_1 - estimator_1 - 3_folds.train_0.predict)=83.01%
[ 2020-01-13 00:15:31,271][kfold_wrapper.log_eval_metrics] Accuracy(layer_1 - estimator_1 - 3_folds.train_1.predict)=80.62%
[ 2020-01-13 00:15:39,854][kfold_wrapper.log_eval_metrics] Accuracy(layer_1 - estimator_1 - 3_folds.train_2.predict)=84.05%
[ 2020-01-13 00:15:40,838][kfold_wrapper.log_eval_metrics] Accuracy(layer_1 - estimator_1 - 3_folds.train_cv.predict)=82.56%
[ 2020-01-13 00:15:40,838][kfold_wrapper.log_eval_metrics] Accuracy(layer_1 - estimator_1 - 3_folds.test.predict)=87.36%
[ 2020-01-13 00:15:42,151][kfold_wrapper.log_eval_metrics] Accuracy(layer_1 - estimator_2 - 3_folds.train_0.predict)=82.24%
[ 2020-01-13 00:15:43,447][kfold_wrapper.log_eval_metrics] Accuracy(layer_1 - estimator_2 - 3_folds.train_1.predict)=78.68%
[ 2020-01-13 00:15:44,790][kfold_wrapper.log_eval_metrics] Accuracy(layer_1 - estimator_2 - 3_folds.train_2.predict)=82.88%
[ 2020-01-13 00:15:44,806][kfold_wrapper.log_eval_metrics] Accuracy(layer_1 - estimator_2 - 3_folds.train_cv.predict)=81.27%
[ 2020-01-13 00:15:44,806][kfold_wrapper.log_eval_metrics] Accuracy(layer_1 - estimator_2 - 3_folds.test.predict)=86.21%
[ 2020-01-13 00:15:44,806][cascade_classifier.calc_accuracy] Accuracy(layer_1 - train.classifier_average)=82.04%
[ 2020-01-13 00:15:44,806][cascade_classifier.calc_accuracy] Accuracy(layer_1 - test.classifier_average)=86.21%
[ 2020-01-13 00:15:44,806][cascade_classifier.fit_transform] [layer=2] look_indexs=[0], X_cur_train.shape=(774, 34), X_cur_test.shape=(87, 34)
[ 2020-01-13 00:15:52,416][kfold_wrapper.log_eval_metrics] Accuracy(layer_2 - estimator_0 - 3_folds.train_0.predict)=81.08%
[ 2020-01-13 00:16:01,004][kfold_wrapper.log_eval_metrics] Accuracy(layer_2 - estimator_0 - 3_folds.train_1.predict)=85.66%
[ 2020-01-13 00:16:09,602][kfold_wrapper.log_eval_metrics] Accuracy(layer_2 - estimator_0 - 3_folds.train_2.predict)=82.49%
[ 2020-01-13 00:16:10,695][kfold_wrapper.log_eval_metrics] Accuracy(layer_2 - estimator_0 - 3_folds.train_cv.predict)=83.07%
[ 2020-01-13 00:16:10,695][kfold_wrapper.log_eval_metrics] Accuracy(layer_2 - estimator_0 - 3_folds.test.predict)=87.36%
[ 2020-01-13 00:16:18,295][kfold_wrapper.log_eval_metrics] Accuracy(layer_2 - estimator_1 - 3_folds.train_0.predict)=79.92%
[ 2020-01-13 00:16:26,905][kfold_wrapper.log_eval_metrics] Accuracy(layer_2 - estimator_1 - 3_folds.train_1.predict)=84.50%
[ 2020-01-13 00:16:35,613][kfold_wrapper.log_eval_metrics] Accuracy(layer_2 - estimator_1 - 3_folds.train_2.predict)=82.88%
[ 2020-01-13 00:16:36,597][kfold_wrapper.log_eval_metrics] Accuracy(layer_2 - estimator_1 - 3_folds.train_cv.predict)=82.43%
[ 2020-01-13 00:16:36,597][kfold_wrapper.log_eval_metrics] Accuracy(layer_2 - estimator_1 - 3_folds.test.predict)=87.36%
[ 2020-01-13 00:16:37,832][kfold_wrapper.log_eval_metrics] Accuracy(layer_2 - estimator_2 - 3_folds.train_0.predict)=79.15%
[ 2020-01-13 00:16:39,134][kfold_wrapper.log_eval_metrics] Accuracy(layer_2 - estimator_2 - 3_folds.train_1.predict)=81.40%
[ 2020-01-13 00:16:40,430][kfold_wrapper.log_eval_metrics] Accuracy(layer_2 - estimator_2 - 3_folds.train_2.predict)=85.99%
[ 2020-01-13 00:16:40,430][kfold_wrapper.log_eval_metrics] Accuracy(layer_2 - estimator_2 - 3_folds.train_cv.predict)=82.17%
[ 2020-01-13 00:16:40,430][kfold_wrapper.log_eval_metrics] Accuracy(layer_2 - estimator_2 - 3_folds.test.predict)=83.91%
[ 2020-01-13 00:16:40,430][cascade_classifier.calc_accuracy] Accuracy(layer_2 - train.classifier_average)=82.69%
[ 2020-01-13 00:16:40,430][cascade_classifier.calc_accuracy] Accuracy(layer_2 - test.classifier_average)=86.21%
[ 2020-01-13 00:16:40,430][cascade_classifier.fit_transform] [layer=3] look_indexs=[0], X_cur_train.shape=(774, 34), X_cur_test.shape=(87, 34)
[ 2020-01-13 00:16:48,056][kfold_wrapper.log_eval_metrics] Accuracy(layer_3 - estimator_0 - 3_folds.train_0.predict)=83.01%
[ 2020-01-13 00:16:56,757][kfold_wrapper.log_eval_metrics] Accuracy(layer_3 - estimator_0 - 3_folds.train_1.predict)=84.11%
[ 2020-01-13 00:17:05,455][kfold_wrapper.log_eval_metrics] Accuracy(layer_3 - estimator_0 - 3_folds.train_2.predict)=78.21%
[ 2020-01-13 00:17:06,455][kfold_wrapper.log_eval_metrics] Accuracy(layer_3 - estimator_0 - 3_folds.train_cv.predict)=81.78%
[ 2020-01-13 00:17:06,455][kfold_wrapper.log_eval_metrics] Accuracy(layer_3 - estimator_0 - 3_folds.test.predict)=87.36%
[ 2020-01-13 00:17:14,068][kfold_wrapper.log_eval_metrics] Accuracy(layer_3 - estimator_1 - 3_folds.train_0.predict)=84.17%
[ 2020-01-13 00:17:22,652][kfold_wrapper.log_eval_metrics] Accuracy(layer_3 - estimator_1 - 3_folds.train_1.predict)=80.62%
[ 2020-01-13 00:17:31,246][kfold_wrapper.log_eval_metrics] Accuracy(layer_3 - estimator_1 - 3_folds.train_2.predict)=82.10%
[ 2020-01-13 00:17:32,235][kfold_wrapper.log_eval_metrics] Accuracy(layer_3 - estimator_1 - 3_folds.train_cv.predict)=82.30%
[ 2020-01-13 00:17:32,235][kfold_wrapper.log_eval_metrics] Accuracy(layer_3 - estimator_1 - 3_folds.test.predict)=87.36%
[ 2020-01-13 00:17:33,547][kfold_wrapper.log_eval_metrics] Accuracy(layer_3 - estimator_2 - 3_folds.train_0.predict)=82.63%
[ 2020-01-13 00:17:34,891][kfold_wrapper.log_eval_metrics] Accuracy(layer_3 - estimator_2 - 3_folds.train_1.predict)=84.11%
[ 2020-01-13 00:17:36,204][kfold_wrapper.log_eval_metrics] Accuracy(layer_3 - estimator_2 - 3_folds.train_2.predict)=76.65%
[ 2020-01-13 00:17:36,204][kfold_wrapper.log_eval_metrics] Accuracy(layer_3 - estimator_2 - 3_folds.train_cv.predict)=81.14%
[ 2020-01-13 00:17:36,204][kfold_wrapper.log_eval_metrics] Accuracy(layer_3 - estimator_2 - 3_folds.test.predict)=79.31%
[ 2020-01-13 00:17:36,204][cascade_classifier.calc_accuracy] Accuracy(layer_3 - train.classifier_average)=82.04%
[ 2020-01-13 00:17:36,204][cascade_classifier.calc_accuracy] Accuracy(layer_3 - test.classifier_average)=82.76%
[ 2020-01-13 00:17:36,204][cascade_classifier.fit_transform] [layer=4] look_indexs=[0], X_cur_train.shape=(774, 34), X_cur_test.shape=(87, 34)
[ 2020-01-13 00:17:43,820][kfold_wrapper.log_eval_metrics] Accuracy(layer_4 - estimator_0 - 3_folds.train_0.predict)=82.24%
[ 2020-01-13 00:17:52,399][kfold_wrapper.log_eval_metrics] Accuracy(layer_4 - estimator_0 - 3_folds.train_1.predict)=78.68%
[ 2020-01-13 00:18:00,996][kfold_wrapper.log_eval_metrics] Accuracy(layer_4 - estimator_0 - 3_folds.train_2.predict)=81.32%
[ 2020-01-13 00:18:01,996][kfold_wrapper.log_eval_metrics] Accuracy(layer_4 - estimator_0 - 3_folds.train_cv.predict)=80.75%
[ 2020-01-13 00:18:01,996][kfold_wrapper.log_eval_metrics] Accuracy(layer_4 - estimator_0 - 3_folds.test.predict)=85.06%
[ 2020-01-13 00:18:09,613][kfold_wrapper.log_eval_metrics] Accuracy(layer_4 - estimator_1 - 3_folds.train_0.predict)=81.47%
[ 2020-01-13 00:18:18,210][kfold_wrapper.log_eval_metrics] Accuracy(layer_4 - estimator_1 - 3_folds.train_1.predict)=81.01%
[ 2020-01-13 00:18:26,913][kfold_wrapper.log_eval_metrics] Accuracy(layer_4 - estimator_1 - 3_folds.train_2.predict)=78.60%
[ 2020-01-13 00:18:27,902][kfold_wrapper.log_eval_metrics] Accuracy(layer_4 - estimator_1 - 3_folds.train_cv.predict)=80.36%
[ 2020-01-13 00:18:27,902][kfold_wrapper.log_eval_metrics] Accuracy(layer_4 - estimator_1 - 3_folds.test.predict)=85.06%
[ 2020-01-13 00:18:29,215][kfold_wrapper.log_eval_metrics] Accuracy(layer_4 - estimator_2 - 3_folds.train_0.predict)=76.06%
[ 2020-01-13 00:18:30,512][kfold_wrapper.log_eval_metrics] Accuracy(layer_4 - estimator_2 - 3_folds.train_1.predict)=80.62%
[ 2020-01-13 00:18:31,746][kfold_wrapper.log_eval_metrics] Accuracy(layer_4 - estimator_2 - 3_folds.train_2.predict)=82.88%
[ 2020-01-13 00:18:31,762][kfold_wrapper.log_eval_metrics] Accuracy(layer_4 - estimator_2 - 3_folds.train_cv.predict)=79.84%
[ 2020-01-13 00:18:31,762][kfold_wrapper.log_eval_metrics] Accuracy(layer_4 - estimator_2 - 3_folds.test.predict)=83.91%
[ 2020-01-13 00:18:31,762][cascade_classifier.calc_accuracy] Accuracy(layer_4 - train.classifier_average)=81.40%
[ 2020-01-13 00:18:31,762][cascade_classifier.calc_accuracy] Accuracy(layer_4 - test.classifier_average)=83.91%
[ 2020-01-13 00:18:31,762][cascade_classifier.fit_transform] [layer=5] look_indexs=[0], X_cur_train.shape=(774, 34), X_cur_test.shape=(87, 34)
[ 2020-01-13 00:18:39,441][kfold_wrapper.log_eval_metrics] Accuracy(layer_5 - estimator_0 - 3_folds.train_0.predict)=81.85%
[ 2020-01-13 00:18:48,035][kfold_wrapper.log_eval_metrics] Accuracy(layer_5 - estimator_0 - 3_folds.train_1.predict)=81.78%
[ 2020-01-13 00:18:56,744][kfold_wrapper.log_eval_metrics] Accuracy(layer_5 - estimator_0 - 3_folds.train_2.predict)=79.77%
[ 2020-01-13 00:18:57,728][kfold_wrapper.log_eval_metrics] Accuracy(layer_5 - estimator_0 - 3_folds.train_cv.predict)=81.14%
[ 2020-01-13 00:18:57,728][kfold_wrapper.log_eval_metrics] Accuracy(layer_5 - estimator_0 - 3_folds.test.predict)=82.76%
[ 2020-01-13 00:19:05,359][kfold_wrapper.log_eval_metrics] Accuracy(layer_5 - estimator_1 - 3_folds.train_0.predict)=78.76%
[ 2020-01-13 00:19:13,942][kfold_wrapper.log_eval_metrics] Accuracy(layer_5 - estimator_1 - 3_folds.train_1.predict)=80.62%
[ 2020-01-13 00:19:22,634][kfold_wrapper.log_eval_metrics] Accuracy(layer_5 - estimator_1 - 3_folds.train_2.predict)=80.93%
[ 2020-01-13 00:19:23,619][kfold_wrapper.log_eval_metrics] Accuracy(layer_5 - estimator_1 - 3_folds.train_cv.predict)=80.10%
[ 2020-01-13 00:19:23,619][kfold_wrapper.log_eval_metrics] Accuracy(layer_5 - estimator_1 - 3_folds.test.predict)=81.61%
[ 2020-01-13 00:19:24,884][kfold_wrapper.log_eval_metrics] Accuracy(layer_5 - estimator_2 - 3_folds.train_0.predict)=81.08%
[ 2020-01-13 00:19:26,197][kfold_wrapper.log_eval_metrics] Accuracy(layer_5 - estimator_2 - 3_folds.train_1.predict)=77.91%
[ 2020-01-13 00:19:27,542][kfold_wrapper.log_eval_metrics] Accuracy(layer_5 - estimator_2 - 3_folds.train_2.predict)=82.49%
[ 2020-01-13 00:19:27,542][kfold_wrapper.log_eval_metrics] Accuracy(layer_5 - estimator_2 - 3_folds.train_cv.predict)=80.49%
[ 2020-01-13 00:19:27,542][kfold_wrapper.log_eval_metrics] Accuracy(layer_5 - estimator_2 - 3_folds.test.predict)=81.61%
[ 2020-01-13 00:19:27,542][cascade_classifier.calc_accuracy] Accuracy(layer_5 - train.classifier_average)=81.01%
[ 2020-01-13 00:19:27,542][cascade_classifier.calc_accuracy] Accuracy(layer_5 - test.classifier_average)=82.76%
[ 2020-01-13 00:19:27,542][cascade_classifier.fit_transform] [Result][Optimal Level Detected] opt_layer_num=3, accuracy_train=82.69%, accuracy_test=86.21%
[ 2020-01-13 00:19:27,620][cascade_classifier.transform] X_groups_test.shape=[(87, 28)]
[ 2020-01-13 00:19:27,620][cascade_classifier.transform] group_dims=[28]
[ 2020-01-13 00:19:27,620][cascade_classifier.transform] X_test.shape=(87, 28)
[ 2020-01-13 00:19:27,620][cascade_classifier.transform] [layer=0] look_indexs=[0], X_cur_test.shape=(87, 28)
[ 2020-01-13 00:19:33,551][cascade_classifier.transform] [layer=1] look_indexs=[0], X_cur_test.shape=(87, 34)
[ 2020-01-13 00:19:39,708][cascade_classifier.transform] [layer=2] look_indexs=[0], X_cur_test.shape=(87, 34)
[ 2020-01-13 00:19:45,753][cascade_classifier.transform] X_groups_test.shape=[(87, 28)]
[ 2020-01-13 00:19:45,753][cascade_classifier.transform] group_dims=[28]
[ 2020-01-13 00:19:45,753][cascade_classifier.transform] X_test.shape=(87, 28)
[ 2020-01-13 00:19:45,753][cascade_classifier.transform] [layer=0] look_indexs=[0], X_cur_test.shape=(87, 28)
[ 2020-01-13 00:19:51,925][cascade_classifier.transform] [layer=1] look_indexs=[0], X_cur_test.shape=(87, 34)
[ 2020-01-13 00:19:57,896][cascade_classifier.transform] [layer=2] look_indexs=[0], X_cur_test.shape=(87, 34)
[ 2020-01-13 00:21:41,523][cascade_classifier.fit_transform] X_groups_train.shape=[(774, 28)],y_train.shape=(774,),X_groups_test.shape=[(87, 28)],y_test.shape=(87,)
[ 2020-01-13 00:21:41,523][cascade_classifier.fit_transform] group_dims=[28]
[ 2020-01-13 00:21:41,523][cascade_classifier.fit_transform] group_starts=[0]
[ 2020-01-13 00:21:41,523][cascade_classifier.fit_transform] group_ends=[28]
[ 2020-01-13 00:21:41,523][cascade_classifier.fit_transform] X_train.shape=(774, 28),X_test.shape=(87, 28)
[ 2020-01-13 00:21:41,523][cascade_classifier.fit_transform] [layer=0] look_indexs=[0], X_cur_train.shape=(774, 28), X_cur_test.shape=(87, 28)
[ 2020-01-13 00:21:49,137][kfold_wrapper.log_eval_metrics] Accuracy(layer_0 - estimator_0 - 3_folds.train_0.predict)=80.31%
[ 2020-01-13 00:21:57,721][kfold_wrapper.log_eval_metrics] Accuracy(layer_0 - estimator_0 - 3_folds.train_1.predict)=84.88%
[ 2020-01-13 00:22:06,334][kfold_wrapper.log_eval_metrics] Accuracy(layer_0 - estimator_0 - 3_folds.train_2.predict)=82.88%
[ 2020-01-13 00:22:07,334][kfold_wrapper.log_eval_metrics] Accuracy(layer_0 - estimator_0 - 3_folds.train_cv.predict)=82.69%
[ 2020-01-13 00:22:07,334][kfold_wrapper.log_eval_metrics] Accuracy(layer_0 - estimator_0 - 3_folds.test.predict)=87.36%
[ 2020-01-13 00:22:14,835][kfold_wrapper.log_eval_metrics] Accuracy(layer_0 - estimator_1 - 3_folds.train_0.predict)=83.40%
[ 2020-01-13 00:22:23,448][kfold_wrapper.log_eval_metrics] Accuracy(layer_0 - estimator_1 - 3_folds.train_1.predict)=76.74%
[ 2020-01-13 00:22:32,027][kfold_wrapper.log_eval_metrics] Accuracy(layer_0 - estimator_1 - 3_folds.train_2.predict)=84.05%
[ 2020-01-13 00:22:33,011][kfold_wrapper.log_eval_metrics] Accuracy(layer_0 - estimator_1 - 3_folds.train_cv.predict)=81.40%
[ 2020-01-13 00:22:33,011][kfold_wrapper.log_eval_metrics] Accuracy(layer_0 - estimator_1 - 3_folds.test.predict)=87.36%
[ 2020-01-13 00:22:34,308][kfold_wrapper.log_eval_metrics] Accuracy(layer_0 - estimator_2 - 3_folds.train_0.predict)=76.45%
[ 2020-01-13 00:22:35,683][kfold_wrapper.log_eval_metrics] Accuracy(layer_0 - estimator_2 - 3_folds.train_1.predict)=82.17%
[ 2020-01-13 00:22:36,964][kfold_wrapper.log_eval_metrics] Accuracy(layer_0 - estimator_2 - 3_folds.train_2.predict)=82.10%
[ 2020-01-13 00:22:36,964][kfold_wrapper.log_eval_metrics] Accuracy(layer_0 - estimator_2 - 3_folds.train_cv.predict)=80.23%
[ 2020-01-13 00:22:36,964][kfold_wrapper.log_eval_metrics] Accuracy(layer_0 - estimator_2 - 3_folds.test.predict)=82.76%
[ 2020-01-13 00:22:36,964][cascade_classifier.calc_accuracy] Accuracy(layer_0 - train.classifier_average)=81.65%
[ 2020-01-13 00:22:36,964][cascade_classifier.calc_accuracy] Accuracy(layer_0 - test.classifier_average)=83.91%
[ 2020-01-13 00:22:36,964][cascade_classifier.fit_transform] [layer=1] look_indexs=[0], X_cur_train.shape=(774, 34), X_cur_test.shape=(87, 34)
[ 2020-01-13 00:22:44,565][kfold_wrapper.log_eval_metrics] Accuracy(layer_1 - estimator_0 - 3_folds.train_0.predict)=81.85%
[ 2020-01-13 00:22:53,148][kfold_wrapper.log_eval_metrics] Accuracy(layer_1 - estimator_0 - 3_folds.train_1.predict)=80.23%
[ 2020-01-13 00:23:01,768][kfold_wrapper.log_eval_metrics] Accuracy(layer_1 - estimator_0 - 3_folds.train_2.predict)=82.49%
[ 2020-01-13 00:23:02,752][kfold_wrapper.log_eval_metrics] Accuracy(layer_1 - estimator_0 - 3_folds.train_cv.predict)=81.52%
[ 2020-01-13 00:23:02,752][kfold_wrapper.log_eval_metrics] Accuracy(layer_1 - estimator_0 - 3_folds.test.predict)=88.51%
[ 2020-01-13 00:23:10,362][kfold_wrapper.log_eval_metrics] Accuracy(layer_1 - estimator_1 - 3_folds.train_0.predict)=82.24%
[ 2020-01-13 00:23:19,077][kfold_wrapper.log_eval_metrics] Accuracy(layer_1 - estimator_1 - 3_folds.train_1.predict)=81.01%
[ 2020-01-13 00:23:27,649][kfold_wrapper.log_eval_metrics] Accuracy(layer_1 - estimator_1 - 3_folds.train_2.predict)=83.27%
[ 2020-01-13 00:23:28,633][kfold_wrapper.log_eval_metrics] Accuracy(layer_1 - estimator_1 - 3_folds.train_cv.predict)=82.17%
[ 2020-01-13 00:23:28,633][kfold_wrapper.log_eval_metrics] Accuracy(layer_1 - estimator_1 - 3_folds.test.predict)=88.51%
[ 2020-01-13 00:23:29,899][kfold_wrapper.log_eval_metrics] Accuracy(layer_1 - estimator_2 - 3_folds.train_0.predict)=77.61%
[ 2020-01-13 00:23:31,243][kfold_wrapper.log_eval_metrics] Accuracy(layer_1 - estimator_2 - 3_folds.train_1.predict)=81.78%
[ 2020-01-13 00:23:32,555][kfold_wrapper.log_eval_metrics] Accuracy(layer_1 - estimator_2 - 3_folds.train_2.predict)=81.71%
[ 2020-01-13 00:23:32,555][kfold_wrapper.log_eval_metrics] Accuracy(layer_1 - estimator_2 - 3_folds.train_cv.predict)=80.36%
[ 2020-01-13 00:23:32,555][kfold_wrapper.log_eval_metrics] Accuracy(layer_1 - estimator_2 - 3_folds.test.predict)=85.06%
[ 2020-01-13 00:23:32,555][cascade_classifier.calc_accuracy] Accuracy(layer_1 - train.classifier_average)=81.52%
[ 2020-01-13 00:23:32,555][cascade_classifier.calc_accuracy] Accuracy(layer_1 - test.classifier_average)=86.21%
[ 2020-01-13 00:23:32,555][cascade_classifier.fit_transform] [layer=2] look_indexs=[0], X_cur_train.shape=(774, 34), X_cur_test.shape=(87, 34)
[ 2020-01-13 00:23:40,188][kfold_wrapper.log_eval_metrics] Accuracy(layer_2 - estimator_0 - 3_folds.train_0.predict)=79.92%
[ 2020-01-13 00:23:48,771][kfold_wrapper.log_eval_metrics] Accuracy(layer_2 - estimator_0 - 3_folds.train_1.predict)=78.29%
[ 2020-01-13 00:23:57,340][kfold_wrapper.log_eval_metrics] Accuracy(layer_2 - estimator_0 - 3_folds.train_2.predict)=82.88%
[ 2020-01-13 00:23:58,324][kfold_wrapper.log_eval_metrics] Accuracy(layer_2 - estimator_0 - 3_folds.train_cv.predict)=80.36%
[ 2020-01-13 00:23:58,324][kfold_wrapper.log_eval_metrics] Accuracy(layer_2 - estimator_0 - 3_folds.test.predict)=86.21%
[ 2020-01-13 00:24:05,949][kfold_wrapper.log_eval_metrics] Accuracy(layer_2 - estimator_1 - 3_folds.train_0.predict)=81.08%
[ 2020-01-13 00:24:14,562][kfold_wrapper.log_eval_metrics] Accuracy(layer_2 - estimator_1 - 3_folds.train_1.predict)=81.01%
[ 2020-01-13 00:24:23,175][kfold_wrapper.log_eval_metrics] Accuracy(layer_2 - estimator_1 - 3_folds.train_2.predict)=83.27%
[ 2020-01-13 00:24:24,160][kfold_wrapper.log_eval_metrics] Accuracy(layer_2 - estimator_1 - 3_folds.train_cv.predict)=81.78%
[ 2020-01-13 00:24:24,160][kfold_wrapper.log_eval_metrics] Accuracy(layer_2 - estimator_1 - 3_folds.test.predict)=87.36%
[ 2020-01-13 00:24:25,488][kfold_wrapper.log_eval_metrics] Accuracy(layer_2 - estimator_2 - 3_folds.train_0.predict)=83.01%
[ 2020-01-13 00:24:26,816][kfold_wrapper.log_eval_metrics] Accuracy(layer_2 - estimator_2 - 3_folds.train_1.predict)=76.36%
[ 2020-01-13 00:24:28,166][kfold_wrapper.log_eval_metrics] Accuracy(layer_2 - estimator_2 - 3_folds.train_2.predict)=81.32%
[ 2020-01-13 00:24:28,166][kfold_wrapper.log_eval_metrics] Accuracy(layer_2 - estimator_2 - 3_folds.train_cv.predict)=80.23%
[ 2020-01-13 00:24:28,166][kfold_wrapper.log_eval_metrics] Accuracy(layer_2 - estimator_2 - 3_folds.test.predict)=82.76%
[ 2020-01-13 00:24:28,166][cascade_classifier.calc_accuracy] Accuracy(layer_2 - train.classifier_average)=80.23%
[ 2020-01-13 00:24:28,181][cascade_classifier.calc_accuracy] Accuracy(layer_2 - test.classifier_average)=82.76%
[ 2020-01-13 00:24:28,181][cascade_classifier.fit_transform] [layer=3] look_indexs=[0], X_cur_train.shape=(774, 34), X_cur_test.shape=(87, 34)
[ 2020-01-13 00:24:35,807][kfold_wrapper.log_eval_metrics] Accuracy(layer_3 - estimator_0 - 3_folds.train_0.predict)=83.01%
[ 2020-01-13 00:24:44,377][kfold_wrapper.log_eval_metrics] Accuracy(layer_3 - estimator_0 - 3_folds.train_1.predict)=77.52%
[ 2020-01-13 00:24:53,066][kfold_wrapper.log_eval_metrics] Accuracy(layer_3 - estimator_0 - 3_folds.train_2.predict)=80.93%
[ 2020-01-13 00:24:54,051][kfold_wrapper.log_eval_metrics] Accuracy(layer_3 - estimator_0 - 3_folds.train_cv.predict)=80.49%
[ 2020-01-13 00:24:54,051][kfold_wrapper.log_eval_metrics] Accuracy(layer_3 - estimator_0 - 3_folds.test.predict)=86.21%
[ 2020-01-13 00:25:01,682][kfold_wrapper.log_eval_metrics] Accuracy(layer_3 - estimator_1 - 3_folds.train_0.predict)=84.94%
[ 2020-01-13 00:25:10,370][kfold_wrapper.log_eval_metrics] Accuracy(layer_3 - estimator_1 - 3_folds.train_1.predict)=81.01%
[ 2020-01-13 00:25:18,937][kfold_wrapper.log_eval_metrics] Accuracy(layer_3 - estimator_1 - 3_folds.train_2.predict)=78.99%
[ 2020-01-13 00:25:19,937][kfold_wrapper.log_eval_metrics] Accuracy(layer_3 - estimator_1 - 3_folds.train_cv.predict)=81.65%
[ 2020-01-13 00:25:19,937][kfold_wrapper.log_eval_metrics] Accuracy(layer_3 - estimator_1 - 3_folds.test.predict)=85.06%
[ 2020-01-13 00:25:21,265][kfold_wrapper.log_eval_metrics] Accuracy(layer_3 - estimator_2 - 3_folds.train_0.predict)=82.24%
[ 2020-01-13 00:25:22,578][kfold_wrapper.log_eval_metrics] Accuracy(layer_3 - estimator_2 - 3_folds.train_1.predict)=78.68%
[ 2020-01-13 00:25:23,928][kfold_wrapper.log_eval_metrics] Accuracy(layer_3 - estimator_2 - 3_folds.train_2.predict)=79.77%
[ 2020-01-13 00:25:23,928][kfold_wrapper.log_eval_metrics] Accuracy(layer_3 - estimator_2 - 3_folds.train_cv.predict)=80.23%
[ 2020-01-13 00:25:23,944][kfold_wrapper.log_eval_metrics] Accuracy(layer_3 - estimator_2 - 3_folds.test.predict)=83.91%
[ 2020-01-13 00:25:23,944][cascade_classifier.calc_accuracy] Accuracy(layer_3 - train.classifier_average)=81.40%
[ 2020-01-13 00:25:23,944][cascade_classifier.calc_accuracy] Accuracy(layer_3 - test.classifier_average)=82.76%
[ 2020-01-13 00:25:23,944][cascade_classifier.fit_transform] [Result][Optimal Level Detected] opt_layer_num=1, accuracy_train=81.65%, accuracy_test=83.91%
[ 2020-01-13 00:25:24,022][cascade_classifier.transform] X_groups_test.shape=[(87, 28)]
[ 2020-01-13 00:25:24,022][cascade_classifier.transform] group_dims=[28]
[ 2020-01-13 00:25:24,022][cascade_classifier.transform] X_test.shape=(87, 28)
[ 2020-01-13 00:25:24,022][cascade_classifier.transform] [layer=0] look_indexs=[0], X_cur_test.shape=(87, 28)
[ 2020-01-13 00:25:30,054][cascade_classifier.transform] X_groups_test.shape=[(87, 28)]
[ 2020-01-13 00:25:30,054][cascade_classifier.transform] group_dims=[28]
[ 2020-01-13 00:25:30,054][cascade_classifier.transform] X_test.shape=(87, 28)
[ 2020-01-13 00:25:30,054][cascade_classifier.transform] [layer=0] look_indexs=[0], X_cur_test.shape=(87, 28)
