[ 2020-01-01 22:42:58,287][cascade_classifier.fit_transform] X_groups_train.shape=[(774, 1)],y_train.shape=(774,),X_groups_test.shape=[(87, 1)],y_test.shape=(87,)
[ 2020-01-01 22:42:58,288][cascade_classifier.fit_transform] group_dims=[1]
[ 2020-01-01 22:42:58,288][cascade_classifier.fit_transform] group_starts=[0]
[ 2020-01-01 22:42:58,288][cascade_classifier.fit_transform] group_ends=[1]
[ 2020-01-01 22:42:58,288][cascade_classifier.fit_transform] X_train.shape=(774, 1),X_test.shape=(87, 1)
[ 2020-01-01 22:42:58,289][cascade_classifier.fit_transform] [layer=0] look_indexs=[0], X_cur_train.shape=(774, 1), X_cur_test.shape=(87, 1)
[ 2020-01-01 22:43:07,361][kfold_wrapper.log_eval_metrics] Accuracy(layer_0 - estimator_0 - 3_folds.train_0.predict)=93.02%
[ 2020-01-01 22:43:17,490][kfold_wrapper.log_eval_metrics] Accuracy(layer_0 - estimator_0 - 3_folds.train_1.predict)=89.15%
[ 2020-01-01 22:43:27,094][kfold_wrapper.log_eval_metrics] Accuracy(layer_0 - estimator_0 - 3_folds.train_2.predict)=89.92%
[ 2020-01-01 22:43:28,329][kfold_wrapper.log_eval_metrics] Accuracy(layer_0 - estimator_0 - 3_folds.train_cv.predict)=90.70%
[ 2020-01-01 22:43:28,330][kfold_wrapper.log_eval_metrics] Accuracy(layer_0 - estimator_0 - 3_folds.test.predict)=96.55%
[ 2020-01-01 22:43:36,745][kfold_wrapper.log_eval_metrics] Accuracy(layer_0 - estimator_1 - 3_folds.train_0.predict)=90.31%
[ 2020-01-01 22:43:46,230][kfold_wrapper.log_eval_metrics] Accuracy(layer_0 - estimator_1 - 3_folds.train_1.predict)=87.98%
[ 2020-01-01 22:43:55,734][kfold_wrapper.log_eval_metrics] Accuracy(layer_0 - estimator_1 - 3_folds.train_2.predict)=91.47%
[ 2020-01-01 22:43:56,863][kfold_wrapper.log_eval_metrics] Accuracy(layer_0 - estimator_1 - 3_folds.train_cv.predict)=89.92%
[ 2020-01-01 22:43:56,863][kfold_wrapper.log_eval_metrics] Accuracy(layer_0 - estimator_1 - 3_folds.test.predict)=95.40%
[ 2020-01-01 22:43:57,555][kfold_wrapper.log_eval_metrics] Accuracy(layer_0 - estimator_2 - 3_folds.train_0.predict)=93.41%
[ 2020-01-01 22:43:58,223][kfold_wrapper.log_eval_metrics] Accuracy(layer_0 - estimator_2 - 3_folds.train_1.predict)=95.74%
[ 2020-01-01 22:43:58,897][kfold_wrapper.log_eval_metrics] Accuracy(layer_0 - estimator_2 - 3_folds.train_2.predict)=91.09%
[ 2020-01-01 22:43:58,899][kfold_wrapper.log_eval_metrics] Accuracy(layer_0 - estimator_2 - 3_folds.train_cv.predict)=93.41%
[ 2020-01-01 22:43:58,899][kfold_wrapper.log_eval_metrics] Accuracy(layer_0 - estimator_2 - 3_folds.test.predict)=96.55%
[ 2020-01-01 22:43:58,900][cascade_classifier.calc_accuracy] Accuracy(layer_0 - train.classifier_average)=91.86%
[ 2020-01-01 22:43:58,900][cascade_classifier.calc_accuracy] Accuracy(layer_0 - test.classifier_average)=96.55%
[ 2020-01-01 22:43:58,900][cascade_classifier.fit_transform] [layer=1] look_indexs=[0], X_cur_train.shape=(774, 7), X_cur_test.shape=(87, 7)
[ 2020-01-01 22:44:07,464][kfold_wrapper.log_eval_metrics] Accuracy(layer_1 - estimator_0 - 3_folds.train_0.predict)=93.02%
[ 2020-01-01 22:44:16,942][kfold_wrapper.log_eval_metrics] Accuracy(layer_1 - estimator_0 - 3_folds.train_1.predict)=91.86%
[ 2020-01-01 22:44:26,652][kfold_wrapper.log_eval_metrics] Accuracy(layer_1 - estimator_0 - 3_folds.train_2.predict)=91.86%
[ 2020-01-01 22:44:27,784][kfold_wrapper.log_eval_metrics] Accuracy(layer_1 - estimator_0 - 3_folds.train_cv.predict)=92.25%
[ 2020-01-01 22:44:27,784][kfold_wrapper.log_eval_metrics] Accuracy(layer_1 - estimator_0 - 3_folds.test.predict)=97.70%
[ 2020-01-01 22:44:36,175][kfold_wrapper.log_eval_metrics] Accuracy(layer_1 - estimator_1 - 3_folds.train_0.predict)=95.35%
[ 2020-01-01 22:44:45,679][kfold_wrapper.log_eval_metrics] Accuracy(layer_1 - estimator_1 - 3_folds.train_1.predict)=89.53%
[ 2020-01-01 22:44:55,279][kfold_wrapper.log_eval_metrics] Accuracy(layer_1 - estimator_1 - 3_folds.train_2.predict)=91.47%
[ 2020-01-01 22:44:56,408][kfold_wrapper.log_eval_metrics] Accuracy(layer_1 - estimator_1 - 3_folds.train_cv.predict)=92.12%
[ 2020-01-01 22:44:56,409][kfold_wrapper.log_eval_metrics] Accuracy(layer_1 - estimator_1 - 3_folds.test.predict)=97.70%
[ 2020-01-01 22:44:57,098][kfold_wrapper.log_eval_metrics] Accuracy(layer_1 - estimator_2 - 3_folds.train_0.predict)=92.25%
[ 2020-01-01 22:44:57,769][kfold_wrapper.log_eval_metrics] Accuracy(layer_1 - estimator_2 - 3_folds.train_1.predict)=90.31%
[ 2020-01-01 22:44:58,433][kfold_wrapper.log_eval_metrics] Accuracy(layer_1 - estimator_2 - 3_folds.train_2.predict)=93.41%
[ 2020-01-01 22:44:58,435][kfold_wrapper.log_eval_metrics] Accuracy(layer_1 - estimator_2 - 3_folds.train_cv.predict)=91.99%
[ 2020-01-01 22:44:58,436][kfold_wrapper.log_eval_metrics] Accuracy(layer_1 - estimator_2 - 3_folds.test.predict)=97.70%
[ 2020-01-01 22:44:58,436][cascade_classifier.calc_accuracy] Accuracy(layer_1 - train.classifier_average)=93.02%
[ 2020-01-01 22:44:58,436][cascade_classifier.calc_accuracy] Accuracy(layer_1 - test.classifier_average)=98.85%
[ 2020-01-01 22:44:58,437][cascade_classifier.fit_transform] [layer=2] look_indexs=[0], X_cur_train.shape=(774, 7), X_cur_test.shape=(87, 7)
[ 2020-01-01 22:45:06,725][kfold_wrapper.log_eval_metrics] Accuracy(layer_2 - estimator_0 - 3_folds.train_0.predict)=91.86%
[ 2020-01-01 22:45:16,125][kfold_wrapper.log_eval_metrics] Accuracy(layer_2 - estimator_0 - 3_folds.train_1.predict)=94.19%
[ 2020-01-01 22:45:25,929][kfold_wrapper.log_eval_metrics] Accuracy(layer_2 - estimator_0 - 3_folds.train_2.predict)=94.19%
[ 2020-01-01 22:45:27,058][kfold_wrapper.log_eval_metrics] Accuracy(layer_2 - estimator_0 - 3_folds.train_cv.predict)=93.41%
[ 2020-01-01 22:45:27,059][kfold_wrapper.log_eval_metrics] Accuracy(layer_2 - estimator_0 - 3_folds.test.predict)=96.55%
[ 2020-01-01 22:45:35,369][kfold_wrapper.log_eval_metrics] Accuracy(layer_2 - estimator_1 - 3_folds.train_0.predict)=91.47%
[ 2020-01-01 22:45:44,870][kfold_wrapper.log_eval_metrics] Accuracy(layer_2 - estimator_1 - 3_folds.train_1.predict)=93.02%
[ 2020-01-01 22:45:54,457][kfold_wrapper.log_eval_metrics] Accuracy(layer_2 - estimator_1 - 3_folds.train_2.predict)=93.02%
[ 2020-01-01 22:45:55,583][kfold_wrapper.log_eval_metrics] Accuracy(layer_2 - estimator_1 - 3_folds.train_cv.predict)=92.51%
[ 2020-01-01 22:45:55,584][kfold_wrapper.log_eval_metrics] Accuracy(layer_2 - estimator_1 - 3_folds.test.predict)=96.55%
[ 2020-01-01 22:45:56,291][kfold_wrapper.log_eval_metrics] Accuracy(layer_2 - estimator_2 - 3_folds.train_0.predict)=93.80%
[ 2020-01-01 22:45:56,984][kfold_wrapper.log_eval_metrics] Accuracy(layer_2 - estimator_2 - 3_folds.train_1.predict)=91.86%
[ 2020-01-01 22:45:57,661][kfold_wrapper.log_eval_metrics] Accuracy(layer_2 - estimator_2 - 3_folds.train_2.predict)=92.64%
[ 2020-01-01 22:45:57,663][kfold_wrapper.log_eval_metrics] Accuracy(layer_2 - estimator_2 - 3_folds.train_cv.predict)=92.76%
[ 2020-01-01 22:45:57,663][kfold_wrapper.log_eval_metrics] Accuracy(layer_2 - estimator_2 - 3_folds.test.predict)=96.55%
[ 2020-01-01 22:45:57,663][cascade_classifier.calc_accuracy] Accuracy(layer_2 - train.classifier_average)=92.89%
[ 2020-01-01 22:45:57,664][cascade_classifier.calc_accuracy] Accuracy(layer_2 - test.classifier_average)=96.55%
[ 2020-01-01 22:45:57,664][cascade_classifier.fit_transform] [layer=3] look_indexs=[0], X_cur_train.shape=(774, 7), X_cur_test.shape=(87, 7)
[ 2020-01-01 22:46:06,176][kfold_wrapper.log_eval_metrics] Accuracy(layer_3 - estimator_0 - 3_folds.train_0.predict)=91.86%
[ 2020-01-01 22:46:15,805][kfold_wrapper.log_eval_metrics] Accuracy(layer_3 - estimator_0 - 3_folds.train_1.predict)=94.96%
[ 2020-01-01 22:46:25,698][kfold_wrapper.log_eval_metrics] Accuracy(layer_3 - estimator_0 - 3_folds.train_2.predict)=91.86%
[ 2020-01-01 22:46:26,823][kfold_wrapper.log_eval_metrics] Accuracy(layer_3 - estimator_0 - 3_folds.train_cv.predict)=92.89%
[ 2020-01-01 22:46:26,823][kfold_wrapper.log_eval_metrics] Accuracy(layer_3 - estimator_0 - 3_folds.test.predict)=96.55%
[ 2020-01-01 22:46:35,214][kfold_wrapper.log_eval_metrics] Accuracy(layer_3 - estimator_1 - 3_folds.train_0.predict)=91.86%
[ 2020-01-01 22:46:44,693][kfold_wrapper.log_eval_metrics] Accuracy(layer_3 - estimator_1 - 3_folds.train_1.predict)=93.80%
[ 2020-01-01 22:46:54,225][kfold_wrapper.log_eval_metrics] Accuracy(layer_3 - estimator_1 - 3_folds.train_2.predict)=93.80%
[ 2020-01-01 22:46:55,355][kfold_wrapper.log_eval_metrics] Accuracy(layer_3 - estimator_1 - 3_folds.train_cv.predict)=93.15%
[ 2020-01-01 22:46:55,355][kfold_wrapper.log_eval_metrics] Accuracy(layer_3 - estimator_1 - 3_folds.test.predict)=96.55%
[ 2020-01-01 22:46:56,056][kfold_wrapper.log_eval_metrics] Accuracy(layer_3 - estimator_2 - 3_folds.train_0.predict)=92.64%
[ 2020-01-01 22:46:56,739][kfold_wrapper.log_eval_metrics] Accuracy(layer_3 - estimator_2 - 3_folds.train_1.predict)=95.74%
[ 2020-01-01 22:46:57,413][kfold_wrapper.log_eval_metrics] Accuracy(layer_3 - estimator_2 - 3_folds.train_2.predict)=91.47%
[ 2020-01-01 22:46:57,415][kfold_wrapper.log_eval_metrics] Accuracy(layer_3 - estimator_2 - 3_folds.train_cv.predict)=93.28%
[ 2020-01-01 22:46:57,415][kfold_wrapper.log_eval_metrics] Accuracy(layer_3 - estimator_2 - 3_folds.test.predict)=96.55%
[ 2020-01-01 22:46:57,416][cascade_classifier.calc_accuracy] Accuracy(layer_3 - train.classifier_average)=93.54%
[ 2020-01-01 22:46:57,416][cascade_classifier.calc_accuracy] Accuracy(layer_3 - test.classifier_average)=96.55%
[ 2020-01-01 22:46:57,416][cascade_classifier.fit_transform] [layer=4] look_indexs=[0], X_cur_train.shape=(774, 7), X_cur_test.shape=(87, 7)
[ 2020-01-01 22:47:05,805][kfold_wrapper.log_eval_metrics] Accuracy(layer_4 - estimator_0 - 3_folds.train_0.predict)=91.86%
[ 2020-01-01 22:47:15,116][kfold_wrapper.log_eval_metrics] Accuracy(layer_4 - estimator_0 - 3_folds.train_1.predict)=94.57%
[ 2020-01-01 22:47:24,650][kfold_wrapper.log_eval_metrics] Accuracy(layer_4 - estimator_0 - 3_folds.train_2.predict)=92.25%
[ 2020-01-01 22:47:25,784][kfold_wrapper.log_eval_metrics] Accuracy(layer_4 - estimator_0 - 3_folds.train_cv.predict)=92.89%
[ 2020-01-01 22:47:25,785][kfold_wrapper.log_eval_metrics] Accuracy(layer_4 - estimator_0 - 3_folds.test.predict)=96.55%
[ 2020-01-01 22:47:34,175][kfold_wrapper.log_eval_metrics] Accuracy(layer_4 - estimator_1 - 3_folds.train_0.predict)=93.80%
[ 2020-01-01 22:47:43,711][kfold_wrapper.log_eval_metrics] Accuracy(layer_4 - estimator_1 - 3_folds.train_1.predict)=92.25%
[ 2020-01-01 22:47:53,235][kfold_wrapper.log_eval_metrics] Accuracy(layer_4 - estimator_1 - 3_folds.train_2.predict)=93.41%
[ 2020-01-01 22:47:54,355][kfold_wrapper.log_eval_metrics] Accuracy(layer_4 - estimator_1 - 3_folds.train_cv.predict)=93.15%
[ 2020-01-01 22:47:54,355][kfold_wrapper.log_eval_metrics] Accuracy(layer_4 - estimator_1 - 3_folds.test.predict)=96.55%
[ 2020-01-01 22:47:55,057][kfold_wrapper.log_eval_metrics] Accuracy(layer_4 - estimator_2 - 3_folds.train_0.predict)=91.09%
[ 2020-01-01 22:47:55,740][kfold_wrapper.log_eval_metrics] Accuracy(layer_4 - estimator_2 - 3_folds.train_1.predict)=93.41%
[ 2020-01-01 22:47:56,420][kfold_wrapper.log_eval_metrics] Accuracy(layer_4 - estimator_2 - 3_folds.train_2.predict)=92.25%
[ 2020-01-01 22:47:56,421][kfold_wrapper.log_eval_metrics] Accuracy(layer_4 - estimator_2 - 3_folds.train_cv.predict)=92.25%
[ 2020-01-01 22:47:56,422][kfold_wrapper.log_eval_metrics] Accuracy(layer_4 - estimator_2 - 3_folds.test.predict)=96.55%
[ 2020-01-01 22:47:56,422][cascade_classifier.calc_accuracy] Accuracy(layer_4 - train.classifier_average)=93.02%
[ 2020-01-01 22:47:56,428][cascade_classifier.calc_accuracy] Accuracy(layer_4 - test.classifier_average)=96.55%
[ 2020-01-01 22:47:56,429][cascade_classifier.fit_transform] [layer=5] look_indexs=[0], X_cur_train.shape=(774, 7), X_cur_test.shape=(87, 7)
[ 2020-01-01 22:48:04,910][kfold_wrapper.log_eval_metrics] Accuracy(layer_5 - estimator_0 - 3_folds.train_0.predict)=93.41%
[ 2020-01-01 22:48:14,530][kfold_wrapper.log_eval_metrics] Accuracy(layer_5 - estimator_0 - 3_folds.train_1.predict)=91.47%
[ 2020-01-01 22:48:24,120][kfold_wrapper.log_eval_metrics] Accuracy(layer_5 - estimator_0 - 3_folds.train_2.predict)=93.02%
[ 2020-01-01 22:48:25,248][kfold_wrapper.log_eval_metrics] Accuracy(layer_5 - estimator_0 - 3_folds.train_cv.predict)=92.64%
[ 2020-01-01 22:48:25,249][kfold_wrapper.log_eval_metrics] Accuracy(layer_5 - estimator_0 - 3_folds.test.predict)=96.55%
[ 2020-01-01 22:48:33,626][kfold_wrapper.log_eval_metrics] Accuracy(layer_5 - estimator_1 - 3_folds.train_0.predict)=91.86%
[ 2020-01-01 22:48:43,211][kfold_wrapper.log_eval_metrics] Accuracy(layer_5 - estimator_1 - 3_folds.train_1.predict)=93.02%
[ 2020-01-01 22:48:52,823][kfold_wrapper.log_eval_metrics] Accuracy(layer_5 - estimator_1 - 3_folds.train_2.predict)=93.41%
[ 2020-01-01 22:48:53,958][kfold_wrapper.log_eval_metrics] Accuracy(layer_5 - estimator_1 - 3_folds.train_cv.predict)=92.76%
[ 2020-01-01 22:48:53,959][kfold_wrapper.log_eval_metrics] Accuracy(layer_5 - estimator_1 - 3_folds.test.predict)=96.55%
[ 2020-01-01 22:48:54,647][kfold_wrapper.log_eval_metrics] Accuracy(layer_5 - estimator_2 - 3_folds.train_0.predict)=91.09%
[ 2020-01-01 22:48:55,320][kfold_wrapper.log_eval_metrics] Accuracy(layer_5 - estimator_2 - 3_folds.train_1.predict)=89.92%
[ 2020-01-01 22:48:55,991][kfold_wrapper.log_eval_metrics] Accuracy(layer_5 - estimator_2 - 3_folds.train_2.predict)=94.57%
[ 2020-01-01 22:48:55,993][kfold_wrapper.log_eval_metrics] Accuracy(layer_5 - estimator_2 - 3_folds.train_cv.predict)=91.86%
[ 2020-01-01 22:48:55,994][kfold_wrapper.log_eval_metrics] Accuracy(layer_5 - estimator_2 - 3_folds.test.predict)=96.55%
[ 2020-01-01 22:48:55,994][cascade_classifier.calc_accuracy] Accuracy(layer_5 - train.classifier_average)=93.28%
[ 2020-01-01 22:48:55,994][cascade_classifier.calc_accuracy] Accuracy(layer_5 - test.classifier_average)=96.55%
[ 2020-01-01 22:48:55,994][cascade_classifier.fit_transform] [layer=6] look_indexs=[0], X_cur_train.shape=(774, 7), X_cur_test.shape=(87, 7)
[ 2020-01-01 22:49:04,389][kfold_wrapper.log_eval_metrics] Accuracy(layer_6 - estimator_0 - 3_folds.train_0.predict)=90.31%
[ 2020-01-01 22:49:13,912][kfold_wrapper.log_eval_metrics] Accuracy(layer_6 - estimator_0 - 3_folds.train_1.predict)=93.80%
[ 2020-01-01 22:49:23,501][kfold_wrapper.log_eval_metrics] Accuracy(layer_6 - estimator_0 - 3_folds.train_2.predict)=93.41%
[ 2020-01-01 22:49:24,633][kfold_wrapper.log_eval_metrics] Accuracy(layer_6 - estimator_0 - 3_folds.train_cv.predict)=92.51%
[ 2020-01-01 22:49:24,634][kfold_wrapper.log_eval_metrics] Accuracy(layer_6 - estimator_0 - 3_folds.test.predict)=96.55%
[ 2020-01-01 22:49:33,113][kfold_wrapper.log_eval_metrics] Accuracy(layer_6 - estimator_1 - 3_folds.train_0.predict)=92.25%
[ 2020-01-01 22:49:42,614][kfold_wrapper.log_eval_metrics] Accuracy(layer_6 - estimator_1 - 3_folds.train_1.predict)=93.02%
[ 2020-01-01 22:49:52,210][kfold_wrapper.log_eval_metrics] Accuracy(layer_6 - estimator_1 - 3_folds.train_2.predict)=93.02%
[ 2020-01-01 22:49:53,337][kfold_wrapper.log_eval_metrics] Accuracy(layer_6 - estimator_1 - 3_folds.train_cv.predict)=92.76%
[ 2020-01-01 22:49:53,338][kfold_wrapper.log_eval_metrics] Accuracy(layer_6 - estimator_1 - 3_folds.test.predict)=96.55%
[ 2020-01-01 22:49:54,025][kfold_wrapper.log_eval_metrics] Accuracy(layer_6 - estimator_2 - 3_folds.train_0.predict)=90.31%
[ 2020-01-01 22:49:54,725][kfold_wrapper.log_eval_metrics] Accuracy(layer_6 - estimator_2 - 3_folds.train_1.predict)=91.86%
[ 2020-01-01 22:49:55,388][kfold_wrapper.log_eval_metrics] Accuracy(layer_6 - estimator_2 - 3_folds.train_2.predict)=94.57%
[ 2020-01-01 22:49:55,390][kfold_wrapper.log_eval_metrics] Accuracy(layer_6 - estimator_2 - 3_folds.train_cv.predict)=92.25%
[ 2020-01-01 22:49:55,390][kfold_wrapper.log_eval_metrics] Accuracy(layer_6 - estimator_2 - 3_folds.test.predict)=97.70%
[ 2020-01-01 22:49:55,391][cascade_classifier.calc_accuracy] Accuracy(layer_6 - train.classifier_average)=92.76%
[ 2020-01-01 22:49:55,391][cascade_classifier.calc_accuracy] Accuracy(layer_6 - test.classifier_average)=96.55%
[ 2020-01-01 22:49:55,391][cascade_classifier.fit_transform] [Result][Optimal Level Detected] opt_layer_num=4, accuracy_train=93.54%, accuracy_test=96.55%
[ 2020-01-01 22:49:55,453][cascade_classifier.transform] X_groups_test.shape=[(87, 1)]
[ 2020-01-01 22:49:55,453][cascade_classifier.transform] group_dims=[1]
[ 2020-01-01 22:49:55,459][cascade_classifier.transform] X_test.shape=(87, 1)
[ 2020-01-01 22:49:55,460][cascade_classifier.transform] [layer=0] look_indexs=[0], X_cur_test.shape=(87, 1)
[ 2020-01-01 22:50:02,154][cascade_classifier.transform] [layer=1] look_indexs=[0], X_cur_test.shape=(87, 7)
[ 2020-01-01 22:50:08,948][cascade_classifier.transform] [layer=2] look_indexs=[0], X_cur_test.shape=(87, 7)
[ 2020-01-01 22:50:15,728][cascade_classifier.transform] [layer=3] look_indexs=[0], X_cur_test.shape=(87, 7)
[ 2020-01-01 22:50:22,634][cascade_classifier.transform] X_groups_test.shape=[(87, 1)]
[ 2020-01-01 22:50:22,634][cascade_classifier.transform] group_dims=[1]
[ 2020-01-01 22:50:22,634][cascade_classifier.transform] X_test.shape=(87, 1)
[ 2020-01-01 22:50:22,634][cascade_classifier.transform] [layer=0] look_indexs=[0], X_cur_test.shape=(87, 1)
[ 2020-01-01 22:50:29,545][cascade_classifier.transform] [layer=1] look_indexs=[0], X_cur_test.shape=(87, 7)
[ 2020-01-01 22:50:36,125][cascade_classifier.transform] [layer=2] look_indexs=[0], X_cur_test.shape=(87, 7)
[ 2020-01-01 22:50:42,903][cascade_classifier.transform] [layer=3] look_indexs=[0], X_cur_test.shape=(87, 7)
