[ 2020-03-15 18:51:33,550][cascade_classifier.fit_transform] X_groups_train.shape=[(774, 1)],y_train.shape=(774,),X_groups_test.shape=[(87, 1)],y_test.shape=(87,)
[ 2020-03-15 18:51:33,550][cascade_classifier.fit_transform] group_dims=[1]
[ 2020-03-15 18:51:33,550][cascade_classifier.fit_transform] group_starts=[0]
[ 2020-03-15 18:51:33,550][cascade_classifier.fit_transform] group_ends=[1]
[ 2020-03-15 18:51:33,550][cascade_classifier.fit_transform] X_train.shape=(774, 1),X_test.shape=(87, 1)
[ 2020-03-15 18:51:33,566][cascade_classifier.fit_transform] [layer=0] look_indexs=[0], X_cur_train.shape=(774, 1), X_cur_test.shape=(87, 1)
[ 2020-03-15 18:51:37,659][kfold_wrapper.log_eval_metrics] Accuracy(layer_0 - estimator_0 - 3_folds.train_0.predict)=88.37%
[ 2020-03-15 18:51:42,135][kfold_wrapper.log_eval_metrics] Accuracy(layer_0 - estimator_0 - 3_folds.train_1.predict)=86.43%
[ 2020-03-15 18:51:46,866][kfold_wrapper.log_eval_metrics] Accuracy(layer_0 - estimator_0 - 3_folds.train_2.predict)=85.66%
[ 2020-03-15 18:51:47,409][kfold_wrapper.log_eval_metrics] Accuracy(layer_0 - estimator_0 - 3_folds.train_cv.predict)=86.82%
[ 2020-03-15 18:51:47,410][kfold_wrapper.log_eval_metrics] Accuracy(layer_0 - estimator_0 - 3_folds.test.predict)=93.10%
[ 2020-03-15 18:51:51,647][kfold_wrapper.log_eval_metrics] Accuracy(layer_0 - estimator_1 - 3_folds.train_0.predict)=87.98%
[ 2020-03-15 18:51:56,038][kfold_wrapper.log_eval_metrics] Accuracy(layer_0 - estimator_1 - 3_folds.train_1.predict)=88.37%
[ 2020-03-15 18:52:00,695][kfold_wrapper.log_eval_metrics] Accuracy(layer_0 - estimator_1 - 3_folds.train_2.predict)=83.72%
[ 2020-03-15 18:52:01,246][kfold_wrapper.log_eval_metrics] Accuracy(layer_0 - estimator_1 - 3_folds.train_cv.predict)=86.69%
[ 2020-03-15 18:52:01,246][kfold_wrapper.log_eval_metrics] Accuracy(layer_0 - estimator_1 - 3_folds.test.predict)=91.95%
[ 2020-03-15 18:52:01,637][kfold_wrapper.log_eval_metrics] Accuracy(layer_0 - estimator_2 - 3_folds.train_0.predict)=88.76%
[ 2020-03-15 18:52:01,890][kfold_wrapper.log_eval_metrics] Accuracy(layer_0 - estimator_2 - 3_folds.train_1.predict)=86.43%
[ 2020-03-15 18:52:02,138][kfold_wrapper.log_eval_metrics] Accuracy(layer_0 - estimator_2 - 3_folds.train_2.predict)=87.21%
[ 2020-03-15 18:52:02,153][kfold_wrapper.log_eval_metrics] Accuracy(layer_0 - estimator_2 - 3_folds.train_cv.predict)=87.47%
[ 2020-03-15 18:52:02,153][kfold_wrapper.log_eval_metrics] Accuracy(layer_0 - estimator_2 - 3_folds.test.predict)=88.51%
[ 2020-03-15 18:52:02,153][cascade_classifier.calc_accuracy] Accuracy(layer_0 - train.classifier_average)=89.28%
[ 2020-03-15 18:52:02,153][cascade_classifier.calc_accuracy] Accuracy(layer_0 - test.classifier_average)=91.95%
[ 2020-03-15 18:52:02,153][cascade_classifier.fit_transform] [layer=1] look_indexs=[0], X_cur_train.shape=(774, 7), X_cur_test.shape=(87, 7)
[ 2020-03-15 18:52:06,215][kfold_wrapper.log_eval_metrics] Accuracy(layer_1 - estimator_0 - 3_folds.train_0.predict)=93.02%
[ 2020-03-15 18:52:10,822][kfold_wrapper.log_eval_metrics] Accuracy(layer_1 - estimator_0 - 3_folds.train_1.predict)=91.47%
[ 2020-03-15 18:52:15,596][kfold_wrapper.log_eval_metrics] Accuracy(layer_1 - estimator_0 - 3_folds.train_2.predict)=89.53%
[ 2020-03-15 18:52:16,145][kfold_wrapper.log_eval_metrics] Accuracy(layer_1 - estimator_0 - 3_folds.train_cv.predict)=91.34%
[ 2020-03-15 18:52:16,145][kfold_wrapper.log_eval_metrics] Accuracy(layer_1 - estimator_0 - 3_folds.test.predict)=90.80%
[ 2020-03-15 18:52:20,074][kfold_wrapper.log_eval_metrics] Accuracy(layer_1 - estimator_1 - 3_folds.train_0.predict)=88.76%
[ 2020-03-15 18:52:25,154][kfold_wrapper.log_eval_metrics] Accuracy(layer_1 - estimator_1 - 3_folds.train_1.predict)=92.25%
[ 2020-03-15 18:52:29,628][kfold_wrapper.log_eval_metrics] Accuracy(layer_1 - estimator_1 - 3_folds.train_2.predict)=91.86%
[ 2020-03-15 18:52:30,173][kfold_wrapper.log_eval_metrics] Accuracy(layer_1 - estimator_1 - 3_folds.train_cv.predict)=90.96%
[ 2020-03-15 18:52:30,173][kfold_wrapper.log_eval_metrics] Accuracy(layer_1 - estimator_1 - 3_folds.test.predict)=90.80%
[ 2020-03-15 18:52:30,473][kfold_wrapper.log_eval_metrics] Accuracy(layer_1 - estimator_2 - 3_folds.train_0.predict)=92.64%
[ 2020-03-15 18:52:30,790][kfold_wrapper.log_eval_metrics] Accuracy(layer_1 - estimator_2 - 3_folds.train_1.predict)=91.47%
[ 2020-03-15 18:52:31,103][kfold_wrapper.log_eval_metrics] Accuracy(layer_1 - estimator_2 - 3_folds.train_2.predict)=93.02%
[ 2020-03-15 18:52:31,103][kfold_wrapper.log_eval_metrics] Accuracy(layer_1 - estimator_2 - 3_folds.train_cv.predict)=92.38%
[ 2020-03-15 18:52:31,103][kfold_wrapper.log_eval_metrics] Accuracy(layer_1 - estimator_2 - 3_folds.test.predict)=90.80%
[ 2020-03-15 18:52:31,103][cascade_classifier.calc_accuracy] Accuracy(layer_1 - train.classifier_average)=91.99%
[ 2020-03-15 18:52:31,103][cascade_classifier.calc_accuracy] Accuracy(layer_1 - test.classifier_average)=89.66%
[ 2020-03-15 18:52:31,103][cascade_classifier.fit_transform] [layer=2] look_indexs=[0], X_cur_train.shape=(774, 7), X_cur_test.shape=(87, 7)
[ 2020-03-15 18:52:35,195][kfold_wrapper.log_eval_metrics] Accuracy(layer_2 - estimator_0 - 3_folds.train_0.predict)=91.86%
[ 2020-03-15 18:52:39,831][kfold_wrapper.log_eval_metrics] Accuracy(layer_2 - estimator_0 - 3_folds.train_1.predict)=91.47%
[ 2020-03-15 18:52:44,379][kfold_wrapper.log_eval_metrics] Accuracy(layer_2 - estimator_0 - 3_folds.train_2.predict)=91.09%
[ 2020-03-15 18:52:44,932][kfold_wrapper.log_eval_metrics] Accuracy(layer_2 - estimator_0 - 3_folds.train_cv.predict)=91.47%
[ 2020-03-15 18:52:44,932][kfold_wrapper.log_eval_metrics] Accuracy(layer_2 - estimator_0 - 3_folds.test.predict)=89.66%
[ 2020-03-15 18:52:48,848][kfold_wrapper.log_eval_metrics] Accuracy(layer_2 - estimator_1 - 3_folds.train_0.predict)=91.86%
[ 2020-03-15 18:52:53,237][kfold_wrapper.log_eval_metrics] Accuracy(layer_2 - estimator_1 - 3_folds.train_1.predict)=92.25%
[ 2020-03-15 18:52:57,628][kfold_wrapper.log_eval_metrics] Accuracy(layer_2 - estimator_1 - 3_folds.train_2.predict)=91.47%
[ 2020-03-15 18:52:58,180][kfold_wrapper.log_eval_metrics] Accuracy(layer_2 - estimator_1 - 3_folds.train_cv.predict)=91.86%
[ 2020-03-15 18:52:58,181][kfold_wrapper.log_eval_metrics] Accuracy(layer_2 - estimator_1 - 3_folds.test.predict)=89.66%
[ 2020-03-15 18:52:58,464][kfold_wrapper.log_eval_metrics] Accuracy(layer_2 - estimator_2 - 3_folds.train_0.predict)=89.53%
[ 2020-03-15 18:52:58,773][kfold_wrapper.log_eval_metrics] Accuracy(layer_2 - estimator_2 - 3_folds.train_1.predict)=91.09%
[ 2020-03-15 18:52:59,069][kfold_wrapper.log_eval_metrics] Accuracy(layer_2 - estimator_2 - 3_folds.train_2.predict)=93.41%
[ 2020-03-15 18:52:59,085][kfold_wrapper.log_eval_metrics] Accuracy(layer_2 - estimator_2 - 3_folds.train_cv.predict)=91.34%
[ 2020-03-15 18:52:59,085][kfold_wrapper.log_eval_metrics] Accuracy(layer_2 - estimator_2 - 3_folds.test.predict)=91.95%
[ 2020-03-15 18:52:59,085][cascade_classifier.calc_accuracy] Accuracy(layer_2 - train.classifier_average)=91.73%
[ 2020-03-15 18:52:59,085][cascade_classifier.calc_accuracy] Accuracy(layer_2 - test.classifier_average)=89.66%
[ 2020-03-15 18:52:59,085][cascade_classifier.fit_transform] [layer=3] look_indexs=[0], X_cur_train.shape=(774, 7), X_cur_test.shape=(87, 7)
[ 2020-03-15 18:53:02,952][kfold_wrapper.log_eval_metrics] Accuracy(layer_3 - estimator_0 - 3_folds.train_0.predict)=90.70%
[ 2020-03-15 18:53:07,402][kfold_wrapper.log_eval_metrics] Accuracy(layer_3 - estimator_0 - 3_folds.train_1.predict)=91.09%
[ 2020-03-15 18:53:11,853][kfold_wrapper.log_eval_metrics] Accuracy(layer_3 - estimator_0 - 3_folds.train_2.predict)=92.25%
[ 2020-03-15 18:53:12,405][kfold_wrapper.log_eval_metrics] Accuracy(layer_3 - estimator_0 - 3_folds.train_cv.predict)=91.34%
[ 2020-03-15 18:53:12,405][kfold_wrapper.log_eval_metrics] Accuracy(layer_3 - estimator_0 - 3_folds.test.predict)=93.10%
[ 2020-03-15 18:53:16,280][kfold_wrapper.log_eval_metrics] Accuracy(layer_3 - estimator_1 - 3_folds.train_0.predict)=91.09%
[ 2020-03-15 18:53:20,663][kfold_wrapper.log_eval_metrics] Accuracy(layer_3 - estimator_1 - 3_folds.train_1.predict)=91.47%
[ 2020-03-15 18:53:25,071][kfold_wrapper.log_eval_metrics] Accuracy(layer_3 - estimator_1 - 3_folds.train_2.predict)=91.09%
[ 2020-03-15 18:53:25,620][kfold_wrapper.log_eval_metrics] Accuracy(layer_3 - estimator_1 - 3_folds.train_cv.predict)=91.21%
[ 2020-03-15 18:53:25,620][kfold_wrapper.log_eval_metrics] Accuracy(layer_3 - estimator_1 - 3_folds.test.predict)=91.95%
[ 2020-03-15 18:53:25,925][kfold_wrapper.log_eval_metrics] Accuracy(layer_3 - estimator_2 - 3_folds.train_0.predict)=92.25%
[ 2020-03-15 18:53:26,213][kfold_wrapper.log_eval_metrics] Accuracy(layer_3 - estimator_2 - 3_folds.train_1.predict)=93.41%
[ 2020-03-15 18:53:26,498][kfold_wrapper.log_eval_metrics] Accuracy(layer_3 - estimator_2 - 3_folds.train_2.predict)=89.15%
[ 2020-03-15 18:53:26,498][kfold_wrapper.log_eval_metrics] Accuracy(layer_3 - estimator_2 - 3_folds.train_cv.predict)=91.60%
[ 2020-03-15 18:53:26,498][kfold_wrapper.log_eval_metrics] Accuracy(layer_3 - estimator_2 - 3_folds.test.predict)=91.95%
[ 2020-03-15 18:53:26,498][cascade_classifier.calc_accuracy] Accuracy(layer_3 - train.classifier_average)=91.73%
[ 2020-03-15 18:53:26,498][cascade_classifier.calc_accuracy] Accuracy(layer_3 - test.classifier_average)=93.10%
[ 2020-03-15 18:53:26,498][cascade_classifier.fit_transform] [layer=4] look_indexs=[0], X_cur_train.shape=(774, 7), X_cur_test.shape=(87, 7)
[ 2020-03-15 18:53:30,383][kfold_wrapper.log_eval_metrics] Accuracy(layer_4 - estimator_0 - 3_folds.train_0.predict)=91.47%
[ 2020-03-15 18:53:34,834][kfold_wrapper.log_eval_metrics] Accuracy(layer_4 - estimator_0 - 3_folds.train_1.predict)=90.70%
[ 2020-03-15 18:53:39,235][kfold_wrapper.log_eval_metrics] Accuracy(layer_4 - estimator_0 - 3_folds.train_2.predict)=89.92%
[ 2020-03-15 18:53:39,767][kfold_wrapper.log_eval_metrics] Accuracy(layer_4 - estimator_0 - 3_folds.train_cv.predict)=90.70%
[ 2020-03-15 18:53:39,767][kfold_wrapper.log_eval_metrics] Accuracy(layer_4 - estimator_0 - 3_folds.test.predict)=95.40%
[ 2020-03-15 18:53:43,632][kfold_wrapper.log_eval_metrics] Accuracy(layer_4 - estimator_1 - 3_folds.train_0.predict)=91.09%
[ 2020-03-15 18:53:48,044][kfold_wrapper.log_eval_metrics] Accuracy(layer_4 - estimator_1 - 3_folds.train_1.predict)=91.09%
[ 2020-03-15 18:53:52,695][kfold_wrapper.log_eval_metrics] Accuracy(layer_4 - estimator_1 - 3_folds.train_2.predict)=94.19%
[ 2020-03-15 18:53:53,244][kfold_wrapper.log_eval_metrics] Accuracy(layer_4 - estimator_1 - 3_folds.train_cv.predict)=92.12%
[ 2020-03-15 18:53:53,244][kfold_wrapper.log_eval_metrics] Accuracy(layer_4 - estimator_1 - 3_folds.test.predict)=94.25%
[ 2020-03-15 18:53:53,563][kfold_wrapper.log_eval_metrics] Accuracy(layer_4 - estimator_2 - 3_folds.train_0.predict)=95.35%
[ 2020-03-15 18:53:53,839][kfold_wrapper.log_eval_metrics] Accuracy(layer_4 - estimator_2 - 3_folds.train_1.predict)=86.05%
[ 2020-03-15 18:53:54,143][kfold_wrapper.log_eval_metrics] Accuracy(layer_4 - estimator_2 - 3_folds.train_2.predict)=89.53%
[ 2020-03-15 18:53:54,143][kfold_wrapper.log_eval_metrics] Accuracy(layer_4 - estimator_2 - 3_folds.train_cv.predict)=90.31%
[ 2020-03-15 18:53:54,143][kfold_wrapper.log_eval_metrics] Accuracy(layer_4 - estimator_2 - 3_folds.test.predict)=93.10%
[ 2020-03-15 18:53:54,143][cascade_classifier.calc_accuracy] Accuracy(layer_4 - train.classifier_average)=90.96%
[ 2020-03-15 18:53:54,143][cascade_classifier.calc_accuracy] Accuracy(layer_4 - test.classifier_average)=95.40%
[ 2020-03-15 18:53:54,143][cascade_classifier.fit_transform] [Result][Optimal Level Detected] opt_layer_num=2, accuracy_train=91.99%, accuracy_test=89.66%
[ 2020-03-15 18:53:54,174][cascade_classifier.transform] X_groups_test.shape=[(87, 1)]
[ 2020-03-15 18:53:54,174][cascade_classifier.transform] group_dims=[1]
[ 2020-03-15 18:53:54,174][cascade_classifier.transform] X_test.shape=(87, 1)
[ 2020-03-15 18:53:54,174][cascade_classifier.transform] [layer=0] look_indexs=[0], X_cur_test.shape=(87, 1)
[ 2020-03-15 18:53:57,514][cascade_classifier.transform] [layer=1] look_indexs=[0], X_cur_test.shape=(87, 7)
[ 2020-03-15 18:54:01,153][cascade_classifier.transform] X_groups_test.shape=[(87, 1)]
[ 2020-03-15 18:54:01,153][cascade_classifier.transform] group_dims=[1]
[ 2020-03-15 18:54:01,153][cascade_classifier.transform] X_test.shape=(87, 1)
[ 2020-03-15 18:54:01,153][cascade_classifier.transform] [layer=0] look_indexs=[0], X_cur_test.shape=(87, 1)
[ 2020-03-15 18:54:04,620][cascade_classifier.transform] [layer=1] look_indexs=[0], X_cur_test.shape=(87, 7)
[ 2020-03-15 18:54:08,410][cascade_classifier.fit_transform] X_groups_train.shape=[(774, 1)],y_train.shape=(774,),X_groups_test.shape=[(87, 1)],y_test.shape=(87,)
[ 2020-03-15 18:54:08,410][cascade_classifier.fit_transform] group_dims=[1]
[ 2020-03-15 18:54:08,410][cascade_classifier.fit_transform] group_starts=[0]
[ 2020-03-15 18:54:08,410][cascade_classifier.fit_transform] group_ends=[1]
[ 2020-03-15 18:54:08,410][cascade_classifier.fit_transform] X_train.shape=(774, 1),X_test.shape=(87, 1)
[ 2020-03-15 18:54:08,410][cascade_classifier.fit_transform] [layer=0] look_indexs=[0], X_cur_train.shape=(774, 1), X_cur_test.shape=(87, 1)
[ 2020-03-15 18:54:12,492][kfold_wrapper.log_eval_metrics] Accuracy(layer_0 - estimator_0 - 3_folds.train_0.predict)=87.21%
[ 2020-03-15 18:54:17,106][kfold_wrapper.log_eval_metrics] Accuracy(layer_0 - estimator_0 - 3_folds.train_1.predict)=88.37%
[ 2020-03-15 18:54:21,628][kfold_wrapper.log_eval_metrics] Accuracy(layer_0 - estimator_0 - 3_folds.train_2.predict)=87.21%
[ 2020-03-15 18:54:22,193][kfold_wrapper.log_eval_metrics] Accuracy(layer_0 - estimator_0 - 3_folds.train_cv.predict)=87.60%
[ 2020-03-15 18:54:22,193][kfold_wrapper.log_eval_metrics] Accuracy(layer_0 - estimator_0 - 3_folds.test.predict)=90.80%
[ 2020-03-15 18:54:26,194][kfold_wrapper.log_eval_metrics] Accuracy(layer_0 - estimator_1 - 3_folds.train_0.predict)=87.60%
[ 2020-03-15 18:54:30,806][kfold_wrapper.log_eval_metrics] Accuracy(layer_0 - estimator_1 - 3_folds.train_1.predict)=86.82%
[ 2020-03-15 18:54:35,430][kfold_wrapper.log_eval_metrics] Accuracy(layer_0 - estimator_1 - 3_folds.train_2.predict)=87.60%
[ 2020-03-15 18:54:35,984][kfold_wrapper.log_eval_metrics] Accuracy(layer_0 - estimator_1 - 3_folds.train_cv.predict)=87.34%
[ 2020-03-15 18:54:35,984][kfold_wrapper.log_eval_metrics] Accuracy(layer_0 - estimator_1 - 3_folds.test.predict)=93.10%
[ 2020-03-15 18:54:36,234][kfold_wrapper.log_eval_metrics] Accuracy(layer_0 - estimator_2 - 3_folds.train_0.predict)=89.53%
[ 2020-03-15 18:54:36,500][kfold_wrapper.log_eval_metrics] Accuracy(layer_0 - estimator_2 - 3_folds.train_1.predict)=87.21%
[ 2020-03-15 18:54:36,738][kfold_wrapper.log_eval_metrics] Accuracy(layer_0 - estimator_2 - 3_folds.train_2.predict)=88.76%
[ 2020-03-15 18:54:36,738][kfold_wrapper.log_eval_metrics] Accuracy(layer_0 - estimator_2 - 3_folds.train_cv.predict)=88.50%
[ 2020-03-15 18:54:36,738][kfold_wrapper.log_eval_metrics] Accuracy(layer_0 - estimator_2 - 3_folds.test.predict)=90.80%
[ 2020-03-15 18:54:36,738][cascade_classifier.calc_accuracy] Accuracy(layer_0 - train.classifier_average)=90.31%
[ 2020-03-15 18:54:36,738][cascade_classifier.calc_accuracy] Accuracy(layer_0 - test.classifier_average)=91.95%
[ 2020-03-15 18:54:36,738][cascade_classifier.fit_transform] [layer=1] look_indexs=[0], X_cur_train.shape=(774, 7), X_cur_test.shape=(87, 7)
[ 2020-03-15 18:54:40,673][kfold_wrapper.log_eval_metrics] Accuracy(layer_1 - estimator_0 - 3_folds.train_0.predict)=89.53%
[ 2020-03-15 18:54:45,146][kfold_wrapper.log_eval_metrics] Accuracy(layer_1 - estimator_0 - 3_folds.train_1.predict)=91.09%
[ 2020-03-15 18:54:49,824][kfold_wrapper.log_eval_metrics] Accuracy(layer_1 - estimator_0 - 3_folds.train_2.predict)=91.09%
[ 2020-03-15 18:54:50,377][kfold_wrapper.log_eval_metrics] Accuracy(layer_1 - estimator_0 - 3_folds.train_cv.predict)=90.57%
[ 2020-03-15 18:54:50,377][kfold_wrapper.log_eval_metrics] Accuracy(layer_1 - estimator_0 - 3_folds.test.predict)=90.80%
[ 2020-03-15 18:54:54,464][kfold_wrapper.log_eval_metrics] Accuracy(layer_1 - estimator_1 - 3_folds.train_0.predict)=91.09%
[ 2020-03-15 18:54:59,056][kfold_wrapper.log_eval_metrics] Accuracy(layer_1 - estimator_1 - 3_folds.train_1.predict)=88.76%
[ 2020-03-15 18:55:04,081][kfold_wrapper.log_eval_metrics] Accuracy(layer_1 - estimator_1 - 3_folds.train_2.predict)=91.47%
[ 2020-03-15 18:55:04,627][kfold_wrapper.log_eval_metrics] Accuracy(layer_1 - estimator_1 - 3_folds.train_cv.predict)=90.44%
[ 2020-03-15 18:55:04,627][kfold_wrapper.log_eval_metrics] Accuracy(layer_1 - estimator_1 - 3_folds.test.predict)=89.66%
[ 2020-03-15 18:55:04,969][kfold_wrapper.log_eval_metrics] Accuracy(layer_1 - estimator_2 - 3_folds.train_0.predict)=91.47%
[ 2020-03-15 18:55:05,282][kfold_wrapper.log_eval_metrics] Accuracy(layer_1 - estimator_2 - 3_folds.train_1.predict)=91.09%
[ 2020-03-15 18:55:05,586][kfold_wrapper.log_eval_metrics] Accuracy(layer_1 - estimator_2 - 3_folds.train_2.predict)=89.53%
[ 2020-03-15 18:55:05,586][kfold_wrapper.log_eval_metrics] Accuracy(layer_1 - estimator_2 - 3_folds.train_cv.predict)=90.70%
[ 2020-03-15 18:55:05,586][kfold_wrapper.log_eval_metrics] Accuracy(layer_1 - estimator_2 - 3_folds.test.predict)=93.10%
[ 2020-03-15 18:55:05,586][cascade_classifier.calc_accuracy] Accuracy(layer_1 - train.classifier_average)=91.47%
[ 2020-03-15 18:55:05,586][cascade_classifier.calc_accuracy] Accuracy(layer_1 - test.classifier_average)=91.95%
[ 2020-03-15 18:55:05,586][cascade_classifier.fit_transform] [layer=2] look_indexs=[0], X_cur_train.shape=(774, 7), X_cur_test.shape=(87, 7)
[ 2020-03-15 18:55:09,787][kfold_wrapper.log_eval_metrics] Accuracy(layer_2 - estimator_0 - 3_folds.train_0.predict)=91.86%
[ 2020-03-15 18:55:14,486][kfold_wrapper.log_eval_metrics] Accuracy(layer_2 - estimator_0 - 3_folds.train_1.predict)=89.53%
[ 2020-03-15 18:55:19,213][kfold_wrapper.log_eval_metrics] Accuracy(layer_2 - estimator_0 - 3_folds.train_2.predict)=91.86%
[ 2020-03-15 18:55:19,867][kfold_wrapper.log_eval_metrics] Accuracy(layer_2 - estimator_0 - 3_folds.train_cv.predict)=91.09%
[ 2020-03-15 18:55:19,867][kfold_wrapper.log_eval_metrics] Accuracy(layer_2 - estimator_0 - 3_folds.test.predict)=93.10%
[ 2020-03-15 18:55:24,057][kfold_wrapper.log_eval_metrics] Accuracy(layer_2 - estimator_1 - 3_folds.train_0.predict)=91.09%
[ 2020-03-15 18:55:28,786][kfold_wrapper.log_eval_metrics] Accuracy(layer_2 - estimator_1 - 3_folds.train_1.predict)=91.09%
[ 2020-03-15 18:55:33,447][kfold_wrapper.log_eval_metrics] Accuracy(layer_2 - estimator_1 - 3_folds.train_2.predict)=91.86%
[ 2020-03-15 18:55:33,987][kfold_wrapper.log_eval_metrics] Accuracy(layer_2 - estimator_1 - 3_folds.train_cv.predict)=91.34%
[ 2020-03-15 18:55:33,987][kfold_wrapper.log_eval_metrics] Accuracy(layer_2 - estimator_1 - 3_folds.test.predict)=93.10%
[ 2020-03-15 18:55:34,331][kfold_wrapper.log_eval_metrics] Accuracy(layer_2 - estimator_2 - 3_folds.train_0.predict)=91.47%
[ 2020-03-15 18:55:34,645][kfold_wrapper.log_eval_metrics] Accuracy(layer_2 - estimator_2 - 3_folds.train_1.predict)=91.86%
[ 2020-03-15 18:55:34,950][kfold_wrapper.log_eval_metrics] Accuracy(layer_2 - estimator_2 - 3_folds.train_2.predict)=91.09%
[ 2020-03-15 18:55:34,950][kfold_wrapper.log_eval_metrics] Accuracy(layer_2 - estimator_2 - 3_folds.train_cv.predict)=91.47%
[ 2020-03-15 18:55:34,950][kfold_wrapper.log_eval_metrics] Accuracy(layer_2 - estimator_2 - 3_folds.test.predict)=91.95%
[ 2020-03-15 18:55:34,950][cascade_classifier.calc_accuracy] Accuracy(layer_2 - train.classifier_average)=91.60%
[ 2020-03-15 18:55:34,950][cascade_classifier.calc_accuracy] Accuracy(layer_2 - test.classifier_average)=93.10%
[ 2020-03-15 18:55:34,950][cascade_classifier.fit_transform] [layer=3] look_indexs=[0], X_cur_train.shape=(774, 7), X_cur_test.shape=(87, 7)
[ 2020-03-15 18:55:39,235][kfold_wrapper.log_eval_metrics] Accuracy(layer_3 - estimator_0 - 3_folds.train_0.predict)=93.02%
[ 2020-03-15 18:55:44,237][kfold_wrapper.log_eval_metrics] Accuracy(layer_3 - estimator_0 - 3_folds.train_1.predict)=91.09%
[ 2020-03-15 18:55:49,055][kfold_wrapper.log_eval_metrics] Accuracy(layer_3 - estimator_0 - 3_folds.train_2.predict)=89.53%
[ 2020-03-15 18:55:49,709][kfold_wrapper.log_eval_metrics] Accuracy(layer_3 - estimator_0 - 3_folds.train_cv.predict)=91.21%
[ 2020-03-15 18:55:49,709][kfold_wrapper.log_eval_metrics] Accuracy(layer_3 - estimator_0 - 3_folds.test.predict)=91.95%
[ 2020-03-15 18:55:53,998][kfold_wrapper.log_eval_metrics] Accuracy(layer_3 - estimator_1 - 3_folds.train_0.predict)=90.70%
[ 2020-03-15 18:55:58,709][kfold_wrapper.log_eval_metrics] Accuracy(layer_3 - estimator_1 - 3_folds.train_1.predict)=90.70%
[ 2020-03-15 18:56:03,325][kfold_wrapper.log_eval_metrics] Accuracy(layer_3 - estimator_1 - 3_folds.train_2.predict)=92.25%
[ 2020-03-15 18:56:03,879][kfold_wrapper.log_eval_metrics] Accuracy(layer_3 - estimator_1 - 3_folds.train_cv.predict)=91.21%
[ 2020-03-15 18:56:03,879][kfold_wrapper.log_eval_metrics] Accuracy(layer_3 - estimator_1 - 3_folds.test.predict)=93.10%
[ 2020-03-15 18:56:04,183][kfold_wrapper.log_eval_metrics] Accuracy(layer_3 - estimator_2 - 3_folds.train_0.predict)=90.31%
[ 2020-03-15 18:56:04,495][kfold_wrapper.log_eval_metrics] Accuracy(layer_3 - estimator_2 - 3_folds.train_1.predict)=91.86%
[ 2020-03-15 18:56:04,834][kfold_wrapper.log_eval_metrics] Accuracy(layer_3 - estimator_2 - 3_folds.train_2.predict)=90.31%
[ 2020-03-15 18:56:04,834][kfold_wrapper.log_eval_metrics] Accuracy(layer_3 - estimator_2 - 3_folds.train_cv.predict)=90.83%
[ 2020-03-15 18:56:04,834][kfold_wrapper.log_eval_metrics] Accuracy(layer_3 - estimator_2 - 3_folds.test.predict)=93.10%
[ 2020-03-15 18:56:04,834][cascade_classifier.calc_accuracy] Accuracy(layer_3 - train.classifier_average)=91.47%
[ 2020-03-15 18:56:04,834][cascade_classifier.calc_accuracy] Accuracy(layer_3 - test.classifier_average)=93.10%
[ 2020-03-15 18:56:04,834][cascade_classifier.fit_transform] [layer=4] look_indexs=[0], X_cur_train.shape=(774, 7), X_cur_test.shape=(87, 7)
[ 2020-03-15 18:56:09,011][kfold_wrapper.log_eval_metrics] Accuracy(layer_4 - estimator_0 - 3_folds.train_0.predict)=92.64%
[ 2020-03-15 18:56:13,889][kfold_wrapper.log_eval_metrics] Accuracy(layer_4 - estimator_0 - 3_folds.train_1.predict)=92.25%
[ 2020-03-15 18:56:18,510][kfold_wrapper.log_eval_metrics] Accuracy(layer_4 - estimator_0 - 3_folds.train_2.predict)=90.31%
[ 2020-03-15 18:56:19,153][kfold_wrapper.log_eval_metrics] Accuracy(layer_4 - estimator_0 - 3_folds.train_cv.predict)=91.73%
[ 2020-03-15 18:56:19,153][kfold_wrapper.log_eval_metrics] Accuracy(layer_4 - estimator_0 - 3_folds.test.predict)=91.95%
[ 2020-03-15 18:56:23,457][kfold_wrapper.log_eval_metrics] Accuracy(layer_4 - estimator_1 - 3_folds.train_0.predict)=91.86%
[ 2020-03-15 18:56:28,164][kfold_wrapper.log_eval_metrics] Accuracy(layer_4 - estimator_1 - 3_folds.train_1.predict)=92.64%
[ 2020-03-15 18:56:32,924][kfold_wrapper.log_eval_metrics] Accuracy(layer_4 - estimator_1 - 3_folds.train_2.predict)=91.47%
[ 2020-03-15 18:56:33,480][kfold_wrapper.log_eval_metrics] Accuracy(layer_4 - estimator_1 - 3_folds.train_cv.predict)=91.99%
[ 2020-03-15 18:56:33,480][kfold_wrapper.log_eval_metrics] Accuracy(layer_4 - estimator_1 - 3_folds.test.predict)=91.95%
[ 2020-03-15 18:56:33,820][kfold_wrapper.log_eval_metrics] Accuracy(layer_4 - estimator_2 - 3_folds.train_0.predict)=93.02%
[ 2020-03-15 18:56:34,151][kfold_wrapper.log_eval_metrics] Accuracy(layer_4 - estimator_2 - 3_folds.train_1.predict)=90.70%
[ 2020-03-15 18:56:34,493][kfold_wrapper.log_eval_metrics] Accuracy(layer_4 - estimator_2 - 3_folds.train_2.predict)=91.86%
[ 2020-03-15 18:56:34,493][kfold_wrapper.log_eval_metrics] Accuracy(layer_4 - estimator_2 - 3_folds.train_cv.predict)=91.86%
[ 2020-03-15 18:56:34,493][kfold_wrapper.log_eval_metrics] Accuracy(layer_4 - estimator_2 - 3_folds.test.predict)=91.95%
[ 2020-03-15 18:56:34,493][cascade_classifier.calc_accuracy] Accuracy(layer_4 - train.classifier_average)=92.12%
[ 2020-03-15 18:56:34,493][cascade_classifier.calc_accuracy] Accuracy(layer_4 - test.classifier_average)=91.95%
[ 2020-03-15 18:56:34,493][cascade_classifier.fit_transform] [layer=5] look_indexs=[0], X_cur_train.shape=(774, 7), X_cur_test.shape=(87, 7)
[ 2020-03-15 18:56:38,756][kfold_wrapper.log_eval_metrics] Accuracy(layer_5 - estimator_0 - 3_folds.train_0.predict)=93.02%
[ 2020-03-15 18:56:43,547][kfold_wrapper.log_eval_metrics] Accuracy(layer_5 - estimator_0 - 3_folds.train_1.predict)=91.09%
[ 2020-03-15 18:56:48,235][kfold_wrapper.log_eval_metrics] Accuracy(layer_5 - estimator_0 - 3_folds.train_2.predict)=92.25%
[ 2020-03-15 18:56:48,774][kfold_wrapper.log_eval_metrics] Accuracy(layer_5 - estimator_0 - 3_folds.train_cv.predict)=92.12%
[ 2020-03-15 18:56:48,774][kfold_wrapper.log_eval_metrics] Accuracy(layer_5 - estimator_0 - 3_folds.test.predict)=93.10%
[ 2020-03-15 18:56:52,958][kfold_wrapper.log_eval_metrics] Accuracy(layer_5 - estimator_1 - 3_folds.train_0.predict)=93.41%
[ 2020-03-15 18:56:57,622][kfold_wrapper.log_eval_metrics] Accuracy(layer_5 - estimator_1 - 3_folds.train_1.predict)=91.47%
[ 2020-03-15 18:57:02,279][kfold_wrapper.log_eval_metrics] Accuracy(layer_5 - estimator_1 - 3_folds.train_2.predict)=91.86%
[ 2020-03-15 18:57:02,915][kfold_wrapper.log_eval_metrics] Accuracy(layer_5 - estimator_1 - 3_folds.train_cv.predict)=92.25%
[ 2020-03-15 18:57:02,915][kfold_wrapper.log_eval_metrics] Accuracy(layer_5 - estimator_1 - 3_folds.test.predict)=90.80%
[ 2020-03-15 18:57:03,228][kfold_wrapper.log_eval_metrics] Accuracy(layer_5 - estimator_2 - 3_folds.train_0.predict)=89.53%
[ 2020-03-15 18:57:03,564][kfold_wrapper.log_eval_metrics] Accuracy(layer_5 - estimator_2 - 3_folds.train_1.predict)=89.53%
[ 2020-03-15 18:57:03,892][kfold_wrapper.log_eval_metrics] Accuracy(layer_5 - estimator_2 - 3_folds.train_2.predict)=91.47%
[ 2020-03-15 18:57:03,892][kfold_wrapper.log_eval_metrics] Accuracy(layer_5 - estimator_2 - 3_folds.train_cv.predict)=90.18%
[ 2020-03-15 18:57:03,892][kfold_wrapper.log_eval_metrics] Accuracy(layer_5 - estimator_2 - 3_folds.test.predict)=91.95%
[ 2020-03-15 18:57:03,892][cascade_classifier.calc_accuracy] Accuracy(layer_5 - train.classifier_average)=91.73%
[ 2020-03-15 18:57:03,892][cascade_classifier.calc_accuracy] Accuracy(layer_5 - test.classifier_average)=91.95%
[ 2020-03-15 18:57:03,892][cascade_classifier.fit_transform] [layer=6] look_indexs=[0], X_cur_train.shape=(774, 7), X_cur_test.shape=(87, 7)
[ 2020-03-15 18:57:08,016][kfold_wrapper.log_eval_metrics] Accuracy(layer_6 - estimator_0 - 3_folds.train_0.predict)=91.09%
[ 2020-03-15 18:57:12,697][kfold_wrapper.log_eval_metrics] Accuracy(layer_6 - estimator_0 - 3_folds.train_1.predict)=93.02%
[ 2020-03-15 18:57:17,288][kfold_wrapper.log_eval_metrics] Accuracy(layer_6 - estimator_0 - 3_folds.train_2.predict)=90.70%
[ 2020-03-15 18:57:17,835][kfold_wrapper.log_eval_metrics] Accuracy(layer_6 - estimator_0 - 3_folds.train_cv.predict)=91.60%
[ 2020-03-15 18:57:17,835][kfold_wrapper.log_eval_metrics] Accuracy(layer_6 - estimator_0 - 3_folds.test.predict)=90.80%
[ 2020-03-15 18:57:22,075][kfold_wrapper.log_eval_metrics] Accuracy(layer_6 - estimator_1 - 3_folds.train_0.predict)=89.92%
[ 2020-03-15 18:57:26,778][kfold_wrapper.log_eval_metrics] Accuracy(layer_6 - estimator_1 - 3_folds.train_1.predict)=93.41%
[ 2020-03-15 18:57:31,513][kfold_wrapper.log_eval_metrics] Accuracy(layer_6 - estimator_1 - 3_folds.train_2.predict)=87.98%
[ 2020-03-15 18:57:32,052][kfold_wrapper.log_eval_metrics] Accuracy(layer_6 - estimator_1 - 3_folds.train_cv.predict)=90.44%
[ 2020-03-15 18:57:32,052][kfold_wrapper.log_eval_metrics] Accuracy(layer_6 - estimator_1 - 3_folds.test.predict)=90.80%
[ 2020-03-15 18:57:32,380][kfold_wrapper.log_eval_metrics] Accuracy(layer_6 - estimator_2 - 3_folds.train_0.predict)=88.37%
[ 2020-03-15 18:57:32,693][kfold_wrapper.log_eval_metrics] Accuracy(layer_6 - estimator_2 - 3_folds.train_1.predict)=91.47%
[ 2020-03-15 18:57:33,029][kfold_wrapper.log_eval_metrics] Accuracy(layer_6 - estimator_2 - 3_folds.train_2.predict)=91.09%
[ 2020-03-15 18:57:33,029][kfold_wrapper.log_eval_metrics] Accuracy(layer_6 - estimator_2 - 3_folds.train_cv.predict)=90.31%
[ 2020-03-15 18:57:33,029][kfold_wrapper.log_eval_metrics] Accuracy(layer_6 - estimator_2 - 3_folds.test.predict)=87.36%
[ 2020-03-15 18:57:33,029][cascade_classifier.calc_accuracy] Accuracy(layer_6 - train.classifier_average)=90.70%
[ 2020-03-15 18:57:33,029][cascade_classifier.calc_accuracy] Accuracy(layer_6 - test.classifier_average)=90.80%
[ 2020-03-15 18:57:33,029][cascade_classifier.fit_transform] [layer=7] look_indexs=[0], X_cur_train.shape=(774, 7), X_cur_test.shape=(87, 7)
[ 2020-03-15 18:57:37,136][kfold_wrapper.log_eval_metrics] Accuracy(layer_7 - estimator_0 - 3_folds.train_0.predict)=89.15%
[ 2020-03-15 18:57:41,718][kfold_wrapper.log_eval_metrics] Accuracy(layer_7 - estimator_0 - 3_folds.train_1.predict)=94.19%
[ 2020-03-15 18:57:46,496][kfold_wrapper.log_eval_metrics] Accuracy(layer_7 - estimator_0 - 3_folds.train_2.predict)=91.47%
[ 2020-03-15 18:57:47,047][kfold_wrapper.log_eval_metrics] Accuracy(layer_7 - estimator_0 - 3_folds.train_cv.predict)=91.60%
[ 2020-03-15 18:57:47,047][kfold_wrapper.log_eval_metrics] Accuracy(layer_7 - estimator_0 - 3_folds.test.predict)=90.80%
[ 2020-03-15 18:57:51,153][kfold_wrapper.log_eval_metrics] Accuracy(layer_7 - estimator_1 - 3_folds.train_0.predict)=93.41%
[ 2020-03-15 18:57:55,752][kfold_wrapper.log_eval_metrics] Accuracy(layer_7 - estimator_1 - 3_folds.train_1.predict)=90.31%
[ 2020-03-15 18:58:00,372][kfold_wrapper.log_eval_metrics] Accuracy(layer_7 - estimator_1 - 3_folds.train_2.predict)=90.70%
[ 2020-03-15 18:58:00,927][kfold_wrapper.log_eval_metrics] Accuracy(layer_7 - estimator_1 - 3_folds.train_cv.predict)=91.47%
[ 2020-03-15 18:58:00,927][kfold_wrapper.log_eval_metrics] Accuracy(layer_7 - estimator_1 - 3_folds.test.predict)=89.66%
[ 2020-03-15 18:58:01,239][kfold_wrapper.log_eval_metrics] Accuracy(layer_7 - estimator_2 - 3_folds.train_0.predict)=91.09%
[ 2020-03-15 18:58:01,590][kfold_wrapper.log_eval_metrics] Accuracy(layer_7 - estimator_2 - 3_folds.train_1.predict)=88.76%
[ 2020-03-15 18:58:01,904][kfold_wrapper.log_eval_metrics] Accuracy(layer_7 - estimator_2 - 3_folds.train_2.predict)=89.53%
[ 2020-03-15 18:58:01,904][kfold_wrapper.log_eval_metrics] Accuracy(layer_7 - estimator_2 - 3_folds.train_cv.predict)=89.79%
[ 2020-03-15 18:58:01,904][kfold_wrapper.log_eval_metrics] Accuracy(layer_7 - estimator_2 - 3_folds.test.predict)=89.66%
[ 2020-03-15 18:58:01,904][cascade_classifier.calc_accuracy] Accuracy(layer_7 - train.classifier_average)=91.34%
[ 2020-03-15 18:58:01,904][cascade_classifier.calc_accuracy] Accuracy(layer_7 - test.classifier_average)=89.66%
[ 2020-03-15 18:58:01,904][cascade_classifier.fit_transform] [Result][Optimal Level Detected] opt_layer_num=5, accuracy_train=92.12%, accuracy_test=91.95%
[ 2020-03-15 18:58:01,935][cascade_classifier.transform] X_groups_test.shape=[(87, 1)]
[ 2020-03-15 18:58:01,935][cascade_classifier.transform] group_dims=[1]
[ 2020-03-15 18:58:01,935][cascade_classifier.transform] X_test.shape=(87, 1)
[ 2020-03-15 18:58:01,935][cascade_classifier.transform] [layer=0] look_indexs=[0], X_cur_test.shape=(87, 1)
[ 2020-03-15 18:58:05,243][cascade_classifier.transform] [layer=1] look_indexs=[0], X_cur_test.shape=(87, 7)
[ 2020-03-15 18:58:08,510][cascade_classifier.transform] [layer=2] look_indexs=[0], X_cur_test.shape=(87, 7)
[ 2020-03-15 18:58:11,765][cascade_classifier.transform] [layer=3] look_indexs=[0], X_cur_test.shape=(87, 7)
[ 2020-03-15 18:58:15,160][cascade_classifier.transform] [layer=4] look_indexs=[0], X_cur_test.shape=(87, 7)
[ 2020-03-15 18:58:18,471][cascade_classifier.transform] X_groups_test.shape=[(87, 1)]
[ 2020-03-15 18:58:18,471][cascade_classifier.transform] group_dims=[1]
[ 2020-03-15 18:58:18,471][cascade_classifier.transform] X_test.shape=(87, 1)
[ 2020-03-15 18:58:18,471][cascade_classifier.transform] [layer=0] look_indexs=[0], X_cur_test.shape=(87, 1)
[ 2020-03-15 18:58:21,890][cascade_classifier.transform] [layer=1] look_indexs=[0], X_cur_test.shape=(87, 7)
[ 2020-03-15 18:58:25,314][cascade_classifier.transform] [layer=2] look_indexs=[0], X_cur_test.shape=(87, 7)
[ 2020-03-15 18:58:28,749][cascade_classifier.transform] [layer=3] look_indexs=[0], X_cur_test.shape=(87, 7)
[ 2020-03-15 18:58:32,186][cascade_classifier.transform] [layer=4] look_indexs=[0], X_cur_test.shape=(87, 7)
[ 2020-03-15 18:58:35,561][cascade_classifier.fit_transform] X_groups_train.shape=[(774, 1)],y_train.shape=(774,),X_groups_test.shape=[(87, 1)],y_test.shape=(87,)
[ 2020-03-15 18:58:35,561][cascade_classifier.fit_transform] group_dims=[1]
[ 2020-03-15 18:58:35,561][cascade_classifier.fit_transform] group_starts=[0]
[ 2020-03-15 18:58:35,561][cascade_classifier.fit_transform] group_ends=[1]
[ 2020-03-15 18:58:35,561][cascade_classifier.fit_transform] X_train.shape=(774, 1),X_test.shape=(87, 1)
[ 2020-03-15 18:58:35,561][cascade_classifier.fit_transform] [layer=0] look_indexs=[0], X_cur_train.shape=(774, 1), X_cur_test.shape=(87, 1)
[ 2020-03-15 18:58:39,647][kfold_wrapper.log_eval_metrics] Accuracy(layer_0 - estimator_0 - 3_folds.train_0.predict)=84.88%
[ 2020-03-15 18:58:44,171][kfold_wrapper.log_eval_metrics] Accuracy(layer_0 - estimator_0 - 3_folds.train_1.predict)=89.53%
[ 2020-03-15 18:58:48,600][kfold_wrapper.log_eval_metrics] Accuracy(layer_0 - estimator_0 - 3_folds.train_2.predict)=89.15%
[ 2020-03-15 18:58:49,163][kfold_wrapper.log_eval_metrics] Accuracy(layer_0 - estimator_0 - 3_folds.train_cv.predict)=87.86%
[ 2020-03-15 18:58:49,164][kfold_wrapper.log_eval_metrics] Accuracy(layer_0 - estimator_0 - 3_folds.test.predict)=93.10%
[ 2020-03-15 18:58:53,141][kfold_wrapper.log_eval_metrics] Accuracy(layer_0 - estimator_1 - 3_folds.train_0.predict)=88.37%
[ 2020-03-15 18:58:57,557][kfold_wrapper.log_eval_metrics] Accuracy(layer_0 - estimator_1 - 3_folds.train_1.predict)=87.98%
[ 2020-03-15 18:59:01,974][kfold_wrapper.log_eval_metrics] Accuracy(layer_0 - estimator_1 - 3_folds.train_2.predict)=84.50%
[ 2020-03-15 18:59:02,512][kfold_wrapper.log_eval_metrics] Accuracy(layer_0 - estimator_1 - 3_folds.train_cv.predict)=86.95%
[ 2020-03-15 18:59:02,512][kfold_wrapper.log_eval_metrics] Accuracy(layer_0 - estimator_1 - 3_folds.test.predict)=91.95%
[ 2020-03-15 18:59:02,753][kfold_wrapper.log_eval_metrics] Accuracy(layer_0 - estimator_2 - 3_folds.train_0.predict)=89.92%
[ 2020-03-15 18:59:03,007][kfold_wrapper.log_eval_metrics] Accuracy(layer_0 - estimator_2 - 3_folds.train_1.predict)=89.92%
[ 2020-03-15 18:59:03,257][kfold_wrapper.log_eval_metrics] Accuracy(layer_0 - estimator_2 - 3_folds.train_2.predict)=86.82%
[ 2020-03-15 18:59:03,257][kfold_wrapper.log_eval_metrics] Accuracy(layer_0 - estimator_2 - 3_folds.train_cv.predict)=88.89%
[ 2020-03-15 18:59:03,257][kfold_wrapper.log_eval_metrics] Accuracy(layer_0 - estimator_2 - 3_folds.test.predict)=90.80%
[ 2020-03-15 18:59:03,257][cascade_classifier.calc_accuracy] Accuracy(layer_0 - train.classifier_average)=90.05%
[ 2020-03-15 18:59:03,257][cascade_classifier.calc_accuracy] Accuracy(layer_0 - test.classifier_average)=91.95%
[ 2020-03-15 18:59:03,257][cascade_classifier.fit_transform] [layer=1] look_indexs=[0], X_cur_train.shape=(774, 7), X_cur_test.shape=(87, 7)
[ 2020-03-15 18:59:07,031][kfold_wrapper.log_eval_metrics] Accuracy(layer_1 - estimator_0 - 3_folds.train_0.predict)=90.31%
[ 2020-03-15 18:59:11,481][kfold_wrapper.log_eval_metrics] Accuracy(layer_1 - estimator_0 - 3_folds.train_1.predict)=91.09%
[ 2020-03-15 18:59:15,927][kfold_wrapper.log_eval_metrics] Accuracy(layer_1 - estimator_0 - 3_folds.train_2.predict)=88.76%
[ 2020-03-15 18:59:16,467][kfold_wrapper.log_eval_metrics] Accuracy(layer_1 - estimator_0 - 3_folds.train_cv.predict)=90.05%
[ 2020-03-15 18:59:16,468][kfold_wrapper.log_eval_metrics] Accuracy(layer_1 - estimator_0 - 3_folds.test.predict)=93.10%
[ 2020-03-15 18:59:20,421][kfold_wrapper.log_eval_metrics] Accuracy(layer_1 - estimator_1 - 3_folds.train_0.predict)=90.70%
[ 2020-03-15 18:59:24,806][kfold_wrapper.log_eval_metrics] Accuracy(layer_1 - estimator_1 - 3_folds.train_1.predict)=91.09%
[ 2020-03-15 18:59:29,135][kfold_wrapper.log_eval_metrics] Accuracy(layer_1 - estimator_1 - 3_folds.train_2.predict)=90.70%
[ 2020-03-15 18:59:29,676][kfold_wrapper.log_eval_metrics] Accuracy(layer_1 - estimator_1 - 3_folds.train_cv.predict)=90.83%
[ 2020-03-15 18:59:29,676][kfold_wrapper.log_eval_metrics] Accuracy(layer_1 - estimator_1 - 3_folds.test.predict)=93.10%
[ 2020-03-15 18:59:29,957][kfold_wrapper.log_eval_metrics] Accuracy(layer_1 - estimator_2 - 3_folds.train_0.predict)=87.98%
[ 2020-03-15 18:59:30,262][kfold_wrapper.log_eval_metrics] Accuracy(layer_1 - estimator_2 - 3_folds.train_1.predict)=90.70%
[ 2020-03-15 18:59:30,617][kfold_wrapper.log_eval_metrics] Accuracy(layer_1 - estimator_2 - 3_folds.train_2.predict)=93.80%
[ 2020-03-15 18:59:30,620][kfold_wrapper.log_eval_metrics] Accuracy(layer_1 - estimator_2 - 3_folds.train_cv.predict)=90.83%
[ 2020-03-15 18:59:30,620][kfold_wrapper.log_eval_metrics] Accuracy(layer_1 - estimator_2 - 3_folds.test.predict)=93.10%
[ 2020-03-15 18:59:30,620][cascade_classifier.calc_accuracy] Accuracy(layer_1 - train.classifier_average)=90.96%
[ 2020-03-15 18:59:30,620][cascade_classifier.calc_accuracy] Accuracy(layer_1 - test.classifier_average)=93.10%
[ 2020-03-15 18:59:30,621][cascade_classifier.fit_transform] [layer=2] look_indexs=[0], X_cur_train.shape=(774, 7), X_cur_test.shape=(87, 7)
[ 2020-03-15 18:59:34,511][kfold_wrapper.log_eval_metrics] Accuracy(layer_2 - estimator_0 - 3_folds.train_0.predict)=92.25%
[ 2020-03-15 18:59:38,944][kfold_wrapper.log_eval_metrics] Accuracy(layer_2 - estimator_0 - 3_folds.train_1.predict)=89.92%
[ 2020-03-15 18:59:43,393][kfold_wrapper.log_eval_metrics] Accuracy(layer_2 - estimator_0 - 3_folds.train_2.predict)=91.47%
[ 2020-03-15 18:59:43,960][kfold_wrapper.log_eval_metrics] Accuracy(layer_2 - estimator_0 - 3_folds.train_cv.predict)=91.21%
[ 2020-03-15 18:59:43,960][kfold_wrapper.log_eval_metrics] Accuracy(layer_2 - estimator_0 - 3_folds.test.predict)=90.80%
[ 2020-03-15 18:59:47,915][kfold_wrapper.log_eval_metrics] Accuracy(layer_2 - estimator_1 - 3_folds.train_0.predict)=91.09%
[ 2020-03-15 18:59:52,518][kfold_wrapper.log_eval_metrics] Accuracy(layer_2 - estimator_1 - 3_folds.train_1.predict)=89.15%
[ 2020-03-15 18:59:57,053][kfold_wrapper.log_eval_metrics] Accuracy(layer_2 - estimator_1 - 3_folds.train_2.predict)=92.64%
[ 2020-03-15 18:59:57,709][kfold_wrapper.log_eval_metrics] Accuracy(layer_2 - estimator_1 - 3_folds.train_cv.predict)=90.96%
[ 2020-03-15 18:59:57,709][kfold_wrapper.log_eval_metrics] Accuracy(layer_2 - estimator_1 - 3_folds.test.predict)=91.95%
[ 2020-03-15 18:59:57,995][kfold_wrapper.log_eval_metrics] Accuracy(layer_2 - estimator_2 - 3_folds.train_0.predict)=92.64%
[ 2020-03-15 18:59:58,290][kfold_wrapper.log_eval_metrics] Accuracy(layer_2 - estimator_2 - 3_folds.train_1.predict)=88.76%
[ 2020-03-15 18:59:58,617][kfold_wrapper.log_eval_metrics] Accuracy(layer_2 - estimator_2 - 3_folds.train_2.predict)=92.64%
[ 2020-03-15 18:59:58,619][kfold_wrapper.log_eval_metrics] Accuracy(layer_2 - estimator_2 - 3_folds.train_cv.predict)=91.34%
[ 2020-03-15 18:59:58,619][kfold_wrapper.log_eval_metrics] Accuracy(layer_2 - estimator_2 - 3_folds.test.predict)=91.95%
[ 2020-03-15 18:59:58,620][cascade_classifier.calc_accuracy] Accuracy(layer_2 - train.classifier_average)=91.60%
[ 2020-03-15 18:59:58,620][cascade_classifier.calc_accuracy] Accuracy(layer_2 - test.classifier_average)=91.95%
[ 2020-03-15 18:59:58,620][cascade_classifier.fit_transform] [layer=3] look_indexs=[0], X_cur_train.shape=(774, 7), X_cur_test.shape=(87, 7)
[ 2020-03-15 19:00:02,677][kfold_wrapper.log_eval_metrics] Accuracy(layer_3 - estimator_0 - 3_folds.train_0.predict)=94.19%
[ 2020-03-15 19:00:07,194][kfold_wrapper.log_eval_metrics] Accuracy(layer_3 - estimator_0 - 3_folds.train_1.predict)=90.31%
[ 2020-03-15 19:00:11,775][kfold_wrapper.log_eval_metrics] Accuracy(layer_3 - estimator_0 - 3_folds.train_2.predict)=90.70%
[ 2020-03-15 19:00:12,322][kfold_wrapper.log_eval_metrics] Accuracy(layer_3 - estimator_0 - 3_folds.train_cv.predict)=91.73%
[ 2020-03-15 19:00:12,322][kfold_wrapper.log_eval_metrics] Accuracy(layer_3 - estimator_0 - 3_folds.test.predict)=94.25%
[ 2020-03-15 19:00:16,262][kfold_wrapper.log_eval_metrics] Accuracy(layer_3 - estimator_1 - 3_folds.train_0.predict)=93.02%
[ 2020-03-15 19:00:20,837][kfold_wrapper.log_eval_metrics] Accuracy(layer_3 - estimator_1 - 3_folds.train_1.predict)=89.15%
[ 2020-03-15 19:00:25,515][kfold_wrapper.log_eval_metrics] Accuracy(layer_3 - estimator_1 - 3_folds.train_2.predict)=90.31%
[ 2020-03-15 19:00:26,054][kfold_wrapper.log_eval_metrics] Accuracy(layer_3 - estimator_1 - 3_folds.train_cv.predict)=90.83%
[ 2020-03-15 19:00:26,054][kfold_wrapper.log_eval_metrics] Accuracy(layer_3 - estimator_1 - 3_folds.test.predict)=94.25%
[ 2020-03-15 19:00:26,421][kfold_wrapper.log_eval_metrics] Accuracy(layer_3 - estimator_2 - 3_folds.train_0.predict)=91.09%
[ 2020-03-15 19:00:26,750][kfold_wrapper.log_eval_metrics] Accuracy(layer_3 - estimator_2 - 3_folds.train_1.predict)=88.37%
[ 2020-03-15 19:00:27,038][kfold_wrapper.log_eval_metrics] Accuracy(layer_3 - estimator_2 - 3_folds.train_2.predict)=91.86%
[ 2020-03-15 19:00:27,038][kfold_wrapper.log_eval_metrics] Accuracy(layer_3 - estimator_2 - 3_folds.train_cv.predict)=90.44%
[ 2020-03-15 19:00:27,038][kfold_wrapper.log_eval_metrics] Accuracy(layer_3 - estimator_2 - 3_folds.test.predict)=94.25%
[ 2020-03-15 19:00:27,038][cascade_classifier.calc_accuracy] Accuracy(layer_3 - train.classifier_average)=91.73%
[ 2020-03-15 19:00:27,038][cascade_classifier.calc_accuracy] Accuracy(layer_3 - test.classifier_average)=94.25%
[ 2020-03-15 19:00:27,038][cascade_classifier.fit_transform] [layer=4] look_indexs=[0], X_cur_train.shape=(774, 7), X_cur_test.shape=(87, 7)
[ 2020-03-15 19:00:30,985][kfold_wrapper.log_eval_metrics] Accuracy(layer_4 - estimator_0 - 3_folds.train_0.predict)=93.41%
[ 2020-03-15 19:00:35,430][kfold_wrapper.log_eval_metrics] Accuracy(layer_4 - estimator_0 - 3_folds.train_1.predict)=91.86%
[ 2020-03-15 19:00:39,894][kfold_wrapper.log_eval_metrics] Accuracy(layer_4 - estimator_0 - 3_folds.train_2.predict)=89.92%
[ 2020-03-15 19:00:40,444][kfold_wrapper.log_eval_metrics] Accuracy(layer_4 - estimator_0 - 3_folds.train_cv.predict)=91.73%
[ 2020-03-15 19:00:40,444][kfold_wrapper.log_eval_metrics] Accuracy(layer_4 - estimator_0 - 3_folds.test.predict)=89.66%
