[ 2020-03-15 17:56:48,068][cascade_classifier.fit_transform] X_groups_train.shape=[(774, 1)],y_train.shape=(774,),X_groups_test.shape=[(87, 1)],y_test.shape=(87,)
[ 2020-03-15 17:56:48,068][cascade_classifier.fit_transform] group_dims=[1]
[ 2020-03-15 17:56:48,068][cascade_classifier.fit_transform] group_starts=[0]
[ 2020-03-15 17:56:48,068][cascade_classifier.fit_transform] group_ends=[1]
[ 2020-03-15 17:56:48,068][cascade_classifier.fit_transform] X_train.shape=(774, 1),X_test.shape=(87, 1)
[ 2020-03-15 17:56:48,068][cascade_classifier.fit_transform] [layer=0] look_indexs=[0], X_cur_train.shape=(774, 1), X_cur_test.shape=(87, 1)
[ 2020-03-15 17:56:50,123][kfold_wrapper.log_eval_metrics] Accuracy(layer_0 - estimator_0 - 3_folds.train_0.predict)=71.71%
[ 2020-03-15 17:56:52,484][kfold_wrapper.log_eval_metrics] Accuracy(layer_0 - estimator_0 - 3_folds.train_1.predict)=73.64%
[ 2020-03-15 17:56:54,632][kfold_wrapper.log_eval_metrics] Accuracy(layer_0 - estimator_0 - 3_folds.train_2.predict)=77.13%
[ 2020-03-15 17:56:54,964][kfold_wrapper.log_eval_metrics] Accuracy(layer_0 - estimator_0 - 3_folds.train_cv.predict)=74.16%
[ 2020-03-15 17:56:54,964][kfold_wrapper.log_eval_metrics] Accuracy(layer_0 - estimator_0 - 3_folds.test.predict)=80.46%
[ 2020-03-15 17:56:56,892][kfold_wrapper.log_eval_metrics] Accuracy(layer_0 - estimator_1 - 3_folds.train_0.predict)=75.58%
[ 2020-03-15 17:56:59,254][kfold_wrapper.log_eval_metrics] Accuracy(layer_0 - estimator_1 - 3_folds.train_1.predict)=76.36%
[ 2020-03-15 17:57:01,631][kfold_wrapper.log_eval_metrics] Accuracy(layer_0 - estimator_1 - 3_folds.train_2.predict)=79.07%
[ 2020-03-15 17:57:01,973][kfold_wrapper.log_eval_metrics] Accuracy(layer_0 - estimator_1 - 3_folds.train_cv.predict)=77.00%
[ 2020-03-15 17:57:01,973][kfold_wrapper.log_eval_metrics] Accuracy(layer_0 - estimator_1 - 3_folds.test.predict)=80.46%
[ 2020-03-15 17:57:03,839][kfold_wrapper.log_eval_metrics] Accuracy(layer_0 - estimator_2 - 3_folds.train_0.predict)=75.97%
[ 2020-03-15 17:57:06,044][kfold_wrapper.log_eval_metrics] Accuracy(layer_0 - estimator_2 - 3_folds.train_1.predict)=72.09%
[ 2020-03-15 17:57:08,225][kfold_wrapper.log_eval_metrics] Accuracy(layer_0 - estimator_2 - 3_folds.train_2.predict)=79.07%
[ 2020-03-15 17:57:08,553][kfold_wrapper.log_eval_metrics] Accuracy(layer_0 - estimator_2 - 3_folds.train_cv.predict)=75.71%
[ 2020-03-15 17:57:08,553][kfold_wrapper.log_eval_metrics] Accuracy(layer_0 - estimator_2 - 3_folds.test.predict)=80.46%
[ 2020-03-15 17:57:08,553][cascade_classifier.calc_accuracy] Accuracy(layer_0 - train.classifier_average)=77.91%
[ 2020-03-15 17:57:08,553][cascade_classifier.calc_accuracy] Accuracy(layer_0 - test.classifier_average)=79.31%
[ 2020-03-15 17:57:08,553][cascade_classifier.fit_transform] [layer=1] look_indexs=[0], X_cur_train.shape=(774, 7), X_cur_test.shape=(87, 7)
[ 2020-03-15 17:57:10,467][kfold_wrapper.log_eval_metrics] Accuracy(layer_1 - estimator_0 - 3_folds.train_0.predict)=81.40%
[ 2020-03-15 17:57:12,869][kfold_wrapper.log_eval_metrics] Accuracy(layer_1 - estimator_0 - 3_folds.train_1.predict)=83.72%
[ 2020-03-15 17:57:15,280][kfold_wrapper.log_eval_metrics] Accuracy(layer_1 - estimator_0 - 3_folds.train_2.predict)=82.17%
[ 2020-03-15 17:57:15,608][kfold_wrapper.log_eval_metrics] Accuracy(layer_1 - estimator_0 - 3_folds.train_cv.predict)=82.43%
[ 2020-03-15 17:57:15,608][kfold_wrapper.log_eval_metrics] Accuracy(layer_1 - estimator_0 - 3_folds.test.predict)=86.21%
[ 2020-03-15 17:57:17,651][kfold_wrapper.log_eval_metrics] Accuracy(layer_1 - estimator_1 - 3_folds.train_0.predict)=86.82%
[ 2020-03-15 17:57:19,890][kfold_wrapper.log_eval_metrics] Accuracy(layer_1 - estimator_1 - 3_folds.train_1.predict)=83.72%
[ 2020-03-15 17:57:22,220][kfold_wrapper.log_eval_metrics] Accuracy(layer_1 - estimator_1 - 3_folds.train_2.predict)=80.23%
[ 2020-03-15 17:57:22,548][kfold_wrapper.log_eval_metrics] Accuracy(layer_1 - estimator_1 - 3_folds.train_cv.predict)=83.59%
[ 2020-03-15 17:57:22,548][kfold_wrapper.log_eval_metrics] Accuracy(layer_1 - estimator_1 - 3_folds.test.predict)=87.36%
[ 2020-03-15 17:57:24,397][kfold_wrapper.log_eval_metrics] Accuracy(layer_1 - estimator_2 - 3_folds.train_0.predict)=84.11%
[ 2020-03-15 17:57:26,579][kfold_wrapper.log_eval_metrics] Accuracy(layer_1 - estimator_2 - 3_folds.train_1.predict)=82.17%
[ 2020-03-15 17:57:28,747][kfold_wrapper.log_eval_metrics] Accuracy(layer_1 - estimator_2 - 3_folds.train_2.predict)=81.40%
[ 2020-03-15 17:57:29,075][kfold_wrapper.log_eval_metrics] Accuracy(layer_1 - estimator_2 - 3_folds.train_cv.predict)=82.56%
[ 2020-03-15 17:57:29,075][kfold_wrapper.log_eval_metrics] Accuracy(layer_1 - estimator_2 - 3_folds.test.predict)=82.76%
[ 2020-03-15 17:57:29,075][cascade_classifier.calc_accuracy] Accuracy(layer_1 - train.classifier_average)=84.88%
[ 2020-03-15 17:57:29,075][cascade_classifier.calc_accuracy] Accuracy(layer_1 - test.classifier_average)=83.91%
[ 2020-03-15 17:57:29,075][cascade_classifier.fit_transform] [layer=2] look_indexs=[0], X_cur_train.shape=(774, 7), X_cur_test.shape=(87, 7)
[ 2020-03-15 17:57:31,061][kfold_wrapper.log_eval_metrics] Accuracy(layer_2 - estimator_0 - 3_folds.train_0.predict)=84.88%
[ 2020-03-15 17:57:33,297][kfold_wrapper.log_eval_metrics] Accuracy(layer_2 - estimator_0 - 3_folds.train_1.predict)=80.62%
[ 2020-03-15 17:57:35,636][kfold_wrapper.log_eval_metrics] Accuracy(layer_2 - estimator_0 - 3_folds.train_2.predict)=83.33%
[ 2020-03-15 17:57:35,867][kfold_wrapper.log_eval_metrics] Accuracy(layer_2 - estimator_0 - 3_folds.train_cv.predict)=82.95%
[ 2020-03-15 17:57:35,867][kfold_wrapper.log_eval_metrics] Accuracy(layer_2 - estimator_0 - 3_folds.test.predict)=81.61%
[ 2020-03-15 17:57:37,880][kfold_wrapper.log_eval_metrics] Accuracy(layer_2 - estimator_1 - 3_folds.train_0.predict)=86.82%
[ 2020-03-15 17:57:40,115][kfold_wrapper.log_eval_metrics] Accuracy(layer_2 - estimator_1 - 3_folds.train_1.predict)=83.33%
[ 2020-03-15 17:57:42,476][kfold_wrapper.log_eval_metrics] Accuracy(layer_2 - estimator_1 - 3_folds.train_2.predict)=80.23%
[ 2020-03-15 17:57:42,804][kfold_wrapper.log_eval_metrics] Accuracy(layer_2 - estimator_1 - 3_folds.train_cv.predict)=83.46%
[ 2020-03-15 17:57:42,804][kfold_wrapper.log_eval_metrics] Accuracy(layer_2 - estimator_1 - 3_folds.test.predict)=82.76%
[ 2020-03-15 17:57:44,680][kfold_wrapper.log_eval_metrics] Accuracy(layer_2 - estimator_2 - 3_folds.train_0.predict)=83.33%
[ 2020-03-15 17:57:46,955][kfold_wrapper.log_eval_metrics] Accuracy(layer_2 - estimator_2 - 3_folds.train_1.predict)=81.40%
[ 2020-03-15 17:57:49,290][kfold_wrapper.log_eval_metrics] Accuracy(layer_2 - estimator_2 - 3_folds.train_2.predict)=85.27%
[ 2020-03-15 17:57:49,618][kfold_wrapper.log_eval_metrics] Accuracy(layer_2 - estimator_2 - 3_folds.train_cv.predict)=83.33%
[ 2020-03-15 17:57:49,618][kfold_wrapper.log_eval_metrics] Accuracy(layer_2 - estimator_2 - 3_folds.test.predict)=79.31%
[ 2020-03-15 17:57:49,618][cascade_classifier.calc_accuracy] Accuracy(layer_2 - train.classifier_average)=83.59%
[ 2020-03-15 17:57:49,618][cascade_classifier.calc_accuracy] Accuracy(layer_2 - test.classifier_average)=81.61%
[ 2020-03-15 17:57:49,618][cascade_classifier.fit_transform] [layer=3] look_indexs=[0], X_cur_train.shape=(774, 7), X_cur_test.shape=(87, 7)
[ 2020-03-15 17:57:51,731][kfold_wrapper.log_eval_metrics] Accuracy(layer_3 - estimator_0 - 3_folds.train_0.predict)=86.82%
[ 2020-03-15 17:57:54,295][kfold_wrapper.log_eval_metrics] Accuracy(layer_3 - estimator_0 - 3_folds.train_1.predict)=77.91%
[ 2020-03-15 17:57:56,468][kfold_wrapper.log_eval_metrics] Accuracy(layer_3 - estimator_0 - 3_folds.train_2.predict)=83.33%
[ 2020-03-15 17:57:56,796][kfold_wrapper.log_eval_metrics] Accuracy(layer_3 - estimator_0 - 3_folds.train_cv.predict)=82.69%
[ 2020-03-15 17:57:56,796][kfold_wrapper.log_eval_metrics] Accuracy(layer_3 - estimator_0 - 3_folds.test.predict)=80.46%
[ 2020-03-15 17:57:58,923][kfold_wrapper.log_eval_metrics] Accuracy(layer_3 - estimator_1 - 3_folds.train_0.predict)=82.95%
[ 2020-03-15 17:58:01,376][kfold_wrapper.log_eval_metrics] Accuracy(layer_3 - estimator_1 - 3_folds.train_1.predict)=84.50%
[ 2020-03-15 17:58:04,694][kfold_wrapper.log_eval_metrics] Accuracy(layer_3 - estimator_1 - 3_folds.train_2.predict)=85.27%
[ 2020-03-15 17:58:05,023][kfold_wrapper.log_eval_metrics] Accuracy(layer_3 - estimator_1 - 3_folds.train_cv.predict)=84.24%
[ 2020-03-15 17:58:05,023][kfold_wrapper.log_eval_metrics] Accuracy(layer_3 - estimator_1 - 3_folds.test.predict)=82.76%
[ 2020-03-15 17:58:06,901][kfold_wrapper.log_eval_metrics] Accuracy(layer_3 - estimator_2 - 3_folds.train_0.predict)=83.33%
[ 2020-03-15 17:58:09,138][kfold_wrapper.log_eval_metrics] Accuracy(layer_3 - estimator_2 - 3_folds.train_1.predict)=85.27%
[ 2020-03-15 17:58:11,281][kfold_wrapper.log_eval_metrics] Accuracy(layer_3 - estimator_2 - 3_folds.train_2.predict)=84.88%
[ 2020-03-15 17:58:11,609][kfold_wrapper.log_eval_metrics] Accuracy(layer_3 - estimator_2 - 3_folds.train_cv.predict)=84.50%
[ 2020-03-15 17:58:11,609][kfold_wrapper.log_eval_metrics] Accuracy(layer_3 - estimator_2 - 3_folds.test.predict)=83.91%
[ 2020-03-15 17:58:11,609][cascade_classifier.calc_accuracy] Accuracy(layer_3 - train.classifier_average)=84.24%
[ 2020-03-15 17:58:11,609][cascade_classifier.calc_accuracy] Accuracy(layer_3 - test.classifier_average)=83.91%
[ 2020-03-15 17:58:11,609][cascade_classifier.fit_transform] [layer=4] look_indexs=[0], X_cur_train.shape=(774, 7), X_cur_test.shape=(87, 7)
[ 2020-03-15 17:58:13,755][kfold_wrapper.log_eval_metrics] Accuracy(layer_4 - estimator_0 - 3_folds.train_0.predict)=82.95%
[ 2020-03-15 17:58:16,020][kfold_wrapper.log_eval_metrics] Accuracy(layer_4 - estimator_0 - 3_folds.train_1.predict)=81.40%
[ 2020-03-15 17:58:18,460][kfold_wrapper.log_eval_metrics] Accuracy(layer_4 - estimator_0 - 3_folds.train_2.predict)=82.95%
[ 2020-03-15 17:58:18,866][kfold_wrapper.log_eval_metrics] Accuracy(layer_4 - estimator_0 - 3_folds.train_cv.predict)=82.43%
[ 2020-03-15 17:58:18,866][kfold_wrapper.log_eval_metrics] Accuracy(layer_4 - estimator_0 - 3_folds.test.predict)=88.51%
[ 2020-03-15 17:58:21,438][kfold_wrapper.log_eval_metrics] Accuracy(layer_4 - estimator_1 - 3_folds.train_0.predict)=86.43%
[ 2020-03-15 17:58:23,982][kfold_wrapper.log_eval_metrics] Accuracy(layer_4 - estimator_1 - 3_folds.train_1.predict)=86.05%
[ 2020-03-15 17:58:27,002][kfold_wrapper.log_eval_metrics] Accuracy(layer_4 - estimator_1 - 3_folds.train_2.predict)=79.84%
[ 2020-03-15 17:58:27,331][kfold_wrapper.log_eval_metrics] Accuracy(layer_4 - estimator_1 - 3_folds.train_cv.predict)=84.11%
[ 2020-03-15 17:58:27,331][kfold_wrapper.log_eval_metrics] Accuracy(layer_4 - estimator_1 - 3_folds.test.predict)=88.51%
[ 2020-03-15 17:58:29,256][kfold_wrapper.log_eval_metrics] Accuracy(layer_4 - estimator_2 - 3_folds.train_0.predict)=81.78%
[ 2020-03-15 17:58:31,573][kfold_wrapper.log_eval_metrics] Accuracy(layer_4 - estimator_2 - 3_folds.train_1.predict)=82.17%
[ 2020-03-15 17:58:33,962][kfold_wrapper.log_eval_metrics] Accuracy(layer_4 - estimator_2 - 3_folds.train_2.predict)=82.17%
[ 2020-03-15 17:58:34,290][kfold_wrapper.log_eval_metrics] Accuracy(layer_4 - estimator_2 - 3_folds.train_cv.predict)=82.04%
[ 2020-03-15 17:58:34,290][kfold_wrapper.log_eval_metrics] Accuracy(layer_4 - estimator_2 - 3_folds.test.predict)=87.36%
[ 2020-03-15 17:58:34,290][cascade_classifier.calc_accuracy] Accuracy(layer_4 - train.classifier_average)=83.07%
[ 2020-03-15 17:58:34,290][cascade_classifier.calc_accuracy] Accuracy(layer_4 - test.classifier_average)=88.51%
[ 2020-03-15 17:58:34,290][cascade_classifier.fit_transform] [Result][Optimal Level Detected] opt_layer_num=2, accuracy_train=84.88%, accuracy_test=83.91%
[ 2020-03-15 17:58:34,337][cascade_classifier.transform] X_groups_test.shape=[(87, 1)]
[ 2020-03-15 17:58:34,337][cascade_classifier.transform] group_dims=[1]
[ 2020-03-15 17:58:34,337][cascade_classifier.transform] X_test.shape=(87, 1)
[ 2020-03-15 17:58:34,337][cascade_classifier.transform] [layer=0] look_indexs=[0], X_cur_test.shape=(87, 1)
[ 2020-03-15 17:58:37,343][cascade_classifier.transform] [layer=1] look_indexs=[0], X_cur_test.shape=(87, 7)
[ 2020-03-15 17:58:40,341][cascade_classifier.transform] X_groups_test.shape=[(87, 1)]
[ 2020-03-15 17:58:40,341][cascade_classifier.transform] group_dims=[1]
[ 2020-03-15 17:58:40,341][cascade_classifier.transform] X_test.shape=(87, 1)
[ 2020-03-15 17:58:40,341][cascade_classifier.transform] [layer=0] look_indexs=[0], X_cur_test.shape=(87, 1)
[ 2020-03-15 17:58:43,304][cascade_classifier.transform] [layer=1] look_indexs=[0], X_cur_test.shape=(87, 7)
