[ 2020-03-24 17:40:36,248][cascade_classifier.fit_transform] X_groups_train.shape=[(774, 354)],y_train.shape=(774,),X_groups_test.shape=[(87, 354)],y_test.shape=(87,)
[ 2020-03-24 17:40:36,250][cascade_classifier.fit_transform] group_dims=[354]
[ 2020-03-24 17:40:36,250][cascade_classifier.fit_transform] group_starts=[0]
[ 2020-03-24 17:40:36,251][cascade_classifier.fit_transform] group_ends=[354]
[ 2020-03-24 17:40:36,251][cascade_classifier.fit_transform] X_train.shape=(774, 354),X_test.shape=(87, 354)
[ 2020-03-24 17:40:36,257][cascade_classifier.fit_transform] [layer=0] look_indexs=[0], X_cur_train.shape=(774, 354), X_cur_test.shape=(87, 354)
[ 2020-03-24 17:40:37,697][kfold_wrapper.log_eval_metrics] Accuracy(layer_0 - estimator_0 - 3_folds.train_0.predict)=93.44%
[ 2020-03-24 17:40:39,414][kfold_wrapper.log_eval_metrics] Accuracy(layer_0 - estimator_0 - 3_folds.train_1.predict)=92.25%
[ 2020-03-24 17:40:41,119][kfold_wrapper.log_eval_metrics] Accuracy(layer_0 - estimator_0 - 3_folds.train_2.predict)=90.66%
[ 2020-03-24 17:40:41,334][kfold_wrapper.log_eval_metrics] Accuracy(layer_0 - estimator_0 - 3_folds.train_cv.predict)=92.12%
[ 2020-03-24 17:40:41,334][kfold_wrapper.log_eval_metrics] Accuracy(layer_0 - estimator_0 - 3_folds.test.predict)=89.66%
[ 2020-03-24 17:40:42,648][kfold_wrapper.log_eval_metrics] Accuracy(layer_0 - estimator_1 - 3_folds.train_0.predict)=91.51%
[ 2020-03-24 17:40:44,235][kfold_wrapper.log_eval_metrics] Accuracy(layer_0 - estimator_1 - 3_folds.train_1.predict)=93.80%
[ 2020-03-24 17:40:45,723][kfold_wrapper.log_eval_metrics] Accuracy(layer_0 - estimator_1 - 3_folds.train_2.predict)=91.05%
[ 2020-03-24 17:40:45,930][kfold_wrapper.log_eval_metrics] Accuracy(layer_0 - estimator_1 - 3_folds.train_cv.predict)=92.12%
[ 2020-03-24 17:40:45,931][kfold_wrapper.log_eval_metrics] Accuracy(layer_0 - estimator_1 - 3_folds.test.predict)=87.36%
[ 2020-03-24 17:40:46,945][kfold_wrapper.log_eval_metrics] Accuracy(layer_0 - estimator_2 - 3_folds.train_0.predict)=90.73%
[ 2020-03-24 17:40:48,530][kfold_wrapper.log_eval_metrics] Accuracy(layer_0 - estimator_2 - 3_folds.train_1.predict)=92.64%
[ 2020-03-24 17:40:50,125][kfold_wrapper.log_eval_metrics] Accuracy(layer_0 - estimator_2 - 3_folds.train_2.predict)=88.33%
[ 2020-03-24 17:40:50,127][kfold_wrapper.log_eval_metrics] Accuracy(layer_0 - estimator_2 - 3_folds.train_cv.predict)=90.57%
[ 2020-03-24 17:40:50,127][kfold_wrapper.log_eval_metrics] Accuracy(layer_0 - estimator_2 - 3_folds.test.predict)=89.66%
[ 2020-03-24 17:40:50,128][cascade_classifier.calc_accuracy] Accuracy(layer_0 - train.classifier_average)=91.60%
[ 2020-03-24 17:40:50,128][cascade_classifier.calc_accuracy] Accuracy(layer_0 - test.classifier_average)=89.66%
[ 2020-03-24 17:40:50,129][cascade_classifier.fit_transform] [layer=1] look_indexs=[0], X_cur_train.shape=(774, 360), X_cur_test.shape=(87, 360)
[ 2020-03-24 17:40:51,623][kfold_wrapper.log_eval_metrics] Accuracy(layer_1 - estimator_0 - 3_folds.train_0.predict)=90.35%
[ 2020-03-24 17:40:53,351][kfold_wrapper.log_eval_metrics] Accuracy(layer_1 - estimator_0 - 3_folds.train_1.predict)=91.86%
[ 2020-03-24 17:40:55,060][kfold_wrapper.log_eval_metrics] Accuracy(layer_1 - estimator_0 - 3_folds.train_2.predict)=92.22%
[ 2020-03-24 17:40:55,275][kfold_wrapper.log_eval_metrics] Accuracy(layer_1 - estimator_0 - 3_folds.train_cv.predict)=91.47%
[ 2020-03-24 17:40:55,275][kfold_wrapper.log_eval_metrics] Accuracy(layer_1 - estimator_0 - 3_folds.test.predict)=88.51%
[ 2020-03-24 17:40:56,691][kfold_wrapper.log_eval_metrics] Accuracy(layer_1 - estimator_1 - 3_folds.train_0.predict)=92.28%
[ 2020-03-24 17:40:58,213][kfold_wrapper.log_eval_metrics] Accuracy(layer_1 - estimator_1 - 3_folds.train_1.predict)=90.70%
[ 2020-03-24 17:41:00,058][kfold_wrapper.log_eval_metrics] Accuracy(layer_1 - estimator_1 - 3_folds.train_2.predict)=90.66%
[ 2020-03-24 17:41:00,267][kfold_wrapper.log_eval_metrics] Accuracy(layer_1 - estimator_1 - 3_folds.train_cv.predict)=91.21%
[ 2020-03-24 17:41:00,268][kfold_wrapper.log_eval_metrics] Accuracy(layer_1 - estimator_1 - 3_folds.test.predict)=88.51%
[ 2020-03-24 17:41:01,274][kfold_wrapper.log_eval_metrics] Accuracy(layer_1 - estimator_2 - 3_folds.train_0.predict)=93.82%
[ 2020-03-24 17:41:02,255][kfold_wrapper.log_eval_metrics] Accuracy(layer_1 - estimator_2 - 3_folds.train_1.predict)=87.60%
[ 2020-03-24 17:41:03,198][kfold_wrapper.log_eval_metrics] Accuracy(layer_1 - estimator_2 - 3_folds.train_2.predict)=89.88%
[ 2020-03-24 17:41:03,201][kfold_wrapper.log_eval_metrics] Accuracy(layer_1 - estimator_2 - 3_folds.train_cv.predict)=90.44%
[ 2020-03-24 17:41:03,201][kfold_wrapper.log_eval_metrics] Accuracy(layer_1 - estimator_2 - 3_folds.test.predict)=90.80%
[ 2020-03-24 17:41:03,201][cascade_classifier.calc_accuracy] Accuracy(layer_1 - train.classifier_average)=91.47%
[ 2020-03-24 17:41:03,202][cascade_classifier.calc_accuracy] Accuracy(layer_1 - test.classifier_average)=90.80%
[ 2020-03-24 17:41:03,204][cascade_classifier.fit_transform] [layer=2] look_indexs=[0], X_cur_train.shape=(774, 360), X_cur_test.shape=(87, 360)
[ 2020-03-24 17:41:04,742][kfold_wrapper.log_eval_metrics] Accuracy(layer_2 - estimator_0 - 3_folds.train_0.predict)=93.05%
[ 2020-03-24 17:41:06,492][kfold_wrapper.log_eval_metrics] Accuracy(layer_2 - estimator_0 - 3_folds.train_1.predict)=90.31%
[ 2020-03-24 17:41:08,156][kfold_wrapper.log_eval_metrics] Accuracy(layer_2 - estimator_0 - 3_folds.train_2.predict)=92.22%
[ 2020-03-24 17:41:08,362][kfold_wrapper.log_eval_metrics] Accuracy(layer_2 - estimator_0 - 3_folds.train_cv.predict)=91.86%
[ 2020-03-24 17:41:08,363][kfold_wrapper.log_eval_metrics] Accuracy(layer_2 - estimator_0 - 3_folds.test.predict)=88.51%
[ 2020-03-24 17:41:09,651][kfold_wrapper.log_eval_metrics] Accuracy(layer_2 - estimator_1 - 3_folds.train_0.predict)=92.28%
[ 2020-03-24 17:41:11,154][kfold_wrapper.log_eval_metrics] Accuracy(layer_2 - estimator_1 - 3_folds.train_1.predict)=93.41%
[ 2020-03-24 17:41:12,814][kfold_wrapper.log_eval_metrics] Accuracy(layer_2 - estimator_1 - 3_folds.train_2.predict)=91.05%
[ 2020-03-24 17:41:13,021][kfold_wrapper.log_eval_metrics] Accuracy(layer_2 - estimator_1 - 3_folds.train_cv.predict)=92.25%
[ 2020-03-24 17:41:13,022][kfold_wrapper.log_eval_metrics] Accuracy(layer_2 - estimator_1 - 3_folds.test.predict)=88.51%
[ 2020-03-24 17:41:14,044][kfold_wrapper.log_eval_metrics] Accuracy(layer_2 - estimator_2 - 3_folds.train_0.predict)=90.73%
[ 2020-03-24 17:41:15,123][kfold_wrapper.log_eval_metrics] Accuracy(layer_2 - estimator_2 - 3_folds.train_1.predict)=91.47%
[ 2020-03-24 17:41:16,003][kfold_wrapper.log_eval_metrics] Accuracy(layer_2 - estimator_2 - 3_folds.train_2.predict)=89.11%
[ 2020-03-24 17:41:16,006][kfold_wrapper.log_eval_metrics] Accuracy(layer_2 - estimator_2 - 3_folds.train_cv.predict)=90.44%
[ 2020-03-24 17:41:16,006][kfold_wrapper.log_eval_metrics] Accuracy(layer_2 - estimator_2 - 3_folds.test.predict)=87.36%
[ 2020-03-24 17:41:16,006][cascade_classifier.calc_accuracy] Accuracy(layer_2 - train.classifier_average)=91.21%
[ 2020-03-24 17:41:16,006][cascade_classifier.calc_accuracy] Accuracy(layer_2 - test.classifier_average)=89.66%
[ 2020-03-24 17:41:16,008][cascade_classifier.fit_transform] [layer=3] look_indexs=[0], X_cur_train.shape=(774, 360), X_cur_test.shape=(87, 360)
[ 2020-03-24 17:41:17,741][kfold_wrapper.log_eval_metrics] Accuracy(layer_3 - estimator_0 - 3_folds.train_0.predict)=93.44%
[ 2020-03-24 17:41:19,436][kfold_wrapper.log_eval_metrics] Accuracy(layer_3 - estimator_0 - 3_folds.train_1.predict)=90.70%
[ 2020-03-24 17:41:21,192][kfold_wrapper.log_eval_metrics] Accuracy(layer_3 - estimator_0 - 3_folds.train_2.predict)=89.88%
[ 2020-03-24 17:41:21,404][kfold_wrapper.log_eval_metrics] Accuracy(layer_3 - estimator_0 - 3_folds.train_cv.predict)=91.34%
[ 2020-03-24 17:41:21,405][kfold_wrapper.log_eval_metrics] Accuracy(layer_3 - estimator_0 - 3_folds.test.predict)=89.66%
[ 2020-03-24 17:41:22,728][kfold_wrapper.log_eval_metrics] Accuracy(layer_3 - estimator_1 - 3_folds.train_0.predict)=91.51%
[ 2020-03-24 17:41:24,343][kfold_wrapper.log_eval_metrics] Accuracy(layer_3 - estimator_1 - 3_folds.train_1.predict)=91.09%
[ 2020-03-24 17:41:25,846][kfold_wrapper.log_eval_metrics] Accuracy(layer_3 - estimator_1 - 3_folds.train_2.predict)=91.44%
[ 2020-03-24 17:41:26,054][kfold_wrapper.log_eval_metrics] Accuracy(layer_3 - estimator_1 - 3_folds.train_cv.predict)=91.34%
[ 2020-03-24 17:41:26,054][kfold_wrapper.log_eval_metrics] Accuracy(layer_3 - estimator_1 - 3_folds.test.predict)=87.36%
[ 2020-03-24 17:41:27,150][kfold_wrapper.log_eval_metrics] Accuracy(layer_3 - estimator_2 - 3_folds.train_0.predict)=89.19%
[ 2020-03-24 17:41:28,283][kfold_wrapper.log_eval_metrics] Accuracy(layer_3 - estimator_2 - 3_folds.train_1.predict)=90.70%
[ 2020-03-24 17:41:29,451][kfold_wrapper.log_eval_metrics] Accuracy(layer_3 - estimator_2 - 3_folds.train_2.predict)=92.22%
[ 2020-03-24 17:41:29,453][kfold_wrapper.log_eval_metrics] Accuracy(layer_3 - estimator_2 - 3_folds.train_cv.predict)=90.70%
[ 2020-03-24 17:41:29,453][kfold_wrapper.log_eval_metrics] Accuracy(layer_3 - estimator_2 - 3_folds.test.predict)=90.80%
[ 2020-03-24 17:41:29,454][cascade_classifier.calc_accuracy] Accuracy(layer_3 - train.classifier_average)=91.34%
[ 2020-03-24 17:41:29,454][cascade_classifier.calc_accuracy] Accuracy(layer_3 - test.classifier_average)=90.80%
[ 2020-03-24 17:41:29,454][cascade_classifier.fit_transform] [Result][Optimal Level Detected] opt_layer_num=1, accuracy_train=91.60%, accuracy_test=89.66%
[ 2020-03-24 17:41:29,470][cascade_classifier.transform] X_groups_test.shape=[(87, 354)]
[ 2020-03-24 17:41:29,470][cascade_classifier.transform] group_dims=[354]
[ 2020-03-24 17:41:29,470][cascade_classifier.transform] X_test.shape=(87, 354)
[ 2020-03-24 17:41:29,470][cascade_classifier.transform] [layer=0] look_indexs=[0], X_cur_test.shape=(87, 354)
[ 2020-03-24 17:41:30,735][cascade_classifier.transform] X_groups_test.shape=[(87, 354)]
[ 2020-03-24 17:41:30,735][cascade_classifier.transform] group_dims=[354]
[ 2020-03-24 17:41:30,735][cascade_classifier.transform] X_test.shape=(87, 354)
[ 2020-03-24 17:41:30,735][cascade_classifier.transform] [layer=0] look_indexs=[0], X_cur_test.shape=(87, 354)
[ 2020-03-24 17:41:32,386][cascade_classifier.fit_transform] X_groups_train.shape=[(774, 354)],y_train.shape=(774,),X_groups_test.shape=[(87, 354)],y_test.shape=(87,)
[ 2020-03-24 17:41:32,387][cascade_classifier.fit_transform] group_dims=[354]
[ 2020-03-24 17:41:32,394][cascade_classifier.fit_transform] group_starts=[0]
[ 2020-03-24 17:41:32,394][cascade_classifier.fit_transform] group_ends=[354]
[ 2020-03-24 17:41:32,394][cascade_classifier.fit_transform] X_train.shape=(774, 354),X_test.shape=(87, 354)
[ 2020-03-24 17:41:32,397][cascade_classifier.fit_transform] [layer=0] look_indexs=[0], X_cur_train.shape=(774, 354), X_cur_test.shape=(87, 354)
[ 2020-03-24 17:41:34,053][kfold_wrapper.log_eval_metrics] Accuracy(layer_0 - estimator_0 - 3_folds.train_0.predict)=91.12%
[ 2020-03-24 17:41:35,865][kfold_wrapper.log_eval_metrics] Accuracy(layer_0 - estimator_0 - 3_folds.train_1.predict)=91.09%
[ 2020-03-24 17:41:37,577][kfold_wrapper.log_eval_metrics] Accuracy(layer_0 - estimator_0 - 3_folds.train_2.predict)=92.61%
[ 2020-03-24 17:41:37,786][kfold_wrapper.log_eval_metrics] Accuracy(layer_0 - estimator_0 - 3_folds.train_cv.predict)=91.60%
[ 2020-03-24 17:41:37,786][kfold_wrapper.log_eval_metrics] Accuracy(layer_0 - estimator_0 - 3_folds.test.predict)=89.66%
[ 2020-03-24 17:41:39,190][kfold_wrapper.log_eval_metrics] Accuracy(layer_0 - estimator_1 - 3_folds.train_0.predict)=90.35%
[ 2020-03-24 17:41:40,908][kfold_wrapper.log_eval_metrics] Accuracy(layer_0 - estimator_1 - 3_folds.train_1.predict)=93.80%
[ 2020-03-24 17:41:42,482][kfold_wrapper.log_eval_metrics] Accuracy(layer_0 - estimator_1 - 3_folds.train_2.predict)=90.66%
[ 2020-03-24 17:41:42,688][kfold_wrapper.log_eval_metrics] Accuracy(layer_0 - estimator_1 - 3_folds.train_cv.predict)=91.60%
[ 2020-03-24 17:41:42,689][kfold_wrapper.log_eval_metrics] Accuracy(layer_0 - estimator_1 - 3_folds.test.predict)=88.51%
[ 2020-03-24 17:41:43,566][kfold_wrapper.log_eval_metrics] Accuracy(layer_0 - estimator_2 - 3_folds.train_0.predict)=89.96%
[ 2020-03-24 17:41:44,532][kfold_wrapper.log_eval_metrics] Accuracy(layer_0 - estimator_2 - 3_folds.train_1.predict)=91.47%
[ 2020-03-24 17:41:45,430][kfold_wrapper.log_eval_metrics] Accuracy(layer_0 - estimator_2 - 3_folds.train_2.predict)=91.83%
[ 2020-03-24 17:41:45,433][kfold_wrapper.log_eval_metrics] Accuracy(layer_0 - estimator_2 - 3_folds.train_cv.predict)=91.09%
[ 2020-03-24 17:41:45,433][kfold_wrapper.log_eval_metrics] Accuracy(layer_0 - estimator_2 - 3_folds.test.predict)=88.51%
[ 2020-03-24 17:41:45,433][cascade_classifier.calc_accuracy] Accuracy(layer_0 - train.classifier_average)=91.47%
[ 2020-03-24 17:41:45,434][cascade_classifier.calc_accuracy] Accuracy(layer_0 - test.classifier_average)=89.66%
[ 2020-03-24 17:41:45,439][cascade_classifier.fit_transform] [layer=1] look_indexs=[0], X_cur_train.shape=(774, 360), X_cur_test.shape=(87, 360)
[ 2020-03-24 17:41:46,873][kfold_wrapper.log_eval_metrics] Accuracy(layer_1 - estimator_0 - 3_folds.train_0.predict)=88.42%
[ 2020-03-24 17:41:48,641][kfold_wrapper.log_eval_metrics] Accuracy(layer_1 - estimator_0 - 3_folds.train_1.predict)=93.02%
[ 2020-03-24 17:41:50,422][kfold_wrapper.log_eval_metrics] Accuracy(layer_1 - estimator_0 - 3_folds.train_2.predict)=90.27%
[ 2020-03-24 17:41:50,635][kfold_wrapper.log_eval_metrics] Accuracy(layer_1 - estimator_0 - 3_folds.train_cv.predict)=90.57%
[ 2020-03-24 17:41:50,636][kfold_wrapper.log_eval_metrics] Accuracy(layer_1 - estimator_0 - 3_folds.test.predict)=89.66%
[ 2020-03-24 17:41:51,946][kfold_wrapper.log_eval_metrics] Accuracy(layer_1 - estimator_1 - 3_folds.train_0.predict)=91.89%
[ 2020-03-24 17:41:53,481][kfold_wrapper.log_eval_metrics] Accuracy(layer_1 - estimator_1 - 3_folds.train_1.predict)=90.31%
[ 2020-03-24 17:41:55,367][kfold_wrapper.log_eval_metrics] Accuracy(layer_1 - estimator_1 - 3_folds.train_2.predict)=92.22%
[ 2020-03-24 17:41:55,592][kfold_wrapper.log_eval_metrics] Accuracy(layer_1 - estimator_1 - 3_folds.train_cv.predict)=91.47%
[ 2020-03-24 17:41:55,593][kfold_wrapper.log_eval_metrics] Accuracy(layer_1 - estimator_1 - 3_folds.test.predict)=87.36%
[ 2020-03-24 17:41:56,583][kfold_wrapper.log_eval_metrics] Accuracy(layer_1 - estimator_2 - 3_folds.train_0.predict)=90.35%
[ 2020-03-24 17:41:57,489][kfold_wrapper.log_eval_metrics] Accuracy(layer_1 - estimator_2 - 3_folds.train_1.predict)=91.86%
[ 2020-03-24 17:41:58,444][kfold_wrapper.log_eval_metrics] Accuracy(layer_1 - estimator_2 - 3_folds.train_2.predict)=90.66%
[ 2020-03-24 17:41:58,452][kfold_wrapper.log_eval_metrics] Accuracy(layer_1 - estimator_2 - 3_folds.train_cv.predict)=90.96%
[ 2020-03-24 17:41:58,452][kfold_wrapper.log_eval_metrics] Accuracy(layer_1 - estimator_2 - 3_folds.test.predict)=90.80%
[ 2020-03-24 17:41:58,453][cascade_classifier.calc_accuracy] Accuracy(layer_1 - train.classifier_average)=91.47%
[ 2020-03-24 17:41:58,453][cascade_classifier.calc_accuracy] Accuracy(layer_1 - test.classifier_average)=90.80%
[ 2020-03-24 17:41:58,454][cascade_classifier.fit_transform] [layer=2] look_indexs=[0], X_cur_train.shape=(774, 360), X_cur_test.shape=(87, 360)
[ 2020-03-24 17:42:00,131][kfold_wrapper.log_eval_metrics] Accuracy(layer_2 - estimator_0 - 3_folds.train_0.predict)=93.82%
[ 2020-03-24 17:42:01,721][kfold_wrapper.log_eval_metrics] Accuracy(layer_2 - estimator_0 - 3_folds.train_1.predict)=92.25%
[ 2020-03-24 17:42:03,292][kfold_wrapper.log_eval_metrics] Accuracy(layer_2 - estimator_0 - 3_folds.train_2.predict)=89.88%
[ 2020-03-24 17:42:03,503][kfold_wrapper.log_eval_metrics] Accuracy(layer_2 - estimator_0 - 3_folds.train_cv.predict)=91.99%
[ 2020-03-24 17:42:03,504][kfold_wrapper.log_eval_metrics] Accuracy(layer_2 - estimator_0 - 3_folds.test.predict)=89.66%
[ 2020-03-24 17:42:04,770][kfold_wrapper.log_eval_metrics] Accuracy(layer_2 - estimator_1 - 3_folds.train_0.predict)=89.19%
