[ 2020-01-04 23:39:47,653][cascade_classifier.fit_transform] X_groups_train.shape=[(774, 339)],y_train.shape=(774,),X_groups_test.shape=[(87, 339)],y_test.shape=(87,)
[ 2020-01-04 23:39:47,655][cascade_classifier.fit_transform] group_dims=[339]
[ 2020-01-04 23:39:47,655][cascade_classifier.fit_transform] group_starts=[0]
[ 2020-01-04 23:39:47,655][cascade_classifier.fit_transform] group_ends=[339]
[ 2020-01-04 23:39:47,655][cascade_classifier.fit_transform] X_train.shape=(774, 339),X_test.shape=(87, 339)
[ 2020-01-04 23:39:47,657][cascade_classifier.fit_transform] [layer=0] look_indexs=[0], X_cur_train.shape=(774, 339), X_cur_test.shape=(87, 339)
[ 2020-01-04 23:39:56,807][kfold_wrapper.log_eval_metrics] Accuracy(layer_0 - estimator_0 - 3_folds.train_0.predict)=81.85%
[ 2020-01-04 23:40:07,270][kfold_wrapper.log_eval_metrics] Accuracy(layer_0 - estimator_0 - 3_folds.train_1.predict)=81.40%
[ 2020-01-04 23:40:17,720][kfold_wrapper.log_eval_metrics] Accuracy(layer_0 - estimator_0 - 3_folds.train_2.predict)=83.66%
[ 2020-01-04 23:40:18,856][kfold_wrapper.log_eval_metrics] Accuracy(layer_0 - estimator_0 - 3_folds.train_cv.predict)=82.30%
[ 2020-01-04 23:40:18,857][kfold_wrapper.log_eval_metrics] Accuracy(layer_0 - estimator_0 - 3_folds.test.predict)=80.46%
[ 2020-01-04 23:40:28,080][kfold_wrapper.log_eval_metrics] Accuracy(layer_0 - estimator_1 - 3_folds.train_0.predict)=81.85%
[ 2020-01-04 23:40:38,417][kfold_wrapper.log_eval_metrics] Accuracy(layer_0 - estimator_1 - 3_folds.train_1.predict)=82.56%
[ 2020-01-04 23:40:48,834][kfold_wrapper.log_eval_metrics] Accuracy(layer_0 - estimator_1 - 3_folds.train_2.predict)=82.49%
[ 2020-01-04 23:40:49,968][kfold_wrapper.log_eval_metrics] Accuracy(layer_0 - estimator_1 - 3_folds.train_cv.predict)=82.30%
[ 2020-01-04 23:40:49,969][kfold_wrapper.log_eval_metrics] Accuracy(layer_0 - estimator_1 - 3_folds.test.predict)=80.46%
[ 2020-01-04 23:40:53,058][kfold_wrapper.log_eval_metrics] Accuracy(layer_0 - estimator_2 - 3_folds.train_0.predict)=81.08%
[ 2020-01-04 23:40:56,080][kfold_wrapper.log_eval_metrics] Accuracy(layer_0 - estimator_2 - 3_folds.train_1.predict)=83.72%
[ 2020-01-04 23:40:58,908][kfold_wrapper.log_eval_metrics] Accuracy(layer_0 - estimator_2 - 3_folds.train_2.predict)=79.77%
[ 2020-01-04 23:40:58,910][kfold_wrapper.log_eval_metrics] Accuracy(layer_0 - estimator_2 - 3_folds.train_cv.predict)=81.52%
[ 2020-01-04 23:40:58,911][kfold_wrapper.log_eval_metrics] Accuracy(layer_0 - estimator_2 - 3_folds.test.predict)=75.86%
[ 2020-01-04 23:40:58,911][cascade_classifier.calc_accuracy] Accuracy(layer_0 - train.classifier_average)=83.20%
[ 2020-01-04 23:40:58,912][cascade_classifier.calc_accuracy] Accuracy(layer_0 - test.classifier_average)=77.01%
[ 2020-01-04 23:40:58,913][cascade_classifier.fit_transform] [layer=1] look_indexs=[0], X_cur_train.shape=(774, 345), X_cur_test.shape=(87, 345)
[ 2020-01-04 23:41:08,030][kfold_wrapper.log_eval_metrics] Accuracy(layer_1 - estimator_0 - 3_folds.train_0.predict)=82.63%
[ 2020-01-04 23:41:18,336][kfold_wrapper.log_eval_metrics] Accuracy(layer_1 - estimator_0 - 3_folds.train_1.predict)=78.29%
[ 2020-01-04 23:41:28,755][kfold_wrapper.log_eval_metrics] Accuracy(layer_1 - estimator_0 - 3_folds.train_2.predict)=86.77%
[ 2020-01-04 23:41:29,889][kfold_wrapper.log_eval_metrics] Accuracy(layer_1 - estimator_0 - 3_folds.train_cv.predict)=82.56%
[ 2020-01-04 23:41:29,890][kfold_wrapper.log_eval_metrics] Accuracy(layer_1 - estimator_0 - 3_folds.test.predict)=79.31%
[ 2020-01-04 23:41:39,179][kfold_wrapper.log_eval_metrics] Accuracy(layer_1 - estimator_1 - 3_folds.train_0.predict)=83.40%
[ 2020-01-04 23:41:49,397][kfold_wrapper.log_eval_metrics] Accuracy(layer_1 - estimator_1 - 3_folds.train_1.predict)=81.40%
[ 2020-01-04 23:41:59,720][kfold_wrapper.log_eval_metrics] Accuracy(layer_1 - estimator_1 - 3_folds.train_2.predict)=83.66%
[ 2020-01-04 23:42:00,867][kfold_wrapper.log_eval_metrics] Accuracy(layer_1 - estimator_1 - 3_folds.train_cv.predict)=82.82%
[ 2020-01-04 23:42:00,868][kfold_wrapper.log_eval_metrics] Accuracy(layer_1 - estimator_1 - 3_folds.test.predict)=77.01%
[ 2020-01-04 23:42:03,915][kfold_wrapper.log_eval_metrics] Accuracy(layer_1 - estimator_2 - 3_folds.train_0.predict)=79.92%
[ 2020-01-04 23:42:06,859][kfold_wrapper.log_eval_metrics] Accuracy(layer_1 - estimator_2 - 3_folds.train_1.predict)=81.01%
[ 2020-01-04 23:42:09,950][kfold_wrapper.log_eval_metrics] Accuracy(layer_1 - estimator_2 - 3_folds.train_2.predict)=79.38%
[ 2020-01-04 23:42:09,952][kfold_wrapper.log_eval_metrics] Accuracy(layer_1 - estimator_2 - 3_folds.train_cv.predict)=80.10%
[ 2020-01-04 23:42:09,952][kfold_wrapper.log_eval_metrics] Accuracy(layer_1 - estimator_2 - 3_folds.test.predict)=79.31%
[ 2020-01-04 23:42:09,953][cascade_classifier.calc_accuracy] Accuracy(layer_1 - train.classifier_average)=81.14%
[ 2020-01-04 23:42:09,953][cascade_classifier.calc_accuracy] Accuracy(layer_1 - test.classifier_average)=77.01%
[ 2020-01-04 23:42:09,955][cascade_classifier.fit_transform] [layer=2] look_indexs=[0], X_cur_train.shape=(774, 345), X_cur_test.shape=(87, 345)
[ 2020-01-04 23:42:19,077][kfold_wrapper.log_eval_metrics] Accuracy(layer_2 - estimator_0 - 3_folds.train_0.predict)=82.63%
[ 2020-01-04 23:42:29,438][kfold_wrapper.log_eval_metrics] Accuracy(layer_2 - estimator_0 - 3_folds.train_1.predict)=82.56%
[ 2020-01-04 23:42:39,753][kfold_wrapper.log_eval_metrics] Accuracy(layer_2 - estimator_0 - 3_folds.train_2.predict)=84.44%
[ 2020-01-04 23:42:40,886][kfold_wrapper.log_eval_metrics] Accuracy(layer_2 - estimator_0 - 3_folds.train_cv.predict)=83.20%
[ 2020-01-04 23:42:40,886][kfold_wrapper.log_eval_metrics] Accuracy(layer_2 - estimator_0 - 3_folds.test.predict)=77.01%
[ 2020-01-04 23:42:50,097][kfold_wrapper.log_eval_metrics] Accuracy(layer_2 - estimator_1 - 3_folds.train_0.predict)=86.10%
[ 2020-01-04 23:43:00,335][kfold_wrapper.log_eval_metrics] Accuracy(layer_2 - estimator_1 - 3_folds.train_1.predict)=80.62%
[ 2020-01-04 23:43:10,747][kfold_wrapper.log_eval_metrics] Accuracy(layer_2 - estimator_1 - 3_folds.train_2.predict)=80.93%
[ 2020-01-04 23:43:11,973][kfold_wrapper.log_eval_metrics] Accuracy(layer_2 - estimator_1 - 3_folds.train_cv.predict)=82.56%
[ 2020-01-04 23:43:11,973][kfold_wrapper.log_eval_metrics] Accuracy(layer_2 - estimator_1 - 3_folds.test.predict)=77.01%
[ 2020-01-04 23:43:14,968][kfold_wrapper.log_eval_metrics] Accuracy(layer_2 - estimator_2 - 3_folds.train_0.predict)=80.69%
[ 2020-01-04 23:43:18,051][kfold_wrapper.log_eval_metrics] Accuracy(layer_2 - estimator_2 - 3_folds.train_1.predict)=80.62%
[ 2020-01-04 23:43:21,037][kfold_wrapper.log_eval_metrics] Accuracy(layer_2 - estimator_2 - 3_folds.train_2.predict)=84.44%
[ 2020-01-04 23:43:21,045][kfold_wrapper.log_eval_metrics] Accuracy(layer_2 - estimator_2 - 3_folds.train_cv.predict)=81.91%
[ 2020-01-04 23:43:21,046][kfold_wrapper.log_eval_metrics] Accuracy(layer_2 - estimator_2 - 3_folds.test.predict)=79.31%
[ 2020-01-04 23:43:21,046][cascade_classifier.calc_accuracy] Accuracy(layer_2 - train.classifier_average)=82.69%
[ 2020-01-04 23:43:21,046][cascade_classifier.calc_accuracy] Accuracy(layer_2 - test.classifier_average)=77.01%
[ 2020-01-04 23:43:21,048][cascade_classifier.fit_transform] [layer=3] look_indexs=[0], X_cur_train.shape=(774, 345), X_cur_test.shape=(87, 345)
[ 2020-01-04 23:43:30,212][kfold_wrapper.log_eval_metrics] Accuracy(layer_3 - estimator_0 - 3_folds.train_0.predict)=81.47%
[ 2020-01-04 23:43:40,417][kfold_wrapper.log_eval_metrics] Accuracy(layer_3 - estimator_0 - 3_folds.train_1.predict)=81.40%
[ 2020-01-04 23:43:50,794][kfold_wrapper.log_eval_metrics] Accuracy(layer_3 - estimator_0 - 3_folds.train_2.predict)=83.27%
[ 2020-01-04 23:43:51,932][kfold_wrapper.log_eval_metrics] Accuracy(layer_3 - estimator_0 - 3_folds.train_cv.predict)=82.04%
[ 2020-01-04 23:43:51,933][kfold_wrapper.log_eval_metrics] Accuracy(layer_3 - estimator_0 - 3_folds.test.predict)=77.01%
[ 2020-01-04 23:44:01,149][kfold_wrapper.log_eval_metrics] Accuracy(layer_3 - estimator_1 - 3_folds.train_0.predict)=84.56%
[ 2020-01-04 23:44:11,432][kfold_wrapper.log_eval_metrics] Accuracy(layer_3 - estimator_1 - 3_folds.train_1.predict)=81.78%
[ 2020-01-04 23:44:21,872][kfold_wrapper.log_eval_metrics] Accuracy(layer_3 - estimator_1 - 3_folds.train_2.predict)=81.71%
[ 2020-01-04 23:44:23,101][kfold_wrapper.log_eval_metrics] Accuracy(layer_3 - estimator_1 - 3_folds.train_cv.predict)=82.69%
[ 2020-01-04 23:44:23,102][kfold_wrapper.log_eval_metrics] Accuracy(layer_3 - estimator_1 - 3_folds.test.predict)=77.01%
[ 2020-01-04 23:44:26,094][kfold_wrapper.log_eval_metrics] Accuracy(layer_3 - estimator_2 - 3_folds.train_0.predict)=77.99%
[ 2020-01-04 23:44:29,193][kfold_wrapper.log_eval_metrics] Accuracy(layer_3 - estimator_2 - 3_folds.train_1.predict)=81.01%
[ 2020-01-04 23:44:32,212][kfold_wrapper.log_eval_metrics] Accuracy(layer_3 - estimator_2 - 3_folds.train_2.predict)=81.71%
[ 2020-01-04 23:44:32,214][kfold_wrapper.log_eval_metrics] Accuracy(layer_3 - estimator_2 - 3_folds.train_cv.predict)=80.23%
[ 2020-01-04 23:44:32,214][kfold_wrapper.log_eval_metrics] Accuracy(layer_3 - estimator_2 - 3_folds.test.predict)=78.16%
[ 2020-01-04 23:44:32,215][cascade_classifier.calc_accuracy] Accuracy(layer_3 - train.classifier_average)=81.65%
[ 2020-01-04 23:44:32,215][cascade_classifier.calc_accuracy] Accuracy(layer_3 - test.classifier_average)=78.16%
[ 2020-01-04 23:44:32,215][cascade_classifier.fit_transform] [Result][Optimal Level Detected] opt_layer_num=1, accuracy_train=83.20%, accuracy_test=77.01%
[ 2020-01-04 23:44:32,309][cascade_classifier.transform] X_groups_test.shape=[(87, 339)]
[ 2020-01-04 23:44:32,309][cascade_classifier.transform] group_dims=[339]
[ 2020-01-04 23:44:32,309][cascade_classifier.transform] X_test.shape=(87, 339)
[ 2020-01-04 23:44:32,310][cascade_classifier.transform] [layer=0] look_indexs=[0], X_cur_test.shape=(87, 339)
[ 2020-01-04 23:44:39,246][cascade_classifier.transform] X_groups_test.shape=[(87, 339)]
[ 2020-01-04 23:44:39,246][cascade_classifier.transform] group_dims=[339]
[ 2020-01-04 23:44:39,246][cascade_classifier.transform] X_test.shape=(87, 339)
[ 2020-01-04 23:44:39,247][cascade_classifier.transform] [layer=0] look_indexs=[0], X_cur_test.shape=(87, 339)
[ 2020-01-04 23:45:26,908][cascade_classifier.fit_transform] X_groups_train.shape=[(774, 339)],y_train.shape=(774,),X_groups_test.shape=[(87, 339)],y_test.shape=(87,)
[ 2020-01-04 23:45:26,909][cascade_classifier.fit_transform] group_dims=[339]
[ 2020-01-04 23:45:26,909][cascade_classifier.fit_transform] group_starts=[0]
[ 2020-01-04 23:45:26,909][cascade_classifier.fit_transform] group_ends=[339]
[ 2020-01-04 23:45:26,909][cascade_classifier.fit_transform] X_train.shape=(774, 339),X_test.shape=(87, 339)
[ 2020-01-04 23:45:26,911][cascade_classifier.fit_transform] [layer=0] look_indexs=[0], X_cur_train.shape=(774, 339), X_cur_test.shape=(87, 339)
[ 2020-01-04 23:45:36,571][kfold_wrapper.log_eval_metrics] Accuracy(layer_0 - estimator_0 - 3_folds.train_0.predict)=81.47%
[ 2020-01-04 23:45:47,390][kfold_wrapper.log_eval_metrics] Accuracy(layer_0 - estimator_0 - 3_folds.train_1.predict)=81.01%
[ 2020-01-04 23:45:57,680][kfold_wrapper.log_eval_metrics] Accuracy(layer_0 - estimator_0 - 3_folds.train_2.predict)=85.60%
[ 2020-01-04 23:45:58,815][kfold_wrapper.log_eval_metrics] Accuracy(layer_0 - estimator_0 - 3_folds.train_cv.predict)=82.69%
[ 2020-01-04 23:45:58,816][kfold_wrapper.log_eval_metrics] Accuracy(layer_0 - estimator_0 - 3_folds.test.predict)=78.16%
[ 2020-01-04 23:46:08,141][kfold_wrapper.log_eval_metrics] Accuracy(layer_0 - estimator_1 - 3_folds.train_0.predict)=79.92%
[ 2020-01-04 23:46:18,652][kfold_wrapper.log_eval_metrics] Accuracy(layer_0 - estimator_1 - 3_folds.train_1.predict)=84.88%
[ 2020-01-04 23:46:29,069][kfold_wrapper.log_eval_metrics] Accuracy(layer_0 - estimator_1 - 3_folds.train_2.predict)=82.88%
[ 2020-01-04 23:46:30,214][kfold_wrapper.log_eval_metrics] Accuracy(layer_0 - estimator_1 - 3_folds.train_cv.predict)=82.56%
[ 2020-01-04 23:46:30,215][kfold_wrapper.log_eval_metrics] Accuracy(layer_0 - estimator_1 - 3_folds.test.predict)=78.16%
[ 2020-01-04 23:46:33,187][kfold_wrapper.log_eval_metrics] Accuracy(layer_0 - estimator_2 - 3_folds.train_0.predict)=82.24%
[ 2020-01-04 23:46:36,345][kfold_wrapper.log_eval_metrics] Accuracy(layer_0 - estimator_2 - 3_folds.train_1.predict)=83.72%
[ 2020-01-04 23:46:39,559][kfold_wrapper.log_eval_metrics] Accuracy(layer_0 - estimator_2 - 3_folds.train_2.predict)=78.21%
[ 2020-01-04 23:46:39,562][kfold_wrapper.log_eval_metrics] Accuracy(layer_0 - estimator_2 - 3_folds.train_cv.predict)=81.40%
[ 2020-01-04 23:46:39,563][kfold_wrapper.log_eval_metrics] Accuracy(layer_0 - estimator_2 - 3_folds.test.predict)=73.56%
[ 2020-01-04 23:46:39,563][cascade_classifier.calc_accuracy] Accuracy(layer_0 - train.classifier_average)=81.91%
[ 2020-01-04 23:46:39,563][cascade_classifier.calc_accuracy] Accuracy(layer_0 - test.classifier_average)=74.71%
[ 2020-01-04 23:46:39,565][cascade_classifier.fit_transform] [layer=1] look_indexs=[0], X_cur_train.shape=(774, 345), X_cur_test.shape=(87, 345)
[ 2020-01-04 23:46:48,826][kfold_wrapper.log_eval_metrics] Accuracy(layer_1 - estimator_0 - 3_folds.train_0.predict)=83.78%
[ 2020-01-04 23:46:59,382][kfold_wrapper.log_eval_metrics] Accuracy(layer_1 - estimator_0 - 3_folds.train_1.predict)=82.17%
[ 2020-01-04 23:47:09,734][kfold_wrapper.log_eval_metrics] Accuracy(layer_1 - estimator_0 - 3_folds.train_2.predict)=79.77%
[ 2020-01-04 23:47:10,868][kfold_wrapper.log_eval_metrics] Accuracy(layer_1 - estimator_0 - 3_folds.train_cv.predict)=81.91%
[ 2020-01-04 23:47:10,874][kfold_wrapper.log_eval_metrics] Accuracy(layer_1 - estimator_0 - 3_folds.test.predict)=75.86%
[ 2020-01-04 23:47:20,489][kfold_wrapper.log_eval_metrics] Accuracy(layer_1 - estimator_1 - 3_folds.train_0.predict)=83.40%
[ 2020-01-04 23:47:30,873][kfold_wrapper.log_eval_metrics] Accuracy(layer_1 - estimator_1 - 3_folds.train_1.predict)=84.88%
[ 2020-01-04 23:47:41,414][kfold_wrapper.log_eval_metrics] Accuracy(layer_1 - estimator_1 - 3_folds.train_2.predict)=78.60%
[ 2020-01-04 23:47:42,567][kfold_wrapper.log_eval_metrics] Accuracy(layer_1 - estimator_1 - 3_folds.train_cv.predict)=82.30%
[ 2020-01-04 23:47:42,567][kfold_wrapper.log_eval_metrics] Accuracy(layer_1 - estimator_1 - 3_folds.test.predict)=74.71%
[ 2020-01-04 23:47:45,638][kfold_wrapper.log_eval_metrics] Accuracy(layer_1 - estimator_2 - 3_folds.train_0.predict)=82.63%
[ 2020-01-04 23:47:48,754][kfold_wrapper.log_eval_metrics] Accuracy(layer_1 - estimator_2 - 3_folds.train_1.predict)=81.78%
[ 2020-01-04 23:47:51,591][kfold_wrapper.log_eval_metrics] Accuracy(layer_1 - estimator_2 - 3_folds.train_2.predict)=80.93%
[ 2020-01-04 23:47:51,594][kfold_wrapper.log_eval_metrics] Accuracy(layer_1 - estimator_2 - 3_folds.train_cv.predict)=81.78%
[ 2020-01-04 23:47:51,594][kfold_wrapper.log_eval_metrics] Accuracy(layer_1 - estimator_2 - 3_folds.test.predict)=73.56%
[ 2020-01-04 23:47:51,594][cascade_classifier.calc_accuracy] Accuracy(layer_1 - train.classifier_average)=83.07%
[ 2020-01-04 23:47:51,595][cascade_classifier.calc_accuracy] Accuracy(layer_1 - test.classifier_average)=77.01%
[ 2020-01-04 23:47:51,597][cascade_classifier.fit_transform] [layer=2] look_indexs=[0], X_cur_train.shape=(774, 345), X_cur_test.shape=(87, 345)
[ 2020-01-04 23:48:00,789][kfold_wrapper.log_eval_metrics] Accuracy(layer_2 - estimator_0 - 3_folds.train_0.predict)=83.01%
[ 2020-01-04 23:48:11,110][kfold_wrapper.log_eval_metrics] Accuracy(layer_2 - estimator_0 - 3_folds.train_1.predict)=81.78%
[ 2020-01-04 23:48:21,542][kfold_wrapper.log_eval_metrics] Accuracy(layer_2 - estimator_0 - 3_folds.train_2.predict)=81.71%
[ 2020-01-04 23:48:22,696][kfold_wrapper.log_eval_metrics] Accuracy(layer_2 - estimator_0 - 3_folds.train_cv.predict)=82.17%
[ 2020-01-04 23:48:22,697][kfold_wrapper.log_eval_metrics] Accuracy(layer_2 - estimator_0 - 3_folds.test.predict)=77.01%
[ 2020-01-04 23:48:31,892][kfold_wrapper.log_eval_metrics] Accuracy(layer_2 - estimator_1 - 3_folds.train_0.predict)=83.01%
[ 2020-01-04 23:48:42,367][kfold_wrapper.log_eval_metrics] Accuracy(layer_2 - estimator_1 - 3_folds.train_1.predict)=82.17%
[ 2020-01-04 23:48:52,805][kfold_wrapper.log_eval_metrics] Accuracy(layer_2 - estimator_1 - 3_folds.train_2.predict)=84.44%
[ 2020-01-04 23:48:53,953][kfold_wrapper.log_eval_metrics] Accuracy(layer_2 - estimator_1 - 3_folds.train_cv.predict)=83.20%
[ 2020-01-04 23:48:53,954][kfold_wrapper.log_eval_metrics] Accuracy(layer_2 - estimator_1 - 3_folds.test.predict)=75.86%
[ 2020-01-04 23:48:57,006][kfold_wrapper.log_eval_metrics] Accuracy(layer_2 - estimator_2 - 3_folds.train_0.predict)=78.76%
[ 2020-01-04 23:48:59,861][kfold_wrapper.log_eval_metrics] Accuracy(layer_2 - estimator_2 - 3_folds.train_1.predict)=84.11%
[ 2020-01-04 23:49:02,964][kfold_wrapper.log_eval_metrics] Accuracy(layer_2 - estimator_2 - 3_folds.train_2.predict)=83.27%
[ 2020-01-04 23:49:02,967][kfold_wrapper.log_eval_metrics] Accuracy(layer_2 - estimator_2 - 3_folds.train_cv.predict)=82.04%
[ 2020-01-04 23:49:02,967][kfold_wrapper.log_eval_metrics] Accuracy(layer_2 - estimator_2 - 3_folds.test.predict)=72.41%
[ 2020-01-04 23:49:02,967][cascade_classifier.calc_accuracy] Accuracy(layer_2 - train.classifier_average)=82.04%
[ 2020-01-04 23:49:02,967][cascade_classifier.calc_accuracy] Accuracy(layer_2 - test.classifier_average)=73.56%
[ 2020-01-04 23:49:02,969][cascade_classifier.fit_transform] [layer=3] look_indexs=[0], X_cur_train.shape=(774, 345), X_cur_test.shape=(87, 345)
[ 2020-01-04 23:49:12,164][kfold_wrapper.log_eval_metrics] Accuracy(layer_3 - estimator_0 - 3_folds.train_0.predict)=83.01%
[ 2020-01-04 23:49:22,582][kfold_wrapper.log_eval_metrics] Accuracy(layer_3 - estimator_0 - 3_folds.train_1.predict)=81.78%
[ 2020-01-04 23:49:32,905][kfold_wrapper.log_eval_metrics] Accuracy(layer_3 - estimator_0 - 3_folds.train_2.predict)=82.10%
[ 2020-01-04 23:49:34,130][kfold_wrapper.log_eval_metrics] Accuracy(layer_3 - estimator_0 - 3_folds.train_cv.predict)=82.30%
[ 2020-01-04 23:49:34,131][kfold_wrapper.log_eval_metrics] Accuracy(layer_3 - estimator_0 - 3_folds.test.predict)=74.71%
[ 2020-01-04 23:49:43,384][kfold_wrapper.log_eval_metrics] Accuracy(layer_3 - estimator_1 - 3_folds.train_0.predict)=84.17%
[ 2020-01-04 23:49:53,837][kfold_wrapper.log_eval_metrics] Accuracy(layer_3 - estimator_1 - 3_folds.train_1.predict)=82.56%
[ 2020-01-04 23:50:04,074][kfold_wrapper.log_eval_metrics] Accuracy(layer_3 - estimator_1 - 3_folds.train_2.predict)=82.49%
[ 2020-01-04 23:50:05,302][kfold_wrapper.log_eval_metrics] Accuracy(layer_3 - estimator_1 - 3_folds.train_cv.predict)=83.07%
[ 2020-01-04 23:50:05,302][kfold_wrapper.log_eval_metrics] Accuracy(layer_3 - estimator_1 - 3_folds.test.predict)=74.71%
[ 2020-01-04 23:50:08,369][kfold_wrapper.log_eval_metrics] Accuracy(layer_3 - estimator_2 - 3_folds.train_0.predict)=86.10%
[ 2020-01-04 23:50:11,260][kfold_wrapper.log_eval_metrics] Accuracy(layer_3 - estimator_2 - 3_folds.train_1.predict)=78.68%
[ 2020-01-04 23:50:14,285][kfold_wrapper.log_eval_metrics] Accuracy(layer_3 - estimator_2 - 3_folds.train_2.predict)=84.05%
[ 2020-01-04 23:50:14,287][kfold_wrapper.log_eval_metrics] Accuracy(layer_3 - estimator_2 - 3_folds.train_cv.predict)=82.95%
[ 2020-01-04 23:50:14,287][kfold_wrapper.log_eval_metrics] Accuracy(layer_3 - estimator_2 - 3_folds.test.predict)=77.01%
[ 2020-01-04 23:50:14,288][cascade_classifier.calc_accuracy] Accuracy(layer_3 - train.classifier_average)=82.69%
[ 2020-01-04 23:50:14,288][cascade_classifier.calc_accuracy] Accuracy(layer_3 - test.classifier_average)=78.16%
[ 2020-01-04 23:50:14,289][cascade_classifier.fit_transform] [layer=4] look_indexs=[0], X_cur_train.shape=(774, 345), X_cur_test.shape=(87, 345)
[ 2020-01-04 23:50:23,491][kfold_wrapper.log_eval_metrics] Accuracy(layer_4 - estimator_0 - 3_folds.train_0.predict)=81.47%
[ 2020-01-04 23:50:33,901][kfold_wrapper.log_eval_metrics] Accuracy(layer_4 - estimator_0 - 3_folds.train_1.predict)=82.56%
[ 2020-01-04 23:50:44,487][kfold_wrapper.log_eval_metrics] Accuracy(layer_4 - estimator_0 - 3_folds.train_2.predict)=84.44%
[ 2020-01-04 23:50:45,635][kfold_wrapper.log_eval_metrics] Accuracy(layer_4 - estimator_0 - 3_folds.train_cv.predict)=82.82%
[ 2020-01-04 23:50:45,636][kfold_wrapper.log_eval_metrics] Accuracy(layer_4 - estimator_0 - 3_folds.test.predict)=74.71%
[ 2020-01-04 23:50:54,889][kfold_wrapper.log_eval_metrics] Accuracy(layer_4 - estimator_1 - 3_folds.train_0.predict)=83.78%
[ 2020-01-04 23:51:05,296][kfold_wrapper.log_eval_metrics] Accuracy(layer_4 - estimator_1 - 3_folds.train_1.predict)=82.95%
[ 2020-01-04 23:51:15,724][kfold_wrapper.log_eval_metrics] Accuracy(layer_4 - estimator_1 - 3_folds.train_2.predict)=80.16%
[ 2020-01-04 23:51:16,853][kfold_wrapper.log_eval_metrics] Accuracy(layer_4 - estimator_1 - 3_folds.train_cv.predict)=82.30%
[ 2020-01-04 23:51:16,853][kfold_wrapper.log_eval_metrics] Accuracy(layer_4 - estimator_1 - 3_folds.test.predict)=75.86%
[ 2020-01-04 23:51:20,224][kfold_wrapper.log_eval_metrics] Accuracy(layer_4 - estimator_2 - 3_folds.train_0.predict)=83.78%
[ 2020-01-04 23:51:23,334][kfold_wrapper.log_eval_metrics] Accuracy(layer_4 - estimator_2 - 3_folds.train_1.predict)=81.01%
[ 2020-01-04 23:51:26,443][kfold_wrapper.log_eval_metrics] Accuracy(layer_4 - estimator_2 - 3_folds.train_2.predict)=82.10%
[ 2020-01-04 23:51:26,447][kfold_wrapper.log_eval_metrics] Accuracy(layer_4 - estimator_2 - 3_folds.train_cv.predict)=82.30%
[ 2020-01-04 23:51:26,447][kfold_wrapper.log_eval_metrics] Accuracy(layer_4 - estimator_2 - 3_folds.test.predict)=79.31%
[ 2020-01-04 23:51:26,447][cascade_classifier.calc_accuracy] Accuracy(layer_4 - train.classifier_average)=82.04%
[ 2020-01-04 23:51:26,448][cascade_classifier.calc_accuracy] Accuracy(layer_4 - test.classifier_average)=78.16%
[ 2020-01-04 23:51:26,448][cascade_classifier.fit_transform] [Result][Optimal Level Detected] opt_layer_num=2, accuracy_train=83.07%, accuracy_test=77.01%
[ 2020-01-04 23:51:26,536][cascade_classifier.transform] X_groups_test.shape=[(87, 339)]
[ 2020-01-04 23:51:26,536][cascade_classifier.transform] group_dims=[339]
[ 2020-01-04 23:51:26,537][cascade_classifier.transform] X_test.shape=(87, 339)
[ 2020-01-04 23:51:26,537][cascade_classifier.transform] [layer=0] look_indexs=[0], X_cur_test.shape=(87, 339)
[ 2020-01-04 23:51:33,448][cascade_classifier.transform] [layer=1] look_indexs=[0], X_cur_test.shape=(87, 345)
[ 2020-01-04 23:51:40,479][cascade_classifier.transform] X_groups_test.shape=[(87, 339)]
[ 2020-01-04 23:51:40,479][cascade_classifier.transform] group_dims=[339]
[ 2020-01-04 23:51:40,479][cascade_classifier.transform] X_test.shape=(87, 339)
[ 2020-01-04 23:51:40,479][cascade_classifier.transform] [layer=0] look_indexs=[0], X_cur_test.shape=(87, 339)
[ 2020-01-04 23:51:47,401][cascade_classifier.transform] [layer=1] look_indexs=[0], X_cur_test.shape=(87, 345)
[ 2020-01-04 23:53:12,958][cascade_classifier.fit_transform] X_groups_train.shape=[(774, 339)],y_train.shape=(774,),X_groups_test.shape=[(87, 339)],y_test.shape=(87,)
[ 2020-01-04 23:53:12,959][cascade_classifier.fit_transform] group_dims=[339]
[ 2020-01-04 23:53:12,960][cascade_classifier.fit_transform] group_starts=[0]
[ 2020-01-04 23:53:12,960][cascade_classifier.fit_transform] group_ends=[339]
[ 2020-01-04 23:53:12,960][cascade_classifier.fit_transform] X_train.shape=(774, 339),X_test.shape=(87, 339)
[ 2020-01-04 23:53:12,962][cascade_classifier.fit_transform] [layer=0] look_indexs=[0], X_cur_train.shape=(774, 339), X_cur_test.shape=(87, 339)
[ 2020-01-04 23:53:22,335][kfold_wrapper.log_eval_metrics] Accuracy(layer_0 - estimator_0 - 3_folds.train_0.predict)=81.40%
[ 2020-01-04 23:53:32,949][kfold_wrapper.log_eval_metrics] Accuracy(layer_0 - estimator_0 - 3_folds.train_1.predict)=85.27%
[ 2020-01-04 23:53:43,435][kfold_wrapper.log_eval_metrics] Accuracy(layer_0 - estimator_0 - 3_folds.train_2.predict)=78.68%
