[ 2020-07-08 15:43:27,561][cascade_classifier.fit_transform] X_groups_train.shape=[(774, 354)],y_train.shape=(774,),X_groups_test.shape=[(87, 354)],y_test.shape=(87,)
[ 2020-07-08 15:43:27,561][cascade_classifier.fit_transform] group_dims=[354]
[ 2020-07-08 15:43:27,561][cascade_classifier.fit_transform] group_starts=[0]
[ 2020-07-08 15:43:27,561][cascade_classifier.fit_transform] group_ends=[354]
[ 2020-07-08 15:43:27,561][cascade_classifier.fit_transform] X_train.shape=(774, 354),X_test.shape=(87, 354)
[ 2020-07-08 15:43:27,561][cascade_classifier.fit_transform] [layer=0] look_indexs=[0], X_cur_train.shape=(774, 354), X_cur_test.shape=(87, 354)
[ 2020-07-08 15:43:30,332][kfold_wrapper.log_eval_metrics] Accuracy(layer_0 - estimator_0 - 3_folds.train_0.predict)=90.35%
[ 2020-07-08 15:43:33,257][kfold_wrapper.log_eval_metrics] Accuracy(layer_0 - estimator_0 - 3_folds.train_1.predict)=89.92%
[ 2020-07-08 15:43:36,197][kfold_wrapper.log_eval_metrics] Accuracy(layer_0 - estimator_0 - 3_folds.train_2.predict)=92.22%
[ 2020-07-08 15:43:36,417][kfold_wrapper.log_eval_metrics] Accuracy(layer_0 - estimator_0 - 3_folds.train_cv.predict)=90.83%
[ 2020-07-08 15:43:36,417][kfold_wrapper.log_eval_metrics] Accuracy(layer_0 - estimator_0 - 3_folds.test.predict)=94.25%
[ 2020-07-08 15:43:38,840][kfold_wrapper.log_eval_metrics] Accuracy(layer_0 - estimator_1 - 3_folds.train_0.predict)=92.28%
[ 2020-07-08 15:43:42,201][kfold_wrapper.log_eval_metrics] Accuracy(layer_0 - estimator_1 - 3_folds.train_1.predict)=87.21%
[ 2020-07-08 15:43:45,168][kfold_wrapper.log_eval_metrics] Accuracy(layer_0 - estimator_1 - 3_folds.train_2.predict)=89.88%
[ 2020-07-08 15:43:45,391][kfold_wrapper.log_eval_metrics] Accuracy(layer_0 - estimator_1 - 3_folds.train_cv.predict)=89.79%
[ 2020-07-08 15:43:45,391][kfold_wrapper.log_eval_metrics] Accuracy(layer_0 - estimator_1 - 3_folds.test.predict)=94.25%
[ 2020-07-08 15:43:46,532][kfold_wrapper.log_eval_metrics] Accuracy(layer_0 - estimator_2 - 3_folds.train_0.predict)=88.80%
[ 2020-07-08 15:43:47,595][kfold_wrapper.log_eval_metrics] Accuracy(layer_0 - estimator_2 - 3_folds.train_1.predict)=92.25%
[ 2020-07-08 15:43:48,532][kfold_wrapper.log_eval_metrics] Accuracy(layer_0 - estimator_2 - 3_folds.train_2.predict)=89.49%
[ 2020-07-08 15:43:48,532][kfold_wrapper.log_eval_metrics] Accuracy(layer_0 - estimator_2 - 3_folds.train_cv.predict)=90.18%
[ 2020-07-08 15:43:48,532][kfold_wrapper.log_eval_metrics] Accuracy(layer_0 - estimator_2 - 3_folds.test.predict)=94.25%
[ 2020-07-08 15:43:48,532][cascade_classifier.calc_accuracy] Accuracy(layer_0 - train.classifier_average)=91.21%
[ 2020-07-08 15:43:48,532][cascade_classifier.calc_accuracy] Accuracy(layer_0 - test.classifier_average)=95.40%
[ 2020-07-08 15:43:48,532][cascade_classifier.fit_transform] [layer=1] look_indexs=[0], X_cur_train.shape=(774, 360), X_cur_test.shape=(87, 360)
[ 2020-07-08 15:43:51,277][kfold_wrapper.log_eval_metrics] Accuracy(layer_1 - estimator_0 - 3_folds.train_0.predict)=93.05%
[ 2020-07-08 15:43:54,246][kfold_wrapper.log_eval_metrics] Accuracy(layer_1 - estimator_0 - 3_folds.train_1.predict)=88.37%
[ 2020-07-08 15:43:57,227][kfold_wrapper.log_eval_metrics] Accuracy(layer_1 - estimator_0 - 3_folds.train_2.predict)=92.22%
[ 2020-07-08 15:43:57,447][kfold_wrapper.log_eval_metrics] Accuracy(layer_1 - estimator_0 - 3_folds.train_cv.predict)=91.21%
[ 2020-07-08 15:43:57,447][kfold_wrapper.log_eval_metrics] Accuracy(layer_1 - estimator_0 - 3_folds.test.predict)=95.40%
[ 2020-07-08 15:43:59,869][kfold_wrapper.log_eval_metrics] Accuracy(layer_1 - estimator_1 - 3_folds.train_0.predict)=91.51%
[ 2020-07-08 15:44:02,388][kfold_wrapper.log_eval_metrics] Accuracy(layer_1 - estimator_1 - 3_folds.train_1.predict)=89.92%
[ 2020-07-08 15:44:04,920][kfold_wrapper.log_eval_metrics] Accuracy(layer_1 - estimator_1 - 3_folds.train_2.predict)=91.05%
[ 2020-07-08 15:44:05,249][kfold_wrapper.log_eval_metrics] Accuracy(layer_1 - estimator_1 - 3_folds.train_cv.predict)=90.83%
[ 2020-07-08 15:44:05,249][kfold_wrapper.log_eval_metrics] Accuracy(layer_1 - estimator_1 - 3_folds.test.predict)=94.25%
[ 2020-07-08 15:44:06,217][kfold_wrapper.log_eval_metrics] Accuracy(layer_1 - estimator_2 - 3_folds.train_0.predict)=91.12%
[ 2020-07-08 15:44:07,250][kfold_wrapper.log_eval_metrics] Accuracy(layer_1 - estimator_2 - 3_folds.train_1.predict)=89.53%
[ 2020-07-08 15:44:08,186][kfold_wrapper.log_eval_metrics] Accuracy(layer_1 - estimator_2 - 3_folds.train_2.predict)=89.49%
[ 2020-07-08 15:44:08,186][kfold_wrapper.log_eval_metrics] Accuracy(layer_1 - estimator_2 - 3_folds.train_cv.predict)=90.05%
[ 2020-07-08 15:44:08,186][kfold_wrapper.log_eval_metrics] Accuracy(layer_1 - estimator_2 - 3_folds.test.predict)=95.40%
[ 2020-07-08 15:44:08,186][cascade_classifier.calc_accuracy] Accuracy(layer_1 - train.classifier_average)=91.09%
[ 2020-07-08 15:44:08,186][cascade_classifier.calc_accuracy] Accuracy(layer_1 - test.classifier_average)=95.40%
[ 2020-07-08 15:44:08,202][cascade_classifier.fit_transform] [layer=2] look_indexs=[0], X_cur_train.shape=(774, 360), X_cur_test.shape=(87, 360)
[ 2020-07-08 15:44:10,925][kfold_wrapper.log_eval_metrics] Accuracy(layer_2 - estimator_0 - 3_folds.train_0.predict)=89.58%
[ 2020-07-08 15:44:13,880][kfold_wrapper.log_eval_metrics] Accuracy(layer_2 - estimator_0 - 3_folds.train_1.predict)=92.64%
[ 2020-07-08 15:44:16,804][kfold_wrapper.log_eval_metrics] Accuracy(layer_2 - estimator_0 - 3_folds.train_2.predict)=91.83%
[ 2020-07-08 15:44:17,025][kfold_wrapper.log_eval_metrics] Accuracy(layer_2 - estimator_0 - 3_folds.train_cv.predict)=91.34%
[ 2020-07-08 15:44:17,025][kfold_wrapper.log_eval_metrics] Accuracy(layer_2 - estimator_0 - 3_folds.test.predict)=94.25%
[ 2020-07-08 15:44:19,340][kfold_wrapper.log_eval_metrics] Accuracy(layer_2 - estimator_1 - 3_folds.train_0.predict)=89.58%
[ 2020-07-08 15:44:21,977][kfold_wrapper.log_eval_metrics] Accuracy(layer_2 - estimator_1 - 3_folds.train_1.predict)=91.09%
[ 2020-07-08 15:44:24,583][kfold_wrapper.log_eval_metrics] Accuracy(layer_2 - estimator_1 - 3_folds.train_2.predict)=90.27%
[ 2020-07-08 15:44:24,802][kfold_wrapper.log_eval_metrics] Accuracy(layer_2 - estimator_1 - 3_folds.train_cv.predict)=90.31%
[ 2020-07-08 15:44:24,802][kfold_wrapper.log_eval_metrics] Accuracy(layer_2 - estimator_1 - 3_folds.test.predict)=94.25%
[ 2020-07-08 15:44:25,693][kfold_wrapper.log_eval_metrics] Accuracy(layer_2 - estimator_2 - 3_folds.train_0.predict)=88.03%
[ 2020-07-08 15:44:26,690][kfold_wrapper.log_eval_metrics] Accuracy(layer_2 - estimator_2 - 3_folds.train_1.predict)=91.86%
[ 2020-07-08 15:44:27,720][kfold_wrapper.log_eval_metrics] Accuracy(layer_2 - estimator_2 - 3_folds.train_2.predict)=90.66%
[ 2020-07-08 15:44:27,720][kfold_wrapper.log_eval_metrics] Accuracy(layer_2 - estimator_2 - 3_folds.train_cv.predict)=90.18%
[ 2020-07-08 15:44:27,720][kfold_wrapper.log_eval_metrics] Accuracy(layer_2 - estimator_2 - 3_folds.test.predict)=94.25%
[ 2020-07-08 15:44:27,720][cascade_classifier.calc_accuracy] Accuracy(layer_2 - train.classifier_average)=90.83%
[ 2020-07-08 15:44:27,720][cascade_classifier.calc_accuracy] Accuracy(layer_2 - test.classifier_average)=95.40%
[ 2020-07-08 15:44:27,720][cascade_classifier.fit_transform] [layer=3] look_indexs=[0], X_cur_train.shape=(774, 360), X_cur_test.shape=(87, 360)
[ 2020-07-08 15:44:30,361][kfold_wrapper.log_eval_metrics] Accuracy(layer_3 - estimator_0 - 3_folds.train_0.predict)=91.89%
[ 2020-07-08 15:44:33,300][kfold_wrapper.log_eval_metrics] Accuracy(layer_3 - estimator_0 - 3_folds.train_1.predict)=92.25%
[ 2020-07-08 15:44:36,233][kfold_wrapper.log_eval_metrics] Accuracy(layer_3 - estimator_0 - 3_folds.train_2.predict)=90.66%
[ 2020-07-08 15:44:36,458][kfold_wrapper.log_eval_metrics] Accuracy(layer_3 - estimator_0 - 3_folds.train_cv.predict)=91.60%
[ 2020-07-08 15:44:36,458][kfold_wrapper.log_eval_metrics] Accuracy(layer_3 - estimator_0 - 3_folds.test.predict)=95.40%
[ 2020-07-08 15:44:38,754][kfold_wrapper.log_eval_metrics] Accuracy(layer_3 - estimator_1 - 3_folds.train_0.predict)=90.73%
[ 2020-07-08 15:44:41,187][kfold_wrapper.log_eval_metrics] Accuracy(layer_3 - estimator_1 - 3_folds.train_1.predict)=91.47%
[ 2020-07-08 15:44:43,830][kfold_wrapper.log_eval_metrics] Accuracy(layer_3 - estimator_1 - 3_folds.train_2.predict)=91.05%
[ 2020-07-08 15:44:44,048][kfold_wrapper.log_eval_metrics] Accuracy(layer_3 - estimator_1 - 3_folds.train_cv.predict)=91.09%
[ 2020-07-08 15:44:44,048][kfold_wrapper.log_eval_metrics] Accuracy(layer_3 - estimator_1 - 3_folds.test.predict)=94.25%
[ 2020-07-08 15:44:44,977][kfold_wrapper.log_eval_metrics] Accuracy(layer_3 - estimator_2 - 3_folds.train_0.predict)=90.35%
[ 2020-07-08 15:44:45,968][kfold_wrapper.log_eval_metrics] Accuracy(layer_3 - estimator_2 - 3_folds.train_1.predict)=90.31%
[ 2020-07-08 15:44:46,896][kfold_wrapper.log_eval_metrics] Accuracy(layer_3 - estimator_2 - 3_folds.train_2.predict)=90.27%
[ 2020-07-08 15:44:46,896][kfold_wrapper.log_eval_metrics] Accuracy(layer_3 - estimator_2 - 3_folds.train_cv.predict)=90.31%
[ 2020-07-08 15:44:46,896][kfold_wrapper.log_eval_metrics] Accuracy(layer_3 - estimator_2 - 3_folds.test.predict)=94.25%
[ 2020-07-08 15:44:46,896][cascade_classifier.calc_accuracy] Accuracy(layer_3 - train.classifier_average)=90.83%
[ 2020-07-08 15:44:46,896][cascade_classifier.calc_accuracy] Accuracy(layer_3 - test.classifier_average)=94.25%
[ 2020-07-08 15:44:46,896][cascade_classifier.fit_transform] [Result][Optimal Level Detected] opt_layer_num=1, accuracy_train=91.21%, accuracy_test=95.40%
[ 2020-07-08 15:44:46,911][cascade_classifier.transform] X_groups_test.shape=[(87, 354)]
[ 2020-07-08 15:44:46,911][cascade_classifier.transform] group_dims=[354]
[ 2020-07-08 15:44:46,911][cascade_classifier.transform] X_test.shape=(87, 354)
[ 2020-07-08 15:44:46,911][cascade_classifier.transform] [layer=0] look_indexs=[0], X_cur_test.shape=(87, 354)
[ 2020-07-08 15:44:48,333][cascade_classifier.transform] X_groups_test.shape=[(87, 354)]
[ 2020-07-08 15:44:48,333][cascade_classifier.transform] group_dims=[354]
[ 2020-07-08 15:44:48,333][cascade_classifier.transform] X_test.shape=(87, 354)
[ 2020-07-08 15:44:48,333][cascade_classifier.transform] [layer=0] look_indexs=[0], X_cur_test.shape=(87, 354)
[ 2020-07-08 15:44:50,005][cascade_classifier.fit_transform] X_groups_train.shape=[(774, 354)],y_train.shape=(774,),X_groups_test.shape=[(87, 354)],y_test.shape=(87,)
[ 2020-07-08 15:44:50,005][cascade_classifier.fit_transform] group_dims=[354]
[ 2020-07-08 15:44:50,005][cascade_classifier.fit_transform] group_starts=[0]
[ 2020-07-08 15:44:50,005][cascade_classifier.fit_transform] group_ends=[354]
[ 2020-07-08 15:44:50,005][cascade_classifier.fit_transform] X_train.shape=(774, 354),X_test.shape=(87, 354)
[ 2020-07-08 15:44:50,005][cascade_classifier.fit_transform] [layer=0] look_indexs=[0], X_cur_train.shape=(774, 354), X_cur_test.shape=(87, 354)
[ 2020-07-08 15:44:52,733][kfold_wrapper.log_eval_metrics] Accuracy(layer_0 - estimator_0 - 3_folds.train_0.predict)=90.35%
[ 2020-07-08 15:44:55,570][kfold_wrapper.log_eval_metrics] Accuracy(layer_0 - estimator_0 - 3_folds.train_1.predict)=92.25%
[ 2020-07-08 15:44:58,393][kfold_wrapper.log_eval_metrics] Accuracy(layer_0 - estimator_0 - 3_folds.train_2.predict)=91.05%
[ 2020-07-08 15:44:58,612][kfold_wrapper.log_eval_metrics] Accuracy(layer_0 - estimator_0 - 3_folds.train_cv.predict)=91.21%
[ 2020-07-08 15:44:58,612][kfold_wrapper.log_eval_metrics] Accuracy(layer_0 - estimator_0 - 3_folds.test.predict)=90.80%
[ 2020-07-08 15:45:00,904][kfold_wrapper.log_eval_metrics] Accuracy(layer_0 - estimator_1 - 3_folds.train_0.predict)=91.89%
[ 2020-07-08 15:45:03,773][kfold_wrapper.log_eval_metrics] Accuracy(layer_0 - estimator_1 - 3_folds.train_1.predict)=91.47%
[ 2020-07-08 15:45:06,306][kfold_wrapper.log_eval_metrics] Accuracy(layer_0 - estimator_1 - 3_folds.train_2.predict)=89.11%
[ 2020-07-08 15:45:06,525][kfold_wrapper.log_eval_metrics] Accuracy(layer_0 - estimator_1 - 3_folds.train_cv.predict)=90.83%
[ 2020-07-08 15:45:06,525][kfold_wrapper.log_eval_metrics] Accuracy(layer_0 - estimator_1 - 3_folds.test.predict)=89.66%
[ 2020-07-08 15:45:07,484][kfold_wrapper.log_eval_metrics] Accuracy(layer_0 - estimator_2 - 3_folds.train_0.predict)=90.35%
[ 2020-07-08 15:45:08,523][kfold_wrapper.log_eval_metrics] Accuracy(layer_0 - estimator_2 - 3_folds.train_1.predict)=90.70%
[ 2020-07-08 15:45:09,368][kfold_wrapper.log_eval_metrics] Accuracy(layer_0 - estimator_2 - 3_folds.train_2.predict)=87.55%
[ 2020-07-08 15:45:09,368][kfold_wrapper.log_eval_metrics] Accuracy(layer_0 - estimator_2 - 3_folds.train_cv.predict)=89.53%
[ 2020-07-08 15:45:09,368][kfold_wrapper.log_eval_metrics] Accuracy(layer_0 - estimator_2 - 3_folds.test.predict)=91.95%
[ 2020-07-08 15:45:09,384][cascade_classifier.calc_accuracy] Accuracy(layer_0 - train.classifier_average)=90.83%
[ 2020-07-08 15:45:09,384][cascade_classifier.calc_accuracy] Accuracy(layer_0 - test.classifier_average)=90.80%
[ 2020-07-08 15:45:09,384][cascade_classifier.fit_transform] [layer=1] look_indexs=[0], X_cur_train.shape=(774, 360), X_cur_test.shape=(87, 360)
[ 2020-07-08 15:45:12,118][kfold_wrapper.log_eval_metrics] Accuracy(layer_1 - estimator_0 - 3_folds.train_0.predict)=91.12%
[ 2020-07-08 15:45:15,052][kfold_wrapper.log_eval_metrics] Accuracy(layer_1 - estimator_0 - 3_folds.train_1.predict)=91.47%
[ 2020-07-08 15:45:17,997][kfold_wrapper.log_eval_metrics] Accuracy(layer_1 - estimator_0 - 3_folds.train_2.predict)=87.94%
[ 2020-07-08 15:45:18,216][kfold_wrapper.log_eval_metrics] Accuracy(layer_1 - estimator_0 - 3_folds.train_cv.predict)=90.18%
[ 2020-07-08 15:45:18,216][kfold_wrapper.log_eval_metrics] Accuracy(layer_1 - estimator_0 - 3_folds.test.predict)=90.80%
[ 2020-07-08 15:45:20,423][kfold_wrapper.log_eval_metrics] Accuracy(layer_1 - estimator_1 - 3_folds.train_0.predict)=88.03%
[ 2020-07-08 15:45:23,270][kfold_wrapper.log_eval_metrics] Accuracy(layer_1 - estimator_1 - 3_folds.train_1.predict)=92.64%
[ 2020-07-08 15:45:26,146][kfold_wrapper.log_eval_metrics] Accuracy(layer_1 - estimator_1 - 3_folds.train_2.predict)=91.44%
[ 2020-07-08 15:45:26,356][kfold_wrapper.log_eval_metrics] Accuracy(layer_1 - estimator_1 - 3_folds.train_cv.predict)=90.70%
[ 2020-07-08 15:45:26,356][kfold_wrapper.log_eval_metrics] Accuracy(layer_1 - estimator_1 - 3_folds.test.predict)=89.66%
[ 2020-07-08 15:45:27,215][kfold_wrapper.log_eval_metrics] Accuracy(layer_1 - estimator_2 - 3_folds.train_0.predict)=90.73%
[ 2020-07-08 15:45:28,186][kfold_wrapper.log_eval_metrics] Accuracy(layer_1 - estimator_2 - 3_folds.train_1.predict)=91.47%
[ 2020-07-08 15:45:29,141][kfold_wrapper.log_eval_metrics] Accuracy(layer_1 - estimator_2 - 3_folds.train_2.predict)=91.83%
[ 2020-07-08 15:45:29,141][kfold_wrapper.log_eval_metrics] Accuracy(layer_1 - estimator_2 - 3_folds.train_cv.predict)=91.34%
[ 2020-07-08 15:45:29,141][kfold_wrapper.log_eval_metrics] Accuracy(layer_1 - estimator_2 - 3_folds.test.predict)=89.66%
[ 2020-07-08 15:45:29,141][cascade_classifier.calc_accuracy] Accuracy(layer_1 - train.classifier_average)=91.34%
[ 2020-07-08 15:45:29,141][cascade_classifier.calc_accuracy] Accuracy(layer_1 - test.classifier_average)=89.66%
[ 2020-07-08 15:45:29,156][cascade_classifier.fit_transform] [layer=2] look_indexs=[0], X_cur_train.shape=(774, 360), X_cur_test.shape=(87, 360)
