[ 2020-03-16 20:02:45,162][cascade_classifier.fit_transform] X_groups_train.shape=[(774, 358)],y_train.shape=(774,),X_groups_test.shape=[(87, 358)],y_test.shape=(87,)
[ 2020-03-16 20:02:45,166][cascade_classifier.fit_transform] group_dims=[358]
[ 2020-03-16 20:02:45,166][cascade_classifier.fit_transform] group_starts=[0]
[ 2020-03-16 20:02:45,166][cascade_classifier.fit_transform] group_ends=[358]
[ 2020-03-16 20:02:45,166][cascade_classifier.fit_transform] X_train.shape=(774, 358),X_test.shape=(87, 358)
[ 2020-03-16 20:02:45,166][cascade_classifier.fit_transform] [layer=0] look_indexs=[0], X_cur_train.shape=(774, 358), X_cur_test.shape=(87, 358)
[ 2020-03-16 20:02:47,593][kfold_wrapper.log_eval_metrics] Accuracy(layer_0 - estimator_0 - 3_folds.train_0.predict)=81.08%
[ 2020-03-16 20:02:50,160][kfold_wrapper.log_eval_metrics] Accuracy(layer_0 - estimator_0 - 3_folds.train_1.predict)=78.68%
[ 2020-03-16 20:02:52,846][kfold_wrapper.log_eval_metrics] Accuracy(layer_0 - estimator_0 - 3_folds.train_2.predict)=83.66%
[ 2020-03-16 20:02:53,164][kfold_wrapper.log_eval_metrics] Accuracy(layer_0 - estimator_0 - 3_folds.train_cv.predict)=81.14%
[ 2020-03-16 20:02:53,164][kfold_wrapper.log_eval_metrics] Accuracy(layer_0 - estimator_0 - 3_folds.test.predict)=86.21%
[ 2020-03-16 20:02:55,260][kfold_wrapper.log_eval_metrics] Accuracy(layer_0 - estimator_1 - 3_folds.train_0.predict)=81.85%
[ 2020-03-16 20:02:57,671][kfold_wrapper.log_eval_metrics] Accuracy(layer_0 - estimator_1 - 3_folds.train_1.predict)=80.62%
[ 2020-03-16 20:03:00,078][kfold_wrapper.log_eval_metrics] Accuracy(layer_0 - estimator_1 - 3_folds.train_2.predict)=80.93%
[ 2020-03-16 20:03:00,388][kfold_wrapper.log_eval_metrics] Accuracy(layer_0 - estimator_1 - 3_folds.train_cv.predict)=81.14%
[ 2020-03-16 20:03:00,388][kfold_wrapper.log_eval_metrics] Accuracy(layer_0 - estimator_1 - 3_folds.test.predict)=87.36%
[ 2020-03-16 20:03:02,448][kfold_wrapper.log_eval_metrics] Accuracy(layer_0 - estimator_2 - 3_folds.train_0.predict)=80.69%
[ 2020-03-16 20:03:04,475][kfold_wrapper.log_eval_metrics] Accuracy(layer_0 - estimator_2 - 3_folds.train_1.predict)=82.56%
[ 2020-03-16 20:03:06,502][kfold_wrapper.log_eval_metrics] Accuracy(layer_0 - estimator_2 - 3_folds.train_2.predict)=79.77%
[ 2020-03-16 20:03:06,506][kfold_wrapper.log_eval_metrics] Accuracy(layer_0 - estimator_2 - 3_folds.train_cv.predict)=81.01%
[ 2020-03-16 20:03:06,506][kfold_wrapper.log_eval_metrics] Accuracy(layer_0 - estimator_2 - 3_folds.test.predict)=86.21%
[ 2020-03-16 20:03:06,506][cascade_classifier.calc_accuracy] Accuracy(layer_0 - train.classifier_average)=81.78%
[ 2020-03-16 20:03:06,506][cascade_classifier.calc_accuracy] Accuracy(layer_0 - test.classifier_average)=87.36%
[ 2020-03-16 20:03:06,506][cascade_classifier.fit_transform] [layer=1] look_indexs=[0], X_cur_train.shape=(774, 364), X_cur_test.shape=(87, 364)
[ 2020-03-16 20:03:08,892][kfold_wrapper.log_eval_metrics] Accuracy(layer_1 - estimator_0 - 3_folds.train_0.predict)=82.63%
[ 2020-03-16 20:03:11,491][kfold_wrapper.log_eval_metrics] Accuracy(layer_1 - estimator_0 - 3_folds.train_1.predict)=79.07%
[ 2020-03-16 20:03:14,182][kfold_wrapper.log_eval_metrics] Accuracy(layer_1 - estimator_0 - 3_folds.train_2.predict)=83.27%
[ 2020-03-16 20:03:14,498][kfold_wrapper.log_eval_metrics] Accuracy(layer_1 - estimator_0 - 3_folds.train_cv.predict)=81.65%
[ 2020-03-16 20:03:14,498][kfold_wrapper.log_eval_metrics] Accuracy(layer_1 - estimator_0 - 3_folds.test.predict)=86.21%
[ 2020-03-16 20:03:16,598][kfold_wrapper.log_eval_metrics] Accuracy(layer_1 - estimator_1 - 3_folds.train_0.predict)=81.47%
[ 2020-03-16 20:03:19,020][kfold_wrapper.log_eval_metrics] Accuracy(layer_1 - estimator_1 - 3_folds.train_1.predict)=81.01%
[ 2020-03-16 20:03:21,428][kfold_wrapper.log_eval_metrics] Accuracy(layer_1 - estimator_1 - 3_folds.train_2.predict)=79.77%
[ 2020-03-16 20:03:21,744][kfold_wrapper.log_eval_metrics] Accuracy(layer_1 - estimator_1 - 3_folds.train_cv.predict)=80.75%
[ 2020-03-16 20:03:21,744][kfold_wrapper.log_eval_metrics] Accuracy(layer_1 - estimator_1 - 3_folds.test.predict)=87.36%
[ 2020-03-16 20:03:23,754][kfold_wrapper.log_eval_metrics] Accuracy(layer_1 - estimator_2 - 3_folds.train_0.predict)=80.31%
[ 2020-03-16 20:03:25,763][kfold_wrapper.log_eval_metrics] Accuracy(layer_1 - estimator_2 - 3_folds.train_1.predict)=82.56%
[ 2020-03-16 20:03:27,787][kfold_wrapper.log_eval_metrics] Accuracy(layer_1 - estimator_2 - 3_folds.train_2.predict)=83.27%
[ 2020-03-16 20:03:27,790][kfold_wrapper.log_eval_metrics] Accuracy(layer_1 - estimator_2 - 3_folds.train_cv.predict)=82.04%
[ 2020-03-16 20:03:27,790][kfold_wrapper.log_eval_metrics] Accuracy(layer_1 - estimator_2 - 3_folds.test.predict)=86.21%
[ 2020-03-16 20:03:27,790][cascade_classifier.calc_accuracy] Accuracy(layer_1 - train.classifier_average)=82.95%
[ 2020-03-16 20:03:27,790][cascade_classifier.calc_accuracy] Accuracy(layer_1 - test.classifier_average)=86.21%
[ 2020-03-16 20:03:27,792][cascade_classifier.fit_transform] [layer=2] look_indexs=[0], X_cur_train.shape=(774, 364), X_cur_test.shape=(87, 364)
[ 2020-03-16 20:03:30,162][kfold_wrapper.log_eval_metrics] Accuracy(layer_2 - estimator_0 - 3_folds.train_0.predict)=77.99%
[ 2020-03-16 20:03:32,844][kfold_wrapper.log_eval_metrics] Accuracy(layer_2 - estimator_0 - 3_folds.train_1.predict)=83.33%
[ 2020-03-16 20:03:35,559][kfold_wrapper.log_eval_metrics] Accuracy(layer_2 - estimator_0 - 3_folds.train_2.predict)=82.88%
[ 2020-03-16 20:03:35,884][kfold_wrapper.log_eval_metrics] Accuracy(layer_2 - estimator_0 - 3_folds.train_cv.predict)=81.40%
[ 2020-03-16 20:03:35,884][kfold_wrapper.log_eval_metrics] Accuracy(layer_2 - estimator_0 - 3_folds.test.predict)=86.21%
[ 2020-03-16 20:03:37,986][kfold_wrapper.log_eval_metrics] Accuracy(layer_2 - estimator_1 - 3_folds.train_0.predict)=81.85%
[ 2020-03-16 20:03:40,382][kfold_wrapper.log_eval_metrics] Accuracy(layer_2 - estimator_1 - 3_folds.train_1.predict)=82.95%
[ 2020-03-16 20:03:42,790][kfold_wrapper.log_eval_metrics] Accuracy(layer_2 - estimator_1 - 3_folds.train_2.predict)=82.49%
[ 2020-03-16 20:03:43,108][kfold_wrapper.log_eval_metrics] Accuracy(layer_2 - estimator_1 - 3_folds.train_cv.predict)=82.43%
[ 2020-03-16 20:03:43,108][kfold_wrapper.log_eval_metrics] Accuracy(layer_2 - estimator_1 - 3_folds.test.predict)=86.21%
[ 2020-03-16 20:03:45,078][kfold_wrapper.log_eval_metrics] Accuracy(layer_2 - estimator_2 - 3_folds.train_0.predict)=79.54%
[ 2020-03-16 20:03:47,117][kfold_wrapper.log_eval_metrics] Accuracy(layer_2 - estimator_2 - 3_folds.train_1.predict)=82.95%
[ 2020-03-16 20:03:49,180][kfold_wrapper.log_eval_metrics] Accuracy(layer_2 - estimator_2 - 3_folds.train_2.predict)=79.77%
[ 2020-03-16 20:03:49,182][kfold_wrapper.log_eval_metrics] Accuracy(layer_2 - estimator_2 - 3_folds.train_cv.predict)=80.75%
[ 2020-03-16 20:03:49,184][kfold_wrapper.log_eval_metrics] Accuracy(layer_2 - estimator_2 - 3_folds.test.predict)=85.06%
[ 2020-03-16 20:03:49,184][cascade_classifier.calc_accuracy] Accuracy(layer_2 - train.classifier_average)=80.62%
[ 2020-03-16 20:03:49,184][cascade_classifier.calc_accuracy] Accuracy(layer_2 - test.classifier_average)=85.06%
[ 2020-03-16 20:03:49,184][cascade_classifier.fit_transform] [layer=3] look_indexs=[0], X_cur_train.shape=(774, 364), X_cur_test.shape=(87, 364)
[ 2020-03-16 20:03:51,470][kfold_wrapper.log_eval_metrics] Accuracy(layer_3 - estimator_0 - 3_folds.train_0.predict)=83.40%
[ 2020-03-16 20:03:54,152][kfold_wrapper.log_eval_metrics] Accuracy(layer_3 - estimator_0 - 3_folds.train_1.predict)=83.33%
[ 2020-03-16 20:03:56,861][kfold_wrapper.log_eval_metrics] Accuracy(layer_3 - estimator_0 - 3_folds.train_2.predict)=78.60%
[ 2020-03-16 20:03:57,176][kfold_wrapper.log_eval_metrics] Accuracy(layer_3 - estimator_0 - 3_folds.train_cv.predict)=81.78%
[ 2020-03-16 20:03:57,176][kfold_wrapper.log_eval_metrics] Accuracy(layer_3 - estimator_0 - 3_folds.test.predict)=86.21%
[ 2020-03-16 20:03:59,290][kfold_wrapper.log_eval_metrics] Accuracy(layer_3 - estimator_1 - 3_folds.train_0.predict)=80.31%
[ 2020-03-16 20:04:01,709][kfold_wrapper.log_eval_metrics] Accuracy(layer_3 - estimator_1 - 3_folds.train_1.predict)=82.56%
[ 2020-03-16 20:04:04,495][kfold_wrapper.log_eval_metrics] Accuracy(layer_3 - estimator_1 - 3_folds.train_2.predict)=82.49%
[ 2020-03-16 20:04:04,810][kfold_wrapper.log_eval_metrics] Accuracy(layer_3 - estimator_1 - 3_folds.train_cv.predict)=81.78%
[ 2020-03-16 20:04:04,810][kfold_wrapper.log_eval_metrics] Accuracy(layer_3 - estimator_1 - 3_folds.test.predict)=87.36%
[ 2020-03-16 20:04:06,861][kfold_wrapper.log_eval_metrics] Accuracy(layer_3 - estimator_2 - 3_folds.train_0.predict)=81.08%
[ 2020-03-16 20:04:08,857][kfold_wrapper.log_eval_metrics] Accuracy(layer_3 - estimator_2 - 3_folds.train_1.predict)=79.46%
[ 2020-03-16 20:04:10,902][kfold_wrapper.log_eval_metrics] Accuracy(layer_3 - estimator_2 - 3_folds.train_2.predict)=82.10%
[ 2020-03-16 20:04:10,902][kfold_wrapper.log_eval_metrics] Accuracy(layer_3 - estimator_2 - 3_folds.train_cv.predict)=80.88%
[ 2020-03-16 20:04:10,906][kfold_wrapper.log_eval_metrics] Accuracy(layer_3 - estimator_2 - 3_folds.test.predict)=86.21%
[ 2020-03-16 20:04:10,910][cascade_classifier.calc_accuracy] Accuracy(layer_3 - train.classifier_average)=81.40%
[ 2020-03-16 20:04:10,910][cascade_classifier.calc_accuracy] Accuracy(layer_3 - test.classifier_average)=86.21%
[ 2020-03-16 20:04:10,914][cascade_classifier.fit_transform] [layer=4] look_indexs=[0], X_cur_train.shape=(774, 364), X_cur_test.shape=(87, 364)
[ 2020-03-16 20:04:13,188][kfold_wrapper.log_eval_metrics] Accuracy(layer_4 - estimator_0 - 3_folds.train_0.predict)=79.15%
[ 2020-03-16 20:04:15,774][kfold_wrapper.log_eval_metrics] Accuracy(layer_4 - estimator_0 - 3_folds.train_1.predict)=82.56%
[ 2020-03-16 20:04:18,466][kfold_wrapper.log_eval_metrics] Accuracy(layer_4 - estimator_0 - 3_folds.train_2.predict)=81.32%
[ 2020-03-16 20:04:18,783][kfold_wrapper.log_eval_metrics] Accuracy(layer_4 - estimator_0 - 3_folds.train_cv.predict)=81.01%
[ 2020-03-16 20:04:18,783][kfold_wrapper.log_eval_metrics] Accuracy(layer_4 - estimator_0 - 3_folds.test.predict)=87.36%
[ 2020-03-16 20:04:20,892][kfold_wrapper.log_eval_metrics] Accuracy(layer_4 - estimator_1 - 3_folds.train_0.predict)=82.24%
[ 2020-03-16 20:04:23,327][kfold_wrapper.log_eval_metrics] Accuracy(layer_4 - estimator_1 - 3_folds.train_1.predict)=82.56%
[ 2020-03-16 20:04:25,728][kfold_wrapper.log_eval_metrics] Accuracy(layer_4 - estimator_1 - 3_folds.train_2.predict)=80.93%
[ 2020-03-16 20:04:26,041][kfold_wrapper.log_eval_metrics] Accuracy(layer_4 - estimator_1 - 3_folds.train_cv.predict)=81.91%
[ 2020-03-16 20:04:26,041][kfold_wrapper.log_eval_metrics] Accuracy(layer_4 - estimator_1 - 3_folds.test.predict)=86.21%
[ 2020-03-16 20:04:28,052][kfold_wrapper.log_eval_metrics] Accuracy(layer_4 - estimator_2 - 3_folds.train_0.predict)=81.08%
[ 2020-03-16 20:04:30,081][kfold_wrapper.log_eval_metrics] Accuracy(layer_4 - estimator_2 - 3_folds.train_1.predict)=82.17%
[ 2020-03-16 20:04:32,297][kfold_wrapper.log_eval_metrics] Accuracy(layer_4 - estimator_2 - 3_folds.train_2.predict)=79.38%
[ 2020-03-16 20:04:32,299][kfold_wrapper.log_eval_metrics] Accuracy(layer_4 - estimator_2 - 3_folds.train_cv.predict)=80.88%
[ 2020-03-16 20:04:32,299][kfold_wrapper.log_eval_metrics] Accuracy(layer_4 - estimator_2 - 3_folds.test.predict)=86.21%
[ 2020-03-16 20:04:32,299][cascade_classifier.calc_accuracy] Accuracy(layer_4 - train.classifier_average)=81.91%
[ 2020-03-16 20:04:32,299][cascade_classifier.calc_accuracy] Accuracy(layer_4 - test.classifier_average)=86.21%
[ 2020-03-16 20:04:32,299][cascade_classifier.fit_transform] [Result][Optimal Level Detected] opt_layer_num=2, accuracy_train=82.95%, accuracy_test=86.21%
[ 2020-03-16 20:04:32,328][cascade_classifier.transform] X_groups_test.shape=[(87, 358)]
[ 2020-03-16 20:04:32,328][cascade_classifier.transform] group_dims=[358]
[ 2020-03-16 20:04:32,328][cascade_classifier.transform] X_test.shape=(87, 358)
[ 2020-03-16 20:04:32,328][cascade_classifier.transform] [layer=0] look_indexs=[0], X_cur_test.shape=(87, 358)
[ 2020-03-16 20:04:34,235][cascade_classifier.transform] [layer=1] look_indexs=[0], X_cur_test.shape=(87, 364)
[ 2020-03-16 20:04:36,158][cascade_classifier.transform] X_groups_test.shape=[(87, 358)]
[ 2020-03-16 20:04:36,158][cascade_classifier.transform] group_dims=[358]
[ 2020-03-16 20:04:36,158][cascade_classifier.transform] X_test.shape=(87, 358)
[ 2020-03-16 20:04:36,162][cascade_classifier.transform] [layer=0] look_indexs=[0], X_cur_test.shape=(87, 358)
[ 2020-03-16 20:04:38,050][cascade_classifier.transform] [layer=1] look_indexs=[0], X_cur_test.shape=(87, 364)
[ 2020-03-16 20:04:40,321][cascade_classifier.fit_transform] X_groups_train.shape=[(774, 358)],y_train.shape=(774,),X_groups_test.shape=[(87, 358)],y_test.shape=(87,)
[ 2020-03-16 20:04:40,322][cascade_classifier.fit_transform] group_dims=[358]
[ 2020-03-16 20:04:40,322][cascade_classifier.fit_transform] group_starts=[0]
[ 2020-03-16 20:04:40,323][cascade_classifier.fit_transform] group_ends=[358]
[ 2020-03-16 20:04:40,323][cascade_classifier.fit_transform] X_train.shape=(774, 358),X_test.shape=(87, 358)
[ 2020-03-16 20:04:40,324][cascade_classifier.fit_transform] [layer=0] look_indexs=[0], X_cur_train.shape=(774, 358), X_cur_test.shape=(87, 358)
[ 2020-03-16 20:04:42,712][kfold_wrapper.log_eval_metrics] Accuracy(layer_0 - estimator_0 - 3_folds.train_0.predict)=81.47%
[ 2020-03-16 20:04:45,390][kfold_wrapper.log_eval_metrics] Accuracy(layer_0 - estimator_0 - 3_folds.train_1.predict)=79.84%
[ 2020-03-16 20:04:48,094][kfold_wrapper.log_eval_metrics] Accuracy(layer_0 - estimator_0 - 3_folds.train_2.predict)=80.93%
[ 2020-03-16 20:04:48,404][kfold_wrapper.log_eval_metrics] Accuracy(layer_0 - estimator_0 - 3_folds.train_cv.predict)=80.75%
[ 2020-03-16 20:04:48,404][kfold_wrapper.log_eval_metrics] Accuracy(layer_0 - estimator_0 - 3_folds.test.predict)=88.51%
[ 2020-03-16 20:04:50,492][kfold_wrapper.log_eval_metrics] Accuracy(layer_0 - estimator_1 - 3_folds.train_0.predict)=82.63%
[ 2020-03-16 20:04:52,990][kfold_wrapper.log_eval_metrics] Accuracy(layer_0 - estimator_1 - 3_folds.train_1.predict)=82.56%
[ 2020-03-16 20:04:55,388][kfold_wrapper.log_eval_metrics] Accuracy(layer_0 - estimator_1 - 3_folds.train_2.predict)=81.71%
[ 2020-03-16 20:04:55,700][kfold_wrapper.log_eval_metrics] Accuracy(layer_0 - estimator_1 - 3_folds.train_cv.predict)=82.30%
[ 2020-03-16 20:04:55,700][kfold_wrapper.log_eval_metrics] Accuracy(layer_0 - estimator_1 - 3_folds.test.predict)=87.36%
[ 2020-03-16 20:04:57,648][kfold_wrapper.log_eval_metrics] Accuracy(layer_0 - estimator_2 - 3_folds.train_0.predict)=81.47%
[ 2020-03-16 20:04:59,715][kfold_wrapper.log_eval_metrics] Accuracy(layer_0 - estimator_2 - 3_folds.train_1.predict)=81.78%
[ 2020-03-16 20:05:01,760][kfold_wrapper.log_eval_metrics] Accuracy(layer_0 - estimator_2 - 3_folds.train_2.predict)=77.82%
[ 2020-03-16 20:05:01,760][kfold_wrapper.log_eval_metrics] Accuracy(layer_0 - estimator_2 - 3_folds.train_cv.predict)=80.36%
[ 2020-03-16 20:05:01,760][kfold_wrapper.log_eval_metrics] Accuracy(layer_0 - estimator_2 - 3_folds.test.predict)=85.06%
[ 2020-03-16 20:05:01,760][cascade_classifier.calc_accuracy] Accuracy(layer_0 - train.classifier_average)=80.88%
[ 2020-03-16 20:05:01,764][cascade_classifier.calc_accuracy] Accuracy(layer_0 - test.classifier_average)=86.21%
[ 2020-03-16 20:05:01,764][cascade_classifier.fit_transform] [layer=1] look_indexs=[0], X_cur_train.shape=(774, 364), X_cur_test.shape=(87, 364)
[ 2020-03-16 20:05:04,150][kfold_wrapper.log_eval_metrics] Accuracy(layer_1 - estimator_0 - 3_folds.train_0.predict)=81.47%
[ 2020-03-16 20:05:06,838][kfold_wrapper.log_eval_metrics] Accuracy(layer_1 - estimator_0 - 3_folds.train_1.predict)=83.72%
[ 2020-03-16 20:05:09,420][kfold_wrapper.log_eval_metrics] Accuracy(layer_1 - estimator_0 - 3_folds.train_2.predict)=81.32%
[ 2020-03-16 20:05:09,734][kfold_wrapper.log_eval_metrics] Accuracy(layer_1 - estimator_0 - 3_folds.train_cv.predict)=82.17%
[ 2020-03-16 20:05:09,734][kfold_wrapper.log_eval_metrics] Accuracy(layer_1 - estimator_0 - 3_folds.test.predict)=85.06%
[ 2020-03-16 20:05:11,838][kfold_wrapper.log_eval_metrics] Accuracy(layer_1 - estimator_1 - 3_folds.train_0.predict)=78.38%
[ 2020-03-16 20:05:14,252][kfold_wrapper.log_eval_metrics] Accuracy(layer_1 - estimator_1 - 3_folds.train_1.predict)=82.17%
[ 2020-03-16 20:05:16,684][kfold_wrapper.log_eval_metrics] Accuracy(layer_1 - estimator_1 - 3_folds.train_2.predict)=84.82%
[ 2020-03-16 20:05:17,000][kfold_wrapper.log_eval_metrics] Accuracy(layer_1 - estimator_1 - 3_folds.train_cv.predict)=81.78%
[ 2020-03-16 20:05:17,000][kfold_wrapper.log_eval_metrics] Accuracy(layer_1 - estimator_1 - 3_folds.test.predict)=87.36%
[ 2020-03-16 20:05:18,885][kfold_wrapper.log_eval_metrics] Accuracy(layer_1 - estimator_2 - 3_folds.train_0.predict)=80.69%
[ 2020-03-16 20:05:21,001][kfold_wrapper.log_eval_metrics] Accuracy(layer_1 - estimator_2 - 3_folds.train_1.predict)=83.72%
[ 2020-03-16 20:05:23,085][kfold_wrapper.log_eval_metrics] Accuracy(layer_1 - estimator_2 - 3_folds.train_2.predict)=81.71%
[ 2020-03-16 20:05:23,089][kfold_wrapper.log_eval_metrics] Accuracy(layer_1 - estimator_2 - 3_folds.train_cv.predict)=82.04%
[ 2020-03-16 20:05:23,089][kfold_wrapper.log_eval_metrics] Accuracy(layer_1 - estimator_2 - 3_folds.test.predict)=87.36%
[ 2020-03-16 20:05:23,089][cascade_classifier.calc_accuracy] Accuracy(layer_1 - train.classifier_average)=82.69%
[ 2020-03-16 20:05:23,089][cascade_classifier.calc_accuracy] Accuracy(layer_1 - test.classifier_average)=87.36%
[ 2020-03-16 20:05:23,094][cascade_classifier.fit_transform] [layer=2] look_indexs=[0], X_cur_train.shape=(774, 364), X_cur_test.shape=(87, 364)
[ 2020-03-16 20:05:25,464][kfold_wrapper.log_eval_metrics] Accuracy(layer_2 - estimator_0 - 3_folds.train_0.predict)=81.85%
[ 2020-03-16 20:05:28,146][kfold_wrapper.log_eval_metrics] Accuracy(layer_2 - estimator_0 - 3_folds.train_1.predict)=77.91%
[ 2020-03-16 20:05:30,834][kfold_wrapper.log_eval_metrics] Accuracy(layer_2 - estimator_0 - 3_folds.train_2.predict)=80.54%
[ 2020-03-16 20:05:31,148][kfold_wrapper.log_eval_metrics] Accuracy(layer_2 - estimator_0 - 3_folds.train_cv.predict)=80.10%
[ 2020-03-16 20:05:31,152][kfold_wrapper.log_eval_metrics] Accuracy(layer_2 - estimator_0 - 3_folds.test.predict)=86.21%
[ 2020-03-16 20:05:33,254][kfold_wrapper.log_eval_metrics] Accuracy(layer_2 - estimator_1 - 3_folds.train_0.predict)=84.17%
[ 2020-03-16 20:05:35,678][kfold_wrapper.log_eval_metrics] Accuracy(layer_2 - estimator_1 - 3_folds.train_1.predict)=82.95%
[ 2020-03-16 20:05:38,092][kfold_wrapper.log_eval_metrics] Accuracy(layer_2 - estimator_1 - 3_folds.train_2.predict)=82.10%
[ 2020-03-16 20:05:38,404][kfold_wrapper.log_eval_metrics] Accuracy(layer_2 - estimator_1 - 3_folds.train_cv.predict)=83.07%
[ 2020-03-16 20:05:38,404][kfold_wrapper.log_eval_metrics] Accuracy(layer_2 - estimator_1 - 3_folds.test.predict)=86.21%
[ 2020-03-16 20:05:40,437][kfold_wrapper.log_eval_metrics] Accuracy(layer_2 - estimator_2 - 3_folds.train_0.predict)=80.69%
[ 2020-03-16 20:05:42,449][kfold_wrapper.log_eval_metrics] Accuracy(layer_2 - estimator_2 - 3_folds.train_1.predict)=81.01%
[ 2020-03-16 20:05:44,447][kfold_wrapper.log_eval_metrics] Accuracy(layer_2 - estimator_2 - 3_folds.train_2.predict)=81.32%
[ 2020-03-16 20:05:44,451][kfold_wrapper.log_eval_metrics] Accuracy(layer_2 - estimator_2 - 3_folds.train_cv.predict)=81.01%
[ 2020-03-16 20:05:44,451][kfold_wrapper.log_eval_metrics] Accuracy(layer_2 - estimator_2 - 3_folds.test.predict)=86.21%
[ 2020-03-16 20:05:44,451][cascade_classifier.calc_accuracy] Accuracy(layer_2 - train.classifier_average)=82.04%
[ 2020-03-16 20:05:44,451][cascade_classifier.calc_accuracy] Accuracy(layer_2 - test.classifier_average)=87.36%
[ 2020-03-16 20:05:44,455][cascade_classifier.fit_transform] [layer=3] look_indexs=[0], X_cur_train.shape=(774, 364), X_cur_test.shape=(87, 364)
[ 2020-03-16 20:05:46,844][kfold_wrapper.log_eval_metrics] Accuracy(layer_3 - estimator_0 - 3_folds.train_0.predict)=81.08%
[ 2020-03-16 20:05:49,414][kfold_wrapper.log_eval_metrics] Accuracy(layer_3 - estimator_0 - 3_folds.train_1.predict)=82.56%
[ 2020-03-16 20:05:52,118][kfold_wrapper.log_eval_metrics] Accuracy(layer_3 - estimator_0 - 3_folds.train_2.predict)=80.54%
[ 2020-03-16 20:05:52,434][kfold_wrapper.log_eval_metrics] Accuracy(layer_3 - estimator_0 - 3_folds.train_cv.predict)=81.40%
[ 2020-03-16 20:05:52,434][kfold_wrapper.log_eval_metrics] Accuracy(layer_3 - estimator_0 - 3_folds.test.predict)=87.36%
[ 2020-03-16 20:05:54,569][kfold_wrapper.log_eval_metrics] Accuracy(layer_3 - estimator_1 - 3_folds.train_0.predict)=82.24%
[ 2020-03-16 20:05:57,000][kfold_wrapper.log_eval_metrics] Accuracy(layer_3 - estimator_1 - 3_folds.train_1.predict)=84.88%
[ 2020-03-16 20:05:59,476][kfold_wrapper.log_eval_metrics] Accuracy(layer_3 - estimator_1 - 3_folds.train_2.predict)=80.54%
[ 2020-03-16 20:05:59,798][kfold_wrapper.log_eval_metrics] Accuracy(layer_3 - estimator_1 - 3_folds.train_cv.predict)=82.56%
[ 2020-03-16 20:05:59,798][kfold_wrapper.log_eval_metrics] Accuracy(layer_3 - estimator_1 - 3_folds.test.predict)=87.36%
[ 2020-03-16 20:06:01,872][kfold_wrapper.log_eval_metrics] Accuracy(layer_3 - estimator_2 - 3_folds.train_0.predict)=78.38%
[ 2020-03-16 20:06:03,858][kfold_wrapper.log_eval_metrics] Accuracy(layer_3 - estimator_2 - 3_folds.train_1.predict)=82.56%
[ 2020-03-16 20:06:05,950][kfold_wrapper.log_eval_metrics] Accuracy(layer_3 - estimator_2 - 3_folds.train_2.predict)=81.71%
[ 2020-03-16 20:06:05,950][kfold_wrapper.log_eval_metrics] Accuracy(layer_3 - estimator_2 - 3_folds.train_cv.predict)=80.88%
[ 2020-03-16 20:06:05,950][kfold_wrapper.log_eval_metrics] Accuracy(layer_3 - estimator_2 - 3_folds.test.predict)=85.06%
[ 2020-03-16 20:06:05,950][cascade_classifier.calc_accuracy] Accuracy(layer_3 - train.classifier_average)=82.56%
[ 2020-03-16 20:06:05,950][cascade_classifier.calc_accuracy] Accuracy(layer_3 - test.classifier_average)=86.21%
[ 2020-03-16 20:06:05,954][cascade_classifier.fit_transform] [layer=4] look_indexs=[0], X_cur_train.shape=(774, 364), X_cur_test.shape=(87, 364)
[ 2020-03-16 20:06:08,367][kfold_wrapper.log_eval_metrics] Accuracy(layer_4 - estimator_0 - 3_folds.train_0.predict)=84.17%
[ 2020-03-16 20:06:11,094][kfold_wrapper.log_eval_metrics] Accuracy(layer_4 - estimator_0 - 3_folds.train_1.predict)=80.62%
[ 2020-03-16 20:06:13,854][kfold_wrapper.log_eval_metrics] Accuracy(layer_4 - estimator_0 - 3_folds.train_2.predict)=80.16%
[ 2020-03-16 20:06:14,175][kfold_wrapper.log_eval_metrics] Accuracy(layer_4 - estimator_0 - 3_folds.train_cv.predict)=81.65%
[ 2020-03-16 20:06:14,175][kfold_wrapper.log_eval_metrics] Accuracy(layer_4 - estimator_0 - 3_folds.test.predict)=86.21%
[ 2020-03-16 20:06:16,330][kfold_wrapper.log_eval_metrics] Accuracy(layer_4 - estimator_1 - 3_folds.train_0.predict)=76.45%
[ 2020-03-16 20:06:18,722][kfold_wrapper.log_eval_metrics] Accuracy(layer_4 - estimator_1 - 3_folds.train_1.predict)=83.33%
[ 2020-03-16 20:06:21,140][kfold_wrapper.log_eval_metrics] Accuracy(layer_4 - estimator_1 - 3_folds.train_2.predict)=84.05%
[ 2020-03-16 20:06:21,454][kfold_wrapper.log_eval_metrics] Accuracy(layer_4 - estimator_1 - 3_folds.train_cv.predict)=81.27%
[ 2020-03-16 20:06:21,454][kfold_wrapper.log_eval_metrics] Accuracy(layer_4 - estimator_1 - 3_folds.test.predict)=87.36%
[ 2020-03-16 20:06:23,530][kfold_wrapper.log_eval_metrics] Accuracy(layer_4 - estimator_2 - 3_folds.train_0.predict)=80.31%
[ 2020-03-16 20:06:25,519][kfold_wrapper.log_eval_metrics] Accuracy(layer_4 - estimator_2 - 3_folds.train_1.predict)=79.46%
[ 2020-03-16 20:06:27,543][kfold_wrapper.log_eval_metrics] Accuracy(layer_4 - estimator_2 - 3_folds.train_2.predict)=83.66%
[ 2020-03-16 20:06:27,547][kfold_wrapper.log_eval_metrics] Accuracy(layer_4 - estimator_2 - 3_folds.train_cv.predict)=81.14%
[ 2020-03-16 20:06:27,547][kfold_wrapper.log_eval_metrics] Accuracy(layer_4 - estimator_2 - 3_folds.test.predict)=85.06%
[ 2020-03-16 20:06:27,547][cascade_classifier.calc_accuracy] Accuracy(layer_4 - train.classifier_average)=81.27%
[ 2020-03-16 20:06:27,547][cascade_classifier.calc_accuracy] Accuracy(layer_4 - test.classifier_average)=86.21%
[ 2020-03-16 20:06:27,547][cascade_classifier.fit_transform] [Result][Optimal Level Detected] opt_layer_num=2, accuracy_train=82.69%, accuracy_test=87.36%
[ 2020-03-16 20:06:27,578][cascade_classifier.transform] X_groups_test.shape=[(87, 358)]
[ 2020-03-16 20:06:27,578][cascade_classifier.transform] group_dims=[358]
[ 2020-03-16 20:06:27,578][cascade_classifier.transform] X_test.shape=(87, 358)
[ 2020-03-16 20:06:27,582][cascade_classifier.transform] [layer=0] look_indexs=[0], X_cur_test.shape=(87, 358)
[ 2020-03-16 20:06:29,478][cascade_classifier.transform] [layer=1] look_indexs=[0], X_cur_test.shape=(87, 364)
[ 2020-03-16 20:06:31,378][cascade_classifier.transform] X_groups_test.shape=[(87, 358)]
[ 2020-03-16 20:06:31,378][cascade_classifier.transform] group_dims=[358]
[ 2020-03-16 20:06:31,378][cascade_classifier.transform] X_test.shape=(87, 358)
[ 2020-03-16 20:06:31,382][cascade_classifier.transform] [layer=0] look_indexs=[0], X_cur_test.shape=(87, 358)
[ 2020-03-16 20:06:33,261][cascade_classifier.transform] [layer=1] look_indexs=[0], X_cur_test.shape=(87, 364)
[ 2020-03-16 20:06:35,177][cascade_classifier.fit_transform] X_groups_train.shape=[(774, 358)],y_train.shape=(774,),X_groups_test.shape=[(87, 358)],y_test.shape=(87,)
[ 2020-03-16 20:06:35,177][cascade_classifier.fit_transform] group_dims=[358]
[ 2020-03-16 20:06:35,177][cascade_classifier.fit_transform] group_starts=[0]
[ 2020-03-16 20:06:35,181][cascade_classifier.fit_transform] group_ends=[358]
[ 2020-03-16 20:06:35,181][cascade_classifier.fit_transform] X_train.shape=(774, 358),X_test.shape=(87, 358)
[ 2020-03-16 20:06:35,181][cascade_classifier.fit_transform] [layer=0] look_indexs=[0], X_cur_train.shape=(774, 358), X_cur_test.shape=(87, 358)
[ 2020-03-16 20:06:37,582][kfold_wrapper.log_eval_metrics] Accuracy(layer_0 - estimator_0 - 3_folds.train_0.predict)=82.24%
[ 2020-03-16 20:06:40,286][kfold_wrapper.log_eval_metrics] Accuracy(layer_0 - estimator_0 - 3_folds.train_1.predict)=84.11%
[ 2020-03-16 20:06:42,875][kfold_wrapper.log_eval_metrics] Accuracy(layer_0 - estimator_0 - 3_folds.train_2.predict)=79.38%
[ 2020-03-16 20:06:43,186][kfold_wrapper.log_eval_metrics] Accuracy(layer_0 - estimator_0 - 3_folds.train_cv.predict)=81.91%
[ 2020-03-16 20:06:43,186][kfold_wrapper.log_eval_metrics] Accuracy(layer_0 - estimator_0 - 3_folds.test.predict)=86.21%
[ 2020-03-16 20:06:45,284][kfold_wrapper.log_eval_metrics] Accuracy(layer_0 - estimator_1 - 3_folds.train_0.predict)=79.92%
[ 2020-03-16 20:06:47,708][kfold_wrapper.log_eval_metrics] Accuracy(layer_0 - estimator_1 - 3_folds.train_1.predict)=82.95%
[ 2020-03-16 20:06:50,134][kfold_wrapper.log_eval_metrics] Accuracy(layer_0 - estimator_1 - 3_folds.train_2.predict)=80.16%
[ 2020-03-16 20:06:50,446][kfold_wrapper.log_eval_metrics] Accuracy(layer_0 - estimator_1 - 3_folds.train_cv.predict)=81.01%
[ 2020-03-16 20:06:50,446][kfold_wrapper.log_eval_metrics] Accuracy(layer_0 - estimator_1 - 3_folds.test.predict)=87.36%
[ 2020-03-16 20:06:52,456][kfold_wrapper.log_eval_metrics] Accuracy(layer_0 - estimator_2 - 3_folds.train_0.predict)=80.31%
[ 2020-03-16 20:06:54,458][kfold_wrapper.log_eval_metrics] Accuracy(layer_0 - estimator_2 - 3_folds.train_1.predict)=82.17%
[ 2020-03-16 20:06:56,429][kfold_wrapper.log_eval_metrics] Accuracy(layer_0 - estimator_2 - 3_folds.train_2.predict)=81.71%
[ 2020-03-16 20:06:56,433][kfold_wrapper.log_eval_metrics] Accuracy(layer_0 - estimator_2 - 3_folds.train_cv.predict)=81.40%
[ 2020-03-16 20:06:56,433][kfold_wrapper.log_eval_metrics] Accuracy(layer_0 - estimator_2 - 3_folds.test.predict)=83.91%
[ 2020-03-16 20:06:56,433][cascade_classifier.calc_accuracy] Accuracy(layer_0 - train.classifier_average)=81.78%
[ 2020-03-16 20:06:56,433][cascade_classifier.calc_accuracy] Accuracy(layer_0 - test.classifier_average)=86.21%
[ 2020-03-16 20:06:56,433][cascade_classifier.fit_transform] [layer=1] look_indexs=[0], X_cur_train.shape=(774, 364), X_cur_test.shape=(87, 364)
[ 2020-03-16 20:06:58,812][kfold_wrapper.log_eval_metrics] Accuracy(layer_1 - estimator_0 - 3_folds.train_0.predict)=80.69%
[ 2020-03-16 20:07:01,522][kfold_wrapper.log_eval_metrics] Accuracy(layer_1 - estimator_0 - 3_folds.train_1.predict)=85.27%
[ 2020-03-16 20:07:04,212][kfold_wrapper.log_eval_metrics] Accuracy(layer_1 - estimator_0 - 3_folds.train_2.predict)=78.21%
[ 2020-03-16 20:07:04,522][kfold_wrapper.log_eval_metrics] Accuracy(layer_1 - estimator_0 - 3_folds.train_cv.predict)=81.40%
[ 2020-03-16 20:07:04,522][kfold_wrapper.log_eval_metrics] Accuracy(layer_1 - estimator_0 - 3_folds.test.predict)=86.21%
[ 2020-03-16 20:07:06,636][kfold_wrapper.log_eval_metrics] Accuracy(layer_1 - estimator_1 - 3_folds.train_0.predict)=81.08%
[ 2020-03-16 20:07:09,054][kfold_wrapper.log_eval_metrics] Accuracy(layer_1 - estimator_1 - 3_folds.train_1.predict)=82.17%
[ 2020-03-16 20:07:11,473][kfold_wrapper.log_eval_metrics] Accuracy(layer_1 - estimator_1 - 3_folds.train_2.predict)=82.88%
[ 2020-03-16 20:07:11,786][kfold_wrapper.log_eval_metrics] Accuracy(layer_1 - estimator_1 - 3_folds.train_cv.predict)=82.04%
[ 2020-03-16 20:07:11,786][kfold_wrapper.log_eval_metrics] Accuracy(layer_1 - estimator_1 - 3_folds.test.predict)=86.21%
[ 2020-03-16 20:07:13,793][kfold_wrapper.log_eval_metrics] Accuracy(layer_1 - estimator_2 - 3_folds.train_0.predict)=81.47%
[ 2020-03-16 20:07:15,803][kfold_wrapper.log_eval_metrics] Accuracy(layer_1 - estimator_2 - 3_folds.train_1.predict)=81.40%
[ 2020-03-16 20:07:17,921][kfold_wrapper.log_eval_metrics] Accuracy(layer_1 - estimator_2 - 3_folds.train_2.predict)=83.27%
[ 2020-03-16 20:07:17,922][kfold_wrapper.log_eval_metrics] Accuracy(layer_1 - estimator_2 - 3_folds.train_cv.predict)=82.04%
[ 2020-03-16 20:07:17,922][kfold_wrapper.log_eval_metrics] Accuracy(layer_1 - estimator_2 - 3_folds.test.predict)=85.06%
[ 2020-03-16 20:07:17,922][cascade_classifier.calc_accuracy] Accuracy(layer_1 - train.classifier_average)=81.91%
[ 2020-03-16 20:07:17,922][cascade_classifier.calc_accuracy] Accuracy(layer_1 - test.classifier_average)=87.36%
[ 2020-03-16 20:07:17,926][cascade_classifier.fit_transform] [layer=2] look_indexs=[0], X_cur_train.shape=(774, 364), X_cur_test.shape=(87, 364)
[ 2020-03-16 20:07:20,203][kfold_wrapper.log_eval_metrics] Accuracy(layer_2 - estimator_0 - 3_folds.train_0.predict)=82.63%
[ 2020-03-16 20:07:22,786][kfold_wrapper.log_eval_metrics] Accuracy(layer_2 - estimator_0 - 3_folds.train_1.predict)=79.84%
[ 2020-03-16 20:07:25,468][kfold_wrapper.log_eval_metrics] Accuracy(layer_2 - estimator_0 - 3_folds.train_2.predict)=81.32%
[ 2020-03-16 20:07:25,778][kfold_wrapper.log_eval_metrics] Accuracy(layer_2 - estimator_0 - 3_folds.train_cv.predict)=81.27%
[ 2020-03-16 20:07:25,778][kfold_wrapper.log_eval_metrics] Accuracy(layer_2 - estimator_0 - 3_folds.test.predict)=86.21%
[ 2020-03-16 20:07:27,878][kfold_wrapper.log_eval_metrics] Accuracy(layer_2 - estimator_1 - 3_folds.train_0.predict)=84.17%
[ 2020-03-16 20:07:30,275][kfold_wrapper.log_eval_metrics] Accuracy(layer_2 - estimator_1 - 3_folds.train_1.predict)=80.62%
[ 2020-03-16 20:07:32,684][kfold_wrapper.log_eval_metrics] Accuracy(layer_2 - estimator_1 - 3_folds.train_2.predict)=81.32%
[ 2020-03-16 20:07:32,994][kfold_wrapper.log_eval_metrics] Accuracy(layer_2 - estimator_1 - 3_folds.train_cv.predict)=82.04%
[ 2020-03-16 20:07:32,994][kfold_wrapper.log_eval_metrics] Accuracy(layer_2 - estimator_1 - 3_folds.test.predict)=87.36%
[ 2020-03-16 20:07:34,876][kfold_wrapper.log_eval_metrics] Accuracy(layer_2 - estimator_2 - 3_folds.train_0.predict)=80.69%
[ 2020-03-16 20:07:36,980][kfold_wrapper.log_eval_metrics] Accuracy(layer_2 - estimator_2 - 3_folds.train_1.predict)=83.33%
[ 2020-03-16 20:07:39,068][kfold_wrapper.log_eval_metrics] Accuracy(layer_2 - estimator_2 - 3_folds.train_2.predict)=81.71%
[ 2020-03-16 20:07:39,072][kfold_wrapper.log_eval_metrics] Accuracy(layer_2 - estimator_2 - 3_folds.train_cv.predict)=81.91%
[ 2020-03-16 20:07:39,072][kfold_wrapper.log_eval_metrics] Accuracy(layer_2 - estimator_2 - 3_folds.test.predict)=86.21%
[ 2020-03-16 20:07:39,072][cascade_classifier.calc_accuracy] Accuracy(layer_2 - train.classifier_average)=81.91%
[ 2020-03-16 20:07:39,072][cascade_classifier.calc_accuracy] Accuracy(layer_2 - test.classifier_average)=85.06%
[ 2020-03-16 20:07:39,072][cascade_classifier.fit_transform] [layer=3] look_indexs=[0], X_cur_train.shape=(774, 364), X_cur_test.shape=(87, 364)
[ 2020-03-16 20:07:41,466][kfold_wrapper.log_eval_metrics] Accuracy(layer_3 - estimator_0 - 3_folds.train_0.predict)=79.54%
[ 2020-03-16 20:07:44,163][kfold_wrapper.log_eval_metrics] Accuracy(layer_3 - estimator_0 - 3_folds.train_1.predict)=83.72%
[ 2020-03-16 20:07:46,862][kfold_wrapper.log_eval_metrics] Accuracy(layer_3 - estimator_0 - 3_folds.train_2.predict)=81.32%
[ 2020-03-16 20:07:47,178][kfold_wrapper.log_eval_metrics] Accuracy(layer_3 - estimator_0 - 3_folds.train_cv.predict)=81.52%
[ 2020-03-16 20:07:47,178][kfold_wrapper.log_eval_metrics] Accuracy(layer_3 - estimator_0 - 3_folds.test.predict)=86.21%
[ 2020-03-16 20:07:49,296][kfold_wrapper.log_eval_metrics] Accuracy(layer_3 - estimator_1 - 3_folds.train_0.predict)=82.24%
[ 2020-03-16 20:07:51,710][kfold_wrapper.log_eval_metrics] Accuracy(layer_3 - estimator_1 - 3_folds.train_1.predict)=78.29%
[ 2020-03-16 20:07:54,131][kfold_wrapper.log_eval_metrics] Accuracy(layer_3 - estimator_1 - 3_folds.train_2.predict)=85.21%
[ 2020-03-16 20:07:54,442][kfold_wrapper.log_eval_metrics] Accuracy(layer_3 - estimator_1 - 3_folds.train_cv.predict)=81.91%
[ 2020-03-16 20:07:54,442][kfold_wrapper.log_eval_metrics] Accuracy(layer_3 - estimator_1 - 3_folds.test.predict)=88.51%
[ 2020-03-16 20:07:56,352][kfold_wrapper.log_eval_metrics] Accuracy(layer_3 - estimator_2 - 3_folds.train_0.predict)=80.31%
[ 2020-03-16 20:07:58,410][kfold_wrapper.log_eval_metrics] Accuracy(layer_3 - estimator_2 - 3_folds.train_1.predict)=80.23%
[ 2020-03-16 20:08:00,457][kfold_wrapper.log_eval_metrics] Accuracy(layer_3 - estimator_2 - 3_folds.train_2.predict)=80.93%
[ 2020-03-16 20:08:00,461][kfold_wrapper.log_eval_metrics] Accuracy(layer_3 - estimator_2 - 3_folds.train_cv.predict)=80.49%
[ 2020-03-16 20:08:00,461][kfold_wrapper.log_eval_metrics] Accuracy(layer_3 - estimator_2 - 3_folds.test.predict)=87.36%
[ 2020-03-16 20:08:00,461][cascade_classifier.calc_accuracy] Accuracy(layer_3 - train.classifier_average)=81.78%
[ 2020-03-16 20:08:00,461][cascade_classifier.calc_accuracy] Accuracy(layer_3 - test.classifier_average)=86.21%
[ 2020-03-16 20:08:00,465][cascade_classifier.fit_transform] [layer=4] look_indexs=[0], X_cur_train.shape=(774, 364), X_cur_test.shape=(87, 364)
[ 2020-03-16 20:08:02,864][kfold_wrapper.log_eval_metrics] Accuracy(layer_4 - estimator_0 - 3_folds.train_0.predict)=83.78%
