[ 2020-03-15 21:29:25,457][cascade_classifier.fit_transform] X_groups_train.shape=[(774, 1)],y_train.shape=(774,),X_groups_test.shape=[(87, 1)],y_test.shape=(87,)
[ 2020-03-15 21:29:25,457][cascade_classifier.fit_transform] group_dims=[1]
[ 2020-03-15 21:29:25,457][cascade_classifier.fit_transform] group_starts=[0]
[ 2020-03-15 21:29:25,457][cascade_classifier.fit_transform] group_ends=[1]
[ 2020-03-15 21:29:25,457][cascade_classifier.fit_transform] X_train.shape=(774, 1),X_test.shape=(87, 1)
[ 2020-03-15 21:29:25,457][cascade_classifier.fit_transform] [layer=0] look_indexs=[0], X_cur_train.shape=(774, 1), X_cur_test.shape=(87, 1)
[ 2020-03-15 21:29:27,905][kfold_wrapper.log_eval_metrics] Accuracy(layer_0 - estimator_0 - 3_folds.train_0.predict)=86.10%
[ 2020-03-15 21:29:30,624][kfold_wrapper.log_eval_metrics] Accuracy(layer_0 - estimator_0 - 3_folds.train_1.predict)=84.11%
[ 2020-03-15 21:29:33,729][kfold_wrapper.log_eval_metrics] Accuracy(layer_0 - estimator_0 - 3_folds.train_2.predict)=82.49%
[ 2020-03-15 21:29:34,057][kfold_wrapper.log_eval_metrics] Accuracy(layer_0 - estimator_0 - 3_folds.train_cv.predict)=84.24%
[ 2020-03-15 21:29:34,057][kfold_wrapper.log_eval_metrics] Accuracy(layer_0 - estimator_0 - 3_folds.test.predict)=85.06%
[ 2020-03-15 21:29:36,305][kfold_wrapper.log_eval_metrics] Accuracy(layer_0 - estimator_1 - 3_folds.train_0.predict)=84.56%
[ 2020-03-15 21:29:38,993][kfold_wrapper.log_eval_metrics] Accuracy(layer_0 - estimator_1 - 3_folds.train_1.predict)=82.95%
[ 2020-03-15 21:29:41,444][kfold_wrapper.log_eval_metrics] Accuracy(layer_0 - estimator_1 - 3_folds.train_2.predict)=80.93%
[ 2020-03-15 21:29:41,772][kfold_wrapper.log_eval_metrics] Accuracy(layer_0 - estimator_1 - 3_folds.train_cv.predict)=82.82%
[ 2020-03-15 21:29:41,772][kfold_wrapper.log_eval_metrics] Accuracy(layer_0 - estimator_1 - 3_folds.test.predict)=85.06%
[ 2020-03-15 21:29:42,038][kfold_wrapper.log_eval_metrics] Accuracy(layer_0 - estimator_2 - 3_folds.train_0.predict)=85.33%
[ 2020-03-15 21:29:42,178][kfold_wrapper.log_eval_metrics] Accuracy(layer_0 - estimator_2 - 3_folds.train_1.predict)=86.82%
[ 2020-03-15 21:29:42,319][kfold_wrapper.log_eval_metrics] Accuracy(layer_0 - estimator_2 - 3_folds.train_2.predict)=86.77%
[ 2020-03-15 21:29:42,319][kfold_wrapper.log_eval_metrics] Accuracy(layer_0 - estimator_2 - 3_folds.train_cv.predict)=86.30%
[ 2020-03-15 21:29:42,319][kfold_wrapper.log_eval_metrics] Accuracy(layer_0 - estimator_2 - 3_folds.test.predict)=86.21%
[ 2020-03-15 21:29:42,334][cascade_classifier.calc_accuracy] Accuracy(layer_0 - train.classifier_average)=87.08%
[ 2020-03-15 21:29:42,334][cascade_classifier.calc_accuracy] Accuracy(layer_0 - test.classifier_average)=85.06%
[ 2020-03-15 21:29:42,334][cascade_classifier.fit_transform] [layer=1] look_indexs=[0], X_cur_train.shape=(774, 7), X_cur_test.shape=(87, 7)
[ 2020-03-15 21:29:44,444][kfold_wrapper.log_eval_metrics] Accuracy(layer_1 - estimator_0 - 3_folds.train_0.predict)=86.10%
[ 2020-03-15 21:29:46,960][kfold_wrapper.log_eval_metrics] Accuracy(layer_1 - estimator_0 - 3_folds.train_1.predict)=86.82%
[ 2020-03-15 21:29:49,429][kfold_wrapper.log_eval_metrics] Accuracy(layer_1 - estimator_0 - 3_folds.train_2.predict)=86.38%
[ 2020-03-15 21:29:49,757][kfold_wrapper.log_eval_metrics] Accuracy(layer_1 - estimator_0 - 3_folds.train_cv.predict)=86.43%
[ 2020-03-15 21:29:49,757][kfold_wrapper.log_eval_metrics] Accuracy(layer_1 - estimator_0 - 3_folds.test.predict)=89.66%
[ 2020-03-15 21:29:51,867][kfold_wrapper.log_eval_metrics] Accuracy(layer_1 - estimator_1 - 3_folds.train_0.predict)=86.87%
[ 2020-03-15 21:29:54,304][kfold_wrapper.log_eval_metrics] Accuracy(layer_1 - estimator_1 - 3_folds.train_1.predict)=86.05%
[ 2020-03-15 21:29:56,734][kfold_wrapper.log_eval_metrics] Accuracy(layer_1 - estimator_1 - 3_folds.train_2.predict)=85.60%
[ 2020-03-15 21:29:57,094][kfold_wrapper.log_eval_metrics] Accuracy(layer_1 - estimator_1 - 3_folds.train_cv.predict)=86.18%
[ 2020-03-15 21:29:57,094][kfold_wrapper.log_eval_metrics] Accuracy(layer_1 - estimator_1 - 3_folds.test.predict)=89.66%
[ 2020-03-15 21:29:57,282][kfold_wrapper.log_eval_metrics] Accuracy(layer_1 - estimator_2 - 3_folds.train_0.predict)=88.03%
[ 2020-03-15 21:29:57,465][kfold_wrapper.log_eval_metrics] Accuracy(layer_1 - estimator_2 - 3_folds.train_1.predict)=85.66%
[ 2020-03-15 21:29:57,657][kfold_wrapper.log_eval_metrics] Accuracy(layer_1 - estimator_2 - 3_folds.train_2.predict)=87.55%
[ 2020-03-15 21:29:57,657][kfold_wrapper.log_eval_metrics] Accuracy(layer_1 - estimator_2 - 3_folds.train_cv.predict)=87.08%
[ 2020-03-15 21:29:57,657][kfold_wrapper.log_eval_metrics] Accuracy(layer_1 - estimator_2 - 3_folds.test.predict)=88.51%
[ 2020-03-15 21:29:57,657][cascade_classifier.calc_accuracy] Accuracy(layer_1 - train.classifier_average)=87.86%
[ 2020-03-15 21:29:57,657][cascade_classifier.calc_accuracy] Accuracy(layer_1 - test.classifier_average)=89.66%
[ 2020-03-15 21:29:57,657][cascade_classifier.fit_transform] [layer=2] look_indexs=[0], X_cur_train.shape=(774, 7), X_cur_test.shape=(87, 7)
[ 2020-03-15 21:29:59,744][kfold_wrapper.log_eval_metrics] Accuracy(layer_2 - estimator_0 - 3_folds.train_0.predict)=88.80%
[ 2020-03-15 21:30:02,250][kfold_wrapper.log_eval_metrics] Accuracy(layer_2 - estimator_0 - 3_folds.train_1.predict)=89.53%
[ 2020-03-15 21:30:04,673][kfold_wrapper.log_eval_metrics] Accuracy(layer_2 - estimator_0 - 3_folds.train_2.predict)=88.33%
[ 2020-03-15 21:30:05,001][kfold_wrapper.log_eval_metrics] Accuracy(layer_2 - estimator_0 - 3_folds.train_cv.predict)=88.89%
[ 2020-03-15 21:30:05,001][kfold_wrapper.log_eval_metrics] Accuracy(layer_2 - estimator_0 - 3_folds.test.predict)=89.66%
[ 2020-03-15 21:30:07,146][kfold_wrapper.log_eval_metrics] Accuracy(layer_2 - estimator_1 - 3_folds.train_0.predict)=87.64%
[ 2020-03-15 21:30:09,600][kfold_wrapper.log_eval_metrics] Accuracy(layer_2 - estimator_1 - 3_folds.train_1.predict)=87.60%
[ 2020-03-15 21:30:12,053][kfold_wrapper.log_eval_metrics] Accuracy(layer_2 - estimator_1 - 3_folds.train_2.predict)=90.27%
[ 2020-03-15 21:30:12,397][kfold_wrapper.log_eval_metrics] Accuracy(layer_2 - estimator_1 - 3_folds.train_cv.predict)=88.50%
[ 2020-03-15 21:30:12,397][kfold_wrapper.log_eval_metrics] Accuracy(layer_2 - estimator_1 - 3_folds.test.predict)=87.36%
[ 2020-03-15 21:30:12,568][kfold_wrapper.log_eval_metrics] Accuracy(layer_2 - estimator_2 - 3_folds.train_0.predict)=83.40%
[ 2020-03-15 21:30:12,756][kfold_wrapper.log_eval_metrics] Accuracy(layer_2 - estimator_2 - 3_folds.train_1.predict)=89.53%
[ 2020-03-15 21:30:12,928][kfold_wrapper.log_eval_metrics] Accuracy(layer_2 - estimator_2 - 3_folds.train_2.predict)=87.94%
[ 2020-03-15 21:30:12,943][kfold_wrapper.log_eval_metrics] Accuracy(layer_2 - estimator_2 - 3_folds.train_cv.predict)=86.95%
[ 2020-03-15 21:30:12,943][kfold_wrapper.log_eval_metrics] Accuracy(layer_2 - estimator_2 - 3_folds.test.predict)=87.36%
[ 2020-03-15 21:30:12,943][cascade_classifier.calc_accuracy] Accuracy(layer_2 - train.classifier_average)=88.24%
[ 2020-03-15 21:30:12,943][cascade_classifier.calc_accuracy] Accuracy(layer_2 - test.classifier_average)=89.66%
[ 2020-03-15 21:30:12,943][cascade_classifier.fit_transform] [layer=3] look_indexs=[0], X_cur_train.shape=(774, 7), X_cur_test.shape=(87, 7)
[ 2020-03-15 21:30:15,053][kfold_wrapper.log_eval_metrics] Accuracy(layer_3 - estimator_0 - 3_folds.train_0.predict)=87.26%
[ 2020-03-15 21:30:17,506][kfold_wrapper.log_eval_metrics] Accuracy(layer_3 - estimator_0 - 3_folds.train_1.predict)=87.21%
[ 2020-03-15 21:30:19,944][kfold_wrapper.log_eval_metrics] Accuracy(layer_3 - estimator_0 - 3_folds.train_2.predict)=85.99%
[ 2020-03-15 21:30:20,272][kfold_wrapper.log_eval_metrics] Accuracy(layer_3 - estimator_0 - 3_folds.train_cv.predict)=86.82%
[ 2020-03-15 21:30:20,272][kfold_wrapper.log_eval_metrics] Accuracy(layer_3 - estimator_0 - 3_folds.test.predict)=89.66%
[ 2020-03-15 21:30:22,382][kfold_wrapper.log_eval_metrics] Accuracy(layer_3 - estimator_1 - 3_folds.train_0.predict)=86.10%
[ 2020-03-15 21:30:24,835][kfold_wrapper.log_eval_metrics] Accuracy(layer_3 - estimator_1 - 3_folds.train_1.predict)=87.98%
[ 2020-03-15 21:30:27,273][kfold_wrapper.log_eval_metrics] Accuracy(layer_3 - estimator_1 - 3_folds.train_2.predict)=87.16%
[ 2020-03-15 21:30:27,601][kfold_wrapper.log_eval_metrics] Accuracy(layer_3 - estimator_1 - 3_folds.train_cv.predict)=87.08%
[ 2020-03-15 21:30:27,601][kfold_wrapper.log_eval_metrics] Accuracy(layer_3 - estimator_1 - 3_folds.test.predict)=88.51%
[ 2020-03-15 21:30:27,788][kfold_wrapper.log_eval_metrics] Accuracy(layer_3 - estimator_2 - 3_folds.train_0.predict)=84.17%
[ 2020-03-15 21:30:27,960][kfold_wrapper.log_eval_metrics] Accuracy(layer_3 - estimator_2 - 3_folds.train_1.predict)=81.40%
[ 2020-03-15 21:30:28,148][kfold_wrapper.log_eval_metrics] Accuracy(layer_3 - estimator_2 - 3_folds.train_2.predict)=85.99%
[ 2020-03-15 21:30:28,148][kfold_wrapper.log_eval_metrics] Accuracy(layer_3 - estimator_2 - 3_folds.train_cv.predict)=83.85%
[ 2020-03-15 21:30:28,148][kfold_wrapper.log_eval_metrics] Accuracy(layer_3 - estimator_2 - 3_folds.test.predict)=88.51%
[ 2020-03-15 21:30:28,148][cascade_classifier.calc_accuracy] Accuracy(layer_3 - train.classifier_average)=85.79%
[ 2020-03-15 21:30:28,148][cascade_classifier.calc_accuracy] Accuracy(layer_3 - test.classifier_average)=88.51%
[ 2020-03-15 21:30:28,148][cascade_classifier.fit_transform] [layer=4] look_indexs=[0], X_cur_train.shape=(774, 7), X_cur_test.shape=(87, 7)
[ 2020-03-15 21:30:30,273][kfold_wrapper.log_eval_metrics] Accuracy(layer_4 - estimator_0 - 3_folds.train_0.predict)=88.42%
[ 2020-03-15 21:30:32,726][kfold_wrapper.log_eval_metrics] Accuracy(layer_4 - estimator_0 - 3_folds.train_1.predict)=89.53%
[ 2020-03-15 21:30:35,164][kfold_wrapper.log_eval_metrics] Accuracy(layer_4 - estimator_0 - 3_folds.train_2.predict)=86.77%
[ 2020-03-15 21:30:35,493][kfold_wrapper.log_eval_metrics] Accuracy(layer_4 - estimator_0 - 3_folds.train_cv.predict)=88.24%
[ 2020-03-15 21:30:35,493][kfold_wrapper.log_eval_metrics] Accuracy(layer_4 - estimator_0 - 3_folds.test.predict)=89.66%
[ 2020-03-15 21:30:37,618][kfold_wrapper.log_eval_metrics] Accuracy(layer_4 - estimator_1 - 3_folds.train_0.predict)=86.10%
[ 2020-03-15 21:30:40,055][kfold_wrapper.log_eval_metrics] Accuracy(layer_4 - estimator_1 - 3_folds.train_1.predict)=88.76%
[ 2020-03-15 21:30:42,509][kfold_wrapper.log_eval_metrics] Accuracy(layer_4 - estimator_1 - 3_folds.train_2.predict)=89.49%
[ 2020-03-15 21:30:42,852][kfold_wrapper.log_eval_metrics] Accuracy(layer_4 - estimator_1 - 3_folds.train_cv.predict)=88.11%
[ 2020-03-15 21:30:42,852][kfold_wrapper.log_eval_metrics] Accuracy(layer_4 - estimator_1 - 3_folds.test.predict)=89.66%
[ 2020-03-15 21:30:43,040][kfold_wrapper.log_eval_metrics] Accuracy(layer_4 - estimator_2 - 3_folds.train_0.predict)=86.87%
[ 2020-03-15 21:30:43,227][kfold_wrapper.log_eval_metrics] Accuracy(layer_4 - estimator_2 - 3_folds.train_1.predict)=84.88%
[ 2020-03-15 21:30:43,399][kfold_wrapper.log_eval_metrics] Accuracy(layer_4 - estimator_2 - 3_folds.train_2.predict)=87.16%
[ 2020-03-15 21:30:43,399][kfold_wrapper.log_eval_metrics] Accuracy(layer_4 - estimator_2 - 3_folds.train_cv.predict)=86.30%
[ 2020-03-15 21:30:43,399][kfold_wrapper.log_eval_metrics] Accuracy(layer_4 - estimator_2 - 3_folds.test.predict)=87.36%
[ 2020-03-15 21:30:43,399][cascade_classifier.calc_accuracy] Accuracy(layer_4 - train.classifier_average)=88.37%
[ 2020-03-15 21:30:43,399][cascade_classifier.calc_accuracy] Accuracy(layer_4 - test.classifier_average)=89.66%
[ 2020-03-15 21:30:43,399][cascade_classifier.fit_transform] [layer=5] look_indexs=[0], X_cur_train.shape=(774, 7), X_cur_test.shape=(87, 7)
[ 2020-03-15 21:30:45,525][kfold_wrapper.log_eval_metrics] Accuracy(layer_5 - estimator_0 - 3_folds.train_0.predict)=89.19%
[ 2020-03-15 21:30:48,010][kfold_wrapper.log_eval_metrics] Accuracy(layer_5 - estimator_0 - 3_folds.train_1.predict)=86.82%
[ 2020-03-15 21:30:50,457][kfold_wrapper.log_eval_metrics] Accuracy(layer_5 - estimator_0 - 3_folds.train_2.predict)=87.94%
[ 2020-03-15 21:30:50,800][kfold_wrapper.log_eval_metrics] Accuracy(layer_5 - estimator_0 - 3_folds.train_cv.predict)=87.98%
[ 2020-03-15 21:30:50,800][kfold_wrapper.log_eval_metrics] Accuracy(layer_5 - estimator_0 - 3_folds.test.predict)=89.66%
[ 2020-03-15 21:30:52,910][kfold_wrapper.log_eval_metrics] Accuracy(layer_5 - estimator_1 - 3_folds.train_0.predict)=87.26%
[ 2020-03-15 21:30:55,363][kfold_wrapper.log_eval_metrics] Accuracy(layer_5 - estimator_1 - 3_folds.train_1.predict)=89.53%
[ 2020-03-15 21:30:57,848][kfold_wrapper.log_eval_metrics] Accuracy(layer_5 - estimator_1 - 3_folds.train_2.predict)=87.16%
[ 2020-03-15 21:30:58,176][kfold_wrapper.log_eval_metrics] Accuracy(layer_5 - estimator_1 - 3_folds.train_cv.predict)=87.98%
[ 2020-03-15 21:30:58,176][kfold_wrapper.log_eval_metrics] Accuracy(layer_5 - estimator_1 - 3_folds.test.predict)=89.66%
[ 2020-03-15 21:30:58,363][kfold_wrapper.log_eval_metrics] Accuracy(layer_5 - estimator_2 - 3_folds.train_0.predict)=83.40%
[ 2020-03-15 21:30:58,535][kfold_wrapper.log_eval_metrics] Accuracy(layer_5 - estimator_2 - 3_folds.train_1.predict)=87.21%
[ 2020-03-15 21:30:58,722][kfold_wrapper.log_eval_metrics] Accuracy(layer_5 - estimator_2 - 3_folds.train_2.predict)=85.60%
[ 2020-03-15 21:30:58,738][kfold_wrapper.log_eval_metrics] Accuracy(layer_5 - estimator_2 - 3_folds.train_cv.predict)=85.40%
[ 2020-03-15 21:30:58,738][kfold_wrapper.log_eval_metrics] Accuracy(layer_5 - estimator_2 - 3_folds.test.predict)=86.21%
[ 2020-03-15 21:30:58,738][cascade_classifier.calc_accuracy] Accuracy(layer_5 - train.classifier_average)=87.21%
[ 2020-03-15 21:30:58,738][cascade_classifier.calc_accuracy] Accuracy(layer_5 - test.classifier_average)=89.66%
[ 2020-03-15 21:30:58,738][cascade_classifier.fit_transform] [layer=6] look_indexs=[0], X_cur_train.shape=(774, 7), X_cur_test.shape=(87, 7)
[ 2020-03-15 21:31:00,848][kfold_wrapper.log_eval_metrics] Accuracy(layer_6 - estimator_0 - 3_folds.train_0.predict)=86.10%
[ 2020-03-15 21:31:03,300][kfold_wrapper.log_eval_metrics] Accuracy(layer_6 - estimator_0 - 3_folds.train_1.predict)=89.92%
[ 2020-03-15 21:31:05,723][kfold_wrapper.log_eval_metrics] Accuracy(layer_6 - estimator_0 - 3_folds.train_2.predict)=87.94%
[ 2020-03-15 21:31:06,051][kfold_wrapper.log_eval_metrics] Accuracy(layer_6 - estimator_0 - 3_folds.train_cv.predict)=87.98%
[ 2020-03-15 21:31:06,051][kfold_wrapper.log_eval_metrics] Accuracy(layer_6 - estimator_0 - 3_folds.test.predict)=88.51%
[ 2020-03-15 21:31:08,192][kfold_wrapper.log_eval_metrics] Accuracy(layer_6 - estimator_1 - 3_folds.train_0.predict)=83.78%
[ 2020-03-15 21:31:10,661][kfold_wrapper.log_eval_metrics] Accuracy(layer_6 - estimator_1 - 3_folds.train_1.predict)=84.88%
[ 2020-03-15 21:31:13,114][kfold_wrapper.log_eval_metrics] Accuracy(layer_6 - estimator_1 - 3_folds.train_2.predict)=91.83%
[ 2020-03-15 21:31:13,443][kfold_wrapper.log_eval_metrics] Accuracy(layer_6 - estimator_1 - 3_folds.train_cv.predict)=86.82%
[ 2020-03-15 21:31:13,443][kfold_wrapper.log_eval_metrics] Accuracy(layer_6 - estimator_1 - 3_folds.test.predict)=88.51%
[ 2020-03-15 21:31:13,614][kfold_wrapper.log_eval_metrics] Accuracy(layer_6 - estimator_2 - 3_folds.train_0.predict)=84.56%
[ 2020-03-15 21:31:13,802][kfold_wrapper.log_eval_metrics] Accuracy(layer_6 - estimator_2 - 3_folds.train_1.predict)=87.98%
[ 2020-03-15 21:31:13,989][kfold_wrapper.log_eval_metrics] Accuracy(layer_6 - estimator_2 - 3_folds.train_2.predict)=85.21%
[ 2020-03-15 21:31:13,989][kfold_wrapper.log_eval_metrics] Accuracy(layer_6 - estimator_2 - 3_folds.train_cv.predict)=85.92%
[ 2020-03-15 21:31:13,989][kfold_wrapper.log_eval_metrics] Accuracy(layer_6 - estimator_2 - 3_folds.test.predict)=89.66%
[ 2020-03-15 21:31:13,989][cascade_classifier.calc_accuracy] Accuracy(layer_6 - train.classifier_average)=86.56%
[ 2020-03-15 21:31:13,989][cascade_classifier.calc_accuracy] Accuracy(layer_6 - test.classifier_average)=89.66%
[ 2020-03-15 21:31:14,005][cascade_classifier.fit_transform] [layer=7] look_indexs=[0], X_cur_train.shape=(774, 7), X_cur_test.shape=(87, 7)
[ 2020-03-15 21:31:16,130][kfold_wrapper.log_eval_metrics] Accuracy(layer_7 - estimator_0 - 3_folds.train_0.predict)=85.33%
[ 2020-03-15 21:31:18,583][kfold_wrapper.log_eval_metrics] Accuracy(layer_7 - estimator_0 - 3_folds.train_1.predict)=85.27%
[ 2020-03-15 21:31:21,021][kfold_wrapper.log_eval_metrics] Accuracy(layer_7 - estimator_0 - 3_folds.train_2.predict)=88.72%
[ 2020-03-15 21:31:21,349][kfold_wrapper.log_eval_metrics] Accuracy(layer_7 - estimator_0 - 3_folds.train_cv.predict)=86.43%
[ 2020-03-15 21:31:21,349][kfold_wrapper.log_eval_metrics] Accuracy(layer_7 - estimator_0 - 3_folds.test.predict)=88.51%
[ 2020-03-15 21:31:23,459][kfold_wrapper.log_eval_metrics] Accuracy(layer_7 - estimator_1 - 3_folds.train_0.predict)=85.71%
[ 2020-03-15 21:31:25,881][kfold_wrapper.log_eval_metrics] Accuracy(layer_7 - estimator_1 - 3_folds.train_1.predict)=87.98%
[ 2020-03-15 21:31:28,303][kfold_wrapper.log_eval_metrics] Accuracy(layer_7 - estimator_1 - 3_folds.train_2.predict)=85.99%
[ 2020-03-15 21:31:28,631][kfold_wrapper.log_eval_metrics] Accuracy(layer_7 - estimator_1 - 3_folds.train_cv.predict)=86.56%
[ 2020-03-15 21:31:28,631][kfold_wrapper.log_eval_metrics] Accuracy(layer_7 - estimator_1 - 3_folds.test.predict)=88.51%
[ 2020-03-15 21:31:28,818][kfold_wrapper.log_eval_metrics] Accuracy(layer_7 - estimator_2 - 3_folds.train_0.predict)=83.40%
[ 2020-03-15 21:31:29,017][kfold_wrapper.log_eval_metrics] Accuracy(layer_7 - estimator_2 - 3_folds.train_1.predict)=86.43%
[ 2020-03-15 21:31:29,195][kfold_wrapper.log_eval_metrics] Accuracy(layer_7 - estimator_2 - 3_folds.train_2.predict)=87.16%
[ 2020-03-15 21:31:29,195][kfold_wrapper.log_eval_metrics] Accuracy(layer_7 - estimator_2 - 3_folds.train_cv.predict)=85.66%
[ 2020-03-15 21:31:29,195][kfold_wrapper.log_eval_metrics] Accuracy(layer_7 - estimator_2 - 3_folds.test.predict)=89.66%
[ 2020-03-15 21:31:29,195][cascade_classifier.calc_accuracy] Accuracy(layer_7 - train.classifier_average)=87.21%
[ 2020-03-15 21:31:29,195][cascade_classifier.calc_accuracy] Accuracy(layer_7 - test.classifier_average)=88.51%
[ 2020-03-15 21:31:29,195][cascade_classifier.fit_transform] [Result][Optimal Level Detected] opt_layer_num=5, accuracy_train=88.37%, accuracy_test=89.66%
[ 2020-03-15 21:31:29,211][cascade_classifier.transform] X_groups_test.shape=[(87, 1)]
[ 2020-03-15 21:31:29,211][cascade_classifier.transform] group_dims=[1]
[ 2020-03-15 21:31:29,211][cascade_classifier.transform] X_test.shape=(87, 1)
[ 2020-03-15 21:31:29,211][cascade_classifier.transform] [layer=0] look_indexs=[0], X_cur_test.shape=(87, 1)
[ 2020-03-15 21:31:31,211][cascade_classifier.transform] [layer=1] look_indexs=[0], X_cur_test.shape=(87, 7)
[ 2020-03-15 21:31:33,195][cascade_classifier.transform] [layer=2] look_indexs=[0], X_cur_test.shape=(87, 7)
[ 2020-03-15 21:31:35,194][cascade_classifier.transform] [layer=3] look_indexs=[0], X_cur_test.shape=(87, 7)
[ 2020-03-15 21:31:37,209][cascade_classifier.transform] [layer=4] look_indexs=[0], X_cur_test.shape=(87, 7)
[ 2020-03-15 21:31:39,209][cascade_classifier.transform] X_groups_test.shape=[(87, 1)]
[ 2020-03-15 21:31:39,209][cascade_classifier.transform] group_dims=[1]
[ 2020-03-15 21:31:39,209][cascade_classifier.transform] X_test.shape=(87, 1)
[ 2020-03-15 21:31:39,209][cascade_classifier.transform] [layer=0] look_indexs=[0], X_cur_test.shape=(87, 1)
[ 2020-03-15 21:31:41,225][cascade_classifier.transform] [layer=1] look_indexs=[0], X_cur_test.shape=(87, 7)
[ 2020-03-15 21:31:43,210][cascade_classifier.transform] [layer=2] look_indexs=[0], X_cur_test.shape=(87, 7)
[ 2020-03-15 21:31:45,179][cascade_classifier.transform] [layer=3] look_indexs=[0], X_cur_test.shape=(87, 7)
[ 2020-03-15 21:31:47,335][cascade_classifier.transform] [layer=4] look_indexs=[0], X_cur_test.shape=(87, 7)
[ 2020-03-15 21:31:49,736][cascade_classifier.fit_transform] X_groups_train.shape=[(774, 1)],y_train.shape=(774,),X_groups_test.shape=[(87, 1)],y_test.shape=(87,)
[ 2020-03-15 21:31:49,752][cascade_classifier.fit_transform] group_dims=[1]
[ 2020-03-15 21:31:49,752][cascade_classifier.fit_transform] group_starts=[0]
[ 2020-03-15 21:31:49,752][cascade_classifier.fit_transform] group_ends=[1]
[ 2020-03-15 21:31:49,752][cascade_classifier.fit_transform] X_train.shape=(774, 1),X_test.shape=(87, 1)
[ 2020-03-15 21:31:49,752][cascade_classifier.fit_transform] [layer=0] look_indexs=[0], X_cur_train.shape=(774, 1), X_cur_test.shape=(87, 1)
[ 2020-03-15 21:31:51,877][kfold_wrapper.log_eval_metrics] Accuracy(layer_0 - estimator_0 - 3_folds.train_0.predict)=83.01%
[ 2020-03-15 21:31:54,334][kfold_wrapper.log_eval_metrics] Accuracy(layer_0 - estimator_0 - 3_folds.train_1.predict)=83.72%
[ 2020-03-15 21:31:56,771][kfold_wrapper.log_eval_metrics] Accuracy(layer_0 - estimator_0 - 3_folds.train_2.predict)=81.71%
[ 2020-03-15 21:31:57,100][kfold_wrapper.log_eval_metrics] Accuracy(layer_0 - estimator_0 - 3_folds.train_cv.predict)=82.82%
[ 2020-03-15 21:31:57,100][kfold_wrapper.log_eval_metrics] Accuracy(layer_0 - estimator_0 - 3_folds.test.predict)=85.06%
