[ 2020-03-20 16:45:31,713][cascade_classifier.fit_transform] X_groups_train.shape=[(774, 354)],y_train.shape=(774,),X_groups_test.shape=[(87, 354)],y_test.shape=(87,)
[ 2020-03-20 16:45:31,715][cascade_classifier.fit_transform] group_dims=[354]
[ 2020-03-20 16:45:31,715][cascade_classifier.fit_transform] group_starts=[0]
[ 2020-03-20 16:45:31,716][cascade_classifier.fit_transform] group_ends=[354]
[ 2020-03-20 16:45:31,716][cascade_classifier.fit_transform] X_train.shape=(774, 354),X_test.shape=(87, 354)
[ 2020-03-20 16:45:31,718][cascade_classifier.fit_transform] [layer=0] look_indexs=[0], X_cur_train.shape=(774, 354), X_cur_test.shape=(87, 354)
[ 2020-03-20 16:45:34,146][kfold_wrapper.log_eval_metrics] Accuracy(layer_0 - estimator_0 - 3_folds.train_0.predict)=90.35%
[ 2020-03-20 16:45:36,836][kfold_wrapper.log_eval_metrics] Accuracy(layer_0 - estimator_0 - 3_folds.train_1.predict)=89.92%
[ 2020-03-20 16:45:39,523][kfold_wrapper.log_eval_metrics] Accuracy(layer_0 - estimator_0 - 3_folds.train_2.predict)=92.22%
[ 2020-03-20 16:45:39,833][kfold_wrapper.log_eval_metrics] Accuracy(layer_0 - estimator_0 - 3_folds.train_cv.predict)=90.83%
[ 2020-03-20 16:45:39,833][kfold_wrapper.log_eval_metrics] Accuracy(layer_0 - estimator_0 - 3_folds.test.predict)=94.25%
[ 2020-03-20 16:45:42,062][kfold_wrapper.log_eval_metrics] Accuracy(layer_0 - estimator_1 - 3_folds.train_0.predict)=92.28%
[ 2020-03-20 16:45:44,492][kfold_wrapper.log_eval_metrics] Accuracy(layer_0 - estimator_1 - 3_folds.train_1.predict)=87.21%
[ 2020-03-20 16:45:47,098][kfold_wrapper.log_eval_metrics] Accuracy(layer_0 - estimator_1 - 3_folds.train_2.predict)=89.88%
[ 2020-03-20 16:45:47,414][kfold_wrapper.log_eval_metrics] Accuracy(layer_0 - estimator_1 - 3_folds.train_cv.predict)=89.79%
[ 2020-03-20 16:45:47,414][kfold_wrapper.log_eval_metrics] Accuracy(layer_0 - estimator_1 - 3_folds.test.predict)=94.25%
[ 2020-03-20 16:45:49,261][kfold_wrapper.log_eval_metrics] Accuracy(layer_0 - estimator_2 - 3_folds.train_0.predict)=88.80%
[ 2020-03-20 16:45:50,980][kfold_wrapper.log_eval_metrics] Accuracy(layer_0 - estimator_2 - 3_folds.train_1.predict)=92.25%
[ 2020-03-20 16:45:52,471][kfold_wrapper.log_eval_metrics] Accuracy(layer_0 - estimator_2 - 3_folds.train_2.predict)=89.49%
[ 2020-03-20 16:45:52,473][kfold_wrapper.log_eval_metrics] Accuracy(layer_0 - estimator_2 - 3_folds.train_cv.predict)=90.18%
[ 2020-03-20 16:45:52,474][kfold_wrapper.log_eval_metrics] Accuracy(layer_0 - estimator_2 - 3_folds.test.predict)=94.25%
[ 2020-03-20 16:45:52,474][cascade_classifier.calc_accuracy] Accuracy(layer_0 - train.classifier_average)=91.21%
[ 2020-03-20 16:45:52,474][cascade_classifier.calc_accuracy] Accuracy(layer_0 - test.classifier_average)=95.40%
[ 2020-03-20 16:45:52,476][cascade_classifier.fit_transform] [layer=1] look_indexs=[0], X_cur_train.shape=(774, 360), X_cur_test.shape=(87, 360)
[ 2020-03-20 16:45:54,876][kfold_wrapper.log_eval_metrics] Accuracy(layer_1 - estimator_0 - 3_folds.train_0.predict)=93.05%
[ 2020-03-20 16:45:57,614][kfold_wrapper.log_eval_metrics] Accuracy(layer_1 - estimator_0 - 3_folds.train_1.predict)=88.37%
[ 2020-03-20 16:46:00,315][kfold_wrapper.log_eval_metrics] Accuracy(layer_1 - estimator_0 - 3_folds.train_2.predict)=92.22%
[ 2020-03-20 16:46:00,626][kfold_wrapper.log_eval_metrics] Accuracy(layer_1 - estimator_0 - 3_folds.train_cv.predict)=91.21%
[ 2020-03-20 16:46:00,627][kfold_wrapper.log_eval_metrics] Accuracy(layer_1 - estimator_0 - 3_folds.test.predict)=95.40%
[ 2020-03-20 16:46:02,740][kfold_wrapper.log_eval_metrics] Accuracy(layer_1 - estimator_1 - 3_folds.train_0.predict)=91.51%
[ 2020-03-20 16:46:05,153][kfold_wrapper.log_eval_metrics] Accuracy(layer_1 - estimator_1 - 3_folds.train_1.predict)=89.92%
[ 2020-03-20 16:46:07,560][kfold_wrapper.log_eval_metrics] Accuracy(layer_1 - estimator_1 - 3_folds.train_2.predict)=91.05%
[ 2020-03-20 16:46:07,875][kfold_wrapper.log_eval_metrics] Accuracy(layer_1 - estimator_1 - 3_folds.train_cv.predict)=90.83%
[ 2020-03-20 16:46:07,875][kfold_wrapper.log_eval_metrics] Accuracy(layer_1 - estimator_1 - 3_folds.test.predict)=94.25%
[ 2020-03-20 16:46:09,508][kfold_wrapper.log_eval_metrics] Accuracy(layer_1 - estimator_2 - 3_folds.train_0.predict)=91.12%
[ 2020-03-20 16:46:11,132][kfold_wrapper.log_eval_metrics] Accuracy(layer_1 - estimator_2 - 3_folds.train_1.predict)=89.53%
[ 2020-03-20 16:46:12,644][kfold_wrapper.log_eval_metrics] Accuracy(layer_1 - estimator_2 - 3_folds.train_2.predict)=89.49%
[ 2020-03-20 16:46:12,647][kfold_wrapper.log_eval_metrics] Accuracy(layer_1 - estimator_2 - 3_folds.train_cv.predict)=90.05%
[ 2020-03-20 16:46:12,647][kfold_wrapper.log_eval_metrics] Accuracy(layer_1 - estimator_2 - 3_folds.test.predict)=95.40%
[ 2020-03-20 16:46:12,648][cascade_classifier.calc_accuracy] Accuracy(layer_1 - train.classifier_average)=91.09%
[ 2020-03-20 16:46:12,648][cascade_classifier.calc_accuracy] Accuracy(layer_1 - test.classifier_average)=95.40%
[ 2020-03-20 16:46:12,650][cascade_classifier.fit_transform] [layer=2] look_indexs=[0], X_cur_train.shape=(774, 360), X_cur_test.shape=(87, 360)
[ 2020-03-20 16:46:14,959][kfold_wrapper.log_eval_metrics] Accuracy(layer_2 - estimator_0 - 3_folds.train_0.predict)=89.58%
[ 2020-03-20 16:46:17,664][kfold_wrapper.log_eval_metrics] Accuracy(layer_2 - estimator_0 - 3_folds.train_1.predict)=92.64%
[ 2020-03-20 16:46:20,374][kfold_wrapper.log_eval_metrics] Accuracy(layer_2 - estimator_0 - 3_folds.train_2.predict)=91.83%
[ 2020-03-20 16:46:20,681][kfold_wrapper.log_eval_metrics] Accuracy(layer_2 - estimator_0 - 3_folds.train_cv.predict)=91.34%
[ 2020-03-20 16:46:20,681][kfold_wrapper.log_eval_metrics] Accuracy(layer_2 - estimator_0 - 3_folds.test.predict)=94.25%
[ 2020-03-20 16:46:22,921][kfold_wrapper.log_eval_metrics] Accuracy(layer_2 - estimator_1 - 3_folds.train_0.predict)=89.58%
[ 2020-03-20 16:46:25,350][kfold_wrapper.log_eval_metrics] Accuracy(layer_2 - estimator_1 - 3_folds.train_1.predict)=91.09%
[ 2020-03-20 16:46:27,774][kfold_wrapper.log_eval_metrics] Accuracy(layer_2 - estimator_1 - 3_folds.train_2.predict)=90.27%
[ 2020-03-20 16:46:28,085][kfold_wrapper.log_eval_metrics] Accuracy(layer_2 - estimator_1 - 3_folds.train_cv.predict)=90.31%
[ 2020-03-20 16:46:28,085][kfold_wrapper.log_eval_metrics] Accuracy(layer_2 - estimator_1 - 3_folds.test.predict)=94.25%
[ 2020-03-20 16:46:29,585][kfold_wrapper.log_eval_metrics] Accuracy(layer_2 - estimator_2 - 3_folds.train_0.predict)=88.03%
[ 2020-03-20 16:46:31,182][kfold_wrapper.log_eval_metrics] Accuracy(layer_2 - estimator_2 - 3_folds.train_1.predict)=91.86%
[ 2020-03-20 16:46:32,806][kfold_wrapper.log_eval_metrics] Accuracy(layer_2 - estimator_2 - 3_folds.train_2.predict)=90.66%
[ 2020-03-20 16:46:32,809][kfold_wrapper.log_eval_metrics] Accuracy(layer_2 - estimator_2 - 3_folds.train_cv.predict)=90.18%
[ 2020-03-20 16:46:32,810][kfold_wrapper.log_eval_metrics] Accuracy(layer_2 - estimator_2 - 3_folds.test.predict)=94.25%
[ 2020-03-20 16:46:32,810][cascade_classifier.calc_accuracy] Accuracy(layer_2 - train.classifier_average)=90.83%
[ 2020-03-20 16:46:32,810][cascade_classifier.calc_accuracy] Accuracy(layer_2 - test.classifier_average)=95.40%
[ 2020-03-20 16:46:32,812][cascade_classifier.fit_transform] [layer=3] look_indexs=[0], X_cur_train.shape=(774, 360), X_cur_test.shape=(87, 360)
[ 2020-03-20 16:46:35,240][kfold_wrapper.log_eval_metrics] Accuracy(layer_3 - estimator_0 - 3_folds.train_0.predict)=91.89%
[ 2020-03-20 16:46:38,038][kfold_wrapper.log_eval_metrics] Accuracy(layer_3 - estimator_0 - 3_folds.train_1.predict)=92.25%
[ 2020-03-20 16:46:40,747][kfold_wrapper.log_eval_metrics] Accuracy(layer_3 - estimator_0 - 3_folds.train_2.predict)=90.27%
[ 2020-03-20 16:46:41,058][kfold_wrapper.log_eval_metrics] Accuracy(layer_3 - estimator_0 - 3_folds.train_cv.predict)=91.47%
[ 2020-03-20 16:46:41,059][kfold_wrapper.log_eval_metrics] Accuracy(layer_3 - estimator_0 - 3_folds.test.predict)=95.40%
[ 2020-03-20 16:46:43,196][kfold_wrapper.log_eval_metrics] Accuracy(layer_3 - estimator_1 - 3_folds.train_0.predict)=90.73%
[ 2020-03-20 16:46:45,625][kfold_wrapper.log_eval_metrics] Accuracy(layer_3 - estimator_1 - 3_folds.train_1.predict)=91.47%
[ 2020-03-20 16:46:48,047][kfold_wrapper.log_eval_metrics] Accuracy(layer_3 - estimator_1 - 3_folds.train_2.predict)=91.05%
[ 2020-03-20 16:46:48,361][kfold_wrapper.log_eval_metrics] Accuracy(layer_3 - estimator_1 - 3_folds.train_cv.predict)=91.09%
[ 2020-03-20 16:46:48,361][kfold_wrapper.log_eval_metrics] Accuracy(layer_3 - estimator_1 - 3_folds.test.predict)=94.25%
[ 2020-03-20 16:46:50,000][kfold_wrapper.log_eval_metrics] Accuracy(layer_3 - estimator_2 - 3_folds.train_0.predict)=90.73%
[ 2020-03-20 16:46:51,555][kfold_wrapper.log_eval_metrics] Accuracy(layer_3 - estimator_2 - 3_folds.train_1.predict)=90.31%
[ 2020-03-20 16:46:53,184][kfold_wrapper.log_eval_metrics] Accuracy(layer_3 - estimator_2 - 3_folds.train_2.predict)=90.27%
[ 2020-03-20 16:46:53,188][kfold_wrapper.log_eval_metrics] Accuracy(layer_3 - estimator_2 - 3_folds.train_cv.predict)=90.44%
[ 2020-03-20 16:46:53,188][kfold_wrapper.log_eval_metrics] Accuracy(layer_3 - estimator_2 - 3_folds.test.predict)=94.25%
[ 2020-03-20 16:46:53,188][cascade_classifier.calc_accuracy] Accuracy(layer_3 - train.classifier_average)=90.83%
[ 2020-03-20 16:46:53,188][cascade_classifier.calc_accuracy] Accuracy(layer_3 - test.classifier_average)=94.25%
[ 2020-03-20 16:46:53,189][cascade_classifier.fit_transform] [Result][Optimal Level Detected] opt_layer_num=1, accuracy_train=91.21%, accuracy_test=95.40%
[ 2020-03-20 16:46:53,211][cascade_classifier.transform] X_groups_test.shape=[(87, 354)]
[ 2020-03-20 16:46:53,211][cascade_classifier.transform] group_dims=[354]
[ 2020-03-20 16:46:53,217][cascade_classifier.transform] X_test.shape=(87, 354)
[ 2020-03-20 16:46:53,218][cascade_classifier.transform] [layer=0] look_indexs=[0], X_cur_test.shape=(87, 354)
[ 2020-03-20 16:46:55,091][cascade_classifier.transform] X_groups_test.shape=[(87, 354)]
[ 2020-03-20 16:46:55,091][cascade_classifier.transform] group_dims=[354]
[ 2020-03-20 16:46:55,092][cascade_classifier.transform] X_test.shape=(87, 354)
[ 2020-03-20 16:46:55,092][cascade_classifier.transform] [layer=0] look_indexs=[0], X_cur_test.shape=(87, 354)
[ 2020-03-20 16:46:57,290][cascade_classifier.fit_transform] X_groups_train.shape=[(774, 354)],y_train.shape=(774,),X_groups_test.shape=[(87, 354)],y_test.shape=(87,)
[ 2020-03-20 16:46:57,292][cascade_classifier.fit_transform] group_dims=[354]
[ 2020-03-20 16:46:57,292][cascade_classifier.fit_transform] group_starts=[0]
[ 2020-03-20 16:46:57,293][cascade_classifier.fit_transform] group_ends=[354]
[ 2020-03-20 16:46:57,293][cascade_classifier.fit_transform] X_train.shape=(774, 354),X_test.shape=(87, 354)
[ 2020-03-20 16:46:57,294][cascade_classifier.fit_transform] [layer=0] look_indexs=[0], X_cur_train.shape=(774, 354), X_cur_test.shape=(87, 354)
[ 2020-03-20 16:46:59,689][kfold_wrapper.log_eval_metrics] Accuracy(layer_0 - estimator_0 - 3_folds.train_0.predict)=90.35%
[ 2020-03-20 16:47:02,393][kfold_wrapper.log_eval_metrics] Accuracy(layer_0 - estimator_0 - 3_folds.train_1.predict)=92.25%
[ 2020-03-20 16:47:05,233][kfold_wrapper.log_eval_metrics] Accuracy(layer_0 - estimator_0 - 3_folds.train_2.predict)=91.05%
[ 2020-03-20 16:47:05,543][kfold_wrapper.log_eval_metrics] Accuracy(layer_0 - estimator_0 - 3_folds.train_cv.predict)=91.21%
[ 2020-03-20 16:47:05,544][kfold_wrapper.log_eval_metrics] Accuracy(layer_0 - estimator_0 - 3_folds.test.predict)=90.80%
[ 2020-03-20 16:47:07,649][kfold_wrapper.log_eval_metrics] Accuracy(layer_0 - estimator_1 - 3_folds.train_0.predict)=91.89%
[ 2020-03-20 16:47:10,089][kfold_wrapper.log_eval_metrics] Accuracy(layer_0 - estimator_1 - 3_folds.train_1.predict)=91.47%
[ 2020-03-20 16:47:12,530][kfold_wrapper.log_eval_metrics] Accuracy(layer_0 - estimator_1 - 3_folds.train_2.predict)=89.11%
[ 2020-03-20 16:47:12,852][kfold_wrapper.log_eval_metrics] Accuracy(layer_0 - estimator_1 - 3_folds.train_cv.predict)=90.83%
[ 2020-03-20 16:47:12,853][kfold_wrapper.log_eval_metrics] Accuracy(layer_0 - estimator_1 - 3_folds.test.predict)=89.66%
[ 2020-03-20 16:47:14,553][kfold_wrapper.log_eval_metrics] Accuracy(layer_0 - estimator_2 - 3_folds.train_0.predict)=90.35%
[ 2020-03-20 16:47:16,431][kfold_wrapper.log_eval_metrics] Accuracy(layer_0 - estimator_2 - 3_folds.train_1.predict)=90.70%
[ 2020-03-20 16:47:18,380][kfold_wrapper.log_eval_metrics] Accuracy(layer_0 - estimator_2 - 3_folds.train_2.predict)=87.55%
[ 2020-03-20 16:47:18,382][kfold_wrapper.log_eval_metrics] Accuracy(layer_0 - estimator_2 - 3_folds.train_cv.predict)=89.53%
[ 2020-03-20 16:47:18,389][kfold_wrapper.log_eval_metrics] Accuracy(layer_0 - estimator_2 - 3_folds.test.predict)=91.95%
[ 2020-03-20 16:47:18,389][cascade_classifier.calc_accuracy] Accuracy(layer_0 - train.classifier_average)=90.83%
[ 2020-03-20 16:47:18,390][cascade_classifier.calc_accuracy] Accuracy(layer_0 - test.classifier_average)=90.80%
[ 2020-03-20 16:47:18,391][cascade_classifier.fit_transform] [layer=1] look_indexs=[0], X_cur_train.shape=(774, 360), X_cur_test.shape=(87, 360)
[ 2020-03-20 16:47:20,889][kfold_wrapper.log_eval_metrics] Accuracy(layer_1 - estimator_0 - 3_folds.train_0.predict)=91.12%
[ 2020-03-20 16:47:23,650][kfold_wrapper.log_eval_metrics] Accuracy(layer_1 - estimator_0 - 3_folds.train_1.predict)=91.47%
[ 2020-03-20 16:47:26,514][kfold_wrapper.log_eval_metrics] Accuracy(layer_1 - estimator_0 - 3_folds.train_2.predict)=87.94%
[ 2020-03-20 16:47:26,826][kfold_wrapper.log_eval_metrics] Accuracy(layer_1 - estimator_0 - 3_folds.train_cv.predict)=90.18%
[ 2020-03-20 16:47:26,827][kfold_wrapper.log_eval_metrics] Accuracy(layer_1 - estimator_0 - 3_folds.test.predict)=90.80%
[ 2020-03-20 16:47:28,961][kfold_wrapper.log_eval_metrics] Accuracy(layer_1 - estimator_1 - 3_folds.train_0.predict)=88.03%
[ 2020-03-20 16:47:31,398][kfold_wrapper.log_eval_metrics] Accuracy(layer_1 - estimator_1 - 3_folds.train_1.predict)=92.64%
[ 2020-03-20 16:47:33,852][kfold_wrapper.log_eval_metrics] Accuracy(layer_1 - estimator_1 - 3_folds.train_2.predict)=91.44%
[ 2020-03-20 16:47:34,161][kfold_wrapper.log_eval_metrics] Accuracy(layer_1 - estimator_1 - 3_folds.train_cv.predict)=90.70%
[ 2020-03-20 16:47:34,161][kfold_wrapper.log_eval_metrics] Accuracy(layer_1 - estimator_1 - 3_folds.test.predict)=89.66%
[ 2020-03-20 16:47:36,117][kfold_wrapper.log_eval_metrics] Accuracy(layer_1 - estimator_2 - 3_folds.train_0.predict)=90.73%
[ 2020-03-20 16:47:38,289][kfold_wrapper.log_eval_metrics] Accuracy(layer_1 - estimator_2 - 3_folds.train_1.predict)=91.47%
[ 2020-03-20 16:47:40,459][kfold_wrapper.log_eval_metrics] Accuracy(layer_1 - estimator_2 - 3_folds.train_2.predict)=91.83%
[ 2020-03-20 16:47:40,462][kfold_wrapper.log_eval_metrics] Accuracy(layer_1 - estimator_2 - 3_folds.train_cv.predict)=91.34%
[ 2020-03-20 16:47:40,462][kfold_wrapper.log_eval_metrics] Accuracy(layer_1 - estimator_2 - 3_folds.test.predict)=89.66%
[ 2020-03-20 16:47:40,463][cascade_classifier.calc_accuracy] Accuracy(layer_1 - train.classifier_average)=91.34%
[ 2020-03-20 16:47:40,463][cascade_classifier.calc_accuracy] Accuracy(layer_1 - test.classifier_average)=89.66%
[ 2020-03-20 16:47:40,465][cascade_classifier.fit_transform] [layer=2] look_indexs=[0], X_cur_train.shape=(774, 360), X_cur_test.shape=(87, 360)
[ 2020-03-20 16:47:43,036][kfold_wrapper.log_eval_metrics] Accuracy(layer_2 - estimator_0 - 3_folds.train_0.predict)=94.98%
[ 2020-03-20 16:47:45,868][kfold_wrapper.log_eval_metrics] Accuracy(layer_2 - estimator_0 - 3_folds.train_1.predict)=90.31%
[ 2020-03-20 16:47:48,625][kfold_wrapper.log_eval_metrics] Accuracy(layer_2 - estimator_0 - 3_folds.train_2.predict)=90.27%
[ 2020-03-20 16:47:48,939][kfold_wrapper.log_eval_metrics] Accuracy(layer_2 - estimator_0 - 3_folds.train_cv.predict)=91.86%
[ 2020-03-20 16:47:48,939][kfold_wrapper.log_eval_metrics] Accuracy(layer_2 - estimator_0 - 3_folds.test.predict)=90.80%
[ 2020-03-20 16:47:51,194][kfold_wrapper.log_eval_metrics] Accuracy(layer_2 - estimator_1 - 3_folds.train_0.predict)=91.12%
[ 2020-03-20 16:47:53,619][kfold_wrapper.log_eval_metrics] Accuracy(layer_2 - estimator_1 - 3_folds.train_1.predict)=88.76%
[ 2020-03-20 16:47:56,130][kfold_wrapper.log_eval_metrics] Accuracy(layer_2 - estimator_1 - 3_folds.train_2.predict)=93.39%
[ 2020-03-20 16:47:56,443][kfold_wrapper.log_eval_metrics] Accuracy(layer_2 - estimator_1 - 3_folds.train_cv.predict)=91.09%
[ 2020-03-20 16:47:56,444][kfold_wrapper.log_eval_metrics] Accuracy(layer_2 - estimator_1 - 3_folds.test.predict)=89.66%
[ 2020-03-20 16:47:58,006][kfold_wrapper.log_eval_metrics] Accuracy(layer_2 - estimator_2 - 3_folds.train_0.predict)=92.28%
[ 2020-03-20 16:47:59,451][kfold_wrapper.log_eval_metrics] Accuracy(layer_2 - estimator_2 - 3_folds.train_1.predict)=88.76%
[ 2020-03-20 16:48:00,943][kfold_wrapper.log_eval_metrics] Accuracy(layer_2 - estimator_2 - 3_folds.train_2.predict)=90.66%
[ 2020-03-20 16:48:00,946][kfold_wrapper.log_eval_metrics] Accuracy(layer_2 - estimator_2 - 3_folds.train_cv.predict)=90.57%
[ 2020-03-20 16:48:00,946][kfold_wrapper.log_eval_metrics] Accuracy(layer_2 - estimator_2 - 3_folds.test.predict)=88.51%
[ 2020-03-20 16:48:00,946][cascade_classifier.calc_accuracy] Accuracy(layer_2 - train.classifier_average)=91.60%
[ 2020-03-20 16:48:00,946][cascade_classifier.calc_accuracy] Accuracy(layer_2 - test.classifier_average)=89.66%
[ 2020-03-20 16:48:00,948][cascade_classifier.fit_transform] [layer=3] look_indexs=[0], X_cur_train.shape=(774, 360), X_cur_test.shape=(87, 360)
[ 2020-03-20 16:48:03,348][kfold_wrapper.log_eval_metrics] Accuracy(layer_3 - estimator_0 - 3_folds.train_0.predict)=90.35%
[ 2020-03-20 16:48:06,160][kfold_wrapper.log_eval_metrics] Accuracy(layer_3 - estimator_0 - 3_folds.train_1.predict)=93.80%
[ 2020-03-20 16:48:09,078][kfold_wrapper.log_eval_metrics] Accuracy(layer_3 - estimator_0 - 3_folds.train_2.predict)=88.72%
[ 2020-03-20 16:48:09,392][kfold_wrapper.log_eval_metrics] Accuracy(layer_3 - estimator_0 - 3_folds.train_cv.predict)=90.96%
[ 2020-03-20 16:48:09,393][kfold_wrapper.log_eval_metrics] Accuracy(layer_3 - estimator_0 - 3_folds.test.predict)=89.66%
[ 2020-03-20 16:48:11,735][kfold_wrapper.log_eval_metrics] Accuracy(layer_3 - estimator_1 - 3_folds.train_0.predict)=89.19%
[ 2020-03-20 16:48:14,496][kfold_wrapper.log_eval_metrics] Accuracy(layer_3 - estimator_1 - 3_folds.train_1.predict)=92.25%
[ 2020-03-20 16:48:17,167][kfold_wrapper.log_eval_metrics] Accuracy(layer_3 - estimator_1 - 3_folds.train_2.predict)=89.88%
[ 2020-03-20 16:48:17,476][kfold_wrapper.log_eval_metrics] Accuracy(layer_3 - estimator_1 - 3_folds.train_cv.predict)=90.44%
[ 2020-03-20 16:48:17,477][kfold_wrapper.log_eval_metrics] Accuracy(layer_3 - estimator_1 - 3_folds.test.predict)=89.66%
[ 2020-03-20 16:48:18,987][kfold_wrapper.log_eval_metrics] Accuracy(layer_3 - estimator_2 - 3_folds.train_0.predict)=90.73%
[ 2020-03-20 16:48:20,529][kfold_wrapper.log_eval_metrics] Accuracy(layer_3 - estimator_2 - 3_folds.train_1.predict)=91.47%
[ 2020-03-20 16:48:22,110][kfold_wrapper.log_eval_metrics] Accuracy(layer_3 - estimator_2 - 3_folds.train_2.predict)=89.49%
[ 2020-03-20 16:48:22,112][kfold_wrapper.log_eval_metrics] Accuracy(layer_3 - estimator_2 - 3_folds.train_cv.predict)=90.57%
[ 2020-03-20 16:48:22,113][kfold_wrapper.log_eval_metrics] Accuracy(layer_3 - estimator_2 - 3_folds.test.predict)=89.66%
[ 2020-03-20 16:48:22,113][cascade_classifier.calc_accuracy] Accuracy(layer_3 - train.classifier_average)=90.83%
[ 2020-03-20 16:48:22,113][cascade_classifier.calc_accuracy] Accuracy(layer_3 - test.classifier_average)=89.66%
[ 2020-03-20 16:48:22,116][cascade_classifier.fit_transform] [layer=4] look_indexs=[0], X_cur_train.shape=(774, 360), X_cur_test.shape=(87, 360)
[ 2020-03-20 16:48:24,572][kfold_wrapper.log_eval_metrics] Accuracy(layer_4 - estimator_0 - 3_folds.train_0.predict)=92.66%
[ 2020-03-20 16:48:27,305][kfold_wrapper.log_eval_metrics] Accuracy(layer_4 - estimator_0 - 3_folds.train_1.predict)=90.70%
[ 2020-03-20 16:48:30,210][kfold_wrapper.log_eval_metrics] Accuracy(layer_4 - estimator_0 - 3_folds.train_2.predict)=90.27%
[ 2020-03-20 16:48:30,528][kfold_wrapper.log_eval_metrics] Accuracy(layer_4 - estimator_0 - 3_folds.train_cv.predict)=91.21%
[ 2020-03-20 16:48:30,528][kfold_wrapper.log_eval_metrics] Accuracy(layer_4 - estimator_0 - 3_folds.test.predict)=90.80%
[ 2020-03-20 16:48:32,718][kfold_wrapper.log_eval_metrics] Accuracy(layer_4 - estimator_1 - 3_folds.train_0.predict)=92.28%
[ 2020-03-20 16:48:35,308][kfold_wrapper.log_eval_metrics] Accuracy(layer_4 - estimator_1 - 3_folds.train_1.predict)=91.09%
[ 2020-03-20 16:48:37,806][kfold_wrapper.log_eval_metrics] Accuracy(layer_4 - estimator_1 - 3_folds.train_2.predict)=90.66%
[ 2020-03-20 16:48:38,120][kfold_wrapper.log_eval_metrics] Accuracy(layer_4 - estimator_1 - 3_folds.train_cv.predict)=91.34%
[ 2020-03-20 16:48:38,121][kfold_wrapper.log_eval_metrics] Accuracy(layer_4 - estimator_1 - 3_folds.test.predict)=89.66%
[ 2020-03-20 16:48:39,745][kfold_wrapper.log_eval_metrics] Accuracy(layer_4 - estimator_2 - 3_folds.train_0.predict)=90.73%
[ 2020-03-20 16:48:41,319][kfold_wrapper.log_eval_metrics] Accuracy(layer_4 - estimator_2 - 3_folds.train_1.predict)=91.47%
[ 2020-03-20 16:48:43,001][kfold_wrapper.log_eval_metrics] Accuracy(layer_4 - estimator_2 - 3_folds.train_2.predict)=90.27%
[ 2020-03-20 16:48:43,003][kfold_wrapper.log_eval_metrics] Accuracy(layer_4 - estimator_2 - 3_folds.train_cv.predict)=90.83%
[ 2020-03-20 16:48:43,004][kfold_wrapper.log_eval_metrics] Accuracy(layer_4 - estimator_2 - 3_folds.test.predict)=90.80%
[ 2020-03-20 16:48:43,004][cascade_classifier.calc_accuracy] Accuracy(layer_4 - train.classifier_average)=90.96%
[ 2020-03-20 16:48:43,004][cascade_classifier.calc_accuracy] Accuracy(layer_4 - test.classifier_average)=90.80%
[ 2020-03-20 16:48:43,006][cascade_classifier.fit_transform] [layer=5] look_indexs=[0], X_cur_train.shape=(774, 360), X_cur_test.shape=(87, 360)
[ 2020-03-20 16:48:45,561][kfold_wrapper.log_eval_metrics] Accuracy(layer_5 - estimator_0 - 3_folds.train_0.predict)=91.12%
[ 2020-03-20 16:48:48,337][kfold_wrapper.log_eval_metrics] Accuracy(layer_5 - estimator_0 - 3_folds.train_1.predict)=89.53%
[ 2020-03-20 16:48:51,258][kfold_wrapper.log_eval_metrics] Accuracy(layer_5 - estimator_0 - 3_folds.train_2.predict)=92.22%
[ 2020-03-20 16:48:51,569][kfold_wrapper.log_eval_metrics] Accuracy(layer_5 - estimator_0 - 3_folds.train_cv.predict)=90.96%
[ 2020-03-20 16:48:51,569][kfold_wrapper.log_eval_metrics] Accuracy(layer_5 - estimator_0 - 3_folds.test.predict)=90.80%
[ 2020-03-20 16:48:53,771][kfold_wrapper.log_eval_metrics] Accuracy(layer_5 - estimator_1 - 3_folds.train_0.predict)=89.19%
[ 2020-03-20 16:48:56,483][kfold_wrapper.log_eval_metrics] Accuracy(layer_5 - estimator_1 - 3_folds.train_1.predict)=92.25%
[ 2020-03-20 16:48:59,001][kfold_wrapper.log_eval_metrics] Accuracy(layer_5 - estimator_1 - 3_folds.train_2.predict)=90.66%
[ 2020-03-20 16:48:59,315][kfold_wrapper.log_eval_metrics] Accuracy(layer_5 - estimator_1 - 3_folds.train_cv.predict)=90.70%
[ 2020-03-20 16:48:59,315][kfold_wrapper.log_eval_metrics] Accuracy(layer_5 - estimator_1 - 3_folds.test.predict)=89.66%
[ 2020-03-20 16:49:00,967][kfold_wrapper.log_eval_metrics] Accuracy(layer_5 - estimator_2 - 3_folds.train_0.predict)=92.28%
[ 2020-03-20 16:49:02,593][kfold_wrapper.log_eval_metrics] Accuracy(layer_5 - estimator_2 - 3_folds.train_1.predict)=91.09%
[ 2020-03-20 16:49:04,197][kfold_wrapper.log_eval_metrics] Accuracy(layer_5 - estimator_2 - 3_folds.train_2.predict)=87.94%
[ 2020-03-20 16:49:04,200][kfold_wrapper.log_eval_metrics] Accuracy(layer_5 - estimator_2 - 3_folds.train_cv.predict)=90.44%
[ 2020-03-20 16:49:04,200][kfold_wrapper.log_eval_metrics] Accuracy(layer_5 - estimator_2 - 3_folds.test.predict)=89.66%
[ 2020-03-20 16:49:04,201][cascade_classifier.calc_accuracy] Accuracy(layer_5 - train.classifier_average)=91.21%
[ 2020-03-20 16:49:04,201][cascade_classifier.calc_accuracy] Accuracy(layer_5 - test.classifier_average)=90.80%
[ 2020-03-20 16:49:04,201][cascade_classifier.fit_transform] [Result][Optimal Level Detected] opt_layer_num=3, accuracy_train=91.60%, accuracy_test=89.66%
[ 2020-03-20 16:49:04,230][cascade_classifier.transform] X_groups_test.shape=[(87, 354)]
[ 2020-03-20 16:49:04,230][cascade_classifier.transform] group_dims=[354]
[ 2020-03-20 16:49:04,231][cascade_classifier.transform] X_test.shape=(87, 354)
[ 2020-03-20 16:49:04,231][cascade_classifier.transform] [layer=0] look_indexs=[0], X_cur_test.shape=(87, 354)
[ 2020-03-20 16:49:06,111][cascade_classifier.transform] [layer=1] look_indexs=[0], X_cur_test.shape=(87, 360)
[ 2020-03-20 16:49:07,991][cascade_classifier.transform] [layer=2] look_indexs=[0], X_cur_test.shape=(87, 360)
[ 2020-03-20 16:49:09,989][cascade_classifier.transform] X_groups_test.shape=[(87, 354)]
[ 2020-03-20 16:49:09,990][cascade_classifier.transform] group_dims=[354]
[ 2020-03-20 16:49:09,990][cascade_classifier.transform] X_test.shape=(87, 354)
[ 2020-03-20 16:49:09,990][cascade_classifier.transform] [layer=0] look_indexs=[0], X_cur_test.shape=(87, 354)
[ 2020-03-20 16:49:11,874][cascade_classifier.transform] [layer=1] look_indexs=[0], X_cur_test.shape=(87, 360)
[ 2020-03-20 16:49:13,773][cascade_classifier.transform] [layer=2] look_indexs=[0], X_cur_test.shape=(87, 360)
[ 2020-03-20 16:49:15,912][cascade_classifier.fit_transform] X_groups_train.shape=[(774, 354)],y_train.shape=(774,),X_groups_test.shape=[(87, 354)],y_test.shape=(87,)
[ 2020-03-20 16:49:15,914][cascade_classifier.fit_transform] group_dims=[354]
[ 2020-03-20 16:49:15,914][cascade_classifier.fit_transform] group_starts=[0]
[ 2020-03-20 16:49:15,914][cascade_classifier.fit_transform] group_ends=[354]
[ 2020-03-20 16:49:15,915][cascade_classifier.fit_transform] X_train.shape=(774, 354),X_test.shape=(87, 354)
[ 2020-03-20 16:49:15,919][cascade_classifier.fit_transform] [layer=0] look_indexs=[0], X_cur_train.shape=(774, 354), X_cur_test.shape=(87, 354)
[ 2020-03-20 16:49:18,481][kfold_wrapper.log_eval_metrics] Accuracy(layer_0 - estimator_0 - 3_folds.train_0.predict)=93.05%
[ 2020-03-20 16:49:21,354][kfold_wrapper.log_eval_metrics] Accuracy(layer_0 - estimator_0 - 3_folds.train_1.predict)=92.64%
[ 2020-03-20 16:49:24,099][kfold_wrapper.log_eval_metrics] Accuracy(layer_0 - estimator_0 - 3_folds.train_2.predict)=90.27%
[ 2020-03-20 16:49:24,408][kfold_wrapper.log_eval_metrics] Accuracy(layer_0 - estimator_0 - 3_folds.train_cv.predict)=91.99%
[ 2020-03-20 16:49:24,409][kfold_wrapper.log_eval_metrics] Accuracy(layer_0 - estimator_0 - 3_folds.test.predict)=89.66%
[ 2020-03-20 16:49:26,647][kfold_wrapper.log_eval_metrics] Accuracy(layer_0 - estimator_1 - 3_folds.train_0.predict)=90.35%
[ 2020-03-20 16:49:29,237][kfold_wrapper.log_eval_metrics] Accuracy(layer_0 - estimator_1 - 3_folds.train_1.predict)=91.47%
[ 2020-03-20 16:49:31,771][kfold_wrapper.log_eval_metrics] Accuracy(layer_0 - estimator_1 - 3_folds.train_2.predict)=92.22%
[ 2020-03-20 16:49:32,081][kfold_wrapper.log_eval_metrics] Accuracy(layer_0 - estimator_1 - 3_folds.train_cv.predict)=91.34%
[ 2020-03-20 16:49:32,081][kfold_wrapper.log_eval_metrics] Accuracy(layer_0 - estimator_1 - 3_folds.test.predict)=89.66%
[ 2020-03-20 16:49:33,745][kfold_wrapper.log_eval_metrics] Accuracy(layer_0 - estimator_2 - 3_folds.train_0.predict)=91.89%
[ 2020-03-20 16:49:35,368][kfold_wrapper.log_eval_metrics] Accuracy(layer_0 - estimator_2 - 3_folds.train_1.predict)=90.31%
[ 2020-03-20 16:49:37,084][kfold_wrapper.log_eval_metrics] Accuracy(layer_0 - estimator_2 - 3_folds.train_2.predict)=91.44%
[ 2020-03-20 16:49:37,086][kfold_wrapper.log_eval_metrics] Accuracy(layer_0 - estimator_2 - 3_folds.train_cv.predict)=91.21%
[ 2020-03-20 16:49:37,086][kfold_wrapper.log_eval_metrics] Accuracy(layer_0 - estimator_2 - 3_folds.test.predict)=90.80%
[ 2020-03-20 16:49:37,087][cascade_classifier.calc_accuracy] Accuracy(layer_0 - train.classifier_average)=91.86%
[ 2020-03-20 16:49:37,087][cascade_classifier.calc_accuracy] Accuracy(layer_0 - test.classifier_average)=91.95%
[ 2020-03-20 16:49:37,088][cascade_classifier.fit_transform] [layer=1] look_indexs=[0], X_cur_train.shape=(774, 360), X_cur_test.shape=(87, 360)
[ 2020-03-20 16:49:39,546][kfold_wrapper.log_eval_metrics] Accuracy(layer_1 - estimator_0 - 3_folds.train_0.predict)=92.66%
[ 2020-03-20 16:49:42,325][kfold_wrapper.log_eval_metrics] Accuracy(layer_1 - estimator_0 - 3_folds.train_1.predict)=89.53%
[ 2020-03-20 16:49:45,215][kfold_wrapper.log_eval_metrics] Accuracy(layer_1 - estimator_0 - 3_folds.train_2.predict)=91.83%
[ 2020-03-20 16:49:45,530][kfold_wrapper.log_eval_metrics] Accuracy(layer_1 - estimator_0 - 3_folds.train_cv.predict)=91.34%
[ 2020-03-20 16:49:45,531][kfold_wrapper.log_eval_metrics] Accuracy(layer_1 - estimator_0 - 3_folds.test.predict)=89.66%
[ 2020-03-20 16:49:47,742][kfold_wrapper.log_eval_metrics] Accuracy(layer_1 - estimator_1 - 3_folds.train_0.predict)=90.35%
[ 2020-03-20 16:49:50,234][kfold_wrapper.log_eval_metrics] Accuracy(layer_1 - estimator_1 - 3_folds.train_1.predict)=91.47%
[ 2020-03-20 16:49:52,917][kfold_wrapper.log_eval_metrics] Accuracy(layer_1 - estimator_1 - 3_folds.train_2.predict)=94.16%
[ 2020-03-20 16:49:53,225][kfold_wrapper.log_eval_metrics] Accuracy(layer_1 - estimator_1 - 3_folds.train_cv.predict)=91.99%
[ 2020-03-20 16:49:53,226][kfold_wrapper.log_eval_metrics] Accuracy(layer_1 - estimator_1 - 3_folds.test.predict)=89.66%
[ 2020-03-20 16:49:54,854][kfold_wrapper.log_eval_metrics] Accuracy(layer_1 - estimator_2 - 3_folds.train_0.predict)=93.05%
[ 2020-03-20 16:49:56,307][kfold_wrapper.log_eval_metrics] Accuracy(layer_1 - estimator_2 - 3_folds.train_1.predict)=89.53%
[ 2020-03-20 16:49:57,968][kfold_wrapper.log_eval_metrics] Accuracy(layer_1 - estimator_2 - 3_folds.train_2.predict)=91.05%
[ 2020-03-20 16:49:57,971][kfold_wrapper.log_eval_metrics] Accuracy(layer_1 - estimator_2 - 3_folds.train_cv.predict)=91.21%
[ 2020-03-20 16:49:57,972][kfold_wrapper.log_eval_metrics] Accuracy(layer_1 - estimator_2 - 3_folds.test.predict)=91.95%
[ 2020-03-20 16:49:57,972][cascade_classifier.calc_accuracy] Accuracy(layer_1 - train.classifier_average)=91.73%
[ 2020-03-20 16:49:57,978][cascade_classifier.calc_accuracy] Accuracy(layer_1 - test.classifier_average)=91.95%
[ 2020-03-20 16:49:57,981][cascade_classifier.fit_transform] [layer=2] look_indexs=[0], X_cur_train.shape=(774, 360), X_cur_test.shape=(87, 360)
[ 2020-03-20 16:50:00,534][kfold_wrapper.log_eval_metrics] Accuracy(layer_2 - estimator_0 - 3_folds.train_0.predict)=89.96%
[ 2020-03-20 16:50:03,326][kfold_wrapper.log_eval_metrics] Accuracy(layer_2 - estimator_0 - 3_folds.train_1.predict)=92.25%
[ 2020-03-20 16:50:06,231][kfold_wrapper.log_eval_metrics] Accuracy(layer_2 - estimator_0 - 3_folds.train_2.predict)=91.44%
[ 2020-03-20 16:50:06,553][kfold_wrapper.log_eval_metrics] Accuracy(layer_2 - estimator_0 - 3_folds.train_cv.predict)=91.21%
[ 2020-03-20 16:50:06,553][kfold_wrapper.log_eval_metrics] Accuracy(layer_2 - estimator_0 - 3_folds.test.predict)=89.66%
[ 2020-03-20 16:50:08,698][kfold_wrapper.log_eval_metrics] Accuracy(layer_2 - estimator_1 - 3_folds.train_0.predict)=88.80%
[ 2020-03-20 16:50:11,275][kfold_wrapper.log_eval_metrics] Accuracy(layer_2 - estimator_1 - 3_folds.train_1.predict)=91.47%
[ 2020-03-20 16:50:13,812][kfold_wrapper.log_eval_metrics] Accuracy(layer_2 - estimator_1 - 3_folds.train_2.predict)=93.00%
[ 2020-03-20 16:50:14,121][kfold_wrapper.log_eval_metrics] Accuracy(layer_2 - estimator_1 - 3_folds.train_cv.predict)=91.09%
[ 2020-03-20 16:50:14,122][kfold_wrapper.log_eval_metrics] Accuracy(layer_2 - estimator_1 - 3_folds.test.predict)=89.66%
[ 2020-03-20 16:50:15,670][kfold_wrapper.log_eval_metrics] Accuracy(layer_2 - estimator_2 - 3_folds.train_0.predict)=88.42%
[ 2020-03-20 16:50:17,189][kfold_wrapper.log_eval_metrics] Accuracy(layer_2 - estimator_2 - 3_folds.train_1.predict)=89.53%
[ 2020-03-20 16:50:18,844][kfold_wrapper.log_eval_metrics] Accuracy(layer_2 - estimator_2 - 3_folds.train_2.predict)=93.39%
[ 2020-03-20 16:50:18,848][kfold_wrapper.log_eval_metrics] Accuracy(layer_2 - estimator_2 - 3_folds.train_cv.predict)=90.44%
[ 2020-03-20 16:50:18,848][kfold_wrapper.log_eval_metrics] Accuracy(layer_2 - estimator_2 - 3_folds.test.predict)=91.95%
[ 2020-03-20 16:50:18,848][cascade_classifier.calc_accuracy] Accuracy(layer_2 - train.classifier_average)=90.83%
[ 2020-03-20 16:50:18,848][cascade_classifier.calc_accuracy] Accuracy(layer_2 - test.classifier_average)=91.95%
[ 2020-03-20 16:50:18,850][cascade_classifier.fit_transform] [layer=3] look_indexs=[0], X_cur_train.shape=(774, 360), X_cur_test.shape=(87, 360)
[ 2020-03-20 16:50:21,446][kfold_wrapper.log_eval_metrics] Accuracy(layer_3 - estimator_0 - 3_folds.train_0.predict)=92.66%
[ 2020-03-20 16:50:24,211][kfold_wrapper.log_eval_metrics] Accuracy(layer_3 - estimator_0 - 3_folds.train_1.predict)=89.92%
[ 2020-03-20 16:50:27,204][kfold_wrapper.log_eval_metrics] Accuracy(layer_3 - estimator_0 - 3_folds.train_2.predict)=92.61%
[ 2020-03-20 16:50:27,513][kfold_wrapper.log_eval_metrics] Accuracy(layer_3 - estimator_0 - 3_folds.train_cv.predict)=91.73%
[ 2020-03-20 16:50:27,513][kfold_wrapper.log_eval_metrics] Accuracy(layer_3 - estimator_0 - 3_folds.test.predict)=89.66%
[ 2020-03-20 16:50:29,931][kfold_wrapper.log_eval_metrics] Accuracy(layer_3 - estimator_1 - 3_folds.train_0.predict)=91.12%
[ 2020-03-20 16:50:32,630][kfold_wrapper.log_eval_metrics] Accuracy(layer_3 - estimator_1 - 3_folds.train_1.predict)=89.53%
[ 2020-03-20 16:50:35,070][kfold_wrapper.log_eval_metrics] Accuracy(layer_3 - estimator_1 - 3_folds.train_2.predict)=92.61%
[ 2020-03-20 16:50:35,386][kfold_wrapper.log_eval_metrics] Accuracy(layer_3 - estimator_1 - 3_folds.train_cv.predict)=91.09%
[ 2020-03-20 16:50:35,387][kfold_wrapper.log_eval_metrics] Accuracy(layer_3 - estimator_1 - 3_folds.test.predict)=89.66%
[ 2020-03-20 16:50:37,103][kfold_wrapper.log_eval_metrics] Accuracy(layer_3 - estimator_2 - 3_folds.train_0.predict)=93.05%
[ 2020-03-20 16:50:38,697][kfold_wrapper.log_eval_metrics] Accuracy(layer_3 - estimator_2 - 3_folds.train_1.predict)=88.76%
[ 2020-03-20 16:50:40,340][kfold_wrapper.log_eval_metrics] Accuracy(layer_3 - estimator_2 - 3_folds.train_2.predict)=90.27%
[ 2020-03-20 16:50:40,342][kfold_wrapper.log_eval_metrics] Accuracy(layer_3 - estimator_2 - 3_folds.train_cv.predict)=90.70%
[ 2020-03-20 16:50:40,343][kfold_wrapper.log_eval_metrics] Accuracy(layer_3 - estimator_2 - 3_folds.test.predict)=91.95%
[ 2020-03-20 16:50:40,344][cascade_classifier.calc_accuracy] Accuracy(layer_3 - train.classifier_average)=91.21%
[ 2020-03-20 16:50:40,344][cascade_classifier.calc_accuracy] Accuracy(layer_3 - test.classifier_average)=91.95%
[ 2020-03-20 16:50:40,345][cascade_classifier.fit_transform] [Result][Optimal Level Detected] opt_layer_num=1, accuracy_train=91.86%, accuracy_test=91.95%
[ 2020-03-20 16:50:40,368][cascade_classifier.transform] X_groups_test.shape=[(87, 354)]
[ 2020-03-20 16:50:40,368][cascade_classifier.transform] group_dims=[354]
[ 2020-03-20 16:50:40,369][cascade_classifier.transform] X_test.shape=(87, 354)
[ 2020-03-20 16:50:40,369][cascade_classifier.transform] [layer=0] look_indexs=[0], X_cur_test.shape=(87, 354)
[ 2020-03-20 16:50:42,239][cascade_classifier.transform] X_groups_test.shape=[(87, 354)]
[ 2020-03-20 16:50:42,240][cascade_classifier.transform] group_dims=[354]
[ 2020-03-20 16:50:42,240][cascade_classifier.transform] X_test.shape=(87, 354)
[ 2020-03-20 16:50:42,240][cascade_classifier.transform] [layer=0] look_indexs=[0], X_cur_test.shape=(87, 354)
[ 2020-03-20 16:50:44,148][cascade_classifier.fit_transform] X_groups_train.shape=[(774, 354)],y_train.shape=(774,),X_groups_test.shape=[(87, 354)],y_test.shape=(87,)
[ 2020-03-20 16:50:44,150][cascade_classifier.fit_transform] group_dims=[354]
[ 2020-03-20 16:50:44,150][cascade_classifier.fit_transform] group_starts=[0]
[ 2020-03-20 16:50:44,150][cascade_classifier.fit_transform] group_ends=[354]
[ 2020-03-20 16:50:44,150][cascade_classifier.fit_transform] X_train.shape=(774, 354),X_test.shape=(87, 354)
[ 2020-03-20 16:50:44,152][cascade_classifier.fit_transform] [layer=0] look_indexs=[0], X_cur_train.shape=(774, 354), X_cur_test.shape=(87, 354)
[ 2020-03-20 16:50:46,596][kfold_wrapper.log_eval_metrics] Accuracy(layer_0 - estimator_0 - 3_folds.train_0.predict)=87.64%
[ 2020-03-20 16:50:49,577][kfold_wrapper.log_eval_metrics] Accuracy(layer_0 - estimator_0 - 3_folds.train_1.predict)=92.64%
[ 2020-03-20 16:50:52,347][kfold_wrapper.log_eval_metrics] Accuracy(layer_0 - estimator_0 - 3_folds.train_2.predict)=92.22%
[ 2020-03-20 16:50:52,660][kfold_wrapper.log_eval_metrics] Accuracy(layer_0 - estimator_0 - 3_folds.train_cv.predict)=90.83%
[ 2020-03-20 16:50:52,660][kfold_wrapper.log_eval_metrics] Accuracy(layer_0 - estimator_0 - 3_folds.test.predict)=88.51%
[ 2020-03-20 16:50:54,824][kfold_wrapper.log_eval_metrics] Accuracy(layer_0 - estimator_1 - 3_folds.train_0.predict)=91.51%
[ 2020-03-20 16:50:57,312][kfold_wrapper.log_eval_metrics] Accuracy(layer_0 - estimator_1 - 3_folds.train_1.predict)=91.86%
[ 2020-03-20 16:50:59,804][kfold_wrapper.log_eval_metrics] Accuracy(layer_0 - estimator_1 - 3_folds.train_2.predict)=90.27%
[ 2020-03-20 16:51:00,116][kfold_wrapper.log_eval_metrics] Accuracy(layer_0 - estimator_1 - 3_folds.train_cv.predict)=91.21%
[ 2020-03-20 16:51:00,117][kfold_wrapper.log_eval_metrics] Accuracy(layer_0 - estimator_1 - 3_folds.test.predict)=89.66%
[ 2020-03-20 16:51:01,674][kfold_wrapper.log_eval_metrics] Accuracy(layer_0 - estimator_2 - 3_folds.train_0.predict)=89.19%
[ 2020-03-20 16:51:03,231][kfold_wrapper.log_eval_metrics] Accuracy(layer_0 - estimator_2 - 3_folds.train_1.predict)=91.47%
[ 2020-03-20 16:51:04,871][kfold_wrapper.log_eval_metrics] Accuracy(layer_0 - estimator_2 - 3_folds.train_2.predict)=90.27%
[ 2020-03-20 16:51:04,890][kfold_wrapper.log_eval_metrics] Accuracy(layer_0 - estimator_2 - 3_folds.train_cv.predict)=90.31%
[ 2020-03-20 16:51:04,891][kfold_wrapper.log_eval_metrics] Accuracy(layer_0 - estimator_2 - 3_folds.test.predict)=87.36%
[ 2020-03-20 16:51:04,895][cascade_classifier.calc_accuracy] Accuracy(layer_0 - train.classifier_average)=91.34%
[ 2020-03-20 16:51:04,901][cascade_classifier.calc_accuracy] Accuracy(layer_0 - test.classifier_average)=88.51%
[ 2020-03-20 16:51:04,903][cascade_classifier.fit_transform] [layer=1] look_indexs=[0], X_cur_train.shape=(774, 360), X_cur_test.shape=(87, 360)
[ 2020-03-20 16:51:07,446][kfold_wrapper.log_eval_metrics] Accuracy(layer_1 - estimator_0 - 3_folds.train_0.predict)=92.66%
[ 2020-03-20 16:51:10,243][kfold_wrapper.log_eval_metrics] Accuracy(layer_1 - estimator_0 - 3_folds.train_1.predict)=88.37%
[ 2020-03-20 16:51:13,096][kfold_wrapper.log_eval_metrics] Accuracy(layer_1 - estimator_0 - 3_folds.train_2.predict)=91.44%
[ 2020-03-20 16:51:13,406][kfold_wrapper.log_eval_metrics] Accuracy(layer_1 - estimator_0 - 3_folds.train_cv.predict)=90.83%
[ 2020-03-20 16:51:13,407][kfold_wrapper.log_eval_metrics] Accuracy(layer_1 - estimator_0 - 3_folds.test.predict)=87.36%
[ 2020-03-20 16:51:15,658][kfold_wrapper.log_eval_metrics] Accuracy(layer_1 - estimator_1 - 3_folds.train_0.predict)=90.35%
[ 2020-03-20 16:51:18,112][kfold_wrapper.log_eval_metrics] Accuracy(layer_1 - estimator_1 - 3_folds.train_1.predict)=89.15%
[ 2020-03-20 16:51:20,703][kfold_wrapper.log_eval_metrics] Accuracy(layer_1 - estimator_1 - 3_folds.train_2.predict)=93.77%
[ 2020-03-20 16:51:21,113][kfold_wrapper.log_eval_metrics] Accuracy(layer_1 - estimator_1 - 3_folds.train_cv.predict)=91.09%
[ 2020-03-20 16:51:21,114][kfold_wrapper.log_eval_metrics] Accuracy(layer_1 - estimator_1 - 3_folds.test.predict)=88.51%
[ 2020-03-20 16:51:22,765][kfold_wrapper.log_eval_metrics] Accuracy(layer_1 - estimator_2 - 3_folds.train_0.predict)=90.73%
[ 2020-03-20 16:51:24,277][kfold_wrapper.log_eval_metrics] Accuracy(layer_1 - estimator_2 - 3_folds.train_1.predict)=91.86%
[ 2020-03-20 16:51:25,922][kfold_wrapper.log_eval_metrics] Accuracy(layer_1 - estimator_2 - 3_folds.train_2.predict)=92.22%
[ 2020-03-20 16:51:25,936][kfold_wrapper.log_eval_metrics] Accuracy(layer_1 - estimator_2 - 3_folds.train_cv.predict)=91.60%
[ 2020-03-20 16:51:25,936][kfold_wrapper.log_eval_metrics] Accuracy(layer_1 - estimator_2 - 3_folds.test.predict)=88.51%
[ 2020-03-20 16:51:25,936][cascade_classifier.calc_accuracy] Accuracy(layer_1 - train.classifier_average)=91.73%
[ 2020-03-20 16:51:25,936][cascade_classifier.calc_accuracy] Accuracy(layer_1 - test.classifier_average)=88.51%
[ 2020-03-20 16:51:25,938][cascade_classifier.fit_transform] [layer=2] look_indexs=[0], X_cur_train.shape=(774, 360), X_cur_test.shape=(87, 360)
[ 2020-03-20 16:51:28,360][kfold_wrapper.log_eval_metrics] Accuracy(layer_2 - estimator_0 - 3_folds.train_0.predict)=92.66%
[ 2020-03-20 16:51:31,147][kfold_wrapper.log_eval_metrics] Accuracy(layer_2 - estimator_0 - 3_folds.train_1.predict)=91.09%
[ 2020-03-20 16:51:34,015][kfold_wrapper.log_eval_metrics] Accuracy(layer_2 - estimator_0 - 3_folds.train_2.predict)=92.22%
[ 2020-03-20 16:51:34,325][kfold_wrapper.log_eval_metrics] Accuracy(layer_2 - estimator_0 - 3_folds.train_cv.predict)=91.99%
[ 2020-03-20 16:51:34,326][kfold_wrapper.log_eval_metrics] Accuracy(layer_2 - estimator_0 - 3_folds.test.predict)=88.51%
[ 2020-03-20 16:51:36,597][kfold_wrapper.log_eval_metrics] Accuracy(layer_2 - estimator_1 - 3_folds.train_0.predict)=92.28%
[ 2020-03-20 16:51:39,241][kfold_wrapper.log_eval_metrics] Accuracy(layer_2 - estimator_1 - 3_folds.train_1.predict)=92.64%
[ 2020-03-20 16:51:41,828][kfold_wrapper.log_eval_metrics] Accuracy(layer_2 - estimator_1 - 3_folds.train_2.predict)=89.88%
[ 2020-03-20 16:51:42,249][kfold_wrapper.log_eval_metrics] Accuracy(layer_2 - estimator_1 - 3_folds.train_cv.predict)=91.60%
[ 2020-03-20 16:51:42,250][kfold_wrapper.log_eval_metrics] Accuracy(layer_2 - estimator_1 - 3_folds.test.predict)=88.51%
[ 2020-03-20 16:51:44,047][kfold_wrapper.log_eval_metrics] Accuracy(layer_2 - estimator_2 - 3_folds.train_0.predict)=91.89%
[ 2020-03-20 16:51:45,667][kfold_wrapper.log_eval_metrics] Accuracy(layer_2 - estimator_2 - 3_folds.train_1.predict)=93.41%
[ 2020-03-20 16:51:47,272][kfold_wrapper.log_eval_metrics] Accuracy(layer_2 - estimator_2 - 3_folds.train_2.predict)=90.66%
[ 2020-03-20 16:51:47,276][kfold_wrapper.log_eval_metrics] Accuracy(layer_2 - estimator_2 - 3_folds.train_cv.predict)=91.99%
[ 2020-03-20 16:51:47,276][kfold_wrapper.log_eval_metrics] Accuracy(layer_2 - estimator_2 - 3_folds.test.predict)=87.36%
[ 2020-03-20 16:51:47,276][cascade_classifier.calc_accuracy] Accuracy(layer_2 - train.classifier_average)=92.12%
[ 2020-03-20 16:51:47,276][cascade_classifier.calc_accuracy] Accuracy(layer_2 - test.classifier_average)=88.51%
[ 2020-03-20 16:51:47,278][cascade_classifier.fit_transform] [layer=3] look_indexs=[0], X_cur_train.shape=(774, 360), X_cur_test.shape=(87, 360)
[ 2020-03-20 16:51:49,981][kfold_wrapper.log_eval_metrics] Accuracy(layer_3 - estimator_0 - 3_folds.train_0.predict)=93.44%
[ 2020-03-20 16:51:53,035][kfold_wrapper.log_eval_metrics] Accuracy(layer_3 - estimator_0 - 3_folds.train_1.predict)=91.86%
[ 2020-03-20 16:51:55,853][kfold_wrapper.log_eval_metrics] Accuracy(layer_3 - estimator_0 - 3_folds.train_2.predict)=91.05%
[ 2020-03-20 16:51:56,164][kfold_wrapper.log_eval_metrics] Accuracy(layer_3 - estimator_0 - 3_folds.train_cv.predict)=92.12%
[ 2020-03-20 16:51:56,165][kfold_wrapper.log_eval_metrics] Accuracy(layer_3 - estimator_0 - 3_folds.test.predict)=88.51%
[ 2020-03-20 16:51:58,386][kfold_wrapper.log_eval_metrics] Accuracy(layer_3 - estimator_1 - 3_folds.train_0.predict)=90.35%
[ 2020-03-20 16:52:00,813][kfold_wrapper.log_eval_metrics] Accuracy(layer_3 - estimator_1 - 3_folds.train_1.predict)=90.31%
[ 2020-03-20 16:52:03,224][kfold_wrapper.log_eval_metrics] Accuracy(layer_3 - estimator_1 - 3_folds.train_2.predict)=92.22%
[ 2020-03-20 16:52:03,531][kfold_wrapper.log_eval_metrics] Accuracy(layer_3 - estimator_1 - 3_folds.train_cv.predict)=90.96%
[ 2020-03-20 16:52:03,531][kfold_wrapper.log_eval_metrics] Accuracy(layer_3 - estimator_1 - 3_folds.test.predict)=88.51%
[ 2020-03-20 16:52:04,891][kfold_wrapper.log_eval_metrics] Accuracy(layer_3 - estimator_2 - 3_folds.train_0.predict)=89.96%
[ 2020-03-20 16:52:06,365][kfold_wrapper.log_eval_metrics] Accuracy(layer_3 - estimator_2 - 3_folds.train_1.predict)=94.19%
[ 2020-03-20 16:52:07,762][kfold_wrapper.log_eval_metrics] Accuracy(layer_3 - estimator_2 - 3_folds.train_2.predict)=91.83%
[ 2020-03-20 16:52:07,764][kfold_wrapper.log_eval_metrics] Accuracy(layer_3 - estimator_2 - 3_folds.train_cv.predict)=91.99%
[ 2020-03-20 16:52:07,764][kfold_wrapper.log_eval_metrics] Accuracy(layer_3 - estimator_2 - 3_folds.test.predict)=87.36%
[ 2020-03-20 16:52:07,765][cascade_classifier.calc_accuracy] Accuracy(layer_3 - train.classifier_average)=91.99%
[ 2020-03-20 16:52:07,765][cascade_classifier.calc_accuracy] Accuracy(layer_3 - test.classifier_average)=88.51%
[ 2020-03-20 16:52:07,767][cascade_classifier.fit_transform] [layer=4] look_indexs=[0], X_cur_train.shape=(774, 360), X_cur_test.shape=(87, 360)
[ 2020-03-20 16:52:10,239][kfold_wrapper.log_eval_metrics] Accuracy(layer_4 - estimator_0 - 3_folds.train_0.predict)=90.35%
[ 2020-03-20 16:52:13,039][kfold_wrapper.log_eval_metrics] Accuracy(layer_4 - estimator_0 - 3_folds.train_1.predict)=93.41%
[ 2020-03-20 16:52:15,905][kfold_wrapper.log_eval_metrics] Accuracy(layer_4 - estimator_0 - 3_folds.train_2.predict)=91.05%
[ 2020-03-20 16:52:16,227][kfold_wrapper.log_eval_metrics] Accuracy(layer_4 - estimator_0 - 3_folds.train_cv.predict)=91.60%
[ 2020-03-20 16:52:16,227][kfold_wrapper.log_eval_metrics] Accuracy(layer_4 - estimator_0 - 3_folds.test.predict)=88.51%
[ 2020-03-20 16:52:18,425][kfold_wrapper.log_eval_metrics] Accuracy(layer_4 - estimator_1 - 3_folds.train_0.predict)=88.42%
[ 2020-03-20 16:52:20,929][kfold_wrapper.log_eval_metrics] Accuracy(layer_4 - estimator_1 - 3_folds.train_1.predict)=91.47%
[ 2020-03-20 16:52:23,454][kfold_wrapper.log_eval_metrics] Accuracy(layer_4 - estimator_1 - 3_folds.train_2.predict)=92.61%
[ 2020-03-20 16:52:23,765][kfold_wrapper.log_eval_metrics] Accuracy(layer_4 - estimator_1 - 3_folds.train_cv.predict)=90.83%
[ 2020-03-20 16:52:23,765][kfold_wrapper.log_eval_metrics] Accuracy(layer_4 - estimator_1 - 3_folds.test.predict)=88.51%
[ 2020-03-20 16:52:25,903][kfold_wrapper.log_eval_metrics] Accuracy(layer_4 - estimator_2 - 3_folds.train_0.predict)=91.89%
[ 2020-03-20 16:52:27,907][kfold_wrapper.log_eval_metrics] Accuracy(layer_4 - estimator_2 - 3_folds.train_1.predict)=90.31%
[ 2020-03-20 16:52:29,859][kfold_wrapper.log_eval_metrics] Accuracy(layer_4 - estimator_2 - 3_folds.train_2.predict)=89.11%
[ 2020-03-20 16:52:29,861][kfold_wrapper.log_eval_metrics] Accuracy(layer_4 - estimator_2 - 3_folds.train_cv.predict)=90.44%
[ 2020-03-20 16:52:29,862][kfold_wrapper.log_eval_metrics] Accuracy(layer_4 - estimator_2 - 3_folds.test.predict)=86.21%
[ 2020-03-20 16:52:29,862][cascade_classifier.calc_accuracy] Accuracy(layer_4 - train.classifier_average)=90.96%
[ 2020-03-20 16:52:29,862][cascade_classifier.calc_accuracy] Accuracy(layer_4 - test.classifier_average)=88.51%
[ 2020-03-20 16:52:29,865][cascade_classifier.fit_transform] [layer=5] look_indexs=[0], X_cur_train.shape=(774, 360), X_cur_test.shape=(87, 360)
[ 2020-03-20 16:52:32,524][kfold_wrapper.log_eval_metrics] Accuracy(layer_5 - estimator_0 - 3_folds.train_0.predict)=91.51%
[ 2020-03-20 16:52:35,208][kfold_wrapper.log_eval_metrics] Accuracy(layer_5 - estimator_0 - 3_folds.train_1.predict)=89.92%
[ 2020-03-20 16:52:37,901][kfold_wrapper.log_eval_metrics] Accuracy(layer_5 - estimator_0 - 3_folds.train_2.predict)=91.05%
[ 2020-03-20 16:52:38,210][kfold_wrapper.log_eval_metrics] Accuracy(layer_5 - estimator_0 - 3_folds.train_cv.predict)=90.83%
[ 2020-03-20 16:52:38,211][kfold_wrapper.log_eval_metrics] Accuracy(layer_5 - estimator_0 - 3_folds.test.predict)=88.51%
[ 2020-03-20 16:52:40,318][kfold_wrapper.log_eval_metrics] Accuracy(layer_5 - estimator_1 - 3_folds.train_0.predict)=89.58%
[ 2020-03-20 16:52:42,716][kfold_wrapper.log_eval_metrics] Accuracy(layer_5 - estimator_1 - 3_folds.train_1.predict)=91.86%
[ 2020-03-20 16:52:45,107][kfold_wrapper.log_eval_metrics] Accuracy(layer_5 - estimator_1 - 3_folds.train_2.predict)=90.66%
[ 2020-03-20 16:52:45,420][kfold_wrapper.log_eval_metrics] Accuracy(layer_5 - estimator_1 - 3_folds.train_cv.predict)=90.70%
[ 2020-03-20 16:52:45,421][kfold_wrapper.log_eval_metrics] Accuracy(layer_5 - estimator_1 - 3_folds.test.predict)=88.51%
[ 2020-03-20 16:52:46,920][kfold_wrapper.log_eval_metrics] Accuracy(layer_5 - estimator_2 - 3_folds.train_0.predict)=90.73%
[ 2020-03-20 16:52:48,380][kfold_wrapper.log_eval_metrics] Accuracy(layer_5 - estimator_2 - 3_folds.train_1.predict)=90.70%
[ 2020-03-20 16:52:49,706][kfold_wrapper.log_eval_metrics] Accuracy(layer_5 - estimator_2 - 3_folds.train_2.predict)=88.72%
[ 2020-03-20 16:52:49,709][kfold_wrapper.log_eval_metrics] Accuracy(layer_5 - estimator_2 - 3_folds.train_cv.predict)=90.05%
[ 2020-03-20 16:52:49,709][kfold_wrapper.log_eval_metrics] Accuracy(layer_5 - estimator_2 - 3_folds.test.predict)=88.51%
[ 2020-03-20 16:52:49,709][cascade_classifier.calc_accuracy] Accuracy(layer_5 - train.classifier_average)=91.09%
[ 2020-03-20 16:52:49,710][cascade_classifier.calc_accuracy] Accuracy(layer_5 - test.classifier_average)=88.51%
[ 2020-03-20 16:52:49,710][cascade_classifier.fit_transform] [Result][Optimal Level Detected] opt_layer_num=3, accuracy_train=92.12%, accuracy_test=88.51%
[ 2020-03-20 16:52:49,732][cascade_classifier.transform] X_groups_test.shape=[(87, 354)]
[ 2020-03-20 16:52:49,732][cascade_classifier.transform] group_dims=[354]
[ 2020-03-20 16:52:49,732][cascade_classifier.transform] X_test.shape=(87, 354)
[ 2020-03-20 16:52:49,733][cascade_classifier.transform] [layer=0] look_indexs=[0], X_cur_test.shape=(87, 354)
[ 2020-03-20 16:52:51,593][cascade_classifier.transform] [layer=1] look_indexs=[0], X_cur_test.shape=(87, 360)
[ 2020-03-20 16:52:53,467][cascade_classifier.transform] [layer=2] look_indexs=[0], X_cur_test.shape=(87, 360)
[ 2020-03-20 16:52:55,446][cascade_classifier.transform] X_groups_test.shape=[(87, 354)]
[ 2020-03-20 16:52:55,446][cascade_classifier.transform] group_dims=[354]
[ 2020-03-20 16:52:55,447][cascade_classifier.transform] X_test.shape=(87, 354)
[ 2020-03-20 16:52:55,447][cascade_classifier.transform] [layer=0] look_indexs=[0], X_cur_test.shape=(87, 354)
[ 2020-03-20 16:52:57,312][cascade_classifier.transform] [layer=1] look_indexs=[0], X_cur_test.shape=(87, 360)
[ 2020-03-20 16:52:59,205][cascade_classifier.transform] [layer=2] look_indexs=[0], X_cur_test.shape=(87, 360)
[ 2020-03-20 16:53:01,129][cascade_classifier.fit_transform] X_groups_train.shape=[(774, 354)],y_train.shape=(774,),X_groups_test.shape=[(87, 354)],y_test.shape=(87,)
[ 2020-03-20 16:53:01,131][cascade_classifier.fit_transform] group_dims=[354]
[ 2020-03-20 16:53:01,131][cascade_classifier.fit_transform] group_starts=[0]
[ 2020-03-20 16:53:01,132][cascade_classifier.fit_transform] group_ends=[354]
[ 2020-03-20 16:53:01,132][cascade_classifier.fit_transform] X_train.shape=(774, 354),X_test.shape=(87, 354)
[ 2020-03-20 16:53:01,133][cascade_classifier.fit_transform] [layer=0] look_indexs=[0], X_cur_train.shape=(774, 354), X_cur_test.shape=(87, 354)
[ 2020-03-20 16:53:03,502][kfold_wrapper.log_eval_metrics] Accuracy(layer_0 - estimator_0 - 3_folds.train_0.predict)=89.92%
[ 2020-03-20 16:53:06,263][kfold_wrapper.log_eval_metrics] Accuracy(layer_0 - estimator_0 - 3_folds.train_1.predict)=92.64%
[ 2020-03-20 16:53:08,929][kfold_wrapper.log_eval_metrics] Accuracy(layer_0 - estimator_0 - 3_folds.train_2.predict)=91.47%
[ 2020-03-20 16:53:09,240][kfold_wrapper.log_eval_metrics] Accuracy(layer_0 - estimator_0 - 3_folds.train_cv.predict)=91.34%
[ 2020-03-20 16:53:09,241][kfold_wrapper.log_eval_metrics] Accuracy(layer_0 - estimator_0 - 3_folds.test.predict)=91.95%
[ 2020-03-20 16:53:11,333][kfold_wrapper.log_eval_metrics] Accuracy(layer_0 - estimator_1 - 3_folds.train_0.predict)=93.02%
[ 2020-03-20 16:53:13,736][kfold_wrapper.log_eval_metrics] Accuracy(layer_0 - estimator_1 - 3_folds.train_1.predict)=89.92%
[ 2020-03-20 16:53:16,135][kfold_wrapper.log_eval_metrics] Accuracy(layer_0 - estimator_1 - 3_folds.train_2.predict)=87.98%
[ 2020-03-20 16:53:16,452][kfold_wrapper.log_eval_metrics] Accuracy(layer_0 - estimator_1 - 3_folds.train_cv.predict)=90.31%
[ 2020-03-20 16:53:16,453][kfold_wrapper.log_eval_metrics] Accuracy(layer_0 - estimator_1 - 3_folds.test.predict)=91.95%
[ 2020-03-20 16:53:17,879][kfold_wrapper.log_eval_metrics] Accuracy(layer_0 - estimator_2 - 3_folds.train_0.predict)=90.70%
[ 2020-03-20 16:53:19,168][kfold_wrapper.log_eval_metrics] Accuracy(layer_0 - estimator_2 - 3_folds.train_1.predict)=88.76%
[ 2020-03-20 16:53:20,657][kfold_wrapper.log_eval_metrics] Accuracy(layer_0 - estimator_2 - 3_folds.train_2.predict)=91.09%
[ 2020-03-20 16:53:20,659][kfold_wrapper.log_eval_metrics] Accuracy(layer_0 - estimator_2 - 3_folds.train_cv.predict)=90.18%
[ 2020-03-20 16:53:20,659][kfold_wrapper.log_eval_metrics] Accuracy(layer_0 - estimator_2 - 3_folds.test.predict)=90.80%
[ 2020-03-20 16:53:20,660][cascade_classifier.calc_accuracy] Accuracy(layer_0 - train.classifier_average)=90.83%
[ 2020-03-20 16:53:20,660][cascade_classifier.calc_accuracy] Accuracy(layer_0 - test.classifier_average)=91.95%
[ 2020-03-20 16:53:20,661][cascade_classifier.fit_transform] [layer=1] look_indexs=[0], X_cur_train.shape=(774, 360), X_cur_test.shape=(87, 360)
[ 2020-03-20 16:53:22,918][kfold_wrapper.log_eval_metrics] Accuracy(layer_1 - estimator_0 - 3_folds.train_0.predict)=88.76%
[ 2020-03-20 16:53:25,597][kfold_wrapper.log_eval_metrics] Accuracy(layer_1 - estimator_0 - 3_folds.train_1.predict)=93.80%
[ 2020-03-20 16:53:28,277][kfold_wrapper.log_eval_metrics] Accuracy(layer_1 - estimator_0 - 3_folds.train_2.predict)=89.15%
[ 2020-03-20 16:53:28,585][kfold_wrapper.log_eval_metrics] Accuracy(layer_1 - estimator_0 - 3_folds.train_cv.predict)=90.57%
[ 2020-03-20 16:53:28,586][kfold_wrapper.log_eval_metrics] Accuracy(layer_1 - estimator_0 - 3_folds.test.predict)=91.95%
[ 2020-03-20 16:53:30,675][kfold_wrapper.log_eval_metrics] Accuracy(layer_1 - estimator_1 - 3_folds.train_0.predict)=89.92%
[ 2020-03-20 16:53:33,066][kfold_wrapper.log_eval_metrics] Accuracy(layer_1 - estimator_1 - 3_folds.train_1.predict)=90.31%
[ 2020-03-20 16:53:35,463][kfold_wrapper.log_eval_metrics] Accuracy(layer_1 - estimator_1 - 3_folds.train_2.predict)=90.31%
[ 2020-03-20 16:53:35,884][kfold_wrapper.log_eval_metrics] Accuracy(layer_1 - estimator_1 - 3_folds.train_cv.predict)=90.18%
[ 2020-03-20 16:53:35,885][kfold_wrapper.log_eval_metrics] Accuracy(layer_1 - estimator_1 - 3_folds.test.predict)=91.95%
[ 2020-03-20 16:53:37,269][kfold_wrapper.log_eval_metrics] Accuracy(layer_1 - estimator_2 - 3_folds.train_0.predict)=87.98%
[ 2020-03-20 16:53:38,675][kfold_wrapper.log_eval_metrics] Accuracy(layer_1 - estimator_2 - 3_folds.train_1.predict)=87.98%
[ 2020-03-20 16:53:40,108][kfold_wrapper.log_eval_metrics] Accuracy(layer_1 - estimator_2 - 3_folds.train_2.predict)=91.09%
[ 2020-03-20 16:53:40,111][kfold_wrapper.log_eval_metrics] Accuracy(layer_1 - estimator_2 - 3_folds.train_cv.predict)=89.02%
[ 2020-03-20 16:53:40,111][kfold_wrapper.log_eval_metrics] Accuracy(layer_1 - estimator_2 - 3_folds.test.predict)=91.95%
[ 2020-03-20 16:53:40,112][cascade_classifier.calc_accuracy] Accuracy(layer_1 - train.classifier_average)=89.92%
[ 2020-03-20 16:53:40,112][cascade_classifier.calc_accuracy] Accuracy(layer_1 - test.classifier_average)=91.95%
[ 2020-03-20 16:53:40,114][cascade_classifier.fit_transform] [layer=2] look_indexs=[0], X_cur_train.shape=(774, 360), X_cur_test.shape=(87, 360)
[ 2020-03-20 16:53:42,469][kfold_wrapper.log_eval_metrics] Accuracy(layer_2 - estimator_0 - 3_folds.train_0.predict)=94.19%
[ 2020-03-20 16:53:45,158][kfold_wrapper.log_eval_metrics] Accuracy(layer_2 - estimator_0 - 3_folds.train_1.predict)=88.37%
[ 2020-03-20 16:53:48,585][kfold_wrapper.log_eval_metrics] Accuracy(layer_2 - estimator_0 - 3_folds.train_2.predict)=91.09%
[ 2020-03-20 16:53:48,999][kfold_wrapper.log_eval_metrics] Accuracy(layer_2 - estimator_0 - 3_folds.train_cv.predict)=91.21%
[ 2020-03-20 16:53:49,000][kfold_wrapper.log_eval_metrics] Accuracy(layer_2 - estimator_0 - 3_folds.test.predict)=91.95%
[ 2020-03-20 16:53:51,172][kfold_wrapper.log_eval_metrics] Accuracy(layer_2 - estimator_1 - 3_folds.train_0.predict)=90.31%
[ 2020-03-20 16:53:53,633][kfold_wrapper.log_eval_metrics] Accuracy(layer_2 - estimator_1 - 3_folds.train_1.predict)=91.86%
[ 2020-03-20 16:53:56,212][kfold_wrapper.log_eval_metrics] Accuracy(layer_2 - estimator_1 - 3_folds.train_2.predict)=90.70%
[ 2020-03-20 16:53:56,629][kfold_wrapper.log_eval_metrics] Accuracy(layer_2 - estimator_1 - 3_folds.train_cv.predict)=90.96%
[ 2020-03-20 16:53:56,630][kfold_wrapper.log_eval_metrics] Accuracy(layer_2 - estimator_1 - 3_folds.test.predict)=91.95%
[ 2020-03-20 16:53:58,061][kfold_wrapper.log_eval_metrics] Accuracy(layer_2 - estimator_2 - 3_folds.train_0.predict)=88.37%
[ 2020-03-20 16:53:59,617][kfold_wrapper.log_eval_metrics] Accuracy(layer_2 - estimator_2 - 3_folds.train_1.predict)=92.25%
[ 2020-03-20 16:54:01,082][kfold_wrapper.log_eval_metrics] Accuracy(layer_2 - estimator_2 - 3_folds.train_2.predict)=89.92%
[ 2020-03-20 16:54:01,086][kfold_wrapper.log_eval_metrics] Accuracy(layer_2 - estimator_2 - 3_folds.train_cv.predict)=90.18%
[ 2020-03-20 16:54:01,086][kfold_wrapper.log_eval_metrics] Accuracy(layer_2 - estimator_2 - 3_folds.test.predict)=93.10%
[ 2020-03-20 16:54:01,087][cascade_classifier.calc_accuracy] Accuracy(layer_2 - train.classifier_average)=91.09%
[ 2020-03-20 16:54:01,087][cascade_classifier.calc_accuracy] Accuracy(layer_2 - test.classifier_average)=91.95%
[ 2020-03-20 16:54:01,089][cascade_classifier.fit_transform] [layer=3] look_indexs=[0], X_cur_train.shape=(774, 360), X_cur_test.shape=(87, 360)
[ 2020-03-20 16:54:03,502][kfold_wrapper.log_eval_metrics] Accuracy(layer_3 - estimator_0 - 3_folds.train_0.predict)=89.92%
[ 2020-03-20 16:54:06,229][kfold_wrapper.log_eval_metrics] Accuracy(layer_3 - estimator_0 - 3_folds.train_1.predict)=89.15%
[ 2020-03-20 16:54:08,958][kfold_wrapper.log_eval_metrics] Accuracy(layer_3 - estimator_0 - 3_folds.train_2.predict)=93.80%
[ 2020-03-20 16:54:09,273][kfold_wrapper.log_eval_metrics] Accuracy(layer_3 - estimator_0 - 3_folds.train_cv.predict)=90.96%
[ 2020-03-20 16:54:09,273][kfold_wrapper.log_eval_metrics] Accuracy(layer_3 - estimator_0 - 3_folds.test.predict)=91.95%
[ 2020-03-20 16:54:11,393][kfold_wrapper.log_eval_metrics] Accuracy(layer_3 - estimator_1 - 3_folds.train_0.predict)=89.92%
[ 2020-03-20 16:54:13,828][kfold_wrapper.log_eval_metrics] Accuracy(layer_3 - estimator_1 - 3_folds.train_1.predict)=90.31%
[ 2020-03-20 16:54:16,250][kfold_wrapper.log_eval_metrics] Accuracy(layer_3 - estimator_1 - 3_folds.train_2.predict)=88.76%
[ 2020-03-20 16:54:16,560][kfold_wrapper.log_eval_metrics] Accuracy(layer_3 - estimator_1 - 3_folds.train_cv.predict)=89.66%
[ 2020-03-20 16:54:16,561][kfold_wrapper.log_eval_metrics] Accuracy(layer_3 - estimator_1 - 3_folds.test.predict)=91.95%
[ 2020-03-20 16:54:17,999][kfold_wrapper.log_eval_metrics] Accuracy(layer_3 - estimator_2 - 3_folds.train_0.predict)=90.31%
[ 2020-03-20 16:54:19,465][kfold_wrapper.log_eval_metrics] Accuracy(layer_3 - estimator_2 - 3_folds.train_1.predict)=89.53%
[ 2020-03-20 16:54:20,925][kfold_wrapper.log_eval_metrics] Accuracy(layer_3 - estimator_2 - 3_folds.train_2.predict)=90.31%
[ 2020-03-20 16:54:20,927][kfold_wrapper.log_eval_metrics] Accuracy(layer_3 - estimator_2 - 3_folds.train_cv.predict)=90.05%
[ 2020-03-20 16:54:20,928][kfold_wrapper.log_eval_metrics] Accuracy(layer_3 - estimator_2 - 3_folds.test.predict)=91.95%
[ 2020-03-20 16:54:20,928][cascade_classifier.calc_accuracy] Accuracy(layer_3 - train.classifier_average)=90.44%
[ 2020-03-20 16:54:20,928][cascade_classifier.calc_accuracy] Accuracy(layer_3 - test.classifier_average)=91.95%
[ 2020-03-20 16:54:20,930][cascade_classifier.fit_transform] [layer=4] look_indexs=[0], X_cur_train.shape=(774, 360), X_cur_test.shape=(87, 360)
[ 2020-03-20 16:54:23,316][kfold_wrapper.log_eval_metrics] Accuracy(layer_4 - estimator_0 - 3_folds.train_0.predict)=89.15%
[ 2020-03-20 16:54:26,132][kfold_wrapper.log_eval_metrics] Accuracy(layer_4 - estimator_0 - 3_folds.train_1.predict)=91.47%
[ 2020-03-20 16:54:28,832][kfold_wrapper.log_eval_metrics] Accuracy(layer_4 - estimator_0 - 3_folds.train_2.predict)=93.02%
[ 2020-03-20 16:54:29,141][kfold_wrapper.log_eval_metrics] Accuracy(layer_4 - estimator_0 - 3_folds.train_cv.predict)=91.21%
[ 2020-03-20 16:54:29,142][kfold_wrapper.log_eval_metrics] Accuracy(layer_4 - estimator_0 - 3_folds.test.predict)=91.95%
[ 2020-03-20 16:54:31,267][kfold_wrapper.log_eval_metrics] Accuracy(layer_4 - estimator_1 - 3_folds.train_0.predict)=88.76%
[ 2020-03-20 16:54:33,703][kfold_wrapper.log_eval_metrics] Accuracy(layer_4 - estimator_1 - 3_folds.train_1.predict)=92.25%
[ 2020-03-20 16:54:36,123][kfold_wrapper.log_eval_metrics] Accuracy(layer_4 - estimator_1 - 3_folds.train_2.predict)=91.86%
[ 2020-03-20 16:54:36,440][kfold_wrapper.log_eval_metrics] Accuracy(layer_4 - estimator_1 - 3_folds.train_cv.predict)=90.96%
[ 2020-03-20 16:54:36,440][kfold_wrapper.log_eval_metrics] Accuracy(layer_4 - estimator_1 - 3_folds.test.predict)=91.95%
[ 2020-03-20 16:54:38,310][kfold_wrapper.log_eval_metrics] Accuracy(layer_4 - estimator_2 - 3_folds.train_0.predict)=91.47%
[ 2020-03-20 16:54:39,732][kfold_wrapper.log_eval_metrics] Accuracy(layer_4 - estimator_2 - 3_folds.train_1.predict)=92.25%
[ 2020-03-20 16:54:41,177][kfold_wrapper.log_eval_metrics] Accuracy(layer_4 - estimator_2 - 3_folds.train_2.predict)=90.31%
[ 2020-03-20 16:54:41,179][kfold_wrapper.log_eval_metrics] Accuracy(layer_4 - estimator_2 - 3_folds.train_cv.predict)=91.34%
[ 2020-03-20 16:54:41,179][kfold_wrapper.log_eval_metrics] Accuracy(layer_4 - estimator_2 - 3_folds.test.predict)=91.95%
[ 2020-03-20 16:54:41,180][cascade_classifier.calc_accuracy] Accuracy(layer_4 - train.classifier_average)=90.96%
[ 2020-03-20 16:54:41,180][cascade_classifier.calc_accuracy] Accuracy(layer_4 - test.classifier_average)=91.95%
[ 2020-03-20 16:54:41,182][cascade_classifier.fit_transform] [layer=5] look_indexs=[0], X_cur_train.shape=(774, 360), X_cur_test.shape=(87, 360)
[ 2020-03-20 16:54:43,576][kfold_wrapper.log_eval_metrics] Accuracy(layer_5 - estimator_0 - 3_folds.train_0.predict)=90.70%
[ 2020-03-20 16:54:46,288][kfold_wrapper.log_eval_metrics] Accuracy(layer_5 - estimator_0 - 3_folds.train_1.predict)=93.02%
[ 2020-03-20 16:54:49,020][kfold_wrapper.log_eval_metrics] Accuracy(layer_5 - estimator_0 - 3_folds.train_2.predict)=89.92%
[ 2020-03-20 16:54:49,329][kfold_wrapper.log_eval_metrics] Accuracy(layer_5 - estimator_0 - 3_folds.train_cv.predict)=91.21%
[ 2020-03-20 16:54:49,329][kfold_wrapper.log_eval_metrics] Accuracy(layer_5 - estimator_0 - 3_folds.test.predict)=91.95%
[ 2020-03-20 16:54:51,447][kfold_wrapper.log_eval_metrics] Accuracy(layer_5 - estimator_1 - 3_folds.train_0.predict)=87.60%
[ 2020-03-20 16:54:53,873][kfold_wrapper.log_eval_metrics] Accuracy(layer_5 - estimator_1 - 3_folds.train_1.predict)=91.86%
[ 2020-03-20 16:54:56,294][kfold_wrapper.log_eval_metrics] Accuracy(layer_5 - estimator_1 - 3_folds.train_2.predict)=90.31%
[ 2020-03-20 16:54:56,603][kfold_wrapper.log_eval_metrics] Accuracy(layer_5 - estimator_1 - 3_folds.train_cv.predict)=89.92%
[ 2020-03-20 16:54:56,604][kfold_wrapper.log_eval_metrics] Accuracy(layer_5 - estimator_1 - 3_folds.test.predict)=91.95%
[ 2020-03-20 16:54:57,976][kfold_wrapper.log_eval_metrics] Accuracy(layer_5 - estimator_2 - 3_folds.train_0.predict)=92.64%
[ 2020-03-20 16:54:59,414][kfold_wrapper.log_eval_metrics] Accuracy(layer_5 - estimator_2 - 3_folds.train_1.predict)=89.92%
[ 2020-03-20 16:55:00,896][kfold_wrapper.log_eval_metrics] Accuracy(layer_5 - estimator_2 - 3_folds.train_2.predict)=91.09%
[ 2020-03-20 16:55:00,898][kfold_wrapper.log_eval_metrics] Accuracy(layer_5 - estimator_2 - 3_folds.train_cv.predict)=91.21%
[ 2020-03-20 16:55:00,898][kfold_wrapper.log_eval_metrics] Accuracy(layer_5 - estimator_2 - 3_folds.test.predict)=91.95%
[ 2020-03-20 16:55:00,899][cascade_classifier.calc_accuracy] Accuracy(layer_5 - train.classifier_average)=90.83%
[ 2020-03-20 16:55:00,900][cascade_classifier.calc_accuracy] Accuracy(layer_5 - test.classifier_average)=91.95%
[ 2020-03-20 16:55:00,901][cascade_classifier.fit_transform] [Result][Optimal Level Detected] opt_layer_num=3, accuracy_train=91.09%, accuracy_test=91.95%
[ 2020-03-20 16:55:00,923][cascade_classifier.transform] X_groups_test.shape=[(87, 354)]
[ 2020-03-20 16:55:00,924][cascade_classifier.transform] group_dims=[354]
[ 2020-03-20 16:55:00,924][cascade_classifier.transform] X_test.shape=(87, 354)
[ 2020-03-20 16:55:00,924][cascade_classifier.transform] [layer=0] look_indexs=[0], X_cur_test.shape=(87, 354)
[ 2020-03-20 16:55:02,915][cascade_classifier.transform] [layer=1] look_indexs=[0], X_cur_test.shape=(87, 360)
[ 2020-03-20 16:55:04,788][cascade_classifier.transform] [layer=2] look_indexs=[0], X_cur_test.shape=(87, 360)
[ 2020-03-20 16:55:06,654][cascade_classifier.transform] X_groups_test.shape=[(87, 354)]
[ 2020-03-20 16:55:06,655][cascade_classifier.transform] group_dims=[354]
[ 2020-03-20 16:55:06,655][cascade_classifier.transform] X_test.shape=(87, 354)
[ 2020-03-20 16:55:06,655][cascade_classifier.transform] [layer=0] look_indexs=[0], X_cur_test.shape=(87, 354)
[ 2020-03-20 16:55:08,530][cascade_classifier.transform] [layer=1] look_indexs=[0], X_cur_test.shape=(87, 360)
[ 2020-03-20 16:55:10,409][cascade_classifier.transform] [layer=2] look_indexs=[0], X_cur_test.shape=(87, 360)
[ 2020-03-20 16:55:12,335][cascade_classifier.fit_transform] X_groups_train.shape=[(774, 354)],y_train.shape=(774,),X_groups_test.shape=[(87, 354)],y_test.shape=(87,)
[ 2020-03-20 16:55:12,337][cascade_classifier.fit_transform] group_dims=[354]
[ 2020-03-20 16:55:12,338][cascade_classifier.fit_transform] group_starts=[0]
[ 2020-03-20 16:55:12,338][cascade_classifier.fit_transform] group_ends=[354]
[ 2020-03-20 16:55:12,338][cascade_classifier.fit_transform] X_train.shape=(774, 354),X_test.shape=(87, 354)
[ 2020-03-20 16:55:12,340][cascade_classifier.fit_transform] [layer=0] look_indexs=[0], X_cur_train.shape=(774, 354), X_cur_test.shape=(87, 354)
[ 2020-03-20 16:55:14,720][kfold_wrapper.log_eval_metrics] Accuracy(layer_0 - estimator_0 - 3_folds.train_0.predict)=91.89%
[ 2020-03-20 16:55:17,415][kfold_wrapper.log_eval_metrics] Accuracy(layer_0 - estimator_0 - 3_folds.train_1.predict)=90.31%
[ 2020-03-20 16:55:20,010][kfold_wrapper.log_eval_metrics] Accuracy(layer_0 - estimator_0 - 3_folds.train_2.predict)=92.22%
[ 2020-03-20 16:55:20,322][kfold_wrapper.log_eval_metrics] Accuracy(layer_0 - estimator_0 - 3_folds.train_cv.predict)=91.47%
[ 2020-03-20 16:55:20,322][kfold_wrapper.log_eval_metrics] Accuracy(layer_0 - estimator_0 - 3_folds.test.predict)=94.25%
[ 2020-03-20 16:55:22,423][kfold_wrapper.log_eval_metrics] Accuracy(layer_0 - estimator_1 - 3_folds.train_0.predict)=90.35%
[ 2020-03-20 16:55:24,850][kfold_wrapper.log_eval_metrics] Accuracy(layer_0 - estimator_1 - 3_folds.train_1.predict)=93.02%
[ 2020-03-20 16:55:27,278][kfold_wrapper.log_eval_metrics] Accuracy(layer_0 - estimator_1 - 3_folds.train_2.predict)=91.05%
[ 2020-03-20 16:55:27,597][kfold_wrapper.log_eval_metrics] Accuracy(layer_0 - estimator_1 - 3_folds.train_cv.predict)=91.47%
[ 2020-03-20 16:55:27,598][kfold_wrapper.log_eval_metrics] Accuracy(layer_0 - estimator_1 - 3_folds.test.predict)=95.40%
[ 2020-03-20 16:55:29,046][kfold_wrapper.log_eval_metrics] Accuracy(layer_0 - estimator_2 - 3_folds.train_0.predict)=89.58%
[ 2020-03-20 16:55:30,757][kfold_wrapper.log_eval_metrics] Accuracy(layer_0 - estimator_2 - 3_folds.train_1.predict)=89.92%
[ 2020-03-20 16:55:32,363][kfold_wrapper.log_eval_metrics] Accuracy(layer_0 - estimator_2 - 3_folds.train_2.predict)=92.61%
[ 2020-03-20 16:55:32,365][kfold_wrapper.log_eval_metrics] Accuracy(layer_0 - estimator_2 - 3_folds.train_cv.predict)=90.70%
[ 2020-03-20 16:55:32,366][kfold_wrapper.log_eval_metrics] Accuracy(layer_0 - estimator_2 - 3_folds.test.predict)=91.95%
[ 2020-03-20 16:55:32,366][cascade_classifier.calc_accuracy] Accuracy(layer_0 - train.classifier_average)=91.09%
[ 2020-03-20 16:55:32,366][cascade_classifier.calc_accuracy] Accuracy(layer_0 - test.classifier_average)=94.25%
[ 2020-03-20 16:55:32,368][cascade_classifier.fit_transform] [layer=1] look_indexs=[0], X_cur_train.shape=(774, 360), X_cur_test.shape=(87, 360)
[ 2020-03-20 16:55:34,770][kfold_wrapper.log_eval_metrics] Accuracy(layer_1 - estimator_0 - 3_folds.train_0.predict)=88.42%
[ 2020-03-20 16:55:37,391][kfold_wrapper.log_eval_metrics] Accuracy(layer_1 - estimator_0 - 3_folds.train_1.predict)=90.70%
[ 2020-03-20 16:55:40,230][kfold_wrapper.log_eval_metrics] Accuracy(layer_1 - estimator_0 - 3_folds.train_2.predict)=94.55%
[ 2020-03-20 16:55:40,545][kfold_wrapper.log_eval_metrics] Accuracy(layer_1 - estimator_0 - 3_folds.train_cv.predict)=91.21%
[ 2020-03-20 16:55:40,545][kfold_wrapper.log_eval_metrics] Accuracy(layer_1 - estimator_0 - 3_folds.test.predict)=94.25%
[ 2020-03-20 16:55:42,708][kfold_wrapper.log_eval_metrics] Accuracy(layer_1 - estimator_1 - 3_folds.train_0.predict)=91.51%
[ 2020-03-20 16:55:45,193][kfold_wrapper.log_eval_metrics] Accuracy(layer_1 - estimator_1 - 3_folds.train_1.predict)=89.53%
[ 2020-03-20 16:55:47,638][kfold_wrapper.log_eval_metrics] Accuracy(layer_1 - estimator_1 - 3_folds.train_2.predict)=90.66%
[ 2020-03-20 16:55:47,953][kfold_wrapper.log_eval_metrics] Accuracy(layer_1 - estimator_1 - 3_folds.train_cv.predict)=90.57%
[ 2020-03-20 16:55:47,954][kfold_wrapper.log_eval_metrics] Accuracy(layer_1 - estimator_1 - 3_folds.test.predict)=95.40%
[ 2020-03-20 16:55:49,563][kfold_wrapper.log_eval_metrics] Accuracy(layer_1 - estimator_2 - 3_folds.train_0.predict)=88.42%
[ 2020-03-20 16:55:51,392][kfold_wrapper.log_eval_metrics] Accuracy(layer_1 - estimator_2 - 3_folds.train_1.predict)=90.70%
[ 2020-03-20 16:55:53,092][kfold_wrapper.log_eval_metrics] Accuracy(layer_1 - estimator_2 - 3_folds.train_2.predict)=90.66%
[ 2020-03-20 16:55:53,094][kfold_wrapper.log_eval_metrics] Accuracy(layer_1 - estimator_2 - 3_folds.train_cv.predict)=89.92%
[ 2020-03-20 16:55:53,095][kfold_wrapper.log_eval_metrics] Accuracy(layer_1 - estimator_2 - 3_folds.test.predict)=94.25%
[ 2020-03-20 16:55:53,095][cascade_classifier.calc_accuracy] Accuracy(layer_1 - train.classifier_average)=91.34%
[ 2020-03-20 16:55:53,095][cascade_classifier.calc_accuracy] Accuracy(layer_1 - test.classifier_average)=94.25%
[ 2020-03-20 16:55:53,097][cascade_classifier.fit_transform] [layer=2] look_indexs=[0], X_cur_train.shape=(774, 360), X_cur_test.shape=(87, 360)
[ 2020-03-20 16:55:55,930][kfold_wrapper.log_eval_metrics] Accuracy(layer_2 - estimator_0 - 3_folds.train_0.predict)=90.73%
[ 2020-03-20 16:55:59,111][kfold_wrapper.log_eval_metrics] Accuracy(layer_2 - estimator_0 - 3_folds.train_1.predict)=91.47%
[ 2020-03-20 16:56:02,256][kfold_wrapper.log_eval_metrics] Accuracy(layer_2 - estimator_0 - 3_folds.train_2.predict)=89.88%
[ 2020-03-20 16:56:02,680][kfold_wrapper.log_eval_metrics] Accuracy(layer_2 - estimator_0 - 3_folds.train_cv.predict)=90.70%
[ 2020-03-20 16:56:02,681][kfold_wrapper.log_eval_metrics] Accuracy(layer_2 - estimator_0 - 3_folds.test.predict)=94.25%
[ 2020-03-20 16:56:05,219][kfold_wrapper.log_eval_metrics] Accuracy(layer_2 - estimator_1 - 3_folds.train_0.predict)=92.28%
[ 2020-03-20 16:56:08,199][kfold_wrapper.log_eval_metrics] Accuracy(layer_2 - estimator_1 - 3_folds.train_1.predict)=88.37%
[ 2020-03-20 16:56:11,189][kfold_wrapper.log_eval_metrics] Accuracy(layer_2 - estimator_1 - 3_folds.train_2.predict)=91.83%
[ 2020-03-20 16:56:11,608][kfold_wrapper.log_eval_metrics] Accuracy(layer_2 - estimator_1 - 3_folds.train_cv.predict)=90.83%
[ 2020-03-20 16:56:11,609][kfold_wrapper.log_eval_metrics] Accuracy(layer_2 - estimator_1 - 3_folds.test.predict)=95.40%
[ 2020-03-20 16:56:13,314][kfold_wrapper.log_eval_metrics] Accuracy(layer_2 - estimator_2 - 3_folds.train_0.predict)=89.96%
[ 2020-03-20 16:56:15,187][kfold_wrapper.log_eval_metrics] Accuracy(layer_2 - estimator_2 - 3_folds.train_1.predict)=88.76%
[ 2020-03-20 16:56:17,280][kfold_wrapper.log_eval_metrics] Accuracy(layer_2 - estimator_2 - 3_folds.train_2.predict)=91.83%
[ 2020-03-20 16:56:17,284][kfold_wrapper.log_eval_metrics] Accuracy(layer_2 - estimator_2 - 3_folds.train_cv.predict)=90.18%
[ 2020-03-20 16:56:17,285][kfold_wrapper.log_eval_metrics] Accuracy(layer_2 - estimator_2 - 3_folds.test.predict)=94.25%
[ 2020-03-20 16:56:17,285][cascade_classifier.calc_accuracy] Accuracy(layer_2 - train.classifier_average)=91.21%
[ 2020-03-20 16:56:17,286][cascade_classifier.calc_accuracy] Accuracy(layer_2 - test.classifier_average)=94.25%
[ 2020-03-20 16:56:17,309][cascade_classifier.fit_transform] [layer=3] look_indexs=[0], X_cur_train.shape=(774, 360), X_cur_test.shape=(87, 360)
[ 2020-03-20 16:56:20,178][kfold_wrapper.log_eval_metrics] Accuracy(layer_3 - estimator_0 - 3_folds.train_0.predict)=92.28%
[ 2020-03-20 16:56:23,293][kfold_wrapper.log_eval_metrics] Accuracy(layer_3 - estimator_0 - 3_folds.train_1.predict)=87.98%
[ 2020-03-20 16:56:26,538][kfold_wrapper.log_eval_metrics] Accuracy(layer_3 - estimator_0 - 3_folds.train_2.predict)=92.22%
[ 2020-03-20 16:56:26,850][kfold_wrapper.log_eval_metrics] Accuracy(layer_3 - estimator_0 - 3_folds.train_cv.predict)=90.83%
[ 2020-03-20 16:56:26,850][kfold_wrapper.log_eval_metrics] Accuracy(layer_3 - estimator_0 - 3_folds.test.predict)=94.25%
[ 2020-03-20 16:56:29,407][kfold_wrapper.log_eval_metrics] Accuracy(layer_3 - estimator_1 - 3_folds.train_0.predict)=90.35%
[ 2020-03-20 16:56:32,399][kfold_wrapper.log_eval_metrics] Accuracy(layer_3 - estimator_1 - 3_folds.train_1.predict)=93.80%
[ 2020-03-20 16:56:35,400][kfold_wrapper.log_eval_metrics] Accuracy(layer_3 - estimator_1 - 3_folds.train_2.predict)=89.11%
[ 2020-03-20 16:56:35,812][kfold_wrapper.log_eval_metrics] Accuracy(layer_3 - estimator_1 - 3_folds.train_cv.predict)=91.09%
[ 2020-03-20 16:56:35,813][kfold_wrapper.log_eval_metrics] Accuracy(layer_3 - estimator_1 - 3_folds.test.predict)=94.25%
[ 2020-03-20 16:56:37,427][kfold_wrapper.log_eval_metrics] Accuracy(layer_3 - estimator_2 - 3_folds.train_0.predict)=88.80%
[ 2020-03-20 16:56:39,401][kfold_wrapper.log_eval_metrics] Accuracy(layer_3 - estimator_2 - 3_folds.train_1.predict)=91.47%
[ 2020-03-20 16:56:41,186][kfold_wrapper.log_eval_metrics] Accuracy(layer_3 - estimator_2 - 3_folds.train_2.predict)=93.00%
[ 2020-03-20 16:56:41,189][kfold_wrapper.log_eval_metrics] Accuracy(layer_3 - estimator_2 - 3_folds.train_cv.predict)=91.09%
[ 2020-03-20 16:56:41,189][kfold_wrapper.log_eval_metrics] Accuracy(layer_3 - estimator_2 - 3_folds.test.predict)=93.10%
[ 2020-03-20 16:56:41,189][cascade_classifier.calc_accuracy] Accuracy(layer_3 - train.classifier_average)=91.21%
[ 2020-03-20 16:56:41,190][cascade_classifier.calc_accuracy] Accuracy(layer_3 - test.classifier_average)=94.25%
[ 2020-03-20 16:56:41,191][cascade_classifier.fit_transform] [layer=4] look_indexs=[0], X_cur_train.shape=(774, 360), X_cur_test.shape=(87, 360)
[ 2020-03-20 16:56:43,910][kfold_wrapper.log_eval_metrics] Accuracy(layer_4 - estimator_0 - 3_folds.train_0.predict)=91.89%
[ 2020-03-20 16:56:47,043][kfold_wrapper.log_eval_metrics] Accuracy(layer_4 - estimator_0 - 3_folds.train_1.predict)=90.31%
[ 2020-03-20 16:56:50,273][kfold_wrapper.log_eval_metrics] Accuracy(layer_4 - estimator_0 - 3_folds.train_2.predict)=91.83%
[ 2020-03-20 16:56:50,683][kfold_wrapper.log_eval_metrics] Accuracy(layer_4 - estimator_0 - 3_folds.train_cv.predict)=91.34%
[ 2020-03-20 16:56:50,684][kfold_wrapper.log_eval_metrics] Accuracy(layer_4 - estimator_0 - 3_folds.test.predict)=94.25%
[ 2020-03-20 16:56:53,295][kfold_wrapper.log_eval_metrics] Accuracy(layer_4 - estimator_1 - 3_folds.train_0.predict)=91.89%
[ 2020-03-20 16:56:56,750][kfold_wrapper.log_eval_metrics] Accuracy(layer_4 - estimator_1 - 3_folds.train_1.predict)=91.47%
[ 2020-03-20 16:56:59,999][kfold_wrapper.log_eval_metrics] Accuracy(layer_4 - estimator_1 - 3_folds.train_2.predict)=89.49%
[ 2020-03-20 16:57:00,316][kfold_wrapper.log_eval_metrics] Accuracy(layer_4 - estimator_1 - 3_folds.train_cv.predict)=90.96%
[ 2020-03-20 16:57:00,316][kfold_wrapper.log_eval_metrics] Accuracy(layer_4 - estimator_1 - 3_folds.test.predict)=95.40%
[ 2020-03-20 16:57:02,052][kfold_wrapper.log_eval_metrics] Accuracy(layer_4 - estimator_2 - 3_folds.train_0.predict)=91.51%
[ 2020-03-20 16:57:04,395][kfold_wrapper.log_eval_metrics] Accuracy(layer_4 - estimator_2 - 3_folds.train_1.predict)=90.31%
[ 2020-03-20 16:57:06,938][kfold_wrapper.log_eval_metrics] Accuracy(layer_4 - estimator_2 - 3_folds.train_2.predict)=91.05%
[ 2020-03-20 16:57:06,941][kfold_wrapper.log_eval_metrics] Accuracy(layer_4 - estimator_2 - 3_folds.train_cv.predict)=90.96%
[ 2020-03-20 16:57:06,943][kfold_wrapper.log_eval_metrics] Accuracy(layer_4 - estimator_2 - 3_folds.test.predict)=93.10%
[ 2020-03-20 16:57:06,943][cascade_classifier.calc_accuracy] Accuracy(layer_4 - train.classifier_average)=90.83%
[ 2020-03-20 16:57:06,944][cascade_classifier.calc_accuracy] Accuracy(layer_4 - test.classifier_average)=94.25%
[ 2020-03-20 16:57:06,944][cascade_classifier.fit_transform] [Result][Optimal Level Detected] opt_layer_num=2, accuracy_train=91.34%, accuracy_test=94.25%
[ 2020-03-20 16:57:06,969][cascade_classifier.transform] X_groups_test.shape=[(87, 354)]
[ 2020-03-20 16:57:06,970][cascade_classifier.transform] group_dims=[354]
[ 2020-03-20 16:57:06,970][cascade_classifier.transform] X_test.shape=(87, 354)
[ 2020-03-20 16:57:06,970][cascade_classifier.transform] [layer=0] look_indexs=[0], X_cur_test.shape=(87, 354)
[ 2020-03-20 16:57:09,891][cascade_classifier.transform] [layer=1] look_indexs=[0], X_cur_test.shape=(87, 360)
[ 2020-03-20 16:57:12,609][cascade_classifier.transform] X_groups_test.shape=[(87, 354)]
[ 2020-03-20 16:57:12,609][cascade_classifier.transform] group_dims=[354]
[ 2020-03-20 16:57:12,609][cascade_classifier.transform] X_test.shape=(87, 354)
[ 2020-03-20 16:57:12,610][cascade_classifier.transform] [layer=0] look_indexs=[0], X_cur_test.shape=(87, 354)
[ 2020-03-20 16:57:15,152][cascade_classifier.transform] [layer=1] look_indexs=[0], X_cur_test.shape=(87, 360)
[ 2020-03-20 16:57:17,820][cascade_classifier.fit_transform] X_groups_train.shape=[(774, 354)],y_train.shape=(774,),X_groups_test.shape=[(87, 354)],y_test.shape=(87,)
[ 2020-03-20 16:57:17,823][cascade_classifier.fit_transform] group_dims=[354]
[ 2020-03-20 16:57:17,851][cascade_classifier.fit_transform] group_starts=[0]
[ 2020-03-20 16:57:17,852][cascade_classifier.fit_transform] group_ends=[354]
[ 2020-03-20 16:57:17,853][cascade_classifier.fit_transform] X_train.shape=(774, 354),X_test.shape=(87, 354)
[ 2020-03-20 16:57:17,859][cascade_classifier.fit_transform] [layer=0] look_indexs=[0], X_cur_train.shape=(774, 354), X_cur_test.shape=(87, 354)
[ 2020-03-20 16:57:21,821][kfold_wrapper.log_eval_metrics] Accuracy(layer_0 - estimator_0 - 3_folds.train_0.predict)=93.05%
[ 2020-03-20 16:57:25,795][kfold_wrapper.log_eval_metrics] Accuracy(layer_0 - estimator_0 - 3_folds.train_1.predict)=93.02%
[ 2020-03-20 16:57:29,086][kfold_wrapper.log_eval_metrics] Accuracy(layer_0 - estimator_0 - 3_folds.train_2.predict)=89.49%
[ 2020-03-20 16:57:29,397][kfold_wrapper.log_eval_metrics] Accuracy(layer_0 - estimator_0 - 3_folds.train_cv.predict)=91.86%
[ 2020-03-20 16:57:29,398][kfold_wrapper.log_eval_metrics] Accuracy(layer_0 - estimator_0 - 3_folds.test.predict)=85.06%
[ 2020-03-20 16:57:31,608][kfold_wrapper.log_eval_metrics] Accuracy(layer_0 - estimator_1 - 3_folds.train_0.predict)=91.89%
[ 2020-03-20 16:57:33,999][kfold_wrapper.log_eval_metrics] Accuracy(layer_0 - estimator_1 - 3_folds.train_1.predict)=90.31%
[ 2020-03-20 16:57:36,410][kfold_wrapper.log_eval_metrics] Accuracy(layer_0 - estimator_1 - 3_folds.train_2.predict)=90.66%
[ 2020-03-20 16:57:36,738][kfold_wrapper.log_eval_metrics] Accuracy(layer_0 - estimator_1 - 3_folds.train_cv.predict)=90.96%
[ 2020-03-20 16:57:36,738][kfold_wrapper.log_eval_metrics] Accuracy(layer_0 - estimator_1 - 3_folds.test.predict)=87.36%
[ 2020-03-20 16:57:38,050][kfold_wrapper.log_eval_metrics] Accuracy(layer_0 - estimator_2 - 3_folds.train_0.predict)=91.12%
[ 2020-03-20 16:57:39,363][kfold_wrapper.log_eval_metrics] Accuracy(layer_0 - estimator_2 - 3_folds.train_1.predict)=92.64%
[ 2020-03-20 16:57:40,629][kfold_wrapper.log_eval_metrics] Accuracy(layer_0 - estimator_2 - 3_folds.train_2.predict)=89.49%
[ 2020-03-20 16:57:40,629][kfold_wrapper.log_eval_metrics] Accuracy(layer_0 - estimator_2 - 3_folds.train_cv.predict)=91.09%
[ 2020-03-20 16:57:40,629][kfold_wrapper.log_eval_metrics] Accuracy(layer_0 - estimator_2 - 3_folds.test.predict)=85.06%
[ 2020-03-20 16:57:40,629][cascade_classifier.calc_accuracy] Accuracy(layer_0 - train.classifier_average)=91.21%
[ 2020-03-20 16:57:40,629][cascade_classifier.calc_accuracy] Accuracy(layer_0 - test.classifier_average)=85.06%
[ 2020-03-20 16:57:40,629][cascade_classifier.fit_transform] [layer=1] look_indexs=[0], X_cur_train.shape=(774, 360), X_cur_test.shape=(87, 360)
[ 2020-03-20 16:57:42,879][kfold_wrapper.log_eval_metrics] Accuracy(layer_1 - estimator_0 - 3_folds.train_0.predict)=92.66%
