[ 2020-03-24 18:27:45,890][cascade_classifier.fit_transform] X_groups_train.shape=[(774, 354)],y_train.shape=(774,),X_groups_test.shape=[(87, 354)],y_test.shape=(87,)
[ 2020-03-24 18:27:45,895][cascade_classifier.fit_transform] group_dims=[354]
[ 2020-03-24 18:27:45,896][cascade_classifier.fit_transform] group_starts=[0]
[ 2020-03-24 18:27:45,896][cascade_classifier.fit_transform] group_ends=[354]
[ 2020-03-24 18:27:45,896][cascade_classifier.fit_transform] X_train.shape=(774, 354),X_test.shape=(87, 354)
[ 2020-03-24 18:27:45,906][cascade_classifier.fit_transform] [layer=0] look_indexs=[0], X_cur_train.shape=(774, 354), X_cur_test.shape=(87, 354)
[ 2020-03-24 18:27:47,753][kfold_wrapper.log_eval_metrics] Accuracy(layer_0 - estimator_0 - 3_folds.train_0.predict)=91.89%
[ 2020-03-24 18:27:49,797][kfold_wrapper.log_eval_metrics] Accuracy(layer_0 - estimator_0 - 3_folds.train_1.predict)=91.47%
[ 2020-03-24 18:27:51,959][kfold_wrapper.log_eval_metrics] Accuracy(layer_0 - estimator_0 - 3_folds.train_2.predict)=90.66%
[ 2020-03-24 18:27:52,164][kfold_wrapper.log_eval_metrics] Accuracy(layer_0 - estimator_0 - 3_folds.train_cv.predict)=91.34%
[ 2020-03-24 18:27:52,164][kfold_wrapper.log_eval_metrics] Accuracy(layer_0 - estimator_0 - 3_folds.test.predict)=93.10%
[ 2020-03-24 18:27:53,844][kfold_wrapper.log_eval_metrics] Accuracy(layer_0 - estimator_1 - 3_folds.train_0.predict)=91.12%
[ 2020-03-24 18:27:55,724][kfold_wrapper.log_eval_metrics] Accuracy(layer_0 - estimator_1 - 3_folds.train_1.predict)=90.70%
[ 2020-03-24 18:27:57,722][kfold_wrapper.log_eval_metrics] Accuracy(layer_0 - estimator_1 - 3_folds.train_2.predict)=87.16%
[ 2020-03-24 18:27:58,032][kfold_wrapper.log_eval_metrics] Accuracy(layer_0 - estimator_1 - 3_folds.train_cv.predict)=89.66%
[ 2020-03-24 18:27:58,032][kfold_wrapper.log_eval_metrics] Accuracy(layer_0 - estimator_1 - 3_folds.test.predict)=93.10%
[ 2020-03-24 18:27:59,329][kfold_wrapper.log_eval_metrics] Accuracy(layer_0 - estimator_2 - 3_folds.train_0.predict)=90.35%
[ 2020-03-24 18:28:00,456][kfold_wrapper.log_eval_metrics] Accuracy(layer_0 - estimator_2 - 3_folds.train_1.predict)=91.47%
[ 2020-03-24 18:28:02,107][kfold_wrapper.log_eval_metrics] Accuracy(layer_0 - estimator_2 - 3_folds.train_2.predict)=88.72%
[ 2020-03-24 18:28:02,112][kfold_wrapper.log_eval_metrics] Accuracy(layer_0 - estimator_2 - 3_folds.train_cv.predict)=90.18%
[ 2020-03-24 18:28:02,112][kfold_wrapper.log_eval_metrics] Accuracy(layer_0 - estimator_2 - 3_folds.test.predict)=90.80%
[ 2020-03-24 18:28:02,113][cascade_classifier.calc_accuracy] Accuracy(layer_0 - train.classifier_average)=90.44%
[ 2020-03-24 18:28:02,113][cascade_classifier.calc_accuracy] Accuracy(layer_0 - test.classifier_average)=91.95%
[ 2020-03-24 18:28:02,117][cascade_classifier.fit_transform] [layer=1] look_indexs=[0], X_cur_train.shape=(774, 360), X_cur_test.shape=(87, 360)
[ 2020-03-24 18:28:03,697][kfold_wrapper.log_eval_metrics] Accuracy(layer_1 - estimator_0 - 3_folds.train_0.predict)=90.35%
[ 2020-03-24 18:28:05,378][kfold_wrapper.log_eval_metrics] Accuracy(layer_1 - estimator_0 - 3_folds.train_1.predict)=93.02%
[ 2020-03-24 18:28:07,041][kfold_wrapper.log_eval_metrics] Accuracy(layer_1 - estimator_0 - 3_folds.train_2.predict)=89.49%
[ 2020-03-24 18:28:07,247][kfold_wrapper.log_eval_metrics] Accuracy(layer_1 - estimator_0 - 3_folds.train_cv.predict)=90.96%
[ 2020-03-24 18:28:07,248][kfold_wrapper.log_eval_metrics] Accuracy(layer_1 - estimator_0 - 3_folds.test.predict)=93.10%
[ 2020-03-24 18:28:08,559][kfold_wrapper.log_eval_metrics] Accuracy(layer_1 - estimator_1 - 3_folds.train_0.predict)=93.44%
[ 2020-03-24 18:28:10,044][kfold_wrapper.log_eval_metrics] Accuracy(layer_1 - estimator_1 - 3_folds.train_1.predict)=88.76%
[ 2020-03-24 18:28:11,575][kfold_wrapper.log_eval_metrics] Accuracy(layer_1 - estimator_1 - 3_folds.train_2.predict)=89.49%
[ 2020-03-24 18:28:11,783][kfold_wrapper.log_eval_metrics] Accuracy(layer_1 - estimator_1 - 3_folds.train_cv.predict)=90.57%
[ 2020-03-24 18:28:11,784][kfold_wrapper.log_eval_metrics] Accuracy(layer_1 - estimator_1 - 3_folds.test.predict)=93.10%
[ 2020-03-24 18:28:12,723][kfold_wrapper.log_eval_metrics] Accuracy(layer_1 - estimator_2 - 3_folds.train_0.predict)=91.12%
[ 2020-03-24 18:28:13,716][kfold_wrapper.log_eval_metrics] Accuracy(layer_1 - estimator_2 - 3_folds.train_1.predict)=92.64%
[ 2020-03-24 18:28:14,599][kfold_wrapper.log_eval_metrics] Accuracy(layer_1 - estimator_2 - 3_folds.train_2.predict)=89.49%
[ 2020-03-24 18:28:14,601][kfold_wrapper.log_eval_metrics] Accuracy(layer_1 - estimator_2 - 3_folds.train_cv.predict)=91.09%
[ 2020-03-24 18:28:14,602][kfold_wrapper.log_eval_metrics] Accuracy(layer_1 - estimator_2 - 3_folds.test.predict)=90.80%
[ 2020-03-24 18:28:14,602][cascade_classifier.calc_accuracy] Accuracy(layer_1 - train.classifier_average)=90.57%
[ 2020-03-24 18:28:14,602][cascade_classifier.calc_accuracy] Accuracy(layer_1 - test.classifier_average)=90.80%
[ 2020-03-24 18:28:14,604][cascade_classifier.fit_transform] [layer=2] look_indexs=[0], X_cur_train.shape=(774, 360), X_cur_test.shape=(87, 360)
[ 2020-03-24 18:28:16,053][kfold_wrapper.log_eval_metrics] Accuracy(layer_2 - estimator_0 - 3_folds.train_0.predict)=91.12%
[ 2020-03-24 18:28:17,724][kfold_wrapper.log_eval_metrics] Accuracy(layer_2 - estimator_0 - 3_folds.train_1.predict)=90.70%
[ 2020-03-24 18:28:19,377][kfold_wrapper.log_eval_metrics] Accuracy(layer_2 - estimator_0 - 3_folds.train_2.predict)=89.88%
[ 2020-03-24 18:28:19,583][kfold_wrapper.log_eval_metrics] Accuracy(layer_2 - estimator_0 - 3_folds.train_cv.predict)=90.57%
[ 2020-03-24 18:28:19,583][kfold_wrapper.log_eval_metrics] Accuracy(layer_2 - estimator_0 - 3_folds.test.predict)=93.10%
[ 2020-03-24 18:28:20,888][kfold_wrapper.log_eval_metrics] Accuracy(layer_2 - estimator_1 - 3_folds.train_0.predict)=90.35%
[ 2020-03-24 18:28:22,414][kfold_wrapper.log_eval_metrics] Accuracy(layer_2 - estimator_1 - 3_folds.train_1.predict)=93.02%
[ 2020-03-24 18:28:23,985][kfold_wrapper.log_eval_metrics] Accuracy(layer_2 - estimator_1 - 3_folds.train_2.predict)=89.11%
[ 2020-03-24 18:28:24,192][kfold_wrapper.log_eval_metrics] Accuracy(layer_2 - estimator_1 - 3_folds.train_cv.predict)=90.83%
[ 2020-03-24 18:28:24,192][kfold_wrapper.log_eval_metrics] Accuracy(layer_2 - estimator_1 - 3_folds.test.predict)=93.10%
[ 2020-03-24 18:28:25,114][kfold_wrapper.log_eval_metrics] Accuracy(layer_2 - estimator_2 - 3_folds.train_0.predict)=91.89%
[ 2020-03-24 18:28:26,016][kfold_wrapper.log_eval_metrics] Accuracy(layer_2 - estimator_2 - 3_folds.train_1.predict)=89.92%
[ 2020-03-24 18:28:26,956][kfold_wrapper.log_eval_metrics] Accuracy(layer_2 - estimator_2 - 3_folds.train_2.predict)=87.55%
[ 2020-03-24 18:28:26,960][kfold_wrapper.log_eval_metrics] Accuracy(layer_2 - estimator_2 - 3_folds.train_cv.predict)=89.79%
[ 2020-03-24 18:28:26,960][kfold_wrapper.log_eval_metrics] Accuracy(layer_2 - estimator_2 - 3_folds.test.predict)=90.80%
[ 2020-03-24 18:28:26,960][cascade_classifier.calc_accuracy] Accuracy(layer_2 - train.classifier_average)=91.09%
[ 2020-03-24 18:28:26,960][cascade_classifier.calc_accuracy] Accuracy(layer_2 - test.classifier_average)=90.80%
[ 2020-03-24 18:28:26,962][cascade_classifier.fit_transform] [layer=3] look_indexs=[0], X_cur_train.shape=(774, 360), X_cur_test.shape=(87, 360)
[ 2020-03-24 18:28:28,407][kfold_wrapper.log_eval_metrics] Accuracy(layer_3 - estimator_0 - 3_folds.train_0.predict)=93.82%
[ 2020-03-24 18:28:30,054][kfold_wrapper.log_eval_metrics] Accuracy(layer_3 - estimator_0 - 3_folds.train_1.predict)=89.92%
[ 2020-03-24 18:28:31,705][kfold_wrapper.log_eval_metrics] Accuracy(layer_3 - estimator_0 - 3_folds.train_2.predict)=90.27%
[ 2020-03-24 18:28:31,916][kfold_wrapper.log_eval_metrics] Accuracy(layer_3 - estimator_0 - 3_folds.train_cv.predict)=91.34%
[ 2020-03-24 18:28:31,917][kfold_wrapper.log_eval_metrics] Accuracy(layer_3 - estimator_0 - 3_folds.test.predict)=93.10%
[ 2020-03-24 18:28:33,221][kfold_wrapper.log_eval_metrics] Accuracy(layer_3 - estimator_1 - 3_folds.train_0.predict)=91.12%
[ 2020-03-24 18:28:34,744][kfold_wrapper.log_eval_metrics] Accuracy(layer_3 - estimator_1 - 3_folds.train_1.predict)=88.37%
[ 2020-03-24 18:28:36,254][kfold_wrapper.log_eval_metrics] Accuracy(layer_3 - estimator_1 - 3_folds.train_2.predict)=92.22%
[ 2020-03-24 18:28:36,462][kfold_wrapper.log_eval_metrics] Accuracy(layer_3 - estimator_1 - 3_folds.train_cv.predict)=90.57%
[ 2020-03-24 18:28:36,463][kfold_wrapper.log_eval_metrics] Accuracy(layer_3 - estimator_1 - 3_folds.test.predict)=93.10%
[ 2020-03-24 18:28:37,421][kfold_wrapper.log_eval_metrics] Accuracy(layer_3 - estimator_2 - 3_folds.train_0.predict)=92.28%
[ 2020-03-24 18:28:38,329][kfold_wrapper.log_eval_metrics] Accuracy(layer_3 - estimator_2 - 3_folds.train_1.predict)=89.92%
[ 2020-03-24 18:28:39,194][kfold_wrapper.log_eval_metrics] Accuracy(layer_3 - estimator_2 - 3_folds.train_2.predict)=90.27%
[ 2020-03-24 18:28:39,196][kfold_wrapper.log_eval_metrics] Accuracy(layer_3 - estimator_2 - 3_folds.train_cv.predict)=90.83%
[ 2020-03-24 18:28:39,196][kfold_wrapper.log_eval_metrics] Accuracy(layer_3 - estimator_2 - 3_folds.test.predict)=90.80%
[ 2020-03-24 18:28:39,196][cascade_classifier.calc_accuracy] Accuracy(layer_3 - train.classifier_average)=91.21%
[ 2020-03-24 18:28:39,197][cascade_classifier.calc_accuracy] Accuracy(layer_3 - test.classifier_average)=90.80%
[ 2020-03-24 18:28:39,198][cascade_classifier.fit_transform] [layer=4] look_indexs=[0], X_cur_train.shape=(774, 360), X_cur_test.shape=(87, 360)
[ 2020-03-24 18:28:40,661][kfold_wrapper.log_eval_metrics] Accuracy(layer_4 - estimator_0 - 3_folds.train_0.predict)=92.66%
[ 2020-03-24 18:28:42,306][kfold_wrapper.log_eval_metrics] Accuracy(layer_4 - estimator_0 - 3_folds.train_1.predict)=89.15%
[ 2020-03-24 18:28:43,965][kfold_wrapper.log_eval_metrics] Accuracy(layer_4 - estimator_0 - 3_folds.train_2.predict)=91.05%
[ 2020-03-24 18:28:44,173][kfold_wrapper.log_eval_metrics] Accuracy(layer_4 - estimator_0 - 3_folds.train_cv.predict)=90.96%
[ 2020-03-24 18:28:44,174][kfold_wrapper.log_eval_metrics] Accuracy(layer_4 - estimator_0 - 3_folds.test.predict)=91.95%
[ 2020-03-24 18:28:45,485][kfold_wrapper.log_eval_metrics] Accuracy(layer_4 - estimator_1 - 3_folds.train_0.predict)=91.89%
[ 2020-03-24 18:28:46,975][kfold_wrapper.log_eval_metrics] Accuracy(layer_4 - estimator_1 - 3_folds.train_1.predict)=89.92%
[ 2020-03-24 18:28:48,496][kfold_wrapper.log_eval_metrics] Accuracy(layer_4 - estimator_1 - 3_folds.train_2.predict)=89.49%
[ 2020-03-24 18:28:48,709][kfold_wrapper.log_eval_metrics] Accuracy(layer_4 - estimator_1 - 3_folds.train_cv.predict)=90.44%
[ 2020-03-24 18:28:48,710][kfold_wrapper.log_eval_metrics] Accuracy(layer_4 - estimator_1 - 3_folds.test.predict)=93.10%
[ 2020-03-24 18:28:49,571][kfold_wrapper.log_eval_metrics] Accuracy(layer_4 - estimator_2 - 3_folds.train_0.predict)=88.80%
[ 2020-03-24 18:28:50,459][kfold_wrapper.log_eval_metrics] Accuracy(layer_4 - estimator_2 - 3_folds.train_1.predict)=89.15%
[ 2020-03-24 18:28:51,428][kfold_wrapper.log_eval_metrics] Accuracy(layer_4 - estimator_2 - 3_folds.train_2.predict)=92.22%
[ 2020-03-24 18:28:51,430][kfold_wrapper.log_eval_metrics] Accuracy(layer_4 - estimator_2 - 3_folds.train_cv.predict)=90.05%
[ 2020-03-24 18:28:51,430][kfold_wrapper.log_eval_metrics] Accuracy(layer_4 - estimator_2 - 3_folds.test.predict)=91.95%
[ 2020-03-24 18:28:51,431][cascade_classifier.calc_accuracy] Accuracy(layer_4 - train.classifier_average)=91.34%
[ 2020-03-24 18:28:51,431][cascade_classifier.calc_accuracy] Accuracy(layer_4 - test.classifier_average)=90.80%
[ 2020-03-24 18:28:51,432][cascade_classifier.fit_transform] [layer=5] look_indexs=[0], X_cur_train.shape=(774, 360), X_cur_test.shape=(87, 360)
[ 2020-03-24 18:28:52,881][kfold_wrapper.log_eval_metrics] Accuracy(layer_5 - estimator_0 - 3_folds.train_0.predict)=91.51%
[ 2020-03-24 18:28:54,587][kfold_wrapper.log_eval_metrics] Accuracy(layer_5 - estimator_0 - 3_folds.train_1.predict)=89.15%
[ 2020-03-24 18:28:56,323][kfold_wrapper.log_eval_metrics] Accuracy(layer_5 - estimator_0 - 3_folds.train_2.predict)=92.22%
[ 2020-03-24 18:28:56,584][kfold_wrapper.log_eval_metrics] Accuracy(layer_5 - estimator_0 - 3_folds.train_cv.predict)=90.96%
[ 2020-03-24 18:28:56,585][kfold_wrapper.log_eval_metrics] Accuracy(layer_5 - estimator_0 - 3_folds.test.predict)=93.10%
[ 2020-03-24 18:28:58,442][kfold_wrapper.log_eval_metrics] Accuracy(layer_5 - estimator_1 - 3_folds.train_0.predict)=92.28%
[ 2020-03-24 18:29:00,475][kfold_wrapper.log_eval_metrics] Accuracy(layer_5 - estimator_1 - 3_folds.train_1.predict)=91.86%
[ 2020-03-24 18:29:02,403][kfold_wrapper.log_eval_metrics] Accuracy(layer_5 - estimator_1 - 3_folds.train_2.predict)=87.55%
[ 2020-03-24 18:29:02,713][kfold_wrapper.log_eval_metrics] Accuracy(layer_5 - estimator_1 - 3_folds.train_cv.predict)=90.57%
[ 2020-03-24 18:29:02,714][kfold_wrapper.log_eval_metrics] Accuracy(layer_5 - estimator_1 - 3_folds.test.predict)=93.10%
[ 2020-03-24 18:29:04,420][kfold_wrapper.log_eval_metrics] Accuracy(layer_5 - estimator_2 - 3_folds.train_0.predict)=90.35%
[ 2020-03-24 18:29:05,870][kfold_wrapper.log_eval_metrics] Accuracy(layer_5 - estimator_2 - 3_folds.train_1.predict)=89.92%
[ 2020-03-24 18:29:07,270][kfold_wrapper.log_eval_metrics] Accuracy(layer_5 - estimator_2 - 3_folds.train_2.predict)=90.27%
[ 2020-03-24 18:29:07,273][kfold_wrapper.log_eval_metrics] Accuracy(layer_5 - estimator_2 - 3_folds.train_cv.predict)=90.18%
[ 2020-03-24 18:29:07,273][kfold_wrapper.log_eval_metrics] Accuracy(layer_5 - estimator_2 - 3_folds.test.predict)=90.80%
[ 2020-03-24 18:29:07,274][cascade_classifier.calc_accuracy] Accuracy(layer_5 - train.classifier_average)=90.83%
[ 2020-03-24 18:29:07,274][cascade_classifier.calc_accuracy] Accuracy(layer_5 - test.classifier_average)=93.10%
[ 2020-03-24 18:29:07,275][cascade_classifier.fit_transform] [layer=6] look_indexs=[0], X_cur_train.shape=(774, 360), X_cur_test.shape=(87, 360)
[ 2020-03-24 18:29:09,333][kfold_wrapper.log_eval_metrics] Accuracy(layer_6 - estimator_0 - 3_folds.train_0.predict)=89.96%
[ 2020-03-24 18:29:11,564][kfold_wrapper.log_eval_metrics] Accuracy(layer_6 - estimator_0 - 3_folds.train_1.predict)=91.47%
[ 2020-03-24 18:29:13,975][kfold_wrapper.log_eval_metrics] Accuracy(layer_6 - estimator_0 - 3_folds.train_2.predict)=92.61%
[ 2020-03-24 18:29:14,290][kfold_wrapper.log_eval_metrics] Accuracy(layer_6 - estimator_0 - 3_folds.train_cv.predict)=91.34%
[ 2020-03-24 18:29:14,291][kfold_wrapper.log_eval_metrics] Accuracy(layer_6 - estimator_0 - 3_folds.test.predict)=93.10%
[ 2020-03-24 18:29:15,967][kfold_wrapper.log_eval_metrics] Accuracy(layer_6 - estimator_1 - 3_folds.train_0.predict)=90.35%
[ 2020-03-24 18:29:17,887][kfold_wrapper.log_eval_metrics] Accuracy(layer_6 - estimator_1 - 3_folds.train_1.predict)=89.15%
[ 2020-03-24 18:29:19,599][kfold_wrapper.log_eval_metrics] Accuracy(layer_6 - estimator_1 - 3_folds.train_2.predict)=91.44%
[ 2020-03-24 18:29:19,804][kfold_wrapper.log_eval_metrics] Accuracy(layer_6 - estimator_1 - 3_folds.train_cv.predict)=90.31%
[ 2020-03-24 18:29:19,805][kfold_wrapper.log_eval_metrics] Accuracy(layer_6 - estimator_1 - 3_folds.test.predict)=91.95%
[ 2020-03-24 18:29:20,820][kfold_wrapper.log_eval_metrics] Accuracy(layer_6 - estimator_2 - 3_folds.train_0.predict)=90.35%
[ 2020-03-24 18:29:21,781][kfold_wrapper.log_eval_metrics] Accuracy(layer_6 - estimator_2 - 3_folds.train_1.predict)=90.70%
[ 2020-03-24 18:29:22,799][kfold_wrapper.log_eval_metrics] Accuracy(layer_6 - estimator_2 - 3_folds.train_2.predict)=90.27%
[ 2020-03-24 18:29:22,802][kfold_wrapper.log_eval_metrics] Accuracy(layer_6 - estimator_2 - 3_folds.train_cv.predict)=90.44%
[ 2020-03-24 18:29:22,802][kfold_wrapper.log_eval_metrics] Accuracy(layer_6 - estimator_2 - 3_folds.test.predict)=91.95%
[ 2020-03-24 18:29:22,803][cascade_classifier.calc_accuracy] Accuracy(layer_6 - train.classifier_average)=91.47%
[ 2020-03-24 18:29:22,803][cascade_classifier.calc_accuracy] Accuracy(layer_6 - test.classifier_average)=90.80%
[ 2020-03-24 18:29:22,804][cascade_classifier.fit_transform] [layer=7] look_indexs=[0], X_cur_train.shape=(774, 360), X_cur_test.shape=(87, 360)
[ 2020-03-24 18:29:24,493][kfold_wrapper.log_eval_metrics] Accuracy(layer_7 - estimator_0 - 3_folds.train_0.predict)=92.28%
[ 2020-03-24 18:29:26,974][kfold_wrapper.log_eval_metrics] Accuracy(layer_7 - estimator_0 - 3_folds.train_1.predict)=91.09%
[ 2020-03-24 18:29:29,216][kfold_wrapper.log_eval_metrics] Accuracy(layer_7 - estimator_0 - 3_folds.train_2.predict)=90.66%
[ 2020-03-24 18:29:29,429][kfold_wrapper.log_eval_metrics] Accuracy(layer_7 - estimator_0 - 3_folds.train_cv.predict)=91.34%
[ 2020-03-24 18:29:29,430][kfold_wrapper.log_eval_metrics] Accuracy(layer_7 - estimator_0 - 3_folds.test.predict)=91.95%
[ 2020-03-24 18:29:31,097][kfold_wrapper.log_eval_metrics] Accuracy(layer_7 - estimator_1 - 3_folds.train_0.predict)=89.96%
[ 2020-03-24 18:29:33,320][kfold_wrapper.log_eval_metrics] Accuracy(layer_7 - estimator_1 - 3_folds.train_1.predict)=89.92%
[ 2020-03-24 18:29:35,300][kfold_wrapper.log_eval_metrics] Accuracy(layer_7 - estimator_1 - 3_folds.train_2.predict)=92.22%
[ 2020-03-24 18:29:35,511][kfold_wrapper.log_eval_metrics] Accuracy(layer_7 - estimator_1 - 3_folds.train_cv.predict)=90.70%
[ 2020-03-24 18:29:35,511][kfold_wrapper.log_eval_metrics] Accuracy(layer_7 - estimator_1 - 3_folds.test.predict)=93.10%
[ 2020-03-24 18:29:36,509][kfold_wrapper.log_eval_metrics] Accuracy(layer_7 - estimator_2 - 3_folds.train_0.predict)=88.80%
[ 2020-03-24 18:29:37,951][kfold_wrapper.log_eval_metrics] Accuracy(layer_7 - estimator_2 - 3_folds.train_1.predict)=91.47%
[ 2020-03-24 18:29:39,202][kfold_wrapper.log_eval_metrics] Accuracy(layer_7 - estimator_2 - 3_folds.train_2.predict)=90.66%
[ 2020-03-24 18:29:39,205][kfold_wrapper.log_eval_metrics] Accuracy(layer_7 - estimator_2 - 3_folds.train_cv.predict)=90.31%
[ 2020-03-24 18:29:39,205][kfold_wrapper.log_eval_metrics] Accuracy(layer_7 - estimator_2 - 3_folds.test.predict)=90.80%
[ 2020-03-24 18:29:39,205][cascade_classifier.calc_accuracy] Accuracy(layer_7 - train.classifier_average)=90.57%
[ 2020-03-24 18:29:39,206][cascade_classifier.calc_accuracy] Accuracy(layer_7 - test.classifier_average)=90.80%
[ 2020-03-24 18:29:39,208][cascade_classifier.fit_transform] [layer=8] look_indexs=[0], X_cur_train.shape=(774, 360), X_cur_test.shape=(87, 360)
[ 2020-03-24 18:29:40,692][kfold_wrapper.log_eval_metrics] Accuracy(layer_8 - estimator_0 - 3_folds.train_0.predict)=91.51%
[ 2020-03-24 18:29:42,393][kfold_wrapper.log_eval_metrics] Accuracy(layer_8 - estimator_0 - 3_folds.train_1.predict)=89.92%
[ 2020-03-24 18:29:44,087][kfold_wrapper.log_eval_metrics] Accuracy(layer_8 - estimator_0 - 3_folds.train_2.predict)=90.27%
[ 2020-03-24 18:29:44,394][kfold_wrapper.log_eval_metrics] Accuracy(layer_8 - estimator_0 - 3_folds.train_cv.predict)=90.57%
[ 2020-03-24 18:29:44,394][kfold_wrapper.log_eval_metrics] Accuracy(layer_8 - estimator_0 - 3_folds.test.predict)=93.10%
[ 2020-03-24 18:29:45,770][kfold_wrapper.log_eval_metrics] Accuracy(layer_8 - estimator_1 - 3_folds.train_0.predict)=93.05%
[ 2020-03-24 18:29:47,292][kfold_wrapper.log_eval_metrics] Accuracy(layer_8 - estimator_1 - 3_folds.train_1.predict)=90.70%
[ 2020-03-24 18:29:48,841][kfold_wrapper.log_eval_metrics] Accuracy(layer_8 - estimator_1 - 3_folds.train_2.predict)=87.94%
[ 2020-03-24 18:29:49,050][kfold_wrapper.log_eval_metrics] Accuracy(layer_8 - estimator_1 - 3_folds.train_cv.predict)=90.57%
[ 2020-03-24 18:29:49,050][kfold_wrapper.log_eval_metrics] Accuracy(layer_8 - estimator_1 - 3_folds.test.predict)=93.10%
[ 2020-03-24 18:29:49,979][kfold_wrapper.log_eval_metrics] Accuracy(layer_8 - estimator_2 - 3_folds.train_0.predict)=91.12%
[ 2020-03-24 18:29:50,929][kfold_wrapper.log_eval_metrics] Accuracy(layer_8 - estimator_2 - 3_folds.train_1.predict)=91.47%
[ 2020-03-24 18:29:51,894][kfold_wrapper.log_eval_metrics] Accuracy(layer_8 - estimator_2 - 3_folds.train_2.predict)=89.88%
[ 2020-03-24 18:29:51,896][kfold_wrapper.log_eval_metrics] Accuracy(layer_8 - estimator_2 - 3_folds.train_cv.predict)=90.83%
[ 2020-03-24 18:29:51,896][kfold_wrapper.log_eval_metrics] Accuracy(layer_8 - estimator_2 - 3_folds.test.predict)=91.95%
[ 2020-03-24 18:29:51,896][cascade_classifier.calc_accuracy] Accuracy(layer_8 - train.classifier_average)=91.86%
[ 2020-03-24 18:29:51,897][cascade_classifier.calc_accuracy] Accuracy(layer_8 - test.classifier_average)=91.95%
[ 2020-03-24 18:29:51,899][cascade_classifier.fit_transform] [layer=9] look_indexs=[0], X_cur_train.shape=(774, 360), X_cur_test.shape=(87, 360)
[ 2020-03-24 18:29:53,381][kfold_wrapper.log_eval_metrics] Accuracy(layer_9 - estimator_0 - 3_folds.train_0.predict)=90.35%
[ 2020-03-24 18:29:55,017][kfold_wrapper.log_eval_metrics] Accuracy(layer_9 - estimator_0 - 3_folds.train_1.predict)=91.09%
[ 2020-03-24 18:29:56,680][kfold_wrapper.log_eval_metrics] Accuracy(layer_9 - estimator_0 - 3_folds.train_2.predict)=90.27%
[ 2020-03-24 18:29:56,886][kfold_wrapper.log_eval_metrics] Accuracy(layer_9 - estimator_0 - 3_folds.train_cv.predict)=90.57%
[ 2020-03-24 18:29:56,886][kfold_wrapper.log_eval_metrics] Accuracy(layer_9 - estimator_0 - 3_folds.test.predict)=91.95%
[ 2020-03-24 18:29:58,193][kfold_wrapper.log_eval_metrics] Accuracy(layer_9 - estimator_1 - 3_folds.train_0.predict)=90.73%
[ 2020-03-24 18:29:59,710][kfold_wrapper.log_eval_metrics] Accuracy(layer_9 - estimator_1 - 3_folds.train_1.predict)=91.47%
[ 2020-03-24 18:30:01,255][kfold_wrapper.log_eval_metrics] Accuracy(layer_9 - estimator_1 - 3_folds.train_2.predict)=89.11%
[ 2020-03-24 18:30:01,460][kfold_wrapper.log_eval_metrics] Accuracy(layer_9 - estimator_1 - 3_folds.train_cv.predict)=90.44%
[ 2020-03-24 18:30:01,461][kfold_wrapper.log_eval_metrics] Accuracy(layer_9 - estimator_1 - 3_folds.test.predict)=93.10%
[ 2020-03-24 18:30:02,404][kfold_wrapper.log_eval_metrics] Accuracy(layer_9 - estimator_2 - 3_folds.train_0.predict)=89.96%
[ 2020-03-24 18:30:03,264][kfold_wrapper.log_eval_metrics] Accuracy(layer_9 - estimator_2 - 3_folds.train_1.predict)=89.15%
[ 2020-03-24 18:30:04,248][kfold_wrapper.log_eval_metrics] Accuracy(layer_9 - estimator_2 - 3_folds.train_2.predict)=91.83%
[ 2020-03-24 18:30:04,250][kfold_wrapper.log_eval_metrics] Accuracy(layer_9 - estimator_2 - 3_folds.train_cv.predict)=90.31%
[ 2020-03-24 18:30:04,250][kfold_wrapper.log_eval_metrics] Accuracy(layer_9 - estimator_2 - 3_folds.test.predict)=91.95%
[ 2020-03-24 18:30:04,251][cascade_classifier.calc_accuracy] Accuracy(layer_9 - train.classifier_average)=91.21%
[ 2020-03-24 18:30:04,251][cascade_classifier.calc_accuracy] Accuracy(layer_9 - test.classifier_average)=90.80%
[ 2020-03-24 18:30:04,258][cascade_classifier.fit_transform] [layer=10] look_indexs=[0], X_cur_train.shape=(774, 360), X_cur_test.shape=(87, 360)
[ 2020-03-24 18:30:05,708][kfold_wrapper.log_eval_metrics] Accuracy(layer_10 - estimator_0 - 3_folds.train_0.predict)=90.35%
[ 2020-03-24 18:30:07,364][kfold_wrapper.log_eval_metrics] Accuracy(layer_10 - estimator_0 - 3_folds.train_1.predict)=90.31%
[ 2020-03-24 18:30:09,003][kfold_wrapper.log_eval_metrics] Accuracy(layer_10 - estimator_0 - 3_folds.train_2.predict)=92.22%
[ 2020-03-24 18:30:09,216][kfold_wrapper.log_eval_metrics] Accuracy(layer_10 - estimator_0 - 3_folds.train_cv.predict)=90.96%
[ 2020-03-24 18:30:09,216][kfold_wrapper.log_eval_metrics] Accuracy(layer_10 - estimator_0 - 3_folds.test.predict)=93.10%
[ 2020-03-24 18:30:10,536][kfold_wrapper.log_eval_metrics] Accuracy(layer_10 - estimator_1 - 3_folds.train_0.predict)=90.73%
[ 2020-03-24 18:30:12,030][kfold_wrapper.log_eval_metrics] Accuracy(layer_10 - estimator_1 - 3_folds.train_1.predict)=89.53%
[ 2020-03-24 18:30:13,560][kfold_wrapper.log_eval_metrics] Accuracy(layer_10 - estimator_1 - 3_folds.train_2.predict)=91.83%
[ 2020-03-24 18:30:13,766][kfold_wrapper.log_eval_metrics] Accuracy(layer_10 - estimator_1 - 3_folds.train_cv.predict)=90.70%
[ 2020-03-24 18:30:13,766][kfold_wrapper.log_eval_metrics] Accuracy(layer_10 - estimator_1 - 3_folds.test.predict)=93.10%
[ 2020-03-24 18:30:14,780][kfold_wrapper.log_eval_metrics] Accuracy(layer_10 - estimator_2 - 3_folds.train_0.predict)=90.35%
[ 2020-03-24 18:30:15,644][kfold_wrapper.log_eval_metrics] Accuracy(layer_10 - estimator_2 - 3_folds.train_1.predict)=88.37%
[ 2020-03-24 18:30:16,731][kfold_wrapper.log_eval_metrics] Accuracy(layer_10 - estimator_2 - 3_folds.train_2.predict)=91.44%
[ 2020-03-24 18:30:16,733][kfold_wrapper.log_eval_metrics] Accuracy(layer_10 - estimator_2 - 3_folds.train_cv.predict)=90.05%
[ 2020-03-24 18:30:16,734][kfold_wrapper.log_eval_metrics] Accuracy(layer_10 - estimator_2 - 3_folds.test.predict)=90.80%
[ 2020-03-24 18:30:16,734][cascade_classifier.calc_accuracy] Accuracy(layer_10 - train.classifier_average)=90.44%
[ 2020-03-24 18:30:16,734][cascade_classifier.calc_accuracy] Accuracy(layer_10 - test.classifier_average)=90.80%
[ 2020-03-24 18:30:16,736][cascade_classifier.fit_transform] [layer=11] look_indexs=[0], X_cur_train.shape=(774, 360), X_cur_test.shape=(87, 360)
[ 2020-03-24 18:30:18,194][kfold_wrapper.log_eval_metrics] Accuracy(layer_11 - estimator_0 - 3_folds.train_0.predict)=91.12%
[ 2020-03-24 18:30:19,846][kfold_wrapper.log_eval_metrics] Accuracy(layer_11 - estimator_0 - 3_folds.train_1.predict)=90.31%
[ 2020-03-24 18:30:21,513][kfold_wrapper.log_eval_metrics] Accuracy(layer_11 - estimator_0 - 3_folds.train_2.predict)=92.22%
[ 2020-03-24 18:30:21,732][kfold_wrapper.log_eval_metrics] Accuracy(layer_11 - estimator_0 - 3_folds.train_cv.predict)=91.21%
[ 2020-03-24 18:30:21,733][kfold_wrapper.log_eval_metrics] Accuracy(layer_11 - estimator_0 - 3_folds.test.predict)=93.10%
[ 2020-03-24 18:30:23,026][kfold_wrapper.log_eval_metrics] Accuracy(layer_11 - estimator_1 - 3_folds.train_0.predict)=91.89%
[ 2020-03-24 18:30:24,538][kfold_wrapper.log_eval_metrics] Accuracy(layer_11 - estimator_1 - 3_folds.train_1.predict)=90.31%
[ 2020-03-24 18:30:26,039][kfold_wrapper.log_eval_metrics] Accuracy(layer_11 - estimator_1 - 3_folds.train_2.predict)=89.88%
[ 2020-03-24 18:30:26,252][kfold_wrapper.log_eval_metrics] Accuracy(layer_11 - estimator_1 - 3_folds.train_cv.predict)=90.70%
[ 2020-03-24 18:30:26,252][kfold_wrapper.log_eval_metrics] Accuracy(layer_11 - estimator_1 - 3_folds.test.predict)=93.10%
[ 2020-03-24 18:30:27,224][kfold_wrapper.log_eval_metrics] Accuracy(layer_11 - estimator_2 - 3_folds.train_0.predict)=91.12%
[ 2020-03-24 18:30:28,149][kfold_wrapper.log_eval_metrics] Accuracy(layer_11 - estimator_2 - 3_folds.train_1.predict)=87.21%
[ 2020-03-24 18:30:29,066][kfold_wrapper.log_eval_metrics] Accuracy(layer_11 - estimator_2 - 3_folds.train_2.predict)=91.83%
[ 2020-03-24 18:30:29,068][kfold_wrapper.log_eval_metrics] Accuracy(layer_11 - estimator_2 - 3_folds.train_cv.predict)=90.05%
[ 2020-03-24 18:30:29,068][kfold_wrapper.log_eval_metrics] Accuracy(layer_11 - estimator_2 - 3_folds.test.predict)=91.95%
[ 2020-03-24 18:30:29,069][cascade_classifier.calc_accuracy] Accuracy(layer_11 - train.classifier_average)=90.83%
[ 2020-03-24 18:30:29,069][cascade_classifier.calc_accuracy] Accuracy(layer_11 - test.classifier_average)=91.95%
[ 2020-03-24 18:30:29,070][cascade_classifier.fit_transform] [Result][Optimal Level Detected] opt_layer_num=9, accuracy_train=91.86%, accuracy_test=91.95%
[ 2020-03-24 18:30:29,084][cascade_classifier.transform] X_groups_test.shape=[(87, 354)]
[ 2020-03-24 18:30:29,084][cascade_classifier.transform] group_dims=[354]
[ 2020-03-24 18:30:29,085][cascade_classifier.transform] X_test.shape=(87, 354)
[ 2020-03-24 18:30:29,085][cascade_classifier.transform] [layer=0] look_indexs=[0], X_cur_test.shape=(87, 354)
[ 2020-03-24 18:30:30,375][cascade_classifier.transform] [layer=1] look_indexs=[0], X_cur_test.shape=(87, 360)
[ 2020-03-24 18:30:31,637][cascade_classifier.transform] [layer=2] look_indexs=[0], X_cur_test.shape=(87, 360)
[ 2020-03-24 18:30:32,889][cascade_classifier.transform] [layer=3] look_indexs=[0], X_cur_test.shape=(87, 360)
[ 2020-03-24 18:30:34,149][cascade_classifier.transform] [layer=4] look_indexs=[0], X_cur_test.shape=(87, 360)
[ 2020-03-24 18:30:35,408][cascade_classifier.transform] [layer=5] look_indexs=[0], X_cur_test.shape=(87, 360)
[ 2020-03-24 18:30:36,660][cascade_classifier.transform] [layer=6] look_indexs=[0], X_cur_test.shape=(87, 360)
[ 2020-03-24 18:30:37,914][cascade_classifier.transform] [layer=7] look_indexs=[0], X_cur_test.shape=(87, 360)
[ 2020-03-24 18:30:39,188][cascade_classifier.transform] [layer=8] look_indexs=[0], X_cur_test.shape=(87, 360)
[ 2020-03-24 18:30:40,439][cascade_classifier.transform] X_groups_test.shape=[(87, 354)]
[ 2020-03-24 18:30:40,439][cascade_classifier.transform] group_dims=[354]
[ 2020-03-24 18:30:40,440][cascade_classifier.transform] X_test.shape=(87, 354)
[ 2020-03-24 18:30:40,440][cascade_classifier.transform] [layer=0] look_indexs=[0], X_cur_test.shape=(87, 354)
[ 2020-03-24 18:30:41,720][cascade_classifier.transform] [layer=1] look_indexs=[0], X_cur_test.shape=(87, 360)
[ 2020-03-24 18:30:42,984][cascade_classifier.transform] [layer=2] look_indexs=[0], X_cur_test.shape=(87, 360)
[ 2020-03-24 18:30:44,229][cascade_classifier.transform] [layer=3] look_indexs=[0], X_cur_test.shape=(87, 360)
[ 2020-03-24 18:30:45,480][cascade_classifier.transform] [layer=4] look_indexs=[0], X_cur_test.shape=(87, 360)
[ 2020-03-24 18:30:46,739][cascade_classifier.transform] [layer=5] look_indexs=[0], X_cur_test.shape=(87, 360)
[ 2020-03-24 18:30:47,996][cascade_classifier.transform] [layer=6] look_indexs=[0], X_cur_test.shape=(87, 360)
[ 2020-03-24 18:30:49,246][cascade_classifier.transform] [layer=7] look_indexs=[0], X_cur_test.shape=(87, 360)
[ 2020-03-24 18:30:50,497][cascade_classifier.transform] [layer=8] look_indexs=[0], X_cur_test.shape=(87, 360)
[ 2020-03-24 18:30:52,130][cascade_classifier.fit_transform] X_groups_train.shape=[(774, 354)],y_train.shape=(774,),X_groups_test.shape=[(87, 354)],y_test.shape=(87,)
[ 2020-03-24 18:30:52,132][cascade_classifier.fit_transform] group_dims=[354]
[ 2020-03-24 18:30:52,132][cascade_classifier.fit_transform] group_starts=[0]
[ 2020-03-24 18:30:52,132][cascade_classifier.fit_transform] group_ends=[354]
[ 2020-03-24 18:30:52,133][cascade_classifier.fit_transform] X_train.shape=(774, 354),X_test.shape=(87, 354)
[ 2020-03-24 18:30:52,140][cascade_classifier.fit_transform] [layer=0] look_indexs=[0], X_cur_train.shape=(774, 354), X_cur_test.shape=(87, 354)
[ 2020-03-24 18:30:53,582][kfold_wrapper.log_eval_metrics] Accuracy(layer_0 - estimator_0 - 3_folds.train_0.predict)=90.73%
[ 2020-03-24 18:30:55,217][kfold_wrapper.log_eval_metrics] Accuracy(layer_0 - estimator_0 - 3_folds.train_1.predict)=90.31%
[ 2020-03-24 18:30:56,863][kfold_wrapper.log_eval_metrics] Accuracy(layer_0 - estimator_0 - 3_folds.train_2.predict)=92.22%
[ 2020-03-24 18:30:57,079][kfold_wrapper.log_eval_metrics] Accuracy(layer_0 - estimator_0 - 3_folds.train_cv.predict)=91.09%
[ 2020-03-24 18:30:57,080][kfold_wrapper.log_eval_metrics] Accuracy(layer_0 - estimator_0 - 3_folds.test.predict)=93.10%
[ 2020-03-24 18:30:58,392][kfold_wrapper.log_eval_metrics] Accuracy(layer_0 - estimator_1 - 3_folds.train_0.predict)=89.58%
[ 2020-03-24 18:30:59,887][kfold_wrapper.log_eval_metrics] Accuracy(layer_0 - estimator_1 - 3_folds.train_1.predict)=89.53%
