[ 2020-01-07 10:10:59,565][cascade_classifier.fit_transform] X_groups_train.shape=[(774, 339)],y_train.shape=(774,),X_groups_test.shape=[(87, 339)],y_test.shape=(87,)
[ 2020-01-07 10:10:59,567][cascade_classifier.fit_transform] group_dims=[339]
[ 2020-01-07 10:10:59,567][cascade_classifier.fit_transform] group_starts=[0]
[ 2020-01-07 10:10:59,567][cascade_classifier.fit_transform] group_ends=[339]
[ 2020-01-07 10:10:59,568][cascade_classifier.fit_transform] X_train.shape=(774, 339),X_test.shape=(87, 339)
[ 2020-01-07 10:10:59,570][cascade_classifier.fit_transform] [layer=0] look_indexs=[0], X_cur_train.shape=(774, 339), X_cur_test.shape=(87, 339)
[ 2020-01-07 10:11:09,014][kfold_wrapper.log_eval_metrics] Accuracy(layer_0 - estimator_0 - 3_folds.train_0.predict)=79.54%
[ 2020-01-07 10:11:19,954][kfold_wrapper.log_eval_metrics] Accuracy(layer_0 - estimator_0 - 3_folds.train_1.predict)=81.40%
[ 2020-01-07 10:11:30,949][kfold_wrapper.log_eval_metrics] Accuracy(layer_0 - estimator_0 - 3_folds.train_2.predict)=85.21%
[ 2020-01-07 10:11:32,302][kfold_wrapper.log_eval_metrics] Accuracy(layer_0 - estimator_0 - 3_folds.train_cv.predict)=82.04%
[ 2020-01-07 10:11:32,302][kfold_wrapper.log_eval_metrics] Accuracy(layer_0 - estimator_0 - 3_folds.test.predict)=85.06%
[ 2020-01-07 10:11:42,310][kfold_wrapper.log_eval_metrics] Accuracy(layer_0 - estimator_1 - 3_folds.train_0.predict)=80.69%
[ 2020-01-07 10:11:54,107][kfold_wrapper.log_eval_metrics] Accuracy(layer_0 - estimator_1 - 3_folds.train_1.predict)=81.40%
[ 2020-01-07 10:12:04,982][kfold_wrapper.log_eval_metrics] Accuracy(layer_0 - estimator_1 - 3_folds.train_2.predict)=81.32%
[ 2020-01-07 10:12:06,206][kfold_wrapper.log_eval_metrics] Accuracy(layer_0 - estimator_1 - 3_folds.train_cv.predict)=81.14%
[ 2020-01-07 10:12:06,206][kfold_wrapper.log_eval_metrics] Accuracy(layer_0 - estimator_1 - 3_folds.test.predict)=83.91%
[ 2020-01-07 10:12:09,462][kfold_wrapper.log_eval_metrics] Accuracy(layer_0 - estimator_2 - 3_folds.train_0.predict)=81.08%
[ 2020-01-07 10:12:12,525][kfold_wrapper.log_eval_metrics] Accuracy(layer_0 - estimator_2 - 3_folds.train_1.predict)=79.46%
[ 2020-01-07 10:12:15,714][kfold_wrapper.log_eval_metrics] Accuracy(layer_0 - estimator_2 - 3_folds.train_2.predict)=84.05%
[ 2020-01-07 10:12:15,723][kfold_wrapper.log_eval_metrics] Accuracy(layer_0 - estimator_2 - 3_folds.train_cv.predict)=81.52%
[ 2020-01-07 10:12:15,723][kfold_wrapper.log_eval_metrics] Accuracy(layer_0 - estimator_2 - 3_folds.test.predict)=86.21%
[ 2020-01-07 10:12:15,724][cascade_classifier.calc_accuracy] Accuracy(layer_0 - train.classifier_average)=81.40%
[ 2020-01-07 10:12:15,724][cascade_classifier.calc_accuracy] Accuracy(layer_0 - test.classifier_average)=83.91%
[ 2020-01-07 10:12:15,726][cascade_classifier.fit_transform] [layer=1] look_indexs=[0], X_cur_train.shape=(774, 345), X_cur_test.shape=(87, 345)
[ 2020-01-07 10:12:25,413][kfold_wrapper.log_eval_metrics] Accuracy(layer_1 - estimator_0 - 3_folds.train_0.predict)=81.08%
[ 2020-01-07 10:12:36,625][kfold_wrapper.log_eval_metrics] Accuracy(layer_1 - estimator_0 - 3_folds.train_1.predict)=83.33%
[ 2020-01-07 10:12:48,207][kfold_wrapper.log_eval_metrics] Accuracy(layer_1 - estimator_0 - 3_folds.train_2.predict)=79.38%
[ 2020-01-07 10:12:49,436][kfold_wrapper.log_eval_metrics] Accuracy(layer_1 - estimator_0 - 3_folds.train_cv.predict)=81.27%
[ 2020-01-07 10:12:49,437][kfold_wrapper.log_eval_metrics] Accuracy(layer_1 - estimator_0 - 3_folds.test.predict)=85.06%
[ 2020-01-07 10:12:59,831][kfold_wrapper.log_eval_metrics] Accuracy(layer_1 - estimator_1 - 3_folds.train_0.predict)=79.15%
[ 2020-01-07 10:13:10,575][kfold_wrapper.log_eval_metrics] Accuracy(layer_1 - estimator_1 - 3_folds.train_1.predict)=81.78%
[ 2020-01-07 10:13:21,402][kfold_wrapper.log_eval_metrics] Accuracy(layer_1 - estimator_1 - 3_folds.train_2.predict)=81.32%
[ 2020-01-07 10:13:22,528][kfold_wrapper.log_eval_metrics] Accuracy(layer_1 - estimator_1 - 3_folds.train_cv.predict)=80.75%
[ 2020-01-07 10:13:22,529][kfold_wrapper.log_eval_metrics] Accuracy(layer_1 - estimator_1 - 3_folds.test.predict)=86.21%
[ 2020-01-07 10:13:25,655][kfold_wrapper.log_eval_metrics] Accuracy(layer_1 - estimator_2 - 3_folds.train_0.predict)=81.85%
[ 2020-01-07 10:13:28,545][kfold_wrapper.log_eval_metrics] Accuracy(layer_1 - estimator_2 - 3_folds.train_1.predict)=83.33%
[ 2020-01-07 10:13:31,600][kfold_wrapper.log_eval_metrics] Accuracy(layer_1 - estimator_2 - 3_folds.train_2.predict)=80.54%
[ 2020-01-07 10:13:31,602][kfold_wrapper.log_eval_metrics] Accuracy(layer_1 - estimator_2 - 3_folds.train_cv.predict)=81.91%
[ 2020-01-07 10:13:31,603][kfold_wrapper.log_eval_metrics] Accuracy(layer_1 - estimator_2 - 3_folds.test.predict)=85.06%
[ 2020-01-07 10:13:31,603][cascade_classifier.calc_accuracy] Accuracy(layer_1 - train.classifier_average)=81.91%
[ 2020-01-07 10:13:31,603][cascade_classifier.calc_accuracy] Accuracy(layer_1 - test.classifier_average)=82.76%
[ 2020-01-07 10:13:31,606][cascade_classifier.fit_transform] [layer=2] look_indexs=[0], X_cur_train.shape=(774, 345), X_cur_test.shape=(87, 345)
[ 2020-01-07 10:13:40,993][kfold_wrapper.log_eval_metrics] Accuracy(layer_2 - estimator_0 - 3_folds.train_0.predict)=80.69%
[ 2020-01-07 10:13:51,900][kfold_wrapper.log_eval_metrics] Accuracy(layer_2 - estimator_0 - 3_folds.train_1.predict)=80.62%
[ 2020-01-07 10:14:02,423][kfold_wrapper.log_eval_metrics] Accuracy(layer_2 - estimator_0 - 3_folds.train_2.predict)=80.93%
[ 2020-01-07 10:14:03,617][kfold_wrapper.log_eval_metrics] Accuracy(layer_2 - estimator_0 - 3_folds.train_cv.predict)=80.75%
[ 2020-01-07 10:14:03,617][kfold_wrapper.log_eval_metrics] Accuracy(layer_2 - estimator_0 - 3_folds.test.predict)=86.21%
[ 2020-01-07 10:14:13,562][kfold_wrapper.log_eval_metrics] Accuracy(layer_2 - estimator_1 - 3_folds.train_0.predict)=79.92%
[ 2020-01-07 10:14:25,013][kfold_wrapper.log_eval_metrics] Accuracy(layer_2 - estimator_1 - 3_folds.train_1.predict)=81.78%
[ 2020-01-07 10:14:37,783][kfold_wrapper.log_eval_metrics] Accuracy(layer_2 - estimator_1 - 3_folds.train_2.predict)=81.32%
[ 2020-01-07 10:14:39,144][kfold_wrapper.log_eval_metrics] Accuracy(layer_2 - estimator_1 - 3_folds.train_cv.predict)=81.01%
[ 2020-01-07 10:14:39,144][kfold_wrapper.log_eval_metrics] Accuracy(layer_2 - estimator_1 - 3_folds.test.predict)=86.21%
[ 2020-01-07 10:14:43,645][kfold_wrapper.log_eval_metrics] Accuracy(layer_2 - estimator_2 - 3_folds.train_0.predict)=81.47%
[ 2020-01-07 10:14:47,778][kfold_wrapper.log_eval_metrics] Accuracy(layer_2 - estimator_2 - 3_folds.train_1.predict)=79.07%
[ 2020-01-07 10:14:56,269][kfold_wrapper.log_eval_metrics] Accuracy(layer_2 - estimator_2 - 3_folds.train_2.predict)=78.99%
[ 2020-01-07 10:14:56,276][kfold_wrapper.log_eval_metrics] Accuracy(layer_2 - estimator_2 - 3_folds.train_cv.predict)=79.84%
[ 2020-01-07 10:14:56,276][kfold_wrapper.log_eval_metrics] Accuracy(layer_2 - estimator_2 - 3_folds.test.predict)=83.91%
[ 2020-01-07 10:14:56,277][cascade_classifier.calc_accuracy] Accuracy(layer_2 - train.classifier_average)=80.75%
[ 2020-01-07 10:14:56,277][cascade_classifier.calc_accuracy] Accuracy(layer_2 - test.classifier_average)=81.61%
[ 2020-01-07 10:14:56,280][cascade_classifier.fit_transform] [layer=3] look_indexs=[0], X_cur_train.shape=(774, 345), X_cur_test.shape=(87, 345)
[ 2020-01-07 10:15:07,983][kfold_wrapper.log_eval_metrics] Accuracy(layer_3 - estimator_0 - 3_folds.train_0.predict)=81.85%
[ 2020-01-07 10:15:18,604][kfold_wrapper.log_eval_metrics] Accuracy(layer_3 - estimator_0 - 3_folds.train_1.predict)=82.17%
[ 2020-01-07 10:15:31,873][kfold_wrapper.log_eval_metrics] Accuracy(layer_3 - estimator_0 - 3_folds.train_2.predict)=78.60%
[ 2020-01-07 10:15:33,120][kfold_wrapper.log_eval_metrics] Accuracy(layer_3 - estimator_0 - 3_folds.train_cv.predict)=80.88%
[ 2020-01-07 10:15:33,121][kfold_wrapper.log_eval_metrics] Accuracy(layer_3 - estimator_0 - 3_folds.test.predict)=86.21%
[ 2020-01-07 10:15:48,548][kfold_wrapper.log_eval_metrics] Accuracy(layer_3 - estimator_1 - 3_folds.train_0.predict)=80.31%
[ 2020-01-07 10:16:05,514][kfold_wrapper.log_eval_metrics] Accuracy(layer_3 - estimator_1 - 3_folds.train_1.predict)=81.40%
[ 2020-01-07 10:16:23,328][kfold_wrapper.log_eval_metrics] Accuracy(layer_3 - estimator_1 - 3_folds.train_2.predict)=81.71%
[ 2020-01-07 10:16:24,913][kfold_wrapper.log_eval_metrics] Accuracy(layer_3 - estimator_1 - 3_folds.train_cv.predict)=81.14%
[ 2020-01-07 10:16:24,914][kfold_wrapper.log_eval_metrics] Accuracy(layer_3 - estimator_1 - 3_folds.test.predict)=85.06%
[ 2020-01-07 10:16:30,326][kfold_wrapper.log_eval_metrics] Accuracy(layer_3 - estimator_2 - 3_folds.train_0.predict)=80.31%
[ 2020-01-07 10:16:35,489][kfold_wrapper.log_eval_metrics] Accuracy(layer_3 - estimator_2 - 3_folds.train_1.predict)=79.07%
[ 2020-01-07 10:16:40,755][kfold_wrapper.log_eval_metrics] Accuracy(layer_3 - estimator_2 - 3_folds.train_2.predict)=81.32%
[ 2020-01-07 10:16:40,764][kfold_wrapper.log_eval_metrics] Accuracy(layer_3 - estimator_2 - 3_folds.train_cv.predict)=80.23%
[ 2020-01-07 10:16:40,764][kfold_wrapper.log_eval_metrics] Accuracy(layer_3 - estimator_2 - 3_folds.test.predict)=85.06%
[ 2020-01-07 10:16:40,765][cascade_classifier.calc_accuracy] Accuracy(layer_3 - train.classifier_average)=80.75%
[ 2020-01-07 10:16:40,765][cascade_classifier.calc_accuracy] Accuracy(layer_3 - test.classifier_average)=83.91%
[ 2020-01-07 10:16:40,772][cascade_classifier.fit_transform] [layer=4] look_indexs=[0], X_cur_train.shape=(774, 345), X_cur_test.shape=(87, 345)
[ 2020-01-07 10:16:55,142][kfold_wrapper.log_eval_metrics] Accuracy(layer_4 - estimator_0 - 3_folds.train_0.predict)=81.47%
[ 2020-01-07 10:17:11,999][kfold_wrapper.log_eval_metrics] Accuracy(layer_4 - estimator_0 - 3_folds.train_1.predict)=79.46%
[ 2020-01-07 10:17:27,422][kfold_wrapper.log_eval_metrics] Accuracy(layer_4 - estimator_0 - 3_folds.train_2.predict)=78.60%
[ 2020-01-07 10:17:29,015][kfold_wrapper.log_eval_metrics] Accuracy(layer_4 - estimator_0 - 3_folds.train_cv.predict)=79.84%
[ 2020-01-07 10:17:29,015][kfold_wrapper.log_eval_metrics] Accuracy(layer_4 - estimator_0 - 3_folds.test.predict)=85.06%
[ 2020-01-07 10:17:41,504][kfold_wrapper.log_eval_metrics] Accuracy(layer_4 - estimator_1 - 3_folds.train_0.predict)=79.15%
[ 2020-01-07 10:17:56,870][kfold_wrapper.log_eval_metrics] Accuracy(layer_4 - estimator_1 - 3_folds.train_1.predict)=82.95%
[ 2020-01-07 10:18:13,767][kfold_wrapper.log_eval_metrics] Accuracy(layer_4 - estimator_1 - 3_folds.train_2.predict)=78.60%
[ 2020-01-07 10:18:15,557][kfold_wrapper.log_eval_metrics] Accuracy(layer_4 - estimator_1 - 3_folds.train_cv.predict)=80.23%
[ 2020-01-07 10:18:15,557][kfold_wrapper.log_eval_metrics] Accuracy(layer_4 - estimator_1 - 3_folds.test.predict)=85.06%
[ 2020-01-07 10:18:21,057][kfold_wrapper.log_eval_metrics] Accuracy(layer_4 - estimator_2 - 3_folds.train_0.predict)=83.78%
[ 2020-01-07 10:18:26,358][kfold_wrapper.log_eval_metrics] Accuracy(layer_4 - estimator_2 - 3_folds.train_1.predict)=77.52%
[ 2020-01-07 10:18:31,568][kfold_wrapper.log_eval_metrics] Accuracy(layer_4 - estimator_2 - 3_folds.train_2.predict)=78.21%
[ 2020-01-07 10:18:31,573][kfold_wrapper.log_eval_metrics] Accuracy(layer_4 - estimator_2 - 3_folds.train_cv.predict)=79.84%
[ 2020-01-07 10:18:31,574][kfold_wrapper.log_eval_metrics] Accuracy(layer_4 - estimator_2 - 3_folds.test.predict)=82.76%
[ 2020-01-07 10:18:31,574][cascade_classifier.calc_accuracy] Accuracy(layer_4 - train.classifier_average)=80.88%
[ 2020-01-07 10:18:31,575][cascade_classifier.calc_accuracy] Accuracy(layer_4 - test.classifier_average)=83.91%
[ 2020-01-07 10:18:31,575][cascade_classifier.fit_transform] [Result][Optimal Level Detected] opt_layer_num=2, accuracy_train=81.91%, accuracy_test=82.76%
[ 2020-01-07 10:18:31,941][cascade_classifier.transform] X_groups_test.shape=[(87, 339)]
[ 2020-01-07 10:18:31,942][cascade_classifier.transform] group_dims=[339]
[ 2020-01-07 10:18:31,942][cascade_classifier.transform] X_test.shape=(87, 339)
[ 2020-01-07 10:18:31,943][cascade_classifier.transform] [layer=0] look_indexs=[0], X_cur_test.shape=(87, 339)
[ 2020-01-07 10:18:41,368][cascade_classifier.transform] [layer=1] look_indexs=[0], X_cur_test.shape=(87, 345)
[ 2020-01-07 10:18:50,797][cascade_classifier.transform] X_groups_test.shape=[(87, 339)]
[ 2020-01-07 10:18:50,805][cascade_classifier.transform] group_dims=[339]
[ 2020-01-07 10:18:50,807][cascade_classifier.transform] X_test.shape=(87, 339)
[ 2020-01-07 10:18:50,808][cascade_classifier.transform] [layer=0] look_indexs=[0], X_cur_test.shape=(87, 339)
[ 2020-01-07 10:19:00,376][cascade_classifier.transform] [layer=1] look_indexs=[0], X_cur_test.shape=(87, 345)
