[ 2020-01-13 00:26:47,662][cascade_classifier.fit_transform] X_groups_train.shape=[(774, 28)],y_train.shape=(774,),X_groups_test.shape=[(87, 28)],y_test.shape=(87,)
[ 2020-01-13 00:26:47,662][cascade_classifier.fit_transform] group_dims=[28]
[ 2020-01-13 00:26:47,662][cascade_classifier.fit_transform] group_starts=[0]
[ 2020-01-13 00:26:47,662][cascade_classifier.fit_transform] group_ends=[28]
[ 2020-01-13 00:26:47,662][cascade_classifier.fit_transform] X_train.shape=(774, 28),X_test.shape=(87, 28)
[ 2020-01-13 00:26:47,662][cascade_classifier.fit_transform] [layer=0] look_indexs=[0], X_cur_train.shape=(774, 28), X_cur_test.shape=(87, 28)
[ 2020-01-13 00:26:49,693][kfold_wrapper.log_eval_metrics] Accuracy(layer_0 - estimator_0 - 3_folds.train_0.predict)=84.56%
[ 2020-01-13 00:26:52,052][kfold_wrapper.log_eval_metrics] Accuracy(layer_0 - estimator_0 - 3_folds.train_1.predict)=82.95%
[ 2020-01-13 00:26:54,287][kfold_wrapper.log_eval_metrics] Accuracy(layer_0 - estimator_0 - 3_folds.train_2.predict)=82.49%
[ 2020-01-13 00:26:54,615][kfold_wrapper.log_eval_metrics] Accuracy(layer_0 - estimator_0 - 3_folds.train_cv.predict)=83.33%
[ 2020-01-13 00:26:54,615][kfold_wrapper.log_eval_metrics] Accuracy(layer_0 - estimator_0 - 3_folds.test.predict)=87.36%
[ 2020-01-13 00:26:56,631][kfold_wrapper.log_eval_metrics] Accuracy(layer_0 - estimator_1 - 3_folds.train_0.predict)=82.63%
[ 2020-01-13 00:26:58,974][kfold_wrapper.log_eval_metrics] Accuracy(layer_0 - estimator_1 - 3_folds.train_1.predict)=80.23%
[ 2020-01-13 00:27:01,318][kfold_wrapper.log_eval_metrics] Accuracy(layer_0 - estimator_1 - 3_folds.train_2.predict)=84.82%
[ 2020-01-13 00:27:01,647][kfold_wrapper.log_eval_metrics] Accuracy(layer_0 - estimator_1 - 3_folds.train_cv.predict)=82.56%
[ 2020-01-13 00:27:01,647][kfold_wrapper.log_eval_metrics] Accuracy(layer_0 - estimator_1 - 3_folds.test.predict)=87.36%
[ 2020-01-13 00:27:02,053][kfold_wrapper.log_eval_metrics] Accuracy(layer_0 - estimator_2 - 3_folds.train_0.predict)=78.38%
[ 2020-01-13 00:27:02,428][kfold_wrapper.log_eval_metrics] Accuracy(layer_0 - estimator_2 - 3_folds.train_1.predict)=81.40%
[ 2020-01-13 00:27:02,818][kfold_wrapper.log_eval_metrics] Accuracy(layer_0 - estimator_2 - 3_folds.train_2.predict)=83.27%
[ 2020-01-13 00:27:02,834][kfold_wrapper.log_eval_metrics] Accuracy(layer_0 - estimator_2 - 3_folds.train_cv.predict)=81.01%
[ 2020-01-13 00:27:02,834][kfold_wrapper.log_eval_metrics] Accuracy(layer_0 - estimator_2 - 3_folds.test.predict)=86.21%
[ 2020-01-13 00:27:02,834][cascade_classifier.calc_accuracy] Accuracy(layer_0 - train.classifier_average)=82.69%
[ 2020-01-13 00:27:02,834][cascade_classifier.calc_accuracy] Accuracy(layer_0 - test.classifier_average)=86.21%
[ 2020-01-13 00:27:02,834][cascade_classifier.fit_transform] [layer=1] look_indexs=[0], X_cur_train.shape=(774, 34), X_cur_test.shape=(87, 34)
[ 2020-01-13 00:27:04,866][kfold_wrapper.log_eval_metrics] Accuracy(layer_1 - estimator_0 - 3_folds.train_0.predict)=81.47%
[ 2020-01-13 00:27:07,210][kfold_wrapper.log_eval_metrics] Accuracy(layer_1 - estimator_0 - 3_folds.train_1.predict)=81.78%
[ 2020-01-13 00:27:09,553][kfold_wrapper.log_eval_metrics] Accuracy(layer_1 - estimator_0 - 3_folds.train_2.predict)=81.32%
[ 2020-01-13 00:27:09,882][kfold_wrapper.log_eval_metrics] Accuracy(layer_1 - estimator_0 - 3_folds.train_cv.predict)=81.52%
[ 2020-01-13 00:27:09,882][kfold_wrapper.log_eval_metrics] Accuracy(layer_1 - estimator_0 - 3_folds.test.predict)=88.51%
[ 2020-01-13 00:27:11,897][kfold_wrapper.log_eval_metrics] Accuracy(layer_1 - estimator_1 - 3_folds.train_0.predict)=83.01%
[ 2020-01-13 00:27:14,260][kfold_wrapper.log_eval_metrics] Accuracy(layer_1 - estimator_1 - 3_folds.train_1.predict)=80.23%
[ 2020-01-13 00:27:16,620][kfold_wrapper.log_eval_metrics] Accuracy(layer_1 - estimator_1 - 3_folds.train_2.predict)=79.77%
[ 2020-01-13 00:27:16,854][kfold_wrapper.log_eval_metrics] Accuracy(layer_1 - estimator_1 - 3_folds.train_cv.predict)=81.01%
[ 2020-01-13 00:27:16,854][kfold_wrapper.log_eval_metrics] Accuracy(layer_1 - estimator_1 - 3_folds.test.predict)=88.51%
[ 2020-01-13 00:27:17,260][kfold_wrapper.log_eval_metrics] Accuracy(layer_1 - estimator_2 - 3_folds.train_0.predict)=83.40%
[ 2020-01-13 00:27:17,667][kfold_wrapper.log_eval_metrics] Accuracy(layer_1 - estimator_2 - 3_folds.train_1.predict)=82.17%
[ 2020-01-13 00:27:18,057][kfold_wrapper.log_eval_metrics] Accuracy(layer_1 - estimator_2 - 3_folds.train_2.predict)=78.21%
[ 2020-01-13 00:27:18,073][kfold_wrapper.log_eval_metrics] Accuracy(layer_1 - estimator_2 - 3_folds.train_cv.predict)=81.27%
[ 2020-01-13 00:27:18,073][kfold_wrapper.log_eval_metrics] Accuracy(layer_1 - estimator_2 - 3_folds.test.predict)=89.66%
[ 2020-01-13 00:27:18,073][cascade_classifier.calc_accuracy] Accuracy(layer_1 - train.classifier_average)=81.52%
[ 2020-01-13 00:27:18,073][cascade_classifier.calc_accuracy] Accuracy(layer_1 - test.classifier_average)=87.36%
[ 2020-01-13 00:27:18,073][cascade_classifier.fit_transform] [layer=2] look_indexs=[0], X_cur_train.shape=(774, 34), X_cur_test.shape=(87, 34)
[ 2020-01-13 00:27:20,089][kfold_wrapper.log_eval_metrics] Accuracy(layer_2 - estimator_0 - 3_folds.train_0.predict)=84.17%
[ 2020-01-13 00:27:22,433][kfold_wrapper.log_eval_metrics] Accuracy(layer_2 - estimator_0 - 3_folds.train_1.predict)=80.23%
[ 2020-01-13 00:27:24,766][kfold_wrapper.log_eval_metrics] Accuracy(layer_2 - estimator_0 - 3_folds.train_2.predict)=80.54%
[ 2020-01-13 00:27:25,094][kfold_wrapper.log_eval_metrics] Accuracy(layer_2 - estimator_0 - 3_folds.train_cv.predict)=81.65%
[ 2020-01-13 00:27:25,094][kfold_wrapper.log_eval_metrics] Accuracy(layer_2 - estimator_0 - 3_folds.test.predict)=87.36%
[ 2020-01-13 00:27:27,110][kfold_wrapper.log_eval_metrics] Accuracy(layer_2 - estimator_1 - 3_folds.train_0.predict)=86.87%
[ 2020-01-13 00:27:29,454][kfold_wrapper.log_eval_metrics] Accuracy(layer_2 - estimator_1 - 3_folds.train_1.predict)=81.40%
[ 2020-01-13 00:27:31,798][kfold_wrapper.log_eval_metrics] Accuracy(layer_2 - estimator_1 - 3_folds.train_2.predict)=76.26%
[ 2020-01-13 00:27:32,126][kfold_wrapper.log_eval_metrics] Accuracy(layer_2 - estimator_1 - 3_folds.train_cv.predict)=81.52%
[ 2020-01-13 00:27:32,126][kfold_wrapper.log_eval_metrics] Accuracy(layer_2 - estimator_1 - 3_folds.test.predict)=87.36%
[ 2020-01-13 00:27:32,532][kfold_wrapper.log_eval_metrics] Accuracy(layer_2 - estimator_2 - 3_folds.train_0.predict)=84.17%
[ 2020-01-13 00:27:32,938][kfold_wrapper.log_eval_metrics] Accuracy(layer_2 - estimator_2 - 3_folds.train_1.predict)=79.07%
[ 2020-01-13 00:27:33,329][kfold_wrapper.log_eval_metrics] Accuracy(layer_2 - estimator_2 - 3_folds.train_2.predict)=81.71%
[ 2020-01-13 00:27:33,329][kfold_wrapper.log_eval_metrics] Accuracy(layer_2 - estimator_2 - 3_folds.train_cv.predict)=81.65%
[ 2020-01-13 00:27:33,329][kfold_wrapper.log_eval_metrics] Accuracy(layer_2 - estimator_2 - 3_folds.test.predict)=83.91%
[ 2020-01-13 00:27:33,329][cascade_classifier.calc_accuracy] Accuracy(layer_2 - train.classifier_average)=81.14%
[ 2020-01-13 00:27:33,329][cascade_classifier.calc_accuracy] Accuracy(layer_2 - test.classifier_average)=85.06%
[ 2020-01-13 00:27:33,329][cascade_classifier.fit_transform] [layer=3] look_indexs=[0], X_cur_train.shape=(774, 34), X_cur_test.shape=(87, 34)
[ 2020-01-13 00:27:35,361][kfold_wrapper.log_eval_metrics] Accuracy(layer_3 - estimator_0 - 3_folds.train_0.predict)=83.01%
[ 2020-01-13 00:27:37,689][kfold_wrapper.log_eval_metrics] Accuracy(layer_3 - estimator_0 - 3_folds.train_1.predict)=82.17%
[ 2020-01-13 00:27:40,017][kfold_wrapper.log_eval_metrics] Accuracy(layer_3 - estimator_0 - 3_folds.train_2.predict)=77.82%
[ 2020-01-13 00:27:40,346][kfold_wrapper.log_eval_metrics] Accuracy(layer_3 - estimator_0 - 3_folds.train_cv.predict)=81.01%
[ 2020-01-13 00:27:40,346][kfold_wrapper.log_eval_metrics] Accuracy(layer_3 - estimator_0 - 3_folds.test.predict)=86.21%
[ 2020-01-13 00:27:42,361][kfold_wrapper.log_eval_metrics] Accuracy(layer_3 - estimator_1 - 3_folds.train_0.predict)=84.56%
[ 2020-01-13 00:27:44,705][kfold_wrapper.log_eval_metrics] Accuracy(layer_3 - estimator_1 - 3_folds.train_1.predict)=82.17%
[ 2020-01-13 00:27:47,055][kfold_wrapper.log_eval_metrics] Accuracy(layer_3 - estimator_1 - 3_folds.train_2.predict)=78.60%
[ 2020-01-13 00:27:47,383][kfold_wrapper.log_eval_metrics] Accuracy(layer_3 - estimator_1 - 3_folds.train_cv.predict)=81.78%
[ 2020-01-13 00:27:47,383][kfold_wrapper.log_eval_metrics] Accuracy(layer_3 - estimator_1 - 3_folds.test.predict)=87.36%
[ 2020-01-13 00:27:47,789][kfold_wrapper.log_eval_metrics] Accuracy(layer_3 - estimator_2 - 3_folds.train_0.predict)=81.85%
[ 2020-01-13 00:27:48,195][kfold_wrapper.log_eval_metrics] Accuracy(layer_3 - estimator_2 - 3_folds.train_1.predict)=79.07%
[ 2020-01-13 00:27:48,602][kfold_wrapper.log_eval_metrics] Accuracy(layer_3 - estimator_2 - 3_folds.train_2.predict)=81.32%
[ 2020-01-13 00:27:48,602][kfold_wrapper.log_eval_metrics] Accuracy(layer_3 - estimator_2 - 3_folds.train_cv.predict)=80.75%
[ 2020-01-13 00:27:48,602][kfold_wrapper.log_eval_metrics] Accuracy(layer_3 - estimator_2 - 3_folds.test.predict)=85.06%
[ 2020-01-13 00:27:48,602][cascade_classifier.calc_accuracy] Accuracy(layer_3 - train.classifier_average)=81.91%
[ 2020-01-13 00:27:48,602][cascade_classifier.calc_accuracy] Accuracy(layer_3 - test.classifier_average)=86.21%
[ 2020-01-13 00:27:48,602][cascade_classifier.fit_transform] [Result][Optimal Level Detected] opt_layer_num=1, accuracy_train=82.69%, accuracy_test=86.21%
[ 2020-01-13 00:27:48,617][cascade_classifier.transform] X_groups_test.shape=[(87, 28)]
[ 2020-01-13 00:27:48,617][cascade_classifier.transform] group_dims=[28]
[ 2020-01-13 00:27:48,617][cascade_classifier.transform] X_test.shape=(87, 28)
[ 2020-01-13 00:27:48,617][cascade_classifier.transform] [layer=0] look_indexs=[0], X_cur_test.shape=(87, 28)
[ 2020-01-13 00:27:50,618][cascade_classifier.transform] X_groups_test.shape=[(87, 28)]
[ 2020-01-13 00:27:50,618][cascade_classifier.transform] group_dims=[28]
[ 2020-01-13 00:27:50,618][cascade_classifier.transform] X_test.shape=(87, 28)
[ 2020-01-13 00:27:50,618][cascade_classifier.transform] [layer=0] look_indexs=[0], X_cur_test.shape=(87, 28)
[ 2020-01-13 00:28:00,767][cascade_classifier.fit_transform] X_groups_train.shape=[(774, 28)],y_train.shape=(774,),X_groups_test.shape=[(87, 28)],y_test.shape=(87,)
[ 2020-01-13 00:28:00,767][cascade_classifier.fit_transform] group_dims=[28]
[ 2020-01-13 00:28:00,783][cascade_classifier.fit_transform] group_starts=[0]
[ 2020-01-13 00:28:00,783][cascade_classifier.fit_transform] group_ends=[28]
[ 2020-01-13 00:28:00,783][cascade_classifier.fit_transform] X_train.shape=(774, 28),X_test.shape=(87, 28)
[ 2020-01-13 00:28:00,783][cascade_classifier.fit_transform] [layer=0] look_indexs=[0], X_cur_train.shape=(774, 28), X_cur_test.shape=(87, 28)
[ 2020-01-13 00:28:02,799][kfold_wrapper.log_eval_metrics] Accuracy(layer_0 - estimator_0 - 3_folds.train_0.predict)=81.85%
[ 2020-01-13 00:28:05,142][kfold_wrapper.log_eval_metrics] Accuracy(layer_0 - estimator_0 - 3_folds.train_1.predict)=84.11%
[ 2020-01-13 00:28:07,495][kfold_wrapper.log_eval_metrics] Accuracy(layer_0 - estimator_0 - 3_folds.train_2.predict)=81.32%
[ 2020-01-13 00:28:07,823][kfold_wrapper.log_eval_metrics] Accuracy(layer_0 - estimator_0 - 3_folds.train_cv.predict)=82.43%
[ 2020-01-13 00:28:07,823][kfold_wrapper.log_eval_metrics] Accuracy(layer_0 - estimator_0 - 3_folds.test.predict)=87.36%
[ 2020-01-13 00:28:09,839][kfold_wrapper.log_eval_metrics] Accuracy(layer_0 - estimator_1 - 3_folds.train_0.predict)=82.24%
[ 2020-01-13 00:28:12,167][kfold_wrapper.log_eval_metrics] Accuracy(layer_0 - estimator_1 - 3_folds.train_1.predict)=82.95%
[ 2020-01-13 00:28:14,511][kfold_wrapper.log_eval_metrics] Accuracy(layer_0 - estimator_1 - 3_folds.train_2.predict)=82.10%
[ 2020-01-13 00:28:14,839][kfold_wrapper.log_eval_metrics] Accuracy(layer_0 - estimator_1 - 3_folds.train_cv.predict)=82.43%
[ 2020-01-13 00:28:14,839][kfold_wrapper.log_eval_metrics] Accuracy(layer_0 - estimator_1 - 3_folds.test.predict)=87.36%
[ 2020-01-13 00:28:15,230][kfold_wrapper.log_eval_metrics] Accuracy(layer_0 - estimator_2 - 3_folds.train_0.predict)=81.85%
[ 2020-01-13 00:28:15,621][kfold_wrapper.log_eval_metrics] Accuracy(layer_0 - estimator_2 - 3_folds.train_1.predict)=81.01%
[ 2020-01-13 00:28:16,011][kfold_wrapper.log_eval_metrics] Accuracy(layer_0 - estimator_2 - 3_folds.train_2.predict)=79.38%
[ 2020-01-13 00:28:16,011][kfold_wrapper.log_eval_metrics] Accuracy(layer_0 - estimator_2 - 3_folds.train_cv.predict)=80.75%
[ 2020-01-13 00:28:16,011][kfold_wrapper.log_eval_metrics] Accuracy(layer_0 - estimator_2 - 3_folds.test.predict)=87.36%
[ 2020-01-13 00:28:16,011][cascade_classifier.calc_accuracy] Accuracy(layer_0 - train.classifier_average)=82.17%
[ 2020-01-13 00:28:16,011][cascade_classifier.calc_accuracy] Accuracy(layer_0 - test.classifier_average)=86.21%
[ 2020-01-13 00:28:16,011][cascade_classifier.fit_transform] [layer=1] look_indexs=[0], X_cur_train.shape=(774, 34), X_cur_test.shape=(87, 34)
[ 2020-01-13 00:28:18,042][kfold_wrapper.log_eval_metrics] Accuracy(layer_1 - estimator_0 - 3_folds.train_0.predict)=81.47%
[ 2020-01-13 00:28:20,493][kfold_wrapper.log_eval_metrics] Accuracy(layer_1 - estimator_0 - 3_folds.train_1.predict)=81.40%
[ 2020-01-13 00:28:22,852][kfold_wrapper.log_eval_metrics] Accuracy(layer_1 - estimator_0 - 3_folds.train_2.predict)=81.71%
[ 2020-01-13 00:28:23,181][kfold_wrapper.log_eval_metrics] Accuracy(layer_1 - estimator_0 - 3_folds.train_cv.predict)=81.52%
[ 2020-01-13 00:28:23,181][kfold_wrapper.log_eval_metrics] Accuracy(layer_1 - estimator_0 - 3_folds.test.predict)=86.21%
[ 2020-01-13 00:28:25,196][kfold_wrapper.log_eval_metrics] Accuracy(layer_1 - estimator_1 - 3_folds.train_0.predict)=84.56%
[ 2020-01-13 00:28:27,540][kfold_wrapper.log_eval_metrics] Accuracy(layer_1 - estimator_1 - 3_folds.train_1.predict)=79.07%
[ 2020-01-13 00:28:29,891][kfold_wrapper.log_eval_metrics] Accuracy(layer_1 - estimator_1 - 3_folds.train_2.predict)=85.99%
[ 2020-01-13 00:28:30,235][kfold_wrapper.log_eval_metrics] Accuracy(layer_1 - estimator_1 - 3_folds.train_cv.predict)=83.20%
[ 2020-01-13 00:28:30,235][kfold_wrapper.log_eval_metrics] Accuracy(layer_1 - estimator_1 - 3_folds.test.predict)=87.36%
[ 2020-01-13 00:28:30,641][kfold_wrapper.log_eval_metrics] Accuracy(layer_1 - estimator_2 - 3_folds.train_0.predict)=81.47%
[ 2020-01-13 00:28:31,047][kfold_wrapper.log_eval_metrics] Accuracy(layer_1 - estimator_2 - 3_folds.train_1.predict)=80.62%
[ 2020-01-13 00:28:31,453][kfold_wrapper.log_eval_metrics] Accuracy(layer_1 - estimator_2 - 3_folds.train_2.predict)=83.27%
[ 2020-01-13 00:28:31,453][kfold_wrapper.log_eval_metrics] Accuracy(layer_1 - estimator_2 - 3_folds.train_cv.predict)=81.78%
[ 2020-01-13 00:28:31,453][kfold_wrapper.log_eval_metrics] Accuracy(layer_1 - estimator_2 - 3_folds.test.predict)=86.21%
[ 2020-01-13 00:28:31,453][cascade_classifier.calc_accuracy] Accuracy(layer_1 - train.classifier_average)=81.78%
[ 2020-01-13 00:28:31,453][cascade_classifier.calc_accuracy] Accuracy(layer_1 - test.classifier_average)=83.91%
[ 2020-01-13 00:28:31,453][cascade_classifier.fit_transform] [layer=2] look_indexs=[0], X_cur_train.shape=(774, 34), X_cur_test.shape=(87, 34)
[ 2020-01-13 00:28:33,485][kfold_wrapper.log_eval_metrics] Accuracy(layer_2 - estimator_0 - 3_folds.train_0.predict)=78.76%
[ 2020-01-13 00:28:35,813][kfold_wrapper.log_eval_metrics] Accuracy(layer_2 - estimator_0 - 3_folds.train_1.predict)=84.11%
[ 2020-01-13 00:28:38,141][kfold_wrapper.log_eval_metrics] Accuracy(layer_2 - estimator_0 - 3_folds.train_2.predict)=80.54%
[ 2020-01-13 00:28:38,469][kfold_wrapper.log_eval_metrics] Accuracy(layer_2 - estimator_0 - 3_folds.train_cv.predict)=81.14%
[ 2020-01-13 00:28:38,469][kfold_wrapper.log_eval_metrics] Accuracy(layer_2 - estimator_0 - 3_folds.test.predict)=87.36%
[ 2020-01-13 00:28:40,486][kfold_wrapper.log_eval_metrics] Accuracy(layer_2 - estimator_1 - 3_folds.train_0.predict)=79.15%
[ 2020-01-13 00:28:42,830][kfold_wrapper.log_eval_metrics] Accuracy(layer_2 - estimator_1 - 3_folds.train_1.predict)=82.56%
[ 2020-01-13 00:28:45,205][kfold_wrapper.log_eval_metrics] Accuracy(layer_2 - estimator_1 - 3_folds.train_2.predict)=85.21%
[ 2020-01-13 00:28:45,549][kfold_wrapper.log_eval_metrics] Accuracy(layer_2 - estimator_1 - 3_folds.train_cv.predict)=82.30%
[ 2020-01-13 00:28:45,549][kfold_wrapper.log_eval_metrics] Accuracy(layer_2 - estimator_1 - 3_folds.test.predict)=87.36%
[ 2020-01-13 00:28:45,955][kfold_wrapper.log_eval_metrics] Accuracy(layer_2 - estimator_2 - 3_folds.train_0.predict)=77.99%
[ 2020-01-13 00:28:46,361][kfold_wrapper.log_eval_metrics] Accuracy(layer_2 - estimator_2 - 3_folds.train_1.predict)=80.23%
[ 2020-01-13 00:28:46,767][kfold_wrapper.log_eval_metrics] Accuracy(layer_2 - estimator_2 - 3_folds.train_2.predict)=81.32%
[ 2020-01-13 00:28:46,767][kfold_wrapper.log_eval_metrics] Accuracy(layer_2 - estimator_2 - 3_folds.train_cv.predict)=79.84%
[ 2020-01-13 00:28:46,767][kfold_wrapper.log_eval_metrics] Accuracy(layer_2 - estimator_2 - 3_folds.test.predict)=85.06%
[ 2020-01-13 00:28:46,767][cascade_classifier.calc_accuracy] Accuracy(layer_2 - train.classifier_average)=80.75%
[ 2020-01-13 00:28:46,767][cascade_classifier.calc_accuracy] Accuracy(layer_2 - test.classifier_average)=85.06%
[ 2020-01-13 00:28:46,767][cascade_classifier.fit_transform] [layer=3] look_indexs=[0], X_cur_train.shape=(774, 34), X_cur_test.shape=(87, 34)
[ 2020-01-13 00:28:48,799][kfold_wrapper.log_eval_metrics] Accuracy(layer_3 - estimator_0 - 3_folds.train_0.predict)=79.54%
[ 2020-01-13 00:28:51,138][kfold_wrapper.log_eval_metrics] Accuracy(layer_3 - estimator_0 - 3_folds.train_1.predict)=79.07%
[ 2020-01-13 00:28:53,482][kfold_wrapper.log_eval_metrics] Accuracy(layer_3 - estimator_0 - 3_folds.train_2.predict)=80.54%
[ 2020-01-13 00:28:53,810][kfold_wrapper.log_eval_metrics] Accuracy(layer_3 - estimator_0 - 3_folds.train_cv.predict)=79.72%
[ 2020-01-13 00:28:53,810][kfold_wrapper.log_eval_metrics] Accuracy(layer_3 - estimator_0 - 3_folds.test.predict)=86.21%
[ 2020-01-13 00:28:55,825][kfold_wrapper.log_eval_metrics] Accuracy(layer_3 - estimator_1 - 3_folds.train_0.predict)=80.31%
[ 2020-01-13 00:28:58,169][kfold_wrapper.log_eval_metrics] Accuracy(layer_3 - estimator_1 - 3_folds.train_1.predict)=80.23%
[ 2020-01-13 00:29:00,513][kfold_wrapper.log_eval_metrics] Accuracy(layer_3 - estimator_1 - 3_folds.train_2.predict)=78.60%
[ 2020-01-13 00:29:00,841][kfold_wrapper.log_eval_metrics] Accuracy(layer_3 - estimator_1 - 3_folds.train_cv.predict)=79.72%
[ 2020-01-13 00:29:00,841][kfold_wrapper.log_eval_metrics] Accuracy(layer_3 - estimator_1 - 3_folds.test.predict)=87.36%
[ 2020-01-13 00:29:01,241][kfold_wrapper.log_eval_metrics] Accuracy(layer_3 - estimator_2 - 3_folds.train_0.predict)=79.15%
[ 2020-01-13 00:29:01,647][kfold_wrapper.log_eval_metrics] Accuracy(layer_3 - estimator_2 - 3_folds.train_1.predict)=79.84%
[ 2020-01-13 00:29:02,069][kfold_wrapper.log_eval_metrics] Accuracy(layer_3 - estimator_2 - 3_folds.train_2.predict)=81.32%
[ 2020-01-13 00:29:02,069][kfold_wrapper.log_eval_metrics] Accuracy(layer_3 - estimator_2 - 3_folds.train_cv.predict)=80.10%
[ 2020-01-13 00:29:02,069][kfold_wrapper.log_eval_metrics] Accuracy(layer_3 - estimator_2 - 3_folds.test.predict)=87.36%
[ 2020-01-13 00:29:02,069][cascade_classifier.calc_accuracy] Accuracy(layer_3 - train.classifier_average)=80.49%
[ 2020-01-13 00:29:02,069][cascade_classifier.calc_accuracy] Accuracy(layer_3 - test.classifier_average)=85.06%
[ 2020-01-13 00:29:02,069][cascade_classifier.fit_transform] [Result][Optimal Level Detected] opt_layer_num=1, accuracy_train=82.17%, accuracy_test=86.21%
[ 2020-01-13 00:29:02,084][cascade_classifier.transform] X_groups_test.shape=[(87, 28)]
[ 2020-01-13 00:29:02,084][cascade_classifier.transform] group_dims=[28]
[ 2020-01-13 00:29:02,084][cascade_classifier.transform] X_test.shape=(87, 28)
[ 2020-01-13 00:29:02,084][cascade_classifier.transform] [layer=0] look_indexs=[0], X_cur_test.shape=(87, 28)
[ 2020-01-13 00:29:03,975][cascade_classifier.transform] X_groups_test.shape=[(87, 28)]
[ 2020-01-13 00:29:03,975][cascade_classifier.transform] group_dims=[28]
[ 2020-01-13 00:29:03,975][cascade_classifier.transform] X_test.shape=(87, 28)
[ 2020-01-13 00:29:03,975][cascade_classifier.transform] [layer=0] look_indexs=[0], X_cur_test.shape=(87, 28)
[ 2020-01-13 00:29:14,011][cascade_classifier.fit_transform] X_groups_train.shape=[(774, 28)],y_train.shape=(774,),X_groups_test.shape=[(87, 28)],y_test.shape=(87,)
[ 2020-01-13 00:29:14,011][cascade_classifier.fit_transform] group_dims=[28]
[ 2020-01-13 00:29:14,011][cascade_classifier.fit_transform] group_starts=[0]
[ 2020-01-13 00:29:14,011][cascade_classifier.fit_transform] group_ends=[28]
[ 2020-01-13 00:29:14,011][cascade_classifier.fit_transform] X_train.shape=(774, 28),X_test.shape=(87, 28)
[ 2020-01-13 00:29:14,011][cascade_classifier.fit_transform] [layer=0] look_indexs=[0], X_cur_train.shape=(774, 28), X_cur_test.shape=(87, 28)
[ 2020-01-13 00:29:16,027][kfold_wrapper.log_eval_metrics] Accuracy(layer_0 - estimator_0 - 3_folds.train_0.predict)=83.01%
[ 2020-01-13 00:29:18,386][kfold_wrapper.log_eval_metrics] Accuracy(layer_0 - estimator_0 - 3_folds.train_1.predict)=79.46%
[ 2020-01-13 00:29:20,746][kfold_wrapper.log_eval_metrics] Accuracy(layer_0 - estimator_0 - 3_folds.train_2.predict)=84.05%
[ 2020-01-13 00:29:21,074][kfold_wrapper.log_eval_metrics] Accuracy(layer_0 - estimator_0 - 3_folds.train_cv.predict)=82.17%
[ 2020-01-13 00:29:21,074][kfold_wrapper.log_eval_metrics] Accuracy(layer_0 - estimator_0 - 3_folds.test.predict)=87.36%
[ 2020-01-13 00:29:23,089][kfold_wrapper.log_eval_metrics] Accuracy(layer_0 - estimator_1 - 3_folds.train_0.predict)=87.26%
[ 2020-01-13 00:29:25,449][kfold_wrapper.log_eval_metrics] Accuracy(layer_0 - estimator_1 - 3_folds.train_1.predict)=79.07%
[ 2020-01-13 00:29:27,793][kfold_wrapper.log_eval_metrics] Accuracy(layer_0 - estimator_1 - 3_folds.train_2.predict)=80.54%
[ 2020-01-13 00:29:28,121][kfold_wrapper.log_eval_metrics] Accuracy(layer_0 - estimator_1 - 3_folds.train_cv.predict)=82.30%
[ 2020-01-13 00:29:28,121][kfold_wrapper.log_eval_metrics] Accuracy(layer_0 - estimator_1 - 3_folds.test.predict)=87.36%
[ 2020-01-13 00:29:28,512][kfold_wrapper.log_eval_metrics] Accuracy(layer_0 - estimator_2 - 3_folds.train_0.predict)=80.31%
[ 2020-01-13 00:29:28,902][kfold_wrapper.log_eval_metrics] Accuracy(layer_0 - estimator_2 - 3_folds.train_1.predict)=78.68%
[ 2020-01-13 00:29:29,293][kfold_wrapper.log_eval_metrics] Accuracy(layer_0 - estimator_2 - 3_folds.train_2.predict)=83.66%
[ 2020-01-13 00:29:29,293][kfold_wrapper.log_eval_metrics] Accuracy(layer_0 - estimator_2 - 3_folds.train_cv.predict)=80.88%
[ 2020-01-13 00:29:29,293][kfold_wrapper.log_eval_metrics] Accuracy(layer_0 - estimator_2 - 3_folds.test.predict)=87.36%
[ 2020-01-13 00:29:29,293][cascade_classifier.calc_accuracy] Accuracy(layer_0 - train.classifier_average)=82.43%
[ 2020-01-13 00:29:29,293][cascade_classifier.calc_accuracy] Accuracy(layer_0 - test.classifier_average)=86.21%
[ 2020-01-13 00:29:29,293][cascade_classifier.fit_transform] [layer=1] look_indexs=[0], X_cur_train.shape=(774, 34), X_cur_test.shape=(87, 34)
[ 2020-01-13 00:29:31,324][kfold_wrapper.log_eval_metrics] Accuracy(layer_1 - estimator_0 - 3_folds.train_0.predict)=83.01%
[ 2020-01-13 00:29:33,667][kfold_wrapper.log_eval_metrics] Accuracy(layer_1 - estimator_0 - 3_folds.train_1.predict)=85.66%
[ 2020-01-13 00:29:35,995][kfold_wrapper.log_eval_metrics] Accuracy(layer_1 - estimator_0 - 3_folds.train_2.predict)=81.32%
[ 2020-01-13 00:29:36,323][kfold_wrapper.log_eval_metrics] Accuracy(layer_1 - estimator_0 - 3_folds.train_cv.predict)=83.33%
[ 2020-01-13 00:29:36,323][kfold_wrapper.log_eval_metrics] Accuracy(layer_1 - estimator_0 - 3_folds.test.predict)=86.21%
[ 2020-01-13 00:29:38,339][kfold_wrapper.log_eval_metrics] Accuracy(layer_1 - estimator_1 - 3_folds.train_0.predict)=79.54%
[ 2020-01-13 00:29:40,667][kfold_wrapper.log_eval_metrics] Accuracy(layer_1 - estimator_1 - 3_folds.train_1.predict)=83.33%
[ 2020-01-13 00:29:43,011][kfold_wrapper.log_eval_metrics] Accuracy(layer_1 - estimator_1 - 3_folds.train_2.predict)=82.88%
[ 2020-01-13 00:29:43,339][kfold_wrapper.log_eval_metrics] Accuracy(layer_1 - estimator_1 - 3_folds.train_cv.predict)=81.91%
[ 2020-01-13 00:29:43,339][kfold_wrapper.log_eval_metrics] Accuracy(layer_1 - estimator_1 - 3_folds.test.predict)=86.21%
[ 2020-01-13 00:29:43,745][kfold_wrapper.log_eval_metrics] Accuracy(layer_1 - estimator_2 - 3_folds.train_0.predict)=83.01%
[ 2020-01-13 00:29:44,151][kfold_wrapper.log_eval_metrics] Accuracy(layer_1 - estimator_2 - 3_folds.train_1.predict)=75.97%
[ 2020-01-13 00:29:44,558][kfold_wrapper.log_eval_metrics] Accuracy(layer_1 - estimator_2 - 3_folds.train_2.predict)=83.27%
[ 2020-01-13 00:29:44,558][kfold_wrapper.log_eval_metrics] Accuracy(layer_1 - estimator_2 - 3_folds.train_cv.predict)=80.75%
[ 2020-01-13 00:29:44,558][kfold_wrapper.log_eval_metrics] Accuracy(layer_1 - estimator_2 - 3_folds.test.predict)=87.36%
[ 2020-01-13 00:29:44,558][cascade_classifier.calc_accuracy] Accuracy(layer_1 - train.classifier_average)=81.65%
[ 2020-01-13 00:29:44,558][cascade_classifier.calc_accuracy] Accuracy(layer_1 - test.classifier_average)=85.06%
[ 2020-01-13 00:29:44,558][cascade_classifier.fit_transform] [layer=2] look_indexs=[0], X_cur_train.shape=(774, 34), X_cur_test.shape=(87, 34)
[ 2020-01-13 00:29:46,597][kfold_wrapper.log_eval_metrics] Accuracy(layer_2 - estimator_0 - 3_folds.train_0.predict)=82.24%
[ 2020-01-13 00:29:48,941][kfold_wrapper.log_eval_metrics] Accuracy(layer_2 - estimator_0 - 3_folds.train_1.predict)=84.50%
[ 2020-01-13 00:29:51,301][kfold_wrapper.log_eval_metrics] Accuracy(layer_2 - estimator_0 - 3_folds.train_2.predict)=79.38%
[ 2020-01-13 00:29:51,644][kfold_wrapper.log_eval_metrics] Accuracy(layer_2 - estimator_0 - 3_folds.train_cv.predict)=82.04%
[ 2020-01-13 00:29:51,644][kfold_wrapper.log_eval_metrics] Accuracy(layer_2 - estimator_0 - 3_folds.test.predict)=86.21%
[ 2020-01-13 00:29:53,676][kfold_wrapper.log_eval_metrics] Accuracy(layer_2 - estimator_1 - 3_folds.train_0.predict)=81.47%
[ 2020-01-13 00:29:56,035][kfold_wrapper.log_eval_metrics] Accuracy(layer_2 - estimator_1 - 3_folds.train_1.predict)=81.40%
[ 2020-01-13 00:29:58,306][kfold_wrapper.log_eval_metrics] Accuracy(layer_2 - estimator_1 - 3_folds.train_2.predict)=82.49%
[ 2020-01-13 00:29:58,634][kfold_wrapper.log_eval_metrics] Accuracy(layer_2 - estimator_1 - 3_folds.train_cv.predict)=81.78%
[ 2020-01-13 00:29:58,634][kfold_wrapper.log_eval_metrics] Accuracy(layer_2 - estimator_1 - 3_folds.test.predict)=86.21%
[ 2020-01-13 00:29:59,040][kfold_wrapper.log_eval_metrics] Accuracy(layer_2 - estimator_2 - 3_folds.train_0.predict)=81.47%
[ 2020-01-13 00:29:59,446][kfold_wrapper.log_eval_metrics] Accuracy(layer_2 - estimator_2 - 3_folds.train_1.predict)=80.23%
[ 2020-01-13 00:29:59,852][kfold_wrapper.log_eval_metrics] Accuracy(layer_2 - estimator_2 - 3_folds.train_2.predict)=82.49%
[ 2020-01-13 00:29:59,852][kfold_wrapper.log_eval_metrics] Accuracy(layer_2 - estimator_2 - 3_folds.train_cv.predict)=81.40%
[ 2020-01-13 00:29:59,852][kfold_wrapper.log_eval_metrics] Accuracy(layer_2 - estimator_2 - 3_folds.test.predict)=83.91%
[ 2020-01-13 00:29:59,852][cascade_classifier.calc_accuracy] Accuracy(layer_2 - train.classifier_average)=82.17%
[ 2020-01-13 00:29:59,852][cascade_classifier.calc_accuracy] Accuracy(layer_2 - test.classifier_average)=86.21%
[ 2020-01-13 00:29:59,852][cascade_classifier.fit_transform] [layer=3] look_indexs=[0], X_cur_train.shape=(774, 34), X_cur_test.shape=(87, 34)
[ 2020-01-13 00:30:01,884][kfold_wrapper.log_eval_metrics] Accuracy(layer_3 - estimator_0 - 3_folds.train_0.predict)=85.33%
[ 2020-01-13 00:30:04,259][kfold_wrapper.log_eval_metrics] Accuracy(layer_3 - estimator_0 - 3_folds.train_1.predict)=81.01%
[ 2020-01-13 00:30:06,603][kfold_wrapper.log_eval_metrics] Accuracy(layer_3 - estimator_0 - 3_folds.train_2.predict)=82.49%
[ 2020-01-13 00:30:06,931][kfold_wrapper.log_eval_metrics] Accuracy(layer_3 - estimator_0 - 3_folds.train_cv.predict)=82.95%
[ 2020-01-13 00:30:06,931][kfold_wrapper.log_eval_metrics] Accuracy(layer_3 - estimator_0 - 3_folds.test.predict)=83.91%
[ 2020-01-13 00:30:08,951][kfold_wrapper.log_eval_metrics] Accuracy(layer_3 - estimator_1 - 3_folds.train_0.predict)=81.47%
[ 2020-01-13 00:30:11,295][kfold_wrapper.log_eval_metrics] Accuracy(layer_3 - estimator_1 - 3_folds.train_1.predict)=83.72%
[ 2020-01-13 00:30:13,748][kfold_wrapper.log_eval_metrics] Accuracy(layer_3 - estimator_1 - 3_folds.train_2.predict)=82.49%
[ 2020-01-13 00:30:14,076][kfold_wrapper.log_eval_metrics] Accuracy(layer_3 - estimator_1 - 3_folds.train_cv.predict)=82.56%
[ 2020-01-13 00:30:14,076][kfold_wrapper.log_eval_metrics] Accuracy(layer_3 - estimator_1 - 3_folds.test.predict)=83.91%
[ 2020-01-13 00:30:14,483][kfold_wrapper.log_eval_metrics] Accuracy(layer_3 - estimator_2 - 3_folds.train_0.predict)=79.54%
[ 2020-01-13 00:30:14,889][kfold_wrapper.log_eval_metrics] Accuracy(layer_3 - estimator_2 - 3_folds.train_1.predict)=80.23%
[ 2020-01-13 00:30:15,295][kfold_wrapper.log_eval_metrics] Accuracy(layer_3 - estimator_2 - 3_folds.train_2.predict)=80.16%
[ 2020-01-13 00:30:15,295][kfold_wrapper.log_eval_metrics] Accuracy(layer_3 - estimator_2 - 3_folds.train_cv.predict)=79.97%
[ 2020-01-13 00:30:15,295][kfold_wrapper.log_eval_metrics] Accuracy(layer_3 - estimator_2 - 3_folds.test.predict)=85.06%
[ 2020-01-13 00:30:15,295][cascade_classifier.calc_accuracy] Accuracy(layer_3 - train.classifier_average)=81.52%
[ 2020-01-13 00:30:15,295][cascade_classifier.calc_accuracy] Accuracy(layer_3 - test.classifier_average)=83.91%
[ 2020-01-13 00:30:15,295][cascade_classifier.fit_transform] [Result][Optimal Level Detected] opt_layer_num=1, accuracy_train=82.43%, accuracy_test=86.21%
[ 2020-01-13 00:30:15,311][cascade_classifier.transform] X_groups_test.shape=[(87, 28)]
[ 2020-01-13 00:30:15,311][cascade_classifier.transform] group_dims=[28]
[ 2020-01-13 00:30:15,311][cascade_classifier.transform] X_test.shape=(87, 28)
[ 2020-01-13 00:30:15,311][cascade_classifier.transform] [layer=0] look_indexs=[0], X_cur_test.shape=(87, 28)
[ 2020-01-13 00:30:17,326][cascade_classifier.transform] X_groups_test.shape=[(87, 28)]
[ 2020-01-13 00:30:17,326][cascade_classifier.transform] group_dims=[28]
[ 2020-01-13 00:30:17,326][cascade_classifier.transform] X_test.shape=(87, 28)
[ 2020-01-13 00:30:17,326][cascade_classifier.transform] [layer=0] look_indexs=[0], X_cur_test.shape=(87, 28)
[ 2020-01-13 00:30:27,267][cascade_classifier.fit_transform] X_groups_train.shape=[(774, 28)],y_train.shape=(774,),X_groups_test.shape=[(87, 28)],y_test.shape=(87,)
[ 2020-01-13 00:30:27,267][cascade_classifier.fit_transform] group_dims=[28]
[ 2020-01-13 00:30:27,267][cascade_classifier.fit_transform] group_starts=[0]
[ 2020-01-13 00:30:27,267][cascade_classifier.fit_transform] group_ends=[28]
[ 2020-01-13 00:30:27,267][cascade_classifier.fit_transform] X_train.shape=(774, 28),X_test.shape=(87, 28)
[ 2020-01-13 00:30:27,267][cascade_classifier.fit_transform] [layer=0] look_indexs=[0], X_cur_train.shape=(774, 28), X_cur_test.shape=(87, 28)
[ 2020-01-13 00:30:29,305][kfold_wrapper.log_eval_metrics] Accuracy(layer_0 - estimator_0 - 3_folds.train_0.predict)=80.31%
[ 2020-01-13 00:30:31,649][kfold_wrapper.log_eval_metrics] Accuracy(layer_0 - estimator_0 - 3_folds.train_1.predict)=82.17%
[ 2020-01-13 00:30:34,008][kfold_wrapper.log_eval_metrics] Accuracy(layer_0 - estimator_0 - 3_folds.train_2.predict)=84.44%
[ 2020-01-13 00:30:34,336][kfold_wrapper.log_eval_metrics] Accuracy(layer_0 - estimator_0 - 3_folds.train_cv.predict)=82.30%
[ 2020-01-13 00:30:34,336][kfold_wrapper.log_eval_metrics] Accuracy(layer_0 - estimator_0 - 3_folds.test.predict)=87.36%
[ 2020-01-13 00:30:36,352][kfold_wrapper.log_eval_metrics] Accuracy(layer_0 - estimator_1 - 3_folds.train_0.predict)=79.54%
[ 2020-01-13 00:30:38,696][kfold_wrapper.log_eval_metrics] Accuracy(layer_0 - estimator_1 - 3_folds.train_1.predict)=81.40%
[ 2020-01-13 00:30:41,059][kfold_wrapper.log_eval_metrics] Accuracy(layer_0 - estimator_1 - 3_folds.train_2.predict)=83.27%
[ 2020-01-13 00:30:41,403][kfold_wrapper.log_eval_metrics] Accuracy(layer_0 - estimator_1 - 3_folds.train_cv.predict)=81.40%
[ 2020-01-13 00:30:41,403][kfold_wrapper.log_eval_metrics] Accuracy(layer_0 - estimator_1 - 3_folds.test.predict)=87.36%
[ 2020-01-13 00:30:41,793][kfold_wrapper.log_eval_metrics] Accuracy(layer_0 - estimator_2 - 3_folds.train_0.predict)=77.61%
[ 2020-01-13 00:30:42,184][kfold_wrapper.log_eval_metrics] Accuracy(layer_0 - estimator_2 - 3_folds.train_1.predict)=82.17%
[ 2020-01-13 00:30:42,575][kfold_wrapper.log_eval_metrics] Accuracy(layer_0 - estimator_2 - 3_folds.train_2.predict)=81.71%
[ 2020-01-13 00:30:42,575][kfold_wrapper.log_eval_metrics] Accuracy(layer_0 - estimator_2 - 3_folds.train_cv.predict)=80.49%
[ 2020-01-13 00:30:42,575][kfold_wrapper.log_eval_metrics] Accuracy(layer_0 - estimator_2 - 3_folds.test.predict)=86.21%
[ 2020-01-13 00:30:42,575][cascade_classifier.calc_accuracy] Accuracy(layer_0 - train.classifier_average)=81.78%
[ 2020-01-13 00:30:42,575][cascade_classifier.calc_accuracy] Accuracy(layer_0 - test.classifier_average)=83.91%
[ 2020-01-13 00:30:42,575][cascade_classifier.fit_transform] [layer=1] look_indexs=[0], X_cur_train.shape=(774, 34), X_cur_test.shape=(87, 34)
[ 2020-01-13 00:30:44,606][kfold_wrapper.log_eval_metrics] Accuracy(layer_1 - estimator_0 - 3_folds.train_0.predict)=81.08%
[ 2020-01-13 00:30:46,950][kfold_wrapper.log_eval_metrics] Accuracy(layer_1 - estimator_0 - 3_folds.train_1.predict)=85.66%
[ 2020-01-13 00:30:49,310][kfold_wrapper.log_eval_metrics] Accuracy(layer_1 - estimator_0 - 3_folds.train_2.predict)=79.77%
[ 2020-01-13 00:30:49,653][kfold_wrapper.log_eval_metrics] Accuracy(layer_1 - estimator_0 - 3_folds.train_cv.predict)=82.17%
[ 2020-01-13 00:30:49,653][kfold_wrapper.log_eval_metrics] Accuracy(layer_1 - estimator_0 - 3_folds.test.predict)=86.21%
[ 2020-01-13 00:30:51,677][kfold_wrapper.log_eval_metrics] Accuracy(layer_1 - estimator_1 - 3_folds.train_0.predict)=82.63%
[ 2020-01-13 00:30:54,005][kfold_wrapper.log_eval_metrics] Accuracy(layer_1 - estimator_1 - 3_folds.train_1.predict)=82.17%
[ 2020-01-13 00:30:56,334][kfold_wrapper.log_eval_metrics] Accuracy(layer_1 - estimator_1 - 3_folds.train_2.predict)=81.32%
[ 2020-01-13 00:30:56,662][kfold_wrapper.log_eval_metrics] Accuracy(layer_1 - estimator_1 - 3_folds.train_cv.predict)=82.04%
[ 2020-01-13 00:30:56,662][kfold_wrapper.log_eval_metrics] Accuracy(layer_1 - estimator_1 - 3_folds.test.predict)=85.06%
[ 2020-01-13 00:30:57,068][kfold_wrapper.log_eval_metrics] Accuracy(layer_1 - estimator_2 - 3_folds.train_0.predict)=79.92%
[ 2020-01-13 00:30:57,474][kfold_wrapper.log_eval_metrics] Accuracy(layer_1 - estimator_2 - 3_folds.train_1.predict)=77.13%
[ 2020-01-13 00:30:57,865][kfold_wrapper.log_eval_metrics] Accuracy(layer_1 - estimator_2 - 3_folds.train_2.predict)=85.60%
[ 2020-01-13 00:30:57,865][kfold_wrapper.log_eval_metrics] Accuracy(layer_1 - estimator_2 - 3_folds.train_cv.predict)=80.88%
[ 2020-01-13 00:30:57,865][kfold_wrapper.log_eval_metrics] Accuracy(layer_1 - estimator_2 - 3_folds.test.predict)=87.36%
[ 2020-01-13 00:30:57,865][cascade_classifier.calc_accuracy] Accuracy(layer_1 - train.classifier_average)=81.52%
[ 2020-01-13 00:30:57,865][cascade_classifier.calc_accuracy] Accuracy(layer_1 - test.classifier_average)=86.21%
[ 2020-01-13 00:30:57,865][cascade_classifier.fit_transform] [layer=2] look_indexs=[0], X_cur_train.shape=(774, 34), X_cur_test.shape=(87, 34)
[ 2020-01-13 00:30:59,896][kfold_wrapper.log_eval_metrics] Accuracy(layer_2 - estimator_0 - 3_folds.train_0.predict)=83.40%
[ 2020-01-13 00:31:02,273][kfold_wrapper.log_eval_metrics] Accuracy(layer_2 - estimator_0 - 3_folds.train_1.predict)=80.23%
[ 2020-01-13 00:31:04,617][kfold_wrapper.log_eval_metrics] Accuracy(layer_2 - estimator_0 - 3_folds.train_2.predict)=78.21%
[ 2020-01-13 00:31:04,945][kfold_wrapper.log_eval_metrics] Accuracy(layer_2 - estimator_0 - 3_folds.train_cv.predict)=80.62%
[ 2020-01-13 00:31:04,945][kfold_wrapper.log_eval_metrics] Accuracy(layer_2 - estimator_0 - 3_folds.test.predict)=85.06%
[ 2020-01-13 00:31:06,961][kfold_wrapper.log_eval_metrics] Accuracy(layer_2 - estimator_1 - 3_folds.train_0.predict)=84.17%
[ 2020-01-13 00:31:09,336][kfold_wrapper.log_eval_metrics] Accuracy(layer_2 - estimator_1 - 3_folds.train_1.predict)=78.29%
[ 2020-01-13 00:31:11,680][kfold_wrapper.log_eval_metrics] Accuracy(layer_2 - estimator_1 - 3_folds.train_2.predict)=80.93%
[ 2020-01-13 00:31:12,008][kfold_wrapper.log_eval_metrics] Accuracy(layer_2 - estimator_1 - 3_folds.train_cv.predict)=81.14%
[ 2020-01-13 00:31:12,008][kfold_wrapper.log_eval_metrics] Accuracy(layer_2 - estimator_1 - 3_folds.test.predict)=86.21%
[ 2020-01-13 00:31:12,414][kfold_wrapper.log_eval_metrics] Accuracy(layer_2 - estimator_2 - 3_folds.train_0.predict)=80.31%
[ 2020-01-13 00:31:12,820][kfold_wrapper.log_eval_metrics] Accuracy(layer_2 - estimator_2 - 3_folds.train_1.predict)=80.62%
[ 2020-01-13 00:31:13,233][kfold_wrapper.log_eval_metrics] Accuracy(layer_2 - estimator_2 - 3_folds.train_2.predict)=79.77%
[ 2020-01-13 00:31:13,233][kfold_wrapper.log_eval_metrics] Accuracy(layer_2 - estimator_2 - 3_folds.train_cv.predict)=80.23%
[ 2020-01-13 00:31:13,233][kfold_wrapper.log_eval_metrics] Accuracy(layer_2 - estimator_2 - 3_folds.test.predict)=86.21%
[ 2020-01-13 00:31:13,233][cascade_classifier.calc_accuracy] Accuracy(layer_2 - train.classifier_average)=82.17%
[ 2020-01-13 00:31:13,233][cascade_classifier.calc_accuracy] Accuracy(layer_2 - test.classifier_average)=85.06%
[ 2020-01-13 00:31:13,233][cascade_classifier.fit_transform] [layer=3] look_indexs=[0], X_cur_train.shape=(774, 34), X_cur_test.shape=(87, 34)
[ 2020-01-13 00:31:15,264][kfold_wrapper.log_eval_metrics] Accuracy(layer_3 - estimator_0 - 3_folds.train_0.predict)=84.94%
[ 2020-01-13 00:31:17,686][kfold_wrapper.log_eval_metrics] Accuracy(layer_3 - estimator_0 - 3_folds.train_1.predict)=81.01%
[ 2020-01-13 00:31:20,061][kfold_wrapper.log_eval_metrics] Accuracy(layer_3 - estimator_0 - 3_folds.train_2.predict)=78.21%
[ 2020-01-13 00:31:20,389][kfold_wrapper.log_eval_metrics] Accuracy(layer_3 - estimator_0 - 3_folds.train_cv.predict)=81.40%
[ 2020-01-13 00:31:20,389][kfold_wrapper.log_eval_metrics] Accuracy(layer_3 - estimator_0 - 3_folds.test.predict)=85.06%
[ 2020-01-13 00:31:22,405][kfold_wrapper.log_eval_metrics] Accuracy(layer_3 - estimator_1 - 3_folds.train_0.predict)=79.92%
[ 2020-01-13 00:31:24,749][kfold_wrapper.log_eval_metrics] Accuracy(layer_3 - estimator_1 - 3_folds.train_1.predict)=82.17%
[ 2020-01-13 00:31:27,155][kfold_wrapper.log_eval_metrics] Accuracy(layer_3 - estimator_1 - 3_folds.train_2.predict)=77.43%
[ 2020-01-13 00:31:27,483][kfold_wrapper.log_eval_metrics] Accuracy(layer_3 - estimator_1 - 3_folds.train_cv.predict)=79.84%
[ 2020-01-13 00:31:27,483][kfold_wrapper.log_eval_metrics] Accuracy(layer_3 - estimator_1 - 3_folds.test.predict)=83.91%
[ 2020-01-13 00:31:27,889][kfold_wrapper.log_eval_metrics] Accuracy(layer_3 - estimator_2 - 3_folds.train_0.predict)=75.68%
[ 2020-01-13 00:31:28,296][kfold_wrapper.log_eval_metrics] Accuracy(layer_3 - estimator_2 - 3_folds.train_1.predict)=82.17%
[ 2020-01-13 00:31:28,702][kfold_wrapper.log_eval_metrics] Accuracy(layer_3 - estimator_2 - 3_folds.train_2.predict)=81.71%
[ 2020-01-13 00:31:28,702][kfold_wrapper.log_eval_metrics] Accuracy(layer_3 - estimator_2 - 3_folds.train_cv.predict)=79.84%
[ 2020-01-13 00:31:28,702][kfold_wrapper.log_eval_metrics] Accuracy(layer_3 - estimator_2 - 3_folds.test.predict)=83.91%
[ 2020-01-13 00:31:28,702][cascade_classifier.calc_accuracy] Accuracy(layer_3 - train.classifier_average)=81.14%
[ 2020-01-13 00:31:28,702][cascade_classifier.calc_accuracy] Accuracy(layer_3 - test.classifier_average)=83.91%
[ 2020-01-13 00:31:28,702][cascade_classifier.fit_transform] [layer=4] look_indexs=[0], X_cur_train.shape=(774, 34), X_cur_test.shape=(87, 34)
[ 2020-01-13 00:31:30,749][kfold_wrapper.log_eval_metrics] Accuracy(layer_4 - estimator_0 - 3_folds.train_0.predict)=82.24%
[ 2020-01-13 00:31:33,093][kfold_wrapper.log_eval_metrics] Accuracy(layer_4 - estimator_0 - 3_folds.train_1.predict)=79.46%
[ 2020-01-13 00:31:35,441][kfold_wrapper.log_eval_metrics] Accuracy(layer_4 - estimator_0 - 3_folds.train_2.predict)=79.38%
[ 2020-01-13 00:31:35,769][kfold_wrapper.log_eval_metrics] Accuracy(layer_4 - estimator_0 - 3_folds.train_cv.predict)=80.36%
[ 2020-01-13 00:31:35,769][kfold_wrapper.log_eval_metrics] Accuracy(layer_4 - estimator_0 - 3_folds.test.predict)=88.51%
[ 2020-01-13 00:31:37,785][kfold_wrapper.log_eval_metrics] Accuracy(layer_4 - estimator_1 - 3_folds.train_0.predict)=79.54%
[ 2020-01-13 00:31:40,129][kfold_wrapper.log_eval_metrics] Accuracy(layer_4 - estimator_1 - 3_folds.train_1.predict)=82.56%
[ 2020-01-13 00:31:42,473][kfold_wrapper.log_eval_metrics] Accuracy(layer_4 - estimator_1 - 3_folds.train_2.predict)=80.54%
[ 2020-01-13 00:31:42,801][kfold_wrapper.log_eval_metrics] Accuracy(layer_4 - estimator_1 - 3_folds.train_cv.predict)=80.88%
[ 2020-01-13 00:31:42,801][kfold_wrapper.log_eval_metrics] Accuracy(layer_4 - estimator_1 - 3_folds.test.predict)=88.51%
[ 2020-01-13 00:31:43,207][kfold_wrapper.log_eval_metrics] Accuracy(layer_4 - estimator_2 - 3_folds.train_0.predict)=83.01%
[ 2020-01-13 00:31:43,613][kfold_wrapper.log_eval_metrics] Accuracy(layer_4 - estimator_2 - 3_folds.train_1.predict)=82.56%
[ 2020-01-13 00:31:44,020][kfold_wrapper.log_eval_metrics] Accuracy(layer_4 - estimator_2 - 3_folds.train_2.predict)=81.71%
[ 2020-01-13 00:31:44,020][kfold_wrapper.log_eval_metrics] Accuracy(layer_4 - estimator_2 - 3_folds.train_cv.predict)=82.43%
[ 2020-01-13 00:31:44,020][kfold_wrapper.log_eval_metrics] Accuracy(layer_4 - estimator_2 - 3_folds.test.predict)=83.91%
[ 2020-01-13 00:31:44,020][cascade_classifier.calc_accuracy] Accuracy(layer_4 - train.classifier_average)=82.17%
[ 2020-01-13 00:31:44,020][cascade_classifier.calc_accuracy] Accuracy(layer_4 - test.classifier_average)=87.36%
[ 2020-01-13 00:31:44,035][cascade_classifier.fit_transform] [layer=5] look_indexs=[0], X_cur_train.shape=(774, 34), X_cur_test.shape=(87, 34)
[ 2020-01-13 00:31:46,051][kfold_wrapper.log_eval_metrics] Accuracy(layer_5 - estimator_0 - 3_folds.train_0.predict)=82.24%
[ 2020-01-13 00:31:48,400][kfold_wrapper.log_eval_metrics] Accuracy(layer_5 - estimator_0 - 3_folds.train_1.predict)=81.40%
[ 2020-01-13 00:31:50,760][kfold_wrapper.log_eval_metrics] Accuracy(layer_5 - estimator_0 - 3_folds.train_2.predict)=83.27%
[ 2020-01-13 00:31:51,103][kfold_wrapper.log_eval_metrics] Accuracy(layer_5 - estimator_0 - 3_folds.train_cv.predict)=82.30%
[ 2020-01-13 00:31:51,103][kfold_wrapper.log_eval_metrics] Accuracy(layer_5 - estimator_0 - 3_folds.test.predict)=87.36%
[ 2020-01-13 00:31:53,135][kfold_wrapper.log_eval_metrics] Accuracy(layer_5 - estimator_1 - 3_folds.train_0.predict)=82.24%
[ 2020-01-13 00:31:55,479][kfold_wrapper.log_eval_metrics] Accuracy(layer_5 - estimator_1 - 3_folds.train_1.predict)=81.40%
[ 2020-01-13 00:31:57,826][kfold_wrapper.log_eval_metrics] Accuracy(layer_5 - estimator_1 - 3_folds.train_2.predict)=82.10%
[ 2020-01-13 00:31:58,154][kfold_wrapper.log_eval_metrics] Accuracy(layer_5 - estimator_1 - 3_folds.train_cv.predict)=81.91%
[ 2020-01-13 00:31:58,154][kfold_wrapper.log_eval_metrics] Accuracy(layer_5 - estimator_1 - 3_folds.test.predict)=87.36%
[ 2020-01-13 00:31:58,560][kfold_wrapper.log_eval_metrics] Accuracy(layer_5 - estimator_2 - 3_folds.train_0.predict)=81.47%
[ 2020-01-13 00:31:58,966][kfold_wrapper.log_eval_metrics] Accuracy(layer_5 - estimator_2 - 3_folds.train_1.predict)=79.46%
[ 2020-01-13 00:31:59,372][kfold_wrapper.log_eval_metrics] Accuracy(layer_5 - estimator_2 - 3_folds.train_2.predict)=78.99%
[ 2020-01-13 00:31:59,372][kfold_wrapper.log_eval_metrics] Accuracy(layer_5 - estimator_2 - 3_folds.train_cv.predict)=79.97%
[ 2020-01-13 00:31:59,372][kfold_wrapper.log_eval_metrics] Accuracy(layer_5 - estimator_2 - 3_folds.test.predict)=86.21%
[ 2020-01-13 00:31:59,372][cascade_classifier.calc_accuracy] Accuracy(layer_5 - train.classifier_average)=81.27%
[ 2020-01-13 00:31:59,372][cascade_classifier.calc_accuracy] Accuracy(layer_5 - test.classifier_average)=87.36%
[ 2020-01-13 00:31:59,372][cascade_classifier.fit_transform] [Result][Optimal Level Detected] opt_layer_num=3, accuracy_train=82.17%, accuracy_test=85.06%
[ 2020-01-13 00:31:59,388][cascade_classifier.transform] X_groups_test.shape=[(87, 28)]
[ 2020-01-13 00:31:59,388][cascade_classifier.transform] group_dims=[28]
[ 2020-01-13 00:31:59,388][cascade_classifier.transform] X_test.shape=(87, 28)
[ 2020-01-13 00:31:59,404][cascade_classifier.transform] [layer=0] look_indexs=[0], X_cur_test.shape=(87, 28)
[ 2020-01-13 00:32:01,373][cascade_classifier.transform] [layer=1] look_indexs=[0], X_cur_test.shape=(87, 34)
[ 2020-01-13 00:32:03,373][cascade_classifier.transform] [layer=2] look_indexs=[0], X_cur_test.shape=(87, 34)
[ 2020-01-13 00:32:05,342][cascade_classifier.transform] X_groups_test.shape=[(87, 28)]
[ 2020-01-13 00:32:05,342][cascade_classifier.transform] group_dims=[28]
[ 2020-01-13 00:32:05,342][cascade_classifier.transform] X_test.shape=(87, 28)
[ 2020-01-13 00:32:05,342][cascade_classifier.transform] [layer=0] look_indexs=[0], X_cur_test.shape=(87, 28)
[ 2020-01-13 00:32:07,326][cascade_classifier.transform] [layer=1] look_indexs=[0], X_cur_test.shape=(87, 34)
[ 2020-01-13 00:32:09,303][cascade_classifier.transform] [layer=2] look_indexs=[0], X_cur_test.shape=(87, 34)
[ 2020-01-13 00:32:35,294][cascade_classifier.fit_transform] X_groups_train.shape=[(774, 28)],y_train.shape=(774,),X_groups_test.shape=[(87, 28)],y_test.shape=(87,)
[ 2020-01-13 00:32:35,294][cascade_classifier.fit_transform] group_dims=[28]
[ 2020-01-13 00:32:35,294][cascade_classifier.fit_transform] group_starts=[0]
[ 2020-01-13 00:32:35,294][cascade_classifier.fit_transform] group_ends=[28]
[ 2020-01-13 00:32:35,294][cascade_classifier.fit_transform] X_train.shape=(774, 28),X_test.shape=(87, 28)
[ 2020-01-13 00:32:35,294][cascade_classifier.fit_transform] [layer=0] look_indexs=[0], X_cur_train.shape=(774, 28), X_cur_test.shape=(87, 28)
[ 2020-01-13 00:32:37,325][kfold_wrapper.log_eval_metrics] Accuracy(layer_0 - estimator_0 - 3_folds.train_0.predict)=81.47%
[ 2020-01-13 00:32:39,669][kfold_wrapper.log_eval_metrics] Accuracy(layer_0 - estimator_0 - 3_folds.train_1.predict)=82.17%
[ 2020-01-13 00:32:42,034][kfold_wrapper.log_eval_metrics] Accuracy(layer_0 - estimator_0 - 3_folds.train_2.predict)=84.44%
[ 2020-01-13 00:32:42,362][kfold_wrapper.log_eval_metrics] Accuracy(layer_0 - estimator_0 - 3_folds.train_cv.predict)=82.69%
[ 2020-01-13 00:32:42,362][kfold_wrapper.log_eval_metrics] Accuracy(layer_0 - estimator_0 - 3_folds.test.predict)=86.21%
[ 2020-01-13 00:32:44,378][kfold_wrapper.log_eval_metrics] Accuracy(layer_0 - estimator_1 - 3_folds.train_0.predict)=82.24%
[ 2020-01-13 00:32:46,737][kfold_wrapper.log_eval_metrics] Accuracy(layer_0 - estimator_1 - 3_folds.train_1.predict)=82.56%
[ 2020-01-13 00:32:49,081][kfold_wrapper.log_eval_metrics] Accuracy(layer_0 - estimator_1 - 3_folds.train_2.predict)=80.54%
[ 2020-01-13 00:32:49,409][kfold_wrapper.log_eval_metrics] Accuracy(layer_0 - estimator_1 - 3_folds.train_cv.predict)=81.78%
[ 2020-01-13 00:32:49,409][kfold_wrapper.log_eval_metrics] Accuracy(layer_0 - estimator_1 - 3_folds.test.predict)=87.36%
[ 2020-01-13 00:32:49,800][kfold_wrapper.log_eval_metrics] Accuracy(layer_0 - estimator_2 - 3_folds.train_0.predict)=82.63%
[ 2020-01-13 00:32:50,190][kfold_wrapper.log_eval_metrics] Accuracy(layer_0 - estimator_2 - 3_folds.train_1.predict)=77.52%
[ 2020-01-13 00:32:50,581][kfold_wrapper.log_eval_metrics] Accuracy(layer_0 - estimator_2 - 3_folds.train_2.predict)=79.77%
[ 2020-01-13 00:32:50,581][kfold_wrapper.log_eval_metrics] Accuracy(layer_0 - estimator_2 - 3_folds.train_cv.predict)=79.97%
[ 2020-01-13 00:32:50,581][kfold_wrapper.log_eval_metrics] Accuracy(layer_0 - estimator_2 - 3_folds.test.predict)=86.21%
[ 2020-01-13 00:32:50,581][cascade_classifier.calc_accuracy] Accuracy(layer_0 - train.classifier_average)=82.56%
[ 2020-01-13 00:32:50,581][cascade_classifier.calc_accuracy] Accuracy(layer_0 - test.classifier_average)=86.21%
[ 2020-01-13 00:32:50,581][cascade_classifier.fit_transform] [layer=1] look_indexs=[0], X_cur_train.shape=(774, 34), X_cur_test.shape=(87, 34)
[ 2020-01-13 00:32:52,617][kfold_wrapper.log_eval_metrics] Accuracy(layer_1 - estimator_0 - 3_folds.train_0.predict)=80.69%
[ 2020-01-13 00:32:54,977][kfold_wrapper.log_eval_metrics] Accuracy(layer_1 - estimator_0 - 3_folds.train_1.predict)=84.11%
[ 2020-01-13 00:32:57,321][kfold_wrapper.log_eval_metrics] Accuracy(layer_1 - estimator_0 - 3_folds.train_2.predict)=82.88%
[ 2020-01-13 00:32:57,649][kfold_wrapper.log_eval_metrics] Accuracy(layer_1 - estimator_0 - 3_folds.train_cv.predict)=82.56%
[ 2020-01-13 00:32:57,649][kfold_wrapper.log_eval_metrics] Accuracy(layer_1 - estimator_0 - 3_folds.test.predict)=86.21%
[ 2020-01-13 00:32:59,664][kfold_wrapper.log_eval_metrics] Accuracy(layer_1 - estimator_1 - 3_folds.train_0.predict)=84.17%
[ 2020-01-13 00:33:02,013][kfold_wrapper.log_eval_metrics] Accuracy(layer_1 - estimator_1 - 3_folds.train_1.predict)=81.78%
[ 2020-01-13 00:33:04,357][kfold_wrapper.log_eval_metrics] Accuracy(layer_1 - estimator_1 - 3_folds.train_2.predict)=80.16%
[ 2020-01-13 00:33:04,685][kfold_wrapper.log_eval_metrics] Accuracy(layer_1 - estimator_1 - 3_folds.train_cv.predict)=82.04%
[ 2020-01-13 00:33:04,685][kfold_wrapper.log_eval_metrics] Accuracy(layer_1 - estimator_1 - 3_folds.test.predict)=86.21%
[ 2020-01-13 00:33:05,091][kfold_wrapper.log_eval_metrics] Accuracy(layer_1 - estimator_2 - 3_folds.train_0.predict)=80.31%
[ 2020-01-13 00:33:05,497][kfold_wrapper.log_eval_metrics] Accuracy(layer_1 - estimator_2 - 3_folds.train_1.predict)=80.62%
[ 2020-01-13 00:33:05,904][kfold_wrapper.log_eval_metrics] Accuracy(layer_1 - estimator_2 - 3_folds.train_2.predict)=82.49%
[ 2020-01-13 00:33:05,904][kfold_wrapper.log_eval_metrics] Accuracy(layer_1 - estimator_2 - 3_folds.train_cv.predict)=81.14%
[ 2020-01-13 00:33:05,904][kfold_wrapper.log_eval_metrics] Accuracy(layer_1 - estimator_2 - 3_folds.test.predict)=87.36%
[ 2020-01-13 00:33:05,904][cascade_classifier.calc_accuracy] Accuracy(layer_1 - train.classifier_average)=82.43%
[ 2020-01-13 00:33:05,904][cascade_classifier.calc_accuracy] Accuracy(layer_1 - test.classifier_average)=86.21%
[ 2020-01-13 00:33:05,904][cascade_classifier.fit_transform] [layer=2] look_indexs=[0], X_cur_train.shape=(774, 34), X_cur_test.shape=(87, 34)
[ 2020-01-13 00:33:07,935][kfold_wrapper.log_eval_metrics] Accuracy(layer_2 - estimator_0 - 3_folds.train_0.predict)=80.69%
[ 2020-01-13 00:33:10,279][kfold_wrapper.log_eval_metrics] Accuracy(layer_2 - estimator_0 - 3_folds.train_1.predict)=81.01%
[ 2020-01-13 00:33:12,623][kfold_wrapper.log_eval_metrics] Accuracy(layer_2 - estimator_0 - 3_folds.train_2.predict)=81.71%
[ 2020-01-13 00:33:12,951][kfold_wrapper.log_eval_metrics] Accuracy(layer_2 - estimator_0 - 3_folds.train_cv.predict)=81.14%
[ 2020-01-13 00:33:12,951][kfold_wrapper.log_eval_metrics] Accuracy(layer_2 - estimator_0 - 3_folds.test.predict)=86.21%
[ 2020-01-13 00:33:14,970][kfold_wrapper.log_eval_metrics] Accuracy(layer_2 - estimator_1 - 3_folds.train_0.predict)=84.17%
[ 2020-01-13 00:33:17,330][kfold_wrapper.log_eval_metrics] Accuracy(layer_2 - estimator_1 - 3_folds.train_1.predict)=79.46%
[ 2020-01-13 00:33:19,689][kfold_wrapper.log_eval_metrics] Accuracy(layer_2 - estimator_1 - 3_folds.train_2.predict)=84.05%
[ 2020-01-13 00:33:20,033][kfold_wrapper.log_eval_metrics] Accuracy(layer_2 - estimator_1 - 3_folds.train_cv.predict)=82.56%
[ 2020-01-13 00:33:20,033][kfold_wrapper.log_eval_metrics] Accuracy(layer_2 - estimator_1 - 3_folds.test.predict)=86.21%
[ 2020-01-13 00:33:20,440][kfold_wrapper.log_eval_metrics] Accuracy(layer_2 - estimator_2 - 3_folds.train_0.predict)=79.54%
[ 2020-01-13 00:33:20,846][kfold_wrapper.log_eval_metrics] Accuracy(layer_2 - estimator_2 - 3_folds.train_1.predict)=84.11%
[ 2020-01-13 00:33:21,252][kfold_wrapper.log_eval_metrics] Accuracy(layer_2 - estimator_2 - 3_folds.train_2.predict)=78.99%
[ 2020-01-13 00:33:21,252][kfold_wrapper.log_eval_metrics] Accuracy(layer_2 - estimator_2 - 3_folds.train_cv.predict)=80.88%
[ 2020-01-13 00:33:21,252][kfold_wrapper.log_eval_metrics] Accuracy(layer_2 - estimator_2 - 3_folds.test.predict)=83.91%
[ 2020-01-13 00:33:21,252][cascade_classifier.calc_accuracy] Accuracy(layer_2 - train.classifier_average)=81.01%
[ 2020-01-13 00:33:21,252][cascade_classifier.calc_accuracy] Accuracy(layer_2 - test.classifier_average)=85.06%
[ 2020-01-13 00:33:21,252][cascade_classifier.fit_transform] [layer=3] look_indexs=[0], X_cur_train.shape=(774, 34), X_cur_test.shape=(87, 34)
[ 2020-01-13 00:33:23,284][kfold_wrapper.log_eval_metrics] Accuracy(layer_3 - estimator_0 - 3_folds.train_0.predict)=81.47%
[ 2020-01-13 00:33:25,612][kfold_wrapper.log_eval_metrics] Accuracy(layer_3 - estimator_0 - 3_folds.train_1.predict)=78.68%
[ 2020-01-13 00:33:27,956][kfold_wrapper.log_eval_metrics] Accuracy(layer_3 - estimator_0 - 3_folds.train_2.predict)=83.66%
[ 2020-01-13 00:33:28,284][kfold_wrapper.log_eval_metrics] Accuracy(layer_3 - estimator_0 - 3_folds.train_cv.predict)=81.27%
[ 2020-01-13 00:33:28,284][kfold_wrapper.log_eval_metrics] Accuracy(layer_3 - estimator_0 - 3_folds.test.predict)=86.21%
[ 2020-01-13 00:33:30,300][kfold_wrapper.log_eval_metrics] Accuracy(layer_3 - estimator_1 - 3_folds.train_0.predict)=79.15%
[ 2020-01-13 00:33:32,659][kfold_wrapper.log_eval_metrics] Accuracy(layer_3 - estimator_1 - 3_folds.train_1.predict)=83.33%
[ 2020-01-13 00:33:35,003][kfold_wrapper.log_eval_metrics] Accuracy(layer_3 - estimator_1 - 3_folds.train_2.predict)=81.71%
[ 2020-01-13 00:33:35,340][kfold_wrapper.log_eval_metrics] Accuracy(layer_3 - estimator_1 - 3_folds.train_cv.predict)=81.40%
[ 2020-01-13 00:33:35,340][kfold_wrapper.log_eval_metrics] Accuracy(layer_3 - estimator_1 - 3_folds.test.predict)=87.36%
[ 2020-01-13 00:33:35,746][kfold_wrapper.log_eval_metrics] Accuracy(layer_3 - estimator_2 - 3_folds.train_0.predict)=78.76%
[ 2020-01-13 00:33:36,152][kfold_wrapper.log_eval_metrics] Accuracy(layer_3 - estimator_2 - 3_folds.train_1.predict)=83.33%
[ 2020-01-13 00:33:36,558][kfold_wrapper.log_eval_metrics] Accuracy(layer_3 - estimator_2 - 3_folds.train_2.predict)=81.71%
[ 2020-01-13 00:33:36,574][kfold_wrapper.log_eval_metrics] Accuracy(layer_3 - estimator_2 - 3_folds.train_cv.predict)=81.27%
[ 2020-01-13 00:33:36,574][kfold_wrapper.log_eval_metrics] Accuracy(layer_3 - estimator_2 - 3_folds.test.predict)=87.36%
[ 2020-01-13 00:33:36,574][cascade_classifier.calc_accuracy] Accuracy(layer_3 - train.classifier_average)=81.52%
[ 2020-01-13 00:33:36,574][cascade_classifier.calc_accuracy] Accuracy(layer_3 - test.classifier_average)=87.36%
[ 2020-01-13 00:33:36,574][cascade_classifier.fit_transform] [Result][Optimal Level Detected] opt_layer_num=1, accuracy_train=82.56%, accuracy_test=86.21%
[ 2020-01-13 00:33:36,590][cascade_classifier.transform] X_groups_test.shape=[(87, 28)]
[ 2020-01-13 00:33:36,590][cascade_classifier.transform] group_dims=[28]
[ 2020-01-13 00:33:36,590][cascade_classifier.transform] X_test.shape=(87, 28)
[ 2020-01-13 00:33:36,590][cascade_classifier.transform] [layer=0] look_indexs=[0], X_cur_test.shape=(87, 28)
[ 2020-01-13 00:33:38,621][cascade_classifier.transform] X_groups_test.shape=[(87, 28)]
[ 2020-01-13 00:33:38,621][cascade_classifier.transform] group_dims=[28]
[ 2020-01-13 00:33:38,621][cascade_classifier.transform] X_test.shape=(87, 28)
[ 2020-01-13 00:33:38,621][cascade_classifier.transform] [layer=0] look_indexs=[0], X_cur_test.shape=(87, 28)
[ 2020-01-13 00:33:48,549][cascade_classifier.fit_transform] X_groups_train.shape=[(774, 28)],y_train.shape=(774,),X_groups_test.shape=[(87, 28)],y_test.shape=(87,)
[ 2020-01-13 00:33:48,549][cascade_classifier.fit_transform] group_dims=[28]
[ 2020-01-13 00:33:48,549][cascade_classifier.fit_transform] group_starts=[0]
[ 2020-01-13 00:33:48,549][cascade_classifier.fit_transform] group_ends=[28]
[ 2020-01-13 00:33:48,549][cascade_classifier.fit_transform] X_train.shape=(774, 28),X_test.shape=(87, 28)
[ 2020-01-13 00:33:48,549][cascade_classifier.fit_transform] [layer=0] look_indexs=[0], X_cur_train.shape=(774, 28), X_cur_test.shape=(87, 28)
[ 2020-01-13 00:33:50,565][kfold_wrapper.log_eval_metrics] Accuracy(layer_0 - estimator_0 - 3_folds.train_0.predict)=83.01%
[ 2020-01-13 00:33:52,925][kfold_wrapper.log_eval_metrics] Accuracy(layer_0 - estimator_0 - 3_folds.train_1.predict)=84.11%
[ 2020-01-13 00:33:55,284][kfold_wrapper.log_eval_metrics] Accuracy(layer_0 - estimator_0 - 3_folds.train_2.predict)=78.21%
[ 2020-01-13 00:33:55,612][kfold_wrapper.log_eval_metrics] Accuracy(layer_0 - estimator_0 - 3_folds.train_cv.predict)=81.78%
[ 2020-01-13 00:33:55,612][kfold_wrapper.log_eval_metrics] Accuracy(layer_0 - estimator_0 - 3_folds.test.predict)=87.36%
[ 2020-01-13 00:33:57,632][kfold_wrapper.log_eval_metrics] Accuracy(layer_0 - estimator_1 - 3_folds.train_0.predict)=82.24%
[ 2020-01-13 00:33:59,960][kfold_wrapper.log_eval_metrics] Accuracy(layer_0 - estimator_1 - 3_folds.train_1.predict)=80.23%
[ 2020-01-13 00:34:02,304][kfold_wrapper.log_eval_metrics] Accuracy(layer_0 - estimator_1 - 3_folds.train_2.predict)=83.27%
[ 2020-01-13 00:34:02,632][kfold_wrapper.log_eval_metrics] Accuracy(layer_0 - estimator_1 - 3_folds.train_cv.predict)=81.91%
[ 2020-01-13 00:34:02,632][kfold_wrapper.log_eval_metrics] Accuracy(layer_0 - estimator_1 - 3_folds.test.predict)=86.21%
[ 2020-01-13 00:34:03,022][kfold_wrapper.log_eval_metrics] Accuracy(layer_0 - estimator_2 - 3_folds.train_0.predict)=79.54%
[ 2020-01-13 00:34:03,413][kfold_wrapper.log_eval_metrics] Accuracy(layer_0 - estimator_2 - 3_folds.train_1.predict)=82.95%
[ 2020-01-13 00:34:03,804][kfold_wrapper.log_eval_metrics] Accuracy(layer_0 - estimator_2 - 3_folds.train_2.predict)=81.32%
[ 2020-01-13 00:34:03,804][kfold_wrapper.log_eval_metrics] Accuracy(layer_0 - estimator_2 - 3_folds.train_cv.predict)=81.27%
[ 2020-01-13 00:34:03,804][kfold_wrapper.log_eval_metrics] Accuracy(layer_0 - estimator_2 - 3_folds.test.predict)=86.21%
[ 2020-01-13 00:34:03,804][cascade_classifier.calc_accuracy] Accuracy(layer_0 - train.classifier_average)=81.91%
[ 2020-01-13 00:34:03,804][cascade_classifier.calc_accuracy] Accuracy(layer_0 - test.classifier_average)=85.06%
[ 2020-01-13 00:34:03,804][cascade_classifier.fit_transform] [layer=1] look_indexs=[0], X_cur_train.shape=(774, 34), X_cur_test.shape=(87, 34)
[ 2020-01-13 00:34:05,835][kfold_wrapper.log_eval_metrics] Accuracy(layer_1 - estimator_0 - 3_folds.train_0.predict)=82.24%
[ 2020-01-13 00:34:08,201][kfold_wrapper.log_eval_metrics] Accuracy(layer_1 - estimator_0 - 3_folds.train_1.predict)=81.40%
[ 2020-01-13 00:34:10,576][kfold_wrapper.log_eval_metrics] Accuracy(layer_1 - estimator_0 - 3_folds.train_2.predict)=83.27%
[ 2020-01-13 00:34:10,919][kfold_wrapper.log_eval_metrics] Accuracy(layer_1 - estimator_0 - 3_folds.train_cv.predict)=82.30%
[ 2020-01-13 00:34:10,919][kfold_wrapper.log_eval_metrics] Accuracy(layer_1 - estimator_0 - 3_folds.test.predict)=85.06%
[ 2020-01-13 00:34:12,935][kfold_wrapper.log_eval_metrics] Accuracy(layer_1 - estimator_1 - 3_folds.train_0.predict)=82.63%
[ 2020-01-13 00:34:15,263][kfold_wrapper.log_eval_metrics] Accuracy(layer_1 - estimator_1 - 3_folds.train_1.predict)=79.07%
[ 2020-01-13 00:34:17,623][kfold_wrapper.log_eval_metrics] Accuracy(layer_1 - estimator_1 - 3_folds.train_2.predict)=82.88%
[ 2020-01-13 00:34:17,951][kfold_wrapper.log_eval_metrics] Accuracy(layer_1 - estimator_1 - 3_folds.train_cv.predict)=81.52%
[ 2020-01-13 00:34:17,951][kfold_wrapper.log_eval_metrics] Accuracy(layer_1 - estimator_1 - 3_folds.test.predict)=86.21%
[ 2020-01-13 00:34:18,355][kfold_wrapper.log_eval_metrics] Accuracy(layer_1 - estimator_2 - 3_folds.train_0.predict)=84.17%
[ 2020-01-13 00:34:18,761][kfold_wrapper.log_eval_metrics] Accuracy(layer_1 - estimator_2 - 3_folds.train_1.predict)=78.29%
[ 2020-01-13 00:34:19,168][kfold_wrapper.log_eval_metrics] Accuracy(layer_1 - estimator_2 - 3_folds.train_2.predict)=77.82%
[ 2020-01-13 00:34:19,168][kfold_wrapper.log_eval_metrics] Accuracy(layer_1 - estimator_2 - 3_folds.train_cv.predict)=80.10%
[ 2020-01-13 00:34:19,168][kfold_wrapper.log_eval_metrics] Accuracy(layer_1 - estimator_2 - 3_folds.test.predict)=86.21%
[ 2020-01-13 00:34:19,168][cascade_classifier.calc_accuracy] Accuracy(layer_1 - train.classifier_average)=81.65%
[ 2020-01-13 00:34:19,168][cascade_classifier.calc_accuracy] Accuracy(layer_1 - test.classifier_average)=87.36%
[ 2020-01-13 00:34:19,168][cascade_classifier.fit_transform] [layer=2] look_indexs=[0], X_cur_train.shape=(774, 34), X_cur_test.shape=(87, 34)
[ 2020-01-13 00:34:21,199][kfold_wrapper.log_eval_metrics] Accuracy(layer_2 - estimator_0 - 3_folds.train_0.predict)=82.24%
[ 2020-01-13 00:34:23,559][kfold_wrapper.log_eval_metrics] Accuracy(layer_2 - estimator_0 - 3_folds.train_1.predict)=81.40%
[ 2020-01-13 00:34:25,918][kfold_wrapper.log_eval_metrics] Accuracy(layer_2 - estimator_0 - 3_folds.train_2.predict)=82.10%
[ 2020-01-13 00:34:26,262][kfold_wrapper.log_eval_metrics] Accuracy(layer_2 - estimator_0 - 3_folds.train_cv.predict)=81.91%
[ 2020-01-13 00:34:26,262][kfold_wrapper.log_eval_metrics] Accuracy(layer_2 - estimator_0 - 3_folds.test.predict)=85.06%
[ 2020-01-13 00:34:28,293][kfold_wrapper.log_eval_metrics] Accuracy(layer_2 - estimator_1 - 3_folds.train_0.predict)=82.63%
[ 2020-01-13 00:34:30,662][kfold_wrapper.log_eval_metrics] Accuracy(layer_2 - estimator_1 - 3_folds.train_1.predict)=81.01%
[ 2020-01-13 00:34:33,006][kfold_wrapper.log_eval_metrics] Accuracy(layer_2 - estimator_1 - 3_folds.train_2.predict)=77.43%
[ 2020-01-13 00:34:33,334][kfold_wrapper.log_eval_metrics] Accuracy(layer_2 - estimator_1 - 3_folds.train_cv.predict)=80.36%
[ 2020-01-13 00:34:33,334][kfold_wrapper.log_eval_metrics] Accuracy(layer_2 - estimator_1 - 3_folds.test.predict)=86.21%
[ 2020-01-13 00:34:33,740][kfold_wrapper.log_eval_metrics] Accuracy(layer_2 - estimator_2 - 3_folds.train_0.predict)=80.31%
[ 2020-01-13 00:34:34,146][kfold_wrapper.log_eval_metrics] Accuracy(layer_2 - estimator_2 - 3_folds.train_1.predict)=81.01%
[ 2020-01-13 00:34:34,552][kfold_wrapper.log_eval_metrics] Accuracy(layer_2 - estimator_2 - 3_folds.train_2.predict)=83.66%
[ 2020-01-13 00:34:34,552][kfold_wrapper.log_eval_metrics] Accuracy(layer_2 - estimator_2 - 3_folds.train_cv.predict)=81.65%
[ 2020-01-13 00:34:34,552][kfold_wrapper.log_eval_metrics] Accuracy(layer_2 - estimator_2 - 3_folds.test.predict)=87.36%
[ 2020-01-13 00:34:34,552][cascade_classifier.calc_accuracy] Accuracy(layer_2 - train.classifier_average)=81.52%
[ 2020-01-13 00:34:34,552][cascade_classifier.calc_accuracy] Accuracy(layer_2 - test.classifier_average)=87.36%
[ 2020-01-13 00:34:34,552][cascade_classifier.fit_transform] [layer=3] look_indexs=[0], X_cur_train.shape=(774, 34), X_cur_test.shape=(87, 34)
[ 2020-01-13 00:34:36,584][kfold_wrapper.log_eval_metrics] Accuracy(layer_3 - estimator_0 - 3_folds.train_0.predict)=82.24%
[ 2020-01-13 00:34:38,927][kfold_wrapper.log_eval_metrics] Accuracy(layer_3 - estimator_0 - 3_folds.train_1.predict)=81.78%
[ 2020-01-13 00:34:41,276][kfold_wrapper.log_eval_metrics] Accuracy(layer_3 - estimator_0 - 3_folds.train_2.predict)=78.21%
[ 2020-01-13 00:34:41,604][kfold_wrapper.log_eval_metrics] Accuracy(layer_3 - estimator_0 - 3_folds.train_cv.predict)=80.75%
[ 2020-01-13 00:34:41,604][kfold_wrapper.log_eval_metrics] Accuracy(layer_3 - estimator_0 - 3_folds.test.predict)=87.36%
[ 2020-01-13 00:34:43,619][kfold_wrapper.log_eval_metrics] Accuracy(layer_3 - estimator_1 - 3_folds.train_0.predict)=79.92%
[ 2020-01-13 00:34:45,963][kfold_wrapper.log_eval_metrics] Accuracy(layer_3 - estimator_1 - 3_folds.train_1.predict)=81.40%
[ 2020-01-13 00:34:48,213][kfold_wrapper.log_eval_metrics] Accuracy(layer_3 - estimator_1 - 3_folds.train_2.predict)=79.77%
[ 2020-01-13 00:34:48,557][kfold_wrapper.log_eval_metrics] Accuracy(layer_3 - estimator_1 - 3_folds.train_cv.predict)=80.36%
[ 2020-01-13 00:34:48,557][kfold_wrapper.log_eval_metrics] Accuracy(layer_3 - estimator_1 - 3_folds.test.predict)=83.91%
[ 2020-01-13 00:34:48,963][kfold_wrapper.log_eval_metrics] Accuracy(layer_3 - estimator_2 - 3_folds.train_0.predict)=79.54%
[ 2020-01-13 00:34:49,369][kfold_wrapper.log_eval_metrics] Accuracy(layer_3 - estimator_2 - 3_folds.train_1.predict)=81.78%
[ 2020-01-13 00:34:49,776][kfold_wrapper.log_eval_metrics] Accuracy(layer_3 - estimator_2 - 3_folds.train_2.predict)=84.82%
[ 2020-01-13 00:34:49,776][kfold_wrapper.log_eval_metrics] Accuracy(layer_3 - estimator_2 - 3_folds.train_cv.predict)=82.04%
[ 2020-01-13 00:34:49,776][kfold_wrapper.log_eval_metrics] Accuracy(layer_3 - estimator_2 - 3_folds.test.predict)=86.21%
[ 2020-01-13 00:34:49,776][cascade_classifier.calc_accuracy] Accuracy(layer_3 - train.classifier_average)=82.17%
[ 2020-01-13 00:34:49,776][cascade_classifier.calc_accuracy] Accuracy(layer_3 - test.classifier_average)=85.06%
[ 2020-01-13 00:34:49,776][cascade_classifier.fit_transform] [layer=4] look_indexs=[0], X_cur_train.shape=(774, 34), X_cur_test.shape=(87, 34)
[ 2020-01-13 00:34:51,875][kfold_wrapper.log_eval_metrics] Accuracy(layer_4 - estimator_0 - 3_folds.train_0.predict)=77.61%
[ 2020-01-13 00:34:54,204][kfold_wrapper.log_eval_metrics] Accuracy(layer_4 - estimator_0 - 3_folds.train_1.predict)=85.27%
[ 2020-01-13 00:34:56,532][kfold_wrapper.log_eval_metrics] Accuracy(layer_4 - estimator_0 - 3_folds.train_2.predict)=80.54%
[ 2020-01-13 00:34:56,860][kfold_wrapper.log_eval_metrics] Accuracy(layer_4 - estimator_0 - 3_folds.train_cv.predict)=81.14%
[ 2020-01-13 00:34:56,860][kfold_wrapper.log_eval_metrics] Accuracy(layer_4 - estimator_0 - 3_folds.test.predict)=85.06%
[ 2020-01-13 00:34:58,892][kfold_wrapper.log_eval_metrics] Accuracy(layer_4 - estimator_1 - 3_folds.train_0.predict)=83.40%
[ 2020-01-13 00:35:01,267][kfold_wrapper.log_eval_metrics] Accuracy(layer_4 - estimator_1 - 3_folds.train_1.predict)=79.07%
[ 2020-01-13 00:35:03,599][kfold_wrapper.log_eval_metrics] Accuracy(layer_4 - estimator_1 - 3_folds.train_2.predict)=79.77%
[ 2020-01-13 00:35:03,927][kfold_wrapper.log_eval_metrics] Accuracy(layer_4 - estimator_1 - 3_folds.train_cv.predict)=80.75%
[ 2020-01-13 00:35:03,927][kfold_wrapper.log_eval_metrics] Accuracy(layer_4 - estimator_1 - 3_folds.test.predict)=85.06%
[ 2020-01-13 00:35:04,333][kfold_wrapper.log_eval_metrics] Accuracy(layer_4 - estimator_2 - 3_folds.train_0.predict)=80.31%
[ 2020-01-13 00:35:04,739][kfold_wrapper.log_eval_metrics] Accuracy(layer_4 - estimator_2 - 3_folds.train_1.predict)=80.62%
[ 2020-01-13 00:35:05,161][kfold_wrapper.log_eval_metrics] Accuracy(layer_4 - estimator_2 - 3_folds.train_2.predict)=84.05%
[ 2020-01-13 00:35:05,161][kfold_wrapper.log_eval_metrics] Accuracy(layer_4 - estimator_2 - 3_folds.train_cv.predict)=81.65%
[ 2020-01-13 00:35:05,161][kfold_wrapper.log_eval_metrics] Accuracy(layer_4 - estimator_2 - 3_folds.test.predict)=88.51%
[ 2020-01-13 00:35:05,161][cascade_classifier.calc_accuracy] Accuracy(layer_4 - train.classifier_average)=81.91%
[ 2020-01-13 00:35:05,161][cascade_classifier.calc_accuracy] Accuracy(layer_4 - test.classifier_average)=86.21%
[ 2020-01-13 00:35:05,161][cascade_classifier.fit_transform] [layer=5] look_indexs=[0], X_cur_train.shape=(774, 34), X_cur_test.shape=(87, 34)
[ 2020-01-13 00:35:07,193][kfold_wrapper.log_eval_metrics] Accuracy(layer_5 - estimator_0 - 3_folds.train_0.predict)=81.08%
[ 2020-01-13 00:35:09,537][kfold_wrapper.log_eval_metrics] Accuracy(layer_5 - estimator_0 - 3_folds.train_1.predict)=84.11%
[ 2020-01-13 00:35:11,880][kfold_wrapper.log_eval_metrics] Accuracy(layer_5 - estimator_0 - 3_folds.train_2.predict)=80.93%
[ 2020-01-13 00:35:12,225][kfold_wrapper.log_eval_metrics] Accuracy(layer_5 - estimator_0 - 3_folds.train_cv.predict)=82.04%
[ 2020-01-13 00:35:12,225][kfold_wrapper.log_eval_metrics] Accuracy(layer_5 - estimator_0 - 3_folds.test.predict)=86.21%
[ 2020-01-13 00:35:14,232][kfold_wrapper.log_eval_metrics] Accuracy(layer_5 - estimator_1 - 3_folds.train_0.predict)=80.69%
[ 2020-01-13 00:35:16,576][kfold_wrapper.log_eval_metrics] Accuracy(layer_5 - estimator_1 - 3_folds.train_1.predict)=81.01%
[ 2020-01-13 00:35:18,920][kfold_wrapper.log_eval_metrics] Accuracy(layer_5 - estimator_1 - 3_folds.train_2.predict)=82.88%
[ 2020-01-13 00:35:19,248][kfold_wrapper.log_eval_metrics] Accuracy(layer_5 - estimator_1 - 3_folds.train_cv.predict)=81.52%
[ 2020-01-13 00:35:19,248][kfold_wrapper.log_eval_metrics] Accuracy(layer_5 - estimator_1 - 3_folds.test.predict)=86.21%
[ 2020-01-13 00:35:19,654][kfold_wrapper.log_eval_metrics] Accuracy(layer_5 - estimator_2 - 3_folds.train_0.predict)=83.01%
[ 2020-01-13 00:35:20,060][kfold_wrapper.log_eval_metrics] Accuracy(layer_5 - estimator_2 - 3_folds.train_1.predict)=81.78%
[ 2020-01-13 00:35:20,451][kfold_wrapper.log_eval_metrics] Accuracy(layer_5 - estimator_2 - 3_folds.train_2.predict)=75.10%
[ 2020-01-13 00:35:20,451][kfold_wrapper.log_eval_metrics] Accuracy(layer_5 - estimator_2 - 3_folds.train_cv.predict)=79.97%
[ 2020-01-13 00:35:20,451][kfold_wrapper.log_eval_metrics] Accuracy(layer_5 - estimator_2 - 3_folds.test.predict)=86.21%
[ 2020-01-13 00:35:20,451][cascade_classifier.calc_accuracy] Accuracy(layer_5 - train.classifier_average)=81.14%
[ 2020-01-13 00:35:20,451][cascade_classifier.calc_accuracy] Accuracy(layer_5 - test.classifier_average)=86.21%
[ 2020-01-13 00:35:20,451][cascade_classifier.fit_transform] [layer=6] look_indexs=[0], X_cur_train.shape=(774, 34), X_cur_test.shape=(87, 34)
[ 2020-01-13 00:35:22,466][kfold_wrapper.log_eval_metrics] Accuracy(layer_6 - estimator_0 - 3_folds.train_0.predict)=81.08%
[ 2020-01-13 00:35:24,812][kfold_wrapper.log_eval_metrics] Accuracy(layer_6 - estimator_0 - 3_folds.train_1.predict)=84.11%
[ 2020-01-13 00:35:27,156][kfold_wrapper.log_eval_metrics] Accuracy(layer_6 - estimator_0 - 3_folds.train_2.predict)=78.99%
[ 2020-01-13 00:35:27,500][kfold_wrapper.log_eval_metrics] Accuracy(layer_6 - estimator_0 - 3_folds.train_cv.predict)=81.40%
[ 2020-01-13 00:35:27,500][kfold_wrapper.log_eval_metrics] Accuracy(layer_6 - estimator_0 - 3_folds.test.predict)=82.76%
[ 2020-01-13 00:35:29,516][kfold_wrapper.log_eval_metrics] Accuracy(layer_6 - estimator_1 - 3_folds.train_0.predict)=77.61%
[ 2020-01-13 00:35:31,844][kfold_wrapper.log_eval_metrics] Accuracy(layer_6 - estimator_1 - 3_folds.train_1.predict)=85.66%
[ 2020-01-13 00:35:34,172][kfold_wrapper.log_eval_metrics] Accuracy(layer_6 - estimator_1 - 3_folds.train_2.predict)=82.10%
[ 2020-01-13 00:35:34,500][kfold_wrapper.log_eval_metrics] Accuracy(layer_6 - estimator_1 - 3_folds.train_cv.predict)=81.78%
[ 2020-01-13 00:35:34,500][kfold_wrapper.log_eval_metrics] Accuracy(layer_6 - estimator_1 - 3_folds.test.predict)=83.91%
[ 2020-01-13 00:35:34,906][kfold_wrapper.log_eval_metrics] Accuracy(layer_6 - estimator_2 - 3_folds.train_0.predict)=81.47%
[ 2020-01-13 00:35:35,303][kfold_wrapper.log_eval_metrics] Accuracy(layer_6 - estimator_2 - 3_folds.train_1.predict)=79.84%
[ 2020-01-13 00:35:35,725][kfold_wrapper.log_eval_metrics] Accuracy(layer_6 - estimator_2 - 3_folds.train_2.predict)=80.16%
[ 2020-01-13 00:35:35,725][kfold_wrapper.log_eval_metrics] Accuracy(layer_6 - estimator_2 - 3_folds.train_cv.predict)=80.49%
[ 2020-01-13 00:35:35,725][kfold_wrapper.log_eval_metrics] Accuracy(layer_6 - estimator_2 - 3_folds.test.predict)=87.36%
[ 2020-01-13 00:35:35,725][cascade_classifier.calc_accuracy] Accuracy(layer_6 - train.classifier_average)=81.52%
[ 2020-01-13 00:35:35,725][cascade_classifier.calc_accuracy] Accuracy(layer_6 - test.classifier_average)=86.21%
[ 2020-01-13 00:35:35,725][cascade_classifier.fit_transform] [Result][Optimal Level Detected] opt_layer_num=4, accuracy_train=82.17%, accuracy_test=85.06%
[ 2020-01-13 00:35:35,740][cascade_classifier.transform] X_groups_test.shape=[(87, 28)]
[ 2020-01-13 00:35:35,740][cascade_classifier.transform] group_dims=[28]
[ 2020-01-13 00:35:35,740][cascade_classifier.transform] X_test.shape=(87, 28)
[ 2020-01-13 00:35:35,740][cascade_classifier.transform] [layer=0] look_indexs=[0], X_cur_test.shape=(87, 28)
[ 2020-01-13 00:35:37,741][cascade_classifier.transform] [layer=1] look_indexs=[0], X_cur_test.shape=(87, 34)
[ 2020-01-13 00:35:39,631][cascade_classifier.transform] [layer=2] look_indexs=[0], X_cur_test.shape=(87, 34)
[ 2020-01-13 00:35:41,600][cascade_classifier.transform] [layer=3] look_indexs=[0], X_cur_test.shape=(87, 34)
[ 2020-01-13 00:35:43,600][cascade_classifier.transform] X_groups_test.shape=[(87, 28)]
[ 2020-01-13 00:35:43,600][cascade_classifier.transform] group_dims=[28]
[ 2020-01-13 00:35:43,600][cascade_classifier.transform] X_test.shape=(87, 28)
[ 2020-01-13 00:35:43,600][cascade_classifier.transform] [layer=0] look_indexs=[0], X_cur_test.shape=(87, 28)
[ 2020-01-13 00:35:45,584][cascade_classifier.transform] [layer=1] look_indexs=[0], X_cur_test.shape=(87, 34)
[ 2020-01-13 00:35:47,557][cascade_classifier.transform] [layer=2] look_indexs=[0], X_cur_test.shape=(87, 34)
[ 2020-01-13 00:35:49,541][cascade_classifier.transform] [layer=3] look_indexs=[0], X_cur_test.shape=(87, 34)
[ 2020-01-13 00:36:23,497][cascade_classifier.fit_transform] X_groups_train.shape=[(774, 28)],y_train.shape=(774,),X_groups_test.shape=[(87, 28)],y_test.shape=(87,)
[ 2020-01-13 00:36:23,497][cascade_classifier.fit_transform] group_dims=[28]
[ 2020-01-13 00:36:23,497][cascade_classifier.fit_transform] group_starts=[0]
[ 2020-01-13 00:36:23,497][cascade_classifier.fit_transform] group_ends=[28]
[ 2020-01-13 00:36:23,497][cascade_classifier.fit_transform] X_train.shape=(774, 28),X_test.shape=(87, 28)
[ 2020-01-13 00:36:23,497][cascade_classifier.fit_transform] [layer=0] look_indexs=[0], X_cur_train.shape=(774, 28), X_cur_test.shape=(87, 28)
[ 2020-01-13 00:36:25,528][kfold_wrapper.log_eval_metrics] Accuracy(layer_0 - estimator_0 - 3_folds.train_0.predict)=83.78%
[ 2020-01-13 00:36:27,872][kfold_wrapper.log_eval_metrics] Accuracy(layer_0 - estimator_0 - 3_folds.train_1.predict)=79.07%
[ 2020-01-13 00:36:30,205][kfold_wrapper.log_eval_metrics] Accuracy(layer_0 - estimator_0 - 3_folds.train_2.predict)=84.82%
[ 2020-01-13 00:36:30,533][kfold_wrapper.log_eval_metrics] Accuracy(layer_0 - estimator_0 - 3_folds.train_cv.predict)=82.56%
[ 2020-01-13 00:36:30,533][kfold_wrapper.log_eval_metrics] Accuracy(layer_0 - estimator_0 - 3_folds.test.predict)=87.36%
[ 2020-01-13 00:36:32,629][kfold_wrapper.log_eval_metrics] Accuracy(layer_0 - estimator_1 - 3_folds.train_0.predict)=80.31%
[ 2020-01-13 00:36:34,989][kfold_wrapper.log_eval_metrics] Accuracy(layer_0 - estimator_1 - 3_folds.train_1.predict)=84.50%
[ 2020-01-13 00:36:37,333][kfold_wrapper.log_eval_metrics] Accuracy(layer_0 - estimator_1 - 3_folds.train_2.predict)=80.54%
[ 2020-01-13 00:36:37,661][kfold_wrapper.log_eval_metrics] Accuracy(layer_0 - estimator_1 - 3_folds.train_cv.predict)=81.78%
[ 2020-01-13 00:36:37,661][kfold_wrapper.log_eval_metrics] Accuracy(layer_0 - estimator_1 - 3_folds.test.predict)=87.36%
[ 2020-01-13 00:36:38,051][kfold_wrapper.log_eval_metrics] Accuracy(layer_0 - estimator_2 - 3_folds.train_0.predict)=84.17%
[ 2020-01-13 00:36:38,442][kfold_wrapper.log_eval_metrics] Accuracy(layer_0 - estimator_2 - 3_folds.train_1.predict)=80.62%
[ 2020-01-13 00:36:38,801][kfold_wrapper.log_eval_metrics] Accuracy(layer_0 - estimator_2 - 3_folds.train_2.predict)=79.77%
[ 2020-01-13 00:36:38,801][kfold_wrapper.log_eval_metrics] Accuracy(layer_0 - estimator_2 - 3_folds.train_cv.predict)=81.52%
[ 2020-01-13 00:36:38,801][kfold_wrapper.log_eval_metrics] Accuracy(layer_0 - estimator_2 - 3_folds.test.predict)=83.91%
[ 2020-01-13 00:36:38,801][cascade_classifier.calc_accuracy] Accuracy(layer_0 - train.classifier_average)=82.43%
[ 2020-01-13 00:36:38,801][cascade_classifier.calc_accuracy] Accuracy(layer_0 - test.classifier_average)=86.21%
[ 2020-01-13 00:36:38,801][cascade_classifier.fit_transform] [layer=1] look_indexs=[0], X_cur_train.shape=(774, 34), X_cur_test.shape=(87, 34)
[ 2020-01-13 00:36:40,834][kfold_wrapper.log_eval_metrics] Accuracy(layer_1 - estimator_0 - 3_folds.train_0.predict)=84.17%
[ 2020-01-13 00:36:43,178][kfold_wrapper.log_eval_metrics] Accuracy(layer_1 - estimator_0 - 3_folds.train_1.predict)=82.17%
[ 2020-01-13 00:36:45,522][kfold_wrapper.log_eval_metrics] Accuracy(layer_1 - estimator_0 - 3_folds.train_2.predict)=77.04%
[ 2020-01-13 00:36:45,865][kfold_wrapper.log_eval_metrics] Accuracy(layer_1 - estimator_0 - 3_folds.train_cv.predict)=81.14%
[ 2020-01-13 00:36:45,865][kfold_wrapper.log_eval_metrics] Accuracy(layer_1 - estimator_0 - 3_folds.test.predict)=87.36%
[ 2020-01-13 00:36:47,881][kfold_wrapper.log_eval_metrics] Accuracy(layer_1 - estimator_1 - 3_folds.train_0.predict)=81.85%
[ 2020-01-13 00:36:50,225][kfold_wrapper.log_eval_metrics] Accuracy(layer_1 - estimator_1 - 3_folds.train_1.predict)=80.62%
[ 2020-01-13 00:36:52,559][kfold_wrapper.log_eval_metrics] Accuracy(layer_1 - estimator_1 - 3_folds.train_2.predict)=80.54%
[ 2020-01-13 00:36:52,887][kfold_wrapper.log_eval_metrics] Accuracy(layer_1 - estimator_1 - 3_folds.train_cv.predict)=81.01%
[ 2020-01-13 00:36:52,887][kfold_wrapper.log_eval_metrics] Accuracy(layer_1 - estimator_1 - 3_folds.test.predict)=87.36%
[ 2020-01-13 00:36:53,294][kfold_wrapper.log_eval_metrics] Accuracy(layer_1 - estimator_2 - 3_folds.train_0.predict)=79.54%
[ 2020-01-13 00:36:53,700][kfold_wrapper.log_eval_metrics] Accuracy(layer_1 - estimator_2 - 3_folds.train_1.predict)=76.74%
[ 2020-01-13 00:36:54,106][kfold_wrapper.log_eval_metrics] Accuracy(layer_1 - estimator_2 - 3_folds.train_2.predict)=80.93%
[ 2020-01-13 00:36:54,106][kfold_wrapper.log_eval_metrics] Accuracy(layer_1 - estimator_2 - 3_folds.train_cv.predict)=79.07%
[ 2020-01-13 00:36:54,106][kfold_wrapper.log_eval_metrics] Accuracy(layer_1 - estimator_2 - 3_folds.test.predict)=82.76%
[ 2020-01-13 00:36:54,106][cascade_classifier.calc_accuracy] Accuracy(layer_1 - train.classifier_average)=80.49%
[ 2020-01-13 00:36:54,106][cascade_classifier.calc_accuracy] Accuracy(layer_1 - test.classifier_average)=85.06%
[ 2020-01-13 00:36:54,106][cascade_classifier.fit_transform] [layer=2] look_indexs=[0], X_cur_train.shape=(774, 34), X_cur_test.shape=(87, 34)
[ 2020-01-13 00:36:56,153][kfold_wrapper.log_eval_metrics] Accuracy(layer_2 - estimator_0 - 3_folds.train_0.predict)=77.99%
[ 2020-01-13 00:36:58,419][kfold_wrapper.log_eval_metrics] Accuracy(layer_2 - estimator_0 - 3_folds.train_1.predict)=84.11%
[ 2020-01-13 00:37:00,778][kfold_wrapper.log_eval_metrics] Accuracy(layer_2 - estimator_0 - 3_folds.train_2.predict)=82.10%
[ 2020-01-13 00:37:01,106][kfold_wrapper.log_eval_metrics] Accuracy(layer_2 - estimator_0 - 3_folds.train_cv.predict)=81.40%
[ 2020-01-13 00:37:01,106][kfold_wrapper.log_eval_metrics] Accuracy(layer_2 - estimator_0 - 3_folds.test.predict)=87.36%
[ 2020-01-13 00:37:03,141][kfold_wrapper.log_eval_metrics] Accuracy(layer_2 - estimator_1 - 3_folds.train_0.predict)=79.15%
[ 2020-01-13 00:37:05,407][kfold_wrapper.log_eval_metrics] Accuracy(layer_2 - estimator_1 - 3_folds.train_1.predict)=82.17%
[ 2020-01-13 00:37:07,766][kfold_wrapper.log_eval_metrics] Accuracy(layer_2 - estimator_1 - 3_folds.train_2.predict)=81.32%
[ 2020-01-13 00:37:08,094][kfold_wrapper.log_eval_metrics] Accuracy(layer_2 - estimator_1 - 3_folds.train_cv.predict)=80.88%
[ 2020-01-13 00:37:08,094][kfold_wrapper.log_eval_metrics] Accuracy(layer_2 - estimator_1 - 3_folds.test.predict)=87.36%
[ 2020-01-13 00:37:08,500][kfold_wrapper.log_eval_metrics] Accuracy(layer_2 - estimator_2 - 3_folds.train_0.predict)=83.01%
[ 2020-01-13 00:37:08,906][kfold_wrapper.log_eval_metrics] Accuracy(layer_2 - estimator_2 - 3_folds.train_1.predict)=80.23%
[ 2020-01-13 00:37:09,313][kfold_wrapper.log_eval_metrics] Accuracy(layer_2 - estimator_2 - 3_folds.train_2.predict)=80.16%
[ 2020-01-13 00:37:09,313][kfold_wrapper.log_eval_metrics] Accuracy(layer_2 - estimator_2 - 3_folds.train_cv.predict)=81.14%
[ 2020-01-13 00:37:09,313][kfold_wrapper.log_eval_metrics] Accuracy(layer_2 - estimator_2 - 3_folds.test.predict)=89.66%
[ 2020-01-13 00:37:09,313][cascade_classifier.calc_accuracy] Accuracy(layer_2 - train.classifier_average)=81.14%
[ 2020-01-13 00:37:09,313][cascade_classifier.calc_accuracy] Accuracy(layer_2 - test.classifier_average)=87.36%
[ 2020-01-13 00:37:09,313][cascade_classifier.fit_transform] [layer=3] look_indexs=[0], X_cur_train.shape=(774, 34), X_cur_test.shape=(87, 34)
[ 2020-01-13 00:37:11,344][kfold_wrapper.log_eval_metrics] Accuracy(layer_3 - estimator_0 - 3_folds.train_0.predict)=80.31%
[ 2020-01-13 00:37:13,680][kfold_wrapper.log_eval_metrics] Accuracy(layer_3 - estimator_0 - 3_folds.train_1.predict)=81.01%
[ 2020-01-13 00:37:16,040][kfold_wrapper.log_eval_metrics] Accuracy(layer_3 - estimator_0 - 3_folds.train_2.predict)=80.16%
[ 2020-01-13 00:37:16,384][kfold_wrapper.log_eval_metrics] Accuracy(layer_3 - estimator_0 - 3_folds.train_cv.predict)=80.49%
[ 2020-01-13 00:37:16,384][kfold_wrapper.log_eval_metrics] Accuracy(layer_3 - estimator_0 - 3_folds.test.predict)=82.76%
[ 2020-01-13 00:37:18,399][kfold_wrapper.log_eval_metrics] Accuracy(layer_3 - estimator_1 - 3_folds.train_0.predict)=81.85%
[ 2020-01-13 00:37:20,743][kfold_wrapper.log_eval_metrics] Accuracy(layer_3 - estimator_1 - 3_folds.train_1.predict)=82.56%
[ 2020-01-13 00:37:23,087][kfold_wrapper.log_eval_metrics] Accuracy(layer_3 - estimator_1 - 3_folds.train_2.predict)=80.93%
[ 2020-01-13 00:37:23,415][kfold_wrapper.log_eval_metrics] Accuracy(layer_3 - estimator_1 - 3_folds.train_cv.predict)=81.78%
[ 2020-01-13 00:37:23,415][kfold_wrapper.log_eval_metrics] Accuracy(layer_3 - estimator_1 - 3_folds.test.predict)=86.21%
[ 2020-01-13 00:37:23,821][kfold_wrapper.log_eval_metrics] Accuracy(layer_3 - estimator_2 - 3_folds.train_0.predict)=78.76%
[ 2020-01-13 00:37:24,232][kfold_wrapper.log_eval_metrics] Accuracy(layer_3 - estimator_2 - 3_folds.train_1.predict)=81.01%
[ 2020-01-13 00:37:24,639][kfold_wrapper.log_eval_metrics] Accuracy(layer_3 - estimator_2 - 3_folds.train_2.predict)=83.27%
[ 2020-01-13 00:37:24,639][kfold_wrapper.log_eval_metrics] Accuracy(layer_3 - estimator_2 - 3_folds.train_cv.predict)=81.01%
[ 2020-01-13 00:37:24,639][kfold_wrapper.log_eval_metrics] Accuracy(layer_3 - estimator_2 - 3_folds.test.predict)=85.06%
[ 2020-01-13 00:37:24,639][cascade_classifier.calc_accuracy] Accuracy(layer_3 - train.classifier_average)=81.91%
[ 2020-01-13 00:37:24,639][cascade_classifier.calc_accuracy] Accuracy(layer_3 - test.classifier_average)=83.91%
[ 2020-01-13 00:37:24,639][cascade_classifier.fit_transform] [Result][Optimal Level Detected] opt_layer_num=1, accuracy_train=82.43%, accuracy_test=86.21%
[ 2020-01-13 00:37:24,654][cascade_classifier.transform] X_groups_test.shape=[(87, 28)]
[ 2020-01-13 00:37:24,654][cascade_classifier.transform] group_dims=[28]
[ 2020-01-13 00:37:24,654][cascade_classifier.transform] X_test.shape=(87, 28)
[ 2020-01-13 00:37:24,654][cascade_classifier.transform] [layer=0] look_indexs=[0], X_cur_test.shape=(87, 28)
[ 2020-01-13 00:37:26,655][cascade_classifier.transform] X_groups_test.shape=[(87, 28)]
[ 2020-01-13 00:37:26,655][cascade_classifier.transform] group_dims=[28]
[ 2020-01-13 00:37:26,655][cascade_classifier.transform] X_test.shape=(87, 28)
[ 2020-01-13 00:37:26,655][cascade_classifier.transform] [layer=0] look_indexs=[0], X_cur_test.shape=(87, 28)
[ 2020-01-13 00:37:36,705][cascade_classifier.fit_transform] X_groups_train.shape=[(774, 28)],y_train.shape=(774,),X_groups_test.shape=[(87, 28)],y_test.shape=(87,)
[ 2020-01-13 00:37:36,705][cascade_classifier.fit_transform] group_dims=[28]
[ 2020-01-13 00:37:36,705][cascade_classifier.fit_transform] group_starts=[0]
[ 2020-01-13 00:37:36,705][cascade_classifier.fit_transform] group_ends=[28]
[ 2020-01-13 00:37:36,705][cascade_classifier.fit_transform] X_train.shape=(774, 28),X_test.shape=(87, 28)
[ 2020-01-13 00:37:36,705][cascade_classifier.fit_transform] [layer=0] look_indexs=[0], X_cur_train.shape=(774, 28), X_cur_test.shape=(87, 28)
[ 2020-01-13 00:37:38,736][kfold_wrapper.log_eval_metrics] Accuracy(layer_0 - estimator_0 - 3_folds.train_0.predict)=82.63%
[ 2020-01-13 00:37:41,080][kfold_wrapper.log_eval_metrics] Accuracy(layer_0 - estimator_0 - 3_folds.train_1.predict)=81.40%
