[ 2020-03-18 12:50:29,036][fgnet.fit_transform] X_train.shape=(774, 1, 279, 1), y_train.shape=(774,), X_test.shape=(87, 1, 279, 1), y_test.shape=(87,)
[ 2020-03-18 12:50:29,036][fg_win_layer.fit_transform] [data][win1/1x100], bottoms=['X', 'y'], tops=['win1/1x100/ets', 'win1/1x100/rf']
[ 2020-03-18 12:50:29,036][fg_win_layer.fit_transform] [progress][win1/1x100] ti=0/2, top_name=win1/1x100/ets
[ 2020-03-18 12:50:29,036][fg_win_layer.fit_transform] [data][win1/1x100,train] bottoms.shape=774x1x279x1,774
[ 2020-03-18 12:50:29,036][win_utils.get_windows] get_windows_start: X.shape=(774, 1, 279, 1), X_win.shape=(100, 139320), nw=1.0, nh=180.0, c=1, win_x=1, win_y=100, stride_x=1, stride_y=1
[ 2020-03-18 12:50:29,162][win_utils.get_windows] get_windows_end
[ 2020-03-18 12:50:29,163][fg_win_layer.fit_transform] [data][win1/1x100,test] bottoms.shape=87x1x279x1,87
[ 2020-03-18 12:50:29,164][win_utils.get_windows] get_windows_start: X.shape=(87, 1, 279, 1), X_win.shape=(100, 15660), nw=1.0, nh=180.0, c=1, win_x=1, win_y=100, stride_x=1, stride_y=1
[ 2020-03-18 12:50:29,277][win_utils.get_windows] get_windows_end
[ 2020-03-18 12:50:33,533][kfold_wrapper.log_eval_metrics] Accuracy(win1/1x100/ets/3_folds.train_0.predict)=71.39%
[ 2020-03-18 12:50:33,533][kfold_wrapper.log_eval_metrics] Accuracy(win1/1x100/ets/3_folds.train_0.avg)=77.61%
[ 2020-03-18 12:50:38,338][kfold_wrapper.log_eval_metrics] Accuracy(win1/1x100/ets/3_folds.train_1.predict)=70.66%
[ 2020-03-18 12:50:38,346][kfold_wrapper.log_eval_metrics] Accuracy(win1/1x100/ets/3_folds.train_1.avg)=73.26%
[ 2020-03-18 12:50:43,502][kfold_wrapper.log_eval_metrics] Accuracy(win1/1x100/ets/3_folds.train_2.predict)=73.12%
[ 2020-03-18 12:50:43,502][kfold_wrapper.log_eval_metrics] Accuracy(win1/1x100/ets/3_folds.train_2.avg)=77.04%
[ 2020-03-18 12:50:43,627][kfold_wrapper.log_eval_metrics] Accuracy(win1/1x100/ets/3_folds.train_cv.predict)=71.72%
[ 2020-03-18 12:50:43,627][kfold_wrapper.log_eval_metrics] Accuracy(win1/1x100/ets/3_folds.train_cv.avg)=75.97%
[ 2020-03-18 12:50:43,627][kfold_wrapper.log_eval_metrics] Accuracy(win1/1x100/ets/3_folds.test.predict)=82.80%
[ 2020-03-18 12:50:43,627][kfold_wrapper.log_eval_metrics] Accuracy(win1/1x100/ets/3_folds.test.avg)=87.36%
[ 2020-03-18 12:50:43,627][fg_win_layer.fit_transform] [data][win1/1x100,train] tops[0].shape=(774, 2, 180, 1)
[ 2020-03-18 12:50:43,643][fg_win_layer.fit_transform] [data][win1/1x100,test] tops[0].shape=(87, 2, 180, 1)
[ 2020-03-18 12:50:43,643][fg_win_layer.fit_transform] [progress][win1/1x100] ti=1/2, top_name=win1/1x100/rf
