[ 2020-01-02 06:32:50,163][cascade_classifier.fit_transform] X_groups_train.shape=[(774, 358)],y_train.shape=(774,),X_groups_test.shape=[(87, 358)],y_test.shape=(87,)
[ 2020-01-02 06:32:50,164][cascade_classifier.fit_transform] group_dims=[358]
[ 2020-01-02 06:32:50,165][cascade_classifier.fit_transform] group_starts=[0]
[ 2020-01-02 06:32:50,165][cascade_classifier.fit_transform] group_ends=[358]
[ 2020-01-02 06:32:50,165][cascade_classifier.fit_transform] X_train.shape=(774, 358),X_test.shape=(87, 358)
[ 2020-01-02 06:32:50,168][cascade_classifier.fit_transform] [layer=0] look_indexs=[0], X_cur_train.shape=(774, 358), X_cur_test.shape=(87, 358)
[ 2020-01-02 06:32:51,731][kfold_wrapper.log_eval_metrics] Accuracy(layer_0 - estimator_0 - 3_folds.train_0.predict)=84.11%
[ 2020-01-02 06:32:53,406][kfold_wrapper.log_eval_metrics] Accuracy(layer_0 - estimator_0 - 3_folds.train_1.predict)=77.52%
[ 2020-01-02 06:32:55,056][kfold_wrapper.log_eval_metrics] Accuracy(layer_0 - estimator_0 - 3_folds.train_2.predict)=83.72%
[ 2020-01-02 06:32:55,265][kfold_wrapper.log_eval_metrics] Accuracy(layer_0 - estimator_0 - 3_folds.train_cv.predict)=81.78%
[ 2020-01-02 06:32:55,266][kfold_wrapper.log_eval_metrics] Accuracy(layer_0 - estimator_0 - 3_folds.test.predict)=83.91%
[ 2020-01-02 06:32:56,570][kfold_wrapper.log_eval_metrics] Accuracy(layer_0 - estimator_1 - 3_folds.train_0.predict)=83.72%
[ 2020-01-02 06:32:58,105][kfold_wrapper.log_eval_metrics] Accuracy(layer_0 - estimator_1 - 3_folds.train_1.predict)=82.17%
[ 2020-01-02 06:32:59,611][kfold_wrapper.log_eval_metrics] Accuracy(layer_0 - estimator_1 - 3_folds.train_2.predict)=79.46%
[ 2020-01-02 06:32:59,820][kfold_wrapper.log_eval_metrics] Accuracy(layer_0 - estimator_1 - 3_folds.train_cv.predict)=81.78%
[ 2020-01-02 06:32:59,820][kfold_wrapper.log_eval_metrics] Accuracy(layer_0 - estimator_1 - 3_folds.test.predict)=86.21%
[ 2020-01-02 06:33:00,168][kfold_wrapper.log_eval_metrics] Accuracy(layer_0 - estimator_2 - 3_folds.train_0.predict)=79.07%
[ 2020-01-02 06:33:00,471][kfold_wrapper.log_eval_metrics] Accuracy(layer_0 - estimator_2 - 3_folds.train_1.predict)=84.50%
[ 2020-01-02 06:33:00,772][kfold_wrapper.log_eval_metrics] Accuracy(layer_0 - estimator_2 - 3_folds.train_2.predict)=82.95%
[ 2020-01-02 06:33:00,774][kfold_wrapper.log_eval_metrics] Accuracy(layer_0 - estimator_2 - 3_folds.train_cv.predict)=82.17%
[ 2020-01-02 06:33:00,774][kfold_wrapper.log_eval_metrics] Accuracy(layer_0 - estimator_2 - 3_folds.test.predict)=85.06%
[ 2020-01-02 06:33:00,774][cascade_classifier.calc_accuracy] Accuracy(layer_0 - train.classifier_average)=83.20%
[ 2020-01-02 06:33:00,774][cascade_classifier.calc_accuracy] Accuracy(layer_0 - test.classifier_average)=85.06%
[ 2020-01-02 06:33:00,776][cascade_classifier.fit_transform] [layer=1] look_indexs=[0], X_cur_train.shape=(774, 364), X_cur_test.shape=(87, 364)
