[ 2020-01-13 00:08:14,677][cascade_classifier.fit_transform] X_groups_train.shape=[(774, 28)],y_train.shape=(774,),X_groups_test.shape=[(87, 28)],y_test.shape=(87,)
[ 2020-01-13 00:08:14,677][cascade_classifier.fit_transform] group_dims=[28]
[ 2020-01-13 00:08:14,677][cascade_classifier.fit_transform] group_starts=[0]
[ 2020-01-13 00:08:14,677][cascade_classifier.fit_transform] group_ends=[28]
[ 2020-01-13 00:08:14,677][cascade_classifier.fit_transform] X_train.shape=(774, 28),X_test.shape=(87, 28)
[ 2020-01-13 00:08:14,677][cascade_classifier.fit_transform] [layer=0] look_indexs=[0], X_cur_train.shape=(774, 28), X_cur_test.shape=(87, 28)
[ 2020-01-13 00:08:18,615][kfold_wrapper.log_eval_metrics] Accuracy(layer_0 - estimator_0 - 3_folds.train_0.predict)=81.08%
[ 2020-01-13 00:08:22,944][kfold_wrapper.log_eval_metrics] Accuracy(layer_0 - estimator_0 - 3_folds.train_1.predict)=84.50%
[ 2020-01-13 00:08:27,272][kfold_wrapper.log_eval_metrics] Accuracy(layer_0 - estimator_0 - 3_folds.train_2.predict)=81.71%
[ 2020-01-13 00:08:27,819][kfold_wrapper.log_eval_metrics] Accuracy(layer_0 - estimator_0 - 3_folds.train_cv.predict)=82.43%
[ 2020-01-13 00:08:27,819][kfold_wrapper.log_eval_metrics] Accuracy(layer_0 - estimator_0 - 3_folds.test.predict)=83.91%
[ 2020-01-13 00:08:31,601][kfold_wrapper.log_eval_metrics] Accuracy(layer_0 - estimator_1 - 3_folds.train_0.predict)=83.01%
[ 2020-01-13 00:08:35,929][kfold_wrapper.log_eval_metrics] Accuracy(layer_0 - estimator_1 - 3_folds.train_1.predict)=82.56%
[ 2020-01-13 00:08:40,273][kfold_wrapper.log_eval_metrics] Accuracy(layer_0 - estimator_1 - 3_folds.train_2.predict)=83.27%
[ 2020-01-13 00:08:40,820][kfold_wrapper.log_eval_metrics] Accuracy(layer_0 - estimator_1 - 3_folds.train_cv.predict)=82.95%
[ 2020-01-13 00:08:40,820][kfold_wrapper.log_eval_metrics] Accuracy(layer_0 - estimator_1 - 3_folds.test.predict)=85.06%
[ 2020-01-13 00:08:41,554][kfold_wrapper.log_eval_metrics] Accuracy(layer_0 - estimator_2 - 3_folds.train_0.predict)=82.24%
[ 2020-01-13 00:08:42,288][kfold_wrapper.log_eval_metrics] Accuracy(layer_0 - estimator_2 - 3_folds.train_1.predict)=84.88%
[ 2020-01-13 00:08:43,007][kfold_wrapper.log_eval_metrics] Accuracy(layer_0 - estimator_2 - 3_folds.train_2.predict)=77.82%
[ 2020-01-13 00:08:43,007][kfold_wrapper.log_eval_metrics] Accuracy(layer_0 - estimator_2 - 3_folds.train_cv.predict)=81.65%
[ 2020-01-13 00:08:43,007][kfold_wrapper.log_eval_metrics] Accuracy(layer_0 - estimator_2 - 3_folds.test.predict)=83.91%
[ 2020-01-13 00:08:43,007][cascade_classifier.calc_accuracy] Accuracy(layer_0 - train.classifier_average)=82.69%
[ 2020-01-13 00:08:43,007][cascade_classifier.calc_accuracy] Accuracy(layer_0 - test.classifier_average)=85.06%
[ 2020-01-13 00:08:43,007][cascade_classifier.fit_transform] [layer=1] look_indexs=[0], X_cur_train.shape=(774, 34), X_cur_test.shape=(87, 34)
[ 2020-01-13 00:08:46,822][kfold_wrapper.log_eval_metrics] Accuracy(layer_1 - estimator_0 - 3_folds.train_0.predict)=80.69%
[ 2020-01-13 00:08:51,150][kfold_wrapper.log_eval_metrics] Accuracy(layer_1 - estimator_0 - 3_folds.train_1.predict)=81.01%
[ 2020-01-13 00:08:55,495][kfold_wrapper.log_eval_metrics] Accuracy(layer_1 - estimator_0 - 3_folds.train_2.predict)=83.27%
[ 2020-01-13 00:08:56,042][kfold_wrapper.log_eval_metrics] Accuracy(layer_1 - estimator_0 - 3_folds.train_cv.predict)=81.65%
[ 2020-01-13 00:08:56,042][kfold_wrapper.log_eval_metrics] Accuracy(layer_1 - estimator_0 - 3_folds.test.predict)=85.06%
[ 2020-01-13 00:08:59,823][kfold_wrapper.log_eval_metrics] Accuracy(layer_1 - estimator_1 - 3_folds.train_0.predict)=79.92%
[ 2020-01-13 00:09:04,151][kfold_wrapper.log_eval_metrics] Accuracy(layer_1 - estimator_1 - 3_folds.train_1.predict)=80.62%
[ 2020-01-13 00:09:08,480][kfold_wrapper.log_eval_metrics] Accuracy(layer_1 - estimator_1 - 3_folds.train_2.predict)=83.66%
[ 2020-01-13 00:09:09,027][kfold_wrapper.log_eval_metrics] Accuracy(layer_1 - estimator_1 - 3_folds.train_cv.predict)=81.40%
[ 2020-01-13 00:09:09,027][kfold_wrapper.log_eval_metrics] Accuracy(layer_1 - estimator_1 - 3_folds.test.predict)=85.06%
[ 2020-01-13 00:09:09,761][kfold_wrapper.log_eval_metrics] Accuracy(layer_1 - estimator_2 - 3_folds.train_0.predict)=83.01%
[ 2020-01-13 00:09:10,496][kfold_wrapper.log_eval_metrics] Accuracy(layer_1 - estimator_2 - 3_folds.train_1.predict)=82.56%
[ 2020-01-13 00:09:11,245][kfold_wrapper.log_eval_metrics] Accuracy(layer_1 - estimator_2 - 3_folds.train_2.predict)=81.71%
[ 2020-01-13 00:09:11,245][kfold_wrapper.log_eval_metrics] Accuracy(layer_1 - estimator_2 - 3_folds.train_cv.predict)=82.43%
[ 2020-01-13 00:09:11,245][kfold_wrapper.log_eval_metrics] Accuracy(layer_1 - estimator_2 - 3_folds.test.predict)=85.06%
[ 2020-01-13 00:09:11,245][cascade_classifier.calc_accuracy] Accuracy(layer_1 - train.classifier_average)=82.56%
[ 2020-01-13 00:09:11,245][cascade_classifier.calc_accuracy] Accuracy(layer_1 - test.classifier_average)=83.91%
[ 2020-01-13 00:09:11,245][cascade_classifier.fit_transform] [layer=2] look_indexs=[0], X_cur_train.shape=(774, 34), X_cur_test.shape=(87, 34)
[ 2020-01-13 00:09:15,043][kfold_wrapper.log_eval_metrics] Accuracy(layer_2 - estimator_0 - 3_folds.train_0.predict)=83.01%
[ 2020-01-13 00:09:19,371][kfold_wrapper.log_eval_metrics] Accuracy(layer_2 - estimator_0 - 3_folds.train_1.predict)=81.40%
[ 2020-01-13 00:09:23,700][kfold_wrapper.log_eval_metrics] Accuracy(layer_2 - estimator_0 - 3_folds.train_2.predict)=84.05%
[ 2020-01-13 00:09:24,246][kfold_wrapper.log_eval_metrics] Accuracy(layer_2 - estimator_0 - 3_folds.train_cv.predict)=82.82%
[ 2020-01-13 00:09:24,246][kfold_wrapper.log_eval_metrics] Accuracy(layer_2 - estimator_0 - 3_folds.test.predict)=83.91%
[ 2020-01-13 00:09:28,043][kfold_wrapper.log_eval_metrics] Accuracy(layer_2 - estimator_1 - 3_folds.train_0.predict)=83.01%
[ 2020-01-13 00:09:32,466][kfold_wrapper.log_eval_metrics] Accuracy(layer_2 - estimator_1 - 3_folds.train_1.predict)=80.23%
[ 2020-01-13 00:09:36,825][kfold_wrapper.log_eval_metrics] Accuracy(layer_2 - estimator_1 - 3_folds.train_2.predict)=80.54%
[ 2020-01-13 00:09:37,372][kfold_wrapper.log_eval_metrics] Accuracy(layer_2 - estimator_1 - 3_folds.train_cv.predict)=81.27%
[ 2020-01-13 00:09:37,372][kfold_wrapper.log_eval_metrics] Accuracy(layer_2 - estimator_1 - 3_folds.test.predict)=82.76%
[ 2020-01-13 00:09:38,122][kfold_wrapper.log_eval_metrics] Accuracy(layer_2 - estimator_2 - 3_folds.train_0.predict)=85.71%
[ 2020-01-13 00:09:38,872][kfold_wrapper.log_eval_metrics] Accuracy(layer_2 - estimator_2 - 3_folds.train_1.predict)=79.46%
[ 2020-01-13 00:09:39,622][kfold_wrapper.log_eval_metrics] Accuracy(layer_2 - estimator_2 - 3_folds.train_2.predict)=81.32%
[ 2020-01-13 00:09:39,622][kfold_wrapper.log_eval_metrics] Accuracy(layer_2 - estimator_2 - 3_folds.train_cv.predict)=82.17%
[ 2020-01-13 00:09:39,622][kfold_wrapper.log_eval_metrics] Accuracy(layer_2 - estimator_2 - 3_folds.test.predict)=83.91%
[ 2020-01-13 00:09:39,622][cascade_classifier.calc_accuracy] Accuracy(layer_2 - train.classifier_average)=82.30%
[ 2020-01-13 00:09:39,622][cascade_classifier.calc_accuracy] Accuracy(layer_2 - test.classifier_average)=83.91%
[ 2020-01-13 00:09:39,622][cascade_classifier.fit_transform] [layer=3] look_indexs=[0], X_cur_train.shape=(774, 34), X_cur_test.shape=(87, 34)
[ 2020-01-13 00:09:43,420][kfold_wrapper.log_eval_metrics] Accuracy(layer_3 - estimator_0 - 3_folds.train_0.predict)=81.47%
[ 2020-01-13 00:09:47,748][kfold_wrapper.log_eval_metrics] Accuracy(layer_3 - estimator_0 - 3_folds.train_1.predict)=81.40%
[ 2020-01-13 00:09:52,076][kfold_wrapper.log_eval_metrics] Accuracy(layer_3 - estimator_0 - 3_folds.train_2.predict)=82.88%
[ 2020-01-13 00:09:52,623][kfold_wrapper.log_eval_metrics] Accuracy(layer_3 - estimator_0 - 3_folds.train_cv.predict)=81.91%
[ 2020-01-13 00:09:52,623][kfold_wrapper.log_eval_metrics] Accuracy(layer_3 - estimator_0 - 3_folds.test.predict)=83.91%
[ 2020-01-13 00:09:56,421][kfold_wrapper.log_eval_metrics] Accuracy(layer_3 - estimator_1 - 3_folds.train_0.predict)=84.56%
[ 2020-01-13 00:10:00,749][kfold_wrapper.log_eval_metrics] Accuracy(layer_3 - estimator_1 - 3_folds.train_1.predict)=80.23%
[ 2020-01-13 00:10:05,077][kfold_wrapper.log_eval_metrics] Accuracy(layer_3 - estimator_1 - 3_folds.train_2.predict)=80.54%
[ 2020-01-13 00:10:05,624][kfold_wrapper.log_eval_metrics] Accuracy(layer_3 - estimator_1 - 3_folds.train_cv.predict)=81.78%
[ 2020-01-13 00:10:05,624][kfold_wrapper.log_eval_metrics] Accuracy(layer_3 - estimator_1 - 3_folds.test.predict)=83.91%
[ 2020-01-13 00:10:06,374][kfold_wrapper.log_eval_metrics] Accuracy(layer_3 - estimator_2 - 3_folds.train_0.predict)=81.47%
[ 2020-01-13 00:10:07,093][kfold_wrapper.log_eval_metrics] Accuracy(layer_3 - estimator_2 - 3_folds.train_1.predict)=80.23%
[ 2020-01-13 00:10:07,843][kfold_wrapper.log_eval_metrics] Accuracy(layer_3 - estimator_2 - 3_folds.train_2.predict)=85.60%
[ 2020-01-13 00:10:07,859][kfold_wrapper.log_eval_metrics] Accuracy(layer_3 - estimator_2 - 3_folds.train_cv.predict)=82.43%
[ 2020-01-13 00:10:07,859][kfold_wrapper.log_eval_metrics] Accuracy(layer_3 - estimator_2 - 3_folds.test.predict)=81.61%
[ 2020-01-13 00:10:07,859][cascade_classifier.calc_accuracy] Accuracy(layer_3 - train.classifier_average)=82.82%
[ 2020-01-13 00:10:07,859][cascade_classifier.calc_accuracy] Accuracy(layer_3 - test.classifier_average)=82.76%
[ 2020-01-13 00:10:07,859][cascade_classifier.fit_transform] [layer=4] look_indexs=[0], X_cur_train.shape=(774, 34), X_cur_test.shape=(87, 34)
[ 2020-01-13 00:10:11,652][kfold_wrapper.log_eval_metrics] Accuracy(layer_4 - estimator_0 - 3_folds.train_0.predict)=79.92%
[ 2020-01-13 00:10:15,982][kfold_wrapper.log_eval_metrics] Accuracy(layer_4 - estimator_0 - 3_folds.train_1.predict)=78.68%
[ 2020-01-13 00:10:20,327][kfold_wrapper.log_eval_metrics] Accuracy(layer_4 - estimator_0 - 3_folds.train_2.predict)=85.60%
[ 2020-01-13 00:10:20,874][kfold_wrapper.log_eval_metrics] Accuracy(layer_4 - estimator_0 - 3_folds.train_cv.predict)=81.40%
[ 2020-01-13 00:10:20,874][kfold_wrapper.log_eval_metrics] Accuracy(layer_4 - estimator_0 - 3_folds.test.predict)=83.91%
[ 2020-01-13 00:10:24,841][kfold_wrapper.log_eval_metrics] Accuracy(layer_4 - estimator_1 - 3_folds.train_0.predict)=83.01%
[ 2020-01-13 00:10:29,216][kfold_wrapper.log_eval_metrics] Accuracy(layer_4 - estimator_1 - 3_folds.train_1.predict)=84.88%
[ 2020-01-13 00:10:33,544][kfold_wrapper.log_eval_metrics] Accuracy(layer_4 - estimator_1 - 3_folds.train_2.predict)=78.99%
[ 2020-01-13 00:10:34,091][kfold_wrapper.log_eval_metrics] Accuracy(layer_4 - estimator_1 - 3_folds.train_cv.predict)=82.30%
[ 2020-01-13 00:10:34,091][kfold_wrapper.log_eval_metrics] Accuracy(layer_4 - estimator_1 - 3_folds.test.predict)=83.91%
[ 2020-01-13 00:10:34,841][kfold_wrapper.log_eval_metrics] Accuracy(layer_4 - estimator_2 - 3_folds.train_0.predict)=78.38%
[ 2020-01-13 00:10:35,585][kfold_wrapper.log_eval_metrics] Accuracy(layer_4 - estimator_2 - 3_folds.train_1.predict)=82.95%
[ 2020-01-13 00:10:36,351][kfold_wrapper.log_eval_metrics] Accuracy(layer_4 - estimator_2 - 3_folds.train_2.predict)=82.10%
[ 2020-01-13 00:10:36,351][kfold_wrapper.log_eval_metrics] Accuracy(layer_4 - estimator_2 - 3_folds.train_cv.predict)=81.14%
[ 2020-01-13 00:10:36,351][kfold_wrapper.log_eval_metrics] Accuracy(layer_4 - estimator_2 - 3_folds.test.predict)=82.76%
[ 2020-01-13 00:10:36,351][cascade_classifier.calc_accuracy] Accuracy(layer_4 - train.classifier_average)=81.91%
[ 2020-01-13 00:10:36,351][cascade_classifier.calc_accuracy] Accuracy(layer_4 - test.classifier_average)=83.91%
[ 2020-01-13 00:10:36,351][cascade_classifier.fit_transform] [layer=5] look_indexs=[0], X_cur_train.shape=(774, 34), X_cur_test.shape=(87, 34)
[ 2020-01-13 00:10:40,148][kfold_wrapper.log_eval_metrics] Accuracy(layer_5 - estimator_0 - 3_folds.train_0.predict)=83.78%
[ 2020-01-13 00:10:44,477][kfold_wrapper.log_eval_metrics] Accuracy(layer_5 - estimator_0 - 3_folds.train_1.predict)=81.40%
[ 2020-01-13 00:10:48,809][kfold_wrapper.log_eval_metrics] Accuracy(layer_5 - estimator_0 - 3_folds.train_2.predict)=78.21%
[ 2020-01-13 00:10:49,356][kfold_wrapper.log_eval_metrics] Accuracy(layer_5 - estimator_0 - 3_folds.train_cv.predict)=81.14%
[ 2020-01-13 00:10:49,356][kfold_wrapper.log_eval_metrics] Accuracy(layer_5 - estimator_0 - 3_folds.test.predict)=82.76%
[ 2020-01-13 00:10:53,153][kfold_wrapper.log_eval_metrics] Accuracy(layer_5 - estimator_1 - 3_folds.train_0.predict)=81.47%
[ 2020-01-13 00:10:57,480][kfold_wrapper.log_eval_metrics] Accuracy(layer_5 - estimator_1 - 3_folds.train_1.predict)=79.46%
[ 2020-01-13 00:11:01,809][kfold_wrapper.log_eval_metrics] Accuracy(layer_5 - estimator_1 - 3_folds.train_2.predict)=82.10%
[ 2020-01-13 00:11:02,356][kfold_wrapper.log_eval_metrics] Accuracy(layer_5 - estimator_1 - 3_folds.train_cv.predict)=81.01%
[ 2020-01-13 00:11:02,356][kfold_wrapper.log_eval_metrics] Accuracy(layer_5 - estimator_1 - 3_folds.test.predict)=82.76%
[ 2020-01-13 00:11:03,090][kfold_wrapper.log_eval_metrics] Accuracy(layer_5 - estimator_2 - 3_folds.train_0.predict)=81.85%
[ 2020-01-13 00:11:03,824][kfold_wrapper.log_eval_metrics] Accuracy(layer_5 - estimator_2 - 3_folds.train_1.predict)=79.84%
[ 2020-01-13 00:11:04,590][kfold_wrapper.log_eval_metrics] Accuracy(layer_5 - estimator_2 - 3_folds.train_2.predict)=81.32%
[ 2020-01-13 00:11:04,590][kfold_wrapper.log_eval_metrics] Accuracy(layer_5 - estimator_2 - 3_folds.train_cv.predict)=81.01%
[ 2020-01-13 00:11:04,590][kfold_wrapper.log_eval_metrics] Accuracy(layer_5 - estimator_2 - 3_folds.test.predict)=80.46%
[ 2020-01-13 00:11:04,590][cascade_classifier.calc_accuracy] Accuracy(layer_5 - train.classifier_average)=82.04%
[ 2020-01-13 00:11:04,590][cascade_classifier.calc_accuracy] Accuracy(layer_5 - test.classifier_average)=82.76%
[ 2020-01-13 00:11:04,590][cascade_classifier.fit_transform] [layer=6] look_indexs=[0], X_cur_train.shape=(774, 34), X_cur_test.shape=(87, 34)
[ 2020-01-13 00:11:08,421][kfold_wrapper.log_eval_metrics] Accuracy(layer_6 - estimator_0 - 3_folds.train_0.predict)=79.54%
[ 2020-01-13 00:11:12,765][kfold_wrapper.log_eval_metrics] Accuracy(layer_6 - estimator_0 - 3_folds.train_1.predict)=84.11%
[ 2020-01-13 00:11:17,109][kfold_wrapper.log_eval_metrics] Accuracy(layer_6 - estimator_0 - 3_folds.train_2.predict)=80.93%
[ 2020-01-13 00:11:17,672][kfold_wrapper.log_eval_metrics] Accuracy(layer_6 - estimator_0 - 3_folds.train_cv.predict)=81.52%
[ 2020-01-13 00:11:17,672][kfold_wrapper.log_eval_metrics] Accuracy(layer_6 - estimator_0 - 3_folds.test.predict)=82.76%
[ 2020-01-13 00:11:21,535][kfold_wrapper.log_eval_metrics] Accuracy(layer_6 - estimator_1 - 3_folds.train_0.predict)=83.01%
[ 2020-01-13 00:11:25,863][kfold_wrapper.log_eval_metrics] Accuracy(layer_6 - estimator_1 - 3_folds.train_1.predict)=83.72%
[ 2020-01-13 00:11:30,186][kfold_wrapper.log_eval_metrics] Accuracy(layer_6 - estimator_1 - 3_folds.train_2.predict)=80.54%
[ 2020-01-13 00:11:30,737][kfold_wrapper.log_eval_metrics] Accuracy(layer_6 - estimator_1 - 3_folds.train_cv.predict)=82.43%
[ 2020-01-13 00:11:30,737][kfold_wrapper.log_eval_metrics] Accuracy(layer_6 - estimator_1 - 3_folds.test.predict)=81.61%
[ 2020-01-13 00:11:31,487][kfold_wrapper.log_eval_metrics] Accuracy(layer_6 - estimator_2 - 3_folds.train_0.predict)=82.63%
[ 2020-01-13 00:11:32,206][kfold_wrapper.log_eval_metrics] Accuracy(layer_6 - estimator_2 - 3_folds.train_1.predict)=82.95%
[ 2020-01-13 00:11:32,925][kfold_wrapper.log_eval_metrics] Accuracy(layer_6 - estimator_2 - 3_folds.train_2.predict)=76.26%
[ 2020-01-13 00:11:32,925][kfold_wrapper.log_eval_metrics] Accuracy(layer_6 - estimator_2 - 3_folds.train_cv.predict)=80.62%
[ 2020-01-13 00:11:32,925][kfold_wrapper.log_eval_metrics] Accuracy(layer_6 - estimator_2 - 3_folds.test.predict)=81.61%
[ 2020-01-13 00:11:32,925][cascade_classifier.calc_accuracy] Accuracy(layer_6 - train.classifier_average)=81.78%
[ 2020-01-13 00:11:32,925][cascade_classifier.calc_accuracy] Accuracy(layer_6 - test.classifier_average)=82.76%
[ 2020-01-13 00:11:32,925][cascade_classifier.fit_transform] [Result][Optimal Level Detected] opt_layer_num=4, accuracy_train=82.82%, accuracy_test=82.76%
[ 2020-01-13 00:11:32,956][cascade_classifier.transform] X_groups_test.shape=[(87, 28)]
[ 2020-01-13 00:11:32,956][cascade_classifier.transform] group_dims=[28]
[ 2020-01-13 00:11:32,956][cascade_classifier.transform] X_test.shape=(87, 28)
[ 2020-01-13 00:11:32,956][cascade_classifier.transform] [layer=0] look_indexs=[0], X_cur_test.shape=(87, 28)
[ 2020-01-13 00:11:36,253][cascade_classifier.transform] [layer=1] look_indexs=[0], X_cur_test.shape=(87, 34)
[ 2020-01-13 00:11:39,566][cascade_classifier.transform] [layer=2] look_indexs=[0], X_cur_test.shape=(87, 34)
[ 2020-01-13 00:11:42,873][cascade_classifier.transform] [layer=3] look_indexs=[0], X_cur_test.shape=(87, 34)
[ 2020-01-13 00:11:46,186][cascade_classifier.transform] X_groups_test.shape=[(87, 28)]
[ 2020-01-13 00:11:46,186][cascade_classifier.transform] group_dims=[28]
[ 2020-01-13 00:11:46,186][cascade_classifier.transform] X_test.shape=(87, 28)
[ 2020-01-13 00:11:46,186][cascade_classifier.transform] [layer=0] look_indexs=[0], X_cur_test.shape=(87, 28)
[ 2020-01-13 00:11:49,483][cascade_classifier.transform] [layer=1] look_indexs=[0], X_cur_test.shape=(87, 34)
[ 2020-01-13 00:11:52,778][cascade_classifier.transform] [layer=2] look_indexs=[0], X_cur_test.shape=(87, 34)
[ 2020-01-13 00:11:56,122][cascade_classifier.transform] [layer=3] look_indexs=[0], X_cur_test.shape=(87, 34)
