[ 2020-03-16 14:42:47,253][cascade_classifier.fit_transform] X_groups_train.shape=[(774, 279)],y_train.shape=(774,),X_groups_test.shape=[(87, 279)],y_test.shape=(87,)
[ 2020-03-16 14:42:47,253][cascade_classifier.fit_transform] group_dims=[279]
[ 2020-03-16 14:42:47,253][cascade_classifier.fit_transform] group_starts=[0]
[ 2020-03-16 14:42:47,253][cascade_classifier.fit_transform] group_ends=[279]
[ 2020-03-16 14:42:47,253][cascade_classifier.fit_transform] X_train.shape=(774, 279),X_test.shape=(87, 279)
[ 2020-03-16 14:42:47,253][cascade_classifier.fit_transform] [layer=0] look_indexs=[0], X_cur_train.shape=(774, 279), X_cur_test.shape=(87, 279)
[ 2020-03-16 14:42:49,394][kfold_wrapper.log_eval_metrics] Accuracy(layer_0 - estimator_0 - 3_folds.train_0.predict)=82.95%
[ 2020-03-16 14:42:51,894][kfold_wrapper.log_eval_metrics] Accuracy(layer_0 - estimator_0 - 3_folds.train_1.predict)=82.17%
[ 2020-03-16 14:42:54,363][kfold_wrapper.log_eval_metrics] Accuracy(layer_0 - estimator_0 - 3_folds.train_2.predict)=78.29%
[ 2020-03-16 14:42:54,691][kfold_wrapper.log_eval_metrics] Accuracy(layer_0 - estimator_0 - 3_folds.train_cv.predict)=81.14%
[ 2020-03-16 14:42:54,691][kfold_wrapper.log_eval_metrics] Accuracy(layer_0 - estimator_0 - 3_folds.test.predict)=83.91%
[ 2020-03-16 14:42:56,644][kfold_wrapper.log_eval_metrics] Accuracy(layer_0 - estimator_1 - 3_folds.train_0.predict)=82.17%
[ 2020-03-16 14:42:58,957][kfold_wrapper.log_eval_metrics] Accuracy(layer_0 - estimator_1 - 3_folds.train_1.predict)=81.40%
[ 2020-03-16 14:43:01,285][kfold_wrapper.log_eval_metrics] Accuracy(layer_0 - estimator_1 - 3_folds.train_2.predict)=82.17%
[ 2020-03-16 14:43:01,613][kfold_wrapper.log_eval_metrics] Accuracy(layer_0 - estimator_1 - 3_folds.train_cv.predict)=81.91%
[ 2020-03-16 14:43:01,613][kfold_wrapper.log_eval_metrics] Accuracy(layer_0 - estimator_1 - 3_folds.test.predict)=86.21%
[ 2020-03-16 14:43:02,675][kfold_wrapper.log_eval_metrics] Accuracy(layer_0 - estimator_2 - 3_folds.train_0.predict)=82.56%
[ 2020-03-16 14:43:03,660][kfold_wrapper.log_eval_metrics] Accuracy(layer_0 - estimator_2 - 3_folds.train_1.predict)=82.56%
[ 2020-03-16 14:43:04,660][kfold_wrapper.log_eval_metrics] Accuracy(layer_0 - estimator_2 - 3_folds.train_2.predict)=78.68%
[ 2020-03-16 14:43:04,660][kfold_wrapper.log_eval_metrics] Accuracy(layer_0 - estimator_2 - 3_folds.train_cv.predict)=81.27%
[ 2020-03-16 14:43:04,675][kfold_wrapper.log_eval_metrics] Accuracy(layer_0 - estimator_2 - 3_folds.test.predict)=81.61%
[ 2020-03-16 14:43:04,675][cascade_classifier.calc_accuracy] Accuracy(layer_0 - train.classifier_average)=81.78%
[ 2020-03-16 14:43:04,675][cascade_classifier.calc_accuracy] Accuracy(layer_0 - test.classifier_average)=82.76%
[ 2020-03-16 14:43:04,675][cascade_classifier.fit_transform] [layer=1] look_indexs=[0], X_cur_train.shape=(774, 285), X_cur_test.shape=(87, 285)
[ 2020-03-16 14:43:06,707][kfold_wrapper.log_eval_metrics] Accuracy(layer_1 - estimator_0 - 3_folds.train_0.predict)=81.78%
[ 2020-03-16 14:43:09,067][kfold_wrapper.log_eval_metrics] Accuracy(layer_1 - estimator_0 - 3_folds.train_1.predict)=83.33%
[ 2020-03-16 14:43:11,411][kfold_wrapper.log_eval_metrics] Accuracy(layer_1 - estimator_0 - 3_folds.train_2.predict)=82.17%
[ 2020-03-16 14:43:11,739][kfold_wrapper.log_eval_metrics] Accuracy(layer_1 - estimator_0 - 3_folds.train_cv.predict)=82.43%
[ 2020-03-16 14:43:11,739][kfold_wrapper.log_eval_metrics] Accuracy(layer_1 - estimator_0 - 3_folds.test.predict)=81.61%
[ 2020-03-16 14:43:13,708][kfold_wrapper.log_eval_metrics] Accuracy(layer_1 - estimator_1 - 3_folds.train_0.predict)=80.62%
[ 2020-03-16 14:43:15,989][kfold_wrapper.log_eval_metrics] Accuracy(layer_1 - estimator_1 - 3_folds.train_1.predict)=83.72%
[ 2020-03-16 14:43:18,271][kfold_wrapper.log_eval_metrics] Accuracy(layer_1 - estimator_1 - 3_folds.train_2.predict)=82.17%
[ 2020-03-16 14:43:18,599][kfold_wrapper.log_eval_metrics] Accuracy(layer_1 - estimator_1 - 3_folds.train_cv.predict)=82.17%
[ 2020-03-16 14:43:18,599][kfold_wrapper.log_eval_metrics] Accuracy(layer_1 - estimator_1 - 3_folds.test.predict)=82.76%
[ 2020-03-16 14:43:19,598][kfold_wrapper.log_eval_metrics] Accuracy(layer_1 - estimator_2 - 3_folds.train_0.predict)=81.78%
[ 2020-03-16 14:43:20,614][kfold_wrapper.log_eval_metrics] Accuracy(layer_1 - estimator_2 - 3_folds.train_1.predict)=80.23%
[ 2020-03-16 14:43:21,630][kfold_wrapper.log_eval_metrics] Accuracy(layer_1 - estimator_2 - 3_folds.train_2.predict)=82.17%
[ 2020-03-16 14:43:21,630][kfold_wrapper.log_eval_metrics] Accuracy(layer_1 - estimator_2 - 3_folds.train_cv.predict)=81.40%
[ 2020-03-16 14:43:21,630][kfold_wrapper.log_eval_metrics] Accuracy(layer_1 - estimator_2 - 3_folds.test.predict)=78.16%
[ 2020-03-16 14:43:21,630][cascade_classifier.calc_accuracy] Accuracy(layer_1 - train.classifier_average)=82.82%
[ 2020-03-16 14:43:21,630][cascade_classifier.calc_accuracy] Accuracy(layer_1 - test.classifier_average)=80.46%
[ 2020-03-16 14:43:21,630][cascade_classifier.fit_transform] [layer=2] look_indexs=[0], X_cur_train.shape=(774, 285), X_cur_test.shape=(87, 285)
[ 2020-03-16 14:43:23,786][kfold_wrapper.log_eval_metrics] Accuracy(layer_2 - estimator_0 - 3_folds.train_0.predict)=84.11%
[ 2020-03-16 14:43:26,131][kfold_wrapper.log_eval_metrics] Accuracy(layer_2 - estimator_0 - 3_folds.train_1.predict)=83.72%
[ 2020-03-16 14:43:28,584][kfold_wrapper.log_eval_metrics] Accuracy(layer_2 - estimator_0 - 3_folds.train_2.predict)=81.78%
[ 2020-03-16 14:43:28,912][kfold_wrapper.log_eval_metrics] Accuracy(layer_2 - estimator_0 - 3_folds.train_cv.predict)=83.20%
[ 2020-03-16 14:43:28,912][kfold_wrapper.log_eval_metrics] Accuracy(layer_2 - estimator_0 - 3_folds.test.predict)=81.61%
[ 2020-03-16 14:43:30,896][kfold_wrapper.log_eval_metrics] Accuracy(layer_2 - estimator_1 - 3_folds.train_0.predict)=83.72%
[ 2020-03-16 14:43:33,193][kfold_wrapper.log_eval_metrics] Accuracy(layer_2 - estimator_1 - 3_folds.train_1.predict)=84.88%
[ 2020-03-16 14:43:35,524][kfold_wrapper.log_eval_metrics] Accuracy(layer_2 - estimator_1 - 3_folds.train_2.predict)=82.17%
[ 2020-03-16 14:43:35,867][kfold_wrapper.log_eval_metrics] Accuracy(layer_2 - estimator_1 - 3_folds.train_cv.predict)=83.59%
[ 2020-03-16 14:43:35,867][kfold_wrapper.log_eval_metrics] Accuracy(layer_2 - estimator_1 - 3_folds.test.predict)=80.46%
[ 2020-03-16 14:43:36,851][kfold_wrapper.log_eval_metrics] Accuracy(layer_2 - estimator_2 - 3_folds.train_0.predict)=84.11%
[ 2020-03-16 14:43:37,836][kfold_wrapper.log_eval_metrics] Accuracy(layer_2 - estimator_2 - 3_folds.train_1.predict)=81.01%
[ 2020-03-16 14:43:38,820][kfold_wrapper.log_eval_metrics] Accuracy(layer_2 - estimator_2 - 3_folds.train_2.predict)=79.46%
[ 2020-03-16 14:43:38,820][kfold_wrapper.log_eval_metrics] Accuracy(layer_2 - estimator_2 - 3_folds.train_cv.predict)=81.52%
[ 2020-03-16 14:43:38,820][kfold_wrapper.log_eval_metrics] Accuracy(layer_2 - estimator_2 - 3_folds.test.predict)=80.46%
[ 2020-03-16 14:43:38,820][cascade_classifier.calc_accuracy] Accuracy(layer_2 - train.classifier_average)=82.69%
[ 2020-03-16 14:43:38,820][cascade_classifier.calc_accuracy] Accuracy(layer_2 - test.classifier_average)=81.61%
[ 2020-03-16 14:43:38,820][cascade_classifier.fit_transform] [layer=3] look_indexs=[0], X_cur_train.shape=(774, 285), X_cur_test.shape=(87, 285)
[ 2020-03-16 14:43:40,961][kfold_wrapper.log_eval_metrics] Accuracy(layer_3 - estimator_0 - 3_folds.train_0.predict)=81.40%
[ 2020-03-16 14:43:43,430][kfold_wrapper.log_eval_metrics] Accuracy(layer_3 - estimator_0 - 3_folds.train_1.predict)=85.66%
[ 2020-03-16 14:43:45,914][kfold_wrapper.log_eval_metrics] Accuracy(layer_3 - estimator_0 - 3_folds.train_2.predict)=80.62%
[ 2020-03-16 14:43:46,257][kfold_wrapper.log_eval_metrics] Accuracy(layer_3 - estimator_0 - 3_folds.train_cv.predict)=82.56%
[ 2020-03-16 14:43:46,257][kfold_wrapper.log_eval_metrics] Accuracy(layer_3 - estimator_0 - 3_folds.test.predict)=81.61%
[ 2020-03-16 14:43:48,226][kfold_wrapper.log_eval_metrics] Accuracy(layer_3 - estimator_1 - 3_folds.train_0.predict)=79.84%
[ 2020-03-16 14:43:50,523][kfold_wrapper.log_eval_metrics] Accuracy(layer_3 - estimator_1 - 3_folds.train_1.predict)=87.60%
[ 2020-03-16 14:43:52,820][kfold_wrapper.log_eval_metrics] Accuracy(layer_3 - estimator_1 - 3_folds.train_2.predict)=81.78%
[ 2020-03-16 14:43:53,148][kfold_wrapper.log_eval_metrics] Accuracy(layer_3 - estimator_1 - 3_folds.train_cv.predict)=83.07%
[ 2020-03-16 14:43:53,148][kfold_wrapper.log_eval_metrics] Accuracy(layer_3 - estimator_1 - 3_folds.test.predict)=79.31%
[ 2020-03-16 14:43:54,195][kfold_wrapper.log_eval_metrics] Accuracy(layer_3 - estimator_2 - 3_folds.train_0.predict)=86.05%
[ 2020-03-16 14:43:55,117][kfold_wrapper.log_eval_metrics] Accuracy(layer_3 - estimator_2 - 3_folds.train_1.predict)=78.68%
[ 2020-03-16 14:43:56,102][kfold_wrapper.log_eval_metrics] Accuracy(layer_3 - estimator_2 - 3_folds.train_2.predict)=76.74%
[ 2020-03-16 14:43:56,117][kfold_wrapper.log_eval_metrics] Accuracy(layer_3 - estimator_2 - 3_folds.train_cv.predict)=80.49%
[ 2020-03-16 14:43:56,117][kfold_wrapper.log_eval_metrics] Accuracy(layer_3 - estimator_2 - 3_folds.test.predict)=82.76%
[ 2020-03-16 14:43:56,117][cascade_classifier.calc_accuracy] Accuracy(layer_3 - train.classifier_average)=81.91%
[ 2020-03-16 14:43:56,117][cascade_classifier.calc_accuracy] Accuracy(layer_3 - test.classifier_average)=81.61%
[ 2020-03-16 14:43:56,117][cascade_classifier.fit_transform] [layer=4] look_indexs=[0], X_cur_train.shape=(774, 285), X_cur_test.shape=(87, 285)
[ 2020-03-16 14:43:58,274][kfold_wrapper.log_eval_metrics] Accuracy(layer_4 - estimator_0 - 3_folds.train_0.predict)=78.68%
[ 2020-03-16 14:44:00,618][kfold_wrapper.log_eval_metrics] Accuracy(layer_4 - estimator_0 - 3_folds.train_1.predict)=81.78%
[ 2020-03-16 14:44:03,087][kfold_wrapper.log_eval_metrics] Accuracy(layer_4 - estimator_0 - 3_folds.train_2.predict)=85.66%
[ 2020-03-16 14:44:03,415][kfold_wrapper.log_eval_metrics] Accuracy(layer_4 - estimator_0 - 3_folds.train_cv.predict)=82.04%
[ 2020-03-16 14:44:03,415][kfold_wrapper.log_eval_metrics] Accuracy(layer_4 - estimator_0 - 3_folds.test.predict)=80.46%
[ 2020-03-16 14:44:05,384][kfold_wrapper.log_eval_metrics] Accuracy(layer_4 - estimator_1 - 3_folds.train_0.predict)=79.84%
[ 2020-03-16 14:44:07,665][kfold_wrapper.log_eval_metrics] Accuracy(layer_4 - estimator_1 - 3_folds.train_1.predict)=85.27%
[ 2020-03-16 14:44:09,978][kfold_wrapper.log_eval_metrics] Accuracy(layer_4 - estimator_1 - 3_folds.train_2.predict)=83.33%
[ 2020-03-16 14:44:10,306][kfold_wrapper.log_eval_metrics] Accuracy(layer_4 - estimator_1 - 3_folds.train_cv.predict)=82.82%
[ 2020-03-16 14:44:10,306][kfold_wrapper.log_eval_metrics] Accuracy(layer_4 - estimator_1 - 3_folds.test.predict)=79.31%
[ 2020-03-16 14:44:11,337][kfold_wrapper.log_eval_metrics] Accuracy(layer_4 - estimator_2 - 3_folds.train_0.predict)=81.01%
[ 2020-03-16 14:44:12,369][kfold_wrapper.log_eval_metrics] Accuracy(layer_4 - estimator_2 - 3_folds.train_1.predict)=79.84%
[ 2020-03-16 14:44:13,384][kfold_wrapper.log_eval_metrics] Accuracy(layer_4 - estimator_2 - 3_folds.train_2.predict)=82.56%
[ 2020-03-16 14:44:13,384][kfold_wrapper.log_eval_metrics] Accuracy(layer_4 - estimator_2 - 3_folds.train_cv.predict)=81.14%
[ 2020-03-16 14:44:13,384][kfold_wrapper.log_eval_metrics] Accuracy(layer_4 - estimator_2 - 3_folds.test.predict)=82.76%
[ 2020-03-16 14:44:13,384][cascade_classifier.calc_accuracy] Accuracy(layer_4 - train.classifier_average)=81.52%
[ 2020-03-16 14:44:13,384][cascade_classifier.calc_accuracy] Accuracy(layer_4 - test.classifier_average)=80.46%
[ 2020-03-16 14:44:13,400][cascade_classifier.fit_transform] [Result][Optimal Level Detected] opt_layer_num=2, accuracy_train=82.82%, accuracy_test=80.46%
[ 2020-03-16 14:44:13,415][cascade_classifier.transform] X_groups_test.shape=[(87, 279)]
[ 2020-03-16 14:44:13,415][cascade_classifier.transform] group_dims=[279]
[ 2020-03-16 14:44:13,415][cascade_classifier.transform] X_test.shape=(87, 279)
[ 2020-03-16 14:44:13,415][cascade_classifier.transform] [layer=0] look_indexs=[0], X_cur_test.shape=(87, 279)
[ 2020-03-16 14:44:15,400][cascade_classifier.transform] [layer=1] look_indexs=[0], X_cur_test.shape=(87, 285)
[ 2020-03-16 14:44:17,385][cascade_classifier.transform] X_groups_test.shape=[(87, 279)]
[ 2020-03-16 14:44:17,385][cascade_classifier.transform] group_dims=[279]
[ 2020-03-16 14:44:17,385][cascade_classifier.transform] X_test.shape=(87, 279)
[ 2020-03-16 14:44:17,385][cascade_classifier.transform] [layer=0] look_indexs=[0], X_cur_test.shape=(87, 279)
[ 2020-03-16 14:44:19,385][cascade_classifier.transform] [layer=1] look_indexs=[0], X_cur_test.shape=(87, 285)
[ 2020-03-16 14:44:21,713][cascade_classifier.fit_transform] X_groups_train.shape=[(774, 279)],y_train.shape=(774,),X_groups_test.shape=[(87, 279)],y_test.shape=(87,)
[ 2020-03-16 14:44:21,713][cascade_classifier.fit_transform] group_dims=[279]
[ 2020-03-16 14:44:21,713][cascade_classifier.fit_transform] group_starts=[0]
[ 2020-03-16 14:44:21,713][cascade_classifier.fit_transform] group_ends=[279]
[ 2020-03-16 14:44:21,713][cascade_classifier.fit_transform] X_train.shape=(774, 279),X_test.shape=(87, 279)
[ 2020-03-16 14:44:21,713][cascade_classifier.fit_transform] [layer=0] look_indexs=[0], X_cur_train.shape=(774, 279), X_cur_test.shape=(87, 279)
[ 2020-03-16 14:44:23,854][kfold_wrapper.log_eval_metrics] Accuracy(layer_0 - estimator_0 - 3_folds.train_0.predict)=80.23%
[ 2020-03-16 14:44:26,198][kfold_wrapper.log_eval_metrics] Accuracy(layer_0 - estimator_0 - 3_folds.train_1.predict)=81.78%
[ 2020-03-16 14:44:28,683][kfold_wrapper.log_eval_metrics] Accuracy(layer_0 - estimator_0 - 3_folds.train_2.predict)=84.50%
[ 2020-03-16 14:44:29,027][kfold_wrapper.log_eval_metrics] Accuracy(layer_0 - estimator_0 - 3_folds.train_cv.predict)=82.17%
[ 2020-03-16 14:44:29,027][kfold_wrapper.log_eval_metrics] Accuracy(layer_0 - estimator_0 - 3_folds.test.predict)=83.91%
[ 2020-03-16 14:44:31,058][kfold_wrapper.log_eval_metrics] Accuracy(layer_0 - estimator_1 - 3_folds.train_0.predict)=79.46%
[ 2020-03-16 14:44:33,418][kfold_wrapper.log_eval_metrics] Accuracy(layer_0 - estimator_1 - 3_folds.train_1.predict)=82.56%
[ 2020-03-16 14:44:35,793][kfold_wrapper.log_eval_metrics] Accuracy(layer_0 - estimator_1 - 3_folds.train_2.predict)=82.17%
[ 2020-03-16 14:44:36,120][kfold_wrapper.log_eval_metrics] Accuracy(layer_0 - estimator_1 - 3_folds.train_cv.predict)=81.40%
[ 2020-03-16 14:44:36,120][kfold_wrapper.log_eval_metrics] Accuracy(layer_0 - estimator_1 - 3_folds.test.predict)=85.06%
[ 2020-03-16 14:44:37,074][kfold_wrapper.log_eval_metrics] Accuracy(layer_0 - estimator_2 - 3_folds.train_0.predict)=79.46%
[ 2020-03-16 14:44:38,120][kfold_wrapper.log_eval_metrics] Accuracy(layer_0 - estimator_2 - 3_folds.train_1.predict)=81.40%
[ 2020-03-16 14:44:39,121][kfold_wrapper.log_eval_metrics] Accuracy(layer_0 - estimator_2 - 3_folds.train_2.predict)=84.50%
[ 2020-03-16 14:44:39,121][kfold_wrapper.log_eval_metrics] Accuracy(layer_0 - estimator_2 - 3_folds.train_cv.predict)=81.78%
[ 2020-03-16 14:44:39,121][kfold_wrapper.log_eval_metrics] Accuracy(layer_0 - estimator_2 - 3_folds.test.predict)=80.46%
[ 2020-03-16 14:44:39,121][cascade_classifier.calc_accuracy] Accuracy(layer_0 - train.classifier_average)=81.91%
[ 2020-03-16 14:44:39,121][cascade_classifier.calc_accuracy] Accuracy(layer_0 - test.classifier_average)=83.91%
[ 2020-03-16 14:44:39,121][cascade_classifier.fit_transform] [layer=1] look_indexs=[0], X_cur_train.shape=(774, 285), X_cur_test.shape=(87, 285)
[ 2020-03-16 14:44:41,262][kfold_wrapper.log_eval_metrics] Accuracy(layer_1 - estimator_0 - 3_folds.train_0.predict)=84.11%
[ 2020-03-16 14:44:43,731][kfold_wrapper.log_eval_metrics] Accuracy(layer_1 - estimator_0 - 3_folds.train_1.predict)=83.72%
[ 2020-03-16 14:44:46,184][kfold_wrapper.log_eval_metrics] Accuracy(layer_1 - estimator_0 - 3_folds.train_2.predict)=80.23%
[ 2020-03-16 14:44:46,512][kfold_wrapper.log_eval_metrics] Accuracy(layer_1 - estimator_0 - 3_folds.train_cv.predict)=82.69%
[ 2020-03-16 14:44:46,512][kfold_wrapper.log_eval_metrics] Accuracy(layer_1 - estimator_0 - 3_folds.test.predict)=82.76%
[ 2020-03-16 14:44:48,497][kfold_wrapper.log_eval_metrics] Accuracy(layer_1 - estimator_1 - 3_folds.train_0.predict)=81.40%
[ 2020-03-16 14:44:50,809][kfold_wrapper.log_eval_metrics] Accuracy(layer_1 - estimator_1 - 3_folds.train_1.predict)=82.95%
[ 2020-03-16 14:44:53,153][kfold_wrapper.log_eval_metrics] Accuracy(layer_1 - estimator_1 - 3_folds.train_2.predict)=85.66%
[ 2020-03-16 14:44:53,481][kfold_wrapper.log_eval_metrics] Accuracy(layer_1 - estimator_1 - 3_folds.train_cv.predict)=83.33%
[ 2020-03-16 14:44:53,481][kfold_wrapper.log_eval_metrics] Accuracy(layer_1 - estimator_1 - 3_folds.test.predict)=82.76%
[ 2020-03-16 14:44:54,481][kfold_wrapper.log_eval_metrics] Accuracy(layer_1 - estimator_2 - 3_folds.train_0.predict)=79.46%
[ 2020-03-16 14:44:55,496][kfold_wrapper.log_eval_metrics] Accuracy(layer_1 - estimator_2 - 3_folds.train_1.predict)=79.46%
[ 2020-03-16 14:44:56,512][kfold_wrapper.log_eval_metrics] Accuracy(layer_1 - estimator_2 - 3_folds.train_2.predict)=81.40%
[ 2020-03-16 14:44:56,512][kfold_wrapper.log_eval_metrics] Accuracy(layer_1 - estimator_2 - 3_folds.train_cv.predict)=80.10%
[ 2020-03-16 14:44:56,512][kfold_wrapper.log_eval_metrics] Accuracy(layer_1 - estimator_2 - 3_folds.test.predict)=80.46%
[ 2020-03-16 14:44:56,512][cascade_classifier.calc_accuracy] Accuracy(layer_1 - train.classifier_average)=80.62%
[ 2020-03-16 14:44:56,512][cascade_classifier.calc_accuracy] Accuracy(layer_1 - test.classifier_average)=81.61%
[ 2020-03-16 14:44:56,528][cascade_classifier.fit_transform] [layer=2] look_indexs=[0], X_cur_train.shape=(774, 285), X_cur_test.shape=(87, 285)
[ 2020-03-16 14:44:58,669][kfold_wrapper.log_eval_metrics] Accuracy(layer_2 - estimator_0 - 3_folds.train_0.predict)=82.56%
[ 2020-03-16 14:45:01,122][kfold_wrapper.log_eval_metrics] Accuracy(layer_2 - estimator_0 - 3_folds.train_1.predict)=82.17%
[ 2020-03-16 14:45:03,466][kfold_wrapper.log_eval_metrics] Accuracy(layer_2 - estimator_0 - 3_folds.train_2.predict)=79.84%
[ 2020-03-16 14:45:03,794][kfold_wrapper.log_eval_metrics] Accuracy(layer_2 - estimator_0 - 3_folds.train_cv.predict)=81.52%
[ 2020-03-16 14:45:03,794][kfold_wrapper.log_eval_metrics] Accuracy(layer_2 - estimator_0 - 3_folds.test.predict)=80.46%
[ 2020-03-16 14:45:05,747][kfold_wrapper.log_eval_metrics] Accuracy(layer_2 - estimator_1 - 3_folds.train_0.predict)=80.62%
[ 2020-03-16 14:45:08,029][kfold_wrapper.log_eval_metrics] Accuracy(layer_2 - estimator_1 - 3_folds.train_1.predict)=83.33%
[ 2020-03-16 14:45:10,310][kfold_wrapper.log_eval_metrics] Accuracy(layer_2 - estimator_1 - 3_folds.train_2.predict)=84.88%
[ 2020-03-16 14:45:10,638][kfold_wrapper.log_eval_metrics] Accuracy(layer_2 - estimator_1 - 3_folds.train_cv.predict)=82.95%
[ 2020-03-16 14:45:10,638][kfold_wrapper.log_eval_metrics] Accuracy(layer_2 - estimator_1 - 3_folds.test.predict)=82.76%
[ 2020-03-16 14:45:11,622][kfold_wrapper.log_eval_metrics] Accuracy(layer_2 - estimator_2 - 3_folds.train_0.predict)=81.78%
[ 2020-03-16 14:45:12,638][kfold_wrapper.log_eval_metrics] Accuracy(layer_2 - estimator_2 - 3_folds.train_1.predict)=81.78%
[ 2020-03-16 14:45:13,638][kfold_wrapper.log_eval_metrics] Accuracy(layer_2 - estimator_2 - 3_folds.train_2.predict)=79.46%
[ 2020-03-16 14:45:13,654][kfold_wrapper.log_eval_metrics] Accuracy(layer_2 - estimator_2 - 3_folds.train_cv.predict)=81.01%
[ 2020-03-16 14:45:13,654][kfold_wrapper.log_eval_metrics] Accuracy(layer_2 - estimator_2 - 3_folds.test.predict)=81.61%
[ 2020-03-16 14:45:13,654][cascade_classifier.calc_accuracy] Accuracy(layer_2 - train.classifier_average)=81.40%
[ 2020-03-16 14:45:13,654][cascade_classifier.calc_accuracy] Accuracy(layer_2 - test.classifier_average)=81.61%
[ 2020-03-16 14:45:13,654][cascade_classifier.fit_transform] [layer=3] look_indexs=[0], X_cur_train.shape=(774, 285), X_cur_test.shape=(87, 285)
[ 2020-03-16 14:45:15,795][kfold_wrapper.log_eval_metrics] Accuracy(layer_3 - estimator_0 - 3_folds.train_0.predict)=83.33%
[ 2020-03-16 14:45:18,139][kfold_wrapper.log_eval_metrics] Accuracy(layer_3 - estimator_0 - 3_folds.train_1.predict)=82.56%
[ 2020-03-16 14:45:20,592][kfold_wrapper.log_eval_metrics] Accuracy(layer_3 - estimator_0 - 3_folds.train_2.predict)=81.01%
[ 2020-03-16 14:45:20,920][kfold_wrapper.log_eval_metrics] Accuracy(layer_3 - estimator_0 - 3_folds.train_cv.predict)=82.30%
[ 2020-03-16 14:45:20,920][kfold_wrapper.log_eval_metrics] Accuracy(layer_3 - estimator_0 - 3_folds.test.predict)=81.61%
[ 2020-03-16 14:45:22,889][kfold_wrapper.log_eval_metrics] Accuracy(layer_3 - estimator_1 - 3_folds.train_0.predict)=87.21%
[ 2020-03-16 14:45:25,186][kfold_wrapper.log_eval_metrics] Accuracy(layer_3 - estimator_1 - 3_folds.train_1.predict)=82.56%
[ 2020-03-16 14:45:27,483][kfold_wrapper.log_eval_metrics] Accuracy(layer_3 - estimator_1 - 3_folds.train_2.predict)=81.40%
[ 2020-03-16 14:45:27,811][kfold_wrapper.log_eval_metrics] Accuracy(layer_3 - estimator_1 - 3_folds.train_cv.predict)=83.72%
[ 2020-03-16 14:45:27,811][kfold_wrapper.log_eval_metrics] Accuracy(layer_3 - estimator_1 - 3_folds.test.predict)=82.76%
[ 2020-03-16 14:45:28,920][kfold_wrapper.log_eval_metrics] Accuracy(layer_3 - estimator_2 - 3_folds.train_0.predict)=81.01%
[ 2020-03-16 14:45:29,936][kfold_wrapper.log_eval_metrics] Accuracy(layer_3 - estimator_2 - 3_folds.train_1.predict)=81.78%
[ 2020-03-16 14:45:30,968][kfold_wrapper.log_eval_metrics] Accuracy(layer_3 - estimator_2 - 3_folds.train_2.predict)=80.62%
[ 2020-03-16 14:45:30,968][kfold_wrapper.log_eval_metrics] Accuracy(layer_3 - estimator_2 - 3_folds.train_cv.predict)=81.14%
[ 2020-03-16 14:45:30,968][kfold_wrapper.log_eval_metrics] Accuracy(layer_3 - estimator_2 - 3_folds.test.predict)=78.16%
[ 2020-03-16 14:45:30,968][cascade_classifier.calc_accuracy] Accuracy(layer_3 - train.classifier_average)=82.04%
[ 2020-03-16 14:45:30,968][cascade_classifier.calc_accuracy] Accuracy(layer_3 - test.classifier_average)=79.31%
[ 2020-03-16 14:45:30,968][cascade_classifier.fit_transform] [layer=4] look_indexs=[0], X_cur_train.shape=(774, 285), X_cur_test.shape=(87, 285)
[ 2020-03-16 14:45:33,108][kfold_wrapper.log_eval_metrics] Accuracy(layer_4 - estimator_0 - 3_folds.train_0.predict)=80.62%
[ 2020-03-16 14:45:35,546][kfold_wrapper.log_eval_metrics] Accuracy(layer_4 - estimator_0 - 3_folds.train_1.predict)=84.11%
[ 2020-03-16 14:45:37,999][kfold_wrapper.log_eval_metrics] Accuracy(layer_4 - estimator_0 - 3_folds.train_2.predict)=82.56%
[ 2020-03-16 14:45:38,327][kfold_wrapper.log_eval_metrics] Accuracy(layer_4 - estimator_0 - 3_folds.train_cv.predict)=82.43%
[ 2020-03-16 14:45:38,327][kfold_wrapper.log_eval_metrics] Accuracy(layer_4 - estimator_0 - 3_folds.test.predict)=81.61%
[ 2020-03-16 14:45:40,281][kfold_wrapper.log_eval_metrics] Accuracy(layer_4 - estimator_1 - 3_folds.train_0.predict)=79.46%
[ 2020-03-16 14:45:42,562][kfold_wrapper.log_eval_metrics] Accuracy(layer_4 - estimator_1 - 3_folds.train_1.predict)=84.50%
[ 2020-03-16 14:45:44,843][kfold_wrapper.log_eval_metrics] Accuracy(layer_4 - estimator_1 - 3_folds.train_2.predict)=85.66%
[ 2020-03-16 14:45:45,171][kfold_wrapper.log_eval_metrics] Accuracy(layer_4 - estimator_1 - 3_folds.train_cv.predict)=83.20%
[ 2020-03-16 14:45:45,171][kfold_wrapper.log_eval_metrics] Accuracy(layer_4 - estimator_1 - 3_folds.test.predict)=80.46%
[ 2020-03-16 14:45:46,156][kfold_wrapper.log_eval_metrics] Accuracy(layer_4 - estimator_2 - 3_folds.train_0.predict)=81.01%
[ 2020-03-16 14:45:47,188][kfold_wrapper.log_eval_metrics] Accuracy(layer_4 - estimator_2 - 3_folds.train_1.predict)=82.56%
[ 2020-03-16 14:45:48,187][kfold_wrapper.log_eval_metrics] Accuracy(layer_4 - estimator_2 - 3_folds.train_2.predict)=81.78%
[ 2020-03-16 14:45:48,187][kfold_wrapper.log_eval_metrics] Accuracy(layer_4 - estimator_2 - 3_folds.train_cv.predict)=81.78%
[ 2020-03-16 14:45:48,187][kfold_wrapper.log_eval_metrics] Accuracy(layer_4 - estimator_2 - 3_folds.test.predict)=83.91%
[ 2020-03-16 14:45:48,187][cascade_classifier.calc_accuracy] Accuracy(layer_4 - train.classifier_average)=82.69%
[ 2020-03-16 14:45:48,187][cascade_classifier.calc_accuracy] Accuracy(layer_4 - test.classifier_average)=82.76%
[ 2020-03-16 14:45:48,187][cascade_classifier.fit_transform] [layer=5] look_indexs=[0], X_cur_train.shape=(774, 285), X_cur_test.shape=(87, 285)
[ 2020-03-16 14:45:50,328][kfold_wrapper.log_eval_metrics] Accuracy(layer_5 - estimator_0 - 3_folds.train_0.predict)=85.66%
[ 2020-03-16 14:45:52,689][kfold_wrapper.log_eval_metrics] Accuracy(layer_5 - estimator_0 - 3_folds.train_1.predict)=82.56%
[ 2020-03-16 14:45:55,033][kfold_wrapper.log_eval_metrics] Accuracy(layer_5 - estimator_0 - 3_folds.train_2.predict)=81.01%
[ 2020-03-16 14:45:55,361][kfold_wrapper.log_eval_metrics] Accuracy(layer_5 - estimator_0 - 3_folds.train_cv.predict)=83.07%
[ 2020-03-16 14:45:55,361][kfold_wrapper.log_eval_metrics] Accuracy(layer_5 - estimator_0 - 3_folds.test.predict)=81.61%
[ 2020-03-16 14:45:57,329][kfold_wrapper.log_eval_metrics] Accuracy(layer_5 - estimator_1 - 3_folds.train_0.predict)=81.78%
[ 2020-03-16 14:45:59,627][kfold_wrapper.log_eval_metrics] Accuracy(layer_5 - estimator_1 - 3_folds.train_1.predict)=82.95%
[ 2020-03-16 14:46:01,939][kfold_wrapper.log_eval_metrics] Accuracy(layer_5 - estimator_1 - 3_folds.train_2.predict)=86.43%
[ 2020-03-16 14:46:02,283][kfold_wrapper.log_eval_metrics] Accuracy(layer_5 - estimator_1 - 3_folds.train_cv.predict)=83.72%
[ 2020-03-16 14:46:02,283][kfold_wrapper.log_eval_metrics] Accuracy(layer_5 - estimator_1 - 3_folds.test.predict)=81.61%
[ 2020-03-16 14:46:03,282][kfold_wrapper.log_eval_metrics] Accuracy(layer_5 - estimator_2 - 3_folds.train_0.predict)=80.62%
[ 2020-03-16 14:46:04,252][kfold_wrapper.log_eval_metrics] Accuracy(layer_5 - estimator_2 - 3_folds.train_1.predict)=78.68%
[ 2020-03-16 14:46:05,267][kfold_wrapper.log_eval_metrics] Accuracy(layer_5 - estimator_2 - 3_folds.train_2.predict)=81.40%
[ 2020-03-16 14:46:05,267][kfold_wrapper.log_eval_metrics] Accuracy(layer_5 - estimator_2 - 3_folds.train_cv.predict)=80.23%
[ 2020-03-16 14:46:05,267][kfold_wrapper.log_eval_metrics] Accuracy(layer_5 - estimator_2 - 3_folds.test.predict)=83.91%
[ 2020-03-16 14:46:05,267][cascade_classifier.calc_accuracy] Accuracy(layer_5 - train.classifier_average)=81.52%
[ 2020-03-16 14:46:05,267][cascade_classifier.calc_accuracy] Accuracy(layer_5 - test.classifier_average)=80.46%
[ 2020-03-16 14:46:05,267][cascade_classifier.fit_transform] [layer=6] look_indexs=[0], X_cur_train.shape=(774, 285), X_cur_test.shape=(87, 285)
[ 2020-03-16 14:46:07,314][kfold_wrapper.log_eval_metrics] Accuracy(layer_6 - estimator_0 - 3_folds.train_0.predict)=82.95%
[ 2020-03-16 14:46:09,770][kfold_wrapper.log_eval_metrics] Accuracy(layer_6 - estimator_0 - 3_folds.train_1.predict)=84.50%
[ 2020-03-16 14:46:12,431][kfold_wrapper.log_eval_metrics] Accuracy(layer_6 - estimator_0 - 3_folds.train_2.predict)=82.95%
[ 2020-03-16 14:46:12,759][kfold_wrapper.log_eval_metrics] Accuracy(layer_6 - estimator_0 - 3_folds.train_cv.predict)=83.46%
[ 2020-03-16 14:46:12,759][kfold_wrapper.log_eval_metrics] Accuracy(layer_6 - estimator_0 - 3_folds.test.predict)=80.46%
[ 2020-03-16 14:46:14,774][kfold_wrapper.log_eval_metrics] Accuracy(layer_6 - estimator_1 - 3_folds.train_0.predict)=81.01%
[ 2020-03-16 14:46:17,071][kfold_wrapper.log_eval_metrics] Accuracy(layer_6 - estimator_1 - 3_folds.train_1.predict)=82.56%
[ 2020-03-16 14:46:19,368][kfold_wrapper.log_eval_metrics] Accuracy(layer_6 - estimator_1 - 3_folds.train_2.predict)=82.95%
[ 2020-03-16 14:46:19,697][kfold_wrapper.log_eval_metrics] Accuracy(layer_6 - estimator_1 - 3_folds.train_cv.predict)=82.17%
[ 2020-03-16 14:46:19,697][kfold_wrapper.log_eval_metrics] Accuracy(layer_6 - estimator_1 - 3_folds.test.predict)=80.46%
[ 2020-03-16 14:46:20,712][kfold_wrapper.log_eval_metrics] Accuracy(layer_6 - estimator_2 - 3_folds.train_0.predict)=78.68%
[ 2020-03-16 14:46:21,712][kfold_wrapper.log_eval_metrics] Accuracy(layer_6 - estimator_2 - 3_folds.train_1.predict)=81.78%
[ 2020-03-16 14:46:22,759][kfold_wrapper.log_eval_metrics] Accuracy(layer_6 - estimator_2 - 3_folds.train_2.predict)=83.72%
[ 2020-03-16 14:46:22,759][kfold_wrapper.log_eval_metrics] Accuracy(layer_6 - estimator_2 - 3_folds.train_cv.predict)=81.40%
[ 2020-03-16 14:46:22,759][kfold_wrapper.log_eval_metrics] Accuracy(layer_6 - estimator_2 - 3_folds.test.predict)=79.31%
[ 2020-03-16 14:46:22,775][cascade_classifier.calc_accuracy] Accuracy(layer_6 - train.classifier_average)=82.04%
[ 2020-03-16 14:46:22,775][cascade_classifier.calc_accuracy] Accuracy(layer_6 - test.classifier_average)=80.46%
[ 2020-03-16 14:46:22,775][cascade_classifier.fit_transform] [layer=7] look_indexs=[0], X_cur_train.shape=(774, 285), X_cur_test.shape=(87, 285)
[ 2020-03-16 14:46:24,884][kfold_wrapper.log_eval_metrics] Accuracy(layer_7 - estimator_0 - 3_folds.train_0.predict)=82.17%
[ 2020-03-16 14:46:27,400][kfold_wrapper.log_eval_metrics] Accuracy(layer_7 - estimator_0 - 3_folds.train_1.predict)=83.33%
[ 2020-03-16 14:46:29,744][kfold_wrapper.log_eval_metrics] Accuracy(layer_7 - estimator_0 - 3_folds.train_2.predict)=81.78%
[ 2020-03-16 14:46:30,072][kfold_wrapper.log_eval_metrics] Accuracy(layer_7 - estimator_0 - 3_folds.train_cv.predict)=82.43%
[ 2020-03-16 14:46:30,072][kfold_wrapper.log_eval_metrics] Accuracy(layer_7 - estimator_0 - 3_folds.test.predict)=80.46%
[ 2020-03-16 14:46:32,041][kfold_wrapper.log_eval_metrics] Accuracy(layer_7 - estimator_1 - 3_folds.train_0.predict)=84.50%
[ 2020-03-16 14:46:34,369][kfold_wrapper.log_eval_metrics] Accuracy(layer_7 - estimator_1 - 3_folds.train_1.predict)=79.46%
[ 2020-03-16 14:46:36,666][kfold_wrapper.log_eval_metrics] Accuracy(layer_7 - estimator_1 - 3_folds.train_2.predict)=81.78%
[ 2020-03-16 14:46:36,994][kfold_wrapper.log_eval_metrics] Accuracy(layer_7 - estimator_1 - 3_folds.train_cv.predict)=81.91%
[ 2020-03-16 14:46:36,994][kfold_wrapper.log_eval_metrics] Accuracy(layer_7 - estimator_1 - 3_folds.test.predict)=80.46%
[ 2020-03-16 14:46:37,994][kfold_wrapper.log_eval_metrics] Accuracy(layer_7 - estimator_2 - 3_folds.train_0.predict)=82.17%
[ 2020-03-16 14:46:39,010][kfold_wrapper.log_eval_metrics] Accuracy(layer_7 - estimator_2 - 3_folds.train_1.predict)=81.40%
[ 2020-03-16 14:46:40,010][kfold_wrapper.log_eval_metrics] Accuracy(layer_7 - estimator_2 - 3_folds.train_2.predict)=84.11%
[ 2020-03-16 14:46:40,010][kfold_wrapper.log_eval_metrics] Accuracy(layer_7 - estimator_2 - 3_folds.train_cv.predict)=82.56%
[ 2020-03-16 14:46:40,010][kfold_wrapper.log_eval_metrics] Accuracy(layer_7 - estimator_2 - 3_folds.test.predict)=80.46%
[ 2020-03-16 14:46:40,010][cascade_classifier.calc_accuracy] Accuracy(layer_7 - train.classifier_average)=83.46%
[ 2020-03-16 14:46:40,010][cascade_classifier.calc_accuracy] Accuracy(layer_7 - test.classifier_average)=79.31%
[ 2020-03-16 14:46:40,010][cascade_classifier.fit_transform] [layer=8] look_indexs=[0], X_cur_train.shape=(774, 285), X_cur_test.shape=(87, 285)
[ 2020-03-16 14:46:42,166][kfold_wrapper.log_eval_metrics] Accuracy(layer_8 - estimator_0 - 3_folds.train_0.predict)=84.11%
[ 2020-03-16 14:46:44,745][kfold_wrapper.log_eval_metrics] Accuracy(layer_8 - estimator_0 - 3_folds.train_1.predict)=81.40%
[ 2020-03-16 14:46:47,229][kfold_wrapper.log_eval_metrics] Accuracy(layer_8 - estimator_0 - 3_folds.train_2.predict)=81.01%
[ 2020-03-16 14:46:47,558][kfold_wrapper.log_eval_metrics] Accuracy(layer_8 - estimator_0 - 3_folds.train_cv.predict)=82.17%
[ 2020-03-16 14:46:47,558][kfold_wrapper.log_eval_metrics] Accuracy(layer_8 - estimator_0 - 3_folds.test.predict)=81.61%
[ 2020-03-16 14:46:49,558][kfold_wrapper.log_eval_metrics] Accuracy(layer_8 - estimator_1 - 3_folds.train_0.predict)=82.95%
[ 2020-03-16 14:46:52,089][kfold_wrapper.log_eval_metrics] Accuracy(layer_8 - estimator_1 - 3_folds.train_1.predict)=82.56%
[ 2020-03-16 14:46:54,386][kfold_wrapper.log_eval_metrics] Accuracy(layer_8 - estimator_1 - 3_folds.train_2.predict)=82.95%
[ 2020-03-16 14:46:54,714][kfold_wrapper.log_eval_metrics] Accuracy(layer_8 - estimator_1 - 3_folds.train_cv.predict)=82.82%
[ 2020-03-16 14:46:54,714][kfold_wrapper.log_eval_metrics] Accuracy(layer_8 - estimator_1 - 3_folds.test.predict)=80.46%
[ 2020-03-16 14:46:55,652][kfold_wrapper.log_eval_metrics] Accuracy(layer_8 - estimator_2 - 3_folds.train_0.predict)=77.91%
[ 2020-03-16 14:46:56,683][kfold_wrapper.log_eval_metrics] Accuracy(layer_8 - estimator_2 - 3_folds.train_1.predict)=81.78%
[ 2020-03-16 14:46:57,730][kfold_wrapper.log_eval_metrics] Accuracy(layer_8 - estimator_2 - 3_folds.train_2.predict)=82.56%
[ 2020-03-16 14:46:57,730][kfold_wrapper.log_eval_metrics] Accuracy(layer_8 - estimator_2 - 3_folds.train_cv.predict)=80.75%
[ 2020-03-16 14:46:57,730][kfold_wrapper.log_eval_metrics] Accuracy(layer_8 - estimator_2 - 3_folds.test.predict)=79.31%
[ 2020-03-16 14:46:57,730][cascade_classifier.calc_accuracy] Accuracy(layer_8 - train.classifier_average)=81.78%
[ 2020-03-16 14:46:57,730][cascade_classifier.calc_accuracy] Accuracy(layer_8 - test.classifier_average)=80.46%
[ 2020-03-16 14:46:57,730][cascade_classifier.fit_transform] [layer=9] look_indexs=[0], X_cur_train.shape=(774, 285), X_cur_test.shape=(87, 285)
[ 2020-03-16 14:46:59,902][kfold_wrapper.log_eval_metrics] Accuracy(layer_9 - estimator_0 - 3_folds.train_0.predict)=81.78%
[ 2020-03-16 14:47:02,462][kfold_wrapper.log_eval_metrics] Accuracy(layer_9 - estimator_0 - 3_folds.train_1.predict)=80.62%
[ 2020-03-16 14:47:04,915][kfold_wrapper.log_eval_metrics] Accuracy(layer_9 - estimator_0 - 3_folds.train_2.predict)=86.05%
[ 2020-03-16 14:47:05,224][kfold_wrapper.log_eval_metrics] Accuracy(layer_9 - estimator_0 - 3_folds.train_cv.predict)=82.82%
[ 2020-03-16 14:47:05,224][kfold_wrapper.log_eval_metrics] Accuracy(layer_9 - estimator_0 - 3_folds.test.predict)=80.46%
[ 2020-03-16 14:47:07,306][kfold_wrapper.log_eval_metrics] Accuracy(layer_9 - estimator_1 - 3_folds.train_0.predict)=81.01%
[ 2020-03-16 14:47:09,666][kfold_wrapper.log_eval_metrics] Accuracy(layer_9 - estimator_1 - 3_folds.train_1.predict)=86.43%
[ 2020-03-16 14:47:11,962][kfold_wrapper.log_eval_metrics] Accuracy(layer_9 - estimator_1 - 3_folds.train_2.predict)=81.78%
[ 2020-03-16 14:47:12,290][kfold_wrapper.log_eval_metrics] Accuracy(layer_9 - estimator_1 - 3_folds.train_cv.predict)=83.07%
[ 2020-03-16 14:47:12,290][kfold_wrapper.log_eval_metrics] Accuracy(layer_9 - estimator_1 - 3_folds.test.predict)=81.61%
[ 2020-03-16 14:47:13,291][kfold_wrapper.log_eval_metrics] Accuracy(layer_9 - estimator_2 - 3_folds.train_0.predict)=80.62%
[ 2020-03-16 14:47:14,338][kfold_wrapper.log_eval_metrics] Accuracy(layer_9 - estimator_2 - 3_folds.train_1.predict)=79.46%
[ 2020-03-16 14:47:15,291][kfold_wrapper.log_eval_metrics] Accuracy(layer_9 - estimator_2 - 3_folds.train_2.predict)=81.01%
[ 2020-03-16 14:47:15,291][kfold_wrapper.log_eval_metrics] Accuracy(layer_9 - estimator_2 - 3_folds.train_cv.predict)=80.36%
[ 2020-03-16 14:47:15,306][kfold_wrapper.log_eval_metrics] Accuracy(layer_9 - estimator_2 - 3_folds.test.predict)=81.61%
[ 2020-03-16 14:47:15,306][cascade_classifier.calc_accuracy] Accuracy(layer_9 - train.classifier_average)=81.27%
[ 2020-03-16 14:47:15,306][cascade_classifier.calc_accuracy] Accuracy(layer_9 - test.classifier_average)=80.46%
[ 2020-03-16 14:47:15,306][cascade_classifier.fit_transform] [layer=10] look_indexs=[0], X_cur_train.shape=(774, 285), X_cur_test.shape=(87, 285)
[ 2020-03-16 14:47:17,448][kfold_wrapper.log_eval_metrics] Accuracy(layer_10 - estimator_0 - 3_folds.train_0.predict)=80.23%
[ 2020-03-16 14:47:19,901][kfold_wrapper.log_eval_metrics] Accuracy(layer_10 - estimator_0 - 3_folds.train_1.predict)=82.17%
[ 2020-03-16 14:47:22,354][kfold_wrapper.log_eval_metrics] Accuracy(layer_10 - estimator_0 - 3_folds.train_2.predict)=83.72%
[ 2020-03-16 14:47:22,682][kfold_wrapper.log_eval_metrics] Accuracy(layer_10 - estimator_0 - 3_folds.train_cv.predict)=82.04%
[ 2020-03-16 14:47:22,682][kfold_wrapper.log_eval_metrics] Accuracy(layer_10 - estimator_0 - 3_folds.test.predict)=80.46%
[ 2020-03-16 14:47:24,636][kfold_wrapper.log_eval_metrics] Accuracy(layer_10 - estimator_1 - 3_folds.train_0.predict)=79.84%
[ 2020-03-16 14:47:26,917][kfold_wrapper.log_eval_metrics] Accuracy(layer_10 - estimator_1 - 3_folds.train_1.predict)=81.40%
[ 2020-03-16 14:47:29,230][kfold_wrapper.log_eval_metrics] Accuracy(layer_10 - estimator_1 - 3_folds.train_2.predict)=84.88%
[ 2020-03-16 14:47:29,558][kfold_wrapper.log_eval_metrics] Accuracy(layer_10 - estimator_1 - 3_folds.train_cv.predict)=82.04%
[ 2020-03-16 14:47:29,558][kfold_wrapper.log_eval_metrics] Accuracy(layer_10 - estimator_1 - 3_folds.test.predict)=81.61%
[ 2020-03-16 14:47:30,558][kfold_wrapper.log_eval_metrics] Accuracy(layer_10 - estimator_2 - 3_folds.train_0.predict)=81.40%
[ 2020-03-16 14:47:31,605][kfold_wrapper.log_eval_metrics] Accuracy(layer_10 - estimator_2 - 3_folds.train_1.predict)=81.01%
[ 2020-03-16 14:47:32,652][kfold_wrapper.log_eval_metrics] Accuracy(layer_10 - estimator_2 - 3_folds.train_2.predict)=80.62%
[ 2020-03-16 14:47:32,652][kfold_wrapper.log_eval_metrics] Accuracy(layer_10 - estimator_2 - 3_folds.train_cv.predict)=81.01%
[ 2020-03-16 14:47:32,652][kfold_wrapper.log_eval_metrics] Accuracy(layer_10 - estimator_2 - 3_folds.test.predict)=78.16%
[ 2020-03-16 14:47:32,652][cascade_classifier.calc_accuracy] Accuracy(layer_10 - train.classifier_average)=82.56%
[ 2020-03-16 14:47:32,652][cascade_classifier.calc_accuracy] Accuracy(layer_10 - test.classifier_average)=80.46%
[ 2020-03-16 14:47:32,652][cascade_classifier.fit_transform] [Result][Optimal Level Detected] opt_layer_num=8, accuracy_train=83.46%, accuracy_test=79.31%
[ 2020-03-16 14:47:32,683][cascade_classifier.transform] X_groups_test.shape=[(87, 279)]
[ 2020-03-16 14:47:32,683][cascade_classifier.transform] group_dims=[279]
[ 2020-03-16 14:47:32,683][cascade_classifier.transform] X_test.shape=(87, 279)
[ 2020-03-16 14:47:32,683][cascade_classifier.transform] [layer=0] look_indexs=[0], X_cur_test.shape=(87, 279)
[ 2020-03-16 14:47:34,668][cascade_classifier.transform] [layer=1] look_indexs=[0], X_cur_test.shape=(87, 285)
[ 2020-03-16 14:47:36,668][cascade_classifier.transform] [layer=2] look_indexs=[0], X_cur_test.shape=(87, 285)
[ 2020-03-16 14:47:38,669][cascade_classifier.transform] [layer=3] look_indexs=[0], X_cur_test.shape=(87, 285)
[ 2020-03-16 14:47:40,653][cascade_classifier.transform] [layer=4] look_indexs=[0], X_cur_test.shape=(87, 285)
[ 2020-03-16 14:47:42,638][cascade_classifier.transform] [layer=5] look_indexs=[0], X_cur_test.shape=(87, 285)
[ 2020-03-16 14:47:44,622][cascade_classifier.transform] [layer=6] look_indexs=[0], X_cur_test.shape=(87, 285)
[ 2020-03-16 14:47:46,607][cascade_classifier.transform] [layer=7] look_indexs=[0], X_cur_test.shape=(87, 285)
[ 2020-03-16 14:47:48,591][cascade_classifier.transform] X_groups_test.shape=[(87, 279)]
[ 2020-03-16 14:47:48,591][cascade_classifier.transform] group_dims=[279]
[ 2020-03-16 14:47:48,591][cascade_classifier.transform] X_test.shape=(87, 279)
[ 2020-03-16 14:47:48,591][cascade_classifier.transform] [layer=0] look_indexs=[0], X_cur_test.shape=(87, 279)
[ 2020-03-16 14:47:50,575][cascade_classifier.transform] [layer=1] look_indexs=[0], X_cur_test.shape=(87, 285)
[ 2020-03-16 14:47:52,560][cascade_classifier.transform] [layer=2] look_indexs=[0], X_cur_test.shape=(87, 285)
[ 2020-03-16 14:47:54,548][cascade_classifier.transform] [layer=3] look_indexs=[0], X_cur_test.shape=(87, 285)
[ 2020-03-16 14:47:56,498][cascade_classifier.transform] [layer=4] look_indexs=[0], X_cur_test.shape=(87, 285)
[ 2020-03-16 14:47:58,498][cascade_classifier.transform] [layer=5] look_indexs=[0], X_cur_test.shape=(87, 285)
[ 2020-03-16 14:48:00,483][cascade_classifier.transform] [layer=6] look_indexs=[0], X_cur_test.shape=(87, 285)
[ 2020-03-16 14:48:02,483][cascade_classifier.transform] [layer=7] look_indexs=[0], X_cur_test.shape=(87, 285)
[ 2020-03-16 14:48:04,577][cascade_classifier.fit_transform] X_groups_train.shape=[(774, 279)],y_train.shape=(774,),X_groups_test.shape=[(87, 279)],y_test.shape=(87,)
[ 2020-03-16 14:48:04,577][cascade_classifier.fit_transform] group_dims=[279]
[ 2020-03-16 14:48:04,577][cascade_classifier.fit_transform] group_starts=[0]
[ 2020-03-16 14:48:04,577][cascade_classifier.fit_transform] group_ends=[279]
[ 2020-03-16 14:48:04,577][cascade_classifier.fit_transform] X_train.shape=(774, 279),X_test.shape=(87, 279)
[ 2020-03-16 14:48:04,577][cascade_classifier.fit_transform] [layer=0] look_indexs=[0], X_cur_train.shape=(774, 279), X_cur_test.shape=(87, 279)
[ 2020-03-16 14:48:06,718][kfold_wrapper.log_eval_metrics] Accuracy(layer_0 - estimator_0 - 3_folds.train_0.predict)=84.11%
[ 2020-03-16 14:48:09,171][kfold_wrapper.log_eval_metrics] Accuracy(layer_0 - estimator_0 - 3_folds.train_1.predict)=81.01%
[ 2020-03-16 14:48:11,625][kfold_wrapper.log_eval_metrics] Accuracy(layer_0 - estimator_0 - 3_folds.train_2.predict)=81.78%
[ 2020-03-16 14:48:11,953][kfold_wrapper.log_eval_metrics] Accuracy(layer_0 - estimator_0 - 3_folds.train_cv.predict)=82.30%
[ 2020-03-16 14:48:11,953][kfold_wrapper.log_eval_metrics] Accuracy(layer_0 - estimator_0 - 3_folds.test.predict)=85.06%
[ 2020-03-16 14:48:13,937][kfold_wrapper.log_eval_metrics] Accuracy(layer_0 - estimator_1 - 3_folds.train_0.predict)=81.78%
[ 2020-03-16 14:48:16,249][kfold_wrapper.log_eval_metrics] Accuracy(layer_0 - estimator_1 - 3_folds.train_1.predict)=80.62%
