[ 2020-01-04 22:57:05,850][cascade_classifier.fit_transform] X_groups_train.shape=[(774, 28)],y_train.shape=(774,),X_groups_test.shape=[(87, 28)],y_test.shape=(87,)
[ 2020-01-04 22:57:05,850][cascade_classifier.fit_transform] group_dims=[28]
[ 2020-01-04 22:57:05,851][cascade_classifier.fit_transform] group_starts=[0]
[ 2020-01-04 22:57:05,851][cascade_classifier.fit_transform] group_ends=[28]
[ 2020-01-04 22:57:05,851][cascade_classifier.fit_transform] X_train.shape=(774, 28),X_test.shape=(87, 28)
[ 2020-01-04 22:57:05,851][cascade_classifier.fit_transform] [layer=0] look_indexs=[0], X_cur_train.shape=(774, 28), X_cur_test.shape=(87, 28)
[ 2020-01-04 22:57:14,581][kfold_wrapper.log_eval_metrics] Accuracy(layer_0 - estimator_0 - 3_folds.train_0.predict)=82.63%
[ 2020-01-04 22:57:24,414][kfold_wrapper.log_eval_metrics] Accuracy(layer_0 - estimator_0 - 3_folds.train_1.predict)=80.23%
[ 2020-01-04 22:57:34,235][kfold_wrapper.log_eval_metrics] Accuracy(layer_0 - estimator_0 - 3_folds.train_2.predict)=84.82%
[ 2020-01-04 22:57:35,381][kfold_wrapper.log_eval_metrics] Accuracy(layer_0 - estimator_0 - 3_folds.train_cv.predict)=82.56%
[ 2020-01-04 22:57:35,381][kfold_wrapper.log_eval_metrics] Accuracy(layer_0 - estimator_0 - 3_folds.test.predict)=87.36%
[ 2020-01-04 22:57:44,049][kfold_wrapper.log_eval_metrics] Accuracy(layer_0 - estimator_1 - 3_folds.train_0.predict)=82.63%
[ 2020-01-04 22:57:53,884][kfold_wrapper.log_eval_metrics] Accuracy(layer_0 - estimator_1 - 3_folds.train_1.predict)=87.21%
[ 2020-01-04 22:58:03,739][kfold_wrapper.log_eval_metrics] Accuracy(layer_0 - estimator_1 - 3_folds.train_2.predict)=77.82%
[ 2020-01-04 22:58:04,870][kfold_wrapper.log_eval_metrics] Accuracy(layer_0 - estimator_1 - 3_folds.train_cv.predict)=82.56%
[ 2020-01-04 22:58:04,870][kfold_wrapper.log_eval_metrics] Accuracy(layer_0 - estimator_1 - 3_folds.test.predict)=87.36%
[ 2020-01-04 22:58:05,656][kfold_wrapper.log_eval_metrics] Accuracy(layer_0 - estimator_2 - 3_folds.train_0.predict)=81.85%
[ 2020-01-04 22:58:06,403][kfold_wrapper.log_eval_metrics] Accuracy(layer_0 - estimator_2 - 3_folds.train_1.predict)=81.78%
[ 2020-01-04 22:58:07,175][kfold_wrapper.log_eval_metrics] Accuracy(layer_0 - estimator_2 - 3_folds.train_2.predict)=82.88%
[ 2020-01-04 22:58:07,177][kfold_wrapper.log_eval_metrics] Accuracy(layer_0 - estimator_2 - 3_folds.train_cv.predict)=82.17%
[ 2020-01-04 22:58:07,177][kfold_wrapper.log_eval_metrics] Accuracy(layer_0 - estimator_2 - 3_folds.test.predict)=87.36%
[ 2020-01-04 22:58:07,177][cascade_classifier.calc_accuracy] Accuracy(layer_0 - train.classifier_average)=82.95%
[ 2020-01-04 22:58:07,178][cascade_classifier.calc_accuracy] Accuracy(layer_0 - test.classifier_average)=86.21%
[ 2020-01-04 22:58:07,178][cascade_classifier.fit_transform] [layer=1] look_indexs=[0], X_cur_train.shape=(774, 34), X_cur_test.shape=(87, 34)
[ 2020-01-04 22:58:15,915][kfold_wrapper.log_eval_metrics] Accuracy(layer_1 - estimator_0 - 3_folds.train_0.predict)=82.63%
[ 2020-01-04 22:58:25,750][kfold_wrapper.log_eval_metrics] Accuracy(layer_1 - estimator_0 - 3_folds.train_1.predict)=82.95%
[ 2020-01-04 22:58:35,769][kfold_wrapper.log_eval_metrics] Accuracy(layer_1 - estimator_0 - 3_folds.train_2.predict)=81.32%
[ 2020-01-04 22:58:36,901][kfold_wrapper.log_eval_metrics] Accuracy(layer_1 - estimator_0 - 3_folds.train_cv.predict)=82.30%
[ 2020-01-04 22:58:36,901][kfold_wrapper.log_eval_metrics] Accuracy(layer_1 - estimator_0 - 3_folds.test.predict)=88.51%
[ 2020-01-04 22:58:45,655][kfold_wrapper.log_eval_metrics] Accuracy(layer_1 - estimator_1 - 3_folds.train_0.predict)=81.08%
[ 2020-01-04 22:58:55,552][kfold_wrapper.log_eval_metrics] Accuracy(layer_1 - estimator_1 - 3_folds.train_1.predict)=79.84%
[ 2020-01-04 22:59:05,415][kfold_wrapper.log_eval_metrics] Accuracy(layer_1 - estimator_1 - 3_folds.train_2.predict)=84.82%
[ 2020-01-04 22:59:06,637][kfold_wrapper.log_eval_metrics] Accuracy(layer_1 - estimator_1 - 3_folds.train_cv.predict)=81.91%
[ 2020-01-04 22:59:06,637][kfold_wrapper.log_eval_metrics] Accuracy(layer_1 - estimator_1 - 3_folds.test.predict)=87.36%
[ 2020-01-04 22:59:07,441][kfold_wrapper.log_eval_metrics] Accuracy(layer_1 - estimator_2 - 3_folds.train_0.predict)=78.76%
[ 2020-01-04 22:59:08,241][kfold_wrapper.log_eval_metrics] Accuracy(layer_1 - estimator_2 - 3_folds.train_1.predict)=81.01%
[ 2020-01-04 22:59:09,032][kfold_wrapper.log_eval_metrics] Accuracy(layer_1 - estimator_2 - 3_folds.train_2.predict)=78.21%
[ 2020-01-04 22:59:09,034][kfold_wrapper.log_eval_metrics] Accuracy(layer_1 - estimator_2 - 3_folds.train_cv.predict)=79.33%
[ 2020-01-04 22:59:09,034][kfold_wrapper.log_eval_metrics] Accuracy(layer_1 - estimator_2 - 3_folds.test.predict)=85.06%
[ 2020-01-04 22:59:09,035][cascade_classifier.calc_accuracy] Accuracy(layer_1 - train.classifier_average)=81.40%
[ 2020-01-04 22:59:09,035][cascade_classifier.calc_accuracy] Accuracy(layer_1 - test.classifier_average)=87.36%
[ 2020-01-04 22:59:09,035][cascade_classifier.fit_transform] [layer=2] look_indexs=[0], X_cur_train.shape=(774, 34), X_cur_test.shape=(87, 34)
[ 2020-01-04 22:59:17,724][kfold_wrapper.log_eval_metrics] Accuracy(layer_2 - estimator_0 - 3_folds.train_0.predict)=80.69%
[ 2020-01-04 22:59:27,512][kfold_wrapper.log_eval_metrics] Accuracy(layer_2 - estimator_0 - 3_folds.train_1.predict)=84.11%
[ 2020-01-04 22:59:37,354][kfold_wrapper.log_eval_metrics] Accuracy(layer_2 - estimator_0 - 3_folds.train_2.predict)=80.93%
[ 2020-01-04 22:59:38,500][kfold_wrapper.log_eval_metrics] Accuracy(layer_2 - estimator_0 - 3_folds.train_cv.predict)=81.91%
[ 2020-01-04 22:59:38,501][kfold_wrapper.log_eval_metrics] Accuracy(layer_2 - estimator_0 - 3_folds.test.predict)=88.51%
[ 2020-01-04 22:59:47,242][kfold_wrapper.log_eval_metrics] Accuracy(layer_2 - estimator_1 - 3_folds.train_0.predict)=81.08%
[ 2020-01-04 22:59:57,075][kfold_wrapper.log_eval_metrics] Accuracy(layer_2 - estimator_1 - 3_folds.train_1.predict)=79.84%
[ 2020-01-04 23:00:06,977][kfold_wrapper.log_eval_metrics] Accuracy(layer_2 - estimator_1 - 3_folds.train_2.predict)=78.60%
[ 2020-01-04 23:00:08,118][kfold_wrapper.log_eval_metrics] Accuracy(layer_2 - estimator_1 - 3_folds.train_cv.predict)=79.84%
[ 2020-01-04 23:00:08,118][kfold_wrapper.log_eval_metrics] Accuracy(layer_2 - estimator_1 - 3_folds.test.predict)=88.51%
[ 2020-01-04 23:00:08,923][kfold_wrapper.log_eval_metrics] Accuracy(layer_2 - estimator_2 - 3_folds.train_0.predict)=79.92%
[ 2020-01-04 23:00:09,727][kfold_wrapper.log_eval_metrics] Accuracy(layer_2 - estimator_2 - 3_folds.train_1.predict)=81.40%
[ 2020-01-04 23:00:10,535][kfold_wrapper.log_eval_metrics] Accuracy(layer_2 - estimator_2 - 3_folds.train_2.predict)=82.88%
[ 2020-01-04 23:00:10,543][kfold_wrapper.log_eval_metrics] Accuracy(layer_2 - estimator_2 - 3_folds.train_cv.predict)=81.40%
[ 2020-01-04 23:00:10,543][kfold_wrapper.log_eval_metrics] Accuracy(layer_2 - estimator_2 - 3_folds.test.predict)=85.06%
[ 2020-01-04 23:00:10,543][cascade_classifier.calc_accuracy] Accuracy(layer_2 - train.classifier_average)=82.30%
[ 2020-01-04 23:00:10,544][cascade_classifier.calc_accuracy] Accuracy(layer_2 - test.classifier_average)=87.36%
[ 2020-01-04 23:00:10,544][cascade_classifier.fit_transform] [layer=3] look_indexs=[0], X_cur_train.shape=(774, 34), X_cur_test.shape=(87, 34)
