[ 2020-03-15 17:50:37,144][cascade_classifier.fit_transform] X_groups_train.shape=[(774, 1)],y_train.shape=(774,),X_groups_test.shape=[(87, 1)],y_test.shape=(87,)
[ 2020-03-15 17:50:37,144][cascade_classifier.fit_transform] group_dims=[1]
[ 2020-03-15 17:50:37,144][cascade_classifier.fit_transform] group_starts=[0]
[ 2020-03-15 17:50:37,144][cascade_classifier.fit_transform] group_ends=[1]
[ 2020-03-15 17:50:37,144][cascade_classifier.fit_transform] X_train.shape=(774, 1),X_test.shape=(87, 1)
[ 2020-03-15 17:50:37,144][cascade_classifier.fit_transform] [layer=0] look_indexs=[0], X_cur_train.shape=(774, 1), X_cur_test.shape=(87, 1)
[ 2020-03-15 17:50:39,193][kfold_wrapper.log_eval_metrics] Accuracy(layer_0 - estimator_0 - 3_folds.train_0.predict)=74.81%
[ 2020-03-15 17:50:41,507][kfold_wrapper.log_eval_metrics] Accuracy(layer_0 - estimator_0 - 3_folds.train_1.predict)=77.91%
[ 2020-03-15 17:50:43,725][kfold_wrapper.log_eval_metrics] Accuracy(layer_0 - estimator_0 - 3_folds.train_2.predict)=74.42%
[ 2020-03-15 17:50:44,054][kfold_wrapper.log_eval_metrics] Accuracy(layer_0 - estimator_0 - 3_folds.train_cv.predict)=75.71%
[ 2020-03-15 17:50:44,054][kfold_wrapper.log_eval_metrics] Accuracy(layer_0 - estimator_0 - 3_folds.test.predict)=72.41%
[ 2020-03-15 17:50:45,928][kfold_wrapper.log_eval_metrics] Accuracy(layer_0 - estimator_1 - 3_folds.train_0.predict)=74.42%
[ 2020-03-15 17:50:48,180][kfold_wrapper.log_eval_metrics] Accuracy(layer_0 - estimator_1 - 3_folds.train_1.predict)=74.42%
[ 2020-03-15 17:50:50,418][kfold_wrapper.log_eval_metrics] Accuracy(layer_0 - estimator_1 - 3_folds.train_2.predict)=79.84%
[ 2020-03-15 17:50:50,757][kfold_wrapper.log_eval_metrics] Accuracy(layer_0 - estimator_1 - 3_folds.train_cv.predict)=76.23%
[ 2020-03-15 17:50:50,757][kfold_wrapper.log_eval_metrics] Accuracy(layer_0 - estimator_1 - 3_folds.test.predict)=71.26%
[ 2020-03-15 17:50:52,623][kfold_wrapper.log_eval_metrics] Accuracy(layer_0 - estimator_2 - 3_folds.train_0.predict)=76.74%
[ 2020-03-15 17:50:54,793][kfold_wrapper.log_eval_metrics] Accuracy(layer_0 - estimator_2 - 3_folds.train_1.predict)=78.29%
[ 2020-03-15 17:50:56,937][kfold_wrapper.log_eval_metrics] Accuracy(layer_0 - estimator_2 - 3_folds.train_2.predict)=77.13%
[ 2020-03-15 17:50:57,266][kfold_wrapper.log_eval_metrics] Accuracy(layer_0 - estimator_2 - 3_folds.train_cv.predict)=77.39%
[ 2020-03-15 17:50:57,266][kfold_wrapper.log_eval_metrics] Accuracy(layer_0 - estimator_2 - 3_folds.test.predict)=67.82%
[ 2020-03-15 17:50:57,266][cascade_classifier.calc_accuracy] Accuracy(layer_0 - train.classifier_average)=80.49%
[ 2020-03-15 17:50:57,266][cascade_classifier.calc_accuracy] Accuracy(layer_0 - test.classifier_average)=70.11%
[ 2020-03-15 17:50:57,266][cascade_classifier.fit_transform] [layer=1] look_indexs=[0], X_cur_train.shape=(774, 7), X_cur_test.shape=(87, 7)
[ 2020-03-15 17:50:59,127][kfold_wrapper.log_eval_metrics] Accuracy(layer_1 - estimator_0 - 3_folds.train_0.predict)=82.56%
[ 2020-03-15 17:51:01,473][kfold_wrapper.log_eval_metrics] Accuracy(layer_1 - estimator_0 - 3_folds.train_1.predict)=82.17%
[ 2020-03-15 17:51:03,777][kfold_wrapper.log_eval_metrics] Accuracy(layer_1 - estimator_0 - 3_folds.train_2.predict)=82.17%
[ 2020-03-15 17:51:04,105][kfold_wrapper.log_eval_metrics] Accuracy(layer_1 - estimator_0 - 3_folds.train_cv.predict)=82.30%
[ 2020-03-15 17:51:04,105][kfold_wrapper.log_eval_metrics] Accuracy(layer_1 - estimator_0 - 3_folds.test.predict)=73.56%
[ 2020-03-15 17:51:06,077][kfold_wrapper.log_eval_metrics] Accuracy(layer_1 - estimator_1 - 3_folds.train_0.predict)=83.72%
[ 2020-03-15 17:51:08,284][kfold_wrapper.log_eval_metrics] Accuracy(layer_1 - estimator_1 - 3_folds.train_1.predict)=84.88%
[ 2020-03-15 17:51:10,601][kfold_wrapper.log_eval_metrics] Accuracy(layer_1 - estimator_1 - 3_folds.train_2.predict)=79.07%
[ 2020-03-15 17:51:10,938][kfold_wrapper.log_eval_metrics] Accuracy(layer_1 - estimator_1 - 3_folds.train_cv.predict)=82.56%
[ 2020-03-15 17:51:10,938][kfold_wrapper.log_eval_metrics] Accuracy(layer_1 - estimator_1 - 3_folds.test.predict)=74.71%
[ 2020-03-15 17:51:12,779][kfold_wrapper.log_eval_metrics] Accuracy(layer_1 - estimator_2 - 3_folds.train_0.predict)=83.33%
[ 2020-03-15 17:51:14,938][kfold_wrapper.log_eval_metrics] Accuracy(layer_1 - estimator_2 - 3_folds.train_1.predict)=84.88%
[ 2020-03-15 17:51:17,112][kfold_wrapper.log_eval_metrics] Accuracy(layer_1 - estimator_2 - 3_folds.train_2.predict)=82.17%
[ 2020-03-15 17:51:17,346][kfold_wrapper.log_eval_metrics] Accuracy(layer_1 - estimator_2 - 3_folds.train_cv.predict)=83.46%
[ 2020-03-15 17:51:17,346][kfold_wrapper.log_eval_metrics] Accuracy(layer_1 - estimator_2 - 3_folds.test.predict)=75.86%
[ 2020-03-15 17:51:17,346][cascade_classifier.calc_accuracy] Accuracy(layer_1 - train.classifier_average)=83.46%
[ 2020-03-15 17:51:17,346][cascade_classifier.calc_accuracy] Accuracy(layer_1 - test.classifier_average)=73.56%
[ 2020-03-15 17:51:17,346][cascade_classifier.fit_transform] [layer=2] look_indexs=[0], X_cur_train.shape=(774, 7), X_cur_test.shape=(87, 7)
[ 2020-03-15 17:51:19,256][kfold_wrapper.log_eval_metrics] Accuracy(layer_2 - estimator_0 - 3_folds.train_0.predict)=83.33%
[ 2020-03-15 17:51:21,570][kfold_wrapper.log_eval_metrics] Accuracy(layer_2 - estimator_0 - 3_folds.train_1.predict)=80.62%
[ 2020-03-15 17:51:23,822][kfold_wrapper.log_eval_metrics] Accuracy(layer_2 - estimator_0 - 3_folds.train_2.predict)=84.88%
[ 2020-03-15 17:51:24,150][kfold_wrapper.log_eval_metrics] Accuracy(layer_2 - estimator_0 - 3_folds.train_cv.predict)=82.95%
[ 2020-03-15 17:51:24,150][kfold_wrapper.log_eval_metrics] Accuracy(layer_2 - estimator_0 - 3_folds.test.predict)=77.01%
[ 2020-03-15 17:51:26,125][kfold_wrapper.log_eval_metrics] Accuracy(layer_2 - estimator_1 - 3_folds.train_0.predict)=83.33%
[ 2020-03-15 17:51:28,337][kfold_wrapper.log_eval_metrics] Accuracy(layer_2 - estimator_1 - 3_folds.train_1.predict)=82.95%
[ 2020-03-15 17:51:30,646][kfold_wrapper.log_eval_metrics] Accuracy(layer_2 - estimator_1 - 3_folds.train_2.predict)=82.56%
[ 2020-03-15 17:51:30,973][kfold_wrapper.log_eval_metrics] Accuracy(layer_2 - estimator_1 - 3_folds.train_cv.predict)=82.95%
[ 2020-03-15 17:51:30,973][kfold_wrapper.log_eval_metrics] Accuracy(layer_2 - estimator_1 - 3_folds.test.predict)=74.71%
[ 2020-03-15 17:51:32,792][kfold_wrapper.log_eval_metrics] Accuracy(layer_2 - estimator_2 - 3_folds.train_0.predict)=82.95%
[ 2020-03-15 17:51:34,952][kfold_wrapper.log_eval_metrics] Accuracy(layer_2 - estimator_2 - 3_folds.train_1.predict)=84.11%
[ 2020-03-15 17:51:37,011][kfold_wrapper.log_eval_metrics] Accuracy(layer_2 - estimator_2 - 3_folds.train_2.predict)=80.23%
[ 2020-03-15 17:51:37,355][kfold_wrapper.log_eval_metrics] Accuracy(layer_2 - estimator_2 - 3_folds.train_cv.predict)=82.43%
[ 2020-03-15 17:51:37,355][kfold_wrapper.log_eval_metrics] Accuracy(layer_2 - estimator_2 - 3_folds.test.predict)=79.31%
[ 2020-03-15 17:51:37,355][cascade_classifier.calc_accuracy] Accuracy(layer_2 - train.classifier_average)=82.95%
[ 2020-03-15 17:51:37,355][cascade_classifier.calc_accuracy] Accuracy(layer_2 - test.classifier_average)=77.01%
[ 2020-03-15 17:51:37,355][cascade_classifier.fit_transform] [layer=3] look_indexs=[0], X_cur_train.shape=(774, 7), X_cur_test.shape=(87, 7)
[ 2020-03-15 17:51:39,297][kfold_wrapper.log_eval_metrics] Accuracy(layer_3 - estimator_0 - 3_folds.train_0.predict)=83.72%
[ 2020-03-15 17:51:41,602][kfold_wrapper.log_eval_metrics] Accuracy(layer_3 - estimator_0 - 3_folds.train_1.predict)=84.11%
[ 2020-03-15 17:51:43,806][kfold_wrapper.log_eval_metrics] Accuracy(layer_3 - estimator_0 - 3_folds.train_2.predict)=80.62%
[ 2020-03-15 17:51:44,134][kfold_wrapper.log_eval_metrics] Accuracy(layer_3 - estimator_0 - 3_folds.train_cv.predict)=82.82%
[ 2020-03-15 17:51:44,134][kfold_wrapper.log_eval_metrics] Accuracy(layer_3 - estimator_0 - 3_folds.test.predict)=74.71%
