[ 2020-03-16 16:57:19,825][cascade_classifier.fit_transform] X_groups_train.shape=[(774, 279)],y_train.shape=(774,),X_groups_test.shape=[(87, 279)],y_test.shape=(87,)
[ 2020-03-16 16:57:19,826][cascade_classifier.fit_transform] group_dims=[279]
[ 2020-03-16 16:57:19,827][cascade_classifier.fit_transform] group_starts=[0]
[ 2020-03-16 16:57:19,827][cascade_classifier.fit_transform] group_ends=[279]
[ 2020-03-16 16:57:19,827][cascade_classifier.fit_transform] X_train.shape=(774, 279),X_test.shape=(87, 279)
[ 2020-03-16 16:57:19,829][cascade_classifier.fit_transform] [layer=0] look_indexs=[0], X_cur_train.shape=(774, 279), X_cur_test.shape=(87, 279)
[ 2020-03-16 16:57:22,489][kfold_wrapper.log_eval_metrics] Accuracy(layer_0 - estimator_0 - 3_folds.train_0.predict)=81.47%
[ 2020-03-16 16:57:25,528][kfold_wrapper.log_eval_metrics] Accuracy(layer_0 - estimator_0 - 3_folds.train_1.predict)=80.23%
[ 2020-03-16 16:57:28,804][kfold_wrapper.log_eval_metrics] Accuracy(layer_0 - estimator_0 - 3_folds.train_2.predict)=84.82%
[ 2020-03-16 16:57:29,223][kfold_wrapper.log_eval_metrics] Accuracy(layer_0 - estimator_0 - 3_folds.train_cv.predict)=82.17%
[ 2020-03-16 16:57:29,224][kfold_wrapper.log_eval_metrics] Accuracy(layer_0 - estimator_0 - 3_folds.test.predict)=87.36%
[ 2020-03-16 16:57:31,909][kfold_wrapper.log_eval_metrics] Accuracy(layer_0 - estimator_1 - 3_folds.train_0.predict)=82.24%
[ 2020-03-16 16:57:34,948][kfold_wrapper.log_eval_metrics] Accuracy(layer_0 - estimator_1 - 3_folds.train_1.predict)=81.78%
[ 2020-03-16 16:57:38,227][kfold_wrapper.log_eval_metrics] Accuracy(layer_0 - estimator_1 - 3_folds.train_2.predict)=81.32%
[ 2020-03-16 16:57:38,534][kfold_wrapper.log_eval_metrics] Accuracy(layer_0 - estimator_1 - 3_folds.train_cv.predict)=81.78%
[ 2020-03-16 16:57:38,535][kfold_wrapper.log_eval_metrics] Accuracy(layer_0 - estimator_1 - 3_folds.test.predict)=87.36%
[ 2020-03-16 16:57:40,213][kfold_wrapper.log_eval_metrics] Accuracy(layer_0 - estimator_2 - 3_folds.train_0.predict)=79.92%
[ 2020-03-16 16:57:41,854][kfold_wrapper.log_eval_metrics] Accuracy(layer_0 - estimator_2 - 3_folds.train_1.predict)=82.56%
[ 2020-03-16 16:57:43,664][kfold_wrapper.log_eval_metrics] Accuracy(layer_0 - estimator_2 - 3_folds.train_2.predict)=80.16%
[ 2020-03-16 16:57:43,666][kfold_wrapper.log_eval_metrics] Accuracy(layer_0 - estimator_2 - 3_folds.train_cv.predict)=80.88%
[ 2020-03-16 16:57:43,672][kfold_wrapper.log_eval_metrics] Accuracy(layer_0 - estimator_2 - 3_folds.test.predict)=83.91%
[ 2020-03-16 16:57:43,673][cascade_classifier.calc_accuracy] Accuracy(layer_0 - train.classifier_average)=81.91%
[ 2020-03-16 16:57:43,673][cascade_classifier.calc_accuracy] Accuracy(layer_0 - test.classifier_average)=85.06%
[ 2020-03-16 16:57:43,674][cascade_classifier.fit_transform] [layer=1] look_indexs=[0], X_cur_train.shape=(774, 285), X_cur_test.shape=(87, 285)
[ 2020-03-16 16:57:46,117][kfold_wrapper.log_eval_metrics] Accuracy(layer_1 - estimator_0 - 3_folds.train_0.predict)=82.63%
[ 2020-03-16 16:57:48,894][kfold_wrapper.log_eval_metrics] Accuracy(layer_1 - estimator_0 - 3_folds.train_1.predict)=79.46%
[ 2020-03-16 16:57:51,748][kfold_wrapper.log_eval_metrics] Accuracy(layer_1 - estimator_0 - 3_folds.train_2.predict)=84.82%
[ 2020-03-16 16:57:52,060][kfold_wrapper.log_eval_metrics] Accuracy(layer_1 - estimator_0 - 3_folds.train_cv.predict)=82.30%
[ 2020-03-16 16:57:52,061][kfold_wrapper.log_eval_metrics] Accuracy(layer_1 - estimator_0 - 3_folds.test.predict)=85.06%
[ 2020-03-16 16:57:54,469][kfold_wrapper.log_eval_metrics] Accuracy(layer_1 - estimator_1 - 3_folds.train_0.predict)=83.40%
[ 2020-03-16 16:57:57,188][kfold_wrapper.log_eval_metrics] Accuracy(layer_1 - estimator_1 - 3_folds.train_1.predict)=82.95%
[ 2020-03-16 16:58:00,007][kfold_wrapper.log_eval_metrics] Accuracy(layer_1 - estimator_1 - 3_folds.train_2.predict)=80.54%
[ 2020-03-16 16:58:00,321][kfold_wrapper.log_eval_metrics] Accuracy(layer_1 - estimator_1 - 3_folds.train_cv.predict)=82.30%
[ 2020-03-16 16:58:00,321][kfold_wrapper.log_eval_metrics] Accuracy(layer_1 - estimator_1 - 3_folds.test.predict)=86.21%
[ 2020-03-16 16:58:01,801][kfold_wrapper.log_eval_metrics] Accuracy(layer_1 - estimator_2 - 3_folds.train_0.predict)=79.54%
[ 2020-03-16 16:58:03,246][kfold_wrapper.log_eval_metrics] Accuracy(layer_1 - estimator_2 - 3_folds.train_1.predict)=82.17%
[ 2020-03-16 16:58:04,834][kfold_wrapper.log_eval_metrics] Accuracy(layer_1 - estimator_2 - 3_folds.train_2.predict)=82.10%
[ 2020-03-16 16:58:04,836][kfold_wrapper.log_eval_metrics] Accuracy(layer_1 - estimator_2 - 3_folds.train_cv.predict)=81.27%
[ 2020-03-16 16:58:04,836][kfold_wrapper.log_eval_metrics] Accuracy(layer_1 - estimator_2 - 3_folds.test.predict)=87.36%
[ 2020-03-16 16:58:04,836][cascade_classifier.calc_accuracy] Accuracy(layer_1 - train.classifier_average)=82.30%
[ 2020-03-16 16:58:04,837][cascade_classifier.calc_accuracy] Accuracy(layer_1 - test.classifier_average)=87.36%
[ 2020-03-16 16:58:04,838][cascade_classifier.fit_transform] [layer=2] look_indexs=[0], X_cur_train.shape=(774, 285), X_cur_test.shape=(87, 285)
[ 2020-03-16 16:58:07,488][kfold_wrapper.log_eval_metrics] Accuracy(layer_2 - estimator_0 - 3_folds.train_0.predict)=79.54%
[ 2020-03-16 16:58:10,558][kfold_wrapper.log_eval_metrics] Accuracy(layer_2 - estimator_0 - 3_folds.train_1.predict)=81.40%
[ 2020-03-16 16:58:13,662][kfold_wrapper.log_eval_metrics] Accuracy(layer_2 - estimator_0 - 3_folds.train_2.predict)=83.66%
[ 2020-03-16 16:58:14,072][kfold_wrapper.log_eval_metrics] Accuracy(layer_2 - estimator_0 - 3_folds.train_cv.predict)=81.52%
[ 2020-03-16 16:58:14,073][kfold_wrapper.log_eval_metrics] Accuracy(layer_2 - estimator_0 - 3_folds.test.predict)=86.21%
[ 2020-03-16 16:58:16,448][kfold_wrapper.log_eval_metrics] Accuracy(layer_2 - estimator_1 - 3_folds.train_0.predict)=81.85%
[ 2020-03-16 16:58:19,189][kfold_wrapper.log_eval_metrics] Accuracy(layer_2 - estimator_1 - 3_folds.train_1.predict)=82.95%
[ 2020-03-16 16:58:21,957][kfold_wrapper.log_eval_metrics] Accuracy(layer_2 - estimator_1 - 3_folds.train_2.predict)=81.71%
[ 2020-03-16 16:58:22,386][kfold_wrapper.log_eval_metrics] Accuracy(layer_2 - estimator_1 - 3_folds.train_cv.predict)=82.17%
[ 2020-03-16 16:58:22,387][kfold_wrapper.log_eval_metrics] Accuracy(layer_2 - estimator_1 - 3_folds.test.predict)=88.51%
[ 2020-03-16 16:58:23,806][kfold_wrapper.log_eval_metrics] Accuracy(layer_2 - estimator_2 - 3_folds.train_0.predict)=78.38%
[ 2020-03-16 16:58:25,522][kfold_wrapper.log_eval_metrics] Accuracy(layer_2 - estimator_2 - 3_folds.train_1.predict)=82.95%
[ 2020-03-16 16:58:27,220][kfold_wrapper.log_eval_metrics] Accuracy(layer_2 - estimator_2 - 3_folds.train_2.predict)=80.16%
[ 2020-03-16 16:58:27,224][kfold_wrapper.log_eval_metrics] Accuracy(layer_2 - estimator_2 - 3_folds.train_cv.predict)=80.49%
[ 2020-03-16 16:58:27,224][kfold_wrapper.log_eval_metrics] Accuracy(layer_2 - estimator_2 - 3_folds.test.predict)=83.91%
[ 2020-03-16 16:58:27,225][cascade_classifier.calc_accuracy] Accuracy(layer_2 - train.classifier_average)=82.17%
[ 2020-03-16 16:58:27,225][cascade_classifier.calc_accuracy] Accuracy(layer_2 - test.classifier_average)=86.21%
[ 2020-03-16 16:58:27,226][cascade_classifier.fit_transform] [layer=3] look_indexs=[0], X_cur_train.shape=(774, 285), X_cur_test.shape=(87, 285)
[ 2020-03-16 16:58:30,109][kfold_wrapper.log_eval_metrics] Accuracy(layer_3 - estimator_0 - 3_folds.train_0.predict)=84.17%
[ 2020-03-16 16:58:33,256][kfold_wrapper.log_eval_metrics] Accuracy(layer_3 - estimator_0 - 3_folds.train_1.predict)=83.33%
[ 2020-03-16 16:58:36,392][kfold_wrapper.log_eval_metrics] Accuracy(layer_3 - estimator_0 - 3_folds.train_2.predict)=77.82%
[ 2020-03-16 16:58:36,806][kfold_wrapper.log_eval_metrics] Accuracy(layer_3 - estimator_0 - 3_folds.train_cv.predict)=81.78%
[ 2020-03-16 16:58:36,806][kfold_wrapper.log_eval_metrics] Accuracy(layer_3 - estimator_0 - 3_folds.test.predict)=88.51%
[ 2020-03-16 16:58:39,317][kfold_wrapper.log_eval_metrics] Accuracy(layer_3 - estimator_1 - 3_folds.train_0.predict)=80.31%
[ 2020-03-16 16:58:42,265][kfold_wrapper.log_eval_metrics] Accuracy(layer_3 - estimator_1 - 3_folds.train_1.predict)=83.33%
[ 2020-03-16 16:58:45,242][kfold_wrapper.log_eval_metrics] Accuracy(layer_3 - estimator_1 - 3_folds.train_2.predict)=82.49%
[ 2020-03-16 16:58:45,668][kfold_wrapper.log_eval_metrics] Accuracy(layer_3 - estimator_1 - 3_folds.train_cv.predict)=82.04%
[ 2020-03-16 16:58:45,668][kfold_wrapper.log_eval_metrics] Accuracy(layer_3 - estimator_1 - 3_folds.test.predict)=88.51%
[ 2020-03-16 16:58:47,275][kfold_wrapper.log_eval_metrics] Accuracy(layer_3 - estimator_2 - 3_folds.train_0.predict)=83.40%
[ 2020-03-16 16:58:48,859][kfold_wrapper.log_eval_metrics] Accuracy(layer_3 - estimator_2 - 3_folds.train_1.predict)=79.46%
[ 2020-03-16 16:58:50,460][kfold_wrapper.log_eval_metrics] Accuracy(layer_3 - estimator_2 - 3_folds.train_2.predict)=82.10%
[ 2020-03-16 16:58:50,467][kfold_wrapper.log_eval_metrics] Accuracy(layer_3 - estimator_2 - 3_folds.train_cv.predict)=81.65%
[ 2020-03-16 16:58:50,467][kfold_wrapper.log_eval_metrics] Accuracy(layer_3 - estimator_2 - 3_folds.test.predict)=86.21%
[ 2020-03-16 16:58:50,467][cascade_classifier.calc_accuracy] Accuracy(layer_3 - train.classifier_average)=82.30%
[ 2020-03-16 16:58:50,468][cascade_classifier.calc_accuracy] Accuracy(layer_3 - test.classifier_average)=87.36%
[ 2020-03-16 16:58:50,469][cascade_classifier.fit_transform] [layer=4] look_indexs=[0], X_cur_train.shape=(774, 285), X_cur_test.shape=(87, 285)
[ 2020-03-16 16:58:53,276][kfold_wrapper.log_eval_metrics] Accuracy(layer_4 - estimator_0 - 3_folds.train_0.predict)=80.69%
[ 2020-03-16 16:58:56,492][kfold_wrapper.log_eval_metrics] Accuracy(layer_4 - estimator_0 - 3_folds.train_1.predict)=82.56%
[ 2020-03-16 16:58:59,675][kfold_wrapper.log_eval_metrics] Accuracy(layer_4 - estimator_0 - 3_folds.train_2.predict)=80.54%
[ 2020-03-16 16:59:00,090][kfold_wrapper.log_eval_metrics] Accuracy(layer_4 - estimator_0 - 3_folds.train_cv.predict)=81.27%
[ 2020-03-16 16:59:00,091][kfold_wrapper.log_eval_metrics] Accuracy(layer_4 - estimator_0 - 3_folds.test.predict)=86.21%
[ 2020-03-16 16:59:02,475][kfold_wrapper.log_eval_metrics] Accuracy(layer_4 - estimator_1 - 3_folds.train_0.predict)=82.24%
[ 2020-03-16 16:59:05,383][kfold_wrapper.log_eval_metrics] Accuracy(layer_4 - estimator_1 - 3_folds.train_1.predict)=82.17%
[ 2020-03-16 16:59:08,276][kfold_wrapper.log_eval_metrics] Accuracy(layer_4 - estimator_1 - 3_folds.train_2.predict)=80.93%
[ 2020-03-16 16:59:08,688][kfold_wrapper.log_eval_metrics] Accuracy(layer_4 - estimator_1 - 3_folds.train_cv.predict)=81.78%
[ 2020-03-16 16:59:08,688][kfold_wrapper.log_eval_metrics] Accuracy(layer_4 - estimator_1 - 3_folds.test.predict)=86.21%
[ 2020-03-16 16:59:10,145][kfold_wrapper.log_eval_metrics] Accuracy(layer_4 - estimator_2 - 3_folds.train_0.predict)=81.47%
[ 2020-03-16 16:59:11,684][kfold_wrapper.log_eval_metrics] Accuracy(layer_4 - estimator_2 - 3_folds.train_1.predict)=79.46%
[ 2020-03-16 16:59:13,153][kfold_wrapper.log_eval_metrics] Accuracy(layer_4 - estimator_2 - 3_folds.train_2.predict)=81.71%
[ 2020-03-16 16:59:13,156][kfold_wrapper.log_eval_metrics] Accuracy(layer_4 - estimator_2 - 3_folds.train_cv.predict)=80.88%
[ 2020-03-16 16:59:13,156][kfold_wrapper.log_eval_metrics] Accuracy(layer_4 - estimator_2 - 3_folds.test.predict)=86.21%
[ 2020-03-16 16:59:13,156][cascade_classifier.calc_accuracy] Accuracy(layer_4 - train.classifier_average)=82.17%
[ 2020-03-16 16:59:13,157][cascade_classifier.calc_accuracy] Accuracy(layer_4 - test.classifier_average)=86.21%
[ 2020-03-16 16:59:13,157][cascade_classifier.fit_transform] [Result][Optimal Level Detected] opt_layer_num=2, accuracy_train=82.30%, accuracy_test=87.36%
[ 2020-03-16 16:59:13,191][cascade_classifier.transform] X_groups_test.shape=[(87, 279)]
[ 2020-03-16 16:59:13,192][cascade_classifier.transform] group_dims=[279]
[ 2020-03-16 16:59:13,192][cascade_classifier.transform] X_test.shape=(87, 279)
[ 2020-03-16 16:59:13,192][cascade_classifier.transform] [layer=0] look_indexs=[0], X_cur_test.shape=(87, 279)
[ 2020-03-16 16:59:15,591][cascade_classifier.transform] [layer=1] look_indexs=[0], X_cur_test.shape=(87, 285)
[ 2020-03-16 16:59:18,115][cascade_classifier.transform] X_groups_test.shape=[(87, 279)]
[ 2020-03-16 16:59:18,116][cascade_classifier.transform] group_dims=[279]
[ 2020-03-16 16:59:18,117][cascade_classifier.transform] X_test.shape=(87, 279)
[ 2020-03-16 16:59:18,117][cascade_classifier.transform] [layer=0] look_indexs=[0], X_cur_test.shape=(87, 279)
[ 2020-03-16 16:59:20,592][cascade_classifier.transform] [layer=1] look_indexs=[0], X_cur_test.shape=(87, 285)
[ 2020-03-16 16:59:23,382][cascade_classifier.fit_transform] X_groups_train.shape=[(774, 279)],y_train.shape=(774,),X_groups_test.shape=[(87, 279)],y_test.shape=(87,)
[ 2020-03-16 16:59:23,383][cascade_classifier.fit_transform] group_dims=[279]
[ 2020-03-16 16:59:23,384][cascade_classifier.fit_transform] group_starts=[0]
[ 2020-03-16 16:59:23,384][cascade_classifier.fit_transform] group_ends=[279]
[ 2020-03-16 16:59:23,384][cascade_classifier.fit_transform] X_train.shape=(774, 279),X_test.shape=(87, 279)
[ 2020-03-16 16:59:23,385][cascade_classifier.fit_transform] [layer=0] look_indexs=[0], X_cur_train.shape=(774, 279), X_cur_test.shape=(87, 279)
[ 2020-03-16 16:59:26,198][kfold_wrapper.log_eval_metrics] Accuracy(layer_0 - estimator_0 - 3_folds.train_0.predict)=82.24%
[ 2020-03-16 16:59:29,405][kfold_wrapper.log_eval_metrics] Accuracy(layer_0 - estimator_0 - 3_folds.train_1.predict)=79.84%
[ 2020-03-16 16:59:32,755][kfold_wrapper.log_eval_metrics] Accuracy(layer_0 - estimator_0 - 3_folds.train_2.predict)=81.71%
[ 2020-03-16 16:59:33,166][kfold_wrapper.log_eval_metrics] Accuracy(layer_0 - estimator_0 - 3_folds.train_cv.predict)=81.27%
[ 2020-03-16 16:59:33,167][kfold_wrapper.log_eval_metrics] Accuracy(layer_0 - estimator_0 - 3_folds.test.predict)=88.51%
[ 2020-03-16 16:59:35,819][kfold_wrapper.log_eval_metrics] Accuracy(layer_0 - estimator_1 - 3_folds.train_0.predict)=83.01%
[ 2020-03-16 16:59:38,736][kfold_wrapper.log_eval_metrics] Accuracy(layer_0 - estimator_1 - 3_folds.train_1.predict)=81.40%
[ 2020-03-16 16:59:41,654][kfold_wrapper.log_eval_metrics] Accuracy(layer_0 - estimator_1 - 3_folds.train_2.predict)=82.88%
[ 2020-03-16 16:59:41,967][kfold_wrapper.log_eval_metrics] Accuracy(layer_0 - estimator_1 - 3_folds.train_cv.predict)=82.43%
[ 2020-03-16 16:59:41,968][kfold_wrapper.log_eval_metrics] Accuracy(layer_0 - estimator_1 - 3_folds.test.predict)=89.66%
[ 2020-03-16 16:59:43,430][kfold_wrapper.log_eval_metrics] Accuracy(layer_0 - estimator_2 - 3_folds.train_0.predict)=82.24%
[ 2020-03-16 16:59:44,963][kfold_wrapper.log_eval_metrics] Accuracy(layer_0 - estimator_2 - 3_folds.train_1.predict)=82.17%
[ 2020-03-16 16:59:46,528][kfold_wrapper.log_eval_metrics] Accuracy(layer_0 - estimator_2 - 3_folds.train_2.predict)=79.77%
[ 2020-03-16 16:59:46,536][kfold_wrapper.log_eval_metrics] Accuracy(layer_0 - estimator_2 - 3_folds.train_cv.predict)=81.40%
[ 2020-03-16 16:59:46,536][kfold_wrapper.log_eval_metrics] Accuracy(layer_0 - estimator_2 - 3_folds.test.predict)=87.36%
[ 2020-03-16 16:59:46,536][cascade_classifier.calc_accuracy] Accuracy(layer_0 - train.classifier_average)=81.91%
[ 2020-03-16 16:59:46,537][cascade_classifier.calc_accuracy] Accuracy(layer_0 - test.classifier_average)=87.36%
[ 2020-03-16 16:59:46,539][cascade_classifier.fit_transform] [layer=1] look_indexs=[0], X_cur_train.shape=(774, 285), X_cur_test.shape=(87, 285)
[ 2020-03-16 16:59:49,319][kfold_wrapper.log_eval_metrics] Accuracy(layer_1 - estimator_0 - 3_folds.train_0.predict)=81.47%
[ 2020-03-16 16:59:52,535][kfold_wrapper.log_eval_metrics] Accuracy(layer_1 - estimator_0 - 3_folds.train_1.predict)=84.11%
[ 2020-03-16 16:59:55,817][kfold_wrapper.log_eval_metrics] Accuracy(layer_1 - estimator_0 - 3_folds.train_2.predict)=80.54%
[ 2020-03-16 16:59:56,232][kfold_wrapper.log_eval_metrics] Accuracy(layer_1 - estimator_0 - 3_folds.train_cv.predict)=82.04%
[ 2020-03-16 16:59:56,240][kfold_wrapper.log_eval_metrics] Accuracy(layer_1 - estimator_0 - 3_folds.test.predict)=88.51%
[ 2020-03-16 16:59:58,753][kfold_wrapper.log_eval_metrics] Accuracy(layer_1 - estimator_1 - 3_folds.train_0.predict)=80.31%
[ 2020-03-16 17:00:01,655][kfold_wrapper.log_eval_metrics] Accuracy(layer_1 - estimator_1 - 3_folds.train_1.predict)=83.33%
[ 2020-03-16 17:00:04,634][kfold_wrapper.log_eval_metrics] Accuracy(layer_1 - estimator_1 - 3_folds.train_2.predict)=85.21%
[ 2020-03-16 17:00:05,049][kfold_wrapper.log_eval_metrics] Accuracy(layer_1 - estimator_1 - 3_folds.train_cv.predict)=82.95%
[ 2020-03-16 17:00:05,049][kfold_wrapper.log_eval_metrics] Accuracy(layer_1 - estimator_1 - 3_folds.test.predict)=87.36%
[ 2020-03-16 17:00:06,484][kfold_wrapper.log_eval_metrics] Accuracy(layer_1 - estimator_2 - 3_folds.train_0.predict)=82.24%
[ 2020-03-16 17:00:08,059][kfold_wrapper.log_eval_metrics] Accuracy(layer_1 - estimator_2 - 3_folds.train_1.predict)=83.33%
[ 2020-03-16 17:00:09,549][kfold_wrapper.log_eval_metrics] Accuracy(layer_1 - estimator_2 - 3_folds.train_2.predict)=79.77%
[ 2020-03-16 17:00:09,552][kfold_wrapper.log_eval_metrics] Accuracy(layer_1 - estimator_2 - 3_folds.train_cv.predict)=81.78%
[ 2020-03-16 17:00:09,552][kfold_wrapper.log_eval_metrics] Accuracy(layer_1 - estimator_2 - 3_folds.test.predict)=86.21%
[ 2020-03-16 17:00:09,552][cascade_classifier.calc_accuracy] Accuracy(layer_1 - train.classifier_average)=82.95%
[ 2020-03-16 17:00:09,553][cascade_classifier.calc_accuracy] Accuracy(layer_1 - test.classifier_average)=87.36%
[ 2020-03-16 17:00:09,554][cascade_classifier.fit_transform] [layer=2] look_indexs=[0], X_cur_train.shape=(774, 285), X_cur_test.shape=(87, 285)
[ 2020-03-16 17:00:12,335][kfold_wrapper.log_eval_metrics] Accuracy(layer_2 - estimator_0 - 3_folds.train_0.predict)=84.94%
[ 2020-03-16 17:00:15,615][kfold_wrapper.log_eval_metrics] Accuracy(layer_2 - estimator_0 - 3_folds.train_1.predict)=80.23%
[ 2020-03-16 17:00:18,518][kfold_wrapper.log_eval_metrics] Accuracy(layer_2 - estimator_0 - 3_folds.train_2.predict)=80.54%
[ 2020-03-16 17:00:18,826][kfold_wrapper.log_eval_metrics] Accuracy(layer_2 - estimator_0 - 3_folds.train_cv.predict)=81.91%
[ 2020-03-16 17:00:18,833][kfold_wrapper.log_eval_metrics] Accuracy(layer_2 - estimator_0 - 3_folds.test.predict)=87.36%
[ 2020-03-16 17:00:21,149][kfold_wrapper.log_eval_metrics] Accuracy(layer_2 - estimator_1 - 3_folds.train_0.predict)=83.78%
[ 2020-03-16 17:00:23,528][kfold_wrapper.log_eval_metrics] Accuracy(layer_2 - estimator_1 - 3_folds.train_1.predict)=82.56%
[ 2020-03-16 17:00:25,862][kfold_wrapper.log_eval_metrics] Accuracy(layer_2 - estimator_1 - 3_folds.train_2.predict)=79.77%
[ 2020-03-16 17:00:26,169][kfold_wrapper.log_eval_metrics] Accuracy(layer_2 - estimator_1 - 3_folds.train_cv.predict)=82.04%
[ 2020-03-16 17:00:26,170][kfold_wrapper.log_eval_metrics] Accuracy(layer_2 - estimator_1 - 3_folds.test.predict)=86.21%
[ 2020-03-16 17:00:27,220][kfold_wrapper.log_eval_metrics] Accuracy(layer_2 - estimator_2 - 3_folds.train_0.predict)=81.47%
[ 2020-03-16 17:00:28,323][kfold_wrapper.log_eval_metrics] Accuracy(layer_2 - estimator_2 - 3_folds.train_1.predict)=80.23%
[ 2020-03-16 17:00:29,399][kfold_wrapper.log_eval_metrics] Accuracy(layer_2 - estimator_2 - 3_folds.train_2.predict)=80.16%
[ 2020-03-16 17:00:29,401][kfold_wrapper.log_eval_metrics] Accuracy(layer_2 - estimator_2 - 3_folds.train_cv.predict)=80.62%
[ 2020-03-16 17:00:29,402][kfold_wrapper.log_eval_metrics] Accuracy(layer_2 - estimator_2 - 3_folds.test.predict)=86.21%
[ 2020-03-16 17:00:29,402][cascade_classifier.calc_accuracy] Accuracy(layer_2 - train.classifier_average)=82.43%
[ 2020-03-16 17:00:29,402][cascade_classifier.calc_accuracy] Accuracy(layer_2 - test.classifier_average)=87.36%
[ 2020-03-16 17:00:29,404][cascade_classifier.fit_transform] [layer=3] look_indexs=[0], X_cur_train.shape=(774, 285), X_cur_test.shape=(87, 285)
[ 2020-03-16 17:00:31,570][kfold_wrapper.log_eval_metrics] Accuracy(layer_3 - estimator_0 - 3_folds.train_0.predict)=81.47%
[ 2020-03-16 17:00:34,040][kfold_wrapper.log_eval_metrics] Accuracy(layer_3 - estimator_0 - 3_folds.train_1.predict)=82.95%
