[ 2020-03-20 18:04:04,640][cascade_classifier.fit_transform] X_groups_train.shape=[(774, 1, 354, 1)],y_train.shape=(774,),X_groups_test.shape=[(87, 1, 354, 1)],y_test.shape=(87,)
[ 2020-03-20 18:04:04,642][cascade_classifier.fit_transform] group_dims=[354]
[ 2020-03-20 18:04:04,643][cascade_classifier.fit_transform] group_starts=[0]
[ 2020-03-20 18:04:04,643][cascade_classifier.fit_transform] group_ends=[354]
[ 2020-03-20 18:04:04,644][cascade_classifier.fit_transform] X_train.shape=(774, 354),X_test.shape=(87, 354)
[ 2020-03-20 18:04:04,648][cascade_classifier.fit_transform] [layer=0] look_indexs=[0], X_cur_train.shape=(774, 354), X_cur_test.shape=(87, 354)
[ 2020-03-20 18:04:07,708][kfold_wrapper.log_eval_metrics] Accuracy(layer_0 - estimator_0 - 3_folds.train_0.predict)=93.05%
[ 2020-03-20 18:04:11,099][kfold_wrapper.log_eval_metrics] Accuracy(layer_0 - estimator_0 - 3_folds.train_1.predict)=89.92%
[ 2020-03-20 18:04:14,575][kfold_wrapper.log_eval_metrics] Accuracy(layer_0 - estimator_0 - 3_folds.train_2.predict)=91.05%
[ 2020-03-20 18:04:14,997][kfold_wrapper.log_eval_metrics] Accuracy(layer_0 - estimator_0 - 3_folds.train_cv.predict)=91.34%
[ 2020-03-20 18:04:14,997][kfold_wrapper.log_eval_metrics] Accuracy(layer_0 - estimator_0 - 3_folds.test.predict)=93.10%
[ 2020-03-20 18:04:17,744][kfold_wrapper.log_eval_metrics] Accuracy(layer_0 - estimator_1 - 3_folds.train_0.predict)=90.35%
[ 2020-03-20 18:04:20,864][kfold_wrapper.log_eval_metrics] Accuracy(layer_0 - estimator_1 - 3_folds.train_1.predict)=88.76%
[ 2020-03-20 18:04:24,111][kfold_wrapper.log_eval_metrics] Accuracy(layer_0 - estimator_1 - 3_folds.train_2.predict)=91.44%
[ 2020-03-20 18:04:24,533][kfold_wrapper.log_eval_metrics] Accuracy(layer_0 - estimator_1 - 3_folds.train_cv.predict)=90.18%
[ 2020-03-20 18:04:24,534][kfold_wrapper.log_eval_metrics] Accuracy(layer_0 - estimator_1 - 3_folds.test.predict)=93.10%
[ 2020-03-20 18:04:26,543][kfold_wrapper.log_eval_metrics] Accuracy(layer_0 - estimator_2 - 3_folds.train_0.predict)=93.05%
[ 2020-03-20 18:04:28,446][kfold_wrapper.log_eval_metrics] Accuracy(layer_0 - estimator_2 - 3_folds.train_1.predict)=89.92%
[ 2020-03-20 18:04:30,443][kfold_wrapper.log_eval_metrics] Accuracy(layer_0 - estimator_2 - 3_folds.train_2.predict)=88.72%
[ 2020-03-20 18:04:30,446][kfold_wrapper.log_eval_metrics] Accuracy(layer_0 - estimator_2 - 3_folds.train_cv.predict)=90.57%
[ 2020-03-20 18:04:30,446][kfold_wrapper.log_eval_metrics] Accuracy(layer_0 - estimator_2 - 3_folds.test.predict)=91.95%
[ 2020-03-20 18:04:30,446][cascade_classifier.calc_accuracy] Accuracy(layer_0 - train.classifier_average)=90.70%
[ 2020-03-20 18:04:30,446][cascade_classifier.calc_accuracy] Accuracy(layer_0 - test.classifier_average)=93.10%
[ 2020-03-20 18:04:30,448][cascade_classifier.fit_transform] [layer=1] look_indexs=[0], X_cur_train.shape=(774, 360), X_cur_test.shape=(87, 360)
[ 2020-03-20 18:04:33,695][kfold_wrapper.log_eval_metrics] Accuracy(layer_1 - estimator_0 - 3_folds.train_0.predict)=93.82%
[ 2020-03-20 18:04:37,702][kfold_wrapper.log_eval_metrics] Accuracy(layer_1 - estimator_0 - 3_folds.train_1.predict)=93.80%
[ 2020-03-20 18:04:41,563][kfold_wrapper.log_eval_metrics] Accuracy(layer_1 - estimator_0 - 3_folds.train_2.predict)=88.33%
[ 2020-03-20 18:04:42,034][kfold_wrapper.log_eval_metrics] Accuracy(layer_1 - estimator_0 - 3_folds.train_cv.predict)=91.99%
[ 2020-03-20 18:04:42,035][kfold_wrapper.log_eval_metrics] Accuracy(layer_1 - estimator_0 - 3_folds.test.predict)=93.10%
[ 2020-03-20 18:04:45,108][kfold_wrapper.log_eval_metrics] Accuracy(layer_1 - estimator_1 - 3_folds.train_0.predict)=88.03%
[ 2020-03-20 18:04:48,334][kfold_wrapper.log_eval_metrics] Accuracy(layer_1 - estimator_1 - 3_folds.train_1.predict)=91.47%
[ 2020-03-20 18:04:51,763][kfold_wrapper.log_eval_metrics] Accuracy(layer_1 - estimator_1 - 3_folds.train_2.predict)=92.61%
[ 2020-03-20 18:04:52,209][kfold_wrapper.log_eval_metrics] Accuracy(layer_1 - estimator_1 - 3_folds.train_cv.predict)=90.70%
[ 2020-03-20 18:04:52,211][kfold_wrapper.log_eval_metrics] Accuracy(layer_1 - estimator_1 - 3_folds.test.predict)=93.10%
[ 2020-03-20 18:04:54,181][kfold_wrapper.log_eval_metrics] Accuracy(layer_1 - estimator_2 - 3_folds.train_0.predict)=90.35%
[ 2020-03-20 18:04:56,319][kfold_wrapper.log_eval_metrics] Accuracy(layer_1 - estimator_2 - 3_folds.train_1.predict)=89.53%
[ 2020-03-20 18:04:58,432][kfold_wrapper.log_eval_metrics] Accuracy(layer_1 - estimator_2 - 3_folds.train_2.predict)=94.16%
[ 2020-03-20 18:04:58,436][kfold_wrapper.log_eval_metrics] Accuracy(layer_1 - estimator_2 - 3_folds.train_cv.predict)=91.34%
[ 2020-03-20 18:04:58,436][kfold_wrapper.log_eval_metrics] Accuracy(layer_1 - estimator_2 - 3_folds.test.predict)=91.95%
[ 2020-03-20 18:04:58,436][cascade_classifier.calc_accuracy] Accuracy(layer_1 - train.classifier_average)=91.47%
[ 2020-03-20 18:04:58,437][cascade_classifier.calc_accuracy] Accuracy(layer_1 - test.classifier_average)=93.10%
[ 2020-03-20 18:04:58,438][cascade_classifier.fit_transform] [layer=2] look_indexs=[0], X_cur_train.shape=(774, 360), X_cur_test.shape=(87, 360)
[ 2020-03-20 18:05:01,744][kfold_wrapper.log_eval_metrics] Accuracy(layer_2 - estimator_0 - 3_folds.train_0.predict)=91.89%
[ 2020-03-20 18:05:05,397][kfold_wrapper.log_eval_metrics] Accuracy(layer_2 - estimator_0 - 3_folds.train_1.predict)=89.53%
[ 2020-03-20 18:05:09,353][kfold_wrapper.log_eval_metrics] Accuracy(layer_2 - estimator_0 - 3_folds.train_2.predict)=92.61%
[ 2020-03-20 18:05:09,772][kfold_wrapper.log_eval_metrics] Accuracy(layer_2 - estimator_0 - 3_folds.train_cv.predict)=91.34%
[ 2020-03-20 18:05:09,773][kfold_wrapper.log_eval_metrics] Accuracy(layer_2 - estimator_0 - 3_folds.test.predict)=93.10%
[ 2020-03-20 18:05:12,837][kfold_wrapper.log_eval_metrics] Accuracy(layer_2 - estimator_1 - 3_folds.train_0.predict)=87.64%
[ 2020-03-20 18:05:16,233][kfold_wrapper.log_eval_metrics] Accuracy(layer_2 - estimator_1 - 3_folds.train_1.predict)=93.41%
[ 2020-03-20 18:05:19,762][kfold_wrapper.log_eval_metrics] Accuracy(layer_2 - estimator_1 - 3_folds.train_2.predict)=91.44%
[ 2020-03-20 18:05:20,183][kfold_wrapper.log_eval_metrics] Accuracy(layer_2 - estimator_1 - 3_folds.train_cv.predict)=90.83%
[ 2020-03-20 18:05:20,183][kfold_wrapper.log_eval_metrics] Accuracy(layer_2 - estimator_1 - 3_folds.test.predict)=93.10%
[ 2020-03-20 18:05:22,475][kfold_wrapper.log_eval_metrics] Accuracy(layer_2 - estimator_2 - 3_folds.train_0.predict)=89.58%
[ 2020-03-20 18:05:25,088][kfold_wrapper.log_eval_metrics] Accuracy(layer_2 - estimator_2 - 3_folds.train_1.predict)=90.31%
[ 2020-03-20 18:05:27,863][kfold_wrapper.log_eval_metrics] Accuracy(layer_2 - estimator_2 - 3_folds.train_2.predict)=92.61%
[ 2020-03-20 18:05:27,874][kfold_wrapper.log_eval_metrics] Accuracy(layer_2 - estimator_2 - 3_folds.train_cv.predict)=90.83%
[ 2020-03-20 18:05:27,874][kfold_wrapper.log_eval_metrics] Accuracy(layer_2 - estimator_2 - 3_folds.test.predict)=91.95%
[ 2020-03-20 18:05:27,874][cascade_classifier.calc_accuracy] Accuracy(layer_2 - train.classifier_average)=91.34%
[ 2020-03-20 18:05:27,875][cascade_classifier.calc_accuracy] Accuracy(layer_2 - test.classifier_average)=93.10%
[ 2020-03-20 18:05:27,876][cascade_classifier.fit_transform] [layer=3] look_indexs=[0], X_cur_train.shape=(774, 360), X_cur_test.shape=(87, 360)
[ 2020-03-20 18:05:31,162][kfold_wrapper.log_eval_metrics] Accuracy(layer_3 - estimator_0 - 3_folds.train_0.predict)=89.58%
[ 2020-03-20 18:05:34,849][kfold_wrapper.log_eval_metrics] Accuracy(layer_3 - estimator_0 - 3_folds.train_1.predict)=91.47%
[ 2020-03-20 18:05:38,759][kfold_wrapper.log_eval_metrics] Accuracy(layer_3 - estimator_0 - 3_folds.train_2.predict)=92.61%
[ 2020-03-20 18:05:39,073][kfold_wrapper.log_eval_metrics] Accuracy(layer_3 - estimator_0 - 3_folds.train_cv.predict)=91.21%
[ 2020-03-20 18:05:39,073][kfold_wrapper.log_eval_metrics] Accuracy(layer_3 - estimator_0 - 3_folds.test.predict)=93.10%
[ 2020-03-20 18:05:42,211][kfold_wrapper.log_eval_metrics] Accuracy(layer_3 - estimator_1 - 3_folds.train_0.predict)=91.51%
[ 2020-03-20 18:05:45,422][kfold_wrapper.log_eval_metrics] Accuracy(layer_3 - estimator_1 - 3_folds.train_1.predict)=87.98%
[ 2020-03-20 18:05:48,416][kfold_wrapper.log_eval_metrics] Accuracy(layer_3 - estimator_1 - 3_folds.train_2.predict)=91.44%
[ 2020-03-20 18:05:48,759][kfold_wrapper.log_eval_metrics] Accuracy(layer_3 - estimator_1 - 3_folds.train_cv.predict)=90.31%
[ 2020-03-20 18:05:48,759][kfold_wrapper.log_eval_metrics] Accuracy(layer_3 - estimator_1 - 3_folds.test.predict)=93.10%
[ 2020-03-20 18:05:50,737][kfold_wrapper.log_eval_metrics] Accuracy(layer_3 - estimator_2 - 3_folds.train_0.predict)=92.28%
[ 2020-03-20 18:05:52,689][kfold_wrapper.log_eval_metrics] Accuracy(layer_3 - estimator_2 - 3_folds.train_1.predict)=91.86%
[ 2020-03-20 18:05:54,236][kfold_wrapper.log_eval_metrics] Accuracy(layer_3 - estimator_2 - 3_folds.train_2.predict)=88.72%
[ 2020-03-20 18:05:54,239][kfold_wrapper.log_eval_metrics] Accuracy(layer_3 - estimator_2 - 3_folds.train_cv.predict)=90.96%
[ 2020-03-20 18:05:54,240][kfold_wrapper.log_eval_metrics] Accuracy(layer_3 - estimator_2 - 3_folds.test.predict)=90.80%
[ 2020-03-20 18:05:54,240][cascade_classifier.calc_accuracy] Accuracy(layer_3 - train.classifier_average)=90.70%
[ 2020-03-20 18:05:54,241][cascade_classifier.calc_accuracy] Accuracy(layer_3 - test.classifier_average)=93.10%
[ 2020-03-20 18:05:54,243][cascade_classifier.fit_transform] [layer=4] look_indexs=[0], X_cur_train.shape=(774, 360), X_cur_test.shape=(87, 360)
[ 2020-03-20 18:05:57,112][kfold_wrapper.log_eval_metrics] Accuracy(layer_4 - estimator_0 - 3_folds.train_0.predict)=93.44%
[ 2020-03-20 18:06:00,432][kfold_wrapper.log_eval_metrics] Accuracy(layer_4 - estimator_0 - 3_folds.train_1.predict)=90.31%
[ 2020-03-20 18:06:03,862][kfold_wrapper.log_eval_metrics] Accuracy(layer_4 - estimator_0 - 3_folds.train_2.predict)=90.27%
[ 2020-03-20 18:06:04,276][kfold_wrapper.log_eval_metrics] Accuracy(layer_4 - estimator_0 - 3_folds.train_cv.predict)=91.34%
[ 2020-03-20 18:06:04,277][kfold_wrapper.log_eval_metrics] Accuracy(layer_4 - estimator_0 - 3_folds.test.predict)=93.10%
[ 2020-03-20 18:06:06,927][kfold_wrapper.log_eval_metrics] Accuracy(layer_4 - estimator_1 - 3_folds.train_0.predict)=90.73%
[ 2020-03-20 18:06:10,127][kfold_wrapper.log_eval_metrics] Accuracy(layer_4 - estimator_1 - 3_folds.train_1.predict)=90.70%
[ 2020-03-20 18:06:13,426][kfold_wrapper.log_eval_metrics] Accuracy(layer_4 - estimator_1 - 3_folds.train_2.predict)=90.66%
[ 2020-03-20 18:06:14,064][kfold_wrapper.log_eval_metrics] Accuracy(layer_4 - estimator_1 - 3_folds.train_cv.predict)=90.70%
[ 2020-03-20 18:06:14,065][kfold_wrapper.log_eval_metrics] Accuracy(layer_4 - estimator_1 - 3_folds.test.predict)=93.10%
[ 2020-03-20 18:06:15,997][kfold_wrapper.log_eval_metrics] Accuracy(layer_4 - estimator_2 - 3_folds.train_0.predict)=90.35%
[ 2020-03-20 18:06:18,208][kfold_wrapper.log_eval_metrics] Accuracy(layer_4 - estimator_2 - 3_folds.train_1.predict)=92.64%
[ 2020-03-20 18:06:20,293][kfold_wrapper.log_eval_metrics] Accuracy(layer_4 - estimator_2 - 3_folds.train_2.predict)=90.27%
[ 2020-03-20 18:06:20,300][kfold_wrapper.log_eval_metrics] Accuracy(layer_4 - estimator_2 - 3_folds.train_cv.predict)=91.09%
[ 2020-03-20 18:06:20,301][kfold_wrapper.log_eval_metrics] Accuracy(layer_4 - estimator_2 - 3_folds.test.predict)=90.80%
[ 2020-03-20 18:06:20,301][cascade_classifier.calc_accuracy] Accuracy(layer_4 - train.classifier_average)=91.21%
[ 2020-03-20 18:06:20,302][cascade_classifier.calc_accuracy] Accuracy(layer_4 - test.classifier_average)=91.95%
[ 2020-03-20 18:06:20,302][cascade_classifier.fit_transform] [Result][Optimal Level Detected] opt_layer_num=2, accuracy_train=91.47%, accuracy_test=93.10%
[ 2020-03-20 18:06:20,349][cascade_classifier.transform] X_groups_test.shape=[(87, 1, 354, 1)]
[ 2020-03-20 18:06:20,350][cascade_classifier.transform] group_dims=[354]
[ 2020-03-20 18:06:20,350][cascade_classifier.transform] X_test.shape=(87, 354)
[ 2020-03-20 18:06:20,350][cascade_classifier.transform] [layer=0] look_indexs=[0], X_cur_test.shape=(87, 354)
[ 2020-03-20 18:06:22,970][cascade_classifier.transform] [layer=1] look_indexs=[0], X_cur_test.shape=(87, 360)
[ 2020-03-20 18:06:25,600][cascade_classifier.transform] X_groups_test.shape=[(87, 1, 354, 1)]
[ 2020-03-20 18:06:25,601][cascade_classifier.transform] group_dims=[354]
[ 2020-03-20 18:06:25,607][cascade_classifier.transform] X_test.shape=(87, 354)
[ 2020-03-20 18:06:25,608][cascade_classifier.transform] [layer=0] look_indexs=[0], X_cur_test.shape=(87, 354)
[ 2020-03-20 18:06:27,900][cascade_classifier.transform] [layer=1] look_indexs=[0], X_cur_test.shape=(87, 360)
[ 2020-03-20 18:06:30,552][cascade_classifier.fit_transform] X_groups_train.shape=[(774, 1, 354, 1)],y_train.shape=(774,),X_groups_test.shape=[(87, 1, 354, 1)],y_test.shape=(87,)
[ 2020-03-20 18:06:30,555][cascade_classifier.fit_transform] group_dims=[354]
[ 2020-03-20 18:06:30,555][cascade_classifier.fit_transform] group_starts=[0]
[ 2020-03-20 18:06:30,555][cascade_classifier.fit_transform] group_ends=[354]
[ 2020-03-20 18:06:30,555][cascade_classifier.fit_transform] X_train.shape=(774, 354),X_test.shape=(87, 354)
[ 2020-03-20 18:06:30,558][cascade_classifier.fit_transform] [layer=0] look_indexs=[0], X_cur_train.shape=(774, 354), X_cur_test.shape=(87, 354)
[ 2020-03-20 18:06:33,498][kfold_wrapper.log_eval_metrics] Accuracy(layer_0 - estimator_0 - 3_folds.train_0.predict)=91.89%
[ 2020-03-20 18:06:37,352][kfold_wrapper.log_eval_metrics] Accuracy(layer_0 - estimator_0 - 3_folds.train_1.predict)=89.15%
[ 2020-03-20 18:06:41,311][kfold_wrapper.log_eval_metrics] Accuracy(layer_0 - estimator_0 - 3_folds.train_2.predict)=91.83%
[ 2020-03-20 18:06:41,629][kfold_wrapper.log_eval_metrics] Accuracy(layer_0 - estimator_0 - 3_folds.train_cv.predict)=90.96%
[ 2020-03-20 18:06:41,629][kfold_wrapper.log_eval_metrics] Accuracy(layer_0 - estimator_0 - 3_folds.test.predict)=93.10%
[ 2020-03-20 18:06:44,095][kfold_wrapper.log_eval_metrics] Accuracy(layer_0 - estimator_1 - 3_folds.train_0.predict)=91.12%
[ 2020-03-20 18:06:46,576][kfold_wrapper.log_eval_metrics] Accuracy(layer_0 - estimator_1 - 3_folds.train_1.predict)=94.19%
[ 2020-03-20 18:06:49,052][kfold_wrapper.log_eval_metrics] Accuracy(layer_0 - estimator_1 - 3_folds.train_2.predict)=87.16%
[ 2020-03-20 18:06:49,368][kfold_wrapper.log_eval_metrics] Accuracy(layer_0 - estimator_1 - 3_folds.train_cv.predict)=90.83%
[ 2020-03-20 18:06:49,368][kfold_wrapper.log_eval_metrics] Accuracy(layer_0 - estimator_1 - 3_folds.test.predict)=93.10%
[ 2020-03-20 18:06:50,872][kfold_wrapper.log_eval_metrics] Accuracy(layer_0 - estimator_2 - 3_folds.train_0.predict)=90.73%
[ 2020-03-20 18:06:52,488][kfold_wrapper.log_eval_metrics] Accuracy(layer_0 - estimator_2 - 3_folds.train_1.predict)=91.86%
