[ 2020-03-15 22:49:40,025][cascade_classifier.fit_transform] X_groups_train.shape=[(774, 288)],y_train.shape=(774,),X_groups_test.shape=[(87, 288)],y_test.shape=(87,)
[ 2020-03-15 22:49:40,025][cascade_classifier.fit_transform] group_dims=[288]
[ 2020-03-15 22:49:40,025][cascade_classifier.fit_transform] group_starts=[0]
[ 2020-03-15 22:49:40,025][cascade_classifier.fit_transform] group_ends=[288]
[ 2020-03-15 22:49:40,025][cascade_classifier.fit_transform] X_train.shape=(774, 288),X_test.shape=(87, 288)
[ 2020-03-15 22:49:40,025][cascade_classifier.fit_transform] [layer=0] look_indexs=[0], X_cur_train.shape=(774, 288), X_cur_test.shape=(87, 288)
[ 2020-03-15 22:49:42,181][kfold_wrapper.log_eval_metrics] Accuracy(layer_0 - estimator_0 - 3_folds.train_0.predict)=83.01%
[ 2020-03-15 22:49:44,541][kfold_wrapper.log_eval_metrics] Accuracy(layer_0 - estimator_0 - 3_folds.train_1.predict)=84.50%
[ 2020-03-15 22:49:47,011][kfold_wrapper.log_eval_metrics] Accuracy(layer_0 - estimator_0 - 3_folds.train_2.predict)=78.99%
[ 2020-03-15 22:49:47,339][kfold_wrapper.log_eval_metrics] Accuracy(layer_0 - estimator_0 - 3_folds.train_cv.predict)=82.17%
[ 2020-03-15 22:49:47,339][kfold_wrapper.log_eval_metrics] Accuracy(layer_0 - estimator_0 - 3_folds.test.predict)=70.11%
[ 2020-03-15 22:49:49,464][kfold_wrapper.log_eval_metrics] Accuracy(layer_0 - estimator_1 - 3_folds.train_0.predict)=79.15%
[ 2020-03-15 22:49:51,933][kfold_wrapper.log_eval_metrics] Accuracy(layer_0 - estimator_1 - 3_folds.train_1.predict)=83.72%
[ 2020-03-15 22:49:54,401][kfold_wrapper.log_eval_metrics] Accuracy(layer_0 - estimator_1 - 3_folds.train_2.predict)=84.44%
[ 2020-03-15 22:49:54,729][kfold_wrapper.log_eval_metrics] Accuracy(layer_0 - estimator_1 - 3_folds.train_cv.predict)=82.43%
[ 2020-03-15 22:49:54,729][kfold_wrapper.log_eval_metrics] Accuracy(layer_0 - estimator_1 - 3_folds.test.predict)=70.11%
[ 2020-03-15 22:49:56,074][kfold_wrapper.log_eval_metrics] Accuracy(layer_0 - estimator_2 - 3_folds.train_0.predict)=77.22%
[ 2020-03-15 22:49:57,546][kfold_wrapper.log_eval_metrics] Accuracy(layer_0 - estimator_2 - 3_folds.train_1.predict)=85.66%
[ 2020-03-15 22:49:59,047][kfold_wrapper.log_eval_metrics] Accuracy(layer_0 - estimator_2 - 3_folds.train_2.predict)=83.66%
[ 2020-03-15 22:49:59,047][kfold_wrapper.log_eval_metrics] Accuracy(layer_0 - estimator_2 - 3_folds.train_cv.predict)=82.17%
[ 2020-03-15 22:49:59,047][kfold_wrapper.log_eval_metrics] Accuracy(layer_0 - estimator_2 - 3_folds.test.predict)=74.71%
[ 2020-03-15 22:49:59,047][cascade_classifier.calc_accuracy] Accuracy(layer_0 - train.classifier_average)=82.95%
[ 2020-03-15 22:49:59,047][cascade_classifier.calc_accuracy] Accuracy(layer_0 - test.classifier_average)=73.56%
[ 2020-03-15 22:49:59,047][cascade_classifier.fit_transform] [layer=1] look_indexs=[0], X_cur_train.shape=(774, 294), X_cur_test.shape=(87, 294)
[ 2020-03-15 22:50:01,078][kfold_wrapper.log_eval_metrics] Accuracy(layer_1 - estimator_0 - 3_folds.train_0.predict)=82.63%
[ 2020-03-15 22:50:03,406][kfold_wrapper.log_eval_metrics] Accuracy(layer_1 - estimator_0 - 3_folds.train_1.predict)=80.23%
[ 2020-03-15 22:50:05,844][kfold_wrapper.log_eval_metrics] Accuracy(layer_1 - estimator_0 - 3_folds.train_2.predict)=81.32%
[ 2020-03-15 22:50:06,172][kfold_wrapper.log_eval_metrics] Accuracy(layer_1 - estimator_0 - 3_folds.train_cv.predict)=81.40%
[ 2020-03-15 22:50:06,172][kfold_wrapper.log_eval_metrics] Accuracy(layer_1 - estimator_0 - 3_folds.test.predict)=73.56%
[ 2020-03-15 22:50:08,319][kfold_wrapper.log_eval_metrics] Accuracy(layer_1 - estimator_1 - 3_folds.train_0.predict)=81.47%
[ 2020-03-15 22:50:10,756][kfold_wrapper.log_eval_metrics] Accuracy(layer_1 - estimator_1 - 3_folds.train_1.predict)=83.72%
[ 2020-03-15 22:50:13,196][kfold_wrapper.log_eval_metrics] Accuracy(layer_1 - estimator_1 - 3_folds.train_2.predict)=82.49%
[ 2020-03-15 22:50:13,524][kfold_wrapper.log_eval_metrics] Accuracy(layer_1 - estimator_1 - 3_folds.train_cv.predict)=82.56%
[ 2020-03-15 22:50:13,524][kfold_wrapper.log_eval_metrics] Accuracy(layer_1 - estimator_1 - 3_folds.test.predict)=73.56%
[ 2020-03-15 22:50:14,946][kfold_wrapper.log_eval_metrics] Accuracy(layer_1 - estimator_2 - 3_folds.train_0.predict)=83.40%
[ 2020-03-15 22:50:16,337][kfold_wrapper.log_eval_metrics] Accuracy(layer_1 - estimator_2 - 3_folds.train_1.predict)=81.78%
[ 2020-03-15 22:50:17,853][kfold_wrapper.log_eval_metrics] Accuracy(layer_1 - estimator_2 - 3_folds.train_2.predict)=82.49%
[ 2020-03-15 22:50:17,868][kfold_wrapper.log_eval_metrics] Accuracy(layer_1 - estimator_2 - 3_folds.train_cv.predict)=82.56%
[ 2020-03-15 22:50:17,868][kfold_wrapper.log_eval_metrics] Accuracy(layer_1 - estimator_2 - 3_folds.test.predict)=79.31%
[ 2020-03-15 22:50:17,868][cascade_classifier.calc_accuracy] Accuracy(layer_1 - train.classifier_average)=82.43%
[ 2020-03-15 22:50:17,868][cascade_classifier.calc_accuracy] Accuracy(layer_1 - test.classifier_average)=75.86%
[ 2020-03-15 22:50:17,868][cascade_classifier.fit_transform] [layer=2] look_indexs=[0], X_cur_train.shape=(774, 294), X_cur_test.shape=(87, 294)
[ 2020-03-15 22:50:19,997][kfold_wrapper.log_eval_metrics] Accuracy(layer_2 - estimator_0 - 3_folds.train_0.predict)=82.24%
[ 2020-03-15 22:50:22,434][kfold_wrapper.log_eval_metrics] Accuracy(layer_2 - estimator_0 - 3_folds.train_1.predict)=79.84%
[ 2020-03-15 22:50:24,872][kfold_wrapper.log_eval_metrics] Accuracy(layer_2 - estimator_0 - 3_folds.train_2.predict)=84.44%
[ 2020-03-15 22:50:25,200][kfold_wrapper.log_eval_metrics] Accuracy(layer_2 - estimator_0 - 3_folds.train_cv.predict)=82.17%
[ 2020-03-15 22:50:25,200][kfold_wrapper.log_eval_metrics] Accuracy(layer_2 - estimator_0 - 3_folds.test.predict)=75.86%
[ 2020-03-15 22:50:27,310][kfold_wrapper.log_eval_metrics] Accuracy(layer_2 - estimator_1 - 3_folds.train_0.predict)=84.17%
[ 2020-03-15 22:50:29,763][kfold_wrapper.log_eval_metrics] Accuracy(layer_2 - estimator_1 - 3_folds.train_1.predict)=82.56%
[ 2020-03-15 22:50:32,222][kfold_wrapper.log_eval_metrics] Accuracy(layer_2 - estimator_1 - 3_folds.train_2.predict)=80.16%
[ 2020-03-15 22:50:32,550][kfold_wrapper.log_eval_metrics] Accuracy(layer_2 - estimator_1 - 3_folds.train_cv.predict)=82.30%
[ 2020-03-15 22:50:32,550][kfold_wrapper.log_eval_metrics] Accuracy(layer_2 - estimator_1 - 3_folds.test.predict)=74.71%
[ 2020-03-15 22:50:34,018][kfold_wrapper.log_eval_metrics] Accuracy(layer_2 - estimator_2 - 3_folds.train_0.predict)=84.56%
[ 2020-03-15 22:50:35,425][kfold_wrapper.log_eval_metrics] Accuracy(layer_2 - estimator_2 - 3_folds.train_1.predict)=81.01%
[ 2020-03-15 22:50:36,831][kfold_wrapper.log_eval_metrics] Accuracy(layer_2 - estimator_2 - 3_folds.train_2.predict)=80.54%
[ 2020-03-15 22:50:36,846][kfold_wrapper.log_eval_metrics] Accuracy(layer_2 - estimator_2 - 3_folds.train_cv.predict)=82.04%
[ 2020-03-15 22:50:36,846][kfold_wrapper.log_eval_metrics] Accuracy(layer_2 - estimator_2 - 3_folds.test.predict)=77.01%
[ 2020-03-15 22:50:36,846][cascade_classifier.calc_accuracy] Accuracy(layer_2 - train.classifier_average)=81.14%
[ 2020-03-15 22:50:36,846][cascade_classifier.calc_accuracy] Accuracy(layer_2 - test.classifier_average)=77.01%
[ 2020-03-15 22:50:36,846][cascade_classifier.fit_transform] [layer=3] look_indexs=[0], X_cur_train.shape=(774, 294), X_cur_test.shape=(87, 294)
[ 2020-03-15 22:50:38,988][kfold_wrapper.log_eval_metrics] Accuracy(layer_3 - estimator_0 - 3_folds.train_0.predict)=78.76%
[ 2020-03-15 22:50:41,454][kfold_wrapper.log_eval_metrics] Accuracy(layer_3 - estimator_0 - 3_folds.train_1.predict)=83.72%
[ 2020-03-15 22:50:43,892][kfold_wrapper.log_eval_metrics] Accuracy(layer_3 - estimator_0 - 3_folds.train_2.predict)=82.88%
[ 2020-03-15 22:50:44,220][kfold_wrapper.log_eval_metrics] Accuracy(layer_3 - estimator_0 - 3_folds.train_cv.predict)=81.78%
[ 2020-03-15 22:50:44,220][kfold_wrapper.log_eval_metrics] Accuracy(layer_3 - estimator_0 - 3_folds.test.predict)=73.56%
[ 2020-03-15 22:50:46,345][kfold_wrapper.log_eval_metrics] Accuracy(layer_3 - estimator_1 - 3_folds.train_0.predict)=82.24%
[ 2020-03-15 22:50:48,673][kfold_wrapper.log_eval_metrics] Accuracy(layer_3 - estimator_1 - 3_folds.train_1.predict)=80.23%
[ 2020-03-15 22:50:51,015][kfold_wrapper.log_eval_metrics] Accuracy(layer_3 - estimator_1 - 3_folds.train_2.predict)=83.66%
[ 2020-03-15 22:50:51,343][kfold_wrapper.log_eval_metrics] Accuracy(layer_3 - estimator_1 - 3_folds.train_cv.predict)=82.04%
[ 2020-03-15 22:50:51,343][kfold_wrapper.log_eval_metrics] Accuracy(layer_3 - estimator_1 - 3_folds.test.predict)=72.41%
[ 2020-03-15 22:50:52,718][kfold_wrapper.log_eval_metrics] Accuracy(layer_3 - estimator_2 - 3_folds.train_0.predict)=80.69%
[ 2020-03-15 22:50:54,187][kfold_wrapper.log_eval_metrics] Accuracy(layer_3 - estimator_2 - 3_folds.train_1.predict)=81.78%
[ 2020-03-15 22:50:55,594][kfold_wrapper.log_eval_metrics] Accuracy(layer_3 - estimator_2 - 3_folds.train_2.predict)=78.99%
[ 2020-03-15 22:50:55,594][kfold_wrapper.log_eval_metrics] Accuracy(layer_3 - estimator_2 - 3_folds.train_cv.predict)=80.49%
[ 2020-03-15 22:50:55,594][kfold_wrapper.log_eval_metrics] Accuracy(layer_3 - estimator_2 - 3_folds.test.predict)=74.71%
[ 2020-03-15 22:50:55,594][cascade_classifier.calc_accuracy] Accuracy(layer_3 - train.classifier_average)=81.65%
[ 2020-03-15 22:50:55,594][cascade_classifier.calc_accuracy] Accuracy(layer_3 - test.classifier_average)=75.86%
[ 2020-03-15 22:50:55,594][cascade_classifier.fit_transform] [Result][Optimal Level Detected] opt_layer_num=1, accuracy_train=82.95%, accuracy_test=73.56%
[ 2020-03-15 22:50:55,625][cascade_classifier.transform] X_groups_test.shape=[(87, 288)]
[ 2020-03-15 22:50:55,625][cascade_classifier.transform] group_dims=[288]
[ 2020-03-15 22:50:55,625][cascade_classifier.transform] X_test.shape=(87, 288)
[ 2020-03-15 22:50:55,625][cascade_classifier.transform] [layer=0] look_indexs=[0], X_cur_test.shape=(87, 288)
[ 2020-03-15 22:50:57,516][cascade_classifier.transform] X_groups_test.shape=[(87, 288)]
[ 2020-03-15 22:50:57,516][cascade_classifier.transform] group_dims=[288]
[ 2020-03-15 22:50:57,516][cascade_classifier.transform] X_test.shape=(87, 288)
[ 2020-03-15 22:50:57,516][cascade_classifier.transform] [layer=0] look_indexs=[0], X_cur_test.shape=(87, 288)
[ 2020-03-15 22:50:59,813][cascade_classifier.fit_transform] X_groups_train.shape=[(774, 288)],y_train.shape=(774,),X_groups_test.shape=[(87, 288)],y_test.shape=(87,)
[ 2020-03-15 22:50:59,813][cascade_classifier.fit_transform] group_dims=[288]
[ 2020-03-15 22:50:59,813][cascade_classifier.fit_transform] group_starts=[0]
[ 2020-03-15 22:50:59,813][cascade_classifier.fit_transform] group_ends=[288]
[ 2020-03-15 22:50:59,813][cascade_classifier.fit_transform] X_train.shape=(774, 288),X_test.shape=(87, 288)
[ 2020-03-15 22:50:59,813][cascade_classifier.fit_transform] [layer=0] look_indexs=[0], X_cur_train.shape=(774, 288), X_cur_test.shape=(87, 288)
[ 2020-03-15 22:51:01,938][kfold_wrapper.log_eval_metrics] Accuracy(layer_0 - estimator_0 - 3_folds.train_0.predict)=86.49%
[ 2020-03-15 22:51:04,371][kfold_wrapper.log_eval_metrics] Accuracy(layer_0 - estimator_0 - 3_folds.train_1.predict)=78.68%
[ 2020-03-15 22:51:06,825][kfold_wrapper.log_eval_metrics] Accuracy(layer_0 - estimator_0 - 3_folds.train_2.predict)=84.82%
[ 2020-03-15 22:51:07,153][kfold_wrapper.log_eval_metrics] Accuracy(layer_0 - estimator_0 - 3_folds.train_cv.predict)=83.33%
[ 2020-03-15 22:51:07,153][kfold_wrapper.log_eval_metrics] Accuracy(layer_0 - estimator_0 - 3_folds.test.predict)=78.16%
[ 2020-03-15 22:51:09,262][kfold_wrapper.log_eval_metrics] Accuracy(layer_0 - estimator_1 - 3_folds.train_0.predict)=80.69%
[ 2020-03-15 22:51:11,700][kfold_wrapper.log_eval_metrics] Accuracy(layer_0 - estimator_1 - 3_folds.train_1.predict)=81.01%
[ 2020-03-15 22:51:14,140][kfold_wrapper.log_eval_metrics] Accuracy(layer_0 - estimator_1 - 3_folds.train_2.predict)=83.66%
[ 2020-03-15 22:51:14,468][kfold_wrapper.log_eval_metrics] Accuracy(layer_0 - estimator_1 - 3_folds.train_cv.predict)=81.78%
[ 2020-03-15 22:51:14,468][kfold_wrapper.log_eval_metrics] Accuracy(layer_0 - estimator_1 - 3_folds.test.predict)=77.01%
[ 2020-03-15 22:51:15,860][kfold_wrapper.log_eval_metrics] Accuracy(layer_0 - estimator_2 - 3_folds.train_0.predict)=79.92%
[ 2020-03-15 22:51:17,328][kfold_wrapper.log_eval_metrics] Accuracy(layer_0 - estimator_2 - 3_folds.train_1.predict)=83.33%
[ 2020-03-15 22:51:18,797][kfold_wrapper.log_eval_metrics] Accuracy(layer_0 - estimator_2 - 3_folds.train_2.predict)=85.21%
[ 2020-03-15 22:51:18,797][kfold_wrapper.log_eval_metrics] Accuracy(layer_0 - estimator_2 - 3_folds.train_cv.predict)=82.82%
[ 2020-03-15 22:51:18,797][kfold_wrapper.log_eval_metrics] Accuracy(layer_0 - estimator_2 - 3_folds.test.predict)=79.31%
[ 2020-03-15 22:51:18,797][cascade_classifier.calc_accuracy] Accuracy(layer_0 - train.classifier_average)=82.95%
[ 2020-03-15 22:51:18,797][cascade_classifier.calc_accuracy] Accuracy(layer_0 - test.classifier_average)=79.31%
[ 2020-03-15 22:51:18,813][cascade_classifier.fit_transform] [layer=1] look_indexs=[0], X_cur_train.shape=(774, 294), X_cur_test.shape=(87, 294)
[ 2020-03-15 22:51:20,938][kfold_wrapper.log_eval_metrics] Accuracy(layer_1 - estimator_0 - 3_folds.train_0.predict)=77.61%
[ 2020-03-15 22:51:23,391][kfold_wrapper.log_eval_metrics] Accuracy(layer_1 - estimator_0 - 3_folds.train_1.predict)=84.50%
[ 2020-03-15 22:51:25,849][kfold_wrapper.log_eval_metrics] Accuracy(layer_1 - estimator_0 - 3_folds.train_2.predict)=80.16%
[ 2020-03-15 22:51:26,177][kfold_wrapper.log_eval_metrics] Accuracy(layer_1 - estimator_0 - 3_folds.train_cv.predict)=80.75%
[ 2020-03-15 22:51:26,177][kfold_wrapper.log_eval_metrics] Accuracy(layer_1 - estimator_0 - 3_folds.test.predict)=78.16%
[ 2020-03-15 22:51:28,396][kfold_wrapper.log_eval_metrics] Accuracy(layer_1 - estimator_1 - 3_folds.train_0.predict)=87.26%
[ 2020-03-15 22:51:30,927][kfold_wrapper.log_eval_metrics] Accuracy(layer_1 - estimator_1 - 3_folds.train_1.predict)=80.62%
[ 2020-03-15 22:51:33,418][kfold_wrapper.log_eval_metrics] Accuracy(layer_1 - estimator_1 - 3_folds.train_2.predict)=80.93%
[ 2020-03-15 22:51:33,746][kfold_wrapper.log_eval_metrics] Accuracy(layer_1 - estimator_1 - 3_folds.train_cv.predict)=82.95%
[ 2020-03-15 22:51:33,746][kfold_wrapper.log_eval_metrics] Accuracy(layer_1 - estimator_1 - 3_folds.test.predict)=77.01%
[ 2020-03-15 22:51:35,230][kfold_wrapper.log_eval_metrics] Accuracy(layer_1 - estimator_2 - 3_folds.train_0.predict)=81.47%
