[ 2020-03-21 23:20:58,131][cascade_classifier.fit_transform] X_groups_train.shape=[(774, 50800)],y_train.shape=(774,),X_groups_test.shape=[(87, 50800)],y_test.shape=(87,)
[ 2020-03-21 23:20:58,262][cascade_classifier.fit_transform] group_dims=[50800]
[ 2020-03-21 23:20:58,264][cascade_classifier.fit_transform] group_starts=[0]
[ 2020-03-21 23:20:58,265][cascade_classifier.fit_transform] group_ends=[50800]
[ 2020-03-21 23:20:58,266][cascade_classifier.fit_transform] X_train.shape=(774, 50800),X_test.shape=(87, 50800)
[ 2020-03-21 23:20:58,427][cascade_classifier.fit_transform] [layer=0] look_indexs=[0], X_cur_train.shape=(774, 50800), X_cur_test.shape=(87, 50800)
[ 2020-03-21 23:21:12,303][kfold_wrapper.log_eval_metrics] Accuracy(layer_0 - estimator_0 - 3_folds.train_0.predict)=82.24%
[ 2020-03-21 23:21:25,999][kfold_wrapper.log_eval_metrics] Accuracy(layer_0 - estimator_0 - 3_folds.train_1.predict)=80.62%
[ 2020-03-21 23:21:37,463][kfold_wrapper.log_eval_metrics] Accuracy(layer_0 - estimator_0 - 3_folds.train_2.predict)=82.49%
[ 2020-03-21 23:21:37,880][kfold_wrapper.log_eval_metrics] Accuracy(layer_0 - estimator_0 - 3_folds.train_cv.predict)=81.78%
[ 2020-03-21 23:21:37,881][kfold_wrapper.log_eval_metrics] Accuracy(layer_0 - estimator_0 - 3_folds.test.predict)=87.36%
[ 2020-03-21 23:21:49,243][kfold_wrapper.log_eval_metrics] Accuracy(layer_0 - estimator_1 - 3_folds.train_0.predict)=78.76%
[ 2020-03-21 23:22:01,915][kfold_wrapper.log_eval_metrics] Accuracy(layer_0 - estimator_1 - 3_folds.train_1.predict)=84.50%
[ 2020-03-21 23:22:14,822][kfold_wrapper.log_eval_metrics] Accuracy(layer_0 - estimator_1 - 3_folds.train_2.predict)=80.16%
[ 2020-03-21 23:22:15,140][kfold_wrapper.log_eval_metrics] Accuracy(layer_0 - estimator_1 - 3_folds.train_cv.predict)=81.14%
[ 2020-03-21 23:22:15,141][kfold_wrapper.log_eval_metrics] Accuracy(layer_0 - estimator_1 - 3_folds.test.predict)=87.36%
[ 2020-03-21 23:22:28,820][kfold_wrapper.log_eval_metrics] Accuracy(layer_0 - estimator_2 - 3_folds.train_0.predict)=81.85%
[ 2020-03-21 23:22:41,346][kfold_wrapper.log_eval_metrics] Accuracy(layer_0 - estimator_2 - 3_folds.train_1.predict)=85.27%
[ 2020-03-21 23:22:55,099][kfold_wrapper.log_eval_metrics] Accuracy(layer_0 - estimator_2 - 3_folds.train_2.predict)=75.88%
[ 2020-03-21 23:22:55,521][kfold_wrapper.log_eval_metrics] Accuracy(layer_0 - estimator_2 - 3_folds.train_cv.predict)=81.01%
[ 2020-03-21 23:22:55,521][kfold_wrapper.log_eval_metrics] Accuracy(layer_0 - estimator_2 - 3_folds.test.predict)=86.21%
[ 2020-03-21 23:22:55,522][cascade_classifier.calc_accuracy] Accuracy(layer_0 - train.classifier_average)=82.04%
[ 2020-03-21 23:22:55,522][cascade_classifier.calc_accuracy] Accuracy(layer_0 - test.classifier_average)=88.51%
[ 2020-03-21 23:22:55,710][cascade_classifier.fit_transform] [layer=1] look_indexs=[0], X_cur_train.shape=(774, 50806), X_cur_test.shape=(87, 50806)
[ 2020-03-21 23:23:09,169][kfold_wrapper.log_eval_metrics] Accuracy(layer_1 - estimator_0 - 3_folds.train_0.predict)=84.56%
[ 2020-03-21 23:23:22,669][kfold_wrapper.log_eval_metrics] Accuracy(layer_1 - estimator_0 - 3_folds.train_1.predict)=81.40%
[ 2020-03-21 23:23:36,116][kfold_wrapper.log_eval_metrics] Accuracy(layer_1 - estimator_0 - 3_folds.train_2.predict)=78.99%
[ 2020-03-21 23:23:36,547][kfold_wrapper.log_eval_metrics] Accuracy(layer_1 - estimator_0 - 3_folds.train_cv.predict)=81.65%
[ 2020-03-21 23:23:36,548][kfold_wrapper.log_eval_metrics] Accuracy(layer_1 - estimator_0 - 3_folds.test.predict)=87.36%
[ 2020-03-21 23:23:51,229][kfold_wrapper.log_eval_metrics] Accuracy(layer_1 - estimator_1 - 3_folds.train_0.predict)=79.54%
[ 2020-03-21 23:24:06,329][kfold_wrapper.log_eval_metrics] Accuracy(layer_1 - estimator_1 - 3_folds.train_1.predict)=84.88%
[ 2020-03-21 23:24:20,288][kfold_wrapper.log_eval_metrics] Accuracy(layer_1 - estimator_1 - 3_folds.train_2.predict)=80.16%
[ 2020-03-21 23:24:20,711][kfold_wrapper.log_eval_metrics] Accuracy(layer_1 - estimator_1 - 3_folds.train_cv.predict)=81.52%
[ 2020-03-21 23:24:20,711][kfold_wrapper.log_eval_metrics] Accuracy(layer_1 - estimator_1 - 3_folds.test.predict)=87.36%
[ 2020-03-21 23:24:33,724][kfold_wrapper.log_eval_metrics] Accuracy(layer_1 - estimator_2 - 3_folds.train_0.predict)=82.63%
[ 2020-03-21 23:24:47,311][kfold_wrapper.log_eval_metrics] Accuracy(layer_1 - estimator_2 - 3_folds.train_1.predict)=83.72%
[ 2020-03-21 23:25:01,693][kfold_wrapper.log_eval_metrics] Accuracy(layer_1 - estimator_2 - 3_folds.train_2.predict)=79.38%
[ 2020-03-21 23:25:02,127][kfold_wrapper.log_eval_metrics] Accuracy(layer_1 - estimator_2 - 3_folds.train_cv.predict)=81.91%
[ 2020-03-21 23:25:02,138][kfold_wrapper.log_eval_metrics] Accuracy(layer_1 - estimator_2 - 3_folds.test.predict)=86.21%
[ 2020-03-21 23:25:02,138][cascade_classifier.calc_accuracy] Accuracy(layer_1 - train.classifier_average)=82.69%
[ 2020-03-21 23:25:02,139][cascade_classifier.calc_accuracy] Accuracy(layer_1 - test.classifier_average)=87.36%
[ 2020-03-21 23:25:02,307][cascade_classifier.fit_transform] [layer=2] look_indexs=[0], X_cur_train.shape=(774, 50806), X_cur_test.shape=(87, 50806)
[ 2020-03-21 23:25:14,471][kfold_wrapper.log_eval_metrics] Accuracy(layer_2 - estimator_0 - 3_folds.train_0.predict)=81.85%
[ 2020-03-21 23:25:28,459][kfold_wrapper.log_eval_metrics] Accuracy(layer_2 - estimator_0 - 3_folds.train_1.predict)=82.17%
[ 2020-03-21 23:25:42,704][kfold_wrapper.log_eval_metrics] Accuracy(layer_2 - estimator_0 - 3_folds.train_2.predict)=79.38%
[ 2020-03-21 23:25:43,017][kfold_wrapper.log_eval_metrics] Accuracy(layer_2 - estimator_0 - 3_folds.train_cv.predict)=81.14%
[ 2020-03-21 23:25:43,017][kfold_wrapper.log_eval_metrics] Accuracy(layer_2 - estimator_0 - 3_folds.test.predict)=86.21%
[ 2020-03-21 23:25:56,594][kfold_wrapper.log_eval_metrics] Accuracy(layer_2 - estimator_1 - 3_folds.train_0.predict)=86.10%
[ 2020-03-21 23:26:09,122][kfold_wrapper.log_eval_metrics] Accuracy(layer_2 - estimator_1 - 3_folds.train_1.predict)=79.07%
[ 2020-03-21 23:26:22,475][kfold_wrapper.log_eval_metrics] Accuracy(layer_2 - estimator_1 - 3_folds.train_2.predict)=80.16%
[ 2020-03-21 23:26:22,853][kfold_wrapper.log_eval_metrics] Accuracy(layer_2 - estimator_1 - 3_folds.train_cv.predict)=81.78%
[ 2020-03-21 23:26:22,853][kfold_wrapper.log_eval_metrics] Accuracy(layer_2 - estimator_1 - 3_folds.test.predict)=87.36%
[ 2020-03-21 23:26:35,217][kfold_wrapper.log_eval_metrics] Accuracy(layer_2 - estimator_2 - 3_folds.train_0.predict)=81.85%
[ 2020-03-21 23:26:45,347][kfold_wrapper.log_eval_metrics] Accuracy(layer_2 - estimator_2 - 3_folds.train_1.predict)=81.01%
[ 2020-03-21 23:27:01,529][kfold_wrapper.log_eval_metrics] Accuracy(layer_2 - estimator_2 - 3_folds.train_2.predict)=82.49%
[ 2020-03-21 23:27:01,946][kfold_wrapper.log_eval_metrics] Accuracy(layer_2 - estimator_2 - 3_folds.train_cv.predict)=81.78%
[ 2020-03-21 23:27:01,946][kfold_wrapper.log_eval_metrics] Accuracy(layer_2 - estimator_2 - 3_folds.test.predict)=86.21%
[ 2020-03-21 23:27:01,947][cascade_classifier.calc_accuracy] Accuracy(layer_2 - train.classifier_average)=82.17%
[ 2020-03-21 23:27:01,947][cascade_classifier.calc_accuracy] Accuracy(layer_2 - test.classifier_average)=87.36%
[ 2020-03-21 23:27:02,089][cascade_classifier.fit_transform] [layer=3] look_indexs=[0], X_cur_train.shape=(774, 50806), X_cur_test.shape=(87, 50806)
[ 2020-03-21 23:27:15,849][kfold_wrapper.log_eval_metrics] Accuracy(layer_3 - estimator_0 - 3_folds.train_0.predict)=81.85%
[ 2020-03-21 23:27:30,675][kfold_wrapper.log_eval_metrics] Accuracy(layer_3 - estimator_0 - 3_folds.train_1.predict)=79.84%
[ 2020-03-21 23:27:44,826][kfold_wrapper.log_eval_metrics] Accuracy(layer_3 - estimator_0 - 3_folds.train_2.predict)=81.71%
[ 2020-03-21 23:27:45,254][kfold_wrapper.log_eval_metrics] Accuracy(layer_3 - estimator_0 - 3_folds.train_cv.predict)=81.14%
[ 2020-03-21 23:27:45,255][kfold_wrapper.log_eval_metrics] Accuracy(layer_3 - estimator_0 - 3_folds.test.predict)=87.36%
[ 2020-03-21 23:27:58,459][kfold_wrapper.log_eval_metrics] Accuracy(layer_3 - estimator_1 - 3_folds.train_0.predict)=83.40%
[ 2020-03-21 23:28:12,556][kfold_wrapper.log_eval_metrics] Accuracy(layer_3 - estimator_1 - 3_folds.train_1.predict)=80.62%
[ 2020-03-21 23:28:24,371][kfold_wrapper.log_eval_metrics] Accuracy(layer_3 - estimator_1 - 3_folds.train_2.predict)=80.54%
[ 2020-03-21 23:28:24,801][kfold_wrapper.log_eval_metrics] Accuracy(layer_3 - estimator_1 - 3_folds.train_cv.predict)=81.52%
[ 2020-03-21 23:28:24,802][kfold_wrapper.log_eval_metrics] Accuracy(layer_3 - estimator_1 - 3_folds.test.predict)=86.21%
[ 2020-03-21 23:28:37,571][kfold_wrapper.log_eval_metrics] Accuracy(layer_3 - estimator_2 - 3_folds.train_0.predict)=83.78%
[ 2020-03-21 23:28:52,201][kfold_wrapper.log_eval_metrics] Accuracy(layer_3 - estimator_2 - 3_folds.train_1.predict)=81.40%
[ 2020-03-21 23:29:03,241][kfold_wrapper.log_eval_metrics] Accuracy(layer_3 - estimator_2 - 3_folds.train_2.predict)=82.10%
[ 2020-03-21 23:29:03,657][kfold_wrapper.log_eval_metrics] Accuracy(layer_3 - estimator_2 - 3_folds.train_cv.predict)=82.43%
[ 2020-03-21 23:29:03,658][kfold_wrapper.log_eval_metrics] Accuracy(layer_3 - estimator_2 - 3_folds.test.predict)=86.21%
[ 2020-03-21 23:29:03,660][cascade_classifier.calc_accuracy] Accuracy(layer_3 - train.classifier_average)=81.40%
[ 2020-03-21 23:29:03,661][cascade_classifier.calc_accuracy] Accuracy(layer_3 - test.classifier_average)=86.21%
[ 2020-03-21 23:29:03,784][cascade_classifier.fit_transform] [layer=4] look_indexs=[0], X_cur_train.shape=(774, 50806), X_cur_test.shape=(87, 50806)
[ 2020-03-21 23:29:15,120][kfold_wrapper.log_eval_metrics] Accuracy(layer_4 - estimator_0 - 3_folds.train_0.predict)=82.24%
[ 2020-03-21 23:29:28,557][kfold_wrapper.log_eval_metrics] Accuracy(layer_4 - estimator_0 - 3_folds.train_1.predict)=79.46%
[ 2020-03-21 23:29:41,967][kfold_wrapper.log_eval_metrics] Accuracy(layer_4 - estimator_0 - 3_folds.train_2.predict)=83.27%
[ 2020-03-21 23:29:42,388][kfold_wrapper.log_eval_metrics] Accuracy(layer_4 - estimator_0 - 3_folds.train_cv.predict)=81.65%
[ 2020-03-21 23:29:42,388][kfold_wrapper.log_eval_metrics] Accuracy(layer_4 - estimator_0 - 3_folds.test.predict)=88.51%
[ 2020-03-21 23:29:55,264][kfold_wrapper.log_eval_metrics] Accuracy(layer_4 - estimator_1 - 3_folds.train_0.predict)=83.01%
[ 2020-03-21 23:30:07,981][kfold_wrapper.log_eval_metrics] Accuracy(layer_4 - estimator_1 - 3_folds.train_1.predict)=78.29%
[ 2020-03-21 23:30:20,277][kfold_wrapper.log_eval_metrics] Accuracy(layer_4 - estimator_1 - 3_folds.train_2.predict)=82.10%
[ 2020-03-21 23:30:20,706][kfold_wrapper.log_eval_metrics] Accuracy(layer_4 - estimator_1 - 3_folds.train_cv.predict)=81.14%
[ 2020-03-21 23:30:20,707][kfold_wrapper.log_eval_metrics] Accuracy(layer_4 - estimator_1 - 3_folds.test.predict)=86.21%
[ 2020-03-21 23:30:32,823][kfold_wrapper.log_eval_metrics] Accuracy(layer_4 - estimator_2 - 3_folds.train_0.predict)=81.47%
[ 2020-03-21 23:30:46,530][kfold_wrapper.log_eval_metrics] Accuracy(layer_4 - estimator_2 - 3_folds.train_1.predict)=83.33%
[ 2020-03-21 23:30:59,311][kfold_wrapper.log_eval_metrics] Accuracy(layer_4 - estimator_2 - 3_folds.train_2.predict)=79.38%
[ 2020-03-21 23:30:59,737][kfold_wrapper.log_eval_metrics] Accuracy(layer_4 - estimator_2 - 3_folds.train_cv.predict)=81.40%
[ 2020-03-21 23:30:59,740][kfold_wrapper.log_eval_metrics] Accuracy(layer_4 - estimator_2 - 3_folds.test.predict)=86.21%
[ 2020-03-21 23:30:59,741][cascade_classifier.calc_accuracy] Accuracy(layer_4 - train.classifier_average)=81.01%
[ 2020-03-21 23:30:59,742][cascade_classifier.calc_accuracy] Accuracy(layer_4 - test.classifier_average)=87.36%
[ 2020-03-21 23:30:59,742][cascade_classifier.fit_transform] [Result][Optimal Level Detected] opt_layer_num=2, accuracy_train=82.69%, accuracy_test=87.36%
[ 2020-03-21 23:30:59,812][cascade_classifier.transform] X_groups_test.shape=[(87, 50800)]
[ 2020-03-21 23:30:59,823][cascade_classifier.transform] group_dims=[50800]
[ 2020-03-21 23:30:59,823][cascade_classifier.transform] X_test.shape=(87, 50800)
[ 2020-03-21 23:30:59,838][cascade_classifier.transform] [layer=0] look_indexs=[0], X_cur_test.shape=(87, 50800)
[ 2020-03-21 23:31:03,645][cascade_classifier.transform] [layer=1] look_indexs=[0], X_cur_test.shape=(87, 50806)
[ 2020-03-21 23:31:07,598][cascade_classifier.transform] X_groups_test.shape=[(87, 50800)]
[ 2020-03-21 23:31:07,608][cascade_classifier.transform] group_dims=[50800]
[ 2020-03-21 23:31:07,609][cascade_classifier.transform] X_test.shape=(87, 50800)
[ 2020-03-21 23:31:07,618][cascade_classifier.transform] [layer=0] look_indexs=[0], X_cur_test.shape=(87, 50800)
[ 2020-03-21 23:31:11,727][cascade_classifier.transform] [layer=1] look_indexs=[0], X_cur_test.shape=(87, 50806)
[ 2020-03-21 23:31:16,258][cascade_classifier.fit_transform] X_groups_train.shape=[(774, 50800)],y_train.shape=(774,),X_groups_test.shape=[(87, 50800)],y_test.shape=(87,)
[ 2020-03-21 23:31:16,406][cascade_classifier.fit_transform] group_dims=[50800]
[ 2020-03-21 23:31:16,407][cascade_classifier.fit_transform] group_starts=[0]
[ 2020-03-21 23:31:16,407][cascade_classifier.fit_transform] group_ends=[50800]
[ 2020-03-21 23:31:16,407][cascade_classifier.fit_transform] X_train.shape=(774, 50800),X_test.shape=(87, 50800)
[ 2020-03-21 23:31:16,521][cascade_classifier.fit_transform] [layer=0] look_indexs=[0], X_cur_train.shape=(774, 50800), X_cur_test.shape=(87, 50800)
[ 2020-03-21 23:31:29,571][kfold_wrapper.log_eval_metrics] Accuracy(layer_0 - estimator_0 - 3_folds.train_0.predict)=83.01%
[ 2020-03-21 23:31:43,124][kfold_wrapper.log_eval_metrics] Accuracy(layer_0 - estimator_0 - 3_folds.train_1.predict)=78.29%
[ 2020-03-21 23:31:56,588][kfold_wrapper.log_eval_metrics] Accuracy(layer_0 - estimator_0 - 3_folds.train_2.predict)=82.10%
[ 2020-03-21 23:31:57,021][kfold_wrapper.log_eval_metrics] Accuracy(layer_0 - estimator_0 - 3_folds.train_cv.predict)=81.14%
[ 2020-03-21 23:31:57,022][kfold_wrapper.log_eval_metrics] Accuracy(layer_0 - estimator_0 - 3_folds.test.predict)=86.21%
[ 2020-03-21 23:32:09,586][kfold_wrapper.log_eval_metrics] Accuracy(layer_0 - estimator_1 - 3_folds.train_0.predict)=82.24%
[ 2020-03-21 23:32:22,379][kfold_wrapper.log_eval_metrics] Accuracy(layer_0 - estimator_1 - 3_folds.train_1.predict)=82.56%
[ 2020-03-21 23:32:35,357][kfold_wrapper.log_eval_metrics] Accuracy(layer_0 - estimator_1 - 3_folds.train_2.predict)=81.71%
[ 2020-03-21 23:32:35,775][kfold_wrapper.log_eval_metrics] Accuracy(layer_0 - estimator_1 - 3_folds.train_cv.predict)=82.17%
[ 2020-03-21 23:32:35,775][kfold_wrapper.log_eval_metrics] Accuracy(layer_0 - estimator_1 - 3_folds.test.predict)=87.36%
[ 2020-03-21 23:32:47,936][kfold_wrapper.log_eval_metrics] Accuracy(layer_0 - estimator_2 - 3_folds.train_0.predict)=78.38%
[ 2020-03-21 23:33:00,152][kfold_wrapper.log_eval_metrics] Accuracy(layer_0 - estimator_2 - 3_folds.train_1.predict)=81.40%
[ 2020-03-21 23:33:13,003][kfold_wrapper.log_eval_metrics] Accuracy(layer_0 - estimator_2 - 3_folds.train_2.predict)=83.27%
[ 2020-03-21 23:33:13,432][kfold_wrapper.log_eval_metrics] Accuracy(layer_0 - estimator_2 - 3_folds.train_cv.predict)=81.01%
[ 2020-03-21 23:33:13,432][kfold_wrapper.log_eval_metrics] Accuracy(layer_0 - estimator_2 - 3_folds.test.predict)=86.21%
[ 2020-03-21 23:33:13,433][cascade_classifier.calc_accuracy] Accuracy(layer_0 - train.classifier_average)=80.75%
[ 2020-03-21 23:33:13,433][cascade_classifier.calc_accuracy] Accuracy(layer_0 - test.classifier_average)=86.21%
[ 2020-03-21 23:33:13,576][cascade_classifier.fit_transform] [layer=1] look_indexs=[0], X_cur_train.shape=(774, 50806), X_cur_test.shape=(87, 50806)
[ 2020-03-21 23:33:24,702][kfold_wrapper.log_eval_metrics] Accuracy(layer_1 - estimator_0 - 3_folds.train_0.predict)=83.40%
[ 2020-03-21 23:33:36,242][kfold_wrapper.log_eval_metrics] Accuracy(layer_1 - estimator_0 - 3_folds.train_1.predict)=84.50%
[ 2020-03-21 23:33:45,368][kfold_wrapper.log_eval_metrics] Accuracy(layer_1 - estimator_0 - 3_folds.train_2.predict)=79.77%
[ 2020-03-21 23:33:45,700][kfold_wrapper.log_eval_metrics] Accuracy(layer_1 - estimator_0 - 3_folds.train_cv.predict)=82.56%
[ 2020-03-21 23:33:45,700][kfold_wrapper.log_eval_metrics] Accuracy(layer_1 - estimator_0 - 3_folds.test.predict)=88.51%
[ 2020-03-21 23:33:53,298][kfold_wrapper.log_eval_metrics] Accuracy(layer_1 - estimator_1 - 3_folds.train_0.predict)=81.85%
[ 2020-03-21 23:34:00,999][kfold_wrapper.log_eval_metrics] Accuracy(layer_1 - estimator_1 - 3_folds.train_1.predict)=82.95%
[ 2020-03-21 23:34:08,875][kfold_wrapper.log_eval_metrics] Accuracy(layer_1 - estimator_1 - 3_folds.train_2.predict)=76.26%
[ 2020-03-21 23:34:09,219][kfold_wrapper.log_eval_metrics] Accuracy(layer_1 - estimator_1 - 3_folds.train_cv.predict)=80.36%
[ 2020-03-21 23:34:09,219][kfold_wrapper.log_eval_metrics] Accuracy(layer_1 - estimator_1 - 3_folds.test.predict)=87.36%
[ 2020-03-21 23:34:17,241][kfold_wrapper.log_eval_metrics] Accuracy(layer_1 - estimator_2 - 3_folds.train_0.predict)=77.99%
[ 2020-03-21 23:34:26,093][kfold_wrapper.log_eval_metrics] Accuracy(layer_1 - estimator_2 - 3_folds.train_1.predict)=83.33%
[ 2020-03-21 23:34:34,623][kfold_wrapper.log_eval_metrics] Accuracy(layer_1 - estimator_2 - 3_folds.train_2.predict)=84.05%
[ 2020-03-21 23:34:34,967][kfold_wrapper.log_eval_metrics] Accuracy(layer_1 - estimator_2 - 3_folds.train_cv.predict)=81.78%
[ 2020-03-21 23:34:34,967][kfold_wrapper.log_eval_metrics] Accuracy(layer_1 - estimator_2 - 3_folds.test.predict)=87.36%
[ 2020-03-21 23:34:34,967][cascade_classifier.calc_accuracy] Accuracy(layer_1 - train.classifier_average)=81.91%
[ 2020-03-21 23:34:34,967][cascade_classifier.calc_accuracy] Accuracy(layer_1 - test.classifier_average)=86.21%
[ 2020-03-21 23:34:35,060][cascade_classifier.fit_transform] [layer=2] look_indexs=[0], X_cur_train.shape=(774, 50806), X_cur_test.shape=(87, 50806)
[ 2020-03-21 23:34:42,656][kfold_wrapper.log_eval_metrics] Accuracy(layer_2 - estimator_0 - 3_folds.train_0.predict)=79.54%
[ 2020-03-21 23:34:50,649][kfold_wrapper.log_eval_metrics] Accuracy(layer_2 - estimator_0 - 3_folds.train_1.predict)=85.27%
[ 2020-03-21 23:34:58,077][kfold_wrapper.log_eval_metrics] Accuracy(layer_2 - estimator_0 - 3_folds.train_2.predict)=80.16%
[ 2020-03-21 23:34:58,421][kfold_wrapper.log_eval_metrics] Accuracy(layer_2 - estimator_0 - 3_folds.train_cv.predict)=81.65%
[ 2020-03-21 23:34:58,421][kfold_wrapper.log_eval_metrics] Accuracy(layer_2 - estimator_0 - 3_folds.test.predict)=86.21%
[ 2020-03-21 23:35:06,413][kfold_wrapper.log_eval_metrics] Accuracy(layer_2 - estimator_1 - 3_folds.train_0.predict)=77.99%
[ 2020-03-21 23:35:14,016][kfold_wrapper.log_eval_metrics] Accuracy(layer_2 - estimator_1 - 3_folds.train_1.predict)=83.72%
[ 2020-03-21 23:35:21,701][kfold_wrapper.log_eval_metrics] Accuracy(layer_2 - estimator_1 - 3_folds.train_2.predict)=79.77%
[ 2020-03-21 23:35:22,040][kfold_wrapper.log_eval_metrics] Accuracy(layer_2 - estimator_1 - 3_folds.train_cv.predict)=80.49%
[ 2020-03-21 23:35:22,040][kfold_wrapper.log_eval_metrics] Accuracy(layer_2 - estimator_1 - 3_folds.test.predict)=86.21%
[ 2020-03-21 23:35:30,350][kfold_wrapper.log_eval_metrics] Accuracy(layer_2 - estimator_2 - 3_folds.train_0.predict)=86.49%
[ 2020-03-21 23:35:38,699][kfold_wrapper.log_eval_metrics] Accuracy(layer_2 - estimator_2 - 3_folds.train_1.predict)=81.40%
[ 2020-03-21 23:35:47,161][kfold_wrapper.log_eval_metrics] Accuracy(layer_2 - estimator_2 - 3_folds.train_2.predict)=78.99%
[ 2020-03-21 23:35:47,508][kfold_wrapper.log_eval_metrics] Accuracy(layer_2 - estimator_2 - 3_folds.train_cv.predict)=82.30%
[ 2020-03-21 23:35:47,508][kfold_wrapper.log_eval_metrics] Accuracy(layer_2 - estimator_2 - 3_folds.test.predict)=86.21%
[ 2020-03-21 23:35:47,508][cascade_classifier.calc_accuracy] Accuracy(layer_2 - train.classifier_average)=81.27%
[ 2020-03-21 23:35:47,508][cascade_classifier.calc_accuracy] Accuracy(layer_2 - test.classifier_average)=87.36%
[ 2020-03-21 23:35:47,633][cascade_classifier.fit_transform] [layer=3] look_indexs=[0], X_cur_train.shape=(774, 50806), X_cur_test.shape=(87, 50806)
[ 2020-03-21 23:35:54,873][kfold_wrapper.log_eval_metrics] Accuracy(layer_3 - estimator_0 - 3_folds.train_0.predict)=83.40%
[ 2020-03-21 23:36:02,898][kfold_wrapper.log_eval_metrics] Accuracy(layer_3 - estimator_0 - 3_folds.train_1.predict)=81.78%
[ 2020-03-21 23:36:10,748][kfold_wrapper.log_eval_metrics] Accuracy(layer_3 - estimator_0 - 3_folds.train_2.predict)=78.21%
[ 2020-03-21 23:36:11,092][kfold_wrapper.log_eval_metrics] Accuracy(layer_3 - estimator_0 - 3_folds.train_cv.predict)=81.14%
[ 2020-03-21 23:36:11,092][kfold_wrapper.log_eval_metrics] Accuracy(layer_3 - estimator_0 - 3_folds.test.predict)=87.36%
[ 2020-03-21 23:36:18,272][kfold_wrapper.log_eval_metrics] Accuracy(layer_3 - estimator_1 - 3_folds.train_0.predict)=80.31%
[ 2020-03-21 23:36:26,289][kfold_wrapper.log_eval_metrics] Accuracy(layer_3 - estimator_1 - 3_folds.train_1.predict)=83.72%
[ 2020-03-21 23:36:33,982][kfold_wrapper.log_eval_metrics] Accuracy(layer_3 - estimator_1 - 3_folds.train_2.predict)=78.60%
[ 2020-03-21 23:36:34,310][kfold_wrapper.log_eval_metrics] Accuracy(layer_3 - estimator_1 - 3_folds.train_cv.predict)=80.88%
[ 2020-03-21 23:36:34,310][kfold_wrapper.log_eval_metrics] Accuracy(layer_3 - estimator_1 - 3_folds.test.predict)=87.36%
[ 2020-03-21 23:36:42,536][kfold_wrapper.log_eval_metrics] Accuracy(layer_3 - estimator_2 - 3_folds.train_0.predict)=82.24%
[ 2020-03-21 23:36:50,765][kfold_wrapper.log_eval_metrics] Accuracy(layer_3 - estimator_2 - 3_folds.train_1.predict)=81.78%
[ 2020-03-21 23:36:59,590][kfold_wrapper.log_eval_metrics] Accuracy(layer_3 - estimator_2 - 3_folds.train_2.predict)=82.88%
[ 2020-03-21 23:36:59,934][kfold_wrapper.log_eval_metrics] Accuracy(layer_3 - estimator_2 - 3_folds.train_cv.predict)=82.30%
[ 2020-03-21 23:36:59,934][kfold_wrapper.log_eval_metrics] Accuracy(layer_3 - estimator_2 - 3_folds.test.predict)=86.21%
[ 2020-03-21 23:36:59,934][cascade_classifier.calc_accuracy] Accuracy(layer_3 - train.classifier_average)=81.01%
[ 2020-03-21 23:36:59,934][cascade_classifier.calc_accuracy] Accuracy(layer_3 - test.classifier_average)=87.36%
[ 2020-03-21 23:37:00,043][cascade_classifier.fit_transform] [layer=4] look_indexs=[0], X_cur_train.shape=(774, 50806), X_cur_test.shape=(87, 50806)
[ 2020-03-21 23:37:07,514][kfold_wrapper.log_eval_metrics] Accuracy(layer_4 - estimator_0 - 3_folds.train_0.predict)=79.92%
[ 2020-03-21 23:37:15,321][kfold_wrapper.log_eval_metrics] Accuracy(layer_4 - estimator_0 - 3_folds.train_1.predict)=78.29%
[ 2020-03-21 23:37:23,260][kfold_wrapper.log_eval_metrics] Accuracy(layer_4 - estimator_0 - 3_folds.train_2.predict)=81.71%
[ 2020-03-21 23:37:23,604][kfold_wrapper.log_eval_metrics] Accuracy(layer_4 - estimator_0 - 3_folds.train_cv.predict)=79.97%
[ 2020-03-21 23:37:23,604][kfold_wrapper.log_eval_metrics] Accuracy(layer_4 - estimator_0 - 3_folds.test.predict)=86.21%
[ 2020-03-21 23:37:31,147][kfold_wrapper.log_eval_metrics] Accuracy(layer_4 - estimator_1 - 3_folds.train_0.predict)=80.69%
[ 2020-03-21 23:37:38,869][kfold_wrapper.log_eval_metrics] Accuracy(layer_4 - estimator_1 - 3_folds.train_1.predict)=82.17%
[ 2020-03-21 23:37:46,777][kfold_wrapper.log_eval_metrics] Accuracy(layer_4 - estimator_1 - 3_folds.train_2.predict)=81.32%
[ 2020-03-21 23:37:47,121][kfold_wrapper.log_eval_metrics] Accuracy(layer_4 - estimator_1 - 3_folds.train_cv.predict)=81.40%
[ 2020-03-21 23:37:47,121][kfold_wrapper.log_eval_metrics] Accuracy(layer_4 - estimator_1 - 3_folds.test.predict)=87.36%
[ 2020-03-21 23:37:55,892][kfold_wrapper.log_eval_metrics] Accuracy(layer_4 - estimator_2 - 3_folds.train_0.predict)=80.31%
[ 2020-03-21 23:38:04,285][kfold_wrapper.log_eval_metrics] Accuracy(layer_4 - estimator_2 - 3_folds.train_1.predict)=82.56%
[ 2020-03-21 23:38:12,396][kfold_wrapper.log_eval_metrics] Accuracy(layer_4 - estimator_2 - 3_folds.train_2.predict)=80.93%
[ 2020-03-21 23:38:12,740][kfold_wrapper.log_eval_metrics] Accuracy(layer_4 - estimator_2 - 3_folds.train_cv.predict)=81.27%
[ 2020-03-21 23:38:12,740][kfold_wrapper.log_eval_metrics] Accuracy(layer_4 - estimator_2 - 3_folds.test.predict)=86.21%
[ 2020-03-21 23:38:12,740][cascade_classifier.calc_accuracy] Accuracy(layer_4 - train.classifier_average)=81.52%
[ 2020-03-21 23:38:12,740][cascade_classifier.calc_accuracy] Accuracy(layer_4 - test.classifier_average)=88.51%
[ 2020-03-21 23:38:12,740][cascade_classifier.fit_transform] [Result][Optimal Level Detected] opt_layer_num=2, accuracy_train=81.91%, accuracy_test=86.21%
[ 2020-03-21 23:38:12,802][cascade_classifier.transform] X_groups_test.shape=[(87, 50800)]
[ 2020-03-21 23:38:12,802][cascade_classifier.transform] group_dims=[50800]
[ 2020-03-21 23:38:12,802][cascade_classifier.transform] X_test.shape=(87, 50800)
[ 2020-03-21 23:38:12,818][cascade_classifier.transform] [layer=0] look_indexs=[0], X_cur_test.shape=(87, 50800)
[ 2020-03-21 23:38:15,854][cascade_classifier.transform] [layer=1] look_indexs=[0], X_cur_test.shape=(87, 50806)
[ 2020-03-21 23:38:18,846][cascade_classifier.transform] X_groups_test.shape=[(87, 50800)]
[ 2020-03-21 23:38:18,862][cascade_classifier.transform] group_dims=[50800]
[ 2020-03-21 23:38:18,862][cascade_classifier.transform] X_test.shape=(87, 50800)
[ 2020-03-21 23:38:18,877][cascade_classifier.transform] [layer=0] look_indexs=[0], X_cur_test.shape=(87, 50800)
[ 2020-03-21 23:38:21,878][cascade_classifier.transform] [layer=1] look_indexs=[0], X_cur_test.shape=(87, 50806)
[ 2020-03-21 23:38:24,894][cascade_classifier.fit_transform] X_groups_train.shape=[(774, 50800)],y_train.shape=(774,),X_groups_test.shape=[(87, 50800)],y_test.shape=(87,)
[ 2020-03-21 23:38:24,972][cascade_classifier.fit_transform] group_dims=[50800]
[ 2020-03-21 23:38:24,972][cascade_classifier.fit_transform] group_starts=[0]
[ 2020-03-21 23:38:24,972][cascade_classifier.fit_transform] group_ends=[50800]
[ 2020-03-21 23:38:24,972][cascade_classifier.fit_transform] X_train.shape=(774, 50800),X_test.shape=(87, 50800)
[ 2020-03-21 23:38:25,066][cascade_classifier.fit_transform] [layer=0] look_indexs=[0], X_cur_train.shape=(774, 50800), X_cur_test.shape=(87, 50800)
[ 2020-03-21 23:38:32,316][kfold_wrapper.log_eval_metrics] Accuracy(layer_0 - estimator_0 - 3_folds.train_0.predict)=79.15%
[ 2020-03-21 23:38:40,059][kfold_wrapper.log_eval_metrics] Accuracy(layer_0 - estimator_0 - 3_folds.train_1.predict)=82.56%
