[ 2020-03-18 21:37:17,611][fgnet.fit_transform] X_train.shape=(774, 1, 317, 1), y_train.shape=(774,), X_test.shape=(87, 1, 317, 1), y_test.shape=(87,)
[ 2020-03-18 21:37:17,611][fg_win_layer.fit_transform] [data][win1/1x100], bottoms=['X', 'y'], tops=['win1/1x100/ets', 'win1/1x100/rf']
[ 2020-03-18 21:37:17,611][fg_win_layer.fit_transform] [progress][win1/1x100] ti=0/2, top_name=win1/1x100/ets
[ 2020-03-18 21:37:17,611][fg_win_layer.fit_transform] [data][win1/1x100,train] bottoms.shape=774x1x317x1,774
[ 2020-03-18 21:37:17,612][win_utils.get_windows] get_windows_start: X.shape=(774, 1, 317, 1), X_win.shape=(100, 168732), nw=1.0, nh=218.0, c=1, win_x=1, win_y=100, stride_x=1, stride_y=1
[ 2020-03-18 21:37:17,727][win_utils.get_windows] get_windows_end
[ 2020-03-18 21:37:17,728][fg_win_layer.fit_transform] [data][win1/1x100,test] bottoms.shape=87x1x317x1,87
[ 2020-03-18 21:37:17,728][win_utils.get_windows] get_windows_start: X.shape=(87, 1, 317, 1), X_win.shape=(100, 18966), nw=1.0, nh=218.0, c=1, win_x=1, win_y=100, stride_x=1, stride_y=1
[ 2020-03-18 21:37:17,833][win_utils.get_windows] get_windows_end
[ 2020-03-18 21:37:22,203][kfold_wrapper.log_eval_metrics] Accuracy(win1/1x100/ets/3_folds.train_0.predict)=70.46%
[ 2020-03-18 21:37:22,209][kfold_wrapper.log_eval_metrics] Accuracy(win1/1x100/ets/3_folds.train_0.avg)=75.68%
[ 2020-03-18 21:37:26,449][kfold_wrapper.log_eval_metrics] Accuracy(win1/1x100/ets/3_folds.train_1.predict)=73.15%
[ 2020-03-18 21:37:26,451][kfold_wrapper.log_eval_metrics] Accuracy(win1/1x100/ets/3_folds.train_1.avg)=79.07%
[ 2020-03-18 21:37:31,028][kfold_wrapper.log_eval_metrics] Accuracy(win1/1x100/ets/3_folds.train_2.predict)=71.70%
[ 2020-03-18 21:37:31,030][kfold_wrapper.log_eval_metrics] Accuracy(win1/1x100/ets/3_folds.train_2.avg)=73.93%
[ 2020-03-18 21:37:31,156][kfold_wrapper.log_eval_metrics] Accuracy(win1/1x100/ets/3_folds.train_cv.predict)=71.77%
[ 2020-03-18 21:37:31,161][kfold_wrapper.log_eval_metrics] Accuracy(win1/1x100/ets/3_folds.train_cv.avg)=76.23%
[ 2020-03-18 21:37:31,162][kfold_wrapper.log_eval_metrics] Accuracy(win1/1x100/ets/3_folds.test.predict)=81.74%
[ 2020-03-18 21:37:31,163][kfold_wrapper.log_eval_metrics] Accuracy(win1/1x100/ets/3_folds.test.avg)=86.21%
[ 2020-03-18 21:37:31,163][fg_win_layer.fit_transform] [data][win1/1x100,train] tops[0].shape=(774, 2, 218, 1)
[ 2020-03-18 21:37:31,163][fg_win_layer.fit_transform] [data][win1/1x100,test] tops[0].shape=(87, 2, 218, 1)
[ 2020-03-18 21:37:31,164][fg_win_layer.fit_transform] [progress][win1/1x100] ti=1/2, top_name=win1/1x100/rf
